      9   1179

Scer                            TTG GTT CTC GGT CCT GTG ATG ATA CTT AGA TTT GGT AAA AAG AAT TCT TTA ATG ATG ATG AAC ACT ACT GAT AGA TAC GAA GCT CTA GTT GAC TGT GAA CAG GGA AAA GAA TGG TAC TCC AAG GCT TTA GAA ATA AAA GCT AGA GCT GAA GTA GGT AAC GTC AGA CCA AGA ATG ATC TAT ACT TCC ATC GTT GAT GCA AGA GAA AAG CCC GCG GTT GCT GAA CCC GGC AAA GAA AAA CAG GAA GAG GTC TGG AGA TTT GCC AAG AAT GAA ATT AAC TTG CAG AAA CGT CAA TTA CAA GAA GGT AAA ATG GAT CTG GGT ACT GAA ATT AAG ATG CGC CAA AAG CCC AAG CCC GGT TTA TTG TGC TTC CCT CAT CAA AAG ACA GAG GTT GAG ATT AAG AAC CCA GGT CGC ACA CCC TTA AGA TCT CAA ATG AGT AAA GAG CCA TCT AAA CCC GAA GGT TTT GAG GAA TAC GAC TAT ATG AAG AGT CCC TCA AGA GGT ATT TCC GAA GCT CAA AAT TTC GTC GCT TGG AGA CAA TCT TGG TCT ATG CTT CCT CAA GAC TTA ATG GGT GTA AGT AAG GAA CAT GAG GAT ATG GGT GAC TTT GTT GAA AAA GTC TTT CGC CCA TTG GAA TAT GAC TTG ATG GAA AAA AAA GCG CCT AGT TTA GCT AGA GCG AAT ATA AAA GCT GCC CAA GAA GTT GGT GAA AGA GAT AGA GGT CTT TAT CTC CCC TGG TAT AGA TAT ATG GTG GAT GAT CAA GGT ATG GAG TCA TCT AGA TTC GCT GGT GGT TTG AGA TTA AGA TGG AAG CCG ACT ATC AGA TTC TCT GAA CTA GCA TTC GGT ATA GCT GGT GAA GCG CGT GCA ATG TTC GAA AAC GGT ACC GGT ACT AAG GAA TTA GAA AAG AGA AAC TTT TCT AGA AAG GGT ATG ATT GCT TTG ACT ATG CGT GCT CAA ACT GCC AGA ACA GAA ATT AGA GCG ATT TCT TCT GAG CAT TCC GAA ATC ATG GGT GTT CAA ACT GGT AAT GGT AAG CAT TAT GGT GGT CGC ATT TGT AAC GGA ACT ATG AAC TCC GTT CTG CAC GAA TCA CCC GAT GGT TTC GAG ACT CAT GGT TGG AAA GAT GCG CCT TCT GGA ACT ATA ATC TTT ATT TAC GAA GCC GAA AAT GAA TTC ACT GAC CCT CCC AGA GCT GAT GAT TCA GAC AAC 
Sbay                            CTA GTT TTG GGC CCT GTA ATG ATA CTA AGA TTC GGT AAA AAG GCC TCC CTA ATA ATG ATG AAT ACC ACA GAT CGA TAT GAA GCT TTG GTC GAT TGT GAA CAG GGA AAA GAA TGG TAT TCT AAA GCT CTA GAA TTG AAA GCC AGG GCA GAA ATT GGC AAC GTT CGA CCT AAG ATG ATC TAT TCA TCT ATT GTC GAT GCC AGA GAA AAA CCC GCG GTC GCC GAA CCT GGC AAA GAA AAG CAG GAA GAA GTA TGG AAG TTT GCT AAG AAC GAA ATT AAC CTA CAA AAA AGG CAA TTA CAA GAA GGT AAA ATG GAT TTG GGT AAT GAA ATA AAG ATG GAC CAA AAG CCC AAA CCC GGC TTA TTG TGT TTC CCC CAC CAA AAA ACA GAG GTT GAG ATT AAG AAC CCT GGT GAC ACG CCC TTA AGA TCT CAA ATG AGT AAG GAA CCT TCT AAG CCA GAA GGT TTC GAG GAA TAT GAT TAT ATG CAT AGT CCC GGG AGA GGC ATA TCC GAA GCC CAA AAC TTC GTA GCT TGG AGA CAA TCC TGG TCT ATG CTA CCT CAA GAT TTA ATG GGT GTA AGT AAG GAA CAC GAG GAT TTG GGT GAT TTC GTC GAA AAA GTC TTC GAC CCT TTG GAA TAT GAC TTG ATG GAA CGA AAA GCC CCA AGT TTA GCT AGG GCG GCC CCC AAG GCC GCC CAA GAT GTT GGT GAA AGA GAT AGA GGT CTG TAT TTG CCA TGG TAT AGA TAT ATG GTG GAT GAT CAA GGC ATG GAA TCA TCT AGA TTT GCC GGT GGT TTA AGA TTA AGA TGG AGA CCA AAT ATA AGA GAA TCT GAA TTG GCG GAA GGT TTG GCC GGT GAG GCC CGT GCA ATG TTC GAA AAT GGT ACC GGA TCT AAA GAA TTA GAA AAA AGA ACA TTC TCA AGA AAA GGT ATG ATC GCA TTG ACC ATG AGG GCC CAA AAT GCT AGA ACA GAA ATT AGA GCT ATT TCC TCT GAG CAT TCC GAA ATT ATG GGT GTC CAA ACT GGT GCC GGC AAG CAT TAT GGA GGC GAC ATA TGT AAT GGA AAT ATG AAT TCG GTC TTG CAC GAA TCA CCA GAT GGT TTT GAG ACC CAC GGT TGG AAA GAT GCG CCC TCT GGA ACA ATT ATT TTC ATC TAT GAA GCT GAA GCC GAA TTT ACA GAT CCA CCT AGA GCT GAT GAT GGG GAC AAT 
Smik                            TTA GTT CTA GGC CCT GTA ATG ATA CTA AGA TTT GGC AAA AAA GCT TCT TTA ATC ATG ATG AAT ACT ACC GAT CGT TAT GAA GCT CTG GTC GAT TGT GAA CAG GGG AAA GAA TGG TAT TTT AAA GCA CTA GAA CTG AAA GTT AGG GCA GAA GTC GGT AAC GTT CGT CCT AGA ATG ATC TAT ACC TTT ATT GTA GAT GCC AGA GAA AAA CCC GCG GTT GCC GAA CCT GGC AAA GAG AAA CAG GAA GAA GTA TGG AGA TTT GCC AAG AAC GAA ATT AAT TTA CAA AAA AGG CAG TTA CAA GAA GGT AAA ATG GAT TTG GGT AAT GAA ATA AAG ATG GAA CAA AAG CCC AAA CCT GGC TTA CTA TGT TTC CCC CAC CAA AAG ACA GAA GTT GAG ATT AAA AAC CCA GGC GAA ACA CCT TTA AGA TCT CAA ATG AGT AAA GAA CCA TCT AAG CCA GAA GGT TTC GAG GAA TAT GAT TAT ATG AAG AGC CCC GGG AGA GGT ATA TCT GAA GTT CAA AAT TTC GTA GCT TGG AGA CAA TCC TGG TCC ATG CTA CCT CAA GAT TTA ATG GGT GTA AGC AAG GAA CAC GAG GAT TTG GGT GAC TTT GTC GAA AAA GTC TTT GAA CCA CTA GAA TAT GAA CTA ATG GAA CGA AAA GCT CCT AGC TTG GCT AGA GCG GCT CCC AAA GTT GCC CAG GAC GTT GGT GAG AGA GAT AGA GGT CTG TAC CTA CCA TGG TAC AGA TAT ATG GTG GAT GAT CAA GGC ATG GAA TCC TCT AGA TTT GCT GGA GGT TTA AGA TTA AGA TGG AGA CCA AAT ATA AGA GAA TCT GAA CTG GCA GAA GGT CTG GCC GGC GAG GCT CGT GCA ATG TTT GAA AAC GGT ACC GGT TCT AAA GAA TTA GAA AAA AGG ACT TTT TCG AGG AAA GGT ATG ATT GCG CTA ACA ATG AGG GCC CAG AAT GCA AGA ACG GAA ATT AGA GCA ATT TCT TCC GAG CAC TCT GAA ATT ATG GGT GTA CAA ACT GGT GCT GGC AAA CAT TAT GGT GGT GAA ATA TGT AAC GGA AAT ATG AAC TCG GTC TTG CAC GAA TCA CCA GAC GGT TTT GAG ACT CAC GGT TGG AAA GAT GCG CCC TCT GGA ACC ATA ATT TTT ATT TAT GAA CCC GAA GCT GAA TTT ACC GAT CCT CCT AGG GCA GAT GAT GGG GAA GAC 
Spar                            TTG GTT CTA GGT CCT GTG ATG ATA CTG AGA TTT GGA AAA AAA GAT TCC TTA ATG ATG ATG AAT TCT ACC GAT AGA TAT GAA GCG CTG GTT GAT TGT GAA CAG GGA AAA GAA TGG TAT TCT AAG GCT TTA GAA CTG AAA GCT AGA GCT GAA GTT GGT AAC GTC AGA CCT AAG ATG ATC TAT TCT TCT ATT TTA GAT GCC AGG GAA AAG CCC GCG GTT GCT GAA CCT GGC AAA GAA AAA CAG GAA GAA GTC TGG AAG TTT GCT ACG AAC GAA ATT AAC TTG CAA AAA AGA CAG TTG CAA GAA GGT AAA ATG GAT CTG GGT GAT GAA ATC ACG ATG CAC CAA AAA CCC AAG CCC GGT TTG TTG TGC TTC CCT CAT CAA AAG ACG GAG GTT GAG ATT AAA AAC CCT GGA CAC ACA CCC CTA AGA TCT CAA ATG AGT AAG GAG CCT TCC AAG CCT GAA GGC TTT GAG GAA TAT GAT TAT ATG AGA AGT CCC TCA AGA GGT ATC TCT GAA GCT CAA AAT TTC GTC GCT TGG AGA CAA TCC TGG TCC ATG CTG CCT CAA GAT CTA ATG GGT GTA AGT ACG GAA CAT GAG GAT TTG GGC GAT TTC GTT GAA AAG GTC TTC CAC CCT TTG GAA TAT GAT TTG ATG GAA AAA AAG GCC CCT AGT TTA GCG AGA GCG GAT ATA AAA GCT GCC CAG AAT GTT GGT GAA AGA GAT AGA GGT CTT TAT CTA CCT TGG TAT AGA TAT ATG GTG GAT GAT CAA GGT ATG GAA TCA TCT AGA TTC GCT GGG GGT GTA AGA CTA AGA TGG AGA CCA GAT ATC AGA GAC TCT GAA CTG GCA GAC GGT CTG GCT GGT GAG GCC CGT GCA ATG TTC GAA AAC GGT ACC GGT TCT AAG GAA TTG GAA AAG AGG ACT TTC TCG AGA AAA GGT ATG ATT GCG TTG ACC ATG AGA GCT CAG GAT GCA AGA ACA GAA ATT AGA GCG ATC TCC TCC GAG CAC TCT GAG ATT ATG GGT TTA CAA ACT GGT GAT GGT AAG CAT TAT GGT GGT CAC ATA TGT AAC GGA GAT ATG AAC TCC GTT CTG CAC GAA TCA CCT GAC GGT TTC GAG TCT CAT GGT TGG AAA GAT GCG CCT TCT GGA ACC ATA ATT TTT ATT TAT GAA GCC GAG GAT GAA TTC ACC GAT CCT CCT AGA GCT GAT GAT TCA GAT GAC 
Ncas                            CTA GTT CTA GGT CCA GTT ATG ATT TTA AGA TTT GGT AAG AAG CCT GCA TTA GTT ATG ATG AAT ACT TCT GAC AGA TAC GAG GCA TTA GTT GAT TGT GAA CAA GGA AAG CAA TGG TAT TCT AAA GCT CTA GAT TTA AAA GCT AGA GCT GCG GTT GGG AAT GTA AGA CCA AGA ATG ATT TAT ACA TCT ATC GTG GAC GCG AGA GAA AAA CCT GCT GTT GCA GAA CCA GGC AAG GAA AAA CAA GAG GAA GTC TGG AGA TTC GCA AAG AAT CAA GTC AAT CTA CAA CGA CGT CAA CTT CAA GAA GGT AAA ATG GAT TTA GGT ACA GAA ATT AAG ATC GGT CAA AAA CCT AAA CCA GGT CTT TTA TGT TTT CCA CAT CAA AAA ACG GAC GTC GAA ATC AAG AAT CCA GGT GGT ATG CCA CTT AGA TCA CAG ATG AGT AAG GAA CCT TCC AAG CCA GAA GGT TTC GAA GAA TAC GAT TAT ATG AAG AGT CCT AAT AGA GGT ATT TCA GAG GCT CAA AAT TTT GTC GCC TGG AGA CAA GCT TGG TCA ATG TTA CCA CAA GAT CTT ATG GGT GTT AGT AAG GAG CAT GAA GAT ATG GGT GAT TTT GTT GAA AAA GTG TTC GGT CCT TTA GAA TAT GAT TTA ATG GAA AGG AAA GCA CCA AGT TTA GCA AGA GCT CCT GTT AAG GCT GCT CAA GGT GTT GGT GAA AGA GAT AGA GGT TTA AAT CTA CCA TGG AAT AGA TAT TTA GTG GAT GAT CAA GGT ATG GAA TCC TCC AGA TTC GCC GGT GGT ATG AGA CTT AAA TGG ATT CCA ACA ATC AGA GAT TCC GAG TTA GCT GAT GGT TTA GCA GGT GAA GCA CGT ACC ATG TTT GCG AAT GGT ACC GCA GCC AAG GAA CTT GAG AAA AGA ACC TTT GCT AGA AAA GGT TTA ATT GCA TTA ACG ATC CGT GCA CAA ACA GCC AGA ACA GAA ATC AGA GCA ATT GCA TCA GAA CAT TCA GAA ATC ATG GGT GTG CAG ACC GGT CCT GGT AAG AAG TAT GCA GGG GGT GTA TGT AAT GGA ACA ATG AAT TCA GTT TTA CAT CAA TCA CCA GAA GGT TTT GAA ACT CAT GGT TGG AAA GAC GCT CCA TCC GGA TCT ATT ATC TTT ATT TAC GAA CCC GAA CCT GAA TTT TCT GAT CCA CCA AGA GCT GAT GAC AAT GAT GAT 
Cgla                            CTA GTT TTA GGT CCA GTC ATG ATC CTG AGG TTC GGC AAA AAG AAG TCC CTG ATG ATG ATG AAC ACC TGC GAT AGG TAC GAG GCT TTA GTT GAT TGC GAA CAA GGA AAA CAA TGG TAC AAT AAG GCT TTG GAA CTT AAA GCG AGA GCT CAA GTG GGT AAC GCG AGG CCA AAA ATG ATC TAC AAT AAT ATT GTA GAC GCT AGA GAA AAG CCT GCA GTG GCT GAG ACT GGG AAG GAG AAA CAA GAA GAG GTT TGG AAA TTT GCT AAG AAC CAA GTA AAC CTA CAG CGG CGT CAA CTG CAG GAA GGT AAG ATG GAT CTG GGC ACC GAA ATA AAG ATG GAA CAG AAA CCT AAG CCC GGT CTG CTG TGT TTC CCA CAC CAG AAG ACA GAA GTT GAA ATA AAG AAC CCA GGC GAA TCG CCC CTG AGG TCT CAA ATG AGT AAG GAA CCA TCA AAG CCA GAA GGT TTC GAA GAG TAC GAT TAC ATG TTA AGT CCT GGA AGG GGT ATA TCC GAA GCG CAA AAT TTT GTT GCT TGG AGA CAG ACC TGG TCT ATG CTG CCA CAA GAC CTG ATG GGT GTA AGT AAG GAA CAC GAA GAC ATG GGT GAT TTT GTT GAA AAA GTC TTT GAA CCA CTG GAA TAT GAC CTG ATG GAG AGA AAA GCA CCA AGT TTA GCT CGT GCA AAG GTT AAG GCG GCA CAA GAA GTT GGT GAA AGA GAC AGA GGA CTG AAT TTA CCA TGG AAT AGA TAT CTG GTA GAC GAC CAA GGT ATG GAG TCC TCT AGA TAT GCT GGT GGT TTG AGA CTG AGA TGG AAG CCA ACC ATC AGA TTC TCT GAA TTA GCC TTC GGT CTT GCT GGT GAA GCA CGT TCT ATG TTC CAA AAT GGT ACT GCC TCT AAG GAA CTG GAA AAG AGA ACC TTT TCA AGA AAG GGT CTG ATC GCG CTG TCG ATG CGT GCT CAA ACC TCT AGA ACA GAG ATT AGA GCA ATT TCC TCT GAA CAC TCC GAA ATT ATG GGT GTA CAA ACT GGT AAG GGT AAG CAC TAT GCC GGT GAA ATC TGC AAC GGA ACC ATG AAT TCG GTT CTG CAT CAA TCC CCA GAA GGT TTT GAA ACC CAC GGT TGG AAG GAT GCA CCA TCT GGA TGC ATC ATT TTC ATC TAC GAA CCA GAA AAG GAA TTT TGC GAC CCA ACT AGA GCT GAC GAT GGA GAC AAC 
Agos                            TTG GTT CTT GGC CCG GTT ATG ATC TTG CGC TTC GGG AAG AAA AAG TCC TTA GTG ATG ATG AAC ACT TGC GAC CGG TAC GAG GCC CTG GTG GAC TGT GAA CAA GGG AAG GCC TGG TAC TCT AAG GCA CTC GAG TTG AAG GCT AGG GCT CAG GTC GGT AAC GTA CGG CCA CGT ATG ATT TAC AAC TCT ATC GTC GAC GCT CGG GAA AAG CCC GCC GTC GCC GAG CCG GGG AAG GAG AAG CAA GAG GAG GTT TGG CGT TTT GCA AAG AAC GCC CTT AAC TTG CAG AAA CGT CAG CTA CAG GAG GGT AAG ATG GAT TTG GGT ACC GAG ATA AAG TTG AAG CAG AAG CCC AAG CCC GGC CTA CTT TGC TTC CCG CAC CAG AAG ACC GAA GTT GAG ATT AAG AAC CCT GGG AAG ACA CCC CTA AGG TCC CAG ATG AGC AAG GAA CCC TCC AAG CCG GAG GGT TTC GAA GAG TAC GAC TAC ATG AGC TCG CCC AAG AGG GGC ATA TCG GAG GCT CAG AAT TTC GTT GCC TGG AGA CAG TCG TGG TCC ATG TTG CCG CAG GAC CTA ATG GGT GTG TCG AAG GAG CAC GAA GAT TTG GGT GAC TTC GTG GAG AAA GTC TTC AAG CCC CTT GAG TAT GAC CTT ATG GAG CGC AAA GCC CCA TCG TTG GCC AAG GCC AAG GTT AAG GCT GCA CAG GAG GTT GGC GAG AGA GAT AGA GAT CTG GAA CTT CCG TGG GAA AGA TAT ATG GTC GAC GAC CAG GGC ATG GAA TCC TCC AGA TTT GCG GGT GGC ATG CGT CTA CGC TGG AGA CCA ACC ATT AGA TAC TCC GAG CTG GCC TAC GGC TTG GCC GGC GAG GCC CGT GCC ATG TTC CAG AAT GGC ACT GCA GCG AAG GAA CTA GAG AAG AGA AAC TTC GCT AGA AAG GGT ATG ATC GCT CTT ACG TTG CGT GCC CAG ACC GCG CGT ACG GAG ATT AGA GCA ATC TCC TCC GAG CAT TCG GAG ATC ATG GGT GTC CAG ACC GGT AAG GGC AAG CAC TAT GCA GGT AAG ATT TGT AAC AAA ACC ATG AAT TCT GTG TTG CAT GCC TCT CCG GAT GGC TTC GAG ACT CAC GGT TGG AAG GAC GCC CCG TCC AAA TGC ATT ATC TTC ATC TAC GAG CCT GAG AAG GAA TTC TGC GAT CCA CCG AGA GCA GAT GAC AAG GAC AAC 
Klac                            TTA GTC CTC GGA CCT GTC ATG ATT TTA AGA TTC GGC AAG AAG AAG TCC CTA GTA ATG ATG AAC ACC TCT GAT AGG TAC GAA GCC TTG GTC GAT TGC GAA CAA GGT AAG ACT TGG TAT TCT AAG GCA CTA GAG TTG AAA GCA AGA TTC CAG GTA GGT AAC GTG AGG CCA AAG ATG ATC TAT AGT TCT ATT GTA GAT GCT AGA GAA AAG CCG GCT GTT GCT GAA CCG AGT CAA GAA AAA CAA GAA GAA ATT TGG AAG TTC GCT AAG AAC ACT GTA AAT TTA CAA CAG CGT CAA TTG CAA GAA GGT AAA ATG GAC CTA GGT ACC GAA ATT AAG GTC GAA CAA AAG CCG AAG CCT GGA TTG TTG TGT TTC CCT CAT CAA AAA ACC GAA GTC GAA ATT AAA AAC CCA GGC GAA TCC CCT TTA AAG TCA CAG ATG AGT AAG GAA CCA TCT AAG CCA GAG GGT TTC GAA GAA TAC GAT TAT ATG TCC AGT CCG GCC AAG GGT ATT TCA GAA GCA CAG AAC TTC ATT GCT TGG CGT CAA CAA TGG TCT ATG TTA CCT CAA AAC TTA ATG GGT GTC AGT AAG GAA CAT GAA GAT TTG GGT GAT TTC GTC GAG AAA GTG TTC GAA CCA TTG GAA TAT GAT TTG ATG GAA CGA AAA GCC CCA AGT TTA GCC AAA GCT AAG GTG AAA GCA GCA CAA GAA GTC GGT GAG CGT GAT CGT CTG CTA TCA CTC CCA TGG TCA CGT TAT ATG GTG GAT GAT CAG GGA ATG GAA TCC TCC CGT TTT GCA GGT GGT TTG AGA TTA AGA TGG AAG TCT ACC ATT CGT TAC TCC GAA TTG GCT TAC GGT TTG GCT GGT GAA GCC CGT GCT ATG TTC CAG AAT GGT ACA TCT TCT AAG GAA TTG GAA AAG AGA AAC TTC TCA AGA ACT GGT ATG ATC GCC TTG TCC GTC CGT GCT CAA ACC GCC AGA ACA GAG ATT CGT GCT ATC TCC TCT GAA CAT TCA GAA ATT ATG GGT GTA CAG ACT GGT AAG GGA AAG CAT TAT TCT GGT GAA GTT TGC AAT AAA ACC ATG AAT TCT GTC CTA CAT ACT TCA CCA GAT GGT TTC GAA ACC CAT GGT TGG AAG GAT GCT CCT TCC AAA TCT ATC ATT TTC ATC TAC GAA CCA GAA AAG GAA TTC TCT GAT CCA CCG AGA GCA GAT GAT GCC GAT AAC 
Calb                            TTA GTG TTG GGT CCT GTA ATG ATT TTG AGA TTT GGT AAT AAG AAA TCC TTA GTA ATG ATG AAT ACT TGT GAT AGA AGA CAA GCC TTA GTT GAT TGT GAG CAA GGT TCC GAT TGG TAT TCC AAA GCT TTG GAA TAT AAA ATG AGA TTC ACT GTT GGA AAT ATT AGA CCT CGT ATG ATT TAC AAG TCC ATT GTG GAT GCC AGA GCC AAA CCA GCT GTT GCC GAA GAT GGA AAA GAA AAA CAA GAA GAA GTA TGG CGT TTT ACT AGA AAC GAT GAT GAA TTA GCT AAA AGA AAT TTG CAA GAA GGT AAA ATG GAT TTG GGT GCT GAA ATT AGA TTG GAA CAA AAA CCA AAA CCA GGT TTG TTG TGT TTT CCT CAT CAA AAA ACC GAA AGA GAA ATC AAA AAT CCA GGT GAA ACT CCA GTT AAA TCA CAA ATG AGT AAA GAA CCA TCA AAA CCA GCA GGT TTC GAG GAA TAT GAT TAC ATG ATG TCT CCA ACA AAA GGT ATT TCA GAA ATG CAA AAT TTT GTA GCT TGG AGA CAA GCC TGG TCG CCA TTG CCT CAA AAT GTT ATG GGT GTT TCT AGA GAA CAT GAG GAT ATG GGT GAC TTT GTT GCA AAA GTT TTC GAA CCA TTG GAA TAT GAA TTG ATG GAA AGA AAA TCA GCA TCT TTG GCC AAA GCT AAA GCT AAA ATG GCT AAT GAA GTG GGT GAA AGA GAT AGA AAT TTG TCA TTG CCA TGG TCA AGA TAT TTG ATT GAT GAT CAA GGT ATG GAA TCC ACA AGA TTT GCA GGA GGT TTA CGT GTT AGA TGG AAG CCA GCT GTT AGA GAA ACA GAA TTA GCT GAA GGT TAT GCC GGT GAA TCA AGA TCC ATG TTT ACT GTA GGT CAC GAC AGT AAA GCC TTG GAA AAA CGT AAT TTT ACT AGA AGT GGG TTG ATC CCA TTG TCT TTG AGA GCC AAT GCT TCT CGT ACT GAG ATT AGA CCT ATA TCC TCG GAA CAT TCA GAG ATT ATG GGT GTG CAA ACT GGT AAA GGT CAA AAA TAT GAC GGA GAA GTG TGT AAT CAA GCT ATG GTA TCA GTT TTG CAT GAT TCT CCA AAC GGT TTC GAA ACT CAT GGG TGG AAA GAT GCT CCT ACA CAA TGT ATT ATT TTT ATC TAT GAA CCA GAG AAA GCC TTC TGT GAT GCA GAT AGA GCT GAT GAT ACA GAA AAT 



Printing out site pattern counts


         9        687  P

Scer                            AAA AAA AAA AAA AAA AAA AAA AAA AAA AAA AAA AAA AAA AAC AAC AAC AAC AAC AAC AAC AAG AAG AAG AAG AAG AAG AAG AAG AAG AAG AAG AAT AAT AAT ACA ACA ACA ACC ACT ACT ACT ACT ACT ACT ACT AGA AGA AGA AGA AGA AGA AGA AGA AGA AGA AGA AGA AGT AGT ATA ATA ATA ATA ATC ATC ATC ATG ATG ATG ATG ATG ATG ATT ATT ATT ATT ATT ATT ATT CAA CAA CAA CAA CAA CAC CAG CAG CAT CAT CAT CCA CCA CCA CCC CCC CCC CCC CCG CCT CCT CCT CGC CGT CGT CTA CTC CTG CTT CTT GAA GAA GAA GAA GAA GAA GAA GAA GAA GAA GAA GAA GAA GAA GAA GAA GAC GAC GAC GAC GAC GAG GAG GAG GAG GAG GAG GAT GAT GAT GAT GAT GAT GCA GCA GCA GCC GCC GCC GCC GCG GCG GCG GCT GCT GCT GCT GCT GCT GCT GCT GGA GGA GGC GGT GGT GGT GGT GGT GGT GGT GGT GGT GGT GGT GGT GGT GTA GTA GTC GTC GTC GTG GTG GTT GTT GTT GTT GTT TAC TAC TAC TAT TAT TAT TCA TCA TCA TCC TCC TCC TCT TCT TCT TCT TCT TCT TCT TGC TGG TGT TTA TTA TTA TTA TTA TTC TTC TTC TTC TTC TTC TTG TTG TTG TTT TTT TTT TTT TTT 
Sbay                            ... ... ... ... ... ... ... ... ..G ..G ..G ..G CG. ... ... ..T ..T ..T ..T .CA ..A ..A ..A ..A ... ... ... ... ... .GA C.T ..C ..C GCC ... ... ..G ... .A. ..A ..C ..C ... T.A T.. .AG ... ... ... ... ... ... ... ... ..G ..G C.. ... ... ... ..T CCC T.G ..A ... ..T ..A ... ... ... ... T.. ..A ..A ..C ... ... ... ... ... ... ... ... ... ... ..A ... ..C ... ... ..T ..T ..T ..A ... ... ..T ..A ..A ..C ... GA. A.G ... T.G T.G T.. ..A ..G ... ... ... ... ... ... ... ... ... ... ... ... ... ... ..G ..T ... ..T ..T ..T ..T ..A ..A ..A ... ... ... ... ... ... ... ... ... ... ..C ..G ... ..T ..T ..T ..C ... ..T ..A ..A ..C ..C ..C ... ... ... ... ... ... ..A ..C ..C ..C ... ... ... ... ... ... ... ... ... A.T ... ..A ... ..T ..A ... ..C ..C ..C ... ... ..T ..T ..T ... ... ... GGG ... ... ... ..G ..T ..A ..C ..C ... ... ... ... ..T ... ... C.. C.. ... ... ... GAA ... ... ... ..T ..T C.A ..A ... ..C ..C ..C ..C ... 
Smik                            ... ... ... ... ... ... ... ... ... ... ... ..G CG. ... ..T ... ... ..T G.. .CT ..A ..A ..A ... ..A ..A ..A ... ... .GA ... ..C ... GC. ... ..G ... ... .A. ..C ..A ... ... ..C T.. ... ... ... ... ... ... ... ..G ..G ... ..G C.T ..C ... ... ... CCC C.G ..A ... ..T ..C ... ... ... ... T.. ..A ..A ... ... ... ... ... ... ... ... ... ..G ... ..A ... ..C ..C ... ... ... ..T ..A ... ..T ..T ..A ... ..C ... GAA A.G ... ..G ..A T.. ..A ..G ... ... ... ... ... ... ... ... ... ... ... ... ..G ..G ..G ..C ..A ... ..T ..T ..T ..A ..A ..A ..A ... ... ..C ... ... ... ... ... ... ..C ... ... C.. ..A ... ..T ... ..A ..A ..G ..C ... .T. ..A ... ... ... ..G ... ... ..C ... ... ..A ..C ..C ... ... ... ... ... ... ..C ... ..A ... ..T ..A ... ..A ..C ... ... ... ..T ..T ..T ..C ... ... GGG ... ..C ..T ..G .TT ..G ..C ... ..C ... ... ... ..T ... ... C.. ... ... ... ..G GAA ... ... ..T ..T ..T ..A ..A C.A ..C ... ... ... ... 
Spar                            ... ... ... ... ... ... ... ..G ... ... ..G ..G ... ... ... ... ... ..T G.. .CT ..A ... ... ... ..A ..A ... ..A .C. .GA .GA ..C ... G.. ..G ... ... ... GA. ..C ..C T.. ... T.. T.. .AG ... ... ... ... ... ..G ... ..G ... ... ... ... ... ... ... ... C.G ... ... ..T ... ... ... ... ... T.. ..A ..C ... ..C ... ... ... ... ... ... ... ..G ... ..A ... ... ..C ... ..T ..T ..T ..T ... ... ..T ..A ... ... ... .A. A.A ... ..G ..A ... ..G ... ... ... ... ... ... ... ... ... ... ... ... ..G ... ... ..G A.T ..T ..T ..T ..T ..T ..A ..A ... ... ... ... ..C ... ... ... ... ... ... ..C ... ... ... ..A ..T ..C ... ... ... ..G ... ... ... ... ..G ... ... ... ... ... ... ... ... ..G ..A ... ..C ... ... ... ... ... ..T ... ... ... ... ... ... T.A ... ... ... ... ..T ..T ..T ... ... ... ... ... ... ..T ... ..T ..G ..C ..C ..C ..C ... ... ... ... ... ... ... C.. ..G ... GA. ... ... ... ... ... ... G.A ... ... ..C ..C ... ... 
Ncas                            ... ... ... ..G ..G ..G CG. ... ... ..G ..G ..G .GG ..T ..T ..T ..T ..T G.T .C. ..A ..A ... ..A ... ... ... ..A ... .TT ... ... ... CC. ..G ... .TG ... ..A T.. ..G ... ..C ..A G.C ... .A. ... ... ... ... ... ... ... ... ... ... ... ... ..T ..T G.T T.. ... ..T ... G.T ..C ... ... T.A ... G.A ... ... ... ..C ..C G.C ... ... ... ..G ... ..T ..A ..A ... ... A.G ... ..T ... ..A ..T ..A ..A ..A ..A ..A ..A G.T ... ... T.. ..A T.A T.A T.A C.. ... ... ... ... ... ... ..G ..G ..T .CG ... ... ... ... .GT ..T ..T ..T ..T ..T ..A ..A ..A ..C ..A ..A ..A ..C ..C ... ... ... A.C ..G ..T ..T C.. ... ..A ..A ..T ..A ... ..A ..A ..C ... ... ..A ..C ... ... ... .CA ... ..G ... ... ... ... ... ... ... ... ... ... ..T ..T ... ..G ..A ..T ... ..G ... ... ..C ... ... ... ..T A.. ... ... AAT ... ..C ..A ..A ..T G.. G.. G.A ..A ..C ..A ..C ..T ... ... C.. ... C.T C.T ... GAT ..T ..T ..T ... ..T C.A A.. ..A ..C ..C ... ... ..C 
Cgla                            ... ..G ..G ... ... ..G CGG ... ... ..G ..G ..G .G. ... ... ... ..T ... ... .C. ... ... ... ... ... ... ... ..A ... ... TTA ..C ... ..G ... ... T.G ..T ..C TGC T.G ..C ... .A. T.. .A. ... ... ... ..G ..G ... ... ... C.T ... ..G ... ... ..C ..C G.T C.T ... ... ..T ... ... ... ... C.. ... ..C ..A ..C ... ..A ... G.A ... ... ..G ... ... ..T ... ..A ..C ..C ..C ... ... ... ..A ..T ... A.T ..A ..A ..A ..A GAA ... ... T.. T.A ... ..G ..G C.. ... ... ... ... ..G ..G ... ..G ... C.. ... ... ..G ... ... ... ..T ... ... ..T ... ... ..A ..A ..A ..A ..A ..C ... ..C ..C ... T.T ..T ..C ..A C.A T.T ..T ..A ..A ..A ... ..G ... ... ..G ... ... ... ... ... ..G .CC ... ... ... ... ..C ... ... ..A ..C ... ... ... ..G ... ..T ... .CG ..C ..A ..A ... ..G ... ... ... ... ... A.. ..C ... GG. ..C ..C ... ..G AAT ..A A.C ..C ... ..A ... ... ..T ... ..C ..G C.G C.G C.G ... ... ... ..T ... .AT ..T C.A ... C.. ..C ... ... ..C ... 
Agos                            ..G ..G ..G ..G ..G ..G ... ... ..G ..G ..G ..G CGC ... ... ... ..T ... ... ... ... ... ... ... ..A ... ... ... ... .GA .GC ..C ... ..G ..C ..G ... ..T ..C TGC ..G ... ..C .AC G.G C.T C.C ... C.T ..G C.C C.G ... ... .AG ..G C.G TCG ..C ..C ..T G.T T.G ..T ..T ... G.. T.. ... ... ... T.. ... ..A ..C ..C ... ... C.. ..G ..G ..G ..G ..G ..T ... ..A ..C ... ..C ..T ..C ... ..G ... ... ..G ..A ..A ..G ..G AAG ... ... ..G ..T T.. T.G ..G .CC ... ... ..G ..G ..G ..G ..G ..G ..G C.G ..G ..G ..G ..G ..G ... ... ... ..T ... ..A ... ..A ..A ..A ... ... ..C ..C ..C ... ... ..C ..T ..C ..A C.T ..G ..A ..C ..C ..A ... ... ..C ..G ... ..A ..C ..C AA. ..G ..G .CA ..C ... ..C ... ..G ..C ... .A. ... ..C ... ... ..C ..G ..T ... ..A ..T ..C ..C ..G ..C ... ... ... ... ... G.A ..C ... AAG ..T ..C ..G ..T ..T G.. ..G ..C ..C ..C ..C ..C ... ... ... C.C ... C.. C.. ..G .A. ... ... ... ..T ... ... A.. C.T ..C ..C ..C ..C ... 
Klac                            ... ... ..G ..G ..G C.. C.G ... ... ... ..G ..G CG. ... ..T ..T ..T ... ... ... .CT ... ... ..A ... ..A ... ... ... ... TCC ..C ..C ..G ..C ... T.C ..A ..C T.. T.C ..C ... .G. T.. .AG ... C.T ... .AG ... ... ... ... .A. ... ..G ... ... ..T ..C G.G T.G ..T ... ..T G.A G.C ... ... ... T.. G.. ... ..C ..C ... ... G.A ... ..G ... ..G ... ..T ..A ..A ... ... ... ... ... ... ..A ..G ..T ..G T.T ..A ... ... GAA ... ... T.G ... ..A T.A ..A ACT ... ... ... ..G ... ..G ... ... ..G C.G ... ..G ... ... ... ..T ..T A.. ..T ..T ..A ..A ..A ..A ..A ..A ... ... ... ... ... ..C ..T ..T ..T ..A C.A ... ..T ..C ..T ..T TTC ..C ... ..A ..A ..A ..C ... AA. ..T A.T TC. ..A ... ... ... ..C ... ... CTG ... ... ... ... ... ..C A.T ..G ..G ..C ... ..A ..C ... ..C ..C ... ... ..T .CA ... ... G.C ... ..C ..A ..T ..T ..A CAA ..C ... ... ..A ..C ..T ... ..C C.. C.. ... ..G ... .A. ... ... ... ..T ... ..A ... ... ..C ..C ..C ..C ..C 
Calb                            ... ... ... ..T TCC ... ... ... ... ... ... ... .G. ..T G.A ..T GTA ..T ..T ..T .GT ..A ..A ..A ... ..A C.A ..A .GA ... .T. ..C ... ..A ..C ..T ..T CA. G.. TG. T.. ... ... .AG .G. C.T ... ... C.T .A. ... ... ... C.T .A. ... ... TC. ... ..T ..T GCT TAT G.T ..T ..T G.A T.. ... CCA T.. ... G.G ... ..C ..A ..C ... GA. ... ... ... ... A.T ..T GCT ..A ... ... A.A ... ... ..T ..A ..A ..A GAT ..A G.A ... ... GAA A.A A.A T.. T.G T.. T.G T.G ..T ..G .CC ... .C. ... ..G ... C.. ... ACT ..G ... ... ... ... ..A ... A.T ..T ..T ..A ..A ..A ..A ... ..A A.C ... ... ... ... ... T.C ..C ..T ..T C.A T.T A.T T.A ..T C.T TTC C.A ..C ..A ATG ... ..C ... CA. ..T ..A .AC ... ..A ... ..A ... ... ... AA. ... ... ..G ... ..T ..T ..A ..T A.T ..A A.T ..G ... ... AGA ..G AGA ..T ..T .CA ..C ... A.. ..T ..C ..A ..A ... A.. G.C ..C ..G ..A ..A A.A ..T ... ... ..G ... G.T ..G ..G GAA ..T ..T ..T ..T ... ..A ..A ... ..C ..C ... ... ... 

    1    1    1    1    1    1    1    2    1    1    1    1    1    2    1
    1    2    1    1    1    1    4    1    1    1    1    1    1    3    1
    1    1    1    4    1    1    1    1    4    3    1    2    1    1    1
    2    1    7    2    2    1    1    2    1    1    1    2    3    1    1
    1    1    2    1    1    3    1    2   13    1    2    1    1    2    2
    1    1    1    1    1    2    4    2    3    1    1    2    3    1    1
    1    2    1    3    3    2    2    1    2    2    2    4    2    1    2
    2    2    2    1    3    1    3    4    2    3    1    5    1    1    2
    2    1    1    1    1    2    1    1    1    2    1    1    1    1    2
    3    1    1    3    2    3    1    1    1    1    1    1    1    1    2
    3    1    1    1    3    1    3    2    2    1    2    1    1    2    4
    2    1    1    2    1    2    1    1    5    2    4    1    1    2    1
    1    1    1    2    3    1    1    2    1    2    1    2    2    3    2
    1    1    2    1    2    1    1    2    2    1    1    3    1    7    2
    1    1    3    3    1    2    1    1    1    1    2    2    1    4    1
    1    2    2    1

CODONML (in paml version 4.9j, February 2020)  temp.nuc
Model: One dN/dS ratio, 
Codon frequency model: Fequal
ns =   9  ls = 393

Codon usage in sequences
--------------------------------------------------------------------------------------------------------------------------------------
Phe TTT   7   4  12   4   9   7 | Ser TCT  11  10  10  12   5   9 | Tyr TAT   7  11   9  11   6   4 | Cys TGT   2   3   3   2   3   1
    TTC   8   9   3   9   4   7 |     TCC   5   5   4   7   5   6 |     TAC   4   0   2   0   3   6 |     TGC   1   0   0   1   0   5
Leu TTA   9   8  10   5  17   6 |     TCA   4   4   1   4   7   2 | *** TAA   0   0   0   0   0   0 | *** TGA   0   0   0   0   0   0
    TTG   7  13   4  10   0   2 |     TCG   0   1   2   1   0   3 |     TAG   0   0   0   0   0   0 | Trp TGG   7   7   7   7   7   7
--------------------------------------------------------------------------------------------------------------------------------------
Leu CTT   3   0   0   1   6   2 | Pro CCT   6   8   9  15   9   3 | His CAT   5   3   1   4   5   1 | Arg CGT   3   1   3   1   3   4
    CTC   2   0   0   0   0   0 |     CCC  10   8   7   5   1   2 |     CAC   1   4   5   6   0   5 |     CGC   4   0   0   0   0   0
    CTA   2   6   9   5   5   2 |     CCA   4   6   7   1  16  15 | Gln CAA  12  13  10  10  16  15 |     CGA   0   3   1   0   1   0
    CTG   2   1   5   8   0  18 |     CCG   1   0   0   0   0   0 |     CAG   3   2   5   5   2   5 |     CGG   0   0   0   0   0   1
--------------------------------------------------------------------------------------------------------------------------------------
Ile ATT   9   9   9   8   9   5 | Thr ACT  13   1   4   2   2   4 | Asn AAT   6   9   7   3  13   8 | Ser AGT   4   4   1   4   4   4
    ATC   5   3   2   5   8   7 |     ACC   1   4   5   5   4   8 |     AAC   9   5   6   7   0   7 |     AGC   0   0   3   0   0   0
    ATA   5   6   6   4   0   3 |     ACA   3   6   3   2   6   2 | Lys AAA  14  16  21  14  14   9 | Arg AGA  23  18  18  23  22  16
Met ATG  20  18  18  19  17  18 |     ACG   0   1   1   4   2   0 |     AAG  16  13   7  13  15  24 |     AGG   0   4   6   2   1   5
--------------------------------------------------------------------------------------------------------------------------------------
Val GTT   9   4   8   8  11   9 | Ala GCT  14   9  10  12  13  12 | Asp GAT  11  17  14  25  17   7 | Gly GGT  28  19  20  23  29  22
    GTC   4   7   5   4   4   2 |     GCC   4  15   6   5   4   3 |     GAC   7   6   4   4   5  10 |     GGC   1   8   8   3   1   3
    GTA   2   4   6   2   2   5 |     GCA   3   3   7   3  14   7 | Glu GAA  32  35  40  30  28  33 |     GGA   3   5   3   5   3   6
    GTG   2   1   1   2   4   2 |     GCG   6   4   4   7   3   5 |     GAG   9   7   8  10   6   8 |     GGG   0   2   3   1   2   1
--------------------------------------------------------------------------------------------------------------------------------------

--------------------------------------------------------------------------------------
Phe TTT   2   1   9 | Ser TCT   4  13   6 | Tyr TAT   3   6   8 | Cys TGT   2   1   6
    TTC  11  13   5 |     TCC  10   9   7 |     TAC   8   5   2 |     TGC   4   2   0
Leu TTA   1   8   6 |     TCA   0   7   9 | *** TAA   0   0   0 | *** TGA   0   0   0
    TTG  12  13  20 |     TCG   6   0   2 |     TAG   0   0   0 | Trp TGG   7   7   7
--------------------------------------------------------------------------------------
Leu CTT   7   0   0 | Pro CCT   2   6   6 | His CAT   2   6   5 | Arg CGT   7  10   5
    CTC   1   2   0 |     CCC   7   0   0 |     CAC   4   0   1 |     CGC   3   0   0
    CTA   6   5   0 |     CCA   4  10  15 | Gln CAA   2  13  15 |     CGA   0   1   0
    CTG   3   1   0 |     CCG   9   5   0 |     CAG  15   7   0 |     CGG   3   0   0
--------------------------------------------------------------------------------------
Ile ATT   6  11  11 | Thr ACT   3   5   9 | Asn AAT   3   4  13 | Ser AGT   0   6   3
    ATC   7   5   3 |     ACC   6   7   1 |     AAC   9   8   2 |     AGC   2   0   0
    ATA   2   0   1 |     ACA   1   2   5 | Lys AAA   6  11  27 | Arg AGA  11   9  24
Met ATG  17  16  18 |     ACG   2   0   0 |     AAG  34  25   3 |     AGG   3   2   0
--------------------------------------------------------------------------------------
Val GTT   7   2  11 | Ala GCT   7  12  14 | Asp GAT   7  16  19 | Gly GGT  12  20  21
    GTC   6  10   0 |     GCC  16   8  10 |     GAC  12   1   3 |     GGC  11   2   0
    GTA   1   5   6 |     GCA   7   7   5 | Glu GAA  11  35  33 |     GGA   0   4   4
    GTG   5   4   5 |     GCG   3   0   0 |     GAG  27   5   6 |     GGG   4   0   2
--------------------------------------------------------------------------------------

Codon position x base (3x4) table for each sequence.

#1: Scer           
position  1:    T:0.18321    C:0.14758    A:0.32570    G:0.34351
position  2:    T:0.24427    C:0.21628    A:0.34606    G:0.19338
position  3:    T:0.35115    C:0.16794    A:0.29517    G:0.18575
Average         T:0.25954    C:0.17727    A:0.32231    G:0.24088

#2: Sbay           
position  1:    T:0.19084    C:0.13995    A:0.29771    G:0.37150
position  2:    T:0.23664    C:0.21628    A:0.35878    G:0.18830
position  3:    T:0.28499    C:0.18830    A:0.33842    G:0.18830
Average         T:0.23749    C:0.18151    A:0.33164    G:0.24936

#3: Smik           
position  1:    T:0.17048    C:0.15776    A:0.29771    G:0.37405
position  2:    T:0.24936    C:0.20356    A:0.35369    G:0.19338
position  3:    T:0.30534    C:0.15267    A:0.36132    G:0.18066
Average         T:0.24173    C:0.17133    A:0.33757    G:0.24936

#4: Spar           
position  1:    T:0.18575    C:0.15522    A:0.29262    G:0.36641
position  2:    T:0.23919    C:0.21628    A:0.36132    G:0.18321
position  3:    T:0.34351    C:0.15522    A:0.27481    G:0.22646
Average         T:0.25615    C:0.17557    A:0.30958    G:0.25869

#5: Ncas           
position  1:    T:0.16794    C:0.16285    A:0.29771    G:0.37150
position  2:    T:0.24427    C:0.23155    A:0.33079    G:0.19338
position  3:    T:0.36641    C:0.09924    A:0.38422    G:0.15013
Average         T:0.25954    C:0.16455    A:0.33757    G:0.23834

#6: Cgla           
position  1:    T:0.16539    C:0.18575    A:0.30534    G:0.34351
position  2:    T:0.24173    C:0.20611    A:0.36132    G:0.19084
position  3:    T:0.25954    C:0.18066    A:0.30789    G:0.25191
Average         T:0.22222    C:0.19084    A:0.32485    G:0.26209

#7: Agos           
position  1:    T:0.17812    C:0.19084    A:0.28499    G:0.34606
position  2:    T:0.23919    C:0.22137    A:0.36387    G:0.17557
position  3:    T:0.18830    C:0.29771    A:0.13232    G:0.38168
Average         T:0.20187    C:0.23664    A:0.26039    G:0.30110

#8: Klac           
position  1:    T:0.21628    C:0.16794    A:0.28244    G:0.33333
position  2:    T:0.24427    C:0.23155    A:0.36132    G:0.16285
position  3:    T:0.30280    C:0.18321    A:0.29771    G:0.21628
Average         T:0.25445    C:0.19423    A:0.31383    G:0.23749

#9: Calb           
position  1:    T:0.22137    C:0.11959    A:0.30534    G:0.35369
position  2:    T:0.24173    C:0.22646    A:0.34860    G:0.18321
position  3:    T:0.37150    C:0.08651    A:0.38168    G:0.16031
Average         T:0.27820    C:0.14419    A:0.34521    G:0.23240

Sums of codon usage counts
------------------------------------------------------------------------------
Phe F TTT      55 | Ser S TCT      80 | Tyr Y TAT      65 | Cys C TGT      23
      TTC      69 |       TCC      58 |       TAC      30 |       TGC      13
Leu L TTA      70 |       TCA      38 | *** * TAA       0 | *** * TGA       0
      TTG      81 |       TCG      15 |       TAG       0 | Trp W TGG      63
------------------------------------------------------------------------------
Leu L CTT      19 | Pro P CCT      64 | His H CAT      32 | Arg R CGT      37
      CTC       5 |       CCC      40 |       CAC      26 |       CGC       7
      CTA      40 |       CCA      78 | Gln Q CAA     106 |       CGA       6
      CTG      38 |       CCG      15 |       CAG      44 |       CGG       4
------------------------------------------------------------------------------
Ile I ATT      77 | Thr T ACT      43 | Asn N AAT      66 | Ser S AGT      30
      ATC      45 |       ACC      41 |       AAC      53 |       AGC       5
      ATA      27 |       ACA      30 | Lys K AAA     132 | Arg R AGA     164
Met M ATG     161 |       ACG      10 |       AAG     150 |       AGG      23
------------------------------------------------------------------------------
Val V GTT      69 | Ala A GCT     103 | Asp D GAT     133 | Gly G GGT     194
      GTC      42 |       GCC      71 |       GAC      52 |       GGC      37
      GTA      33 |       GCA      56 | Glu E GAA     277 |       GGA      33
      GTG      26 |       GCG      32 |       GAG      86 |       GGG      15
------------------------------------------------------------------------------


Codon position x base (3x4) table, overall

position  1:    T:0.18660    C:0.15861    A:0.29884    G:0.35595
position  2:    T:0.24230    C:0.21883    A:0.35397    G:0.18490
position  3:    T:0.30817    C:0.16794    A:0.30817    G:0.21572
Average         T:0.24569    C:0.18179    A:0.32033    G:0.25219

Codon frequencies under model, for use in evolver (TTT TTC TTA TTG ... GGG):
  0.01639344  0.01639344  0.01639344  0.01639344
  0.01639344  0.01639344  0.01639344  0.01639344
  0.01639344  0.01639344  0.00000000  0.00000000
  0.01639344  0.01639344  0.00000000  0.01639344
  0.01639344  0.01639344  0.01639344  0.01639344
  0.01639344  0.01639344  0.01639344  0.01639344
  0.01639344  0.01639344  0.01639344  0.01639344
  0.01639344  0.01639344  0.01639344  0.01639344
  0.01639344  0.01639344  0.01639344  0.01639344
  0.01639344  0.01639344  0.01639344  0.01639344
  0.01639344  0.01639344  0.01639344  0.01639344
  0.01639344  0.01639344  0.01639344  0.01639344
  0.01639344  0.01639344  0.01639344  0.01639344
  0.01639344  0.01639344  0.01639344  0.01639344
  0.01639344  0.01639344  0.01639344  0.01639344
  0.01639344  0.01639344  0.01639344  0.01639344


TREE #  1:  (((((1, 4), (3, 2)), 5), 6), ((7, 8), 9));   MP score: 1175
This is a rooted tree.  Please check!
lnL(ntime: 16  np: 18):  -6500.209649      +0.000000
  10..11   11..12   12..13   13..14   14..1    14..4    13..15   15..3    15..2    12..5    11..6    10..16   16..17   17..7    17..8    16..9  
 0.096369 0.283844 0.319537 0.148121 0.315580 0.237820 0.173653 0.263505 0.240269 0.871061 0.464546 0.092958 0.086458 0.968418 0.686842 2.206675 1.899889 0.059448

Note: Branch length is defined as number of nucleotide substitutions per codon (not per neucleotide site).

tree length =  7.455656

(((((1: 0.315580, 4: 0.237820): 0.148121, (3: 0.263505, 2: 0.240269): 0.173653): 0.319537, 5: 0.871061): 0.283844, 6: 0.464546): 0.096369, ((7: 0.968418, 8: 0.686842): 0.086458, 9: 2.206675): 0.092958);

(((((Scer: 0.315580, Spar: 0.237820): 0.148121, (Smik: 0.263505, Sbay: 0.240269): 0.173653): 0.319537, Ncas: 0.871061): 0.283844, Cgla: 0.464546): 0.096369, ((Agos: 0.968418, Klac: 0.686842): 0.086458, Calb: 2.206675): 0.092958);

Detailed output identifying parameters

kappa (ts/tv) =  1.89989

omega (dN/dS) =  0.05945

dN & dS for each branch

 branch          t       N       S   dN/dS      dN      dS  N*dN  S*dS

  10..11     0.096   852.9   326.1  0.0594  0.0060  0.1005   5.1  32.8
  11..12     0.284   852.9   326.1  0.0594  0.0176  0.2960  15.0  96.5
  12..13     0.320   852.9   326.1  0.0594  0.0198  0.3333  16.9 108.7
  13..14     0.148   852.9   326.1  0.0594  0.0092  0.1545   7.8  50.4
  14..1      0.316   852.9   326.1  0.0594  0.0196  0.3291  16.7 107.3
  14..4      0.238   852.9   326.1  0.0594  0.0147  0.2480  12.6  80.9
  13..15     0.174   852.9   326.1  0.0594  0.0108  0.1811   9.2  59.1
  15..3      0.264   852.9   326.1  0.0594  0.0163  0.2748  13.9  89.6
  15..2      0.240   852.9   326.1  0.0594  0.0149  0.2506  12.7  81.7
  12..5      0.871   852.9   326.1  0.0594  0.0540  0.9085  46.1 296.3
  11..6      0.465   852.9   326.1  0.0594  0.0288  0.4845  24.6 158.0
  10..16     0.093   852.9   326.1  0.0594  0.0058  0.0970   4.9  31.6
  16..17     0.086   852.9   326.1  0.0594  0.0054  0.0902   4.6  29.4
  17..7      0.968   852.9   326.1  0.0594  0.0600  1.0100  51.2 329.4
  17..8      0.687   852.9   326.1  0.0594  0.0426  0.7164  36.3 233.6
  16..9      2.207   852.9   326.1  0.0594  0.1368  2.3015 116.7 750.5

tree length for dN:       0.4623
tree length for dS:       7.7761


Time used:  0:08
