      9   1179

Scer                            GTT CCT GAG ACT GTA AGT GTC AAA AAT GTG CAA TCA AGT GAC AAA TTA CTA AAG AGA CCC CCT TAT TTT CCC GCC GTC GCC AAC TCA AAA GCT AGT GTC AGG AAG AAA ATC AGT GAC AGT TTA CTA GGC TAT GAC CAA GAC AGC AAC GTA CAT ATT ATT GAT TAT ACA ACT AGA CCA GAA CCA GTA GTT GTG AAA TAC GAT GGA GTT ATT CAA GTA GAA ATT ATA AAC CAA TTA CCT TTT CAA CTA GTG GTT GTT GCA GGG TTC ATT AGC CCA TCA GCT CAT AGA ACA GTG TCT AAT GAT GAC AAG TCG CTG AGT AGG GTC ACT AAT TTC TTA CCA GCT AAT GCC CCA TGG GAT GCT ATA ACC GTA AAT TAT GAA TTA TCA AAC TCC ATG CAT GTC GGG TGG CAA CCA CAT CTC GTT ATA AAG GCC CAA GCT AAA CAA AGG AAA TAT TTG AAG GTA TTC GTT GCC GAT CTT CCT TTT CTC AAT TTC AAA GTA GGG TAT GTC GGT CCT CAA TAT GAA TAT GAA TTT GAA ATT GAA TTT AAA GTC GAA ATA AGG GAT TTC GAG GAA GTC CCT GAT GTT ATC GGC GAA GGT AAG TTA TAC CCC TTT CAA TCA CGC CAA GGA ACT GGC CTA TTC ACC GGA CAA GCA TTT CAA CAT GAT GAA TCA AGA GGT TGG CCT CAA GAT GTG GGT AAC ATT CCA ATG TTT AAC AAA CAG ATT CCC CAT CAT AAT CAT CAA GCC TCA AGT TAC ATT AAG TGG CCA GTT GGC CAA AAG GGG GAG ATG GAT CCC CCC TGG GAC GAA AGT CAG GAT GCC TTC AGT AAA CAA ACA AAC TTC GAA GGC CCC ACA ATC TAT AAG ATT TTT TTC AAT GAT AGA CTG TTG AGA ATT GTC TAC CTT AAG AAA ATC GAC GCC ATC GCT AAA GCC CAA CTC CTT AAA TGG ATT CCC AAG AGA ACC TTA CCC TAC CTG GAA ACA GGT ATT GAA CAG TAC CAG GGC TCC TCG GAT CTA AGT CAA CAA AGT AAA AGC ATA AAA GAA AAA GAC AAG AGC GTC GAT AAA AGA AAA GAT CCT TAC CGT TCC TTA TGG TAC GAA TCT ACA GGC TAC CTT GCA GAG CTC GAC TTA AAT ACG GTT GTA TTA ATT GGG ACC CTC CTC GTT TTA CCT GAG GAA TAT GTG ATT CAA GAT ATT AAT GTC GTC GAC 
Sbay                            GTC CCC GAA ACT GTG AGC GTT AGG AAT GTG CAA TCG AGC GAC AAA CTG TTA AAG AGA ACC CCT TAT TAT ACC GCC GTT GCC AAC TCA AGG GCC AGT GTC AGG AAG AAA ATA AGT GAC AGC TTG TTA GGC TAT GAC CAA GAC AGT AAC ATC CAT ATT ATT GAC TAT ACA ACC AGA CCA GAA CCA GTT GTC GTA AAA TAC GAT GGT GTG ATT GAG GTG GAA ATC ATA AAC CAA CTA CCT TTC CAA CTA GTA GTG GTC GCG GGG TTC ATT AGC CCA TCC GCC CAT AGG ACA GTA TCT AAC GAC GAC AAA TCC CTG AGC AGG GTT ACC AAT TTC CTA CCA GCT AAT GCA CCT TGG GAT GCA ATA ACC GTG AAT TAT GAA CTA TCC AAC TCC ATG CAT GTC GGG TGG CAA CCA CAT CTG ATT ATA AAG GCC CAA GCA AAA CAA AGG AAA TAT TTG AAG GTG TTC GTC GCC GAT CTG CCT TTC CTG AAT TTC AAA ATC GGC TAT GTC GGT CCT CAA TAT GAA TCC GAA TAT GAA ATT GAA TTC AGG GTC GAA ATA AGG GAT TTC GAA GAA GTC CCT GAT GTT ATC GGT GAA GGT AAG TTA TAC CCC TTT CAA TCG CGC GAG GGT ACT GGT CTA TTC ACC GGT CAA GCA TTC CAA CAT GAT GAA TCA AGA GGT TGG CCC CAA GAT GTA GGT AAC ATT CCA ATG TAT AAC AAG CAG ATC CCC CAT CAT AAT CAT CAA GCC TCA AGC TAC ATT AAG TGG CCA GTT GGC CAA AAA GGG GAA ATG GAC GCC CCC TGG GAC GAA AGC CAG GAT GCC TTC AGC AAG CAT ACC AAC TTC GAA GGT CCC ACA ATC TAT AAG ATT TTT TTC AAT GAT AGG CTG TTG AGA ATT GTG TAC CTT AAG AAG ATC GAG GCA ATC GCC AAG GCC CAA CTG CTT AAA TGG ATT ACC AAA AGA ACC CTG CCC TAC CTT GAA ACA GGC ATT GAA CAG TAT CAG GGC TCC TCT GAC CTA AGC CAT CAA AGT AAA AGC ATA AAA GAG AAA GAC AAA AGC GTG GAT AAA AGA AAG GAT CCT TAC CGT TCC TTA TGG TAC GAA TCT ACA GGC TAC CTT GCG GAG CTT GAG TTA AAC ACG GTC GTG TTG ATT GGC ACC CTG CTG GTC TTA CCT GAA GAG TCC GTA ATT CAA GAT ATT AAT GTT GTC GAC 
Smik                            GTT CCT GAA ACT GTG AGC GTA AAA AAT GTG CAA TCG AGC GAC AAA TTA CTA AAG AGA CCC CCT TAT TAT CCC GCT GTA GCC AAT TCG AAA GCT AGT GTT AGG AAG AAA ATT AGT GAC AGT CTG CTA GGC TAT GAC CAA GAC AGC AAC GTA CAT ATT ATT GAT TAT ACA ACC AGG CCT GAG CCT GTT GTC GTA AAG TAC GAT GGG GTA ATT AAG GTG GAA ATA ATA AAT CAG TTA CCT TTT CAA TTA GTG GTG GTT GCA GGA TTC ATT AGC CCA TCA GCC CAT AGG ACA GTA TCC AAT GAT GAC AAG TCG CTG AGT AGG GTA ACC AAT TTC TTA CCT GCT AAT GCA CCC TGG GAT GCT ATA ACC GTG AAT TAT GAA TTA TCA AAC TCC ATG CAT GTG GGA TGG CAA CCA CAT CTC ATC ATA AAG GCC CAA GCT AAA CAA CGG AAA TAT TTG AAG GTA TTC GTC GCT GAT CTT CCT TTT CTC AAT TTC AAA GTA GGA TAC GTT GGT CCT CAA TAT GAA TCG GAG TAT GAA ATT GAA TTT AAA GTT GAG ATA AGG GAT TTC GAA GAA GTC CCC GAT GTT ATC GGC GAA GGT AAG TTA TAT CCT TTC CAA TCG CGC AAG GGG ACT GGC TTA TTT ACC GGA CAA GCA TTC CAA CAT GAT GAG TCA AGA GGT TGG CCT CAA GAT GTG GGT AAT ATT CCA ATG TAT AAC AAG CAG ATA CCT CAT CAT AAT CAT CAA GCC TCA AGT TAC ATT AAA TGG CCT GTT GGC CAA AAA GGA GAA ATG GAT CCG CCT TGG GAC GAA AGT CAG GAT GCT TTC AGC AAA CAC ACC AAT TTC GAA GGT GCC ACG ATT TAT AAA ATT TTC TTC AAT GAT AGG CTG TTA AGA ATT GTC TAT CTT AAG AAA ATT GAG GCA ATC GCT AAG GCT CAA CTC CTT AAG TGG ATT CCC AAA AGG ACC TTA GCC TAC CTG GAA ACA GGC ATT GAA CAA TAT CAG GGC TCC TCA GAT TTA AGC CAC CAA AGT AAA AGC ATA AAA GAA AAA GAC AAA AGC GTC GAT AAA AGA AAG GAT CCT TAC CGT TCC TTA TGG TAT GAA TCC ACG GGC TAT CTT GCA GAG CTC GAC TTA AAT ACA GTT GTA TTG ATT GGA ACC CTC CTC GTT TTA CCT GAG GAA TCG GTA ATT CAA GAT ATT AAT GTA GTC GAC 
Spar                            GTT CCT GAA ACT GTA AGC GTC AAG AAC GTG CAA TCA AGT GAC AAA TTA CTA AAG AGA CCC CCT TAT TAT CCC GCC GTC GCC AAC TCA AAG GCT AGT GTC AGA AAG AAA ATT AGT GAC AGT TTG CTA GGC TAT GAC CAA GAC AGC AAT GTA CAT ATT ATT GAT TAT ACG ACT AGG CCT GAA CCA GTA GTC GTA AAA TAC GAT GGG GTA ATT AAG GTA GAA ATT ATA AAC CAA TTA CCT TTT CAG TTA GTA GTT GTT GCA GGG TTC ATT AGC CCA TCG GCC CAT AGA ACA GTG TCT AAT GAT GAC AAG TCG CTG AGT AGG GTC ACT AAT TTC CTA CCT GCT AAT GCC CCC TGG GAT GCT ATA ACT GTG AAT TAT GAA TTA TCG AAC TCC ATG CAT GTT GGG TGG CAG CCA CAT CTC GTC ATA AAG GCC CAA GCT AAA CAA AGG AAA TAT TTG AAG GTA TTC GTT GCC GAT CTT CCT TTT CTC AAT TTT AAA GTA GGA TAT GTC GGT CCT CAG TAT GAA TAT GAA TAT GAA ATT GAA TTT AAG GTC GAA ATA AGA GAT TTC GAG GAA GTC CCT GAC GTT ATC GGC GAA GGT AAG TTA TAT AGT TTC CAA TCA CGC AAG GGG ACA GGC TTA TTC ACT GGA CAA GCA TTC CAA CAT GAT GAG TCA AGA GGT TGG CCT CAA GAT GTA GGT AAC ATT CCA ATG TAT AAC AAG CAG ATT AGT CAT CAT AAT CAT CAA GCC TCT AGT TAT ATT AAA TGG CCA GTT GGT CAA AAG GGG GAG ATG GAT CCC AGT TGG GAC GAA AGT CAG GAT GCT TTC AGC AAA CAT ACA AAC TTC GAA GGT CCC ACG ATC TAT AAA ATT TTC TTC AAT GAT AGA CTG TTG AGA ATT GTA TAC CTT AAG AAA ATC GAG GCC ATC GCT AAG GCT CAA CTC ATT AAA TGG ATT CCC AAG AGA ACT TTA CCC TAC CTG GAA ACG GGT ATT GAA CAG TAT CAG GGT TCC TCA GAT TTA AGC CAT CAA AGT AAA AGC ATA AAA GAA AAA GAC AAG AGC GTC GAT AAA AGA AAA GAT CCT TAC CGT TCC TTA TGG TAC GAA TCT ACG GGC TAT CTT GCG GAG CTG GAC TTA AAT AGG GTT GTA TTG ATT GGA ACT CTC CTC GTT TTA CCT GAG GAA TAT GTA ATT CAA GAT ATT AAT GTC GTC GAC 
Ncas                            GTG CCA GAA ACT GTA AGT GTT ACT CAC GTG CAA TCT CAG GAT AAA TTG TTA AAG AGA CCT CCA TAT TAT CCT GCG GTT GCC AAT TCT ACT GTC ACG GTC AGA AAA AGA ATC AGT GAT AGT CTA TTA GCC TAC GAT CAA GAT AGT AAC ATT CAT GCA ATT AAT TAT ACA GCC AGA CCC CAG CCG ATC GTC GTC AAG TAT GAA GGA CCT GCA AGC GTA GAA ATT ATA AAT CAA TTG CCA TTT CAG TTG ATT GTA GTG GCT GGC GTC GTT TCC CCC TCA GCT CAT AGA ACA ATT TCC AAT GAT GAT AAA GCC TTA AGT AGA GTT GCC AAC GTC TTA CCC ACC AAT TCT CCA TGG GAT GCT ATT AGA GTC AAT TCT GAA TTG TCA AAT TCA TTG CAT GTT GGC TGG CAG CCC CAT TTC ATC ATT AAG GCC TCA GCT AAA AAA AGA AAA TAC TTA AAG CTG TTC GTT GCG GAT CTA CCA TTT TTC AAC ATG AAG ATT GGC TAC GTC GGT CCA CAG TAC GAA GCC CAG TAT GAA CTT AAG TTT ACT GTC CAG ATT AGA GAA GTC GAA GAA GTC CCA GAC GTA GTA GGT GAA GGG AAA TTA TAT AAT TTT CAA TCT CGC AGC GGA ACA GGT TTG TTT AGA GGA CAA GCA TTT TCA CAT GAT GAA TCA AGA GGG TGG CCA TCA GAT ATT GGT AAC GTG CCC ATG TAT AAT AAA CAA ATT AAT CAT CAT AAT CAT CAA GCT TCA AGT TAT GTG AAA TGG CCG GTA GGT AAT AAA GGC GAA ATG GAT TTA AAT TGG GAT GAA AGT CAA GAA GCA TTC AGT AAA CAT ACA AAT TTC GAA GCT CCA ACC ATC TAC AAA ATC TTT GTC AAC GAT AGA TTA TTA AGA GTT ATA TAT TTA AAG AAG ATC GAT TCT GTA GTC AAA GCA TCA TTC ATA AAG TGG GAA CCT AAA AGG ACT TTG CCA TAT TTG GAA ACA GGA ATC GAA CAA TAC CAA GGT TCA TCC GAC TTG AGT CAT AAA AGC AAA TCC ATT AGA GAA AAA GAT AAA TCC GTG GAT AAG AGA AAG GAT CCA TAT CGT TCA CTT TGG TAT GAA TCC ACC GCC TAC TTA GCA GAA CTT GAT TTG AAT AAG GTC CTG CTT ATC GGC ACT TTC TTC GTG TTA CCA GAA GAT GCC GTC GCA CAA GAT ATT AAT GTT GTC GAT 
Cgla                            GTT CCT GAA ACA GTA ACC GTT GAA AAT GTT CAG TCT AAG GAT AAG GTT CTG AAA AGA GCA CCT TAC TAC GCA GCG GTT GCA AAT TCG GAA GTT ACC GTT AGA CGT AGA ATC ACA GAC AGT TTG CTG GGT TAT GAC CAG GAT AGC AAT GTC TAC GTT ATT TCT TAC ACA ACA AGA CCC GAG CCA GTG GTT GTC AAG TAC GAA GGC ACT GTT GAA GTA GAA ATA ATA AAT CAA TTA CCA TTC CAG TTG GTG GTG GTT GCG GGG GTT ATT AGT CCT TCT GCC CAT AGG AGC GTT TCC GAT GAT GAT AAA ACT CTG AGT AGA GTT ACA GAC GTT TTG CCC GCA AAC TCT CCT TGG GAT ACT ATA ACC GTG AAT TAT GAA TTA TCT AAC TCC ATG CAT GTT GGG TGG CAG CCT CAC CTA ACA ATT AGA GCA GAA ACT AAG CAA AGA AAG TAC TTA AAG GTT TTT GTG GCG GAT GTC CCT TTT CTA GAC ATT CAA GTC GGT TAT GTT GGT CCA CAG TAT GCT GAA GAG TAC GCT ATA CAA TTT GAA GTT GAG ATA AGA GAG GTT GAA GAA TTA CCT GAT GCG ATC GGC GAG GGA AAA CTA TAT CCC TTC AAT TCT CGC GAA GGC ACG GGC TTG TTT ACC TCC CAG GCT TTC GAA TAC GAT GAA TTC AGA GGA TGG CCT GAA GAT GTG GGT AAT ATT CCT ATG TAC AAT AAA GAG ATA CCC CAC CAT AAT CAT AAT GCA TCC AGT TAC ATT AAA TGG CCA GCG GGA AGG AAA GGG GAA ATG GAT CCA CCC TGG AGC GCT AGT GAG GAG GCA TTC ACC TCT GAT ACC AAT TTC TCT GGT CCA ACT ATA TAC AAG ATT TTC GTT GAC GAT AGG CTG ATG AGA ATT GTC TAC CTG AGA AAG ATA GAC TCT ATC GTT AAA GCA GAA CTA TAT AAG TGG GAG GCA AAA AGA ACA GTT CCA TAC TAC GAG ACA GGC ATT GAT CAG TAT CAT GGA TCC ACG GAC TTG ACC GAT CAA AAC AAG AGT ATA AGA GAA AAG AGC AAA AGT GTT GAC ACA AGA AAG GAT CCA TAT CGT TCC CTA CCT TAC GAG TCC ACT GGT TAC CTG GCT GAG TTG CAA CTA AAC GAA GTT GTT TTG ATT GGT ACA CTA CTA GTT CTA CCT GAA CAG GAA GTC GTT AAT GAT ATT AAT GTT TTA GAT 
Agos                            GTG CCC GAG ACG GTA AAC GTC GAT CAC GTG CAG GAC GAA GAC AAG CTT CTC AAG CGC CCG CCG TAC TAT CCG GCG GTC GCG AAC TCG GAT CCG ACG ATC CGG AAA CAG ATA ACC GAT AGC CTT CTC GGT TAC GAT CAG GAC AGC AAT ATA CAT GTC TTT GGG TAC AGT GCC CGG CCG GAA CCA GTA ATG GTC GCG TAC GAA GGG CCT GTC AGC GTA GAA ATC ATA AAC ACC CTG CCG TTC CAG CTG GTT GTG GTG GCG GGC TTC ATT AAG AAA TCG GCC CAC CGG GCC CTA TCC AAC GAC GAC AAT GGG CAG AGC AGG GTC GCC GAC TTC CTC CCG GCG AAC TCC CCA TGG GAC TCT ATC ACC GTG AAC TAC GAG CTG TCG AAC TCG ATG CAT GTG GGC TGG CAG AAA CAC CTG CAG ATT CAA GCG CAG TCT AAG AAG AGG CGC TTC CTG AAG GTT TTT GTG GCG GAC TTA CCG TTC CTG GAC ATA CGG ATA GGC TAC ATC GGG CCG CAG TAC GAC CGC GAA TAT GAC ATT AGC TTC GAT ATC GAA ATA CGG ACT TTC GAG GAG ATC CCG GAC TGC ATT GGT GAG GCG AAG CTG TAC CCG TTC GAG GAC CGG AGC GGG TCA GGT CTG TTT ACC GCA CAG GCG ATG CAG CAT GAT GAA TCT AGG GCG TGG CCC CAG GAC GTT GGG AAC GTT AAA ATG TAT AAC GGG CAG ATC CCG CAC CAC AAC CAC GAG GCA AGC AGC TAT GTT AAG TGG CCA TGC GGA CGG AAG GGC GAG ATG GAC CAG CCG TGG GAC GAC AGC CAG ACT GCA TTC AAC AAG AAT ACG AAC TTC GAG GGA TCT ACT GTG TTC AAG ATC TTC TTC GAC GAC CGG CAG CTC AGG ATT ATC TAC CTG CAA AAG GTG GAT TCC ATT CCG GGG GCA CAG CTG CTC GCG TGG CTC CCG AAG CGC ACA CTT TCT TAC TAC GAG AGT GGT ATC GAA CAG TAC CAG GGA TCG TCG GAC CTG AAC AAT AAG TCT CGC AAG ATA CAG GAG AAG GAC AAG AAG GTG GAC CAG AGA GAG GAC CCG TAT CGG ACG TTA TGG TAC ACC TCC ACT GGT TAC CTG GCA GAG CTT GAA CTG AAC ACC GTT GTT CTG ATC GGC ACA CTG CTG GTG CTG CCG GAG AGC CGC GTC GTC GAG GAT TTT AAC GTC ATC GAC 
Klac                            GTG CCC GAA ACG ATT AAT GTC GAC CAG GTC CAA GAC AAA GAT AAA CTT ATC AGG AGG ACT CCA TTC TAT ACT GCG GTC TCA AAT TCG GAC GCA ACC ATT AGA AAG AAA ATC ACA GAC AGT TTA ATC GGC TAT GAC CAG GAT AGT AAC CTT CAT GTT GTG GAT TTC ACT ACC AGA CCA GAG CCA CTG GTT GTT GAC TAT TCA GGT TCC GTT CAC ATT GAA ATC ATT AAT CAT TTA CCA TTT CAA CTA GTA GTA GTG TCT GGT TTC ATA AGA CCT TCT GCA CAC AGA CTG GTT TCT AAT GAT GAT AAG TCT CTG AGT AGG GTC ACC GAT TTC CTC CCA GCA AAC GCA CCG TGG GAT ACC ATA ACA ATC AAT TAT GAA TTA TCT AAC TCT ATG CAT GTT GGT TGG CAA CCT CAT TTA ACA ATT AAG TCA AGA ACC CGT AAA AGA AAA TAC TTG AAG GTG TTC GTA GCG GAT GTA CCA TTC TTA GAT ATC AAA CTT GGA TTT ATT GGT CCA CAA TAT GGT CAG GAG TAT GGT GTA GCC TTC GAC ATT GAG ACA AGA GAT TTC GAA GAA GTA CCT GAC AGT ATC GGC GAG GCA AAG CTA TAT AAG TTT GAA GAC CGT CAC GGT TCT GGC CTA TTC ACA AGT CAA TCA ATG AGA CAT GAC GAA TCT CGT GCA TGG CCC AGA GAT GTA GGT AAC GTT CCT ATG TAT AAC AAG CAG ATC AAG CAT CAC AAT CAC GAA GCA AGT AGT TAC GTT AAG TGG CCA AGT GGC AAG AAA GGT GAA ATG GAT GAT AAG TGG GAT GGT AGT CAG GAT GCC TTT AAT TCG GAA ACA AAT TTC GAG GGT CCA ACA ATC TAC AAA GTA TTT TTC GAT GAT AGA CTG TTA CGT ATA ATT TAC TTA AAG AAA ATC GAT GCA ATC GCA AAG GCC AGA TTA GCT GAC TGG TTG ACT AAA AGA ACA CTT CCA TAT TAT GAA ACT GGC GTA GAA CAG TAC CAA GGC TCT TCC GAA CTA AAT GAA AAA AGC AAA AGA ACA AAA GAG AAA GAT AAA AGA GTT GAT ACT AGG AAG GAT CCA TAC CGT AGC TTA TGG TAC CAA TCT ACA GGC TAC TTA GCA GAG TTG GAG TTA AAT ACC GTG GTG CTA GTA GGA ACA TTA TTA GTG CTA CCA GAG AAA CAG GTT GTT GAA GAC GTG AAT GTC GTA GAT 
Calb                            GTA CCA GAA ACC TTA TCG ATT AAA AAT GTC CAA GCT CCT AAC ACT ATC TTG AAG AGG CCT CCT GGA TTT CCT GCC ATT GCC AGA TTA AAA GTA GAA ATC AGT AAG AAA ATA ACT GAC TCA TTA TTG CTG TAT GAC CAA AAC TCA CAT ACT GCG CTA ATG ACA GGA GTT GTA AGA CCA GAA ATA TAT GTT GTT GCA TAT GAA GGG TCC CTA AAG TTA GAA ATA ATA AGA ACA TTG CCT TTT AGA TAT GTG GTC GTA GCC GGG TTA GTC AAT CCA TTG GCG CAT AGA GAA GTT AGC GAT GAT AAC AAT GAA ATG TCA AGA ATT GTA GAT TTA ATG CCA ACC CAA TGC CCT TGG GAA GCG ATA ACG ATA AAT TAC GAA TTG TTG GAT TCA TTA CAA GTT GGG TGG AGA CCA CAT ATG AAA ATT AAA GCC TTG GCG CAG AAA AGA ACA TAT TTG AGA GTT TTT TTG GCC GAT ATA CCT TTG ATG GAT AAT AAA ACT GGT TTT ATC GGT CCT AGA TAT AAA ACA GAA TTT AAA GTT AAC TTG AAA ATC GAA TAC AGT GAG TTA GAG GAA ATC CCA GAA AAG ATA GGT GAA GCA TCA TTG TAT CCC TTT GAA GCT AGC AAG GGG AGT GGT TAT TTT ACG GGT CAA ACT TTT TTG GCG GAC GAA AAA AAA GCA TGG CCA TTG GAA GTG GGT AAT GTC CCA ATG TTT AAT AAA GTT ATA CCC CAT CAT AAT CAT GAA GCG AGT TCA CAG GTC AAA TGG ATA AAG GGT CAA AAA GGG GAG ATG GAT CCT CCC TGG CTA AAA TCA GTT GAG GCA TTT TCG CAA AAA ACA AGA TTT AGT GCT TCT ACC ATT TAT AAA ATC TTT TTA GAT GAC AGA ATG TCA AAA GTC ATA TAT TTG AAA AAA ATT GAA TGC ATA GTA AAA GCA TTG ATG AGT GCA TGG ATA CCT AAA AAA ACC ATC TCT TAT TTT GAT GTT GGT ATC AAC CAA TAC CAT GGT TCA TCC AAT TAT TCG AAA AAA TCC ACA AAT TAC AAA GAA ACT CTA AAA AAT GTC GAT AAT AGA AAA GAT CCT TAC AGA ACC TTG AAG TAT CCA AGC ACC CTG TAT TTG GCG GGG TTA GAC TTA AAC GAA GTT GTT TTA ATC GGT ACC ATG ATG GTA TTG CCT GAA GAC ACA GTT CTA GAA GAC ATG AAT ATT ATC AAC 



Printing out site pattern counts


         9        723  P

Scer                            AAA AAA AAA AAA AAA AAA AAA AAA AAA AAA AAA AAA AAC AAC AAC AAC AAC AAG AAG AAG AAG AAG AAG AAG AAG AAG AAT AAT AAT AAT AAT AAT ACA ACA ACA ACA ACC ACC ACG ACT ACT ACT AGA AGA AGA AGA AGA AGA AGC AGC AGG AGG AGG AGT AGT AGT AGT AGT AGT ATA ATA ATA ATA ATC ATC ATC ATG ATG ATT ATT ATT ATT ATT ATT ATT ATT CAA CAA CAA CAA CAA CAA CAA CAA CAA CAA CAG CAG CAG CAT CAT CAT CAT CCA CCA CCA CCA CCC CCC CCC CCC CCT CCT CCT CCT CGC CGT CTA CTA CTC CTC CTG CTG CTT CTT CTT GAA GAA GAA GAA GAA GAA GAA GAA GAA GAA GAA GAA GAA GAC GAC GAC GAC GAC GAG GAG GAG GAG GAT GAT GAT GAT GAT GAT GAT GAT GAT GAT GAT GCA GCA GCA GCC GCC GCC GCC GCC GCT GCT GCT GCT GGA GGA GGC GGC GGC GGC GGG GGG GGT GGT GGT GTA GTA GTA GTA GTA GTC GTC GTC GTC GTC GTC GTG GTG GTG GTG GTT GTT GTT GTT GTT GTT GTT GTT TAC TAC TAC TAC TAC TAC TAC TAT TAT TAT TAT TAT TAT TCA TCA TCA TCA TCA TCC TCC TCG TCG TCT TGG TGG TTA TTA TTA TTA TTA TTA TTA TTA TTC TTC TTC TTC TTC TTC TTG TTG TTT TTT TTT TTT TTT 
Sbay                            ... ... ... ... ... ... ... ..G ..G ..G ..G .GG ... ... ... ... ... ..A ..A ... ... ... ... ... ... ... ..C ..C ... ... ... ... ... ... ... ..C ... ... ... ..C ... ... ... ... ... ... ... ..G ... ..T ... ... ... ..C ..C ..C ... ... ... ... ... ... ... ..A ... ... ... ... ..C ... ... ... ... ... ... ... ... ... ... ... ... ... ... ... ..T G.G ... ... ... ... ... ... ... ... ... ... ..T A.. ... ... G.. ..C ... ... ... ... ... ... T.. ..G ..T ... ..T ..G ... ... ... ... ... ... ... ... ... ... ... ... ... ..G ..G ... ... ... ..G ..G ..A ..A ..A ... ..C ..C ..C ... ... ... ... ... ... ... ... ... ..G ..G ..A ... ... ... ... ..A ..C ..C ... ..T ..T ... ... ..T ..T ..C ... ..C ... ... A.C ..G ..G ..G ..T ... ... ... ..G ..G ..T ..A ..A ..A ... A.. ..C ..C ..C ..C ..G ..G ... ... ... ... ... ... ... ..T ... ... ... ... ... .CC ... ... ... ..C ..G ... ... ..C ..T ... ... ... C.. C.. C.G ... ... ... ..G ..G ... ... ... ... ... ... ... ... .A. ..C ..C ..C ... 
Smik                            ... ... ... ... ... ... ..G ... ... ..G ..G ... ... ... ... ..T ..T ..A ... ..A ..A ... ... ... ... ... ... ... ... ... ... ... ... ... ..G ..C ... ... ..A ..C ... ... ... ... ... ..G ..G ..G ... ... ... ... C.. ..C ..C ... ... ... ... ... ... ... ... ..T ... ..T ... ... ..A ... ... ... ... ... ... ... ... ... ... ... ... ... ... ..G ..C A.G ..A ... ... ... ... ... ... ... ..T ..T ..C ... ..T G.. ..G ... ..C ... ... ... ... T.. ... ... ... ... ... ... ... ... ... ... ... ... ... ... ... ... ... ..G ..G ... ... ... ... ... ... ..G ..A ..A ... ... ... ... ... ... ... ... ... ... ... ... ... ... ... ... ..A ... ... ..T ..T ... ..C ... ... ... ..G ... ... ... ..T ..A ..A ..C ... ... ... ... ..G ..G ..T ... ..G ..T ... ... ..A ..A ..A ... ... A.C ..C ..C ... ... ..A ..G ... ... ... ... ..T ..T ..T ..T ..C ... ... ... ... .CG ... ... ..G ... ..G ... ... ... ..A ..C ... ... ... ... ... ... ... ... C.G ..G ... ... ... ... ... ..T ..A ... .A. ..C ... ... ..C 
Spar                            ... ... ... ... ... ... ... ... ... ... ..G ..G ... ... ..T ... ... ... ... ..A ..A ... ... ... ... ... ... ... ..C ... ... ... ... ..G ..G ... ..T ..T .G. ... ..A ... ... ... ... ... ..G ... ... ... ..A ... ... ..C ... ... ... ... ... ... ... ... ... ..T ... ... ... ... ... ... ... ... ... ... ... ... ... ... ... ... ... ... ..G ... ..T A.G ... ... ... ... ... ... ... ... ... ..T ..C ... AGT ... ... ... ... ... ... ... ... T.. ... ... ..G ... ... ... A.. ... ... ... ... ... ... ... ... ... ... ... ..G ... ... ... ... ... ... ..G ..A ... ... ... ... ... ... ..C ... ... ... ... ... ... ... ... ... ..G ... ... ... ... ..T ... ..C ... ... ... ..G ... ..T ... ..T ..A ... ... ... ... ... ... ... ..G ... ... ..T ... ..A ... ... ..A ... ..A ... ..C ..C ... ... ... ..A ... ... ... ... ..T ... ..T ..T ..T ... ... ... ... ... ... ... ..T ... ..G ... ... ... ... ..A ... ... ... C.. ... ... ... ... ... ..G ..G ... ... ... ... ..T ... ... ... .A. ..C ... ... ..C 
Ncas                            ... ... ... ..G ..G .G. ..G ... ..G ..G ... .CT ..T ..T ... ... ..T ..A ..A ..A ..A ..A ..A ... ... ... ... ... C.C ..C ... ... ... ... ..C ... ..T .GA .A. G.C ..A ... ... ... ... ..G ... ... TC. ..T ..A ..A ..A ... CAG ... .CG ..C ... ... ..T ..T ..T ... G.A ... ... T.. ... ..C ... C.. GAA GCA G.G G.. A.. A.T ... ... ... TC. ..G ... ..T AGC ..A ..A ..A ... ... ... ... ..C ..G ..C ... ..T AAT ..A TTA ..A ..A ..A ..A ... ... T.G T.. T.. ..T T.A T.. ..A A.A T.A A.G ... ... ... ... ... ... ... ... C.G ... ... ..T ..T ..T ..T ..T ..T ..A ..A ..A ..A A.. ..C ... ..C ..A ..A ... ... ... ... ... ... ..T ... T.T ... ..T ..G ..A ... ... .TC A.C ... ... .C. ..T ..T .CT ..C ..C ..A ..G ... A.T C.G ... ..C A.C ... ..T ... A.A ..G ..T ..C A.T A.T ... A.C ..C ... ..C ..G CC. ..A ..A ..T ..T ..T ..T ... ..T ... ..C ..C ..C ... .C. GCC ... ... ..T ... ..T ..A ..A G.C ..C ..C ... ... ... ..G ..G C.T ... ..G C.. C.T G.. ... ... ... A.G ..T ..A ..A .A. ... ... ... ... 
Cgla                            ..G ..G ..G .C. C.. .G. ..G TCT ..G ..G ... G.. ... ..T ..T ..T ..T ..A ..A ..A ... ..A CGT ..A ... .GA ..C G.. ... G.C ..C ... .GC ... ..T ..C ..A ... GAA ..A ..G ..A ... ... ... ... ... ..G ..T ... ..A ..A ..A .CC .AG ... .CC .AC .CA ... ... ... ..T ... ... ..A ... ... ..A ... ... ..A GAG G.. ... ... ... AGG A.T ..G ..G G.. ..G ... G.T G.. ... ..T G.. ..C ... ... T.C ..T ... ..C ..T G.A ... ..A ..A ... ... ..A ... ... ... T.G ..G ..A T.G ... TAC G.C TA. ..G C.. ... ... ..G ..G ..G ..T .CT TCT ..G ... ... C.G AG. ... ..T C.A ... ..A ..A ..A ... TC. ..C ... ... ..A ..G ..C ... ... ... ... ..T ..G ..T T.T ..A ..A ..G ..A A.. ..C .T. ..A TCC ..C ..T ..A ... ..T ..T ... ..C ..A ... ..C ..T ... ..G ..G T.A ..T ..T ... ..T ..T ..C ..T ... ..T ACA ... ..G ... ... AC. ..G .CG ... ..T ... ... ... ..T ..T ... ..C ... ..C ... G.A .TC ..C ..G ..T ..T ... ... A.T A.. ..C CCT ... ..G ... G.T C.. C.. C.. ..G ..G G.T ... ... ..T A.T ..T A.. ..A .AC ..C ..C ... ..C 
Agos                            ..G ..G CGC C.G CGG C.G GCG ..G ..G G.G GGG G.T ... ... ..T ... ... ... ..T ... ... ... ..A ... ... C.A ..C ..C C.C G.C ..C ..C G.C .GT ..T ..G ..A ... ..C G.C T.A ..G ... ..G C.C C.C C.G C.G .AG ... C.. ... ... .AC GAA ..C .CG TC. .CC ... ... ..C ..T ..A ..T G.G ... ... ..C ..C T.. ... C.C G.C G.. ... A.G .GG G.G ..G ..G ..G ..G ACC A.T AGC ... ... ... ..C ..C ... ... AA. ... ..G ... ..G ..G T.T .AG ..C ..G ..G ..G ..G ..G ..G ..C ..G ..T .A. TAC T.A ..C ..G AGC ... ..G ACC ..G ..G ... ..C ..G ... ... ..G AGC ... ..T ... ..A ..T ... ... ... ... .GG ..C ..C ..C ..A AC. ..C ..C ..C ..C ... ..G ..G ... T.. ..G ..A ..G ..A T.. ..C C.G ..G .C. ..G ..T ..A ..T ..A ..C ..C ... .CG ..G A.. ..T ... ..G ... A.. ..G A.. A.. ..G ... ..C C.A ..T ... CAG A.G ..G ... ..G CC. ..G TGC ... ..T ..T ... ... ... ... ..C .TC ..C ..C ..C CGC ..T AGC ..G ..G GAC A.G ..G GG. ... ..C ... ... C.C C.G C.T ... C.G C.G C.T C.G ... ... ... ..T A.A ..T C.C C.. .A. A.G ..C ..C ..C 
Klac                            ... CGT ... .CT ... ... G.C TCG ... ..G ..G G.C ... ... ... ... ..T ..A ... ... ..A ... ... .G. ... ... ... ... C.G G.. ..C ... CTG ..T ... ... ..A ..A ..C ..C T.. ..G ..G C.T ..G ... ... ... ..A ..T ..A ... ..A .A. .AA ... .CC ..C .CA ..T .C. ... ..T ... ... ... ... ... ..C G.A G.G G.A T.G G.. G.. ..A A.. A.G G.. ... ..G AG. ... ..T G.. ..C ... ..A ... ... ..C ... ... ..T ... ... ..G A.T AAG ..A GAT ..C ... ..A ..A ..T ... ... A.C T.A T.G ... TAT G.A GC. T.A .CC ... ... C.. ... ..G ... .GT ..G ..G ... ..G A.. ..T ... ..T ..G ..T ..A ..A ... ... ... ..A ... ..C TCA ... ... ... ... ... ..C T.. T.T ... ..A T.A ..A ..G ... A.C ..A ..A ..A A.T ..T ... ... ... ..T ..A ..T ..C .CA ... C.T ..G A.T A.C C.G ..A ..T A.T A.T ..T ... ..T ..T ..A ..C ACA ... ..A ..G ..G TCC ..A AG. ..T ... ... ... ... ..T ... .T. ..C ... .TC ... C.G ..T AGT ..G ..T GAC AG. ..T ..T ..C ... ... ... C.C ... C.T ... C.. ... ... C.. ... ... ..T ... A.. ... ..A ... .A. A.G ... ..C ... 
Calb                            .CT C.G .C. ..T ... ... GC. C.. ... ... ... ... G.T ..T C.T ..T .GA ..A ..T ..A ..A TCA ... ... .GA ..A ..C G.. ... G.. C.A ... GA. GTT ..C ... ... ..G GAA GTA .G. ..C ... .A. ..G .A. ... ... .AT TCA ..T ..A ..A TCG CC. TCA GAA TCC .C. ... TAC ... ..T ..A ..A ..T ... T.A ..A ..C ..G G.. ..A C.A G.C G.C A.. ... G.. ... ... TTG AG. AC. A.. A.G ..A ..T GTT ... ... ..A GCG ... AT. ... ..T ..T ... T.T ..T ..A ..A ... ... A.. A.A TAT T.G A.G T.A A.. T.T A.A AG. T.G A.C ... ... CC. ..T ... A.C A.. AGT ... ... ... ..C CTA ... A.. ... ..A ..A ... ..A .G. ACA A.. ... ..A ..A ..G ... ..A ..C ... ..C A.T ..C ..G TG. ... ..G ... ..A ..G ..G .TA A.C ..T ..G CTG ..T ..T .CT ..T ... ... .CA ... ACT ..T T.. A.. TAT A.. ..T A.. A.A ... A.T ..T ..T ... ..C AAA ... T.G ... ..A TCC ..C AAG ..T ... C.G ..T ..T ..T ... .T. ... ... GGA ..C ACA AA. AGT .T. .TG G.T A.. ..A GAA ..C AGC AA. ... A.G ..G A.C ..G ..G ... ... ... ..A ..T ..T ..T AAT ..T .CA ... ... ... ... ..G ... 

    2    1    2    1    1    2    2    1    1    1    2    3    1    1    1
    1    3    3    1    1    1    1    1    1    1    2    1    1    1    3
    1    3    1    2    2    1    2    2    1    2    1    1    1    2    1
    1    1    2    3    1    2    1    1    3    1    4    1    1    1    1
    2    1    1    1    2    2    2    1    2    3    2    1    1    3    2
    2    2    1    3    2    1    4    3    1    2    2    1    1    2    2
    3    1    2    3    2    2    1    3    3    2    1    2    1    3    3
    1    1    3    2    5    1    2    1    1    1    2    1    1    2    1
    1    1    1    3    1    3    1    1    1    2    2    4    1    1    1
    2    1    1    1    1    2    1    1    2    1    2    1    2    2    1
    1    1    2    2    1    2    2    2    1    2    1    1    2    2    2
    2    1    2    3    1    2    2    2    2    2    1    1    2    1    3
    1    1    4    2    1    2    1    1    1    1    1    3    1    1    2
    2    1    1    2    1    1    1    1    2    2    2    1    2    1    1
    1    2    2    1    2    1    1    2    1    6    1    2    2    1    2
    1    1    1    4    1    1    1    1    1    1    1    3    1    1    2
    2

CODONML (in paml version 4.9j, February 2020)  temp.nuc
Model: One dN/dS ratio, 
Codon frequency model: Fequal
ns =   9  ls = 393

Codon usage in sequences
--------------------------------------------------------------------------------------------------------------------------------------
Phe TTT   9   2   4   4   7   4 | Ser TCT   2   3   0   3   6   9 | Tyr TAT  10  12  15  17  12   8 | Cys TGT   0   0   0   0   0   0
    TTC   9  13  11  11   8   7 |     TCC   3   8   5   3   6   7 |     TAC   9   8   5   5   7  16 |     TGC   0   0   0   0   0   0
Leu TTA  11   6  13  11  12   5 |     TCA   7   3   5   5  11   0 | *** TAA   0   0   0   0   0   0 | *** TGA   0   0   0   0   0   0
    TTG   2   4   2   4  10   7 |     TCG   2   2   6   3   0   1 |     TAG   0   0   0   0   0   0 | Trp TGG   7   7   7   7   7   6
--------------------------------------------------------------------------------------------------------------------------------------
Leu CTT   4   5   4   3   4   0 | Pro CCT   9   8  15  11   4  11 | His CAT   8  10   8  10  10   5 | Arg CGT   1   1   1   1   1   2
    CTC   6   0   6   5   0   0 |     CCC   9   7   5   7   5   5 |     CAC   0   0   2   0   1   2 |     CGC   1   1   1   1   1   1
    CTA   5   6   2   3   2   9 |     CCA   8   7   3   5  12   8 | Gln CAA  21  17  17  14  11   6 |     CGA   0   0   0   0   0   0
    CTG   3  10   4   4   2   6 |     CCG   0   0   1   0   2   0 |     CAG   4   4   4   7   7   8 |     CGG   0   0   1   0   0   0
--------------------------------------------------------------------------------------------------------------------------------------
Ile ATT  16  15  17  18  13  11 | Thr ACT   4   2   2   7   6   6 | Asn AAT  10   8  14  10  16  13 | Ser AGT  11   4   7  11   9   7
    ATC   5   8   3   4   8   3 |     ACC   4  10   7   0   3   7 |     AAC   7   9   3   7   5   4 |     AGC   4  11   8   7   3   4
    ATA   5   6   7   5   3   9 |     ACA   6   5   4   3   5  10 | Lys AAA  19  15  19  16  18   9 | Arg AGA   8   6   4   9  15  14
Met ATG   3   3   3   3   3   4 |     ACG   1   1   2   4   1   2 |     AAG  12  13  14  17  12  12 |     AGG   4   9   7   4   1   3
--------------------------------------------------------------------------------------------------------------------------------------
Val GTT  11   7  10   9   8  29 | Ala GCT   6   1   9   7   6   5 | Asp GAT  16  12  16  15  21  18 | Gly GGT   5  10   5   8   6   7
    GTC  12  12   6  12  16   6 |     GCC   9  11   6   8   9   1 |     GAC  10  12   9  10   2   8 |     GGC   7   7   7   4   5   5
    GTA   8   5  12  13   7   2 |     GCA   3   5   5   2   7   9 | Glu GAA  18  20  17  18  22  22 |     GGA   3   0   6   3   4   4
    GTG   6  10   8   3   7   6 |     GCG   0   2   0   1   2   5 |     GAG   5   7   7   6   0  12 |     GGG   5   3   2   5   2   3
--------------------------------------------------------------------------------------------------------------------------------------

--------------------------------------------------------------------------------------
Phe TTT   4   5  13 | Ser TCT   6  10   2 | Tyr TAT   5  10  14 | Cys TGT   0   0   0
    TTC  13  11   0 |     TCC   4   2   3 |     TAC  14   8   5 |     TGC   2   0   2
Leu TTA   2  13  12 |     TCA   1   4   9 | *** TAA   0   0   0 | *** TGA   0   0   0
    TTG   0   3  19 |     TCG   6   2   3 |     TAG   0   0   0 | Trp TGG   7   7   6
--------------------------------------------------------------------------------------
Leu CTT   4   4   0 | Pro CCT   1   4  12 | His CAT   3   6   7 | Arg CGT   0   5   0
    CTC   6   1   0 |     CCC   2   2   3 |     CAC   6   5   0 |     CGC   6   0   0
    CTA   1   6   5 |     CCA   3  12   9 | Gln CAA   2   7   8 |     CGA   0   0   0
    CTG  17   4   2 |     CCG  17   1   0 |     CAG  21   7   2 |     CGG   9   0   0
--------------------------------------------------------------------------------------
Ile ATT   6   8   7 | Thr ACT   4   6   6 | Asn AAT   4  11  13 | Ser AGT   2   9   6
    ATC  12  11  10 |     ACC   6   6   7 |     AAC  15   5   7 |     AGC  10   2   3
    ATA   7   3  13 |     ACA   2  11   7 | Lys AAA   4  16  29 | Arg AGA   1  14  14
Met ATG   5   4  12 |     ACG   4   1   2 |     AAG  18  14   7 |     AGG   4   4   1
--------------------------------------------------------------------------------------
Val GTT   7  11  13 | Ala GCT   0   1   3 | Asp GAT   8  22  11 | Gly GGT   5  11  10
    GTC   9   5   7 |     GCC   4   3   5 |     GAC  24  12   7 |     GGC   5   7   0
    GTA   3  11   7 |     GCA   5  10   6 | Glu GAA   9  15  23 |     GGA   3   2   2
    GTG  11   8   2 |     GCG  11   2   7 |     GAG  15   9   4 |     GGG   8   0   6
--------------------------------------------------------------------------------------

Codon position x base (3x4) table for each sequence.

#1: Scer           
position  1:    T:0.18066    C:0.20102    A:0.30280    G:0.31552
position  2:    T:0.29262    C:0.18575    A:0.37913    G:0.14249
position  3:    T:0.31043    C:0.24173    A:0.31043    G:0.13740
Average         T:0.26124    C:0.20950    A:0.33079    G:0.19847

#2: Sbay           
position  1:    T:0.17303    C:0.19338    A:0.31807    G:0.31552
position  2:    T:0.28499    C:0.19084    A:0.37405    G:0.15013
position  3:    T:0.25445    C:0.29771    A:0.25700    G:0.19084
Average         T:0.23749    C:0.22731    A:0.31637    G:0.21883

#3: Smik           
position  1:    T:0.18575    C:0.18830    A:0.30789    G:0.31807
position  2:    T:0.28499    C:0.19084    A:0.38168    G:0.14249
position  3:    T:0.32316    C:0.21374    A:0.29008    G:0.17303
Average         T:0.26463    C:0.19763    A:0.32655    G:0.21120

#4: Spar           
position  1:    T:0.18575    C:0.18066    A:0.31807    G:0.31552
position  2:    T:0.28499    C:0.17557    A:0.38677    G:0.15267
position  3:    T:0.34097    C:0.21374    A:0.27226    G:0.17303
Average         T:0.27057    C:0.18999    A:0.32570    G:0.21374

#5: Ncas           
position  1:    T:0.21883    C:0.15776    A:0.30789    G:0.31552
position  2:    T:0.27990    C:0.21628    A:0.36641    G:0.13740
position  3:    T:0.32824    C:0.20102    A:0.32824    G:0.14249
Average         T:0.27566    C:0.19169    A:0.33418    G:0.19847

#6: Cgla           
position  1:    T:0.17812    C:0.16031    A:0.30025    G:0.36132
position  2:    T:0.27481    C:0.21883    A:0.36387    G:0.14249
position  3:    T:0.34351    C:0.19338    A:0.27226    G:0.19084
Average         T:0.26548    C:0.19084    A:0.31213    G:0.23155

#7: Agos           
position  1:    T:0.16285    C:0.24936    A:0.26463    G:0.32316
position  2:    T:0.27226    C:0.19338    A:0.37659    G:0.15776
position  3:    T:0.15013    C:0.35115    A:0.10941    G:0.38931
Average         T:0.19508    C:0.26463    A:0.25021    G:0.29008

#8: Klac           
position  1:    T:0.19084    C:0.16285    A:0.31807    G:0.32824
position  2:    T:0.27481    C:0.19593    A:0.37405    G:0.15522
position  3:    T:0.31298    C:0.20356    A:0.31552    G:0.16794
Average         T:0.25954    C:0.18745    A:0.33588    G:0.21713

#9: Calb           
position  1:    T:0.22392    C:0.12214    A:0.36641    G:0.28753
position  2:    T:0.31043    C:0.21374    A:0.34860    G:0.12723
position  3:    T:0.29771    C:0.15013    A:0.36641    G:0.18575
Average         T:0.27735    C:0.16200    A:0.36047    G:0.20017

Sums of codon usage counts
------------------------------------------------------------------------------
Phe F TTT      52 | Ser S TCT      41 | Tyr Y TAT     103 | Cys C TGT       0
      TTC      83 |       TCC      41 |       TAC      77 |       TGC       4
Leu L TTA      85 |       TCA      45 | *** * TAA       0 | *** * TGA       0
      TTG      51 |       TCG      25 |       TAG       0 | Trp W TGG      61
------------------------------------------------------------------------------
Leu L CTT      28 | Pro P CCT      75 | His H CAT      67 | Arg R CGT      12
      CTC      24 |       CCC      45 |       CAC      16 |       CGC      12
      CTA      39 |       CCA      67 | Gln Q CAA     103 |       CGA       0
      CTG      52 |       CCG      21 |       CAG      64 |       CGG      10
------------------------------------------------------------------------------
Ile I ATT     111 | Thr T ACT      43 | Asn N AAT      99 | Ser S AGT      66
      ATC      64 |       ACC      50 |       AAC      62 |       AGC      52
      ATA      58 |       ACA      53 | Lys K AAA     145 | Arg R AGA      85
Met M ATG      40 |       ACG      18 |       AAG     119 |       AGG      37
------------------------------------------------------------------------------
Val V GTT     105 | Ala A GCT      38 | Asp D GAT     139 | Gly G GGT      67
      GTC      85 |       GCC      56 |       GAC      94 |       GGC      47
      GTA      68 |       GCA      52 | Glu E GAA     164 |       GGA      27
      GTG      61 |       GCG      30 |       GAG      65 |       GGG      34
------------------------------------------------------------------------------


Codon position x base (3x4) table, overall

position  1:    T:0.18886    C:0.17953    A:0.31156    G:0.32005
position  2:    T:0.28442    C:0.19791    A:0.37235    G:0.14532
position  3:    T:0.29573    C:0.22957    A:0.28018    G:0.19452
Average         T:0.25634    C:0.20234    A:0.32136    G:0.21996

Codon frequencies under model, for use in evolver (TTT TTC TTA TTG ... GGG):
  0.01639344  0.01639344  0.01639344  0.01639344
  0.01639344  0.01639344  0.01639344  0.01639344
  0.01639344  0.01639344  0.00000000  0.00000000
  0.01639344  0.01639344  0.00000000  0.01639344
  0.01639344  0.01639344  0.01639344  0.01639344
  0.01639344  0.01639344  0.01639344  0.01639344
  0.01639344  0.01639344  0.01639344  0.01639344
  0.01639344  0.01639344  0.01639344  0.01639344
  0.01639344  0.01639344  0.01639344  0.01639344
  0.01639344  0.01639344  0.01639344  0.01639344
  0.01639344  0.01639344  0.01639344  0.01639344
  0.01639344  0.01639344  0.01639344  0.01639344
  0.01639344  0.01639344  0.01639344  0.01639344
  0.01639344  0.01639344  0.01639344  0.01639344
  0.01639344  0.01639344  0.01639344  0.01639344
  0.01639344  0.01639344  0.01639344  0.01639344


TREE #  1:  (((((1, 4), (3, 2)), 5), 6), ((7, 8), 9));   MP score: 1430
This is a rooted tree.  Please check!
lnL(ntime: 16  np: 18):  -7345.403412      +0.000000
  10..11   11..12   12..13   13..14   14..1    14..4    13..15   15..3    15..2    12..5    11..6    10..16   16..17   17..7    17..8    16..9  
 0.177360 0.362835 0.517006 0.082385 0.169070 0.140043 0.000004 0.199145 0.397700 1.853616 1.917111 0.497200 0.658170 2.163613 1.941189 6.328315 1.864374 0.046404

Note: Branch length is defined as number of nucleotide substitutions per codon (not per neucleotide site).

tree length = 17.404761

(((((1: 0.169070, 4: 0.140043): 0.082385, (3: 0.199145, 2: 0.397700): 0.000004): 0.517006, 5: 1.853616): 0.362835, 6: 1.917111): 0.177360, ((7: 2.163613, 8: 1.941189): 0.658170, 9: 6.328315): 0.497200);

(((((Scer: 0.169070, Spar: 0.140043): 0.082385, (Smik: 0.199145, Sbay: 0.397700): 0.000004): 0.517006, Ncas: 1.853616): 0.362835, Cgla: 1.917111): 0.177360, ((Agos: 2.163613, Klac: 1.941189): 0.658170, Calb: 6.328315): 0.497200);

Detailed output identifying parameters

kappa (ts/tv) =  1.86437

omega (dN/dS) =  0.04640

dN & dS for each branch

 branch          t       N       S   dN/dS      dN      dS  N*dN  S*dS

  10..11     0.177   853.7   325.3  0.0464  0.0089  0.1910   7.6  62.1
  11..12     0.363   853.7   325.3  0.0464  0.0181  0.3907  15.5 127.1
  12..13     0.517   853.7   325.3  0.0464  0.0258  0.5568  22.1 181.1
  13..14     0.082   853.7   325.3  0.0464  0.0041  0.0887   3.5  28.9
  14..1      0.169   853.7   325.3  0.0464  0.0084  0.1821   7.2  59.2
  14..4      0.140   853.7   325.3  0.0464  0.0070  0.1508   6.0  49.1
  13..15     0.000   853.7   325.3  0.0464  0.0000  0.0000   0.0   0.0
  15..3      0.199   853.7   325.3  0.0464  0.0100  0.2145   8.5  69.8
  15..2      0.398   853.7   325.3  0.0464  0.0199  0.4283  17.0 139.3
  12..5      1.854   853.7   325.3  0.0464  0.0926  1.9962  79.1 649.4
  11..6      1.917   853.7   325.3  0.0464  0.0958  2.0646  81.8 671.6
  10..16     0.497   853.7   325.3  0.0464  0.0248  0.5354  21.2 174.2
  16..17     0.658   853.7   325.3  0.0464  0.0329  0.7088  28.1 230.6
  17..7      2.164   853.7   325.3  0.0464  0.1081  2.3300  92.3 758.0
  17..8      1.941   853.7   325.3  0.0464  0.0970  2.0905  82.8 680.1
  16..9      6.328   853.7   325.3  0.0464  0.3162  6.8150 270.0 2217.1

tree length for dN:       0.8698
tree length for dS:      18.7434


Time used:  0:12
