      9   1179

Scer                            ATG TCC GGT GTT GGA ATG GAA AAT GGA AAC CCA AAA GGA TCC CAC ACT TTC GTA TCA TCA GAA GAA ACT TTA GAA TCT TTG TAT TTG TTT CTT GGT TTG GCT TCC TAC GTG GGT AAC AAT GGT GAA ACC GTA ATG AAT CCA CAC ACA GTA GGT ATT AGA GAA GAA GAT AGA ATA ACT TAC CGA TGG AGA GTG ATG CCA ACA GAT GAA CAT TTC GAA GCC TCC CAC TTC GAG GTG AAA AAA GGA CCC CCT TCT GAA CTG AAT GAG AAA CCA AAG CCA CTG GAA GGC GTT ATA CCT GTG TCC AAT TAC GCA TAC CAA GAC CAT TCT ACA TCC AAG ATT GAA AGG GAG GCT GAT AAA TGG TAC ACC CAG AGA CCT TTG CTG TTA AAC CCA GAT TAT TTA CTG GCA ATG GCC TTG GAG TTG GAA GAA ACA GAC TCA GGT GAA CAA AGA ATG GAC GAT GAC ATG ATT GGA GAT GAT GCA CGT CCT TCT TAT ACA CAA GTG GAT GAC TTA AAC GCT GCT TTA TCT GCC TAT CCT GAA TTA CTA GAT CAG GAG GCC TTC GGC AAT ACC GGT GAC TAC GGT CCT AAA GGT GTG GAA AAG AGC CAA CCT GAA CAA GTT TCA ATG AAA GGT ATG AGC CCA CTG TAT TTC ATG CAA GAA ATG GTG CCT TCA CGT GCC GAC CAG AAA TCT ATA ATT GAA AAA GTA GAC TTC TAT GAT GGA GAG TAC CTG GAA GGT CCT CGT GCT CGT TAT GTA TTA ATT CAA GGT TTG TAT ACC GAC TCA CAC TAC CTG AAC CCA GAT GGT CCT CAA GTT ACC GTT CGA GGT GGT TGT GCC ATG TTA GTG CAA GAG ATT TTT AAG GAT TCC GGT TTA GCT TAT AGA GAA TCT AAG GCC CCT AAA TCT AGA AAC TAC GAA GGT GGA AAT CGT CGT GAT GAT GGT TGT CAT AAG GGG GCA GAA ACA GAA GCT TTA GGG TAT GCA GCA GAA TTG ACC GGG TAT CCT GTT CAG TGT AAG AAT CAA GAC GGG AAA GAG ACA GGT AAT GAA ATA GTA CCA TCC TCA GCT TTC TGG AGA ATT TCA GAT GGA GAT GAG TTG GAT AAA GAA AAG ATT GGT TTA TGG ACT ACA GAT AAA ATG GGC AAG ATT AAG ATC GGT GCT TGG AAT ACC GCT TCG AAG ATG GTT ATA GAC GTT ATT GGG AAT CCA AAG 
Sbay                            ATG TCT GGT GTT GGA ATG GAA AAC GGA AAC CCA AAA GGA TCC CAC TCT TTC GTG TCA TCA GAG GAA ACT TTG GAA TCT TTG TAC TTG TTC CTT GGT TTG GCA TCT TAC GTG GGC AAT AAT GGT GAA ACC GTG ATG AAC CCA CAC ACA GTA GGT ATC AGG GAA GAA GAT AGA ATA ACT TTC AGA TGG AGA GTG ATG CCA ACA GAT GAG CAT TTC GAA GCT TCG CAT TTC GAA GTA AAG AAG GGA GCT CCT TCT GAA CTG AAT GAG AAA CCA AGA CCA CTA GAA GGG GTT ATA CCT GTG TCT AAT TAT GCG TAT CAA GAC CAT TCT ACA TCC AAA ATT GAG AGG GAG GCA GAT AAG TGG TAC ACC CAG AGA CCA TTG CTG TTA AAT CCA GAC TAC TTG CTG GCC ATG GCC TTG GAG TTG GAG GAG ACA GAC TCC GGT GAA CAA AGA ATG GAC GAT GAC ATG ATC GGA GAT GAT GCG CGT CCT TCT TAT ACT CAG GTG GAT GAT TTA GAT GCA GCT CTA TCT GCT TAC CCA GAA TTA CTA GAT CAA GAG GCC TTC GGG AAC ACA GGC GAC TAT GGT CCT AAA GGC GTG GAG AAG AGC CAA CCT GAA CAA GTT TCA ATG AAG GGT ATG AGC CCA CTG TAC TTA ATG CAA GAA ATG AAG CCA GCA CGT GCT GAC CAA AAG TCG ATA ATC GAG AAA GTA GAC TTC TAT GAC GGA GAG TAT CTG GAA GGT CCA CGT GCT CGT TAC GTA TTA ATT CAA GGT TTG TAT ACT GAC TCA CAC TAT CTG AAC CCA GAT GGT CCT CAA GTC ACT GTC AGA GGT GGT TGC GCC ATG TTA AAG CAA GAG ATT TTC AAG GAC TCT GGT TTA GCC TAC AGA GAG TCT AGA GCT CCA AAA TCT AGA AAT TAT GAA GGT GGA AAT CGT CGT GAT GAT GGT TGC CAT AAA GGG GCA GAG ACA GAA GCT TTA GGG TAT GCT GCA GAG TTG ACT GGG TAT CCA GTT CAG TGC AAG AAC CAG GAC GGG AAG GAG ACA GGT AAC GAA ATA GTG CCA TCT TCC GCT TTC TGG AGA ATT GCA GAC GGA GAT GAG TTG GAC AAG GAG AAG ATC GGT CTA TGG TCT ACA GAA AAG ATG GGT AAG CTT AAA ATC GGT GCT TGG AAC ACC GCT TCG AAG ATG GTT ATA GAT GTC ATC GGG AAT CCA AAG 
Smik                            ATG TCC GGT GTT GGA ATG GAA AAT GGG AAC CCA AAA GGG TCT CAC ACT TTC GTG TCA TCA GAA GAA ACT CGT GAA TCT TTA TAT TTA TTT CTT GGT TTG GCA TCC TAC GTG GGT GAT AAT GGT GAA ACC GTG ATG AAT CCA CAC ACA GTA GGT ATT AAA GAA GAA GAT AGA ATA ACT TAC AGA TGG AGA GTG ATG CCA ACA GAT GAA CAT TTC GAA GCT TCG CAT TTT GAA GTG AAA AAG GGG GCT CCT TCT GAA TTG AAT GAG AAA CCA AAA CCG TTA GAG GGC GTT ATA CCT GTG TCC AAC TAC GCA TAC CAA GAC CAC TCT ACA TCT AAA ATT GAA AGG GAA GCA GAT AAG TGG TAC ACC CAA AGA CCT TTG CTG CTG AAT CCA GAC TAT TTG TTG GCA ATG GGC TTG GAG TTA GAG GAC ACA GAA TCA GGT GAA CAA AGA TTT GAT GAC GAC ATG ATT GGG GAT GAC GCA CGT CCT TCT TAT ACC CAA GTG GAT GAT TTA AAT GCT GCT CTA TCC GCT TAT CCT GAA CTG TTG GAT CAG GAA GCC TTC GGC AAT ACA GGT GAC TAC GGT CCT AAA GGT GTG GAA AAG AGC CAA CCT GAG CAA GTT TCA TTT AAA GGT ATG AGC CCA CTG TAT TTC ATG GAA GAA ATG GTG CCT TCA AGG GCT GAA CAG AAG TCC ATA ATT GAA AAA GTA GAC TTC TAT GAT GGG GAA TAT CTG GAA GGT CCT CGT GCT CGT TAT GTA CTA ATT CAA GGT TTG TAT ACA GAC TCA CAC TAC TTG CAT CCA GAT GGT CCT CAG GTT ACT GTT AGA GGT GGT TGT GCC ATG TTA GTG CAG GAT ATT TTT AAG GAC TCC GGT TTA GCT TAT AGG GAG TCT AAA GCT CCT AAG TCT AGA AAT TAC GAA GGT GGG AAT CGT CGT GAT GAT GGT TGC CAT AAG GGG GCA GAC ACA GAA GCT TTG GGG TAT GCA GCA GAC TTG ACT GGT TAC CCA GTT CAG TGT AAG AAT CAG GAA GGT AAA GAA ACA GGT AAT GAA ATA GTG CCA TCC TCA GCT TTC TGG AGA ATT TCA GAT GGG GAT GAG TTG GAC AAG GAA AAA ATT GGT CTA TGG ACT ACA GAT TAC ATG GGC AAA ATT AAA ATT GGT GCT TGG AAT ACC GCT TCC AAG ATG GTT ATA GAT GTT ATT GGT AAT CCA AAA 
Spar                            ATG TCC GGT GTC GGA ATG GAA AAT GGG AAC CCA AAA GGA TCC CAC ACT TTC GTA TCG TCA GAG GAA ACT TTG GAA TCC TTG TAT TTG TTT CTT GGT TTG GCA TCT TAC GTG GGC AAC AAT GGT GAA ACC GTA ATG AAT CCA CAC ACA GTA GGT ATC AGA GAA GAA GAT AGA ATA ACT TAC CGA TGG AGA GTG ATG CCA ACA GAT GAA CAC TTT GAA GCA TCG CAT TTC GAG GTG AAA AAG GGA CCT CCT TCT GAA CTG AAT GAG AAA CCA AAA CCA CTG GAA GGC GTC ATA CCT GTG TCT AAC TAC GCT TAC CAA GAC CAT TCT ACG TCC AAG ATT GAA AGG GAA GCA GAT AAG TGG TAC ACC CAG AGA CCT TTG CTG TTA AAT CCA GAC TAT TTG CTG GCA ATG GCC TTG GAG TTG GAA GAA ACA GAC TCA GGT GAA CAA AGA ATG GAT GAC GAC ATG ATC GGA GAT GAC GCT CGT CCT TCC TAT ACT GAA GTG GAT GAT TTA AAC GCT GCT CTA TCT GCC TAT CCT GAA TTA CTA GAT CAG GAA GCC TTT GGC AAT ACA GGT GAC TAC GGT CCT AAA GGC GTG GAA AAG AGC CAA CCT GAA CAA GTC TCA ATG AAG GGT ATG AGC CCA CTG TAT TTC ATG CAA GAA ATG GTG CCT TCA CGT GCC GAC CAG AAA TCA ATA ATC GAG AAA GTA GAC TTC TAT GAT GGA GAA TAT CTG GAA GGT CCT CGT GCT CGT TAT GTA TTG ATT CAA GGT TTG TAT ACC GAC TCA CAT TAC CTG AAC CCA GAT GGT CCT CAA GTT ACC GTT CGA GGT GGT TGT GCC ATG TTA GTG CAA GAG ATT TTT AAG GAT TCT GGT TTA GCT TAT AGA GAA TCT AAA GCA CCT AAG TCT AGA AAT TAC GAA GGT GGA AAT CGT CGT GAT GAT GGT TGT CAC AAG GGA GCA GAA ACA GAA GCT TTA GGG TAT GCA GCA GAA TTG ACC GGG TAC CCA GTC CAG TGT AAG AAT CAG GAC GGG AAA GAA ACA GGT AAT GAA ATA GTA CCA TCT TCA GCT TTC TGG AGA ATT TCA GAT GGA GAT GAG TTG GAT AAG GAG AAG ATC GGT CTA TGG ACT ACA GAT AAA ATG GGC AAG ATT AAG ATT GGT GCT TGG AAC ACC GCT TCT AAG ATG GTC ATA GAT GTT ATT GGG AAT CCA AAG 
Ncas                            ATG TCC GGT GTG GGT ATG GAA AAT GGG AAT CCA AAA GGC TCA CAT GAA TTC GTG TCC TCT GAA GAA ACG ACA GAA TCG TTG TAT TTG TTT TTA GGT TTG GCA TCG TAT GTA GGG AAT AAT GGT GAA ACT GTG ATG AAT CCA CAT ACG GTC GGT ATT GAA GAA GAA GAT AGA TTA ACG TAT CGA TGG AGG GTA ATG CCA ACC GAT GAG CAA TTC GAA GCT TCA CAT TTC GAA GTT AAA AAA GGG TCT CCA TCA GAA CTC AAT GAA AAG TCA GGA CCT TTG GAT GGG GTT ATT CCA GTA TCG AAT TAT GCG TAC CAA GAT CAT TCT ACA TCA AAG ATT GAA AGG GAA GCA GAT AAG TGG TAC ACT CAG AGA CCT CTA TTA TTA AAT CCA GAT TAT TTG CTC GCA ATG TCT CTA GAA TTG GAG GAT ACC GAA TCA GGG GAA CAA AGA TTT GAC GAC GAT ATG ATT GGC GAT GAC GCG CGT CCC TCG TAT ACT CAA GTA GAT GAT TTA GAT GCC GCG TTG TCA GCC TAT CCT GAA TTA TTA GAT CAG GAA GCT TTC GGG AAT ACT GGT GAC TAC GCT CCA AAG GGG GTA GAG CGT AGC CAG CCT GAA CAA GTG TCT TTT AAG GGT ATG AGC CCA TTA TAC TTT ATG GAG GAA ATG GTG CCT TCA AGA GCC GAA CAG CGT TCC ATT ATT GAA AAA GTC GAT TTC TAT GAT GGG GAA TAT TTA GAA GGA CCT CGT GCA AGG TAC GTC TTA GTG CAA GGT CTA TAT ACT GAT TCA CAC TAT CTC AGC TCA GAT GGT CCT CAA GTG ACA GTG CGA GGT GGT TGT GCT ATG TTA GTG CAA GAA GTG TTC AAG GAT TCG GGT TTA GCT TAT AGA GAG TCA GGA GCT CCT AAA TCT AGA AAT TAT GAA GGT GGG AAT CGT AGG GAT GAT GGT TGT CAA AAA GGA GCG GAT ACC GAA GCG ATG GGT TAT ACT GCG GAT TTA ACA GGT TTT CCA GTT AAA TGT AAG AAT CAA GAA GGA AAA GAA ACC GGT AAT GAA ATA GTG CCA TCG TCA GCA TTC TGG AGA GTG TCA GAT GGC GAT GAA CTA GAT AAA GAA AAG ATT GGT TTG TGG GAA ACC GAT TCA ATG GGT AAA ATG AGA ATT GGG GCC TGG AAT ACT GCG TCT AAG ATG GTG TTA GAT GTG ATA GGT AAT CCA AAG 
Cgla                            ATG TCG GGT GTC GGC ATG GAA AAT GGG AAC CCA AAA GGG TCC CAT ACA TTC ATA TCA TCT GAG GAG ACA ATC GAG TCT TTG TAC TTG TTC CTG GGT CTA GCT TCA TAC GTG GGT CAC GAT GGT GAG ACT ATA ATG AAT CCA CAT ACC GTC GGT ATC CAG GAA GAA GAC AGA CTG ACA TAT CGA TGG AGG GTG ATG CCA ACT GAT GAG CAT TTC GAG GCT TCT CAC TTC GAG GTT CAG AAG GGT CTT CCT TCG GAG TTC GAT GAA AAA CCT AAT CCA CTA GAT GGA GTC GTT CCT GTG TCA AAC TAT GCA TAC CAA GAT CAT TCT ACA TCC AAG ATT GAA CGC GAG GCT GAC AAG TGG TAC ACT AGG AGA CCA TTG TTA TTG AAC CCA GAC TAT TTA TTC GCA ATG AGT TTG GAA TTG GAG GAC ACT GCA TCG GGT GAG CAA AGA ATG GAG GAC GAT ATG ATC GGG GAT GAT GCA CGT CCA TCT TAT AGC CAA GTG GAT GAC CTA TCT TCT GCA CTA TCT GCC TAC CCA GAA TTG CTA GAT CAG GAG GCA TTC GGA AAT ACT GGT GAC TAC GCT CCT AAA GGT GTG GAA AAG GGT CAA CCA GAA CAA GTC TCT ATG AAG GGT ATG GGT CCA TTA TAT TTT ATG GAG GAG ATG GTA CCA TCA CGT GCC GCA CAG AAG TCA GTT ATC GAG AAA GTC GAT TTC TAT GAT GGT GAA TAT TTA GAA GGT CCA CGC GCT AGA TAT GTC CTA GTC CAG GGC TTG TAC ACT GAT TCC CAC TAT TTC AAC CCT GAT GGT CCA CAA GTG ACT GTC CGA GGT GGT TGT GCA ATG CTA GTA CAA GAG GTC TTC AAG GAC TCA GGC CTA GCT TAC AGA GAG TCG AAT GCT CCA AAA TCT AGA AAC TAT GAA GGG GGT GAT CGC AGA GAT GAC GGT TGT CAT AAG GGT GCA GAC ACT GAG GCA CTG GGT TAT ATG GCA GAC TTG ACT GGT TAC CCA GTC AAG TGT AAG AAT CAA GCA GGA AAG GAA ACT GGT AAT GAG ATT ATA CCC TCA TCG GCT TTC TGG AGA GTC TCA GAC GGG GAC GAA TTG GAC AAG GAG AAA ATC GGT CTA TGG ACA ACT GAC TCT ATG GGT AAA ATC CGT ATT GGT GCC TGG AAC ACT GCA TCA AAG ATG GTC CTG GAC GTG CTG GGT AAC CCA AAA 
Agos                            ATG TCT GGT GTG GGT ATG CAG AAC GGC AAC CCT AAA GGC TCG CAT GTT TTC GTC TCG TCG GAG GAG ACT ATT GAG TCG TTG TAC CTT TTC CTT GGG TTG GCT GAT TAC GTC GGA GAC AAC GGT GAA ACC GTC ATG AAC CCG TAC ACC GTG GGG ATC GAG GAG GAG GAC AGA CTC ACT TAC CGA TGG CGC GTC ATG CCT ACA GAC GAG CAT TTC GAG GCC TCC CAT TTC GAG GTG AAG AAG GGC GAG CCA TCA GAG CTC AAC GAA AAG CCA CAG CCG CTC CAG GGA GTT ATA CCA GTC GAT AAT TAC GCC TAT CAG GAG CAC TCT ACC TCG AAG ATC GAA CGC GAG GCT GAC AAG TGG TAC ACC CGG AGA CCA CTG CTG CTG AAC CCA GAC TAC TTG CTC GCC ATG GTC CTG GAA TTG GAG GAT ACA GAG TCG GGT TCT CAG CGG ATG GAC GAC GAG ATG ATC GGC GAC GAT GCC CGC CCG TCG TAC ACT CAG GTC GAC GAC TTG GCG GCG GCC CTC TCC GCT TAC CCA GAG CTG CTT GAC CAG GAG GCC TTC GGA AAC ACG GGC GAC TAT GGC CCA AAG GGA GTC GAG AAG CAC CAG CCA GAG CAG GTG TCG ATG AAG GGT ATG CAC CCG CTG TAT TTT ATG GAC GAA ATG GTC CCA TCG CGT GCT GAG CAG AGA TCG ATA ATC GAG ACC GTG GAG TTC TAC GAC GGC GAG TAC CTG GAA GGC CCA CGC GCG CGC TAT GTG TTG GTG CAG GGC CTG TAC ACT GAC TCC CAC TAC CTC CAT CCA GAC GGT CCA CAG GTG ACC GTC CGA GGT GGT TGC GCC ATG CGG GTC CAG GAT GTG TTC CGC GAC GAT GGC TTG GCG TAC CGC GAG TCA CAG GCC CCA AGG TCT CGG AAC TAC GAA GGG GGC AAC CGC CGC GAT GAC GGT TGC CAT AAG GGC GCG GAT ACG TCT GCC CTG GGT TAC GCG TCC GAT CTT ACC GGT TAC CCA GTT CAG TGC AAG AAC CAG GAG GGA AAG GAG ACG GGT AAC GAA ATT GTC CCG GAT TCG GCG TTC TGG CGG GTG TCG GAT GGC GAC GAG CTG GAC AAG GAG AAG ATC GGT CTC TGG GTT ACG GAT TCT ATG GGC AAG CTC AAG ATA GGT GCC TGG AAC ACC GCC TCC AAG ATG GTG CTC GAC GTG CTG GGT AAT CCT AAG 
Klac                            ATG TCC GGT GTT GGT ATG CAG AAC GGC AAC CCA AAG GGA TCG CAT GTT TTC GTC TCT TCA GAA GAG ACT ATT GAG TCA TTG TAC TTG TTC TTA GGT TTA GCT TCA TAC GTT GGA ACT AAT GGT GAA ACC GTC ATG AAT CCA TAC ACT GTG GGT ATC GAG GAA GAA GAT AGA CTT ACT TAT CGA TGG AGA GTT ATG CCA ACG GAT GAG CAA TTC GAG GCT TCT CAT TTC GAA GTC AAA AAA GGA GAA CCT TCA GAA TTG AAT GAA AAG CCC AAG CCA ATC CAA GGA GTC ATG CCT GTT TCA AAC TAC GCA TAC CAA GAC CAT TCT ACT TCG AAG ATT GAA AGG GAA GCT GAT AAG TGG TAT ACC CCT AGA CCT CTT TTG TTA AAT CCA GAT TAT ATG TTG GCT ATG GCT CTT GAA TTG GAA GAT ACG GAA TCA GGT GAA CAA AGA TAC GAC GAT GAC ATG ATC GGA GAT GAT GCA AGA CCA TCA TAC ACG CAG GTT GAT GAT TTA AAA ACT GCT TTG TCT GCT TAC CCT GAA TTA CTA GAT CAG GAA GCC TTC GGA AAC ACT GGT GAC TAC GCT CCT AAG GGA GTT CAA GCC CAT CAA CCA GAG CAA GTT TCA TAC AAG GGT ATG CAT CCA TTG TAT TTC ATG GAA GAA ATG GTC CCT ACA AGA GCT GAA CAG AGA TCT ATG ATC GAA AAA GTG GAC TTC TAC GAT GGA GAA TAT TTG GAA GGC CCT AGA GCA AGA TAT GTG TTA GTG CAA GGT CTT TAT ACC GAC TCT CAC TAC TTG CAA CCC GAT GGT CCA CAA GTG ACT GTT CGA GGT GGT TGC GCC ATG CTC GTC CAA GAT GTG TTT AGA GAT TCA GGT TTA GCT TAC AGA GAA TCA AAG GCT CCT AAA TCT AGA AAT TAC GAA GGG GGA AAT AGA AGA GAA GAT GGT TGC CAA AAG GGA GCT GAT ACT GAA GCT TTG GGT TAC ACA GCA GAT TTG ACT GGT TAC CCA GTC AAG TGC AAG AAT CAA GAA GGT AAA GAA ACT GGT AAC GAA ATT GTC CCT TCA TCA GCA TTC TGG AGA GTG ACA GAC GGA GAT GAA CTT GAT AAA GAA AAA ATC GGT TTG TGG GTT ACT GAT CGT ATG GGT AAA ATC AAA ATT GGT GCT TGG AAC ACC GCT TCT AAG ATG GTT CTT GAT GTG GCA GGT AAT CCA AAA 
Calb                            ATG TCT GGT ATT GGA ATG AAC AAT GGA AAC CCT AAA GGA ACT CAT ACA TTT ATA TCC TCT GAA ACT ACT GCT ACT TCT TTA TAT TTA TAC TTA GGT CTT GCT AAA TAT ATT GGC GGT TCT GGT GAA ACT ATA ATG ATG CCA CTT ACT ATA GGT ATC ACT GAA GAA GAT AGA CTA ACT TAT AGA TGG AGA ATT ATG CCT ACT GAT GAA CAT TTT ACT TGT TCA ACT TTC GAG GTT AAA AAA GGC TCC CCA AGT GAA TTG TCT TCG AAA CCA TCA CCG TTG CAA GGA GTT GTT CCA ATT AAA AAC TAT GCA TAC CAA GAT CAT TCT ACG ACT CAT ATT AGA AGG AAA GCT GAT AAA TGG TAT ACT AAA AAA CCA TTG TTG TTA AGT CCA GAT TAT TTA TTG GCT CTT GCT TTG TCG TTA GAA GAT ACT AAA GGA GGT AAT GAA AGG TTG GAC GAA GAT ATG ATC GGA GAC GAT GCA CGT CCA TCT TTT AGT CAA ATT GAT GAT TTG GAT ACT GCT TTA AAT GCT TAT CCA GAA TTA CAT GAC CAA AAA GCT TTT GGA AAT ACG GGG GAT TAC CCA CCA AAA GGC ATT GAA AAG CAT CAA CCC GAA GAA ATT TCT TTG AAA GGT ATG CAT CCA TTG TAT TTC ATG TCT GAA ATG GCT CCA CAA AGA GCT AAA CAA AGA AGT GTT ATC GAA CCA ATA GAT TTT TTT GAT GGC GAA TAT TTG GAA GGG CCA AAG GCA AGA TAT ATA TTA ATT CAA GGC TTG CAT GTT GAT TCA CAT TAT TTG TCC CCA GAT GGT CCC CAA GTT ACT GTT AGA GGT GGT GCA GCT ATG AAA GCT CAA GAT ATT TTC CAT GAT AAA GGC TTG GCT TAT AGA GAA AGT TCA TGT CCA AAA TCT AGG AGT TAT GAA GGT GGC TCT AAG AGA GAA GAT GGT TGT CAT AAA GGG GCA GAT ACT AAT GCT ATG GGT TTT TTG GCT GAT TTG ACT GGG TAT CCA GTT AAA GCA AAA ATG CAA AAA GGT AAA GAA ACT GGT AAT GAA ATT ATA CCA AAA GGA GCA TTC TGG AGA ATT CAA GTT GGA GCT GAA TTG GAT AAA GAA AAA ATC GGT TTA TGG ACA ACT GAT CGT ATG GGT ATT TCG AAA GTA GGT GCT TGG AAT ACT GCT TCA AAA ATG ATT CTA GAT GTT ATA GGG GAT CCT AAA 



Printing out site pattern counts


         9        702  P

Scer                            AAA AAA AAA AAA AAA AAA AAA AAA AAA AAA AAA AAC AAC AAC AAC AAC AAG AAG AAG AAG AAG AAG AAG AAG AAG AAT AAT AAT AAT AAT AAT ACA ACA ACA ACA ACA ACC ACC ACC ACC ACT ACT AGA AGA AGA AGA AGA AGA AGA AGC AGG ATA ATA ATA ATC ATG ATG ATG ATT ATT ATT ATT ATT CAA CAA CAA CAA CAA CAA CAA CAA CAC CAC CAC CAC CAG CAG CAG CAT CAT CCA CCA CCA CCA CCA CCA CCC CCT CCT CCT CCT CCT CGA CGT CGT CGT CGT CTA CTG CTG CTG CTT GAA GAA GAA GAA GAA GAA GAA GAA GAA GAA GAA GAA GAA GAA GAA GAC GAC GAC GAC GAC GAC GAG GAG GAG GAG GAG GAG GAT GAT GAT GAT GAT GAT GAT GAT GAT GAT GAT GAT GCA GCA GCA GCA GCA GCC GCC GCC GCC GCT GCT GCT GCT GCT GCT GGA GGA GGA GGA GGC GGC GGG GGG GGG GGG GGT GGT GGT GGT GGT GGT GGT GGT GGT GTA GTA GTG GTG GTG GTT GTT GTT GTT TAC TAC TAC TAC TAC TAC TAT TAT TAT TAT TAT TAT TCA TCA TCA TCA TCA TCC TCC TCC TCC TCG TCT TCT TCT TCT TCT TGG TGT TGT TTA TTA TTA TTA TTA TTA TTA TTA TTC TTC TTC TTC TTC TTG TTG TTG TTG TTG TTT TTT 
Sbay                            ... ... ... ... ..G ..G ..G ..G ..G ..G ..G ... ... ..T ..T G.T ..A ..A ..A ... ... ... ... ... .GA ..C ..C ..C ... ... ... ... ... ... ... ..T ..A ... ..T ..T ... T.. ... ... ... ... ... ... ..G ... ... ... ... ... ... ... ... ... ..C ..C ... ... C.. ... ... ... ... ... ... ..G ..G ... ... ... ..T ..A ... ... ... ... ... ... ... ... ... ... G.T ..A ..A ... ... ... A.. ... ... ... ... ... ..A ... ... ... ... ... ... ... ... ... ... ... ... ..G ..G ..G ..G ..G ..G ... ... ... ... ... ..T ..A ... ... ... ... ... ..A ..C ..C ..C ..C ... ... ... ... ... ... ... ... ... ..C ..G ..T ... ... ..T ..T ..A ..A ..C ... ... ... ... ... ... ... ..G ..T ... ... ... ... ..C ..C ... ... ... ... ... ... ... ... ..G AA. ..A ... ..C ..C ... ... ... ... ..T ..T ..T .T. ..C ..C ..C ... ... ... G.. ... ... ... ..C ... ..G ..T ..T ... ..G ... ... ... ... ... ..C ..C C.. ... ... ... ... ... ..G ..G ..A ... ... ... ... ... ... ... ... ... ..C ..C 
Smik                            ... ... ... ..G ... ... ... ..G ..G ..G T.C ... C.T ..T G.T ..T ..A ..A ... ..A ..A ... ... ... ..A ... ... ... ..C ... ... ... ... ... ... ..C ..A ... ..A ..T ... ... ... ... ... ... ... ..G .A. ... ... ... ... ... ..T ... ... T.T ... ... ... ... ... ... ... ... ... ..G G.. ... ..G ... ... ... ..T ... ..A ... ..C ... ... ... ... ... ... ..G G.T ..A ... ... ... ... A.. A.G ... ... ... T.G T.A ... T.. ... ... ... ... ... ... ... ... ..G ..G ... ... ... ... ..C ..G ..A ... ... ... ..T ..T ..A ..A ..A ... ... ..T ... ..C ..C ... ... ..C ..C ... ... ... ... ... ... ... ... ... ... ... .G. ..T ..T ..A ... ... ... ... ... ... ..G ..G ..G ... ... ... ... ..T ..T ... ... ... ... ... ... ... ... ... ... ..G ... ... ... ... ... ... ... ... ... ... ... ..T ... ... ... ... ..C ... ... ... ... ... ... ... ..T ..G ... ... ..C ..C ..C ... ... ... ... ..C ... C.. C.. C.G ... ... ..G CGT ..G ... ... ... ... ..T ..A ..A ... ... ... ... ... 
Spar                            ... ... ... ..G ... ... ..G ... ..G ..G ... ... ... ..T ... ... ... ... ... ... ... ... ... ... ..A ..C ... ... ..C ... ... ... ... ... ..G ..T ..A ... ... ... ... ... ... ... ... ... ... ... ... ... ... ... ... ... ..T ... ... ... ..C ... ... ... ... ... ... ... ... ... ... G.. ..G ... ... ..T ..T ... ... ... ... ..C ... ... ... ... ... ... ..T ..A ... ... ... ... ... ... ... ... ... ... ... ... ... ... ... ... ... ... ... ... ... ... ... ... ... ... ..G ... ... ... ... ... ... ..T ..T ... ..A ..A ... ... ... ... ..C ... ... ... ..C ..C ... ... ... ... ... ... ... ... ..T ... ... ... ..A ... ..A ... ... ... ... ... ... ... ... ..G ... ... ..A ... ... ... ..C ... ... ... ... ... ... ... ... ... ... ... ... ... ... ... ..C ..C ... ... ... ... ..T ... ... ... ... ..C ... ... ... ... ... ..G ... ... ..G ... ..T ..T ..A ... ..C ... ... ... ... ... C.. ..G ... ... ... ... ..G ..G ... ... ... ..T ... ... ... ... ... ... ... ... 
Ncas                            ... ... ..G ... ... ... ..G CGT ... ..G TC. ..T .G. ..T ..T G.T ... .GA ..A ..A ... ... ... CGT GGA ... ... ... ... ... ... ..C ..C ..G ... ..T ..T ..T ..T ..A ..G GAA ... ... ... ... ..G ... GA. ... ... ... ..T T.. ..T ... ... T.T ... ..A ... G.G ..G ... ... ... ..G ... G.G ... ... ..T ..T ... ..T ... ... A.A ... ..A ... ... ... ... T.. ..T T.T ..A ... ..A ..C ... ... A.A A.G ... ... T.. T.. T.A ..C T.A ... ... ... ... ... ... ... ... ..T ... ..G ..G ... ..T ..G ..A ... ..T ..T ... ..T ..A ..A ..A ..A ..A ..A ... ... ... ... ... ..C ..C ... ... ... ... ... ..G ..G ... ..G A.T ..T T.T ..T ... ..A ..C ... ..A ..C ..G ..T ..C ..G ..G ..G ..T ..A ..T ..A ..T ..G ... .C. ..A ..G ... ... ... ... ..C ..G ... ..T ..A ..G ..G ..G ... ... ..T ... ..T ..T ..T ..C ... ... .T. ... ... ... ... ..T ..C ... ..A ..A ... ..G ..T ..C ..A ..G ..A ... ... ... ... ..G ... ... ... ... A.G AC. ..G ..T ... ... ... ... ... ... C.A ..A ... ..C ... 
Cgla                            ... ... ... ... ..G C.G ..G ..G ..G ..G TCT ... ... ... C.. TCT ... CGT ... ..A ..A ... ... ... ..T ..C ... ... ..C ..C G.. ..T ..T ..C ... .GC ..T ..T ..T ..T ..A ..A ... ... ... ... ..G ... CAG G.T C.C ..T G.T C.G ..T ... ... ... ..C C.G ... G.C ..C ... ... ..G ... ... G.G ... ... ..T ..T ... ... ... AG. A.. ... ... ... ... ... ..C ..T ... .TT ..A ..A ... ..A ..A ... ... A.A ..C ... ... ..A T.A T.C ..G ... ... ... ..G ..G ..G ..G ... ..T ... ... ..G ..G ..C ..G .CA ... ..T ..T ..G ... ... ..A ... ..A ..A ... ..C ..C ..C ..C ... ..C ... ..C ..C ... ... ... ... ... ... ... ATG ..A AGT ..T ... ... T.. ... ... ..C ..A ..C ..G ..T ..G ..A ..T ..T ..T ..A ..T ... ... .C. ... ... ..C ..G ... ... ..C A.. ..A ..T ... ..C ..G ..C ..C ... ... ... ..T ..T ..T ... ..C ... ..C ..C ... ... ..C ..T ... ..G ... ..T ..G ..A ..A ..A ... ... ..G ... ... ... ... C.. C.. ..G C.. C.. C.G A.C ... ..T ... ... ... ... ... ... ... ... C.A ..C ..C 
Agos                            ... .CC ..G .GG ..G ..G ..G .G. ..G ..G TCT ... C.T ... G.. GCG ... ... ... ... ... ... CGC ... C.. ..C ..C ..C ... ... ..C ... ..G ..C ..C ..T ..G ... ..T ... ... GT. ... ... C.G C.G C.C C.C GAG CA. C.C ..T ... C.C ..A ... ... ... ..C C.G ..C G.G C.C ..G ..G ..G ..G ..G G.C ..G ..G ..T T.. ... ..T ... .G. ... ..C ... ... ..G ..T ..G ... ..G GAG ..A ..A ..A ..G ..A ... ... ..C ..C ..C ..T ..C ... ..C ... C.G ... ..G ... ..G ..G TCT ..G C.G ... ..G ..G ..G ..T ..G ..G ... ... ..G ... ... ... ... ... ..A ... ..T ... ..C ..C ... ..C ..C ... ..C ..C ..C ..C ... ..G T.C ..C ..C ..G ... .T. ... ..T ... ..G ..G ..G ..C ..C ..T ..C ..C ..C ..A ... ..C ..T ..A ..T ..A ..C ..C ..C ... ..C ..G ..G ... ..G ..C ..C ... ..C ..C ..G ..G ... ... ... ..T ... ... ... ... ..C ..C ..C ..C ..C ..G ..C ..G ..G ..G ..G ... ..T GAT ..C ..G ..C ..G ..A ... ... ..C ..C C.C ..G C.G CGG ..G C.G A.T ..G ..T ... ... ... ... C.T ... C.. C.T ... ..C ..C 
Klac                            ..G ... ..G ... ... ... ..G .G. ... ..G CGT ... C.A ..T .CT ..A ... ..A ... ..A ..A ... .GA GCC ... ..C ..C ... ..C ... ... ..G ..T ..T ..T ..G ..T ... ... ..T ... GT. ... ... ... ... ... ... GAG CAT ... ..T ..G C.T ..T ... ... TAC ..C GCA ... G.G ..C ... ... ... ... ... G.. ..G ... ..T T.. ... ..T ... .CT A.. ... ..A ... ... ... ..T ..C ... GAA ..A ... ... ..A ..A ... A.A A.A A.A A.A ... A.C T.. T.. T.A C.G ... ... ... ... ..G ... ..G C.. ... C.. ..G ... ..T ... ..A ... ... ... ... ..T ..A ..A ..A ..A ..A ..T ... ... ... ..C ... ... ... ... ... ... ... ..A ..T ... ..T ... A.. ... ..T ..T ..T ... A.. ... ..A ... ... ..T ... ... ..C ..A ..T ..A ..T ..T ..T ..A ... .C. ..C ... ... ..G ... ... ..G ..C ..C ..C ..T ... ..G ... ..C ..T ... ... ... ..T ..T ... ..C ... ..C ... ..C A.. ..T ... ..T ... ..G ..T ... ..A ..T ... ... ..A ..A ... ... ..C ..C ..G ... ... C.C ... ..G A.T A.G ... ... ... ... ... ... ... C.T ... ..A ... ..C 
Calb                            ... CC. ... ... ... ... ... .G. ... ... CGT ... TC. .GT GGT G.T C.T ..A ..A .TT ..A ..A C.T ... TCA ... ... .TG ..C G.. TC. ..T ..T ..T ..G .GT ..G ..T GTT ..T ... ..A .A. ... ... ..G ... ... .CT CAT ... ..T G.T C.. G.A ... C.T T.. ..C ..A ... ... TCG ... G.. ... ... ... TCT ... ... ..T .TT ..T ACT ..A A.A A.A ... ... ... ... ..T ... ... ..G T.. ..A ..A ..A ..A ..C A.. A.A A.A AAG ... .AT T.. T.. T.. T.A A.C ... ... ... ... ACT A.T ... C.. AG. ... ... ... ..T ... A.A ..T ..T ..T ... ..T ... ..A A.A TC. ..A ..T ... ... ... .T. ... ..A ... ... .C. ..C ... ..A ... ..T ..T ... TTG ..T ..T TGT ..T ... A.. ... ..A ... ... ... ... ..C ... ..A ..T ... ..T ..T ... ..C ..G CCA ..G ... ..C ... ... ... A.. A.. .CT ..T A.T ... ... A.. ... ..T ..T ... ..T ..T ..T ... ... ... ... C.. .T. CA. ... ..T ..C GG. A.T ..A ..T AAA ..A AG. AA. ... AG. ... ... ... GCA ... ... ... AA. ..G A.G GCT ... ... ... ..T ..T ... ..A ..A ... ... C.T ..C .AC 

    1    1    2    1    1    1    1    1    2    1    1    1    1    2    1
    1    1    1    1    1    2    2    1    1    2    1    3    2    1    1
    3    2    3    1    1    1    1    3    1    2    2    2    1    1    1
    2    1    1    1    2    1    1    2    2    1   11    1    2    4    1
    1    3    1    1    2    1    1    2    1    1    1    1    1    1    1
    2    1    1    1    2    1    2    3    1    2    1    1    1    5    3
    1    2    2    1    2    2    1    1    1    3    3    1    1    2    3
    3    1    3    2    1    1    1    1    1    3    3    2    3    1    1
    3    1    2    1    2    2    2    1    1    1    1    2    1    1    1
    1    3    1    2    3    1    1    1    1    2    1    2    1    2    2
    2    1    1    2    1    3    1    3    3    1    2    1    1    1    1
    2    2    1    1    1    2    2    1    2    9    3    3    2    1    5
    1    2    3    2    1    1    2    3    1    1    2    3    1    1    1
    3    2    1    2    1    2    2    1    1    4    1    1    1    2    2
    2    5    1    2    2    1    2    1    2    1    1    1    1    1    2
    2    1    1    2    4    1    1    1    1

CODONML (in paml version 4.9j, February 2020)  temp.nuc
Model: One dN/dS ratio, 
Codon frequency model: Fequal
ns =   9  ls = 393

Codon usage in sequences
--------------------------------------------------------------------------------------------------------------------------------------
Phe TTT   2   0   5   4   5   1 | Ser TCT   8  14   8  10   7  11 | Tyr TAT  11  11  11  11  14  11 | Cys TGT   3   0   2   3   3   3
    TTC   7   9   6   5   7  11 |     TCC   8   4   8   5   3   3 |     TAC   9   8  10   9   5   9 |     TGC   0   3   1   0   0   0
Leu TTA  11   8   7   6  14   4 |     TCA   8   4   8   8  14   9 | *** TAA   0   0   0   0   0   0 | *** TGA   0   0   0   0   0   0
    TTG   9  11  12  12   8  10 |     TCG   1   3   1   2   6   5 |     TAG   0   0   0   0   0   0 | Trp TGG   5   5   5   5   5   5
--------------------------------------------------------------------------------------------------------------------------------------
Leu CTT   1   2   1   1   0   1 | Pro CCT  12   6  11  12   8   5 | His CAT   3   4   4   3   4   5 | Arg CGT   6   6   6   6   5   3
    CTC   0   0   0   0   3   0 |     CCC   1   0   0   0   1   1 |     CAC   4   3   4   4   1   3 |     CGC   0   0   0   0   0   3
    CTA   1   4   3   3   4   9 |     CCA  10  16  10  11  11  16 | Gln CAA  10  10   7   8  10   8 |     CGA   2   0   0   2   2   2
    CTG   7   6   5   7   0   5 |     CCG   0   0   1   0   0   0 |     CAG   4   4   6   5   4   5 |     CGG   0   0   0   0   0   0
--------------------------------------------------------------------------------------------------------------------------------------
Ile ATT  10   4  11   7   8   3 | Thr ACT   4   6   6   5   7  12 | Asn AAT  11   8  13  11  15   7 | Ser AGT   0   0   0   0   0   1
    ATC   1   6   0   4   0   6 |     ACC   7   3   4   6   5   1 |     AAC   6   8   2   6   0   7 |     AGC   2   2   2   2   3   1
    ATA   5   5   5   5   2   3 |     ACA   8   8   9   7   4   5 | Lys AAA  13   8  15  10  10   8 | Arg AGA   8  11   8   8   8   8
Met ATG  14  14  12  14  14  15 |     ACG   0   0   0   1   3   0 |     AAG  12  17  10  15  10  13 |     AGG   1   2   3   1   4   2
--------------------------------------------------------------------------------------------------------------------------------------
Val GTT   8   5   8   3   3   3 | Ala GCT  10  12  13  10   6   8 | Asp GAT  18  15  18  18  27  16 | Gly GGT  21  19  24  19  20  27
    GTC   0   3   0   5   3  12 |     GCC   7   5   2   5   4   3 |     GAC  11  14  13  11   4  16 |     GGC   3   3   4   5   3   3
    GTA   6   4   3   6   5   2 |     GCA   6   7   8   8   5  13 | Glu GAA  28  19  30  30  35  14 |     GGA   8   8   1   8   5   3
    GTG   8   8  11   8  14   7 |     GCG   0   2   0   0   7   0 |     GAG   9  19   7   8   5  21 |     GGG   5   7   9   5  10   5
--------------------------------------------------------------------------------------------------------------------------------------

--------------------------------------------------------------------------------------
Phe TTT   1   1   7 | Ser TCT   6   8  11 | Tyr TAT   4   7  14 | Cys TGT   0   0   3
    TTC   8   8   4 |     TCC   5   1   3 |     TAC  17  16   3 |     TGC   3   3   0
Leu TTA   0   7  10 |     TCA   2  12   5 | *** TAA   0   0   0 | *** TGA   0   0   0
    TTG   7  13  17 |     TCG  12   2   3 |     TAG   0   0   0 | Trp TGG   5   5   5
--------------------------------------------------------------------------------------
Leu CTT   4   6   3 | Pro CCT   3  10   3 | His CAT   5   5  11 | Arg CGT   1   1   2
    CTC   9   1   0 |     CCC   0   2   2 |     CAC   4   1   0 |     CGC   9   0   0
    CTA   0   1   2 |     CCA  14  11  18 | Gln CAA   0  13  12 |     CGA   2   2   0
    CTG  11   0   0 |     CCG   5   0   1 |     CAG  16   4   0 |     CGG   5   0   0
--------------------------------------------------------------------------------------
Ile ATT   2   4  14 | Thr ACT   4  12  21 | Asn AAT   2   8   7 | Ser AGT   0   0   6
    ATC   5   6   4 |     ACC   8   4   0 |     AAC  12   6   3 |     AGC   0   0   0
    ATA   3   0   7 |     ACA   2   3   2 | Lys AAA   1  11  29 | Arg AGA   3  15  11
Met ATG  14  15  14 |     ACG   4   3   2 |     AAG  17  12   3 |     AGG   1   1   3
--------------------------------------------------------------------------------------
Val GTT   4  11  10 | Ala GCT   4  15  18 | Asp GAT  12  22  25 | Gly GGT  15  22  18
    GTC  12   8   0 |     GCC  11   3   0 |     GAC  21   7   3 |     GGC  14   2   7
    GTA   0   0   1 |     GCA   0   6   7 | Glu GAA   8  31  24 |     GGA   5  11   9
    GTG  12   8   0 |     GCG   7   0   0 |     GAG  29   6   1 |     GGG   3   1   5
--------------------------------------------------------------------------------------

Codon position x base (3x4) table for each sequence.

#1: Scer           
position  1:    T:0.20865    C:0.15522    A:0.25954    G:0.37659
position  2:    T:0.22901    C:0.22901    A:0.37913    G:0.16285
position  3:    T:0.32570    C:0.16794    A:0.31552    G:0.19084
Average         T:0.25445    C:0.18405    A:0.31807    G:0.24343

#2: Sbay           
position  1:    T:0.20356    C:0.15522    A:0.25954    G:0.38168
position  2:    T:0.22646    C:0.22901    A:0.37659    G:0.16794
position  3:    T:0.28499    C:0.18066    A:0.28499    G:0.24936
Average         T:0.23834    C:0.18830    A:0.30704    G:0.26633

#3: Smik           
position  1:    T:0.21374    C:0.14758    A:0.25445    G:0.38422
position  2:    T:0.22646    C:0.22646    A:0.38168    G:0.16539
position  3:    T:0.35878    C:0.14249    A:0.29008    G:0.20865
Average         T:0.26633    C:0.17218    A:0.30874    G:0.25276

#4: Spar           
position  1:    T:0.20356    C:0.15776    A:0.25954    G:0.37913
position  2:    T:0.22901    C:0.22901    A:0.37913    G:0.16285
position  3:    T:0.31298    C:0.17048    A:0.30534    G:0.21120
Average         T:0.24852    C:0.18575    A:0.31467    G:0.25106

#5: Ncas           
position  1:    T:0.23155    C:0.13486    A:0.23664    G:0.39695
position  2:    T:0.22901    C:0.23155    A:0.36641    G:0.17303
position  3:    T:0.33588    C:0.10687    A:0.32824    G:0.22901
Average         T:0.26548    C:0.15776    A:0.31043    G:0.26633

#6: Cgla           
position  1:    T:0.20865    C:0.16794    A:0.23410    G:0.38931
position  2:    T:0.23410    C:0.23410    A:0.36387    G:0.16794
position  3:    T:0.29771    C:0.20102    A:0.26463    G:0.23664
Average         T:0.24682    C:0.20102    A:0.28753    G:0.26463

#7: Agos           
position  1:    T:0.17812    C:0.22392    A:0.19847    G:0.39949
position  2:    T:0.23410    C:0.22137    A:0.37659    G:0.16794
position  3:    T:0.17048    C:0.35115    A:0.10178    G:0.37659
Average         T:0.19423    C:0.26548    A:0.22561    G:0.31467

#8: Klac           
position  1:    T:0.21120    C:0.14504    A:0.25445    G:0.38931
position  2:    T:0.22646    C:0.23410    A:0.37913    G:0.16031
position  3:    T:0.33588    C:0.17303    A:0.31298    G:0.17812
Average         T:0.25785    C:0.18405    A:0.31552    G:0.24258

#9: Calb           
position  1:    T:0.21628    C:0.13740    A:0.32061    G:0.32570
position  2:    T:0.23664    C:0.24427    A:0.34351    G:0.17557
position  3:    T:0.44020    C:0.07379    A:0.34860    G:0.13740
Average         T:0.29771    C:0.15182    A:0.33757    G:0.21289

Sums of codon usage counts
------------------------------------------------------------------------------
Phe F TTT      26 | Ser S TCT      83 | Tyr Y TAT      94 | Cys C TGT      17
      TTC      65 |       TCC      40 |       TAC      86 |       TGC      10
Leu L TTA      67 |       TCA      70 | *** * TAA       0 | *** * TGA       0
      TTG      99 |       TCG      35 |       TAG       0 | Trp W TGG      45
------------------------------------------------------------------------------
Leu L CTT      19 | Pro P CCT      70 | His H CAT      44 | Arg R CGT      36
      CTC      13 |       CCC       7 |       CAC      24 |       CGC      12
      CTA      27 |       CCA     117 | Gln Q CAA      78 |       CGA      12
      CTG      41 |       CCG       7 |       CAG      48 |       CGG       5
------------------------------------------------------------------------------
Ile I ATT      63 | Thr T ACT      77 | Asn N AAT      82 | Ser S AGT       7
      ATC      32 |       ACC      38 |       AAC      50 |       AGC      12
      ATA      35 |       ACA      48 | Lys K AAA     105 | Arg R AGA      80
Met M ATG     126 |       ACG      13 |       AAG     109 |       AGG      18
------------------------------------------------------------------------------
Val V GTT      55 | Ala A GCT      96 | Asp D GAT     171 | Gly G GGT     185
      GTC      43 |       GCC      40 |       GAC     100 |       GGC      44
      GTA      27 |       GCA      60 | Glu E GAA     219 |       GGA      58
      GTG      76 |       GCG      16 |       GAG     105 |       GGG      50
------------------------------------------------------------------------------


Codon position x base (3x4) table, overall

position  1:    T:0.20837    C:0.15833    A:0.25304    G:0.38027
position  2:    T:0.23014    C:0.23099    A:0.37178    G:0.16709
position  3:    T:0.31807    C:0.17416    A:0.28357    G:0.22420
Average         T:0.25219    C:0.18782    A:0.30280    G:0.25719

Codon frequencies under model, for use in evolver (TTT TTC TTA TTG ... GGG):
  0.01639344  0.01639344  0.01639344  0.01639344
  0.01639344  0.01639344  0.01639344  0.01639344
  0.01639344  0.01639344  0.00000000  0.00000000
  0.01639344  0.01639344  0.00000000  0.01639344
  0.01639344  0.01639344  0.01639344  0.01639344
  0.01639344  0.01639344  0.01639344  0.01639344
  0.01639344  0.01639344  0.01639344  0.01639344
  0.01639344  0.01639344  0.01639344  0.01639344
  0.01639344  0.01639344  0.01639344  0.01639344
  0.01639344  0.01639344  0.01639344  0.01639344
  0.01639344  0.01639344  0.01639344  0.01639344
  0.01639344  0.01639344  0.01639344  0.01639344
  0.01639344  0.01639344  0.01639344  0.01639344
  0.01639344  0.01639344  0.01639344  0.01639344
  0.01639344  0.01639344  0.01639344  0.01639344
  0.01639344  0.01639344  0.01639344  0.01639344


TREE #  1:  (((((1, 4), (3, 2)), 5), 6), ((7, 8), 9));   MP score: 1122
This is a rooted tree.  Please check!
lnL(ntime: 16  np: 18):  -6112.737883      +0.000000
  10..11   11..12   12..13   13..14   14..1    14..4    13..15   15..3    15..2    12..5    11..6    10..16   16..17   17..7    17..8    16..9  
 0.092726 0.000004 0.463208 0.037822 0.129772 0.101338 0.011571 0.285889 0.335239 0.685782 0.836063 0.113479 0.155753 1.297515 0.473411 3.675944 2.004919 0.046484

Note: Branch length is defined as number of nucleotide substitutions per codon (not per neucleotide site).

tree length =  8.695517

(((((1: 0.129772, 4: 0.101338): 0.037822, (3: 0.285889, 2: 0.335239): 0.011571): 0.463208, 5: 0.685782): 0.000004, 6: 0.836063): 0.092726, ((7: 1.297515, 8: 0.473411): 0.155753, 9: 3.675944): 0.113479);

(((((Scer: 0.129772, Spar: 0.101338): 0.037822, (Smik: 0.285889, Sbay: 0.335239): 0.011571): 0.463208, Ncas: 0.685782): 0.000004, Cgla: 0.836063): 0.092726, ((Agos: 1.297515, Klac: 0.473411): 0.155753, Calb: 3.675944): 0.113479);

Detailed output identifying parameters

kappa (ts/tv) =  2.00492

omega (dN/dS) =  0.04648

dN & dS for each branch

 branch          t       N       S   dN/dS      dN      dS  N*dN  S*dS

  10..11     0.093   850.7   328.3  0.0465  0.0046  0.0991   3.9  32.5
  11..12     0.000   850.7   328.3  0.0465  0.0000  0.0000   0.0   0.0
  12..13     0.463   850.7   328.3  0.0465  0.0230  0.4948  19.6 162.5
  13..14     0.038   850.7   328.3  0.0465  0.0019  0.0404   1.6  13.3
  14..1      0.130   850.7   328.3  0.0465  0.0064  0.1386   5.5  45.5
  14..4      0.101   850.7   328.3  0.0465  0.0050  0.1083   4.3  35.5
  13..15     0.012   850.7   328.3  0.0465  0.0006  0.0124   0.5   4.1
  15..3      0.286   850.7   328.3  0.0465  0.0142  0.3054  12.1 100.3
  15..2      0.335   850.7   328.3  0.0465  0.0166  0.3581  14.2 117.6
  12..5      0.686   850.7   328.3  0.0465  0.0341  0.7326  29.0 240.5
  11..6      0.836   850.7   328.3  0.0465  0.0415  0.8931  35.3 293.3
  10..16     0.113   850.7   328.3  0.0465  0.0056  0.1212   4.8  39.8
  16..17     0.156   850.7   328.3  0.0465  0.0077  0.1664   6.6  54.6
  17..7      1.298   850.7   328.3  0.0465  0.0644  1.3861  54.8 455.1
  17..8      0.473   850.7   328.3  0.0465  0.0235  0.5057  20.0 166.1
  16..9      3.676   850.7   328.3  0.0465  0.1825  3.9269 155.3 1289.4

tree length for dN:       0.4318
tree length for dS:       9.2891


Time used:  0:10
