      9   1179

Scer                            TTC GCA AAG GCA GAA TAT GCA AAT TAC CTT GAG AGG TTC TTT AAC TCC CTG GCC GCA AAT GGT TAT GAG TTG AGG GAT AAA CTG TTG TTA CCC TAT GTT CTA TTC CAC GAA AGG GAA GGT CTA TTG AAC TTA GCT GAG ATG TTT AGA AAG CCA AAG CAT GCT AAC CTG CCT GAT ATC ACT GTA AGG CAA AGG CAG ATA TTC AAC TTT AGG TCC ACA TCT GTT CTA GCC AGA AAG CCC GCA GAA GCA TCC TGG AAA CCT ACT AGA ATC TGG TTC ACT GAT GGC GTT TTA GGT ATG AAT GGT GGG AAT TTG CTT CAC GAC CAG CCA ACC CAC TAC AAG ACT ACT GCC TTT ACT GGC AGA AAG GCA GCC TGG TTA CAC ATC AAA GAT ACT CCA GAA GCT TCT AAA AAA CTG AAA TCA CAT GAG GAT ATC CCC AAA TTT TTG CAT TTC TCT TAT CAC GAG TGT GAG CAG ACT AAG GCA GCC CAA ACT GAA GCA CAT TGC TTA AGA ACT TTA CAC TAC GCA GAC CCA AAG AAG TGT GAT CAC AAA ATG GGT ATC GCT GTG GAT GAG TTT AAC TTA TTG CAG TTG CAA AGG CTT TTA CCA CTG CAC ATG ATT ATG TCC CCA GGT TGT AAG AGA AAG TGT GAG GCA AGA GTT AAT TAT CAC AAG AGT GAC CAT GGC AAG AGA CCC AAC GCC CCT TTA AAC GCC AAT GCT GAC CCC TAT ATT AAT GCT AAT ATT AAG AAC GCA CTG CTT GCA ATT GGT CCA AAC CTG ACA CGA TGT ATG GAA TGG AGA GTT TAT GAA CAT GGG GAT AAG CTA GAC CGA AAT GCC GCA CTA CAG CAA CCA TTT TAT CAA CAT GGT TCC CAA CTG AAC TTT TTC GCA CAT GAT CCA ATC ATT TTA AGA GGC GGT AAC GCA TAT GCA GGT TAC TCT ACC GAT ATT CAT ACC AAG CCC TAT TTG AAG GCA CAA AAT GAC AAG GAC AAA TCT CTA GCC GGT ATG GGT CAA ATT AGA AAT ATC TTT TCT AAT AAG ACT ATT ATA GAT CTA TCT TCA CTT GAA AAA TTA GCC GAA AAC CAC TTG GTG CAA TGT GAT AAC GGT GCG GAA AGA GCA GAG CTG TTG GAC CAA GAG AAT GGG ATT ATG AGG AAT CAA ACT ATC GGG CTG TTT TTA TGC AAT CTT TTA GGC AAA CGT GCT TTT AAG GGC 
Sbay                            TTC GCA AAG GCC GAG TAC GCA AAT TAC TTG GAG AGA TTC TTT GGT TCC CTG GCG GCG AAT GCT TAT GAA CTG AGA GAT AAG CTG TTG CTA CCT TTT GTG CTG TTC CAT GAG AGA GAA GGT CTA TTG GGT TTA GCT GAA ATG TTC AGA AAA CCA AAG CAT GCC AAC CTA CCA GAT ATC ACC GTA AGA CAA AGA CAG ATA TTC AAC TTC AGA TTT ACA TCC GTT TTG GCG AGG AAG CCC GCA GAA GCA TTT TGG AAA CCA ACT AGA ATT TGG TTC ACT GAT GGC GTC TTA GGT ATG AAT GGT GGG AAC CTG CTT CAC GAC CAA CCA ACC CAC TAT AAG ACT ACC GCG TTC ACC GGC AGA AAA GCA GCC TGG TTA CAC ATT AAA GAC ACT CCA GAA GCC TCG AAA AAA CTG AAA TCA CAC GAG GAT ATT CCC AAA TTC TTG CAT TTC TCT TAC CAC GAG TGC GAG AAC ACT AAG GCA GCG CAA ACT GAG GCC CAC TGT CTG AGA ACT CTA CAT TAC GCC GAT CCA AAG AAG TGC GAT CAC AAG TTG GGT ATT GCC GTA GAT GAG TTT AAC CTA TTA CAG TTG CAA AGA CTT TTA CCA CTA CAC ATG ATT ATG TTT CCT GGT TGT AAG AGA AAA TGC GAG GCA AGA GTT AAT TAC CAC AAG AGT GAT CAC GGC AAG AGA CCC AAC GCG CCA TTG AAC GCG AAT GCT GAT CCT TAC ATC AAT GCT AAT ATC AAG AAT GCA CTA TTG GCA ATC GGT CCA AAC CTG ACA AGA TGT ATG GAG TGG AGA GTC TAC GAG CAT GGG GAT AAG CTA GAT CGA AAT GCT GCA CTG CAA CAA CCA TTC TAC CAA CAT GGT TCC CAA CTG AAC TTC TTT GCA CAC GAT CCA ATC ATT CTG AGA GGT GGT AAC GCC TAC GCC GGT TAC TCC ACG GAT ATT CAC ACG AAG CCC TAT TTG AAG GCA CAA AAT GAT AAG GAC AAA TCT CTG GCC GGT ATG GGT CAG ATC AGG AAT ATT TTC TCG AAT AAG ACC ATC ATA GAT CTA GCT TCA CTT GAA AAG TTA GCC GAA AAC CAT TTG GTG CAA TGC GAT AAT GGT GCG GAG AGG GCA GAG CTG TTG GAC CAA GAA AAT GGG ATT ATG AGA AAT CAA ACT ATC GGG CTG TTC TTA TGT AAT CTT CTG GGC AAA CGC GCC TTC AAG GGT 
Smik                            TTC GCA AAA GCC GAG TAT GCA AAT TAT TTG GAG AGG TTC TTT GAC AAT TTG GCT GCA AAT GGA TAT GAA CTG CGA GAT AAG TTG TTG TTA CCT TAC GTT CTA TTC CAC GAA AGG GAA GGC CTA TTA GAC CTA GCT GAA ATG TTT AGG AAA CCA AAG CAC GCT AAC CTG CCA GAT ATC ACT GTG CGA CAA AGG CAG ATA TTC AAT TTT AGG TCC ACA TCT GTT CTT GCC AGA AAG CCT GCA GAA GCA TCC TGG AAA CCA ACT AGG ATT TGG TTT ACT GAT GGC GTT CTA GGT ATG AAT GGT GGG AAT CTG CTC CAC GAC CAA CCA ACC CAC TAT AAG ACT ACT GCC TTT ACC GGC AGA AAA GCA GCC TGG CTA CAC ATT AAA GAT ACT CCA GAA GCT TCT AAA AAA TTG AAA TCA CAT GAG GAT ATT CCT AAA TTT TTG CAT TTC TCC TAT CAC GAG TGC GAG CAA ACT AAG GCA GCT CAA ACT GAG GCC CAT TGC CTA AGG ACT CTG CAT TAT GCC GAC CCA AAA AAG TGC GAT CAC AAA ATG GGA ATT GCT GTG GAT GAG TTT AAT CTG TTG CAG TTA CAA CGA CTT ATA CCA CTG CAC ATG ATT ATG TCC CCC GGT TGT AAG AGA AAA TGC GAG GCA AGG GTT AAT TAT CAC AAG AGT GAT CAT GGT AAG AGA CCT AAC GCC CCA ATA AAC GCC AAT GCT GAT CCT TAT ATT AAT GCT AAT ATT AAG AAT GCA CTG TTG GCA ATT GGT CCA AAT CTG ACA CGA TGT ATG GAA TGG AGA GTT TAT GAG CAT GGG GAT AAG TTA GAC CGA AAT GCC GCA CTG CAA CAA CCA TTT TAT CAA CAT GGT AAT CAA CTG AAT TTT TTC GCA CAT GAT CCA ATC ATT CTG AGA GGC GGT AAC GCC TAC GCC GGT TAT TCT ACC GAT ATT CAT ACC AAG CCT TAT TTA AAG GCA CAA AAT GAC AAG GAC AAA TCT CTG GCC GGT ATG GGT CAA ATT AGA AAT ATT TTT TCT AAT AAG ACC ATT ATA GAT CTA TCT TCA CTT GAA AAA CTA GCC GAA AAC CAT TTA GTG CAA TGC GAT AAT GGT GCA GAA AGA GCA GAG TTG TTG GAT CAA GAA AAT GGG ATC ATG CGA AAT CAA ACT ATT GGG CTG TTT TTA TGC AAT CTT CTG GGT AAA CGC GCT TTT AAG GGC 
Spar                            TTC GCA AAG GCA GAG TAT GCA AAT TAT CTT GAG AGG TTC TTT GGC AGA CTG GCT GGT AAC GGT TAT GAG TTG AGA GAC AAA CTG TTG TTA CCA TAT GTC TTA TTC CAC GAG AGG GAA GGT TTA TTA GGC TTA GCT GAG ATG TTT AGA AAA CCA AAA CAT GCT AAT CTG CCA GAT ATC ACT GTG AGA CAA AGG CAG ATT TTC AAC TTT AGG TCT ACA TCT GTT CTA GCT AGG AAA CCT GCT GAA GCA TCT TGG AAA CCA ACT AGA ATC TGG TTT ACT GAT GGT GTC TTA GGT ATG AAT GGT GGG AAT TTG CTC CAC GAC CAG CCA ACT CAT TAT AAG ACT AGT GCT TTT ACC GGT AGA AAA GCA GCC TGG TTA CAC ATT AAA GAT ACT CCA GAA GCC TCT AAA CAA CTG AAA TCT CAT GAG GAT ATC CCT AAA TTT TTG CAT TTC TCT TAT CAC GAG TGT GAG CAG ACT AAG GCC GCT CAA ACT GAG GCA CAT TGC TTA AGA ACT TTG CAT TAT GCA GAC CCA AAG AAA TGT GAT CAC AAG GTT GGT ATC GCT GTG GAC GAG TTT AAC TTG TTA CAG TTG GAA AGA CTC TTA CCA CTG CAT ATG ATT ATG TCT CCA GGT GCT AAG AGA AAA TGT GAG GCA AGA GTT AAC TAT CAC AAG AGT GAT CAT GGT AAG AGG CCT AAC GCT CCA TTA AAT GCT AAC GCT GAT CCA TAT ATC AAC GCT AAC ATC AAA AAT GCT CTG CTT GCA ATT GGT CCA AAC CTA ACA CGA GCT ATG GAG TGG AGA GTT TAC GAG CAC GGG GAT AAG CTG GAC AGA AAC GCT GCA CTG CAG CAA CCA TTT TAT CAA CAT GGT AGA GAA CTG AAC TTC TTC GCC CAT GAT CCA ATC ATT CTA AGA GGC GGT AAC GCA TAT GCT GGT TAT TCT ACT GAT ATT CAT ACT AAA CCT TAT TTG AAG GCA GAA AAT GAC AAG GAC AAA TCT CTG GCC GGT ATG GGT CAG ATC AGG AAT ATT TTC TCT AAT AAG ACC ATC ATT GAT TTA TCT TCT CTT GAA AAA TTA GCC GAA AAT CAT TTG GTG GAA TGT GAT AAT GGT GCT GAG AGG GCA GAG CTG CTA GAC GAA GAA AAT GGA ATT ATG AGA AAC CAA ACA ATT GGA CTA TTC TTA TGC AAT TTG CTA GGT AAG CGC GCT TTT AAG GGC 
Ncas                            TTT TCA AAG GCA GAA TAT TCA AAT TAC TTG GAG AGG TTT TTC GCT AGC CTT GCT GGT AAT GGT TAT GAA CTG AGA GAT AGA CTT TTG TTA CCA TAT GTA TTA TTC CAT GAT AGG GAA GGC TTA CTA GCT TTG GCA GAA ATG TTT CGT CCA CCA AAG CAT GCT AAC CTA CCA GAT ATT ACA GTC AGA CAG AGG CAA ATT TTC AAT TTT AGG TCT ACT TCC GTT CTT GTA AGG AAG CCA GCC GAA TCA TCT TGG AAA CCA ACA CGT ATA TGG TTC ACA GAC GGT GTC TTG GGT ATG AAC GGT GGG AAT CTG CTA CAT GAT CAG CCA ACC CAT TAC AAA ACT ACA GTA TTC ACC GGT AGA AAG TCG GCA TGG TTG CAC ATT AAA GAT ACA CCT GAA GCA TCT AAA AAG CTT AAA TCA CAT GAA GAC ATA CCA AAA TTT TTG CAT TTC TCC TAT CAT GAA TGT GAG CAA ACT AAA GCA GCT CAG ACT GAA GCA CAT TGT CTA CGT ACT CTA CAT TAC GCA GCT CCT AAG AAG TGT GAC CAT AAG TTG GGT ATA GCT GTA GAT GAA TTT AAC CTA TTA CAG TTG CAA AGA TTG GTT CCA CTA CAT ATG ATA ATG TCT CCT GGT TGC AAA AGA CCA TGT GAA TCA CGT GTT AAT TAT CAT AAG AGT GAT CAT TCC AAG AGA CCA AAC GTA CCA TTG AAC GTA AAT GCT GAT CCA TAT ATT AAT GCC AAT ATT AAG AAC GCC CTA TTG TCG ATT ACT CCA AAC CTG ACT AGA TGC ATG GAT TGG AGA GTT TTT GAA CAC GGG GAC AAG TTG GCT AGA AAT GCA TCA TTG CAG CAA CCA TTT TAT GAA CAT GGT AGC CAA TTG AAT TTT TTT GCA CAT GAT CCA ATC ATT TTG AGA GGT GGT AAC GCA TAT GCC GGT TAC TCC ACC GAT ATC CAT ACC AAG CCA TAT TTG AAA TCG CAA AAT GCT AAG GAC AAA TCT TTG GCT GGT ATG GGT CAA ATC AGG AAT ATT TTT TCG GAT AAG ACC ATC ATT GAT TTA TCA TCA CTA GAA AAG TTG GCT GAA AAC CAT TTG GTG CAA TGT GAC AAT GGT GCC GAT AGG TCA GAA CTT TTT GAT CAA GAA AAT GGT ATA ATG AGA AAT GAA GTG GTC GGT CTG TTC TTA TGT AAT TTA TTG TCC AAA AGA GCT TTC AAA GGT 
Cgla                            TTT AGC AAG GCT GCA TAC AGC AAT TAC TTA GAG CGA TTC TTC AAG TCG CTG GCT GGT AAT GGC TAT GAA CTT AAA GAT AAG CTG TTG TTA CCA TAC GTT CTG TTC CAT GAT CGA GAA GGA CTG CTG AAG CTA GCT GAA ATG TTT CGC GAA CCA AAG CAC GCA AAT TTA CCA GAC ATT ACC GTA AAA CAA CGA CAA ATT TTT AAT TTT CGA TCC ACA TCA GTC TTG GCT AGA AAG CCA GCA GAA AGC TCC TGG AAA CCA ACA CGC ATT TGG TTT ACA GAT GGT GTT CTA GCT ATG AAA GGT GGT AAT CTT CTT CAC GAT CAG CCT CTG CAC TAT AAA AAA ACA GCT TTT ACA GGT AGA AAA GCA GCT TGG CTA CAC ATC AAA GAC ACA CCT GAA GCT TGT AAA AGA CTG AAA TCC CAT GAG GAT ATT CCA AAA TTT TTA CAT TTT TCT TAC CAC GAG TGT GAG CAA AAA AAA GCG GCT CAA ACT GCA GCT CAT TGT TTA CGC ACT TTG CAC TAC GCT GGT CCT AAG AAG TGT GAT CAC AAG ATG GGT ATT GCA GTG GAT GAA TTC AAC TTG CTT CAA CTG CAA AAA TTA CTC CCT TTA CAC ATG ATC ATG TCC CCA GGC GCT AAA AGA GAA TGT GAA AGC CGC GTC AAT TAT CAC AAA AGT GAC CAC AAA AAA AGA CCA AAC GCT CCA TTA AAT GCT AAC GCT GAC CCA TAT ATT AAC GCT AAT ATT AAG AAT GCA TTA TTA GCA ATA GGC CCT AAC CTT ACA CGA GCT ATG GAT TGG AGA GTT TTC GAA CAC GGT GAT AAA CTG GGT AGA AAC GCC AGC TTA CAG CAG CCT TAC TAC CAA CAT GGC TCG CAA TTG AAT TTT TTT GCG CAT GAC CCA ACG ATT CTG AGA GGT GGT AAC GCT TAC GCC GCT TAC TCA ACC GAT ATT CAT ACC AAG CCA TAT CTG AAA GCA CAA AAT GGT AAA GAT AAA TCT TTA GCT GGT ATG GCT CAA ATT AGA AAT ATC TTT TCT GCA AAA ACA ATT ATT GAT CTG TCG TCC CTA GAG AAA CTA GCT GAA AAT CAC CTG GTG CAA TGT GAT AGC GGT GCC GAT AGA AGC GAA CTG CTA GAT CAA GAA AAC GGT ATC ATG AAA AAT CAA GTG GTA GGT CTT TTT CTT TGT AAT CTT CTG AAA AAG AGA GCA TTT AAA GGT 
Agos                            TTC GCG AAG GCA GAG TAC GCG AAC TAC CTG GAG CGA TTC TTC GTG TCA CTG GCT GGT AAC GGG TAC GAG ATG AAG GAT CGC CTG CTC CTG CCT TAC GTG TTG TTT CAC GGC CGA GAG GGG TTA CTG GTG TCG GCC GAG ATG TTC CGG GCC CCA AAG CAC GCG AAC CTC CCC GAC ATC ACG GTG AAG CAG CGA CTG ATC TTC AAT TTC CGA TCT ACG TCT TTT CTG ACG CGT AAG CCT GCG GAG GCG TCT TGG AAA CCC ACT CGG ATC TGG TTC ACT GAT GGT GTC TCG GGC ATG AAC GGC GGG AAC ATG CTG CAC GAT CAG CCA ACG CAT TAT AAG CTG GCG ACG TTT ACC GGT CGC CAG GCA GCC TGG TCG CAC ATA AAA GAC ACT CCT GAG GCA TCG CAG AAG CTG AAG TCT CAC TCT GAT ATC CCT CAG TTC CTG CAT TTC TCG TAC CAC TCT TGC GAG CAC CTG AAG GCG GCT CAG ACG GAG GCA CAC TGT CTG CGG ACG TTG CAC TAC GCA GCG CCT AAG AAG TGC GAC CAC AAA CTG GGT ATC GCG ATT GAT GAG TTC AAC TTG CTA CAG CTC CAG AAG CTG TTG CCT CTC CAT ATG ATC ATG TCT CCT GGA GCG AAG AAG GCC TGC GAG GCG CGG TTT AAT CTG CAC AAG TCC GAT CAC ACT AAG CGC CCT AAC ACG CCC CTG AAC ACG AAC GCC GAT CCT CTG ATT AAC GGC AAT ATT AAG AGC GCG CTC CTG GCA GCG AGT CCT AAC CTC ACG CGG GCG ATG GGC TGG CGT GTT TTT GAG CAC GGG GAC AAG CTT GCG AGG AAC TCT GCG TTG CAG CAG CCT TAC TAC CAG CAT GGA TCA CAG ATC AAT TTT TTT GCG CAC GAC CCA GTG ATT CTG CGT GGT GGC AAC GCA TAC GCT GGC TAC TCT ACG GAC ATC CAC ACG AAG CCT TAC CTC AAG GCA CAG AAC GCG AAG GAC AAG TCG TTG GCC GGA ATG GGC CAG ATC CGT AAC ATA TTT TCC CCC AAG ACC ATC ATC GAC TTA GCA TCT TTG GAC AAG TCG GCG GAG AAC CAC CTC GTG CAG TGC GAC AAC GGC GCC GGC CGT GCG GAA CTG TTG GAC CAG GAG AAC GGT ATC ATG AAG AAT CAG GTA ATT GGT CTC TTC CTT TGT AAC CTA CTG ACT AAG CGG GTC TTT AAG GGT 
Klac                            TAT TCA AAG GCC GAA TAT TCA AAT TAT TTG GAG CGA TTT TTC AGT TCC CTG GCT GGT AAC GGG TAC AAT ATG ATC GAT GGA CTG TTG CTT CCT TAC GTA TTA TTC CAT GAA CGA GAA GGT TTA TTG AGT ATG GCT AAT ATG TTC AGA AAC CCA AAG CAT GCC AAC CTT CCA GAT ATC ACG GTG ATC CAA CGA TTG ATT TTC AAT TTC CGA TCG ACT TCC GTT TTG CAG AGA AAG CCA GCT GAA TCA TCG TGG AAA CCA ACC AGA ATT TGG TTC ACC GAT GGT GTT ATG GGT ATG AAC GGT GGT AAT ATG TTA CAC GAT CAA TCT ACT CAC TAC AAG TCC ACC CAG TTC ACT GGT AGA CAG GCC GCA TGG ATG CAT ATT AAA GAC ACC CCA GAA GCT TCG AGG AAG CTG AAA TCC CAC GAA GAT ATT CCA AGG TTC TTG CAT TTC TCC TAT CAC GAA AAT GAG CAG TCC AAG GCC GCT CAA ACT GAA GCC CAC TGT CTG AGA ACT CTA CAT TAT GCC GTT CCA AAG AAG TGT GAG CAC AAA TTG GGT ATT GCC GTC GAT GAA TTT AAT CTA CTA CAG CTT CAG ATC TTG ATG CCA CTT CAC ATC ATC ATG TCG CCA GGT GCT AAG ACC AAC AAT GAA TCA AGA GTT AAC TTT CAC AAG AGT GAC CAC GGT AAG AGA CCA AAC CAG CCA TTA AAC CAG AAC GCT GAT CCT TTT ATC AAC GCC AAC ATC AAG AAC GCT CTT TTG GCC GCG GGA CCA AAT CTT ACT AGG GCT ATG GAA TGG AGA ATG TTC GAA CAC GGT GAG AAA CTT GTT AGA AAC ACT TCA TTG CAA CAA CCA TAC TAT CAA CAT GGT TCC CAG TTG AAT TTT TTT GCC CAC GAT CCA ATC ATC TTG AGA GGT GGT AAC GCC TAC GCT GGT TAT TCC ACT GAT ATT CAC ACT AAG CCA TAC CTT AAG GCC CAG AAT GTT AAA GAT AAA TCA TTG GCA GGT ATG GGT CAT GTA AGA AAT ATT TTT TCG AAG AAA ACT GTA ATT GAT TTA GCC TCC TTG GAT AAG ATG GCA GAA AAC CAT CTT GTT CAG TGT GAG AAT GGT GCT GAA AGA TCA GAA CTG TTG GAC CAG GAA AAC GGT ATT ATG ATC AAC CAA TGT ATC GGT CTT TTC TTG TGT AAT TTG TTG GGT AAG AGA GCT TTC CAG GGT 
Calb                            TTT GGG AAA GCT GAA TAT GGG AAT TAT CTT GAG AGA TTC TTT TTA AGC ATA GCA GGT AAT CAT TAC GAA TTA AAA GAC AGA ATA TTG TTA CCA TAT GTT TTA TTC TAT GAT AGA GAA GGG TTA TTG TTA TTA GCT GAA ATG TTT AGA GCC CCA AAG CAT GAA AAT CTT CCA GAT ATT GCA GTG AAA CAA AGA TTA ATC TTT AAC TTT AGA GCC GTC TCA GTT TTG GTG AGA AAG CCA GCA GAA GGG GCC TGG AAG CCA ACC AGA TTG TGG TTT ACC GAT GGT GTG TTA TCT ATG AAT AAT GGT ACT TTA TTA CAT GAT CAA CCA ACC CAC TAT AAG TCA TCT GTG TTT ACC GGT AGA AAA GCT GCT TGG TTA CAT ATT AAG GAT ACC CCA GAG GCC TCA CGC ATC ATA AAA TCC CAT AAT GAT TTG CCA CGC TTT TTG AAT TTT TTA TAT CAT AAT TGT GAG ACC TCA AAA GCT GCA CAA ACT GAA GCT CAT TGT ATT AGA ACT TTG CAT TAT GCT AAA CCA AAA AAG TGT AAT CAT CAT TTG GGT TTG GAA TCG GAC GAC TTT AAT TTG TTG CAA TTG CAA AAA TTA ATC CCT CTT CAC TTT ATT ATG GCC CCA GGT GCT AAG AGA GCC TGT GAC GGG AGA GTT AAT TTT CAC GAA AGT GAC CAT GGT GAA AGA CCA GAT GTG CCA ATA AAT GTG AAC GCT GAT CCA TTT ATT AAC GCC AAT ATT AAG GCG GCA CTT CTT GCT GTG TCA CCT AAT TTA GTC AGA GCT ATG GAT TGG AGA ATA TTT CAA CAC GGT AAT AGA ATA AAA AGA AAC TCT GGG CTT CAA CAA CCT CAT TAT CAA AAT GGT AGC CAA TTA AAC ATT TTT GCT CAT GAC CCA GTG ATT TTA AGA GGT AAT GAT GCT TAC GCT TCT TAT TCA ACA GAT CTA CAT ACA AAG CCA TAC TTG AAA GCT CAA AAT AAA AGA GAT AAA ACT CTT GTA GGC ATG TCT AGT ATA AGA AAT ATT ATT TCC GAT AGA ACC ATA ATC GAT TTA GCT TCC TTG GGC AAA TTA GCA GAA AAT CAT TTG GTT CAA TGT AAT TCC GGC GCT GAT AGA GGG GAA ATA TTA GAC CAA GAT AAC GGC TTG ATG AAA AAT CAA ATC GTG GGC TTA TTT TTG TGT AAT TTA TTA GGT AAA AGG GCA TTT AAA GGT 



Printing out site pattern counts


         9        684  P

Scer                            AAA AAA AAA AAA AAA AAA AAA AAA AAC AAC AAC AAC AAC AAC AAC AAG AAG AAG AAG AAG AAG AAG AAG AAG AAT AAT AAT AAT AAT AAT AAT AAT ACA ACC ACC ACT ACT ACT ACT ACT ACT ACT AGA AGA AGA AGA AGA AGA AGG AGG AGT ATA ATC ATC ATC ATC ATC ATG ATG ATG ATT ATT ATT ATT ATT ATT ATT CAA CAA CAA CAA CAA CAC CAC CAC CAC CAC CAC CAG CAG CAG CAG CAT CAT CAT CAT CAT CCA CCA CCA CCA CCA CCC CCC CCT CGA CGA CGT CTA CTA CTA CTA CTA CTG CTG CTG CTG CTT CTT CTT CTT CTT GAA GAA GAA GAA GAA GAA GAC GAC GAC GAC GAC GAC GAG GAG GAG GAG GAG GAG GAT GAT GAT GAT GAT GAT GAT GCA GCA GCA GCA GCA GCA GCA GCC GCC GCC GCC GCC GCC GCG GCT GCT GCT GCT GCT GCT GGC GGC GGC GGG GGG GGT GGT GGT GGT GGT GGT GGT GGT GGT GTA GTG GTG GTT GTT GTT GTT TAC TAC TAT TAT TAT TAT TAT TAT TCA TCC TCC TCT TCT TCT TCT TCT TCT TGC TGG TGT TGT TGT TTA TTA TTA TTA TTA TTA TTA TTA TTC TTC TTC TTC TTC TTC TTG TTG TTG TTG TTG TTG TTG TTT TTT TTT TTT TTT TTT TTT 
Sbay                            ... ... ... ... ... ..G ..G ..G ... ... ... ... ..T ..T GGT ..A ..A ... ... ... ... ... ... ... ..C ... ... ... ... ... ... ... ... ... ..G ..C ..C ..C ... ... ... ... ... ... ... ... ... ..G ..A ..A ... ... ... ... ... ..T ..T ... ... T.. ..C ..C ..C ... ... ... ... ... ... ... ... ..G ... ... ... ... ..T ..T A.C ..A ... ... ..C ..C ... ... ... ... ... ... ... ..T ... ..T ..A A.. ... ..C ... ... ..G ..G T.G ..A ... ... ... ... ... ... ... T.G ... ... ... ..G ..G ..G ... ... ... ..T ..T ..T ..A ..A ... ... ... ... ..C ... ... ... ... ... ... ... ... ... ... ..C ..C ..G ... ... ... ..G ..G ..T ... ..C ..C ..C ... ... ... ... ... ..T ... ... .C. ... ... ... ... ... ... ... ... ... ..A ... ..C ..C ..G ... ... ..T ..C ..C ..C ..C ... .T. ... ... .TT G.. ..C ..G ..G ... ... ..T ... ..C ..C ... C.. C.. C.G C.G ... ... ... ..G ... ... ... ... ... ..T C.. ..A ... ... ... ... ... ..C ..C ..C ..C ..C ... ... 
Smik                            ... ... ... ... ... ... ... ..G ... ... ..T ..T ..T ..T G.. ..A ..A ..A ... ... ... ... ... ... ... ... ... ... ... ... ... ... ... ... ... ..C ... ... ... ... ... ... ... ... ... ... ..G ... ... C.A ... ... ... ... ..T ..T ..T ... ... ... ... ... ... ..C ... ... ... ... ... ... ... ... ... ... ... ... ... ..T ..A ..A ... ... ... ... ..C ... ... ... ... ... ... ..C ..T ..T ..A ... ... ..C ... T.. ... ..G ..T ... ... ... T.. ..C ... ... ... T.G ... ... ... ... ..G ..G ... ... ..T ... ..T ..T ..A ..A ... ... ... ... ... ... ... ... ... ... ... ... ... ... ... ..C ..C ... ... ... ... ... ..T ... ..A ... ... ... ... ... ... ... ..T ... ... ... ..A ..A ..C ... ... ... ... ... ... ..G ... ... ... ... ... ... ..T ..T ..C ... ... ... ... ..C ... AAT ... ... ... ... ... ..C ... ... ... ..C ..C ... C.G ... C.. C.G A.. C.. ... A.. ... ... ... ... ..T ... C.. ... ..A ..A ... ... ... ... ... ... ... ... ... ... 
Spar                            ... ... ... ..G C.. ... ..G ... ... ..T ... ... ..T ..T GG. ..A ..A ... ..A ... ... ... ... ... ... ..C ..C ..C ... ... ... ... ... ..T ..T ..C ... .G. ..A ... ... ... ... ... ... ..G ... ..G ... ..A ... ..T ... ... ..T ... ..T ... ... G.T ..C ..C ... ... ... ... ... ... ... ... G.. ..G ... ... ... ..T ... ..T ... ... ... ... ... ... ... ..C ... ... ... ... ... ... ..T ..A ..A ... A.. ..C T.. ..G T.. ..G ... ... ..A ... ... ..C ..C ... T.G ... ... ... ... ..G ..G ..G ... ... ... ... ..T ..T ..A ... ... ... ... ... ... ..C ... ... ... ... ... ... ... ..C ..T ... ..T .GT ... ... ... ..T ..T ..T ..T ..C ... ... ... ... ... ..T ..T ... ..A ... ... ... ... ... ... ... ... ... ... ..G ... ... ..C ... ..C ... ..T ..T ... ..C ... ... ... ... ..T AGA ..T ... ... ... ... ... ... ... ... ... ... GC. ..G ... ... C.. ... ... ... ... ... ... ... ... ..T ... ... ..A ..A ... C.A ... ... ..C ..C ... ... ... ... ... 
Ncas                            ... ... ... ... ..G ..G ..G .G. ... ... ... ..T ... ..T GCT ... CCA ... ... ..A ..A ..A ... ... ... ... ... ... ..C ... ... G.. ..T ... ... ..C ..A ..A GTG ..A ... ... ... ... ... ... C.T ..G ... ..A ... ..T ... ..T G.. ..A ..T ... ... T.. ..C ... ... ..A ..A ..C ... ... ..G G.. ... ... ... ..T ..T ..T ..T ..T ..A ... ..A ... ... ... ... ..C ... ... ... ... ..T ..T ..A ..A ..A A.. A.. A.A T.. T.G T.. T.G ..T ..A ... T.. ..T ..A T.G ..A T.A T.G ... ... ... ..T ... ... ... ..T ..T .CT ..T ..T ..A ..A ..A ..A ..A ... ... ... ..C ..C ... ... ... T.. T.G ... ..C ... ..C .GT ..A ..T ..T .TA ..T ..A ..C ..A ... ... ..A ..C ... ..T TC. ..T ..T ... ... ... ..C AC. ... ... ... ... ... ..C ..A ... ..C ... ..A ... ... ... ... .T. ... ... ... ... ... AG. ..T ..A ..C ..G ... ..C ... ..T ... ... ... ..C C.. ... C.. ..G G.T ..G ... ..G ... ... ..T ..T ... ..T C.. ..A C.A ... ..T ... ... ..C ... ..C ... ... ..C ... 
Cgla                            ... ... ... ..G .G. ... ..G ..G ... ..T ... ..T ..T .G. ..G ..A G.A ... ... ..A ..A ..A ..A ..A ... ..C ... ... ..A ..C ... GCA ... CTG ... ..A ..C ..A GTG ..A .AA ... ... ... ... ... C.C ... C.A .AA ... ..T .CG ..T G.A ..T ... ... ... ... ... ... ..A ..C ..C ... ... ..G ... ... ... ... ... ... ... ... ..T ... ..A ... ..A ..A ..C ... ..C ..C ... ... ..T ..T ..T ... ..A ..A ..A ... A.. A.A ..G ..G ..G T.. T.G T.A ..T T.. ... ... T.A ..A ... T.A ... ... ..G ..T ... .C. ..T ..T ..T .GT ... ... ..A ..A ..A ..A ... ... ..C ... ... ... ..C ..C ... AGC ... ..G ... ..T ..C .GT ..T ..T ..T ..T ..T ... ..C ... ..A ..A ... ... ... ..T AAA ..T ..T ..T ..C ... ..A ..C .C. ..C ... ... ... ... ... ... ... ... ... ..C ... ..T ..C .TC ..C ... ... ..C ..C ..G ... ..G ..A ... .G. ... ... ..T ... ... ... GC. ..G ... ... C.G C.C C.. C.T ... ... ..T ... ..T ..T ..T C.T C.T C.. C.. C.A ..A ... ... ... ... .AC ... ..C ..C 
Agos                            ... ..G C.G ..G ..G ..G ... CGC ... ... ... ..T .G. ... GTG C.. GCC ... ... ... ... ... ... ... ..C ..C ..C ... ..C ..C ..C CCC ..G ..G ..G ..C ..G G.G GTA ... CTG ..G .AG C.C C.T C.C C.G C.T C.A .A. TCC ..C G.G ... ..T ... ..A ... ... C.. ..C ... GCG ..C ..C ..C ... ..G ..G ..G ..G ..G ... ... ... ..T ... ... ..C ... .T. ... ..C ..C ..C ..C ... ... ... ..T ..T ..T ..T ..T ..C ..G A.G ..G T.. ..T T.G T.G ..G ..C ..C A.C ... ..G ..G T.G ..A ..G ..G ..G ..C .GC ..G ..G ... ..T ... .CG ..T ..T ... ... ..A ... TCT ... ..C ... ..C ... ..C ..C ..C ..G ... ..G ..G ... ..T .GT ... ... ..G A.G ..T T.T ..C ..A ..G .TC ..C .GC ..C ..T ACT ..T ..T ... ..G ... ..G A.. ..C ..A ..A ..C ..C ..G A.T ... ..C ... ..G T.. ... ..T ..C .T. ..C CTG ..C ..C ..T ..A ..T G.A ... ..C ..G ..G ..G ..T ... ..C ..C GCG ..G C.G C.G C.G ..G .CG C.T C.G ..T ... ... ... ... ..T A.. C.A C.. C.C ... C.. C.C ..C ... ... .AC ..C ..C ..C 
Klac                            ... ... .GG ..G ..G ..G ... GG. ... ... ..T ..T ... ..T .GT C.. ..C ... ... ... ... C.. ..A ... ... ..C ..C ..C ..C ..C ... ..G ..T ..T ..T ... ..G ..C TG. ..C T.C ... .CC ... ... ... ... ... C.A .TC ... ..T ... ... ... ..T ..T ..C ... T.. G.A ..C GCG ... ..C ... ..C ... ... ... ..G ..T ..T ... ... ... ..T ..T ... ..A TT. ... ..C ..C ... ..C ... ... T.T ... ... ... ..A ..T ..A A.G A.. A.A T.. ..T T.. T.G T.G ..T ..T T.. ... T.A T.G T.G T.G T.G ... ... ..T ... ... ... ..T ..T ... .TT ... ..T ..A A.T ..A ..A ..A ... ..C ... ..G ... ... ... ... T.. ..C ..C ..T ..C ..T .GT ..A ..A ..A CAG ..T A.T ..T ... ..C ... ... ..C ... ..T ..T ..T ..T ..T ..G ... ... ..A ... ... ... ... ... ..G ..C ..T ... A.G ..A ... ..T ... ..C .TC ... .T. ..C ..C ..C ... ..G G.C ..C ..G ..G ..C ..A ..T ... AA. ... GC. C.. C.T C.G ..G A.G A.G ..G ... ... ... ..T .AT ... ..T A.. C.A ... C.T ... ... ... ..C ... ..C .AC ..C ..C ... 
Calb                            ..G ... CGC ... .TC ... C.T .G. G.T ..T ..T ... GCG TC. TTA ..A GCC ..A ... ..A ... ..A .GA G.A .C. ..C ... ... ... ..C ... G.. GTC ... ..A ..C G.A T.. .TC ..C T.A ... ... ... ... ... ... ... ..A .AA ... ..C G.G ..T G.G T.G ..T T.T ... T.. ..A ... G.G T.G ... C.A ... ... ... ... ... AGT ..T ... ..T ... T.T ..T ACC ..A TTA ..A ... ... ... ..C A.. ... ... ..T ... ... ..A ..A ..A A.. A.. A.G T.. A.. T.. ..T T.G ..T T.A T.A A.A T.A T.A T.G T.A ... ... ..G .GC ..T C.. ... ..T ..T ... A.A ... ..T ..T ..A ..A ..C A.T ... ... ..C A.. ... ..C ... ... .GG ..T ..T ... ..T ..T .GT ..T .TA ..A .TG ..A T.T ..T ..C .AA ..A ... ..C ... ..T ..T ..T ..C ..T CA. ... ..G TCA TC. ... ..C AA. ..C ..G TC. ..T ..G A.A ... ... ..T ..T ..C .T. ... .T. ..C ... ..C AG. G.. G.. ..A ..C ..A .TA A.. ..T ... ... ... GC. ..G ... A.T ... A.C ... ..G A.. ... ..T ... ..T ..T ..T ..A ... ... ... ..A ... ... ... A.. ... CA. ... ... ... 

    2    2    2    1    1    1    1    1    2    3    2    2    1    1    2
    1    2    2    5    2    2    1    3    2    1    3    1    3    1    1
    4    1    2    1    2    2    1    1    1    3    2    2    1    1    2
    1    4    3    4    4    1    2    1    1    1    3    2    1    6    1
    2    2    1    1    1    1    1    1    2    2    5    1    1    1    3
    2    1    2    1    2    1    1    1    4    1    1    2    2    1    3
    2    1    4    2    3    1    1    1    2    1    1    2    1    3    2
    1    4    1    1    1    1    2    3    1    1    3    1    2    1    1
    1    3    1    1    1    2    1    2    2    2    1    2    3    2    1
    1    2    6    3    2    2    4    1    1    1    1    1    4    2    1
    1    1    2    1    1    1    1    2    2    2    2    2    1    1    1
    1    3    2    1    2    1    1    1    1    1    1    1    2    3    1
    1    1    3    2    2    1    2    2    3    1    2    1    1    1    1
    2    4    2    2    2    2    1    1    2    1    4    1    1    1    2
    1    1    1    1    2    1    1    3    1    1    1    1    2    2    1
    3    1    1

CODONML (in paml version 4.9j, February 2020)  temp.nuc
Model: One dN/dS ratio, 
Codon frequency model: Fequal
ns =   9  ls = 393

Codon usage in sequences
--------------------------------------------------------------------------------------------------------------------------------------
Phe TTT  11   7  12   9  12  13 | Ser TCT   7   2   6  12   5   3 | Tyr TAT  10   3  12  13   9   5 | Cys TGT   6   4   2   4   6   7
    TTC   7  15   6   9   8   5 |     TCC   5   4   4   0   5   5 |     TAC   4  10   2   1   4   9 |     TGC   2   4   6   2   2   0
Leu TTA  13   7   7  14   7  12 |     TCA   2   2   2   0   9   2 | *** TAA   0   0   0   0   0   0 | *** TGA   0   0   0   0   0   0
    TTG  10  12  10  10  20   5 |     TCG   0   2   0   0   4   3 |     TAG   0   0   0   0   0   0 | Trp TGG   4   4   4   4   4   4
--------------------------------------------------------------------------------------------------------------------------------------
Leu CTT   6   4   4   3   5   8 | Pro CCT   3   3   6   4   3   6 | His CAT   9   7  10  12  17   7 | Arg CGT   1   0   0   0   4   0
    CTC   0   0   1   2   0   1 |     CCC   6   4   1   0   0   0 |     CAC  10  12   9   7   2  12 |     CGC   0   1   1   1   0   4
    CTA   7   9   8   6   9   6 |     CCA   9  11  11  14  17  12 | Gln CAA  11  12  14   6   9  13 |     CGA   2   1   6   1   0   5
    CTG  10  15  14  11   4  15 |     CCG   0   0   0   0   0   0 |     CAG   5   3   2   6   5   3 |     CGG   0   0   0   0   0   0
--------------------------------------------------------------------------------------------------------------------------------------
Ile ATT   9   9  14  10   9  12 | Thr ACT  12   8  10  11   7   2 | Asn AAT  15  16  23  13  16  15 | Ser AGT   1   1   1   2   1   1
    ATC   8   8   3   9   4   4 |     ACC   3   5   5   2   5   3 |     AAC  13  11   5  13   9   8 |     AGC   0   0   0   0   2   7
    ATA   2   2   4   0   5   1 |     ACA   2   2   2   3   5   8 | Lys AAA  11  11  15  16  12  27 | Arg AGA  12  18   8  15  13  11
Met ATG   8   7   8   7   7   8 |     ACG   0   2   0   0   0   1 |     AAG  20  20  16  14  16  12 |     AGG   8   3   8   8   7   0
--------------------------------------------------------------------------------------------------------------------------------------
Val GTT   5   2   5   4   4   3 | Ala GCT   7   6   9  19  13  22 | Asp GAT  12  16  15  12  15  15 | Gly GGT  13  16  12  18  18  17
    GTC   0   2   0   2   3   2 |     GCC  10  12  13   6   5   3 |     GAC   8   4   7   8   6   5 |     GGC   6   4   5   4   1   4
    GTA   1   2   0   0   6   2 |     GCA  19  13  15  13  10  11 | Glu GAA  11   8  11  11  18  13 |     GGA   0   0   2   2   0   1
    GTG   2   2   3   3   2   3 |     GCG   1   8   0   0   0   2 |     GAG  10  13  10  15   2   5 |     GGG   4   4   4   2   2   0
--------------------------------------------------------------------------------------------------------------------------------------

--------------------------------------------------------------------------------------
Phe TTT   9   7  17 | Ser TCT  10   1   5 | Tyr TAT   1   7   9 | Cys TGT   2   5   6
    TTC  11  12   2 |     TCC   2   9   4 |     TAC  11   6   3 |     TGC   4   0   0
Leu TTA   2   5  23 |     TCA   2   7   6 | *** TAA   0   0   0 | *** TGA   0   0   0
    TTG   8  18  17 |     TCG   7   5   1 |     TAG   0   0   0 | Trp TGG   4   4   4
--------------------------------------------------------------------------------------
Leu CTT   2  10   7 | Pro CCT  12   2   3 | His CAT   4   8  15 | Arg CGT   5   0   0
    CTC   9   0   0 |     CCC   4   0   0 |     CAC  16  12   4 |     CGC   3   0   2
    CTA   2   3   1 |     CCA   3  15  15 | Gln CAA   0   7  14 |     CGA   4   4   0
    CTG  22   5   0 |     CCG   0   0   0 |     CAG  17  13   0 |     CGG   6   0   0
--------------------------------------------------------------------------------------
Ile ATT   5   9  10 | Thr ACT   5  10   4 | Asn AAT   5  14  23 | Ser AGT   1   3   2
    ATC  12  12   5 |     ACC   2   5   7 |     AAC  19  17   6 |     AGC   1   0   2
    ATA   2   0   9 |     ACA   0   0   2 | Lys AAA   3   8  17 | Arg AGA   0  13  22
Met ATG   9  14   6 |     ACG  12   1   0 |     AAG  27  17   9 |     AGG   1   3   1
--------------------------------------------------------------------------------------
Val GTT   1   7   4 | Ala GCT   3  12  17 | Asp GAT   7  12  16 | Gly GGT   8  22  12
    GTC   2   1   2 |     GCC   7  13   7 |     GAC  11   3   7 |     GGC  10   0   5
    GTA   1   3   1 |     GCA   9   3   7 | Glu GAA   1  16  12 |     GGA   3   2   0
    GTG   6   1   9 |     GCG  20   1   1 |     GAG  14   5   3 |     GGG   4   1   7
--------------------------------------------------------------------------------------

Codon position x base (3x4) table for each sequence.

#1: Scer           
position  1:    T:0.20611    C:0.20102    A:0.31552    G:0.27735
position  2:    T:0.25191    C:0.21883    A:0.37913    G:0.15013
position  3:    T:0.32316    C:0.20865    A:0.25954    G:0.20865
Average         T:0.26039    C:0.20950    A:0.31807    G:0.21204

#2: Sbay           
position  1:    T:0.19338    C:0.20865    A:0.31298    G:0.28499
position  2:    T:0.26209    C:0.21374    A:0.37150    G:0.15267
position  3:    T:0.26463    C:0.24427    A:0.24936    G:0.24173
Average         T:0.24003    C:0.22222    A:0.31128    G:0.22646

#3: Smik           
position  1:    T:0.18575    C:0.22137    A:0.31043    G:0.28244
position  2:    T:0.25191    C:0.21374    A:0.38422    G:0.15013
position  3:    T:0.35878    C:0.17303    A:0.26718    G:0.20102
Average         T:0.26548    C:0.20271    A:0.32061    G:0.21120

#4: Spar           
position  1:    T:0.19847    C:0.18575    A:0.31298    G:0.30280
position  2:    T:0.25191    C:0.21374    A:0.37405    G:0.16031
position  3:    T:0.37150    C:0.16794    A:0.25700    G:0.20356
Average         T:0.27396    C:0.18914    A:0.31467    G:0.22222

#5: Ncas           
position  1:    T:0.24173    C:0.19084    A:0.30025    G:0.26718
position  2:    T:0.26718    C:0.22392    A:0.35623    G:0.15267
position  3:    T:0.36641    C:0.14249    A:0.30534    G:0.18575
Average         T:0.29177    C:0.18575    A:0.32061    G:0.20187

#6: Cgla           
position  1:    T:0.18575    C:0.23410    A:0.30534    G:0.27481
position  2:    T:0.25445    C:0.21120    A:0.37913    G:0.15522
position  3:    T:0.34606    C:0.18321    A:0.31552    G:0.15522
Average         T:0.26209    C:0.20950    A:0.33333    G:0.19508

#7: Agos           
position  1:    T:0.18575    C:0.27735    A:0.26463    G:0.27226
position  2:    T:0.26209    C:0.24936    A:0.34606    G:0.14249
position  3:    T:0.20356    C:0.31552    A:0.08142    G:0.39949
Average         T:0.21713    C:0.28075    A:0.23070    G:0.27142

#8: Klac           
position  1:    T:0.21883    C:0.20102    A:0.32061    G:0.25954
position  2:    T:0.27226    C:0.21374    A:0.36896    G:0.14504
position  3:    T:0.32824    C:0.22901    A:0.21883    G:0.22392
Average         T:0.27311    C:0.21459    A:0.30280    G:0.20950

#9: Calb           
position  1:    T:0.24682    C:0.15522    A:0.31807    G:0.27990
position  2:    T:0.28753    C:0.20102    A:0.35115    G:0.16031
position  3:    T:0.38168    C:0.14249    A:0.32824    G:0.14758
Average         T:0.30534    C:0.16624    A:0.33249    G:0.19593

Sums of codon usage counts
------------------------------------------------------------------------------
Phe F TTT      97 | Ser S TCT      51 | Tyr Y TAT      69 | Cys C TGT      42
      TTC      75 |       TCC      38 |       TAC      50 |       TGC      20
Leu L TTA      90 |       TCA      32 | *** * TAA       0 | *** * TGA       0
      TTG     110 |       TCG      22 |       TAG       0 | Trp W TGG      36
------------------------------------------------------------------------------
Leu L CTT      49 | Pro P CCT      42 | His H CAT      89 | Arg R CGT      10
      CTC      13 |       CCC      15 |       CAC      84 |       CGC      12
      CTA      51 |       CCA     107 | Gln Q CAA      86 |       CGA      23
      CTG      96 |       CCG       0 |       CAG      54 |       CGG       6
------------------------------------------------------------------------------
Ile I ATT      87 | Thr T ACT      69 | Asn N AAT     140 | Ser S AGT      13
      ATC      65 |       ACC      37 |       AAC     101 |       AGC      12
      ATA      25 |       ACA      24 | Lys K AAA     120 | Arg R AGA     112
Met M ATG      74 |       ACG      16 |       AAG     151 |       AGG      39
------------------------------------------------------------------------------
Val V GTT      35 | Ala A GCT     108 | Asp D GAT     120 | Gly G GGT     136
      GTC      14 |       GCC      76 |       GAC      59 |       GGC      39
      GTA      16 |       GCA     100 | Glu E GAA     101 |       GGA      10
      GTG      31 |       GCG      33 |       GAG      77 |       GGG      28
------------------------------------------------------------------------------


Codon position x base (3x4) table, overall

position  1:    T:0.20696    C:0.20837    A:0.30676    G:0.27792
position  2:    T:0.26237    C:0.21770    A:0.36783    G:0.15211
position  3:    T:0.32711    C:0.20074    A:0.25360    G:0.21855
Average         T:0.26548    C:0.20893    A:0.30940    G:0.21619

Codon frequencies under model, for use in evolver (TTT TTC TTA TTG ... GGG):
  0.01639344  0.01639344  0.01639344  0.01639344
  0.01639344  0.01639344  0.01639344  0.01639344
  0.01639344  0.01639344  0.00000000  0.00000000
  0.01639344  0.01639344  0.00000000  0.01639344
  0.01639344  0.01639344  0.01639344  0.01639344
  0.01639344  0.01639344  0.01639344  0.01639344
  0.01639344  0.01639344  0.01639344  0.01639344
  0.01639344  0.01639344  0.01639344  0.01639344
  0.01639344  0.01639344  0.01639344  0.01639344
  0.01639344  0.01639344  0.01639344  0.01639344
  0.01639344  0.01639344  0.01639344  0.01639344
  0.01639344  0.01639344  0.01639344  0.01639344
  0.01639344  0.01639344  0.01639344  0.01639344
  0.01639344  0.01639344  0.01639344  0.01639344
  0.01639344  0.01639344  0.01639344  0.01639344
  0.01639344  0.01639344  0.01639344  0.01639344


TREE #  1:  (((((1, 4), (3, 2)), 5), 6), ((7, 8), 9));   MP score: 1231
This is a rooted tree.  Please check!
lnL(ntime: 16  np: 18):  -6520.027807      +0.000000
  10..11   11..12   12..13   13..14   14..1    14..4    13..15   15..3    15..2    12..5    11..6    10..16   16..17   17..7    17..8    16..9  
 0.151282 0.212989 0.379586 0.058397 0.154371 0.401603 0.013088 0.216162 0.363440 0.603788 0.986952 0.144113 0.129255 1.538476 1.237129 2.558656 2.036601 0.046950

Note: Branch length is defined as number of nucleotide substitutions per codon (not per neucleotide site).

tree length =  9.149288

(((((1: 0.154371, 4: 0.401603): 0.058397, (3: 0.216162, 2: 0.363440): 0.013088): 0.379586, 5: 0.603788): 0.212989, 6: 0.986952): 0.151282, ((7: 1.538476, 8: 1.237129): 0.129255, 9: 2.558656): 0.144113);

(((((Scer: 0.154371, Spar: 0.401603): 0.058397, (Smik: 0.216162, Sbay: 0.363440): 0.013088): 0.379586, Ncas: 0.603788): 0.212989, Cgla: 0.986952): 0.151282, ((Agos: 1.538476, Klac: 1.237129): 0.129255, Calb: 2.558656): 0.144113);

Detailed output identifying parameters

kappa (ts/tv) =  2.03660

omega (dN/dS) =  0.04695

dN & dS for each branch

 branch          t       N       S   dN/dS      dN      dS  N*dN  S*dS

  10..11     0.151   850.0   329.0  0.0470  0.0076  0.1612   6.4  53.0
  11..12     0.213   850.0   329.0  0.0470  0.0107  0.2269   9.1  74.6
  12..13     0.380   850.0   329.0  0.0470  0.0190  0.4044  16.1 133.0
  13..14     0.058   850.0   329.0  0.0470  0.0029  0.0622   2.5  20.5
  14..1      0.154   850.0   329.0  0.0470  0.0077  0.1645   6.6  54.1
  14..4      0.402   850.0   329.0  0.0470  0.0201  0.4278  17.1 140.8
  13..15     0.013   850.0   329.0  0.0470  0.0007  0.0139   0.6   4.6
  15..3      0.216   850.0   329.0  0.0470  0.0108  0.2303   9.2  75.8
  15..2      0.363   850.0   329.0  0.0470  0.0182  0.3872  15.5 127.4
  12..5      0.604   850.0   329.0  0.0470  0.0302  0.6432  25.7 211.6
  11..6      0.987   850.0   329.0  0.0470  0.0494  1.0514  42.0 345.9
  10..16     0.144   850.0   329.0  0.0470  0.0072  0.1535   6.1  50.5
  16..17     0.129   850.0   329.0  0.0470  0.0065  0.1377   5.5  45.3
  17..7      1.538   850.0   329.0  0.0470  0.0769  1.6389  65.4 539.2
  17..8      1.237   850.0   329.0  0.0470  0.0619  1.3179  52.6 433.6
  16..9      2.559   850.0   329.0  0.0470  0.1280  2.7258 108.8 896.8

tree length for dN:       0.4576
tree length for dS:       9.7468


Time used:  0:08
