      9   1179

Scer                            AAG AAT CTA CTT AAT GAC TCA AAG ATG AAA CAA TGC CTA CCT TCT AAA CTG ATA CAA GAC GGT ACT CAA TTG GGA GAG GCT GAT TTT GTT TTA CTG ACT GAG ACT GAC TTT GAT CGA GAA AGA AGA GCC CTC TTG AAT CTC CAC CCA ATA AGA CAA GAA CGA TTC CAA CAC CCG CAG CTT ATC GAA TCC AGG ATA CAC ATT CAA TTC GTT ACT TCA AGT GGC GAA CTT AGC CAT CTA ATT CGT CGT AAT TTG GAG CGT ATG AAA CAC AAT AGA AAC AAG GCT AGA AAG TCT ATA TCG AGA GAA CAA AAA AAT GAC AAT CTT AGT AAA ATA TCA GAA CAC ATG AGA GAT AAG AAT CAA TAT AGA AAG GAC GAT GAT GGC TTA CTC TCC GTG CTA CCT AAA GAG GAG ACT TAC GCA CTA CAG TAC AGC CGT GTC GAA ATA CAC GAC TGT AAT ATT AAG AAG TTA GCT CTG GAT TTT CTG CAC GTG GTT GAT ACT AAG GAC TAT TTT CAT TTC AGC AAT AGA CAT GTT AAG AAC TTG GAA CTG CTT CAA ATT GCT AGA AGG TCG AGA CAG CTA CTA AGG GAG CCA TAC CTT AAC GAA TTC CCA TTA GAC GAC CTA TAT AAG GGT TCT CAG AGC ATG GAA TAT ATA TAT CAA TCG AGA GAT GAT CCT ATG CGA ACT GTG ATC GAT AGA CTG CCT GAG CCT CCA TTT CTC ATC TAT GTT GTA CCC ATT TCA AGA GGC ATA CTG GCT ACC TTT CTC CAG CCA GTC ATT CAC ACT CTA AGA GAG CGT GAA CAG GAT CAT CTG GGC CAG TTC ATA AAA ACT TAT GTT TAT GAA TTC GCG AAT GTA GTG GAT TAC AGA CTA TAT CAA GAA TCG GGA GAA GAA GAT GCC GTG GTT AAG CTA CAA AAC ATT AGA GAA TTA GCT CTT GAT GCA AGA ACT AGG TCG TTG AAA CTA GAC AAT GGA AAG TAC CGA CAG CTA CGT ACA GCG AGT AGA GAT TTC GAG AGA AGC GAG CGT AAT ACA AAG AGA CCG GAA TTA GAC ACT GCG TTT AGG TGT GGA GAA CCA AGT TTA ATT GAT ACT CGT AAT ACT CAA GCT TCG ACT TCA CAA AAC CCA AGT GGC CGT TCA AGA ACC CAA CTG AAA TCC CAC CCT CAC TCA CAG ATA ATT TAC GTT AAT TCA AAT TTA GAG AGA CCT CGT 
Sbay                            AAA GAC CTG CTT AAT GAC TCA AAG ATG AAA CAG TGC CTA CCT TCT AAG CTT ATT CAG GAT GGT ACT CAG TTG GGG GAA GCT GAC TTT GTC TTG TTG ACC GAA ACC GAT TTT GAT CGA GAG AGA AGA GCG CTT TTA AAC CTT CAC CCG ATC AGA CAG GAG CGA TTC CAA CAC CCG CAG CTT ATT GAG TCC AGA ATA CAC ATC CAA TTC GTC ACT TCG AGT GGC GAG CTC AGT CAA CTA ATC CGT CGT AAC TTG GAA CGT ATG AAA CAC AAT AGA AAC AAG GCC AGA AAG TCG ATA TCA AGA GAG CAG AAG AAC GAC AAT CTT AGC AAA ATA TCG GAG CAC ATG AGA GAT AAG GAC CAG TAT AGA AAG GAC GAT GAT GGC CTG CTT TCT GTA TTG GTC AAG GAG GAA ACT TAT GCA CTA CAG TAC AAC CGT GTC GAG ATC CAC GAT TGT AAT ATC AAG AAG TTG GCC CTG GAC TTC TTG CAC GTA GTC GAT ACT AGG GAT TAC TTT CAC TTC AAC AAC AGG TAC GTC AGA AAC TTG GAA TTG CTT CAA ATT GCC AGA AGA TCA AGA CAA TTG CTA AGA GAA CCG TAT CTT AAC GAA TTC CCA TTA GAT GAT CTA TAT AAA GGT TCG CAG AGC ATG GAA AAC GTA AAC CAA TCA AGA GAT GAC GTC ATG CGA ACT GTG ATT GAT AGA CTA CCT GAA CCT CCG TTC CTT ATT TAC GTC GTA CCT ATC TCG AGA GGC ATA TTG GCT ACC TTT CTT CAA CCA GTC GTT CAC ACG CTA AGA GAG CGT GAA CAG GAT CAC TTG GGC CAA TTC ATA AAA ACT TAC GTC TAT GAA TTC GCG AAC GTA GTA GAC TAC AAA CTA TAC CAG GAA TCA GGA GAG GAA GAT GCC GTA GTC AAG CTA CAA AGT ATC AGA GAA TTG GCC CTC GAC GCA AGA ACT AGA CCG TTG GAA CTA GAC AAT GGG AAG TAT CGA CAG CTA CGT ACT GCA AGT AGA GAT TTC GAA AGA AGC GAG CGT AAC ACA AAG AGA CCG GAA TTA GAT ACT GCA ATT AGA TGT GGA GAG CCA AGT TTA ATC GAC ACC CGT AAT ACT CAA GCT TCG ACC TCA CAA AAC CCA AGC GGC CGT TCT AGA ACC CAA CTA AAA TCT CAC GTC CAC TCG CAG ATA ATT TAC GTT AAC TCG AAC TTG GAA AGG GTC CGT 
Smik                            AAG AAT CTA CTT AAT GAC TCA AAG ATG AAA CAA TGT TTG CCT TCT AAA CTG ATA CAA GAC GGT ACC CAA TTG GGA GAA GCG GAT TTT GTT CTG TTG ACT GAA ACC GAC TTC GAC CGA GAA AGG AGA GCG CTC TTA AAT CTC CAC CCA ATA AGA CAA GAG CGA TTC CAA CAC CCG CAA CTT ATT GAG TCC AGA ATA CAC ATT CAA TTC GTT ACT TCA AGT GGC GAG CTT AGT AAT CTC ATT CGC CGC AAT TTG GAA CGC ATG AAA CAC AAT AGG AAC AAG GCT AGA AAG TCT ATA TCG AGA GAA CAA AAA AAT GAC AAT CTT AGT AAG ATA TCA GAG CAC ATG AGG GAT AAG AAT CAA TAT AGA AAG GAC GAT GAT GGG TTG CTC TCT GTG TTA CCA AAA GAA GAA ACT TAC GCA CTC CAA TAC AGT CGT GTT GAG ATC CAC GAG TGT AAC ATT AAG AAG TTA GCC CTT GAT TTT TTG CAC GTG GTT GAT ACT AAG GAC TAT TTT CAT TTT AGT AAT AGG TAT GTC AAA AAC TTG GAG TTG CTC CAA ATC GCT AGG AGA TCG AGA CAA TTA TTG AGA GAA CCA TAT CTT AAC GAA TTC CCA TTA GAT GAC TTG TAT AAG GGG TCT CAA AGT ATG GAA TAT ATA TAT CAA TCG AGA GAT GAC CCA ATG CGA ACC GTA ATT GAT AGA CTA CCT GAA CCT CCA TTT CTC ATT TAC GTT GTA CCC ATT TCA AGA GGG ATA TTG GCG ACT TTC CTC CAA CCC GTT ATT CAC ACC CTA AGG GAA CGC GAG CAA GAT CAT TTG GGC CAA TTC ATA AAA ACC TAT GTC TAT GAA TTC GCG AAC GTT GTG GAC TAT AGA CTA TAT CAA GAA TCG GGA GAG GAA GAC GCG GTG GTC AAG CTC CAA GAT ATC AGG GAA TTA GCC CTT GAT GCA AGA ACT AGA TCG TTG GAG CTC GAC AAT GGA AAG TAC CGA CAA TTG CGC ACA GCG AGT AGA GAT TTC GAA AGA AGT GAA CGT AAT ACC AAG AGG CCG GAA TTA GAG ACC GCG TTT AGA TGT GGA GAG CCC AGT TTG ATT GAC ACT CGT AAT ACT CAA GCT TCA ACT TCT CAA AAC CCC AGC GGC CGT TCA AGA ACT CAA CTA AAG TCT CAC CCA CAC TCA CAA ATA ATC TAC GTT AAT TCA AAC TTA GAA AGA CCA CGC 
Spar                            AAG AAC CTA CTT AAT GAC TCA AAG ATG AAA CAA TGC CTA CCT TCT AAA CTG ATA CAA GAC GGT ACT CAA TTG GGG GAA GCT GAT TTT GTT TTA CTT ACT GAA ACC GAC TTC GAT CGA GAA AGG AGA GCC CTT TTG AAT CTT CAC CCA ATA AGA CAA GAA CGA TTC CAG CAC CCG CAG CTT ATT GAG TCC AGA ATA CAC ATC CAA TTC GTT ACT TCA AGT GGC GAG CTT AGC CAT CTG ATT CGT CGT AAT TTG GAA CGT ATG AAA CAC AAT AGA AAC AAG GCT AGA AAG TCA ATA TCT AGA GAA CAA AAA AAT GAC AAT CTT AGT AAG ATA TCA GAA CAC ATG AGA GAT AAG AAC CAA TAT AGA AAG GAC GAT GAT GGC TTG CTT TCC GTG TTA CAG AAA GAG GAA ACT TAC GCA CTG CAG TAC AGT CGT GTA GAG ATT CAC GAC TGT AAC ATT AAG AAG TTA GCC CTC GAT TTT TTG CAC GTG GTT GAT ACT AAG GAC TAT TTT CAT TTC AGT AAT AGG CAT GTC AAG AAC TTG GAA CTT CTT CAA ATT GCT AGG AGA TCT AGA CAG TTA CTA AGG GAA CCA TAT CTT AAC GAA TTC CCG TTA GAT GAC CTA TAT AAG GGT TCA CAG AGC ATG GAA TAT ATA TAT CAA TCT AGA GAT GAT CAG ATG CGA ACT GTG ATT GAT AGA CTA CCT GAA CCT CCA TTT CTT ATT TAC GTT GTG CCC ATT TCA AGA GGC ATA CTT GCT ACC TTC CTT CAG CCA GTA ATT CAC ACT CTA AGG GAG CGT GAA CAG GAT CAT TTG GGC CAG TTC ATA AAA ACT TAT GTC TAT GAA TTC GCG AAC GTG GTG GAT TAC AGG CTA TAT CAA GAA TCT GGA GAA GAA GAT GCC GTG GTC AAG CTG CAA AAT ATT AGA GAG TTA GCC CTT GAC GCA AGA ACT AGG TCG TTG GAA CTG GAC AAT GGG AAG TTC CGA CAG CTA CGT ACA GCG AGT AGA GAT TTC GAA AGA AGC GAG CGT AAT ACA AAG AGG CCG GAG TTA GAC ACT GCG TTT AGA TGT GGA GAA CCA AGC TTA ATT GAT ACT CGT AAT ACT CAA GCT TCG ACT TCT CAA AAC CCA AGC GGC CGT TCA AGA ACC CAA CTA AAG TCC CAC CAG CAC TCA CAG ATA ATT TAC GTT AAT TCA AAC TTA GAG AGA CAG CGT 
Ncas                            AAA AAT CTA CTT ACA GAT TCT AAG TTA GCT CAG TGT CTG CCT TCG AGA CTA ATC CAA GAG GGT ACT CAA TTA GGT GAA GCT GAT ATG GTT CTT TTG ACT GAA ACA GAC TTC GAT AGA GAA CGA AGG GCA TTA TTG AAC TTA CAT CCA GTT AGA CAA GAG AGA TTC CAA CAC CCC TCC CTT ATA GAA TCA AGA ATC CAC ATA CAA TTC GTC GGC ACA AGT GGT GAA CTA AGC AAG ATA ATT AAA CGT AAT TTG GAA CGT ATG AAA CAC ACA AGA GAT AAG GCT AGA AAG TCA ATT TCC AGA GAA CAA AGA AAT GAT AAC TTA GGA AAA ATC ACA GAG CAT TTG AGA GAT AAG AAT CAA TAT AGA AAG GAT GAT GAT GGC TTA TTA TCT GTG TTA GTT AGA GAA TCA GGC TAC GCT ATA CAA TAT GAT CGT GAA GCG ATA CAT AAC TGT AAT ATT AAG AAG CTC GCT ATG GAG TTC TTG CAC GTG GTT GAT ACG AAG GAC TAC TTC CAC TTT GAT AAC AGG TAT GTG AAA CAA TTG GAA TTG CTT AAC ATT GCT CGA AGA TCC AGA CAA TTA CTG AGA GAA CCA TAT TTA AAC GAA TTC CCA TTA GAC GAC CTG TAT AAA GGT TCA CAA TCG ATG GAA TAT ATA TAT GAG TCC AGG GAT GAT GTT ATG AGA ACT ACA ATA GAT AGA TTA CCA GAA CCA CCA TTC TTA ATA TAT GTC GAG GCT ATT ACA AGA GGC ATC TTG GCT ACT TTC TTA CAA CCA GAA GTC CAC ACT CTA CGA GAA AAA GAA CAA GAT CAC TTG GGT CAA TTC GTG AAA ACT TAT GTG TAT GAA TTC GCT AAC GTT GTG GAT TAT AAG CTA TTC CAA GAA TCC GGT GAA GAA GAT GCA GTG GTG AAG ATA GAG AAT ATC AGA GAA TTA GCT CTA GAT GCT AGA ACT AGA AAG TTG GAA ATA GAT ACA GGT AGG TGG CGT CAA CTG CGT ACT CAA AGT AGA GAT TAC GAA AGA GGA GAA CGT AAC ACG GAA CGA CCC GAC TTA AAC ACT CAA TTT AGG TGT GGT GAG CCA AGT CTA ATT GAT ACT CGT AAC GGC CAA TAC TCA ACT TCC AGA AAC CCA AGT GGT CGT TCC AGG ACT CCA TTA AAA TCT CAC GTT CAT ACA CAA GTG ATT TAC GTT AAC ACA AAC CTC GAA CGC GTT CGT 
Cgla                            AAG AAC TTA CTG AAT GAT TCC AAG TTA TCT CAG TGT CTG CCC TCT AAA CTA GTT GAG GAC GGT ACA CAA TTG GGT GAG GCA GAC TTT GTA CTA CTG ACT GAG GTG GAC TAC GAC CTA GAA AGA AAG ACT CTA TTG AAC CTA CAT CCA ATA AGA CAA GAG CTA TTT GAT CAT CCG CAA CTG ATT GAG TCG AGA ATT CAT ATA CAA AAC GTT GCT GAC AGT GGG GAG TTG AGT GAT ATG ATT CGA CGT AAT TTG GAG CGT CTT AAG CAC AAT AGA AAC AAG GCT AGA AAG TCG ATT TCA AGA GAG CAA AAA AAT GAT AAC TTG AGT AAG ATT GAC GAG CAT ATG AGA GAC AAG AAC GAG TAT AGA AAG GAC GAT GAT GGA TTG CTA TCT GTG TTG GTG AAA GAA GAT GCT TAT GTG ATG GAA TAC GAA CGT AAG GAG TTG CAT AAA TGT AAC ATT AAG AAA TTT GCA CTG GAG TTC TTG CAT GTC GTA GAT TCC AAA GAC TAC TTT CAC TTT GAA AAC AGA AAC ATC AAG CAA TTG GAA CTG TTG AAC ATT GCT AGA AGA TCA AGA CAA TTG CTG AGG GAG CCA TAT TTG AAT GAA TTC CCA CTA GAT GAC CTG TAT AAG GGA TCG GAA GCC CTT GAG TAC ATT TAC TAC TCA AAG GAT GAC GTG ATG CTA ACA GTT ATT GAT AGA TTA CCA GAG CCA CCA TTC CTA ATT TAC GTT TGT GAA ATT GAC AGA GGA ATT CTG GCA ACC TAC CTA CAA CCA AAG ATT CAT ACT CTG AGA GAA CGA GAA GAA GAT CAC TTG GGG CAA TTC GTG AAG ACA TAC ATC TAT GAA TTT GCG ACG GTC GTC GAC TAT AAA CTG TAC GAG GAA TCA GGA GAA GAA GAT GCG GTC ATC AAG ATG TAC AAC ATT AGA GAG TTG GCA TTG GAC GTG AGA ATT AGA GCT TTG GAT ATG GAT AAT GGT AAA TAC CGT GAA CTG CGT ACA AAT AGT AGA GAC TTC GAA AGA GGT GAA CGT AAC GCA AAA AGA CCG GAC CTA AAA ACA AAT TTT AGG TGT GGT GAG CCA AGT CTA ATA GAT ACT CGT AAC GCT CAG GCT GCG ACT TCG AGA AAT CCA AGT GGG CGT TTA CGT ACC CCA TTA AAG TCT CAT GTG CAT GAC GAA GTG ATT TAC GTT AAC GAC ACG TTT CAA AGA GTG CGT 
Agos                            AAG GAT CTA CTC ACC GAC TCA AAG ATG ACC CAG TGC TAC CCG AGT CGG CTG GTG GAA GAC GGC ACG CAG TTG GGC GAG GCG GAT TTT GTG CTG CTG ACC GAG GTT GAC AGC GAC CGT GAT CGG CGT ACC CTC CTC AAC CTC CAT GCG ATC AGA CAG GAG CGT TTC CAG TAC CCG CAG CTC CTG GAG AGC CGC ATC TAC CTG CAA TTC GTG GCC TCG AGC GGC GAG TTG AGC GAT ATG ATC CAG CGT TCG CTG GAG CGT GTG AAG CAC ACC CGG TCC AAG GCC CGC AAG TCG TTG TCA CGC ATC CAG CGG AAC GAC AAT CTG GCG AAG ATC TCG GAG CAT ATG CGG GAT AAG GAT GAA TAC CGC AAG GAC GAC GAT CAC CTA CTC TCA GTG TTG CTG CGG GAG AGG GCC CTG ACG ATG GTG TAC GCG CGT GAG GAG GTG CAT GGG GTC AAC ATC AAG AAG CTT GCG CCG GAC TTC TTG CAC GTG GTG GAC GCG AAG GAC TAC GCG CAC TTC GCG AAC CGC CAG GTG GCC CAA CTT GAC CTG CTA AAC ATT GCC CGG CGC TCA AGA CAG TTG TAC CGT GAG GCG TAT CTG AAC GAG TTT CCT TTA GAC GAC TAC TAC AAG GGA TCG GTG GCG GTG GAG TAT GAG TAT CAA TCA CGT GAC GAC CTG ATG CGT ACC GTC CTG GAC CGC CTC CCG GAG CCG GCG TTC CTC CTG TAC GTG GGG GCG ATC TCG CGG CAC ATC CTG GCG ACC AGC CTC CAG CCA GAG ATC TAC ACC CTG CGG GAG CAG GAG GTG GAC CAC TTG GGC CAG TTC GTG AAG ACC TAC GTG TAC GAG TTT GCC CAG GTT GTG GAC TAC AAG CTG TTC GAA GAG TCA GGG GAA GAG GAC GCC GTG GTG AAG ATG CAA GAC ATT CGC GAA TTG GCG TTG GAG ACG CGC ATC CGC CCG CTT CAG ATG GAC ACC GGC CGT CAG CGC GTG TAC CGT ACG AAC AGC CGG GAT TTC GAG CGG TGC GAG CGT AAC ACC CGC CGG CCG GAG TTA GGG ACG AAC CTA CGC GTC GGC GAG CCA TCG TGC ACG GAT ACC CGT AAT GCC CAG GCA CTG ACC GCG AGG AAC CCA AGC GGC CGT GCG CGC ACC GAG CTC AAG TCA TAC CTG CAG TCG GTG GTG ATT TAC ATC AAC TCG CAG CTT GAG CGG CTG CGT 
Klac                            AAG AAT TTG TTA ACA GAT TCT AAG TTG TCT CAA TGC CTG CCT AGT AGA CTT ATA CAA GAT GGT ACT CAA TTG GGC GAA GGT GAT TTC GTC TTA TTG ACT GAA ACT GAC TAC GAC AAA GAA CGT CGT ACT TTG CTG AAC TTG CAC TCG ATA AGA CAA CAA AAA TTC AAC TAC CCG CAA TTA ATA GAG ACT AGA ATT TAC CTT CAA TTT ATA TCT GGA AGT GGA GAG CTT AGT GAC ATG ATC AAG CGT AAT TTG GAA CGT CTG AAA CAC ACA AGG TCT AAA GCT AGA AAG TCG TTG TCG AGA GAG CAA AGA AAC GAT AAT TTA GGC AAG ATT GGA CAA CAC ATG AGG GAC AAA AAT CAA TAC AGA AAA GAC GAT GAC CAT CTA TTG TCT GTG CTA AAG AGA GAA AAT TCT TTA CAA ATG GTT TAC CAA AGA GAA GAG GTA CAC GAA GCA AAT ATC AAG AAA CTA GCT CCA GAG TTC TTG CAT GTG GTC GAT TCT AAA GAC TAC TCT CAT TTC CAA AAC CGT AAA GTT GCG CAA CTA TCA TTG CTT AAA ATT GCT CGT AGA TCG AGA CAA CTA CTG AGA GAA TCG TAC TTA AAT GAG TTT CCC CTA GAT GAC CTG TAC AAG GGG TCG GTT TTA CTG GAA TTC ATC TTC CAC TCG CGT GAC GAT AAG ATG AAA ACC CAA ATA GAC AGA CTT CCA GAA CCA TCG TTC TTG ATA TAC ATA AAT GCC ATC GGA AGA CAT ATT TTG GGT ACC TAC TTG CAA CCG GAA GTA TAC ACA TTA CGT GAA AAG GAG GTT GAC CAT TTG GGA CAA TTC GTC AAA ACC TAC GTT TAC GAA TTT GCA AAA ATT GTG GAT TAC AAA TTA TAC CAA GAA TCG GGC GAA GAA GAC GCC GTG GTT AAA ATG CAC GAT ATC CGT GAA TTG GCT CTT GAT CAA AGA ATT CGT CCA CTA GAC ATG GAT ACA GGC AAG TGG CGT GTT CTG CGT ACT AAT AGT AGA GAC TTC GAA AGA GCC GAA CGT AAC AAA AAC CGT CCG GAA CTA GAA ACT AAT TTA AGA GCA GGA CAA CCG ACC CGC ATA GAT ACT AGA AAT TCT CAA GCC TCG ACT TCT AGA AAT CCG AGC GGA AGA GCC AGA ACC CAA CTT AAG TCT TAC AAG AAT GGA GTT GTC ATT TAC GTT AAC GGA AAA CTA GAA CGT AAG CGT 
Calb                            AAA TGT ATT TTA AAT GAT TCT AAG TTG AGT CCA TCA CAA CCA TCC AGA TTG ATC AAA GAT GGT ACT CAA GTG GGT GAA GCT TAT ATT TTT TTG TTT TCC GAA AAT GAT TGG GAT GGA TCA TTA GAG AAC TTG TTA AAT TTG CAT TCA ATA AGA CAA GAA GGA TTT CAA TAT CCG AAT TTA GAA GAT CCA AGA ATA TAT ATA CAA TTA GTT GCT AAT GTT GGA GAT TTG GCT GAG TTA ATT AAT AGA AAC TTA GAA AGA ATG ACA CAT AAT AGA GAT AGA GCT AGA AAG TCA ATT CAT AGA GAG CAA AGA GAA GAT GCT TTA AAT AAA ATA AAT GAA CAT CAA AGA GAT AGA TGT AAA TAT AGA AGA GAT GAT GAT AAT TTG TTG ACT GTG TTG AAT AGA GAA ATT GCT TTG GCT TTA CAA TAT GGA AGA GAA GAA ATA CAT AAA ATG ACT ATT AAG AAA AAT GCT ATC GAA TTC TTG CAT GAA TTT GAT ACC GGG GAT TAC GCC CAC TTT GGA AAT AAG TCA TTT AAA GAA TTG GAA TTT ATA GAA ATA GCT TTA AGA CAT CGT CAA TTG CAA AGA GAA TCA TAC TTA AAT GAT TTC CCA TTG TAT GAT CAA TAT AAA GGT TCA CAA TTC ATG GAA AAT GTT AAT ACT CAT GAG GAA GAT AAT ATG GGA ACT ATG GAA GAA AGT TTG CCA GAA CCA TCA TTC TTG GAA GTT GTT AAT CCA ATT AAT AGA AAT ATA TTT GCT ACC TGG TTG CAA CCA GAA ATT TAT ACT TTG TTA GAA AAT GAA CAA GAA CAC TTG GGA CAA TTT GTG ACA ACT TAT TTT TAT GAA TTC AAT GAT ATT GAA GAT TAC AGA TTG TAC AAA GAA CAT GGA GAG GAA GAC GCC GAA TTT TTA TTA ACT GAT ATT CGT GAG TTA GCT TTG AAG GCT AGT ATT AGA CCA TTG GAT TTA GAT AAT GGT AAA TAT CGA CAA CAA AGA ACT GAG GTT AGA GAT TTC CAA AGA TCA GAA CGT AAT CAA AAG TTA CCG GAT TTG AAA ACT GAG TTA AGA ATG AAT GAA CCA TCT CAT ATT TAT TCC AGA GCT GCT TCA AAA TCG TCC AAT AGA AAT CCA AGT GGA AGA ACC CGA ACC GAA TTG AAA ACT TAT AAT AAT AAT CAA GTG ATA TAT GTT AAT AAT GAT AAT ATA CGA AAT AGA 



Printing out site pattern counts


         9        714  P

Scer                            AAA AAA AAA AAA AAA AAC AAC AAC AAC AAG AAG AAG AAG AAG AAG AAG AAG AAG AAT AAT AAT AAT AAT AAT AAT AAT ACA ACA ACC ACT ACT ACT ACT ACT ACT ACT ACT AGA AGA AGA AGA AGA AGA AGA AGA AGA AGA AGA AGA AGA AGC AGC AGC AGC AGG AGG AGG AGG AGT AGT AGT AGT ATA ATA ATA ATA ATA ATA ATA ATC ATG ATG ATG ATG ATT ATT ATT ATT ATT ATT CAA CAA CAA CAA CAA CAA CAA CAA CAA CAA CAC CAC CAC CAC CAC CAG CAG CAG CAT CAT CAT CCA CCA CCA CCC CCG CCT CCT CCT CGA CGA CGT CGT CGT CGT CTA CTA CTA CTA CTA CTC CTG CTG CTG CTG CTG CTT CTT CTT CTT GAA GAA GAA GAA GAA GAA GAA GAA GAA GAA GAA GAA GAA GAC GAC GAC GAC GAC GAC GAG GAG GAG GAG GAG GAT GAT GAT GAT GAT GAT GAT GAT GAT GAT GAT GCA GCC GCC GCG GCG GCT GCT GCT GCT GGA GGA GGA GGC GGC GGT GGT GTA GTA GTC GTG GTG GTG GTT GTT GTT GTT TAC TAC TAC TAC TAC TAC TAT TAT TAT TAT TAT TAT TCA TCA TCA TCA TCC TCC TCG TCG TCG TCT TCT TGC TGT TTA TTA TTA TTA TTA TTA TTC TTC TTC TTC TTC TTC TTC TTG TTG TTG TTG TTT TTT TTT TTT TTT 
Sbay                            ... ... ... ..G G.. ... ... ... .GT ..A ... ... ... ... ... ... .GA .G. ..C ..C ..C ..C ... ... ... G.C ... ..T ... ..C ..C ..G ... ... ... ... ... .A. ... ... ... ... ... ... ... ... ... ... ..G ..G .A. ... ... ..T ..A ..A ..A ..A ..C ..C ... ... ... ... ... ..C ..C ..T G.. ..T ... ... ... ... ..C ..C ..C ..C ... G.. ... ... ... ... ... ... ... ..G ..G ..G ... ... ... ... ... ..A ... ... ..A ..C T.C ... ... ..G ..T ... ... ... GTC ... ... ... ... ... ... ... ... ... ..G T.G ..T ..A ... ..T T.. T.. ..C ... ... ... ... ... ... ... ... ... ... ..G ..G ..G ..G ..G ..G ... ... ..T ..T ..T ..T ..A ..A ..A ..A ... ..C ..C ..C ..C ..C ... ... ... ... ... ... ... ... ..G ..A ... ..C ..C ... ... ... ... ..G ... ... ... ... ... ... ... ..A ..A ... ..C ..C ..C ... ... ... ... ..T ..T ..T A.C ..C ..C ..C ..C ... ... ... ..G ..T ... ..T C.. ..A ... ..G ... ... ... C.G ... ... ..G ..G ..G ... ... ... ... ... ... ... ..A ... ... ... A.. ..C ... ... ... 
Smik                            ... ... ..G ... G.G ... ... ... G.T ... ... ... ... ... ... ... ..A ... ..C ... ... ... ..C ... ... ... ..C ... ..T ..C ... ..C ..C ..C ... ... ... ... ... ... ... ... ... ... ... ..G ..G ..G ... ..G ..T ..T ..T ..T ..A ..A ..A ..A ..C ... ... ... ... ... ... ... ..C ... ... ..T ... ... ... ... ..C ... ... ... ..C ... ... ... ... ... ... ... ... ... ... ... ... ... ... ... ... ..A ..A ..A A.. ... T.. ... ..C ... ... ... ... ... ..A ... ... ..C ..C ... ... ... ..C T.G ... T.. ... ..A ..T ... T.. T.. ... ..C ... ... ... ... ... ... ... ..G ..G ... ... ..G ..G ..G ..G ... ... ... ... ..G ..T ..A ..A ..A ..A ..A ..C ..C ... ... ... ..C ..C ... ... ... ... ... ..G ..G ... ... ..C ... ..G ... ... ... ... ... ..G ..G ... ... ..T ..T ... ... ..A ..C ... ... ... ... ... ..T ... ... ..T ... ..C ... ... ... ... ... ..T ... ... ... ..T ... ... ..A ... ... ..T ... ..G ... ..G C.G ... ... ... ... ... ... ... ... ..T ..A ... ... ... ... ... ..C ... ... 
Spar                            ... ... ..G ... G.. ... ... ... ..T ... ... ... ... ... ... ... ... ... ..C ... ... ... ..C ... ... ..C ... ... ... ..C ... ... ... ... ... ... ... ..G ... ... ... ... ... ... ... ... ... ..G ... ..G ..T ... ... ... ..A ..A ... ... ..C ... ..C ... ... ... ... ... ..T ... ... ..T ... ... ... ... ... ..C ... ... ... ... ... ... ... ... ... ... ..G ... ... ... ... ... ... ... ... ... ... ... ... ... ... ..G ... ... ... ... ... ... .AG ... ... ... ... ... ... ... ..G ... ... T.. ..T ..A ..C ... ..T T.. ... ... ... ... ... ... ... ..G ..G ... ... ... ... ... ... ..G ..G ... ... ... ... ... ..T ..A ..A ..A ... ... ... ... ..C ... ... ... ... ... ... ... ... ... ... ... ... ... ..C ... ... ... ... ... ..G ... ... ... ... ..G ..G ..A ... ... ... ..C ... ... ... ... ... ... ... .T. ..T ... ..C ... ... ... ... ... ..T ... ... ... ... ... ..T ... ..A ... ... ... ..G ... ... ... ... ... ... ... ... ... ... ... ... ... ... ... ... ... ... ..C ... ... 
Ncas                            ... GCT ... .G. G.. ... C.A G.T ..T ..A ... ... ... ... .G. G.A ..A ... ..C ..C ... ... ... ..C .CA ... ..G ..T ..T ..A ... ... ... ... ..G ... GGC .AG ... ... ... ... ... ..G ..G ... ... C.. C.C ..G GAT G.A TCG ... ..A ... ..A ..A ... G.A ... ... ..C ..T G.G G.T ... ..C ... ..A ... ... T.A T.. ..C ..A ... ... ... G.C A.C AG. ... ... .C. G.G ... ... ... ..G ... ... ... ..T ..T ..A ..A TCC A.G ..C T.. ... ... ... G.T ..C ..A ... GT. A.. ..T AAA ... ... ... ... A.. ..G ... T.. T.A T.A A.. ..A T.. T.. ..A ... ... T.A ... ... ... ... ..C ... ... ... ... ... ..G ... .CG ..T ..T ... ..G A.. ... ..A ..A TCA ..A ..A ... ... ... ..G ... ... ... ... ... ... ... ..T ..A ..A CAA ..T ... ... ... TAC ..T ..T ..T ..T ... ... ... .AG ..T .AA ... ... ACA ..G ..C ... ... ... ..T ..T ... .GG ..T ... ... ..C ... .TC ... ..T ..C A.. ..C ..A ..T AA. ..C ..A ..A ..G ..T ... ... ... C.. C.T C.C ... .A. ... ... ... ... ... ..T ... ..A ... ... ... ..C ..C A.G ..C 
Cgla                            ..G TCT ..G ... G.T ..T C.A ... ... ... ..A ... ... ... ..A ..A ... ..A .CG ..C ... ... ..C ..C ... ..C G.. ... ... GTG ... ... ..A ..A T.C .T. G.. .A. ... ... ... ... ... .AG C.T ... ... ... ... ... GAA G.T GC. ..T ..A ... ..A ... ... ... ... ... ..T ..T G.G ... T.G G.T ..T ..T ... C.T T.A ... ... ..A ..A ... ... ... A.C AG. ... ..G .C. T.C G.T ... G.G ..G ... ..T ..T ..T ..T ..A G.A ..A G.. ..C A.C ... ... ... GAA ... ..A ..C GTG .T. ..T ..A ... ... ... ..G A.G ..G T.. T.G ..A T.A ... ..A ... T.. T.G T.G ..G T.G ... ... ..G ..G ..C ... ... ... ..G ... ..G ..G ..G ... ..T ... ... A.A ..T ..A ... ..T C.A ..A ..C ... ..C ..G ..C ..C ... ..C ... ... ... .TG ..G A.T AAT ... ..A ... ..A ... ... ..T ..T ..G ..A ..A ... TGT ..C AAG ..C ... ..T A.C ... ..A ... ... ... ..T ..T ... ..T ..C ..C ..C ..C ..C ... ..C ..G GAC .T. ..G ..T G.T ..A G.. ..G ... ..T ... ..G C.. C.. C.. ..T ..G ... AA. ... ... ..T ..T ..T ... ... ... ... ... ..C .AC ... ... 
Agos                            ..G .CC ..G CGG C.G ... C.A TC. G.. ... ... ... ... ... CGT CGC GCC ... C.G ..C ..C TCG ..C ... .CC G.. ..C ..G ... GT. ..C ..C ..C ..G G.G .TC G.C .AG ... ... C.C C.C C.G C.T C.C C.C C.G C.G C.G C.C GCG T.. GCG ... C.C C.C C.C C.T ..C GCG TCG ..C ..C T.G G.G ..C G.G G.G GAG C.G ... G.. ... ... ... C.G .CG ..C ... ..C A.C AGG ... ..G G.G ... ..G ..G G.. ..G ... ... T.. ..G ..T ... GT. ... G.. ..C ..G ..T ... G.G G.G ... ..G ..G .TG ..T ..C .AG ... ... ... ..G A.G TAC ... T.G ... ..C .C. ... ... T.. T.G ..A ..C ..G ..G ..G ..G ... ..G ..C ..G ..T ATC ... ..G ..G ..G ... ... ... ... .GG ... ... ... AG. ... ... ..C ... ..G ..C ... ..C ..C ... ..C ..C ... A.G ... A.. AAC ..C ..G ..C ..G ..A ..G ..C ..C ... CA. ..A ..C .GG ..T .AG ... ... ..C ..G ..G ..G A.C ... ... ... CTG C.G ..T ... ..C ..C ..C .TC ..C ... G.G ..G G.G AG. ..A C.. ..A CT. ..G AG. ... GTC C.. ... .GC C.G C.T ..G ... ... ... ..T ... ..T ... C.C ... C.. C.T C.A ..C AGC ... GCG 
Klac                            ... TCT ..G .G. G.C ..T C.A TCT G.T ... ..A ..A ..A ... ... ..C GC. ..A ..A ..C ..C ... ... ... .CA ... .A. ..T ... ... ... ..A ..C ... T.. .T. T.. .A. ... ... ... ... ... C.T ... C.T ..G C.T C.T C.T CAA GC. TTA ..T ..A ..A C.T ..A ..C G.C .CC ... ..T T.G G.C ... G.. ... ..C ..A ... C.. T.. ... ..C C.. ..A ..C ... G.A A.. AG. ... ... ... ..C A.C ... ... ... ... ..T T.. A.T ... ..A GTT ..A G.C ... A.A ..C ..G T.G G.. ... ..A ... AAG AA. ..T AAG ... A.A ... T.. A.G ..G T.G ... T.G ..T .CA ..T T.. T.. ... ... T.A T.A ... ..G ... ... ... TC. ..G ... ..G ... C.. ..G ..G ... ..T ... ..T ..A ..T ..A ..A A.T ..A ..A ... ... ... ..G ... ..C ..C ..C ..C ... ..C CA. ... A.T AAT ..A ... ... .G. ..C ..C ... ..C ..A CAT ..G ... AAT A.T .AA ... ... CAA ... A.A ..C ... ... ... ... .TA .GG ... .TC ..C ..C ..C ..C ..C ..T ..T GG. G.C A.T ..T C.A ... ... ..G AG. ... GCA C.. C.. CGC ... C.. ..G ... ..T ... ..T ... ..T ... C.. ... ... C.A ..A ..C .AC ..C .C. 
Calb                            .C. .GT ... .G. G.T ..T G.A G.T G.T ..A ..A .GA TTA ... ..A ... ..A GG. G.. ... G.A ..C .C. GC. ... TG. CA. ..T ... .A. T.C ... ... ... ..C .T. G.. ... ... C.T ... ..T ... GAG C.. C.T ... TT. C.. .AG G.A TCA TT. GCT ..A ..A ..A ..A ... .A. TC. GT. ... ..T G.G ... ... ..C G.T GAA ... ... T.. CAA ... ..A ... ... ..A ... G.. AG. ... TC. G.. ACT ... ... A.. .C. ..T ..T T.T A.T ..T ..A ..A A.T G.G ..C TCA ... ... T.. ..A ... ..A ..A AA. G.. ... AA. A.A A.A ... T.G T.. .A. A.T T.G T.G T.. A.C T.. T.T T.. T.G A.A T.A T.A ... ..T ... ..G ..T ... ... TC. ..G ..G ... ..T ... ..T ..T ..T ..T A.A T.T C.A ..A ATT ATA ..A ... T.. A.G ..A T.. ... ..C ... ..A ... ... ..T ... AA. .A. AAT ... ... ... AAA ... AAT ..T ..A AAT ... ... AAT A.T .AA .AA ... A.. T.. ... T.. ... ..T ..T ... .TG ..T ... A.. GT. ..C ... ..C ... ..T AAT AAT A.C C.A A.T C.A CAT ... ..A ..C .CA ATG ..G ..G CAT ..G AAT ... ... ..A ..T ... ..T ... ..T ..A G.. ..A ... ..A ..C .GG A.. GCC 

    2    1    2    3    1    2    1    1    1    2    1    3    1    3    1
    1    1    1    2    4    1    1    1    2    3    2    1    1    2    1
    3    1    2    2    1    1    3    1    1    1    3    2    3    2    1
    1    2    4    1    1    2    1    1    1    2    1    1    1    1    1
    1    2    3    1    2    1    1    1    1    3    1    2    1    1    1
    1    1    3    2    1    1    1    1    1    1    2    1    3    3    1
    1    1    4    1    3    3    5    1    1    2    1    1    3    3    1
    2    2    1    4    3    1    2    4    3    1    2    4    4    1    2
    5    2    1    1    3    2    2    1    2    2    3    1    1    1    1
    1    1    1    1    1    3    2    1    1    3    3    1    2    1    1
    5    1    1    3    2    1    1    1    1    1    1    2    3    2    1
    2    1    1    2    1    2    2    2    1    1    1    2    3    2    1
    1    1    1    2    3    1    1    3    2    2    1    1    1    1    1
    1    1    2    1    1    1    1    3    1    1    5    1    1    2    1
    4    1    2    1    1    2    1    2    1    1    2    1    1    1    1
    1    1    1    1    1    1    1    2    1    2    2    1    1

CODONML (in paml version 4.9j, February 2020)  temp.nuc
Model: One dN/dS ratio, 
Codon frequency model: Fequal
ns =   9  ls = 393

Codon usage in sequences
--------------------------------------------------------------------------------------------------------------------------------------
Phe TTT   7   4   6   5   2   8 | Ser TCT   3   4   6   6   3   4 | Tyr TAT   9   6  11   9  11   6 | Cys TGT   2   2   3   2   3   4
    TTC   7   9   8  10  11   5 |     TCC   3   1   1   3   7   2 |     TAC   6   8   5   5   5  13 |     TGC   1   1   0   1   0   0
Leu TTA   8   4   8   9  17   5 |     TCA   8   6   8   9   5   4 | *** TAA   0   0   0   0   0   0 | *** TGA   0   0   0   0   0   0
    TTG   5  15  15   8  10  17 |     TCG   6   8   5   2   2   4 |     TAG   0   0   0   0   0   0 | Trp TGG   0   0   0   0   1   0
--------------------------------------------------------------------------------------------------------------------------------------
Leu CTT   7  11   7  15   4   2 | Pro CCT   7   4   3   3   1   0 | His CAT   4   0   2   4   4   9 | Arg CGT  10  10   4  10   9  10
    CTC   5   2  10   1   2   0 |     CCC   1   0   4   1   2   1 |     CAC  10  12  10  10   8   3 |     CGC   0   0   6   0   1   0
    CTA  13  12   5   9   7  13 |     CCA   7   4   8   6  10  10 | Gln CAA  15  12  24  14  20  10 |     CGA   4   4   4   4   4   2
    CTG   9   3   2   5   4  12 |     CCG   2   6   2   3   0   2 |     CAG   9  13   0  14   1   2 |     CGG   0   0   0   0   0   0
--------------------------------------------------------------------------------------------------------------------------------------
Ile ATT   9   7   9  12   7  16 | Thr ACT  14  10  10  13  12   5 | Asn AAT  16   6  14  12   6   9 | Ser AGT   5   5   9   5   4   6
    ATC   3   8   4   1   5   3 |     ACC   2   6   7   3   0   2 |     AAC   5  16   7   9  13  14 |     AGC   5   4   1   5   1   0
    ATA  10   6   9   9  10   3 |     ACA   2   1   1   2  10   5 | Lys AAA   9   8   7   6   9  10 | Arg AGA  23  26  20  20  24  23
Met ATG   5   5   5   5   5   6 |     ACG   0   1   0   0   2   2 |     AAG  14  13  15  16  12  18 |     AGG   5   3   8   8   6   2
--------------------------------------------------------------------------------------------------------------------------------------
Val GTT   8   2   8   5   9   5 | Ala GCT   7   3   3   5  11   7 | Asp GAT  16  17  13  16  22  16 | Gly GGT   2   2   1   2   9   5
    GTC   2  13   3   3   3   4 |     GCC   2   5   2   4   0   1 |     GAC  11  12  13  11   5  18 |     GGC   5   5   3   5   5   0
    GTA   2   7   2   2   0   2 |     GCA   2   4   2   2   2   5 | Glu GAA  18  18  20  21  27  20 |     GGA   4   2   4   2   2   4
    GTG   5   1   4   7   9  10 |     GCG   3   2   7   3   1   3 |     GAG  11  12  12   9   8  18 |     GGG   0   2   3   2   0   3
--------------------------------------------------------------------------------------------------------------------------------------

--------------------------------------------------------------------------------------
Phe TTT   3   3  11 | Ser TCT   0  11   2 | Tyr TAT   3   0  14 | Cys TGT   0   0   2
    TTC   8   9   6 |     TCC   1   0   4 |     TAC  17  17   4 |     TGC   3   1   0
Leu TTA   2  10  18 |     TCA   7   1  10 | *** TAA   0   0   0 | *** TGA   0   0   0
    TTG   9  16  24 |     TCG   9  10   1 |     TAG   0   0   0 | Trp TGG   0   1   2
--------------------------------------------------------------------------------------
Leu CTT   4   7   0 | Pro CCT   1   1   0 | His CAT   3   5  10 | Arg CGT  15  16   3
    CTC  10   0   0 |     CCC   0   1   0 |     CAC   6   6   2 |     CGC  14   1   0
    CTA   4   9   0 |     CCA   3   4  11 | Gln CAA   4  23  20 |     CGA   0   0   3
    CTG  20   7   0 |     CCG   7   5   2 |     CAG  18   0   0 |     CGG  13   0   0
--------------------------------------------------------------------------------------
Ile ATT   3   7  12 | Thr ACT   0   9  11 | Asn AAT   2  13  34 | Ser AGT   1   4   4
    ATC  11   5   2 |     ACC  14   5   4 |     AAC  11   7   2 |     AGC   7   1   0
    ATA   0   8  10 |     ACA   0   4   2 | Lys AAA   0  17  13 | Arg AGA   2  22  29
Met ATG   7   6   6 |     ACG   6   0   0 |     AAG  16  14   6 |     AGG   2   2   0
--------------------------------------------------------------------------------------
Val GTT   2   9   7 | Ala GCT   0   4  14 | Asp GAT   9  13  25 | Gly GGT   0   3   4
    GTC   3   4   0 |     GCC   8   5   2 |     GAC  21  14   1 |     GGC   7   4   0
    GTA   0   2   0 |     GCA   1   3   0 | Glu GAA   5  22  34 |     GGA   1   9   9
    GTG  22   4   4 |     GCG  16   1   0 |     GAG  28   7   8 |     GGG   4   1   1
--------------------------------------------------------------------------------------

Codon position x base (3x4) table for each sequence.

#1: Scer           
position  1:    T:0.16539    C:0.26209    A:0.32316    G:0.24936
position  2:    T:0.26718    C:0.17557    A:0.38931    G:0.16794
position  3:    T:0.32061    C:0.17303    A:0.31807    G:0.18830
Average         T:0.25106    C:0.20356    A:0.34351    G:0.20187

#2: Sbay           
position  1:    T:0.17303    C:0.23664    A:0.31807    G:0.27226
position  2:    T:0.27735    C:0.16539    A:0.38931    G:0.16794
position  3:    T:0.23664    C:0.25954    A:0.29008    G:0.21374
Average         T:0.22901    C:0.22053    A:0.33249    G:0.21798

#3: Smik           
position  1:    T:0.19338    C:0.23155    A:0.32061    G:0.25445
position  2:    T:0.26718    C:0.17557    A:0.38931    G:0.16794
position  3:    T:0.27735    C:0.21374    A:0.31043    G:0.19847
Average         T:0.24597    C:0.20696    A:0.34012    G:0.20696

#4: Spar           
position  1:    T:0.17557    C:0.25191    A:0.32061    G:0.25191
position  2:    T:0.26972    C:0.16539    A:0.39695    G:0.16794
position  3:    T:0.31552    C:0.18321    A:0.29262    G:0.20865
Average         T:0.25360    C:0.20017    A:0.33673    G:0.20950

#5: Ncas           
position  1:    T:0.19593    C:0.19593    A:0.32061    G:0.28753
position  2:    T:0.26718    C:0.17303    A:0.38422    G:0.17557
position  3:    T:0.29771    C:0.17303    A:0.37405    G:0.15522
Average         T:0.25360    C:0.18066    A:0.35963    G:0.20611

#6: Cgla           
position  1:    T:0.18321    C:0.19338    A:0.31552    G:0.30789
position  2:    T:0.28244    C:0.14504    A:0.42239    G:0.15013
position  3:    T:0.28499    C:0.16794    A:0.29517    G:0.25191
Average         T:0.25021    C:0.16879    A:0.34436    G:0.23664

#7: Agos           
position  1:    T:0.15776    C:0.31043    A:0.20865    G:0.32316
position  2:    T:0.27481    C:0.18575    A:0.36387    G:0.17557
position  3:    T:0.11705    C:0.35878    A:0.07379    G:0.45038
Average         T:0.18321    C:0.28499    A:0.21544    G:0.31637

#8: Klac           
position  1:    T:0.20102    C:0.21628    A:0.31552    G:0.26718
position  2:    T:0.26972    C:0.16285    A:0.40204    G:0.16539
position  3:    T:0.26718    C:0.20356    A:0.34097    G:0.18830
Average         T:0.24597    C:0.19423    A:0.35284    G:0.20696

#9: Calb           
position  1:    T:0.24936    C:0.12977    A:0.34351    G:0.27735
position  2:    T:0.25445    C:0.16031    A:0.44020    G:0.14504
position  3:    T:0.38931    C:0.06870    A:0.40458    G:0.13740
Average         T:0.29771    C:0.11959    A:0.39610    G:0.18660

Sums of codon usage counts
------------------------------------------------------------------------------
Phe F TTT      49 | Ser S TCT      39 | Tyr Y TAT      69 | Cys C TGT      18
      TTC      73 |       TCC      22 |       TAC      80 |       TGC       7
Leu L TTA      81 |       TCA      58 | *** * TAA       0 | *** * TGA       0
      TTG     119 |       TCG      47 |       TAG       0 | Trp W TGG       4
------------------------------------------------------------------------------
Leu L CTT      57 | Pro P CCT      20 | His H CAT      41 | Arg R CGT      87
      CTC      30 |       CCC      10 |       CAC      67 |       CGC      22
      CTA      72 |       CCA      63 | Gln Q CAA     142 |       CGA      25
      CTG      62 |       CCG      29 |       CAG      57 |       CGG      13
------------------------------------------------------------------------------
Ile I ATT      82 | Thr T ACT      84 | Asn N AAT     112 | Ser S AGT      43
      ATC      42 |       ACC      43 |       AAC      84 |       AGC      24
      ATA      65 |       ACA      27 | Lys K AAA      79 | Arg R AGA     189
Met M ATG      50 |       ACG      11 |       AAG     124 |       AGG      36
------------------------------------------------------------------------------
Val V GTT      55 | Ala A GCT      54 | Asp D GAT     147 | Gly G GGT      28
      GTC      35 |       GCC      29 |       GAC     106 |       GGC      34
      GTA      17 |       GCA      21 | Glu E GAA     185 |       GGA      37
      GTG      66 |       GCG      36 |       GAG     113 |       GGG      16
------------------------------------------------------------------------------


Codon position x base (3x4) table, overall

position  1:    T:0.18830    C:0.22533    A:0.30958    G:0.27679
position  2:    T:0.27000    C:0.16766    A:0.39751    G:0.16483
position  3:    T:0.27848    C:0.20017    A:0.29997    G:0.22137
Average         T:0.24559    C:0.19772    A:0.33569    G:0.22100

Codon frequencies under model, for use in evolver (TTT TTC TTA TTG ... GGG):
  0.01639344  0.01639344  0.01639344  0.01639344
  0.01639344  0.01639344  0.01639344  0.01639344
  0.01639344  0.01639344  0.00000000  0.00000000
  0.01639344  0.01639344  0.00000000  0.01639344
  0.01639344  0.01639344  0.01639344  0.01639344
  0.01639344  0.01639344  0.01639344  0.01639344
  0.01639344  0.01639344  0.01639344  0.01639344
  0.01639344  0.01639344  0.01639344  0.01639344
  0.01639344  0.01639344  0.01639344  0.01639344
  0.01639344  0.01639344  0.01639344  0.01639344
  0.01639344  0.01639344  0.01639344  0.01639344
  0.01639344  0.01639344  0.01639344  0.01639344
  0.01639344  0.01639344  0.01639344  0.01639344
  0.01639344  0.01639344  0.01639344  0.01639344
  0.01639344  0.01639344  0.01639344  0.01639344
  0.01639344  0.01639344  0.01639344  0.01639344


TREE #  1:  (((((1, 4), (3, 2)), 5), 6), ((7, 8), 9));   MP score: 1370
This is a rooted tree.  Please check!
lnL(ntime: 16  np: 18):  -7363.208679      +0.000000
  10..11   11..12   12..13   13..14   14..1    14..4    13..15   15..3    15..2    12..5    11..6    10..16   16..17   17..7    17..8    16..9  
 0.225608 0.279601 0.750755 0.060019 0.189680 0.112360 0.000004 0.309327 0.499898 0.661991 0.786148 0.212262 0.593966 1.955525 0.933961 3.785073 1.831120 0.068586

Note: Branch length is defined as number of nucleotide substitutions per codon (not per neucleotide site).

tree length = 11.356179

(((((1: 0.189680, 4: 0.112360): 0.060019, (3: 0.309327, 2: 0.499898): 0.000004): 0.750755, 5: 0.661991): 0.279601, 6: 0.786148): 0.225608, ((7: 1.955525, 8: 0.933961): 0.593966, 9: 3.785073): 0.212262);

(((((Scer: 0.189680, Spar: 0.112360): 0.060019, (Smik: 0.309327, Sbay: 0.499898): 0.000004): 0.750755, Ncas: 0.661991): 0.279601, Cgla: 0.786148): 0.225608, ((Agos: 1.955525, Klac: 0.933961): 0.593966, Calb: 3.785073): 0.212262);

Detailed output identifying parameters

kappa (ts/tv) =  1.83112

omega (dN/dS) =  0.06859

dN & dS for each branch

 branch          t       N       S   dN/dS      dN      dS  N*dN  S*dS

  10..11     0.226   854.4   324.6  0.0686  0.0159  0.2314  13.6  75.1
  11..12     0.280   854.4   324.6  0.0686  0.0197  0.2868  16.8  93.1
  12..13     0.751   854.4   324.6  0.0686  0.0528  0.7700  45.1 249.9
  13..14     0.060   854.4   324.6  0.0686  0.0042  0.0616   3.6  20.0
  14..1      0.190   854.4   324.6  0.0686  0.0133  0.1945  11.4  63.1
  14..4      0.112   854.4   324.6  0.0686  0.0079  0.1152   6.8  37.4
  13..15     0.000   854.4   324.6  0.0686  0.0000  0.0000   0.0   0.0
  15..3      0.309   854.4   324.6  0.0686  0.0218  0.3173  18.6 103.0
  15..2      0.500   854.4   324.6  0.0686  0.0352  0.5127  30.0 166.4
  12..5      0.662   854.4   324.6  0.0686  0.0466  0.6790  39.8 220.4
  11..6      0.786   854.4   324.6  0.0686  0.0553  0.8063  47.3 261.7
  10..16     0.212   854.4   324.6  0.0686  0.0149  0.2177  12.8  70.7
  16..17     0.594   854.4   324.6  0.0686  0.0418  0.6092  35.7 197.7
  17..7      1.956   854.4   324.6  0.0686  0.1376  2.0057 117.5 651.0
  17..8      0.934   854.4   324.6  0.0686  0.0657  0.9579  56.1 310.9
  16..9      3.785   854.4   324.6  0.0686  0.2663  3.8822 227.5 1260.0

tree length for dN:       0.7989
tree length for dS:      11.6475


Time used:  0:13
