      9   1179

Scer                            AAC GTT CAG TCC TCA TAC GCC AGG TTA TCT AGA TTA GTT AAT GGA GTT AAT CTT TAC GTT TCA AAC GGT GAA AGA ATT GCT AAG ACT GAA AAG ATG GAT AAC GAA CTA CAT GAT AAG TCC GCG AAC GTT TCT GCT ATT GAA CAT AGA GCT AAG CCA TTA ACC TGG AAT CAC GAT AAG GTG AAG AGA GCA CAA ATC ATC CCA GGT GAG GAA ACA TCT GTC GCT AGG TAT GAT AGA TTC GGT CAT AAA GCA CCC CCT ATG GTT AAC AAG AGT GAT AAG GTG TTG ACT CCT TCA CAT CGT ACC ATC AAG TAT TGG AGA GAT GAT GGT GCT TTG TCA GGA GGA AGA TTC TAC CCT GAT TTG CAG GAT AGA CTT AGG GCT GAT GCT CCT GAT AAT AGT TTT TAT CAA GAG GAA AAT AGT CGT TTC CCA GAC GAC ATG AAG AGA CTA GAT CAT GAA TTG GAG TTA GCT TGG GTC CCT ATC GAA GAA TCG GGA TAT ACA ACT AAG CAA AGA GTA GAG TAC ACT GTA GCG GAT AAC CCA CGT GAA AGA TAT AAT ATA ATG GCC GAA GGA AGT GAA GAT TTA GAG TTA TCC GAA GTT TTA ATG CTT GAA TTT AAC CTG AAC CAA GAC AAT CTA CGC AAT TTA CAG TTT AAA ACA GAG GGT AAT GCT TTC GAA GCT GAG TTC TCG ATG TTA GAG CAA TTC CCT GAA AAC AAG AAG GAA GAT TTC AGT TTT GAT GAA GAG TAT GCT AGA GAG AAT AAT AAG ATT CCT ACA GGA TTG CTT CAT CTT GCA GTA AAG TAT CGT CAA TAT ATG CAA TTA ATG CCA AAT CAT TCA GAA GAG TTG ACC TCC TGG GAA TTA GTC GGA TTG TCA CCA GGC TCT TCA ATG GAA ACT GAT TGT GTG CAA TCT AAC CCC AGA TCA GAT TTC GCC CTT ACT GTT CGT CAT GCT TAT AAG CCA ATT TCT GAT TAC TTG CCT TCC AGA GCA GAA TCA GAG GAT GAT TCC CTA GAA CAT CAA TCA AGT AAG AGA TCT TTT AAT CGT GAT GAT TTG GTA GCA TTG GCC AAG CAA AAA AGA GCA CAG TTC GGT GGT GCT CAT CAA AAG AGT CAA GCT TAT GGC AGA GAT CAG GGT ATA AAG AAT ATG CCA GAT AAG CAA GCA TCT CTG GAA AGA TTC GAA AAT GAA GAT ACA GCC TAC AAC GAT TTG 
Sbay                            AAT GTG CAG TCG TCG TAC TGT AGG TTA TTT AGA TTG GTC AAT GGG ATT AAT CTT TAC GTC TCT AAT GGT GAG AGA ATC GCA AAG ACC GAG AAG ATG GAT AAC GAG TTG CAT GAT AAA TCT GCG AAT GTA TCG GCT ATC GAA CAC CGA GCC AAA CCT CTA ACT TGG AAC CAC GAT AAG GTG AAG AGG GCC CAA ATA ATC CCT GGT GAG GAG ACG TCA GTT GCT AGG TTT GAT AGA TTC GGC CAC AAG GCC CCC CCT ACG GTC AAT AAG AGC GAT AGA GTA TTG ACA CCT TCG CAC CGT ACT ATT AAA TAT TGG AGA GAC GAT GGT GCC CTT TCT GGT GGG AGA TTC TAC CCA GAT TTG CAA GAT AGG TTG AGA GCA GAC GCT CCT GAT AAT AGC TTT TAT CAA GAG CAA AAT AGT CGG TTT CCT GAC GAC ACG AAA AGA CTG GAT CAT GAG CTA GAA TTG GCT TGG TTG CCC ATC GAA GAA TCA GGT TAT ACG ACT AAG AAA AGG GTG GAA TAC ACT GTC GCG GAC AAT CCT CGG GAA AGA TAT AAC ATA ATG GCC GAA GGG AGC GAA GAT TTA GAG TTA TCC GAG GTG TTA ATG CTT GAA TTC AAT TTG AAC GCT GAT AAT CTG CGT AAC TTA CAG TTC AAA ACA GAA GGT AAC GCT TTC GAA GCT GAA TTC ACG ACG TTG GAG CAA TTC CCT GAG AAT AGT AAG GAG GAT TTC AGC TTT GAT GAA GAG TAT GCC AGG GAA AAT AAT AAA ATC CCA ACA GGG TTG TTG CAT CTT GCC GTC AAA TTT CGT GAT TAT ATG CAA CTA ATG CCA AAC CAT TCG GAA GAA CTA ACC TCC TGG GAA TTG TTG GGT CTA TCG TCA GGT TCA TCG ACG GAA ACC GAT TGT GTG CAA TTT AAT CCC AGA CTA GAT TTC TGT CTC ACA GTG TAC CAT TCT TAT AGA CCA ATC TCA GAT TAC TTG CCT TCC AGA TCA GAA CTA GAA GAT GAT TCC TTG GAG CAT CAA TCT AGC AAA AGA TCT TTT AAT CGT GAT GAC CTT GTC GCC TTG TGT AAG CAG AAG AGA TCA CAG TTC GGT GGT GCA CAT CAA AAG AGC CAA GCT TAC GGG AGA GAT CAG GGT ATA AAA AAT ATG CCA GAT AAA AAA TCA TCA CTG GAA AGA TTC GAA AAT GAG GAT ACT GCC TAC AAT GAT TTA 
Smik                            AAT GTT CAG TCA TCG TAC TGT AGA CTA TCC AGA TTA GTT AAT GGT GCT AAT CTT TAT GTT TCT AAC GGT GAG AGA ATC GCA AAA ACC GAA AAG ATG GAG AAT GAG TTG CAC GAT AAA TCC GCG AAC GTA TCT GCT ATC GAG CAC CGA GCC AAG CCT TTA CGT TGG AAT CAC GAC AAG GTG AAA AGA GCG CAA GCA ATT CCC GGT GAA GAG ACG TCA GTT GCT AGG TAC GAT AGA TTC GGC CAC AAA GCA CCT CCT ACT GTG AAC AAG GCT GAT AGA ATG TTG ACG CCT TCT CAT AGA CGT ATA GTA TAT TGG AGA GAC GAT GGT GCT CTT TCT GGA GGG AGA TTC TAC CCA GAT CTG CAA AAT AGA CTT CGT GCA GAT GCT CCT GAT AAC AAT TTT TAT CAA CAA CAA AAT AGT CGT TTT CCA GAC GAT ACT AAG AGG TTA GAT CAT GAG CTA GAA TTA GCC TGG ATG CCT ATT GCC GAG TCG GGA TAT ACG ACT AAG AAA AGA GTT GAG TAC ACT GTT GCG GAT AAT CCA CGT GAA AGG GAA AAT ATA ATG GCC GAA GGG AAT GCT GAT CTA GAA CTG TCC GAA GTT TTG ATG CTT GAG TTT AAT TTG AAT GGA GAC AAC CTA CGT AAC TTG CAG TTT TCC ACA GAG GGT AAT GCT TTT GAG GCT GAA TTT TCA ACT TTA GAG CAA TTC CCT GAG AAT GCC AAG GAG GAT TTC AGT TTT GAG GAA GAG TAT GCC AGA GAG AAC ACT AAG ATC CCA ACA GGG TTG CTT TCC CTT GCA GTT GTA TAC CGT GAA TAT ATG CAA ATT ATG CCA AAC CAT TCT GAA GAG TTG ACC TCC TGG GCT TTA ATG GGA CTG TCT AAA GGC TCA TCG ACT GAA ACC GAT TGT GTG CAA TCC AAT CCT AGA TTG AAT TTC TGT CTT ACG GTT CGT CAC GCT TAT AGA CCA ATC TCA GAG TAC TTG CCT TCC AGA TCT GAA TTG GAA GAT GAT TCT TTG GAG CAT CAA TCT AGT AAG AGA TCT TTT AAT CGT GAT GAC CTT GTT GCG TTG TGT AAG CAG AAA AGA TCT CAG TTC GGT GGT GCA CAC CAA AAA GCT CAA GCC TAC GGT AGA GAT CAA GGT ATA AAA AAC ATG CCA GAT AAA AAA TCT TCA TTA GAA AGA TTC GAA AAT GAA GAT TCC GCA TAC AAT GAT TTG 
Spar                            AAC GTT CAG TCG TCG TAC GCT AGA TTA TCT AGA TTA GTT AAT GGT GCT AAC CTT TAC GTT TCC AAT GGT GAA AGA ATT GCT AAG ACT GAA AAA ATG GAG AAC GAA TTA CAT GAT AAA TCC GCG AAT GTT TCT GCT ATT GAA CAT AGA GCT AAG CCA TTG CGT TGG AAT CAC GAT AAA GTG AAG AGG GCG CAA GCC ATT CCA GGT GAA GAG ACA TCT GTT GCT AGG TAT GAT AGA TTC GGT CAT AAA GCA CCC CCT ACG GTC AAT AAG GCT GAT AAG ATG TTG ACT CCT TCA CAT AGA CGT ATT GTT TAT TGG AGA GAC GAC GGT GCT TTG TCC GGA GGA AGA TTC TAC CCA GAT TTG CAG GAT AGA CTT CGT GCT GAT GCT CCT GAT AAT AAC TTT TAT CAA CAA GAA AAT AGT CGT TTC CCA GAC GAC ACG AAG AGA TTA GAT CAC GAA TTA GAA TTA GCT TGG GTT CCT ATT GCC GAA TCG GGA TAT ACA ACT AAG CAA AGA GTA GAG TAC ACT GTC GCG GAC AAT CCA CGT GAA AGA GAA AAC ATA ATG GCC GAG GGA AAC GCT GAT TTA GAA CTA TCC GAG GTT TTA ATG CTT GAA TTT AAT CTT AAC GGT GAT AAT TTA CGT AAT TTA CAG TTT TCC ACA GAG GGT AAT GCT TTC GAA GCT GAA TTT TCT ACG TTA GAG CAA TTC CCA GAG AAC GCT AAA GAA GAT TTC AGT TTT GAG GAA GAG TAT GCT AGA GAG AAT ACT AAG ATT CCT ACA GGA TTG CTT TCG CTT GCA GTC GTT TAT CGT CAA TAT ATG CAA ATT ATG CCA AAT CAT TCA GAA GAG CTG ACC TCC TGG GCT TTA GTT GGA TTG TCA AAG GGC TCT TCG ACG GAA ACT GAT TGT GTG CAA TCT AAT CCC AGA TTA GAT TTC GCT CTT ACT GTT CGT CAT GCT TAT AAG CCA ATT TCT GAG TAC TTG CCC TCC AGA GCA GAA TTA GAA GAT GAT TCT TTA GAA CAC CAA TCA AGT AAG AGA TCT TTT AAC CGT GAT GAC TTG GTC GCG TTG GCT AAG CAG AAA AGA GCA CAG TTC GGT GGT GCT CAT CAA AAG GCT CAA GCT TAC GGT AGA GAT CAA GGT ATA AAG AAT ATG CCA GAT AAA CAA GCA TCT CTG GAA AGA TTC GAA AAT GAG GAT TCC GCG TAC AAT GAC TTG 
Ncas                            AAC GTT CAA TCA TCA TAT TGC AGA TTG TCT CGA GTT GTC AAC GGT GCC AAT CTT TTT GTC TCT AAC GGC GAG AGA ATT GCC AAG ACA GAA AAG CTA GAA AAT GAG CTT CAT GAT AAA TCT GCT AAC GTT TCT GCA ATT GAA CAT AGA GCC AAA CCA TTA CGT TGG AAC CAT GAT AAG GTG AAG AGG GCC CAA GCT ATT CCT GGC GAA GAA ACC TCA GTT GCA AGA TAT GAC GAA TTT GGT CAT AAA GCC CCT CCA TCA ATT AAC AAA GCT GAT AAG ATG TTA ACT CCA TCA CAT AGA CGT ATA GTT TAT TGG CGA GAT GAT GGT ACC TTA TCT GGG GGT AGA TTT TAC CCA GAT TTA CAG ACT AGA TTA CGT GCC GAC GCA TCG GAT AAT AAC TTC TAT CAT CAA CAA AAT AGT CGA CTG CCA GAC GAT TCA AAG AGA TTA GAT CAC GAG TTA GAA TTA GCA TGG TTG CCA ATT GCC GAA TCA GGG TAT ACC TCA AAG AAG AGA GTT GAA TAC ACT GTC GCT GAT AAT CCA CGA GAA AGA GAA AAC ATA ATG GCT GAA GGT AAC GCT GAT TTG GAA TTG TCA GAG GTT ATC CTA CTT GAA TTC AAT TTG AAT GGT GAA AAT TTA CGT AAC ATC CAA TTT TCT ACA GAA GGT AAC GCT TAC GAA GCT GAA TTC TCA TCA GTT GAG CAA TTT CCT GAA AAT GCA AAG GAG GAT TTC ACA TTC GAA GAA GAA TAT GCC AGA GAA AAT ACT AAA ATT CCA GCC GGT TTA TTA TCC CTT GCC GTC GTT TAT CGT CAA TAT ATG CAA ATT ATG CCT AAC CAT TCA GAA GAA CTG GCA TCA TGG GCT CTA TTG GGG CTA TCA AAA GGT TCA TCA TCA GAA ACA GAC TGT GTG GAA TCT AAT CCT AGA GTA ACT TTC TGC ATA ACT GTT TAC CAT GCA TAT AAG CCT ATT TCA GAA TAT TTA GCG TCA AGA AAT GAA GTA GAA GAT GAT TCC CTT GAG CAC CAA TCA ACA AAG AGA GCA TTC AAT CGT GAT GAT TTA GTC GCC TTA TGC AAA CAA AAA AGA AAT CAA TTT GGT GGT GCC CAT CAA AAG GCT CAA GCA TAT GGG CGA GAT CAA GGG ATA AAA AAT ATG CCT GAT AAA AAG AAT TCA TTT GAA GAA TTC GAA AAC GAG GAT AGC TCG TAT AAT GAT TTA 
Cgla                            AAC ATC CAA TCG TCT TAT GCT AGG TTG TCC AGG GTG GTG AAA GGA GCT AAT CTG TTC GTG TCT AAT GGT GAG AGA ATA GCA AAG ACT GAA AAG CTG GAT AAT GAG CTG CAC GAC AAG TCA GCC AAT GTT TGT GCT ATA GAG CAC AGA GCC CGT CCA CTA CAA TGG AAC CAC GAC AAG GTG AAG AGA GCT CAG CTG ATT CCA GGT GCA GAA ACT TCC GTT GCT AGA TAC GAC GAA TTC GGT CAC CAA GCA CCT CCA GCG GTC AAT AAA AGC GAC AGA GTA CTA ACT CCA TCT CAT AGG CAA ACT AAG TAT TGG AGG GAC GAT GGC GCC CTT TCT GGT GGT AGA TTC TAC CCT GAC TTG CAG GAT AGA TTG CGA GCA GAC GCT CCA GAC AAC AGC TTT TAT CAC GAG CAA AAC AGC AGA TTG CCA GAC GAT GCG AAG AGA CTG GAT CAC GAG CTG GAA CTG GCC TGG ATG CCA ATT GAC GAG GCT GGT TAT ACT ACA AAG AGA AGA GTC GAG TAC ACC GTT GCC GAT AAC CCT AGA GAG AGA CAT AAT ATC ATC GGT GAA GGT AGC GAT GAC TTG GCA CTA CAA GAG ATC ATC CTG CTG GAG TTT AAC TTA AAT GGC GAA AAT CTG AGA AAT ATC CAA TTC GAG ACT GAA GGC AAC GCG TTG GAG GCG GAG TTT TCG GCG GTG GAA CAA TTC CCT GAA AAC AAT AAG GAG GAC TTC TAT TTT GAT GAA GAG TAT GCC AGA GAA AAC TCT CGT ATA CCG ACT GGT TTG TTG CAT CTG GCA GTT AAG TAC CGT GAT TAT ATG CAG ATC ATG CCT AAT CAC TCT GAA GAA CTT GCT CAA TGG GAT CTG ATG GGT TTG TCT AAG GGT TCC TCT GCG GAA ACT GAC TGC GTG CAA TCC AAC CCT AGA AAT GAT TTC GCT ATA ACT ATC TAC TAT GCC TAT AGA CCT ATA TCC GAT TAT CTA CCC CAA AGA AAG GAA AAT GAG GAT GAC TCA CTG GAG CAC CAA TCA TAT AAG CGC GCC CTG AAT CGT GAC GAC CTT GTT GCT TTG GCT AAA CAA CAA AGA AAG CAA TTC GGC GGT GCA CAC CAA AAG AGC CAA GCC TAT GAA AGG GAT GAC GGT ATC AAG AAC ATC CCT GAT AAG AGA AAG TCC CTA GAG GAA TTC GAG AAA GAG GAC ACA GCA TAC AAC GAT CTG 
Agos                            AAC ACT CAA TCA TCG TAT GCG CGG CTG TCT CGG GCG CTC AAC GGA GCG AAC GTT TTT CTC GCG AAC GGA GAG CGC ATC GCG AAG ACT GAG AAG CTG GAC AAT GAG ATG CAC GAT AAG TCG GCA AAC GTG TCG GCC ATC GAA CAT AGG GCC ATG CCT TTC CAA TGG AAC CAC GAC AAG GTG AAG CGT GCG CAG ATC ATC CCT GGA GCT GAG ACG TCT GTG GCC AGG TAC GAC AGC TTC GGT CAT AAG GCG CCT CCG GCA GCA AAC AAG AGT GAC AAG TCC CTG ACC CCG TCC CAC CGT CAA CCG AAG TAC TGG CGG GAC GAT GGG GCC CTA GCG GGG GGT AAG TTC TAC CCT GAT CTC CAG GAT CGG CTC CGG GCG GAT GCC CCC GAT AAC GAA TTC TAC CAC GAG CAG CAG GCG CGC CTA CCG GAC GAT GCA AAG AGA CTG GAT CAC GAG TTA GAG CTG TCT TGG CTG CCG ATC GAC GAA GCA GGG TAC ACG GTG AAG AAG CGT GTC GAG TAC ACG GTC GCA GAC AAC CCA CGC CAG AGA CAT AAC ATA ACC GCA GAG GGT GAA GAA GAC CTG GCT CTG TCG GAA ACT ATG CTG GTT GAA TTC AAC CTG AAT GGG TCG AAC TTG CGC AAC ATG CAA TTT GAG ACA GAG GGG AAC TCG TAC GAG TCG GAG TTT GCG GCA GCG GAG CAG TTC CCG GAG AAC CAA AAG GAG GAC TTC GCG TTC GAC GAG GAG TAC GCC CGT GAG AAC GCA ATG ATC CCC ACT GGT CTA CTC CAT GTT GCG GTC AAG TAC CGC CAG TAT ATG CAG ATC ATG CCC AAC CAC TCC GAG GAG CTG ACG TCG TGG GAA CTG CTG GGG TTG TCC ATC GGT TCT TCG GCA GAG ACT GAC GGG GTG CAG TCT AAC CCT CGC GTC GAT TTC GCG GTG ACC ACT TAC CAC GCT TAC AAG CCC ATC TCT GAC TAT CTG GCC TCG CGG TCT GAG GTC GAG AAC GAT TCT ATG GAG CAC CAG TCG GCG AAG CGG ACG CTC AAC CGG GAT GAC CTA GTC GCG CTA GCG AAG CAA AAG AAG TCT CAA TTC GGG GGT GCG CAC CAG AAG AGT CAG TCT TAC GGC CGG AAC AAG GGC ATA AAG AAC ACC CCC AAC AAG AAG TCT TCT CTG GAG AGC TTT CAG AAC GAA GAC CGC GCG TAC AAC GAC CTA 
Klac                            AAC ACT CAA TCG AGT TAT GCT AGA TTG TCG AGG GTT TTG AAC GGA GCA AAT CTA TTC TTG TCT AAC GGT GAG AGA ATT GCT AAG ACA GAA AAG CTA GAT AAT GAG ATG CAT GAT AAA TCA GCT AAC GTC TCG GCT ATT GAA CAC AGA GCT ATG CCT TTT AAA TGG AAC CAC GAC AAG GTC AAG AGA GCC CAG ATC ATC CCA GGT GAA GAA ACC TCC GTG GCT AGA TAC GAT AGG TTC GGT CAC AGT GCC CCA CCA ACA TTA AAC AAG AGT GAT AAA GTT CTT ACA CCA TCT CAC AGG AAA ACA AAA TAT TGG AGG GAT GAT GGT GCC TTG TCT GGT GGT ACC TTC TAC CCA GAC TTG CAA GAT AGG CTA AGA GCT GAC GCT CCA GAT AAT AGC TTT TAT CAT GAA CAG AAT ATC AGA TGG CCT GAC GAT ACA AAG AGA TTG GAC CAC GAA TTA GAA TTG ACT TGG TTG CCA ATC AAA GAA GCT GGT TAT ACC ACA AAG AAG AGA GTC GAA TAC ACT GTT GCT GAC AAC CCT AGA GAG AGA TAC AAC ATT ATA TCA GAA GGT AGC GTA GAT TTG GAA TTG TCG GAG ACT TTG CTA CTA GAA TTC AAC TTG AAT GGG TCG AAT TTA AGG AAC TTG CAA TTT GAA ACA GAA GGT AAC TCA TAC GAG TCA GAG TTC AGT ACA GTT AAA CAA TTC CCT GAA AAT GAT AAG GAG GAT TTC AAA TTT GAT GAG CAA TAT GCT AGA GAG AAT AAC ATG ATT CCT ACT GGT TTG CTA CAT CTA GCC GTT AAA TAC CGT CAA TAT ATG CAA GTC ATG CCT AAC CAT TCT GAA GAG CTA ACC TCG TGG GTA TTG TTG GGT CTA TCT CCA GGT TCC AGT ACA GAA ACA GAC TGT GTC CAA TCG AAC CCA AGA ATA GAT TTC GCT ATC ACA ACT TAT CAC GCC TAT AAA CCT ATT TCC GAT TAT CTT GCT TCG AGA TAT GAA ATA GAG GAT GAC TCC ATG GAA CAC CAA TCC AAA AAG AGG TCA CTT AAT CGT GAT GAT TTG GTT GCC TTG GCT AAG ACA AGT ACC TAT CAA TTC GGT GGT GCT CAT CAA AAG AGT CAA ACT TAC GAG AGG GAT CAG GGT ATT AAG AAT ATA CCA GAT AAA AAG TAT TCC CTA GAG AGG TTT GAG AAC GAG GAT AAA GGT TAC AAC GAT TTG 
Calb                            AGT AAC CAA TCA TCT TAT GCT AGA TTG GCC AGA GCA GTC AAT GGC GCT AAC TTG TTT GTC TCC AAC GGA GAA AGA ATT GCA AAA ATT GAA AAG TTG ACC AAC GAA TGT CAT GAT AAA GAC GCC AAC GTT TCA GCT ATT GAA CAC AGA GCT AAA CCA TTA AAT TGG AAC CAC GAT AAG GTT AAA AGA GCC CAG GCT ATT CCA GGA GAG GAA TTG TCC GTG GCT AGA TAT GAC CAA TTC GGT CAC GAA GCA CCC CCT AAC GCT AAC AAG GCT GAT AAG CAG TTA ACC CCT GCT CAT AGA AAT CCA GAC TAT TTT AGA GAC GAC GGT GCT TTA TCC GGT GGC AGA TTC TAT CCT GAC TTG CAA GAT CGG TTA AGA GCA GAC GCT CCA GAT AAC ACA TTT TAC AGA GAG CAA TAC AAT AGA TTG CCA GAC GAC AAC AAA AGA TTA GAC CAC CAA TTA GAA TTA TCT TGG TTG CCG ATT AAT GAA TCA GGT TAT TTG GAA CAA ATC AGA GTG GAA TAT ACT GTG GCC GAC AGC CCC AGA GAA AGA TAT AAC ATT TTG ATT GAA GGC ACA CAA GAC TTG GAG TTG CAA GAA AAC TTG TTG TTG GAA TTT AGC CTT AAC CAT CAA AGT TTA CGT AAT TTG CAA TTT GAG TGT GAA GGT AAC CTG TAT GAT CTG GAA TTT AAC AAC GCA GAA CAA TTT CCA GAA AAC GAT AAA GAA GAT TAC ATG TTT ACC GAA GAA TAC GCT AGA TCA AAC AAG AAA ATT AAT TCC GGC TTG TTA CAT TTG GCA GTG GAC TAT AAA CAA TAT ATG CAA TAT ATG GAC AAT CAT GCT GAA TCA AAA AAT CAA TGG CAA TTG TTG GGT TTG GCT ACT GGT TCC TCT AAC GAA ATT GAC GCA GTT CAA GCC AGC CCC AGA GTT GAT TAC GCT ATT ACC AAC TAT TTT AGT TAT AAG GAC ATT TCC ACC TAT TTA ATG CAA AGA AAC GAA GTT GAA GAT GAC TCA TGT CAA CAC AGC TCG ATG AAA CGT TCT TCC AAC CGT GAT GAC TTA GTG GCC TTG GCT AAG CAA GAA AGA AAC CAA TTT GGT GGA GCA CAT AGC AAA GCT CAA TCT TAC AAA AGA GAT AAA GGT ATT AAA AAC TTG CCT GAT AAA ATC AAC TCC TTA GAA CAA TTT GAA AAT GAA GAT ACA AGT TAT AGC GAT TTG 



Printing out site pattern counts


         9        744  P

Scer                            AAA AAA AAC AAC AAC AAC AAC AAG AAG AAG AAG AAG AAG AAG AAG AAG AAG AAG AAG AAT AAT AAT AAT AAT AAT AAT AAT AAT ACA ACA ACA ACA ACC ACC ACT ACT ACT ACT AGA AGA AGA AGA AGA AGA AGA AGA AGA AGA AGA AGG AGG AGG AGT AGT AGT AGT ATA ATC ATC ATC ATG ATG ATG ATG ATT CAA CAA CAA CAA CAA CAA CAA CAA CAA CAA CAC CAG CAG CAG CAT CAT CAT CAT CAT CAT CAT CCA CCA CCA CCA CCA CCA CCA CCC CCT CCT CCT CCT CCT CCT CCT CGC CGT CGT CGT CGT CGT CTA CTA CTA CTG CTG CTT CTT CTT GAA GAA GAA GAA GAA GAA GAA GAA GAA GAA GAA GAA GAA GAA GAA GAC GAC GAC GAG GAG GAG GAG GAG GAG GAG GAG GAG GAT GAT GAT GAT GAT GAT GAT GAT GAT GAT GAT GAT GAT GAT GAT GAT GCA GCA GCA GCC GCC GCC GCG GCT GCT GCT GCT GCT GCT GCT GGA GGA GGA GGC GGC GGT GGT GGT GGT GGT GTA GTA GTC GTC GTG GTG GTT GTT GTT GTT GTT TAC TAC TAC TAC TAT TAT TAT TAT TAT TAT TCA TCA TCA TCA TCA TCC TCC TCC TCC TCG TCG TCT TCT TCT TCT TGG TGG TGT TTA TTA TTA TTA TTA TTA TTA TTA TTC TTC TTC TTC TTC TTC TTC TTG TTG TTG TTG TTG TTG TTG TTG TTT TTT TTT TTT 
Sbay                            ... ..G ... ..T ..T ..T ..T ..A ..A ..A ..A ..A ... ... ... ... ... .GA .GT ..C ..C ..C ... ... ... ... ... ... ... ... ..G ..T ... ..T ..A ..C ... ... ... ... ... ... ... ... ... ..G ..G ..G C.. ..A ... ... ..C ..C ..C ... ... ..A ... ..T .C. ... ... ... ..C A.. ... ... ... ... ... ... ..G G.T GCT ... ..A ... ... ..C ..C ... ... ... ... ... ... ... ..T ..T ..T ..T T.. ... ..A ..A ..C ... ... ... ... ..T ..G ... ... ... TAC ..G ..G T.G ... T.. ..C ... T.G C.. ... ... ... ... ... ... ... ... ... ..G ..G ..G ..G ..G ... ... ..T ..A ..A ..A ..A ..A ... ... ... ... ..C ..C ..C ... ... ... ... ... ... ... ... ... ... ... ... ... ..C ..C T.. ... ... TGT ... ..A ..C ..C ... ... ... T.. ..G ..G ..T ..G ..T ..C ... ... ... ... ..C ..G ..T T.G ..A ... A.. ..A ..C ..C ..G ... ... ... ... ..C ... ... ... ... .T. CT. ..G ..G ..T ..T ... ... ..G ..T A.. ..A ..A ..G ... .T. ... ... ... C.. C.. ... ... ... ..G ..G ..G ... ... ... ... ... ... ..T C.A C.A C.A C.T ..A ... ... ... ..C ..C ... ... 
Smik                            TCC ... ..T ... ..T ..T ..T ..A ..A ... ... GTA ..A ... ... ... ... .GA GCC ..C ... ... ..C ..C ... ... ... .C. ... ... ..G T.C ... CGT ..G ..C ... ... ... ... ... ... ... ... ..G ... ... ... C.. C.T ..A ... .A. ... GC. ... ... GCA ..T ..A .CT ... ... ... ..C A.. ... ... ... ... ... ... ..G G.. GG. ... ..A ..A ... ..C ... ..C ..C ... ... TCC ... ... ... ... ..C ..T AA. ..T ..A ..A ... ... ... ... ... ..T ... A.A ... ... ... ... T.. T.G T.A T.. ... ... ... C.. ... ... ... ... ... ..G ..G .CC .CT ... ... ..G ..G ..G ... ..T ... ..A ..A ... ... ... C.A ..A ... ... ..C ... ... A.. ..C ..G ... ... ... ... ... ... ... ... ... ... ... ..G T.T ..A ... TGT ... ..A ..C ... ..C ... ... ... ..G ..T ... ..T ... ..C ... ... ... ... ..T ..T ..T A.G A.. ... .C. ..A ..G ... ... ... ... ... ..T ..C G.A ... ... ... ..C .TG ..G ..T ..T ..T ... ..T ..A ... ..A ... ..A ... ... ..C ... ... ... A.T ... C.. C.G ..G ... ... ... ... ... ... ... ..T ..T ..T C.A C.. ... C.T ... C.. ... ... ... ... ... ... 
Spar                            TCC ... ... ..T ... ... ..T ..A ... ... ... GTT ... ..A ..A ... ... ... GCT ... ..C ... ... ... ..C ... ... .C. ... ... ... T.C ... CGT ... ... ... ... ... ... ... ... ... ... ... ... ... ..G ... C.T ..A ... .AC ... GC. ... ... GC. ..T ..T .C. ... ... ... ... ... ... ... ... ... ... ... ..G ... GGT ... ... ..A ... ... ... ... ... ..C ... TCG ... ... ... ... ... ... AAG ... ..A ... ... ..A ..C ... ... ..T ... A.A ... ... ... T.. T.. T.. ... ..T ... ... ... ... ... ... ... ... ..G ... ... .CC .CT ... ..G ... ... ..G ... ... ..T ..A ..A ... ... ... C.A ..A ... ... ..C ..C ... ... ... ..G ..C ..C ... ... ... ... ... ... ... ... ... ..G ... ..G ... ..T ... ... ... ... ... ... ... ... ... ..T ... ..T ... ... ... ... ... ... ..C ... ..T ..T A.. ... .C. ... ..C ... ... ... ... ... ... ..C G.A ... ... ... ... .T. ..G ... ... ..C ... ..T ..G ... ..T ... ... ... ... ... ... ... ... A.T ..G ... C.. ... ... ... ... ... ... ... ... ... ..T ... ..A ... C.. ... ... ... ... ... ... ... ... ... 
Ncas                            TCT ... ..T ... ... ..T ..T ..A ..A ..A ... GTT ... ... ... ..A ... ... GCA ..C ..C ..C ... ... ... ..C ... .C. ... G.C ..C .GC G.A CGT ... ..A ... T.A ... ... ... ... C.. GA. ... ... ... ..G ... C.T ..A ..A .AC .CA GC. ... ... GCT ..T ..A TCA ... ... C.A ... A.G ... ... ... ... ..T G.. ... ... GGT ..T ... ..A ..A ... ... ... ... ..C ... TCC ..T ..T ... ... ..T ... AA. ..T ..A ..A ..A ... G.G ..A T.G ..T ..A A.A ... ... TAC T.. T.. ..T T.T T.. A.A ... T.A C.. ... ... ... ... ... ... ... .CC .CT ... ..G ..G ..G ... ... ..T ..A ..A ..A ..A ..A ..A C.A ..A ..A ... ... ... ..C AC. ... ..A ... ... ..C ..C ... ... ... ... ... ... ..C ..C AAT T.G ..T TG. ..T ..C ..C A.C ..A ..A ... ..A ..T ..T ..G ..G ..T ... ..C ..G ... ... ..C ..T ..T T.G A.. ... .CC ... A.. ..C ... ... ..T ..T .TT ... G.A ... ... ... ... GT. ... ... ... ..T ..A ... ..A ..T ..A ..A ..A ... G.A ... ... ... ... A.T ... ..G ..G A.C C.. G.T ... ... ... ..T ..T .A. ... C.G ..A C.A C.. ..A ..A ..A ..A ..A ..C ... ..C ..C 
Cgla                            G.G C.. ..T ..T ... ... ... ... ... CGT ... ... ... ... ... ..A ... .GA ..T ... ... ..C ..C ... ... ..A ..C TC. ..T ..T ..T ... G.T CAA ... ... ..C ..A ... ... ... C.C ..G GA. ... ... ... ... ... C.A ... ..A ..C TA. ..C ..C ..C C.G ..T .CT GC. ..C ... C.. ..A AG. ... ... ..G ..G ..C ... ... G.T GGC ... ... G.C ..A ..C ... ..C T.. ..C ..C ... ..T ..T ... ..T ... ... AAG ..T ... ..G ..A ... ..C ..A ..A A.A A.A A.G ... ... TAC ..G ..G ..G ..A T.A A.A ..G T.G C.. ... ... ..G ..G ... ..G ..G ..C ..T ... ..G ..G ..G ... ... ..T ..A ..A ... ..A ..A ... ... .CA ... ..A ..C ... ..C ... ..C ... ... ... ..C ..C ..C ..C ..C ..C ... ... ... ..T AAG ..A .GT ..T ..C ..A ..C ..C ..C ... ..G ..C ..T ... ..T .AA ..T ... ... ... ..C ... ..T ..C ..T A.G ..A ... .C. ... ..C ..G A.C ... ... ..T .T. ... C.. ... ... ... ..C AAT ..T ..T ... ..T CAA ..A ..G ..A ... G.T ..C .G. G.C ..C ... ... ..C A.C C.. ..G C.. A.C C.G G.G C.G ... ... ... ... ..G ..T ..G C.. ... C.T C.T C.. ... C.A ... ... ..C C.G ... 
Agos                            G.G ..G ..T ... ... ... ... ... ... .T. ... ... ... ... ... ... ... ... C.A ..C ..C ..C ..C ..C ..C ..C C.G GCA ... ..T ..G CGC ..G CAA ..C ... ..G GTG .AG C.C C.G C.G C.G ..C ... C.G C.T C.T ..G C.. C.. ... GAA GCG ... GCG ... ... ... CCG GCA .CC ... C.. ..C A.G ..G ..G ..G ..G ..C ..G ... ..G GGG ... ... A.. ..A ... ..C ..C ..C ..C ..C ... ..C ..C ..G ... ..T ..T ATC ..T ... ..C ..G ..G G.C ..G ..C ... ..C ... ..C ..G TAC T.G ..G A.G ... ... G.G G.. ..C C.G ..G ..G C.G ..G ..G ... ..G ..C ... ..G ... ..G ..G ..G ... ..T TCG ... ... ... ... ... ... .CT ... ... ..C ..C ... ... ..C ..C ..C ... ..C ..C ..C ..C ... ... A.C ... ..G ..G T.T ..G ..A ..G ..A ..G ..C ..C T.. ..C T.G ... ..T ... ..G ... ..T ... ..A ..C ..G ... ..C ..C ..G C.G TCC ... .CG ..G .CA C.C AC. ... ... ..T .TT ..C C.. ..C ..C ... ..C GTC ..G ..C ..G G.G ..G ..T ..A ..G G.. G.A ... ..G A.G ... ... ... G.G A.C ..C C.G C.G A.G C.G GCG C.G ... ..T ... ... .A. ..T C.A ..A ... C.. C.A C.A C.C C.. C.A ..C ... C.C ..C 
Klac                            G.. .GT ..T ... ... ..T ... ..A ... .T. ... ..A ... ... ... ... ... ..A G.T ..C ..C ..C ... ... ... ..C ... ..C ... ..T ..C .A. ... .AA ..A ..A ... ..A .CC ... ... ..G ..G ..G ... ..G ... ... ... ..A ..A ..A ..C .AA ... .TC ..T ... ... .CA .CA ..A ... C.A ... A.G ... ... ... ..G ..T ... AC. ... GGG ... ..A ... ..A ..C ..C ... ..C ..C ... ... ... ..T ..T ..T ... ..T ... ..A ..A ... ..A ... G.. ..A ..A A.G A.A A.G ... ... TA. T.. T.G A.G ..A T.. A.C ..A ..A C.G ... ..G ..G ..G ... ... ..G A.. .T. ... ..G ... ..G ... ... ..T TCG ..A ... ..A ... ..A ..A ..A C.A A.A ... ..C ..C ... ..C ... ... ... ..C ... ... ... ..C ... ... ..C ..C ..C TAT .GT T.A ..T ..T ... ... ..C A.. ... T.A ..C ..T ... ..T .AG ..T ... ... ... ... ... ..T ..C ..G T.G ..T ..C .CA ..C T.A T.G AC. ... ... ..T .T. ..C ..C ... ... ... ..C AT. AGT ..T ..C ..T ..G ... ..G ..A AGT G.T ..C ..G ..A ..G ... ... ... G.C ..T ..G ..G ..G ..G G.T ..G ... ..T ... ... .A. ... .GG ..A C.A C.A ... ... ... C.T ... ..C ... C.. ... 
Calb                            G.G G.. ... ... .GT ... .G. ..A ..A ..A ..A G.C ..A ..A ... ... C.A ... G.T ... ..C ..C ..C .G. ..C ... T.C ..G TGT T.C TTG ... .AT .AT ..C .T. ... GAA ... ... ... C.T ... CA. ... C.G ... ... ... ..A ..A ..A .CA .TG GC. .A. ..T GCT ..T CCA .AC T.. ... T.. ... ATC AGC ... ... ..G AG. ... ... ... ..T ... ..A A.A ..A ..C ... ... TT. ..C ... ... ..T GAC ... ..C ... ... A.T ... ... AA. ..G ..A ATG ... ..A ..T A.A A.A AAA ... TA. T.. T.. TGT T.A ..T A.. T.G T.A C.. ... ... ... ... ... ... ..T A.T C.. ... ... C.. ... ... ... ... C.A ..A ..A ..A TCA ..A ... ... ..A ..A ..C ..C ..C ... ... ACC ... ..C ..C ..C ..C ... ..C ... ... ..C ... ..C AAC AGT ATT ..T ..C ..A ... ... T.. ... CTG AG. ..C ..C ..T AAA ..T ... ..A ... ... ..A ..G ..G ..G T.G CA. ..T .C. ... .C. ..C AAC ..T ..T ..T .TT ..C ... ..C ... ... ... GTT ..T G.T ..G ..C CAA ..A ..A GA. AAC ..A ..C ..A ... G.C ... .TT GCA .AT ... ..G ..G ..G ..G GC. ... .A. ..T ... ..T .AT ..T ..G ..A ... AAA ..A ... ... ..A ... ... ... .CC ... 

    1    2    2    3    1    1    4    2    1    2    2    2    3    1    2
    2    1    2    1    2    1    2    3    1    2    2    1    1    1    1
    2    1    1    2    2    2    1    1    2    2    1    1    3    2    2
    1    2    1    1    1    1    1    2    2    2    1    2    1    2    1
    4    2    2    2    4    2    2    2    1    1    1    1    1    1    1
    1    1    1    3    2    1    2    1    2    1    1    1    2    1    1
    1    1    1    2    1    1    1    1    1    2    1    1    2    1    1
    1    1    1    1    2    1    1    1    3    2    1    3    1    2    1
    1    3    1    1    2    1    2    2    3    2    1    1    1    1    2
    1    2    1    1    2    1    1    2    1    1    2    1    3    1    1
    1    1    1    3    2    3    3    1    2    2    3    1    1    3    2
    3    2    1    2    3    2    1    3    1    3    1    1    1    2    1
    3    1    3    1    1    2    1    2    1    1    1    2    3    2    1
    2    1    1    1    2    3    1    2    2    2    3    1    2    3    1
    1    1    1    1    4    1    1    2    3    1    1    1    1    2    1
    2    1    2    1    2    1    2    2    1    1    1    1    1    1    2
    1    1    2    2    1    1    1    2

CODONML (in paml version 4.9j, February 2020)  temp.nuc
Model: One dN/dS ratio, 
Codon frequency model: Fequal
ns =   9  ls = 393

Codon usage in sequences
--------------------------------------------------------------------------------------------------------------------------------------
Phe TTT   5   8   8   6   7   4 | Ser TCT   8   6  12  10   7   8 | Tyr TAT  10   7   7   8  12  12 | Cys TGT   1   4   4   1   1   1
    TTC  10  11   7   9   8   9 |     TCC   6   4   9   8   2   6 |     TAC   6   8   8   7   4   6 |     TGC   0   0   0   0   3   1
Leu TTA  11   6   7  15  15   1 |     TCA  10   9   6   4  21   3 | *** TAA   0   0   0   0   0   0 | *** TGA   0   0   0   0   0   0
    TTG  11  16  13  10   6  10 |     TCG   2   7   3   5   2   2 |     TAG   0   0   0   0   0   0 | Trp TGG   4   4   4   4   4   4
--------------------------------------------------------------------------------------------------------------------------------------
Leu CTT   6   5   8   7   5   3 | Pro CCT   8   9   9   5   7   8 | His CAT  10   7   4   7   9   3 | Arg CGT   6   4   9   9   6   4
    CTC   0   1   0   0   0   0 |     CCC   2   3   1   3   0   1 |     CAC   1   4   6   3   2   9 |     CGC   1   0   0   0   0   1
    CTA   4   7   4   1   4   5 |     CCA   8   5   7   9   8   7 | Gln CAA  13  10  12  13  14  17 |     CGA   0   1   1   0   5   1
    CTG   2   3   3   2   2  15 |     CCG   0   0   0   0   0   1 |     CAG   5   5   4   5   1   3 |     CGG   0   2   0   0   0   0
--------------------------------------------------------------------------------------------------------------------------------------
Ile ATT   4   2   3   8   8   2 | Thr ACT   6   5   7   7   6   9 | Asn AAT  15  19  20  18  17  14 | Ser AGT   7   2   3   3   1   0
    ATC   4   6   4   0   2  10 |     ACC   3   3   3   1   3   1 |     AAC  11   7   9   9  13  12 |     AGC   0   6   0   0   1   5
    ATA   2   3   3   2   4   5 |     ACA   5   4   2   4   5   2 | Lys AAA   3  12  11   7  10   4 | Arg AGA  18  16  19  19  15  20
Met ATG  10   6   9   7   5   4 |     ACG   0   7   4   4   0   0 |     AAG  21  11  10  14  13  18 |     AGG   3   6   3   2   1   5
--------------------------------------------------------------------------------------------------------------------------------------
Val GTT   8   1  10  11  10   5 | Ala GCT  14   8  12  23  10  11 | Asp GAT  27  25  20  20  20  16 | Gly GGT   8  11   9  11  11  13
    GTC   3   6   0   4   5   2 |     GCC   5   9   7   3  12   9 |     GAC   3   6   5   7   4  18 |     GGC   2   1   2   1   2   4
    GTA   4   2   3   1   2   1 |     GCA   7   3   7   5   9   8 | Glu GAA  26  22  18  24  33  17 |     GGA   7   0   4   6   0   1
    GTG   3   6   3   2   2   6 |     GCG   2   2   4   5   1   6 |     GAG  12  15  20  14   8  20 |     GGG   0   5   3   0   5   0
--------------------------------------------------------------------------------------------------------------------------------------

--------------------------------------------------------------------------------------
Phe TTT   4   5  11 | Ser TCT  12   5   5 | Tyr TAT   3  12  15 | Cys TGT   0   1   3
    TTC  10   9   2 |     TCC   4   6   8 |     TAC  13   8   6 |     TGC   0   0   0
Leu TTA   1   3  12 |     TCA   1   5   6 | *** TAA   0   0   0 | *** TGA   0   0   0
    TTG   2  19  23 |     TCG  11   8   1 |     TAG   0   0   0 | Trp TGG   4   5   3
--------------------------------------------------------------------------------------
Leu CTT   0   3   1 | Pro CCT   5   7   4 | His CAT   4   5   6 | Arg CGT   4   2   3
    CTC   6   0   0 |     CCC   5   0   3 |     CAC   9   7   5 |     CGC   7   0   0
    CTA   6  10   0 |     CCA   1  10   6 | Gln CAA   7  12  22 |     CGA   0   0   0
    CTG  15   0   2 |     CCG   6   0   1 |     CAG  13   3   2 |     CGG   9   0   1
--------------------------------------------------------------------------------------
Ile ATT   0   6  12 | Thr ACT   6   7   2 | Asn AAT   2  10  10 | Ser AGT   2   7   4
    ATC   9   5   2 |     ACC   4   5   5 |     AAC  25  16  25 |     AGC   2   2   6
    ATA   2   4   0 |     ACA   1  12   3 | Lys AAA   0  13  15 | Arg AGA   2  14  21
Met ATG   8   6   5 |     ACG   5   0   0 |     AAG  25  14   7 |     AGG   2   9   0
--------------------------------------------------------------------------------------
Val GTT   3   6   5 | Ala GCT   3  15  17 | Asp GAT  11  22  15 | Gly GGT   6  16   9
    GTC   6   5   2 |     GCC   7   6   6 |     GAC  16   8  18 |     GGC   2   0   4
    GTA   0   2   0 |     GCA  10   1   8 | Glu GAA   9  19  29 |     GGA   3   1   3
    GTG   6   1   5 |     GCG  20   0   0 |     GAG  26  15   4 |     GGG   8   1   0
--------------------------------------------------------------------------------------

Codon position x base (3x4) table for each sequence.

#1: Scer           
position  1:    T:0.21374    C:0.16794    A:0.28499    G:0.33333
position  2:    T:0.22137    C:0.21883    A:0.41476    G:0.14504
position  3:    T:0.36387    C:0.14504    A:0.30025    G:0.19084
Average         T:0.26633    C:0.17727    A:0.33333    G:0.22307

#2: Sbay           
position  1:    T:0.22901    C:0.16794    A:0.29262    G:0.31043
position  2:    T:0.22646    C:0.21374    A:0.40204    G:0.15776
position  3:    T:0.31298    C:0.19084    A:0.25445    G:0.24173
Average         T:0.25615    C:0.19084    A:0.31637    G:0.23664

#3: Smik           
position  1:    T:0.22392    C:0.17303    A:0.27990    G:0.32316
position  2:    T:0.21628    C:0.23664    A:0.39186    G:0.15522
position  3:    T:0.36896    C:0.15522    A:0.26463    G:0.21120
Average         T:0.26972    C:0.18830    A:0.31213    G:0.22986

#4: Spar           
position  1:    T:0.22137    C:0.16285    A:0.26718    G:0.34860
position  2:    T:0.21628    C:0.24427    A:0.39695    G:0.14249
position  3:    T:0.39186    C:0.13995    A:0.27990    G:0.18830
Average         T:0.27651    C:0.18236    A:0.31467    G:0.22646

#5: Ncas           
position  1:    T:0.23410    C:0.16031    A:0.26463    G:0.34097
position  2:    T:0.21628    C:0.23664    A:0.40712    G:0.13995
position  3:    T:0.34860    C:0.15522    A:0.36896    G:0.12723
Average         T:0.26633    C:0.18405    A:0.34690    G:0.20271

#6: Cgla           
position  1:    T:0.17048    C:0.19847    A:0.28244    G:0.34860
position  2:    T:0.20865    C:0.20865    A:0.43003    G:0.15267
position  3:    T:0.28753    C:0.23919    A:0.23410    G:0.23919
Average         T:0.22222    C:0.21544    A:0.31552    G:0.24682

#7: Agos           
position  1:    T:0.16539    C:0.24682    A:0.24173    G:0.34606
position  2:    T:0.19847    C:0.25700    A:0.41476    G:0.12977
position  3:    T:0.16539    C:0.31807    A:0.10941    G:0.40712
Average         T:0.17642    C:0.27396    A:0.25530    G:0.29432

#8: Klac           
position  1:    T:0.21883    C:0.15013    A:0.33079    G:0.30025
position  2:    T:0.21374    C:0.22137    A:0.41730    G:0.14758
position  3:    T:0.32824    C:0.19593    A:0.26972    G:0.20611
Average         T:0.25360    C:0.18914    A:0.33927    G:0.21798

#9: Calb           
position  1:    T:0.24173    C:0.14249    A:0.29771    G:0.31807
position  2:    T:0.20865    C:0.19084    A:0.45547    G:0.14504
position  3:    T:0.31043    C:0.23410    A:0.31807    G:0.13740
Average         T:0.25360    C:0.18914    A:0.35708    G:0.20017

Sums of codon usage counts
------------------------------------------------------------------------------
Phe F TTT      58 | Ser S TCT      73 | Tyr Y TAT      86 | Cys C TGT      16
      TTC      75 |       TCC      53 |       TAC      66 |       TGC       4
Leu L TTA      71 |       TCA      65 | *** * TAA       0 | *** * TGA       0
      TTG     110 |       TCG      41 |       TAG       0 | Trp W TGG      36
------------------------------------------------------------------------------
Leu L CTT      38 | Pro P CCT      62 | His H CAT      55 | Arg R CGT      47
      CTC       7 |       CCC      18 |       CAC      46 |       CGC       9
      CTA      41 |       CCA      61 | Gln Q CAA     120 |       CGA       8
      CTG      44 |       CCG       8 |       CAG      41 |       CGG      12
------------------------------------------------------------------------------
Ile I ATT      45 | Thr T ACT      55 | Asn N AAT     125 | Ser S AGT      29
      ATC      42 |       ACC      28 |       AAC     127 |       AGC      22
      ATA      25 |       ACA      38 | Lys K AAA      75 | Arg R AGA     144
Met M ATG      60 |       ACG      20 |       AAG     133 |       AGG      31
------------------------------------------------------------------------------
Val V GTT      59 | Ala A GCT     113 | Asp D GAT     176 | Gly G GGT      94
      GTC      33 |       GCC      64 |       GAC      85 |       GGC      18
      GTA      15 |       GCA      58 | Glu E GAA     197 |       GGA      25
      GTG      34 |       GCG      40 |       GAG     134 |       GGG      22
------------------------------------------------------------------------------


Codon position x base (3x4) table, overall

position  1:    T:0.21318    C:0.17444    A:0.28244    G:0.32994
position  2:    T:0.21402    C:0.22533    A:0.41448    G:0.14617
position  3:    T:0.31976    C:0.19706    A:0.26661    G:0.21657
Average         T:0.24899    C:0.19894    A:0.32118    G:0.23089

Codon frequencies under model, for use in evolver (TTT TTC TTA TTG ... GGG):
  0.01639344  0.01639344  0.01639344  0.01639344
  0.01639344  0.01639344  0.01639344  0.01639344
  0.01639344  0.01639344  0.00000000  0.00000000
  0.01639344  0.01639344  0.00000000  0.01639344
  0.01639344  0.01639344  0.01639344  0.01639344
  0.01639344  0.01639344  0.01639344  0.01639344
  0.01639344  0.01639344  0.01639344  0.01639344
  0.01639344  0.01639344  0.01639344  0.01639344
  0.01639344  0.01639344  0.01639344  0.01639344
  0.01639344  0.01639344  0.01639344  0.01639344
  0.01639344  0.01639344  0.01639344  0.01639344
  0.01639344  0.01639344  0.01639344  0.01639344
  0.01639344  0.01639344  0.01639344  0.01639344
  0.01639344  0.01639344  0.01639344  0.01639344
  0.01639344  0.01639344  0.01639344  0.01639344
  0.01639344  0.01639344  0.01639344  0.01639344


TREE #  1:  (((((1, 4), (3, 2)), 5), 6), ((7, 8), 9));   MP score: 1320
This is a rooted tree.  Please check!
lnL(ntime: 16  np: 18):  -7185.529463      +0.000000
  10..11   11..12   12..13   13..14   14..1    14..4    13..15   15..3    15..2    12..5    11..6    10..16   16..17   17..7    17..8    16..9  
 0.026594 0.657919 0.481686 0.248259 0.462501 0.046451 0.117043 0.231400 0.651277 0.460790 0.851615 0.052092 0.277063 1.472493 0.459348 2.172002 1.642855 0.072328

Note: Branch length is defined as number of nucleotide substitutions per codon (not per neucleotide site).

tree length =  8.668533

(((((1: 0.462501, 4: 0.046451): 0.248259, (3: 0.231400, 2: 0.651277): 0.117043): 0.481686, 5: 0.460790): 0.657919, 6: 0.851615): 0.026594, ((7: 1.472493, 8: 0.459348): 0.277063, 9: 2.172002): 0.052092);

(((((Scer: 0.462501, Spar: 0.046451): 0.248259, (Smik: 0.231400, Sbay: 0.651277): 0.117043): 0.481686, Ncas: 0.460790): 0.657919, Cgla: 0.851615): 0.026594, ((Agos: 1.472493, Klac: 0.459348): 0.277063, Calb: 2.172002): 0.052092);

Detailed output identifying parameters

kappa (ts/tv) =  1.64285

omega (dN/dS) =  0.07233

dN & dS for each branch

 branch          t       N       S   dN/dS      dN      dS  N*dN  S*dS

  10..11     0.027   858.9   320.1  0.0723  0.0020  0.0273   1.7   8.8
  11..12     0.658   858.9   320.1  0.0723  0.0489  0.6765  42.0 216.5
  12..13     0.482   858.9   320.1  0.0723  0.0358  0.4953  30.8 158.5
  13..14     0.248   858.9   320.1  0.0723  0.0185  0.2553  15.9  81.7
  14..1      0.463   858.9   320.1  0.0723  0.0344  0.4756  29.5 152.2
  14..4      0.046   858.9   320.1  0.0723  0.0035  0.0478   3.0  15.3
  13..15     0.117   858.9   320.1  0.0723  0.0087  0.1204   7.5  38.5
  15..3      0.231   858.9   320.1  0.0723  0.0172  0.2379  14.8  76.2
  15..2      0.651   858.9   320.1  0.0723  0.0484  0.6697  41.6 214.3
  12..5      0.461   858.9   320.1  0.0723  0.0343  0.4738  29.4 151.7
  11..6      0.852   858.9   320.1  0.0723  0.0633  0.8757  54.4 280.3
  10..16     0.052   858.9   320.1  0.0723  0.0039  0.0536   3.3  17.1
  16..17     0.277   858.9   320.1  0.0723  0.0206  0.2849  17.7  91.2
  17..7      1.472   858.9   320.1  0.0723  0.1095  1.5141  94.1 484.6
  17..8      0.459   858.9   320.1  0.0723  0.0342  0.4723  29.3 151.2
  16..9      2.172   858.9   320.1  0.0723  0.1615  2.2334 138.8 714.8

tree length for dN:       0.6447
tree length for dS:       8.9137


Time used:  0:08
