      9   1179

Scer                            ATA TGT AAC GAC AGC GTT AAA AAC GAG GAA GGT ATC GGT GAA TCA GTA AAA TTA ACA GGT AGA GAA ACT AAG CTG AAA CGT CAA TAC ACT AAC TCT TTG TTC CAA GGT TTG AAA GTC GTT AAT ACA GGT CCC GGA GTT TAT TTT TAT CAA ATA CAA GTT AGA TTC CCA CAA ACA AGA GAT CTT AAG TCT CAA ATC AGG GGT AAC GGT AAC AGT AGA CGT GGT GGA GCT CAA AAT ATG GCT GAC GTC GGT ATG ACA AGA AAC CAT GCG ATA GAT GTT GTT CCA TTG ACT ATG AAG TTG TTA GTG CAA GAA AGG AAG AGG CAC AGA GGT TCT CAT AAA GGC GGC CAA AGA GGT AAA ATG GAT TCC TCT ATG TAT AAA AAA AAC GTC CTT GTG AGA CCA GAT CCC CTG GAT TCC TTC CAA AGA ACA GCG GTG GCT ACT ACC AGA GTT TTG TAT TGT AAA GGT CGT GCA ATT GCA GGT GAT AAC AAC ATT ATG CAT GAA GCA ACA CAA GTT ATG GGT AAT GAT GGT AGA GTT ATG GTT TGT AAA TTT TTG GGT TAC ATG GGT TGG GGT TTT AAG AAC AGA ATG GAA TGT GAG ACA TTG TTT GAT TTT CAA GAA TCA GAT GAC CTT ATT GGT ATG GAA ACC TGT TTC CAC GTT AAT ATT GCT GCG GCT TGT AAT TTC GCG GAA TGT CCA GAG CAC TAT TTG ACT AAT CAA AAG CAA AAA AGT ACG TTG GAT GTT GCT CAC TAT CCA AGT TCA AAA CTT TAT GGT CTG TTT GCA GAA AAC TCT AAA AAA GAT GGT AAC GAG TTG CCT CCA AGT AGA CAG TCG AAA CCA GCT ATC AGA GAA CGT GGT AGT AGG CTT TCA AGA GGC AGT ATT GTA GAT GTT CAA ATC CAA TTA CAT GGT AGG GCT GCT GGT CAA TCA CAA CAA TTC TCC ACT GGT ATT ACT TTT GAG GAA GGT TTA CAT CAA GTT ACT ACG CAT AAA TCT TAT GGT AAT CAA AAT AGA ATC TTC TCC GAT TAT TCT CGT GAA TCT TCA CAA GAT GAT GGT GGT GAG GAA CAA ATG GGT AGG AAG GGT ACG GGT CGT CCA ATC ATG TTA AAG CAA GAA GAT GCT GAA CAA AAC ACT ACT AGG ACA ATC CCA CCC TTC TCC TGT TAT GTT TGT TCC ATT TGT CAA GGT ACA GAT TAT AAT CCA CAT TTC 
Sbay                            ATA TGT AAC GAT AGT GTT AAA AAT GAA GAA GGT ATC GGT GAA TCA GTC AAA TTA ACC GGT AGA GAA ACT AAG CTG AAG CGT CAA TAT ACT AAT TCA TTG TTT CAG GGT TTG AAA GTT GTT AAT ATA GGT CCA GGT GTT TAT TTC TAT CAG GTC CAA GTT AGA TTC CCA CAA ACG AGA GAT CTG AAG TCT CAA ATT AGG GGT AAT GGT AAT AGT AGA CGT GGT GGT GCT CAA AAT ATG GCT GAT GTC GGT ATG ACA AGA AAC CAT GCT ATA GAT GTA GTG CCT TTA ACT ATG AAG TTA TTA GTG CAA GAA AGA AAG AGA CAC AGA GGT TCT CAT AAA GGT GGG CAG AGA GGT AAG ATG GAT TCT TCC ATG TAT AAG AAA AAC GTT CTG GTG AGA CCT GAT CCT CTG GAT TCT TTC CAA AGA ATA GCA GTG GCT ACT ACC AGA GTT TTA TAT TGT AAG GGT CGT GCG ATT GCG GGT GAT AAT AAT ATT ATG CAC GAA GCA ACT CAA GTT ATG GGT AAT GAT GGT AGA GTT ATG GTT TGT AAA TTT TTG GGT TAC ATG GGT TGG GGT TTC AAG AAC AGA ATG GAG TGT GAA ACA TTA TTT GAT TTC CAA GAA TCA GAT GAC CTA ATT GGT ATG GAA ACC TGT TTC CAT GTT AAT ATC GCT GCA GCT TGT AAT TTC GCT GAA TGT CCC GAA CAT TAT TTG ACT AGC CAA AAG CAA AAA AGT ACA TTA GAT GTT GCT CAC TAT CCA AGT TCA AAA CTG TAT GGT TTG TTT GCA GAG AAT TCC AAA AAG GAT GGT AAC GAA TTG CCT CCC AGT AGA CAA TCA AAA CCA ACT ATT AGA GAA CGT GGT AGT AGA CTG TCG AGA GGT AGT ATC GTC GAT GTT CAA ATT CAA TTA CAC GGT AGA GCT ACT GGT CAA TCG CAA CAA TTT TCC ACT GGT ATT ACT TTT GAA GAA GGT TTG CAT CAA ATC ACC ACG CAT AAA TCC TAT GGC AAC CAA AAC AGA ATT TTT TCA GAT TAT TCT CGT GAG TCC TCA CAA GAT GAT GGT GGT GAA GAG CAG ATG GGT AGA AAG GGT ACG GGT CGT CCC ATC ATG TTG AAG CAA GAA GAT GCT GAA CAG AAT ACC ACC AGA ACG ATC CCT CCT TTT TCT TGT TAT GTA TGT TCT ATT TGT CAG GGT ACT GAT TAT AGC CCA CAC TTC 
Smik                            CAC TGT AAT GAT AGT GTT AAA AAC GAG GAA GGT ATT GGT GAA AAT ATG AAG GAT ACA GGT AGA GAG GTG AAG TTG CAA CGT GAA CAA CCT AAC ATT TTG AAC CAA GGT CTA AAA GTC GTT TCC GCT GGT CCT GGA GTC TAT ATT TAC CAA CAC CAA ACA AGA AAT CCA CAT ACG AGA GAT GTA AAG ACA CAT ATC AGA GAT TCA GGT AAC AGT AGA AGA GGT GGA AAG TAT AAT GTT AAG GAT GTG GGT ATG ACG CGT AAT CAC GCA CAC GCC GTT GTT CCA TTC TAT TTA AAG TTC TTA GTG CAA GAG AGA AAG CGT ATT AGA GGT AAG CAT AAA GGC GGT CAA AGA GGC AAA GTG GAT TCA ACA GTT TAT AAA GAA AAC GTC GTA GTG CGT CCA GAT ACA TTG GAC GCC TTT ACT AGG GCT GGT GTG GCT ACT ACT AGA TTA TTC TAC TGT CAA GGT AGA GCA AAA CAA GGC GAT AAC TCA ATT ATG GAC GAA GCC ACC GAA TTA TTA GGT AAT GAT ATC CGT GTT GTG GTT TGT AAG TTC TTG AAA ACT ATG GGT TGG GGT ATT AAG AAT AGA GTG GAA AAG GAG ACG TTC TTT GAT TGG CAT GAA TCA GCC GAC GTC CAA GGC ATG GAA ACC TGT TTT CGT GTT TCC ATT GCT GGT AAG TGT AAT AAT GCA CAA TGT CCT AAA CGT TAT CTA TAT AGT CAT AAG CAA AAA GGT ATT ATC GAT GTT GCT ATT TAC CCA AGT AAT AAA GTA TAT GGT TTG TTT GTG GAA AAC TCT AAA AAG GAC GGT CCT GAG ATT AAT CCA AGT AGA ATG ACT AAA CCT GCT ATC AGA GAG CGT GGT AGT ATG GTA TCC AGA GGC AGT ATT CGT AGA GTC CAA ATC CAA GAT GAC GGT ATG GCT GCT GGT CAT TCC CAA CAA TAC TCT CCT GGT CAA CCT TTT GCA GAG GGT TTA CAT CAA GCT ACT ACG CAT GAA TCT TAT GGT AAT CAA AAT CGT ATC TAC TGT GAA TAT ACA CGT GAA ACA TCA CAT GAT GAT GGT GGT GAG GAA CAA AAA GGT CGT AAG GGT ACG GGT CGT CCA ATC GTG TTA AAG GAC GAG GCA GCT GAG CAA TCA ACT ACT AGA ACA ATC CCA ACA AAC TCA ATT TAC GTT TGT TCC ATT TGT CAA GGT ACC CAC CAT AGT CCT GAC AAT 
Spar                            CAC TGT AAC GAT AGT GTT AAA AAC GAG GAA GGT ATT GGT GAA AAC ATG AAG GAT ACC GGT CGA GAA GTA AAG TTA CAA CGT GAA CAA CCT AAC ATT TTG AAT CAA GGT TTG AAG GTC GTT TCC GCC GGT CCC GGA GTC TAT ATT TAC CAA CAT CAA ACA AGA AAT CCA CAT ACG AGA GAT GTA AAG ACA CAT ATT AGG GAC TCA GGT AAC AGT AGA AGA GGT GGA AAA TAT AAT GTC AAA GAC GTG GGT ATG ACG CGT AAT CAT GCT CAC GCC GTT GTT CCA TTC TAC TTA AAG TTC TTA GTG CAA GAA AGA AAG CGT ATC AGA GGT AAG CAT AAA GGC GGT CAA AGA GGT AAA GTT GAT TCA ACA GTC TAT AAA GAA AAT GTC GTA GTG CGT CCA GAT ACA TTA GAT GCC TTT ACT AGA GCC GGT GTG GCT ACT ACC AGA TTA TTC TAC TGT CAA GGT AGA GCA AAA CAA GGG GAT AAC TCA ATT ATG GAC GAG GCC ACC GAA TTA TTA GGT AAT GAT ATC CGT GTT GTC GTT TGT AAA TTC TTG AAA ACA ATG GGT TGG GGT ATT AAG AAT AGA GTT GAA AAG GAA ACG TTC TTC GAT TGG CAT GAA TCA GCC GAC GTC CAA GGG ATG GAA ACC TGT TTT CGT GTT TCC ATT GCT GGT AAA TGT AAT AAT GCT CAA TGT CCT AAA CGT TAT CTA TAC AGT CAT AAG CAA AAA AGT ATT ATC GAT GTT GCA ATC TAC CCA AGT AAC AAA GTA TAT GGT TTG TTC GTG GAA AAC TCT AAA AAG GAC GGT CCT GAG ATT AAT CCA AGT CGA ATG ACG AAA CCT GCT ATT AGA GAA CGT GGT AGT ATG GTA TCT AGA GGC AGT ATT CGT AGA GTC CAA ATT CAA GAT GAC GGT ATG GCT GCT GGT CAT TCT CAA CAA TAT TCT CCT GGT CAA CCT TTT GCA GAA GGT TTA CAT CAA GCT ACT ACG CAT GAA TCT TAT GGT AAC CAA AAC CGT ATT TAT TGT GAA TAT ACA CGT GAA ACA TCA CAT GAC GAT GGG GGT GAG GAA CAA AAG GGT CGT AAG GGT ACG GGT CGT CCA ATC GTT TTA AAG GAT GAA GCA GCT GAA CAA TCA ACT ACT AGA ACA ATC CCA ACA AAT TCA ATT TAC GTT TGT TCC ATT TGT CAA GGT ACC CAC CAT AGT CCT GAC AAT 
Ncas                            ATT TGT AAC GAC AGT GTC AAA AAG GAG GAA GGG ATT GGT GAG TCT GTT AAG TTA ACG GGT AGA GAA ACA AAG TTA AAA CGT CAG TAT ACA AAG TCT TTA TTC CAA GGC TTA AAG GTG GTT AAT ATT GGT CCA GGT GTC TAT TTC TAT CAA ATT CAA GTC AGA TTT CCT CAA ACT AGA GAC TTA AAG TCA CAA ATT AGA GGT AAT GGG AAG AGC AGG CGT GGT GGT GCT CAA AAT ATG GCT GAT GTT GGT TTG ACC AGA AAC CAT GCA ATT GAT GTT GTT CCA TTG ATA ATG AAG TTG CTA GTC CAA GAA AGA AAA CGA CAC AGA GGT GCA CAT AAG GGT GGG CAA AGA GGT AAG ATG GAT TCA TCA ATG TAC AAG AAA AAC GTC TTA GTT AGA CCA GAT AGT TTA GAC TCT TTT CAA AGA ATT CCA GTC GCT ACC ACT AGA GTT TTG TAT TGT AAA GGT CGT ACG ATT GCA GGA GAT AAT AAT ATT ATG CAC GAA GCA ACT CAG GTT ATG GGT AAT GAT GGT AGA GTC ATG GTC TGT AAA TTC TTG GGC TAC ATG GGT TGG GGG TTC AAA AAT AGG ATG GAA TGT GAA ACC TTG TTT GAT TTT CAA GAA TCA GAT GAT TTA ATC GGA TTG GAA ACG TGT TTT CAC GTC AAT ATG GCT CCA GCT TGT AAT TTT GCA GAG TGT CCG GAA CAC TAT CTA ATA ACA CAA AAG CAA AAG AGT ACT TTA GAT GTC GCA CAC TAT CCA AGT TCT AAA TTA TAT GGT TTG TTT GCG GAA AAT TCT AAA AAA GAC GGT AAT GAA CTA CCT CCT AGC AGA CAA GCC AAA CCA ACA ATT AGA GAA CGT GGT AGT AGG TTA GCT AGG GGT AGC ATT GTT GAT GTC CAA ATT CAA TTA CAC GGT AGG GCT ACA GGT CAA GCT CAA CAA TTC TCA ACA GGT ATC ACA TTT GAA GAA GGT CTA CAC CAA GAA ACC ACA CAT AAA TCT TAT GGT AAC CAC AAC AGA ATT TTC TCT GAC TAT TCA AGA GAA TCA TCA CAA GAT GAT GGT GGT GAA GAA CAA AAG GGG CGA AAA GGT ACA GGT AGG CCT ATC ATG CTA AAG AAA GAA GAC GCT GAA CAA AAT ACC CCA AGA ACT ATC CCA AGT TTC TCA TGC TAC GTT TGT TCT ATA TGT CAA GGG ACT GAC TAT ACA CCA CAC TTT 
Cgla                            ATT TGT AAC GAT AGT GTT AAA GTT GAA GAA GGT ATT GGA GAG TCT GTT AAG CTG ACA GGT AGA GAA ACT AAA CTA AAG CGT CAA TAT ACT GTT GAT CTA TTT CAA GGT CTC AAG GTT GTG AAT TCA GGT CCG GGT GTG TAC TTT TAT CAA ATT CAG ACT AGA TTT CCC CAG ACC AGA GAT CTG AAG TCT CAG ATT AGA GGT CAA GGA GTT AGC CGT CGT GGT GGT GAC CAA AAT TTG GAC GAT GTG GGT TTG ACA AGA AAT CAC GCA ATT GAT GTA TGT CCA TTG ATA ATG AAA TTG TTA GTA CAG GAA AGA AAA CGT ATT AGA GGT TCT CAT AAG GGT GGT CAA AGG GGT AAG ATG GAT TCG TCA TTG TAC AAG AAA AAC GTT CTG GTC AGA CCA GAT CAT CTA GAT TCT TTC CAA AGA TCA CCA GTA GCA ACC ACC AGG GTT TTG TAT TGT AAG GGT CGT ACA ATT GCT GGT GAT AAT CAA ATT ATG CAT GAA GCG ACT CAA GTT ATG GGA AAT GAT GGT AGA GTT ATG GTT TGT AGA TTC TTA GGT TAC ATG GGA TGG GGT TTT AAA AAT AGA ATG GAG TGT GAA ACA TTG TTC GAT TTT CAG GAA TCC GAT GAC CTA ATT GGT TTG GAA ACT TGT TTC CAT GTT AAT ATT GCC CCA GAC TGT AAT TTT GCA GAG TGT CCT GAA CAT TAC TTG ATA AGC CAA AAA CAA AAG AGC ACT CTT GAC GTT GCA ATT TAT CCT AGT TCT AAA CTG TAC GGT TTG TTC GCT GAG AAT TCT AAA AAA GAT GGT AAT GAA TTG CCT CCA AGC AGA CAA GAC AAG CCT ACA ATT AGA GAA CGT GGT AGT AGA CTG TCA AGA GGT AGC ATT GTA GAT GTG CAA ATT CAA CTG CAT GGT AGA GCC ACA GGA CAA TCA CAA CAG TTC TCT ACT GGT ATT ACT TTT GAA GAA GGT TTG CAC CAA ACG ACT ACT CAT AAA TCT TAC GGT AAT CAA AAT AGA ATT TTC TCT GAC TAC TCT AGA GAA TCA TCC CAG GAT GAT GGT GGT GAG GAA CAA AAT GGT CGT AAG GGT ACT GGT AGG CCA ATC ATG TTG AAG GAA GAA GAT GCA GAA CAA CAA ACT ACT AGA ACT ATC CCA CAT TTT TCG TGT TAC GTA TGT TCC GTT TGT CAA GGT ACT GAT TAC AGC CCT CAT TTT 
Agos                            ATC TGT AAC GAT TCG GTA AAG CGC GAA GAG GGT GTG GGA GAG TCC GTT AAA CTG ACC GGT CGC GAA ACC AAG TTA AAG CGT CAG TAT ACA CGC AGT CTG TTC CAG GGC CTG AAG GTG GTG AAT GCC GGA CCG GGT GTT TAC TTC TAT CAG ATC CAG GTT CGG TTT CCC CAA ACG CGC GAC TTG AAG TCG CAA ATT CGG GGT AAC GGC CGC AGC AGG CGC GGT GGT GCG CAA AAC ATG GCG GAC GTT GGT CTG ACT AGA AAT CAC GCG ATC GAT GTA TGC CCT TTG ATT ATG AAG TTG CTG GTC CAG GAA AGA AAA AGG CAC CGC GGT TCG CAT AAG GGC GGA CAG CGG GGT CCT ATG GAC TCC TCT ATG TAC AAA AAA AAT GTC TTG GTG AGA CCT GAC GAG TTA GAC TCT TTT CAA CGC GCC CCT GTC GCG ACT GTG AGG GTT TTG TAT TGT AAG GGC CGT ACG ATT GCT GGC GAT AAC AAC GTG ATG CAT GAA GCC ACA CAG GTT ATG GGA AAT GAT GGC AGA GTA ATG GTA TGT CGG TTT CTG GGT TAC ATG GGA TGG GGC TTC AAA AAC CGG ATG GAG TGT GAG ACT TTG TTC GAT TTC CAA GAG AAG GAT GAC TTG ATC GGC CTG GAA TCC TGT TTT CAT GTA AAT ATC GCA CCT GCG TGT AAT TTT GCG GAA TGT CCG GAG CAT TAC CTG ATT GAG CAG AAG CAG AAG GGC ACT CTG GAC GTA GCG CAC TAT CCG TCC TCC AAG TTG TAC GGA CTG TTC GCA GAG AAC TCT AAG AAG GAC GGT AAT GAG CTA CCC CCT AGC CGC CAG GGT AAG CCT GCG ATT CGT GCA CGT GGG TCC AGA TTG TCT CGG GGC AGC ATC GTC GAT GTT CAG CTT CAG CTG CAT GGT AGA GCA GCG GGA CAG TCT CAG CAG TTC TCT ACA GGG ATC ACA TTC GAG GAA GGG CTA CAC CAG GAA ACG ACC CAG AAA TCT TAC GGC AAC GAT AAC AGA CTT TTC TCC GAT TAC TCG CGA GAG TCT AAG CAA GAT GAC GGT GGG GAG GAG CAG AAA GGC AGG AAG GGC ACC GGT CGG CCT ATC ATG CTA AAG CAG GAA GAT GCG GCA CAG AAC ACG ACG AGA ACC ATC CCT GAG TTC TCC TGT TAC GTA TGT TCG GTT TGT CAG GGT ACA GAT TAT GAG CCT CAT TTT 
Klac                            CAT TGT AAC GAC TCT GTG AAG CAA GAG GAA GGT ATT GGT GAA AAT ATG AAG GAT ACC GGT AGA GAA GTG AAG TTA CAA CGT GAA CAA CCC CAA ATT CTA AAT CAA GGG TTG AAG GTG GTC TCT GCT GGT CCT GGT GTG TAT ATT TAC CAA AAT GAG ACC CGT AAT CCT CAT ACC AGA GAT GTG AAG ACA CAT ATT AGA GAC CCA GGT CAA AGT AGA AGA GGT GGT AAA TAT AAT GTC AAA GAT GTG GGT GCA ACA AGA AAT CAT GCT CAT GCC GTG GTA CCC TTC TAC TTG AAG TTC TTG GTT GAG GAA AGA AAG CGT ATT AGA GGT AAA CAT AAG GGT GGC CAA AAA GGT AAG GTA GAT TCA ACT GTC TAT AAG GAA AAC GTC GTG GTT AGA CCC GAC AAC TTA GAC GCC TTC ACG AGA GCT GGT GTT GCT ACC ACC AGA TTA TTC TAC TGT CAA GGT AGA GCC AGA CAA GGT GAT AAC CCA ATT ATG GAC GAA GCG ACT GAA TTA TTG GGT AAT GAT ATT AGA GTG ATT GTG TGT AGA TTC TTG AAG ACG ATA GGT TGG GGT ATT AAG AAT AGA GTA GAA AAG GAG ACA TTC TTT GAT TGG CAT GAA AAG GCC GAT GTT CAG GGT GCA GAA ACT TGT TTC CGT GTG TCT GCT GCC GGT AAA TGT AAT AAT GCT CAA TGT CCT AAA CGT TAT CTA TAC GCG CAT AAA CAG AAG GCC ATT ATC GAT GTG GCA ATT TAC CCA TCC AAT AAA GTG TAT GGT CTA TTT GTT GAA AAC TCT AAA AAG GAT GGT CCA GAA ATT AAT CCT AGT AGA ATG ATT AAG CCT GCC ATT AGA GAT CGT GGT TCC ATG GTG TCA AGA GGT AGT ATC CGT AGA GTG CAA ATT CAA GAT GAC GGT ATG GCC GCC GGT CAT TCA CAG GAG TAT TCT CCC GGT CAG CCC TTT GCT GAA GGT TTA CAC CAA TCA ACC ACG GAA GAA TCT TAT GGT AAT CAG AAT AGA ATT TAT TGC GAA TAT ACA AGA GAA ACT AAG CAT GAT GAT GGT GGT GAA GAA CAA AAG GGT CGT AAG GGT ACG GGT AGA CCT ATC GTA TTA AAG GAC GAA GCT GCT GAT CAA CCA ACA ACA AGA ACA ATC CCC AAC AAT TCA ATT TAC GTG TGT TCC ATT TGT CAA GGT ACT CAT CAC GCG CCT GAC AAT 
Calb                            CAT TGT AAC GAC TCA GTT AAA AAA GAG GAA GGT GTA GGG GAA AAT ATG AAG GAT GTA GGT AGA GAA GTA AAA TTG CAA CGT GAA CAA CCC AAA ATT TTG GAT CAA GGA TTG AAA GTT GTA TCA GCA GGT CCT GGG GTC TAT ATT TAT CAA AAT CAA ACC AGA TCT CCA CAC ACT CGA GAT ACA AAG ACT CAC ATT AGA GAT CCT GGG AAA AGT AGA AGA GGA GGG AAA TAT AAT GTC AAA GAT GTA GGT CTT ACA AGA AAC CAT GCT CAT GGT GTT GTT CCA TTC TAT TTG AAA TTC CTT ATC CAA GAA AGA AAA AGA ATT AGA GGA AAA CAT AAG GGA GGT CAA AGA GGT AGA GTC GAT TCC ACT GTC TAC AAA GAA AAT GTT ACA GTT AGA CCA GAT CAT TTG GAT GCC TTT ACA CGT GCA GGT ATC GCT ACA ACA CGT ATT TTC TAT TGC CAA GGT AGA ACC ATT CAA GGG GAT AAT CCT ATC ATG GAT GAA GCT ACT GAA ATT TTG GGG AAT GAT ATC AGA GTT TTG GTT TGC AGA TTC TTG AAA ACC ATT GGG TGG GGT ATT AAA AAC AGA GTC GAA AAA GAA ACA TTC TTT GAT TGG CAC GAA CAA GGT GAT GTG CAA GGG CTT GAA AGT TGT TTT AGA GTT TCA AGT GCC GGT AAA TGT AAT TCT GCT CAA TGC CCA AAA AGA TAT TTG TAT GCC CAT AAA CAA AAA GCA ATT CCA GAC GTT GCA ATT TAT CCA GGA AAT AAA ACA TTT GGT TTG TTT GTG GAA AAT TCT AAA AAA GAT GGT CCA GAA ATC AAT CCG AGT AGA ATG ACA AAA CCA GCT ATT AGA GAA CGT GGG GGA GTG ACA TCA AGA GGA AGT ATT AGA CGT GTC CAA ATC CAA GAT GAT GGT GTG GCC GCT GGG CAT TCA CAA CAA TAC TCG CCC GGG CAA CCC TTT GCC GAA GGA CTT CAC CAA ACT ACT ACA GAG GAA TCT TAT GGT AAT CAA AAT AGA ATC TAC TGT GAA TAT ACT AGA GAA ACT CAA CAC GAT GAT GGT GGA GAA GAA CAA AAA GGT AGA AAA GGG ACA GGA AGA CCG ATC GTC CTT AAG GAG GAA GCA GCT GAA CAA CCT ACC ACA AGA ACC ATC CCA CAT GAT TCC ATT TAT GTT TGT TCA ATA TGT CAA GGT ACT GGC CAT GCC CCA GAT TCT 



Printing out site pattern counts


         9        747  P

Scer                            AAA AAA AAA AAA AAA AAA AAA AAA AAA AAA AAA AAA AAA AAC AAC AAC AAC AAC AAC AAC AAC AAG AAG AAG AAG AAG AAT AAT AAT AAT AAT ACA ACA ACA ACA ACA ACA ACC ACC ACG ACG ACT ACT ACT ACT ACT ACT ACT AGA AGA AGA AGA AGA AGA AGA AGA AGA AGA AGA AGC AGG AGG AGG AGG AGT AGT AGT ATA ATA ATC ATC ATC ATC ATG ATG ATG ATG ATG ATG ATG ATG ATT ATT ATT ATT ATT ATT CAA CAA CAA CAA CAA CAA CAA CAA CAA CAA CAA CAC CAC CAG CAT CAT CAT CAT CAT CCA CCA CCA CCA CCA CCA CCC CCC CCT CGT CGT CGT CGT CGT CTG CTG CTT CTT GAA GAA GAA GAA GAA GAA GAA GAA GAA GAC GAC GAC GAG GAG GAG GAG GAG GAG GAT GAT GAT GAT GAT GAT GAT GAT GAT GAT GAT GAT GAT GCA GCA GCA GCA GCG GCG GCT GCT GCT GCT GCT GGA GGC GGC GGT GGT GGT GGT GGT GGT GGT GGT GGT GGT GGT GGT GGT GGT GGT GGT GGT GGT GGT GTA GTA GTC GTC GTC GTG GTG GTT GTT GTT GTT GTT GTT GTT GTT TAC TAC TAT TAT TAT TAT TAT TAT TCA TCA TCA TCC TCC TCC TCC TCC TCG TCT TCT TCT TCT TCT TGG TGT TGT TGT TGT TTA TTA TTA TTC TTC TTC TTC TTG TTG TTG TTG TTG TTG TTG TTT TTT TTT TTT TTT 
Sbay                            ... ... ... ... ... ... ... ... ... ..G ..G ..G ..G ... ... ... ... ... ..T ..T ..T ... ... ... ... ... ..C ... ... ... .GC ... ..C ..G ..G ..T .T. ... ... ..A ... ..C ..C ..C ... ... ... ... ... ... ... ... ... ... ... ... ... ... ... ..T ..A ..A ..A ... ... ... ... ... G.C ... ... ..T ..T ... ... ... ... ... ... ... ... ..C ..C ... ... ... ... ... ... ... ... ... ... ... ... ... ... ..G ... ..T ..A ..C ... ... ... ... ... ... ... ..C ..C ..T ..A ..T ... ... ... ... ... ... ... T.. ..A ..G ... ... ... ... ... ... ... ..G ..G ... ..T ..T ..A ..A ..A ..A ..A ..A ... ... ... ... ... ... ... ... ... ... ... ... ... ... ... ..G ..G ..A ..T A.. ... ... ... ... ..T ..G ..T ..C ... ... ... ... ... ... ... ... ... ... ... ... ... ... ... ... ... ... ..C ..C ... ..T ..T ... ... A.C ..A ..G ... ... ... ... ... ... ..T ... ... ... ... ... ... ... ... ..G ..A ... ..T ..T ..T ..A ..A ..C ..C ... ... ... ... ... ... ... ... ... ..G ... ... ..T ..T ..A ..A ... ... ... ... ... ..C ..C ... ... ... 
Smik                            ... ... ... ... ... ... ..G ..G G.. ... ... ..G C.. ... ..T ..T ..T CCT ... ... TCA ... ... ... ... ... ... ... ... TCC .G. ..G ... ... ..G ..C G.T ... ..T .TT ... ... ... ... ... C.. GTG TA. ... ... ... ... ... ... ... ... ... ..G C.T ..T ..A .T. C.T ..A ... ... G.. CAC CAC ... ..T ... ... .AA ... ... ... G.. G.. G.T T.A ... ... .AA ... ... CAA ACT ... ... ... ... ..T ..T G.. G.C T.T ... ATT .GT AT. G.C ..C ... ... ... ... ... ..T ... ..T ... ..T A.A AA. A.A A.A ... ... ... T.. T.. G.C G.A C.. ... ... ... ... ..G ..G ... ... ... ..T ..T A.A ... ... ... ... .CA AGA C.C ..A ..C ..C ... ... ... ... ... ... .CA .CC ..C .TG CA. ... .GT ..A ... AAG ... ... ... ... ..T ... ... AAA ATC .A. ..C ..C ... ... ... ... ... ... ... ... ... ... ... ... ... A.G CGT ..G ... ... ... ... .C. ... ... ACA ..C ... ... T.A ACT C.A C.. ..C ..C ... ... ... AAT ... ..C .GT ..T G.. ..A ... A.T AT. A.A ... AAG A.A ... AAG AT. ... ... GAT ... ... AAT ..T AA. .A. A.C ..C A.T C.A C.A ... ... A.. .GG ..C ... ... 
Spar                            ... ... ... ... ... ..G ... ..G G.. ... ... ..G C.. ..T ... ..T ..T CCT ... ... TCA ... ... ... ... ... ..C ... ... TCC .G. ..G ..C ... ..G ..C G.C ... ... .TT ... ... ... ... ... C.. GTA TAC ... ... ... ... ... ... ... ... C.. ... C.T ..T ..A .T. C.T ... ... ... ... CAC CAT ... ..T ..T ..T .A. ... ... ... G.C G.T G.C T.A ... ... .AA ... ... CAA ACT ... ... ... ... ..T ..T G.. G.T T.T ... AT. .GT AT. G.C ... ... ... ... ... ... ..T ... ..T ... ... A.A AA. A.A A.A ... ... ... T.A T.. G.C G.A C.. ... ... ... ..G ... ... ... ... ... ... ..T A.A ..A ... ... ... .CA AGA C.C ..A ..C ... ..C ... ... ... ... ... .CA .CC ..C .TG CA. ... .GT ..T ... AAA ..A ... ... ... ..T ... ... AAA ATC .AC ..G ... ..G ... ... ... ... ... ... ... ... ... ... ... ... A.G CGT ..G ... ... ... ... .C. ... ... ACA ..C ... ... T.A ACA C.A C.. ..C ..C ... ... ... AAC ... ..T .GT ..T G.. ..A ... A.. AT. A.A ... AAG A.A ... AAG AT. ... ... GAT ... ... AAT ..T AAT .AT A.C ..C A.T C.A ... ... ... A.. .GG ..C ..C ... 
Ncas                            ... ... ... ..G ..G ..G ... ..G ... ..G ..G ... ... ... ... ... ..T ..T ..G ..T ..T ..A ..A ... ... ... ..C ... ... ... .CA ..C ..G ..T ..T ..T .TT ..G ..T ..T ..A ..C ..C C.A ..C ..A ..A .TA ... ... ... ... ... ... ..G ..G ... ... ... ..T ..A ... C.A ..A ..C ... ... ..T ..T ... ..T ..T ..T .A. ... ... T.. ... ... ... ... ..G ... ... ..A ... ..C ... ... ... ... ..C ... ... ..G A.. ... ... ... ... ..A ..C ... ..C ... ... ... ..T ... ..T ..G ... ..A AGT ... ... ... A.A A.G ... T.A T.. T.A T.A ..G ... ... ..G ... ... ... ... ... ..T ..T ... ..A ..A ..A ..A ... ..A ... ..C ..C ..C ..C ... ..C ... ... ... ... ..C ... ... ..G ... A.G C.A ..A A.A ... ..A ... ... ..T ..G ..T ... ..C ... ... ..A ... ... ..C ..G ..G ..G ... ... ... ... ... ... ... ... ..T ..T ..T ... ..G ..C ..T .AA ... ... ..C ..C ..C ... ... ... ..T ... ..C ... ..C ... ... ..T ... G.T ..T ..A ..T ..A ..T G.C ... ..A ... G.A ..A ... ... ..C ... ... ... C.. C.. ..T ..T ... ... ..A ... C.A C.A ..A ..A ... ..C ... ..C ... ... 
Cgla                            ... ... ..G ..G ..G ..G .G. ..G ... ..G ..G ... ..G ... ... ..T ..T ..T GTT ..T C.A ..A ... ..A ..A ... ... ... ... ... .GC ... ... ..T ..C ..T T.. ..T ... ..T ..T ... ... ... ..C ... ... .TA ... ... ... ... ..G ..G ... C.T ... ... ... ..T ..A ..A C.T ..A ..C ... ..C ..T ..T ... ..T ..T ..T .AT ... ... T.. ... ... T.. ... ... ... ... G.. ... ... ... ... ... ..G ... ... ..G ... G.. ... ... ATT ..T ..A ... ..C ..C ... ... ..T ..C ..T ... ..T ... ..G .AT ... ... ... A.A A.G ... ..A T.. ..A ..G ..G ... ... ..G ... ... ... ... ..G ... ..T ..T ..A ..A ..A ... ..A ..A ... ... ..C ... ... ... ... ..C ... ... ... ... ... ..G ..T ..T A.. C.A ..A A.A .AC ..A ..A ..C ..T ..T ..T ... ... ... ... ... ... ... ... ..A ... ... ..A ... ... ... ... ... ... ... ..T ... ..G ..T ..T ..A ..C ACG ..A TG. AC. ..G ... ..G ... ... ..T ..C ..C ... ..C ..C ..C ..T ..C ... ..T ..T ..T ..G ... GAC GA. ..A ... ... ... ... ... ... ... ... C.G ... ..G ..T ... ..T ... C.T ... ... ... C.C C.A ..A ... ... ..C ..C ... 
Agos                            ..G ..G ..G ..G ..G ..G CGG ... ... ... CCT ..G ..G ..T ... ..T ... ..T CG. ... ... ..A ... ... ... ... ..C ..C ... ... G.G ..T ..C ..C ..G ... G.C T.. GTG ..T ..C ..G ..G ..G ... ..A ..C .T. C.C C.C C.G C.T ..G C.G C.G ..G C.C C.C ... TCG ..A ..A ... C.. ..C TCC G.C ..C ..C ... G.G ..T C.T .AA ... ... C.. ... ... ... ... ..C ..C ... G.. G.G ..C ... ..G ..G ..G G.T ..G ... ..G ..G ... ..G ... ..T ... ... ..C ..C ..G ... ..G ..C ..T ..T ..G ..T ..G GAG ..C ..C ... ..A ..G ... T.A ... T.G T.G ... ... ..G ..G ... ... .C. ..G ..G ... ... ..T ... ... ... ... ..A ... ... ... ... ..C ..C ... ..C ..C ..C ..C ... ... ... ..C ... ..T A.G C.T ... ..G ..G ..G ..G ..A ..T ..A ... ..C ... ..C ... ..C ... ... ..C ..C ..C ... ..A ..A ..C ..C ..G ..G ... ... ..T ..C ..T ... ..G ..C ... .AA ..A TGC ... ... ..A ..G ... ... ..T ... ..C ... ..C ..C ..C ..C AAG ..T ... ..T ..T ... ..G GGT AG. ... ... ..G ..G ... ... ... ... ... C.G C.G C.. ..T ..T ... ... C.. ... C.A C.. C.. C.. C.. ..C ..C ... ..C ..C 
Klac                            ... ..G ..G ..G ..G ..G .G. ..G G.. ..G ..G ..G C.. ... ... ..T ..T CCA C.A ... CCA ... ... ..A ... ... ... ... ... TC. GCG ... ..C ... ..C ..T G.T ..T ... .TT ... ..A ..C ..A ..C C.C GTG TAC ... ... C.T ... ... .A. ... ... ... ... ... TCT ..A .T. C.T ..A ... TCC GCC CAT .AT ... ..T ..T ..T .A. ..A ... GCA ..T G.A G.C T.. GC. ..C .GA ... ... CAG ACG ... ..G G.G ..G ..T ..T G.. G.C T.T ... ATT .GT AT. G.C ... ..C G.A ... ... ..T ..T ..T ..T ..C ..T AA. AA. A.A A.A A.A A.A ... T.A ..A G.. G.G C.. ... ... ... ... ... ..T ... ... ..T ..T ... A.A ... ..A ..A ... .CT AGA C.. ..A ... ..C ... ... ... ..C ... ... .C. .CC ..G .TT CA. ..C .GT ..T ..C AAA ..A ... ..C ..T ... ..T ... AAG AT. .AC ... ... ... ..G ... ... ... ... ... ... ... ... ... ... ... A.G CGT ..G ... ..G ..T ..T TCA ..G ..A ACC ..G ..G ..C T.A ACG C.A C.C ..C ..C ... ... ... AAT AAG ... .G. ..T G.. ..A ... ATT AT. A.. ... AAA A.A ... AAG AT. ... ... GAT ..G ... AAT ... AAT .AT A.C ..C A.T C.A ... C.A ... A.. .GG ..C ... ... 
Calb                            ... ... ... ... ..G ... .G. ..G G.. ... .G. ... C.. ..T ... ... ... CCA ..A ..T CCT ..A ..A ..A ..A ... ... ... ... TCA GCC ... GT. ..C ..T ..T G.. .GT ..A .TT ..A ..C ... ..A ..A C.C GTA TA. ... C.. ... ... C.T ... ... ... ... C.T ... TCA ..A GT. ..A ..A ... G.A GCA CAT .AT ... G.A ..T ... .AA ..T ... C.T T.. G.C G.C T.. .G. ... ... ..A ..C CAA AC. ... ... ... ... ..T ..C G.. G.G T.T ... ATT AGA AT. G.. ... ..C G.G ... ... ... ... ..G ... ... ..T .AT AA. A.A A.A A.A A.A ... T.. T.. G.G ACA C.. ... ... ... ... ... ... ... ... ..T ..T ... A.A ..A ..A ..A ... .CC CG. .GC ..A ... ... ... ... ..C ... ... ... .CA .G. ..T .TG CA. A.C .GT ..T ... AAA ..A ... ..C ..G ..T ..A ... AAA ATC .A. ..G ... ... ..A ..G ... ... ..G ... ..G ... ..A ..G ..A ... A.G AG. ..A ..T ..T A.C ..T AC. ... ... ACC ..C ... ..A A.. AC. C.A C.. ... ... ..C ... .T. AAT CA. ... .GT ..G G.. ... ..A A.A AT. A.. ... AAA A.. ... AAA AT. ..C ... GAT C.T C.T .CT ..T GAT .A. CCA ..C A.C ... ... ... ... A.. .GG ..C ... ... 

    2    1    1    1    1    1    1    1    2    1    1    1    2    1    1
    1    1    1    3    2    3    2    1    1    2    2    2    1    2    2
    2    2    1    1    1    2    2    1    1    1    2    1    1    1    1
    3    1    2    1    1    1    1    1    1    2    1    2    1    4    1
    2    2    2    1    3    2    1    2    1    2    1    2    2    1    1
    1    2    1    3    2    2    1    1    1    1    1    2    1    3    2
    3    1    2    4    2    1    1    6    2    2    1    3    1    1    1
    1    1    1    2    2    1    3    1    2    1    1    1    1    1    2
    2    1    1    4    1    1    2    1    1    4    2    2    2    1    1
    1    1    1    1    1    1    1    1    1    1    1    1    1    1    1
    1    2    3    1    2    1    1    1    1    2    2    2    3    1    2
    2    2    1    2    1    1    1    1    2    1    1    1    1    2    2
    4    2    1    1    2    2    3    4    1    1    1    1    1    2    1
    1    2    1    1    2    5    1    2    1    1    1    1    3    1    4
    1    2    2    2    1    1    1    2    1    1    1    2    2    1    2
    1    1    1    3    5    2    1    2    3    2    2    2    1    4    1
    1    1    1    1    2    1    1    2    1

CODONML (in paml version 4.9j, February 2020)  temp.nuc
Model: One dN/dS ratio, 
Codon frequency model: Fequal
ns =   9  ls = 393

Codon usage in sequences
--------------------------------------------------------------------------------------------------------------------------------------
Phe TTT   7   8   5   3   9   9 | Ser TCT   8   7   3   5   8  10 | Tyr TAT  11  12   9   9  10   4 | Cys TGT  10  10   9   9   9  11
    TTC   9   8   5   7   7   7 |     TCC   6   5   5   3   0   3 |     TAC   2   1   6   6   3   9 |     TGC   0   0   0   0   1   0
Leu TTA   5   8   7   9  12   2 |     TCA   6   7   7   7   9   6 | *** TAA   0   0   0   0   0   0 | *** TGA   0   0   0   0   0   0
    TTG  10   8   5   4   8  13 |     TCG   1   2   0   0   0   2 |     TAG   0   0   0   0   0   0 | Trp TGG   1   1   2   2   1   1
--------------------------------------------------------------------------------------------------------------------------------------
Leu CTT   5   0   0   0   0   1 | Pro CCT   1   6   8   7   4   5 | His CAT   7   6  10  12   3   9 | Arg CGT   6   6  13  13   4   7
    CTC   0   0   0   0   0   1 |     CCC   3   3   0   1   0   1 |     CAC   4   5   5   3   9   2 |     CGC   0   0   0   0   0   0
    CTA   0   1   2   1   5   4 |     CCA  10   5   7   7  10   7 | Gln CAA  26  21  22  22  23  22 |     CGA   0   0   0   2   2   0
    CTG   3   6   0   0   0   6 |     CCG   0   0   0   0   1   1 |     CAG   1   6   0   0   2   7 |     CGG   0   0   0   0   0   0
--------------------------------------------------------------------------------------------------------------------------------------
Ile ATT   7   9  13  15  13  16 | Thr ACT  10  11   8   5   6  15 | Asn AAT   9  13  14  12  12  13 | Ser AGT   6   7   8   9   6   3
    ATC   7   6   8   6   4   2 |     ACC   2   6   3   5   5   3 |     AAC  13   7   8  10   5   2 |     AGC   1   2   0   0   3   6
    ATA   3   4   0   0   3   2 |     ACA   9   3   9   9  10   6 | Lys AAA  16  11  13  15  14  11 | Arg AGA  16  22  17  15  17  20
Met ATG  13  13   8   8  11   8 |     ACG   3   4   5   6   3   1 |     AAG   8  13  16  14  15  12 |     AGG   7   1   1   1   6   3
--------------------------------------------------------------------------------------------------------------------------------------
Val GTT  15  13  11  12  10  14 | Ala GCT  10  10  10   9   9   2 | Asp GAT  17  19  14  13  13  18 | Gly GGT  33  36  31  30  28  33
    GTC   3   4   5   8  11   1 |     GCC   0   0   4   6   1   2 |     GAC   3   1   7   8   7   7 |     GGC   3   1   5   2   2   0
    GTA   2   2   4   5   0   5 |     GCA   4   4   5   4   6   5 | Glu GAA  16  18  14  20  20  18 |     GGA   2   0   2   2   2   5
    GTG   3   4  10   5   1   4 |     GCG   4   2   0   0   1   1 |     GAG   6   4  10   4   3   5 |     GGG   0   1   0   3   6   0
--------------------------------------------------------------------------------------------------------------------------------------

--------------------------------------------------------------------------------------
Phe TTT   6   3   6 | Ser TCT   8   6   5 | Tyr TAT   5   9  11 | Cys TGT  10   8   6
    TTC  10   7   5 |     TCC   8   3   2 |     TAC   8   6   3 |     TGC   1   1   3
Leu TTA   2   6   0 |     TCA   0   5   6 | *** TAA   0   0   0 | *** TGA   0   0   0
    TTG   9   5  10 |     TCG   5   0   1 |     TAG   0   0   0 | Trp TGG   1   2   2
--------------------------------------------------------------------------------------
Leu CTT   2   0   5 | Pro CCT  10   7   4 | His CAT   6  11   9 | Arg CGT   4   8   5
    CTC   0   0   0 |     CCC   2   6   3 |     CAC   4   2   5 |     CGC   9   0   0
    CTA   3   3   0 |     CCA   0   5  10 | Gln CAA   6  17  24 |     CGA   1   0   1
    CTG  11   0   0 |     CCG   3   0   2 |     CAG  21   5   0 |     CGG   7   0   0
--------------------------------------------------------------------------------------
Ile ATT   5  18  14 | Thr ACT   4   5   9 | Asn AAT   7  16  12 | Ser AGT   1   3   5
    ATC   9   4   9 |     ACC   5   6   5 |     AAC  10   6   3 |     AGC   3   0   0
    ATA   0   1   1 |     ACA   5   7  13 | Lys AAA   7   9  25 | Arg AGA   8  24  27
Met ATG  10   5   3 |     ACG   5   4   0 |     AAG  18  21   4 |     AGG   4   0   0
--------------------------------------------------------------------------------------
Val GTT   8   5  11 | Ala GCT   1   9   7 | Asp GAT  12  15  20 | Gly GGT  16  35  19
    GTC   4   4   7 |     GCC   3   9   6 |     GAC   9   8   2 |     GGC  13   1   1
    GTA   7   4   5 |     GCA   5   3   5 | Glu GAA   9  21  23 |     GGA   7   0  10
    GTG   6  16   4 |     GCG  10   3   0 |     GAG  16   5   3 |     GGG   4   1  12
--------------------------------------------------------------------------------------

Codon position x base (3x4) table for each sequence.

#1: Scer           
position  1:    T:0.19338    C:0.16794    A:0.33079    G:0.30789
position  2:    T:0.23410    C:0.19593    A:0.35369    G:0.21628
position  3:    T:0.41221    C:0.14249    A:0.29262    G:0.15267
Average         T:0.27990    C:0.16879    A:0.32570    G:0.22561

#2: Sbay           
position  1:    T:0.19593    C:0.16539    A:0.33588    G:0.30280
position  2:    T:0.23919    C:0.19084    A:0.34860    G:0.22137
position  3:    T:0.44020    C:0.12468    A:0.26972    G:0.16539
Average         T:0.29177    C:0.16031    A:0.31807    G:0.22986

#3: Smik           
position  1:    T:0.16031    C:0.17048    A:0.33333    G:0.33588
position  2:    T:0.21120    C:0.18830    A:0.37659    G:0.22392
position  3:    T:0.42239    C:0.15522    A:0.27735    G:0.14504
Average         T:0.26463    C:0.17133    A:0.32909    G:0.23494

#4: Spar           
position  1:    T:0.16285    C:0.17303    A:0.33079    G:0.33333
position  2:    T:0.21120    C:0.18830    A:0.37659    G:0.22392
position  3:    T:0.41476    C:0.16539    A:0.30025    G:0.11959
Average         T:0.26293    C:0.17557    A:0.33588    G:0.22561

#5: Ncas           
position  1:    T:0.19593    C:0.16031    A:0.33842    G:0.30534
position  2:    T:0.23919    C:0.18575    A:0.35369    G:0.22137
position  3:    T:0.36641    C:0.14758    A:0.33842    G:0.14758
Average         T:0.26718    C:0.16455    A:0.34351    G:0.22477

#6: Cgla           
position  1:    T:0.19593    C:0.18575    A:0.31298    G:0.30534
position  2:    T:0.24173    C:0.17812    A:0.35369    G:0.22646
position  3:    T:0.43257    C:0.11705    A:0.28753    G:0.16285
Average         T:0.29008    C:0.16031    A:0.31807    G:0.23155

#7: Agos           
position  1:    T:0.18575    C:0.22646    A:0.25700    G:0.33079
position  2:    T:0.23410    C:0.18830    A:0.35115    G:0.22646
position  3:    T:0.26718    C:0.24936    A:0.15267    G:0.33079
Average         T:0.22901    C:0.22137    A:0.25360    G:0.29601

#8: Klac           
position  1:    T:0.15522    C:0.16285    A:0.32824    G:0.35369
position  2:    T:0.20611    C:0.19847    A:0.38422    G:0.21120
position  3:    T:0.40204    C:0.16031    A:0.26718    G:0.17048
Average         T:0.25445    C:0.17388    A:0.32655    G:0.24512

#9: Calb           
position  1:    T:0.15267    C:0.17303    A:0.33079    G:0.34351
position  2:    T:0.20356    C:0.19847    A:0.36641    G:0.23155
position  3:    T:0.37659    C:0.13740    A:0.38168    G:0.10433
Average         T:0.24427    C:0.16964    A:0.35963    G:0.22646

Sums of codon usage counts
------------------------------------------------------------------------------
Phe F TTT      56 | Ser S TCT      60 | Tyr Y TAT      80 | Cys C TGT      82
      TTC      65 |       TCC      35 |       TAC      44 |       TGC       6
Leu L TTA      51 |       TCA      53 | *** * TAA       0 | *** * TGA       0
      TTG      72 |       TCG      11 |       TAG       0 | Trp W TGG      13
------------------------------------------------------------------------------
Leu L CTT      13 | Pro P CCT      52 | His H CAT      73 | Arg R CGT      66
      CTC       1 |       CCC      19 |       CAC      39 |       CGC       9
      CTA      19 |       CCA      61 | Gln Q CAA     183 |       CGA       6
      CTG      26 |       CCG       7 |       CAG      42 |       CGG       7
------------------------------------------------------------------------------
Ile I ATT     110 | Thr T ACT      73 | Asn N AAT     108 | Ser S AGT      48
      ATC      55 |       ACC      40 |       AAC      64 |       AGC      15
      ATA      14 |       ACA      71 | Lys K AAA     121 | Arg R AGA     166
Met M ATG      79 |       ACG      31 |       AAG     121 |       AGG      23
------------------------------------------------------------------------------
Val V GTT      99 | Ala A GCT      67 | Asp D GAT     141 | Gly G GGT     261
      GTC      47 |       GCC      31 |       GAC      52 |       GGC      28
      GTA      34 |       GCA      41 | Glu E GAA     159 |       GGA      30
      GTG      53 |       GCG      21 |       GAG      56 |       GGG      27
------------------------------------------------------------------------------


Codon position x base (3x4) table, overall

position  1:    T:0.17755    C:0.17614    A:0.32202    G:0.32429
position  2:    T:0.22448    C:0.19027    A:0.36274    G:0.22250
position  3:    T:0.39271    C:0.15550    A:0.28527    G:0.16653
Average         T:0.26491    C:0.17397    A:0.32334    G:0.23777

Codon frequencies under model, for use in evolver (TTT TTC TTA TTG ... GGG):
  0.01639344  0.01639344  0.01639344  0.01639344
  0.01639344  0.01639344  0.01639344  0.01639344
  0.01639344  0.01639344  0.00000000  0.00000000
  0.01639344  0.01639344  0.00000000  0.01639344
  0.01639344  0.01639344  0.01639344  0.01639344
  0.01639344  0.01639344  0.01639344  0.01639344
  0.01639344  0.01639344  0.01639344  0.01639344
  0.01639344  0.01639344  0.01639344  0.01639344
  0.01639344  0.01639344  0.01639344  0.01639344
  0.01639344  0.01639344  0.01639344  0.01639344
  0.01639344  0.01639344  0.01639344  0.01639344
  0.01639344  0.01639344  0.01639344  0.01639344
  0.01639344  0.01639344  0.01639344  0.01639344
  0.01639344  0.01639344  0.01639344  0.01639344
  0.01639344  0.01639344  0.01639344  0.01639344
  0.01639344  0.01639344  0.01639344  0.01639344


TREE #  1:  (((((1, 4), (3, 2)), 5), 6), ((7, 8), 9));   MP score: 1363
This is a rooted tree.  Please check!
lnL(ntime: 16  np: 18):  -8075.164079      +0.000000
  10..11   11..12   12..13   13..14   14..1    14..4    13..15   15..3    15..2    12..5    11..6    10..16   16..17   17..7    17..8    16..9  
 0.648593 0.207674 0.257132 0.007077 0.208896 1.606964 0.000004 1.625052 0.284505 0.415547 0.325632 0.644839 0.000004 2.249513 0.667340 0.667740 1.005279 0.105442

Note: Branch length is defined as number of nucleotide substitutions per codon (not per neucleotide site).

tree length =  9.816512

(((((1: 0.208896, 4: 1.606964): 0.007077, (3: 1.625052, 2: 0.284505): 0.000004): 0.257132, 5: 0.415547): 0.207674, 6: 0.325632): 0.648593, ((7: 2.249513, 8: 0.667340): 0.000004, 9: 0.667740): 0.644839);

(((((Scer: 0.208896, Spar: 1.606964): 0.007077, (Smik: 1.625052, Sbay: 0.284505): 0.000004): 0.257132, Ncas: 0.415547): 0.207674, Cgla: 0.325632): 0.648593, ((Agos: 2.249513, Klac: 0.667340): 0.000004, Calb: 0.667740): 0.644839);

Detailed output identifying parameters

kappa (ts/tv) =  1.00528

omega (dN/dS) =  0.10544

dN & dS for each branch

 branch          t       N       S   dN/dS      dN      dS  N*dN  S*dS

  10..11     0.649   878.4   300.6  0.1054  0.0684  0.6483  60.0 194.8
  11..12     0.208   878.4   300.6  0.1054  0.0219  0.2076  19.2  62.4
  12..13     0.257   878.4   300.6  0.1054  0.0271  0.2570  23.8  77.2
  13..14     0.007   878.4   300.6  0.1054  0.0007  0.0071   0.7   2.1
  14..1      0.209   878.4   300.6  0.1054  0.0220  0.2088  19.3  62.8
  14..4      1.607   878.4   300.6  0.1054  0.1694  1.6062 148.8 482.8
  13..15     0.000   878.4   300.6  0.1054  0.0000  0.0000   0.0   0.0
  15..3      1.625   878.4   300.6  0.1054  0.1713  1.6243 150.5 488.2
  15..2      0.285   878.4   300.6  0.1054  0.0300  0.2844  26.3  85.5
  12..5      0.416   878.4   300.6  0.1054  0.0438  0.4154  38.5 124.8
  11..6      0.326   878.4   300.6  0.1054  0.0343  0.3255  30.1  97.8
  10..16     0.645   878.4   300.6  0.1054  0.0680  0.6446  59.7 193.7
  16..17     0.000   878.4   300.6  0.1054  0.0000  0.0000   0.0   0.0
  17..7      2.250   878.4   300.6  0.1054  0.2371  2.2485 208.3 675.8
  17..8      0.667   878.4   300.6  0.1054  0.0703  0.6670  61.8 200.5
  16..9      0.668   878.4   300.6  0.1054  0.0704  0.6674  61.8 200.6

tree length for dN:       1.0346
tree length for dS:       9.8121


Time used:  0:14
