      9   1182

Scer                            TCA AAA GGA ATT CCA TCG TTA TTC CAA GAC TAC TTG GCT AGC CCT GAA GTG GAC CAT TTA AGA GTG GAG AAG AAA TTG TAT GAG GGT AGA ATT GAA AGA CAG GAG CCA GAA TGG CAT TTG AGG GAA GCA TCG TTG AGA CCG ACC ATA GAT GGT CAC GGA GAG GGA CCT AAA TTG TTC AAG ATA ACA TAT TGG ATA ATA TAT GCT GAA TAC TTA GAC CCA TAT AAT ATA CAT GAT TAT AGA GAG AAC GTG AAA AGA AAA ACT GTG GCT CAT ATG ATG AGT AGA CAC CCA CAC TCA AAA GTG CGC ACA TCC AAA AGC TCA GAT ACT AAA CCT CGC AGT GAA AGA TGG TCT GTG GAC CTA TTG TCG AAG GGA GTG CCT GAC TGC ACT AGA AAA GTG GGT TGG AAC GGT CGT AAA CAG AAC TAT GAA GAT GAG TGG TCC GAA GGT ATT TAT AAA CGG TCC CTG GAT GCC ATT TCT GGT AAG AAA GAA AAA TGT CTG GAC TTG TGG GAA ATA TTG AAA GGC AAA TTC ATT TAT AAC TTA CAC AAT GAC GAA ATG CGA CAG TTG TTG GAA CCG ACT AGG ATA GGC AAC AAA GTG TCA TCG ATG GGC GAA TTG GAG ATA CGG GTG AGA GTC GTA GAT GTT CCT ATA ATA AAA GTT GCA ACA GAA AGT GGC GAA TCT ATA TCC GAG TCA TCC TAC AAT TTA TTA GTT AAC CGT AAT CCT GAA CAC GCA TAT ATA GTT CGA TGG CCA GAT TCC ACA CAG GTT GTT ATA CAC GTA AAA ATG AAG AAA CGG GTG GAG GAA ATT GAT GAT TTG AGA GGA GAC GAC TGG GTT TTT CAA AAT AAA GCA TTA GTG GTT TAT TGG CCG CCA AGT CGT GAT TTC AAT AAC TTG AAG TAC AGG TCA TTG GAG TTG ATA AAA CGG CAT AAG TAC CAC GCG ATT TTC GAC TTG AGA CCA CCA GAT TTG AAC TCT AAC AAG CAC CGT GAA GTG CCA GAT TGC AAG AGA TAT AAC CAG GAT TCC TGT TCA TCC CAG GAT TAT AAC AGG TTA CAT AAC CAC AGA GCT GAG TTT AAG CCA TTC CTA CAA ATT AAA TCA GAA AAA ATT TGG AGA TAT CCA GAT CTA GGT TAC TAT CAT GGT TAT AGT AAG AAA ACA ACA TTA GGT AAA GCA GAT AAC GAG AAA TGC TAT CTT GGT GGT TGT TCT GAA 
Sbay                            TCA AAG GGG ATC CCG TCA TTA TTC CAA GAT TAT TTG GCC AGC CCT GAG GTG GAC CAC TTG AGA GTG GAA AAG AAA TTG TAT GAC GGT AGA ATT GAA AGA CAA CAG CCG GAG TGG CAT TTG AGG GAA GCG TCG TTG AGG CCA ACC ATA GAC GGT CAC GGG GAG GGG TCG AAA TTA TTC AAG ATA ACG TAC TGG ATA ATA TAC GCC GAA TAC CTA GAC CCT TAC GCT ATA CAC GAC TAC AGG CAG AAC GTT AAA AGA AAA ACT GTG GCC CAT ATG ATG GAT AGG TAC CCG CAT TCA AAG GTG CGT ACG TCC AAA AGC TCA GAT ACC AAA CCA CGT ATG GAA AGA TGG TCT GTG AAT TTG TTA TCG AAG GGG GTT CCG GAC TGT ACT AGA AAA GTG GGT TGG AAC GGA CGT AAA CAA TCT TAC GAA GAC CAG TGG TCC GAA GGT ATC TAT AAA CGG TCC TTG GAT GCC ATC GCT GGT AAG AAG GAA AAG TGT CTG GAC TTG TGG GAA ATA CTA AAA GGC AAA TTT GTT TAC AAC TTA CAT GCA GAT GAA ATG CGA CAA CTG TTG GAA CCG ACT AGG ATA GGC AAC AAG GTG TCA TCG ATG GGC GAA TTG GAA ATA CGG GTG AGA GTT GTG GAT GTC CCA ATA ATC AAA GTT GCA ACA GAG GAT GGT GAG TCT ATC TCC GAA TCA TCC TAC AAC TTG CTA GTT TCT CAT AAT CCT GAG CAC GCT TAC ATA GTT CGA TGG CCG GAT TCT ACA CAA GCT GTT ATC CAT GTC AAG ATG AAG AAG CGG GTG GAA GAT ATT GAT GAT TTA AGG GGA GAT GAT TGG GTT TTT CAA AAC AAA GCA TTA GTG GTC TAC TGG CCA CCA AGC CAT GAC TTC GCT AAC CTG AAG TAC AGG TCG CTG GAA TTG ATA AAG CGG CAT AAG TAC CAT GTG ATT TTC GAC TTG AGA CCG CCA GAT CTG AAC TCT AAT AAG TAC CGT GAA GTA CCA GAT TGT AAG AGG TAC TCT CAG GAC TCT TGT TCA TCC CAA GAT TAC AAT AGG CTA CAT AAC CAT AGG GCT GAA TTC AAG CCT TTC TTG CAA ATT AAA TCA GAT AAG GTT TGG AGG TAT CCA GAT TTG GGC TAC TAC CAT GGT TAT AGT AAG AAA ACA ACA TTG GGT AAA GCT GAT AAC GAA AAA TGT TAC CTC GGT GGT TGT TCA GAT 
Smik                            TCG AAG GGA ATT CCA TCG TTA TTC CAA TTA TAC CTA GCT ATG CCT GAA GTG AAC CAT TTG AGA GTG GAG AAG AAA GTC TAT AGA GGT AGA ATT GAA AGA CAA AAC CCA GAG TGG CAT TTA AGG GAA GCA AGA TTA AGA CCA ACG ATT GAT GGT CAC GGA GAA GGA CCT AAG TTG TTC AAG ATA AAT TAT TGG ATA GTA TAC GCT GAA TAC TTG GAT CCT TAT GAG ATT CAT GAC TAT AGG AAC AAC GTG AAA AGG AAA ACT GTG GCC CAT ATG ATG GAA AGG TAC CCA CAC TCG AAA GTG CGT AAT TCC AAA ATG TCA GAT ACT AAA CCT CGT AAA GAA AGA TGG TCT GTG GAT TTA TTG TCA AAG GGA GTG CCT GAT TGT ACT AGA AAG GTG GGT TGG AAC GGT CGT AAA CAA AAT TAC GAA GAC AAC TGG TCC GAA GGT ATT TAC AAA CGA TCC TTG GAT GCT ATT TCT GGT AAG CAG GAA AAG TGT TTG GAT TTG TGG GAA ATT TTA AAA GGT AAA TTT CTT TAT AAC TTA CAC AAA GAC GAA AAC CGA CAA TTG CTA GAA CCA AAT AGG ATA GGT AAC AAA GTG TCA TCA ATG GGT GAA TTG GAA GTA CGA GTG AGA GTC GTA GAT GTC CCT GTA ATC AAA GTT GCG ACA GAG GAA GGC GAA TCT ATC TCC GAA TCA TCC TAC AAT TTG CTA GTT AAT CGT ACA CCT GAG CAC GCA TAC ATA GTT CGA TGG CCA GAT GAA ACA CAA GCT GTT ATA CAC GTC AAA AAC AAA AAA CGA GTG GAA GAA ATT GAT GAT TTG AGG GGA TTA TTA TGG GTT TTT CAA AAT AAA GCG TTA GTG GTT TAT TGG CCG CCA AGC CGT GAT TTC GAG AAC TTA AAG TAC AGG TCA TTG GAA TTA GTA CAG CGA CAT AAG TAC CAC GTG ATT TTC GAT CTG AGA CCA CCA GAT TTG AAC TCA AAC AAA TAC CGT GAA GTT CCA GAT TGC AAG AGA TAC AAT CAG GAT GAA CCG TCA TCC CAA GAT TAT AAC AGG TTG CAT AAC CAC AGA GCT GAA TTC AAG CCT TTC TTA CAA ATT AAG TCA GAA GAA CTT TGG AGA TAT CCT GAT TTA GCA TAC TAC CAT GGT TAT AGT AAA AAA ACA ACT TTG GGT AAA GCT GAT AAC GAA AAA TGT TAC CTT GGT GGT TGT TCA GAT 
Spar                            TCG AAA GGA ATT CCG TCG TTA TTC CAA GAC TAC TTG GCT GGC CCT GAG GTG GAC CAT TTA AGA GTG GAG AAG AAA TTG TAT GAC GGT AGA ATT GAA AGA CAA GAG CCA GAA TGG CAC TTG AGG GAA GCA TCG TTG AGA CCG ACC ATA GAT GGT CAC GGG GAG GGA CCT AAA TTG TTC AAG ATA ACG TAT TGG ATA ATA TAT GCT GAA TAC TTA GAT CCG TAT AAT ATA CAT GAC TAT AGA GAG AAC GTG AAA AGA AAA ACT GTG GCC CAT ATG ATG GCC AGA TAC CCG CAT TCG AAA GTG CGT ACG TCC AAA GGC TCA GAC ACT AAA CCT CGT AGT GAA AGA TGG TCT GTG GAC CTA TTG TCT AAG GGA GTG CCT GAT TGT ACT AGA AAA GTG GGT TGG AAC GGA CGC AAA CAA AAT TAT GAA GAC GAG TGG TCC GAA GGT ATT TAT AAA CGG TCA CTG GAT GCC ATT TCT GGT AAA AAA GAA AAA TGT TTG GAC TTG TGG GAA ATA CTT AAA GGT AAA TTC ATT TAT AAC TTA CAT ACC GAT GAA ATG CGA CAA TTA TTG GAA CCA ACT AGA ATA GGT AAC AAA GTG TCA TCG ATG GGT GAA TTG GAG ATA CGG GTG AGA GTC GTT GAT GTT CCT ATA ATA AAA GTT GCA ACA GAA GCC GGC GAA TCT ATA TCC GAG TCA TCA TAC AAT TTG CTA GTT AAT CGT AAT CCT GAA CAC GCA TAT ATA GTT CGA TGG CCA GAT TCC ACA CAA GCT GTT ATA CAT GTA AAA ATG AAG AAA CGG GTG GAG GAA ATT GAC GAT TTG AGA GGG GAC GAC TGG GTT TTT CAA AAT AAA GCA TTA GTG GTT TAT TGG CCG CCA AGT CGT GAT TTC AAT AAC TTA AAG TAC AGG TCA TTA GAA TTG ATA AAA CGG CAT AAG TAC CAT TCA ATT TTC GAC TTG AGA CCG CCA GAT TTA AAC TCT AAT AAG TAC CGT GAA GTG CCA GAC TGC AAG AGA TAT AAT CAG GAT TCC TGT TCA TCC CAA GAT TAT AAT AGG TTA CAT AAC CGC AGA GCT GAA TTC AAG CCG TTC CTA CAA ATT AAA TCA GAA AAA ATT TGG AGA TAT CCA GAT CTA GGG TAC TAC CAC GGT TAT AGT AAA AAA ACA ACG TTA GGT AAA GCT GAT AAC GAA AAA TGT TAT CTT GGT GGT TGT TCA GAT 
Ncas                            TCT AAA GGT ATC CCT AGT TTG TTT CCT TCC TAT TTG GCT ACT CCA GAA GTA GAC CAT CTA AGA GTC GAA AAG AAA CTC TAT CAT AGT AGA GTA GAA AGA GAT CAA CCT GAA TGG CAT TTG AAG GAG GCC TCA TTG AGG CCT ACT ATA GAT GGT CAT GGA GAA GGT CCA AAA TTG TTT AAG ATC ACG TAC TGG ATA ATA TAC GCT GAA TAT TTA GAT CCT TAT TCA ATT CAT GAT TAC CGT CAA AAC GCT AAA AGA AAG TCC GTG AGT CAT ATG ATG CCC CGT CAT CCT CAC TCT AAA GTA CGT ACG TCT AAG ACT TCT GAT ACA AAA CCC CGT CAC GAG AAG TGG TCA GTC GAT TTG TTA TCT AAA GGT GCT CCT GAT TGT ACT AAG AAA GTG GGT TGG AAC GGT CAT AAA AGT TCC TAC GAA GAT CAA TGG TCT GAA GGT ATC TTC AAG AGA TCT TTA GAT GCC ATC TCT GGG AAA GAG GAA AAA TGT CTT GAT TTA TGG GAA ATT TTA AAA GGT AAA TAC TTA TAC AAT CTC CAC GAG GAT GAA ATC AGA AGT CTG TTG GAA CCA ACT AGA TTT GGT AAT AGA GTG TCT AGG ATG GGT GAA TTA GAA ATA AGA GTA AGA GTC GTC GAT ATC CCC ATA ATA AAG GTC GCA ACA GAA CCC GGT GAA TCG ATA TCT GAA TCA TCT TAT AAT CTT CTA GTT TCC TCA AAT CCT GAA CAT TCA TAC TTT GTT AGA TGG CCT GAT ACA AGT AGT GCT GTT ATT CAC GTG AGA ATC AAA AAA AGA GTC GAA GAT ATC GAT GAT TTG CGT GGA TCC TCC TGG GTT TTT CAA AAC AAG GCA CTC GTA GTT TAT TGG CCT CCA AGT TCA GAT TTC TCA AAA TTT AAA TAC AAG TCC CTG GAA TTG ATA GAG AGA CAT AAG TAT CAC AAT GTA TTC GAT TTG AGA CCT CCA GAC CTG AAT TCG AAT AAA CAT CGT GAG GTT CCA GAT TCG AAA AGG TAC TCC CAA GAT ACA CCG TCA TCT GAT GAG TAT AAT AGA TTA CAT AAT CGA AGA GCT AAG TAC AAG CCT TTT TTG CAA GTA AAG TCT GAT ACC TTA TGG AGA TAT CCA GAT TTG GCT TTC TAT CAT GGT TAT AGT AAA AAG AGT ACA CTA GGT AAA GCT GAT AAC GAA AAA TGC TAC CAA GGT GGT TGT TCT GAA 
Cgla                            TCC GAG GGT ATT CCA GCG CTT TTC CCT GAT TAC TTG GCT TCT CCA GAG AAC GAT CAC TTA AGA GTG GAG AAG AAG CTG TAT GGG GGT AGA GTC GAA AGA AAG GAA CCT GAA TGG CAT TTG AAG GAG GCT GCA TTG CGG CCT ACT ATC GAC GGT CAC GGC GAG GGT CAC ATT CTG TTC AAG ATA ACG TAC TGG ATT GTC TAC GCT GAA TAT ATA GAC CCA TAT GTC ATA CAC GAT TAT AGG GAA AAC GTA AAG AAA AAA ACC CTG GCT CAT ATG GCG GCC AGG TAT CCA TAT TCC AAG AAC AGA ACG TCC AAG TCT TCT CAA ACT AAG CCA AGA AAA GAG AAG TGG TCT GTG GAT TTG CTA TCA AAG GGT GTA CCA GAC GCT ACT AAG ATT CTG GGT TGG AAC GGG AGA AAA GAG GCA TAC GAA GAT GAA TGG TCC GAA GGT ATT ATG AAT AGG TCC TTA GAC GAG ATT AGT GGT AAA AAA GAG AAG TGT CTG GAC TTA TGG GAT ATA CTC AAA GGT AAG TAT TTG TAC AAC TTG TAT GTA GAT GAA ATG AGA GAG CTG TTG GAA CCA TCT AGA ATG GGT AAC AAG CTG TCT AGG GCG GGT GAA TTA GAG GTC AGG AAC AGA GTT GTC GAT GTT CCA GTC ATT AAG GTG GCT GCA GAG GCC GGT GAA ACG ATT TCC GAG TCA TCC TAT AAC CTG CTA GTT GCA CGG AAC CCA GAG CAC AGT TAC ATG GTT AGA TGG CCT GAT AGT TCA GAG GCT GTT ATT TAT GTG AAG ATG AAA AAG AGG GTG GAG GAT ATC CAA GAT CTG AGG GGA GAT GAT TGG GTT TTT CAA GAT AAA GCT TTG GTG GTC TAT TGG CCT CCG GGT CGG GAC TTT GTC AAG TTT AAG TAC AAG TCT CTG GAA TTG GTC AAA AGG CAT AAG TAC TAT TCC GTC TTT GAC CTG AGA CCA CCA GAT CTG AAC TCT AAC AAG TAT CGT GAA GTG CCA CAA TCG AGG CGG TAC GCA CAG GAC AGT CCA TCA TCC AAG GAG TAT AAC AGA ATA CAC AAC AAT AGA GCA AAA TTT AAG CCA TTC TTG CAG GTC AAG TCT GAT AAG TTG TGG AGG TAT CCA GAT TTG GCA CAC TAT CAT GGT TAT AGT AAG AAG TCA ACA TTA GGT AAG GCT GAT AAC GAA AAA TGT TAC AAG GGT GGT TGT TCA GAG 
Agos                            TCG AAG TCT ATT CCG ATG ATA TTC CCG GAG TAC TTG GCA CAC CCC GAG ATA GAC CCG CTA AAG GTT GAG AAG AAG CTC CAT GCC GGC AGA TGC GAG AGA AAC GAG CCA GAG TGG CAC CTA AAG GAA GCT AGG CTA AGA CCT ACA GTG GAC GGA CAC GGC GAG TCT ATC CGG CTG TTC AAG ATT ACG TAT TGG ATA CTG TAC GCA GAG TAC TTG GAC CCT TAT CAC ATC CCG GAT TAC CGC GAG AAC GGG AAG AAG AGG AAT TGC TCC CAT ATG GTG GAG CGC CAT CCG GCT TCG AAG ATA CGC ACG TCC AAG CAC TCG GAT ACC AAG CCG CGC AGC GAG CGC TGG TCT GTT CCT CTA TTG TCC AAG TCT GGG CCC GAC TTT GAT CGC CGG TGC GGC TGG AAC GGC AGA AAG CCG GCA TAC GAG GAT GAG TGG TCC GAG GGT ATA TTG AAT AGG TCG CTA GAG GCA ATT TCA GGT AAG AAG GAG AAG TGT CTC GAC CTG TGG GAT ATC TTC AAG GGG AAG TTC CGG TAT AAC TTG GCT GAG GAC GAG AAC CGC CCG CTC TTG GAT GGG GTT CGG TTT GGG AAC AAA TGC TCG GCG GTG GGG GAG CTG GAG CTG AGG ATA CGT GTG GTG GAC GTG CCG CTG GTA TCA GTG GCC GCG GAG GAG GGT GAG ACA GTA TCC GAG TCA TCG TAC AAC CCA TTG TGC GCA CAG CGC CCA GAG CAC AAG TAC TTT TGC CGC TGG CCA GAC ACA TCG CCG ACC TGC GTG GCT GTC AAA AAC AAG AAG AGG GTT GAG GAA ATC GAT GAC CTG CGC GGA GAG GAG TGG TGC TTC CAA AAC AGG GCC TTG ATA GTG TAT TGG CCG CCT AGT CAG GAC TTC CAC CAG TTT AAG TAC AAG CGG CTC GAG CTA CTG AAG AGG CAT AAG TAC GCT AGC TGC TTC GAC TCC CGT CCG CTG GAT CTC AAC TCT AAC AAG CAT CGC GAG ATC CTG GAT GCG CAC AGA TAC GCA CAG GAC ACA GTG TCA TCC AAC GAC TAT AAC GGA TTG CAC AAC AAA AGA GTG GCA TTG AAG CCT TTC CTA CGG TGC AAG TCG GAA AAG CGG TGG AGA TAC CCA GAC CTA TCC TAC TAC CAC GGA TAC TCG AAG AAG TCG ACC CTA GGT AAG GCT GAT AAC GAG AAG CCA TAC GAC GGC GGC TGT TCG GAG 
Klac                            TCG AAA GGC ATC CCA TCT ATT TTC CCA GAT TAC TTG GCC TCC CCT GAA ATC GAC CAT ATA AGG GTG GAA AAG AAA TTA TAT GCA AGT AGA ACG GAA AGA ACA GAT CCT GAG TGG CAC TTG AAG GAA ACG AGT TTG AGA CCC ACC ATT GAT GGA CAA GCA GAA GGC TAC AAG TTA TTC AAG ATT ACG TAT TGG ATC ATA TAC GCC GAA TAT ATC GAT CCA TAT ACC ATA CAT GAT TAT CGA GAT AAC GTT AAG AAA AAT AAT CTC TCT CAT TTG GAG AAG CGA TAC CCA CAT TCG AAA ATC CGT ACG TCT AAG TCC AAC AAG ACC AAG CCA CGT CTG GAA AGG TGG TCT GTG GAT TTG CTA TCG AAG GGC GTT CCT GAT TGC AAC AGG AAG CTC GGT TGG AAC GGT AGG AAA GCT GAG TAC GAA GAT GAT TGG TCT GAA GGT ATT TTC AAG AGA GCG TTA GAT GAG ATC TCT GGT AAG AAA GAA AAG TGC CTT GAT TTG TGG GAC ATA ATA AAA GGT AAG TTC CTC TAT AAC TTA CAT GGC GAT GAA AGT AGA GCT TTG TTG GAG CCG GTT AGG TTT GGT AAC AAA CTC AAC CAT GAG GGT GAA TTG GAA ATA AGA ATC AGA GTT CTA GAT GTT CCA ATA ATA AAA GTT GCT TCA GAG AAG GGA GAG TCG ATA TCT GAA TCA GCG TAT AAC AAA CTA GTG GAG ACG CAG CCT GAG CAA TGC TAC TTT GTG AGA TGG CCT GAA TAT ACA GCT GCT GTG ATC CAT GTT AAA AGT AAG AAA AGA GTG GAA GTT ATT AAG GAT TTA CGA GGA GAT GAT TGG GTG TTC CAG AAT AAT GCT TTA GTG GTT TAT TGG CCT CCT AGC ACG AAA TTC ACC CAA TTC AAG TAT AAG GGG TTG GAA TTG ATA AAA AGA CAT AAG TAC CAT AGT ACG TTC GAT TTA CGT CCA CCT GAT TTG AAT TCG AAT AAA TAC CGT GAA ATA CCT AAG TCA AGA AGA TAC GAG CAA GAT TAT TTG TCA TCT ACA GAA TAT AAT GGA ATC CAT AAC CTA AGA GGT AAT TTC AAG CCA TTC TTG CAA ACG AAG AAC GTT AAA CTC TGG AGA TAT CCA GAA TTG GCC TAC TAC CAC GGA TAT GCT AAA AAG ACA ACT ATA GGT AAA GCT GAT AAC GAA AAA CCT TAC CAG GGT GGT TGC TCG GAA 
Calb                            CTG GAT GGA ATT CCG TAT TTT TTT AAA CCC TAC TTG TCA TTA CCT GAA AGT AAT TCT CAA GGA GTC GAA AAG ACT ATT TTG AGT GGT AGA CTA GAA AGA GGA GAG CCT GAG TGG CCA TTA AGA GAA GCG AAG TTA AAA CCC ACA ATA GAT GGA AGC GGT GAA GGA CCA GAA TTG TTT AAG ATT TCT TAT TGG ATT ATA TAC TCA GAA TTT GTT GAT TCA TAC CCT AGT TCT GAC TAT CGA GAG AAC TTG AAA CAA CAC ACT GTC AGT CAT TAT AAA ACG CGA TTT CCG CAT CTG AAA AGT AAG TCT ACT AAA TTA TCC GAA ACT AAA CCA AAG AAG GAA AAA TGG TCA GTC AGC TTG TTA TCT AAA GGA TTG CCT GAT TTG ACG AAA GAA GTC GGT TGG AAT AGT CAA AAA CAA GAA TAC GAA GAC GAG TGG ACT GAA GGG GTA AAC TCA CGA AGT TTG GAT GAA ATT GCT GGT AAA AAG GAA AAG TGT TTT GAC TTA TGG GAT AGT ATT AAA GGT AAA TTT GAA TAT AAC ACA CAT GAT GAT GAA ATT AAA CAA TTG TTG GAT CCA ACA CGA ACT GGT AAC AAA GTC TCC CAA AAA GGT GAA TTA GAA ATA CGA AGT AGA GTT ATC GAT GAT CCA ATA ATA TCT GTT AAA AGT GAA ACG CAA GAA ACC ATA ACT GAA TCT AGT TTT AAT TTA TTA GTA GAA CAA AAC CCA GAA AGC TCT TAC ACT GTA AAA TGG CCT CAA TCG TTG CAA GCT GTA GTT CAT GTT AAA ATT AAA AAA CGA GTC GAA TCG ATC GAA GAT TTG CGA GAT CCC CCC TGG GTA TTT CAA AGT CAC AAA ACA TCA GTT TAC TGG GCT CCT TCT CAA AAG TTC CCT ATT TAT AAA TAC AGA GGT TTG GAA TTA ATA AAG CGA CAT AAG TAC CAT AAT CTA TTC GAC TAT AGA CCG TTA AAT TTG AAT GCA AAT AAA TTT AGA GAA AAA TTA GAA GAA AAA AAA TAC GAA CAT GAT TCG CCA TCT ACT GGA TCA TAC AAT AAA GTT CAT AAC TTG AGA GCA GTT AGT AAG TCA TTT TTG CAA CTA AAA TCC TCG AAA GAA TGG AGA TAT CCA CAA TTG GCA CAC TAT CCA GGA TAT TCT AAA AAA TTG ACT CAA GGG AAA GCC GAT AAC GAA AAA CCC TAC ATT GGT GGT TGT TCG GAA 



Printing out site pattern counts


         9        729  P

Scer                            AAA AAA AAA AAA AAA AAA AAA AAA AAA AAA AAA AAA AAA AAA AAA AAA AAC AAC AAC AAC AAC AAC AAC AAG AAG AAG AAG AAG AAG AAG AAT AAT AAT AAT AAT ACA ACA ACA ACA ACC ACT ACT ACT ACT AGA AGA AGA AGA AGA AGA AGA AGA AGA AGA AGC AGG AGG AGG AGT AGT AGT AGT ATA ATA ATA ATA ATA ATA ATA ATA ATG ATG ATG ATT ATT ATT ATT ATT CAA CAA CAA CAC CAC CAC CAC CAG CAG CAG CAT CAT CAT CAT CCA CCA CCA CCA CCA CCA CCG CCG CCG CCT CCT CCT CCT CCT CGA CGC CGG CGT CGT CGT CTA CTG CTG CTT GAA GAA GAA GAA GAA GAA GAA GAA GAA GAA GAA GAA GAA GAC GAC GAC GAC GAC GAC GAG GAG GAG GAG GAG GAG GAG GAT GAT GAT GAT GAT GAT GAT GAT GAT GAT GCA GCA GCA GCA GCC GCG GCT GCT GCT GGA GGA GGA GGC GGC GGT GGT GGT GGT GGT GGT GGT GTA GTA GTC GTG GTG GTG GTG GTG GTG GTT GTT GTT GTT GTT TAC TAC TAC TAC TAC TAT TAT TAT TAT TAT TAT TAT TAT TCA TCA TCA TCA TCC TCC TCC TCG TCG TCG TCG TCT TCT TCT TCT TCT TGC TGC TGC TGG TGT TGT TTA TTA TTA TTA TTA TTA TTC TTC TTC TTG TTG TTG TTG TTG TTG TTG TTG TTG TTG TTT TTT 
Sbay                            ... ... ... ... ... ... ... ... ... ... ..G ..G ..G ..G ..G ..G ... ... ... ... ... ..T TCT ... ... ... ... ... ... ... ..C ..C ... GCA GC. ... ... ... ..G ... ..C ... ... ... ... ... ... ... ... ... ..G ..G ..G ..G ... ... ... ... ..C ... .TG GA. ... ... ... ... ... ... ..C ..C ... ... ... ..C ..C ... ... G.. ... ... ... ... ..T ..T T.. ..A ..A ... ..C ... ... ... ... ... ... ..G ..G ..T ..A ..A ... ..A ..G ... ... T.G ... ..T ... .A. ... ... T.G ... T.. ..C ... ... ... ... ... ... ... ..G ..G ..G ..G ..T ..T A.T ... ... ... ..T ..T C.. ..A ..A ..A ..A ..C ... ..C ..C ..C ... ... ... ... ... ... ... ... ..G ..T ..T ... .T. ..C ..C ... ... ..G ..G ... ..T ..A ..C ... ... ... ... ... ..C ..G ..T ..A ... ... ... ... ..T .C. ..C ..C ... ... ... ... ... ... ..T ..C ..C ..C ..C ..C ... ... ... ... ... ... ..G ... ... ..T ..A ... ... ... G.. ..A ... ... ... ..T ..T ..T ... ... ... C.. C.. ... ... ..G ..G ... ... ..T C.A C.. C.. ..A ..A ... ... ... ... ... ..C ... 
Smik                            ... ... ... ... ... ... ... ... ..G ..G ... ... ..G ..G C.G G.. ... ... ... ... ... ... ..T ..A ..A ..A ... ... ... ... ... ... .CA ..A G.G ... ... ..T .AT ..G ... .A. ... ... ... ... ... ... ... ..G ... ... ... ..G .TG ... ... ... ..C ... .AA GAA ... ... ... ..T ..T G.. ... ..C .AC ... ... ... ... ... ... C.. ... ... ... ... ... ... T.. ..A ..A ... ... ... ... ... ... ... ..T ... ... ..T ..A ... ..A ... ... ... ... ... ... ..T ..A ... ... ... T.. T.. T.. ... ... ... ... ... ... ... ... ... ... ..G ..G ... ..T ..T A.. ..T ..T ... TTA A.C ..A ..A ..A ... AGA ..A ..C ... ... ... ... ... ... ... ... ... ..G ... ... ..T ..T .T. ..C ... ... ... ... ... ..T ... ... .CA ... ... ... ... ... ..C ... ... ..T ... ... ... ... ... .C. ..C ... ... ... ... ... ... ... ... ..C ..C ... ... ... ..C ... ... ... ... ..G ... ... ... GAA ... AGA ..A ..A ... ..A ..A ... ... ... ..T ..T ... CCG ... C.. ..G ... ... ..G ..G ... ... ..T ..A ..A ... ... ... C.A C.. G.C ..A ... ..C ... 
Spar                            ... ... ... ... ... ... ... ... ... ... ... ... ... ... ... ... ... ... ... ... ... ..T ..T ..A ... ... ..A ... ... ... ... ... ... .CC ... ... ... ..G ..G ... ... ... ... ... ... ... ... ... ... ... ... ... ... ... G.. ..A ... ... ... ... ... GCC ... ... ... ... ... ... ... ... ... ... ... ... ... ... ... ... ... ... ... ... ..T .G. T.. ..A ..A ... ... ..C ... ... ... ... ... ... ..G ..G ... ... ..A ... ... ... ... ... ... ..T ... ... ..C ... ... T.. ... ... ... ... ... ... ... ... ... ... ..G ... ... ... ..T ... ... ... ..T ..T ... ... ..A ..A ... ... ..C ... ..C ... ... ..C ... ... ... ... ... ... ... ... ... ..T ... T.A ..C ... ... ..G ... ..G ..T ... ..A ..G ... ... ... ... ... ... ..T ... ... ... ... ... ... ... .C. ... ... ... ... ... ... ... ... ... ..C ... ... ... ... ... ... ... ... ... ..G ... ..A ... ... ... ... ... ..T ... ..A ... ... ... ... ..T ..T ... ... ... C.. ... ... ... ... ..G ... ... ... C.T ..A ..A ... ... ... ... ... ... ... ..C ... 
Ncas                            ... ... ... ... ..G ..G ..G ..G ... ..G ... .G. ... ... G.G .CC ..A ... ... ..T ..T ..T TC. ..A ..A ..A ..A ..A ..A ... ..C ... ... G.G TCA ... .GT ... ..G ..T ..A ... ... T.C .AG ... ... ... ... ... ... ... ..G C.T .CT ..A .A. ..A ... ... CAC CCC ... ..C T.T ... ..T ... ..T ... ..C ... ... ..C ..C ..C G.A T.A ... ... .CT ..T ... .GA ..T AGT G.T ..A ... ... ... ... ... ... ... ..T ..T ..T ..T ..T ..A ..C ... ..A ... ..A A.. ..T A.A TCA .A. ... T.G ..T T.A .AA ... ... ... ... ..G ..G ..G ... ... ... ... ..T ... ..T ... ..T ..T ..T TC. C.A A.. ..A ..A ..A C.T ..A ... ... ... ... ..C ..G ... ... ... ... ... ..C T.. ..T ... AAT AG. ... ... ... ..T ... ..T ..T ... .C. A.. ..G ... ... ... ..G ..C ... ..T ..A ..A ..C ... .CT .C. A.C ... ..C ... ... ..T ..T .T. ..T ... ..C ..C ..C ... .TC ... ... ... ..T ..T ..C ..T ..T A.A AGT ..A AG. ..T ... ... ..G ..A ..G .CG ... ..T ... CCG ... C.. ... C.C ..G C.. C.T ... ..T .A. ..A ..T C.. ..A ... ... ... C.C ... ..A .AC ... 
Cgla                            ... ..G ..G ..G ... ..G ..G ..T .TT ..G ..G ..G ..G G.G ... ..G ..G ... ... ... ... ... GCA ... ..A ... ..A ... .G. ... G.. ..C ..C GTA GTC G.. T.. ... ..G ..T ... T.. ... ..C .AG ... ... ... ... .A. ... ..G C.G ..G TCT ..A .A. ..A G.. ... .AA GCC ..T ... ..G ..C ... G.C ..T ..T ... ... GC. ... ... ..C G.C T.G ... ..G .CT ... T.T A.T T.T G.. A.. ... ..C ... ..C ... ... ..G ... ..T ... ... ..T ..T ..A ..A ..A ..A ..A .AC A.. A.A A.. ..G A.A ... T.G ... T.A AAG ... ... ..G ..T ... ..G ..G ... ..G ... ..G ..T ..G ..T ..T ... ... ..T ..T ..A A.A ..A ... ... .G. ... ... ..C ..C C.A ... ..G ..C ... ... ... ..T ..T AGT ..T .AG T.C ... ... ..A ... ..T ..C ..T ..T ..G .CA ... ... ... ... ... ..G ..C ..T ... AAC ... ... C.. ..A .C. ... ..C ..G ... ... ... ..T C.. ... ... ..C ..C ... ... ATG ... ... ... ..T ..C ..T ... ... AGT G.. G.A AG. ..A AG. ..A ... ... A.G .CG ..T GCT ... CCA ... C.. A.. ..G C.T ... C.G ..T ... .AT C.C ..T C.. C.A C.. ... C.. C.. ... ..A ... ... 
Agos                            ..G ..G ..G ..G .GG ..G TC. ..T CGG ..G ..G ... ..G ..G ..G ..G C.G ... ... ... ... ... GCA ... ... ... ... ... C.C ... ..C ..C CGC G.G C.C G.G T.G ..C ..G ..A ..C GT. GA. .A. C.C .AG ... C.T C.T .AG ... ... ... C.C CA. C.. .A. G.A ... TCG ..C GAG ... ..T T.T G.G ..C C.G G.G G.. .AC ... G.. ..A ... ..C TGC CGG ... .GG .CG ... GCT A.A ..T .C. A.C ... .CG ..C ..C ... .TG ..T ... ... ..G ..T ..T ... GG. ..G ..C ..C ..A ATC ..C ... A.. .AG A.A ..C ... ..C ..A GAC ..G ..T ..G ..T ..G ... ..G ..G ..G ..G ..G ... ..G CCT ... ... ... ... ..G ... .CA ... ... ... .CC ... ... ..C ..C ... ... ..C ..G ..C ..C ... ..C ..T AAG ..T ..A AGC T.C ..A .TG ... TCT ..C ..G ..T ..C TCC ..C ... ..A ..C ... ..C ..G ..G A.C A.A A.A ..T TGC .G. ACC ..G ..G ..G TGC ... ... ... ... ... ..C ..C ... ..C ... .TG C.. ..C ... ..G ..G CGG ..G ... A.A AT. AG. G.. ..C ..A ..G ... ... A.A GCG CCA .TT ... GTG ... ..G ..G ..G A.. C.. CC. ... ... ... ..C ..T C.C ... C.. ... .CC C.C C.A C.. ..G ..C 
Klac                            ... ... ... ..G ..T ..G ... ..G ..G ..G ... ... ..G ... ... ... C.A ... ... ... ..T ..T G.G ..A ... ..A ... ... .GA ... ... ..C C.G GGC .CC T.. ... ..T ..G ... ..C GT. .AC .A. ..G ..G ... ... C.T .A. ... ... ... C.. TC. ... .A. G.A ..C GC. CTG .AG ..C ..T T.T ..T ... ... ..C ... .GT T.. GA. ... ..C ... .CG C.C ..G ... .C. ..A ..T .TA T.. GCT ACA ..A ... ..C ... ... ..T ..T ... ..T ... ... ..C ..T ... ..A ... ... ... TAC A.. ..T A.A ACG A.G ... T.G ..T T.A .AG ... ..G ... ..C ... ... ... ..G ... ..G ..G .TT ... ..T ... ..T ..T ..T ..T ..T A.T ..A ..A ..A .CA ..A ... A.A ... A.G ... ..A ... ..A ... ... ..T A.G TGC ..T .AG AGT T.. ..C .G. ... ..C .C. ..T ..A ... .CC A.. ... ..A ... ... ..T C.. ..T A.A A.C ... ... C.C ..T .C. ... ... ... ..G ..T ... ..T ... ... ..C ..C ... ... ... .TC ... ... ... AAC ..G GGG G.G ..T .AT ..T AGT CAT ... ... ..G ..G ... ..G .CA CCT ... ... .TG ..C C.. A.C ... A.T A.. AA. ... ... ... A.A ..C ... C.A ..A ... ..A ..A ... ... ..C ..C 
Calb                            ... ... .CT ... C.C ... TCT TC. G.. ... ... ... ..G G.T ..G ... .TT ... ..T ... ..T ..T G.A ..A ..A ..A ..A ..A ..A ... .G. ... ..C G.. CC. .GT TTG ..T T.T ..A ... ..A ..G ... .A. G.. ... ... ... CA. ... ... .A. C.. TTA C.A ..A .AA TC. TC. .AG .CG ..T ..T .CT ... .GT ... G.T ... ..T TAT .AA G.A ... ..C C.A GAA ... ... A.. AG. ..T TTG TTT ..A GGA ..T TC. .CA ... ... TT. ..T ... ..T ..G T.. ..C G.T ..A ..A ... ... ..A ..A AA. AAG ..A .AA .AA A.A T.G T.T T.. A.. ... ..T ... ..T ... ... ... ... ... ..G ... TCG ... AG. A.T ... ..T ..T CC. ... .TT ..A ..A ..A AGT ..A ..C A.G ... ..A A.. TCA ... C.A ... ... AA. ..G T.T ..C .AA AAT AG. T.A ..A .AT ... ..T ..T CAA A.. .CA ... ... ..A ... ..G ..T A.C ..T AAA AGT TCA ..C ..C T.. .C. .A. ... ... ..A ... ... .TT C.. ... ... ..C ... ... ..C A.C .TG ... ..T ..C CTG GGT AGT A.T ..G .AT AA. CAA ..T G.. ..G G.A ..A A.C GAA CC. .TG ... CCA ... ... G.T AC. ..T CA. ... ... ..T ..T A.T .AT ... ..A ... ... .AT A.T ..A ..A AG. ... 

    3    1    1    3    2    2    1    1    2    1    2    2    1    1    2
    1    1    2    1    3    1    2    3    1    1    1    1    2    1    4
    1    1    1    1    2    1    2    1    2    1    1    1    1    1    2
    1    2    1    1    1    1    1    2    3    2    1    2    1    1    1
    1    2    1    1    2    1    2    4    1    2    2    1    2    1    2
    1    3    2    1    1    1    2    4    1    2    3    2    1    2    2
    1    2    2    1    1    2    3    2    1    1    1    2    1    1    1
    1    2    2    4    2    1    1    3    1    1    1    6    1    1    1
    1    1    1    1    1    1    2    2    1    1    1    2    2    1    3
    3    1    2    3    1    1    1    2    1    2    3    1    1    1    2
    2    1    2    1    1    1    1    1    1    2    1    1    3    1    3
    1    1    1    1    1    2    3    2    1    1    1    1    3    1    3
    3    2    1    1    1    1    4    1    1    2    1    1    1    5    2
    1    3    1    1    2    2    3    2    1    2    4    2    1    1    1
    1    1    1    1    1    1    1    1    1   10    1    2    1    2    2
    1    2    1    2    3    1    1    1    3    1    2    2    1    1    3
    2    1    1

CODONML (in paml version 4.9j, February 2020)  temp.nuc
Model: One dN/dS ratio, 
Codon frequency model: Fequal
ns =   9  ls = 394

Codon usage in sequences
--------------------------------------------------------------------------------------------------------------------------------------
Phe TTT   2   2   2   1   7   5 | Ser TCT   5   8   3   5  14   9 | Tyr TAT  16   5   9  15  11  17 | Cys TGT   3   6   4   5   3   3
    TTC   6   6   6   7   4   3 |     TCC   8   6   6   6   8   9 |     TAC   6  19  15   9  11  10 |     TGC   3   0   1   1   1   0
Leu TTA   9   6  14  11   9   5 |     TCA   8   9  10  10   9   6 | *** TAA   0   0   0   0   0   0 | *** TGA   0   0   0   0   0   0
    TTG  17  16  15  14  12  12 |     TCG   4   5   3   5   3   1 |     TAG   0   0   0   0   0   0 | Trp TGG  10  10  10  10  10  10
--------------------------------------------------------------------------------------------------------------------------------------
Leu CTT   1   0   3   2   2   1 | Pro CCT   6   4   9   6  12   5 | His CAT   7  12   7   9  13   4 | Arg CGT   4   4   6   5   6   1
    CTC   0   1   0   0   3   1 |     CCC   0   0   0   0   4   0 |     CAC   9   4   7   4   5   7 |     CGC   2   0   0   2   0   0
    CTA   3   4   3   4   3   2 |     CCA  11   8  10   7   7  15 | Gln CAA   3   8   8   8   7   4 |     CGA   2   2   6   2   1   0
    CTG   2   5   1   1   3  12 |     CCG   3   7   2   7   1   1 |     CAG   6   4   3   1   0   2 |     CGG   4   4   0   4   0   4
--------------------------------------------------------------------------------------------------------------------------------------
Ile ATT   9   4  10   9   3   9 | Thr ACT   4   3   4   4   5   3 | Asn AAT   6   4   8  10   9   2 | Ser AGT   5   1   1   3  10   5
    ATC   0   6   2   0   8   2 |     ACC   1   2   0   2   1   1 |     AAC  13  10  16   8   4  14 |     AGC   2   3   1   0   0   0
    ATA  14  11   5  14   8   5 |     ACA   6   4   4   3   5   1 | Lys AAA  26  17  23  28  22  12 | Arg AGA  15   8  13  16  18  13
Met ATG   5   6   5   5   3   6 |     ACG   0   2   1   3   2   3 |     AAG  11  20  13   9  16  31 |     AGG   4  11   8   3   3  10
--------------------------------------------------------------------------------------------------------------------------------------
Val GTT   8  10   7   8   6   6 | Ala GCT   4   7   6   5   8   9 | Asp GAT  16  20  20  15  24  18 | Gly GGT  11  10  13  12  15  17
    GTC   1   3   4   1   6  11 |     GCC   1   4   1   4   2   2 |     GAC  10  11   3  13   2   8 |     GGC   4   4   1   3   0   1
    GTA   2   1   5   1   7   3 |     GCA   5   3   3   4   2   7 | Glu GAA  20  19  28  21  22  15 |     GGA   5   2   5   4   2   1
    GTG  13  12  13  13   4   7 |     GCG   1   1   2   0   0   3 |     GAG  12   6   6   9   7  18 |     GGG   0   4   0   3   1   2
--------------------------------------------------------------------------------------------------------------------------------------

--------------------------------------------------------------------------------------
Phe TTT   4   2  11 | Ser TCT   5   8  11 | Tyr TAT   5  14  10 | Cys TGT   2   0   2
    TTC   8  10   2 |     TCC   8   2   3 |     TAC  15  12  11 |     TGC  10   4   0
Leu TTA   0   7  12 |     TCA   4   4   8 | *** TAA   0   0   0 | *** TGA   0   0   0
    TTG  10  15  18 |     TCG  11   6   5 |     TAG   0   0   0 | Trp TGG  10  10  10
--------------------------------------------------------------------------------------
Leu CTT   0   1   0 | Pro CCT   5  10   7 | His CAT   5  10   8 | Arg CGT   2   4   0
    CTC   5   5   0 |     CCC   2   1   5 |     CAC  10   2   3 |     CGC  11   0   0
    CTA   9   4   3 |     CCA   6   9   9 | Gln CAA   1   5  15 |     CGA   0   3   8
    CTG  10   1   2 |     CCG  12   1   3 |     CAG   4   3   0 |     CGG   7   0   0
--------------------------------------------------------------------------------------
Ile ATT   3   5  10 | Thr ACT   0   1  10 | Asn AAT   2   8   8 | Ser AGT   1   5  13
    ATC   5   9   2 |     ACC   3   4   1 |     AAC  15  11   7 |     AGC   2   1   3
    ATA   7  12   7 |     ACA   4   4   4 | Lys AAA   3  19  35 | Arg AGA   7  14   9
Met ATG   2   0   0 |     ACG   2   8   3 |     AAG  33  25  12 |     AGG   7   5   0
--------------------------------------------------------------------------------------
Val GTT   4  10   8 | Ala GCT   6   8   3 | Asp GAT  10  21  15 | Gly GGT   4  11  10
    GTC   1   0   6 |     GCC   3   3   1 |     GAC  15   2   4 |     GGC   6   4   0
    GTA   2   0   5 |     GCA   7   2   3 | Glu GAA   3  22  34 |     GGA   4   5   8
    GTG  11   8   0 |     GCG   3   2   1 |     GAG  32  11   4 |     GGG   6   1   2
--------------------------------------------------------------------------------------

Codon position x base (3x4) table for each sequence.

#1: Scer           
position  1:    T:0.24619    C:0.15990    A:0.30711    G:0.28680
position  2:    T:0.23350    C:0.17005    A:0.40863    G:0.18782
position  3:    T:0.27157    C:0.16751    A:0.32741    G:0.23350
Average         T:0.25042    C:0.16582    A:0.34772    G:0.23604

#2: Sbay           
position  1:    T:0.24873    C:0.17005    A:0.28426    G:0.29695
position  2:    T:0.23604    C:0.18528    A:0.40355    G:0.17513
position  3:    T:0.25381    C:0.20051    A:0.25888    G:0.28680
Average         T:0.24619    C:0.18528    A:0.31557    G:0.25296

#3: Smik           
position  1:    T:0.24873    C:0.16497    A:0.28934    G:0.29695
position  2:    T:0.24112    C:0.16244    A:0.42132    G:0.17513
position  3:    T:0.28426    C:0.15990    A:0.34772    G:0.20812
Average         T:0.25804    C:0.16244    A:0.35279    G:0.22673

#4: Spar           
position  1:    T:0.25127    C:0.15736    A:0.29695    G:0.29442
position  2:    T:0.23096    C:0.18020    A:0.40355    G:0.18528
position  3:    T:0.28934    C:0.15228    A:0.33756    G:0.22081
Average         T:0.25719    C:0.16328    A:0.34602    G:0.23350

#5: Ncas           
position  1:    T:0.25888    C:0.17005    A:0.29695    G:0.27411
position  2:    T:0.22335    C:0.21066    A:0.38832    G:0.17766
position  3:    T:0.37563    C:0.14975    A:0.30964    G:0.16497
Average         T:0.28596    C:0.17682    A:0.33164    G:0.20558

#6: Cgla           
position  1:    T:0.22843    C:0.14975    A:0.29695    G:0.32487
position  2:    T:0.22843    C:0.19036    A:0.41117    G:0.17005
position  3:    T:0.28934    C:0.17513    A:0.22589    G:0.30964
Average         T:0.24873    C:0.17174    A:0.31134    G:0.26819

#7: Agos           
position  1:    T:0.23350    C:0.22589    A:0.24365    G:0.29695
position  2:    T:0.20558    C:0.20558    A:0.38832    G:0.20051
position  3:    T:0.14721    C:0.30203    A:0.14467    G:0.40609
Average         T:0.19543    C:0.24450    A:0.25888    G:0.30118

#8: Klac           
position  1:    T:0.23858    C:0.14975    A:0.33249    G:0.27919
position  2:    T:0.22589    C:0.18528    A:0.41878    G:0.17005
position  3:    T:0.29949    C:0.17766    A:0.27919    G:0.24365
Average         T:0.25465    C:0.17090    A:0.34349    G:0.23096

#9: Calb           
position  1:    T:0.26142    C:0.15990    A:0.31472    G:0.26396
position  2:    T:0.21827    C:0.19543    A:0.42132    G:0.16497
position  3:    T:0.31980    C:0.12183    A:0.40609    G:0.15228
Average         T:0.26650    C:0.15905    A:0.38071    G:0.19374

Sums of codon usage counts
------------------------------------------------------------------------------
Phe F TTT      36 | Ser S TCT      68 | Tyr Y TAT     102 | Cys C TGT      28
      TTC      52 |       TCC      56 |       TAC     108 |       TGC      20
Leu L TTA      73 |       TCA      68 | *** * TAA       0 | *** * TGA       0
      TTG     129 |       TCG      43 |       TAG       0 | Trp W TGG      90
------------------------------------------------------------------------------
Leu L CTT      10 | Pro P CCT      64 | His H CAT      75 | Arg R CGT      32
      CTC      15 |       CCC      12 |       CAC      51 |       CGC      15
      CTA      35 |       CCA      82 | Gln Q CAA      59 |       CGA      24
      CTG      37 |       CCG      37 |       CAG      23 |       CGG      23
------------------------------------------------------------------------------
Ile I ATT      62 | Thr T ACT      34 | Asn N AAT      57 | Ser S AGT      44
      ATC      34 |       ACC      15 |       AAC      98 |       AGC      12
      ATA      83 |       ACA      35 | Lys K AAA     185 | Arg R AGA     113
Met M ATG      32 |       ACG      24 |       AAG     170 |       AGG      51
------------------------------------------------------------------------------
Val V GTT      67 | Ala A GCT      56 | Asp D GAT     159 | Gly G GGT     103
      GTC      33 |       GCC      21 |       GAC      68 |       GGC      23
      GTA      26 |       GCA      36 | Glu E GAA     184 |       GGA      36
      GTG      81 |       GCG      13 |       GAG     105 |       GGG      19
------------------------------------------------------------------------------


Codon position x base (3x4) table, overall

position  1:    T:0.24619    C:0.16751    A:0.29583    G:0.29047
position  2:    T:0.22702    C:0.18725    A:0.40722    G:0.17851
position  3:    T:0.28116    C:0.17851    A:0.29301    G:0.24732
Average         T:0.25146    C:0.17776    A:0.33202    G:0.23877

Codon frequencies under model, for use in evolver (TTT TTC TTA TTG ... GGG):
  0.01639344  0.01639344  0.01639344  0.01639344
  0.01639344  0.01639344  0.01639344  0.01639344
  0.01639344  0.01639344  0.00000000  0.00000000
  0.01639344  0.01639344  0.00000000  0.01639344
  0.01639344  0.01639344  0.01639344  0.01639344
  0.01639344  0.01639344  0.01639344  0.01639344
  0.01639344  0.01639344  0.01639344  0.01639344
  0.01639344  0.01639344  0.01639344  0.01639344
  0.01639344  0.01639344  0.01639344  0.01639344
  0.01639344  0.01639344  0.01639344  0.01639344
  0.01639344  0.01639344  0.01639344  0.01639344
  0.01639344  0.01639344  0.01639344  0.01639344
  0.01639344  0.01639344  0.01639344  0.01639344
  0.01639344  0.01639344  0.01639344  0.01639344
  0.01639344  0.01639344  0.01639344  0.01639344
  0.01639344  0.01639344  0.01639344  0.01639344


TREE #  1:  (((((1, 4), (3, 2)), 5), 6), ((7, 8), 9));   MP score: 1336
This is a rooted tree.  Please check!
lnL(ntime: 16  np: 18):  -7579.255310      +0.000000
  10..11   11..12   12..13   13..14   14..1    14..4    13..15   15..3    15..2    12..5    11..6    10..16   16..17   17..7    17..8    16..9  
 0.074970 0.209206 0.491426 0.144541 0.176360 0.108434 0.009531 0.434321 0.373558 0.838364 0.739612 0.066208 0.273298 1.809555 0.741072 2.241706 1.548534 0.108414

Note: Branch length is defined as number of nucleotide substitutions per codon (not per neucleotide site).

tree length =  8.732162

(((((1: 0.176360, 4: 0.108434): 0.144541, (3: 0.434321, 2: 0.373558): 0.009531): 0.491426, 5: 0.838364): 0.209206, 6: 0.739612): 0.074970, ((7: 1.809555, 8: 0.741072): 0.273298, 9: 2.241706): 0.066208);

(((((Scer: 0.176360, Spar: 0.108434): 0.144541, (Smik: 0.434321, Sbay: 0.373558): 0.009531): 0.491426, Ncas: 0.838364): 0.209206, Cgla: 0.739612): 0.074970, ((Agos: 1.809555, Klac: 0.741072): 0.273298, Calb: 2.241706): 0.066208);

Detailed output identifying parameters

kappa (ts/tv) =  1.54853

omega (dN/dS) =  0.10841

dN & dS for each branch

 branch          t       N       S   dN/dS      dN      dS  N*dN  S*dS

  10..11     0.075   863.6   318.4  0.1084  0.0078  0.0717   6.7  22.8
  11..12     0.209   863.6   318.4  0.1084  0.0217  0.2000  18.7  63.7
  12..13     0.491   863.6   318.4  0.1084  0.0509  0.4699  44.0 149.6
  13..14     0.145   863.6   318.4  0.1084  0.0150  0.1382  12.9  44.0
  14..1      0.176   863.6   318.4  0.1084  0.0183  0.1686  15.8  53.7
  14..4      0.108   863.6   318.4  0.1084  0.0112  0.1037   9.7  33.0
  13..15     0.010   863.6   318.4  0.1084  0.0010  0.0091   0.9   2.9
  15..3      0.434   863.6   318.4  0.1084  0.0450  0.4153  38.9 132.2
  15..2      0.374   863.6   318.4  0.1084  0.0387  0.3572  33.4 113.7
  12..5      0.838   863.6   318.4  0.1084  0.0869  0.8016  75.1 255.3
  11..6      0.740   863.6   318.4  0.1084  0.0767  0.7072  66.2 225.2
  10..16     0.066   863.6   318.4  0.1084  0.0069  0.0633   5.9  20.2
  16..17     0.273   863.6   318.4  0.1084  0.0283  0.2613  24.5  83.2
  17..7      1.810   863.6   318.4  0.1084  0.1876  1.7303 162.0 551.0
  17..8      0.741   863.6   318.4  0.1084  0.0768  0.7086  66.3 225.6
  16..9      2.242   863.6   318.4  0.1084  0.2324  2.1435 200.7 682.6

tree length for dN:       0.9052
tree length for dS:       8.3495


Time used:  0:06
