      9    645

Scer                            ATT GAA TTC ACC CCA CGT GAT CAA GAT AGA GAC AAG ATC AAG AAA TTC TTA AAA TCT TTG CAT TGG AAG TGG ACC TTG GAA AGA TAT AGA CTA GAA CAA ACG GAA TAT ATT CGT TTA TAT AAG CAT CGT ATC CGT GAC TCG CTG AAG GAC GAA GGT GAT TTC GTT TCT CAT GTG GAT TAC GTT TGG GAT GAA CAA TTC GTC GCA TAT GAA GAC AAG AAG ATT TCC GAA AGA AGG CCA GAC TCC ATG GAT AAA TTA TTG GTC TTA CGT AGA AAG AGA CCA TTG GAT AAA GAA CAT CCA AAG GAA AGA ATC GAC GAC ACG ATC GCC CAT AGA ATT AGT GTT GAT TTG AGA GAT AAA CGT TCC AAA CGT CGT AAG CGT TCG ATC TTC CAA GAA TTG AAG GAT GTT CCA CGT CAA GTC CTT AAG TAT CGT GAT CCA AAG GTG GCT TTG CGT TCC CAT AGT AAG AGA ATT GCC CAT AAA CTT GGT CTT GCT ACT TCC AAG GCC AAA AGA CAA CGT AGA GAA TCT TAT ATC GAC TCC GAA AGA TCT AAT TCC ACC GTT AAG GAA CCA GAC CGT ATT TAC TCT GTG GTT CCA GAA ATC GAC CCA AAG AAG CAG TTC GTA AAA AAA GTG GAT AGA CAT GTC AAG GTT GTT AAA 
Sbay                            ACT GAA TTC GCC CCA CGT GAC CAG GAC AAA GAT AAG ATC AAG AAA TTC TTG AAA TCC TTG CAC TGG GAT TGG GCC TTG GAG AGA TAT AGA CTA GAA CAG ACA GAA TAT ATT CGT TTA TAC AAG CAC CGT ATT CGT GAC TCG TTG AAA GAT GAA GGT GAT TTT GTT TCT CAT GTG GAT TAC GTC TGG GAC GAG CAA TTT GTC GCA TAC GAA GAT AAA AAG ATT TCA GAA AGA AGA CCA GAC TCC ATG GAC AAA TTG CTG GTC TTG CGT AGA AAA AGA CCA CTG GAC AAA GAA CAT CCG AAA GAA AAA GTA GAT GAT ACA ATT GCC CAC AGA CAC AGT GTC GAC CTG AGA GAC AAA CGT TCA AAA CGT CGT AAG CGT TCG ATC TTC CAG GAA TTG AAG GAC GTT CCA CGT CAG GTC CTG AAA TAT CGT GAC CCA AAA GTG GCC CTG CGT TCT CAC AGT AAA AGA ATT GCC CAT GAA CTG GGG TTG GCC GCT TCC AAG GCC AAA AGA CAA CGT AGA GAA TCT TAT ATT GAC TCC GAA AGA TCC AAT TCT GCC GTT AAG GAA CCA GAT CGT CAC TAC TCC GTG GTT CCG GAA ATC GAT CCA AAA AAG CAG TTC GTA AAA AAA GTG GAC AAA CAC GTC AAG GTC GTC GAA 
Smik                            GTT GAA AAT ACC CCA CGT GAT CAA GAT AGG GAC AAG ATA AAG AAA TTC TTA AAA TCT TTG CAT TGG AAG TGG ACC TTG GAA AGG TAT AGA CTA GAA CAA ACA GAA TAT ATT CGC CTA TAT AAG CAT CGG ATT CGT GAT TCA TTG AAG GAT GAA GGT GAT TTC GTT TCT CAT GTA GAT TAC GTC TGG GAT GAA CAA TTC GTT GCG TAC GAA GAC AAG AAA ATT TCT GAA AGA AGA CCA GAC TCC ATG GAT AAA TTA TTG GTT TTA CGG AGG AAG AGG CCA TTG GAT AAA GAA CAT CCA AAG GAA AGG GTC GAC GAC ACA ATT GCC CAT AGA ATT AGT GTC GAT TTG AGG GAT AAA CGT TCT AAA CGC CGT AAG CGC TCA ATA TTC CAA GAA TTG AAG GAT GTT CCA CGG CAA GTC CTT AAG TAT CGT GAT CCA AAA GTG GCT TTG CGG TCT CAT AGT AAG AGG ATT GCC CAT GAG CTT GGT CTA GCT ACC TCC AAG GCC AAA AGG CAA CGT AGG GAA TCT TAT ATT GAC TCC GAA AGA TCT AAT TCT ACC GTT AAG GAA CCA GAC CGT ATT TAC TCT GTG GTT CCA GAA ATA GAT CCA AAA AAA CAG TTC GTA AAA AAA GTA GAC AGG CAT GTT AAG GTT GTT GAG 
Spar                            ATC GAA AAT ACC CCA CGT GAT CAA GAT AGG GAC AAG ATC AAG AAA TTC TTA AAA TCT TTG CAT TGG AAG TGG ACC TTG CAC AGG TAT AGA CTA GAA CAA ACG AAC TAT ATT CGC TTA TAT AAG CAT CGT ATT CGT GAT TCG TTG AAG GAC GAA GGT GAT TTC GTT TCT CAT GTG GAT TAC GTT TGG GAT GAA CAA TTC GTA GCA TAC GAA GAC AAG AAG ATT TCT GAA AGA AGA CCA GAA TCC ATG GAT AAA TTA TTG GTA TTA CGT AGG AAG AGG CCA TTG GAT AAA GAA CAT CCA AAG GAA AGG GTC GAC GAC ACG ATT GCC CAT AGA ATC AGT GTT GAT TTG AGG GAT AAA CGT TCT AAA CGC CGT AAG CGC TCG ATC TTC CAA GAA TTG AAG GAT GTT CCA CGT CAA GTC CTT AAG TAT CGT GAT CCA AAG GTG GCT TTG CGT TCT CAT AGT AAG AGG ATT GCC CAT GAA CTT GGT CTT GCT ACC TCC AAG GCC AAA AGG CAA CGT AGG GAA TCT TAC ATT GAC TCC GAA AGA TCT AAT TCT ACC GTT AAG GAA CCA GAC CGT ATC TAC TCT GTG GTT CCA GAA ATC GAC CCA AAG AAG CAG TTC GTA AAA AAA GTG GAC AGG CAT GTA AAG GTT GTT GAA 
Ncas                            GTC GAT TTT GCT CCA CGT GAG CAA GAT CAT GAT AAG ATT AAA AAA TTT ATG AAA TCT TTG CAT TGG AAG TGG GCT TTG GAA AGA GTT AGA TTA GAT CAA ACT GAC GTT ATA CGA TTA TAT AAA CAT CGT ATT CGT GAT TCA TTG AAA GAT GAT GGT GAT CAT GTC TCT CAT GTA GAA TAT GTA TGG GAG GAG CAA CAT GAA GCA TAT GAA GAT AAA AAA ATA TCT GAA AGA AGA CCA GGT TCG ATG GAG AAA TTG CTT GAA TTG CGT AGA ACT AGA CCA CTT GAT AAA GAA TCC CCA AAA GAA CAT AAC GAG GAG ACT ATT GCC CAT AGA CAC AGC GTA GAT CTT AGA GAT AAA AGA TCT AAA CGA CGT AAA CGA TCA ATT TTT CAA GAA TTG AAG GAT GTG CCA CGT CAA GTA TTG ACT TAT AGA GAG CCA AAA ATT GCC CTT CGT TCT CAT AGC AAA AGA ATT GCC TCC GAA TTG GGG TTG GCC ACG TCG AAG GCC AAA AGA CAA AGA AGA GAT TCT TTC ATT GAT TCG GAA AGA TCC AAC TCT GCT GTG AAG GAA CCA GAT CGT CAC TAC TCC GTC GTG CCA GAA ATT GAT CCA AAA AAA CAA TTT GTG AAA AAA GTA GAT CAT CAT GAA AAA GTG GTG GAA 
Cgla                            GTC GAA TTT GCC CCA AGG GAG CAG GAT TAC GAC AAG ATT AAG AAG TTC CTA AAA GCT TTG CAC TGG AGG TGG GCC TTG GAA AGA ATT AGA CTA GAA CAA ACC GAT ATT ATC AGA CTA TAT AAG CAC CGA ATT AGG GAT TCT TTG AAG GAT GAA GGA GAC CAC GTG TCT CAT GTA GAG TAC GTT TGG GAG GAG CAG CAC AAG GCT TAC GAA GAC AAG AAA ATC TCC GAA AGA AGA CCT AGT AGC ATG GAG AAA TTA ATC AAG TTA CGA AGA AAA AGA CCT ATC GAT AAG GAG ACC CCA AAG GAG TAC GCT GAG GAG ACC ATT GCA CAC AGA ATT AGT GTT GAT ATC AGA GAT AAG AGG TCC AAG AGA CGT AAG AGA TCT ATT TTC CAG GAG TTG AAA GAT GTA CCA CGA CAG GTC CTC AAA TAC AGG GAG CCA ACG ATA GCT ATC CGA TCT CAC AGT AAG AGA ATT GCA ACC GAT CTC GGT CAG GCT GCT AGC AAG GCA AAA AGA CAG AGG AGA GAA TCG TAT ATT GAT AGC GAG AGA TCT AAT TCT GCC GTA AAA GAA CCA GAC CGT ATT CAC TCC GTA GTA CCA GAA ATT GAT CCA ACG AAA CAA TTC GTT AAG AAA GTA GAC TAC CAC AAG AAG GTT GTT GAT 
Agos                            GTG GAG TTT GCG CCA CGA GAC CAG GAC CGC GAC AAC GTT TTA AAG TTC ATG AAA CCA TTG CAC TGG AAA TGG GCG TTG GAG CGG GTT CGG CTT GAG CAG ACG GAC GTT ATT CGC TTG TTT AAG CAT AGG ATC CGA GAT GTG TTG AAA GAC GAG GGA GAC GTA GTT TCC CAC GCG GAA TAC GTC TGG GAC GCT CAG GTA GAG GCT TAC GAG GAC AAA AAG ATT TCC GAG AGA AGA CCG GAT TCG ATC GAC AAG CTT GTT GAG CTT AGG CGG AGT CGG CCG GTT GAC AAG GAA TCC CCT AAA GAA CGC CCT GAA GAA ACG ATT GCG CAC CGG CAC AAC GTC GAC GTT CGG GAC AAG CGC TCC AAG CGC CGC AAG CGC GTG GTT TTC CAG GAA TTG AAG GAC GTG CCA AGG CAG GTC CTC AGT TAC CGC GAC CCG AAG ATA GCG GTT AGG TCC CAC AAC AAA CGG ATT GCG TCC CAG CTC GGG CAG GCG GCT TCG AAC GCG AAG CGG CAG CGC CGG GAG TCG TAC ATC AAT TCG GAA CGG AGC AAC TCC GCG GTG AAG GAG CCA GAC CGC CAC TGG TCG GTC GTG CCT GAG GTT GAC CCA AAG AAG CAC TTC GTT AAG AAG GCG GAC CGC CAT GAG TTA GTT GTT CAG 
Klac                            GCA GAT AAT ACC CCA CGT GAG CAA GAT CAT GAT AAT GTC AAG AAA TTC ATG AAA CCT TTG CAC TGG GAA TGG ACC TTG GAG CGC GAA AGA TTA GAT CAG ACT GAC GAA ATT CGT CTA TAC AAA CAC CGT ATC CGT GAT GTG TTG AAA GAT GAT GGT GAT ATG GTT TCT CAC ACA GAA TAC GTA TGG GAG AAG CAA ATG GAA TCG TAC GAA GAT AAA AAG ATT TCT GAA AGA AGA CCT GAT AGC ATG GAG AAA CTT GTG GAA CTT CGT CGC AAG CGC CCT GTG GAT AAA GAA ACA CCA AAA GAA CAT GTT GAT GAT ACT ATT GCA CAC AGA ATT AAC GTA GAT GTG CGC GAT AAG AGA TCT AAA CGT CGT AAA CGT GTG GTC TTC CAA GAA TTG AAG GAT GTG CCA CGT CAA GTG TTG AAG TAT AGA GAG CCT CGC GTA GCG GTG CGT TCT CAC AAC AAA CGC ATT GCA ACA GAC TTG GGT CAA GCG GCA AGC AAT GCA AAA CGC CAA AGA CGC GAT TCC TAT ATC GAT AGC GAA AGA TCT AAC TCT ACC GTG AAG GAA CCA GAT CGT ATT TGG TCA GTT GTG CCA GAA GTC GAT CCA CGC AAG CAG TTC GTA AAG AAA ACA GAC CAT CAC GAA AAG GTC GTC GAC 
Calb                            CGT GAA TCT GCT CCA AGA GAA TAC GCT AGA GAT AAT ATT AAA AAA TTT ATT AAG ACT TTG CAC TAC GAA TAC GCT TTG GAA AGA GAA AGA TTA GAA CAG ACC GAA GAA ATT CAA TTA AAT AAA CAT AGA ATT AGA GAT GTG TTG AAG GAT GAA GGG ACA TAT GTT TCT CAT GTA AGA TAT ATC TGG GAA GAA CTA TAT GAA GCT TAT GAA GAT AAG AAG ATT AGC GAA TAC AGA ATG GAT AAT ATG GAA AAG ATT GAT GAA ATT AGA AGA GAT AGA ATG GAT GCT AAA GAG AAT CCA AAG GAG AGA CCA GAG GAG ACC ATC TCA CAC AGA ATT AAT ATC GCT GAT AGA GCT ACA AAA AGC AAA CAA CGT AAA CAA GTG ATT TTT TAC GAG TTG AGG GAA GTA CCA AGA TAC GTC TTA GAT TAT AAA GAA CCT AAC ATC GCT GAT AGA TCT CAC AAT AAG AGA ATC TCA AAT GAT TTA GGA CAG GCT GCA AAT AAT TCA AAG AGA CTA AAA AGA GAA TCA TAT ATT ACT AAT GAG AGA AGT AAT TCT GCT GTA AGG GAA CCA GAT CGT ATT GAC TCT ATC GTA CCA GAA ATT GAT CCA AAC AAG CAT TTT GTA ACA AAG GTA GAC AGA CAT GAA AAA GTC GTC GAT 



Printing out site pattern counts


         9        339  P

Scer                            AAA AAA AAA AAA AAA AAG AAG AAG AAG AAG AAG AAG AAG AAG AAT ACC ACG ACT AGA AGA AGA AGA AGG AGT ATC ATC ATC ATC ATG ATT ATT ATT ATT CAA CAA CAA CAG CAT CAT CAT CAT CCA CCA CCA CCA CGT CGT CGT CGT CGT CTA CTG CTT CTT GAA GAA GAA GAA GAA GAA GAC GAC GAC GAC GAC GAC GAT GAT GAT GAT GAT GAT GCA GCC GCT GGT GGT GTA GTC GTC GTG GTG GTG GTT GTT GTT GTT TAC TAC TAT TAT TAT TAT TAT TCC TCC TCC TCG TCT TCT TCT TCT TCT TGG TGG TTA TTA TTA TTC TTC TTC TTG TTG 
Sbay                            ... ... ... ... G.. ..A ..A ..A ... ... ... ... ... G.T ... G.. ..A G.. .A. ... ... ... ..A ... ... ..T ..T G.A ... .C. ... ... CAC ... ..G ..G ... ..C ..C ... ... ... ... ... ..G ... ... ... ... ... ... T.. ..G T.G ... ... ... ... ..G ..G ... ... ... ..T ..T ..T ..C ..C ..C ..C ... ... ... ... ..C ..G ... ... ... ... ... ... ... ..C ..C ... ... ... ... ..C ..C ... ... ... ..A ... ..T ... ..C ..C ..C ... ... ... ... ... ..G ..G ... ... ..T C.. ... 
Smik                            ... ... ... ... G.G ..A ... ... ..A ... ... ... ... ... ... ... ..A ..C ..G ... ... ..G ..A ... ..A ..T ..T G.. ... G.. ... ... ... ... ... ... ... ... ... ... ... ... ... ... ... ..C ..G ... ... ... ... T.. ... ..A ... ... ... ... ... ... ... ... ..T ... ... ..T ..C ... ... ... ... ... ..G ... ... ... ... ... ... ..T ..A ... ... ..C ... ... ... ... ... ..C ... ... ... ... ..T ... ..T ..A ... ... ... ... ... ... ... C.. ... ... AAT ... ... ... ... 
Spar                            ... ... ... ... G.. ... ... ... ... ... ... ... ... ... ... ... ... ..C ..G ... ... ..G ..A ... ... ..T ..T G.. ... ..C ... ... ..C ... ... ... ... ... ... ... ... ... ... ... ... ..C ... ... ... ... ... T.. ... ... A.C ... ... ... C.C ... ..A ... ..T ... ... ... ..C ... ... ... ... ... ... ... ... ... ... ... ... ..A ... ... ... ... ... ... ... ... ... ..C ... ..C ... ... ..T ... ..T ... ... ... ... ... ... ... ... ... ... ... AAT ... ... ... ... 
Ncas                            ... ... ... ... G.. ..A ..A .CT ..A ..A ..A ... ... ... ..C G.T ..T ..G CAT ... ... ... ..A ..C ..T ..T ..T .A. ... G.C ..A ... CAC ... ... ... ..A ... ... ... TCC ... ... ... ... ..A ... A.A ... ... T.. T.. T.G T.G ..C ... ... ..T ... ..G .GT ..T ..T ..G ..T ..T ... ..G ... ... ..A ... ... ... ..C ..G ... ..G ..A .AA ..A A.T ..C ..A ..G ..C ..G ... ..T ... ... .TC GT. ... ..T ..G ..T ..A ..C ..C ... ... ... ... ... ... A.G ..G ..T ..T CAT C.T ... 
Cgla                            ... ... ..G ..G G.T .C. ... ..A ..A ... ... ..A ... .G. ... G.. ..C G.. TAC ... ... ... ..A ... ..T ..T ..T GCT ... G.C ..C ... ... ..G ... ..G ..A ..C ..C ... ACC ... ... ..T ... A.A ..A A.G A.G ... ... T.. ..C .AG ..T ... ..G ... ... ..G AGT ..T ..T ..G ... ..T ..C ..G ... ... ..G ..C ..T ..A ... ... ..A ..T ... AAG ..A A.A ..A ... ... ..G ..A C.. ... ..C ... ... AT. ..C ... AG. ..T ..T ..C ... G.. ..G ... ... ... C.. C.. ... ..T ... CA. A.C ... 
Agos                            ... ..G ..G ..G C.G ... ..A .GT ... ... TTA ... ..C ..A ..C G.G ... G.. C.C ... C.G C.G ..A .AC G.T ... ..T CCT ..C G.G ... ... CAC ..G ..G ..G ..C ..C ... ..C TCC ... ..G ..G ..T ..C A.G ..C ..A ..C ..T T.. ..C .AG ..C ..G ... ..G ..G .CT ..T A.T ..T ..A ... ... ..C ..C ..C ..C ..A ..C ..T ..G ..G ..G ..A ..T ... .AG .C. A.A ..C ..C ... ... ..G .GG ... ..C .T. ..C GT. ..C ... ..G ... GT. ..G AGC C.A ..G ..C ... ... ..G A.G C.T ..T ... G.A G.T ... 
Klac                            ... ... ... ..G G.C CGC ..A ... ... ..A ... ... ..T G.A ..C ... ..T G.A CAT ... ... C.C ..A .AC G.. ... ..T G.T ... GCA ... ... ... ... ..G ... ... ..C ..C ..C ACA ... ..T ..T ... ... ... A.A ... ... T.. T.. T.G .AA ..C ... ... ..T ..G A.G ..T ..T ..T ..T ..T ..T ..C ..G ... ... ..A ... T.G ..A ..G ... ... ... ..G .AA ACA ..A ..T ..A ..C ... ..G .GG ... ..C ..C ... G.A ... ..T AG. ..T GT. ..A ... C.. ..C ... ... ... C.. A.G C.T AAT ... A.G G.. ... 
Calb                            ..G ..G ... .C. G.T ..C ... G.T ... ..A ..A .G. ..T G.A ... G.T ..C G.A ... TAC ... ... ..A .A. ..T ..T ... CCA ... CG. ... ..C ... .T. ..G T.C ..T ..C ... ... A.. ... ..T ATG ... .AA A.A AAA A.A ... T.. T.. T.A .AG ... ... ..G ... ... ... ..T ACT ..T ..G ..T ..T ..C ..A ..A .C. AGA ACA ..T T.A ... ..A ..G ... ... .AA ..A A.C A.C A.C ..C ... ..A G.. ..T ... A.. ... G.A ... AG. AAT ..T GT. ... AG. A.. ..A ... .AC ... ... A.T A.T .CT ..T .AT GAT ... 

    1    3    3    2    2    2    4    2    2    2    2    2    2    1    1
    3    2    1    3    1    3    7    1    2    3    2    1    1    1    1
    2    1    2    2    1    3    1    3    2    1    2    4    1    2    2
    3    4    3    2    2    1    1    2    1    1    4    4    4    1    1
    1    1    1    2    3    2    1    4    1    4    1    1    1    3    2
    1    1    1    1    3    2    1    1    2    2    1    3    1    1    1
    1    1    2    1    2    3    2    2    1    1    1    1    1    2    1
    1    1    2    1    3    2    4    3

CODONML (in paml version 4.9j, February 2020)  temp.nuc
Model: One dN/dS ratio, 
Codon frequency model: Fequal
ns =   9  ls = 215

Codon usage in sequences
--------------------------------------------------------------------------------------------------------------------------------------
Phe TTT   0   2   0   0   4   1 | Ser TCT   5   4   9   9   7   6 | Tyr TAT   6   4   5   4   4   2 | Cys TGT   0   0   0   0   0   0
    TTC   6   4   5   5   1   3 |     TCC   7   6   3   3   4   3 |     TAC   2   4   3   4   1   6 |     TGC   0   0   0   0   0   0
Leu TTA   4   1   3   4   2   2 |     TCA   0   2   2   0   2   0 | *** TAA   0   0   0   0   0   0 | *** TGA   0   0   0   0   0   0
    TTG   7   8   8   8   9   4 |     TCG   2   2   0   2   3   1 |     TAG   0   0   0   0   0   0 | Trp TGG   3   3   3   3   3   3
--------------------------------------------------------------------------------------------------------------------------------------
Leu CTT   3   0   2   3   4   0 | Pro CCT   0   0   0   0   0   2 | His CAT   8   3   8   8  11   1 | Arg CGT  14  14   7  11   8   2
    CTC   0   0   0   0   0   2 |     CCC   0   0   0   0   0   0 |     CAC   0   7   0   1   2   8 |     CGC   0   0   3   3   0   0
    CTA   1   1   3   1   0   3 |     CCA   9   7   9   9   9   7 | Gln CAA   6   2   6   6   7   2 |     CGA   0   0   0   0   3   4
    CTG   1   6   0   0   0   0 |     CCG   0   2   0   0   0   0 |     CAG   1   5   1   1   0   6 |     CGG   0   0   4   0   0   0
--------------------------------------------------------------------------------------------------------------------------------------
Ile ATT   6   6   8   6   8  11 | Thr ACT   1   1   0   0   4   0 | Asn AAT   1   1   2   2   0   1 | Ser AGT   2   2   2   2   0   3
    ATC   7   3   0   6   0   6 |     ACC   3   0   4   4   0   4 |     AAC   0   0   0   1   2   0 |     AGC   0   0   0   0   2   3
    ATA   0   0   3   0   2   1 |     ACA   0   2   2   0   0   0 | Lys AAA  11  20  13   9  21  10 | Arg AGA  14  12   5   5  15  15
Met ATG   1   1   1   1   2   1 |     ACG   2   0   0   2   1   2 |     AAG  19  10  15  19   5  18 |     AGG   1   0  10  10   0   6
--------------------------------------------------------------------------------------------------------------------------------------
Val GTT   8   4  10   8   2   5 | Ala GCT   2   1   2   2   3   6 | Asp GAT  12  10  14  12  18  12 | Gly GGT   2   1   2   2   2   1
    GTC   4   8   4   2   3   2 |     GCC   3   8   3   3   5   3 |     GAC  10  13   8   9   1   5 |     GGC   0   0   0   0   0   0
    GTA   1   2   3   4   5   6 |     GCA   1   1   0   1   1   3 | Glu GAA  15  15  15  16  15   9 |     GGA   0   0   0   0   0   1
    GTG   4   4   2   4   6   1 |     GCG   0   0   1   0   0   0 |     GAG   0   2   2   0   7  12 |     GGG   0   1   0   0   1   0
--------------------------------------------------------------------------------------------------------------------------------------

--------------------------------------------------------------------------------------
Phe TTT   2   0   3 | Ser TCT   0   6   5 | Tyr TAT   0   2   6 | Cys TGT   0   0   0
    TTC   3   3   0 |     TCC   7   1   0 |     TAC   4   3   6 |     TGC   0   0   0
Leu TTA   2   1   4 |     TCA   0   1   4 | *** TAA   0   0   0 | *** TGA   0   0   0
    TTG   5   6   4 |     TCG   5   1   0 |     TAG   0   0   0 | Trp TGG   4   4   1
--------------------------------------------------------------------------------------
Leu CTT   3   2   0 | Pro CCT   3   4   1 | His CAT   2   3   4 | Arg CGT   0  11   3
    CTC   2   0   0 |     CCC   0   0   0 |     CAC   7   6   3 |     CGC  11   9   0
    CTA   0   1   2 |     CCA   5   6   7 | Gln CAA   0   6   3 |     CGA   2   0   0
    CTG   0   0   0 |     CCG   3   0   0 |     CAG   9   2   2 |     CGG  10   0   0
--------------------------------------------------------------------------------------
Ile ATT   4   6  12 | Thr ACT   0   2   2 | Asn AAT   1   3  11 | Ser AGT   2   0   1
    ATC   3   2   6 |     ACC   0   3   2 |     AAC   5   3   2 |     AGC   1   3   2
    ATA   1   0   0 |     ACA   0   4   3 | Lys AAA   6  13  10 | Arg AGA   2   8  21
Met ATG   1   4   3 |     ACG   2   0   0 |     AAG  16  11  10 |     AGG   4   0   2
--------------------------------------------------------------------------------------
Val GTT  13   3   1 | Ala GCT   3   0  10 | Asp GAT   2  20  15 | Gly GGT   0   2   0
    GTC   4   5   3 |     GCC   0   0   0 |     GAC  17   4   2 |     GGC   0   0   0
    GTA   2   4   6 |     GCA   0   5   1 | Glu GAA   7  15  22 |     GGA   1   0   1
    GTG   6  10   2 |     GCG  10   2   0 |     GAG  12   5   6 |     GGG   1   0   1
--------------------------------------------------------------------------------------

Codon position x base (3x4) table for each sequence.

#1: Scer           
position  1:    T:0.19535    C:0.20000    A:0.31628    G:0.28837
position  2:    T:0.24651    C:0.16279    A:0.42326    G:0.16744
position  3:    T:0.32558    C:0.19535    A:0.28837    G:0.19070
Average         T:0.25581    C:0.18605    A:0.34264    G:0.21550

#2: Sbay           
position  1:    T:0.18605    C:0.21860    A:0.26977    G:0.32558
position  2:    T:0.23256    C:0.16744    A:0.44651    G:0.15349
position  3:    T:0.24651    C:0.24651    A:0.30233    G:0.20465
Average         T:0.22171    C:0.21085    A:0.33953    G:0.22791

#3: Smik           
position  1:    T:0.19070    C:0.20000    A:0.30233    G:0.30698
position  2:    T:0.24186    C:0.16279    A:0.42791    G:0.16744
position  3:    T:0.33023    C:0.15349    A:0.29767    G:0.21860
Average         T:0.25426    C:0.17209    A:0.34264    G:0.23101

#4: Spar           
position  1:    T:0.19535    C:0.20000    A:0.31163    G:0.29302
position  2:    T:0.24186    C:0.16279    A:0.42791    G:0.16744
position  3:    T:0.32093    C:0.19070    A:0.25581    G:0.23256
Average         T:0.25271    C:0.18450    A:0.33178    G:0.23101

#5: Ncas           
position  1:    T:0.18605    C:0.20465    A:0.28837    G:0.32093
position  2:    T:0.22326    C:0.18140    A:0.43721    G:0.15814
position  3:    T:0.34884    C:0.09767    A:0.38140    G:0.17209
Average         T:0.25271    C:0.16124    A:0.36899    G:0.21705

#6: Cgla           
position  1:    T:0.14419    C:0.17209    A:0.37674    G:0.30698
position  2:    T:0.22326    C:0.17209    A:0.42791    G:0.17674
position  3:    T:0.24651    C:0.20930    A:0.29302    G:0.25116
Average         T:0.20465    C:0.18450    A:0.36589    G:0.24496

#7: Agos           
position  1:    T:0.14884    C:0.26512    A:0.22326    G:0.36279
position  2:    T:0.23721    C:0.17674    A:0.40930    G:0.17674
position  3:    T:0.16279    C:0.29767    A:0.13023    G:0.40930
Average         T:0.18295    C:0.24651    A:0.25426    G:0.31628

#8: Klac           
position  1:    T:0.13023    C:0.23256    A:0.28837    G:0.34884
position  2:    T:0.21860    C:0.16279    A:0.44651    G:0.17209
position  3:    T:0.29767    C:0.19535    A:0.29767    G:0.20930
Average         T:0.21550    C:0.19690    A:0.34419    G:0.24341

#9: Calb           
position  1:    T:0.15349    C:0.11628    A:0.40465    G:0.32558
position  2:    T:0.21395    C:0.16279    A:0.47442    G:0.14884
position  3:    T:0.34419    C:0.12093    A:0.39070    G:0.14419
Average         T:0.23721    C:0.13333    A:0.42326    G:0.20620

Sums of codon usage counts
------------------------------------------------------------------------------
Phe F TTT      12 | Ser S TCT      51 | Tyr Y TAT      33 | Cys C TGT       0
      TTC      30 |       TCC      34 |       TAC      33 |       TGC       0
Leu L TTA      23 |       TCA      11 | *** * TAA       0 | *** * TGA       0
      TTG      59 |       TCG      16 |       TAG       0 | Trp W TGG      27
------------------------------------------------------------------------------
Leu L CTT      17 | Pro P CCT      10 | His H CAT      48 | Arg R CGT      70
      CTC       4 |       CCC       0 |       CAC      34 |       CGC      26
      CTA      12 |       CCA      68 | Gln Q CAA      38 |       CGA       9
      CTG       7 |       CCG       5 |       CAG      27 |       CGG      14
------------------------------------------------------------------------------
Ile I ATT      67 | Thr T ACT      10 | Asn N AAT      22 | Ser S AGT      14
      ATC      33 |       ACC      20 |       AAC      13 |       AGC      11
      ATA       7 |       ACA      11 | Lys K AAA     113 | Arg R AGA      97
Met M ATG      15 |       ACG       9 |       AAG     123 |       AGG      33
------------------------------------------------------------------------------
Val V GTT      54 | Ala A GCT      29 | Asp D GAT     115 | Gly G GGT      12
      GTC      35 |       GCC      25 |       GAC      69 |       GGC       0
      GTA      33 |       GCA      13 | Glu E GAA     129 |       GGA       3
      GTG      39 |       GCG      13 |       GAG      46 |       GGG       4
------------------------------------------------------------------------------


Codon position x base (3x4) table, overall

position  1:    T:0.17003    C:0.20103    A:0.30904    G:0.31990
position  2:    T:0.23101    C:0.16796    A:0.43566    G:0.16537
position  3:    T:0.29147    C:0.18966    A:0.29302    G:0.22584
Average         T:0.23084    C:0.18622    A:0.34591    G:0.23704

Codon frequencies under model, for use in evolver (TTT TTC TTA TTG ... GGG):
  0.01639344  0.01639344  0.01639344  0.01639344
  0.01639344  0.01639344  0.01639344  0.01639344
  0.01639344  0.01639344  0.00000000  0.00000000
  0.01639344  0.01639344  0.00000000  0.01639344
  0.01639344  0.01639344  0.01639344  0.01639344
  0.01639344  0.01639344  0.01639344  0.01639344
  0.01639344  0.01639344  0.01639344  0.01639344
  0.01639344  0.01639344  0.01639344  0.01639344
  0.01639344  0.01639344  0.01639344  0.01639344
  0.01639344  0.01639344  0.01639344  0.01639344
  0.01639344  0.01639344  0.01639344  0.01639344
  0.01639344  0.01639344  0.01639344  0.01639344
  0.01639344  0.01639344  0.01639344  0.01639344
  0.01639344  0.01639344  0.01639344  0.01639344
  0.01639344  0.01639344  0.01639344  0.01639344
  0.01639344  0.01639344  0.01639344  0.01639344


TREE #  1:  (((((1, 4), (3, 2)), 5), 6), ((7, 8), 9));   MP score: 694
This is a rooted tree.  Please check!
lnL(ntime: 16  np: 18):  -3763.916252      +0.000000
  10..11   11..12   12..13   13..14   14..1    14..4    13..15   15..3    15..2    12..5    11..6    10..16   16..17   17..7    17..8    16..9  
 0.213041 0.458218 1.207759 0.008104 0.175425 0.080425 0.000004 0.181921 0.639503 0.552898 0.772027 0.193358 0.429272 1.858646 1.148851 3.460894 2.061324 0.054577

Note: Branch length is defined as number of nucleotide substitutions per codon (not per neucleotide site).

tree length = 11.380347

(((((1: 0.175425, 4: 0.080425): 0.008104, (3: 0.181921, 2: 0.639503): 0.000004): 1.207759, 5: 0.552898): 0.458218, 6: 0.772027): 0.213041, ((7: 1.858646, 8: 1.148851): 0.429272, 9: 3.460894): 0.193358);

(((((Scer: 0.175425, Spar: 0.080425): 0.008104, (Smik: 0.181921, Sbay: 0.639503): 0.000004): 1.207759, Ncas: 0.552898): 0.458218, Cgla: 0.772027): 0.213041, ((Agos: 1.858646, Klac: 1.148851): 0.429272, Calb: 3.460894): 0.193358);

Detailed output identifying parameters

kappa (ts/tv) =  2.06132

omega (dN/dS) =  0.05458

dN & dS for each branch

 branch          t       N       S   dN/dS      dN      dS  N*dN  S*dS

  10..11     0.213   464.7   180.3  0.0546  0.0122  0.2228   5.6  40.2
  11..12     0.458   464.7   180.3  0.0546  0.0261  0.4791  12.2  86.4
  12..13     1.208   464.7   180.3  0.0546  0.0689  1.2628  32.0 227.6
  13..14     0.008   464.7   180.3  0.0546  0.0005  0.0085   0.2   1.5
  14..1      0.175   464.7   180.3  0.0546  0.0100  0.1834   4.7  33.1
  14..4      0.080   464.7   180.3  0.0546  0.0046  0.0841   2.1  15.2
  13..15     0.000   464.7   180.3  0.0546  0.0000  0.0000   0.0   0.0
  15..3      0.182   464.7   180.3  0.0546  0.0104  0.1902   4.8  34.3
  15..2      0.640   464.7   180.3  0.0546  0.0365  0.6687  17.0 120.5
  12..5      0.553   464.7   180.3  0.0546  0.0316  0.5781  14.7 104.2
  11..6      0.772   464.7   180.3  0.0546  0.0441  0.8072  20.5 145.5
  10..16     0.193   464.7   180.3  0.0546  0.0110  0.2022   5.1  36.4
  16..17     0.429   464.7   180.3  0.0546  0.0245  0.4488  11.4  80.9
  17..7      1.859   464.7   180.3  0.0546  0.1061  1.9434  49.3 350.3
  17..8      1.149   464.7   180.3  0.0546  0.0656  1.2012  30.5 216.5
  16..9      3.461   464.7   180.3  0.0546  0.1975  3.6187  91.8 652.3

tree length for dN:       0.6494
tree length for dS:      11.8991


Time used:  0:06
