      9   1176

Scer                            GAA CTA TTG AGA GAT ATG GAA AGA CCA GAT GCT GAC CCT TTA GAA AGA CCT CAA TAC GAT GAA TTG AAG GTC AGG TCA AAT AGA ATA GAT GCG TGC TTT GAA ACT GAT AGA GAC AGA AAC ATA CAA TCT AGA CTA AGA AAT TTA AAC TCA CAA TCT CCA ATC AAG CCA CAA TTA AGA ATT TTA AAC ACA ACT CAA TTT ATT TCA GAG ATC GAC GAC TCC GGT AAG CCC AAC GGC GGT GGT CCC TTG TTG ATA GAA AGG GAC GAT ATC TTT AAT AGC AAA AAC TCC TTT CTT CCA AGA ATG TTA AGA AAG AGC ACA GAA GCC ATG AGA GCT GAT AAC TTC GCT TCA TGT AGA GAT AAA TTA AGA AAG AAA AGC AAA ACG TTA TCC AAC TCA GAT AGA TCC ATT AGG AAT TCG GAA GTA AAA AAA GCC GCT CTG ATC ATA ATT TGG AAA GCT TTT AAC TCA CGC ATG CAA TGG GTC AGG AGA ACC AGA TAT TTA GGT TGG AGA AAA TCT CCT GAC AGA GCT GCT GGT AAA TCA GAA GAA ATG ACA GTT AGA ATG GGC GCA AGG TCG GCT GCA ACA AAA TCA AAG AGG GCT ATC TTT ACA AAA TTG GCT GAT TCA ACC GAT GAT GAT GAG CCA AAT GCC ATC AAG TCC GCG GCT GCC TTC TTT AGA GAT TCT GAG CCA CCA GAA GCC CAA GCT TTC GAA CGC CCT GCC AAG TTA ATG GTC GGA AAG ATT AAG GAT TCT AGA AAT TCC GGC GGT ATA GGT ACT TTG GGT GTT AGA GAA TCT ACT GAA AGA AAA GAC GAA ACG GCT GAG AGA AGA CCC AAG AGC GAA TTT GAT ATG TTT TTG CTG TCT CGC CCG GGT AAG GTT AAG CGC AAA TGG CAA AAC GAA GAT TGT AGA TCT GAA TGG CAG AGG AGT TCA TCT CAT TTG GAA TCT ATT CTT ATC TCT GGT ATG GAC GAT AAG AAT AGA TCC TTA CAC GCT AGC TTG CCT GGA CGT GTT ATG AGA TTT CAA ACA AAT AGA AAA ATA TTG ACC GCT GAG GAA CGT CAA GAA ACA AGA GGT GAA ATG AAA GAC ATT AGA TAT CCA CAA TTG TTA AGA GAA AGA TGT ACT GCC TTA GAA GAA AAT TCC ATT AGA GCA AAG CAA ACT TTG AAT AAT AGA AAA AAA TAC TCA CGC AAA TCT GAC AGG GAG GAT 
Sbay                            GAA CTG TTG AGA GAA ATG GAA AGA CCA GAT GCC GAC CCA TTA GAA AGA CCC CAA TAT GAC GAA TTA AAA GTT AAG TCA AAC AGA ATA GAT GCG TGT TTT GAA ACC GAC AGA GAA AGA AGT ATA CAA TCT AGA TTG AGA AAT CTA AAC TCA CAA TCT CCA ATA AAG CCA ATG TTG AGA TTT TTA AAT ACA ACT CAA TTT ATC TCT GAA ATT GAC GAA TCT GGA AAA CCG ACC GGT GGT GGT CCA TTG CTA ATA GAC AGG GAC GAT TTG TTT AAT GGT AAA AAT TCT TTT CTT CCA AGA ATG TTA AGG AAG AGT ACG GAA GCC ATG AGA GCT GAC AAC TTC GCT TCA TGC AGA GAT AAA CTG AGA AAG AAA AGT AAA ACA CTA TCC AAC TCA GAT AGA TCT ATC AGA AAT TCT GAA GTG AAA AAA GCT GCT TTG AGA ATA ATC TGG AAG GCT TTC AAC TCG CGT ATG CAA TGG GTT AGA AGG ACA AGA TAT TTG GGG TGG AGA AAA TCT CCG GAC CGT GCC GCC GGG AAA TCA GAA GAA ATG GTT TTG AGA ATG GGC GCA AAG TCT GCT GCA ACG AAA TCA AAG AAG GCA GTC TTT ACA AAA TTA GCT CAC TCG ACA GAC GAC GAT GAA CCA AAT GCC AGA AAG TCT GCG GCA GCT TTC TTT AGA GAC TCT GAG CCA CCA GAA GCT CAA GCC TTT GAA CGG CCG GCT AAG TTG ATG GTT GGG AAG ACT AAG GAT TCT AGA AAT TCT GGT GGG ATA GGG ACC CTA GGG GTT AGG GAC TCG ACC GAA AGG AAA GAC GAA ACA GCC GAA AGG AGA CCG AAG AGT GAA TTC GAT ATG TTT TTG TTG TCT CGT CCT GGG AAG GTC AAG CGG AAA TGG CAA AGT GAA GAT TGC AGA GGT GAG TGG CAA AAG AGT TCA TCT CAT TTA GAA TCT ATT CTT ATC TCT GGT ATG GAC GAA AAG AAT AAG TCT TTA CAC GCC GGT TTA CCG GGT CGT TTG ATG AGG TTT CAA ACA GGG AGG AAA ATA TTA ACA GCA GAG GAA CGT CAA GAA GTT AGA GGT GAA ATG AAA GAT TTT AGA TAT CCA CAA TTG CTA AGG GAA AGA TGC ACA GCC TTA GAA GAA AAT GCT ACT AGG GCT AAG CAG ACC TTA AAT AAC AGA AAA AAG TAC TCA CGT AAG TCT GAC AGG GAA GAC 
Smik                            GAA CTA TTG AGA AAT ATG GAA AGA CCA GAT GCT GAC CCT TTA GAA AGA CCT CAA TAT GAT GAA TTG AAG GTT AAG TCA AAT AGA ATA GAT GCG TGC TTT GAA ACC GAC AGA GAC AGA AAC ATA CAA TCT AGA CTT AGA AAT CTA AAC TCA CAA TCT CCA ATC AAG CCA CAG CTA AGA ATC TTG AAC ACA ACT CAA TTT ATC TCA GAG ATC GAT GAC TCT GGT AAG CCG AAC GGC GGT GGT CCT TTG TTA ATA GAA AGG GAT GAT ATC TTC ACC AGC AAA AAC TCT TTT CTT CCA AGA ATG CTA AGA AAG AGT ACG GAA GCC ATG AGA GCT GAT AAC TTC GCT TCA TGC AGA GAT AAA TTG AGA AAG AAA AGT AAA ACA CTA TCT AAC TCA GAT AGG TCT ATT AGG ACC TCA GAA GTA AAA AAG GCC GCT CTG ATC ATA ATT TGG AAA GCT TTT AAC TCA CGC ATG CAA TGG GTC AGG AGA ACC AGG TAT TTA GGT TGG AGA AAG TCT CCA GAT AGA GCT GCT GGT AAG TCA GAA GAA ATG ACT GTT AGA ATG GGT GCA AAG TCA GCC GCA ACG AAG TCA AAG AAG GCA ATT TTT ACA AAA TTG GCT AAT TCA ACC GAC GAT GAT GAG CCA AAT GCT ATC AAA TCT GCG GCT GCC TTC TTT AGA GAT TCT GAG CCA CCG GAA GCC CAA GCC TTT GAA CGG CCA GCC AAG CTA ATG GTC GGG AAG ATT AAG GAT TCT AGA AAT TCT GGT GGT ATA GGT ACA TTA GGT GTT AGA GAA TCA ACC GAA AGA AGG GAT GAA ACA GCC GAG AGA AGA CCG AAG AGT GAA TTT GAT ATG TTC TTG CTG TCT CGC CCA GGT AAG GTT AAG CGG AAA TGG CAA AAC GAA GAT TGC AGA TCT GAG TGG CAA AAG AGT TCA TCT CAT TTG GAA TCT ATA CTT ATC TCT GGT ATA GAT AAT AAG AAT AGA TCT CTA CAT GCT AGC TCA CCC GGG CGT GTT ATG AGA TTC CAA ACA AAT AGA AAG ATA TTA ACC GCT GAG GAA CGT CAA GAA ACT AGA GGT GAA ATG AAA GAT ATC AGA TAT CCA CAA TTG TTA AGA GAA AGG TGC ACG GCC TTG GAA GAA AAT TCC ATT AGA GCA AAG CAA ACA TTG AAT AAT AGG AAA AAA TAC TCA CGC AAA TCT GAC AGG GAA GAC 
Spar                            GAA TTA TTG AGA GAC ATG GAA AGA CCA GAT GCT GAC CCT TTA GAA AGA CCT CAA TAT GAT GAA TTG AAG GTC AAG TCA AAC AGA ATA GAT GCT TGT TTT GAA ACT GAT AGA GAT AGA AAC ATA CAA TCT AGA CTA AGA AAT TTA AAC TCA CAA TCT CCA ATC AAG CCA CAA CTA AGA ATT TTA AAC ACA ACT CAA TTT ATC TCA GAG ATC GAC GAT TCT GGT AAG CCG AAC GGT GGT GGT CCG TTG TTG ATA GAA AGG GAC GAT ATT TTT AAC GGC AAA AAC TCT TTT CTT CCA AGA ATG TTA AGA AGG AGC ACG GAA GCC ATG AGA GCT GAT AAC TTC GCT TCA TGC AGA GAT AAA TTA AGA AAG AAA AGT AAA ACT TTA TCC AAC TCA GAT AGA TCC ATT AGG AAC TCG GAA GTA AAA AAA GCC GCT CTG ATC ATA ATT TGG AAA GCT TTT AAC TCA CGC ATG CAA TGG GTC AGG AGA ACC AGG TAT TTA GGT TGG AGA AAA TCT CCC GAC AGA GCT GCT GGT AAA TCA GAG GAA ATG ACA GTT AGA ATG GGC GCA AAG TCG GCT GCA ACG AAA TCA AAG AAG GCA ATC TTT ACC AAA TTG GCT CAT TCA ACC GAT GAT GAT GAA CCA AAT GCT ATC AAA TCT GCT GCT GCC TTC TTT AGA GAC TCT GAG CCA CCA GAA GCC CAA GCC TTT GAA CGG CCC GCC AAA CTA ATG GTC GGA AAA ATC AAG GAT TCT AGA AAT TCC GGC GGT ATA GGT ACT TTG GGT GTT AGA GAA TCG ACT GAA AGA AGA GAC GAA ACG GCC GAA AGA AGA CCG AGG AGT GAA TTC GAT ATG TTT TTG CTG TCT CGC CCA GGT AAG GTC AAG CGG AAA TGG CAA AAC GAA GAT TGC AGA TCT GAA TGG CAA AAG AGC TCA TCT CAT TTG GAA TCT ATT CTT ATT TCT GGT ATG GAC GAC AGG AAC AGA TCC TTA CAT GCT GGC CTA CCC GGT CGT GTT ATG AGA TTT CAA ACG AAT AGA AAA ATA TTG ACC GCT GAG GAA CGT CAA GAA ACA AGA GGT GAA ATG AAA GAC ATT AGA TAT CCA CAA TTG CTA AGA GAA AGA TGC ACT GCC TTA GAA GAA AAT TCC ATC AGA GCA AAG CAA ACT TTG AAT AAT AGA AAA AAA TAC TCA CGC AAA TCT GAC AGG GAA GAT 
Ncas                            GAA TTG GTT AGA CAT GTG GAA AGA CCT GAT GCC GAT CCT CTG GAG AGA CCA CAA TAC GAC GAA TTG AAA GTT AAA ACA AAT AGA ATT GAC GCA TGT TGG GAA ACA GAT AGA GAT AGA AAT ATT CAA TCT AGA ATA AGG AAT CTA AAT TCA CAA TCT CCA ATT AAA CCT CAA CTA AGA ATT TTA AAT ACA ACC CAA TTT AAC TCT GAA ATT GAT GAT TCT GGA AAA CCA AGT GGC GGC GGT CCA GTT TTG ATT GAG AGA GAT GAT ATA TTT AAC AGT AAA AAT TCT TTT CTT CCA AGA ATG CTA AGA AAA AGC ACT GAA GCT TTG AGG GCT GAT AAT GTT TCA TCA TGT AGA GAT AAA TTG AGA AAA AAA TCT AAA ATA CTA TCC AAT ACA GAT AGA TCC ATC AAC AAC TCC GAG ATA AAA AAA GGT TCA CTT ATT ATT ATT TGG AAA TCA TTC AAT TCG AAA ATG CAA TGG GTA AAC AGA GCT AGA AAT TTG GGT TGG AGA AAA TCT CCC GAT AGA GCC GCC GGG AAA TCA GAA GAG ATG GCC ATT AGA TTG GGG GCA AAA TCC GCT GCA ACT AAA TCT AAG AAA GCT ATT TTT ACC AGA TTG TCA TTT TCG GCT GAT GAC GAT GAA CCT TAC GCA ATT AAG TCT GCA GCA GCT TTC TGG AGA GAT TCT GAA CCA CCA GAA GCT CAA GCT TTT GAA AGA CCC GGT AAA CTA ATG GTA GGT AAA ATC AAA GAT TCT AGA CAC TCC GGG GGG ATT GGG ACT TTG GGT GTT AGA GAG TCA ACA GAA CGA AAG GAT GAA ACC GCT GAA AGA AGA CCA AAA TCT GAG TTT GAT ATG TTT TTG CTT TCA AAT CCA GGG AAA GCT AAA AGA AAA TGG CAA AAT GAA GAT TGT AGA GAA GAG TGG CAG AAA AGT TCT TCT CAT TTG GAA TCT ATT CTT GTA TCG GGC TTA GAT CAT AAA AAT AGA TCC CTA CAT GCC AGT GAT CCA GGA CGT ATT TTG CGA TTC CAA ACG AAC AGG AAG ATT TTG GCT GCA GAA GAA AGA CAA GAA GCC AGA GGT GAA ATA AAA GAT ATT AGA ATC CCT CAA TTA CTT AGA GAA AAG TGT ACG GCC TTA GAG GAG AAT TCC ATC AGA GCT AAG CAA ACT TTG ACA AAT AAG AGA AAA TAC TCA AAT AAT TCT GAT AGA GAA GAT 
Cgla                            GAA CTT GTT AGA AAC ACC GAA AGA CCA GAT GCT GAC CCG CTT GAA AGA CCT CAA TAC GAT GAA CTG AAA GTC AAA ACT AAT AGA ATC GAC GCA TGC TTC GAA ACA GAC AGG GAC AGA AAC ATC CAG TCC AGG CTG AGG AAT TTG AAT TCG CAA TCC CCG ATC AAA CCA CAA CTG AGA ATT TTA AAT ACA TCC CAA TAC ATT TCT GAA ATC GAC GAC GCT GGA AAA CCA AAC GGA GGT GGT CCA GTT TTA AGA GAG AGA GAC GAT ATC TTT AAT GCC AAG AAT GCT TTC CTT CCG AGG ATG CTT AGA AAA AGC ACC GAG GCC TTG AGG GCC GAA AAT TTT TCC TCG TGT AGG GAC AAA CTG AGA AAG AAA AAT AAA ACA TTG TCA AAT ACT GAC AGG TCT ATT AGA AAT TCG GAA ATT AAG AAG GCT TCC TTG ATC AGA ATT TGG AAA TCC TTC AAT TCA AAG ATG CAA TGG TTT AGA AGA GCT AAA TAT CTA GGT TGG AGA AAG TCC CCT GAT AGA GCT GCT GGT AAG TCA GAA GAA ATG GCT ATC AGG TTG AGC GCG AAA TCG GCT GCG ACC AAG AGC AAA AAA GCT ATT TTC ACT AAA CTG TCC AAT TCA GCT GAC GAT GAT GAA CCA CCT TCT ATC AAG AGC GCA GCC GCG TTT TTC AGA GAT TCC GAA CCG CCA GAA GCG CAG GCC TTT GAA AGA CCT GCT AAA CTG ATG TTT GGA AAG ATC AAA GAC TCC CGG AAT TCG GAT GGT AGA GGT ACC TTA GGT GTT AGA GAG TCC ACA GAA AAA AAA GAT GAA ACA GCC CAA CGG AGA CCA AAA AAT GAA TTC GAC ATG TTT CTT TTG TCT AGA CCG GGT AAA GGT AAG AGA AAA TGG CAG AAC GAA GAT TGT AGG AAA GCT TGG CAG AAA AGT TCA TCT CAT CTG GAG TCC GTT CTT ATT TCA GGT CTG GAT AAC AAA AAT AAG TCG CTT CAT GCT GCC GTT CCA GGT AGA ATC TTG AAA TTT CAA ACA AAC CGT GGT AGA TTG GCT GCC GAA GAA CGT CAG GAG GCT AGA GGT GAG TTA AAA GAC ATT AGG TAT CCA CAG CTG TTA AGA GAG AGA TGT ACG GCC TTA GAA GAA AAA TCC ATC CGG GCA AAA CAA ACC CTG AAT AAT AGA AAA AAG TAT TCA AGA AAA TCC GAC AGA GAA GAC 
Agos                            GAG GTG ACA CGC GAC AAC GAA CGG ACG GAC GCG GAC CCA CTC GAG CGC CCA CAG TAT GAT GAA CTG AAG GTG CGG AAA AAC CGG ATC GAC GCG GCC TTT GAA ACC GAC CGC GAC CGC AAC ATC CAG TCT CGC ATA CGG CAT CTC AAC TCC CAG TCA GCG ATC AAA ACG CAG CAG ACG CTG CTA GAG ACG GCG CAG CAT ATC TCG GAG ATC GAC GAC TCG GGC AAG CCG AGC GGC GGC GGC CCA ACA CTG ATT GAG AGG GAC GAC CTG TAC ACG TGC AAG GAG TCG TTC CTG GCG CGC ATG ATA AGG AAG AGC ACG GAC GCT ATC AGA GCC GAT AAC ATG GCA TCC TGC CGG GAC AAG CTG CGC CAG AAG AAC AAG ATC CTC CCG AAC AAA GAC CGC AGC ATT CGG ACG TCT GAG GTA AAG AAG GCA GCA TTG ATC ATT ATT TGG CGG GCA TTC AAC TCG CGG ATG CAG TGG GTT CGG AGG GCT CGG AAT CTA GTC TGG CGC AAG TCA CCT GAT CGC GCG GCG GGC AAG TCG GAG GAG ATG GCG ACG CGG ATC ACA GCG CGG TCT GCG GCG ACG AAG GCC CGG CGG GCA ATC TTC ACG AAC TTA GCA GAT TCG GCT GAC GAT GAT GAG ACG AAT TCG ATC AAG AAC GCG GCG ACG TTC TTT AGG GAT TCT GAG GCG CCA GAG ACG CAG GCG TTT GAG AGG CCT GCA AAG CAG ATG GTT GCG AAG ATC AAA GAC TCA CGG AAT TCG GGT GGC ATT GGC ACG CTG GTC GTG AGG GAG TCA ACC GAG CAG AAG GAT GAG ACA GCG GAG CGG CGC CCG AAG AAC GCG CTG AAC ATG TAC CTG TTG TCG CGG CCG GGC ACT GGT CAG AGG AAG TGG CAG AAC GAG GAC TGC CGC GAG GTG TGG CAC CGG AGC AGT TCG CAT CTG GAG TCA ATT CTG ATA TCG GGC ATA GAT GAC AAG AAT AAG TCG ATA CAC GCG TGC ATT CCG GGG AGA ACG ATC CAG TTT CAG ACC AAC AGG AAG ATT CTG GCT GCG GAG GAA CGC CAG GAG GCG CGC GGT GAC CTC AAG GAT CTG CGG CAG ACG CAG TTA CTT AGG GAC CGG TGC ACG TCG CTA GAG GAG AAG GCC ATC CGG GCA AGC AGA ACG TTA AGC AAT CGG AAC AAG TTC TCG CGG CGC TCA GAC AGG GAG GAC 
Klac                            GAG GTT GTT CGT GAC ACA GAG CGG AGT GAC GCA GAT CCA TTA CAG CGT CCA CAA TAT GAT GAG TTG AAA GTT AAA CCA AAC AGG ATT GAT GCA GCA TTC GAG ACT GAT AGA GAT AGG AAC ATT CAA GCT AGA ATA AGA AAT CTA AAT ACT CAA TCC CCA ATT AAA AGT CAA CTC AGG TTG CTC GAA ACA TCA CAA CAT GTC TCT GAA ATC GAT GAT TCG GGT AAA CCG TCG GGG GGC GGT CCA GTT CTA GTT GAA AGA GAT GAT GTC TTT CAT TGT AAG GAA TCG TTT CTA CCA AGA ATG ATA AGA AAG AGT ACG GAT GCT ATT AGG GCA GAA AAT TTA GCA ACT TGT CGT GAT AAG TTG CGT AGC AAA ACT AAG ATC CTA CCA AAC CCA GAC AGA TCT ATT AGA CAT TCT CAG ATT AAG AAA GCA GCA TTG ATT GTT ATC TGG AGA GCA TTC AAC TCG AGG ATG CAG TGG GAG AGA AGA GCT AGG GAT CTT GTT TGG CGT AAA TCC CCA GAC CGT GCA GCA GGT AAA TCT GAA CAG ATG GCT ATG CGT ATT AAT GCT AAA TCT GCC GCT ACG AAA GCG AAG AAA GCT ATC TTC AGT AGG TTA GCA GTC TCG GCT GAT GAT GAT GAA AGT GCA GCC ATT AAG TCA GCA GCC GCA TTC TTC ATA GAT GCT GAA CCA CCG GAA GCA CAA GCT TTT GAA AGA CCA GCA AAG CTC ATG GAG GGA AAG ATT AAA GAC TCC AGA AAG TCC GGT GGT GTT GGT ACC CTA GTT GTT AGA GAA TCA ACT GAA CAA AAA GAC GAA ACT GCT CAT AGA AGG CCG AAG ACT GAG TTG GAT ATG TTT TTG TTG TCT AAG CCC GGT AAA TCA AGC AGA AAA TGG CAA AAC GAG GAC TGT AGA GAG ACG TGG CAG AAA AGC ACA TCA CAT TTG GAG TCC TTG CTA GTA TCT GGC TTA GAC GAC AAG AAT AGA TCC ATA CAC GCA TGT TCA CCA GGC AGA ATG ATT CAA TTT CAA ACC AAC AAA AAC GTT TTA GCT GCC GAA GAG CGT CAA GAG GCT AGG GGT GAT TTG AAA GAT TTG CGT CAG AGT CAA TTA TTA AGA GAT AAG TGT ACA GCG CTC CAG CAG AAT TCT ATT AGA GCA TCT AAG ACC TTA AAT AAC AAG AGG CAA TAT TCT AAG CAT TCC GAT AGA GCT GAT 
Calb                            GAT TTA TTT AGA GAT GTA GAA CGA CCA GAT GCA GAT CCA TTG GCT AGA CCT CAA TAT GAT GAA TTA AAA GTT AAA AAT GAT CGA ATT GAT GTT GCT TTT GAA ACT GAT AGA GAT AGA AAT ATT GAA AGT AGA ATT AGA CAA TTG AAT CAA CAA TCA ATC ATC AAA CCA CAA TAT AGA ATT TTA TTC ACA AGT CAA ATG ATT GCG GAA ATT GAT GAT TCA GGT AAA CCT GAC GGA GGT GGT CCA TTT TTA ATT GCT AAA GAT GAT ATT TTT AGT GTG AGA TTC TCA TTT TTA ATC CGA ATG TTA TCT ATA AGT ACT GAC GCA ATT ACA GCT GAT AAT ATA TCA CAA TGT CGA GAT AAA TTG AGA ACT AAA GCA AAA ATT TTG CCA ATT AAT GAA CGA AAT ATT AAT AGT TCA GCT TTA AAA AAA TCC TCA TTA AGA ATT ATT CTG AAT TCA TTC ATT AGT CGT ATG CAA TGG GTG AAT TCT GCT AGA TCA TTG AGT TGG AGA AAA TCA CCT GAT AGA GCA GCA GGT AAA TCA GAA GCT ATG ACT GTT CGA ATT GAG GCG AAA TCA GCT GCG ACT AAA TCA AAA AAA GCT ATC TTT TTA ATA TTG TCA GAT AGT GCT GAT GAT GAT GAA CCA AAT ATT AGA AAA AAT GTT CCT ATT TTC TTT AAA GAT AGT GAA ATC CCT GGT ATT GAA GTT CAA GAA AGA CCT TCC AAA TAT ATG GTG GGT AAA ATG AAA GAA TCA AAA AGT TCA GGG GGT ATT GGT ACT TTA AGT ATT TCT GCT GAT ACT GAA AAA AAA GAT GGT CCA GTT GGA CGT AGA CCT ATA GCA GAA TTT GAT ATG TTT TTG TTA AGT AAA CCT GGT GTG GAA ACT AGA AAA TGG ATT AAT GAT GAT TGT CGA GAA GAT TGG GAT AAA AAT ACT CTG CAT TTA GAA TCA ATC TTA ATT GAT GGT AGA GAT GAT ATA AAT AAA TCA TTA CAT GCA GTG TAT CCA GGT CGA GTT ATT AAA TTT CAA ACC AAT AAA AGT ATT TTG GCT CCT GAA GAA AAA CAA GAA ACT AGA GGG GAC CCC AAA GAA ATT CGA AGT CCA ATT TTG TTG TCT GAC CGA TGT ACT ATG TTA GCT GCT AAG TCA ATG CGT GCT GAT CGA ACT TTG AAT AAT CGA ATA AAA TAT TCA AAA GAC TCA GAT AAA GAA GAT 



Printing out site pattern counts


         9        738  P

Scer                            AAA AAA AAA AAA AAA AAA AAA AAA AAA AAA AAA AAC AAC AAC AAC AAC AAG AAG AAG AAG AAG AAG AAG AAG AAG AAG AAT AAT AAT AAT AAT AAT AAT AAT AAT AAT ACA ACA ACA ACA ACA ACC ACG ACG ACT ACT ACT ACT AGA AGA AGA AGA AGA AGA AGA AGA AGA AGA AGA AGA AGA AGA AGA AGA AGA AGA AGA AGA AGA AGC AGC AGC AGG AGG AGG AGT ATA ATA ATC ATC ATC ATC ATC ATC ATG ATG ATG ATG ATG ATT ATT ATT ATT ATT ATT CAA CAA CAA CAA CAA CAA CAA CAC CAG CAT CCA CCA CCA CCC CCC CCG CCT CCT CCT CCT CGC CGC CGC CGT CGT CTA CTA CTG CTT GAA GAA GAA GAA GAA GAA GAA GAA GAA GAA GAA GAC GAC GAC GAC GAC GAG GAG GAG GAG GAG GAT GAT GAT GAT GAT GAT GAT GAT GAT GAT GAT GAT GAT GCA GCA GCC GCC GCC GCC GCC GCG GCT GCT GCT GCT GCT GCT GCT GGA GGA GGC GGC GGC GGT GGT GGT GGT GGT GGT GTA GTC GTC GTT GTT GTT TAC TAC TAT TAT TCA TCA TCA TCA TCA TCA TCA TCC TCC TCC TCC TCC TCC TCG TCT TCT TCT TCT TCT TCT TCT TGC TGG TGG TGT TTA TTA TTA TTA TTA TTA TTA TTA TTC TTC TTC TTG TTG TTG TTG TTG TTG TTG TTG TTT TTT TTT TTT TTT TTT TTT TTT 
Sbay                            ... ... ... ... ... ... ... ... ..G ..G ..G ... ... ..T .C. .GT ..A ... ... ... ... ... ... ... ... ... ..C ..C ... ... ... ... ... ... ... GGG ... ... ... ..G GTT ..A ..A ..A ..A ..C ..C ... .AG ... ... ... ... ... ... ... ... ... ... ... ... ... ... ... ..G ..G ..G ..G C.T ..T ..T G.T .A. ..A ... ... ... ... .GA ..A ... ..T G.. T.G ... ... ... ... ... .C. ..C ..C ..C ... T.. ATG ... ... ... ... ... ..G ... ..A ... ... ... ... ..A ..G ..T ..A ..C ..G ..G ..G ..T ..T ... ... ..G T.G T.. ... ... ... ... ... ... ... ... ... ... ..C ..G ..A ... ... ... ..T ..A ..A ..A ..A ... C.C ..A ..C ..C ..C ..C ... ... ... ... ... ... ... ... ..T ... ... ... ..T ..T ... ..A ..A ..C ..C ... ... ... ..G ..T ... ..T ..T ..A ..G ..G ... ... ... ..G ..T ..T ..C ... T.G ... ..T ... ... ... ... ... ... ... ..G ..T G.T ... ..T ..T ..T ..T ..T GG. ..G ... ... ... ... ... ..T ... ... ..C C.. C.. C.G ... ... ... ..G ..G ... ... ..T C.A ..A ..A ..A ..A ... ... ... ..C ..C ... ... ... ... ... ... 
Smik                            ... ... ... ... ... ..G ..G .GG ... ... ... ... ... ... ... ... ... ..A ... ... ... ... ... ... ... ... ... ... ... ... ... ... ... ... .CC ... ... ... ... ..G ..T ... ..A ..A ..G ..A ..C ... ... ... ... ... ... ... ... ... ... ... ... ... ... ..G ..G ..G ... ... ... ... ... ..T ..T ... .A. ... ... ... ... ... ... ... ... ... ..T ... ..A ... ... ... ... ... ..C ... ... ..A ..C ..G ... ... ... ... ... ... ..T ..A ... ... ... ..G ..T ..G ..A ... ... ..A ..C ..G ... ... ... ... ... ..T ... ... ... ... ... ... ... ... ... ... ... ... ..G ... ... ..T ..T ..T ..A ... ... ... ... A.. A.. ..C ... ... ... ... ... ... ... ... ... ... ... ... ... ... ..T ... ... ... ..A ... ..C ... ..C ... ... ..G ..G ..T ... ..T ... ... ... ... ... ... ... ... ..T ... ... ... ... ..T ... ... ... ... ... ... ... ... ... ... ..T ..T ..T ..T ..T ..A ... ..A ... ... ... ... ... ... ... ... ..C C.. ... ..G C.. ... ..G C.. ... ... ... ..T ..A .CA ..A ... ... ... ... ... ... ... ..C ..C ... ... ... ... 
Spar                            ... ... ... ... ... ... ... .G. ... ... ... ... ... ... ... ... ... ..A ..A ..A ... ... ... ... ... .G. ..C ... ..C ... ... ... ... ... ..C ... ... ..C ..G ..G ... ... ... ..T ... ... ... ... ... ... ... ... ... ... ... ... ... ... ... ... ... ... ... ..G ... ... ... ... ... ... ..T G.. .A. ... ... ..C ... ... ... ... ..T ... ... ..T ... ... ... ... ... ..C ..C ... ... ... ... ... ... ... ... ... ... ... ..T ..A ... ... ... ... ..G ..G ..A ... ... ..C ..C ..G ... ... ... ... T.. ... ... ... ... ... ... ... ... ... ... ... ..G ... ... ..T ... ... ... ... ..A ..A ..A ... ... C.. ..C ... ..C ... ... ... ... ... ... ... ... ... ... ... ... ... ..T ... ... ..T ..A ... ..C ... ... ... ... ... ..T ... ..T ... ... ... ... ... ... ... ... ... ... ..C ... ... ... ..T ... ... ... ... ... ... ... ... ... ... ... ... ... ..T ..T ... ... ..G ... ... ... ... ... ..T ... ... ..C ... C.. ... ... ... ... C.. ... ... ... ..T ... C.A ... ... ... ... ... ... ..C ... ... ... ... ... ... ... 
Ncas                            ... ... ... ... .G. ... ..G ..G ... ... ..T ..T ..T ..T .GT ..T ..A ... ..A ..A ..A ..A ..A ... ... ..A ... ... ... ... ... .CA C.C T.C ..C ..C ... ..C ..G ..T G.C G.T ..C .TA ..G ... ..A ..C ... ... ... ... ... ... ... ... ... ... ... ..G ..G .AG ... ... ... ... ..G C.. ... ... TCT ..T .AA .AC ..A ... ..T ..T ..T ..T G.A ..T ..T ..A T.A ..A ... G.. T.. ..C .AC ..C ... ... ... ... ... ... ... ... ... ... ..T ... ... ... ..T ... ..A ..A ..A ... ..A ..C ..A A.A AAA AAT A.A ... T.G A.. ..T ... ... ... ... ... ... ... ..G ..G ... ..G ..G ..T ..T ..T ..T ..T ..A ..A ..A ..A ..A TT. C.. ... ... ..C ... ..C ... ... ... ... ... ... ... ..T ... ..T ..A ..T .GT ..A ... ..A ... ..C ... ... T.A ..T ... ..G ... ..G ..A ..G ... ..C ... ... A.. ..A ..T .C. ... A.. ... ... A.. ATC A.. ... ... ..T ..T ..G ..T ... ... ... ... ..T ..T ..C GAA ..A ..A ..G ... ... ... ..T ... ... ... C.. C.T ..G C.. C.G ... C.. ..G G.T ... ..T ... GAT ... ... ... G.T ..A ... ... ..C ..C ... .GG ... ... ... 
Cgla                            ... ... ..G ..G ... ..G GGT ... ... ..G ... ..T ..T ..T ... ... ..A ... ..A ... ..A ..A ... ..A ..A ..A ... ... ... ..A ... ... ... CC. ... ..C ... ..T ... ..C G.T G.T ..A ..A ..G ..C ..A T.C .AG ... ... ... ... ... ... ..G ..G ..G C.G ..G ..G ... ..G .A. ... C.G C.T .A. ... ... .AT GC. .AA ..A ..A ... .G. ..C ... ... ..T ... ..T ... C.. T.A ... .CC T.. ..C ... ... ... G.. ... ... ... ... ..G ..G ..G ... ..T ... ... ..G ... ... ..A ..A ... ..G ... ... ..A A.A AAG A.A ... A.A ..T ..G T.. ... ... ... ... ... ..G ..G ... ... ... ..G .CT ... ... ... ..T ... ..A C.A ..A ..A ..A A.. A.C ..C ... ... ..A ..C ..C ..C ..C ... ... ... ..G ... ... ... T.T ..G ..T ..A ... ..C ..C ... ... ..C T.C ... ..T A.. ..A .AT ..A ... ... ... ... ... A.T T.T ... .G. ... A.C ..T ... ... ... A.T ... ..G AGC ... ... ..T ... ..A ..G ..T AG. G.T ... AAA ..C ... ..A ..C ..C ... ... ... ... ... ..G ... C.G C.T C.T ... C.G C.. ..T ..T ..T ..A G.T ... C.. C.. G.T C.. C.T ..C ..C ... ... ..C .AC ..C ..C 
Agos                            ..G ..G ..G ..G ..C ..G ..G ..G CGG ..G CGC ... ... G.G .G. ... ... ... ... ... ..A .CT C.. .GC CG. ... ..C ... ... ..G C.. .GC ... ... .CG ..C ..G ..G ..C ..G G.G G.T ..A .TC ..G ..G ..C G.G .AG .CG ..G C.C C.C C.G C.G C.C C.C C.G C.G ... C.G C.G C.C C.G ..G C.G ..G CAG C.C ... .A. T.. C.. C.. ... ..C ..T ..C ... ... ..A ... ... C.G ..A C.C ... .AC ..C ..C ..C ... ... ... C.G ..G ..G ..G ..G ..G ..G AG. ... ..C ... G.G A.G ... ..A ..G ... ..A ..A ... ..G A.G ..G ..G ..C A.A G.G A.. T.. ..G ... ..G ..G ..G ..C ..G ..G .CG ..G ..G .TG ... ... ... ..T ..T ... ... ... ... ... ... ..C ..C ... ... ... ..C A.C ..C ..C ..C ..C ... ..G ... T.G ..T T.G A.G ..A ... ..A ..G ..G ..G ..G ..C ..A .CG ..G ACA ... ..T ..C ..C .TC ..C ..C ... ... ..T ..G .G. ..G ACG .T. ..T A.. C.G AA. ..G ..C G.C AGT ..G ..G G.. C.G ..G AG. AA. ..G ..T GAG ..A ..G ..G ..A ... ..G GC. ... ... ..C C.C C.T C.G A.. C.C C.. CAG C.. A.G ... ..T C.. A.T C.. C.. ..A ACA ..A C.. C.G ..C ... .AC ... CA. ..C ..C 
Klac                            ... ..G ..G ..G .GG ... ..C ... .G. C.. C.T ... ..T G.A TCG ... ..A ... ... ... ..A ..A .GC TCT ... ... ..C ..C ... ... ... ... ..G GCA C.. ..C ... .GT ..C ..G G.T G.T ..T .TC ..A ..C ... T.A ... ..G .T. ..G C.T ..G C.G ... ... C.T ... ..G ... .AG ... ..G ... ... .A. CA. C.T ..T .CT T.T .AA ..A ..A ..C G.T ..T ..T ..T G.A ... ... G.. T.A T.. ... .CA ..T ... G.C ... ..C T.G T.G ... ... ..G ... ... ... A.G ... ... ... ... AGT ..G ..A ..G ..C ..A ..A ..A ..A A.A A.G AAG ... A.A G.T A.. T.. ..A ..G ... ... ..G ..T ..G C.G ..G ... ... ACG ..T ..T ..T ... ..T .CT C.T ..A ..A ..A .TC ..C ... ... ... ..A ... ... ..C ... ..C ... ... ..T ... ..G ..T ... ..A ..A ..A ... ..C ... ..A ..C ..A ..A ... ..C AAT ..G ..T ... ... .T. ..C ... ... A.T .AG ..T TCA ... A.G ..T ..T G.. C.G C.. ..T A.T G.G A.. ..G ..T ..T C.A ... ..T ..A ..G ..T GAG ..A ... ... ..C G.. ..A GCA ... ... ... C.. ... ..G A.. ... C.C C.C C.T ..A ... ..T C.A .CA ..A ... ..A G.T ..A ... ..G ..C ... ... ..C CA. ..C ... 
Calb                            ... ... ... .G. .T. ... .GT ... ..T ... G.C .TT ..T TT. G.. ..T ..A ..A ..A ..A ..A GT. .CT G.T ..A .TA G.. ... ... ..G C.A ... .G. ... .G. ... ... TT. ..C ..T ..T G.T C.A .TT ... ... ... .G. .A. ... .A. ... ... C.. C.. ... C.. C.. .A. .C. ... C.. C.. ... TCT C.T .A. .A. ... ..T GCA GTG .AA .AT .AA .A. ..T ..T .GA ... ..T ..T ... ..T .GA CCC ... G.A ..T ..G ... ... ... ..C ... ... ... ... ATT ... G.. .G. ..T G.T ... ATC ... ..T ..A ..T ..T ..A ... ... ..A A.A ..T AAA AAA ..A T.. A.T T.A T.A ... ... .GT ..T ..C ... .CT ... ... .CT ..T ..T ..T ..T ..T ..A ..A .GA ..A ..A ..A ... ... ... ... ... ... ... ... ..A ... ... ... ... ..G ..T ATG ..A ATT ATT T.. .TT ... C.. .T. ..A ... ... T.A ..T ..T .AG ..A ..G ... ... A.. ... ... ..G T.. ..G ..T .AA A.. ... ..T ..T .CA AG. AAT ... CA. ... A.T AGT G.G ..A C.A ..A AAT AAT ..A ..A GAA GA. AG. GA. ..A AG. CTG GCT CT. ... ... ..G ..G ..G ... ..G ... .AT ..G A.A ... CAA ..A .AT ... ..A ... ..T ... ... ... ..C ... ... ... A.G ... ... 

    3    2    1    1    2    4    1    1    1    1    1    2    2    2    1
    2    2    1    1    1    2    1    2    1    1    3    1    1    1    1
    1    1    1    1    2    1    1    1    1    2    2    3    1    1    1
    2    2    1    1    1    1    3    4    1    1    2    2    3    1    1
    1    2    1    1    4    2    1    2    1    1    2    2    4    2    2
    1    4    2    2    1    1    1    1    1    1    1    5    1    3    2
    1    1    1    1    2    1    4    1    2    1    2    1    1    1    1
    3    4    1    1    2    1    1    1    2    1    2    1    2    1    1
    1    1    2    2    4    2    2    2    3    2    5    1    1    2    1
    2    2    2    3    1    1    1    1    1    2    1    2    3    1    2
    1    1    1    2    1    2    1    1    2    1    1    1    1    2    2
    2    1    2    2    4    1    1    4    1    1    1    1    1    1    4
    2    2    1    1    1    2    1    1    1    2    1    1    1    1    2
    2    2    1    1    2    1    1    1    2    1    1    2    2    1    1
    1    1    5    2    1    1    1    4    3    2    1    1    2    1    2
    2    1    1    1    1    2    1    1    2    2    2    1    1    1    1
    1    2    2    1    1    1

CODONML (in paml version 4.9j, February 2020)  temp.nuc
Model: One dN/dS ratio, 
Codon frequency model: Fequal
ns =   9  ls = 392

Codon usage in sequences
--------------------------------------------------------------------------------------------------------------------------------------
Phe TTT  10  11   8  10   8   8 | Ser TCT  12  19  18  14  16   5 | Tyr TAT   2   3   3   3   0   3 | Cys TGT   3   1   0   1   4   3
    TTC   3   4   5   3   3   6 |     TCC   8   1   1   5   7  14 |     TAC   2   1   1   1   3   2 |     TGC   1   3   4   3   0   1
Leu TTA  12  11   6  10   4   6 |     TCA  11   8  15  11  10   7 | *** TAA   0   0   0   0   0   0 | *** TGA   0   0   0   0   0   0
    TTG  12  13  11  11  14   8 |     TCG   2   3   0   3   3   6 |     TAG   0   0   0   0   0   0 | Trp TGG   5   5   5   5   7   5
--------------------------------------------------------------------------------------------------------------------------------------
Leu CTT   2   2   3   2   5   7 | Pro CCT   5   1   3   2   5   4 | His CAT   1   1   2   3   4   2 | Arg CGT   2   6   2   2   1   2
    CTC   0   0   0   0   0   0 |     CCC   3   1   1   3   2   0 |     CAC   1   2   0   0   1   0 |     CGC   5   0   3   3   0   0
    CTA   2   5   7   5   6   1 |     CCA   8  10  10   9  10   9 | Gln CAA  12  11  12  13  12   8 |     CGA   0   0   0   0   2   0
    CTG   2   2   2   2   1  10 |     CCG   1   5   3   3   0   5 |     CAG   1   1   1   0   1   6 |     CGG   0   2   2   2   0   3
--------------------------------------------------------------------------------------------------------------------------------------
Ile ATT   8   2   5   7  17   8 | Thr ACT   6   3   3   7   4   3 | Asn AAT  11  10  12   7  17  17 | Ser AGT   1   6   4   2   4   1
    ATC   7   4   9   8   4  11 |     ACC   3   5   7   4   3   5 |     AAC   9   6   9  13   6   6 |     AGC   5   0   2   2   1   4
    ATA   6   7   8   6   5   0 |     ACA   7   9   7   3   6   6 | Lys AAA  18  17  13  20  30  30 | Arg AGA  36  29  32  36  36  31
Met ATG  11  12  10  11   5   5 |     ACG   2   2   3   4   2   1 |     AAG  15  21  23  13   7  13 |     AGG   8  11   9   8   3  10
--------------------------------------------------------------------------------------------------------------------------------------
Val GTT   4   6   5   3   5   5 | Ala GCT  15  12  12  15  13  16 | Asp GAT  19  10  19  17  24  11 | Gly GGT  11  10  13  13   7  13
    GTC   3   2   2   4   0   1 |     GCC   7   9   9   8   7   9 |     GAC  10  16   7  11   3  15 |     GGC   3   1   1   4   3   0
    GTA   1   0   1   1   3   0 |     GCA   3   5   4   4   7   3 | Glu GAA  25  30  25  27  23  23 |     GGA   2   1   0   1   2   3
    GTG   0   1   0   0   1   0 |     GCG   2   2   2   0   0   4 |     GAG   6   3   6   4   9   7 |     GGG   0   8   2   0   6   0
--------------------------------------------------------------------------------------------------------------------------------------

--------------------------------------------------------------------------------------
Phe TTT   4   5  10 | Ser TCT   4  10   4 | Tyr TAT   1   2   5 | Cys TGT   0   5   3
    TTC   5   5   4 |     TCC   2   7   2 |     TAC   2   0   0 |     TGC   5   0   0
Leu TTA   3   8  15 |     TCA   6   6  20 | *** TAA   0   0   0 | *** TGA   0   0   0
    TTG   2  11  11 |     TCG  14   5   0 |     TAG   0   0   0 | Trp TGG   5   5   4
--------------------------------------------------------------------------------------
Leu CTT   1   1   0 | Pro CCT   2   0   9 | His CAT   3   6   2 | Arg CGT   0   9   3
    CTC   4   4   0 |     CCC   0   1   1 |     CAC   2   1   0 |     CGC  15   0   0
    CTA   3   6   0 |     CCA   4  12   9 | Gln CAA   0  13  11 |     CGA   0   0  12
    CTG  13   0   2 |     CCG   5   3   0 |     CAG  18   8   0 |     CGG  23   1   0
--------------------------------------------------------------------------------------
Ile ATT   8  12  27 | Thr ACT   1   7  12 | Asn AAT   5   7  17 | Ser AGT   1   6  14
    ATC  14   4   6 |     ACC   3   3   1 |     AAC  15   8   0 |     AGC   6   3   0
    ATA   5   4   6 |     ACA   4   4   2 | Lys AAA   4  18  35 | Arg AGA   3  22  19
Met ATG   6   7   9 |     ACG  18   3   0 |     AAG  24  17   1 |     AGG  10  10   0
--------------------------------------------------------------------------------------
Val GTT   2  11   7 | Ala GCT   4  14  15 | Asp GAT  10  22  34 | Gly GGT   3   8  12
    GTC   2   3   0 |     GCC   4   4   0 |     GAC  21   9   5 |     GGC   9   3   0
    GTA   1   1   1 |     GCA   8  18   7 | Glu GAA   4  14  22 |     GGA   0   1   2
    GTG   4   0   5 |     GCG  21   2   3 |     GAG  25  12   1 |     GGG   1   1   2
--------------------------------------------------------------------------------------

Codon position x base (3x4) table for each sequence.

#1: Scer           
position  1:    T:0.21173    C:0.11480    A:0.39031    G:0.28316
position  2:    T:0.21173    C:0.24235    A:0.33673    G:0.20918
position  3:    T:0.28571    C:0.17857    A:0.36480    G:0.17092
Average         T:0.23639    C:0.17857    A:0.36395    G:0.22109

#2: Sbay           
position  1:    T:0.21173    C:0.12500    A:0.36735    G:0.29592
position  2:    T:0.20918    C:0.24235    A:0.33673    G:0.21173
position  3:    T:0.26276    C:0.14031    A:0.36480    G:0.23214
Average         T:0.22789    C:0.16922    A:0.35629    G:0.24660

#3: Smik           
position  1:    T:0.19643    C:0.13010    A:0.39796    G:0.27551
position  2:    T:0.20918    C:0.25000    A:0.33929    G:0.20153
position  3:    T:0.28571    C:0.15561    A:0.35714    G:0.20153
Average         T:0.23044    C:0.17857    A:0.36480    G:0.22619

#4: Spar           
position  1:    T:0.20408    C:0.12500    A:0.38520    G:0.28571
position  2:    T:0.21173    C:0.24235    A:0.33673    G:0.20918
position  3:    T:0.27551    C:0.18367    A:0.37245    G:0.16837
Average         T:0.23044    C:0.18367    A:0.36480    G:0.22109

#5: Ncas           
position  1:    T:0.20153    C:0.12755    A:0.38265    G:0.28827
position  2:    T:0.20663    C:0.24235    A:0.35714    G:0.19388
position  3:    T:0.34184    C:0.10969    A:0.39796    G:0.15051
Average         T:0.25000    C:0.15986    A:0.37925    G:0.21088

#6: Cgla           
position  1:    T:0.18878    C:0.14541    A:0.38520    G:0.28061
position  2:    T:0.19388    C:0.24745    A:0.36480    G:0.19388
position  3:    T:0.27551    C:0.18878    A:0.32398    G:0.21173
Average         T:0.21939    C:0.19388    A:0.35799    G:0.22874

#7: Agos           
position  1:    T:0.13520    C:0.23724    A:0.32398    G:0.30357
position  2:    T:0.19643    C:0.25510    A:0.34184    G:0.20663
position  3:    T:0.12500    C:0.27806    A:0.11480    G:0.48214
Average         T:0.15221    C:0.25680    A:0.26020    G:0.33078

#8: Klac           
position  1:    T:0.17602    C:0.16582    A:0.34439    G:0.31378
position  2:    T:0.20918    C:0.25255    A:0.34949    G:0.18878
position  3:    T:0.31888    C:0.14031    A:0.32398    G:0.21684
Average         T:0.23469    C:0.18622    A:0.33929    G:0.23980

#9: Calb           
position  1:    T:0.19898    C:0.12500    A:0.38010    G:0.29592
position  2:    T:0.26276    C:0.21684    A:0.33929    G:0.18112
position  3:    T:0.44388    C:0.04847    A:0.41071    G:0.09694
Average         T:0.30187    C:0.13010    A:0.37670    G:0.19133

Sums of codon usage counts
------------------------------------------------------------------------------
Phe F TTT      74 | Ser S TCT     102 | Tyr Y TAT      22 | Cys C TGT      20
      TTC      38 |       TCC      47 |       TAC      12 |       TGC      17
Leu L TTA      75 |       TCA      94 | *** * TAA       0 | *** * TGA       0
      TTG      93 |       TCG      36 |       TAG       0 | Trp W TGG      46
------------------------------------------------------------------------------
Leu L CTT      23 | Pro P CCT      31 | His H CAT      24 | Arg R CGT      27
      CTC       8 |       CCC      12 |       CAC       7 |       CGC      26
      CTA      35 |       CCA      81 | Gln Q CAA      92 |       CGA      14
      CTG      34 |       CCG      25 |       CAG      36 |       CGG      33
------------------------------------------------------------------------------
Ile I ATT      94 | Thr T ACT      46 | Asn N AAT     103 | Ser S AGT      39
      ATC      67 |       ACC      34 |       AAC      72 |       AGC      23
      ATA      47 |       ACA      48 | Lys K AAA     185 | Arg R AGA     244
Met M ATG      76 |       ACG      35 |       AAG     134 |       AGG      69
------------------------------------------------------------------------------
Val V GTT      48 | Ala A GCT     116 | Asp D GAT     166 | Gly G GGT      90
      GTC      17 |       GCC      57 |       GAC      97 |       GGC      24
      GTA       9 |       GCA      59 | Glu E GAA     193 |       GGA      12
      GTG      11 |       GCG      36 |       GAG      73 |       GGG      20
------------------------------------------------------------------------------


Codon position x base (3x4) table, overall

position  1:    T:0.19161    C:0.14399    A:0.37302    G:0.29138
position  2:    T:0.21230    C:0.24348    A:0.34467    G:0.19955
position  3:    T:0.29053    C:0.15816    A:0.33673    G:0.21457
Average         T:0.23148    C:0.18188    A:0.35147    G:0.23517

Codon frequencies under model, for use in evolver (TTT TTC TTA TTG ... GGG):
  0.01639344  0.01639344  0.01639344  0.01639344
  0.01639344  0.01639344  0.01639344  0.01639344
  0.01639344  0.01639344  0.00000000  0.00000000
  0.01639344  0.01639344  0.00000000  0.01639344
  0.01639344  0.01639344  0.01639344  0.01639344
  0.01639344  0.01639344  0.01639344  0.01639344
  0.01639344  0.01639344  0.01639344  0.01639344
  0.01639344  0.01639344  0.01639344  0.01639344
  0.01639344  0.01639344  0.01639344  0.01639344
  0.01639344  0.01639344  0.01639344  0.01639344
  0.01639344  0.01639344  0.01639344  0.01639344
  0.01639344  0.01639344  0.01639344  0.01639344
  0.01639344  0.01639344  0.01639344  0.01639344
  0.01639344  0.01639344  0.01639344  0.01639344
  0.01639344  0.01639344  0.01639344  0.01639344
  0.01639344  0.01639344  0.01639344  0.01639344


TREE #  1:  (((((1, 4), (3, 2)), 5), 6), ((7, 8), 9));   MP score: 1313
This is a rooted tree.  Please check!
lnL(ntime: 16  np: 18):  -6883.505196      +0.000000
  10..11   11..12   12..13   13..14   14..1    14..4    13..15   15..3    15..2    12..5    11..6    10..16   16..17   17..7    17..8    16..9  
 0.186324 0.171044 0.532905 0.043034 0.139247 0.110763 0.004522 0.196090 0.619022 0.800763 0.777551 0.149153 0.864468 1.725255 1.331380 4.033620 2.081115 0.053802

Note: Branch length is defined as number of nucleotide substitutions per codon (not per neucleotide site).

tree length = 11.685142

(((((1: 0.139247, 4: 0.110763): 0.043034, (3: 0.196090, 2: 0.619022): 0.004522): 0.532905, 5: 0.800763): 0.171044, 6: 0.777551): 0.186324, ((7: 1.725255, 8: 1.331380): 0.864468, 9: 4.033620): 0.149153);

(((((Scer: 0.139247, Spar: 0.110763): 0.043034, (Smik: 0.196090, Sbay: 0.619022): 0.004522): 0.532905, Ncas: 0.800763): 0.171044, Cgla: 0.777551): 0.186324, ((Agos: 1.725255, Klac: 1.331380): 0.864468, Calb: 4.033620): 0.149153);

Detailed output identifying parameters

kappa (ts/tv) =  2.08111

omega (dN/dS) =  0.05380

dN & dS for each branch

 branch          t       N       S   dN/dS      dN      dS  N*dN  S*dS

  10..11     0.186   846.9   329.1  0.0538  0.0105  0.1950   8.9  64.2
  11..12     0.171   846.9   329.1  0.0538  0.0096  0.1790   8.2  58.9
  12..13     0.533   846.9   329.1  0.0538  0.0300  0.5576  25.4 183.5
  13..14     0.043   846.9   329.1  0.0538  0.0024  0.0450   2.1  14.8
  14..1      0.139   846.9   329.1  0.0538  0.0078  0.1457   6.6  47.9
  14..4      0.111   846.9   329.1  0.0538  0.0062  0.1159   5.3  38.1
  13..15     0.005   846.9   329.1  0.0538  0.0003  0.0047   0.2   1.6
  15..3      0.196   846.9   329.1  0.0538  0.0110  0.2052   9.3  67.5
  15..2      0.619   846.9   329.1  0.0538  0.0348  0.6477  29.5 213.1
  12..5      0.801   846.9   329.1  0.0538  0.0451  0.8379  38.2 275.7
  11..6      0.778   846.9   329.1  0.0538  0.0438  0.8136  37.1 267.7
  10..16     0.149   846.9   329.1  0.0538  0.0084  0.1561   7.1  51.4
  16..17     0.864   846.9   329.1  0.0538  0.0487  0.9046  41.2 297.7
  17..7      1.725   846.9   329.1  0.0538  0.0971  1.8053  82.3 594.0
  17..8      1.331   846.9   329.1  0.0538  0.0750  1.3931  63.5 458.4
  16..9      4.034   846.9   329.1  0.0538  0.2271  4.2207 192.3 1388.9

tree length for dN:       0.6578
tree length for dS:      12.2270


Time used:  0:10
