      9   1179

Scer                            AAG ATG GTG AAG ATG AAC CTG CTG CGC CAA TTT CTG CCC GGT AGA CTT TAT GTG GCT AAG GGT GCC GCT GTT TTT AAA TCC ATT GAC TAT ATT GCC GTT GGA AAG GCA ATA GAC AAA AGG ATT ACG CGT TAC CAA AGA GAC AGC AAG GTA GTG AGC GGT CCT CAC GTA TTC CAC GGG CCC TTC GGT TGT GAC AGA GTG CGT GTG GCT AGA ATC ACC ATT TCT CAA GAG GGC GGC TTT TAT CTT TCT TTG CAT GTT GTC TAT ATG ATT GGC GGA TAT AGA TTA GAA CTT CCT AAG TAT GGA ATA ACT GGT TTT TTA CAG GAT CGA GTT GAT GAA GAT ATG AGA TCT TAT AAT CGC GAT CAC CAT TTT TGC AGA CGG TCT TGC ATG CTC AGG TCC GTC TTT GAT GGT GAT CAG CGT CGG GGT AAA ATT TGT ACG GGC TCC AAT GTC GAA TTG TTA TAC AGG AGA CAC GCT CAT TAC CAT CAT GGT GAT AGA TTG GAG GAC ACA TTA TTT GGC GAT GAT AAG ATC TTC GCA TGG TTC GTT CTT TTC AAA GTC GCA CTG GCT TAT ATT CTT AAG ATT CAA GAG TCT ATG GAT TTT CGG AGA AGC GTG AAC CGG CCG AGA AGA GTG CTC ACG AAC ATT GAC ATG TTG GAC GGT TCT GAC ATT GCC CCG ATG ATG ATG CCC ATT CGT GTC GCT AAG TTT ATG GAC ATT TCT TAT AAG TCT GAG GTA TTC GAC GAT GAC TAC AGA AAC ATT GTC TTG CTT AGC GGT GAC TAT GAA ATT AGG TTG GAC AAG ATT AAC CAG CTA GGA GGA GAA CTG AAG AAG ATT ATC TAC TAT AAT AAC GTG TCT TTG GAT TTT TTC AAA ACG ACC GAG TCT GAC TCT GAA TTC AGG GAC AAT CAG AAT TCT ACT TTG GCC GAC ATA CTA CTT GTT GAA CAT AGA TTC ACG TAC GAT ATC ATG CAA AAG TTG CGT AGT ATC GAC GGC GCT ACT CAA TTG GCA CTA AAT AAC TAC TTT CTA TTG TAT CAG ATG AAA ACT TTG GAA GGC AGA TGC CAT ATC TTG TGT AAG CTT TCG GTT GTT AAA GAC AAT GGC AAG AGC TTA ATG CCT AAG ATT AGA CAT CTT TCT TAC GAC GCA TCC GCT AAC TCT TTG CAA ATT GAC TAC GAT CGT AGA ACT AAG TGG TTC CGA AAG CCT GAC ATG 
Sbay                            GAA ATG GTG AAA ATG AAC CTC CTA CGT CAA TTC TTG CCA GGT AGA CTG TAC GTG GCT GAA GGT GCT GCT GTC TTT AAA TCT ATC GAC TAC ATT GCT GTT GGA CGT GCA ATA GAT AAA AGA ATC ACT CGT TAC CAA AGA GAC AGC AAG GTT GTG AGC GGC CCT CAC GTT TTC CAC GGT CCA TTC GGT TGC GAT AGA GTG CGT GTG GCT AGA ATC ACT ATT TCC CAA GAG GGC GGC TTT TAC CTT GCC CTG CAC GTC GTC TAT ATG ATC GGC GGG TAC AGA CTC GAA CTG CCA AAA TAT GGG ATA ACT GGT TTT TTG CAG GAC CGA GTC GAC GAA GAT ATG AGA TCC TAT AAC CGT GAT CAC CAC TTT TGT AGA CGG GCC TGT ATG CTT AGG TCC GTC TTC GAC GGT GAT CAG CGT CGG GGC AAA ATC TGT ACT GGC TCC AAC GTG GAG CTG TTG TAC AGA AGA CAC GCT CAC TAC CAC CAC GGT GAA AGA TTG GAG GAT ACA TTG TTC AAT GAT GAA AGA ATC TTT GCC TGG TTT GTC CTT TTC AAA GTC GCC TTG GCT TAT ATT CTC GAA ATC CAA GAG TCC ATG GAC TTC CGG AGA GCA GTG AAC CGG CCC AGA AGA GTG CTT ACG AAC ATC GAC ATG CTG GAT GGT TCC GAC ATT GCC CCA ATG ATA ATG CCC ATC CGT GTC GCT AAA TTC ATG GAC ATT GCC TAC AAG TCT GAG GTT TTC GAT GAT GAC TAC AGA AAC ATC GTG CTG CTG AGT GGT GAC TAC GCT ATT AGA TTA GAC GAA ATT AAC CAG CTG GGG GGT GAA CTC AAG AAG ATT ATC TAT TAC AAT AAC GTG TCT TTG GAT TTC TTC AAG ACT ACC GAG TCC GAC GCC GAA TTT AGA GAC AAT CAG AAT TCC ACC TTG GCC GAT ATA TTA CTT GTT GAA CAC AGA TTC ACT TAC GAT ATC ATG CAA AAG CTA CGT AGT ATC GAC GGC GCT ACC CAA TTG GCC TTA AAT AAT TAT TTC TTA CTG TAT CAG ATG AAA ACC TTG GAA GGC AGA TGT CAC ATC CTA TGT CGT CTG TCG GTC GTT AAA GAT AAT GGG AAG AGT TTG ATA CCC AAG ATT AGA CAC CTT TCC TAT GAC GCA TCT GCT AAT TCC TTG CAA ATC GAT TAC GAC CGT AGA ACC AAG TGG TTC CGA AAG CCT GAT ATG 
Smik                            GAG ATG GTG AAA ATG AAC CTG TTA CGT CAA TAC TTG CCC GGT AGA CTT TAT ACT GCT GAG GGT GCT GCT GTC TTT AAA TCT TTG GAC TAT ATT GCT GTT GGA AGA GCA ATA CAG GGA AGG ATT ACT CGT TAC CAA AGA GAC AGC AAG GTA GTA AGC GGC CCT CAC GTA TTC CAC GGA CCC TTT GGT GGC CAG ATT GTG CGT GTG GCT ATT CAA ACT ATT TCG CAA GAA GGT GGT TTT TAT CTT GCC CTA TAC GTT GTC TAT ATG ATT GGT GGA TAT AGA TTA GAA CTT CCA AAG TAC GGA ATA ACT GGT TTT TTG CAA GAT CGA GTT GAT GAA GAT ATG AGA TCC TAC AAT CGT GAT CAC CAT TTT TGT AGA AGG GCC TGT ATG CTT AGA TCC GTC TTT GAT GGT GAT CAG CGT AGG GGC AAA TTG TGT ACC GGC TCT AAC ATT GAA TTG TTA TAC AGG AGA CAC GCA CAT TAT TAC TAC GGT GAA AGA AAA GAG GAT ACG TTG TTG GGG AAT GAA AGA ATA TTT ACT TGG TTT GTT CTT TTC AAA GTC GCT TTG GCT TAT ATC CTT GAG ATT CAA GAG TCC ATG GAT TTG AGG AGA AAC TTA AAC AGG CCC AGA AGA ACT CTT AGC AAC ATT ACC ATG CTA CAG GGT TCC GAC ATT GCC CCC ATG ATG ATG CCC TTG CGT GTC GCT AAA TTG ATG GAC ATT GCC TAT AAG TCT GAG GTG TTC TCC GAT GAC TAT AGA AAT TTG ATT TTG CTG GGT GGT GAT TAC GCT ATT AGA TTA GAT GAG ATT AAC CAA TTG GGA GGA GAA CTG AAG AAG ATT CAA TAC TAT AAT AAC GTC TCT CTG GAT TTT TTC AAG ACC ACC GAG TCC GAC GCC GAA TTT AGG ACC AAT CAG AAT TCT AGA TTG GCC CAG ATA CTA CTT GTT GAA CAT AGA TTC ACT TAC GAT ATC ATG CAA AAG TTG CGT AGT CAA GAC GAT GCT ACA CAA CTG GCT TTG AAT AAC TAT TTT TTG TTG TAT CAA ATG AAA ACA AAA GAA GGT ATT TGT TAC ATC TTG TGT AGA CTT TCG GTC GTT AAA GAC AAT GGT AAG GGT TTG ATG CCT AAG ATT AGA TAC CTT TCG TAT GAC GCA TCT GCT AAT TCC TTG CAA ATT CAG TAC GAT CGT AGA GTT AAG TTC TTC CGA AAG CCT CAG ATG 
Spar                            GAG ATG GTG AAG ATG AAC CTT TTG CGC CAG TTT TTG CCC GGT AGA CTT TAT GTG GCT GAG GGT GCT GCT GTC TTT AAA TCC ATT GAC TAT ATT GCT GTT GGA AGA GCA ATA GAT AAA AGG ATT ACT CGT TAC CAA AGA GAC AGT AAG GTA GTG AGC GGT CCT CAC GTA TTT CAC GGG CCC TTC GGT TGT GAT AGA GTG CGT GTG GCT AGA ATC ACT ATT TCC CAG GAA GGC GGC TTT TAT CTT GCC TTG CAT GTT GTC TAT ATG ATC GGC GGA TAT AGA TTA GAA CTT CCT AAG TTC GGA ATA ACT GGT TTT TTG CAA GAT CGA GTA GAT GAA GAT ATG AGA TCC TTC AAT CGC GAT CAC CAT TTT TGC AGA CGG GCC TGC ATG CTT AGG TCA GTC TTT GAT GGT GAT CAG CGT CGG GGT AAA ATT TGT ACC GGC TCC AAT GTT GAG TTG TTA TAC AGG AGA CAC GCT CAT TAC CAT CAT GGT GAT AGA TTG GAG GAC ACG TTG TTT AAC GAT GAT AGA ATT TTC GCA TGG TTC GTT CTT TTC AAA GTT GCC TTG GCT TAT ATT CTT GAG ATC CAA GAG TCC ATG GAT TTT CGG AGA AGC GTG AAC CGG CCG AGA AGA GTG CTT ACG AAC ATT GAT ATG TTG GAT GGT TCC GAT ATT GCC CCG ATG ATG ATG CCC ATT CGT GTC GCC AAG TTT ATG GAC ATT GCC TAT AAA TCT GAG GTA TTC GAT GAT GAT TAC AGA AAC ATT GTT TTG CTT AGC GGT GAT TAT GCT ATC AGG TTG GAT GAG ATT AAC CAA CTA GGA GGA GAA CTT AAA AAG ATT ATC TAC TAT AAC AAC GTG TCC TTG GAT TTC TTC AAA ACC ACT GAG TCC GAC GCC GAA TTC AGG GAT AAT CAG AAT TCC ACT TTG GCC GAT ATA CTA CTT GTT GAA CAT AGA TTC ACT TAC GAT ATC ATG CAA AAG TTG CGT AGT ATC GAC GGT GCT ACT CAG TTG GCC TTA AAC AAC TAT TTT TTA TTG TAT CAA ATG AAG ACT TTG GAA GGC AGA TGC CAT ATC TTG TGT AGA CTT TCG GTT GTT AAA GAC AAT GGC AAG AGC TTA ATG CCT AAG ATT AGG CAT CTT TCC TAT GAT GCA TCC GCT AAT TCC TTG CAA ATC GAT TAC GAT CGT AGA ACT AAG TGG TTC CGA AAG CCT GAT ATG 
Ncas                            AAG ATG GTC AAG ATG AAT TTA CTA CGT CAA TTC TTG CCT GGG AGA GGG TAT GTC GCT AAG GGG GCA GCC ATT TTT AAG TCG ATA GAT TAT ATA GCA GTC GGT AAG GCG ATT GAT AAA CGT ATT ACC CGT TAT CAA AGA GAC AGC AAG GTC GTT AGT GGG CCA CAT GTC TTC CAT GGA CCT TTC GGT TGT GAT AGA GTC AGG GTG GCA AGA ATC ACG ATA TCC CAA GAG GGC GGC TTT TAT CTT AAA TTA CAC GTT GTC TAT ATG ATA GGC GGT TAT AGA TTA GAA CTT CCG AAA TAT GGT ATT ACT GGG TTT TTA CAG GAT CGA ATT GAC GAA GAT ATG AGA TCT TAT AAT CGT GAT CAT CAT TTT TGT AGA CGT AAA TGT ATG CTT AGA TCA GTC TTT GAA GGT GAT CAA AGA CGT GGG AAG ATA TGT ACT GGT TCA AAT GTT GAA GTT TTG TAC CGT AGA CAC GCA CAT TAC CAC CAC GGT GAG AGA TTA GAA GAT ACC TTA TTT GGT GAC GAG AAA ATT TTC GCT TGG TTC ATT CTT TTC AAG GTT GCT TTG GCA TAT ATT TTG AAG ATT CAA GAG TCA ATG GAT TTT CGT AGA CAA GTC AAT CGT CCC AGA AGA GTC CTT ACT AAT ATT GAC ATG TTA GAT GGT TCT GAT ATT GCC CCA ATG ATT ATG CCA ATA AGG GTG GCA AAG TTT ATG GAT ATC AAA TAT AAG TCT GAG GTC TTC GAT GAT GAT TAC AGA AAT ATA GTT GTT GTT AGC GGT GAT TAC GAA ATC AGA TTA GAT AAG ATT AAT CAG CTT GGT GGT GAA TTA AAG AAA ATT ATC TAT TAT AAT AAC GTG TCT TTA GAC TTT TTT AAA ACT ACT GAA TCA GAT AAA GAA TTC CGT GAC AAC CAA AAT CCA ACA TTG GCC GAT ATT TTG TTA GTT GAA CAT AGA TTC ACC TAC GAT ATT ATG CAA ACT TTG CGA AGT ATC GAC GGT GCA GCT CAA TTA GCT TTG AAT AAC TAC TTT TTG GTT TAT CAG ATG AAG GCT TTA GAA GGC AGA TGT CAC ATT TTG TGT AAG GGG CCA GTA GTC AAG GAC AAC GGT ACT AGC TTA ATT CCA ACT ATT AGA CAC TTA TCC TAC GAT GCG TCG GCT AAT TCT TTG CAA ATT GAT TAC GAC CGT AGA ACT AAG TGG TTT CGA AAG CCA GAT ATG 
Cgla                            GAG ATG GTT AAA ATG AAC CTA TTA CGA CAA TTC TTG CCT GGT TCG CTG TAT GTC GCT GAG GGT GCT GCT CGA TTT AAG TCT GTC GAC TAT ATA GCT GTG GGT AGA GCC GTG GAT AAA AGA ATC ACC AGG TAC CAA AGA AAT AGC AAA GTA GTC TTG GGA CCT CGA GTA TTT CAT GGT CCT TTT GGT TGT GAT AGA GTT AGA GTT GCT AGA ATC ACA ATA GCT CAA GAA GGC GGC TTT TAC CTC CTA CTT CAC GTC TTG TAT TTG TTG GGC GGA TAT AGA TTA GAA CTA CCC AAG TTT GGA GTG ACC GGT TAC TCA GAG GAT CGA ACA GAT GAA GAT ATG TCG TCA TTT AAC CGA GAT CAT GGT TAC TGT AGA AGG CTA TGT ATG CTA AGA TCA TTG TTT GAA GGT GAT CAA AGA AGG GGA AAG GTC TGC ACG GAA TCT AAT GTC GAG GTC TTG TAC AGA AGA CAC AGT CAT TAT CAC CAC GGT GAT AGA CTA GAA GAT ACA TCA TTC GGA GAT GAT AGA ATT TTT GCG TGG GTT GTC CTC TTT AAG GTT GCC TTG GCT TAC ATC ATT GAG ATC CAA CAG TCT GTG GAT TTC AGG AGA AAT GTG AAG AGG CCT TCG AGA GTC CTA ACT AAT ATC GAC ATG CTT GAT GGT TCA CTG ATT GAT CCT ATG ATT ATG CCG GTC AGA CTG GCT AAA TTC ATG GAC ATC CTA TAT AAA TCT GAA GTG TTT GAT GAC CTG TAC AGA AAT GTC GTC GTC CTA AGC GGT GAT TAC GCA ATT AGA CTG GAT GAG ATT AAG GAG CTT GGA GGT GAA CTA AAA AAG ATT ATC TAC TAT AAT AAC GTA TCA CTA GAC TTT TTT AAA ACG ACG GAA TCT GAT CTA GAA GTT AGA GAC AAT CAA AAC ACC ACC TTG GAT GAT ATA TTG CTA GTC GAA CAT AGA TAC ACC TAC GAT ATT ATT CAA AAA CTA AGA AGT ATC AAT GGA GCT GCA CAG CTA GCC TTA AAT AAC TAT TTT TTA GTC TAC GAG ATT AAG GCA CTA GAA GGC AGA TGT CAC ATC CTA TGT AGA CTG GGG GTG GTG AAG GAT AAT GGT AAA AGC TTA ATT ACA AAA ATT AGA CAC CTA GCT TAT GAT GCC TCT GCA AAC TCA TTG CAA ATC GAT TAC GAT CGT AGA ACA AAA TGG TTT CGA AAA CCT GAT ATG 
Agos                            GAG ATG GTG AAG ATG AAC GAG TTG CGG CAG TTT TTG CCA GGT CGC GAT TAC GTC GCG GAG GGT GCC GCC GTC TTC AAG TCT ATA GAC TAC ATT GCC GTT GGC AGA GGC GTC GAC AAG CGT ATT AGC CGC TAC CAG AGA GAG TCC AAG GTG GTG AGC GGC CCT CAC GTG TTC CAC GGC CCA TTC GGT TGC GAC CGC GTG AGG GTG GCA CGC ATC ACC ATT TCC CAG GAG GGC GGC TTC TAT CTG TCT CTC CAC GTG GTC TAC GTG ATC GGC GGT TAT CGG TTG GAG CTA CCG AAG TTC GGT GTC ACC GGT TAC CTG GCC GAC CGC GTC GAC GAA GAC ATG CGC TCG TTC AAC CGG GAC CAC CCT TAC TGC CGG CGC TCT TGC ATG CTG CGC TCC GTC TTT GAC GGT GAG CAG CGG CGC GGC AAA ATA TGC ACT GGC TCC AAC GTG GAG CTG TTG TAT CGT CGG CAC GCC CAC TAC CAC CAC GGA GAG AGA CTG GAA GAA ACC CTG TTC GGA GAC GAG AGA ATT TTC GCG TGG TTC GTG CTG TTC AAG GTC GCG TTG GCG TAC GTC CTG GAG GTC CAG GAG TCT AAG GAT TTC CGC AGA GGC GTG GCC CGC CCG CGC AGA GTC CTG ACA AAC ATT AAC ATG CTC GAC GGA TCG GAC ATC ACC CCG ATG ATC ATG CCT ATA AGG ATC GCA AAG TTC ATG GAC ATC TCT TAC AAA TCG GAG GTG TTC GAT GAT GAC TTT AGA AAC ATA GTG CTG TTG AGC GGC GAC TAC GCT ATT CGG CTC GAC GAG ATC GCC GCC TTG GGT GGC GAG GAG AAA AAG ATC ATC TAT TAC AAC AAC GTC TCT CTG GAC TTT TTC AAG ACT ACG GAA TCT GAC TCT GAG TTC CGT AAC AAC CAG AAC GCG ACC TTG ACC GAC ATC TTG CTG GTG GAG CAC CGG TTC AGC TAT GAC ATC ATG CAG AAG TTA CGC GGC ATC GAG GGC GCG GCT CAG CTG GCG CTG AAC AAC TAT TTT CTG CTG TAT GCC ATG CAA GCT CTG GAG GGC CGC TGC CAC ATC TTA TGT AGA GAT TCG ATC GTT AAG GAC AAC GGC AAG AGC CTG ATC CCA AAG ATC CGC CAC CTG TCC TAT GAC GGC TCT ACA AAC TCG TTG CAG GTC GAC TAT GAC CGT AGA ACC AAG TGG TTC CGC AAG CCT GAC ATG 
Klac                            GAA ATG GTC AAG ATG AAC GAA CTA CGT CAA TTT TTG GCC GGT AAG TTG TAT GTC GCA GAA GGT GCC GCT GTA TTT AAA TCT ATC GAC TAT ATA GCC GTT GGT AGA TCG GTC GAT AAA AGA ATT TCT AGG TAT CAA AGA GAT TCC AAG GTT GTT ACT GGG CCT TTC GTT TTC CAT GGT GCC TTC GGT TGC GAT AGA GTC AGA GTT GCT AGA ATC ACT ATA TCT CAA GAA GGT GGT TTT TAT CTT CAA CTA CAC GTT GTT TAT ATT ATC GGT GGA TAT AGA CTT GAA ATC CCA AAG TAC GGA GTC ACC GGT TAT TTG ATT AAT AGA ATT GAT GAG GAC ATG AAG TCC TAC AAC CGT GAT CAT CAG TAT TGC AGA CGT CAA TGC ATG TTA AGA TCT GTT TTT GAT GGT GAT CAA AGG CGT GGG AAA ATC TGT ACT GGT TCA AAT GTA GAA TTG TTG TAC AGA AGA CAC TCA CAT TAC CAC CAC GGG GAC AGA TTG GAA GAG ACC TTG TTT GGT GAC GAC AGA ATC TTT TCC TGG TTC CTA CTT TTC AAA GTA GCC TTG GCC TAT ATC TTG GAA ATT CAG GAA TCC AAA TCT TTT CGT AGA AGC GTA AAT CGT CCG AAG AGA GTC TTA ACC AAC ATT AAT ATG CTA GAT GGG TCC GAT ATT GCT CCT ATG ATC ATG CCT ATC AGA GTC GCT AAG TTT ATG GAC ATC CAA TAT AAA TCT GAA GTT TTC GAT GAT GAT TAC AGA AAT ATC GTA TTG CTA TCC GGT GAT TAT GCT ATC AGA TTA GAT GAA ATT AAT ATT TTG GGA GGT GAA GAA AAA AAG ATT ATC TAC TAT AAC AAC ATA TCT TTG GAT TTC TTT AAG ACT ACT GAA TCC GAT CAA GAA TTC AGA AAT AAC CAA AAC TCT ACT CTT GCT GAT ATT CTA TTA GTG GAA CAT AGA TTC TCT TAC GAC ATC ATG CAA AAA TTG AGA GCA ATC GAT GGT GCC GCA CAA TTG GCC TTG AAC AAC TAC TTT TTG TTG TAT ATT ATG CAA GCA TTG GAA GGT AGA TGC CAC ATC TTG TGT AGA TTG GAT GTA GTT AAA GAC AAC AGT AAA TCC CTC ATC CCC AAA ATT AGA CAC TTA TCT TAC GAT TCG TCT GCT AAT TCC CTT CAG ATT GAT TAC GAT AGA AGA ACT AAG TGG TTT AGA AAG CCT GAT ATG 
Calb                            GAA ATG ATT AAA ATG AAC GAA TTA CGT CAA TTT TTG AAT GGT ATG ATA TAC GTG GCT GAA GGT GCT GCC CAA TTC AAA GGT ATT AAT TAC ATA GCT GTT GGT AGA GCA GTA GAA AAA ATA ATT ACT CGA TAC CAA AGA GAT GGA AAA GTT GTA AGA GGT CCA AAG GTT TAT CAT GGG AAT TTC GGT TGT GAA AGA ATT CGT GTT GCT AGA ATT ACA ATA TCT CAA GAA GGA GGA TTC TAC TAT CAA TTA CAC GTT TGC TAC CTA ACT GGA GGA TAT AGA TTA GAA TTA CCA AAA TTC GGA GTA ACC GGT TAT GTT ATC GAT CGA ATA GAT GAA GAC ATC ATG TCA TTC AAC CGT GAT CAT ACT TAT ATT AGA CGT CAA ATT ATG ATG CGA TCA TGC TTT GTT GCA GAA TCA AGA CGT GGT AAA ATT TGT ACG GGA TCC AAT GTC GAA CTC TTG TAT ATA AGA CAC GAA CAT GTT CAC CAC GGC AGT AGA TTG GAT GAA ACC GTT TTC AAC GAC AGT AGA ATA TTT TCA TGG TTG ATT TAT TTT AAA GTG GCA TTG GCA TAC ATT TTA GAA ATC CAA GAA GGA GTG GAA TTC CGT AGA AGT GTA GAC CGT CCA ATG AGA GTG ATG ACT AAT ATT GAC ATG TTA GAA GGC TCA AGT ATT GTT CCT ATG ATA ATG CCT ATT CGT CTA GCC AAA TTC ATG AAT ATT CAA TAC AAA TCT GAT GTC TTT GAC GAT AGT TAC AGA AAT ATT GTC CTC GTT TCC GGT GAT TTC GCT ATT AGA TTA GAT GAA ATT GAC ATC TTA GGA GGC GAA GAA AAA AAG ATT ATT TAC TAC AAT GGT ATA TCT TTA GAT TTT TTC AAA ACG ACA GAT GGA GAC CAA GAG TTG ATA GAC TGT TCA AAC TCA ACT TTA GTT GAA ATC TTA TTT GTG GAG CAT AGA TAT ACT TAT GAC ATC GTA CAA AAA TTA CGT GGA ATT GAT GGT GCA ACT CAA TTA GCA TTA AAT AAC TAC TTT TTA CTC TAT ATC GTA CAA ACT TTG GAA GGA AGA ATT CAC ATC TTA TGT AGA ATA GGT GTG GTT AAA GAC TGT GGA AAA TCC TTA ATA CCA AAA ATT AGA CAC TTT TCT TAC GAT GCA GGT GCC AAT TCA TTA CAA ATC GAA TAT GAT AGA AGA ACT AAA TGG TTC CGA AAA CCA GAA ATG 



Printing out site pattern counts


         9        726  P

Scer                            AAA AAA AAA AAA AAA AAC AAC AAC AAC AAC AAC AAC AAG AAG AAG AAG AAG AAG AAG AAG AAG AAT AAT AAT AAT AAT ACA ACC ACC ACG ACG ACG ACT ACT ACT ACT AGA AGA AGA AGA AGA AGC AGC AGC AGC AGG AGG AGG AGT ATA ATA ATC ATC ATC ATC ATG ATG ATG ATG ATG ATG ATT ATT ATT ATT ATT ATT ATT ATT ATT CAA CAA CAA CAA CAC CAC CAC CAG CAG CAT CAT CAT CCC CCC CCG CCG CCT CCT CCT CGA CGC CGG CGT CGT CGT CGT CGT CTA CTA CTA CTC CTG CTG CTG CTT CTT CTT CTT CTT CTT GAA GAA GAA GAA GAA GAC GAC GAC GAC GAC GAC GAC GAC GAC GAC GAC GAG GAG GAG GAG GAT GAT GAT GAT GAT GAT GAT GAT GAT GAT GAT GCA GCA GCA GCC GCC GCT GCT GCT GCT GCT GCT GCT GGA GGA GGA GGC GGC GGC GGC GGC GGG GGT GGT GGT GGT GGT GGT GTA GTA GTC GTC GTC GTC GTG GTG GTG GTG GTG GTG GTT GTT GTT GTT GTT GTT GTT TAC TAC TAC TAC TAC TAC TAT TAT TAT TAT TAT TAT TAT TAT TCC TCC TCC TCG TCT TCT TCT TCT TCT TCT TCT TGC TGG TGG TGT TGT TGT TTA TTA TTA TTA TTC TTC TTC TTC TTC TTC TTC TTG TTG TTG TTG TTG TTG TTG TTT TTT TTT TTT TTT TTT 
Sbay                            ... ... ... ... ..G ... ... ... ... ... ..T ..T ..A ..A ... ... ... ... .GA CGT G.A ..C ..C ... ... ... ... ... ..T ... ..T ..T ..C ..C ..C ... ... ... ... ... ... ... ... ..T GCA ..A ..A ... ... ... ... ... ... ... ... ..A ... ... ... ... ... ..C ..C ..C ..C ... ... ... ... ... ... ... ... ... ... ... ... ... ... ..C ..C ..C ..A ... ..A ..C ..A ..C ... ... ..T ... ... ... ... ... ... ..G T.. T.. ..T ..A ..C T.. ..C ..G ..G ..G ... ... ... ... ... ..G .CT ... ... ... ... ... ... ... ..T ..T ..T ..T ... ... ... ... ..A ..C ..C ..C ..C ... ... ... ... ... ... ... ..C ..C ... ..T ... ... ... ... ... ... ... ... ..G ..T AAT ... ... ... ..G ..T ..C ... ... ... ... ... ..T ..T ... ... ... ..G ... ... ... ... ... ... ..C ..C ..C ..C ..C ... ... ... ... ... ... ..T ..T ..C ..C ..C ..C ... ... ... ... ... ... ..T ... G.C ..C ..C ..C ..C ... ... ..T ... ... ..C ... ... C.C ..G ..G ..G ... ... ... ... ... ..T ..T C.A C.. C.. ..A ... ... ... ..C ..C ..C ..C ... ... 
Smik                            ... ... ... GG. ..G ... ... ... ... ..T ... ..T ..A ... ... ... ... ... .GA .GA G.. ..C ... ... ... ... ..G ... ..T .GC ..C ..T ..A .GA GT. ... ... ... ... ... .TT ... ... G.T .A. ..A ... ..A ... ... ... ..A ... ... CAA ... ... ... ... ... ... ... ... ... T.G ..C ... ... ... ... ... ... ... ... ... ... ... ..A ... ... ... T.C ... ... ..C ..C ..A ... ... ... ..T A.. ... ... ... ... ... T.G ... T.G ..T T.A ... T.. ... ..G ... ... ... ... ... ... ... ... .CT AC. ... ... ... ... ... ..T C.G ... ..T TC. ..A ... ... ... ..A ... ... ... ... A.. ... ... ... ... ... ... A.T ..T ... ..T ..A ... ... ... ... ... ... ... ... ... ..G .AT ... ..T ..T ..A ..C ... ... ... ... ... ... ..G ... ... ... A.T ACT ..A ..C ... ... T.A ..C ..C ... ... ... ... ... ... ... ..T ..T ... ..T ..C ... ... ... ..C ... ... ... ... ..T ..T ... G.C ..C ..C ..G ... ... ... ..T ... .TC G.C ... ... ... ... ..G ..G ... ... ... ... ..T ..T ..T ... C.A ... ..A AAA C.. ... .AC ..G ... ... ... ... 
Spar                            ... ... ..G ... ... ... ... ... ... ... ... ..T ... ... ..A ... ... ... .GA .GA G.. ... ... ..C ... ... ..G ..T ..T ... ..C ..T ... ... ... ... ... ... ... ..G ... ... ..T ... ... ... ... ... ... ... ... ..T ... ... ... ... ... ... ... ... ... ..C ..C ... ... ... ..C ... ... ... ... ... ..G ..G ... ... ... ..A ... ... ... ... ... ... ... ... ... ... ... ... ... ... ... ... ... ... ... ... ... T.. ..T T.. ..T T.. ... ... ... ... ... ... ... ... ... ..G .CT ..T ... ... ... ..T ..T ..T ..T ... ... ..T ..A ... ... ... ... ... ... ... ... ... ... ... ... ... ... ... ... ..C ... ..T ... ..C ... ... ... ... ... ... ... ... AA. ..T ... ... ... ... ... ... ... ... ... ... ... ... ... ... ..T ..T ... ... ... ... ... ... ..C ... ..A ... ... ... ... ... ... ... ... ... ..T ... ... ... ... .TC ... ... ... ..A ... ... ... G.C ..C ..C ..C ..C ..C ... ... ... ... ... ... ... ... ... ... ..G ... ... ... ..T ... ... ... ... ... ... ... ... ... ... ... ... ..C ... ... ... 
Ncas                            ..G ..G ..G ... ... ... ..T ..T ..T ..T ... ..T ... ..A ... ..A ... .CT ..A ... ... ... ... ... ..C ... ..C ..T ..G ..T ..T ..C G.. ..A ... ... ... ... ... ... ... ..T ... ... CAA ..A C.T ..A ... ..T ..T ..T ..T ..T ... ..T ... ... ... ... ... ..A ... ... ..A ... ..C ..A ..C ... ... ... ... ... ... ..T ..T ... ..A ... ... ..C ..T ..A ..A ..C ..G ..A ..A ... ..T ..T A.A A.G ..A ... ... ..T T.G T.G ..T ..A T.A T.. T.G G.. ... GGG ... T.A ... ... ... ... ... ... ... ..T ..T ..T ..T ..T ..T ... ..T ..T ... ..A ... ... ..G ..A ..C ... ... ..C ..C ... ... ... ... ..G ..T ..T ... ..A ..A ..A ..A ..A ..C ... ... ..T ..T ..T ..T ..T ..T ... ..T ..A ..G ..G ... ... ... ... ..C ..C ... ..G ..T ..T ..C ..T ... ..C ... ..C A.. ..A A.. A.. ... ..C ... ... ..T ... ... ..T ... ..C ... ... ... ... ... ... ... ..A ..A ..G C.A AAA ..A ... ..C C.A ... ... ..T ... ... ... ... ... ... ..G ... ... ... ... ..T ... ... ... ... ... ..A G.T ..A ..A ..A ... ..C ... ... ... ... ... 
Cgla                            ..G ..G ..G ... ... ... ... ..G ..T ..T ... ... ..A ... ..A ... ..A ..A .GA .GA G.. ... ..C ... ... ..C ... ..G ..A ..T ... ..C G.A ..C ..A ..C ... ... TCG ... ... TTG ... ... .AT ..A ..A ..A ... ... G.G ..T ... ..T ... ..T ... ... ..T G.. T.. T.G ..C ..C G.C ..C ... ..A ..C ... ... ... ... ..G ... ..T .GA G.. ..A ... GG. ..C ..T ..G ..T ..T ..C A.A ... ... ..A A.. A.A A.A A.A A.G ... ..T T.G T.. ..A T.A ..A T.. A.. ..A ..A ..G ..C ..A ... ... ... ..G .C. ... A.T ... ..T CTG ..T ..T ..T ..T ..T ..T ..A ..A C.. ..A ... ..A ... ... ... ... ..C ..C ... ... ... ..C ..G ..C .AT ..T AG. ... ... ... ... ..A ... ..T ... ..T ..A ..A .AA ... ..T ..T ..A ... ... ... ... ... ... ..G T.G C.G ..T ... ..C ..C ..A ..T ..T ... CGA ..G ACA ..C ..C ..G ..C ... ... ... ..T ... ..T ..C ..C ... ... .T. ..C ..C ... ..A ..T ..T GG. CTA ... ..A G.. A.C ..A ... ..T ... ... ... ..C ... ... ..G ... .C. .A. ..T ..T ..T ..T G.T ..T C.A C.T G.C C.. C.A C.A ... ..C ..C ... ... .AC ... 
Agos                            ... ..G C.. ..G ..G ... ... GC. ... ... ... ... ... ... ..A ... ... ... .GA .GA G.. ..C ..C ..C ..C ..C ..C ..G ... ..A ..T .GC G.. ..C ..C ..C ... C.G C.C C.C C.C ... TC. ... G.. C.. C.T C.C G.C ..C G.C ..T ... ... ... ..C ... ... ... .A. G.. ..C G.C ... ..A G.C ... ... ..C ..C ..G ..G ..G ..G ... ... ... GCC ... ..C .C. ..C ..A ..T ... ... ..G ..A ... ..C ..G ..C ..G A.G ..C ..C ... T.G T.G ..G ..G T.. GA. T.. ..G T.G ..A GA. ..G ..G ... ..G ..G ..G .CT A.. ..G ... ... ... ... ... ... ... ..A ..T ... ..A ... ... ..G ..C ..C ..C ... ..C ..C ... ..C ..C ..G .GC ..G ..G A.. ... ..C ..A ..A ..G ..C A.A ..G ..C ..T ..C ..A ... ... ... ... ..C ..C ... ..A ..C ... ... ..G ..G ... A.. ... ..G ..C ... ..C ... ... ... ..C A.C ..C ..G ..G ... ..G ..T ... .TT ... ..T ..T ..C ... ..C ... .TC ..C ... ..C ... ... ..T ... ... ... ..G ..C G.G ... ..G ... ... ... ..C ..C ... ..G ..G C.G C.G ... ... ... ... ... ... ... ..A C.C C.. C.C C.. C.. ... ... ..C ... ... .AC ..C 
Klac                            ... ... C.. ... ..G ... ... ..T ... ..T ... ..T ... ... ..A ... ... ..A .GA .GA G.A ... ..C ..C ..C ..C ..C ..T ..T ..C ..T T.T G.A ... ... ..C ... ... .AG ... ... .CT TC. TC. ... ..A ..A ..A GCA ..T G.C ... ... ... ... ..C ... ... ... .AA ..T ..C ... ... ..C ..C ..C ..A ..C ... ... ..G ... ... ... ..T TT. ATT ..A ... ..G ..C G.. ..T ..T ... ..A ..C ... A.. ..T ..T A.G A.A A.A A.G A.A T.G ... T.G T.A ..A GAA T.. T.G ..A A.C T.G ... T.A ..G ... ... ... .CT A.T ..T ... ..T ..T ..T ..T ..T ... ..G ..T ..A ..A ..A ..A ..C ... ... A.. TC. ..C ... ... ..C ... ... T.G T.C ..C ..T ... T.A ... ... ..C ... ... ..A ..T ... ..T ..T ..T ..T ..T A.T ..T ..G ... ..G ... ... ... ..T ..T ..T ... ..A ..A ..C ..T A.A ..C ..T ..A ..A ..A A.. C.A ... ... ..G ... ..T ... ... ... ... ... ... ... ... ..C ... ... ... ..T ..A ..T GAT CAA ..C ..C ... ... ... ... ... ... ... ..C ... ... C.T ..G C.C ..G ... ... ..T ... ... ... ..T ... C.A ... ..A ... ... C.T ... ... ..C ... .A. ... 
Calb                            ... ... C.. ... ... GGT ... G.. ..T ..T ... ..T ..A ..A ..A ... ..A ..A .GA .GA G.A ... ..C ... TG. ..C ..C ..A ..A ..T ... ..T ... ... ... ..C ... ... .TG ... ... ..A G.A TC. ..T ..A .TA C.A G.A ..C G.. ..A ... ... ..T ..A ..C ... G.A G.. C.A .C. ..C ... ... ... ... ..A ... ... ... ... ... ... ... ..T A.G ATC TCA ... AC. ..C AAT ..T ..T ..A ..A ..A ..A ... ..T ..T A.A ... ... ..A A.A T.. T.. T.. A.G T.A GAA T.. T.A G.. T.A A.A TA. T.. ... ... ..G ... .CT ... ..T A.T ... AGT ..T ..T ..A ... ..A ... ..A ..T ..A ..T AG. .T. ... ... ..A ..C ... ... ..C ... ..A ... T.. ... .TT ..T .AA ..C ... ..A ..C ..C ... ..T ... ..C AA. ..T ..A ..A ..A ... ... ... ..C ... .CA ... ..T ..C TG. C.A ..G ... ... ..A A.A A.T ..T ..A CAA ..G A.A A.. ... ... ..G ..T ... ... GTT ... ... .TC ..C ..C ... .TC ..C ... ..C ..A ... GGT GGT CAA GGA ..A ... ..A ... ... ATT ... ... ... ... ... ... ..G ... G.T .AT ..T ... .AT ... ..G ..T ..A ..A C.C ..A ... ..A ..A ... ..C ... ... .A. ..C 

    1    3    1    1    1    1    1    2    1    1    1    1    2    1    2
    1    3    3    1    2    4    1    1    2    2    1    1    1    1    1
    2    2    2    1    1    1    6    4    3    1    3    1    1    2    1
    1    3    1    1    1    2    1    1    1    3    2    1    8    2    1
    1    1    2    2    4    1    1    2    1    4    2    2    2    1    1
    2    1    3    2    2    1    5    2    1    1    1    1    1    2    2
    2    4    1    2    1    1    1    1    1    2    2    1    2    2    1
    1    1    2    2    2    1    3    2    1    1    2    2    2    1    2
    1    2    6    1    1    1    1    2    1    1    2    1    2    1    1
    1    1    1    2    1    1    2    1    2    2    2    1    1    1    2
    1    1    1    1    3    1    1    1    1    4    1    1    2    3    2
    1    1    1    2    1    2    1    1    2    2    1    1    2    1    1
    1    1    1    1    1    2    1    3    1    1    1    1    2    1    1
    4    1    2    1    1    1    1    1    2    1    4    2    3    2    1
    1    1    3    1    1    1    1    1    1    1    1    2    1    2    2
    1    1    2    1    2    2    3    1    2    2    2    1    3    1    2
    2    2

CODONML (in paml version 4.9j, February 2020)  temp.nuc
Model: One dN/dS ratio, 
Codon frequency model: Fequal
ns =   9  ls = 393

Codon usage in sequences
--------------------------------------------------------------------------------------------------------------------------------------
Phe TTT  11   7  11  11  12  14 | Ser TCT  14   4   6   1   5   6 | Tyr TAT  12   8  13  12  13   9 | Cys TGT   3   5   5   3   6   5
    TTC  10  14   7  12   9   4 |     TCC   4  10   7  12   2   0 |     TAC   9  13  14   7   8  13 |     TGC   3   1   0   3   0   1
Leu TTA   5   4   5   5  15   5 |     TCA   0   0   0   1   4   7 | *** TAA   0   0   0   0   0   0 | *** TGA   0   0   0   0   0   0
    TTG  14  12  22  19  11  11 |     TCG   1   1   3   1   2   3 |     TAG   0   0   0   0   0   0 | Trp TGG   2   2   1   2   2   2
--------------------------------------------------------------------------------------------------------------------------------------
Leu CTT   9   6  10  13   6   3 | Pro CCT   4   2   3   4   2   6 | His CAT   8   0   3   8   6   4 | Arg CGT   6  10   8   6  11   1
    CTC   2   4   0   0   0   2 |     CCC   3   3   5   3   1   1 |     CAC   4  12   4   4   6   6 |     CGC   2   0   0   2   0   0
    CTA   4   3   3   2   1  18 |     CCA   0   4   1   0   7   0 | Gln CAA   7   7  13   7  10   8 |     CGA   2   2   2   2   3   6
    CTG   5  10   5   0   0   6 |     CCG   2   0   0   2   1   1 |     CAG   5   5   8   5   3   2 |     CGG   4   4   0   4   0   0
--------------------------------------------------------------------------------------------------------------------------------------
Ile ATT  18   9  18  15  20  12 | Thr ACT   5   6   7   9   9   1 | Asn AAT   7   8   9   6  11  10 | Ser AGT   1   3   1   2   2   2
    ATC   6  15   3   9   5  10 |     ACC   2   5   5   2   3   5 |     AAC   8   8   8  10   4   6 |     AGC   5   2   3   4   3   3
    ATA   3   5   4   3   7   3 |     ACA   1   1   2   0   1   5 | Lys AAA   7   9   9   8   9  12 | Arg AGA  17  22  20  19  20  26
Met ATG  15  13  15  15  13   9 |     ACG   5   1   1   2   1   3 |     AAG  19  10  11  11  18   9 |     AGG   5   1   7   6   2   5
--------------------------------------------------------------------------------------------------------------------------------------
Val GTT   8   6   7   9  10   6 | Ala GCT   8  11  12  10   7  10 | Asp GAT  14  16  15  28  23  26 | Gly GGT  10  10  15  11  14  13
    GTC   6   9   7   4  12  15 |     GCC   4   9   6   9   3   4 |     GAC  21  17   9   7   9   6 |     GGC   8   8   4   6   4   4
    GTA   3   0   3   4   1   3 |     GCA   5   3   3   3   7   4 | Glu GAA   8  12  10   7  11  12 |     GGA   5   1   7   5   1   7
    GTG   8  10   4   8   3   8 |     GCG   0   0   0   0   2   1 |     GAG   5   6   8   9   5   8 |     GGG   1   4   1   1   7   1
--------------------------------------------------------------------------------------------------------------------------------------

--------------------------------------------------------------------------------------
Phe TTT   5  11   9 | Ser TCT   9  11   4 | Tyr TAT   9  13  11 | Cys TGT   1   2   5
    TTC  17   9  11 |     TCC   5   9   3 |     TAC  11  10  12 |     TGC   5   4   2
Leu TTA   2   5  18 |     TCA   0   2   8 | *** TAA   0   0   0 | *** TGA   0   0   0
    TTG  10  20   7 |     TCG   5   2   0 |     TAG   0   0   0 | Trp TGG   2   2   2
--------------------------------------------------------------------------------------
Leu CTT   0   5   0 | Pro CCT   4   4   2 | His CAT   0   4   4 | Arg CGT   4   6   9
    CTC   3   1   3 |     CCC   0   1   0 |     CAC  11   6   6 |     CGC  16   0   0
    CTA   1   6   2 |     CCA   3   1   5 | Gln CAA   1  12  13 |     CGA   0   0   4
    CTG  19   0   0 |     CCG   3   1   0 |     CAG   9   3   0 |     CGG   8   0   0
--------------------------------------------------------------------------------------
Ile ATT   6  14  22 | Thr ACT   2   7   9 | Asn AAT   0   8  10 | Ser AGT   0   1   5
    ATC  16  17   9 |     ACC   7   3   2 |     AAC  15  10   5 |     AGC   5   1   0
    ATA   4   3  12 |     ACA   2   0   2 | Lys AAA   3  11  17 | Arg AGA   9  28  21
Met ATG  11  11  13 |     ACG   1   0   2 |     AAG  16  11   2 |     AGG   2   2   0
--------------------------------------------------------------------------------------
Val GTT   2  10  13 | Ala GCT   3   7   5 | Asp GAT   5  23  14 | Gly GGT   8  16  13
    GTC  13   7   3 |     GCC   9   8   3 |     GAC  24   8  10 |     GGC  17   0   3
    GTA   0   6   6 |     GCA   2   4   7 | Glu GAA   4  17  23 |     GGA   3   3  13
    GTG  14   1   6 |     GCG   7   0   0 |     GAG  20   2   2 |     GGG   0   4   1
--------------------------------------------------------------------------------------

Codon position x base (3x4) table for each sequence.

#1: Scer           
position  1:    T:0.22392    C:0.17048    A:0.31552    G:0.29008
position  2:    T:0.32316    C:0.14758    A:0.34097    G:0.18830
position  3:    T:0.35115    C:0.24682    A:0.17048    G:0.23155
Average         T:0.29941    C:0.18830    A:0.27566    G:0.23664

#2: Sbay           
position  1:    T:0.20611    C:0.18321    A:0.30025    G:0.31043
position  2:    T:0.32316    C:0.15267    A:0.33333    G:0.19084
position  3:    T:0.28244    C:0.33079    A:0.18575    G:0.20102
Average         T:0.27057    C:0.22222    A:0.27311    G:0.23410

#3: Smik           
position  1:    T:0.23919    C:0.16539    A:0.31298    G:0.28244
position  2:    T:0.31552    C:0.15522    A:0.34097    G:0.18830
position  3:    T:0.36387    C:0.20865    A:0.20865    G:0.21883
Average         T:0.30619    C:0.17642    A:0.28753    G:0.22986

#4: Spar           
position  1:    T:0.22646    C:0.15776    A:0.30789    G:0.30789
position  2:    T:0.32824    C:0.15013    A:0.32824    G:0.19338
position  3:    T:0.37659    C:0.23919    A:0.16794    G:0.21628
Average         T:0.31043    C:0.18236    A:0.26802    G:0.23919

#5: Ncas           
position  1:    T:0.22646    C:0.14504    A:0.32570    G:0.30280
position  2:    T:0.31807    C:0.14504    A:0.34606    G:0.19084
position  3:    T:0.39949    C:0.17557    A:0.24682    G:0.17812
Average         T:0.31467    C:0.15522    A:0.30619    G:0.22392

#6: Cgla           
position  1:    T:0.20356    C:0.16285    A:0.30789    G:0.32570
position  2:    T:0.32824    C:0.14504    A:0.33333    G:0.19338
position  3:    T:0.32570    C:0.20356    A:0.29517    G:0.17557
Average         T:0.28584    C:0.17048    A:0.31213    G:0.23155

#7: Agos           
position  1:    T:0.20611    C:0.20865    A:0.25191    G:0.33333
position  2:    T:0.31298    C:0.15776    A:0.32570    G:0.20356
position  3:    T:0.14758    C:0.44275    A:0.08651    G:0.32316
Average         T:0.22222    C:0.26972    A:0.22137    G:0.28668

#8: Klac           
position  1:    T:0.25445    C:0.12723    A:0.32316    G:0.29517
position  2:    T:0.32061    C:0.15267    A:0.35115    G:0.17557
position  3:    T:0.36132    C:0.23919    A:0.24936    G:0.15013
Average         T:0.31213    C:0.17303    A:0.30789    G:0.20696

#9: Calb           
position  1:    T:0.23410    C:0.12214    A:0.33333    G:0.31043
position  2:    T:0.34097    C:0.13232    A:0.32824    G:0.19847
position  3:    T:0.34351    C:0.18321    A:0.38422    G:0.08906
Average         T:0.30619    C:0.14589    A:0.34860    G:0.19932

Sums of codon usage counts
------------------------------------------------------------------------------
Phe F TTT      91 | Ser S TCT      60 | Tyr Y TAT     100 | Cys C TGT      35
      TTC      93 |       TCC      52 |       TAC      97 |       TGC      19
Leu L TTA      64 |       TCA      22 | *** * TAA       0 | *** * TGA       0
      TTG     126 |       TCG      18 |       TAG       0 | Trp W TGG      17
------------------------------------------------------------------------------
Leu L CTT      52 | Pro P CCT      31 | His H CAT      37 | Arg R CGT      61
      CTC      15 |       CCC      17 |       CAC      59 |       CGC      20
      CTA      40 |       CCA      21 | Gln Q CAA      78 |       CGA      21
      CTG      45 |       CCG      10 |       CAG      40 |       CGG      20
------------------------------------------------------------------------------
Ile I ATT     134 | Thr T ACT      55 | Asn N AAT      69 | Ser S AGT      17
      ATC      90 |       ACC      34 |       AAC      74 |       AGC      26
      ATA      44 |       ACA      14 | Lys K AAA      85 | Arg R AGA     182
Met M ATG     115 |       ACG      16 |       AAG     107 |       AGG      30
------------------------------------------------------------------------------
Val V GTT      71 | Ala A GCT      73 | Asp D GAT     164 | Gly G GGT     110
      GTC      76 |       GCC      55 |       GAC     111 |       GGC      54
      GTA      26 |       GCA      38 | Glu E GAA     104 |       GGA      45
      GTG      62 |       GCG      10 |       GAG      65 |       GGG      20
------------------------------------------------------------------------------


Codon position x base (3x4) table, overall

position  1:    T:0.22448    C:0.16031    A:0.30874    G:0.30647
position  2:    T:0.32344    C:0.14871    A:0.33644    G:0.19141
position  3:    T:0.32796    C:0.25219    A:0.22166    G:0.19819
Average         T:0.29196    C:0.18707    A:0.28895    G:0.23202

Codon frequencies under model, for use in evolver (TTT TTC TTA TTG ... GGG):
  0.01639344  0.01639344  0.01639344  0.01639344
  0.01639344  0.01639344  0.01639344  0.01639344
  0.01639344  0.01639344  0.00000000  0.00000000
  0.01639344  0.01639344  0.00000000  0.01639344
  0.01639344  0.01639344  0.01639344  0.01639344
  0.01639344  0.01639344  0.01639344  0.01639344
  0.01639344  0.01639344  0.01639344  0.01639344
  0.01639344  0.01639344  0.01639344  0.01639344
  0.01639344  0.01639344  0.01639344  0.01639344
  0.01639344  0.01639344  0.01639344  0.01639344
  0.01639344  0.01639344  0.01639344  0.01639344
  0.01639344  0.01639344  0.01639344  0.01639344
  0.01639344  0.01639344  0.01639344  0.01639344
  0.01639344  0.01639344  0.01639344  0.01639344
  0.01639344  0.01639344  0.01639344  0.01639344
  0.01639344  0.01639344  0.01639344  0.01639344


TREE #  1:  (((((1, 4), (3, 2)), 5), 6), ((7, 8), 9));   MP score: 1241
This is a rooted tree.  Please check!
lnL(ntime: 16  np: 18):  -6675.673301      +0.000000
  10..11   11..12   12..13   13..14   14..1    14..4    13..15   15..3    15..2    12..5    11..6    10..16   16..17   17..7    17..8    16..9  
 0.087070 0.136689 0.399510 0.125039 0.233112 0.107154 0.007958 0.572778 0.359909 0.643182 0.995125 0.138489 0.037132 1.447302 0.523487 1.709724 1.702158 0.064373

Note: Branch length is defined as number of nucleotide substitutions per codon (not per neucleotide site).

tree length =  7.523661

(((((1: 0.233112, 4: 0.107154): 0.125039, (3: 0.572778, 2: 0.359909): 0.007958): 0.399510, 5: 0.643182): 0.136689, 6: 0.995125): 0.087070, ((7: 1.447302, 8: 0.523487): 0.037132, 9: 1.709724): 0.138489);

(((((Scer: 0.233112, Spar: 0.107154): 0.125039, (Smik: 0.572778, Sbay: 0.359909): 0.007958): 0.399510, Ncas: 0.643182): 0.136689, Cgla: 0.995125): 0.087070, ((Agos: 1.447302, Klac: 0.523487): 0.037132, Calb: 1.709724): 0.138489);

Detailed output identifying parameters

kappa (ts/tv) =  1.70216

omega (dN/dS) =  0.06437

dN & dS for each branch

 branch          t       N       S   dN/dS      dN      dS  N*dN  S*dS

  10..11     0.087   857.5   321.5  0.0644  0.0058  0.0908   5.0  29.2
  11..12     0.137   857.5   321.5  0.0644  0.0092  0.1426   7.9  45.8
  12..13     0.400   857.5   321.5  0.0644  0.0268  0.4168  23.0 134.0
  13..14     0.125   857.5   321.5  0.0644  0.0084  0.1304   7.2  41.9
  14..1      0.233   857.5   321.5  0.0644  0.0157  0.2432  13.4  78.2
  14..4      0.107   857.5   321.5  0.0644  0.0072  0.1118   6.2  35.9
  13..15     0.008   857.5   321.5  0.0644  0.0005  0.0083   0.5   2.7
  15..3      0.573   857.5   321.5  0.0644  0.0385  0.5975  33.0 192.1
  15..2      0.360   857.5   321.5  0.0644  0.0242  0.3755  20.7 120.7
  12..5      0.643   857.5   321.5  0.0644  0.0432  0.6710  37.0 215.7
  11..6      0.995   857.5   321.5  0.0644  0.0668  1.0381  57.3 333.8
  10..16     0.138   857.5   321.5  0.0644  0.0093  0.1445   8.0  46.5
  16..17     0.037   857.5   321.5  0.0644  0.0025  0.0387   2.1  12.5
  17..7      1.447   857.5   321.5  0.0644  0.0972  1.5098  83.3 485.5
  17..8      0.523   857.5   321.5  0.0644  0.0352  0.5461  30.1 175.6
  16..9      1.710   857.5   321.5  0.0644  0.1148  1.7836  98.4 573.5

tree length for dN:       0.5052
tree length for dS:       7.8486


Time used:  0:10
