      9   1179

Scer                            CAT CCA GAA GAT TTG CCA ACT TTC TCC AGT TTT AAG TTG GAA AGA TAC CCA AGG ACC CAT ATT AGA TTA AGG AAG CTA ACT GGT ATG ACT GGT AGG TTG ACC CAA ATC ACT ATC ATC GAA GAA TCA ATC TAT CAA TTC TTG TCT TGT GAT AAT CAT GCG CCA GTA GAC GAA GTG AGA ACT GTC ACA GGT TCC ACC AGA ATC ATC GAA GAA AAA TTC GAA TTT GAC ATG CAA CAT GCC TAC CGT TTG ACG CTT TTA AAT AGA CCA ATT GCG ATC TCC TTG AAT CAT AGA AGA AAG TTC AAT CAT AAC TCT GCC TTT GCC GAT ACT GTT ATG AGG CGT GGC AAC CCA ATC AAG CCA GTC ATG GAG GTT AAA TCC ATG AAA TTA GAT CCA GCT GGC TAT AGA AAT TAC AAG GGT AAC TTA AAG GTG GGC AGA CCA ACC CGT ACC CTA TCC AAC AAG CTT TCC CAA CAA GCC CAT AAG GTT TTG AAT GTT TCC TTG GCT CTA GAA TAC GGT CCC GAA CTT GAT ATC TCC AAT AAG ATC CGT TAC TCC TTA CAT TTA ATT TGT CAA GAA ACG TTG AGG AAT AAT GAA GTT GAC GTC TAC TAC TAT GTT GAA CTG AAG ATC GTA TTC AAC CTT AAT ATC AGA ACC GGA GGT ACG TAC AAG GTA GAA GAA ACT GCC ATT GAT TCC GAA ACT AAT GAA GAA TCC CAT CTA ACT TTG GTG CAA GTT CTG GCA AAT TTG TTT TTT GAT GTC AGA ATT ATG TTT CAA ACC CCC AGA TGG CAA GGT CAG GAT GGG TCC GGT GGC GTT AGA ACA GTC ACT GAA TCT AAT AGA AAT TTG CCT GAA GAA GAA AAT GAA CAA TAC GCT GTT AGA GGC GCA AGG GAT CAA ACA GCG GAA CTA GAA AGA CAC GAA GTG TTT TAC ACT GAA CCC AAC TTC AGA TTT ACC ATG GGT TTG CTC AGA GCA CAT GAA CCC GTG GAA AGA GAA GCG GGT CAC CCT GTC ACG ACT GGG TTG GAA CAA CAT ACG ACG GAC TTC GTT CCA GAA AGA GCC GTC GAT AGA CGG GGT TCC ACC TTT TTT AAT ACT GGG GGG GGC GCC AAT ATG GAC ACC CAT TTA ACC GAT GAT ACA GGT TCC CCA TTT AGA TTG AAA GCG ATC AAA CCC TCT GCG CCA GAA GGT TTG CAA GTT GTG GCC ACC GAA AGA 
Sbay                            CAT CCA GAA GAT CTA CCC ACC TTC TCT GGT TTT AAA TTA GAA AGA TAC CCA AGA ACT CAT ATT AGA CTA AGA AAG TTA TCA GGT ATG ACA GGT AGA TTA ACT CAA ATA ACA ATT ATC GAA GAA TCA ATT TAT CAA TTC TTG TCT TGC GAT AAC CAT GCA TCC GTA GAT GAA GTG AGA ACT GTC ACT GGT TCC GAC AGA ATC ATC GAA GAA AAG TTC GAA TTT GAC ATG CAA CAC GCC TAC CGT TTG ACG CTG CTT AAC AGA CCA GTC GCC ATC TCT TTA AAT CAC AGG AGA AAG TTC AAC CAT AAC TCC GGT TTT GCC GAC ACC GTC ATG AGG CGT GGT AAT CCA ATC AAG CCA GTC ATG GAG GTT AGA TCC ATG AAG TTA GAT CCA GCT GGC TAC AGA AAC TAT AAG GGT AAC TTA AAG GTG GGC AGA CCA ACT CGT ACT CTG TCA AAT AAG CTA TCC CAG CAG GGT CAT AAG GTC TTA AAC GTT TCT TTG GCA TTA GAA TAC GGC CCC GAG CTT GAC ATC TCC AAT AAG ATT CGT TAC TCT CTA CAC TTG ATT TGT CAA GAA ACC TTG AGA AAT AAT GAA GTT GAC GTC TAT TAT TAT GTT GAA TTG AAG ATC GTT TTT AAT CTG AAT ATA AGA ACT GGA GGT ACC TAC AAA GTT GAA GAG ACC GCT ATC GAT TCC GAA ACA AAC GAC GAA TCT CAT TTA ACC TTG GTG CAA GTC TTG GCA AAC TTG TTT TTT GAT GCT AGA ATT ATG TTC CAA ACC CCA AGA TGG CAA GGT CAG GAT GGA TCA GGT GGC GTC AGA ACA GCT TCA GAA TCT AAC AGA AAC CTG CCT GAA GAA GAA AAC GAA CAA TAC GCA GTG AGA GGC GCC AGA GAC CAA ACC GCC GAA TTA GAG AGA CAC GAA GTG TTT TAC ACC GAA CCC AAT TTT AGA TTC ACC ATG GGT TTG CTC AGA GCC CAC GAA CCA GTG GAA AGA GAA GCA GGT CAC CCC GTC ACC ACC GGA TTA GAA CAG CAT ACG ACC GAT TTC GTC CCG GAC AGA GCT GTC GAT AGA CGG GGT TCT ACC TTT TTC AAT ACC GGA GGT GGG GGT AAT ATG GAC ACC CAT TTA ACT GAT GAT ACC GGT TCC CCA TTT AGG CTA AAG GCC ATC AAG CCA TCA GCC CCG GAA GGT TTA CAA GTC GTG GCT ACT GAA AGG 
Smik                            CAT CCA GAA GAT TTG CCA ACT TTC TCA AAC TTT AAG TTA GAA AGA TAT CCA AGG ACT CAT ATT AGA TTA AGA AAA TTA ACT GGT ATG ACT GGT AGG CTG ACC CAA ATC ACT ATT ATC GAA GAA TCA ATC TAT CAA TTC TTG TCT TGT GAT AAC CAT GCC CCA ATT GAT GAA GTA AGA ACA GTC ACA GGT TCA GAC AGA ATT ATC GAA GAA ATG TTC GAA TTC GAT ATG CAA CAT GCC TAT CGT TTG ACC CTT CTA AAC AGG CCA ATT GCC ATC TCA CTG AAT CAT AGA CGC AAG TTC AAC CAT AAT TCT GGT TTT GCC GAC ACC GTC ATG AGA CGT GGC AAT CCA ATC AAA CCA GTC ATG GAG GTT AAG TCC ATG ATG TTA GAT CCA GCA GGC TAT AGA AAC TAC AAG GGT AAT TTA AAG GTG GGC AGA CCA ACT CGT ACC TTG TCG AAC AAG CTC TCT CAA CAA GGT TAC AAG GTC CTG AAC GTT TCT TTG GCC CTA GAA TAC GGC CCC GAA CTT GAC ATT TCC AAT AAG ATT CGT TAC TCA TTA CAT TTG ATT TGT CAA GAA ACA TTG AGA AAT AAT GAA GTC GAT GTC TAT TAT TAT GTT GAA TTG AAA ATC GTG TTC AAC CTT AAC ATC AGA ACT GGA GGT ACA TAC AAA GTG GAA GAA ACC GCT ATT GAT TCC GAA ACA AAC GAA GAA TCT TAC CTA ACT TTG ATC CAA GTC TTG GAG AAC TTG TTT TTT GAT GTC AGA ATT ATG TTT CAA ACC CCC AGA TGG CAA GGT CAG GAT GGG TCG GGT GGC GTC AGA ACA GTC ACT GAA TCC AAC AGA AAC TTG CCT GAA GAA GAA AAC GAA CAA TAT GCC GTG AGA GGC GCG AGA GAC CAA ACT GCC GAA CTA GAA AGA CAT GAA GTC TTT TAC ACC GAA CCC AAT TTT AGA TTT ACT ATG GGT TTG CTC AGA GCG CAT GAA CCC GTA GAA AGA GAA GCC GGT CAT CCA GTC ACA ACT GGG TTA GAA CAA CAT ACC ACA GAT TTC GTT CCA GAA AGA GCT GTC GAT AGA AGA GGT TCA ACC TTT TTT AAT ACC GGT GGT GGT GGT AAC ATG GAC ACC TAC TTA ACC GAT GAT ACC GGT TCC CCA TTT AGA TTG ATG GCC ATC AAG CCC TCT GCC CCG GAA GGT CTG CAA GTC GTC GCT ACT GAA AGA 
Spar                            CAT CCA GAA GAT TTG CCA ACT TTC TCC AAT TTT AAG TTG GAA AGA TAT CCA AGA ACC CAT ATT AGA TTA AGA AAA CTA ACT GGT ATG ACT GGT AGA CTG ACT CAA ATC ACT ATT ATC GAA GAA TCA ATC TAT CAA TTC TTA TCT TGT GAC AAC CAT GCA CCA GTG GAT GAA GTG AGA ACT GTC ACG GGT TCC AGC AGA ATC ATC GAA GAA AAA TTC GAA TTC GAC ATG CAA CAT GCC TAT CGT TTG ACG CTT TTA AAC AGA CCA ATT GCC ATC TCC CTG AAT CAT AGA AGA AAG TTT AAC CAT AAC TCT GGT TTT GCC GAT ACT GTT ATG AGG CGT GGT AAC CCA ATC AAA CCA GTC ATG GAG GTT AAG TCT ATG AAA TTG GAT CCA GCC GGC TAT AGA AAT TAC AAG GGT AAC TTA AAG GTG GGC AGA CCA ACC CGT ACC CTA TCG AAC AAG CTT TCC CAA CAA GGT CAT AAG GTT CTG AAC GTT TCT TTA GCC CTA GAA TAC GGT CCC GAA CTT GAC ATC TCC AAT AAG ATT CGT TAC TCC TTA CAT TTA ATT TGT CAA GAA ACA TTG AGA AAT AAT GAA GTT GAT GTC TAT TAC TAT GTT GAA TTG AAA ATT GTA TTC AAC CTT AAT ATC AGA ACC GGA GGC ACA TAC AAG GTA GAA GAA ACT GCC ATT GAT TCC GAA ACT AAC GAA GAA TCT CAT CTA ACT TTG GTC CAA GTT TTG ACG AAC TTG TTT TTT GAT ACC AGG ATT ATG TTT CAA ACC CCC AGA TGG CAA GGT CAG GAT GGA TCG GGT GGC GTT AGG ACA ACC ACT GAA TCT AAC AGA AAC TTG CCT GAA GAA GAA AAT GAA CAA TAT GCC GTC AGA GGC GCA AGA GAC CAA ACC GCC GAA CTA GAA AGA CAC GAA GTG TTT TAC ACT GAA CCC AAC TTC AGA TTT ACC ATG GGT TTG CTC AGA GCA CAT GAA CCC GTG GAA AGG GAA GCA GGT CAC CCC GTC ACA ACT GGA TTG GAA CAA CAT ACG ACA GAT TTC GTC CCA GAA AGA GCC GTC GAT AGA CGG GGT TCC ACC TTT TTT AAT ACT GGG GGA GGC GGT AAT ATG GAC ACC CAT TTG ACT GAT GAT ACA GGT TCC CCA TTT AGA TTG AAA GCC ATC AAG CCC TCC GCC CCA GAA GGT CTG CAA GTT GTG GCC ACC GAA AGA 
Ncas                            CAT CCA GAC GAA CTA CCT ACC TTC TCA CAA TTT AAA TTA GAA AGA TAC CCT AGA ACC CAT ATA AGA ATA AGA AAG TTG AGT GGG ATG ACT GGT AGA TTG TCG CAA ATC ACT ATC ATT GAA GAA TCT ATT TAT CAA TTT TTC TCT TGT GAT AAT CAT GCA TCA GTG GAT GAC GTC GAT TAT GTC ACA GGT AAG GAA AGA ATA ATT GAA GAA AAC TTT GAA TTT GAC ATG CAA AAT GCC TAC AGG TTA ACC CTT TTG AAT CGT CCA GTA GCA ATT TCA TTG GAT CAT AGA CGC AAA TTC AAT CAT AAT TCT GGT TTC GCC GAT ACC GTC ATG AGA CGT GGT AAT CCA ATT AAG AAA GTT ATG GAA GTT AAA TCC ATG AAC TTA GAA AAA GCA GGT TAT AGA AAC TAC AAG GGA AAT CTG AAA GTG GGT AGA CCA ACC AGG ACC CTT ACT AAT AGT AAG TCT CAA CAA GGT TAT AAG GTG TTG AAT GTG GCT TTC GCC TTG GAG TAT GGG CCA GAA TTA GAT ATT TCT AAT AAA ATC CGT TAT TCA ATA CAT TTA ATT TGT CAA GAG ACT TTA AGA AAT AAT GAA GTG GAT GTC TAC TAT TAT GTT GAA TTA AAG ATC GTC TTC AAT CTT AGA ATC AGA ACT GGT GGT ACT TAC AAG GTC GAA GAA ACT GCC ATT GAT TCT GAA GAA AAT GAA AAA GCT TAT TTG ACT TTG ACG AGA GTC TTA GCA AAT TTA TTT TTC GAA ATC AGA ATT ATG TTC CAA ACT CCT AGA TGG CAG GGT CAA GAA GGT ACT GGA GGT GTG AGA ACT ATC AGT GAA ACC AAT AGA AAT TTG CCA GAA GAA GAA AAC GAA CAA TAC GCC GTC ACC GGT GCC AAA GAT CAA ACT GCA GAG TTG GAA AGA CAT GAA GTG TTC TAT ACC GAA CCA AAT TTT AGA TTC GTG ATG GGG TTA CTA AGA GCC AAT GAG CCT GTT GAA AGA GAA GCA GGT CAT CCC GTT ACT ACT GGT TTA GAA CAA CAT ACC ACT GAT TTC GTT CCA GAA AGA GCC GTG GAA AGA AGA GGG TCA ACT TTT TTC GAT ACT GGT GGT GGT GGT AAC TTA GAT ACT TAT TTA TCG GAT GAT ACC GGT TCT CCA TTT AAG CTA AAC GCA ATT AAA CCT TCG GCA CCA GAA GGG TTG CAA GTC GTG GCC ACC GAA AGA 
Cgla                            CAC CCA GAG GAA TTG CCA ACA TTC TCC ACT TTC AAG CTC AAG AGA TAC CCA AGG ACC CAC ATC AGA ATT AGG AAG TTG ACC GGT ATG TAC GGT AGG TTG TCC CAA ATC TAC ATT ATC GAA GAA TCC ATC TAC CAA TTT GTT ACT TGC GAC AAC CAC GCT CCA GTG GAC GAG GTG GAG TAC GTC ACT GGT AAA ACC AGA ATT ATT GAA GAA AAC TTT GAA TTT GAA ATG CAA CAC TCT TAC AGA TTG GAC CTA CTG AAC AGA CCA GTC GCT ATT TCC TTG AAT CAT AGA AAC AAG TTT AAC CAC AGT TCT GGT TTT TCT GAC ACT GTT ATG AGG CGC GGT AAC CCG ATC AAG GAG GTA ATG GAA GTT AAA TCC ATG AAC TTG GAA GAG GCA GGC TAT AGA AAT TAC AAG GGT AGT TTG AAG GTT GGC AGA CCA ACC AGA ACC CTT TCT AAC CAA TTG TCC CAA CAA GGT TGG AAA GTC TTG AAC GTC AAG GTT GCC CTT ACG TAT GGA CCG GAA CTG GAT ATT TCC AAC AAG ATT CGT TAT TCC ATT CAT TTA ATA AAG CAA ACG ACA TTG AGG AAT AAT GAA GTG GAT GTC TAC TAC TAC GTT GAA TTG AAG ATA GTG TTC AAC CTA AAG ATC AGA ACC GGT GGT ACA TAC AAA GTG GAA GAA ACC GCC ATT GAT TCC GAA GAT AAC GAC AAA AAG TGG TTG ACA TTG GTG CAA GTT TTG GAT AAC TTG TTC TTT GAG ATC AGA ATC ATG TTC CAA ACA CCT AGA TGG CAA GGT CAA GAA GGT TCT GGT GGA GTC AGA ACT ATC ACC GAA TCC AAT AGA AAC TTG CCT GAA GAG GAG AAT GAA CAA TAC GCC GTC ACC GGC GCC AAA GAT CAA ACC GCT ACG TTG GAA AGA CAC GAA ATA TTT TAC ACT GAA CCG AAC TTT AAG TTC GAG ATG GGT TTG ATG AGA GCC CAC ACG CCT GTC GAA AGA GAA GCT GGT CAC CCA GTA ACA ACC GGT CTC GAG CAA CAC GAC ACA GAC TTC GTG CCA GAC AGA GCC GTT GAG AGA CGG GGT TCC ACA TTC TTC AAT ACC GGC GGT GGT GGT AAC ACG GAC ACA TGG TTG TCC GAT GAT ACC GGT TCC CCA TTC TTC TTG AAC GCT ATC AAA CCT TCT GCT CCA GAA GGT TTG CAG GTT ATA GCC ACC GAG AGA 
Agos                            CAT CCA GAG GCC TTG CCA ACC TTC TCC GAA TAC AAG CTT AGC CGG TAC CCG AGG ACC CAT ATC AGA ACC CGG AAG CTG ACC GGG ATG ACG GGC AGG CTG ACG AAG ATC ACG GTG ATC GAG GAG TCT ATC TAT CAG TTC TTA TCC TGC GAC AAC CAT CCG CCA GTG GAC GAG GTG CGG CAG GTC ACT GGC GAA GAT AGA ATC ATC GAG GAA AAA TTC GAA TTT GAC ATG CAA CAT GCT TAC AGG TTG ACG CTA CTG AAC CGG CCT GTT GCG ATC TCC CTG GAT CAC AGA CGG CGG TTC AAC CAT AAC ACA GGC TTC GCT GCG ACG GTA ATG AAG CGC GGT AAC CCC ATC AAG GCG GTT ATG GAG GTT GCT TCC ATG AAA TTG GCC GCG GCA GGC TAC CGG AAC TAT AAG GGC AAC TTA AAG GTG GGC AGA CCA ACC AGG ACC TTG AAC AAC AAG GCG TCG CAA CAG GGC TAC AAG GTT CTG AAC GTG AGC TTA GCC CTG GAG TAC GGA CCT GAG CTG GAT ATC TCT AAT CGG GTG CGT TAC TCC ACC CAC CTG ATA GTG GCC GAG ACG TTG CGG AAC AAC GAG GTT GAC GTC TAC TAC TAT GTT GAG CTC AAG ATC GTG TTC AAC CTA GGC ATC CGG ACC GGC GGC ACG TAC AAG GTG CAG GAG ACC GCC TTG GAG TCT CAG AGC AAC GAC GAC AGC TAC TTG ACT TTG ACC CAG GTA CTC TCG AAC TTG TAC TTC CAG GTG CGC ATC ATG TTT AAG ACA CCA CGG TGG CAG GGT CAG GCC GGA AAC GGC GGC GTT CGC ACA GTG ACC GAG CGG AAC AGA AAC TTG CCT CAG GAG GAG AAC GAG AAG TAC GCC GTG ACC GGC GCG AAG GAT CAA ACG GCG GAG TTG GAG CGG CAC GAG ACA TTC TAC ACG GAG CCT AAC TTT AAC TTC ACG ATG GGG TTG ATG AGA GCG CAT GAG CCA GTG GAG CGC GAG CCG GGC CAC CCG GTT ACG ACC GGA CTT GAG CAG CAT ACG ACG GAC TTC ATG CCT GAC CGG GCC GTG CAG AGA AGG GGG TCC ACA TAC TTC GAT ACC GGG GGC GGC GGC AAC CTG GAC ACA TAC TTG ACG GAG GAC ACA GGT TCT CCT TAC CGT TTG AAA GCG ATC AAG CCA TCG GCG CCC GAG GGG CTG CAG GTA ACA GCC ACC GAG AGA 
Klac                            CAT CCA GAT GAA TTG AAA ACT TTC TCC GAG TAT AAG CTC TCT AGA TAC CCA AGA ACT CAT ATC AGA TTG AGA AAG TTG ACT GGT ATG ACT GGT AGA TTG ACC AAC ATC ACT GTG ATC GAG GAA TCT ATT TAT CAA TTC GTT ACT TGT GAT AAT CAT TCT CCA GTT GAC GAT GTG AGG CTC GTC ACG GGT GAT GAA AGA ATC ATT GAA GAG AAG TTC GAG TTT GAA ATG CAA TTC GCA TAC AGA TTG ACC ATC CTC AAC AGA CCT ATT GCG ATT TCC TTG AAC CAT AGA AGA AAA TTC AAC CAT AAT GAT GGT TTT GCA GAG ACC GTG ATG AAA CGC GGC AAC CCT ATC AAG GGG TTG ATG GAA GTT AGA TCA ATG AAG TTG GAA GGG GCG GGT TAC AGA AAC TAT AAG GGT AAT TTG AAA GTT GGT AGA CCA ACT AGA ACC TTG TCT AAC AAG ACC TCT CAA CAA GGT TAT AAG GTT TTG AAC GTC CAT GTT GCC TTA GAA TAC GGT CCT GAA TTG GAT ATC TCC AAT AAA GTG CGT TAC TCC TTG CAT CTC ATT TGT CAG GAA ACT TTG AGA AAT AAT GAA GTA GAT GTC TAT TAC TAT GTT GAA TTG AAG GTT GTT TTC AAC ATC AAG ATC AGA CAG GGT GGT ACT TAC AAG GTT GAA GAA ACT GCT ATT GAT TCC GAA GAT AAT GAT AAC CAT TAT CTA ACT TTG GTG CAA GTG TTG GAA AAT TTG TAT TTC ACA GTT AGA AAC ATG TTC AAC ACT GCC AGA TGG CAA GGT CAA GAA GGC TCT GGT GGA GTT AGA ATT GTT ACT GAG AAG AAC AGA AAC TTG CCT GAA GAA GAA AAC GAG AAC TAC GCC GTC AGA GGT CAG CAA GAT CAA ACT GCG GAA CTA CAA AGA CAC GAA GTT TTC TAC ACC GAA CCT AAC TTC ATC TTC ATT ATG GGT TTG ATG AGA CAG TTC GAA GCC GTT GAG AGA GAG TCT GGT CAC CCA TTG ACT ACT GGC CTC GAA CAA CAT ACC ACT GAC TTC ATT CCA GAT AGA GCT GTG ACA CGT CGT GGT TCC ACT TAT TTC AAC ACT GGA GGT AGT GGT AAT CTC GAT ACT TAT TTG ACC GAT GAT ACT GGT TCC CCT TAT AGA TTG AAG GCG ATC AAA GCC TCA GCG CCT GAA GGT TTG CAA GTG GTT GCT ACT GAA AGA 
Calb                            CAT CCA AAA GAA TTG GCC TGT TTC TCC GAA GTG AAA TTA AAC AGA CAC CCA AGA ACT CAT GTC AGA ACT AGA AAT TTG ACA GGT ATG ACT GGT AGA TTG ACT AAC ATC ACT ATT ATT GAA GAA TCA ATT TAT GTC TTC TTG AGT GCT GAC AAT CAT AAT CCA GTT GAT AAA ATT GAA CAA GTT ACA GGT AAA AGC AGA GTT ATC GAA GAA CAA TTC GAA TTC GAA ATG CAA GCT GCT TAT CGT TGT ACT TTA TTG AAT AGA CCT ATT GCT ATC TCC TTG AAT CAT AGA CAG TTA TAT AAT CAT TAT GCA GCT TTT GCT GAA ACT ATG ATG AAG AGA GGA TCT CCT ATT AAT AAA GGT ATG GAA GTT AAT TCA ATG CAA TTG GAA AAA TCT GGT TAC AGA AAT TTG AAA GGT TAT TTG AAA GTT GGT AGA CCA ACT CGT ACC TTA ACC AAC AAA AAT ACC CAA CAA GCT TAT AAA CCA TTG AAT AAT CAG TTG GCT TTG GAA TAC GGT CCT GAA TTA GAT ATT TCC AAT TTA ATT AGA TAC TCC ACT CAT TTA GCA ATG GCC GAA ACT TGT AGA AAC AAC GAA GTC GAT GTT TAC TAC TAT GTT GAA TTA AAT TTG GTC TAT AAC TTA CAA ATC AGA TTA GGT GGT ACT TAC AAA GTC GAA GAA ACT GCC CAA GAA TCC GAA AAG AAT GAC AAA CAG TAT TTA TCT TTA GAG CCT ATG TTA AAA AAT TGT GTG TTT GAT GTC AGA TTG ATG TAT AAC CCT AAT AGA TGG CAA GGT TCA GAA GGT ACC GGT GGA CCA AGA ACT GTC ACA GAA AGC AAT AGA AAT TTG CCA GAA GAA GAA AAT GAA AAC CAC GCT CCT AGA GGT CAA GAA GAT CAA ACT GCT GAA TTA GAA AGA CAA GAA GTT TTT CAA ACT GAA CCT TCT TTC TAT TTT GTG ATG GGT TGT TTG AGA CAA GCT GAA AAT GTA GAA AGA GAA AAT GGT CAA CCA GGT ACT ACT GGT TTA GAA CAA CAT ACT ACT GAT TTC CAT CCA GAC AGA GCC GTT GAT AGA AGG GGT TCC CCT GTG TTT AAT ACT GGA GGG GGA GCT AAT ATG GAC CCT TAT TTG ACT GAA GAC ACT GGT TCC CCT GTG AAA TTG CAA GCT ATT AAA AAT AGT GCT AAA GAA GGT TTG CAA ATG GTT GCC ACT GAA AGA 



Printing out site pattern counts


         9        690  P

Scer                            AAA AAA AAA AAC AAC AAC AAG AAG AAG AAG AAG AAG AAG AAG AAT AAT AAT AAT AAT AAT AAT AAT AAT ACA ACA ACA ACA ACC ACC ACC ACC ACC ACC ACC ACG ACG ACT ACT ACT ACT ACT ACT ACT ACT ACT AGA AGA AGA AGA AGA AGA AGA AGA AGA AGA AGA AGG AGG AGG AGG AGT ATC ATC ATC ATC ATC ATC ATC ATC ATG ATG ATT ATT ATT ATT ATT CAA CAA CAA CAA CAA CAA CAA CAA CAA CAC CAG CAT CAT CAT CAT CCA CCA CCA CCA CCA CCA CCA CCA CCA CCC CCC CCT CCT CGG CGT CGT CGT CTA CTA CTA CTA CTC CTG CTT CTT CTT GAA GAA GAA GAA GAA GAA GAA GAA GAA GAA GAA GAA GAC GAC GAC GAC GAG GAT GAT GAT GAT GAT GAT GAT GCA GCA GCC GCC GCC GCG GCG GCT GCT GGA GGC GGC GGC GGC GGG GGG GGG GGT GGT GGT GGT GGT GGT GTA GTA GTC GTC GTC GTC GTG GTG GTG GTG GTG GTT GTT GTT GTT GTT GTT GTT TAC TAC TAC TAC TAC TAC TAC TAC TAT TAT TCA TCC TCC TCC TCC TCC TCC TCC TCT TCT TCT TCT TGG TGT TGT TTA TTA TTA TTA TTA TTC TTC TTC TTC TTC TTG TTG TTG TTG TTG TTG TTG TTT TTT TTT TTT TTT TTT 
Sbay                            ..G ..G .G. ... ..T ..T ..A ..A ... ... ... ... ... ... ..C ..C ..C ..C ... ... ... ... ... ... ..C ..C ..T ... ... ..T ..T ..T ..T GA. ..C ... ..A ..A ..C ..C ..C ..C ..C ... T.A ... ... ... ... ... ... ... ... ... ..G ..G ..A ..A ..A ... G.. ..A ... ... ... ... ... ..T ..T ... ... ..C ... ... ... G.C ... ... ... ... ... ... ... ..G ..G ... ... ..C ..C ... ... ... ... ... ... ... ..C ..G ..G T.C ..A ... ..C ... ... ... ... ... ..G T.. T.. T.. ... T.. ..A ..G ... ... ... ... ... ... ... ... ... ... ..C ..G ..G ... ... ... ..T ... ..C ..C ... ... ... ... ... ... ..C ... ..T .GT ..A ..C ..A ... ... ... ... ..G ..T ..A ..A ..T ..C ... ... ... ... ... ... ..T .CT ... ... ... ... ... ... ... ... ..C ..C ..C ..G ... ... ... ... ... ... ... ... ..T ..T ..T ..C ... ... ..A ... ... ... ... ..T ..T ..A ..C ... ... ... ..C ... C.. C.T ... ... ..G ... ... ... ..T ..T C.A C.. ..A ..A ... ... ... ..C ..C ... ... ... ... 
Smik                            ..G .TG ..G ..T ... ..T ..A ... ..A ... ... ... ... ... ..C ..C ..C ..C ..C ..C ... ... ... ... ..C ..T ... ... ..T ... ... ..T ..T GA. ..A ..C ..A ... ..C ..C ... ... ... ..A ... ... ... ... ... ... ... ... ..G C.C ... ... ..A ..A ... ..A .AC ... ... ... ... ..T ..T ... ..T ... ... ... ... ... ... ... ... ... ... ... ... ... ... ... ... ..T ... ... ... ... T.C ... ... ... ... ... ... ... ..G ... ... ... ..A ... A.A ... ... ... T.G ... ... T.. ... T.. ..C ... ... ... ... ... ... ... ... ... ... ... ... ... ... ... ..T ..T ..T ... ..C ..C ... ... ... ... ... .AG ..G ... ..T .GT ..C ..C ..C ..A ... ... ... ..T ... ... ..T ..T ..C ... ... ... ... ... A.T ..G ... ... ... ... A.C ..A ..A ..C ... ..C ..C ... ..G ..C ... ... ... ... ... ..T ..T ... ..T ..T ... ... ... ..G ..A ... ... ..T ..A ..T ... ... ..C ... ... ... ... ... C.. ... ... ..G ... ... ... ... ..T ... ... C.. ..A ... ... ... ... ... ..C ... ... ... 
Spar                            ..G ... ..G ... ... ... ... ... ..A ... ... ... ... ... ..C ..C ..C ... ... ... ... ... ... ... ... ..C ..G ... ... ... ..T ... ... .G. ..A ... ... ... ... ... ... ... ... ... ... ... ... ... ... ... ... ..G ... ... ... ... ..A ..A ..A ... .A. ... ... ... ..T ... ... ... ..T ... ... ... ... ... ... ... ... ... ... ... ... ... ... ... ... ... ... ... ... ... ... ... ... ... ... ... ... ... ... ... ... ... ..C ... ... ... ... ... ... ... ... ... ... T.. ... ... ... ... ... ... ... ... ... ... ... ... ... ... ... ... ... ..T ..T ... ..C ... ..C ... ... ... ... A.G ... ... ... .GT ..A ..C ..C ..C ... ... ... ... ..T ..A ... ..A ... ..C ... ... ... ... ..G ... AC. ... ... ... ..C ... ... ... ... ... ... ..C ..C ... ... ... ... ... ... ..T ..T ... ... ..T ... ... ... ..G ... ... ..T ... ... ..T ..C ... ... ... ... ... ... ... ... ... ..G ... ... ... ..T ... ... ... ... C.. ... ..A ... ... ... ... ..C ... ... ... 
Ncas                            ... ..C ... ..T ..T ..T ... ..A ... ..A ..A ... ... .GT ... ... ... ..C ..C .GA ... ... G.. ..T ..C ..T ... ..T GTG ... T.G ... ..T GAA ..T ..C GAA ... ..C ... ..C ... ... TA. .G. .CC ... ... ... ... GAT ... C.T C.C .AG ... .AA ..A ..A ..A CAA ... ..T ..T ... ..A ..T ..T ... ... T.A ... ..A ... ... G.A AG. ... ... ... ... ... ..G ... ... ..T ..A A.. ... ... T.. AA. ... ... ... ..T ..T ... ... T.. ..T ..A ..C ..A A.A A.G ... ... ..T T.G T.G T.G ..A T.A AAG ... T.A A.. ... ... ... ... ... ... ..C ..G ... ... ... ..T ... ..T ..T ..A ... ... ... ..A ..A ... ... ... ..C ... ... .GT ..A ..A ..C ..A ..T ..T ..T ..T ..T ..T ..T ..T ..G ... ..A ..G ... ... ..G ..C A.. ... ..G ..T AC. ..C ..T ... ... ..C ..G ... ..C ..G ..G ... ... ..T ..T ... ... ... ..T ... ... ... ..T A.T AAG ..T ... ..T ..A G.T ..G ... A.C ... ... ... ... A.. ..G C.G ... ... ... ..T ... ... ..T C.A ... ... ..A ..C ..A ... ..C ..C ... ..C ..C ... 
Cgla                            ... ..C ... .GT ... ... ..A ... ... ... ... ..A ... C.A ..C ..C ... ... ..C ..G ..C ... ... ..T ..C ..C ..T ..A GAG ... T.. ... ... ... ..A GAC GA. TAC ... ..C ..A ..A ..C TAC ..C .CC .AG ... ... ... GAG ... ... .AC TTC ... .AA ... ... ... .C. ... ... ..T ..A ..T ..T ... ..T ... .C. ... ..C ..A ..C G.C ... ... ... ... ... ..G ... ... ... ... ..A ..C ... ..C TGG GAG ... ... ..G ... ... ... ... ... ..T ..G ..A ... ... A.A ..C ... ..T ..T T.G T.G A.G T.. T.G ..A ..G A.. A.G ... ... ... ... ..G ..G ACG ..C ... ... ... ..A ..T ... ..A ... ..C ..C ..A ..G ... ... .AT ..C T.T ... .GT ..T ..T ..C ..A ..T ..A ... ..T ..T ..T ..C ..T ..A ... ... ... ... ... ..G ..G A.. ... ..T ..A ... ... ..C A.A ..T ... ..C ..G ..C ..G ..C ... ... ... ..T ... ... ... ... ... ... ..C ..C ..T AAA ... ... ... ... AAG ... ... ..C A.. ... ..C AAG A.T C.G ..G ..G ... ... ..T ..T ... ..T ... ... ... C.C G.T ... ... ..C ..C ... ... ... ..C 
Agos                            ..G ... GCT ... ... ... ... ... ... ... CG. ... ... ... ..C ..C ..C ..C ..C GGC ... ..C G.. ... ... ..G ..T ..A ..G ... ..G ... ... GAT ... ... .GC ..G ..G ..C ..C ... ..C CAG ..C .CC .AC ... ... C.G C.G C.C C.G C.G C.T ... .A. C.. ... .A. GAA ... ... ... ... ... ... ... G.G ... C.. T.G ..C ..A ..C G.. ..G A.G ... ..G GCC ..G ..G ... ..G ... ... ... ..C ... T.C G.G ... ..T ..C ..G ... ..T ..C ... ..A ..T ..G ... A.. A.G ..C ... T.G ..G T.G ..G A.G ..C GCG ..A ..G ..C AGC C.G ... ..G ..G ..G ..G ..G ..C ..G ..G ... ... ... ... ... ... .CG ..C .CC C.G ..C ..G T.G ..G ..T ... .G. C.. ... ..C ..A ..C ... ... ... ..T ..A ... ..C ..A ..C ..C ..G ..C ... ..G ..G ..G ... ..G ..T ACC ... ... ACA ... ..A ... A.G ..G ... ..G ... ... ... ... ... ... ..T ... ... ..C ... ..T AA. GAA ..T ... ..G ... AG. ..G A.A CGG ..C ... ..C GTG ACC C.G ... ..G C.G ... ... ... ... ..T ... ... C.. C.T ..A ... ... ..C ... ... ..C ..C .AC 
Klac                            ... ..G .G. ..T ... ... ... ... ... ..A ..A ... ... ... ..C ... ..C ..C ... ..G ... ... ..C .TT ..T ..T ..G ..T .TT ... ... ..T CAG GAA ..T ..C GA. ... ..C ... ... ... ... CTC ... ... .TC ... C.T ... ..G ... ... ... ... ... CAA ..A ..A .AA GAG ... ... ..T G.T ... ... ..T G.G ... C.C ... ..C ... .AC ... ... A.C ... ... ..G ... ... ... ... ... ..A TTC ... ... T.. GGG ... ..T ..T ... AA. ... ..T ... G.. ..T ..A ... ..T A.A ..C ... T.G T.. ... T.G A.G T.. ACC A.C T.G A.C TCT ... ..G ... ..G ... ..T ... ..T C.. ... ..T ..A ..T ... ..A ... ..G ... ..A ACA ... ... .A. CAG ..A ..T .GT T.T ... ..C ..G ..T ..A ..T A.T ... ..C ..A ..T ... ... ... ... ... ... ..T ..T ..T ... ..G T.G ... ... ..T ..T ..T ..G ... A.. ..C ..A ..C ... ... ... ... ... ... ..T ... ..T ..C ... ..T ..T GAT ... ..A ..T ... CAT ..A GA. AAG A.. ... ... ... ..G C.C ..G ..G C.C ... ... ... ... ... ... ... ... C.C G.T ... ... ..C ..C ... ..C ... .A. 
Calb                            ... C.. ..T T.T ... TCT ..A ..A ..T ..A TTA ..A ..A ..A ... ... ... ... ... C.A ... ..C ... ..T ..T ..T ... C.T GTG ... ..T ..T TTA .G. ..T ..T .AG ... ... ... TG. T.. ... CAA ..A ... TAT ... ... ... GA. ... ... CAG .A. ... GAA ..A ..A .A. GAA ... ..T ... T.G G.T ..T ..T ..T ... ... CAA G.C GCA T.G ... .CT A.C ... GTC GCC ... ... ... ... ..A TCA GC. ... ... T.. AA. ... ..T ..T ... G.C ... AA. ... AAT ..T ..A ..A A.. ... A.A A.A T.. T.G T.. T.G T.G T.A AA. T.A T.A A.. A.C ... ... ... ... ... A.. ... ..C ... ... ... ..A ..T ..T ..A ... ..A ..C ..A ... ..C ..A AA. CA. ..T ... ..T AAT ..T ... T.. ..T ..A ..T ..A ..A ..T ..A ... ... ... ... ... ... ... ..T ..C ... ..T ..T .GT .A. A.T ..A ..T ..T A.G CCA CA. CC. ..C AA. ... ... C.A ... C.. ..T .TG ... ... ..C ... ... A.. AAA ... ..A A.. ... CAG AG. G.A AGC AG. ... GC. ATG ACT ..G ..G ..G ... ... ... .AT .AT ... ... ... ... ..A ... .GT ..A ... .A. ..C ... ... G.G 

    1    3    1    2    2    2    1    1    3    1    2    1    1    1    4
    3    1    2    1    1    1    2    2    1    1    1    1    3    1    1
    2    3    1    1    4    2    1    2    2    2    1    1    1    1    2
    1    1    5    1    6    1    3    1    1    1    2    1    2    2    1
    1    2    3    2    1    1    1    1    2    7    1    1    1    1    1
    1    1    3    2    1    1    1    1    1    2    2    1    2    2    5
    3    2    2    2    1    1    1    1    1    1    3    2    1    1    1
    2    1    1    1    1    2    1    1    2    1    2    1    1    1    3
    2    7    5    4    2    4    2    1    2    1    1    1    2    1    2
    1    1    3    2    1    2    1    2    2    3    3    2    4    2    1
    1    1    3    1    1    2    1    1    1    1    2    4    3    2    1
    2    2    2    1    2    1    1    1    2    1    3    2    1    1    1
    1    2    1    1    2    2    1    1    1    1    1    2    1    2    1
    3    1    1    4    2    1    1    1    1    1    1    1    2    1    1
    2    1    2    2    1    1    1    2    1    4    2    2    4    1    2
    1    1    2    1    4

CODONML (in paml version 4.9j, February 2020)  temp.nuc
Model: One dN/dS ratio, 
Codon frequency model: Fequal
ns =   9  ls = 393

Codon usage in sequences
--------------------------------------------------------------------------------------------------------------------------------------
Phe TTT  11  10  11  11   8   8 | Ser TCT   4   8   6   6   7   6 | Tyr TAT   3   5   8   7  11   3 | Cys TGT   2   1   2   2   2   0
    TTC   7   8   7   7  12  11 |     TCC  14   8   5  10   1  13 |     TAC  10   8   8   6   6  13 |     TGC   0   1   0   0   0   1
Leu TTA   7  13   8   7  13   1 |     TCA   1   6   6   1   5   0 | *** TAA   0   0   0   0   0   0 | *** TGA   0   0   0   0   0   0
    TTG  16  10  14  14  11  21 |     TCG   0   0   2   2   3   0 |     TAG   0   0   0   0   0   0 | Trp TGG   1   1   1   1   1   4
--------------------------------------------------------------------------------------------------------------------------------------
Leu CTT   4   2   3   4   3   2 | Pro CCT   2   1   1   1   5   4 | His CAT  12   8  11  12   9   2 | Arg CGT   4   4   4   4   3   1
    CTC   1   1   2   1   0   2 |     CCC   5   4   5   6   1   0 |     CAC   2   6   0   2   0   9 |     CGC   0   0   1   0   1   1
    CTA   5   5   4   5   3   2 |     CCA  12  11  12  12  10  10 | Gln CAA  13  10  13  13  13  14 |     CGA   0   0   0   0   0   0
    CTG   2   4   4   4   1   2 |     CCG   0   2   1   0   0   3 |     CAG   1   4   1   1   1   1 |     CGG   1   1   0   1   0   1
--------------------------------------------------------------------------------------------------------------------------------------
Ile ATT   5   6  10   8  10   9 | Thr ACT  13   9  13  15  18   6 | Asn AAT  17  11   9  10  19   7 | Ser AGT   1   0   0   0   3   2
    ATC  13   9  10  10   7  10 |     ACC  12  17  13  12  12  14 |     AAC   6  12  15  14   6  17 |     AGC   0   0   0   1   0   0
    ATA   0   2   0   0   4   4 |     ACA   4   4   8   6   1   9 | Lys AAA   5   2   4   6  10   7 | Arg AGA  23  26  26  25  26  20
Met ATG   8   8  11   8   7   8 |     ACG   6   2   0   4   1   5 |     AAG  11  13   9  10   9  14 |     AGG   6   4   3   4   2   5
--------------------------------------------------------------------------------------------------------------------------------------
Val GTT  11   6   4   9   6   9 | Ala GCT   3   6   3   0   2   6 | Asp GAT  12  11  13  12  14   8 | Gly GGT  13  18  18  16  20  21
    GTC   7  12  15   8   9   8 |     GCC   8   8  10  12   9   7 |     GAC   5   9   5   5   3   9 |     GGC   6   5   6   6   0   4
    GTA   3   1   2   2   1   2 |     GCA   3   5   1   4   8   1 | Glu GAA  34  29  34  34  35  25 |     GGA   1   4   1   4   2   2
    GTG   6   7   4   6  10   7 |     GCG   6   0   2   0   0   0 |     GAG   1   4   2   1   4  12 |     GGG   4   1   2   1   5   0
--------------------------------------------------------------------------------------------------------------------------------------

--------------------------------------------------------------------------------------
Phe TTT   3   2   5 | Ser TCT   4   7   4 | Tyr TAT   3  11  12 | Cys TGT   0   2   5
    TTC  11  14   6 |     TCC   6   7   7 |     TAC  17   9   6 |     TGC   1   0   0
Leu TTA   3   1  15 |     TCA   0   2   3 | *** TAA   0   0   0 | *** TGA   0   0   0
    TTG  14  24  19 |     TCG   3   0   0 |     TAG   0   0   0 | Trp TGG   1   1   1
--------------------------------------------------------------------------------------
Leu CTT   2   0   0 | Pro CCT   6   7  10 | His CAT   7   9   8 | Arg CGT   2   3   2
    CTC   2   6   0 |     CCC   2   0   0 |     CAC   4   2   2 |     CGC   4   1   0
    CTA   2   2   0 |     CCA   7   6   9 | Gln CAA   3  12  18 |     CGA   0   0   0
    CTG  10   0   0 |     CCG   4   0   0 |     CAG  13   4   3 |     CGG  14   0   0
--------------------------------------------------------------------------------------
Ile ATT   0   9   9 | Thr ACT   2  22  23 | Asn AAT   1   9  25 | Ser AGT   0   1   2
    ATC  13  11   4 |     ACC  15   8   4 |     AAC  22  18   8 |     AGC   4   0   2
    ATA   1   0   0 |     ACA   8   2   3 | Lys AAA   3   6  16 | Arg AGA   8  27  25
Met ATG   9   8  12 |     ACG  14   1   0 |     AAG  15  13   2 |     AGG   5   1   1
--------------------------------------------------------------------------------------
Val GTT   8  16  10 | Ala GCT   3   3  14 | Asp GAT   5  15   7 | Gly GGT   3  21  21
    GTC   2   4   7 |     GCC   9   5   5 |     GAC  10   2   5 |     GGC  17   3   0
    GTA   3   1   1 |     GCA   1   2   2 | Glu GAA   4  27  39 |     GGA   3   2   4
    GTG  14   8   5 |     GCG  10   5   0 |     GAG  28   9   1 |     GGG   5   2   1
--------------------------------------------------------------------------------------

Codon position x base (3x4) table for each sequence.

#1: Scer           
position  1:    T:0.19338    C:0.16285    A:0.33079    G:0.31298
position  2:    T:0.26972    C:0.23664    A:0.33588    G:0.15776
position  3:    T:0.29771    C:0.24427    A:0.28244    G:0.17557
Average         T:0.25360    C:0.21459    A:0.31637    G:0.21544

#2: Sbay           
position  1:    T:0.20102    C:0.16031    A:0.31807    G:0.32061
position  2:    T:0.26463    C:0.23155    A:0.33588    G:0.16794
position  3:    T:0.26972    C:0.27481    A:0.30025    G:0.15522
Average         T:0.24512    C:0.22222    A:0.31807    G:0.21459

#3: Smik           
position  1:    T:0.19847    C:0.15776    A:0.33333    G:0.31043
position  2:    T:0.27735    C:0.22392    A:0.33588    G:0.16285
position  3:    T:0.29517    C:0.25954    A:0.30280    G:0.14249
Average         T:0.25700    C:0.21374    A:0.32400    G:0.20526

#4: Spar           
position  1:    T:0.18830    C:0.16794    A:0.33842    G:0.30534
position  2:    T:0.26463    C:0.23155    A:0.33842    G:0.16539
position  3:    T:0.29771    C:0.25445    A:0.30280    G:0.14504
Average         T:0.25021    C:0.21798    A:0.32655    G:0.20526

#5: Ncas           
position  1:    T:0.20356    C:0.12723    A:0.34351    G:0.32570
position  2:    T:0.26718    C:0.21120    A:0.35623    G:0.16539
position  3:    T:0.35623    C:0.17048    A:0.33333    G:0.13995
Average         T:0.27566    C:0.16964    A:0.34436    G:0.21035

#6: Cgla           
position  1:    T:0.20611    C:0.13740    A:0.34860    G:0.30789
position  2:    T:0.26972    C:0.21374    A:0.35878    G:0.15776
position  3:    T:0.23919    C:0.30280    A:0.24682    G:0.21120
Average         T:0.23834    C:0.21798    A:0.31807    G:0.22561

#7: Agos           
position  1:    T:0.16794    C:0.20865    A:0.30534    G:0.31807
position  2:    T:0.24682    C:0.23919    A:0.34351    G:0.17048
position  3:    T:0.12468    C:0.35369    A:0.11705    G:0.40458
Average         T:0.17981    C:0.26718    A:0.25530    G:0.29771

#8: Klac           
position  1:    T:0.20356    C:0.13232    A:0.34606    G:0.31807
position  2:    T:0.26972    C:0.19593    A:0.37150    G:0.16285
position  3:    T:0.34860    C:0.22901    A:0.22901    G:0.19338
Average         T:0.27396    C:0.18575    A:0.31552    G:0.22477

#9: Calb           
position  1:    T:0.21120    C:0.13232    A:0.34606    G:0.31043
position  2:    T:0.23664    C:0.21374    A:0.38677    G:0.16285
position  3:    T:0.39949    C:0.14249    A:0.34351    G:0.11450
Average         T:0.28244    C:0.16285    A:0.35878    G:0.19593

Sums of codon usage counts
------------------------------------------------------------------------------
Phe F TTT      69 | Ser S TCT      52 | Tyr Y TAT      63 | Cys C TGT      16
      TTC      83 |       TCC      71 |       TAC      83 |       TGC       3
Leu L TTA      68 |       TCA      24 | *** * TAA       0 | *** * TGA       0
      TTG     143 |       TCG      10 |       TAG       0 | Trp W TGG      12
------------------------------------------------------------------------------
Leu L CTT      20 | Pro P CCT      37 | His H CAT      78 | Arg R CGT      27
      CTC      15 |       CCC      23 |       CAC      27 |       CGC       8
      CTA      28 |       CCA      89 | Gln Q CAA     109 |       CGA       0
      CTG      27 |       CCG      10 |       CAG      29 |       CGG      18
------------------------------------------------------------------------------
Ile I ATT      66 | Thr T ACT     121 | Asn N AAT     108 | Ser S AGT       9
      ATC      87 |       ACC     107 |       AAC     118 |       AGC       7
      ATA      11 |       ACA      45 | Lys K AAA      59 | Arg R AGA     206
Met M ATG      79 |       ACG      33 |       AAG      96 |       AGG      31
------------------------------------------------------------------------------
Val V GTT      79 | Ala A GCT      40 | Asp D GAT      97 | Gly G GGT     151
      GTC      72 |       GCC      73 |       GAC      53 |       GGC      47
      GTA      16 |       GCA      27 | Glu E GAA     261 |       GGA      23
      GTG      67 |       GCG      23 |       GAG      62 |       GGG      21
------------------------------------------------------------------------------


Codon position x base (3x4) table, overall

position  1:    T:0.19706    C:0.15409    A:0.33446    G:0.31439
position  2:    T:0.26293    C:0.22194    A:0.35143    G:0.16370
position  3:    T:0.29206    C:0.24795    A:0.27311    G:0.18688
Average         T:0.25068    C:0.20799    A:0.31967    G:0.22166

Codon frequencies under model, for use in evolver (TTT TTC TTA TTG ... GGG):
  0.01639344  0.01639344  0.01639344  0.01639344
  0.01639344  0.01639344  0.01639344  0.01639344
  0.01639344  0.01639344  0.00000000  0.00000000
  0.01639344  0.01639344  0.00000000  0.01639344
  0.01639344  0.01639344  0.01639344  0.01639344
  0.01639344  0.01639344  0.01639344  0.01639344
  0.01639344  0.01639344  0.01639344  0.01639344
  0.01639344  0.01639344  0.01639344  0.01639344
  0.01639344  0.01639344  0.01639344  0.01639344
  0.01639344  0.01639344  0.01639344  0.01639344
  0.01639344  0.01639344  0.01639344  0.01639344
  0.01639344  0.01639344  0.01639344  0.01639344
  0.01639344  0.01639344  0.01639344  0.01639344
  0.01639344  0.01639344  0.01639344  0.01639344
  0.01639344  0.01639344  0.01639344  0.01639344
  0.01639344  0.01639344  0.01639344  0.01639344


TREE #  1:  (((((1, 4), (3, 2)), 5), 6), ((7, 8), 9));   MP score: 1177
This is a rooted tree.  Please check!
lnL(ntime: 16  np: 18):  -6672.033074      +0.000000
  10..11   11..12   12..13   13..14   14..1    14..4    13..15   15..3    15..2    12..5    11..6    10..16   16..17   17..7    17..8    16..9  
 0.085788 0.114215 0.407116 0.117003 0.179931 0.102872 0.022504 0.218266 0.374977 0.624210 0.675779 0.059729 0.134259 1.302811 0.581246 1.766416 1.788634 0.083435

Note: Branch length is defined as number of nucleotide substitutions per codon (not per neucleotide site).

tree length =  6.767122

(((((1: 0.179931, 4: 0.102872): 0.117003, (3: 0.218266, 2: 0.374977): 0.022504): 0.407116, 5: 0.624210): 0.114215, 6: 0.675779): 0.085788, ((7: 1.302811, 8: 0.581246): 0.134259, 9: 1.766416): 0.059729);

(((((Scer: 0.179931, Spar: 0.102872): 0.117003, (Smik: 0.218266, Sbay: 0.374977): 0.022504): 0.407116, Ncas: 0.624210): 0.114215, Cgla: 0.675779): 0.085788, ((Agos: 1.302811, Klac: 0.581246): 0.134259, Calb: 1.766416): 0.059729);

Detailed output identifying parameters

kappa (ts/tv) =  1.78863

omega (dN/dS) =  0.08344

dN & dS for each branch

 branch          t       N       S   dN/dS      dN      dS  N*dN  S*dS

  10..11     0.086   855.4   323.6  0.0834  0.0071  0.0854   6.1  27.6
  11..12     0.114   855.4   323.6  0.0834  0.0095  0.1136   8.1  36.8
  12..13     0.407   855.4   323.6  0.0834  0.0338  0.4051  28.9 131.1
  13..14     0.117   855.4   323.6  0.0834  0.0097  0.1164   8.3  37.7
  14..1      0.180   855.4   323.6  0.0834  0.0149  0.1790  12.8  57.9
  14..4      0.103   855.4   323.6  0.0834  0.0085  0.1024   7.3  33.1
  13..15     0.023   855.4   323.6  0.0834  0.0019  0.0224   1.6   7.2
  15..3      0.218   855.4   323.6  0.0834  0.0181  0.2172  15.5  70.3
  15..2      0.375   855.4   323.6  0.0834  0.0311  0.3731  26.6 120.7
  12..5      0.624   855.4   323.6  0.0834  0.0518  0.6211  44.3 201.0
  11..6      0.676   855.4   323.6  0.0834  0.0561  0.6724  48.0 217.6
  10..16     0.060   855.4   323.6  0.0834  0.0050  0.0594   4.2  19.2
  16..17     0.134   855.4   323.6  0.0834  0.0111  0.1336   9.5  43.2
  17..7      1.303   855.4   323.6  0.0834  0.1082  1.2963  92.5 419.5
  17..8      0.581   855.4   323.6  0.0834  0.0483  0.5784  41.3 187.2
  16..9      1.766   855.4   323.6  0.0834  0.1466  1.7576 125.4 568.8

tree length for dN:       0.5618
tree length for dS:       6.7335


Time used:  0:09
