      9    648

Scer                            AGA AGG AAT GAC AAT CAA CGC AGA ATT TTT AGA TCG TTT CCA TCT ACT GAA AGA GAT TAC GAT GAT GTA GAA ACC TAC AAG CAA GAT GAC GCT AAA AGG GAA AGC AAG AGA AAA TCT GCG AGG AAA TTT ACT AGG GTG AAA CAT AAA TCT GAA AAT AAT AAG GAT AGG ACT GAA AAA TCG AAT CAG AGA AGA CTC AGG AGA CGT CGT AAT AAT AAA GCT AAC AAC GAA GAT AGT ACC AGT AAC GAA GAA GAT GAT CAA GAT AGC CGT CAG AAT AGG ATT AAG AGG TTA AGA TTG GAG AAG CAG CTC GCA CGT CGC AAA GAT AGT TTT TGG TTT GCA AGG CAA GAT AGA AGA CAT GCG TAC CGT AAC AGA AAT AGA CGT TAT GAT AAA AAA AAC AAA AAA CGT GAC AGA AGT AAC CCA AAA AAC GAT AAG GCT AGC TAC GAT GGC GAT AAA CGT AAA AAG TTG AAG GAT ACT GAG AGA GAA GAA AGA GAG GAA CGT TAC GGG AAA TTA CGC GTG GAC AAG CGA AAT GTA CAT CTA TAT CAT CAA AGC AAC AGG AGG CAA GAT AAA AGA AGA CAA CGT ACC GAA CTA AAG CAG AGC GTG GAA GTA AAT GAT GAT TAC AAT GAA AGG AGC AGA AGA AGT AAT GCG GAG GAA 
Sbay                            AGA AGA AAC GAT AAT CAA CGT AGG ATT TTC AGA TCG TTT CCT TCT AAT GAA AGA GAC TAC GAC GAC GTA GAG ACC TAT AAG CAA GAT GAT GCC AAA AGA AAA AAG AAG AGA AAA TCT GCT AGG AAA TTC ACT AGA GTG AAA GTC AAA TCC GAA AAC AAT AAG GAC AGG ACC AAA AAA TCG AAT CGC AGA AGA TTG AGA AGA CGT CGT AAT AAT AAA GCT AAC AAC GAA GAC AGT ACC AGT AAC GAG GAA GAT GAC CAA GAT AAG CGT CGC AAT AGA ATT AAG AGA TTG AGA TTG AAC AAG CAG CTG GCA CGT CGC AAA GAC AAT TTC TGG TTT GCA AGA CAG GAT AGA AGA GTC GCG TAC CGT AAT AGA AAT AGA CGT TAC GAC AAA AAG AAC AAG AAG CGT GAT AGA AAT AAC CCA GAA AAC GAT AAA CCC AAG TAC GAT GGT GAT AGA CGT AAA AAG TTG AAA GAT AGT GAA AGG GAG GAG AGA GAA GAA CGT TAC GGG AAG TTG CGC GTG GAT AAG AGA AAT GTA CAC CTG TAC GTC CAG AAG AAC AGA AGA CAA GAT AAG AGA AGA CAA CGT ACC AAA TTA AAG CAA AAG GTG GAA GTA AAT GAT GAT TAC AAC GAA AGA AAG AGA AGG AGT AAT GCT GAA GAG 
Smik                            AGA AGG AAC GAT AAT CAA CGT AGA ATT TTC AGA TCT TTC CCA TCT AAT GAT AGA GAT TAC GAT GTT GTT GAA ACT TAC AAG CAA GAC GAC GCC AAA AGA GAG AGC AAG AGA AAA TCT GCG AGG AAA TTC AAT AGA GTA AAA CAC AAA GAT GAA AAC AAT AAG GTT AGG ACT GAG AAA TCT AAC CAG AGA AGA CTG AGA AGA CGT CGT AAT AAC AAA GCT AAT AAC GAA GTT AGT ACT AGT AAT GAA GAA GAT GTT CAG GAT AGC CGT CAG AAT AGA ATT AGC AGA TTA AGA TTG GAA AAG CAG CTG GCA CGT CGC AAA GAC AGT TTC TGG TTC GCA AGA CAG GAC AGA AGA CAC GCG TAT CGT AAC AGA AAT AGA CGT TAT GAC AAA AAA AAC AAA AAA CGT GAC AGA AGT AAC CCA GAA AAC GAC AAG GCT AGC TAC GAT GGC GAT AAA CGT AAA AAG TTG AAA GAT ACT GAG AGA GAA GAA AGA GAA GAA CGT TAC GGG AAA TTA CGC GTA GAT AAG AGA AAT GTT CAT CTG TAC CAC CAG AGC AAC AGA AGG CAA GAT AAA AGA AGA CAA CGT ACT GAG ATT AAG CAA AGC GTA GAA GTT AAC GAT GAC TAT CAA GAA AGG AGC AGA AGA AGT AAT GCG GAA GAA 
Spar                            AGA AGG AAT GAC AAT CAA CGC AGG ATT TTC AGA TCT TTT CCA TCT GAT GAA AGA GAT TAC GAT GAT GTT GAA ACT TAC AAG CAA GAT GAC GCC AAA AGA GAA AGC AAA AGA AAA TCT GCG AGG AAA TTC ACT AGA GTG AAA CAT AAA TCT GAA AAT AAT AAG GAT AGG ACT GAA AAA TCT AAT CAG AGA AGA CTG AGG AGA CGT CGT GAT AAT AAA GCT AAC AAC GAA GAT AGT ACT AGT AAC GAA GAA GAT GAT CAA GAT AGC CGT CAG AAT AGG ATT AGC AGG TTA AGA TTG GAA AAA CAG CTG GCA CGT CGC AAA GAT AGT TTC TGG TTT GCA AGA CAG GAC AGA AGA CAT GCG TAC CGT AAC AGA GAT AGA CGT TAC GAT AAA AAA AAC AAA AAA CGT GAC AGA AGT AAC GCA GAA AAC GAT AAG GCT AGC TAC GAT GGC GAT AAA CGT AAA AAG TTG AAG GAC ACT GAA AGG GAA GAA AGA GAG GAA CGT TAC GGG AAA TTA CGC GTG GAC AAG AGA AAT GTT CAT CTG TAC CAT CAG AGC AAC AGG AGG CAA GAT AAA AGG AGA CAA CGT ACT GAA CTA AAG CAA AGC GTG GAA GTT AAT GAT GAT TAC AAT GAA AGG AGC AGG AGA AGT GAT GCG GAG GAA 
Ncas                            AGA AGA AAT GAT GAT CAA CGT AGA ATT TAC AGA ACT TTT CCA TCA ACA GAT AGA GAT TAT AAT GAT GCC GAA ACA TAT AAG CAA GAT GGT GCC AAG AGA GCT AAG AAA AGA AAA TCA CCT AGA AAG TAC ACT AGA GAA AAG ATT AAA AGC GCC AAT AAT AAG GAT AGA ACA GCT GAT ACT AAT CCG AGA AGA TTA AGA AGA CGT CAC ACA AAT AAG GCT AAT AAC GAG GAT AGT ACA GAA AAT GAG GAA GAT GAT CAA GAT AAG AAT CCG AAT AAA ATT AAG AGA TTG CGA TTA GAC AAA CAA TTG CAA AGT CGT AAG GAT GCT TAC TGG TTT CAA AGA CAA GAA AGA AGA ATT GCC TAC AGT AAA AGA ACA AGA AAT TAT GAT GAT AAA AAT AAA AAA CGT GGT AGA GCT AAT CCT GAA AAC GAT AAG CCG AAG TAC GAT GGG GAT AAA CGT AAG AAG TTA AAG GAT ACA GAA AGA GAG GAA CGT GAG GAA CGT TAT CAA AAA TTG CGT GAA GAT AAG AGA GTT GCC CAT TTG TAT ATT CAA AAG AAC AGA AGA CAA GAC AAA CGT AGA AAG CGT ACA GCT GTG AAG CAA AAG GAA GCC GCC AAT GAT GAT TAC AAT CAA AGA AAG CGT AGA GAA ACA CCT GAG GAA 
Cgla                            AGA AGA AAT GAT AAT CAA CGT AGA ATT TTT AGA TCA TTT CCA TCT ACC GAT AGA GAT TAC TCT AAC AAA GAA ACT TAC AAG CAA GAT GAA GGT CAA CGT GAG AAG AAG AGA CGT TCT AGA AGG AAG TTT TCT CGT GTT AAG ATT CGT TTC CAG AAT CAG AAG AAC AGG ACA GAG GAC TCA AAC CCA AGA AGA CTT AGA AAG CGT CGT ACC AAC CAA GCT AAT AAC GAG AAC AGT ACT ACA AAT GAT GAA GAT AAC AAC GAT AAG AGA CCA CAG AGA ATT AAG AGA TTA AAG TTA GAC AAG GAG CTC AAT AGT CGT AAG GAT CCT TTT TGG TTT AAT CGT CAA GAA AAG AGA ATT GCC TAC AGT TTT AGA ACC AAG AGA TAC GAT GAC AAG ACC CTG CTG CGT GAA AGA CCT ACC CCG GAA AAC GAT AAG CCT AAG TAC GAT GGT GAT CAG CGT AAG AAA TTA AAG GAT ACA GAA AGA GAT GAA AGA GAA GAA AGG TAC GGC AAG TTA CGT GTT GAT AAG AGA AAT AAA CAC TTA TAC ATT CAA AAG AAC AGA AGA CAG GAC AAG CGA AGA CAA CGT ACT GAG GTC AAG CAG AAG GTT CAG AAA AAC GAC GAT TAC AAC GTT AGA AAG CGA CGT ACA ACC AGA GAA GAA 
Agos                            AGA AGA AAT GAC GAT CAG CGA CGG ATT TTG AGA GCT TTC CCA TCG ACC GAG CGG GAC TAC GGG GAT ACC GAG ACG TAT AAG CAG GAC GTG GCC AGA CGC GCT TCG AAG AGA AAG TCG CCG AGA CGG TTG GTT CGC GTG CGG ATC AAG TCC ACA AAT AGC AAG GAT AGA ACT GCT AGC GCT AAC CCC AGA AGA TTG AGA CGC CGT CGG ACC AAC AGA ACC AAC AAC GAG GAT AGC ACG GAG AAC GAG GAA GAC GAT CAG GAC TCG CGG CCC AGC AAA ATT TCG AGA CTG AGA CTG CGG AAG CAG CTT TTG AGT AGG CGG GAT TCG TTG TGG TTC TTG CGC CAG GAT CGC AGA ATC GCA TAC AGT TCA AGA ACC CGC CGG TAC GAT AGC AAA ACG CAG CAG CGG GTG AGA TCG ACG CCC GAG AAC GAC AAG CCT TCG TAT GAC GGT GAC AAG CGT CGG CGG CTG AAG GAC ACT GAG CGG GAG GAG CGT GAA GAG CGG TAC AAC AAA CTG AGG GTG GAC AAG CGT GTT ACC CCG TTG TAC ATC CAG TCG AAT CGG AGA GAA GAC AAA CGT AGA AGG CGG ACG GCT GTG AAG CAG TCG GTG ACA ACC AAC GAT GAC TAC AAT GAA AGA TCG CGT CGG GAG ACC CCG GAA GAG 
Klac                            AGA AAA AAT GAT AAC CAA AGG CGT ATT TTC AGA GTC TTC CCG TCA ACC GAG AGG GAT TAC GAT GAC TCG GAA ACT TAT AAG CAA GAC GTT GCC AGA CGT GAT GAT AAA AGA AAG TCA CAT CGT AGG TTC GTT CGT GTT AGG AAT AAG CAA ACA AAT TCC AAG GAC CGT ACT GAT AAG GTC AAC GCA AGA AGA TTG AGA AGG CGT CGT ACC AAC AGA GCT AAC AAC GAA GAC AGT ACT GAA AAC GAG GAA GAT GAC CAA GAT GAT CAG GCA TCC AAA ATT GAT AGA TTA AGA CTG CGT AAA CAG TTG CAG GAA CGT AGG GAT ACT TTC TGG TTC CAG CGT CAA GAT AGG AGA AAT GCT TAC GAA CAT AGA ACC AGG CAG TAC GAT AAG TCG ACC AAG AAG AGA GTT AGA ACT ACC CCT GAA AAC GAC AAG GCT GAT TAC GAT GGA GAT AAG CGT AGG AAG CTG AAG GAC ACC GAG CGT GAG GAA CGT GAA GAA CGT TAC AAT TCG TTA CGT GTT GAT AAG AGG AGA TCG CAT TTG TAC AAT CAA GAT AAC AGA AAA GAA GAT TCG AGA AGA CAA AGA ACT GAT GTC AAG CAA GAT GTT ACA TCG AAC GAT GAC TAC AAT GAA AAA GAT AGA CGT GAA ACC CAT GAA GAA 
Calb                            AGA CGG AAT GAT AAT ACT CGT CGC ATT AGT AGA AGA TTT CCA TCA GCT TTA AGA GAT TAT ACA GAT ACT GAA ACT TAC AAA ACT GAT GTG GCT AAA CGA GAA GCT AAA AGA AAA TCA AAT CGT CGA AGT ACA CGA GTT CGA AAT AAA AAC ACA AAT CAT AAA GAT CGT ACA GAA AAA AGA AAT TTA AGA AGA TAT AGA AAA CGT CGT GCT AAT AAA GCT GGT AAC GAA GAT AGT ACT CCT GGT GAA GAG GAA GAT AAT GAA GCT AGA TTA CAT AAG ATT GCT AGA TTA AAA TTG CGT AAA GTT TTC GAA TCT AGA CGA GAT TCA AGT GGT TTT GAA CGA AAA AAC AAA AGA AAT GCC TAC TCT TTA AGA GCT AAA AGA CAT GAT AAA AAG ACT AAA AAA AGA GTG AGA TCA ACT GCT GAA AAC GAT AAA CCT GCT TAC GAA AAC GAA AAA CGT CGA AAA TTG AAA GAT AAA GAA CGC GAA GAA CGA GAG GAA AGA TAT AAA AAG TTA AGA GTT GAT AAA CGT AGA ACT TCT CTT TAT AAT AAA GCT GAT AGA CGG CAA GAT AAG GAA AGA CAA AGA ACT GAA GCA AAA CAG GCT GTT ACA ACT AAT GAT GAT TAC AAT CAA CGG GCT GAA CGT CCT GCT AAT GAG GAA 



Printing out site pattern counts


         9        369  P

Scer                            AAA AAA AAA AAA AAA AAA AAA AAA AAC AAC AAC AAC AAC AAG AAG AAG AAG AAG AAG AAT AAT AAT AAT AAT AAT AAT ACC ACT ACT ACT ACT AGA AGA AGA AGA AGA AGA AGA AGA AGC AGG AGG AGG AGG AGG AGG AGT AGT AGT ATT CAA CAA CAA CAA CAA CAG CAG CAG CAT CAT CCA CCA CGA CGC CGC CGT CGT CGT CGT CGT CGT CTA CTA CTC CTC GAA GAA GAA GAA GAA GAA GAA GAA GAA GAC GAC GAG GAG GAG GAT GAT GAT GAT GAT GAT GAT GAT GAT GAT GCA GCG GCG GCT GCT GCT GGC GGG GTA GTG TAC TAC TAC TAC TAT TAT TCG TCT TCT TGG TTA TTG TTT TTT 
Sbay                            ... ... ... ... ..G ..G .G. G.. ... ... ... ... ..T ..A ..A ... ... ... ... ..C ..C ... ... ... ... ... ... .A. ..C ... .G. ... ... ... ... ... ... ..G ..G .AG ..A ..A ..A ..A ..A ... .A. ... ... ... ... ... ... ... ..G ..A ... .GC ..C GTC ... ..T A.. ... ..T ... ... ... ... ... ... ..G T.. ..G T.G A.. ... ... ... ... ... ... ..G ..G ..T ..T A.C ..A ..A ..C ..C ..C ..C ... ... ... ... ... ... ... ... ..T C.C ..C ... ..T ... ... ... ... ... ... ..T ..C ..C ... ..C ... ... ..G ... ..C ... 
Smik                            ... ... ... ... ... ... ... G.. ... ... ... ..T ... ..A ... ... ... ... .GC ..C C.A ..C ... ... ... ... ..T .A. ... .A. ... ... ... ... ... ... ... ... ... ... ..A ..A ..A ..A ... ... ... ... ... ... ... ... ... ..G ..G ..A ... ... ... ..C ... ... A.. ... ..T ... ... ... ... ... ... ..G A.T ..G ..G ..G ... ... ... ... ... ..T ... ... ... ..T ..A ..A ... ..C ... ... .T. ..C ..C ... ... ... ... ... ... ... ... ..C ... ... ... ..T ..A ... ... ..T ... ..C ... ..T GA. ... ... ... ... ..C ..C 
Spar                            ... ... ... ... ... ... ... G.. ... ... ... ... ... ... ... ..A ... ... .GC ... ... ... ... ... ... G.. ..T GA. ... ... ... ... ... ... ... ... ..G ... ..G ... ..A ... ... ... ... ... ... ... ... ... ... ... ... ... ..G ..A ... ... ... ... G.. ... A.. ... ... ... ... ... ... ... ... ..G ... ..G ..G ... ... ... ... ... ... ... ... ... ... ... ..A ... ..A ... ... ... ... ..C ... ..C ... ... ... ... ... ... ... ..C ... ... ... ..T ... ... ... ... ... ..C ..C ..T ... ... ... ... ... ..C ... 
Ncas                            ... ..G ..G G.T ... ... ... G.. ... ... ..T ..T ..A ... ... ..A ... ... ... ... ... ... ... G.. GT. .CA ..A ..A ..A ... ..A ... ... ... C.. C.T C.T ... ... .AG ..A .AA ..A ..A ..A ..A GC. ... GAA ... A.G ... ... ... ... ..A ..A .C. ... AT. ..T ... A.. ..T ..T AA. A.. .AC ... ... ... T.G G.G T.G T.A .CT C.. ... ... ..G .CC ..T ... ..G .GT ..T ..C ... ..A ... A.. ... ... ..A ... ... ..C ... ... CA. ..C C.T C.G ..C ... ..G CAA .CC .AA ... ..T ... ..T ... ... A.T AGC ..A ... ..G ..A .AC ... 
Cgla                            CGT ..G C.. G.C ..G CTG C.G G.. ... ... .C. ..T TTT ... ... ... ..A ... ... ... ..C ..C C.G ... ... .CC ..T ..C ..A T.. ..A .AG ... ... .AG ... C.. C.T ... .AG C.T ..A ..A ..A ..A ... CC. ... .CA ... ... ... ..G A.C ... ... G.. .CA ..C AT. ..G ... A.. ..T ..T A.A A.. ... A.G ... ... T.. G.C ... ..T ..G .TT ... ... ..G C.G ..T ... ..T ..A ..T ..C ..A ..A ... TC. ... A.C ..A ... ... ..C ..C ... AAT ..C AGA C.. .G. ... ..T ..C AA. ..T ... ... ... ... ..C ..C ..A .TC ... ... ... ..A ... ... 
Agos                            ..G CGG .G. .GC ... C.G ..G G.G ... ..T .CG ... TCA ... ... ... CG. ... TC. ... ... ..C .GC G.. GT. .CC ..G ..C ... GT. ... C.C ... C.G ... C.T C.T C.G C.G TCG C.C .AA ..A C.. ..A ..A TCG ..C GAG ... AGG ..G G.. ..G ..G ... ... .CC .CG ATC ..C ... ..T A.G ..A ..G A.. ..G ..G ..G ... T.G G.G ..T T.G .CT ... ... ..G ..G AC. ..G ..G ..G .TG ... CG. ..A ... ... .GG ..C ... ... ..C ..C ..C ... ..C TTG ..A C.. C.. ..C A.C ..T AAC ACC ... ..T ... ... ..T ..C ..C G.T ..C ..G ... C.G C.. ..G ..C 
Klac                            ..G .GG .G. ..G TCG ..G ..G G.. ... ... .C. ... C.T ... ... ..A ... ... G.T ... ... ..C TCC ..C .GA .CC ..T ..C ... GT. ..C ..G ... ..G ... C.T ... C.T C.T GAT C.T .AA ..A ..A .AA C.T .C. ... GAA ... ... ... G.. ... ... ..A ... GCA ... A.. ..T ..G A.G ..T A.G .AG GAA ... ... A.A ... T.G G.C T.G T.G ..T ... ... ... ... AC. ..G ... ..G .TT ..T CGT ..A ... ... ... ... ..C ... ..C ..C ... ... ... CAG ..T CAT ... ..C ... ..A AAT TCG ..T ... ... ... ..T ..C ..C GTC CAA ..A ... ... C.. ..C ..C 
Calb                            ... CG. ... ... ..G ... ... G.. ... G.T .CT GGT TTA ..A ..A ..A ..A ..A GCT ... ... ... C.. ... .GA GC. ..T G.. ..A ..A .AA .A. ... ... .A. C.. GA. C.T C.C GCT C.A .A. ..A ..A C.. C.T TCA ... CC. ... ... ACT ... A.T A.. ... GTT TTA TC. A.. G.T ... ..T A.A ..T A.A TC. ... A.A A.A ... ..T GC. T.. TAT ... C.. ..G ... ... AC. TT. ... ... .TG ..T CGT ... ..A ... ACA ... ... A.C ... ... ... ... ..A .A. ..C AAT C.. ... ... AA. AAA ACT ..T ... ..T ... ... ... C.. AGA AAC ..A G.T ... ... AG. ... 

    2    4    2    2    3    2    1    1    2    1    2    2    1    1    1
    2    1    4    1    2    1    3    2    1    1    3    3    1    1    1
    1    3    9    1    1    1    2    1    2    6    3    1    2    1    3
    2    2    1    2    2    1    2    1    1    2    1    1    2    1    3
    1    1    1    2    1    2    2    1    1    2    2    1    1    1    1
    3    1    1    1    1    2    1    3    2    2    2    1    2    1    2
    1    1    4    1    3    1    1    1    4    2    1    2    1    1    1
    1    1    3    3    1    2    2    1    1    1    2    1    2    1    2
    2    3    2

CODONML (in paml version 4.9j, February 2020)  temp.nuc
Model: One dN/dS ratio, 
Codon frequency model: Fequal
ns =   9  ls = 216

Codon usage in sequences
--------------------------------------------------------------------------------------------------------------------------------------
Phe TTT   5   2   0   2   2   6 | Ser TCT   3   2   4   5   0   4 | Tyr TAT   2   1   3   0   5   0 | Cys TGT   0   0   0   0   0   0
    TTC   0   3   5   3   0   1 |     TCC   0   1   0   0   0   0 |     TAC   6   7   5   8   6   8 |     TGC   0   0   0   0   0   0
Leu TTA   2   1   2   2   3   5 |     TCA   0   0   0   0   2   2 | *** TAA   0   0   0   0   0   0 | *** TGA   0   0   0   0   0   0
    TTG   2   5   2   2   4   0 |     TCG   2   2   0   0   0   0 |     TAG   0   0   0   0   0   0 | Trp TGG   1   1   1   1   1   1
--------------------------------------------------------------------------------------------------------------------------------------
Leu CTT   0   0   0   0   0   1 | Pro CCT   0   1   0   0   3   3 | His CAT   4   0   1   4   1   0 | Arg CGT  10  11  11  10  11  14
    CTC   2   0   0   0   0   1 |     CCC   0   1   0   0   0   0 |     CAC   0   1   3   0   1   1 |     CGC   3   4   2   3   0   0
    CTA   2   0   0   1   0   0 |     CCA   2   1   2   1   1   3 | Gln CAA   7   6   6   6  12   7 |     CGA   1   0   0   0   1   2
    CTG   0   2   3   3   0   2 |     CCG   0   0   0   0   3   1 |     CAG   4   3   6   5   0   7 |     CGG   0   0   0   0   0   0
--------------------------------------------------------------------------------------------------------------------------------------
Ile ATT   2   2   3   2   5   5 | Thr ACT   4   1   5   6   3   3 | Asn AAT  13  14  11  10  15   8 | Ser AGT   5   4   5   5   3   3
    ATC   0   0   0   0   0   0 |     ACC   3   4   0   0   0   6 |     AAC   8  11  11   8   3  12 |     AGC   6   0   7   7   1   0
    ATA   0   0   0   0   0   0 |     ACA   0   0   0   0   9   4 | Lys AAA  17  15  17  18  12   4 | Arg AGA  20  29  28  20  28  25
Met ATG   0   0   0   0   0   0 |     ACG   0   0   0   0   0   0 |     AAG  10  19   8   7  21  26 |     AGG  12   5   5  13   0   3
--------------------------------------------------------------------------------------------------------------------------------------
Val GTT   0   0   7   3   1   4 | Ala GCT   3   3   2   2   6   1 | Asp GAT  19  15  13  21  22  16 | Gly GGT   0   1   0   0   2   2
    GTC   0   3   0   0   0   1 |     GCC   0   1   1   1   7   1 |     GAC   4   8   8   6   2   5 |     GGC   1   0   1   1   0   1
    GTA   3   3   3   0   0   0 |     GCA   2   2   2   3   0   0 | Glu GAA  15  11  15  18  13  12 |     GGA   0   0   0   0   0   0
    GTG   3   3   0   3   1   0 |     GCG   3   1   3   3   0   0 |     GAG   4   5   4   2   5   5 |     GGG   1   1   1   1   1   0
--------------------------------------------------------------------------------------------------------------------------------------

--------------------------------------------------------------------------------------
Phe TTT   0   0   2 | Ser TCT   0   0   3 | Tyr TAT   2   1   4 | Cys TGT   0   0   0
    TTC   2   5   1 |     TCC   1   2   0 |     TAC   6   7   4 |     TGC   0   0   0
Leu TTA   0   2   6 |     TCA   1   2   4 | *** TAA   0   0   0 | *** TGA   0   0   0
    TTG   7   3   2 |     TCG  11   6   0 |     TAG   0   0   0 | Trp TGG   1   1   0
--------------------------------------------------------------------------------------
Leu CTT   1   0   1 | Pro CCT   1   1   3 | His CAT   0   4   3 | Arg CGT   6  16   9
    CTC   0   0   0 |     CCC   3   0   0 |     CAC   0   0   0 |     CGC   6   0   2
    CTA   0   0   0 |     CCA   1   0   1 | Gln CAA   0   8   3 |     CGA   1   0   8
    CTG   4   2   0 |     CCG   3   1   0 |     CAG   9   5   1 |     CGG  17   0   3
--------------------------------------------------------------------------------------
Ile ATT   2   2   2 | Thr ACT   2   6  10 | Asn AAT   4   7  13 | Ser AGT   2   1   4
    ATC   3   0   0 |     ACC   8   7   0 |     AAC   8   9   5 |     AGC   5   0   0
    ATA   0   0   0 |     ACA   2   2   5 | Lys AAA   4   6  26 | Arg AGA  19  20  23
Met ATG   0   0   0 |     ACG   5   0   0 |     AAG  11  14   4 |     AGG   3  10   0
--------------------------------------------------------------------------------------
Val GTT   2   6   4 | Ala GCT   5   3  14 | Asp GAT   9  23  16 | Gly GGT   1   0   3
    GTC   0   3   0 |     GCC   1   1   1 |     GAC  12   8   0 |     GGC   0   0   0
    GTA   0   0   0 |     GCA   1   2   1 | Glu GAA   5  15  20 |     GGA   0   1   0
    GTG   6   0   2 |     GCG   0   0   0 |     GAG  12   4   3 |     GGG   1   0   0
--------------------------------------------------------------------------------------

Codon position x base (3x4) table for each sequence.

#1: Scer           
position  1:    T:0.10648    C:0.16204    A:0.46296    G:0.26852
position  2:    T:0.09722    C:0.10185    A:0.52315    G:0.27778
position  3:    T:0.32407    C:0.15278    A:0.32870    G:0.19444
Average         T:0.17593    C:0.13889    A:0.43827    G:0.24691

#2: Sbay           
position  1:    T:0.11574    C:0.13889    A:0.48148    G:0.26389
position  2:    T:0.11111    C:0.09259    A:0.53704    G:0.25926
position  3:    T:0.26389    C:0.20370    A:0.31481    G:0.21759
Average         T:0.16358    C:0.14506    A:0.44444    G:0.24691

#3: Smik           
position  1:    T:0.10185    C:0.15741    A:0.46296    G:0.27778
position  2:    T:0.11574    C:0.08796    A:0.51389    G:0.28241
position  3:    T:0.30093    C:0.19907    A:0.34722    G:0.15278
Average         T:0.17284    C:0.14815    A:0.44136    G:0.23765

#4: Spar           
position  1:    T:0.10648    C:0.15278    A:0.44444    G:0.29630
position  2:    T:0.09722    C:0.09722    A:0.52315    G:0.28241
position  3:    T:0.32407    C:0.17130    A:0.31944    G:0.18519
Average         T:0.17593    C:0.14043    A:0.42901    G:0.25463

#5: Ncas           
position  1:    T:0.10648    C:0.15278    A:0.46296    G:0.27778
position  2:    T:0.07407    C:0.15741    A:0.54630    G:0.22222
position  3:    T:0.36574    C:0.09259    A:0.37500    G:0.16667
Average         T:0.18210    C:0.13426    A:0.46142    G:0.22222

#6: Cgla           
position  1:    T:0.12500    C:0.19444    A:0.45833    G:0.22222
position  2:    T:0.12037    C:0.12963    A:0.51389    G:0.23611
position  3:    T:0.32407    C:0.17130    A:0.29630    G:0.20833
Average         T:0.18981    C:0.16512    A:0.42284    G:0.22222

#7: Agos           
position  1:    T:0.14352    C:0.24074    A:0.36111    G:0.25463
position  2:    T:0.12500    C:0.20833    A:0.37963    G:0.28704
position  3:    T:0.17130    C:0.25463    A:0.15741    G:0.41667
Average         T:0.14660    C:0.23457    A:0.29938    G:0.31944

#8: Klac           
position  1:    T:0.13426    C:0.17130    A:0.38889    G:0.30556
position  2:    T:0.10648    C:0.15278    A:0.51389    G:0.22685
position  3:    T:0.32407    C:0.19444    A:0.26852    G:0.21296
Average         T:0.18827    C:0.17284    A:0.39043    G:0.24846

#9: Calb           
position  1:    T:0.12037    C:0.15741    A:0.42593    G:0.29630
position  2:    T:0.09259    C:0.19444    A:0.47222    G:0.24074
position  3:    T:0.42130    C:0.06019    A:0.44907    G:0.06944
Average         T:0.21142    C:0.13735    A:0.44907    G:0.20216

Sums of codon usage counts
------------------------------------------------------------------------------
Phe F TTT      19 | Ser S TCT      21 | Tyr Y TAT      18 | Cys C TGT       0
      TTC      20 |       TCC       4 |       TAC      57 |       TGC       0
Leu L TTA      23 |       TCA      11 | *** * TAA       0 | *** * TGA       0
      TTG      27 |       TCG      21 |       TAG       0 | Trp W TGG       8
------------------------------------------------------------------------------
Leu L CTT       3 | Pro P CCT      12 | His H CAT      17 | Arg R CGT      98
      CTC       3 |       CCC       4 |       CAC       6 |       CGC      20
      CTA       3 |       CCA      12 | Gln Q CAA      55 |       CGA      13
      CTG      16 |       CCG       8 |       CAG      40 |       CGG      20
------------------------------------------------------------------------------
Ile I ATT      25 | Thr T ACT      40 | Asn N AAT      95 | Ser S AGT      32
      ATC       3 |       ACC      28 |       AAC      75 |       AGC      26
      ATA       0 |       ACA      22 | Lys K AAA     119 | Arg R AGA     212
Met M ATG       0 |       ACG       5 |       AAG     120 |       AGG      51
------------------------------------------------------------------------------
Val V GTT      27 | Ala A GCT      39 | Asp D GAT     154 | Gly G GGT       9
      GTC       7 |       GCC      14 |       GAC      53 |       GGC       4
      GTA       9 |       GCA      13 | Glu E GAA     124 |       GGA       1
      GTG      18 |       GCG      10 |       GAG      44 |       GGG       6
------------------------------------------------------------------------------


Codon position x base (3x4) table, overall

position  1:    T:0.11780    C:0.16975    A:0.43879    G:0.27366
position  2:    T:0.10442    C:0.13580    A:0.50257    G:0.25720
position  3:    T:0.31327    C:0.16667    A:0.31739    G:0.20267
Average         T:0.17850    C:0.15741    A:0.41958    G:0.24451

Codon frequencies under model, for use in evolver (TTT TTC TTA TTG ... GGG):
  0.01639344  0.01639344  0.01639344  0.01639344
  0.01639344  0.01639344  0.01639344  0.01639344
  0.01639344  0.01639344  0.00000000  0.00000000
  0.01639344  0.01639344  0.00000000  0.01639344
  0.01639344  0.01639344  0.01639344  0.01639344
  0.01639344  0.01639344  0.01639344  0.01639344
  0.01639344  0.01639344  0.01639344  0.01639344
  0.01639344  0.01639344  0.01639344  0.01639344
  0.01639344  0.01639344  0.01639344  0.01639344
  0.01639344  0.01639344  0.01639344  0.01639344
  0.01639344  0.01639344  0.01639344  0.01639344
  0.01639344  0.01639344  0.01639344  0.01639344
  0.01639344  0.01639344  0.01639344  0.01639344
  0.01639344  0.01639344  0.01639344  0.01639344
  0.01639344  0.01639344  0.01639344  0.01639344
  0.01639344  0.01639344  0.01639344  0.01639344


TREE #  1:  (((((1, 4), (3, 2)), 5), 6), ((7, 8), 9));   MP score: 707
This is a rooted tree.  Please check!
lnL(ntime: 16  np: 18):  -4210.748295      +0.000000
  10..11   11..12   12..13   13..14   14..1    14..4    13..15   15..3    15..2    12..5    11..6    10..16   16..17   17..7    17..8    16..9  
 0.319968 0.144880 0.868040 0.054825 0.163530 0.095201 0.000004 0.270096 0.599035 0.685365 1.128805 0.290018 0.098011 1.205085 0.796104 2.020035 1.431475 0.113384

Note: Branch length is defined as number of nucleotide substitutions per codon (not per neucleotide site).

tree length =  8.739003

(((((1: 0.163530, 4: 0.095201): 0.054825, (3: 0.270096, 2: 0.599035): 0.000004): 0.868040, 5: 0.685365): 0.144880, 6: 1.128805): 0.319968, ((7: 1.205085, 8: 0.796104): 0.098011, 9: 2.020035): 0.290018);

(((((Scer: 0.163530, Spar: 0.095201): 0.054825, (Smik: 0.270096, Sbay: 0.599035): 0.000004): 0.868040, Ncas: 0.685365): 0.144880, Cgla: 1.128805): 0.319968, ((Agos: 1.205085, Klac: 0.796104): 0.098011, Calb: 2.020035): 0.290018);

Detailed output identifying parameters

kappa (ts/tv) =  1.43147

omega (dN/dS) =  0.11338

dN & dS for each branch

 branch          t       N       S   dN/dS      dN      dS  N*dN  S*dS

  10..11     0.320   475.2   172.8  0.1134  0.0346  0.3049  16.4  52.7
  11..12     0.145   475.2   172.8  0.1134  0.0157  0.1381   7.4  23.9
  12..13     0.868   475.2   172.8  0.1134  0.0938  0.8271  44.6 142.9
  13..14     0.055   475.2   172.8  0.1134  0.0059  0.0522   2.8   9.0
  14..1      0.164   475.2   172.8  0.1134  0.0177  0.1558   8.4  26.9
  14..4      0.095   475.2   172.8  0.1134  0.0103  0.0907   4.9  15.7
  13..15     0.000   475.2   172.8  0.1134  0.0000  0.0000   0.0   0.0
  15..3      0.270   475.2   172.8  0.1134  0.0292  0.2574  13.9  44.5
  15..2      0.599   475.2   172.8  0.1134  0.0647  0.5708  30.8  98.6
  12..5      0.685   475.2   172.8  0.1134  0.0740  0.6531  35.2 112.9
  11..6      1.129   475.2   172.8  0.1134  0.1220  1.0756  58.0 185.9
  10..16     0.290   475.2   172.8  0.1134  0.0313  0.2763  14.9  47.8
  16..17     0.098   475.2   172.8  0.1134  0.0106  0.0934   5.0  16.1
  17..7      1.205   475.2   172.8  0.1134  0.1302  1.1483  61.9 198.4
  17..8      0.796   475.2   172.8  0.1134  0.0860  0.7586  40.9 131.1
  16..9      2.020   475.2   172.8  0.1134  0.2182  1.9248 103.7 332.6

tree length for dN:       0.9442
tree length for dS:       8.3271


Time used:  0:09
