      9   1179

Scer                            ACG TGC CTT ACA CTT CCA ACA AAT AAG GAC AAT CAA CAA TGG TGG CCT AAT GAA GGG GAG TAC ACG TCT GCC GAT TTT AAT CCT GTG GTG AGA GAT GAA CTA ACG GGT AAT AAT TCC CCA TAT CGT AAT TAT GGT ACT GAA GAT AGA CAA AAG CGC TAT TTC GAA GTT ACT GAA AAT GTT TTC TTC ACA TTA GTT TCC TGG TTA TGG TCA AGA TCT ATA AGT ACA ACT TTT GGT GAA TCT CAA TGG GCC ATC TCC AGA GGT GAC AGG GGT AAC ACT ATT TCT ACT GTA ATC CAA ATC GTC AAA CAA ACT AGA TTT CAA AAG AGA TTA TGC GAT TCT TTG AAG CAA TCT TTC CCA CCA GGT ACC GTT CAG TCT TTT TAC GCC GAA TCT AAA AAT TTC GAC CGT GAC TCC GAT GTC GTG CGC AGA AGA ATC GAC CAG TTG CCA AAT TTG CCT AAT AAG AAT GAA ATT AAA CAG GAA CAA AAC ATG TTG ACC GAA TTG AGA GAT GAA CAT CAA AAG GGG CGT CAA TAT AGA AAC CAG GAC ATT TCT TCT TCT AAG GAT AAG AGG TTT TCT CAA GTT AGA ATG GGC GTG GCC TCT AGG CAT GGT GCC AGG ACC AGA GGA GAA TAC TCA ACT CCA TCT GGT AAA AAC TAT GAT CCA GAC AGG CGT AAT CCA TAT GAA ACC TTC GAA AGA GAC AAG ATT GAA AGA CCA TCT AAG TTC GTT TTA TCT GAA CCA GGT CCT CAA GAT ACT GAT TAT TAT TCT AGA TCC TCT TTG TAT GAT TTC AGT AAG TAT GTT ACT GAT GTT ATT ACC GAT ATA GAA CCT AAG CTT AGG AGA CAT ACG AAG ATC TGC ACT AAT TCT TCT GGC CCC TCC GAT GAC ACA CCA GGG GCC TCA GAA TTC TAT TTT CAT TGG AAT CAA TTC GGT TCT GCC TTA CAA ACT CTA TGG TCG GTT TGC GAG TTG GGC CGT ACC AAG AAA CCA GGT GGG TGG CAA AAC GAT GGA TTT AAA TCA GAC TTT TGG TTA GAC GGT CCT CAA TTA AAA TAC GTT ATC GAA AAA CAG TTC GGC AGA AAT ATG TAT AAT AAG TTA AAT GGT GAA TCT TTT AGG CCA CCT ATG ATC CAA GAT GAT GAT ACG AGT GGC TTG AGA AAG TTC TCT AAA TTG CAA ACG CTT ACC GTC CAA ACT TCT GAA AAA TCT CTT 
Sbay                            ACT TGT CTG ACC CTC CCA ACG AAT AAA AAT AAT GAA CAG TGG TAC CCT AAC GAA GGG GAA TAC ACC TCG GCT GAC TTC AAT CCT GTT GTG AGA GAT GAA TTA ACT GGT AAT AAC TCA CCA TAT CGT AAT TAC GGT ACT GAA GAT CGT CAA AAG CGT TAC TTC GAG GTT ACC GAG AAT GTG TTC TTT AGT CTT GTT TCT TGG CTA TGG TCA AGA TCT ATA AGC ACA ACC TTC GGT GAA TCA CCT TAC GCA ATC TCC AGA GGT GAT CGT GGT AAC ACC GTT TCT ACC ATA ATC CAA ATC GTA AAG CAA ACT AGA TTC CAA AAG AGA CTG TGT GAT TCT CTA AAG GAA TCA TTC CCA GCA GGG ACT GTG CAA TCT TTT TAC GCA GAA TCT AAA AAT TTT GAT CGT GAT TCC GAC GTC GTT CGT AGA AGA ATT GAC CAA CTA CCA AAT TTG CCC AAT AAA AAT GAA ATT AAA CAG GAA CAA AAC ATG TTA ACC GAA TTA AGA GAC GAA CAC CAA AAG GGG CGT CAA TAC AGA AAC CAA GAC ATC TCT TCT TCT AAG GAC AAG AGA TTC TCA CAA GTT AGA ATG GGA GTT GCT TCG AGA CAT GGT GCA AGG ACC AGA GGG GAG TAC TCA ACC CCA TCT GGT AAA AAC TAT GAT CCA AAT AGG CGT AAT CCA TAT GAA ACA TTT GAG AGA GAT AAA ATT GAA AGA CCT TCT AAG TTT GTG CTA TCT GAA CCA GGT CCT CAA GAC ACT GAC TAT TAT TCT GAA TCC TCG TTG TAC GAT TTC AGT AAG TAC GTT ACA GAT GTT ATA ACC GAT ATA GAA CCT AAG CTG AGA CGT CAC ACT AAA ATT TGT ACC AAT TCT TCC GGC CCC TCT GAT GAT ACA ACC GGG GCT TCA GAA TTT TAC TTC CAC TGG AAT CAA TTC GGT TCT GCA CTT CCT ACC CTG TGG TCA GTT TGT GAA CTT GGC CGT ACA AAA AAA CCA GGT GGT TGG CAG AAC GAT GGG TTC AAA TCA GAC TTC TGG TTA GAT GGT CCT CAA TTG AAG TAC GTT ATT GAG AGA CAA TTC GGT AGA AAT ATG TAC AAT AAA CTA AAC GGT GAA TCT TTT CGT CCA CCT ATG ATC CAA GAT GAC GAC ACA AGT GGC TTG AGA AAA TTC TCG AAA TTG CAA ACA CTC ACC GTA CAA ACC TCG GAA AAA TCG CTG 
Smik                            ACT TGT CTG ACC CTC CCG ACA AAT AAA AAT AAT CAG CAA TGG TAT CCA AAT GAA GGC GAA TAT ACC TCC GCG GAT TTC AAT CCA GTT GTG AGA GAT GAA CTA ACT GGT AAC AAT TCA CCA TAT CGT AAT TAT GGT ACT GAA GAT AGA CAA AAG CGT TAT TTC GAG GTT ACT GAG AAT ATT TTC TTC AGT CTT GTT TCT TGG TTA TGG TCA AGA TCT ATA AGC ACA ACT TTC GGT GAA TCC CCA TAT GCA ATC TCC AGA GGT GAT AGA GGT AAT ACT GTT TCT ACC GTA ATT CAA ATT GTC AAA CAA ACC AGA TTC CAA AAG AGA TTA TGT GAC TCT CTA AAA CAG TCC TTC CCA TCG GGC ACA GTA CAG TCC TTT TAC GCA GAG TCT AAA AAT TTT GAT CGT GAT TCC GAT GTC GTA CGT AGA AGA ATT GAC CAG CTA CCG AAC TTG CCC AAC AAA AAT GAA ATC AAA CAG GAA CAA AAC ATG TTG ACC GAA TTG AGA GAT GAA CAC CAG AAG GGC CGT CAA TAC AGA AAC CAG GAC ATT TCC TCT TCT AAG GAC AAG AGA TTC TCC CAA GTT AGA ATG GGC GTT GCA TCA AGG CAT GGT GCA AGG ACC AGA GGA GAG TAT TCA ACC CCA TCT GGT AAG AAC TAT GAC CCA AAT AGA CGT AAT CCG TAT GAA ACC TTT GAG AGG GAT AAA ATT GAA AGA CCA TCT AAG TTT ATT TTA TCT GAG CCA GGT CCT CAA GAT ACC GAC TAT TAT TCT CAG TCC TCG TTG TAT GAT TTC AGT AAG TAT GTT ACT GAT GTT ATA ACC GAT ATA GAA CCT AAG CTG AGG AGA CAT ACT AAA ATT TGT ACT AAT TCT TCT GGT CCC TCC GAT GAT ACT ACC GGC GCG TCA GAA TTT TAT TTC CAC TGG AAT CAG TTC GGT TCT GCA CTT CCA ACC CTG TGG TCG GTA TGT GAA CTT GGT CGT ACC AAA AAA CCA GGT GGT TGG CAA AAC GAT GGA TTT AAA TCA GAC TTT TGG TTG GAT GGT CCA CAA TTG AAA TAC GTT ATT GAG AAA CAG TTC GGA AGA AAT ATG TAT AAT AAA TTA AAT GGT GAA TCC TTT AGA CCA CCT ATG ATT CAA GAT GAT GAT ACT AGT GGT TTG AGG AAA TTC TCC AAA TTG CAA ACT CTC ACC GTC CAG ACC TCG GAA AAA TCC CTG 
Spar                            ACG TGT CTG ACC CTC CCA ACA AAT AAG AAT AAT CAA CAA TGG TAT CCG AAT GAG GGT GAA TAC ACA TCT GCC GAT TTC AAT CCG GTT GTG AGA GAC GAA CTA ACG GGT AAT AAT TCG CCA TAT CGT AAT TAC GGT ACT GAA GAT AGG CAA AAG CGT TAT TTC GAA GTT ACT GAA AAT ATT TTC TTC AGT CTT GTT TCT TGG TTA TGG TCG AGA TCT ATA AGT ACA ACT TTC GGT GAA TCT CCG TAT GCA ATC TCC AGA GGT GAC AGG GGT AAC ACT GTT TCT ACT GTA ATC CAA ATC GTC AAA CAA ACT AGA TTT CAA AAG AGA TTG TGT GAC TCT TTA AAG CAA TCT TTC CCA TCA GGT ACA GTT CAG TCT TTT TAC GCA GAA TCT AAA AAT TTT GAT CGT GAT TCC GAT GTC GTA CGT AGA AGA ATT GAT CAG TTA CCA AAT TTG CCT AAT AAG AAT GAA ATC AAA CAG GAA CAA AAC ATG TTG ACC GAA TTG AGA GAT GAA CAT CAG AAG GGT CGT CAA TAC AGA AAC CAG GAC ATT TCC TCT TCT AAG GAC AAG AGA TTT TCT CAA GTT AGA ATG GGC GTT GCT TCA AGG CAT GGT GCA AGG ACC AGA GGA GAA TAC TCA ACC CCA TCT GGT AAG AAC TAT GAC CCA AAT AGG CGT AAC CCA TAT GAA ACC TTT GAA AGA GAT AAA ATT GAA AGA CCA TCT AAG TTT ATT TTA TCT GAA CCA GGT CCT CAA GAC ACT GAC TAT TAT TCT CAA TCC TCA TTG TAT GAT TTC AGT AAG TAT GTT ACT GAT GTT ATA ACC GAT ATA GAA CCT AAG CTG AGG AGG CAT ACG AAA ATC TGT ACT AAT TCT TCT GGC CCC TCC GAT GAT ACA ACA GGT GCC TCA GAA TTT TAC TTT CAT TGG AAT CAA TTC GGT TCT GCA CTT CCG ACC CTG TGG TCA GTT TGT GAA CTT GGC CGT ACC AAG AAA CCA GGT GGT TGG CAA AAC GAT GGA TTT AAA TCA GAC TTT TGG TTG GAT GGT CCG CAA TTA AAA TAC GTT ATC GAA AAG CAG TTC GGC AGA AAT ATG TAC AAT AAA TTA AAT GGT GAA TCT TTT AGG CCA CCT ATG ATC CAA GAT GAC GAC ACA AGT GGC TTG AGA AAG TTC TCT AAA TTG CAA ACA CTC ACC GTC CAG ACC TCA GAA AAA TCT CTG 
Ncas                            ACT TGT TTA ACT TTG CCT ACA AAT AAA AAC AAT AGA CAG TGG TGG GAT AAT GAA GGT GAA GTG CCA TCT GTG GAT TTC AAT GAT GTA GTT AGA GAT GAA TTG ACT GGT AAT AAT TCT CCA TAT CGT AAT TAT GGT ACT GAG GAT AGG CAA AAG AGA TAT TAC GAA GTT ACG GAA AAT GTT TTC TTT ACT TTG GTT TCA TGG TTA TGG TCC AGA TCT ATT GCC ACT ACG TTC GGT GAA TCC GAT TGG GCA ATT TCC AGA GGT GAT AGG GGT AAA ACT ATT ACA ACT GTA ATT CAA ATT GTT AAG CAA CCA AGA TTT CAA AAA AGA CTT TGT GAT TCT TTA AAG AGA TCC TTC CCA GAA GGT ACA GTA CAA TCA TTC TAT GCA GAA TCT AAA AAT TTT GAT CGT GAT TCC GAT GTG GTG AGA ACC AGG ATC GAT CAA TTA CCT AAT CTG CCA AAT AAG AAT GAG ATC AAG CAA GAA CAA AAC ATG TTA ACT GAA TTA AGA GAT GAA CAT CAA AAG GGT AGG CAA TAT AGA AAC CAA GAC GTA TCG TCC ACA AAG GAT CAA AGA TTT TCC CAA GTT AGA ATG GGA GTA GCA TCA AGA CAT GGT GCA AGA ACT AGA GGT GAA TAC ACG ACA CCA TCC GGT AAA AAC TAT GAT CCA AAC AGA CGT AAT CCT TAC GAA ACC TTT GAA AGA GAT AAG ATT GAA AGA CCT ACA AAG TTT GTT TTA ACA GAA CCA GGT CCT CAA GAT CCA GAT TAT TAT TCT AGA TCC TCA ATG TAT GAT TTC ACT AAG TGG ATT GCC GAC GTT ATT ACT GAT ATT GAA CCG AAG TTA AGA AGG CAT ACT AAG ATC TGT CAA AAT TCT TCT GGA CCA TCT GAT GAT ACT CCA GGT GTG ACG GAA TTT TAT TTT CAT TGG AAT CAA TAC GGT TCT GCA TTG GAT ACT TTA TGG TCA GTA TGT GAA TTG GGA AGG ACC AAG AAG CCA GGT GGT TGG AAG AAT GAT GGT TTC AAG ACG GAT TTC TGG TTA GAT GGT GAT CAA TTA AAA TAT ATT ATC GAA AAG CAA TTC GGT ACC AAT ATG TAT AAT AAG TTA AAT GGT GAA TCA TTT AGG CCA CCT ATG ATT CAA GAT GAT GAT ACT AGT GGA CTA AGA AAG TTC TCT AAG CTA CAA ACT TTG ACT GTT CAA ACT TCA GAA AAA TCT TTA 
Cgla                            ACT TGT TTA ACA TTG CCA ACC AAC AGT AAC AAC AGG CAA TGG TGG GAA AAC GAG GGT GAA TAT CCA TCC AAG GAC TTC AAC GAA GTA GTT AGA GAT GAA CTA ACT GGA AAT AAT TCA CCA TAT CGT AAC TAT GGG ACA GAA GAT AGA CAA AAG CGT TAC TAC GAG GTC ACT GAA AAC GTC TTC TTC ACT TTG GTC TCA TGG TTA TGG TCT AGA CCT ATC GCA ACT ACT TTT GGT GAA TCA GAA TGG GCC GTC TCT AGA GGA GAT AGA GGG AAA ACC ATC AAC ACC GTG ATT CAA ATC GTG AAA CAA ACC AGA TTC CAA AAG AGA CTT TGT GAC TCC TTA AAG AGG TCA TTC CCA GAT GGT ACT GTG CAA TCT TTC TAC GCC GAA ACT AAG AAC TTC GAT CGT GAT TCT GAC GTT ATT CGT ACC AGA ATT GAT CAA TTA CCA AAT TTG CCA AAT AAG AAC GAA ATT AAA CAA GAA CAA AAC ATG CTA ACC GAG CTA AGA GAC GAA CAC CAA AAG GGT AGA CAA TAC AGA AAC CAA GAT ATA TCC TCA AAC AAG GAC AAA AGA TTC TCA CAA GTT AGA ATG GGG GTA GCA TCT CGG CAT GGT GCC AGA ACC AGA GGT GAA TAT ACA ACA CCA TCA GGT AAA AAT TAT GAC CCA AAC CGT CGT AAC CCA TAT GAA ACC TTT GAA CGT GAT AAA ATT GAA AGA CCA AAC AAG TTT GTC TTA AAC GAA CCA GGT CCG CAA GAT ACC GAC TAT TAT TCC AGG TCT TCA ATG TAC GAT TTC ACT AAA TGG ATC TCA GAC GTC ATC GCA GAT ATC GAA CCT AAG TTA CGT AGA CAT ACT AAA ATC TGT CAA AAC ACT TCC GGC CCC TCT GAT GAT ACC CCA GGT AAG ACA GAA TAT TAT TTC CAC TGG AAC CAA TAC GGA CCT GCC TTG GAA ACA CTG TGG TCC GTG TGT GAA TTG GGC AGA ACC AAG AAA CCA GGA GGA TGG AAG ACC GAT GGT TTC AAA ACA GAC TTC TGG CTA GAT GGA GAA CAA TTA AAA TAC ATC ATC GAA AAA CAA TTC GGT ACC AAC ATG TAT AAC AAA TTA AAT GGA GAA TCT TTC AGA CCA CCG ATG ATT CAA GAT GAT GAT ACC AGT GGC TTG CGT AAG TTC TCC AAA TTG CAG ACC TTG ACC GTG CAA ACA TCA GAA AAG TCC TTA 
Agos                            ACC TGC TTG ACC CTG CCT ACA AAC AAA AAT AAC AAG CAA TGG TAC CCG AAC GAG GGT GAG GTC ACA TCA TCA GAT TTC AAC CCG GTG GTC AGA GAC GAG CTG ACC GGC AAC AAC TCC CCT TAC CGG AGG TAC GGC ACC GAA GAC CGG CAG AAG AGG TAC TAC GAG GTG ACG GAG AAC GTG TTC TTC AGC CTT GTG TCC TGG CTG TGG TCC AGA TCC ATC AGC ACG ACG TTC GGT GAG AGC CCG TAC GCC ATG TCT CGC GGC GAC CGG GGC CGG GTG GTC TCG ACC GTT ATC CAG ATC GTT AAA AAG ACG AGA TTT CAG AAA AGG CTA TGT GAC TCC CTG AAG AAG AGC TTC CCT GGC GGT ACG GTG CAG TCG TTC TAC GCC GAA TCC AAG AGG TTT GAC CGT GAC TCT GAC GTC GTG AGG ACC CGG ATC GAC CAA CTG CCT AAC CTT CCG AAC AAA AGG GAA ATT AAG AAG GAG CAA ATG ATG CTC ACT GAG CTC CGG GAT GAG CAC CAA AAG GGT CGG CAG TAC AGA ATG CAA GAC GTG TCG TCC TCG AAG GAT GGG CGA TTC AGC CAG GTT AGA ATG GGC GTG GCA TCG CGC CAC GGC GCC CGC ACT AGA GGG GAG CAT ACG ACT CCC TCC GGC AAG AAC TAC GAC CCC AAT AAG CGG AAT CCT TAT GAG ACG TTT GAG CGG GAC AAG ATA GAG AGA CCT TCG AAG TTT GTG CTG TCG GAA CCA GGC CCT CAA GAC ACG GAC TAC TAC TCC AAG TCT TCG TTG TAC GAC TTC AGC CGA TAC GTC GCG GAT GTG ATC ACG GAC ATC CAG CCT AAG TTG CGC CGG CAC ACC AAG ATT TGT AAG AAC TCC TCC GGG CCG TCT GAT GAC ACG ACA GGT TCA ACG GAG TAT TAC TTT CAC TGG AAC CAG TAC GGC TCC GCC CTT CCG ACC CTG TGG TCG GTG TGC GAG CTG GGG CGG ACG AAG AAG CCT GGC AGC TGG AGA ACG GAC GGG TTC CGG ACG GAC TTC TGG CTC GAC GGC CCG CAG CTG AAG TAC GTC ATT GAG AAG CAG TTC GGC ACC AAC ATG TAC AAC AAG CTG AAC GGC GAG TCG TTT CGG CCC CCT ATG ATC CAA GAT GAC GAC ACG AGC GGG CTA CGG AAG TTC TCA CGG CTA CAG ACG CTG ACT GTT CAA ACC TCG CAG AAG TCA TTG 
Klac                            ACA TGT TTA ACA TTG CCT ACA AAC AAA AAC AAT CAA CAG TGG TAC CCT AAC GAG GGA GAA GTT ACA TCA GCT GAT TTC AAT CCT GTC GTC AGA GAC GAA TTA ACA GGT AAC AAT TCT CCA TAC CGT AAA TAT GGT ACA GAA GAT AGG CAA AAA CGG TAT TAC GAA GTT ACT GAG AAT ATC TTC TTT AGT TTG GTT GCT TGG CTC TGG TCT CGT TCC ATC AGC ACC ACT TTC GGT GAA TCG CCT TAC GGC ATC TCC CGT GGT GAT AGG GGT AGA ACA GTA TCC ACT GTA ATC CAA ATC GTG AAG AAC ACA AGA TTC CAA AAG AGA CTT TGT GAT TCT TTA AAA CAA TCG TTC CCA GAG GGA ACT GTT CAA TCA TTC TAT GGC GAA ACT AAA AAA TTC GAT CGT GAT TCC GAT GTC GTA CGG AGA AGA ATC GAC CAG TTA CCT AAC ATT CCT AAC AAA AAA GAA GTT AAG CAA GAA CAA ATG ATG CTA ACC GAG CTA AGA GAT GAA CAT CAA AAG GGA AGA CAA TAT AGA ATG CAG GAC GTA TCG TCT TCC AAG GAT CAA AGA TTT TCG CAA GTT AGA ATG GGT GTC GCA TCA AGG CAT GGT GGC CGT ACC AGA GGT GAG TAC ACC ACA CCG TCT GGT AAA AAC TAC GAT CCG AAC AAA CGT AAT CCT TAC GAA ACA TTT GAG AGG GAT AAG TTC GAA AGA CCT TCC ACA TTT ATC CTC TCC GAA CCA GGT CCA CAA GAT ACA GAC TAC TAC TCT CAA TCC TCT TTG TAT GAT TTC AGT AAA TAC GTA ACA GAT GTT ATC ACA GAT ATC GAA CCT AAA TTA CGT AGG CAT ACA AAG ATC TGT GAA AAT ACT TCA GGT CCA TCC GAT GAT ACA ACA GGA GCT ACC GAA TAT TAT TTC CAT TGG AAT CAG TAC GGT TCC GGC TTG CCT ACA CTA TGG TCG GTT TGT GAA TTA GGT AGA ACA AAG AAG CAA GGT CCA TGG AAA ACC GAT GGT TTC AAT ACC GAT TTC TGG CTA GAT GGT CCT CAA TTA AAA TAT GTA ATC GAG AAA CAA TTC GAT AGA AAC ATT TAT AAT AAG CTC AAT GGT GAA TCA TTC AGG CCG CCA ATT ATC CAA GAC GAT GAT ACA AGC GGT TTG AGG AAG TTC TCA AAT TTG CAA ACA TTG ACC GTG CAA ACA TCT GAA AAA TCA TTA 
Calb                            ACA TGT CTT ACA CTT CCA TCT AAT AAA GAT AAT CAA CAG TGG TAT CAA AAT GAA GGG GAA GTG CCA TCG TCT GAT TTA AAT CAA ATT GTC AGA GAT GAA TTA ACA GGA GCA AAT AGT CCA TAT AGA AAA TAC GGA ACT GAG GAT AGA CAA AAA AGA TAT TAC GAG GTT ACA GAA AAT ATT TTC TTT ACT TTG GTT AAC TGG TTA TGG TCA AGA AGC ATT GCA ACG ACA TTC GGT GAA TCC CAA TAT GCA ATC TCC AGA GGA GAT AGA GGA AGA AAT GTG ACT ACT GTC ATT CAA ATC GTT AAA AAC ACT CAA TTT CAA AAA AGG TGT TGC GAT TCA TTA AAA CAA TCC TTC CCA CCG GGG ACA GTT CAA AGT TTT TAT GCA GAA AGT AAA AAA TTT GAT AGA GAT TCC GAT GTG TTG AGA AGA CGA ATA GAT CAG TTA CCA GCA TTC CCA GCA AAA AAA GAG ATA AAA TCT GAA CAA ATG ATG TTA ACC CAG TTA AGA GAT GAA CAT CAA AAA GGG AGA CAA TAC AGA ATG CAG GAT GTT AGT TCA ACT AAA GAT CAA AGA TTT TCC CAA GTG AGA ATG GCA ATT GCC TCT AGA CAT GGT GCA AGA ACC CAA GGC GAA TAT ACC ACA CCT TCA GGT AAA AAT TAT GAT CCT GAT AGA AGA AAT CCA TAT GAA GCC TTC GAA AGA GAT AAA ATT GAA CAA CCA ACT AAG TTC ATT TTA ACT GAA CCG GGT CCT CAA GAT ACT GAT TAT TAT TCA CAA TCC TCC ATG TAT GAT TTC ACT AAA TAT GTG ACA GAT GTT ATT GCA GAT ATT GAA CCT AAA CTT AGA AGA CAT ACA AAA ATT TGC AAC AAT AGT TCC GGA CCA TCT GAC GAT ACT CCA GGG TCT ACC GAA TAT TAC TTT CAT TGG AAT CAA TAC GGA AGC GCA TTG CAA ACA TTG TGG TCT GTT TGT GAA TTG GGA AGA GCC AAA AAA CCA GGA CCA TGG CAA ACT GAT GGC TTT AAA ACC GAC TTT TGG TTA GAT GGA CAA CAA TTA AAA TAT GTG ATT GAA CAA CAA TTC GGC AGA AAT ATG TAC AAT AAA TTA AAT GGA GAA AGT TTT AGA CCT CCT ATG ATT CAA GAT GAT GAT ACT AGT GGA TTG AGA AAA TTC TCG AAA TTG CAA ACT CTT ACC GTT CAA ACA TCC GAA AAA TCG CTT 



Printing out site pattern counts


         9        684  P

Scer                            AAA AAA AAA AAA AAA AAA AAA AAC AAC AAC AAC AAG AAG AAG AAG AAG AAG AAG AAG AAG AAG AAG AAT AAT AAT AAT AAT AAT AAT ACA ACA ACA ACA ACA ACC ACC ACC ACC ACG ACG ACG ACT ACT ACT ACT ACT ACT ACT ACT ACT AGA AGA AGA AGA AGA AGA AGA AGA AGA AGA AGA AGG AGG AGG AGG AGG AGG AGT AGT AGT ATA ATC ATC ATC ATC ATC ATG ATG ATT ATT ATT ATT ATT CAA CAA CAA CAA CAA CAA CAA CAA CAA CAA CAG CAG CAG CAT CAT CAT CCA CCA CCA CCA CCA CCA CCA CCA CCC CCT CCT CCT CCT CGC CGT CGT CGT CTA CTA CTT CTT GAA GAA GAA GAA GAA GAA GAA GAA GAC GAC GAC GAC GAC GAC GAG GAT GAT GAT GAT GAT GAT GAT GAT GAT GAT GAT GCC GCC GCC GGA GGC GGC GGC GGG GGG GGT GGT GGT GGT GGT GTA GTC GTC GTG GTG GTG GTT GTT GTT GTT GTT GTT TAC TAC TAC TAT TAT TAT TAT TAT TAT TCA TCA TCC TCC TCC TCC TCG TCT TCT TCT TCT TCT TCT TCT TCT TCT TCT TCT TCT TGC TGC TGG TGG TTA TTA TTA TTA TTA TTC TTC TTC TTC TTC TTC TTG TTG TTG TTG TTG TTG TTT TTT TTT TTT TTT TTT TTT 
Sbay                            ... ... ... ... ..G ..G .G. ... ... ... ... ..A ..A ..A ..A ... ... ... ... ... ... ... ..C ..C ... ... ... ... ... ... ... ..C ..G .GT ..A ... ... ..T ..A ..C ..T ..A ..C ..C ..C ..C ..C ..C ... ... ... ... ... ... ... ... ... ... ... C.T GA. ..A ..A ..A ... ... C.T ..C ... ... ... ... ... ... ..T ..T ... ... ..A ..C ... ... G.. ... ... ... ... ... ... ..G ..G .CT G.. ..A ..A ... ..C ..C ... A.C ... ... ... ... ... ..T G.. ... ..C ... ... ... ..T ... ... ... ..G T.. ..C ..G ... ... ... ... ... ... ..G ..G A.T ... ... ... ..T ..T ..A ..C ..C ..C ..C ..C ... ... ... ... ... ... ..A ..T ..T ..G ..A ... ..T ... ..T ..G ... ... ... ... A.. ..A ... ... ..T ..T ..G ..G ... ... ... ... ... ... ... ..C ..C ..C ..C ... ... ... ... ..A ... ..T ..T ..A ..A ..C ..G ..G ..G ... ... ... ... ... ... ... ..T ..T .AC ... C.. C.G C.T ... ..G ... ... ..T ..T ..T ..T C.A C.T ..A ... ... ... ..C ..C ..C ..C ..C ... ... 
Smik                            ... ... ... ..G ... ... ... ... ... ... ..T ..A ..A ..A ..A ..A ... ... ... ... ... ... ... ... ..C ... ... ... ... ... ..T ..C ... .GT ... ... ... ..A ..T ..C ..T ... ..C ..C ..C ... ... ... ..C ... ... ... ... ... ... ... ... ... ..G ... CAG ..A ... ... ..A ... ..A ..C ... ... ... ... ..T ..T ..T ..T ... ... ..A ... ..C ... G.. ... ... ... ... ..G ..G ... ... .C. ..G ... ... ... ..C ... ... A.C ... ... ... ... ..G ... T.G ... ..C ..A ... ... ..T ... ... ... ..G ... ..C ..G ... ... ... ... ... ..G ..G ..G A.T ... ... ... ..T ..T ..A ..C ..C ... ... ... ..C ... ... ... ... ... ..A ..A ..G ... ... ..T ..A ..C ..T ..C ... ... ... ... ... ... ... ... ..A ..T A.. ..A ..A ... ... ... ... ..T ..T ..C ... ... ... ... ... ... ... ..A ... ... ..T ... ..C ... ..A ..C ..G ..C ..C ... ... ... ... ... ..T ..T .AT ... ... ... C.T ..G ..G ... ... ... ..T ..T ..T C.A C.T ... ... ... ... ..C ..C ..C ..C ... ... ... 
Spar                            ... ... ... ..G ... ... ..G ... ... ... ... ..A ... ... ... ... ... ... ... ... ... ... ... ... ... ..C ... ... ... ... ... ..C ... .GT ... ... ... ..A ..A ..A ... ... ..C ..C ... ... ... ... ... ... ... ... ... ... ... ... ... ... ... ..G CA. ..A ... ... ... ... ... ... ... ... ... ... ... ... ... ..T ... ... ..A ... ..C ... G.. ... ... ... ... ... ..G ... ... .CG ... ... ... ... ... ... ... A.. ... ... ... ... ... ... T.. ... ... ..G ... ... ..T ... ... ... ..G ... ..C ..G ... ... ... ... ..G ... ... ... A.T ... ... ..T ... ..T ..A ..C ..C ..C ... ... ..C ..C ... ... ... ... ..A ..T ... ... ... ... ... ..T ..T ... ... ... ... ... ... ... ... ... ..A ..T A.. ... ... ... ... ... ... ... ... ..C ..C ... ... ... ... ... ..G ..G ... ... ..T ..A ... ... ..A ... ..A ..C ... ... ... ... ... ... ..T ..T .AT ... ... ..G C.T ..G ... ... ... ... ..T ..T ..T ..A C.T ... ... ... ... ..C ..C ... ... ... ... ... 
Ncas                            ... ..G ..G ... ... ..G ..G ... ... ..T ..A ... ..A ... ... ... ..A ... ... ... ... C.A ... ... ... ... ... ... ... ..T ..T ..T ... ..T ... ..T ..T ..A ..T C.A ..T G.C ..A ... ... ..G ... CAA C.A ... .CC ... ... ... ... ... ... ..G ... ..G ... ..A ..A ..A ..A ..A ... GCC .C. ... ..T ..T ..T ..T ... ... ... ... ... G.A ..C ... ... ... ... ... ... ... ... A.G ..G G.T AG. ..A ..A ..A ... ... ... ... ... ... ... ... ..T ..T GA. ..A ..A GA. ..G ... A.A A.G ... ... T.. T.G T.G T.A ... ... ... ..G ... ... ... ... A.. ... ..T ..T ..T ..T ..A ... ... ... ... ... ... ... ..C ... ... ... ..A ..A .TG ..T ..A ..A ..T ..T ..T ... ... ... ... ... ... ..T ..G ..T ... ..A ... ..A ..A A.. ... ... ..T GTG ... ... ... ... .GG ..C ... A.G ..C ..T ... ..T ..A ..A ..C ... ..A ... ..A ..G ..A A.A ..C ... ... ... ..T ..T ... ... ... C.T ..G ... ... .A. ... ..T ..T ..T ..T ..A ... ..A A.. C.A C.. ..C ..C ... ... ..C ..C ... 
Cgla                            ..G ... ... ... ... ... ... ... ..T .C. ..A ..A .GT ... ... ... ... ..A ... ... ... ..A ..C ... ... ..C ..C ..C ..C ..T ..C ... ..C ..T ... ... G.A ..T ..C C.A ..T T.A ..A ..A ..C ... ..C CAA ..C ..A .CC ... ... ... ... ... ... ... C.T ... ..G ..A C.. C.T C.T ..A ..A GCA .C. ... ..C G.. ... ..T ... ..T ... ... ..C ..A ... ... ..C ... ... ... ..G ... ... A.G ... G.. AGG ..A ..A ..A ..C ... ... ... ... ... ... ... ... ... GAT ... ..A GAA ... ..G ..T A.A ... ... ..G ... T.G T.A ... ... ..G ... ..G ... ... ..G A.. ..T ... ..T ..T ..T ..A ..C ..C ... ..C ..C ..C ... ..C ... ... ... ... ..A AAG ..T ..G ... ..T ..T ..A ... ..A ..G ... ... ..G ..G ..T ..T A.T ..A ..C ..G ..G A.C ..C ... ... ..T ..T ..C ... ..C .GG ... ... A.. ..T ..A ..T ..T ..A ..C ..A ..C ... ..C ..A ..C ... AAC ..A A.. C.. ..C ..T ..T ... ... ... C.T ..G C.. ... .A. ... ... .AT ... ..T ..A ... C.A A.. ... ... ..C ... ..C ..C ..C ..C ..C 
Agos                            ..G ..G CGG ..G ..G ... ..G .TG ... .CG CGG ... ..A ..A ... ... ..A CGA ... ... ... GG. ..C ..C ..C ... ..C ..C .GG ..G ..G ..C ... .GC ..G ..T ..G ..G ... ..A ..C G.G ... ..C ..C ..G GTG .AG ..G ..C .CC ... ... ... ..G C.C C.G C.G C.G C.G .AG C.A C.C C.C .A. C.C C.. ..C ..C ..C ..C ..G ... ... ..T ... ... ... ..C G.G ... ..A G.C A.G ... ..G ..G ..G ... AG. ... .CG A.G ..A ... A.. ..C ..C ..C A.. ... ..C ..T ..T ..T ..T GGC ..G ..G ..G ... ... A.G ..G ..G ... ..G ..G ..G T.G C.G ..G ..G ... ..G ... ..G ..G A.T ... ... ... ... ... ... ..C ... ..C ..C ... ..C ..C ... ..C ... ... ... ..A T.A ..G ... ..G ... ..T A.C ... ..C ..C ..C ... ..T ..T ... ..C ... ... ..G ..G ..G ..C ..G ... ... GT. C.T ..C ..C ..C ..C ... ..C A.G ..C ... ..T ..T ... ... AGC ..C ..G ..A ..G ..G ..G ..G ..C ..C ..C ..C ... ..T .AC ... C.G C.. C.T C.C C.G .A. ... ... .AT ..T ..T C.. C.. C.C ... C.A C.T ..C ..C ..C ... ..C ..C ... 
Klac                            ... ..G ..T ... ... ..G ... .TG ... .C. .GA ... ..A ..A ... ..A ... ..A ..A ... .CA C.A ..C ... ..C ... ..C ... ..A ..C ... ... ... .GT ..A ... ..A ..T ..A ..A ..A ..A ..A ..A ... ... ..A GAA ..A ..A ... ... ... C.T ... C.T ... ... ..G ..G CA. ..A ... C.T .AA C.T ... ..C ... ..C ..C ... ... ... ... ... ... ..T ..C G.A G.. T.C G.A A.C ... ... ... ..G ... A.. ..G .CT ... ... ..A ..A ... ... ... A.. ... ..G .A. ... ..T ..T GAG ..A ... ... ... ..A ..G A.A ... ... ... T.. T.G T.A ... ... ..G ... ..G ... ..G ... A.. ... ..T ... ..T ..T ..A ..C ... ... ... ... ... ..C ... ... ..C ... .G. ..A ..T ..T ..T ..T .AT ..A CCA ..A ... ... ... ... ... ..G ... ..C ..A ..C A.C ... ... ..A ... ... ..T GTT ... ... ... ... ..C ..C ..C A.C ..T ..T ... ... G.T ... ..G ..A ..A ..A ... ..G ..A ..C ... A.. ..C ... ..T ..T .AC ... C.C C.T ..G C.. ... .A. ... ..T .AT ... ..T ..A ..A C.A ... ... A.T ..C ..C ... ..C ..C ..C ..C 
Calb                            ... ... ... ... ... ... C.. .TG ..T .CT .GA ..A ..A ..A ..A ..A ..A ..A ..A ..A ... C.A ... ... GCA ... ... ... ..A ..G ..T ... T.T ..T G.. ... G.A ..A ..T C.A ..A ..A ..A ..A ... ..A .A. .AC ... ... ... ... CA. ... ..G ... ... C.. ... ... CA. ..A ..A ..A ..A ..A ..A GCA .C. ... ..T ... ... ..T ..T ..A ... ... ... G.. ..A ... G.G A.C ... ... ... ... ... ... ..G ... ... ... ..A TCT ... ... ... ... ..G ..T ... ... ... ... ..G ..A ..A .AA ... ... A.A A.A A.A A.A T.G T.. ... ... ... ... C.G ..G ... ... ... ..G ..T ..T ... ..T ..T ..T ..A ... ... ... ... ... ... ... ... ... ... ..C ..A ... T.T ..C .CA ..A ... ... CCA ..G ..A ..A ... ... ..C ..T ..G ..C T.. A.T A.. ... ... ..G ... ..G ..T GTG ..T ..C ..C ... ... ... ... A.C ... AGT ... ..T AA. ..T ..C ..C ... ..G ..C AG. AG. A.. ..A AG. AGC ..A ..T ... .AT ... ... .GT ..G ... ... .A. ... ..T .AT ..T ... ..A ... ..A A.. ... ..C ..A ..C ... ... ... ... ... 

    2    2    2    1    1    1    1    2    1    1    1    3    1    1    2
    1    1    1    2    2    1    1    1    2    3    1    2    6    3    1
    1    1    1    1    2    3    1    1    2    1    3    1    1    2    1
    2    1    1    2    1    2    3    3    1    1    1    1    1    2    2
    1    1    1    1    1    1    2    1    1    1    2    1    1    2    2
    1    2    2    1    1    1    1    1    1    3    6    1    1    2    1
    1    2    2    2    2    1    2    1    1    1    1    3    1    2    3
    1    1    1    1    3    1    2    2    2    2    1    1    1    2    3
    2    8    1    2    1    2    4    1    2    1    1    1    1    5    2
    1    1    3    1    2    2    1    1    4    1    1    4    1    2    2
    1    3    1    3    1    1    6    2    3    1    1    2    1    1    1
    2    2    1    1    2    3    1    2    1    1    1    3    2    1    1
    4    3    1    1    3    1    1    1    3    1    1    3    2    1    2
    4    2    2    2    2    2    2    2    7    3    1    2    1    1    2
    5    1    1    1    2    2    1    2    1    2    1    1    1    1    2
    2    1    1

CODONML (in paml version 4.9j, February 2020)  temp.nuc
Model: One dN/dS ratio, 
Codon frequency model: Fequal
ns =   9  ls = 393

Codon usage in sequences
--------------------------------------------------------------------------------------------------------------------------------------
Phe TTT   9   7   8  11   9   3 | Ser TCT  25  17  14  22  12   8 | Tyr TAT  12   5  15  10  12  11 | Cys TGT   0   4   4   4   4   4
    TTC  12  14  13  10  10  15 |     TCC   6   4  13   5   9   8 |     TAC   4  13   3   8   4   7 |     TGC   4   0   0   0   0   0
Leu TTA   8   4   4   6  13   9 |     TCA   4   9   6   8   7  10 | *** TAA   0   0   0   0   0   0 | *** TGA   0   0   0   0   0   0
    TTG   9   5   8   8   6   8 |     TCG   1   6   4   2   1   0 |     TAG   0   0   0   0   0   0 | Trp TGG   9   7   7   7  10  10
--------------------------------------------------------------------------------------------------------------------------------------
Leu CTT   5   3   3   3   1   1 | Pro CCT   7   9   3   4   6   3 | His CAT   4   1   2   4   4   2 | Arg CGT   5  11   7   7   3   9
    CTC   0   2   2   2   0   0 |     CCC   1   2   2   1   0   1 |     CAC   0   3   2   0   0   2 |     CGC   2   0   0   0   0   0
    CTA   2   5   3   1   2   4 |     CCA  13  10  13  11  13  14 | Gln CAA  20  18  13  17  21  20 |     CGA   0   0   0   0   0   0
    CTG   0   5   4   4   1   1 |     CCG   0   0   3   5   1   2 |     CAG   5   3  11   7   1   1 |     CGG   0   0   0   0   0   1
--------------------------------------------------------------------------------------------------------------------------------------
Ile ATT   5   5  10   5  11   6 | Thr ACT  12   7  12   9  19  11 | Asn AAT  18  17  18  19  19   6 | Ser AGT   3   3   3   4   1   2
    ATC   7   5   2   7   4   9 |     ACC   7  15  15  10   4  16 |     AAC   5   8   7   6   5  21 |     AGC   0   1   1   0   0   0
    ATA   2   4   3   3   0   1 |     ACA   5   7   3   8   7   8 | Lys AAA  10  14  17  11   7  14 | Arg AGA  18  19  19  16  22  19
Met ATG   4   4   4   4   5   5 |     ACG   6   1   0   3   5   0 |     AAG  16  11   9  15  20  15 |     AGG   7   2   5   8   7   3
--------------------------------------------------------------------------------------------------------------------------------------
Val GTT  10  11   9  11   9   3 | Ala GCT   0   3   0   1   0   0 | Asp GAT  18  16  20  16  30  19 | Gly GGT  13  14  16  17  20  11
    GTC   3   1   3   3   0   6 |     GCC   7   0   0   2   2   4 |     GAC  11  11   7  11   2   9 |     GGC   5   3   5   5   0   3
    GTA   1   2   4   2   6   2 |     GCA   0   5   5   4   5   3 | Glu GAA  21  21  16  22  22  25 |     GGA   2   1   3   2   4   7
    GTG   4   4   1   1   5   5 |     GCG   0   0   2   0   0   0 |     GAG   2   5   7   1   2   3 |     GGG   4   6   0   0   0   3
--------------------------------------------------------------------------------------------------------------------------------------

--------------------------------------------------------------------------------------
Phe TTT   6   4   9 | Ser TCT   4   8   7 | Tyr TAT   2   9  14 | Cys TGT   2   4   3
    TTC  12  15   9 |     TCC  12  10   9 |     TAC  17  11   6 |     TGC   2   0   2
Leu TTA   0   8  11 |     TCA   5   7   5 | *** TAA   0   0   0 | *** TGA   0   0   0
    TTG   4   7   7 |     TCG  11   5   3 |     TAG   0   0   0 | Trp TGG   7   7   7
--------------------------------------------------------------------------------------
Leu CTT   3   1   5 | Pro CCT  10  11   6 | His CAT   1   4   4 | Arg CGT   1   7   0
    CTC   3   3   0 |     CCC   3   0   0 |     CAC   4   0   0 |     CGC   4   0   0
    CTA   3   4   0 |     CCA   1   7  12 | Gln CAA   8  20  29 |     CGA   2   0   1
    CTG  11   0   0 |     CCG   7   3   2 |     CAG  12   4   4 |     CGG  15   2   0
--------------------------------------------------------------------------------------
Ile ATT   3   3  12 | Thr ACT   4   6  14 | Asn AAT   3  11  14 | Ser AGT   0   2   7
    ATC   7  12   2 |     ACC  10   8   6 |     AAC  15  10   3 |     AGC   8   2   2
    ATA   1   0   2 |     ACA   3  22  11 | Lys AAA   4  16  26 | Arg AGA   8  15  27
Met ATG   7   4   7 |     ACG  16   0   1 |     AAG  25  11   1 |     AGG   6   7   1
--------------------------------------------------------------------------------------
Val GTT   4   8   8 | Ala GCT   0   3   0 | Asp GAT   6  23  27 | Gly GGT   5  18   4
    GTC   6   4   2 |     GCC   4   0   3 |     GAC  21   5   2 |     GGC  14   4   3
    GTA   0   6   0 |     GCA   1   1  10 | Glu GAA   4  18  19 |     GGA   0   4  11
    GTG  12   2   6 |     GCG   1   0   0 |     GAG  17   7   3 |     GGG   6   0   4
--------------------------------------------------------------------------------------

Codon position x base (3x4) table for each sequence.

#1: Scer           
position  1:    T:0.26209    C:0.16285    A:0.31807    G:0.25700
position  2:    T:0.20611    C:0.23919    A:0.37150    G:0.18321
position  3:    T:0.37150    C:0.18830    A:0.26972    G:0.17048
Average         T:0.27990    C:0.19678    A:0.31976    G:0.20356

#2: Sbay           
position  1:    T:0.24173    C:0.18321    A:0.31298    G:0.26209
position  2:    T:0.20611    C:0.24173    A:0.37150    G:0.18066
position  3:    T:0.33842    C:0.20865    A:0.30280    G:0.15013
Average         T:0.26209    C:0.21120    A:0.32909    G:0.19763

#3: Smik           
position  1:    T:0.25191    C:0.17303    A:0.32570    G:0.24936
position  2:    T:0.20611    C:0.24173    A:0.37405    G:0.17812
position  3:    T:0.36641    C:0.19084    A:0.27735    G:0.16539
Average         T:0.27481    C:0.20187    A:0.32570    G:0.19763

#4: Spar           
position  1:    T:0.25700    C:0.16794    A:0.32570    G:0.24936
position  2:    T:0.20611    C:0.24173    A:0.37405    G:0.17812
position  3:    T:0.37405    C:0.17812    A:0.28244    G:0.16539
Average         T:0.27905    C:0.19593    A:0.32740    G:0.19763

#5: Ncas           
position  1:    T:0.24682    C:0.13486    A:0.34606    G:0.27226
position  2:    T:0.20865    C:0.23155    A:0.37913    G:0.18066
position  3:    T:0.40712    C:0.10178    A:0.32824    G:0.16285
Average         T:0.28753    C:0.15606    A:0.35115    G:0.20526

#6: Cgla           
position  1:    T:0.23664    C:0.15522    A:0.34606    G:0.26209
position  2:    T:0.19847    C:0.22392    A:0.39440    G:0.18321
position  3:    T:0.25191    C:0.25700    A:0.34606    G:0.14504
Average         T:0.22901    C:0.21204    A:0.36217    G:0.19678

#7: Agos           
position  1:    T:0.21374    C:0.22392    A:0.30534    G:0.25700
position  2:    T:0.20865    C:0.23410    A:0.35369    G:0.20356
position  3:    T:0.13740    C:0.36132    A:0.10178    G:0.39949
Average         T:0.18660    C:0.27311    A:0.25360    G:0.28668

#8: Klac           
position  1:    T:0.24173    C:0.16794    A:0.32824    G:0.26209
position  2:    T:0.20611    C:0.23155    A:0.37913    G:0.18321
position  3:    T:0.31043    C:0.21374    A:0.32570    G:0.15013
Average         T:0.25276    C:0.20441    A:0.34436    G:0.19847

#9: Calb           
position  1:    T:0.23410    C:0.16031    A:0.34606    G:0.25954
position  2:    T:0.20356    C:0.22646    A:0.38677    G:0.18321
position  3:    T:0.34097    C:0.12468    A:0.41730    G:0.11705
Average         T:0.25954    C:0.17048    A:0.38338    G:0.18660

Sums of codon usage counts
------------------------------------------------------------------------------
Phe F TTT      66 | Ser S TCT     117 | Tyr Y TAT      90 | Cys C TGT      29
      TTC     110 |       TCC      76 |       TAC      73 |       TGC       8
Leu L TTA      63 |       TCA      61 | *** * TAA       0 | *** * TGA       0
      TTG      62 |       TCG      33 |       TAG       0 | Trp W TGG      71
------------------------------------------------------------------------------
Leu L CTT      25 | Pro P CCT      59 | His H CAT      26 | Arg R CGT      50
      CTC      12 |       CCC      10 |       CAC      11 |       CGC       6
      CTA      24 |       CCA      94 | Gln Q CAA     166 |       CGA       3
      CTG      26 |       CCG      23 |       CAG      48 |       CGG      18
------------------------------------------------------------------------------
Ile I ATT      60 | Thr T ACT      94 | Asn N AAT     125 | Ser S AGT      25
      ATC      55 |       ACC      91 |       AAC      80 |       AGC      14
      ATA      16 |       ACA      74 | Lys K AAA     119 | Arg R AGA     163
Met M ATG      44 |       ACG      32 |       AAG     123 |       AGG      46
------------------------------------------------------------------------------
Val V GTT      73 | Ala A GCT       7 | Asp D GAT     175 | Gly G GGT     118
      GTC      28 |       GCC      22 |       GAC      79 |       GGC      42
      GTA      23 |       GCA      34 | Glu E GAA     168 |       GGA      34
      GTG      40 |       GCG       3 |       GAG      47 |       GGG      23
------------------------------------------------------------------------------


Codon position x base (3x4) table, overall

position  1:    T:0.24286    C:0.16992    A:0.32824    G:0.25898
position  2:    T:0.20554    C:0.23466    A:0.37602    G:0.18377
position  3:    T:0.32202    C:0.20271    A:0.29460    G:0.18066
Average         T:0.25681    C:0.20243    A:0.33296    G:0.20780

Codon frequencies under model, for use in evolver (TTT TTC TTA TTG ... GGG):
  0.01639344  0.01639344  0.01639344  0.01639344
  0.01639344  0.01639344  0.01639344  0.01639344
  0.01639344  0.01639344  0.00000000  0.00000000
  0.01639344  0.01639344  0.00000000  0.01639344
  0.01639344  0.01639344  0.01639344  0.01639344
  0.01639344  0.01639344  0.01639344  0.01639344
  0.01639344  0.01639344  0.01639344  0.01639344
  0.01639344  0.01639344  0.01639344  0.01639344
  0.01639344  0.01639344  0.01639344  0.01639344
  0.01639344  0.01639344  0.01639344  0.01639344
  0.01639344  0.01639344  0.01639344  0.01639344
  0.01639344  0.01639344  0.01639344  0.01639344
  0.01639344  0.01639344  0.01639344  0.01639344
  0.01639344  0.01639344  0.01639344  0.01639344
  0.01639344  0.01639344  0.01639344  0.01639344
  0.01639344  0.01639344  0.01639344  0.01639344


TREE #  1:  (((((1, 4), (3, 2)), 5), 6), ((7, 8), 9));   MP score: 1154
This is a rooted tree.  Please check!
lnL(ntime: 16  np: 18):  -5956.852258      +0.000000
  10..11   11..12   12..13   13..14   14..1    14..4    13..15   15..3    15..2    12..5    11..6    10..16   16..17   17..7    17..8    16..9  
 0.179560 0.055846 0.722834 0.000004 0.353544 0.049626 0.125347 0.195730 0.346753 0.381331 0.818846 0.111389 0.367992 1.714731 0.395569 1.109498 1.475768 0.040222

Note: Branch length is defined as number of nucleotide substitutions per codon (not per neucleotide site).

tree length =  6.928601

(((((1: 0.353544, 4: 0.049626): 0.000004, (3: 0.195730, 2: 0.346753): 0.125347): 0.722834, 5: 0.381331): 0.055846, 6: 0.818846): 0.179560, ((7: 1.714731, 8: 0.395569): 0.367992, 9: 1.109498): 0.111389);

(((((Scer: 0.353544, Spar: 0.049626): 0.000004, (Smik: 0.195730, Sbay: 0.346753): 0.125347): 0.722834, Ncas: 0.381331): 0.055846, Cgla: 0.818846): 0.179560, ((Agos: 1.714731, Klac: 0.395569): 0.367992, Calb: 1.109498): 0.111389);

Detailed output identifying parameters

kappa (ts/tv) =  1.47577

omega (dN/dS) =  0.04022

dN & dS for each branch

 branch          t       N       S   dN/dS      dN      dS  N*dN  S*dS

  10..11     0.180   863.3   315.7  0.0402  0.0081  0.2014   7.0  63.6
  11..12     0.056   863.3   315.7  0.0402  0.0025  0.0626   2.2  19.8
  12..13     0.723   863.3   315.7  0.0402  0.0326  0.8108  28.2 255.9
  13..14     0.000   863.3   315.7  0.0402  0.0000  0.0000   0.0   0.0
  14..1      0.354   863.3   315.7  0.0402  0.0160  0.3966  13.8 125.2
  14..4      0.050   863.3   315.7  0.0402  0.0022  0.0557   1.9  17.6
  13..15     0.125   863.3   315.7  0.0402  0.0057  0.1406   4.9  44.4
  15..3      0.196   863.3   315.7  0.0402  0.0088  0.2195   7.6  69.3
  15..2      0.347   863.3   315.7  0.0402  0.0156  0.3889  13.5 122.8
  12..5      0.381   863.3   315.7  0.0402  0.0172  0.4277  14.9 135.0
  11..6      0.819   863.3   315.7  0.0402  0.0369  0.9185  31.9 289.9
  10..16     0.111   863.3   315.7  0.0402  0.0050  0.1249   4.3  39.4
  16..17     0.368   863.3   315.7  0.0402  0.0166  0.4128  14.3 130.3
  17..7      1.715   863.3   315.7  0.0402  0.0774  1.9233  66.8 607.1
  17..8      0.396   863.3   315.7  0.0402  0.0178  0.4437  15.4 140.1
  16..9      1.109   863.3   315.7  0.0402  0.0501  1.2445  43.2 392.8

tree length for dN:       0.3126
tree length for dS:       7.7715


Time used:  0:09
