      9   1182

Scer                            CAC AGA AAC TTA TTA TTA CTG CAT ATC ACC CGT CTG GAA GTT TTA TTC CTG GTT CTA CGT CTA TGT ATG GAC AGA ACC TGC CTA TCA TTT GGT AAT AAC TCT TAT CAG TAC TAT AAA TAT AAG ATC TTA GTG TAC ATC ATC GTG TGG TAT GTC AAT GCT AGG AAA AAG CAG GCT AAG AGA AGA ATA ACT GGG CAT GGG GCT AAA TTG AGG ACT GTT CAG GGT TTG CCG GCA CCC AGA GTG AAT ATA AAG GGA ATC GAC GTC AAT AAA ACG TGG ACA TTA TCC CAT AGA GCC CTA GGA CAA GTT GCT ACT CCA CAT TTT CCA ACA GGT GTT ATC CCG TAT TTG AAG GAT AGA GGT TTT CGT AGT TTG AGG GAA AAA CCG ACC GAA GTC AGA ACT CCT TTT GAG GAA GTT CAA TTC TCA GCT GTG CTG GCT CGT ACC AGA GTA GAT CAA GGT GAA AAG GCT CAC ATC ACA TCA GTT CCT GGA AAC GCT GAG ACC TTT AAA ACG GGT GAT GGT TTA CCA TCC AAA ATT ATA ACA AAT CCT CCG CCT ACT AAT GAT CAT ACT AGT GAA GTC TTA CCA ACT GTC CCT ATT CAG GAT TCA CAT GTT TTG AAG ACT TCT TTT TTG AAG TTG CCT GTT TGC CAA GAA CAA TTA TTA TTG TTT CCA GGT AGA CAT TTA AGA AAA TTA AGA AGA GTA ACT GCT AAG CGT TTC GAC GCT GTC GCA ACT GCT TCA GCT ATG AGA GAA AAC GAA AGT GGA GTC CAA ATC TAT GAC TCT TAC GGT TTC TTA CCG GTC TTA TCA TGT CCT GTG AAG GCA GTC GTG TGG TTC AAT GCT AAA CAC GAT AAT AGG GAA TTG ATG CAA GAA TTG ATT AAG GAT CTA GTT AAG TGT AAG CAG AAG ATG GAA GAA GAC ATG TTT AAG TAT TGT AAA ACC CGT GAG AGT TTC TTG ATC AAC CTT ATG AGT CAT GGT ATG AAA GTC AGA TGC GGT GAT GTC TTG AGA ATT TTG CCA ATC ATC TTG GGT GTC GAT TTA AAG TGT TGT AGA ACT CAG CAA AAT CAG CCA TTG GAA CTT GGT AGA TCT TTC AGG AAG TGG CGT GCT GTT ATA CAG TGT ATC AAG GAT AAG GAA AAA AAT CAC GAC ATT TTA GCT AGA GCC ACG TTA GAT ACG CAG GAT GTT AGA CCA AAG CAT GAC AGC ACC TAC TTG 
Sbay                            CAC AGA AAT TTA CTA TTA CTT CAC ATC ACC CGT TTG GAG GTC TTA TTT CTT GTC TTA CGT CTT TGT ATG GAC AGG ACC TGC CTT TCC TTC GGT AAC AAC TCC TAT CAA TAC TAT AAA TAC AAA ATC CTA GTG TAT GTT ATC GTC TGG TAT GTC AAT GCT AGA AAG AAA CAA GCT AAA AGG AGA ATA ACT GGG CAT GGG GCT AAA TTA AGA ACT GTT CAG GGT TTG CCA GCA TCT AGA GTG AAT ATA AAG GGA ATC GAC GTC AAT AAG ACT TGG ATA CTA TCT CAT AGA GCT CTA GGA CAA GTT GCA ACT CCA CAT TTC CCT ATA GGT GTT ATC CCA TAC CTA AAG GAC AGG GGT TTT CGT AGT TTG AGA GAA AAG CCC ACC GAA GTC AGG ACT CCA TTT GAG GAA GTT CAA TTC TCC GCT GTG CTG GCC CGT ACC AGA GTT GAT CAA GGT GAA AAA GCC AAC ATT ACA TCC GTT CCA GGA AAT GCC GAA ACG TTC AAG ACT GGT GAT GGT TTG CCA TCT AAA ATC ATC GCT GAT CCA CCC CCT ACT AAT GAT CAT ACT AGT GAA GTC TTG CCA ACT GTC GGT ATT CAA GAC TCC CAT GTT TTA AAA ACT TCC TTT TTG AAA CTG CCT GTT TGC CAA GAG CAA TTA CTA TTG TTT CCA GGT AGA CAT TTG AGG AAG TTG AGA AGA GTT ACT GCT AAG CGT TTC GAT GCT GTT GCG ACT GCT TCC GCT ATA CGA AAC AAC GAA AGT GGA GTC CAG ATC TAT GAC TCT TAT GGT TTT CTA CCC GTC CTA TCC TGT GGT GTG AAG GCA GTC GTA TGG TTT AAT GCT AAA CAC GAT AAT AGA GAA TTG ATG CAG AAC GTT ATC AAA GAT CTA GTT AAA TGT AAG CAA AAG ATG AAC GAA GAC ATG TTT AAG TAT TGT AAG ACC CGT GAG AGT TTC TTA GTT ACC CTC ATG AGT CAT GGT ATG AAA GTC AGG TGC GGT GAT GTC CTG AGA ATT CTG CCG ATC ATC TTG GGT GTC GAT TTG AAG TGT TGC AGA ACT CAA CAA AAT CAG CCA TTG GAA CTC GGT AGA TCT TTC AGA AAG TGG CGT GCT GTT ATA CAA TGT ATC AAG GAC AAG GAA AAA AAT AAC GAC ATT CTA GCT AGA ACA ACT TTG GAT ACT CAG GAT GTT AGG CCA AAG CAC GAC AGT ACC CGT TTG 
Smik                            CAC AGA AAC TTA TTG TTA CTG CAT ATC ACC CGT TTG GAA GTT TTA TTC CTG GTT TTA CGT CTA TGC ATG AAC AGA ACC TGT CTA TCT TTC GGT AAC AAC TCC TAT CAA TAC TAC AAA TAT AAG ATT TTA GTG TAC ATT ATC GTG TGG TAT GTC AAC GCC AGA AAA AAG CAA GCT AAG AGA AGA ATA ACT GGA CAT GGG GCA AAA TTG AGG ACT GTT CAG GGT TTG CCG GCA CCT AGA GTT AAT ATA AAG GGA ATC GAT GTG CAC AAA ACG TGG ACA TTA TCC CAT AGA GCT CTA GGA CAA GTT GCT ACT CCA CAT TTC CCA ACA GGT GTT ATC CCG TAT TTA AAG GAT AGA GGT TTT CGT AGT TTG AGA GAA AAG CCT ACC GAA GTA AGA ACT CCT TTT GAG GAA GTT CAA TTC TCA GCT GTG CTG GCT CGT ACC AGA GTA GAT CAA GGT GAA AAG GCT AAC ATC AAG TCA GTC CCT GGA AAT GCT GAT ACG TTT AAA ACG GGT GAT GGT TTA CCC TCC AAA ATC ATA ACT AAT CCT CCT CCT ACT AAC GAT CAC ACT AGT GAA GTT TTA CCA ACT GTC CAT ATT CAA GAT TCT CAC GTT CTG AAG ACT TCT TTT TTG AAG TTG CCT GTT TGC CAA GAA CAA TTA TTG TTG TTT CCA GGT AGA CAT TTA AGA AAA TTG AGA AGA GTA ACT GCC AAG CGT TTC GAT GCT GTT GCA ACT GCC TCC GCA ATG AGG GAT AAC GAA AGT GGA GTG CAA ATC TAT GAC TCT TAC GGT TTC TTA CCT GTT TTA TCC TGT CAT GTT AAG GCA GTA GTA TGG TTC AAT GCA AAA CAC GAC CAC AGG GAA CTG ATG CAA GAT TTA ATC AAG GAC CTA GTC AAG TGC AAG CAA AAG ATG GAT GAA GAT ATG TTT AAG TAT TGC AAA ACC CGT GAG AGT TTC TTG ATT AGC CTC ATG AGT CAC GGT ATG AAA GTC AGA TGC GGT GAT GTT TTG AGA ATC TTG CCA ATC ATC TTA GGT GTT GAT TTG AAG TGC TGT AGA ACT CAG CAA CAC CAG CCA TTA GAA CTT GGT AGA TCC TTC AGG AAG TGG CGT GCA GTT ATA CAG TGT ATT AAG GAT AAG GAA AAA AAT AAC GAT ATC TTG GCC AGA ACC ACG TTA GAC ACG CAG GAT GTT AGA CCA AAG CAT GAT AGT ACT TGT CTG 
Spar                            CAC AGA AAC TTA TTA TTA CTG CAC ATC ACC CGT TTG GAA GTT TTA TTC CTG GTT TTA CGT TTG TGT ATG GAC AGA ACC TGC TTG TCC TTC GGT AAC AAC TCC TAT CAA TAC TAT AAA TAT AAG ATC TTA GTG TAC ATT ATC GTG TGG TAT GTC AAT GCT AGG AAG AAG CAG GCT AAG AGG AGG ATA ACC GGG CAT GGG GCC AAA TTG AGA ACT GTT CAA GGT TTG CCG GCA CCT AGA GTG AAT ATA AAG GGA ATT GAC GTC AAT AAG ACG TGG ACA TTA TCC CAT AGA GCT CTA GGA CAA GTT GCC ACT CCA CAT TTC CCA ACA GGT GTT ATC CCG TAT TTG AAG GAT AGA GGT TTC CGT AGT TTA AGA GAA AAA CCT ACC GAA GTC AGA ACT CCT TTT GAG GAA GTT CAA TTC TCA GCT GTG CTG GCT CGT ACC AGA GTA GAT CAA GGT GAA AAA GCT CAT ATT ACA TCA GTT CCT GGA AAT GCT GAG ACC TTT AAG ACG GGT GAT GGT TTA CCA TCC AAA ATT ATA ACT GAT CCT CCT CCT ACT AAT GAT CAT ACT AGT GAG GTC TTA CCA ACT GTC GGC ATT CAA GAT TCC CAT GTT TTG AAG ACT TCT TTT TTG AAG TTG CCT GTT TGC CAA GAA CAA TTA TTA TTG TTT CCA GGT AGA CAT TTA AGG AAG TTA AGG AGA GTA ACT GCC AAA CGT TTT GAT GCT GTT GCA ACT GCT TCC GCT ATG AGA GAT AAC GAA AGT GGA GTC CAA ATC TAC GAC TCT TAC GGC TTC TTA CCT GTC TTA TCC TGT GGC GTG AAG GCA GTC GTA TGG TTT CAT GCC AAA CAC GAC AAT AGG GAA TTG ATG CAA GAT TTG ATT AAA GAT CTA GTT AAG TGT AAG CAG AAG ATG GAT GAA GAC ATG TTT AAG TAT TGT AAG ACC CGT GAG AGT TTC TTG ATT AAC CTT ATG AGT CAT GGT ATG AAA GTC AGA TGC GGT GAT GTT TTG AGA ATT TTG CCA ATC ATC TTG GGT GTC GAT TTA AAG TGT TGT AGA ACT CAG CAA AAT CAG CCA TTG GAA CTT GGC AGA TCC TTC AGG AAG TGG CGT GCC GTT ATA CAG TGT ATC AAG GAT AAG GAA AAA CAT CAT GAC ATT TTA GCT AGA GCC ACG TTG GAC ACG CAG GAC GTT AGA CCA AAG CAC GAC AGC ACC TCT TTG 
Ncas                            TAT GGA AAT TTA CTA TTG CTA CAC ATT ACC CGT TTG GAG GTT TTA TTC CTA GTT CTA AGA TTG GCA ATG GTT AAG ACC TGC TTG GCC TTT GGT AAT AAC TCC TAT CAA TAC TAT AAA TAT AAA GTG CTG GTC TAC ATC ATT GTT TGG TAT GCT AAC GCT AGA AAA AAA CAA GCA AAG AGG AGA GTA TCA GGT CAT GGA GCT AAG TTA AGG ACT GTT GAG GGT TTG CCA GCT CCT AGA GTC AAC GTT AGG GGT ATC GAC GTC ACG AAG ACA TGG AAT GTA TCA CAT AGA GCT CTA GCA CAA GTT GCT CAC CCT CAT TTT CCA AAT GGT GTT GTT CCA TAT TTC AAG GAC AGA GGT TTC CGT AGC TTA AGG GAA AAA CCA ACT GAA ATT AAG ACA GCA TTT GAG GAA GTT CAA TTC TCT GCA GTC TTG GCT CAA ACT AGA GTT GAT CAA GGT GAA AAG GCT GGT ATA TCG TCT GTA GCA GGT AAT GCT GAA ACG TTT AAG ACA GGT GAT GGT CTG GCA TCA AAG ATC ATC ACA AAT GCA CCA CCA ACA AAC GAT CAA ACT AGC GAG GTG CTG CCA ACT GCT TCA ATT CAA GAT GCC CAA GTG ATA AGA ACA TCT TTT TTG AAA TTG CCA GTT TGT CAA GAA ATT TTG TTG TTG TTT CCA GGT AGA CAT CTG AGG AAA TTA AGA AGA GTT ACA ACG GCA CGT TTC GAC GCT ACT GCT ACT GCT TCC GCT ATA AGG GAG AAC GAA AGT GCA GTC CAG ATT TAT GAT GCT TAT GGT TTC GTA CCA GTT CTG TCC TGT TCA GTC AAG GCT ATT GTA TGG TTC GGA GCT AAA CAT GAC ACG AGG GAA TTG AGA CAG GAG TTG ATC AAG GAT CTA GTA AGA TGT AAG CAA AGG ATG GAG GAA GAC ATG TTT AAG TAT TGT AAG ACT AGA GAG AGC TTC TTA ATC GTA TTA ATG AGC CAA GGT TCG AAG GTT AGA TGT GGT GAC GTC ATG AGA ATT ATG CCT ATT ATC CTA GGT GTT GAT TTA AGG GCA TGC AGA ACT CAA ATT ACG CAA CCT TTG GAA GTA GGT AGA TCT TTC AGG AGG TGG CGT GCT GTT GTA CAA TGT ATC AAG GAC AAA GAA AAA GGA GGT GAC ATT TTG GCT AGA CAA ACA CTA GAC ACA CAA GAT GTT AAG CCT AAG CAC GAC AGT ACC AAC TTG 
Cgla                            TAT AAC AAT TTG CTA TTG CTA CAT ATT ACA CGT CTA GAG GTC TTG TTC CTA GTC TTG CGT TAT GCA ATG GAC CGC ACA GTG TAT AGC TTT GGT AAT AAC TCT TAT CAA TAC TAC AAA TAC AAG TCA CTT GTG TAT GTT ATT GTG TGG TAT GTA AAC GCA AGA AAG AAG CAA ACA AAG AGA AGA CTG GCT GGC CAT GGG GCC AAA CTG CGT ACT GTT GAG GGT TTG CCA GCT AAT AGA GTG AAC ATC AAA GGG ATC GAC GTT AAG AAG ACA TGG ATT TCC TCC CAT AGA GCA TCA GAC AAA GTC GCT ACG CCA CAT TTT CCA ATT GGT GTT ATC CCA TAT TTA AAG GAC AGA GGT TTC CGT AGT CTT AGG GAA AGA CCA ACC GAA GTG CGC ACC GAT TTT GAG GAG GTC CAA TTC TCG ACA GTG CTG GCC AAA ACC AGA GTT GAT CAA GGT GAA AAG GCC GGT ATA GGC TCG ATC GAT GGG AAT GCC GAA ACC TAC AAG ACA GGT GAT GGT TTA CCA TCC AAG ATT ATA ACC AAT GAT CCA CCA ACC AAC GAT AAT ACT AGT GAA GTT TTA CCA ACT GTA GAA ATT CAA GAC AGC AAT GTT CTA AGA ACT TCC TTC TTG AAG TTA CCA GTC TGT CAA GAA AGA TTG ATG TTG TTT CCA GGT AGA CAC TTA AGA AAG TTA AGA AGA GTT ACA GCC AAG CGT TTC GAC GCT AAT GCA ACT GCA TCT GCA ATC AGG GAG AAC GAA TCC GAC GTT CAG ATT TAC GAT GCC TAT GGT TTC TCC CCA GTT CTT TCT TGT GAA GTG AAG GCT GTG GTG TGG TTT GGT GCC AAG CAT GAC AAG AGA GAA CTA ATG CAG GAG CTT ATT AAG GAC TCA ATC AGA TGT AAG CAA AAA ATG GAG GAA GAC ATG TTT AGA TAT TGT AAG ACC CGT GAG AGT TTC CTG GTT GAC CTG ATG AGT AAT GGT ATG AAG GTC AGA TGT GGT GAT GTT ATG AGA ATT ATG CCA ATT ATC CTA GGT GTT GAT TTA AAA GCA ATC AGA ACT CAA AGA AAG CAG CCA CTG GAA TTA GGT AGA TCG TTC AGA AAA TGG CGT GCC GTT CTG CAA TGT ATC AAG GAC AAA GAA AAG GGT GGT GAC ATT ATG GCA AGA CAG ACA CTG GAC ACA CAA GAC GTC CGC CCA AAG CAT GAC AGC ACT TTC CTA 
Agos                            TTC GAA AAC TTG CTG TTG CTG CAC ATT ACG CGC CTG GAC GTG TTG TTC CTG GTG ATA CGT TTG CTT ATG AAC AGA ACG GTG TTG TCG TTC GGC AAC AAC TCG TTC CAG TAC TAT AAA TAC AAG ACT CTG GCC CTG GTT ATT GTG GGG TTC GCT AAC GCG CGC AAG AAG AAA GCA AAG CGT CGC GTC TCG GGG CAC GGG GCA AAG TTG CGT ACC GTG GAG GGT TTG CCA GCG CCA AGA GTC AAC ATT CGT GGT ATC GAT GTT AAT AAG ACA GCG CTC GTG TCT CAA AGA GCT CTC AAG AAA GTG GCC ATT CCT CAC TTC CCA CTC GGT GTG ATC CCA TAC TTG AAG GAC AGG GGT TTC CGC AGC CTA CGC GAG CCA CCA ACT GAC ACC AGA ACC TCC TTT GAA GAG GTG CAG TTC TCG GCA GCC CTA GCC AAC ACT AGA GTC GAC CAG GGC GAG AAG GCC GGT ATC GGT TCG ATA TCC GGT AAC GCC GAA TCC TTC AAG ACA GGT GAC GGC AGG TTC TCT AAA GTT ATT ACG GGC TCC CCA CCC ACC AAC GAC AAC ACC AGC GAG GTG AGG CCA ACC GCT GGC ATT CAG GAC TCG AAC GTT CTG AAG ACA TCC TTC TTG AAG CTC CCT GTG GCG CAG GAG GTC GAT TTG TTG TTT CCA GGT CGT CAG AGG CGT AAG CTC CGC AGA GTC ACC GCC GTC CGT TTC GAT GCG ACT GCA ACC GCG GAC GCG TCC CGG GGA AAC GAA AGC AAG GTT CAA ATT TAT GAT GCG TAT GGC TTC GTG CCA GTC CTG GAC ACT GGC GTC AAG GCG ACC ATG TGG TTT GGC GCA AAG CAT GAC AAT CGG GCG CTG ATA CAA GGA ATC GTT AAG GAC CTC ATA AAG TGT AAG AAA CGT ATG GGA GCG GAT ATG ATT AAG TTC TGT AAG ACT CGT GAA AGC TTC TTG GTT GGC CTT ATG AGC AAC GGT GTG AAA GTG AGG GCG GGC GAC GTG ATG AGA ATT ATG CCC ATT ATC TTG GGT GTC GAC CTC CGT CTT GCG CGG ACT CAG GTC AAT TGG CCT CTG GCG TTG GGC AGA TCC TTC CGG CGT TGG CGC GCA GTG GTC CAG TGT ATC AAG GAC AAG GAG AAG GGC GGT GAT ATT TTG GCG CGT ACA ACA CTG GAC ACA CAG GAT GTG AGA CCT AAG CAC GAT AGC ACA GTC CTG 
Klac                            TGG GAC AAC TTA TTA TTG CTT CAC ATT ACC CGT CTA CAG GTC TTA TTC CTT GTC TTG CGT CTT TCT ATG AAC AGA ACC ATT CTT TCG TTC GGT AAC AAC TCA TAC CAA TAT TAT AAA TAT AAA GTC TTA CCC TTA GCT ATT GTT TGG TAC GCC AAT GCC AGA AAA AAA CAA GCT AAA AGA CGT GCG TCC GGA CAT TCG GCA AAA TTA AGA ACT TTC CTG GGT TTG CCA GCT CCT AGA GTA AGT ATT AAG ATC ATC GAC GTC TCA AGA ACT CGG ACT GTG TCT TGC AGA GCC CTG GAT GAA GTC GCC ACT CCA CAT TTC CCA ACT GGT TTC ATT CCA TAC CTG AAG GAT AGG GGT TTC AGG AGT TTG AGA GAA GTT CCT ACC GAA ACT AGA ACT AAG TAT GAG GAA GTC CAA TTC TCA GCT CCC TTG GCC AAC ACC AGA GTT GAT CAA GGT GAA AAG GCC CAA ATT GCT TCA ATA AAG ATC AAT GCC AAT CAT TTC AGA ACT GGT GAT GGT TCT CCT TCT AAA GTT ATT ACG GAG AAG CCT CCT ACT AAT GAT ATA ACT AGT GAG GTC TCT CCT ACT GCC TCG ATT CAA GAC TCG ATA GTT TTA AGG ACT TCC TTT TTG AAA TTG CCG GTC TCG CAA GAA AAG TTT CTT TTG TTT CCT GGT AGA CAG TCT AGA AAA TTA CGT AGA GTT ACT GCT CCG CGT TTC GAT GCT TTT GCC ACT GCC GAC GCT ATT CGT GAT AAC GAG AGT GAT GTC CAG ATT TAC GAT GCT TAC GGT TTC GTG CCT GTT TTA GAC GCA TCG GTA AAG GCT ACT CTA TGG TTT AAC GCA AAG CAC GAT TCA GAA AAT CTT ACT CAG GAT TTG GTT AAG GAC CTG ATA AGG TGT AAG CAA AAG ATG GAT AAT GAC ATG ATT AAG TAC TGT AAG ACC CGT GAG AGT TTC TTA GCT ATG CTT ATG AGT ATA GGT TTT AAA GTC AGG TCG GGT GAT GTA ATG AGA ATC ATG CCA ATT ATC TTA GGT GTT GAT TTA AAG TCT GTC AGA ACA CAA AAG TCA CAA CCA TTA AAT CTC GGT AGA TCT TTC GAA AAG TGG CGT GCA TTC GCG CAA TGT ATC AAG GAT AAG AAA AAG AAC CAA GAC ATC CTT GCC AGA GAC ACT TTA GAT ACT CAG GAC GTC AGA CCA AAG CAC GAC CCG ACT ACA CTT 
Calb                            ATG GAA TTG TTA TTG TTG TTG CAC ATT ACC AGA ATA AAA GTT TTA TTC TTG GTT TTA AGA TTG ACA ACT GAA AGA ACC GTA TTG TGT TTT GGT AAT AAC TCT TAT CAG TAC TAC AAA TAT AAA GTG TTA TCA TTG AAA ATT GTT TCG TAT GTC AGT GCT AGA AAA AAA CAA GCT AAA CGT AGA ATA CCA AAC TGT GCA GCT AAA TTG AGA ACA TAT CAA GGT TTG CCA GCA CCC AGA AAC AAT ATT AAA CAA ATC GAC GTT GAA AGA TGT TTC GAT ATT TCC CAT AGA GAT AAG TCT TTA GTC GCT GAA CCT TGT TTT CCA GAT GGT TAT ACA CCA TAT TTA AAA GAT AGA GGT TTT CAT TCA AGA AGA GAA TAT CAT ACC GAA GCC AGA ACA CAA AAG GAA GAA GTC GCT TTC TCT GCT TCA TTG GCC AAG ACC AGA GTT GAT GCT GGT GAA AAA GCC AAA ATA GAA TCT ACT CAA CAA AAC GCC GAT GAA TTT AGA TGT GGT GAT GGT ATT GTT TCC CGT GTG ATA GTG CCT CAA CAT AAC ACA AGT GAT GAA ACA TCA GAA ATC ATT CCT ACA GTC AAA CTC CAG GAT TGT GAA GTT TTA AGA ACT TCT TTT TTG AAA GGA CCT GTT TCA GCT CAA AAA CTC TTG TTG TTT CCT GGT AGA TAT ATT CGT AAA TTG AGA AGA GTT AGT GAA TTG CGT TTT ACA GCT ATT GCT ACA GCT GAT AAA AAA AGA GAT AAC GAA TCT TCT GTT CAA ATT TAT GAT GCT TTC GGA TTC ATT CAT GTT TTA GAT TCC AAA AAC AAG GCA GCC ATG TGG TTT GAT GCT AAA CAT GAT GAA CCA TCG TTA GAC CAA GAT ATT GTG AAA GAT AAG ACT AGA TGT AAA CAA AAA ATG GAT TCG GAC ACT GTA AAG TAT TGT AAG ACC AGA GAA TCA TTC TTG AAA AAT TTG ATG TCA GAA GGT TTA CGT GTC AGA TCA GGT GGA ATT ATG AGA ACA ATG CCG ATT ATC TTG GGT GTT GAT TTG AAA ACA AAT CGT ACT CAA AAA GAA CAA CCT TTG TCG ACT GGA AGA AAT TTC CCA AAA TGG AGA GCT TAT ATA CAA TGT ATC AAG GAT GAT GAA AAA GAT AAA GAC ACA TTG GCT AGA ATA TGT CTA GAT TGT GCA GAT GTT AGA CCT AAA CAC GAC CTC TCA ATT TTA 



Printing out site pattern counts


         9        723  P

Scer                            AAA AAA AAA AAA AAA AAA AAA AAA AAC AAC AAC AAC AAG AAG AAG AAG AAG AAG AAG AAG AAG AAG AAT AAT AAT AAT AAT AAT ACA ACA ACA ACC ACC ACC ACC ACG ACT ACT ACT ACT ACT ACT ACT AGA AGA AGA AGA AGA AGA AGA AGA AGA AGC AGG AGG AGG AGG AGT AGT ATA ATA ATA ATC ATC ATC ATC ATC ATC ATC ATC ATG ATG ATG ATG ATG ATT ATT ATT CAA CAA CAA CAA CAC CAC CAC CAG CAG CAG CAG CAG CAG CAT CAT CAT CAT CAT CCA CCA CCA CCA CCA CCC CCG CCG CCT CCT CCT CCT CGT CGT CGT CGT CGT CTA CTA CTA CTG CTG CTG CTT CTT GAA GAA GAA GAA GAA GAA GAA GAA GAA GAA GAC GAC GAC GAC GAG GAG GAT GAT GAT GAT GAT GAT GAT GCA GCA GCC GCC GCT GCT GCT GCT GCT GCT GCT GCT GGA GGA GGG GGG GGT GGT GGT GTA GTC GTC GTC GTC GTC GTC GTC GTC GTG GTG GTG GTG GTT GTT GTT GTT GTT GTT TAC TAC TAC TAC TAT TAT TAT TAT TAT TCA TCA TCA TCC TCT TCT TCT TCT TGC TGC TGG TGG TGG TGT TGT TGT TGT TGT TTA TTA TTA TTA TTA TTA TTA TTA TTA TTA TTC TTC TTC TTC TTG TTG TTG TTG TTG TTG TTG TTG TTG TTG TTG TTT TTT TTT TTT TTT TTT TTT 
Sbay                            ... ... ... ... ..G ..G ..G ..G ... ..T ..T .C. ..A ..A ..A ..A ... ... ... ... ... ... ..C ... ... ... ... G.. ... .T. G.T ... ... ... ..G ..T ... ... ... ... ... ... ... ... ... ... ... ... ..G ..G ..G C.. ..T ..A ..A ..A ..A ... ... ... ... ..C ... ... ... ... ... ... ..T G.T ..A ... ... ... ... ..C ... ... ... ... ... ..G A.. ... ... ..A ..A ..A ... ... ... ..C ... ... ... ... ... ... ... ..G ..T T.T ..A ..C ..A ... ... GG. ... ... ... ... ... ... ..T T.. ... ..T T.. ..C ..C A.C ... ... ... ... ... ... ... ..G ..G ... ... ... ..T ..A ... ..C ..C ... ... ... ... ... ... ..G A.A ..T ..A ..C ... ... ... ... ... ... ... ... ... ... ... ... ... ..T ... ... ... ... ... ... ... ..T ..A ..C ... ... ..C ... ... ... ... ... CGT ... ..T ..T ..C ..C ... ... ... ..C ..C ..C ..T ..C ..C ... ... ... ... ... ... ... ..C ... ... ... ... C.. C.. C.. C.. ... ... ... ..G ..G ..G ... ... ..T ..T C.A C.. C.. G.T ..A ..A ... ... ... ... ... ..C ..C ... ... ... ... ... 
Smik                            ... ... ... ... ... ... ... ..G ... ... ..T .G. ... ... ... ... ... ... ... ... ... ... ..C ..C ... ... C.C ... .AG ... ..T ... ... ..T ..G ... ... ... ... ... ... ... ... ... ... ... ... ... ... ... ... ..G ..T ..A ..A ... ... ... ... ... ... ... ... ... ... ... ..T ..T ... ..T ... ... ... ... ... ..C ..C ... ... ... ... ... A.. ... ... ..A ..A ... ... ... ... ... ..C ... ... ... ... ... ..C ... ... ..T ... ..T ... ... ... .A. ... ... ... ... ... ... ... T.. ... ... T.. ..C ... ..T ... ... ... ... ... ... ... ... ... A.. ... ..T ..T ..T ... ... ... ..C ..C ... ... ... ... ... A.. ..T ... ... ..A ..A ..C ..C ... ... ... ... ..A ... ... ... ... ... ..A ... ... ..G ..T ..T ..T ..T ..A ... ... ..T ... ..C ... ... ... ... .GT ... ... ... ... ... ..C ... ... ... ..C ..T ... ..C ... ..C ... ... ..T ... ... ... ... ..C ..C ... ... ... ... ..G ..G ... ... ... ... ... ..G ... ... ... ... ..A ... ... ..A C.. ... C.. ..A ..A ... ... ..C ... ... ... ... ... ... 
Spar                            ... ... ... ... ..G ..G ..G ... ... ... ..T ... ..A ... ... ... ..A ... ... ... ... ... ..C ... ... C.. ... G.. ... ... ..T ... ... ... ... ... ..C ... ... ... ... ... ... ... ... ... ... ..G ... ... ..G ... ... ..A ... ..A ... ... ... ... ... ... ... ... ... ..T ... ... ..T ..T ... ... ... ... ... ... ... ... ... ... ... ... ..T ... ... ..A ... ... ..A ... ... ..C ... ... ... ... ... ... ... ... ... ..T ... ..T ... ... ... GGC ... ... ... ... ... ... T.G T.. ... ... T.. ... ... ..T ... ... ... ... ... ... ..G ... ... ... ... ... ..T ... ... ... ... ..C ... ..C ... ... ... ... ... ..T ..C ... ..C ... ..C ... ... ... ... ... ... ... ..C ... ... ... ... ... ... ... ... ... ..T ..T ..A ... ... ... ... ... ... ... ... ... .CT ... ... ... ... ... ... ..C ... ... ..C ..C ... ..C ... ..C ... ... ... ... ... ... ... ... ... ... ... ... ... ... ... ... ... ... ... ..G ... ... ..T ... ..T ... ... ... ... ... ... ... ... ... ..A ... ..C ... ..C ... ... ... ... 
Ncas                            ... ... ..G ..G ... ..G ..G ... ... ..T ..T GTA ... ..A ... .GA GCA ..A ... ... ... .G. ... ..C ..C GGA .CG ... T.G .AT ... ... ..T ... ..G ..A T.A ..A ..A ..A ... ... CAC ... ... ... G.. ... .AG ... ..G ..G ..T ... ..A ... ... ..C ... G.. G.T ..C ... ..T G.T ... ... G.G ..A ... ..A .GA ... ... TC. ..C ... ... ATT ... ... ..G GGT ..T T.T ..A ..A ..A G.. ..A ..A ..C ..A ... ... ... ... ..T G.. ..T ... ..T ..A ..A G.A ..A ..A T.A A.A .AA ... ... ... ... T.G ... T.. ..A T.. T.A G.A ..G ... ... ... ... ... ... ..G ... ..G .TT ..T ... ... ..A ... ..C ... ..C ... ... ..C ... ..T ..T CAA ..T ... ... ... ... A.G ... ..A ... .C. ..T ..T ..A ... ... ... ..T A.T .CT ..T ... ..G ..T ... ACT ..A ..T ..C ..C ... ..A ..G ... ... ... A.. ... ... ..T ... ... ... ... ... ..T ..C G.C ..A ..C ... ... G.. ..T ... ... ... ... ..C GCA ... ... ... C.G G.. C.. ..G ... ..G ..G C.G C.. ... ... ... ... ... ..C A.. ... ... A.A ..A ... C.A ... ..A ... ... ... ..C ... ... ... ... 
Cgla                            ... ..G ... ..G ..G ..G ..G .G. ... ..T ..T G.. ... ... ... .GA ... ..A ... ... .GA ..A ... ..C ..C GG. ..G ... GGC .TT ..C ..A ... ..T ... ..A G.. ..A ..C ... ... ... ..G ... ... ... .AC ... C.C ... ... ..G ... ... ..A C.T ..A ... TCC C.G ..C ... ... ..T ... ... ... TCA ..A G.T ..C ... ... ... ... ... ... ... AG. A.. ... ..G GGT ..T T.T ..A ..A ..A G.. ..A ... ... A.. ..C ... ... ... ... ... ... ... AAT ..A ..A GA. ..A ..A GAA ... AAA ... ... ... TC. TAT T.G ... ..A ..A ..G T.A ..G ... ... ... ... ... ..G ... ... ..G ... ..T ... ... ..A ... ..C ..C ..C ..C ..C ... ... ..T ... CAG ..A ... ..C ..C ..A ..C ..A A.A ... .AC ..G ..C ... ... ... ... ..T ..G ..A ... ..T ..T ..T ..T AAT ... ... ... ... ..C A.C ... ..C ..C ... .T. ... ..T ..T ..C ... ..C ..C ... ..G ..T AGC ... ... ..C ..G G.C ..T GTG ... ... ... ATC GCA ... ... ... C.T .CC C.. A.G ..G ..G ..G ... C.G ... ... ... ... ..T ..A A.. ..A C.T C.A C.. C.A C.A C.. C.T ... ... .AC ..C ..C ... ... ... 
Agos                            ... ..G ..G ... ..G ..G ..G CC. ... ... ... GG. ... ... ... ... GTC ... ... ... ... CGT ..C ..C ..C GGC ... GGC GGT CTC ..G ..G ..T ..A T.. ..A T.G ..C ..C ..A ..C ... .T. ... C.G C.T GA. C.C ... ..G C.T C.G ... C.C C.C C.T C.. ..C ..C G.C ..T ..T ... ..T ... ... ... .CT ... G.T TCC ..A ... ... G.. G.. ... ... GTC A.. ..G ... GGT ..T TT. ... A.A ... G.. ... TG. ..C A.C ..G ..A ..C ... ..T TTC ..C ... ..A ..A ..A T.C ..C ... GGC ... AAC ..C ..C ... ..C T.G A.. ..A ... ... ... T.G .G. ... ..C ..G ..G .CG ..G ..G ..G ..C A.. ..T ..T ..T ..A ..A ..C ..C ..C ..C ... ..C ..C ..G ... A.A ..T ..C ..C ..A ..G ..C ..G ..A ..G AAG ..T ... ... ..C ..C ... ..C AC. .CT ..G ..T ..G ... ..G ACT A.. ... .CC ..C ..G A.A ... ..G ..G ..G GT. ... CTG ..T ..C ..C ... ... .TC ..G GAC ..G ..T ..G ..C ..C G.G GCG GTG GC. G.. ... GCG CT. ... AC. ... C.G G.G C.G ..G ..G GAT ..G AGG C.G C.C ... ... ... ..T ... A.. C.C A.C C.. ... C.. ... C.. C.A ... ..C ..C ..C ..C A.. ... ... 
Klac                            ... ..G ... ... ... ..G .G. GTT ... ... ..T .TG ... ..A ..A .G. CC. ... ... ... ... ... ..C ... .G. ..C TCA G.G G.T ..T ..G ... ... ..T CAT ..T T.C ... ... ... ... ..A ... ... ... ... GAC C.T ... ..G ... C.T CCG ..A ..A ..A GAA ... ... GCG ..T ..T ... ..T ..T ... ... G.. ..T GCT ..T .CT ... ... T.T G.. ..C ... A.G G.. ... ..G ..A ... TGG ..A ..A ..A .T. ... ..A ..C ATA ..G TGC ... ..T ... ..T ... ... ..T ..A ..T AAG ... ..G T.G ... AAC A.G ... ... ..G ..T T.G T.. ..T ..A ... ..C ..T ..G ... A.. ... A.T ... ..G ... C.G A.. ..T ... ..T A.T ... ... ..C ... ..C ..C ... ... ..T ..C .A. ... ..C ..C ..A ... ... ..C ... ... .AT ATC ..A TC. ... ... ... ..T ACT .C. ... ... ... ..T ..A T.T C.A ..T CCC ..A ..C A.A ... ..C ..C T.C ACA ..T .TA ... ... ..C ... ..C ..C ... GAC ..G ..T ..A ..C ... G.. .CG ATT C.. ... ... GTC .C. ... GCA ... ... G.G ... C.T ... ..T ..G .CT ... ... ... ... ... ..T C.. A.. ... ... ..A ..A C.T ..A ..A ... ... ..C ..C ..C ... A.. .A. ... 
Calb                            ... ... ... CGT ... ..G .G. T.T ... TTG ... ..T ..A ..A ..A .GA TT. G.T ..A ... ... ..A ... .G. ... G.. G.A CC. GA. GAT GTG ... ... T.A GAA TGT C.A .G. ..A ... ..A ... GAA ... C.T ... GA. ... ... ... C.T ... CT. ..A ..A ..A CCA TCA TC. ... ..T ... ... ..T .CA ... ... G.G ..A .AA .AA GAC .CT ... T.A G.G .CA C.C A.. TT. GCT ... A.A ..T ATG ... ..A ..A ..A GCA ..A ..C G.A T.. ... TG. ..T ..T GTT ..G ... ... ..A .AT .AA AAC ... AAA A.A AAG .A. A.A ... AAG T.G T.. T.. T.. A.A T.G AC. ..T ... ... ... ... TCG ... ... C.. A.. ..A ..T ... ACA ..T ..A ... ... ... ... ... .GA ... ... ..T ATA .AT ... ..C ... AAA .AA ... ... ... TCT CA. AAC .CA ..A ... ... ..T .C. ... ... ..T A.. ..T A.T A.T A.. ..T TCA AAC ... AC. ... ..C ... TA. ATT ... .TG .T. ... ... ..C ... ... ..T GAT .GT ... ... ... AA. G.. .CA GTA .TC .C. ... AA. ACA ... .CC ... ... A.T ..G ..G ... C.C ..G A.T C.. ..G ... ..T ... ..T ..A A.. GGA A.T ..A ... ..A ... ... AGA ... ... ... ... ... G.A AAG ... 

    1    2    1    2    2    1    2    1    2    1    1    1    2    3    1
    2    1    1    3    2    1    4    1    2    1    2    3    1    1    2
    1    2    3    1    1    4    1    1    2    1    4    1    1    6    1
    2    1    2    3    2    2    1    1    1    1    1    2    4    1    2
    1    1    1    4    1    1    1    1    1    2    1    1    2    2    1
    2    2    1    2    1    3    2    2    1    1    2    2    2    1    1
    1    2    3    1    1    2    2    3    1    1    1    1    2    3    3
    1    1    2    2    1    1    2    1    2    2    1    1    2    1    1
    1    3    1    1    1    2    3    1    1    1    1    1    1    4    1
    1    2    2    1    2    1    1    1    4    2    1    1    1    1    3
    3    1    1    3    2    1    2    2    1    1    2    4    7    2    2
    2    1    2    1    2    1    1    1    1    2    2    2    2    1    2
    2    3    1    1    1    1    1    1    1    1    3    2    2    2    2
    1    1    1    1    2    1    1    1    2    1    2    2    1    1    2
    2    1    2    2    1    1    3    1    2    3    1    2    1    1    2
    1    1    1    2    2    1    1    1    3    2    1    1    1    1    1
    1

CODONML (in paml version 4.9j, February 2020)  temp.nuc
Model: One dN/dS ratio, 
Codon frequency model: Fequal
ns =   9  ls = 394

Codon usage in sequences
--------------------------------------------------------------------------------------------------------------------------------------
Phe TTT   8   8   6   7   7   6 | Ser TCT   4   5   4   3   4   3 | Tyr TAT   7   7   6   6   9   9 | Cys TGT   7   6   5   7   6   6
    TTC   7   7   9   8   9   9 |     TCC   2   8   6   8   3   6 |     TAC   4   3   4   4   2   5 |     TGC   3   4   6   3   2   0
Leu TTA  17   8  17  18   8   8 |     TCA   6   0   2   2   5   3 | *** TAA   0   0   0   0   0   0 | *** TGA   0   0   0   0   0   0
    TTG  16  15  15  19  16   8 |     TCG   0   0   0   0   2   3 |     TAG   0   0   0   0   0   0 | Trp TGG   4   4   4   4   4   4
--------------------------------------------------------------------------------------------------------------------------------------
Leu CTT   2   4   1   2   0   4 | Pro CCT   7   3   9   9   5   0 | His CAT   9   7   8  11   5   6 | Arg CGT   7   8   7   7   4   7
    CTC   0   2   1   0   0   0 |     CCC   1   3   1   0   0   0 |     CAC   4   4   8   4   3   1 |     CGC   0   0   0   0   0   3
    CTA   5  10   4   2   8   8 |     CCA   8  11   7   8  10  15 | Gln CAA   8  12  12  11  17  10 |     CGA   0   1   0   0   0   0
    CTG   4   4   6   3   5   8 |     CCG   5   1   2   2   0   0 |     CAG   9   5   5   6   2   4 |     CGG   0   0   0   0   0   0
--------------------------------------------------------------------------------------------------------------------------------------
Ile ATT   5   4   5   9  11  11 | Thr ACT  11  15  13  11   9   7 | Asn AAT  10  10   5   7   6   9 | Ser AGT   5   6   6   5   2   4
    ATC  12  12  12   8   8   9 |     ACC   7   7   6   8   3   7 |     AAC   5   8   9   5   6   6 |     AGC   1   0   1   1   4   3
    ATA   4   6   4   4   3   2 |     ACA   4   2   2   3   9   9 | Lys AAA  12  14  11  10  10   9 | Arg AGA  20  17  21  18  19  24
Met ATG   7   6   7   7   6  10 |     ACG   4   1   5   4   5   1 |     AAG  20  18  22  22  18  24 |     AGG   5   7   4   7  11   2
--------------------------------------------------------------------------------------------------------------------------------------
Val GTT  12  16  17  14  18  14 | Ala GCT  15  13   8  11  19   5 | Asp GAT  12  11  18  14   8   9 | Gly GGT  13  15  13  11  18  17
    GTC  12  14   5  10   7   7 |     GCC   2   3   4   6   2   8 |     GAC   7   9   4   9  10  16 |     GGC   0   0   0   4   0   2
    GTA   2   1   5   3   9   2 |     GCA   3   3   7   3  11   8 | Glu GAA  15  11  12  11  11  13 |     GGA   4   4   5   4   4   0
    GTG   6   4   5   5   3   9 |     GCG   0   1   0   0   0   0 |     GAG   3   4   2   4   8   8 |     GGG   2   2   1   2   0   3
--------------------------------------------------------------------------------------------------------------------------------------

--------------------------------------------------------------------------------------
Phe TTT   3   6   8 | Ser TCT   2   8   7 | Tyr TAT   3   4  11 | Cys TGT   3   3  11
    TTC  16  13   7 |     TCC   7   2   3 |     TAC   3   6   2 |     TGC   0   1   0
Leu TTA   0  14  11 |     TCA   0   6   9 | *** TAA   0   0   0 | *** TGA   0   0   0
    TTG  15   9  22 |     TCG   6   7   4 |     TAG   0   0   0 | Trp TGG   3   4   2
--------------------------------------------------------------------------------------
Leu CTT   3   9   0 | Pro CCT   4   8   7 | His CAT   1   3   6 | Arg CGT  12   8   6
    CTC   7   1   3 |     CCC   2   2   1 |     CAC   4   3   2 |     CGC   7   0   0
    CTA   2   2   1 |     CCA  10   7   6 | Gln CAA   3  12  14 |     CGA   0   0   0
    CTG  12   4   0 |     CCG   0   3   1 |     CAG   9   5   2 |     CGG   4   1   0
--------------------------------------------------------------------------------------
Ile ATT  11  12  14 | Thr ACT   7  19   7 | Asn AAT   3   7   5 | Ser AGT   0   6   3
    ATC   6   7   4 |     ACC   9   5   5 |     AAC  13   8   7 |     AGC   6   0   0
    ATA   4   5   6 |     ACA   7   2  12 | Lys AAA   6  11  30 | Arg AGA   9  19  28
Met ATG   7   7   6 |     ACG   3   1   0 |     AAG  25  21   8 |     AGG   5   5   0
--------------------------------------------------------------------------------------
Val GTT   7   9  13 | Ala GCT   3  11  15 | Asp GAT   8  16  24 | Gly GGT  12  13  11
    GTC  12  12   5 |     GCC   7  11   5 |     GAC  15  11   5 |     GGC  12   0   0
    GTA   0   3   2 |     GCA   6   4   4 | Glu GAA   5   8  21 |     GGA   3   1   4
    GTG  17   2   4 |     GCG  15   2   0 |     GAG   7   5   0 |     GGG   3   0   0
--------------------------------------------------------------------------------------

Codon position x base (3x4) table for each sequence.

#1: Scer           
position  1:    T:0.21574    C:0.17513    A:0.33503    G:0.27411
position  2:    T:0.30203    C:0.20051    A:0.31726    G:0.18020
position  3:    T:0.34010    C:0.17005    A:0.27411    G:0.21574
Average         T:0.28596    C:0.18190    A:0.30880    G:0.22335

#2: Sbay           
position  1:    T:0.19036    C:0.19036    A:0.33756    G:0.28173
position  2:    T:0.30711    C:0.19289    A:0.31218    G:0.18782
position  3:    T:0.35025    C:0.21320    A:0.25381    G:0.18274
Average         T:0.28257    C:0.19882    A:0.30118    G:0.21743

#3: Smik           
position  1:    T:0.21320    C:0.18020    A:0.33756    G:0.26904
position  2:    T:0.30203    C:0.19289    A:0.31980    G:0.18528
position  3:    T:0.33249    C:0.19289    A:0.27665    G:0.19797
Average         T:0.28257    C:0.18866    A:0.31134    G:0.21743

#4: Spar           
position  1:    T:0.22589    C:0.16497    A:0.32741    G:0.28173
position  2:    T:0.30203    C:0.19797    A:0.31472    G:0.18528
position  3:    T:0.34010    C:0.19797    A:0.24619    G:0.21574
Average         T:0.28934    C:0.18697    A:0.29611    G:0.22758

#5: Ncas           
position  1:    T:0.19543    C:0.14975    A:0.32995    G:0.32487
position  2:    T:0.29949    C:0.22081    A:0.29188    G:0.18782
position  3:    T:0.33249    C:0.14975    A:0.31472    G:0.20305
Average         T:0.27580    C:0.17343    A:0.31218    G:0.23858

#6: Cgla           
position  1:    T:0.17766    C:0.16751    A:0.34772    G:0.30711
position  2:    T:0.29188    C:0.19036    A:0.32741    G:0.19036
position  3:    T:0.29695    C:0.20812    A:0.28173    G:0.21320
Average         T:0.25550    C:0.18866    A:0.31895    G:0.23689

#7: Agos           
position  1:    T:0.15482    C:0.20305    A:0.30711    G:0.33503
position  2:    T:0.30964    C:0.22335    A:0.26650    G:0.20051
position  3:    T:0.20812    C:0.31980    A:0.13959    G:0.33249
Average         T:0.22420    C:0.24873    A:0.23773    G:0.28934

#8: Klac           
position  1:    T:0.21066    C:0.17259    A:0.34264    G:0.27411
position  2:    T:0.29188    C:0.24873    A:0.30457    G:0.15482
position  3:    T:0.36041    C:0.20812    A:0.23858    G:0.19289
Average         T:0.28765    C:0.20981    A:0.29526    G:0.20728

#9: Calb           
position  1:    T:0.24619    C:0.12437    A:0.34264    G:0.28680
position  2:    T:0.26904    C:0.21827    A:0.34772    G:0.16497
position  3:    T:0.37563    C:0.12437    A:0.37563    G:0.12437
Average         T:0.29695    C:0.15567    A:0.35533    G:0.19205

Sums of codon usage counts
------------------------------------------------------------------------------
Phe F TTT      59 | Ser S TCT      40 | Tyr Y TAT      62 | Cys C TGT      54
      TTC      85 |       TCC      45 |       TAC      33 |       TGC      19
Leu L TTA     101 |       TCA      33 | *** * TAA       0 | *** * TGA       0
      TTG     135 |       TCG      22 |       TAG       0 | Trp W TGG      33
------------------------------------------------------------------------------
Leu L CTT      25 | Pro P CCT      52 | His H CAT      56 | Arg R CGT      66
      CTC      14 |       CCC      10 |       CAC      33 |       CGC      10
      CTA      42 |       CCA      82 | Gln Q CAA      99 |       CGA       1
      CTG      46 |       CCG      14 |       CAG      47 |       CGG       5
------------------------------------------------------------------------------
Ile I ATT      82 | Thr T ACT      99 | Asn N AAT      62 | Ser S AGT      37
      ATC      78 |       ACC      57 |       AAC      67 |       AGC      16
      ATA      38 |       ACA      50 | Lys K AAA     113 | Arg R AGA     175
Met M ATG      63 |       ACG      24 |       AAG     178 |       AGG      46
------------------------------------------------------------------------------
Val V GTT     120 | Ala A GCT     100 | Asp D GAT     120 | Gly G GGT     123
      GTC      84 |       GCC      48 |       GAC      86 |       GGC      18
      GTA      27 |       GCA      49 | Glu E GAA     107 |       GGA      29
      GTG      55 |       GCG      18 |       GAG      41 |       GGG      13
------------------------------------------------------------------------------


Codon position x base (3x4) table, overall

position  1:    T:0.20333    C:0.16977    A:0.33418    G:0.29272
position  2:    T:0.29724    C:0.20953    A:0.31134    G:0.18190
position  3:    T:0.32628    C:0.19825    A:0.26678    G:0.20869
Average         T:0.27562    C:0.19252    A:0.30410    G:0.22777

Codon frequencies under model, for use in evolver (TTT TTC TTA TTG ... GGG):
  0.01639344  0.01639344  0.01639344  0.01639344
  0.01639344  0.01639344  0.01639344  0.01639344
  0.01639344  0.01639344  0.00000000  0.00000000
  0.01639344  0.01639344  0.00000000  0.01639344
  0.01639344  0.01639344  0.01639344  0.01639344
  0.01639344  0.01639344  0.01639344  0.01639344
  0.01639344  0.01639344  0.01639344  0.01639344
  0.01639344  0.01639344  0.01639344  0.01639344
  0.01639344  0.01639344  0.01639344  0.01639344
  0.01639344  0.01639344  0.01639344  0.01639344
  0.01639344  0.01639344  0.01639344  0.01639344
  0.01639344  0.01639344  0.01639344  0.01639344
  0.01639344  0.01639344  0.01639344  0.01639344
  0.01639344  0.01639344  0.01639344  0.01639344
  0.01639344  0.01639344  0.01639344  0.01639344
  0.01639344  0.01639344  0.01639344  0.01639344


TREE #  1:  (((((1, 4), (3, 2)), 5), 6), ((7, 8), 9));   MP score: 1250
This is a rooted tree.  Please check!
lnL(ntime: 16  np: 18):  -7193.779656      +0.000000
  10..11   11..12   12..13   13..14   14..1    14..4    13..15   15..3    15..2    12..5    11..6    10..16   16..17   17..7    17..8    16..9  
 0.186834 0.164473 0.556123 0.029941 0.132268 0.113767 0.000004 0.253278 0.390206 0.609270 0.608506 0.195133 0.046594 1.443636 1.201580 3.069722 2.075602 0.091513

Note: Branch length is defined as number of nucleotide substitutions per codon (not per neucleotide site).

tree length =  9.001334

(((((1: 0.132268, 4: 0.113767): 0.029941, (3: 0.253278, 2: 0.390206): 0.000004): 0.556123, 5: 0.609270): 0.164473, 6: 0.608506): 0.186834, ((7: 1.443636, 8: 1.201580): 0.046594, 9: 3.069722): 0.195133);

(((((Scer: 0.132268, Spar: 0.113767): 0.029941, (Smik: 0.253278, Sbay: 0.390206): 0.000004): 0.556123, Ncas: 0.609270): 0.164473, Cgla: 0.608506): 0.186834, ((Agos: 1.443636, Klac: 1.201580): 0.046594, Calb: 3.069722): 0.195133);

Detailed output identifying parameters

kappa (ts/tv) =  2.07560

omega (dN/dS) =  0.09151

dN & dS for each branch

 branch          t       N       S   dN/dS      dN      dS  N*dN  S*dS

  10..11     0.187   851.4   330.6  0.0915  0.0165  0.1802  14.0  59.6
  11..12     0.164   851.4   330.6  0.0915  0.0145  0.1586  12.4  52.4
  12..13     0.556   851.4   330.6  0.0915  0.0491  0.5363  41.8 177.3
  13..14     0.030   851.4   330.6  0.0915  0.0026  0.0289   2.2   9.5
  14..1      0.132   851.4   330.6  0.0915  0.0117  0.1276   9.9  42.2
  14..4      0.114   851.4   330.6  0.0915  0.0100  0.1097   8.5  36.3
  13..15     0.000   851.4   330.6  0.0915  0.0000  0.0000   0.0   0.0
  15..3      0.253   851.4   330.6  0.0915  0.0224  0.2443  19.0  80.8
  15..2      0.390   851.4   330.6  0.0915  0.0344  0.3763  29.3 124.4
  12..5      0.609   851.4   330.6  0.0915  0.0538  0.5876  45.8 194.3
  11..6      0.609   851.4   330.6  0.0915  0.0537  0.5868  45.7 194.0
  10..16     0.195   851.4   330.6  0.0915  0.0172  0.1882  14.7  62.2
  16..17     0.047   851.4   330.6  0.0915  0.0041  0.0449   3.5  14.9
  17..7      1.444   851.4   330.6  0.0915  0.1274  1.3923 108.5 460.3
  17..8      1.202   851.4   330.6  0.0915  0.1060  1.1588  90.3 383.1
  16..9      3.070   851.4   330.6  0.0915  0.2709  2.9605 230.7 978.8

tree length for dN:       0.7944
tree length for dS:       8.6809


Time used:  0:08
