      9   1179

Scer                            GTG TAC GAA GAT CTG AAG GAA ACA GAC GAC GAT AAA AGA CAT GAA GAT CGT GAT AAA AAA CCT CTG GCA GGT TTT AAT AAT GAA GCA GTG TTT GCT GAT GGT TAT AGA GCA AAT CTT TTT TTA ATC AAC TGG CTT AAT CAG TAC GCT GTA TCT GTC AAT CAA TCT AAG CAA AAG CCT GAA GAA ATT GAA TCA ATG AAA CTT TAT GAA ATT TTT GAT GAG GTT AAT TAT CAA GAT TTG TCT TAT GAT TTG GCG GCC CAA GAA GTA CTA GCA GCA CAA TAT ATT CTT TCT AAT CAG TGG AAG ATG TTG TAT CAT CAG ATA CGT TTA GTA CCG CCG TTA AAT AGA CGT ATA AAC AAC ACG GCT TCT ATT GGT GCC CAG AGC CAG AAG AAT GCC ATA TCT GAA GAA ACT CCT ATG GCT AAA AAA TCT AAG CAT CAG TCT CCT TAT ATT GAT GAT AGA CTG TTC AAC GGT GAT TTA GAA GAA ATT TTG CAC CCG TCT TGG GAG GGG CAT CTG GCC AAA TTC GGT ATC AAT TTG AAC CTA GAT GCC GCA AGA CTA TAC ACT AAT AAA GAG CAT GTC TTG GGT ACT GTC AAA ACT GCC AAA AAT GAT CAA GAT GTG AAG ATT AGG AAT CAA TAT GCA CCT AAG TTG AAT TTG GTG GCA CCG GGT CTG TTG AAA TCA GAT TTC TAC ACT CAG GAT TCA TAT CAA CTT ACG AAC GGT CAA CAA GAA TTT TTA GTG GAT GCA GAG ATG GAT CTT GAT GAT TCT ATT GAT AGA GTC AAT TAT TCT CTT GAT AAT GCC GCG ATT TTC GTT AAA TTG GGT TCT GTC GAA CTT GAT TTG GAC GGT AAG AAA GTT TGT GCT GCA TTA CCC ATA GGT GTC ATT AAT TTT GAA GGT AAT TCA GAA AAA TCT AGA ACA CTA TAT GTG ATA TTT GAG GCG AAG AAG AAA TGG GGT ATA CTA TCT GAA GCA GAA ACT AGG CTG TCA GCT AGT GCT GAG TTA AAA ATT TAT AAA ATT GGT GAT AAA TGG GCC TGT GAG GGT GCT TCA TAT GAC AAG ATA ATA CTT GGT AAT CCG ATG CAC TTT GAT GCT GTC TCT CAA AAC TTG AGA TTT GCA TTT AGT CAA ATG TAT AAT ACT GAG TAT CAA ACG CCT CTA AAA GGT GAT AGA TTT GCT GGT GAT ATG GAT TAC TGC TTC ATA GGT AAC 
Sbay                            GTA TAC GAA GAC CTG AAA GAA ACA GAC GAC GAT AAG AGG CAT GAA GAT CGT GAC AAA AAA CCT CTG GCA GGC TTT AAT AAC GAA GCT GTT TTT GCT GAT GGC TAT AGG GCA AAC CTT TTC TTA ATC AAC TGG CTT AAT CAG TAC GCC ACA TCT GTG AAC CAA TCT AAG CAA AAG CCT GAA GAA ATT GAA TCT ATG AAA CTT TAT GAA ATT TTT GAT GAA GTC AAC TAC CAA GAT TTG TCT TAC GAC TTG GCG GCA CAA GAA GTG CTG GCC GCA CAA TAT ATA CTT TCT AAC GAG TGG AAA ATG TTA TAT CAC CAA ATA CGT TTA GTA CCA CCA TTA AAT AGA CGT ATA AAC AAC ACA GCT TCT ATT GGT GCC CAG AGT CAA AAA AAC GCC ATT TCT GAA GAA ACT CCT ATG GCC AGG AAG TCT AAG CAT CAA TCT CCA TAT ATT GAC GAT AGG CTG TTT AAC GGT GAT CTG GAA GAA ATT CTG CAT CCG TCC TGG GAA GGG CAT CTA GCC AAA TTC GGT ATC AAC CTG AAC CTG GAT GCC GCT AGA TTG TAC ACC AGC AAA GAA CAT GTG TTG GGT ACT GTC AAA ACC GCC AAA AGC GAT CAA GAT GTA AGG ATC AGG AAT CAA TAC GCA CCA AAG TTG AAC TTA GTA GCG CCA GGT CTG TTG AAA TCG GAT TTC TAC ACC GAG GAT TCT TAT CAA GTT ACA AAC GGT CAA CAA GAA TTT TTG GTA GAT GCA GAA ATG GAT CTA GAT GAT TCC ATT GAT AGA GTT AAT TAC TCT TTG GAT AAC GCC GCA ATT TTT GTT AAA TTG GGT TCT GTG GAA CTT GAT TTA GAC GGT AGG AAA GTT TGC GCT GCG TTG GCC ATA GGC GTC ATT AAC TTT GAA GGT AAT TCA GAA AAG TCT AGA ACC CTA TAT GTT ATA TTT GAA GCG AAA AAG AAG TGG GGT ATA CTA TCT GAA GCA GAA ACC AGG CTA TCT GCT AGT GCT GAA CTA AGG ATC TAT AAA ATT GGT GAT AAA TGG GCC GCC GAA GGC GCC TCA TAC GAC AAA ATA ATA GTT GGT AAT CCA ATG CAT TTC GAT GCC GTT TCC CAA AAC TTG AGG TTC GCA TTT AGC CAA ATG TAC AAT ACC GAA TAC CAA ACA CCT CTG AAG GGT GAT AGA TTC GCT GGT GAT ATG GAT TAT TGC TTT ATA GGT AAC 
Smik                            TTA TAT GAT GAT CTG AAA GAA ACA GAC GAC GAC AAA AGG CAT GAA GAT CGT GAT AAA AAG CCC CTG GCA GGT TTT AAT AAT GAA GCC ATT TTT GCT GAT GGC TAC AGA GCA AAT CTT TTC TTA ATC AAC TGG CTT AAC CAA TAT GCC ATA TCT GTC AAT CAA TCT AAG CAA AAA CCT GAA GAA ATT GAA TCT ATG AAG CTT TAT GAG ATT TTT GAT GAA GTT AAT TAC CAG GAT TTG TCT TAT GAT TTA GCC GCA CAA GAA GTG CTA GCC GCA CAA TAT ATC CTT TCT AAT GAA TGG AAA ATG CTG TAT CAT CAG ATA CGT TTA GTG CCA CCA CTA AAT AGA CGT ATA AAT AAT ACA GCT TCT ATT GGC GCT CAA AGC CAG AAA AAT GCC ATA TCT GAG GAA ACT CCT ATG GCG AAG AAG TCT AAG CAT CAG TCT CCT TAC ATT GAT GAT AGG CTG TTT AAT GGT GAT TTG GAA GAA GTC TTG CAC CCT TCT TGG GAG GGG CAT CTG GCT AAA TTT GGT ATC AAT CTG AAT CTA GAT GCT GCC AGA CTA TAC ACT AAT AAA GAA CAT GTC TTG GGT ACT GTG AAA ACT GCC AAA AAT GAT CAA GAT GTA AAG ATT AGA AAC CAA TAT GCA CCT AAA TTA AAT TTA GTA GCA CCA GGT CTG TTA AAA TCG GAT TTT TAT ACG GAA GAT TCG TAT CAA CTT ACA AAC GGT CAA CAA GAA TAT TTA GTA GAT GCA GAA ATG GAT CTT GAC GAT TCT GTC GAT AGG GTA AAT TAT TCT TTA GAT AAC GCT GCG ATC TTT GTT AAA TTA GGC TCT GTC GAA CTT GAT CTG GAC GGT AAG AAA GTT TGC GCT GCA TTA CCG ATA GGC GTC ATT AAT TTT GAA GGT AAT TCA GAA AAG TCT AGA ACT CTA TAT ATT ATA TTT GAA GCC AAG AAA AAA TGG GGT ATA CTA TCT GAA GCA GAA ACC AGA CTG TCT GCT AGT GCT GAA TTA AAG ATC TAT AAA GTC GGT GAT AAA TGG GCC TGC GAA GGG GCA TCA TAT GAC AAA ATA ATA CTT GGT AAT CCA ATG CAC TTC GAT GCA GTA CCT CAA AAC TTG AGG TTC GCA TTT AGT CAG ATG TAT AAT ACT GAA TAT CAA ACA CCT CTA AAA GGA GAC AGA TTT GCT GGA GAT ATG GAC TAT TGT TTT ATA GGT AAC 
Spar                            GTA TAT GAA GAC CTG AAA GAA ACA GAC GAC GAT AAA AGA CAT GAA GAT CGA GAC AAA AAA CCT CTG GCA GGC TTT AAT AAT GAA GCA GTT TTT GCT GAC GGT TAT AGA GCA AAC CTT TTT TTA ATC AAC TGG CTT AAC CAG TAC GCC GTA TCT GTC AAC CAG TCT AAG CAA AAA CCT GAA GAA ATT GAA TCA ATG AAA CTT TAT GAA ATT TTT GAT GAG GTT AAT TAC CAA GAT TTG TCT TAT GAT TTG GCC GCC CAA GAA GTG CTA GCA GCA CAA TAT ATT CTT TCT AAT CAA TGG AAA ATG TTG TAT CAT CAG ATA CGT TTA GTG CCG CCG TTG AAT AGA CGT ATA AAT AAC ACG GCT TCT ATT GGC GCT CAG AGC CAG AAA AAT GCC ATA TCT GAA GAA ACT CCT ATG GCA AAG AAG TCT AAG CAT CAG TCT CCT TAC ATT GAC GAT AGA CTG TTC AAT GGT GAT TTG GAA GAA ATC TTG CAC CCG TCT TGG GAG GGT CAT CTT GCT AAA TTT GGT ATT AAT CTG AAT CTA GAT GCT GCA AGA CTA TAC ACC AAT AAA GAG CAT GTA TTG GGT ACT GTT AAA ACC GCC AAA AAT GAT CAA GAT GTA AAG ATT AGG AAC CAA TAT GCA CCT AAG TTG AAT TTG GTA GCA CCG GGT CTG TTG AAA TCG GAT TTT TAC ACC CAA GAT TCA TAT CAA CTT ACG AAC GGT CAA CAA GAA TTT TTA GTA GAT GCA GAG ATG GAT CTT GAC GAC TCT ATC GAT AGG GTC AAT TAT TCT CTT GAT AAT GCT GCG ATT TTT GTT AAA TTG GGC TCT GTC GAA CTT GAT TTG GAC GGT AAG AAA GTT TGT GCT GCG CTA CCC ATA GGT GTC ATT AAT TTT GAA GGT AAT TCA GAA AAG TCT AGA ACT CTA TAT GTT ATA TTT GAG GCC AAG AAG AAA TGG GGT ATA CTA TCT GAA GCA GAA ACT AGG CTT TCA GCT AGT GCT GAA TTA AAG ATC TAT AAA ATC GGT GAT AAA TGG GCC TGT GAG GGT GCT TCA TAC GAC AAG ATA ATA CTT GGT AAT CCG ATG CAC TTT GAT GCT GTC TCT CAA AAC TTG AGA TTT GCA TTT AGT CAA ATG TAC AAT ACT GAA TAT CAG ACG CCT CTA AAA GGT GAC AGA TTT GCT GGT GAT ATG GAC TAT TGC TTT ATA GGT AAT 
Ncas                            TTA TAC GAT GAT TTG AAA GAA ACA GAT GAT GAT AAG AGA CAT GCA GAT AGA GAT AAA AGG TCT TTG GCA GGA TTT GGT AAT GAA GCT GTC TTT GCT GAT GGA TAT AGA ACG AAT TTA TTT TTA GTA AAC TGG TTA AAT CAA TAC GCT AAG TCT GTG AAT CAG TCT AAG CAA AAA CCA GAA GAA ATC GCA TCC ATG AAA TTA TAT CAG GTT TTT GAT GAT GTG AAT TAT CAA GAC TTA TCC TAT GAC TTG GCC GCC CAA CAG GTG TTA GCA GCT CAA TAC ATT TTA TCT AAT AAG TGG AAA TTA TTA TAT CAC CAA ATT CGT CTT GCA CCG CCT TTA AAT AGA AGA ATA AAT AAT ACA TCA GCT CTA GGG GCA CAA AGT CAA AAA AAT GCC TTA TCC CAG GAA ACC CCA ATG GCA AAA AAA TCT AAG CAT CAA TCC CCT AAC GTT GAT GAT AGA TTA TAT AAT GGT GAT CTT GAA GAA ACC CTA CAT CCT TCG TGG GAA GGG CAT TTG GCA AAG CTC GGG ATC AAT CTG AAT TTA GAT GCA GCT AGA CTC TAT ACG AAT AAG GAG CAT ATA TTA GGG ACT GTT AAG ACG GCT AAA AAT GAT CAA GAT GTC CAA ATC AGA AAT CAA TAC ACG CCT AAA TTA AAT TTG GTC GCT CCT GGT TTG TTG AAG GCA GAT CTC TAC ACC AAG GAT TCT TAT CAA CTC ACA AAT GGG CAA CAA GAA TTT TTG GTC GAT GCT GAT ATG GAT CTA GAT GAT TCG ACC GAT AGA GTT GGT TAC GCT TTA GAT AAC GCA GCA ATT TTT GTC AAG TTG GGG TCA GTG CAG TTA GAT TTA GAT GGT CAA AAA GTC TGT GCA GCA TTA TTA ATA GGA GTC GTT AAT TTT GAA GGT AGA CAT GAA AAA TCC AGG GCT TTG TAC GTC ATT TTT GAT GCC AAA AAG AAG TGG GGG ATA TTG TCT GAA GCA GAA ACT AGA TTG TCC GCA ACG TCA GAG TTG AAA GTG TAC AAG ACC GGG GAT AAG TGG GCC AGC GAG GGA GCG GCA TAC GAT AAA ATA ATT CTC GGT AGA CCT ATG CAT TTT GAT GCG GTT TCT CAA AAC TTA AGA TTT ACG TTT GCT CAT TTA TAC AAT ACA GAA TAC CAG ACA CCA TTA AAG GGT GAT AAA TTT TCA GGT GAC ATG GAT TAT ACA TTT ATT GGT AAC 
Cgla                            TTC TAC GAT GAT ATA AAG GAA AGT GAC GAT GAT AAA AGG TAC GAA GAC CGG GAT CGT GTA TCT ATA GCT GGT TTT AAC AAT GAA GCC ATT TTC GCT GAC GGC TAT AGG ACA AAC CTG TTT CTT ATC AGT TGG CTT AAT CAA TAC GCC AAG TCT GTT AAC CAG TCG AAG CAA AAG CCA GAA GAG GTT GAA TCT ATG AAG CTG TAC GAG ATA TTC GAT CAG GTT AAT TAT CAA AAC TTA TCT TAT GAC CTT GCT GCA CAG GAC ATA TTG GCA GCA CAA TTC ATT CTT TCG AAT AAG TGG AAG TTA CTA TAT CAC CAG ATT CGT CTA GCT CCA CCA CTT AAT AGA AGA ATA AAC AAT ACG GCA ACT ATT GGT GCA CAG AAC CAG AAG AAT GCG ATG TCT GAG GAA ACA CCA ATG GCA AAA ACA TCT AAG TAC CAG TCT TCA AAC ATA GAT GAC AGG TTG TTT AAC GGT GAT CTA GAA GAA ATT TTG CAC CCA TCT TGG GAA GGT TAC TTA GCA AAA TTT GGT ATA AAT CTG AAC TTG GAT GCA GCC AGA CTC TAT ACT AAT AAA GAA CAT GTC TTA GGT ACA GTT TCA ACT GCA AAG AAT GAT CAA GAT GTC CAA ATA AGA AAT CCT TAC ACA TCA AAA ATG AAT CTC GTC GCG CCA GGT ATA CTT AAA GCT GAT TTT TAC ACT AAG GAC TCC TAT CAA TTA ACG AAT GGT CCT CAA GAA TAT CTG GTC GAT GCA CAG ATG GAC TTA GAT GAC TCT ATT GAC AGA GTT AAC TAC ACT ATA GAC AAC GCA GCA ATA TTT GTT TCA TTA GGT TCA GTT GAC CTG GAT CTA GAT GGT CAA AAG GTT TGT GCA GCT TTA CCA ATT GGC TTA ATA AAT TTT GAA GGT AGA GAC GAA ACA TCT AGA ACA CTG TAC ATT ATT TTT CAG GCT AAG AAT AAG TGG GGT ATA CTG TCT GAA GCG GAA ACT AGA TTA TCT GCA ACC GCA GAA TTA AAA GTT TTC CAA ATT GGT GAT TCA TGG GCG TCG GAA GGT GCA GCA TAT GAT AAA ATA ATA TTA GGT AGA CCA ATG CAT TTT GAT GCA GTT CCC CAA AGT TTA AGG TTT ACA TTC AAA AAC TTA TAT AAT ACC GAG TAT CAG ACG CCT TTG AAG GGA GAT AGA TTC GCA GGA GAC ATG GAG TAT TTA TTT ATT GGT AAT 
Agos                            ACC TAC GAG GAC TTG AGC GAG ACG CCG GAC GAT AAG CGG TAC GAA GAT AAG GAC AAG CGT TCG TTG GCG GGC TTC CAT AAC GAG GCA GTG TTC ACC GGT GGG TAC CGC ATG AAT CTG TTT TTT ATT ACG TGG CTG AAT CAG TAT GCC GAC TCA GTG AAT CAG AAA AAG CAG AAG CCC GAG GAG GCA GAA CCA CAG AGA CTG TAT GAA ATT TTC GAC GGC GTG AAC TAC CAA AAC CTG TCG TAT GAC TTG GCA GCG CAG AAG ATT CTG GCC TCG CAG TAC ATT CTG AAA AAC AAG TGG AAG CTG TTG TAC CAC CAG ATA CGG TTA GCA CCA CCT TTA AAC CGG CGC ATC AAT AAC ACT TCC AAA ATC GGA GCA CAG AAT CAG AAG AAC GCG GTT TCG GAA GAG ACC CCC CAG TCG TGG GGC TCA AAG TAC CAG TCT CGT TTG ATT GAC GAT CGG CTC TAC AAT GGC GAC ATT GAA GAG ACT CTG CAC CCG AAT TGC GAG GGG TAC CTC GCA AAA GCG GGG ATG AAC CTG AAT CTG GAC GCA GCA CGG TTG TAC ACA AAT AAA GAA CAC ATC CTG GGG ACG GTG AAG ACA GCA AAG AAT GAC TAC GAT GTC CAA ATC TGC AAC CAG CAC ATG CGT AAA CTC AAC CTC GTC GCG CCT GGG TTG TTG AAA GCG GAT GCG TAT ACG AAG GAC TTC TAC CAG TGC ACT AAC GGG CAG CAG GAA TAC CTG GTC GAC TCG GGC ATT GAT CTG GAT GGT AAT ACT GAT CGG GTC CAT CAC AAA CTT GAC GCT GCA GCA ATC TTC GTC AAG GCT GGA TCG GTG AAG CTG GAC TTG GAC GGC CAA AAG GTC TGC GAC GCA CTG CAG ATC GGG ATC ATT AAC TTC GAG GGG GGA CAA GAG GGC TCG CGG AAC CTA TAC GTG ATT TTC GGC GCA AAG AAG AAG TGG GGG ATA CTA TCA GAG GCA GAG GCT TGC CTC CCA GAC ACG TCC ATG CTG TGG GTG TAC CGG ACT GGG GAC AAG TGG GCG ATT GAA GGA GCA GCA TAC GAC AAG ATC GTG TGC GGC GGA CCT ATT CAC TTT GAC GCA GTC TGC CAA ACG CTG CGG TTC ATG TTC AAG TCG CTG TAC AAC ACT GAG TAC CAG ACT CCG CTG AAG TCA GAT CGG TTC TCC TCA GAC ATG GAT TAT ATA TTC ATT GGC AAT 
Klac                            TTG TAC GAG GAT TAT AGG GAA ACG GAT GAT GAC AAG AGA TTC GAA GAT CGA GAT AAG AGA TCG TAT TCA GGA TTC ATG AAC GAA GCA GTT TTT GCT AAT GGA TAC AGG ACT AAT TTA TTT GAC ATC AAT TGG TTA AAC CAG TAT GCA AAG TCA GTT AAT CAA TCT AAA CAG AAA CCA GAG GAA AGG GAA GAT ATG CGT TTA CAT GAG ACG TTT GAT GAA GTG AAC TAT CAA GAT TTG TCG TAT GAA CTC TCG GCC CAA AAC ATA CTT GCC GCG CAG TAC ATT TTA TCT AAC AAA TGG AAA TTA TTG TAC CAT CAG ATC CGT TTA GCG CCT CCA TCA AAT AGA AGA ATA AAT AAT ACT GCA AAA ATA GGA GCC CAG CAA CAG AAA AAC GCT GTC TCG GAG GAG ACC CCA ATG GCT AAA ACA TCA AAA TTC CAG TCG ACT ATT ACG GAT GAT AGA TTA TAT AAT GGA GAT TTA GAA GAA AAG CTA CAT CCT GAA TGG GAG GGT TTC TTG GCC CAA TGG GGG ATG AAC TTG AAT CTT GAC GCC GCA AGA TTG TAT ACT AAT CAA GAA CAC ATT TTG GGG ACG GTT AGC ACT GCA AAA AAT GAT CAG GAT GTT CAA ATC AGA AAC CAG TAC ACT ACT AAG TTA AAC TTG GTT TCT CCA GGT TAT CTC CAA GTT GAT TGG TAT ACA AAA GAT AAA TAC CAG CGT ACT AAC GGG CAG CAA GAA TTC TTG GTT GAT GCG GAA ATT GAT TTT GAT AAT GAA AAG GAT AGA GTC ATG TAC AAA ATT GAT GAT GCC GCC ATC TTC TTC AGC ATA GGA ACT GTT AAC TTA GAT TTG GAT GGA CAA AAA TTC TGT TCG GCA TTA GAT ATA GGA GTA ACG AAC TTC GAG GGT AAC GAA GAA ACA TCG AGA ACA TTG TAT GTT ATA TTA GAA TCG AAA AAC AAA TGG GGG ATT TTG TCA GAG GCT GAG ACA AGA TTG GAT TCG ACC GCA CAT TTA AAA ATC TAC AAA AAG GGG GAT AGC TGG GCT AGG GAA GGT GCA GCG TAT GAT AAA ATA ATT CGT GGA AAC CCA ATT CAC TTT GAT GCA GTC TGT CAA AAT TTG AGA TTT ACT TTT TAT GCT TTA TAT AAT ACT GAA TAT CAA ACT CCA CTT AAA TCA GAT AGA TTT GCA TCA GAT ATG GAC TAT GTA TTC ATT GGA AAC 
Calb                            TTA TAT TTA GAT TTA AAA GAA ACT CAA AAC GAC AAA AGA TAC GAA GAC CGA GAT AAA AGT TCT TTA ACT CAT TTT CTT AAC GAA GTT ATC TTC GCT AGT GGT TAT AGA TCT AAT TTG TTT TTA ATA CAA TGG TTG GCT CAA TAT GCG GGA TCG GTC AAT AGA CAA AAA CAA AAA CCT GAA GAT GTT GAA CTT ATT AAA TTG TCT GAA ACT TTC GAT GAG GTA AAC TAT TCG GAG TTG TCA TAT AAT ACA TAT GCT CAA GAT TCA TTG GCG TCC CAA TAT ATT TTG CAA AAC AAA TGG AAG GTG ATA TAT CAT CAG ATT CGA TTG GCT GCA CCA TTA AAT CGT CGT ATA ATG AGA ACT GCA GTG TTA GCT GCA CAA GAA CAG AAG AAC TGT CAA TCA GAA GAA ACT CCT ATT GCT AAA TCA TCG AAA TAC CAG AAT AAT ATT ACT GAT GAC AGA TTA TAT ATG GGA AAT GTT CAT GAA AAT TTA CAC CCA TCA TGG GAA GGA TAC ATT GCA AAA AAA GGA ATG AAC TTG ATG TTG GAT GCA GTT CGT CTA TAT ACT AAT AAA GAG CAT ATA TTG GGA ACC GTT AAA ACT GCG ACT AAT AAT CAA GAT GTT CAG TTA CGT CAA AAA TAT TCT AAT AAA TCA AAC ACT GTT GCC CCA GGT TTA ACA AAA ATT GAT AAA TAT ACA AAA GAT GCA TAT CAA ATT ACT AAT GGA AAA GAA GAA TTT CTT GTT GAG TCC GAG ATT GAC ATT GAA AGT TCA AAT GAT AGA ATT CTT TAT GTG TTA GAT GAA GCA GCC ATA TTT ATT AAA ATG GCT TCA GTC GAT TTG GAT ATA AAC GGA CAG ACT ATT TGT CAA GCG TTA CCT ATT GGT ATC ACT AAC TTT GAT GGT GAA ACA GAA TCA TCA AGA GTT TTG TAT ATC ATT ATT GAG TAT AAA AAG AAA TGG GGA ATA TTG TCG GAT GCT GAA TGT CGT ATT CTT CAA GAA GCA GAA TTG AAA ATC TAT AAA AAT GGA GAT AAA TGG TGT ACG GAG GGG GCT GCT TAT AAC AAA ATA ATT ATT GGA GAA CCA ATT CAT TTT AAT GCT ATT GTA CAG CAA TTG AGA TTC TCT TTC TTA CTA GTG TAT AAT ACT GCA TAT AGA ACT CCT TTG AAA TCT GAA AGG TTT GCA TCT GAC ATG AAA TAT TTA TTT ATT GGA CAT 



Printing out site pattern counts


         9        744  P

Scer                            AAA AAA AAA AAA AAA AAA AAA AAA AAA AAA AAA AAC AAC AAC AAC AAC AAG AAG AAG AAG AAG AAG AAG AAG AAG AAT AAT AAT AAT AAT AAT AAT AAT AAT ACA ACA ACG ACT ACT ACT ACT ACT ACT AGA AGA AGA AGA AGA AGA AGC AGG AGT AGT ATA ATA ATA ATA ATA ATA ATA ATA ATC ATC ATG ATG ATG ATG ATT ATT ATT ATT ATT ATT ATT ATT CAA CAA CAA CAA CAA CAA CAA CAA CAA CAC CAC CAG CAG CAG CAG CAT CAT CAT CCC CCG CCG CCG CCT CCT CCT CCT CGT CGT CGT CTA CTA CTA CTG CTG CTG CTT CTT CTT CTT CTT GAA GAA GAA GAA GAA GAA GAA GAA GAA GAA GAC GAC GAG GAG GAG GAG GAG GAT GAT GAT GAT GAT GAT GAT GAT GAT GAT GAT GAT GAT GAT GAT GAT GCA GCA GCA GCA GCA GCA GCA GCA GCC GCC GCC GCC GCG GCG GCT GCT GCT GCT GCT GCT GGG GGT GGT GGT GGT GGT GGT GGT GGT GTA GTA GTA GTC GTC GTC GTC GTC GTG GTG GTG GTT GTT TAC TAC TAC TAC TAT TAT TAT TAT TAT TAT TAT TAT TAT TAT TAT TCA TCA TCA TCA TCA TCT TCT TCT TCT TCT TCT TCT TCT TGC TGG TGG TGT TGT TTA TTA TTA TTA TTA TTA TTA TTC TTC TTC TTG TTG TTG TTG TTG TTG TTG TTG TTT TTT TTT TTT TTT TTT TTT 
Sbay                            ... ... ... ... ... ... ... ..G ..G ..G .GG ... ... ... ... ... ..A ..A ..A ..A ... ... ... ... .G. ..C ..C ..C ... ... ... ... ... .GC ... ..C ..A ..C ..C ..C ..C ... ... ... ... ... ... ..G ..G ..T ... ..C ... ... ... ... ... ... ... ... ..T ... ... ... ... ... ... ..A ..C ..C ... ... ... ... ... ... ... ... ... ... ... ... ... ... ..T ..T ..A ... ... G.. ..C ... ... G.. ..A ..A ... ..A ... ... ... ... ... ... ... ..G T.G ..A ... ... ..A ... ... G.. T.G ... ... ... ... ... ... ... ... ... ... ... ... ..A ..A ..A ..A ..A ..C ..C ... ... ... ... ... ... ... ... ... ... ... ... ... ... ... ... ... ... ..C ..G ..G ..T ..A ... ... ... ..A ... ..C ..C ..C ... ... ... ... ..C ..C ..C ... ... ... ... ... AC. ... ..G ... ... ..G ..G ..T ..A ..A ..T ..C ... ... ... ... ..T ..C ..C ..C ..C ..C ... ... ... ... ... ... ... ... ..G ..T ..T ..C ..C ... ... ... ... ... ... ... ... ... GCC ..C C.. C.G ... ... ... ..G ..G ... ..T ..T C.. C.. ..A ..A ... ... ... ... ..C ..C ..C ... ... ... ... 
Smik                            ... ... ... ... ... ..G ..G ... ... ..G ..G ... ... ... ..T ..T ..A ..A ..A ... ..A ..A ..A ... ... ..C ... ... ..C ..C ... ... ... ... ... ..T ..A ..C ..G ... ... ... ... ... ... ... ..G ... ..G ... ..A ... ... ... ... ... ... ... ... ... ... ... ... ... ... ... ... ..C ..C ... ..C ... ... ... G.C ... ... ... ... ... ... ... ..G ..G ... ... ... ..A ..A G.A ... ... ... ..G ..A ..A ..T ... ..C ... ... ... ... ... ... ... ... ... ... ... ... ... ... ... T.A ... ... ... ... ... ... ... ... ..G ..T ... ... ..A ..A ..A ..A ... ... ... ..C ..C ..C ... ... ... ... ... ... ... ... ... ... ... ... ... ... ... ..C ... ... ..C ..A ... ... ..T ... ..C ..A ..C ..G ... ... ... ... ..C ..G ... ..A ..C ... ... ... A.. ..G ..G ... ..G ... ... ..A ..A T.A A.T ... ... ... ..T ..T ..T ..C ... ... ... ... ..C ..C ... ... ... ... ... ... ..G ..G ..T C.. ... ... ... ... ... ... ... ..T ... ... ..C ..C ... ..G C.. ... ... ... ... ..T ..T ..T C.. ... C.. ..A ..A ..A ..A ... ..C ..C ... .A. ... ... ... 
Spar                            ... ... ... ... ... ... ... ... ... ..G ..G ... ... ..T ... ..T ..A ..A ... ... ..A ... ... ... ... ... ..C ... ..C ..C ... ... ... ... ... ..T ... ... ..C ..C ... ... ... ... ... ... ..G ... ... ... ... ... ... ... ... ... ... ... ... ... ... ... ..T ... ... ... ... ... ..C ... ... ... ... ... ..C ... ... ... ... ... ... ..G ... ... ... ... ... ... ... ..A ... ... ... ... ... ... ... ... ... ... ... ..A ... ... ... ... ... ..T ... ... ... ... ... ... ... ... ... ... ... ... ... ... ... ... ... ... ... ..A ..A ... ... ... ..C ... ..C ..C ... ..C ... ... ... ... ... ... ... ... ... ... ... ... ... ... ... ... ..G ... ... ... ... ..T ... ..C ... ..C ..A ... ... ... ..T ... ... ..C ... ..C ... ... ... ... ..G ..G ... ..T ..A ... ... ..A ..A ..T ... ... ... ... ..T ..T ..C ..C ... ... ... ..C ... ... ... ... ... ... ... ..G ... ... ... ... ... ... ... ... ... ... ... ... ... ... ... ... ..G ..G ... ... C.. ... ..T ... ..T C.. ... ... ... ... ... ... ... ... ... ... ... ... ... ... 
Ncas                            ... ... ..G ..G ..G ... .GG ..G ..G ... ... ... ..T ... ..T ..T ..A ..A ..A ..A ..A ..A ... ... C.A ..C ... ... ... ... ... .GA GG. ... ... G.T ..A ... ..C ..G ..A ..C ... .A. ... ..G ... ... ... ..T ..A GC. .CG ... ... ... ..T ..T ..T ..T T.. G.A ... ... ... ... T.A ... G.G ..C ... ..C C.A G.. .CC ... ... ... ... ... ... ..G ... ..T ..T ..T ..A ..A ..A A.. ..C ... ... TTA ... ..T ..T ... T.. ..A ..A A.A A.A ... T.G T.. ..C T.. T.A T.. ..A T.A T.A ..C T.A C.G ... ... ... ... ... ... .C. C.G ..T ..T ..T ..A ... ... ..T ..A ... ..C ... ... ... ... ..C ..C ... ... ... ... ... ... ... ... A.G ... ... ..T ... ..T ... ..T ... ... ..T ..A ..A ..C ..G ... ..A ..A ... T.A ... ..A ..A ..A ... ..G ..G ... ... AAG .C. ..G ... ..T A.A ..G ..T ..C T.A ..C ..G ..C ..T ... ... ..T ... ..C ..C ..C ... A.C ... ..C ..C ... ... CAT G.. G.. ..T ..C ... ..G G.. ..A ..C ..C ... ... ACA ... ... A.C ... ..G C.T ... C.T ... ... ..G C.. .AT ..T C.. C.A ..A ... ..A ... ... ..A ... ... ... ... ... ... ... 
Cgla                            ..G CGT ... C.. TC. ..G GT. ... ..G .C. ... .GT ..T ..T ..T ... ... ... ..A ... ... ..A ..T ... C.A ..C ..C ... ... ... ... .GA ..C ... .GT ... ... ... ... ... ..C ..A ..A ... ... ... ... ..G ..G .A. ..A .AA .CC ... ... ..T ... ..T ..T ..T ..G ... ..A ... ... ... T.A ... G.. ..A ..A G.. ... ..A ... ... ... ... ... ..G .CT ..G ... A.C ... ..T ... ..A ... A.. ..C ... T.C ..A ..A ..A ..A T.A T.. ..A ... ..G A.A ... ..G T.G ..C T.A T.. A.A T.A ..G ... T.A A.A ..C ... ... ... ... ... ..G ... ..G ..T ... ..T ... ..A ..A C.. ..A ... ..C ..G ... ... ..C A.C ..C ..C ..C ..C ... ... ... ... ... A.. ..G ..T ... ... ..G ..T ..C ..A ..G ..A ..A ..A ..T ..A ..C ..A ..A ... ..A ..T ..C ... ... ..A ... ... ... ... AAG .CT A.. T.A ..T ... ..T ..T ..C T.C A.T ... ... ..T ... ... ..T ... ... ..C ... ... A.C ... ..C .TC ..C ... GAC G.. G.T ..C ..T C.C ... A.. ..A ... ... ..G ... .TA ... ... .CG ... ... C.. C.T C.. C.T ... C.G ..T ..T ..T C.. ... C.A C.C A.. C.T ..A ..A ... ... ..C .A. ..C ... ... 
Agos                            ..G ..G ... CGG ..G .G. CGT ..G ..G GGC TGG .CG ... ..T ... ..T ... .GC ... ... ... ..A ... ... C.A GC. ... ..C ..C ... ..C GGA C.. ... ..G .AC ..T G.. ..G ..A ... ..C ..G C.G C.G C.G C.G C.C C.G .AT T.C .AG .CG ... ..C ..C G.G ... ..T ..T G.T ..T ..G ... ..T CA. C.. ... G.G ..C ..C GCA ..C ... .C. ... ..G ..G T.C ..G ..G ..G ... TCG ... ... ... ... ... A.. ..C ..C T.C .AG ..A ..T ... .G. T.G ..C ..G AAG ..C ..G ... ..G T.G ..C ..C T.. ..G ..G ..G TGC ... A.G ... ... ..G ..G ..G ..G ... ... ..G CCG ... ... AT. ..A .GC ... ..C ..C ... ... ... .G. A.C ..C ..C ... ... ..C ..C ..C ..C ... ATG ... ..G T.G ..C ..G ... ... ..G ..G ..A ..A ..A ..A ..A ..C T.G .AC A.C T.C ... ..G ..A ..C TCA ..A ..G ..C ..G .AC .C. A.T A.. ..G A.. ..G ... ..C ACC ... ..G ..C ... ..T ... ..T ..C ..C C.C ..C ... .TG ..C ..C ..C ... ..C CA. G.. G.G .TC C.. .GC AA. AAA ..G ..G ... AAA ..A ATA ..C ... AT. ..C C.G A.T ... ... ..T C.G C.G GCG .A. ... C.. C.. ... C.C C.C ... GCT C.. ..C ... ..C .AC ..C ..C ..C 
Klac                            ... ..G C.. ... .GC CGT .G. ..G ... .C. ... ..T ... ... ..T ..T ..A .G. ..A ..A ..A ... ..C ..A C.A G.. ... ..C ..C ..C ... ..C .TG ... ..G ... ..T ..A ..A ... ... ..C ..G ... ... ... ... ..G ... CAA ..A TA. .CC ..T ... ... ..T ..C ... ..T G.C ... ..G ... ..T ... T.A ... ..C ..C ..C .GG ..A .CG .AG ... ... ..G ..G ... ..G ... ... GCT ..T ... ... ... ... A.A ... ..C TTC GAT ..T ..A ..T A.. T.G ..A ..A ..A A.A ... T.G ..T T.G T.. T.A TAT T.. T.A T.A .G. A.. A.C ... ... ... ..G ..G ... ... ..G ..G ..T ..T ..A C.T ..A ..A ... ... ..A ..C ... ..C A.. ... ... ... ... ... ..C ... ... ... ... A.T ..T T.. ..G ..C T.T ... ... ... ..T ..A ... ..C T.. ..A ..A ... T.G ... ..A ..T ..A ... ..A TCA ..A ..G ..A ... AAG .CG A.. ..A ..T A.T ..T ... ..T T.. ..T ..G T.C ..T ..T ... ..T ... ... ..C ... ... AT. ..C ... ..C C.. ..C GA. G.G GTT AA. GAT .G. GAA AAA A.. ..G ..G ... ..A GTA ... ... A.G ... ... ... .C. ... GAC ... ..G .GG .AT ... ... C.A ... ... ..A C.C A.A ... ... ... ... ..C ... ..A ..C 
Calb                            .CT ... ... ... ... ... .GT ... ... TC. ... C.A ..T C.T .GA .TG ... ..A ..A ..A ..A ..A ... ..A C.. G.A ... ..C C.A GC. ... G.A CT. ... ..T GTT ..T TG. ..A ... ... ... ..C ..G C.T ... ... ... ... GAA C.T TTA GAA ... ... ..T ..T ..T ..T ..T CA. ..A ..G ... ..T ..T G.. ... ..C T.A ..A G.. T.A .C. .A. ..G G.. ... ... ... A.. AG. TCG .T. ... ..T ... ..A ..A A.A ... ... T.C ..T G.A ..A ..A AA. T.. ... ... ..A ... ..A T.G T.G ... A.T T.A T.A A.. T.G T.G A.. T.A ..T C.T ... ... ... ..T ..T ... ... TT. C.A A.. .CA ..A ... ... ..A ... A.. A.A ..A ..C AG. ..G ..C ... ..C ... ... A.. ..G ... ... T.T ..T A.T T.C ..G ..C ..G .TT ..T TGT ..G ..A ..C TAT ... ..G ... CAA ... ..A ..A ... ..G CA. TC. .C. ..A ..A ... .G. .CT TC. A.. ..T A.A ... A.T ..T T.A A.C ..A A.. ..T ..T ..T ..T ... ... ... ... ... AT. ... ... ... .C. ... A.. G.T ATT G.. CTT GTA ..A GTG ..A ..A AA. CAA ..G .TA ... ... ACG ... ..G G.T ... ..G ... ... C.T AAA .AT ..T ... ..A A.A ACT .CA ACA A.. ... ..C ... ... ... ..C A.. ... 

    2    1    3    1    3    1    1    1    2    2    2    2    1    1    1
    3    2    1    1    1    1    1    1    2    2    1    2    7    1    1
    2    2    2    2    1    1    3    1    1    2    1    1    1    1    2
    1    1    1    3    1    2    1    1    1    2    1    1    1    1    1
    1    1    1    1    2    2    2    1    1    1    1    1    1    3    3
    1    1    3    1    1    2    2    1    1    1    1    3    1    1    2
    1    1    3    1    1    3    1    2    1    2    1    1    1    1    2
    3    1    2    1    3    1    3    2    2    1    2    1    1    4    3
    2    1    2    2    1    1    3    1    1    2    3    1    3    1    1
    2    1    2    1    1    2    3    1    1    3    1    3    2    3    1
    1    2    1    1    1    2    1    2    1    4    1    2    2    1    1
    2    1    3    1    2    1    1    2    2    5    4    2    1    1    1
    1    1    1    2    2    3    1    2    1    2    1    2    1    1    1
    2    2    1    1    1    1    1    2    1    2    1    1    1    1    2
    1    2    2    1    3    1    2    3    1    1    4    1    1    1    1
    1    1    1    1    1    2    1    2    1    1    2    1    1    2    1
    3    1    2    1    1    3    1    2

CODONML (in paml version 4.9j, February 2020)  temp.nuc
Model: One dN/dS ratio, 
Codon frequency model: Fequal
ns =   9  ls = 393

Codon usage in sequences
--------------------------------------------------------------------------------------------------------------------------------------
Phe TTT  11  10  12  15  13  11 | Ser TCT  15  15  16  15   8  12 | Tyr TAT  15   9  17  13   9  11 | Cys TGT   2   0   1   2   1   1
    TTC   5   6   3   1   0   7 |     TCC   0   3   0   0   6   1 |     TAC   5  11   4   7  11  10 |     TGC   1   2   2   1   0   0
Leu TTA   7   6  12   4  24  15 |     TCA   6   2   2   5   4   6 | *** TAA   0   0   0   0   0   0 | *** TGA   0   0   0   0   0   0
    TTG  12  11   5  13  13   5 |     TCG   0   1   2   1   2   3 |     TAG   0   0   0   0   0   0 | Trp TGG   5   5   5   5   5   5
--------------------------------------------------------------------------------------------------------------------------------------
Leu CTT   9   5   8  11   2   6 | Pro CCT   6   4   7   6   6   3 | His CAT   5   6   5   5   8   2 | Arg CGT   3   3   3   2   1   2
    CTC   0   0   0   0   5   2 |     CCC   1   0   1   1   0   1 |     CAC   2   1   2   2   1   2 |     CGC   0   0   0   0   0   0
    CTA   6   6   7   7   3   4 |     CCA   0   6   4   0   3   8 | Gln CAA  13  16  13  13  17  11 |     CGA   0   0   0   1   0   0
    CTG   6  10   9   5   1   7 |     CCG   5   1   1   5   1   0 |     CAG   7   2   5   7   6  10 |     CGG   0   0   0   0   0   1
--------------------------------------------------------------------------------------------------------------------------------------
Ile ATT  12  10   8   9   6  11 | Thr ACT   7   2   6   5   2   6 | Asn AAT  20   8  21  20  20  17 | Ser AGT   2   2   2   2   1   3
    ATC   2   4   5   5   3   1 |     ACC   0   6   1   3   5   2 |     AAC   8  18   7   8   5  12 |     AGC   1   3   1   1   1   0
    ATA   9   9  10   9   5  15 |     ACA   2   5   4   1   6   8 | Lys AAA  19  17  20  19  16   9 | Arg AGA   9   5   7   8  13  10
Met ATG   7   7   7   7   5   7 |     ACG   3   0   1   3   6   3 |     AAG  12  10  11  12  16  15 |     AGG   2  10   4   3   2   4
--------------------------------------------------------------------------------------------------------------------------------------
Val GTT   3   8   3   6   6  10 | Ala GCT  10   8  10  12  12   7 | Asp GAT  28  24  25  20  33  20 | Gly GGT  19  15  12  17  10  16
    GTC   7   3   7   5   8   4 |     GCC   8  14   9   7   5   3 |     GAC   4   8   8  12   3  14 |     GGC   0   4   4   3   0   2
    GTA   3   5   5   6   1   1 |     GCA  12   9  12  12  17  19 | Glu GAA  19  27  25  21  14  17 |     GGA   0   0   2   0   4   2
    GTG   6   4   3   2   5   0 |     GCG   3   4   2   2   2   4 |     GAG   8   2   3   6   3   5 |     GGG   1   1   2   0   8   0
--------------------------------------------------------------------------------------------------------------------------------------

--------------------------------------------------------------------------------------
Phe TTT   3   8   8 | Ser TCT   1   3   7 | Tyr TAT   5  15  21 | Cys TGT   0   2   4
    TTC  11  10   4 |     TCC   3   0   2 |     TAC  18   8   3 |     TGC   7   0   0
Leu TTA   2  14  15 |     TCA   5   7  10 | *** TAA   0   0   0 | *** TGA   0   0   0
    TTG   9  14  16 |     TCG   9   9   4 |     TAG   0   0   0 | Trp TGG   6   7   5
--------------------------------------------------------------------------------------
Leu CTT   1   3   5 | Pro CCT   3   2   4 | His CAT   2   4   6 | Arg CGT   3   4   5
    CTC   5   2   0 |     CCC   2   0   0 |     CAC   6   2   1 |     CGC   2   0   0
    CTA   2   1   2 |     CCA   3   6   4 | Gln CAA   5  12  16 |     CGA   0   1   2
    CTG  19   0   0 |     CCG   3   0   0 |     CAG  17  11   6 |     CGG  10   0   0
--------------------------------------------------------------------------------------
Ile ATT  12   9  22 | Thr ACT   7  12  15 | Asn AAT  12  14  17 | Ser AGT   0   0   3
    ATC   8   5   4 |     ACC   3   2   1 |     AAC  14  16  10 |     AGC   1   3   0
    ATA   3   7   8 |     ACA   2   5   4 | Lys AAA   8  19  28 | Arg AGA   1  12   9
Met ATG   6   6   6 |     ACG   6   5   1 |     AAG  23   7   3 |     AGG   0   4   1
--------------------------------------------------------------------------------------
Val GTT   1   9   9 | Ala GCT   3   6  11 | Asp GAT  10  30  17 | Gly GGT   2   4   4
    GTC   7   3   2 |     GCC   2   7   2 |     GAC  21   4   5 |     GGC  10   0   0
    GTA   0   2   2 |     GCA  17  10  10 | Glu GAA   8  19  22 |     GGA   5   9  11
    GTG   8   1   4 |     GCG   8   4   4 |     GAG  13   9   7 |     GGG  10   5   1
--------------------------------------------------------------------------------------

Codon position x base (3x4) table for each sequence.

#1: Scer           
position  1:    T:0.21374    C:0.16031    A:0.29262    G:0.33333
position  2:    T:0.26718    C:0.19847    A:0.41985    G:0.11450
position  3:    T:0.42494    C:0.11196    A:0.26718    G:0.19593
Average         T:0.30195    C:0.15691    A:0.32655    G:0.21459

#2: Sbay           
position  1:    T:0.20611    C:0.15267    A:0.29517    G:0.34606
position  2:    T:0.26463    C:0.20356    A:0.40458    G:0.12723
position  3:    T:0.32824    C:0.21120    A:0.28753    G:0.17303
Average         T:0.26633    C:0.18914    A:0.32909    G:0.21544

#3: Smik           
position  1:    T:0.20611    C:0.16539    A:0.29262    G:0.33588
position  2:    T:0.26463    C:0.19847    A:0.42239    G:0.11450
position  3:    T:0.39695    C:0.13740    A:0.31298    G:0.15267
Average         T:0.28923    C:0.16709    A:0.34266    G:0.20102

#4: Spar           
position  1:    T:0.20865    C:0.16539    A:0.29262    G:0.33333
position  2:    T:0.26718    C:0.19847    A:0.41985    G:0.11450
position  3:    T:0.40712    C:0.14249    A:0.26972    G:0.18066
Average         T:0.29432    C:0.16879    A:0.32740    G:0.20950

#5: Ncas           
position  1:    T:0.24427    C:0.13740    A:0.28499    G:0.33333
position  2:    T:0.25445    C:0.21628    A:0.41221    G:0.11705
position  3:    T:0.35115    C:0.13486    A:0.32316    G:0.19084
Average         T:0.28329    C:0.16285    A:0.34012    G:0.21374

#6: Cgla           
position  1:    T:0.22137    C:0.15013    A:0.31298    G:0.31552
position  2:    T:0.26972    C:0.21883    A:0.39440    G:0.11705
position  3:    T:0.35115    C:0.15522    A:0.31807    G:0.17557
Average         T:0.28075    C:0.17472    A:0.34182    G:0.20271

#7: Agos           
position  1:    T:0.20102    C:0.21120    A:0.26972    G:0.31807
position  2:    T:0.24682    C:0.19593    A:0.41221    G:0.14504
position  3:    T:0.16539    C:0.30534    A:0.15522    G:0.37405
Average         T:0.20441    C:0.23749    A:0.27905    G:0.27905

#8: Klac           
position  1:    T:0.24682    C:0.12214    A:0.32061    G:0.31043
position  2:    T:0.23919    C:0.19847    A:0.43257    G:0.12977
position  3:    T:0.31807    C:0.15776    A:0.31552    G:0.20865
Average         T:0.26802    C:0.15946    A:0.35623    G:0.21628

#9: Calb           
position  1:    T:0.25191    C:0.12977    A:0.33588    G:0.28244
position  2:    T:0.27226    C:0.20102    A:0.41221    G:0.11450
position  3:    T:0.40204    C:0.08651    A:0.36387    G:0.14758
Average         T:0.30874    C:0.13910    A:0.37065    G:0.18151

Sums of codon usage counts
------------------------------------------------------------------------------
Phe F TTT      91 | Ser S TCT      92 | Tyr Y TAT     115 | Cys C TGT      13
      TTC      47 |       TCC      15 |       TAC      77 |       TGC      13
Leu L TTA      99 |       TCA      47 | *** * TAA       0 | *** * TGA       0
      TTG      98 |       TCG      31 |       TAG       0 | Trp W TGG      48
------------------------------------------------------------------------------
Leu L CTT      50 | Pro P CCT      41 | His H CAT      43 | Arg R CGT      26
      CTC      14 |       CCC       6 |       CAC      19 |       CGC       2
      CTA      38 |       CCA      34 | Gln Q CAA     116 |       CGA       4
      CTG      57 |       CCG      16 |       CAG      71 |       CGG      11
------------------------------------------------------------------------------
Ile I ATT      99 | Thr T ACT      62 | Asn N AAT     149 | Ser S AGT      15
      ATC      37 |       ACC      23 |       AAC      98 |       AGC      11
      ATA      75 |       ACA      37 | Lys K AAA     155 | Arg R AGA      74
Met M ATG      58 |       ACG      28 |       AAG     109 |       AGG      30
------------------------------------------------------------------------------
Val V GTT      55 | Ala A GCT      79 | Asp D GAT     207 | Gly G GGT      99
      GTC      46 |       GCC      57 |       GAC      79 |       GGC      23
      GTA      25 |       GCA     118 | Glu E GAA     172 |       GGA      33
      GTG      33 |       GCG      33 |       GAG      56 |       GGG      28
------------------------------------------------------------------------------


Codon position x base (3x4) table, overall

position  1:    T:0.22222    C:0.15493    A:0.29969    G:0.32316
position  2:    T:0.26067    C:0.20328    A:0.41448    G:0.12157
position  3:    T:0.34945    C:0.16031    A:0.29036    G:0.19989
Average         T:0.27745    C:0.17284    A:0.33484    G:0.21487

Codon frequencies under model, for use in evolver (TTT TTC TTA TTG ... GGG):
  0.01639344  0.01639344  0.01639344  0.01639344
  0.01639344  0.01639344  0.01639344  0.01639344
  0.01639344  0.01639344  0.00000000  0.00000000
  0.01639344  0.01639344  0.00000000  0.01639344
  0.01639344  0.01639344  0.01639344  0.01639344
  0.01639344  0.01639344  0.01639344  0.01639344
  0.01639344  0.01639344  0.01639344  0.01639344
  0.01639344  0.01639344  0.01639344  0.01639344
  0.01639344  0.01639344  0.01639344  0.01639344
  0.01639344  0.01639344  0.01639344  0.01639344
  0.01639344  0.01639344  0.01639344  0.01639344
  0.01639344  0.01639344  0.01639344  0.01639344
  0.01639344  0.01639344  0.01639344  0.01639344
  0.01639344  0.01639344  0.01639344  0.01639344
  0.01639344  0.01639344  0.01639344  0.01639344
  0.01639344  0.01639344  0.01639344  0.01639344


TREE #  1:  (((((1, 4), (3, 2)), 5), 6), ((7, 8), 9));   MP score: 1305
This is a rooted tree.  Please check!
lnL(ntime: 16  np: 18):  -6842.297824      +0.000000
  10..11   11..12   12..13   13..14   14..1    14..4    13..15   15..3    15..2    12..5    11..6    10..16   16..17   17..7    17..8    16..9  
 0.363103 0.298053 0.866718 0.126455 0.189306 0.069052 0.000004 0.222669 0.412301 0.863612 1.131072 0.294108 0.335858 3.158015 2.304854 5.412279 2.149468 0.038901

Note: Branch length is defined as number of nucleotide substitutions per codon (not per neucleotide site).

tree length = 16.047459

(((((1: 0.189306, 4: 0.069052): 0.126455, (3: 0.222669, 2: 0.412301): 0.000004): 0.866718, 5: 0.863612): 0.298053, 6: 1.131072): 0.363103, ((7: 3.158015, 8: 2.304854): 0.335858, 9: 5.412279): 0.294108);

(((((Scer: 0.189306, Spar: 0.069052): 0.126455, (Smik: 0.222669, Sbay: 0.412301): 0.000004): 0.866718, Ncas: 0.863612): 0.298053, Cgla: 1.131072): 0.363103, ((Agos: 3.158015, Klac: 2.304854): 0.335858, Calb: 5.412279): 0.294108);

Detailed output identifying parameters

kappa (ts/tv) =  2.14947

omega (dN/dS) =  0.03890

dN & dS for each branch

 branch          t       N       S   dN/dS      dN      dS  N*dN  S*dS

  10..11     0.363   847.8   331.2  0.0389  0.0152  0.3918  12.9 129.8
  11..12     0.298   847.8   331.2  0.0389  0.0125  0.3216  10.6 106.5
  12..13     0.867   847.8   331.2  0.0389  0.0364  0.9352  30.8 309.8
  13..14     0.126   847.8   331.2  0.0389  0.0053  0.1364   4.5  45.2
  14..1      0.189   847.8   331.2  0.0389  0.0079  0.2043   6.7  67.7
  14..4      0.069   847.8   331.2  0.0389  0.0029  0.0745   2.5  24.7
  13..15     0.000   847.8   331.2  0.0389  0.0000  0.0000   0.0   0.0
  15..3      0.223   847.8   331.2  0.0389  0.0093  0.2403   7.9  79.6
  15..2      0.412   847.8   331.2  0.0389  0.0173  0.4449  14.7 147.4
  12..5      0.864   847.8   331.2  0.0389  0.0362  0.9318  30.7 308.7
  11..6      1.131   847.8   331.2  0.0389  0.0475  1.2204  40.2 404.3
  10..16     0.294   847.8   331.2  0.0389  0.0123  0.3173  10.5 105.1
  16..17     0.336   847.8   331.2  0.0389  0.0141  0.3624  12.0 120.0
  17..7      3.158   847.8   331.2  0.0389  0.1326  3.4075 112.4 1128.7
  17..8      2.305   847.8   331.2  0.0389  0.0967  2.4870  82.0 823.8
  16..9      5.412   847.8   331.2  0.0389  0.2272  5.8399 192.6 1934.4

tree length for dN:       0.6736
tree length for dS:      17.3153


Time used:  0:11
