      9   1182

Scer                            GGT CTA GAA CTA GTC TAT TAT GAA GAA GAG CCT CAT GTT GAG CGG AAT GAC ATT GCC AAA TCC CGT AGA AGA CAA TTA ATG TGG GAT GGT ACA CCT CCT TGG AGA TTT AGG GTT GCG GTC GAC GCG GAG ACA ACG CAT GGT TTA TCC GAT GAG AAG CCT GGT CAG CAA TCA GAA CAA CTA TCC TTG AGA ATT GAT ACT CTG AGA TAT GGC TGG AGA ACC GTG TCA TTC GCT CTG TCC TTA AAG TTA GTT GCT GCG ATT GAT CTA GCG CGT TCT GCC ACA TAT AGC GAT GAC CCT ACC TTG CCT TTT AAT GCT ATT CCA ATG GTT TTT GCT CTG TAT CTA ATT TTA ATA GGT TAT GCT TAT CTA GCT TCT CCG GAA TTA ATG AAA AAA ACA AGA TTG CAA GGT GAT AAA CTA GAC ACG ACC TTC CTG CAC GAT AGA GAA GGT GGT TTA GCC AGA GAG AAG GTG GTC TGG ATG AGG AGA CCC TAC GAC AAA GAC TCG CTT TTC CTA TCT TCA CTA AAG AAA AAG GAT TCG ATT GAA AAG AGA GCT GAC TCG AGA TTC ATT AGA TAT GAT CAA GAG GAG TTT GAA CAA TTT TAT CAA TAT TCC GTG GAA CTG ACC ACG TTT TAT AGG AGT CAG CCC AGA ATT AAG TTA GTG TCC GGT GAA CAG CTA AAA GGG GGC GAT CAA GAC CAT CCC CAT GAA GCT ACA TAC GGG CTG GAA GAC ACG ACA TAT AGA CGA GGT AGA TTT TAT ATT ATT GGT AAC GAC GAT AAG GAA GTG TTA AAC CAA GGG GAT TTA TTA TTA CTG GAA TCG CAA AAA ACA TAT AGA AGA GCT GGG GAA CAC GAA TCT CAC AAC CAG ATG GCT TTC AAC GCA AAA GAT GAA GAA GCG AAG AAA AAA GAT TTA GAT GAT TCA TCC GAA CTC CAG ATA CCG TTC TTT GGT AAA GTC AAG GTT ATT GAC ACG TTC ATG CCT CTG TCG TCT TCC GAC ATT GAA ACT GTC CCC GAA GCT GGC ACA TTA ACC ATT CCC GGT TAT ACG TGG TAC TTG TAT CCT CAT TGG CTG CAT CCA CCT CCT CAA TAT ACA TTT ACC AGA TTC GTC CTG AAA AAG GTT CTG ACA ATT TTG TTA CAA CAA AAG CTG AAA CCT AGC CCT ACG GCT TTT TCT CAT ATA GCT AAG AAC CAG GAC TTA CTA GAA CAA TCA TTA 
Sbay                            GGT CTG GAA CTA GTC TAT TAC GAG GAA GAG CCT CAC GTT GAG CGC AAT GAC ATT GCC GAT TCC CGT AGA AGA CAA TTG ATG TGG GAT GGT ACA CCC CCC TGG AGG TTT AGA GTC GCG GTT GAC GCA GAA ACG ACG CAT GGT TTG TCT GAT GAG AAG CCA GGT CAA CAA TCA GAG CAA CTG TCT TTA AGA ATT GAT ACT CTG AGA TAC GGT TGG AGA ACC GTG TCG TTC GCT TTA TCT TTG AAA TTG GTC GCT GCA ATC GAT CTG GCA CGT TCT GCC ACA TAC AGT GAT GAA CCA ACC TTG CCA TTT AAT ACT ATT CCA ATG GTT TTC GCT CTG TAT CTT ATC TTG ATA GGT TAT GCT TAC CTG GCT TCT CCA GAG ATA ATG AAA AAG ACA AGA TTG CAA GGT GAT AAA CTA GAA ACA ACC TTC CTT CAC GAT AGA GAA GGT GGT TTG GCC AGA GAG AAA GTG GTG TGG ATG AGA AGA CCT TAT GAT AAA GAG TCG ATC TTC CTG TCC TCA TTG AAA AAG AAG GAT TCG ATC GAA AAA AGG GCT GAC TCT AGA TTC ATT AAG TAC GAT CAA GAG GAG TTC GAG CAA TTC TAC CAA TAT TCC GTG GAG CTG ACC ACA TTT TAC AGA AGT CAA CCC AAG ATT AAA TTG CTG TCT GGT GAA CAG CTG AAA GGA GGT GAT CAA GAT CAT CCC CAT GAA GCT ACA TAC GGG TTG GAA GAA ACC ACA TAC AGA CGG GGT AGA TTT TAT ATC ATC GGT AAC GAC GAC AAG GAA CTG TTG AAC CAA GGG GAT CTA TTG TTG CTG GAA TCG CAA AAA ACA TAT AGA AGA GCT GGG GAA CAC GAA TCT CAC AAC CAA ATG GCT TTT AAC GCA AAG GAT GAT GAG GCA AAG AAG AAG GAT TTG GAC GAT TCA TCC GAG CTT CAG ATA CCT TTC TTC GGT GAT GTA AAA GTT ATT GAC ACG TTC ATG CCT TTA TCG TCT TCT GAT ATT GAG ACT GTC CCC GAG GCT GGT ACA ATA ACC ATC CCC GGG TAT ACG TGG TAC TTG TAC CCT CGC TGG TTG CAT CCG CCT CCT CAA TAC ACG TTT ACC AGA TTC GTT TTA AAA AAA GTT CTG ACA ATC TTG TTA CAA CAA AAG CTG AAA CCT AGT CCT ACG GCT TTT TCG CAT ATA GCT AAG AAC CAA GAC CTA TTG GAA CAA TCG TTA 
Smik                            GGT CTA GAA TTG GTC TAT TAT GAA GAA GAA CCT CAT GTT GAA CGG AAT GAC ATT GCC GAA TCC CGT AGA AGA CAA CTA ATA TGG GAA GGT ACA CCT CCT TGG AGA TTT AGA GTT GCG GTC GAT GCA GAG ACA ACG CAT GGT TTG TCT GAA GAG AAG CCT GGT CAA CAA TCA GAA CAA CTA TCT TTG AGA ATT GAT ACT CTG AGA TAT GGC TGG AGA ACC GTG TCA TTC GCT TTG TCT TTG AAG CTA GTT TCT GCG ATT GAT CTA GCA CGT TCT GCC ACA TAT AGT GAT GAG CCT ACC TTG CCT TTT AAT GCT ATT CCA ATG GTT TTC GCT CTG TAT CTT ATT TTG ATA GGT TAT ACT TAC CTA TCT TCT CCA GAA TTA ATG AAG AAA ACA AGA TTG CAG GGT GAT AAG TTG GAG ACA ACT TTT CTA CAT GAT AGA GAA GGT GGT TTG GCC AGA GAA AAA ATT GTG TGG ATG AGG AGA CCT TAC GAT AAA GAT TCT CTT TTT CTA TCT TCA CTA AAG AAG AAG GAT TCT ATT GAA AAA AGA ACT GAC TCA AGA TTC ATC AGA TAT GAC CAA GAA GAG TTC GAA CAA TTC TAT CAA TAT TCT GTG GAG TTG ACC ACA TTT TAT AGG AGT CAG CCC AAA ATT AAA TTA CTC TCC GGT GAA CAG CTA AAG GGG GGT GAT CAA GAT CAT CCC CAT GAA GCT ACA TAC GGG CTG GAA GAG ACG ACA TAC AGA CGA GGT AGG TTT TAT ATT ATT GGT AAT GAT GAT AAG GAA CTC TTG AAC CAA GGG GAT CTG CTA CTA CTA GAA TCT CAA AAA ACA TAT AGA AGA GCC GGA GAA CAT GAA TCC CAT AAC CAG ATG GCT TTC AAC GCA AAA GAA GAG GAG GCG AAA AGA AGA GAT TTG GAT GAT TCA TCT GAA CTC CAA ATA CCA TTC TTC GGT GAA GTG AAG GTT ATT GAC ACG TTT ATG CCT TTG TCT TCC TCC GAT ATT GAA ACT GTC CCA GAA ACT GGT ACA TTA ACT ATT CCT GGG TAT ACG TGG TAT TTG TAC CCT CGC TGG CTG CAT CCA CCT CCT CAG TAT ACA TTT ACT AGG TTT GTC TTG AAA AAG GCT CTG ACA ATT TTG TTA CAA CAA AAG TTG AAA CCT AGT CCT ACG TCT TTT TCC CAT ATA GCC AAA AAC CAA GAC CTG CTA GAA CAA TCA TTA 
Spar                            GGT CTA GAA CTA GTC TAT TAT GAA GAA GAG CCT CAT GTT GAA CGG AAT GAC ATT GCC AAA TCC CGT AGA AGA CAA TTA ATG TGG GAA GGT ACA CCT CCT TGG AGA TTT AGA GTT GCG GTT GAT GCA GAA ACG ACG CAT GGC TTA TCC GAA GAG AAG CCT GGT CAA CAA TCA GAA CAA CTA TCT TTG AGG ATT GAT ACT TTG AGA TAT GGT TGG AGA ACC GTG TCA TTC GCC CTG TCT TTA AAG TTA GTT GCT GCG ATC GAT CTA GCA CGT TCT GCC ACA TAT AGC GAT GAG CCT ACC TTG CCT TTT AAT GCT ATT CCC ATG GTT TTC GCT TTG TAT CTT ATT TTA ATA GGT TAT ACC TAT CTA GCT TCT CCA GAA TTA ATG AAA AAA ACA AGA TTG CAA GGT GAT AAA CTA GAG ACG ACC TTC CTA CAC GAT AGA GAA GGC GGC TTA GCA AGA GAG AAA GTG GTT TGG ATG AGG AGG CCC TAC GAT AAA GAC TCG ATT TTC CTA TCG TCA CTA AAG AAA AAG GAT TCG ATT GAA AAG AGA ACC GAT TCG AGA TTC ATT AAG TAC GAT CAA GAA GAG TTC GAA CAA TTC TAT CAA TAT TCT GTG GAA CTG ACC ACG TTT TAT AGG AGT CAG CCC AAA ATT AAA TTA GTG TCC GGT GAA CAA CTA AAA GGG GGC GAT CAA GAT CAT CCC CAT GAA GCT ACA TAC GGT CTG GAA GAG ACG ACA TAT AGA CGA GGT AGG TTT TAT ATT ATT GGT AAT GAC GAT AAA GAA GTG TTA AAC CAA GGT GAT CTA TTA TTA TTG GAA TCG CAA AAA ACA TAT AGA AGA GCT GGG GAA CAC GAA TCT CAC AAC CAG ATG GCT TTT AAC GCA AAA GAA GAG GAA GCG AAG AAA AAA GAT TTA GAT GAT TCA TCT GAA CTC CAG ATA CCA TTC TTC GGT AAA GTG AAG GTT ATT GAC ACG TTC ATG CCT CTG TCG TCT TCC GAT ATT GAA ACT GTC CCA GAA ACC GGC ACA TTA ACC ATT CCC GGA TAT ACG TGG TAT TTG TAT CCT CAT TGG CTG CAT CCG CCT CCC CAA TAT ACA TTT ACC AGA TTC GTT CTG AAA AAG GTT TTG ACA ATC TTG TTA CAA CAA AAG CTG AAA CCT AGC CCC ACG GCT TTT TCT CAT ATA GCT AAG AAT CAA GAC CTA CTA GAA CAA TCA TTA 
Ncas                            GGT CTA GAA CTG GTG TAT TAT GAG GAA GAG CCA CAT GTT GAA CGT AAC GGT ATT GCT GAT ACA AGA AGA AGA GAA TTG TTA TGG GAT GGT ACA CCA CCA TGG AGA TTT AGA GTG GCG GTG GAC GCT GAA ACT ACC CAT GGC TTA TCA GAT GAA AAG CCT GGG GGG CAA TCA GAG CAA TTG TCT TTA AGA GTC GAT ACC CTT AGA TAT GGC TGG AGA ACA TTA TTG TTC GCT TTA TCT ATA AAG TTG GTC ACC GCT ATT GAT TTG GCT CGT TCT GCT ACA TAT AGC GAT GAT CCT ACA CTT CCT GAA AAC GCC ATA CCG ATG GTG AAA TCT CTT TAT CTA ATA TTG ATT GGG TAT GAT TAT CTA ACC TCT CCT GAA TTA ATG AAA AAA GTT AGG TTG CAG GGT GAT AAG CTG GAT AAA ACC TTT TTG CAT GAT AGA GAA GGC GGC TTA GCT AGA GAG AAA GTA GTT TGG ATG CGT AGA CCT TAC GAT AAG GAA TCC TTG TTT TTG TCC TCA CTG AAA AAA AAA AAT TCC ATC GAA AAA AGA GAT GAT TCC AGA TTC ATC AAA TAT GAT CAA GAA GAA TAC GAG GAA TAC TAT CAA TAT TCA TTA CAG TTA ACA AAA TTT TAT CGT AGT CAG CCA CGC ATT AAA CTC GTT TCT GGG AAG CAG CTA AAA GGT GGA GAT GAA GAT CAT CCA CAT GTT TCT GTT TAT GGC CTT GAA GAT ACC GTT TAT AGA AGG GGT AGA TTC TAT ATA ATA GGT AAC GAT AGT TCG GAA GTT ATA AAT AAA GGC GAT TTG TTG TTG TTG GTT TCC CAA AAA ACA TAT AGA AGA GCA GGA AAG CAT GAA TCT CAT AAT CAG ATG GCT TTC AAT GCA AGA GAT GAG CAG GCT AAA AGA AGA GAT ATA GAT GAT TCT TCA GAA ATT CAG ATT CCA TTC TAC GGT GAT GTT AAA GTG GTC AAT ACC TTT ATG CAG CTT TCC TCT TCT GAC ATT GGG ACC GTG CCT GAA GAT GGA ACA TTA ACC ATC CCA GGT TAT ACC TGG TAT ATT TAT CAG CAT TGG CTT CAT CCG CAG CCC CAG TAT ACT TTC ACC AGA TTT ATA CTT AAA AAA GAA CTT ACA ATT TTA TTA CAA CAA AAG TTA AAG CCT AGC CCC ACC ACC TTT TCT CAT ATT GCA AAA AAT GGG AAT TTG CTG GAA CAA TCC TTA 
Cgla                            GGG TTA GAG CTC GTG TAC TAC GAG GAG GCT CCA CAT GTG GAG CGG AAC GAT ATT GCC GAA ACG CGT AGA CGT GAG TTG CTG TGG GAT GGT ACC CCA CCA TGG CGG TTT CGT GTC GCG GTG GAT GCT GAA ACT ACG CAC GGT CTA GCC GAT GAG GAC CCC GGT GAG CAG TCC GAG CAA ATG AGC CTA AGG GTA GAC ACT CTG AGA TAT GGA TGG AGA ACC CAG TCT TTC GCT CTA AGC CTG AAG TTG GTG ACA GCG ATT GAC ATG GCT CGT TCC GCC ACA TAC AGC GAT GCA CCC ACC CTG CCG GAT AAC GAG ATA CCA ATG GTA TTC GCT CTG TAC CTA ATA CTG ATT GGT TAC ACT TAC TTA ACA TCC CCA GAA TTG ATG AAG AAG ACT AGA CTG CAG GGT GAT AAG CTC GCA AAC AAC TTT CTG CAC GAC AGA GAG GGT GGT CTA GCT AGA GCT AAA GTG GTG TGG ATG CGC AGG CCA TAC GAC AAG GAT TCT CTG TTT ATG TCT TCC GTC AAG GAG AAG AAC TCT ATA GAA AAG CGG ACT GAC TCG AGA TTT ATT AAA TAC GAC CAG GAG GAG TTT GAG CAA TTT TAT CAG TAC TCT CAG GTC CTT ACC AAC TTT TAC CGC AGT CAG CCC AAA ATT AAA TTA TGT TCC GGT AAA CAG TTA AAG GGG GGA GAC GAG GAC CAC CCT CAC GAG GCT ACT TAT GGC TTG GAG GCA ACC ACT TAC AGA AGG GGG AGA TTC TAC ATA ATA GGT GAT GAT AAT AAG GAG TGT CTG AAT AAA GGC GAC TTA TTG TTG CTG GAG TCT CAG AAG ACA TAT AGA AGA GCT GGT GGT CAC GAG TCT CAC AAT CAG ATG GCA TTT AAT GCG AAG GAT GAG GTC GCG AAG AAG AAG GAT CTG GAC GAC TCC TCT GAA ATC CAG ATT CCG TTT TTT GGG GAA GTC AAA GTA GTA ACA ACG TTT ATT ACC CTA TCT TCT TCC GAT ATT CGG ACT GTG CCT GAA ACT GGA ACC TTG AAC ATT CCC GGT TAC ACG TGG TAC ATA TAC ACC CAC TGG TTG CAC CCG ACC CCT CAG TAC ACA TTC AAC AAA TTT ATT CTA AAG AAA ACA CTG ACG ATT CTG TTG CAA CAG GAC CTT AAG CCA AGC CCT ACG ACA TTC TCA CAC ATC GCT AAG AAT GAG ACA TTA GTC GAG CAG AGT TTG 
Agos                            GGA TTA GAG CTC GTG TAC TAT GAG GAG GAG CCG CAC ATC GAA CGG AAT GGC GTA GCT GGA TCT CGC CGT AGA GAG CTG ATA TGG GAA GGA ACG CTC CTC TGG CGG TTT CGC GTC GCA GTG GAC GCG GAA ACA ACA CAT GGC CTG TCG GAA GAG GCA CCT GGT GGT CAG AGC GAG CAA ATC AAC CTT CGT GAT GAC ACC CTG CGC TAT GCC TGG CGC ACG CTG AAA TAC GCG CTC AAC CTT AAG CTG GTG ACG GCC ATA GAC ATC GCG CGT TCA GCT ACG TAT AGC GAT GAA CCT ACG CTC CCA TTC AAT GAG GCG CCG ATG GTG GAG CCG CTG TAC CTA ATC TTG ATC GGT TAC GCG TAC TTA ACG TCA CCG GAA CTG ATG AAG AAG CTC CGG ATG CAG GGA GAC AAG CTC GAA AAT GAG ATG CTG CAC GAC CGC GAG GGC GGC CTG GCT AGG GAG AAG ATC GTC TGG ATG CGC CGT CCA TTC GAC CGC GAC AGC CTG TTC ATC TCG AGC CTC AAG AAG AAG AAT AGC CGA GAA AAG CGG GCG GAT TCT CGC TTC ATA AAG TAC GAC CAG GAA GAG TTG GAG GAG TTG TAT CAG TAC TCG CTG GAG CTC ACG AAT TTT TAC CGC GGC CAG CCA AAG GTA AAG CTG CTC TCG GGT GCA CAA TTA AAG GCG GGC GAC GAG GAG CAT CCC CAT GAG CCG CTC TAC GGG TTG GAG GAA ACA CTC TAC CGC AGG GGA CGC TTC TAT ATC ATC GGC AAC GAT AGC CTC GAG CTC CTT AAC AAG GGG GAC CTC CTG CTG CTC GAG AGC CAG AAG ACG TAC CGC AGA GCT GGG GAG CAC GAG TCG CAC AAC CAG ATG GCC TTC AAC GCG AAA GAA GAC GAG GCC AAG CGG CGG GAT CTT GAC GAC TCG TCG GAA ATT CAG ATC CCG TTC TTG GGC GGA GTG AAG GTG GAT AGC ACA TTC ATG GAC CTA AGC TCG TCG GAT GTA GAG ACC GTG CCG GAA GCG GGC ACG CTG GAG ATT CCA GGG TAC ACA TGG TAC CTG TAC GAC CAC TGG TTG CAC CCG GAC CCC CAG TAT ACG TTC GAG AAG ATG GTT CTA AAG AAG GCA CTG ACG ATA TTA CTG CAG CAG GCA CTC CGC CCT AGC CCC ACA ACG TTC TCG CAT ATT GCT AAG AAC GGT AGC CTC CTC GAG CAG TCG CTG 
Klac                            GGG TTG GAA TTG GTG TAT TAC GAA GAG GAT CCA CAT TTG GAA AGA AAT TCC ATT GCT GAT TCT CGT AGG AGA GAG TTG TTA TGG GTT GGT ACG CCA CCA TGG AGA TTT CGT GTA GCT GTC GAT GCA GAA ACT ACT CAC GGT CTC TCC GTT GAA GAG CCC GGT GAG CAA AGT GAA CAG ATC TCA ATC AGA GAA GAT ACG TTA AGA TAC GCG TGG AGA ACG CAT GCA TAC GCA CTA TCA GCA AAG TTG ATT TCC GCT ATC GAT ATC GCA CGT TCC GCT ACA TAC AGT GAT GAG CCC ACG TTG CCA TTT AAT GAG ATT CCA ATG GTG TTC GCT TTA TAT CAA ATC TTA ATT GGT TAT GCA TAC TTG TCC TCC CCA GAA CTA ATG AAA AAG TTG AGG CTC CAA GGT GAC AAG TTG GAG AAG ACA TTC TTG AAC GAT AGA GAG GGT GGT CTC GCA AGG GAT AAA GTT GTG TGG ATG TAC AGA CCA TTC GAC AAG GAA AGC CTT TTC ATC TCA AGT TTA AAG AAA AAG AAT AGC AGA GAA AAG AGA GCA GAT TCT AGA TTC ATT AAA TAC GAT CAA GAA GAG TTC GAA GTG TTC TAC CAA TAT TCT CAT CAA CTG ACG AAG TTT TAC TAC GGT AAA CCA AAT ATT AAA TTG GCT GCA GGT AAT CAG TTG AAA GGA GGT GAT GAG GAT CAC CCA CAC GAA GCT TTG TAT GGG TTG GAG GAG ACT TTG TAC AGA CGA GGG AGA TTC TAT ATC ATC GGT AAT GAC GAT AAA GAG GCT GCA AAT AAA GGG GAT TTG TTG TTG TTG GAA AGC CAA AAG ACA TAC AGA AGA GCT GGT GCG AAC GAG TCT AAC AAT AAA ATG GCT TTC AAT GCT AAA GTT GAT CAA GCT AAA CTA CTA GAT GCA GAT GAT TCG TCT GAA CTA CAG ATT CCC TTC TTC GGT GAT GTC AAA GTG GAA AAT ACT TTC ATG CAA TTG AGC TCT GCA GAT ATT GAA ACG GTG CCA GAA GCA GGT ACG CTA ACA ATT CCG GGT TAT ACT TGG TAC CTT TAC CAA CGT TGG TTG CAC CCC CAA CCA CAA TAC ACT TTC ACA AAA TTC TCT TTG AAA AAA GCT TTA ACC ATC TTA TTA CAA CAA GAG CTG AAG GAG AGT CCA ACT TCC TTC TCG CAC ATT GCT AAA AAC GAG AAT TTG TTA GAA CAA TCC TTA 
Calb                            AAT TTA GAA TTA ATA TAT TAT GAG GAG GAT CCT CAT ATT GAA AGG AAT AAA ATA GCA TCT CAA TTA AGA AGA GAC GAA AGA GTA TCG GGA TTG CCA CCA TGG CGT TTT CGA GTT GCA ATT GAT GCA GAG ACT ACG CAT GGA AGT GCT TCG GAG GAA GAT GGG TCT CTA AGC GAG CAA TTG AAT TTG CGA ACT GAT ACA TTG AGA TAT AAG TGG AGA ACC AAG TAT ATG AGT TTG AAT AAA AAA GAA ATT ATT GCA ATT GAA TTG GCA AGA TCA GCA ACA TAT AGT GAT GAT GAT ACC TTG CCA GAA AAT GAC ATA CCA TTG GTC AAC GCT TTG TAT ATG ATC TTG ATT GGG TAT TCT TAT TTA ATT TCA CCT GAA TTG ATG AAA AAA GAT AGA TTG CAA GGA AAT AAA TTA GAT TCC CGT TTC TTG TCG GAT AGA GAG GGA GGA AGT GCT CGA GAT AAA ATT GTG TGG ATG AGG CGA CCT TAC GAT AAA CAA AGT TTA TTC TTG TCA AGC CTA AAA GAT AAA AAT AGT AAA GAA AAG CGT TCT GAT TCA AGA TTC ATT AAA TAC GAT CAA GAA GAA AGT GAG AAA AGT TAT CAA TAT AGT AAG GTG TTA ACC TCC TTT TAT AGG CAA GCA CCA AAC ATA AAA TTA ATT AGT GGG GTT CAA TTA AAA GAG GGA GAT GAC AAA CAT CCG CAT GAA GCT GAT TAT GGA TTA GAG GAT ACT GAT TAT AGA AGA AAT AGG TTT TAC ATC ATC GGT AGT GAT AAA TTG GAG ATT AAA AAC AAA GGA GAT TTA GAA GAA TTA GAA AGT CTA AGA ACA TAT AGA AGA TCA GGT TCT TCG GAG CAA TCG AAC GCA TTG TCA ACA AAC GCG AAA TCG GAC GTG GCA AAA ACG ACG GAT AAA GAT GAA TCA AGT GAA AAT CAG ATT CCT TTC AGT GGT TCT TGT AAA GTC ACT CTA ACG TTC ATG GAA TTA AGT CAA AGT AAT ATA AAA ACA ATA CCA GAA TCT GGA TTG TTG CGT ATT CCA GGT TAT ACG TGG TAC ATA TAT GAA AAA TGG TTA CAT CCT GAA CCT CAA TAT ACA TTT CGT CAA TTC TTG TTA CAA AAA CCT TTG ACC ATT TTG CTC CAA CAA GAA TTA AAA AAG AGT CCT ACG ATT TTT TCT CAT ATT TCA AAA AAT TCT CTA TTA CTA GAA CAA TCC CTC 



Printing out site pattern counts


         9        723  P

Scer                            AAA AAA AAA AAA AAA AAA AAA AAA AAA AAA AAC AAC AAC AAG AAG AAG AAG AAG AAG AAG AAG AAG AAT ACA ACA ACA ACA ACA ACA ACC ACC ACG ACG ACG ACT AGA AGA AGA AGA AGA AGA AGA AGA AGA AGA AGA AGA AGC AGG AGG AGT ATA ATA ATG ATG ATG ATG ATT ATT ATT ATT ATT ATT ATT ATT CAA CAA CAA CAA CAA CAA CAA CAA CAC CAG CAG CAG CAG CAT CAT CAT CAT CCA CCA CCC CCC CCC CCC CCC CCG CCG CCT CCT CCT CCT CCT CCT CCT CGA CGG CGT CGT CTA CTA CTA CTA CTA CTC CTG CTG CTG CTG CTG CTG CTG CTT GAA GAA GAA GAA GAA GAA GAA GAA GAA GAA GAA GAC GAC GAC GAC GAC GAC GAC GAC GAC GAC GAG GAG GAG GAG GAG GAT GAT GAT GAT GAT GAT GAT GAT GAT GCA GCC GCC GCG GCG GCG GCT GCT GCT GCT GCT GCT GCT GGC GGC GGG GGG GGG GGT GGT GGT GGT GGT GGT GGT GTC GTC GTC GTC GTC GTG GTG GTG GTT GTT GTT GTT GTT TAC TAC TAC TAT TAT TAT TAT TAT TAT TAT TAT TCA TCA TCA TCA TCC TCC TCC TCC TCC TCG TCG TCT TCT TCT TCT TGG TGG TTA TTA TTA TTA TTA TTA TTA TTA TTC TTC TTC TTC TTC TTG TTG TTG TTG TTG TTT TTT TTT TTT TTT TTT 
Sbay                            ... ... ... ... ... ..G ..G ..G ..G G.T ... ... ... ..A ..A ..A ..A ..A ... ... ... ... ... ... ... ... ... ..G ..G ... ... ..A ..C ... ... .AG .AG ... ... ... ... ... ... ... ... ... ..G ..T ..A ..A ... ... ... ... ... ... ... ..C ..C ..C ..C ... ... ... ... ... ... ... ... ... ... ... ... ... ..A ..A ... ... ..C ... ... .GC ... ..G ... ... ... ... ..T ..A ..T ..A ..A ..C ... ... ... ... ..G ..C ... ... ... ..G ..G ..T T.G ..T ... ... ... ..T T.A T.A T.. A.C ... ... ... ... ... ... ..G ..G ..G ..G ..T ..A ... ... ... ... ... ..G ..T ..T ..T ..A ... ... ... ... ..C ..C ... ... ... ... ... ... ... ... ... ... ..A ..A ... A.. ... ... ... ... ... ... ..T ..T ..A ... ... ..G ... ... ... ... ... ... ..A ... ..G ..T ..T C.. ... ... ..C ..C ... ... ... ... ... ..T ..C ..C ..C ..C ..C ... ... ... ... ... ..G ..G ... ... ..T ..T ..T ... ..T ..C ..G ... ... ... ... A.. C.. ... ..G ..G ..G ..G ..G ... ... ... ... ..T ..A ... ... ... ... ..C ..C ... ... ... ... 
Smik                            ... ... ... ..G ..G ... ... ..G .G. G.. ... ... ..T ..A ..A ... ... ... ..A ... ... ... ... ... ... ... ... ... ... ... ..T ..A ... ... ... .A. ... ... ... ... ... ... ... ... ..G ..G ... ..T ..A ... ... ... ... ..A ... ... ... ... ... ... ... ..C ... ... ... ... ... ... ... ... ... ... ..G ..T ..A ... ..A ... ... ... ... .GC ... ... ..A ... ... ..T ..T ..A ..A ... ... ... ... ... ... ... ... ... ... ... T.G ... ... ..T ... ... ..A ... T.. ..A T.. T.. ... ... ... ... ... ... ... ... ... ... ... ..G ..G ..G ... ... ... ..T ..T ..T ..T ..T ..T ... ..A ..A ... ... ... ... ..A ..C ... ... ... ... ... ... ... ... ..A ... ... ... A.. ..C ... ... ... T.. ... ..T ... ..A ... ..G ... ... ... ... ... ... ..G ... ..G ... ... C.C A.T ... ... ... .C. ... ... ... ..T ... ..C ... ... ... ... ... ... ... ... ... ... ... ... ..T ... ..T ..T ..T ..A ... ..C ..C ... ... ... ... C.G ... C.. ... ..G ..G ..G ... ... ..T ..T ... ... ... ... ... ... ..C ..C ... ... ... ... 
Spar                            ... ... ... ... ... ... ... ... ... ... ... ..T ..T ..A ... ... ... ... ... ..A ... ... ... ... ... ... ... ... ..G ... ... ... ... ... ... .A. .AG ... ... ... ... ... ... ..G ... ..G ... ... ..A ... ... ... ... ... ... ... ... ..C ... ... ... ... ... ... ... ... ... ... ... ... ... ... ... ... ..A ... ... ..A ... ... ... ... ..C ..G ..A ... ... ... ... ..A ..A ... ... ... ..C ... ... ... ... ... ... ... ... ... ... ..T ... ... T.. T.. ... ..A ... ... ... A.. ... ... ... ... ... ... ... ... ... ... ..G ..G ... ... ..T ... ..T ... ..T ..T ..T ..A ..A ... ... ... ... ... ..A ... ... ... ... ... ... ... ..A ... ..A ... ... ... A.C ... ..C ... ... ... ..T ... ... ... ..T ..A ..C ... ... ... ... ... ..G ... ..T ..T ..T ... ... ... ... ... ... ... ... ... ..T ... ... ..C ... ... ... ... ... ... ... ... ... ... ... ..T ... ... ..T ... ... ..G ... ... ... ... ... ... C.. ... ... ... ... ... ... ... ... ... ... ..T ... ... ... ... ... ..C ..C ... ... ... ... 
Ncas                            ... ... ..G ... ..G ... .G. ... .G. G.T ..T ..T ... ..A ..A ..A ..A ... ..A TC. ..A ... ..C ... ... ... GTT ..T ..T ..A ... .AA ..C ..C ..C C.C .A. ... ... ... ... ... ..G ... ... ... ... ... ..A C.T ... ..T ..T T.A ... ... ... ... ..A ..C ..C ..C ..A ... G.C A.. ... ... ... ... G.. G.. ..G ..T GG. ... ... ... ... ... ... ... ..G ..G ..T ..A ..A ..A ..T ..T ..A ... ... ..A ..C .AG ..A ... A.G ..T A.A ... ..G ... T.G ... ..G A.T T.. ..T T.A T.. ..T T.A ..T T.G A.G A.G ... ... ... .TT ... ..G .GG C.G ..G ..T A.T .GT ..T ..T ... ..A ... ..T ..T ..A ..A ... ..A ..A AG. ... ... ... A.. ... ... ... ... ... ..T ..T ..T ..T ... ..C .A. ..A ... ... T.. A.C ... ..A ..T ..A ..C ... ..C ..G ... ... ... ... ..T ..G ..T A.A ..G ..T ..A T.A ..C ..G .AA ..G ... ..T ..T ... ... ... ... ... ... ... ... ... ... ..T ..C .TG A.A ..A ..T ..A ..T ..C ..C ..C ... ... ... ... ... ... ..G ... ..G C.C A.. ... ..G ... ... ..T ..T ... ..A A.T C.T ..A ... AAA .AC GAA ..C ... ... 
Cgla                            ..G ..G ..G ..G ..G ..G ..G G.G ..G G.. ..T ..T G.T ..A ... ..A ... ... ... ... ... G.C ..C ... ..C ..G ..T ... ..T ... .A. .AC ..C ... ... .A. .A. ... ... ... ... C.T ... ..G .A. ... C.G ... C.T C.C ... ..C ..T C.. ... ... ..T ... ..A ..A ... ... ..A ... G.A A.. ... ... ..G ..G ... G.G ..G ... G.. ... ... ... ... ..C ..C ..C ... ..G ..T ... ..T ... ..A ..A ... ..C ..G ..A ... A.C ..A ..A A.G ... ... ... ..C T.. A.G ... G.C A.. ... ... ..T ... ..A ..A T.. ..G A.. .GT ... ..G ..G ..G ... ..G CGG .TC ..G .CA ACA ..T ... ..T ..T ..T ..T ... ... ..A ... .CT ... ... A.. ..C ... ..C A.C ..C ..C ... ... ..G ..T ... ..T ... ... .AG A.. ... ... ..A ... A.A ..A ..A ... ..T ..C ... ... ... ..G ..G ... ... ... ..G ..G A.T ..G TGT ... CA. ..G ..C ACA ..A ..G ..T ... ... ..C ..C ..C ..C ... ..C ..C ... ..C ..C AGT ..T A.G ..T ... G.. AG. ..T ... ... ..A ... ..C ... ... ..G ... ..G ..G ... C.G C.. C.G ... ..T ..T ..T ..T C.A A.A C.. C.. C.. ..C ... GA. ..C ..C ... 
Agos                            ..G ..G CGC ..G ..G ..G ... ..G CGG GG. ... ... ... ... ... ... ... ... ... CTC ... GCA ... ..G ..G ..G CTC ..G ... ..G GAG .AT ..A ..A ..C .AG .AG ... ..G C.C C.T ... C.G C.T .AG C.C C.G ... C.C C.C G.C ..T ..C ..A ... ... ... ..A ..C CGA ... ..A GCG G.A GA. A.G ... ..G ..G ..G G.G G.G ..G ... GGT ... ... ..A ..C ..C ... ..C ..G ..G ..G ..A ... ..A ..A ... ... ... ..A .TC ..C GAC ..G ... A.G ... ..C ... ..C T.. A.C ... ..C A.T ..C ... ..C ... ..A ..C T.. ..G .C. ..G ... ..G ..G ..G ... ..G ..G ..G ..C ..A AG. .G. ..T ..T ... ... ..T ... ..G ..A ..A ... ... ... AGC ..C ..A ..C A.. ..C ..C ..C ... ..G ..T ..T ... ..C ..A .AG ..G ... ..G ..C C.G A.G .C. ... .C. ... ... ..G ..C ... ..A ..C ..A ..C ..G ..G ... ..T ..G C.C A.C C.. ..G ..C .CA ..G A.C ... ... .T. ..C ..C ..C ... ... ..C ... ..C AGC ..G ..G AA. ..T ..G ..G ..G AA. AGC ..T ..G ..G ..G ..A ... ... C.G C.C C.G C.G C.G C.T C.G ..G .A. ... A.G ... ... C.T C.. C.C ..A A.. GAG ..G ..C ..C ..C ... 
Klac                            ... ..G ..G ... ..G ..G ... ... CT. G.T ..T ... ..T ..A ... ..A ... ... ..A ..A ... G.. ... ... ..G ..C TTG ..T ..T ..G ..A .A. ..T ..T ..G .AT .A. ... ..G ... ..G ... ..G ... .A. ... ... ..T C.T TAC G.. ..T ..T T.A ... ... ... ..C ..C .GA ... ... ... ... GAA A.. ..G ... ... ... GTG G.G ... A.. G.. A.A ... ... ... ..C ..C .G. ... ..C ..A ..A ..A ..G ..A ..A ..C ..C ..A ..A ..A .AA ..A GAG ... A.A ... ... T.G T.G A.C .A. T.. ..A T.. T.A ... T.. T.. ..A T.. ... A.T .CG ... ... ..G ... ... ... ... C.. ..T ..G A.T TC. ..T ... ..T ..A ..T ... ..T ..A ..A ..T ..A ... ... ... .T. ... A.. ... ... ..C ... ..T ..A ..T ..A ..T ..T .AG ..A ... ..A ... ... T.C .CG ..T ..A ..T ... ... ... ... ..G ... ... ... ... ..G ..G TCT ... .CT ..T CAT A.. ..A .C. ..G T.G ..T ... .T. ..C ..C ..C ..C ..C ... ... ..C AGT ..G ..C G.. ..T ..T G.A ... ..A AGC ..T ..A ..G ... ..C ... ... C.. ..G ... ..G ..G GC. C.C ... .A. ... ... ... ... A.C C.T ... ..A C.C ..C ..C ... ..C ..C ... 
Calb                            C.. .G. ... ... ... ... ... G.T .CG TCT ... ..T .GT ..A ... ..A ..A ..A ..A TT. ..A G.A ... ... TTG ..C GAT ... ..T ... CGT T.C ..T ... ..A .AC .A. ... C.. ... ... ... ... C.. CA. ..G C.T ..T C.A ... CAA ..T ..T .GA ... T.. ... ... ..C .AA ... ... ..A ..A .C. A.. ... ... ... .T. A.. G.C ... TCG TCT GCA ... ..A ... ... ... A.A ... ..T ..A ..A ..G ..A ..T ..T ..T GA. ..A ..A ... GAA ... AAG A.. A.. TTA A.A T.. T.. T.G A.G ... AAT T.A T.. T.A T.. T.A T.. T.A T.A .TT TCT ... ... ..G ... ... ..G A.. .TG ..C ..T CTA A.A ..T ..T ..T C.A A.T ..T A.A ... ..A ..T ... ..A A.A ... TCG ... A.. ..A ... A.. ... ..G ..T ..A ..A ..A ..A .AC T.. T.A AG. T.A ... AT. AAG ..A .A. ..T ..A ... ..A ..G AA. ... ..A ... TGT A.A ..G T.G A.T A.T A.T AA. A.. ... CC. ..C A.. ..T ... ... ... ..C ... ... ... ... ..C ... AGC ... ..C .AT CAA AGT AGT G.T AAT AGT ..A ..A ... CAA ..A GTA ... ..G ... C.C GA. ... AA. AGT ..G A.G ... ... ... ACA ... A.A ... ... ... AAC AG. GAA ... ... ... 

    1    1    2    2    1    1    1    1    2    2    3    1    1    2    1
    2    1    1    2    1    1    2    2    2    2    1    3    1    1    3
    3    2    1    4    2    1    1    1    1    6    1    1    1    2    1
    1    2    2    1    2    1    1    2    1    2    2    1    2    3    1
    1    1    1    3    2    1    1    1    4    2    1    2    2    3    2
    2    1    1    1    1    4    1    1    1    1    1    1    1    1    1
    1    2    1    2    2    3    1    1    1    1    1    1    2    3    3
    1    2    1    1    3    2    1    2    1    2    1    1    1    1    2
    5    2    3    3    1    2    1    3    2    1    1    1    1    1    1
    1    1    1    2    2    1    1    1    1    3    1    1    2    4    1
    2    1    1    2    2    2    1    1    3    2    1    1    2    3    1
    2    1    1    2    1    3    3    2    1    2    1    1    2    1    1
    1    2    1    2    1    1    1    2    1    1    1    1    3    1    1
    3    2    5    1    1    2    1    1    1    1    2    2    1    2    4
    1    1    1    2    2    1    5    2    2    2    4    1    3    2    1
    1    2    2    2    1    1    1    1    1    1    1    3    1    2    1
    2

CODONML (in paml version 4.9j, February 2020)  temp.nuc
Model: One dN/dS ratio, 
Codon frequency model: Fequal
ns =   9  ls = 394

Codon usage in sequences
--------------------------------------------------------------------------------------------------------------------------------------
Phe TTT  10   7  10   7   7  12 | Ser TCT   6  10  15   9  12  10 | Tyr TAT  17   8  15  17  19   4 | Cys TGT   0   0   0   0   0   2
    TTC   8  11   8  11   6   5 |     TCC   8   4   6   4   7   7 |     TAC   3  12   5   3   4  16 |     TGC   0   0   0   0   0   0
Leu TTA  17   6   5  15  14   6 |     TCA   5   3   6   5   5   1 | *** TAA   0   0   0   0   0   0 | *** TGA   0   0   0   0   0   0
    TTG   5  19  18   9  15  10 |     TCG   5   7   0   6   1   1 |     TAG   0   0   0   0   0   0 | Trp TGG   6   6   6   6   6   6
--------------------------------------------------------------------------------------------------------------------------------------
Leu CTT   1   3   2   1   8   2 | Pro CCT  12   9  14  10   7   4 | His CAT   7   5   9   7  10   1 | Arg CGT   2   2   2   2   4   4
    CTC   1   0   3   1   1   2 |     CCC   5   6   2   7   2   4 |     CAC   3   4   0   3   0   9 |     CGC   0   2   1   0   1   2
    CTA  11   4  14  13   4   7 |     CCA   2   5   5   3   7   7 | Gln CAA  14  18  15  17   8   3 |     CGA   1   0   1   1   0   0
    CTG  12  14   7   7   4  14 |     CCG   2   1   0   1   2   3 |     CAG   6   2   5   3  11  14 |     CGG   1   1   1   1   0   4
--------------------------------------------------------------------------------------------------------------------------------------
Ile ATT  14   7  14  13  10  11 | Thr ACT   2   3   8   2   2   9 | Asn AAT   2   2   3   4   7   5 | Ser AGT   1   3   3   1   2   2
    ATC   0   8   1   2   3   2 |     ACC   6   7   3   9  13   9 |     AAC   5   5   4   3   3   8 |     AGC   2   0   0   2   2   4
    ATA   3   5   4   3   8   6 |     ACA  10  10  12   9   9   9 | Lys AAA  14  14  12  18  20   9 | Arg AGA  19  18  19  15  21  11
Met ATG   6   6   5   6   5   7 |     ACG   7   6   5   8   0   6 |     AAG  13  13  12  11   8  18 |     AGG   3   2   4   5   2   3
--------------------------------------------------------------------------------------------------------------------------------------
Val GTT   6   6   5   9  10   0 | Ala GCT  13  12   6   9   9  10 | Asp GAT  16  20  18  18  26  13 | Gly GGT  13  15  14  12   9  12
    GTC   6   4   4   2   3   6 |     GCC   3   3   5   3   1   3 |     GAC  13   8   5   5   2  13 |     GGC   3   0   1   5   6   2
    GTA   0   1   0   0   1   4 |     GCA   1   5   3   4   3   4 | Glu GAA  22  16  28  27  22   7 |     GGA   0   1   1   1   3   3
    GTG   5   4   4   6   6   7 |     GCG   5   1   3   3   1   4 |     GAG   7  16   9   8   6  23 |     GGG   4   4   4   2   6   4
--------------------------------------------------------------------------------------------------------------------------------------

--------------------------------------------------------------------------------------
Phe TTT   2   3   5 | Ser TCT   2   7   9 | Tyr TAT   6   7  17 | Cys TGT   0   0   1
    TTC  10  15   6 |     TCC   0   8   3 |     TAC  14  15   4 |     TGC   0   0   0
Leu TTA   4  10  17 |     TCA   2   3   8 | *** TAA   0   0   0 | *** TGA   0   0   0
    TTG   6  23  21 |     TCG  11   2   6 |     TAG   0   0   0 | Trp TGG   6   6   5
--------------------------------------------------------------------------------------
Leu CTT   4   2   0 | Pro CCT   3   0   8 | His CAT   4   3   6 | Arg CGT   4   4   5
    CTC  19   3   2 |     CCC   3   4   0 |     CAC   6   5   0 |     CGC  13   0   0
    CTA   3   6   6 |     CCA   4  12   7 | Gln CAA   2  15  16 |     CGA   1   1   4
    CTG  19   2   0 |     CCG   8   1   1 |     CAG  12   3   1 |     CGG   6   0   0
--------------------------------------------------------------------------------------
Ile ATT   3  10  16 | Thr ACT   0   7   4 | Asn AAT   5  11  11 | Ser AGT   0   4  17
    ATC  10   9   3 |     ACC   2   1   4 |     AAC   7   4   5 |     AGC  11   4   2
    ATA   4   0   7 |     ACA   6   5   6 | Lys AAA   2  17  28 | Arg AGA   2  15  14
Met ATG   8   5   5 |     ACG  12   7   6 |     AAG  21  11   5 |     AGG   2   3   4
--------------------------------------------------------------------------------------
Val GTT   1   4   2 | Ala GCT   5  14   4 | Asp GAT   7  20  23 | Gly GGT   5  15   4
    GTC   2   2   2 |     GCC   4   0   0 |     GAC  16   3   4 |     GGC   9   0   0
    GTA   3   1   1 |     GCA   5  13   9 | Glu GAA  13  19  23 |     GGA   6   1   9
    GTG   7   6   3 |     GCG   9   2   1 |     GAG  29  17  11 |     GGG   4   4   3
--------------------------------------------------------------------------------------

Codon position x base (3x4) table for each sequence.

#1: Scer           
position  1:    T:0.22843    C:0.20305    A:0.27157    G:0.29695
position  2:    T:0.26650    C:0.23350    A:0.36041    G:0.13959
position  3:    T:0.30964    C:0.16751    A:0.30203    G:0.22081
Average         T:0.26819    C:0.20135    A:0.31134    G:0.21912

#2: Sbay           
position  1:    T:0.23604    C:0.19289    A:0.27665    G:0.29442
position  2:    T:0.26650    C:0.23350    A:0.36294    G:0.13706
position  3:    T:0.28426    C:0.18782    A:0.26904    G:0.25888
Average         T:0.26227    C:0.20474    A:0.30288    G:0.23012

#3: Smik           
position  1:    T:0.23858    C:0.20558    A:0.27665    G:0.27919
position  2:    T:0.26396    C:0.23604    A:0.35533    G:0.14467
position  3:    T:0.35025    C:0.12183    A:0.31726    G:0.21066
Average         T:0.28426    C:0.18782    A:0.31641    G:0.21151

#4: Spar           
position  1:    T:0.23350    C:0.19543    A:0.28173    G:0.28934
position  2:    T:0.26650    C:0.23350    A:0.36548    G:0.13452
position  3:    T:0.30711    C:0.15228    A:0.33249    G:0.20812
Average         T:0.26904    C:0.19374    A:0.32657    G:0.21066

#5: Ncas           
position  1:    T:0.24365    C:0.17513    A:0.29188    G:0.28934
position  2:    T:0.26650    C:0.20558    A:0.37056    G:0.15736
position  3:    T:0.36041    C:0.13706    A:0.31726    G:0.18528
Average         T:0.29019    C:0.17259    A:0.32657    G:0.21066

#6: Cgla           
position  1:    T:0.20305    C:0.20305    A:0.30203    G:0.29188
position  2:    T:0.25635    C:0.23096    A:0.36294    G:0.14975
position  3:    T:0.25635    C:0.23350    A:0.19543    G:0.31472
Average         T:0.23858    C:0.22250    A:0.28680    G:0.25212

#7: Agos           
position  1:    T:0.15990    C:0.28173    A:0.24112    G:0.31726
position  2:    T:0.26650    C:0.19289    A:0.36548    G:0.17513
position  3:    T:0.12944    C:0.31980    A:0.14467    G:0.40609
Average         T:0.18528    C:0.26481    A:0.25042    G:0.29949

#8: Klac           
position  1:    T:0.25127    C:0.15482    A:0.28680    G:0.30711
position  2:    T:0.25635    C:0.21827    A:0.38071    G:0.14467
position  3:    T:0.28173    C:0.18528    A:0.29949    G:0.23350
Average         T:0.26311    C:0.18613    A:0.32234    G:0.22843

#9: Calb           
position  1:    T:0.25888    C:0.14213    A:0.34772    G:0.25127
position  2:    T:0.24365    C:0.19289    A:0.39086    G:0.17259
position  3:    T:0.33503    C:0.08883    A:0.39340    G:0.18274
Average         T:0.27919    C:0.14129    A:0.37733    G:0.20220

Sums of codon usage counts
------------------------------------------------------------------------------
Phe F TTT      63 | Ser S TCT      80 | Tyr Y TAT     110 | Cys C TGT       3
      TTC      80 |       TCC      47 |       TAC      76 |       TGC       0
Leu L TTA      94 |       TCA      38 | *** * TAA       0 | *** * TGA       0
      TTG     126 |       TCG      39 |       TAG       0 | Trp W TGG      53
------------------------------------------------------------------------------
Leu L CTT      23 | Pro P CCT      67 | His H CAT      52 | Arg R CGT      29
      CTC      32 |       CCC      33 |       CAC      30 |       CGC      19
      CTA      68 |       CCA      52 | Gln Q CAA     108 |       CGA       9
      CTG      79 |       CCG      19 |       CAG      57 |       CGG      14
------------------------------------------------------------------------------
Ile I ATT      98 | Thr T ACT      37 | Asn N AAT      50 | Ser S AGT      33
      ATC      38 |       ACC      54 |       AAC      44 |       AGC      27
      ATA      40 |       ACA      76 | Lys K AAA     134 | Arg R AGA     134
Met M ATG      53 |       ACG      57 |       AAG     112 |       AGG      28
------------------------------------------------------------------------------
Val V GTT      43 | Ala A GCT      82 | Asp D GAT     161 | Gly G GGT      99
      GTC      31 |       GCC      22 |       GAC      69 |       GGC      26
      GTA      11 |       GCA      47 | Glu E GAA     177 |       GGA      25
      GTG      48 |       GCG      29 |       GAG     126 |       GGG      35
------------------------------------------------------------------------------


Codon position x base (3x4) table, overall

position  1:    T:0.22814    C:0.19487    A:0.28624    G:0.29075
position  2:    T:0.26142    C:0.21968    A:0.36830    G:0.15059
position  3:    T:0.29047    C:0.17710    A:0.28567    G:0.24676
Average         T:0.26001    C:0.19722    A:0.31340    G:0.22937

Codon frequencies under model, for use in evolver (TTT TTC TTA TTG ... GGG):
  0.01639344  0.01639344  0.01639344  0.01639344
  0.01639344  0.01639344  0.01639344  0.01639344
  0.01639344  0.01639344  0.00000000  0.00000000
  0.01639344  0.01639344  0.00000000  0.01639344
  0.01639344  0.01639344  0.01639344  0.01639344
  0.01639344  0.01639344  0.01639344  0.01639344
  0.01639344  0.01639344  0.01639344  0.01639344
  0.01639344  0.01639344  0.01639344  0.01639344
  0.01639344  0.01639344  0.01639344  0.01639344
  0.01639344  0.01639344  0.01639344  0.01639344
  0.01639344  0.01639344  0.01639344  0.01639344
  0.01639344  0.01639344  0.01639344  0.01639344
  0.01639344  0.01639344  0.01639344  0.01639344
  0.01639344  0.01639344  0.01639344  0.01639344
  0.01639344  0.01639344  0.01639344  0.01639344
  0.01639344  0.01639344  0.01639344  0.01639344


TREE #  1:  (((((1, 4), (3, 2)), 5), 6), ((7, 8), 9));   MP score: 1337
This is a rooted tree.  Please check!
lnL(ntime: 16  np: 18):  -6999.916444      +0.000000
  10..11   11..12   12..13   13..14   14..1    14..4    13..15   15..3    15..2    12..5    11..6    10..16   16..17   17..7    17..8    16..9  
 0.355461 0.229944 0.724663 0.029574 0.114905 0.135199 0.055328 0.267140 0.389161 1.024122 1.269638 0.313381 0.221015 2.159707 1.264804 5.688122 1.687435 0.043584

Note: Branch length is defined as number of nucleotide substitutions per codon (not per neucleotide site).

tree length = 14.242164

(((((1: 0.114905, 4: 0.135199): 0.029574, (3: 0.267140, 2: 0.389161): 0.055328): 0.724663, 5: 1.024122): 0.229944, 6: 1.269638): 0.355461, ((7: 2.159707, 8: 1.264804): 0.221015, 9: 5.688122): 0.313381);

(((((Scer: 0.114905, Spar: 0.135199): 0.029574, (Smik: 0.267140, Sbay: 0.389161): 0.055328): 0.724663, Ncas: 1.024122): 0.229944, Cgla: 1.269638): 0.355461, ((Agos: 2.159707, Klac: 1.264804): 0.221015, Calb: 5.688122): 0.313381);

Detailed output identifying parameters

kappa (ts/tv) =  1.68744

omega (dN/dS) =  0.04358

dN & dS for each branch

 branch          t       N       S   dN/dS      dN      dS  N*dN  S*dS

  10..11     0.355   860.0   322.0  0.0436  0.0170  0.3896  14.6 125.4
  11..12     0.230   860.0   322.0  0.0436  0.0110  0.2520   9.4  81.2
  12..13     0.725   860.0   322.0  0.0436  0.0346  0.7943  29.8 255.7
  13..14     0.030   860.0   322.0  0.0436  0.0014  0.0324   1.2  10.4
  14..1      0.115   860.0   322.0  0.0436  0.0055  0.1259   4.7  40.6
  14..4      0.135   860.0   322.0  0.0436  0.0065  0.1482   5.6  47.7
  13..15     0.055   860.0   322.0  0.0436  0.0026  0.0606   2.3  19.5
  15..3      0.267   860.0   322.0  0.0436  0.0128  0.2928  11.0  94.3
  15..2      0.389   860.0   322.0  0.0436  0.0186  0.4265  16.0 137.3
  12..5      1.024   860.0   322.0  0.0436  0.0489  1.1225  42.1 361.4
  11..6      1.270   860.0   322.0  0.0436  0.0607  1.3916  52.2 448.1
  10..16     0.313   860.0   322.0  0.0436  0.0150  0.3435  12.9 110.6
  16..17     0.221   860.0   322.0  0.0436  0.0106  0.2422   9.1  78.0
  17..7      2.160   860.0   322.0  0.0436  0.1032  2.3672  88.7 762.2
  17..8      1.265   860.0   322.0  0.0436  0.0604  1.3863  52.0 446.4
  16..9      5.688   860.0   322.0  0.0436  0.2717  6.2345 233.7 2007.4

tree length for dN:       0.6804
tree length for dS:      15.6102


Time used:  0:10
