      9   1182

Scer                            AAC ATT AAA AGG GTC GAT TTG TTG GGT CAA GTC TCT ACT TTT TCA GAA CGT CTT TTG CTT GGT TTT GTT CAA GGT ACA GTC TCC ATT CAA TTG AAA TTG ATT GTC GGC CCA GTA TTG ATT ACA TTG AAC TCA CAA AGA TAT AGA GTC TCC GAC GAG GAT AGA GAC AAC GTC GAA AAT GCT AAT AGA CTT CCT TTT GGT CAA GAA GCA TAT CTA TTC TTA AAG GGG CCA CCT GTT TCT ATT ACC GAA AGA GAA TTG CAA GGA GCT CTT GAA ATT AAG TTA AAA AAT TTG ATG TGG GGG ATT CGT GAT AAG ACT AAA TGT TAT CAA TTC CTG TCT AAG CGT GGC GAT TTC CAA TGG TTG GAG AAT TTA AAG AAG GAC CTG GCA TTG TTG GAT ACT CCT GAT GAC AAA GGC ACA ACC GCC GAT GGG ACA ACA CGT ACC GAA GTC TTG ACA AAG AAA CAG TTA CGT AAG GAA ACC GAA AAG TTT GAG TTG ACC CAA GTG GAC GGC AGG AAT TTG GCT ATC AGC GGA TTG TAC TTC ATT GGA AAG AAC AAA GCC AGA GTC GAT CCA TTG AAC GAA CTG GGT TCG TGG CTA ATC CTC AGA GGA TTT GGT ACA GAA CCA CAA GGA AAG AAG TGT AAA ACT GAC AAA GTC TTA TTT CAA AGA TGT GGT AGA TTC GAA GCT GAC GAA CTT CGA TGG GAT TTA TTC AAA CAA ATT GAA ACA GCA GTC ATT TTC ACC GCT CTG TGG TCC ACA TCA TTA GAT AAA GAG AGA GTT TAT CGT GGG TGG AAG GCC GAA AAG ATT GAG TTA TGC GGT AAG TTT GGT ATC AGA AAA AAT ACA GAT AGA AAG TCT CAT GGT GGT GAG TTT TAT CTG GAA ATG AAT TCG TTC AAG AAG CCG TTA GAA GAC CGT GCA AAG TTA GTT CAG GCT GAA TGG AAG ACT AGA CGT AAA GAT GCG GGT TTT GTT AGA AAA CAA CAA ACC TTG AAC GGG CTT TTG AGA TTA TTT TTG TTA TTG GTC TTA TTG GAG ATC TTA GAA GAT TTC TTG CCA TCA GAT GAT TTC ATT TTT AAG TTA TTC TTT CTG TTT GTC CCT TGG AAC GAG AAG AAG AAT GTA CCA TTG GAA CAT GCG TTG CAT TTG GAG ACT AGA GAA GAA CAT TTA CTA AAA AGA CCA GTC GGT TAC CAT TTG TAC GAT TAT TAT CTT TTG 
Sbay                            AAT ATT AAA AGG GTA GAT TTG TTG GGT CAA GTC TCT ACT TTC TCA GAA CGT CTC TTG CTC GGT TTT GTC CAA GGT ATG GTT TCC ATT CAA TTG AAA TTG ATT GTC GGT CCA GTT TTG ATC ACA TTG AAC TCG CAA AGA TAC AGA GTC TCC GAC GAG GAT AGA GAC AAC GTT GAA AAT GCC AAC AGA CTA CCT TTT GGT CAG GAA GCG TAC TTG TTT TTA AAG GGG CCA CCT GTT TCC ATT ACT GAA AGA GAG TTG CAA GGG GCT CTA GAA CTT AAG TTA AAG AAT TTG ATG TGG GGG ATT CGT GAT AAG ACC AAG TGT TAC CAA TTC TTG TCT AAA CGT GGG GAT TTT CAA TGG TTG GAG AAC TTA AAG AAG GAC TTG GCC TTG TTG GAT ACT CCT GAT GAC AAG GGT ACG ACT GCC GAT GGG ACG ACG CGT ACT GAA GTT TTG ACG AAG AAG CAA CTA CGT AAG GAA ACC GAG AAG TTT GAG TTG ACC CAA GTG GAC GGC AGG AAC TTG GCT ATT AGC GGG TTG TAC TTT ATT GGC AAG AAC AAG GCC AGA GTT GAT CCA TTG AAC GAA TTG GGT TCA TGG CTA ATC CTT AGG GGG TTC GGT ATG GAG CCA CAA GGC AAG AAG TGT AAG ACC GAT AAG GTT TTA TTC CAA AGA TGT GGT AGA TTC GAA GCC GAC GAA CTA AGA TGG GAT TTG TTC AAA CAA ATT GAA ACG GCA GTT ATT TTT ACC GCT TTG TGG TCT ACG TCA TTA GAC AAA GAG AGA GTT TAC CGT GGG TGG AAG GCC GAA AAG ATT GAA CTA TGC GGT AAG TTC GGT ATT AGA AAA AAC ACG GAT AGA AAG TCT CAT GGT GGT GAA TTC TAC TTG GAA ATG AAC TCC TTC AAG AAG CCA CTA GAA GAC CGT GCC AAG TTA GTC CAG GCT GAA TGG AAG ACC AGA CGT AAG GAT GCG GGT TTT GTC AGA AAG CAA CAA ACC TTG AAC GGG CTA TTG AGA TTG TTT CTG TTA TTG GTC TTA TTG GAG ATC TTG GAA GAT TTC TTG CCA TCG GAT GAT TTC ATT TTT AAG TTA TTC TTT TTG TTC GTT CCT TGG AAC GAG AAG AAA AAT GTT CCA TTG GAA CAT GCG TTG CAT TTG GAG ACT AGA GAG GAG CAC TTG TTG AAG AGA CCA GTC GGT TAC CAT TTG TAC GAT TAT TAC CTA TTG 
Smik                            AAT ATT AAA AGG GTC GAT TTA TTG GGT CAA GTT TCC ACT TTT TCA GAA CGT CTT TTG CTT GGT TTT GTT CAA GGT ATG GTC TCT ATT CAA TTG AAA TTG ATT GTC GGA CCA GTA CTA ATT ACT TTA AAC TCT CAA AGA TAT AGA GTA TCC GAC GAG GAT AGA GAC AAC GTC GAA AAT GCA AAC AGA CTT CCT TTC GGT CAA GAA GCG TAT TTG TTC TTA AAG GGA CCA CCT GTT TCT ATT ACC GAA AGA GAA TTG CAA GGG GCT CTT GAA ATT AAG TTA AAA AAT TTG ATG TGG GGG ATT CGT GAT AAG ACT AAG TGC TAT CAA TTC CTG TCT AAG CGT GGT GAT TTT CAA TGG TTA GAG AAT TTA AAG AAG GAT TTG GCC TTG TTG GAT ACT CCT GAT GAC AAA GGA ACG ACC GCC GAT GGG ACG ACG CGT ACC GAA GTC TTA ACA AAG AAA CAA TTA CGT AAG GAA ACC GAG AAG TTT GAG TTG ACT CAA GTG GAC GGC AGG AAT TTA GCT ATT AGC GGG TTG TAC TTC ATT GGT AAG AAC AAA GCT AGA GTT GAT CCA CTG AAC GAA TTG GGT TCG TGG TTA ATC CTT AGG GGG TTC GGT ATG GAA CCA CAA GGT AAG AAG TGT AAA ACT GAC AAA GTT TTG TTC CAA AGA TGC GGT AGA TTC GAG GCC GAC GAA CTT AGA TGG GAT TTG TTC AAA CAA ATT GAA ACG GCA GTC ATT TTT ACT GCT TTG TGG TCC ACG TCA TTA GAC AAA GAT AGG GTT TAT CGT GGG TGG AAG GCC GAA AAG ATC GAA TTA TGT GGT AAG TTC GGT ATT AGA AAA AAT ACA GAT AGA AAG TCT CAT GGT GGT GAG TTC TAT TTG GAA ATG AAT TCA TTC AAG AAA CCG TTA GAA GAT CGT GCG AAG TTA GTT CAG GCT GAA TGG AAG ACT AGA CGT AAA GAT GCG GGT TTT GTT AGA AAG CAA CAA ACT TTG AAC GGG CTT TTA AGA TTG TTC TTA TTA TTG GTC TTG TTG GAG ATT TTG GAA GAT TTC TTG CCA TCT GAT GAT TTC ATT TTT AAG TTA TTC TTC CTG TTC GTT CCT TGG AAC GAG AAG AAG AAC GTA CCA CTA GAA CAC GCG TTG CAC TTG GAG ACT AGA GAG GAG TAC TTA TTG AAA AGA CCA GTC GGT TAC CAT TTG TAC GAT TAT TAT CTT TTA 
Spar                            AAT ATT AAA AGG GTC GAT TTG TTG GGT CAA GTT TCT ACT TTT TCA GAA CGT CTC TTG CTC GGT TTT GTT CAA GGT ACA GTC TCC ATT CAA TTA AAA TTG ATT GTC GGT CCA GTA TTG ATT ACT TTG AAC TCA CAA AGA TAT AGA GTC TCC GAC GAG GAT AGA GAC AAC GTC GAA AAT GCC AAC AGA CTT CCT TTC GGT CAA GAA GCA TAT TTG TTT TTA AAG GGG CCA CCT GTT TCT ATT ACC GAA AGA GAA TTG CAA GGG GCT CTT GAA ATT AAG CTA AAG AAT TTG ATG TGG GGG ATT CGT GAT AAG ACT AAG TGC TAT CAA TTC CTG TCT AAG CGT GGA GAT TTC CAG TGG TTG GAG AAT CTC AAG AAG GAC TTG GCC TTG TTG GAC ACT CCT GAC GAC AAA GGT ACA ACC GCT GAT GGG ACA ACA CGT ACC GAG GTC TTG ACG AAG AAG CAG TTA CGT AAG GAA ACC GAA AAG TTT GAG TTG ACC CAA GTG GAC GGC AGG AAT TTG GCC ATC AGT GGG TTG TAC TTC ATT GGA AAG AAC AAA GCC AGA GTT GAT CCA TTG AAC GAA TTG GGT CCC TGG CTA ATC CTT AGG GGG TTT GGT ACA GAA CCA CAG GGA AAG AAG TGT AAA ACT GAC AAA GTT TTA TTT CAA AGA TGC GGT AGG TTC GAA GCT GAC GAA CTT AGA TGG GAT TTG TTC AAA CAA ATT GAA ACA GCA GTC ATT TTC ACC GCT TTG TGG TCC ACA TCA TTA GAT AAA GAG AGA GTT TAT CGT GGG TGG AAG GCC GAA AAG ATC GAA TTA TGC GGT AAG TTT GGT ATC AGA AAA AAT ACG GAT AGA AAG TCT CAT GGT GGT GAG TTT TAT TTG GAA ATG AAC TCA TTC AAG AAG CCG TTA GAA GAC CGT GCG AAG TTA GTT CAA GCT GAA TGG AAG ACT AGA CGT AAG GAT GCG GGT TTT GTT AGA AAG CAA CAA ACC TTG AAC GGG CTT TTG AGA TTG TTC TTG TTA TTG GTC TTA TTG GAG ATC TTG GAA GAT TTC TTG CCA TCA GAT GAT TTC ATT TTT AAG CTC TTC TTC CTG TTT GTT CCT TGG AAC GAG AAG AAG AAT GTA CCA TTG GAA CAC GCG TTG CAC TTG GAG ACC AGA GAG GAA CAT TTA TTG AAA AGA CCA GTC GGT TAC CAT TTA TAC GAT TAT TAC CTT TTG 
Ncas                            AAT ATT AAG AAA GTC GAT TTG TTG GGT CAA GTC TCT ACA TTT TCT GAA CGT TTA CTA TTA GGT TTT GTT CAG GGG TTA GTA TCT ATC CAA CTT AAG CTA ATC GTC GGT CCA GTG TTG ATT ACT TTG GAT TCA AGA AGA TAC AGA ACT TCA GAT GAA GAT AGA GAC AAC GTA GAA AAT GCT AAT AGA ATT CCA TTC GGT CAA GAA GCT TAC TTG TTT CTT AAG GGG CCA CCA GTC TCC ATT ACT GAA AGA GAA TTG CAA GGT GCT ATT GAA ATG AAG TTG AAG AAT CTA CTA TGG GGG ATT CGT GAA AAA ACC AAG TGT TAC CAA TTC TTG TCT AAA CGT GGG GAC TTT CAA TGG TTG GAA AAT CTT AAG AAG GAT TTG GCT TTG CTA GAT ACA CCA GAT GAT AAG GGT ACC ACT GCT GAC GGG ACC ACC CGT ACT GAC GTA TTC ACC AAA AAG CAG TTG CGT AAG GAA ACC GAG AAG TTC GAG TTG ACT CAA GTG GAT GGG AAA AAT TTG GCT ATC GAT GGT TTG TAT TAC ATC GGG AAG AAC AAG TCC AGA GTT GAT CCA TTA AAC GAA TTG GGC GCG TGG TTA ATT TTG AGG GGT TTC GGT TTA GAA CCA CAA GGG AAG AAG TGT AAA ACT GAC AAA GTT ATG TTC CAA AGA TGT GGT AGG TTT GAA GCT GAC GAA ATT AGA TGG GAT TTG TTC AAG CAG ATC GAA ACC GCG GTG ATC TTT ACT GCT TTG TGG TCA ACC TCT TTA GAT AAG GAA AGA GTT TAC CGT GGG TGG AAG GCC GAA AAG ATC GAA TTG TGT GGT AAA TTC GGG ATC AGA AAG AAT ACC GAT AGA AAG TCT CAT GGT GGT GAG TTC TAT TTG GAA TTG AAC TCT TTT AAA AAG CCA TTG GAA GAT CGT GCC AAG TTA GTT CAG GCT GAA TGG AAA ACT AGA CGT AAG GAT GCT GGT TTC GTC AGA AAG AGA CAA ACT CTA AAC GGG ATT TTG AGA TTG TTC TTA CTT TTG GTT CTC CTA GAA ATC TTG GAA GAC TTT CTA CCA TCA GAT GAT TTT ATC TTT AAG CTT TTC TTC TTG TTC GTT CCA TGG AAT GAA AAG AAA AAT GTG CCA TTG GAA CAT GCT CTA CAT CTA GAA ACT AGA GAA GAG CAT TTA TTG AAA AGA CCA GTT GGT TAT CAT CTT TAT GAT TAT TAC ATT TTG 
Cgla                            AAC ATT AAG AAG GTT GAT TTG TTG GGT CAA GTC TCT ACA TAC TCT GAA CGT TTA TTG TTA GGT TTC GTG CAA GGT TTA GTA TCC ATC CAA CTA AAG TTG ATC GTT GGT CCA GTA CTG ATC ACT TTG AAC TCT AGA AGA TAC AGA ACA CAA GAC GAG GAC AGA GAC AAC GTA GAA AAC GCT AAC AGA TTA CCT TTC GGT CAG GAA CCA TAC TTG TTT TTG AAG GGT CCA CCT GTC TCT ATA ACT GAA AGA GAA TTG CAA GGG GCT TTA GAA ATC AAG TTA AAG AAC TTA ATG TGG GGT ATA CGT GAG AGG ACC AAG TGT TAC CAG TTC CTA TCT AAG CGT GGA GAC TTC CAA TGG TTG GAA AAT TTG AAG AAG GAC TTG GCT TTG TTA GAT ACA CCT GAT GAT AAG GGT ACT ACT GCT GAC GGT ACT ACT CGT ACT GAC GTA TTC ACA AAG AAG CAA CTA CGT AAT GAA AGC GAG AAG TTT GAG TTG ACC CAA GTA GAC GGT AAG AAC TTG GCC ATC CAA GGG TTG TAT TAC ATC GGT AAG AAC AAG AGT AGA GTT GAC CCA TTG AAC GAA TTG GGT TCG TGG TTG ATC TAT CGT GGG TTT GGC TTA GAA CCA CAA GGT AAG AAG TGT AAG ACT GAC AAG GTT CTG TTT CAG AGA TGT GGC AGA TTC GAG GCT GAT GAA TTA AGA TGG GAT TTG TTC AAG CAA ATC GAA ACT GCA GTT ATA TTC ACT GCT TTG TGG TCT ACT TCT TTG GAC AAG GAG AGA GTT TAC CGT GGT TGG AAG GCT GAA AAG ATC GAA CTA TGT GGT AGG TTT GGT ATC AGA AAG AAT ACA GAC AGA AAG TCT CAC GGT GGT GAA TTT TAT TTG GAA ATG AAT TCG TTC AGG AAG CCA CTA GAA GAC CGT GCT AAG TTG GTG CAA GCC GAA TGG AAA ACT CGT CGT AAG GAT GCC GGT TTT GTC AGA AAG AGA CAA ACT TTG AAC GGT TTA TTG AGA TTG TTC CTA TTG TTG GTC TTA TTG GAG ATC TTG GAA GAT TTC TTA CCG TCT GAC GAC TTC ATA TTC AAG TTG TTC TTC CTA TTT GTT CCT TGG AAT GAG AAG AAG AAT GTA CCA CTG GAG CAT GCC TTA CAT TTG GAG ACC CGT GAG GAG CAC TTG TTG AAG AGA CCG GTC GGC TAC CAC CTA TAT GAC TAT TAC TTA TTG 
Agos                            AAC ATT AAG AAG GTC GAT CTA CTG GGT CAA GTG TCC ACG TAC TCG GAG CGT ATG TTG ATG GGC TTT GTG CAG GGC CTG GTA TCC ATC CAA CTC AAG CTG ATC GTG GGA CCC GTC CTT ATC ACT CTA TCC TCC AGG AGA TAC AGA ACG TCG GAC GAG GAC AGA GAC AAC GTA GAG AAC GCC AAC CGT TTA CCG TTC GGC CAG GAG GCG TAC CTA TTC TTG AAG GGA CCA CCG GTT TCG ATC ACG GAG CGG GAG CTG CAG GGC GCC TTA GAG CTC AAG TTG AAG AAC CTG CTA TGG GGT ATC CGG GAA AAG ACC AAG TGC TAC CAG TTT TTG TCG AAG CGG GGC GAC TTT CAG TGG CTA GAG AAC CTG AAG AAG GAC TTG GCG TTG CTG GAC ACG CCG GAC GAC AAG GGA ACG ACG GCC GAC GGG ACG ACG CGG ACG GAG GTA AGA ACC GAC AAG CAG CTA CGG AAC GAG ACC GAG AAG TTT GTC CTG ACC CAG GTG GAC GGG AAG AAC TTG GCC ATC CAG GGC CTG TAT TAC ATC GGA AAG AAC AAG TCT CGT GTG GAC CCA CTC AAC GAG TTG GGA GTC TGG CTG ATC CTA CGT GGC TAC GGG CTG GAG CCC CAG GGA AAG AAG TGC AAG ACT GAC AAG GTG CTG TTC CAG AGA TGC GGG AGA TTC GAG GCG GAT CAG TTA AGA TGG GAT CTG TTT AAG CAG ATC GAG ACG GCG GTG ATT TTT ACG GCT TTG TGG TCC ACG TCG CTA GAC AAG GAT AGA GTG TAC CGG GGG TGG AAG GCT GAG AAG ATC GAG CTA AGC GGC AAG TAC GGT ATC CGC AAG AAC ACC GAC AGA AAG TCG CAT GGT GGG GAG TAC TAC TTG CAG ATG AAC GGT TTC AAG AAG CCA CTA GAG GAC CGT GCG AAG CTA GTG CAG GCC GAG TGG AAG ACT CGG CGT AAG GAC GCA GGC TTT GTG CGG AAG AGG CAA ACG CTG AAC GGG TTA TTG AGA CTG TTC CTG TTG TTG GTG CTA TTG GAG ATC CTG CAG GAC TTC CTG CCG TCC GAC GAC TTC ATT TTT AAG CTG TTT TTC TTG TTC GTG CCG TGG GCG GAG AAG AAG AAC GTC CCC CTT GAG CAC GCA CTG CAC TTG GAG ACC CGG GAG GAG CAG TTG CTA AAG AGA CCG GTG GGG TAC CAT CTC TAT GAC TAC TAC TTA CTA 
Klac                            AAC ATT AAG AAA GTT GAC TTG TTG GGT CAA GTC TCT ACT TAT TCA GAA CGT ATG TTG ATG GGT TTT GTA CAG GGT CTC GTG TCC ATT CAA TTG AAG CTT ATT GTT GGG CCA GTG TTA ATC ACA TTG TCT TCT AGA AGA TAC AGA ACG TCG GAC CAA GAT AGA GAC AAC GTG GAA AAC GCT AAC AGA CTA CCA TTC GGT CAA GAA TCA TAC TTG TTC TTA AAA GGT CCA CCA GTG TCT ATC ACC GAA AGA GAA TTG CAA GGG GCT CTA GAA ATC AAG TTA AAG AAT TTG TTG TGG GGG ATC CGT GAA AGA ACC AAG TGT TAC CAA TTT TTG TCT AAG AGA GGA GAC TTT CAA TGG TTG GAA AAC CTT AAG AAG GAT TTG GCC TTG TTG GAT ACT CCA GAT GAC AAG GGG ACC ACC GCC GAC GGT ACC ACC AGA ACC GAA GTG TAT ACT AAA AAG CAG TTG CGT AAC GAA ACC GAA AAG TTC GAA TTG ACC CAA ATT GAC GGT AAA AAC TTG GCG ATC TCT GGG TTG TAT TAT ATT GGT AAG AAC AAG GCA CGT GTG GAT CCA TTG AAC GAA TTG GGT GTA TGG CTG ATC TAC AGG GGG TTT GGT CTC GAA CCA CAA GGT AAG AAG TGT AAA ACT GAC AAA GTG TTG TTT CAA AGA TGT GGT AGA TTT GAA GCT GAT GAA CTA AGA TGG GAC TTG TTT AAG CAG ATT GAA ACC GCT GTT ATC TTT ACT GCC TTG TGG TCT ACC TCA TTG GAT AAG GAT CGT GTC TAC CGT GGT TGG AAG GCC GAA AAG ATC GAA TTG AGT GGT AGA TTT GGT ATC AGA AAG AAC ACT GAT AGA AAG TCT CAT GGT GGT GAG TTT TAT TTG GAA ATG AAC TCA TTT AGA AAG CCT TTG GAA GAT CGT GCC AAA TTG GTA CAA GCT GAA TGG AAA ACT CGT CGT AAG GAT GCT GGT TTC GTC AGA AAG AGA CAA ACT CTT AAC GGT CTA TTG AGA TTG TTC TTG TTA TTG GTC CTA TTG CAA ATC TTG GAA GAT TTT TTG CCA TCT GAT GAT TTT ATC TTT AAG CTT TTT TTC TTG TTT GTG CCA TGG AAC CAA AAG AAG AAT GTG CCA TTA GAA CAC GCT TTG CAC TTG CAA ACT CGT GAG GAA TAC TTG TTG AAA AGA CCA GTC GGT TAC CAT TTG TAT GAC TAT TAT CTA TTG 
Calb                            AGC ATC AAA AAA TGC GAT TTA TTA GGA CAA GTC TCT ACA TTC TCT GAA CGT ATG TTA ATG GGT TTT GTT CAA GGT TTG GTT GCT ATC CAA TTA AAA TTG ATC GTC GGT CCA GTA TTG ATC ACA TTA GAT GCT AGA AGA TAC AGA GTC CAA GAT GAA GAT AGA GAT AAC GTT GAA AAC GCT AAC AGA TTG CCT TTT GGT AAA GAA AAA TAC TTG TTT TTA AGA GGG CCA CCT GTC TCT ATC ACC GAA AGG GAA TTA CAA GGA GCT TTG GAA TCG AAA TCC GAA AAT CTA TTA TGG AAC ATC CGT GAA AAA ACC AAA TGT TAC CAA TTT TTG TCT CAA ACG GGT GAC TTT CAA TGG TTA GAA AAT ATA AAG AAG GAG TTG GCT TTG CTA GAT ACA CCT GAT GAT AAG GGT TTG ACC GCT GAC GGA TTG TTG ACG ACC GAT GTT ATA ACT CCA CAA CAA TTG CGT GAA GAA TCC GAA AAA TTT TAT TTA ACC AGC GTG GAT GGT AAA AGC TTG GCT ATC AAA GGA TTA TAT TAC ATC GGT AAG AAC AAG CAA AGA GTG GAT CCA TTG AAC GAA TTG GGA TCA TGG TTA ATG TTA CGT GGA TAC GGT TTG GAA CCA CAA GGT AAG AAG ATT AAA ACT GAT AAA GTG ATG TTC CAA AGA TGT GGT AAA TTC GAG GCT GAT GAA TTG CGT TGG GAT TTG TTT AAA CAA ATC GAA TTG GCA GTC ATT TTT ACA TCA TTG TGG TCG TTG TCT TTG GAT AAA GAT AGA GTT TAC CGT GGA TGG AAA GCC GAA AAG ATT GAA TTG GCT GGT AAA TAC GGT ATC AGA AAA AAT ACT GAT AGA AAA TCT CAT GGT GGT GAA TAC TAT TTG GAA CAA AAC ACC TTC AAA CGT ACA TTG GAA GAG CGT GCC AGA TTG GTT CAA GCC GAA TGG AAG ACT AGA CGT CAA GAT GCC GGT TTT GTG AGA AAA AGA CAA ACA TTG AAC GGA TTG TTG AGA TTG TTT TTA TTA TTA GTG TTA TTA GAA ATT TTG GAA GAT TTC CTA CCT GCT GAT GAT TTC ATT TTT AAA ATA TTT TTT TTG TTC GTG CCT TGG AAT GAA AAG CAA AGT GTA CCA TTG GAA CAT GCC CTA CAT TTA GAA ACC AGA TAT GAA TTG TTA TTG AAA AGA CCT GTT GGT TAT CAC TTA TAT GAC TAT TAC TTG TTA 



Printing out site pattern counts


         9        657  P

Scer                            AAA AAA AAA AAA AAA AAA AAC AAC AAC AAC AAG AAG AAG AAG AAG AAG AAG AAG AAG AAT AAT AAT AAT AAT AAT AAT ACA ACA ACA ACA ACC ACC ACC ACC ACT ACT ACT ACT AGA AGA AGA AGA AGA AGA AGA AGA AGA AGA AGC AGG ATC ATC ATC ATG ATG ATT ATT ATT ATT ATT ATT ATT CAA CAA CAA CAA CAA CAA CAA CAA CAG CAG CAT CAT CAT CAT CCA CCA CCA CCG CCT CGA CGT CGT CGT CTA CTA CTC CTG CTG CTT CTT GAA GAA GAA GAA GAA GAA GAA GAA GAC GAC GAC GAC GAC GAC GAG GAG GAG GAG GAG GAG GAT GAT GAT GAT GAT GAT GAT GAT GAT GCA GCA GCA GCA GCC GCC GCC GCG GCT GCT GCT GCT GCT GCT GGA GGA GGC GGC GGC GGG GGG GGG GGT GGT GGT GGT GGT GGT GGT GGT GTA GTC GTC GTC GTC GTC GTC GTC GTC GTC GTG GTT GTT GTT GTT TAC TAC TAT TAT TAT TAT TCA TCA TCC TCC TCC TCG TCG TCT TCT TCT TGC TGG TGT TGT TTA TTA TTA TTA TTA TTA TTA TTA TTA TTC TTC TTC TTC TTC TTG TTG TTG TTG TTG TTG TTG TTG TTG TTG TTG TTG TTG TTT TTT TTT TTT TTT TTT 
Sbay                            ... ..G ..G ..G ..G ..G ... ... ... ..T ..A ... ... ... ... ... ... ... ... ..C ..C ..C ..C ... ... ... ... ..G ..G .TG ... ... ... ..T ..C ..C ... ... ... ... ... ... ... ... ... ... ... ..G ... ... ... ... ..T ... ... ..C ... ... ... ... ... C.. ... ... ... ... ... ... ... ..G ..A ... ..C ... ... ... ... ... ... ..A ... A.. ... ... ... ... T.G ..T T.. T.. ..A ..C ... ... ... ... ... ..G ..G ..G ... ... ... ... ... ..T ..A ..A ... ... ... ... ..C ... ... ... ... ... ... ... ... ... ..C ..C ..G ... ... ... ... ..C ..C ... ... ... ... ..C ..G ... ..G ..T ... ... ... ... ... ... ... ... ... ... ... ..T ..A ... ... ... ... ... ..T ..T ..T ... ..C ..C ... ... ... ... ..C ..C ..C ... ... ..G ... ... ..T ..A ..C ..C ... ... ... ... ... ... C.. ... ... ... ... ... ... ..G ..G ... ... ..T ..T ..T C.. ... ... ... ... ... ... ... ... ... ... ... ... ..C ..C ..C ... ... ... 
Smik                            ... ... ... ... ... ..G ... ... ... ..T ... ..A ... ... ... ... ... ... ... ..C ... ... ... ..C ... ... ..T ... ..G .TG ... ..T ..T ... ... ... ... ... ... ... ... ... ... ... ... ... ..G ..G ... ... ... ..T ..T ... ... ... ..C ... ... ... ... ... ... ... ... ... ... ... ... ... ..A ... T.C ..C ... ... ... ... ... ... ... A.. ... ... ... T.. T.G ..T ... T.. ... ... ... ... ... ... ..G ... ..G ..G ... ... ... ... ..T ... ..A ... ... ... ... ..T ..C ... ... ... ... ... ... ... ... ... ..C ..G ..G ... ... ..T ... ..A ..C ... ... ... ... ..T ..G ... ..T ..A ..A ... ... ... ... ... ... ... ... ... ... ... ... ..A ... ... ... ..T ... ... ..T ... ... ... ... ... ... ... ... ... ... ... ... ..T ... ..T ... ... ..A ... ..C ... ..T ... ..C ... ... ... ... ... ... ..G ..G ... ..G ... ... ... ... ..T ..A C.A C.. ..A ..A ..A ... ... ... ... ... ... ... ..C ..C ... ..C ... ... 
Spar                            ... ... ... ..G ..G ..G ... ... ... ..T ... ... ... ... ... ... ... ... ... ..C ..C ... ... ... ... ... ..T ..G ... ... ... ... ... ... ... ... ..C ... ... ... ... ... ... ... ... ..G ... ..G ..T ... ... ... ... ... ... ... ..C ... ... ... ... ... ... ... ... ... ... ... ..G ... ... ..A ... ..C ... ... ... ... ... ... ... A.. ... ... ... ... T.G ..T ... T.. ... ..C ... ... ... ..G ... ... ... ..G ... ... ... ... ... ... ..A ... ... ... ... ... ... ..C ... ... ... ... ... ... ... ... ..C ..G ... ... ..T ... ... ..C ... ..C ... ... ... ... ..G ... ..A ..T ... ... ... ... ... ... ... ... ... ... ... ... ... ... ... ... ... ..T ... ... ..T ... ... ... ... ... ... ... ..C ... ... ... ... ... ... ... ... C.C ..A ... ... ... ... ... ..C ... ... C.. C.C ... ... ... ... ... ..G ... ... ... ..T ... ... ... ... ... ... ... ..A ... ... ... ... ... ... ... ... ... ..C ... ... 
Ncas                            ..G ... ..G ..G ..G ..G ... ..T G.T ..T ..A ... ..A ..A ..A ... ... ... ... ... ..C ... ... ... ... ... ..T ..C ..C TT. ... ..T ..T ..T ..C ... ... ..A ... ... ... ... ... ... ... ..G ... ..G GAT .AA ..T ... ... C.A T.. ... ..C ..C ..C ... ... ..G AG. ... ... ... ... ..G ... ... ... ... ... ... ... ... ... ... ... ..A ..A A.. ... ... ... T.. T.G T.G T.. T.. A.. T.A ... ... ... ..C ... ... ..G ... ... ... ..T ..T ..T ... ..A ... ..A ..A ... ..A ... ... ..A ..C ..C ... ... ... ... ..G ..T ..C ..T ... ..T T.. ..T ... ... ... ... ... ... ..G ..T ..G ..G ..T ... ... ... ..C ..G ..G ... ... ... ... ... ..G ... ACT ... ..T ..T ... ..A ..G ..T ... ..C ... ..C ... ..T ..T ..C ..C ... ... ..T ... ..A ..T ..A G.. ..T ..C ... ... ..T ... ... ... ..G ..G C.T C.T ... A.G C.C ... ..G ... ..T .A. ..T ..T ..A ... ..A ..C ... ... C.T C.A C.A C.A ... ... ... ..C ..C ... ..C ..C ... 
Cgla                            ..G ..G ..G ..G ..G ..G ... ..T ... ... ... ... ..A ... .G. ... ... ... ..T ..C ... ..C ... ... ..C ..C ..T ... ..T TT. .G. ... ..T ..T ..C ... ..C ..A ... ... ... ... ... ... C.T ... ... C.T CAA .A. ... ... ... ... ... ..C ..C ..A ..C ..A ... ..C AG. ... ... ... ..G ... ... ..G ..A ..A ..C ... ..C ..C ... ... ..G ..A ... A.. ... ... ... T.G T.G TAT ..A T.. T.A T.A ... ... ..G ..C ..G ... ..G ..G ... ..T ... ..T ... ... ..A ..A ..A ... ... ... ..C ... ..G ..C ... ..C ..C ... ... ... ..T ..T C.. ..T ..T AGT ..C ... ... ..C ..C ... ... ..T ..G ..T ..A ..T ..T ..T ..T ... ... ... ..C ... ... ... ... ... ..T ACA ..T ... ... ... ..A ..T ..T ..A ..C ..G ..C ... ... ..T ..C ..C ... ... ..T ..T CAA ... ..T ... ... ... ... ... ..T ... ... ... C.. ... ..G ..G ..G C.G ... ..G ..G ... ... .A. ..T ... C.A C.. ... ..C ... ... C.A ..A ... ... ... ... ... ... ... .AC ..C ... ..C 
Agos                            ..G ..G ..G ..G ..G ..G ... GCG TC. ... ... ... ... G.C ... ... ... ... ..C ..C ..C ..C ..C ..C ..C ..C ..T ..C ..G CTG ... ... ..G ..G ..C ... ..C ..G ... C.C C.G C.G C.T C.T C.G ... ... C.T CAG .A. ... ... ... C.A ... ..C ..C ... ..C ..C ... C.C AGG ... ..G ..G ..G ..G ..G ..G ... ... ..G ..C ... ... ... ..C ..G ..A ..G A.. ..G ..G ... ..G ... ..A T.. T.. T.A A.G C.G ..G ..G ..G ..G ..G ..G ..G ... ..T ... ... ... ... ... ... ... ... .TC ..T ..C ..C ..A ..C ..C ..C ..C ..C ... ..G ..G ..G ..G ..T ... T.T ..A ..C ..G ..C ..C ..C ... ... ..C ..G ... ..A ..A ... ..T ..A ..C ... ..G ..C ..G ... ... ..C ... ACG ..G ..G ..G ..G ..A ..G ..G ... ..G ..G ... ..G ... ..T ..C ..C ..C ..C ..G ..C ..G ... ... GTC GGT ..G ..C ..G A.. ... ..C ..C C.. ..G C.G ..G C.. C.G C.. ..G C.G ..T ... .A. ... ..T C.. C.T C.C AGA C.A ... C.C C.. C.. ... C.. ... ... .AC ..C .AC ..C ... ... 
Klac                            ..G ... ..G ..G ..G ..G ... ... TCT ... ... ... ..A ..A .GA ..A ... ... ..C ..C ..C ..C ..C ... ..C ... ... ..T ..C CTC ... ... ..T ... ..C ... ... ... ... ... ... ... ... C.T C.T ... C.T ..G TCT .AA ... ... ... T.. ... ..C ..C ..C ... ..C ... ..C AG. ... ... ... ... ..G ... ... ... ..A T.C ..C ... ... ... ... ... ..T ..A A.. A.A ... ... ..G T.G TA. T.. T.. ..A A.G ... ... ... ... ... ... ... ..G ... ..T ... ... ..T ... ..A ... ..A C.A ..A ..T ... ... ..A ..C ... ..C ... ... ..C ..T ..C ..C T.. ... ... ..A ..T ... ... ..G ... ... ..C ..T ..G ..T ..A ..G ..T ..T ... ... ... ... ... ... ... ... ... ..G ..T ACG ..T ... ... ... ..G ..T ..G A.T ..C ..A ..G ..C ... ..T ... ..C ... ... ... ..T ..G ... ..T GTA ..A ... ... ... A.T ... ... ... ..G ... C.T ... ..G ..G C.. ..G ..G ..T ..T .AT ... ..T ... ..A ... .AT ... ... ... ... C.T ... ... ... ... ... ... .A. ..C ..C ... 
Calb                            ... ... ..G C.. G.. ... ... ..T G.T .G. C.A CGT ... CCA ..A .GA ..A ... G.A ..C ..C .GC ... .G. ..C ... ... ..T TTG TTG T.. ... ..A ... ..C ... ..C ..A ... ... ... ..G ... ... ... .A. ... C.T .AA .AA ..G ..T ... T.A CAA ..C ... ... ..C ..C ..C TCG AG. ... AGC ... ... ... ... A.. ..A ..A TTG ... ..C ... ... ... ..T A.A ... ..T ACG ... ... T.. T.G T.A T.. T.. T.G A.G ... ... ... ..T ..G ... ... T.T ..T ..T ..T ..T ..G ..T ..A ..A ..A ..A T.T ..T ... ... ..A ..C ... ..C ... ... ... ... ..T ..C AA. ... ..T CAA ..C ... ... ... ..C ... T.A ..T ... ..T ..T ..T ... ..A AAC ..A ... ... ... ... ... ..A ... ... TG. ... ... ..G ..T ... ..T ... ..G ... ..G ... ..C ... ..T ..T ..C ..C ... ... ..T G.T CAA G.T ..G ..A A.C ... ... ... GCT ... ... AT. ..G .CC A.. ... ..G A.G ... ... ..G ..T ... .A. ..T ..T ..A ... ... A.A ..A ... ..A C.A ... ..A ..A ..A ... .AC ..C ..C ... ... ... 

    5    3    2    2    1    2    4    1    1    1    2    1    1    1    3
    2    5    7    1    1    1    1    2    1    1    1    1    2    5    2
    1    1    2    3    1    2    1    2    7    1    1    1    1    1    2
    1    1    1    1    2    1    1    2    1    1    1    1    2    4    2
    1    1    2    3    1    1    2    2    2    1    1    1    1    2    1
    1    2    3    2    1    4    1    2    3    3    1    2    1    2    4
    5    2    3   11    1    1    1    2    2    1    1    1    2    1    2
    1    1    1    1    4    1    1    1    2    1    2    1    1    5    1
    2    1    1    1    1    1    1    1    2    1    1    1    1    1    1
    2    3    1    1    2    1    3    1    1    1    1    3    4    1    1
    1    2    1    1    1    1    1    1    3    1    3    1    1    2    1
    1    1    2    1    4    1    1    2    2    1    1    1    1    1    1
    1    2    1    8    2    1    3    1    2    2    2    1    1    1    3
    3    4    1    1    2    1    2    1    1    4    2    2    4    2    3
    4    1    1    3    2    1    3    2    2

CODONML (in paml version 4.9j, February 2020)  temp.nuc
Model: One dN/dS ratio, 
Codon frequency model: Fequal
ns =   9  ls = 394

Codon usage in sequences
--------------------------------------------------------------------------------------------------------------------------------------
Phe TTT  13  11   7  11  10   8 | Ser TCT   4   4   6   4   7   9 | Tyr TAT   7   1   7   6   5   5 | Cys TGT   3   3   2   1   4   4
    TTC  11  13  17  13  14  15 |     TCC   3   4   3   3   2   1 |     TAC   3   9   4   4   6   8 |     TGC   1   1   2   3   0   0
Leu TTA  16   9  20  12  10  15 |     TCA   4   3   3   5   4   0 | *** TAA   0   0   0   0   0   0 | *** TGA   0   0   0   0   0   0
    TTG  28  39  28  35  31  35 |     TCG   2   2   1   0   0   2 |     TAG   0   0   0   0   0   0 | Trp TGG   8   8   8   8   8   8
--------------------------------------------------------------------------------------------------------------------------------------
Leu CTT   7   2   8   6   6   0 | Pro CCT   4   4   4   4   0   4 | His CAT   5   4   2   3   5   2 | Arg CGT   8   8   8   8   8  11
    CTC   1   2   0   4   1   0 |     CCC   0   0   0   1   0   0 |     CAC   0   1   2   2   0   3 |     CGC   0   0   0   0   0   0
    CTA   3   9   2   2  10   8 |     CCA   7   8   7   7  12   7 | Gln CAA  14  14  15  13  10  13 |     CGA   1   0   0   0   0   0
    CTG   6   1   3   2   0   3 |     CCG   1   0   1   1   0   2 |     CAG   2   2   1   3   4   3 |     CGG   0   0   0   0   0   0
--------------------------------------------------------------------------------------------------------------------------------------
Ile ATT  12  12  14  11  10   1 | Thr ACT   6   6  10   6  11  13 | Asn AAT   8   4   7   7   9   6 | Ser AGT   0   0   0   1   0   1
    ATC   4   3   2   5  10  11 |     ACC   7   7   4   8   9   3 |     AAC   7  11   8   8   5  10 |     AGC   1   1   1   0   0   1
    ATA   0   0   0   0   0   4 |     ACA  10   1   2   7   2   5 | Lys AAA  15   7  14  10  12   1 | Arg AGA  17  17  16  16  18  17
Met ATG   2   4   4   2   2   2 |     ACG   0   7   5   2   0   0 |     AAG  23  31  24  28  28  35 |     AGG   2   3   4   4   2   3
--------------------------------------------------------------------------------------------------------------------------------------
Val GTT   5  11   9   9   8   7 | Ala GCT   6   4   5   5  11   8 | Asp GAT  16  16  18  14  19   8 | Gly GGT  13  15  16  15  15  20
    GTC  13   8   8   9   5   5 |     GCC   3   7   4   5   2   4 |     GAC   8   8   7  10   7  16 |     GGC   4   3   1   1   1   3
    GTA   2   1   3   2   3   6 |     GCA   4   1   2   2   0   1 | Glu GAA  22  19  19  21  27  19 |     GGA   5   0   3   3   0   1
    GTG   1   1   1   1   4   2 |     GCG   2   3   4   3   2   0 |     GAG   9  12  11  10   4  12 |     GGG   5   9   7   8  11   3
--------------------------------------------------------------------------------------------------------------------------------------

--------------------------------------------------------------------------------------
Phe TTT   9  16  13 | Ser TCT   1   9   6 | Tyr TAT   2   8   7 | Cys TGT   0   3   2
    TTC  10   6   7 |     TCC   6   1   2 |     TAC  13   7   9 |     TGC   3   0   1
Leu TTA   5   5  22 |     TCA   0   4   2 | *** TAA   0   0   0 | *** TGA   0   0   0
    TTG  17  42  37 |     TCG   6   1   2 |     TAG   0   0   0 | Trp TGG   8   8   8
--------------------------------------------------------------------------------------
Leu CTT   2   4   0 | Pro CCT   0   1   6 | His CAT   2   2   3 | Arg CGT   6  10   9
    CTC   4   2   0 |     CCC   3   0   0 |     CAC   2   2   1 |     CGC   1   0   0
    CTA  14   6   4 |     CCA   3  11   6 | Gln CAA   3  15  19 |     CGA   0   0   0
    CTG  20   1   0 |     CCG   6   0   0 |     CAG  16   3   0 |     CGG   9   0   0
--------------------------------------------------------------------------------------
Ile ATT   3   6   5 | Thr ACT   3   9   4 | Asn AAT   0   2   4 | Ser AGT   0   1   1
    ATC  12  11  10 |     ACC   6  11   7 |     AAC  14  13   8 |     AGC   1   0   3
    ATA   0   0   3 |     ACA   0   1   6 | Lys AAA   0   9  24 | Arg AGA  11  20  18
Met ATG   3   3   4 |     ACG  13   1   2 |     AAG  38  27  10 |     AGG   2   1   1
--------------------------------------------------------------------------------------
Val GTT   1   3   7 | Ala GCT   2   7  10 | Asp GAT   4  14  21 | Gly GGT   5  20  17
    GTC   5   5   5 |     GCC   5   5   5 |     GAC  21  10   3 |     GGC   9   0   0
    GTA   3   3   2 |     GCA   2   1   1 | Glu GAA   1  25  29 |     GGA   6   1   8
    GTG  13   9   6 |     GCG   6   1   0 |     GAG  26   2   3 |     GGG   8   6   1
--------------------------------------------------------------------------------------

Codon position x base (3x4) table for each sequence.

#1: Scer           
position  1:    T:0.26142    C:0.14975    A:0.28934    G:0.29949
position  2:    T:0.31472    C:0.15990    A:0.35279    G:0.17259
position  3:    T:0.29695    C:0.16751    A:0.30457    G:0.23096
Average         T:0.29103    C:0.15905    A:0.31557    G:0.23435

#2: Sbay           
position  1:    T:0.27157    C:0.13959    A:0.28934    G:0.29949
position  2:    T:0.31980    C:0.15482    A:0.35279    G:0.17259
position  3:    T:0.26650    C:0.19797    A:0.22589    G:0.30964
Average         T:0.28596    C:0.16413    A:0.28934    G:0.26058

#3: Smik           
position  1:    T:0.27411    C:0.13452    A:0.29188    G:0.29949
position  2:    T:0.31980    C:0.15482    A:0.35279    G:0.17259
position  3:    T:0.31218    C:0.15990    A:0.26904    G:0.25888
Average         T:0.30203    C:0.14975    A:0.30457    G:0.24365

#4: Spar           
position  1:    T:0.26650    C:0.14213    A:0.29188    G:0.29949
position  2:    T:0.31472    C:0.15990    A:0.35279    G:0.17259
position  3:    T:0.28173    C:0.19289    A:0.25381    G:0.27157
Average         T:0.28765    C:0.16497    A:0.29949    G:0.24788

#5: Ncas           
position  1:    T:0.25635    C:0.14213    A:0.29949    G:0.30203
position  2:    T:0.31472    C:0.15736    A:0.35787    G:0.17005
position  3:    T:0.32487    C:0.15736    A:0.27411    G:0.24365
Average         T:0.29865    C:0.15228    A:0.31049    G:0.23858

#6: Cgla           
position  1:    T:0.27919    C:0.14213    A:0.28680    G:0.29188
position  2:    T:0.30964    C:0.14975    A:0.35787    G:0.18274
position  3:    T:0.27157    C:0.20305    A:0.24619    G:0.27919
Average         T:0.28680    C:0.16497    A:0.29695    G:0.25127

#7: Agos           
position  1:    T:0.20305    C:0.23096    A:0.26904    G:0.29695
position  2:    T:0.30711    C:0.15736    A:0.36041    G:0.17513
position  3:    T:0.10152    C:0.29188    A:0.12183    G:0.48477
Average         T:0.20389    C:0.22673    A:0.25042    G:0.31895

#8: Klac           
position  1:    T:0.27919    C:0.14467    A:0.29188    G:0.28426
position  2:    T:0.30964    C:0.15990    A:0.35279    G:0.17766
position  3:    T:0.29188    C:0.18528    A:0.25635    G:0.26650
Average         T:0.29357    C:0.16328    A:0.30034    G:0.24281

#9: Calb           
position  1:    T:0.29949    C:0.12183    A:0.27919    G:0.29949
position  2:    T:0.31726    C:0.14975    A:0.35787    G:0.17513
position  3:    T:0.29188    C:0.15482    A:0.36548    G:0.18782
Average         T:0.30288    C:0.14213    A:0.33418    G:0.22081

Sums of codon usage counts
------------------------------------------------------------------------------
Phe F TTT      98 | Ser S TCT      50 | Tyr Y TAT      48 | Cys C TGT      22
      TTC     106 |       TCC      25 |       TAC      63 |       TGC      11
Leu L TTA     114 |       TCA      25 | *** * TAA       0 | *** * TGA       0
      TTG     292 |       TCG      16 |       TAG       0 | Trp W TGG      72
------------------------------------------------------------------------------
Leu L CTT      35 | Pro P CCT      27 | His H CAT      28 | Arg R CGT      76
      CTC      14 |       CCC       4 |       CAC      13 |       CGC       1
      CTA      58 |       CCA      68 | Gln Q CAA     116 |       CGA       1
      CTG      36 |       CCG      11 |       CAG      34 |       CGG       9
------------------------------------------------------------------------------
Ile I ATT      74 | Thr T ACT      68 | Asn N AAT      47 | Ser S AGT       4
      ATC      68 |       ACC      62 |       AAC      84 |       AGC       8
      ATA       7 |       ACA      34 | Lys K AAA      92 | Arg R AGA     150
Met M ATG      26 |       ACG      30 |       AAG     244 |       AGG      22
------------------------------------------------------------------------------
Val V GTT      60 | Ala A GCT      58 | Asp D GAT     130 | Gly G GGT     136
      GTC      63 |       GCC      40 |       GAC      90 |       GGC      22
      GTA      25 |       GCA      14 | Glu E GAA     182 |       GGA      27
      GTG      38 |       GCG      21 |       GAG      89 |       GGG      58
------------------------------------------------------------------------------


Codon position x base (3x4) table, overall

position  1:    T:0.26565    C:0.14975    A:0.28765    G:0.29695
position  2:    T:0.31416    C:0.15595    A:0.35533    G:0.17456
position  3:    T:0.27101    C:0.19007    A:0.25747    G:0.28144
Average         T:0.28361    C:0.16526    A:0.30015    G:0.25099

Codon frequencies under model, for use in evolver (TTT TTC TTA TTG ... GGG):
  0.01639344  0.01639344  0.01639344  0.01639344
  0.01639344  0.01639344  0.01639344  0.01639344
  0.01639344  0.01639344  0.00000000  0.00000000
  0.01639344  0.01639344  0.00000000  0.01639344
  0.01639344  0.01639344  0.01639344  0.01639344
  0.01639344  0.01639344  0.01639344  0.01639344
  0.01639344  0.01639344  0.01639344  0.01639344
  0.01639344  0.01639344  0.01639344  0.01639344
  0.01639344  0.01639344  0.01639344  0.01639344
  0.01639344  0.01639344  0.01639344  0.01639344
  0.01639344  0.01639344  0.01639344  0.01639344
  0.01639344  0.01639344  0.01639344  0.01639344
  0.01639344  0.01639344  0.01639344  0.01639344
  0.01639344  0.01639344  0.01639344  0.01639344
  0.01639344  0.01639344  0.01639344  0.01639344
  0.01639344  0.01639344  0.01639344  0.01639344


TREE #  1:  (((((1, 4), (3, 2)), 5), 6), ((7, 8), 9));   MP score: 968
This is a rooted tree.  Please check!
lnL(ntime: 16  np: 18):  -5302.860111      +0.000000
  10..11   11..12   12..13   13..14   14..1    14..4    13..15   15..3    15..2    12..5    11..6    10..16   16..17   17..7    17..8    16..9  
 0.033038 0.089436 0.397448 0.082411 0.142630 0.079477 0.000004 0.170747 0.241777 0.468467 0.444798 0.037686 0.122070 1.247884 0.393897 1.341066 2.170868 0.035520

Note: Branch length is defined as number of nucleotide substitutions per codon (not per neucleotide site).

tree length =  5.292834

(((((1: 0.142630, 4: 0.079477): 0.082411, (3: 0.170747, 2: 0.241777): 0.000004): 0.397448, 5: 0.468467): 0.089436, 6: 0.444798): 0.033038, ((7: 1.247884, 8: 0.393897): 0.122070, 9: 1.341066): 0.037686);

(((((Scer: 0.142630, Spar: 0.079477): 0.082411, (Smik: 0.170747, Sbay: 0.241777): 0.000004): 0.397448, Ncas: 0.468467): 0.089436, Cgla: 0.444798): 0.033038, ((Agos: 1.247884, Klac: 0.393897): 0.122070, Calb: 1.341066): 0.037686);

Detailed output identifying parameters

kappa (ts/tv) =  2.17087

omega (dN/dS) =  0.03552

dN & dS for each branch

 branch          t       N       S   dN/dS      dN      dS  N*dN  S*dS

  10..11     0.033   849.5   332.5  0.0355  0.0013  0.0359   1.1  11.9
  11..12     0.089   849.5   332.5  0.0355  0.0035  0.0972   2.9  32.3
  12..13     0.397   849.5   332.5  0.0355  0.0153  0.4318  13.0 143.6
  13..14     0.082   849.5   332.5  0.0355  0.0032  0.0895   2.7  29.8
  14..1      0.143   849.5   332.5  0.0355  0.0055  0.1549   4.7  51.5
  14..4      0.079   849.5   332.5  0.0355  0.0031  0.0863   2.6  28.7
  13..15     0.000   849.5   332.5  0.0355  0.0000  0.0000   0.0   0.0
  15..3      0.171   849.5   332.5  0.0355  0.0066  0.1855   5.6  61.7
  15..2      0.242   849.5   332.5  0.0355  0.0093  0.2627   7.9  87.3
  12..5      0.468   849.5   332.5  0.0355  0.0181  0.5089  15.4 169.2
  11..6      0.445   849.5   332.5  0.0355  0.0172  0.4832  14.6 160.7
  10..16     0.038   849.5   332.5  0.0355  0.0015  0.0409   1.2  13.6
  16..17     0.122   849.5   332.5  0.0355  0.0047  0.1326   4.0  44.1
  17..7      1.248   849.5   332.5  0.0355  0.0482  1.3557  40.9 450.8
  17..8      0.394   849.5   332.5  0.0355  0.0152  0.4279  12.9 142.3
  16..9      1.341   849.5   332.5  0.0355  0.0517  1.4569  44.0 484.4

tree length for dN:       0.2042
tree length for dS:       5.7500


Time used:  0:09
