      9   1182

Scer                            GCG GTT TTC CTA AGA GAT GCT AGG GGC ACT ACA GAC AAT AGG TTT CAC TTA TTT GAA GAA ATG ATC GGT AGG AAT ATT AAT GGT CAG AGA CAC CTA GAT TCT TAC CAA TTG ACC GCC TTC GTG ATT CAG GTA GCT AGA ACA TTG TCT GTA GGA AAA TTA TAC ACA AGT GAT TTG TGG ATG GAT TAT TCC TAC GAA TAT TTG GGG TTC ACC TAT AGA ACG ATA TAC ACA CGT GTA ATC GGC ACA GAC GTA CTT AAA GTG TGT CAC GAG AAC GAT GCT AGG CAT AAA ATG GAA GTT ATC AGT CGA TTG GTG TCC ATC AGA AAA CAC TTC AGG GCT TCG TAT GAT TTG GCC GTC TCG AGT GAA CAC CTG TAT GAA GTG CAT CAA AAT GTT AGG TGT ACT TAC GAT TCT TCG CTA GAA GAA ATA TGG GGT AGT AAG CAA TTT AAA AGA ACC GCC TAT CAA ACC TTA CAA GGT GGA TTG TAC AGG GTT GTG TCG GAA GGC TGT TCG TTG GAT ACA ACA ATT AAA ATT TTG ATT GTA CCC CAA TCC GAT CCT GAT GAT GCG GAT GAA GGC TTG TCC CTA ATT GTA GAG AAA GAA TCC CGT ATT CGT GCT TAT TTA GAT TTG AGT TTA ACT AAT GTG CCA TTC CCA TGG ATT AGA CCA ACA TTG AAA GTT GCT CAA TTT AGA GAT TTT CAT ATT AGT CAA ATG TTG GGC GGT CTT CCA GAA AGT CCT GTT AGA TTG TTG AGG GAA CAG TTG GGT ATG TCT CCA GAA TCT TCC AAT AGC AGA TAT TAT CCA AAA CAA ACA TTG TTC ATT GGT ATT TAC TAC TTA AGA GTA ATG CGT GAA GAG CAA CTA CAA TCG CAC GGA AGA GAA TAT GAA TCC GGT AAT ATT TAC AGA GGC ATG GGA TTG GTT TTG ATT GCT TTT GTT GTA ACT GAC ACA AGG CAA ACC TCC AGA TAC ATG CCA CCA CAA GTA ATC ATA AAG AGT AGA ATT TAT TTG GAA GGT AAA ACA CCT ATG AAG ACC ACC GAA CAG TCT CCA ACA GAA TGG CTG CAA ATT ATG GAT TTA ACC ATG TAT ATT TTG TCA GAA CAG TCT AGT ATA TAC GCA ACT GAG GAA TAT GAA TAT AGA AAG TTC TCG CAC AGA AAG TTC CCT TAC CCA GCG GCA GTG AGA TTT AGA AGA GAT GCT CTG TAC CAA TTG CGT TAT 
Sbay                            GCC GTC TTT CTA AGA GAT GCT AGA GGC ACT ACA GAC AAT AGA TTC CAC CTG TTC GAA GAG ATG ATC GGT AGG AAT ATT AAC GGT CAA AGA CAC CTA GAC GCT TAC CAA CTA ACC GCC TTC GTG ATT CAA GTC GCT AGA ACA CTG TCT GTA GGA AAA TTA TAC ACG AGT GAT TTG TGG ATG GAC TAC TCC TAT GAA TAC TTG GGG TTC ACT TAC AGA ACG ATA TAC ACA CGT GTA ATC GGG ACG GAC GTA CTT AAG GTG TGT CAC GAA AAT GAC GCC AGG CAT AAG ATG GAA GTT ATC AGT AGA CTA GTG TCT ATT AGA AAG CAC TTC AGG GCC TCA TAC GAC TTG GCT ATT TCG AGT GAA CAT TTG TAC GAA GTG CAT CAA AAT GTC AGG TGT ACC TAC GAT TCT TCT CTA GAA GAG ATA TGG GGT AGT AAG CAA TTC AAA AGA AGC GCC TAC CAA ACT TTA CAA GGT GGT CTA TAC AGG GTC GTG TCT GAG GGC TGT TCT TTG GAT ACA ACA ATC AAA ATA CTG ATC GTA CCC CAA TCC GAT CCT GAT GAT GCC GAT GAA GGG TTG TCC CTG ATT GTA GAG AAA GAA TCC CGT ATT CGC GCC TTC TTA GAT TTG AGT TTA ACT AAT GTG CCA TTT CCA TGG ATC AGA CCT ACA TTA AAG GTC GCT CAA TTT AGA GAT TTT CAC ATC AGT CAA ATG TTG GGG GGC CTT CCT GAG AGT CCT GTT AGA TTA TTG AGA GAA CAA TTA GGT ATG TCC CCA GAG TCC TCT AAC AGT AGA TAC TAC CCA AAA CAA ACA CTA TTC ATC GGT ATC TAC TAC TTA AGA GTC ATG CGT GAA GAA CAA CTA CAA TCA CAC GGG AGA GAC TAC GAG TCT GGT AAT ATT TAC AGA GGG ATG GGA TTG GTC TTG ATT GCC TTC GTC GTA ACC GAC ACG AGA CAA ACG TCC AGG TAC ATG CCT CCA CAA GTA ATC ATA AAG AGT AGA ATT TAT TTG GAG GGC AAA ACA CCT ATG AAG ACC ACC GAA CAA GCT CCA ACA GAA TGG TTG CAA ATT ATG GAT TTA ACC ATG TAC ATC CTG TCA GAA CAG GCT AGT ATA TAC GCA ACT GAA GAG TAC GAG TAC AGA AAA TTC TCT CAT AGA AAG TTT CCT TAC CCT GCC GCC GTG AGA TTC AGA AGA GAC GCC TTG TAT CAA TTA CGC TAC 
Smik                            GCG GTT TTC CTA AGA GAT GCT AGG GGT ACT ACA GAC AAT AGG TTC CAT TTA TTC GAA GAA ATG ATC GGT AGG AAT ATT AAT GGT CAA AGA CAC CTA GAT TCT TAC CAA TTA ACT GCC TTC GTT ATT CAA GTC GCT AGA ACT TTA TCT GTA GGG AAA TTA TAT ACG AGC GAC CTG TGG ATG GAT TAT TCC TAT GAA TAT CTG GGG TTT ACC TAC AGA ACA ATA TAC ACA CGT GTA ATC GGT ACG GAC GTA CTT AAA GTG TGT CAT GAG AAT GAT GCC AGG CAT AAG ATG GAA GTT ATC AGT AGA TTG GTT TCC ATC AGA AAG CAC TTT AGG GCT TCA TAT GAT CTG GCT GTC TCG AGT GAA CAT TTA TAC GAA GTT CAT CAA AAT GTT AGG TGT ACT TAC GAT TCT TCT CTA GAA GAA ATA TGG GGT AGT AAA CAA TTC AAA AGA ACC GCC TAC CAA ACG TTA CAA GGT GGT TTG TAC AGG GTT GTT TCC GAA GGT TGT TCT CTG GAT ACA ACA ATT AAA ATT TTA ATC GTA CCC CAA TCC GAT CCT GAT GAT GCG GAT GAA GGC TTG TCC CTT ATT GTA GAG AAA GAA TCC CGT ATT CGC GCT TAT TTA GAT TTG AGT TTA ACT AAT GTG CCT TTT CCA TGG ATT AGA CCA ACA TTG AAG GTT GCT CAA TTC AGA GAT TTC CAT ATT AGT CAA ATG CTA GGT GGT CTT CCA GAG AGT CCT GTT AGA TTG TTG AGG GAA CAA TTG GGT ATG TCC CCT GAA TCT TCC AAT AGC AGA TAC TAT CCA AAA CAA ACT TTA TTC ATT GGG ATT TAC TAC TTA AGA GTC ATG CGT GAG GAA CAA CTA CAA TCA CAC GGA AGA GAA TTC GAA TCC GGA AAT ATT TAC AGA GGC ATG GGA CTG GTT CTA ATT GCT TTC GTT GTA ACT GAC ACG AGG CAA ACT TCT AGA TAT ATG CCA CCA CAA GTA ATC ATA AAG AGT AGA ATT TAT CTA GAG GGT AAA ACA CCT ATG AAG ACC ACC GAG CAA TCT CCA ACA GAA TGG TTA CAA ATT ATG GAT TTA ACC ATG TAC ATT CTG TCA GAA CAG TCT AGT ATA TAC GCA ACT GAG GAG TAT GAA TAC AGA AAG TTC TCC CAT AGA AAG TTC CCT TAT CCA GCG GCA GTT AGA TTC AGA AGA GAT GCT TTA TAT CAA TTG CGC TAC 
Spar                            GCC GTT TTC CTA AGA AAA GCT AGG GGC ACG TTG GAC AAT AGG TTC CAC TTA TTC GAA GAA ATG ATC GGT AGG CCT TTA GGT GGT CAA AGA CAC CTA GAT GCT TAC CAA CTA ACC GCC TTC GTG GTT CAA GTC GCT AGA TTC CTG TCT GTG GGG AAA TTA TAT ACA TCA GAT TTG TGG ATG GAT TAT GCA TAC TCG TAT TTG GGA TTC ACC TAC TTT ACA ATA TAC ACC CGT GTA ATC GGT ACA GAC GTA TTA AAA GGC TGT CAC GAG AAC GAT GCC AGG CAT AAG ATG GAA GTT ATC AGT CGA CTG GTG TCC ATT AGA AAG CAC TTC TCG GCT TCG TAT GAT TTG GCT GTC TCA AGT GAA CAT ATG TAC TCG GTG CAT CAA AAT GTT TCG TGT GGT TAC GAA TCT TCT CTA GAA GAA ATC TGG GGT AGT AAG GAG TTC AAA AGG ATT GCC TAC GAG CTT TTA CAA GGT GGC CTG TAC AGG GTT GTG TCA ACA GGC TGC TCT TTG CCA ACC ACC ATT AAA ATT TTG ATT GTA CCC CAA TCT GAT CCT TCT GAT GCC GAT GAA GGC TTG ACC CTG TTA GTA GAG AAA TCG GCA CGT TTA CGC GCA TAT TTA GAT TTG AGT TTA CCA GAT GGC CCA TTT CCC TGG ATT AGA CCC ACA TTG AAG GTT GCT CAA TTT AGA GAT TTT CAA ATT AGT CAA AAA TTG GGT GAA TTA CCC ATG AGT CCC GTT GGC TTG TTG AGG GAA CAA TTG GGT ATG TCT CCA AAA TCT TCC GGT AGC AGA TAT TAT CCA AAA CAA TTC CTA TTC ATT GGT ATT TAT TAC TTA AGA GTC ATG CGT GAA GAG CAA CTA CAG TCG CAC GGT AGA GAA TAC AAA TCC GGT GAT ATT TAC AGA GGC ATG GGA TTG GTT TTG ATT GCT TTC GTT GTA GGT GAC ACA GAA TCA ACC TCT AGG AAT ATG CCC CCC TCA GTG ATC ATA AAG AGT AGA GTT TAC TTG ATG GAA AAA ACA CCT ATG AAG ACC ACC GAA CAA GCT CCC TTG GAA TGG ATG CAA ATT ATG TCT TTA ACC ATG TAT ATT TTA TCA GAA CAG GCT AGT ATA GCC CCT CCA GAG ATG TAT ACA TAC AGA AAG TTC TCA CAT AGA GGT TTC CCT AAT CCC GCC GCA GTG AGA TTC AGA AGA GAT GCA ATG TAC CAA TTG CGC TAC 
Ncas                            GCA GTG TTT TTA AGA GAT GCT AGA GGA ACT ACG GAT AAT CGT TTT CAT TTA TTT GGT GAA ATG ATT GGT AGG ACT ATC AAT GGT CAA AGG CAT TTA GAT TCT TAC CAA TTA ACC GCA TTC GTT ATT CAA GTC GCC AGA ACT TTG TCT GTT GGG AAG TTA TAC ACA AGT GAT ATG TGG ATG GAT TAT TCC TAT GAA TAT ATG GGT TTT ACT TAC AGG ACG TTA TAC ACA CGT GTC ATT GGT ACA GAT GTT TTA GTA GTT TGT CAT GAG AAT GAT GCC AGG CAT AAG ATG GAA GTT ATT AGT CGA TTA GTT TCT ATT AGA AAG CAT TTT AGA GCT TCA TAT GAT ATG GCT GTT TCT AGT GAA CAT TTA TAT GAA GTT CAT CAG AAT GTT AGA TGC ACA TAC GAT TCT TCG TTA GAT GAA ATT TGG GGT AGT AAG CAA TTC AAG AGA ACT GCA TAT CAA ACT TTA CAA GGG GGA TTA TAC AGG GTG GTT GGT GAA GGA TGT TCG TTG GAT ACA ACA ATA AAG ATT TTG ATT GTT CCA CAA TCT GAT CCT GAT GAT GCA GAT GAA GGG TTA TCC CTC ATC GTT GAA AAG GAA TCC CGT ATC CGT GCA TTT TTA GAG CTA AGT TTA ACA AAT GTT CCA TTC CCA TGG ATA AGA CCA ACT TTG AAG GTG GCC CAA TTT AGA GAT TTT CAT ATA AGT CAA ATG TTA GGT GGA TTA CCA GAA AGT CCA GTC AAG TTG TTA CGT GAA CAA TTG GGT ATG TCT CCA GAG TCC TCT AAT AGT AGA TAT TAT CCA AAA CAA ACT TTA TTC ATA GGT ATA TAT TAT TTA AGA GTC ATG CGT GAG GAA CAA TTA CAA TCA CAT GGA AGA GAA CAT GAG TCT GGT AAT ATC TAC AGA GGG ATG GGT TTG GTT TTA ATC GCT TTT GTG GTT ACA GAT ACA AGG CAA ACT TCC AGA TAT ATG CCA CCA CAA GTT ATC TTA AAA AGT AGA ATT TAT TTA GAA GGA AAG ACT CCT ATG AAG ACA ACA GAG CAA TCT CCA ACG GAA TGG TTA CAA ATC ATG GAT TTA ACA ATG TAT ATA TTA TCC GAT CAA TCT AGT ATT TAT GCA ACA GAG GAA TAT GAA TAT AGA AAG TTC GGT CAT AGA AAA TTT CCA TAT CCA GCA GCC GTT AGA TTT AGA AGA GAT GCA TTA TAT CAA TTG CGT TAC 
Cgla                            GCT GTG TTC CTA AGA GAT GCT AGG GGT ACC ACT GAC AAC AGA TAC CAT CTT TAC GAG GAC ATG ATA GGT CGC GAA ATG AAT GGC CAA AGA CAT CTA GAT GCC TAT CAG CTT ACT GCC TTC GTC ATA CAA GTC GCT AGA ACT CTG TCT GTT GGG AAG TTA TAC ACA AGT GAC TCC TGG ATG GAT TAC TCT TAT GAA TAC TCC GGT TTT ACT TAC AGA ACT CTG TAT ACG CGT GTC ATA GGT ACA GAC GTC CTA AAG TTT TGT CAT GAA AGC GAT GGT CGC CAT AAG ATG GAA GTT ATA AGT CGA CTG GTC TCC ATC AGA AAG CAC TTT AGA GCT TCT TAC GAT TCC GCT GTT TCT AGT GAA CAC TTG TAC GAA GTC CAT CAA AAC GTC AGA TGC ACG TAT GAT GCA TCT CTA GAC GAC ATA TGG GGC AGT AAG CAG TTT AAG CGT ACG GCC TAC CAG ACG CTA CAG GGC GGT CTG TAC CGC GTG GTC TCT GAG GGT TGT TCT TTG GAC ACG ACG GTA AAA ATC CTT ATT GTC CCG CAA TCT GAT CCT GAT GAT GCT GAT GAA GGA TTA TCA CTG ATG GTG GAA AAA GAA TCT CGT ATG AGA GCT TAT CTA GAA CTT AGT TTA ACT AAT TTT CCA TTT CCA TGG CTG AGA CCA ACG CTT AAG GTG GCT CAG TTT AGA GAT TTT CAT GTA AGT CAG ATG TTA GGT AAG CTA CCA GAA AGT CCA GTG AAG TTG TTA AGA GAA CAA TTG GGT GTT TCT CCA GAG TCC TCC AAT AGT AGA TAC TAC CCA AAA CAA ACT CTT TTC CTG GGT GTA TAC TAT TTA AGA GTC ATG CGT GAA GAG CAA GTA CAG TCT CAC GGT AGA GAA TTC GAG TCC GGG AAT ATT TAC AGA GGA ATG GGT TTG GTC TTA ATC GCT TTC GTG GTC ACG GAC ACA AAG CAG ACA TCT CGT TAT GTT CCA CCA CAG GTT ATC CTG AAG AGT AGA ATA GAG TTA GAA AAG AAG ACG CCT ATG AAA ACC ACC GAA CAA GCC CCA ACT GAA TGG TTG CAG ATC ATG GAT CTA ACA ATG TAC GTA TTG TCC GAC CAG GCC AGT ATC TAC GCA ACT GAA GAA TAC GAG TAC AGA AAG TTC TCT CAC AGA AAG TTT CCC TAT CCA GCT GCT GTC AGA TTC AGA AGA GAT GCT TTG TAT CAG TTG AGA TAC 
Agos                            GCG ATC TTC TTG AGG GAC GCA CGG GGC ACC ACA GAC AAC CAG TAC CAC ATG TAC GAG GAG TTG ATC GGT CGC GAC GTG AAC GGC CAA CGC CAT TTG GAC GCG TAC CAG TTA ACC GCA TTC GTG ATC CAA GTC GCG CGG TCG CTA TCA GTT GGC AAG CTG TAT ACG AGC GAT GAC TGG ATG GAC TAC TCC TAC GAG TAC GAC GGC TTT ACC TAC CGG ACG CTC TAC ACT CGT ATC ATC GGG ACG GAC GTG CTG CAG GTT TGT CAC GAG AAC AAG GCC CGC CAT AAG TTG GAG GTG ATC TCA CGA CTC GTG TCT ATT AGG AAG CAC TTT AGG ACA TCC TAC GAC GAC GCG GTA GGT TCA GAG CAT CTG TAC GAG GTG CAT CAG AAC GTA AGG TGC ACG TAC GCG TCT TCG TTG GAT GAG GTG TGG GGC AGT AAG CAG TTT AAG CGG ATG GCA TAC CAG AGC TTG CAG GGC GGC CTC TAC CGC ATC GTG GGG GAG GGC TGC TCG TTA GAC ACT ACT ATA AAG ATC CTA ATC GTG CCG CAG TCC GAC CCA GAC GAC GCG GAC GAG GGA CTC TCG CTC GTG GTC GAG AAG GAG TCC CGT GTG CGC GCG TTC TTG GAA CTT AGT CTG AAG AAC GTT CCA TTC CCG TGG CTG AGG CCG ACG CTG AAG ATC GCG GCA TTC AGA GAC TTC CAC ATA AGT CAG ATG CTG GGG AAC CTG CCG GAA AGT CCA GTT CAG TTA CTC CAG GAG CAG TTA GGA ATG TCA CCA GAG GCG TCT AAC AGC AGG TAC TAC CCT CGC CAG TCG TTA TTC CTG GGC ATA TAC TAC CTG AGA GTC ATG CGT GAG GAA CAG CTG CAG TCC CAC GGG AGA GAC TAC GAG TCT GGA AAC ATC TAC CGT GGA ATG GGA TTA GTA CTG ATC ACA TTC ATC GTG ACG GAC ACG CGG CAG ACG TCG CGC TAC ATG CCG CCG CAG GTT ATC CTC AAG AGT CGA ATC GTG CTG GAA AAC AAG ACG CCA TTG AAG ACC ACC GAG CAA GCG CCG ACA GAG TGG CTG CAG ATC ATG GAC TTG ACG TTG TAC ATA CTG TCG GAT CAG GCG AGT ATC TAT GCG AAG GAG GAA TAC GAG TAC AGA AAA TTC GGG CAT AGA AAG TTC CCC TAC CCG GCG TCG GTG AGG TTC AGA AGA AAG GCG CTG TAC GCA TTA CGC TAC 
Klac                            GCT ATC TTC TTG AGG GAT GCA AGG AGC ACG ACA GAT AAC AAA TTC CAT CTC TTC GAG GAA TTA ATC GGT AGG GAG ATG AAT GGA CAG AGA CAC TTG GAT GCT TAC CAA TTG ACA GCA TTT GTT ATT CAG GTT GCT AGA TCC TTG TCC GTA GGC AAA CTA TAC ACC TCG GAC CCC TGG ATG GAT TAC TCC TAC GAG TAC CCC GGG TTT ACT TAT AGA ACT CTT TAC ACC CGT GTG ATC GGT ACC GAC GTG CTA ATT ATA TGT CAT GAA AAC AAG GCC AGG CAT AAG TTA GAA GTC ATC TCT CGA TTA GTT TCT ATT AGA AAG CAT TTT AGA GCA TCG TAC GAT CCC GCT TTA GGT TCT GAA CAT TTA TAC GAG GTT CAT CAA AAC GTC AGA TGC ACT TAC GAC TCT TCT TTG GAT GAA ATT TGG GGA AGT AAG CAA TTC AAA AGA ACG GCA TAC CAA AGT TTG CAG GGG GGT TTA TAT AGG ATC GTT TCA GAA AGC TGT TCT TTG GAT ACC ACC GTT AAG ATT TTG ATT GTG CCA CAA TCG GAT CCA GAT GAT GCT GAT GAA GGA CTC TCC ATG ATG GTG GAG AAG GAG TCC CGT ATG CGG GCC TTT TTG GAA CTA AGT CTA AAA AAT ATA CCA TTC CCA TGG GCA AGA CCT ACG ATT AAG ATC GCT CAA TTT AGA GAT TTT CAT GTT AGT CAG ATG TTG GGT GAT CTA CCT GAA AGT CCA GTA AGC TTA CTC AAA GAA CAG TTA GGT ATG TCG CCA GAA AAT TCT AAT AGT AGG TAT TAC CCT AAG CAA TCC TTG TTT GCA GGT GTT TAT TAC CTA AGA GTT ATG CGT GAG GAA CAA TTG CAA TCG CAT GGA AGA GAA CAT GAA TCT GGT AAT ATT TAT AGA GGA ATG GGT TTG GTC TTG ATC GCA TTC ATC GTG ACT GAC ACC AGG CAA ACA TCG AGA TAC ATG CCT CCA CAA GTA ATC CTT AAG AGT AGA ATT TAC TTG GAA GAT AAA ACG CCA TTA AAG ACC ACC GAG CAG GCT CCA ACA GAA TGG TTA CAG ATC ATG GAT TTG ACT TTA TAT GTT TTG TCT GAT CAG GCT AGT ATT TAT GCA AAA GAA GAA TAC GAA TAC AGA AAG TTT TCA CAT AGA AAG TTT CCA TAC CCT GCT GCC GTT AGA TTC AGA AGA AAG GCC TTA TAC CAA TTA CGG TAT 
Calb                            GCT TTG TTC ATT CGT GAT GCC AGA GGT ACT ACC GAC AAC ATA ATA CAC TTA ATA AGA GAA TTA TTA GGT AGG GAC ATG GAC GGT CAA AGA CAT ATT GAC AGT TAT CAA TTA TCC GCA TTC ATC ATT CAA GTG GCA AGA AGT TTG GCA GTA GGA AAA TTA TAC ACG TCC GAT GGA TGG ATG GAC TAT GCC TAT GAA TAT GGA GGG TTT ACT TAT AGA ACC CTA TAT ACT CGT ATT TTA GAT ACG GAT GTA TTG TTA GTG TGT CAC GAA AAC GAG GCT AGG CAT AGA TTA GAA GTT TTA TCA AGA TCG ATC TCA ATT AGA AGA CAT TTT AGA AAT AAC TAT GAC GGA GCT ATT GGA TCA GAA CAC ATG TAT GAA ATC CAT CAC AAC GTT AGA GTT ACT TAT GAC TCT TCT ATT GAT GAA ATC TGG GGT TCT CGT AAG TTC AAA AGA TTG GCA TAC AAG GCT AAA CAA GGA GGT TCG TAT AGG TTG ATC GAT GAA GGT TGT TCT TTA GAT ACT ACT ATT ATT ATT TTG ATC GTA CCA GCA TCA GAT CCT GAT GAT GCT GAT GAA GGA GTG TCA AAC ATG GTT GAG ATT GAA GCC CGT ATG AGA GCA AAA AAA CAA TTA TCA TTA AAG AAT GTG CCT TTG CCA TGG ATA AGA CCT GTG TTA AGA TTG GCA CTG TTT AGA GAT TTT AAT ATT TCA CAA TTA ATC GAT GGC TTG CCT GAC TCA CCA ACT AGT TTA GTG ATA GAA CAG TTA GGT ATG TCA CCT GAA TCA TCA GAC ACG CGT TAC TAT CCA AAA CAA AGT TTA TTC ATA GGA ATT TAT TTT TTA AGA GTG ATG CGT GAA GAA GCA TAT CAA AAC CAT GGT AGA GAA TTT GAA TCA GGC AAT ATT TAT AGA GGA ATG GGA TTA GTT ATC ATT AAT TTC TTG GTA ACT GAT ACG CGT GAT ACT TCA AGA TAT ATG CCT CCA GAT GTA ATT CTA AAA TCA CGT ATT TTG ATC GAC GGC AAA GTG CCT TTA AGG ACG ACG GAA CAA AGT CCA ACC GAA TGG ATG CAA ATT ATG GAT AAA ACA TTA TAC ATT TTG TCT GAT AAT AGT TCA ATT TAT GCC AAG GAG GAC TAT GAA TTT AGA AAA TTC GAT CAC AGA AAA TTT CCT TAT CCT GCT AGT ATC AGA TTC AGA AGA GAG GCA ATG TAT CTG TTA AGA TAT 



Printing out site pattern counts


         9        678  P

Scer                            AAA AAA AAA AAA AAA AAC AAG AAG AAG AAG AAG AAT AAT AAT AAT ACA ACA ACA ACA ACA ACC ACC ACC ACC ACC ACC ACC ACG ACT ACT ACT AGA AGA AGA AGA AGA AGA AGA AGA AGA AGA AGA AGC AGG AGG AGG AGG AGG AGT AGT AGT AGT ATA ATA ATA ATC ATC ATC ATG ATG ATG ATG ATT ATT ATT ATT ATT ATT ATT ATT CAA CAA CAA CAA CAA CAA CAA CAA CAA CAC CAC CAC CAC CAG CAG CAG CAT CAT CCA CCA CCA CCA CCC CCT CCT CCT CGA CGT CGT CTA CTA CTA CTG CTT GAA GAA GAA GAA GAA GAA GAA GAA GAA GAA GAC GAC GAG GAG GAG GAG GAT GAT GAT GAT GAT GAT GAT GAT GAT GCA GCA GCC GCC GCG GCT GCT GCT GCT GCT GGA GGA GGA GGA GGC GGC GGC GGG GGT GGT GGT GGT GGT GGT GGT GTA GTA GTA GTA GTA GTC GTG GTG GTT GTT GTT GTT TAC TAC TAC TAC TAC TAC TAC TAC TAT TAT TAT TAT TAT TAT TAT TAT TAT TCA TCC TCC TCC TCC TCC TCG TCG TCG TCG TCT TCT TCT TCT TCT TGG TGT TGT TGT TTA TTA TTA TTC TTC TTC TTC TTC TTG TTG TTG TTG TTG TTG TTG TTG TTG TTG TTG TTG TTT TTT TTT TTT 
Sbay                            ... ... ... ..G ..G ..T ..A ... ... ... ... ..C ... ... ... ... ... ... ... ..G ... ... ... ..G ..T ..T .G. ... ..C ... ... ... ... ... ... ... ... ... ... ... ... ..G ..T ..A ..A ..A ... ... ... ... ... ... ... ... ... ... ... ..T ... ... ... ... ..A ..C ..C ..C ... ... ... ... ... ... ... ... ... ... ... ... ... ... ... ... ..T ..A ..A ... ..C ... ... ... ... ..T ... ... ... ... A.. ..C ... ... ... ..G T.. ... ... ... ... ... ... ..C ..G ..G ..G ..G ... ... ..A ..A ..A ... ..C ..C ... ... ... ... ... ... ... ... ..C ... ..T ..C ..C ..C ..C ... ... ... ... ..G ..T ... ..G ..G ... ..C ... ... ... ... ... ... ... ... ... ... ..C A.T ... ... ..C ..C ... ... ... ... ... ... ... ... ... ..T ..C ..C ..C ..C ..C ..C ..C ... .TC ... ... ... ... ... ..T ..A ... ..T ..T G.. ..C ..C ... ... ... ... ... ... C.G ... ... ... ... ..T ..T ..T C.A C.A C.. C.. C.. ..A ..A ... ... ... ... ... ..C ..C ..C ... 
Smik                            ... ... ... ... ..G ..T ... ..A ... ... ... ... ... ... ... ... ... ... ..T ..G ... ... ..T ..T ... ..G ... ..A ... ... ... ... ... ... ... ... ... ... ... ... ... ... ... ... ... ... ... ... ..C ... ... ... ... ... ... ... ... ... ... ... ... ... ... ..C ... ... ... ... ... ... ... ... ... ... ... ... ... ... ... ... ... ..T ..T ..A ..A ... ... ... ... ... ..T ... ... ... ... ... A.. ..C ... ... ... ..T T.A ... ... ... ... ... ..G ... ... ... ... ..G ... ... ..A ... ... ... ... ... ..C ... ... ... ... ... ... ... ... ... ..T ... ..C ... ... ... ... ... ..G ... ..T ..T ... ..T ... ... ..A ..G ... ... ... ... ... ... ... ... ..C ... ... ..T ... ... ... ... ... ... ... ... ... ..T ..T ..T ..C ..C ..C ..C ..C ... .TC ... ... ... ... ... ... ..T ... ..A ... ..C ..T ... ..C ... ... ... ... ... ... ... ... ... ... ... ..T ... ... ..T ..A ... C.. ..A ..A ... ... C.A C.. C.. ... ... ..C ..C ..C ..C 
Spar                            ... ... ... ... ..G ... ... ... ... ... GGT GG. ... CC. G.. ... ..C TTG TTC ... ... ... ... ... ... CTT .TT ..A GG. ..G C.A ... ... ... ... ... ... ... ..G G.C TTT ..G ... ... ... GAA ... TC. TCA ... ... ... ... ... ..C ... ... ..T .AA ... ... ... ... ... ... ... ... ... G.. T.A ... ... ... ... ... ... ..G G.G TC. ... ... ... ..T ..A ..A ... ..A ... ... ..C ... ..C ... ..C ... ... ... ..C ... ... ... ..G A.. T.A ... ... ... TCG ... ... A.. AC. ... ATG ... ... ... ... ... ... ... ... ... A.A CCA ..A ... ... TC. C.T ... ... ..T ..C ..C ..A ... ... ... ... ..G ..T ..C ... ... ..T ..A .AA ... ... ... ... ... ... ... ... ... ..G ..C ... .GC ... ... ... ... ... GC. ... ... ... ..T A.T ..T ... ..C ..C ..C ..C ... ... ..C ..C ... ... A.. G.A ..T ..T ... ... ..A ..A ..T G.. ... ... ... ... ... ..C ... ... ... ... ... ... ... ... ... ..T C.A C.. ..A C.. ... ... ... ... ... ... ... ... ..C ..C ..C ... 
Ncas                            ... ..G ..G GT. ..G ..T ... ... ..A ... ..A ... ... .C. ... ..T ... ..G ..T ... ..A ..A ... ..T ..T ..T ..T ... ..A ... ..A ... ... ... ... ... ... ..G ... .AG ..G ... ..T ..A C.T ... ... ..A ... ... ... ... ..T T.. ..T ... ..T ..T ... ... ... ... ... ... ..A ..A ..C ..C ... ..C ... ... ... ... ... ..G ... ... ... ..T ..T ..T ..T ..A ..A ..A ... ... ... ... ... ... ..A ..A ..A ... ... ... ... T.. T.. ..C T.A T.A ... ..T .GT ... ..G ... ..G ... ... ... ..T ..T ..A ... ... ..A ... ... ... ... ... ... ..G ... ... ... ..C ..A ..T ..A ..C ..A ... ..C ... ..T ..G ... ... ..A ..G ..T ..T ..A ... ... ..G ... ... ... ..C ..T ..T ..T ..C ..T ..T ..T ..G ... ..C ... ..T ... ... ..T ..T ..T ... ..T ..C ... ... ... ... ... C.. ... .T. ..C ... ... ..T ... ..T ..A ..T GGT ... ... ... ..C ... ... ... ... ..C ... ... ... ... ... ..T ..T ..T ... ..A ..A ..A ... ... ... ... ..A A.. ... C.A ..A ..C ... ... ... 
Cgla                            ... ... ..G ..G ..G .G. ... ... ... ..A ... ... ..C G.A ... ..G ..G ..T ..T ... ..A ... ..T ..A ..T ..G ..G ..T ..G ..C ... ... ... ... ... ... ... ... C.T .AG ... C.T ..T ... ..A .A. C.C ..A ... ... ... ... ..C C.G ... ... ..A ... ... ... ... G.T ..C ... C.G G.A ..C ... ..A ..G ... ... ..G ..G ..G ... ..G ..G ..G ... ..T ..T ... ..A ..A ... ... ... ... ... ... ... ..G ..A ..C ... ... A.A ... ... G.. ..G T.. ..A ... ..C ..G ... ... ... ..G ..G ..C ... ... ... ... ..A ..A ..A ... ... ..C ... ..C ... ..A ... ... ... ..T ... ..T ..T .G. ... ... ... ... ..T ..G ..T ..T ..T ..A ..T ..T AAG ..G ... ..C ..C ... ... ..C ..C ..G ..T ..C ..T T.T ..C ..G ..C ..G ... ... ... ..T ..T ... ..T ... ..T ..C ..C ..C ..C ..C ..C .TC G.G ... ..C ..A ..T ..T ..T ... ..T ..T ..T ..T G.C ... ..C G.A ... ... ... ..C ... C.T C.. ... ... ..T ... ..T ..T C.T C.. ... C.. C.T C.T ... ..A .CC ... C.T ..A ... .AC ..C ... 
Agos                            CGC ..G ..G C.G ..G ... ..A ... ... ... ... ..C ..C G.C ..C ..G ..T ... T.G ..G ..G ... ... ..G ... .G. .TG ... ..G ..C .AG ... ..G ..G C.. C.G C.T C.C C.G CAG C.G C.C ... C.. CA. C.. C.C ... ..C ... ... TCA ..C C.C G.G ... ... ..T ... ... T.. ... ..C ..C C.G ..A ..C ..C ..C G.G ..G ..G ..G ..G GC. ..G ..G ..G ..G ... ..T ... ..T ..A ... ... ..C ... ..T ..G ... ..G ..G ..A ..C ..A ... ..C ... T.G ..G ..C ... ..G ..G ..T ..G ..G ..G ..C ..G ..G ..G ... ... ... ..A ... ... ... A.G ..C ... ..C ..C .CG ..A ..C ..C ..G T.G ..A ..G ... ..C ..G A.A ..G ..A ... ..C ..G ..C ... ..A ..G ..C AAC ..A ..C ..C ..C ..A ... A.C ..G ..C ..T ..C ..A ..T ... A.C ..A ... ..G ..T ... ... ... ... ... ..T ... ..C ..C ..C ..C ..C ..C ..C GTG .TC ..G ..G ... ... ..G ..T ..C GGT GG. ... G.G ..A G.G ... ..A ... ..C ..C ... A.G ..G C.G ... ..T ... ... ... ..A C.C C.. C.A C.A C.. ..A C.. GAC ..A C.T C.C ... .AC ..C ..C 
Klac                            ..G ..G ... .TT ..G ... ... ... ... ... ... ... ..C G.G ... ..G ..C ... T.C ..C ..T ... ..A ..A ..T .GT ..G ..T ... ..G .AA ... ... ..G ... ... ... ... ... ..C ... ... ..T ... .AA ... ... ..A TCG ... ... TC. ..T C.T ..T ... ... ..T ... ... T.A ... ... ... GCA G.. ..C ... ... ..G ... ... ... ..G ... ... ... ... ... ..T ... ..T ..T ... ... ... ... ... ..T ... ... ..T ..A ..A ..A ..A ... ..G ... T.G T.G A.G T.A ..A ... ..T ..G ..G ..G ... ... ... ... ... ... ..T ..A ..A ..A ... A.G ... ..C ... ... ..C ..A ... ... ... ..C ..A ..T ..T ..C ..C ..A ... ..A ..T ..C ... ..T A.. ..A ..T ... .A. ... ... ..G ..A ... ... ..G ..G ..G ... ..T T.A A.A ..T A.C ..C ..A ..C ..T ..T ... ... ..T ... ... ... ... ..C ..C ..C ... ..C C.. ..C .T. ..T ... ... ..G ..G ..T ... GGT ..A ..T G.. ..G AA. ... ..C ... ... ..C ... C.C ..G C.. ..T ..T ... ..T ... ... ..A ... ... ... A.T ..A ... CCC ... C.A C.C ..C ..C ..C ... 
Calb                            ... .TT ... TT. .G. ... ..A CGT ..A .G. ..A G.C ..C G.C ... GTG ..T ..C .GT ..G ..A ..G T.. ..T ..T G.T TTG ..C ... ... .AG ... ... C.T C.T ... ... ... ... ..T ... ... .CG ..A .TA C.T ... ..A TCC TCA TC. TCA ..T C.. ..C ..T T.A ..T T.A ... T.A ... ... ..C ..A ... ... ... ... ..G ... GC. ... ... .TG ..C ... A.G G.T ..T ..T ... ... ..A ... A.T A.. ... ... ... ..T ..T ..A ..A ... ... A.. A.A ... A.T TAT AAC A.. T.G ... ..T AG. ... ... ... ... ... ... ..C ..T ... ..A ..A ... ... ..G ..C ... ... ... ..C C.A ... ... ..C AGT ..A ..T ..T ... ..A AA. ..A ..C ... ... ..T ..T ..T ..A .AT ... ..C ..C ..A ..A ... ... ... A.T ... ..T ... ..G A.T ... A.C T.G ... AC. ... ..T ..T ..T .TT ..T ..T ... ..T ... ..C ... .T. ..C ... .T. .TG A.A ..T ..A G.. ..A ..A ..A AAC GGA GAT ..T AG. ..A ..A ... G.A ... ... GT. ... ... AA. ... ... ..T ... ..T ..G ..A .C. ... ... ... ..A ..A A.C GGA ..A ..A G.. ..C A.A ..C ... 

    1    2    3    1    3    1    1    1    1    1    1    2    2    1    2
    2    3    2    2    3    1    2    1    1    1    1    1    1    2    1
    2    7    3    2    1    1    1    1    1    1    1    1    1    1    2
    1    3    2    1    5    1    2    1    2    1    1    3    1    1    4
    4    2    1    1    2    4    2    1    2    3    1    2    1    3    2
    1    1    2    2    2    1    2    2    3    1    1    1    2    1    3
    2    4    1    1    1    2    1    2    3    3    1    1    3    2    5
    2    1    3    2    1    2    2    2    3    2    1    1    1    1    1
    2    3    1    1    1    1    1    4    2    1    1    2    1    3    1
    2    2    2    1    1    1    1    1    2    2    2    1    2    1    1
    1    2    1    1    1    3    1    2    2    1    2    5    4    2    1
    1    1    2    3    1    1    2    1    2    2    1    1    1    2    5
    1    1    1    1    1    2    1    1    3    2    1    2    2    3    1
    1    1    1    4    1    1    1    1    3    3    3    2    1    1    1
    2    2    1    1    1    1    3    3    3    2    1    2    1    2    2
    2

CODONML (in paml version 4.9j, February 2020)  temp.nuc
Model: One dN/dS ratio, 
Codon frequency model: Fequal
ns =   9  ls = 394

Codon usage in sequences
--------------------------------------------------------------------------------------------------------------------------------------
Phe TTT   7   5   3   4  11   9 | Ser TCT   7   9   9  10  11  13 | Tyr TAT  15   3  12  10  18   9 | Cys TGT   3   3   3   2   2   2
    TTC   8  11  13  14   5   7 |     TCC   8   7  10   3   6   8 |     TAC  13  24  15  15   8  19 |     TGC   0   0   0   1   1   1
Leu TTA   7  10  14  13  28   8 |     TCA   1   3   3   7   2   1 | *** TAA   0   0   0   0   0   0 | *** TGA   0   0   0   0   0   0
    TTG  22  14   9  18   8   9 |     TCG   7   1   1   7   2   0 |     TAG   0   0   0   0   0   0 | Trp TGG   4   4   4   4   4   4
--------------------------------------------------------------------------------------------------------------------------------------
Leu CTT   2   2   3   1   0   6 | Pro CCT   4   8   6   5   2   2 | His CAT   3   4   7   4  11   6 | Arg CGT   5   3   3   3   7   5
    CTC   0   0   0   0   1   0 |     CCC   1   1   1   9   0   1 |     CAC   7   6   3   5   0   4 |     CGC   0   2   2   2   0   3
    CTA   5   8   7   6   1   8 |     CCA  10   6   8   6  13  11 | Gln CAA  15  19  19  15  19   8 |     CGA   1   0   0   1   1   1
    CTG   3   5   6   4   0   8 |     CCG   0   0   0   0   0   1 |     CAG   5   1   1   2   1  12 |     CGG   0   0   0   0   0   0
--------------------------------------------------------------------------------------------------------------------------------------
Ile ATT  16  10  15  13  10   2 | Thr ACT   5   5   9   0  10   9 | Asn AAT   7   6   8   4   7   4 | Ser AGT   9  10   8   8  10  10
    ATC   5  11   6   5   7   6 |     ACC   8   6   5  10   1   3 |     AAC   1   2   0   1   0   2 |     AGC   1   1   2   1   0   1
    ATA   4   5   4   3   6   6 |     ACA  12   9   8   8  13   5 | Lys AAA  10   7   8  11   3   4 | Arg AGA  20  24  21  16  20  23
Met ATG  11  11  11  16  14  12 |     ACG   1   5   4   1   3   9 |     AAG   5   8   7   7  12  15 |     AGG   9   6   9   8   6   1
--------------------------------------------------------------------------------------------------------------------------------------
Val GTT   8   2  13  10  17   6 | Ala GCT   8   7   8   9   4  12 | Asp GAT  16  11  15  13  20  13 | Gly GGT   9   8  12  15  13  12
    GTC   1   8   3   3   4  13 |     GCC   3  11   3   7   4   5 |     GAC   3   9   4   3   0   9 |     GGC   6   4   2   8   0   3
    GTA   9   7   7   5   1   5 |     GCA   2   1   2   5   8   2 | Glu GAA  23  16  19  17  18  19 |     GGA   4   2   3   2   6   2
    GTG   7   7   2   7   4   6 |     GCG   3   0   3   0   0   0 |     GAG   4  10   8   6   7   7 |     GGG   1   6   3   1   4   2
--------------------------------------------------------------------------------------------------------------------------------------

--------------------------------------------------------------------------------------
Phe TTT   3   9   8 | Ser TCT   4   9   5 | Tyr TAT   2   8  20 | Cys TGT   1   2   2
    TTC  11   7   7 |     TCC   5   6   2 |     TAC  26  18   4 |     TGC   2   1   0
Leu TTA   7  13  22 |     TCA   4   2  15 | *** TAA   0   0   0 | *** TGA   0   0   0
    TTG  10  17  12 |     TCG   8   6   2 |     TAG   0   0   0 | Trp TGG   4   4   4
--------------------------------------------------------------------------------------
Leu CTT   1   2   0 | Pro CCT   1   5   9 | His CAT   5  10   5 | Arg CGT   4   3   8
    CTC   7   3   0 |     CCC   1   3   0 |     CAC   5   1   5 |     CGC   8   0   0
    CTA   2   6   2 |     CCA   5  10   6 | Gln CAA   3  12  10 |     CGA   2   1   0
    CTG  16   0   2 |     CCG   8   0   0 |     CAG  19   8   1 |     CGG   5   2   0
--------------------------------------------------------------------------------------
Ile ATT   1  10  20 | Thr ACT   3   5   9 | Asn AAT   0   5   6 | Ser AGT   6   8   7
    ATC  17  10  10 |     ACC   5   8   3 |     AAC   9   3   6 |     AGC   3   3   0
    ATA   4   2   6 |     ACA   4   4   1 | Lys AAA   1   7  11 | Arg AGA   7  19  26
Met ATG   9  11  12 |     ACG  10   4   6 |     AAG  16  13   4 |     AGG   7   7   4
--------------------------------------------------------------------------------------
Val GTT   5  11   5 | Ala GCT   0   9   6 | Asp GAT   3  16  19 | Gly GGT   2   9   8
    GTC   3   3   0 |     GCC   1   4   4 |     GAC  19   4  11 |     GGC   9   1   3
    GTA   3   3   5 |     GCA   5   8   9 | Glu GAA   5  19  19 |     GGA   5   5  10
    GTG  14   5   8 |     GCG  14   0   0 |     GAG  20   8   4 |     GGG   5   2   1
--------------------------------------------------------------------------------------

Codon position x base (3x4) table for each sequence.

#1: Scer           
position  1:    T:0.25888    C:0.15482    A:0.31472    G:0.27157
position  2:    T:0.29188    C:0.20305    A:0.32234    G:0.18274
position  3:    T:0.31472    C:0.16497    A:0.31218    G:0.20812
Average         T:0.28849    C:0.17428    A:0.31641    G:0.22081

#2: Sbay           
position  1:    T:0.23858    C:0.16497    A:0.31980    G:0.27665
position  2:    T:0.29442    C:0.20051    A:0.31980    G:0.18528
position  3:    T:0.24365    C:0.26142    A:0.29695    G:0.19797
Average         T:0.25888    C:0.20897    A:0.31218    G:0.21997

#3: Smik           
position  1:    T:0.24365    C:0.16751    A:0.31726    G:0.27157
position  2:    T:0.29442    C:0.20305    A:0.31980    G:0.18274
position  3:    T:0.34010    C:0.17513    A:0.31218    G:0.17259
Average         T:0.29272    C:0.18190    A:0.31641    G:0.20897

#4: Spar           
position  1:    T:0.27411    C:0.15990    A:0.28426    G:0.28173
position  2:    T:0.30964    C:0.22081    A:0.28680    G:0.18274
position  3:    T:0.28173    C:0.22081    A:0.29188    G:0.20558
Average         T:0.28849    C:0.20051    A:0.28765    G:0.22335

#5: Ncas           
position  1:    T:0.26904    C:0.14213    A:0.30964    G:0.27919
position  2:    T:0.29695    C:0.20051    A:0.31472    G:0.18782
position  3:    T:0.38832    C:0.09391    A:0.35279    G:0.16497
Average         T:0.31810    C:0.14552    A:0.32572    G:0.21066

#6: Cgla           
position  1:    T:0.22843    C:0.19289    A:0.28426    G:0.29442
position  2:    T:0.28173    C:0.20812    A:0.33249    G:0.17766
position  3:    T:0.30457    C:0.21574    A:0.26142    G:0.21827
Average         T:0.27157    C:0.20558    A:0.29272    G:0.23012

#7: Agos           
position  1:    T:0.22081    C:0.23350    A:0.25888    G:0.28680
position  2:    T:0.28680    C:0.19797    A:0.33756    G:0.17766
position  3:    T:0.10406    C:0.33249    A:0.14467    G:0.41878
Average         T:0.20389    C:0.25465    A:0.24704    G:0.29442

#8: Klac           
position  1:    T:0.25888    C:0.16751    A:0.30203    G:0.27157
position  2:    T:0.28426    C:0.21066    A:0.33503    G:0.17005
position  3:    T:0.30711    C:0.19036    A:0.28173    G:0.22081
Average         T:0.28342    C:0.18951    A:0.30626    G:0.22081

#9: Calb           
position  1:    T:0.26142    C:0.12183    A:0.33249    G:0.28426
position  2:    T:0.30203    C:0.19543    A:0.31726    G:0.18528
position  3:    T:0.34772    C:0.13959    A:0.36041    G:0.15228
Average         T:0.30372    C:0.15228    A:0.33672    G:0.20728

Sums of codon usage counts
------------------------------------------------------------------------------
Phe F TTT      59 | Ser S TCT      77 | Tyr Y TAT      97 | Cys C TGT      20
      TTC      83 |       TCC      55 |       TAC     142 |       TGC       6
Leu L TTA     122 |       TCA      38 | *** * TAA       0 | *** * TGA       0
      TTG     119 |       TCG      34 |       TAG       0 | Trp W TGG      36
------------------------------------------------------------------------------
Leu L CTT      17 | Pro P CCT      42 | His H CAT      55 | Arg R CGT      41
      CTC      11 |       CCC      17 |       CAC      36 |       CGC      17
      CTA      45 |       CCA      75 | Gln Q CAA     120 |       CGA       7
      CTG      44 |       CCG       9 |       CAG      50 |       CGG       7
------------------------------------------------------------------------------
Ile I ATT      97 | Thr T ACT      55 | Asn N AAT      47 | Ser S AGT      76
      ATC      77 |       ACC      49 |       AAC      24 |       AGC      12
      ATA      40 |       ACA      64 | Lys K AAA      62 | Arg R AGA     176
Met M ATG     107 |       ACG      43 |       AAG      87 |       AGG      57
------------------------------------------------------------------------------
Val V GTT      77 | Ala A GCT      63 | Asp D GAT     126 | Gly G GGT      88
      GTC      38 |       GCC      42 |       GAC      62 |       GGC      36
      GTA      45 |       GCA      42 | Glu E GAA     155 |       GGA      39
      GTG      60 |       GCG      20 |       GAG      74 |       GGG      25
------------------------------------------------------------------------------


Codon position x base (3x4) table, overall

position  1:    T:0.25042    C:0.16723    A:0.30259    G:0.27975
position  2:    T:0.29357    C:0.20446    A:0.32064    G:0.18133
position  3:    T:0.29244    C:0.19938    A:0.29047    G:0.21771
Average         T:0.27881    C:0.19036    A:0.30457    G:0.22626

Codon frequencies under model, for use in evolver (TTT TTC TTA TTG ... GGG):
  0.01639344  0.01639344  0.01639344  0.01639344
  0.01639344  0.01639344  0.01639344  0.01639344
  0.01639344  0.01639344  0.00000000  0.00000000
  0.01639344  0.01639344  0.00000000  0.01639344
  0.01639344  0.01639344  0.01639344  0.01639344
  0.01639344  0.01639344  0.01639344  0.01639344
  0.01639344  0.01639344  0.01639344  0.01639344
  0.01639344  0.01639344  0.01639344  0.01639344
  0.01639344  0.01639344  0.01639344  0.01639344
  0.01639344  0.01639344  0.01639344  0.01639344
  0.01639344  0.01639344  0.01639344  0.01639344
  0.01639344  0.01639344  0.01639344  0.01639344
  0.01639344  0.01639344  0.01639344  0.01639344
  0.01639344  0.01639344  0.01639344  0.01639344
  0.01639344  0.01639344  0.01639344  0.01639344
  0.01639344  0.01639344  0.01639344  0.01639344


TREE #  1:  (((((1, 4), (3, 2)), 5), 6), ((7, 8), 9));   MP score: 1216
This is a rooted tree.  Please check!
lnL(ntime: 16  np: 18):  -6548.757728      +0.000000
  10..11   11..12   12..13   13..14   14..1    14..4    13..15   15..3    15..2    12..5    11..6    10..16   16..17   17..7    17..8    16..9  
 0.194198 0.160780 0.304550 0.000004 0.177068 0.748457 0.010819 0.166451 0.357087 0.430853 0.719307 0.183320 0.223800 1.237649 0.413870 2.731905 1.545846 0.057177

Note: Branch length is defined as number of nucleotide substitutions per codon (not per neucleotide site).

tree length =  8.060118

(((((1: 0.177068, 4: 0.748457): 0.000004, (3: 0.166451, 2: 0.357087): 0.010819): 0.304550, 5: 0.430853): 0.160780, 6: 0.719307): 0.194198, ((7: 1.237649, 8: 0.413870): 0.223800, 9: 2.731905): 0.183320);

(((((Scer: 0.177068, Spar: 0.748457): 0.000004, (Smik: 0.166451, Sbay: 0.357087): 0.010819): 0.304550, Ncas: 0.430853): 0.160780, Cgla: 0.719307): 0.194198, ((Agos: 1.237649, Klac: 0.413870): 0.223800, Calb: 2.731905): 0.183320);

Detailed output identifying parameters

kappa (ts/tv) =  1.54585

omega (dN/dS) =  0.05718

dN & dS for each branch

 branch          t       N       S   dN/dS      dN      dS  N*dN  S*dS

  10..11     0.194   863.6   318.4  0.0572  0.0119  0.2081  10.3  66.2
  11..12     0.161   863.6   318.4  0.0572  0.0098  0.1723   8.5  54.8
  12..13     0.305   863.6   318.4  0.0572  0.0187  0.3263  16.1 103.9
  13..14     0.000   863.6   318.4  0.0572  0.0000  0.0000   0.0   0.0
  14..1      0.177   863.6   318.4  0.0572  0.0108  0.1897   9.4  60.4
  14..4      0.748   863.6   318.4  0.0572  0.0459  0.8019  39.6 255.3
  13..15     0.011   863.6   318.4  0.0572  0.0007  0.0116   0.6   3.7
  15..3      0.166   863.6   318.4  0.0572  0.0102  0.1783   8.8  56.8
  15..2      0.357   863.6   318.4  0.0572  0.0219  0.3826  18.9 121.8
  12..5      0.431   863.6   318.4  0.0572  0.0264  0.4616  22.8 147.0
  11..6      0.719   863.6   318.4  0.0572  0.0441  0.7707  38.1 245.4
  10..16     0.183   863.6   318.4  0.0572  0.0112  0.1964   9.7  62.5
  16..17     0.224   863.6   318.4  0.0572  0.0137  0.2398  11.8  76.3
  17..7      1.238   863.6   318.4  0.0572  0.0758  1.3260  65.5 422.2
  17..8      0.414   863.6   318.4  0.0572  0.0254  0.4434  21.9 141.2
  16..9      2.732   863.6   318.4  0.0572  0.1674  2.9270 144.5 931.8

tree length for dN:       0.4938
tree length for dS:       8.6357


Time used:  0:12
