      9   1182

Scer                            ATT AGG TTC GGT TCA ATT ACA GCT GAG TAC GAA GAG ATT ATA TTA TAC GAC ACT ATT AAT ACT GGT GCT CAA CTG GTT TCG CAG TCC TAT AAA GGT GTT ACA CTA CAA ACC AAG AAT ACA TTG TGG CCT GTG CTA GCT GAT AGA CAA AGG AAG ACG AGA GTA GGT CCG TAT TTG GAA AGA GTG AAA GCA AAC ATT GAC AGA AAT AGA TTG TTG TTG AGA AAG TCT ATT TCA ATA TCC AGG ATA TTG CAC AGA GAA CGT GAG GTA GGT ACA TCT TTG GAA ACC GAC AAC ATT TCA AGG ATT AGA GGT ATG GAA AGA GGT TGT CAA TTG AGT AAA GGT ACT TTC GAA AAG TTG AAT AGA TCT TCC CAA TGT GCC ATT ACA GTA TAC GCT GAA TCT CGT TAC ACT GAT GCT AAT ATT ACT AGA GTT CCG CTG AAG AAG GCT GAT CCA CCT AGG ATT GTG TTG GTG GAT CTA CAA ACA ATT TCT ACT AAT AGA CAA AAA TTG AAC ATT AAA GAA CAA AAT GAC GCA ATC AAT CAA GAT TCT TAC TTC CAG CGT GAA TTG GAT TAC ATT GTA GCT AAT TTG GGT AAG CGT GAT AGA ATT TTA ACG AAT CGT GGT GTA TAC TTA GTG AAC GCT GTT TTA TAC TAT AGA GGT ACA ATT GGT AGG ACC ATT GCG AGT GCT CAC TTG ACC TGT AGG CGT GGA GAA TCC GTG GGT AGA TCC TCC TAC AGG GGT TTG CCT TTA GAA GTA GGT ATT TTG GAA AAT GAT GTT CAA TCT TCT AGG GAT CCT GAA CGT GAC AAT TAC AGA ACC TGG TAT GCT AGG GAG CCT TCT GGT AAT TTC AGA TAC CAC CGT ATT GAA GTT AAT TCA CAC GTG GAG TTG AGA CCT TCT AAG GTG GAA ATT ACC TTT CCA GAA ACC ACG ATA CAA AGG GGA GAA ATC TCT CCT ACA ACG TTA TCA CCT GAG TAC ACG GAT TTA AGA TCC ACG GTT TTC TTG CTA GAA AAA CGT TGG GGT GGT CCT AAA CCA TAC CTA GGT GTG AAC ATA TCG CCT CAA AAA GAA TCA CGT TTG ACC TTC GAT TTT GAC AGT GAA AAG GTG TCC GAC GAA TTG TTT GCT ATC TTG ATT CCG ATT GTT GAT ATT CGT TTG GGT TTA TTG GGT GCT CGT TCT TCC TTA TCT CCT AAC CCA GAA TAT AAT ATT TCC CGT 
Sbay                            ATC AGG TTC GGT TCA ATC ACA GCT GAA TAT GAA GAG ATT ATC TTG TAT GAC ACT ATT AAT ACT GGT GCT CAA TTT GTT TCG CAA TCG TAC AAG GGT GTC ACA CTA CAG ACT AAG AAT ACA TTG TGG CCT GTG CTA GCT GAC AGA CAA AGA AAG ACA AGA GTT GGT CCT TAT TTA GAA AGA GTT AAG GCA AAC ATC GAT AGA AAT AGA TTG TTG TTG AGA AAG TCT ATT TCA ATA TCC AGA ATA TTG CAC AGA GAG CGT GAA GTG GGT ACA TCC TTG GAA ACC GAC AAT ATT TCA AGA ATC AGA GGT ATG GAA AGA GGT TGT CAA TTG AAT AAA GGT ACT TTC GAA AAG TTA AAT AGA TCT TCT CAA TGT GCT ATT ACA GTT TAC GCT GAA TCC CGG TAT ACT GAT GCT AAT ATT ACT AGA GTT CCT TTA AAG AAG GCC GAT CCA CCA AGG ATC GTT TTG GTT GAT CTA CAA ACA ATT TCT ACT AAC AGA CAA AGA TTG AAC ATT AAA GAA CAA AAC GAC GCA ACT AAC CAA GAT TCC TAT TTC CAG CGT GAA TTG GAT TAC ATC GTC GCT AAT TTA GGC AAA CGT GAT AGA ATT TTG ACG AAT CGT GGT GTC TAC TTA GTC AAT GCT GTT TTA TAT TAC AGG GGT ACA ATT GGC AGG ACT ATC GCT AAT GCT CAC TTG ACT TGT AGA CGG GGC GAA TCC GTT GGT AGA TCT TCG TAC AGG GGT TTG CCT TTA GAA GTA GGT ATT TTG GAA AAT GAC GTT CAA TCC TCT AGA GAT CCT GAA CGT GAT AAT TAC AGA ACT TGG TAC GCT AGA GAG CCA TCT GGT AAC TTT AGA TAT CAT CGT ATT GAA GTT AAT TCA CAT GTA GAG TTA AGA CCT TCC AAG GTT GAA ATT ACC TTT CCA GAG ACC ACG ATC CAA AGG GGT GAA ATC TCT CCT ACT ACG TTG TCA CCT GAG TAC ACG GAC CTA AGA TCA ACA GTT TTC CTG TTA GAA AAG CGT TGG GGT GGT CCT AAA CCA TAC CTG GGT GTG AAT ATA TCG CCT CAA AAG GAA TCC CGT TTG ACT TTC GAC TTT GAT AGC GAA AAG GTA TCT GAC GAA CTA TTT GCT ATC TTG ATC CCT ATC GTT GAT ATT CGG TTG GGT CTA TTG GGT GCT CGT TCC TCC TTA TCC CCT AAT CCA GAA TAT AAT ATC TCC CGT 
Smik                            ATT AGG TTT GGT TCA ATT ACT GCT GAG TAC GAA GAG ATT ATA TTG TAC GAC ACC ATT AAT ACC GGT GCT CAG TTT GTT TCG CAG TCG TAC AAA GGT GTT ACG CTA CAG ACC AAG AAT ACG TTA TGG CCG GTG CTA GCT GAC AGA CAA AGG AAG ACA AGA ATA GGT CCA TAT TTA GAA AGA GTT AAA GCA AAC ATT GAC AGA AAT AGG TTG TTA TTA AGA AAG TCT ATT TCA ATA TCC AGA ATA CTA CAC AGA GAG CGT GAG GTA GGT ACA TCT TTA GAA ACT GAA AAT ATT TCA AGA ATT AGA GGT ATG GAA AGA GGT TGT CAA TTA AGT AAA GGT ACC TTC GAA AAA TTG AAT AGA TCT TCC CAA TGT GCC GTT ACA ATA TAT GCT GAA TCC CGT TAC ACC GAT GCT AAT ATT ACC AGA GTT CCA CTT AAG AAG GCA GAT CCA CCC AGG ATC GTT TTG GTG GAT CTA CAA ACG ATC TCT ACT AAT AGG CAA AAA TTG AAC GTT AAA GAA CAA AAT GAA GCA ACT AAT CAA GAT TCT TAC TTC CAG CGT GAG TTG GAT TAT ATT GTT GCT AAT TTG GGC AAA CGC GAT AGA GTT TTG ACG AAT CGT GGT GTT TAC CTA GTG AAT GCT GTT TTA TAC TAC AGG GGT ACA GTT GGC AGG ACC ATT GCG AGT GCA CAT TTG ACC TGT AGA CGT GGG GAG TCC GTG GGT AGA TCG TCG TAC AGG GGT TTA CCT TTA GAA GTA GGT ATT TTA GAA AAT GAC GTT CAG TCT TCT AGA GAT CCT GAA CGT TAT AAT TAC AGA ACC TGG TAC GCT AGA GAG CCC TCT GGT AAT TTT AGA TAC CAT CGT ATT GAA GTT AAT TCA CAT GTA GAG TTA AGA CCT TCT AAA GTT GAA ATC ACT TTC CCA GAA ACC ACG ATA CAA AGG GGT GAA ATC ACG CCT ACA ACG TTG TCA CCG GAG TAT ACG GAC TTA AGA TCC ACG GTT TTC CTG CTA GAA AAA CGT TGG GGT GGT CCT AAA CCA TAC CTA GGT GTG AAT ATA TCG CCT CAA AAA GAA TCC CGT TTA ACC TTC GAC TTT GAT AGT GAG AAG GTG TCG GAC GAA TTA TTC GCA ATC TTA ATT CCA ATC GTT GAT GTT CGT CTA GGT TTA TTG GGT GCT CGT TCC TCC TTA TCT CCT AAT CCA GAG TAC AAT ATT TCC CGT 
Spar                            ATT AGG TTC GGT TCA ATT ACA GCT GAA TAC GAA GAG ATT ATA TTA TAC GAC ACC ATT AAT ACC GGT GCT CAA TTT GTT TCG CAG TCG TAC AAA GGT GTT ACA CTA CAA ACT AAG AAT ACA TTG TGG CCT GTG CTA GCT GAT AGA CAA AGG AAG ACG AGA ATA GGT CCG TAT TTA GAA AGA GTT AAA GCA AAC ATT GAC AGA AAT AGA TTG TTG TTA AGA AAG TCT ATT TCA ATA TCC AGA ATA TTG CAC AGA GAG CGT GAA GTA GGT ACA TCT TTG GAA ACC GAT AAC ATT TCA AGA ATT AGA GGT ATG GAA AGA GGT TGT CAA TTG AGT AAA GGT ACC TTC GAA AAA TTG AAT AGA TCT TCT CAA TGT GCC GTT ACA ATA TAC GCT GAA TCG CGT TAC ACT GAT GCT AAT ATT ACC AGA GTT CCG CTA AAG AAG GCC GAT CCA CCC AGG ATT GTT TTG GTG GAT CTA CAA ACA ATT TCT ACT AAT AGA CAA AAA TTG AAC GTT AAG GAA CAA AAC GAC GCA GCT AAC CAA GAT TCT TAC TTC CAG CGT GAA TTG GAT TAC ATT GTA GCT AAT TTG GGC AAG CGT GAT AGA GTT TTA ACG AAT CGT GGT GTA TAC TTA GTG AAC GCC GTT TTA TAC TAC AGG GGT ACA GTT GGC AGG ACT ATT GCG AGT GCC CAC TTG ACT TGT AGA CGT GGA GAA TCC GTG GGT AGA TCT TCG TAT AGG GGT TTG CCT TTA GAA GTA GGT ATT TTG GAA AAT GAC GTT CAA TCT TCT AGA GAT CCT GAA CGT GAT AAT TAT AGA ACT TGG TAC GCT AGA GAG CCC TCT GGT AAC TTT AGA TAC CAC CGT ATC GAA GTT AAT TCA CAC GTT GAG TTA AGA CCT TCT AAA GTT GAA ATT ACC TTT CCA GAA ACC ACG ATA CAA AGG GGT GAA ATT TCT CCT ACA ACG TTA TCA CCT GAG TAC ACG GAT TTG AGA TCT ACA GTT TTC TTG CTA GAA AAA CGT TGG GGT GGT CCT AAA CCA TAC CTA GGT GTG AAC ATA TCG CCT CAA AAA GAA TCA CGT TTG ACT TTC GAC TTT GAT AGT GAA AAG GTG TCT GAC GAA CTA TTT GCC ATT TTG ATT CCG ATC GTT GAT GTT CGT TTG GGT TTG TTG GGT GCT CGT TCG TCC TTA TCT CCT AAC CCA GAA TAT AAT ATT TCC CGT 
Ncas                            ATT AGG TTC GGT TCT ATT ACT GCT GAA TAT GAG GAA ATT GTC TTA TTT GAC CTT ATT AAT CTT GGG GCT CAA TTG GTC TCC CAA TCC TAT AAA AGT GTT TCT CTT CAC ACT AAA AAT ACT TTA TGG CCG GTC CTT GCT GAT AGA CAA AGA AAG ACA AGA ATC GGT GCT TAC TTG GAA AGA GTC AAA GCT AAT ATT GAT AGG AAT AGG CTA TTA CTA AGA AAA GAT ATC GAA ATC TCA CGA ATC ATG CAT AGA GAA CGT GAA ATT GGT ACC TCG CTT GAA ACA GAC AAT ATT GAA AAA ATT AGA GGT ATG GAG AGA GGT TTA GAA CTT GAG AGG GGT CTT TTC GAA AAA CTT AAT AGA TCA ACA CAA TGT GCT GTT ACT ATC TAT GCA GAG TCA CGT TAT ACA GAT GCT AAT ATT CTT AGA GTA GCT TTA AAA AAG TCT GAT CCA CCG AGG ATT GTC TTG ATT GAT CTT CAA ACT ATT GAT ACC GGT AGG CAA AAA CTA AAT GTT AAG GAT CAA AAT GAT GCG GTG AAT CAA GAT TCG TAT TTC CAG CGT GAA TTA GAC TAT ATT GTA GCT AAT CTT GGA AAA CGT GAC AGA GTT TTA ACG AAC CGT GGT GTA TAC TTG GTT AAT GCT ATT TTA TAT TAT AGA GGT ACT GTT GGA AGG ACT ATT GCA GAG GCT CAT TTA ACT TTA CGA CGT GGA GAA TCA ATT GGT AGA TCT TCC TAT AGG GGT CTT CCA TTA GAT GTT GGT ATC TTA GAA AAT GAT GTG CAA TCG TCC CGA GAT CCT GAA CGT GAC AAT TAT AGG ACT TGG TAT GCT AAA GAA CCG TCT GGT AAT TTT AGA TAT CAT CGT ATC GAA GTC AAT GAA CAT ATG GAA TTG AGA CCA TCG AAA GTC GAA ATT ACA TTC CCT AAA ACC ACG GTC GAA AGA GGT GAA ATC AGT CCA ACA ACG TTA TCT CCG GAA TAC ACG GAT TTA AGG TCG TCA ATT TTT TTG TTA GAG AAA CGT TGG GGG GGT CCA AAG CCA TAT TTA GGT GTC AAT ATA TCG CCT CAA AAA GAA TCT CGT TTA ACT TTT GAT TTT GAT AGT GAA AAA GTT TCT GAT GAA TTG TTC GCT ATC TTA GTG GCT ATC GTC GAT GTT CGT ATG GGT TTA TTA GGT GCT CGT TCA TCT TTA TCC CCT AAT TCC GAA TAT AAT ATT TCT CGT 
Cgla                            ATT CGT TTC GGT GCT ATT ACC GCT GAA TAC GAA GAG ATT ATA TTA TAC GAC CTG ATT AAC CTG GGT GCC CAA TTT GTA TCC GAA TCG TAC AAG GGA GTT TCC ATG AAC GCT AAG AAT ACT CTG TGG ATT GTT ATG GCT GAC AGA CAG CGG AAG ACA AGA TTG GGT CCT TAT CTA GAA AGA GTG AAG GCT GGT ATT GAT AGA AAT AGG TTA CTG CTG AGG AAA TCT ATT AAA CTA TCC AGG CTA ATG CAC AGA GAA CGT GAA ATT GGT ACT TCC TTA GAA ACA GAT AAC ATT AAA AAG GTT CGT GGT ATG GAA AGA GGT TGT CAG TTA GGA AGA GGT CTG TTC GAA AAA CTT AAT AGA TCT TGC CAA TGC GCT ATT ACA TTG TAT GCG GAG TCC CGC TAT ACA GAT GCT AAT ATT CTG AGA GTC CCT CTG AAG AAG AGT GAG CCC CCA CGT ATC GTG TTG ATC GAT ATG CAA ACT ATA TCT ACA AAT AGG CAG CAG TTG GGT ATT AAA TCC CAG AAC GAT TCG ACC AAC CAG GAC TCC TAT TTC CAG CGT GAA TTG GAT TAT ATT GTT GCT AAC CTT GGA AAA AGG GAC CGT ATT TTA ACG AAT CGT GGT GTT TAC CTA GTT AAC GCT ATG TTG TAT TAC AGA GGT ACA ATT GGA AGA ACT ATT GCC GGA GCC CAT TTG GCT TGT AGG CGC GGG GAA TCC ATC GGT AGA TCT TCG TAC AGA GGT TTA GCG TTG TCC GTT GGT ATT TTG GAA AAC GAT GTT CAA TCC TCT AGG GAC CCA GAG CGT GAT AAT TAC AGA GCT TGG TAC GCA AAG GAG CCA ACT GGT AAC TTC AGA TAT CAC CGT ATT GAA GTA AAT AAA CAC TTA GAG CTA AGA GCG TCC AAA GTG GAA ATA ACA TAT TCA AAC AGC ACA ATA CAG CGG GGA GAA ATC TCA GCG ACA ACA TTA GCT ATT GAG TAC ACG GAC ATA AGG TCA ACG ATG TTC TTG CTA GAA AAG AGA TGG GGT GGT GCG AAG CCC TAT TTG GGT GTT AGC ATC TCG CCA CAG AAG GAG TCC AGA CTA GCT TTC GAT TTC GAC AGC GAA AAG GTT TCT GAT GAG CTA TAT GCC ATC TTG GTA CCT ATC GTT GAG ATT CGC ATG GGT ATA TTG GGT GCT CGT TCC TCT TTG TCT CCA AAC TCC GAA TAT AAC ATC TCT CGT 
Agos                            CTT CGC TTC GGC GCC CTT ACT GCC GAG TAC GAA GAG ATC ATT CTC TCG GAC TTA ATC AAC TTA GGC GCC CAG TTT GTA GCT AAG TCG TAC AAG GGG GTC ACG CTT CAT ACT AAG AAT ACC CTG TGG CCC GTC CTT GCT GAT AGA CAA AGG AAG ACA AGA GAT GGC CCA TAC TTG GAG AGA GTG AAG GCA AAC CTT GAC CGA AAC AAA ATT CTG CTC CGC AAG TCA ATC GAA ATT TCT AAG ATT AAT CAC AGA GAA CGT GAG ATT GGC ACT TCT CTG GAG ACG GAC AAC ATC GAA AGC ATC AAG GGT ATG GAA AGA GGT TGC CAG CTG TCT CGA GGT TTA TAC GAG CAA TTG AAT AGA TCG GCC CAG TGC GCA GTT ACT GAT TAT GCA GAG TCC CGC TAC ACT GAC GCA AAT ATT TTA AGA GTT CCA CTG AAG AAG TCG AAT CCG CCT CGC ATC GTG CTA ATT GAC CTT CAG ACC ATT TCA TCA CAC AAA CAA AAG TTG AAC GTT AAG AGC CAA AAC GAG GCG ACG AAC CAA AAT TCT TAC TTC CAG CGT GTC CTC GAT TAT ATT GCT GCG AAC TTG GGG AAG CGC GAT CGC GTT CTC ACG AAC CGT GGA GCT TAC TTG GTT GGT GCC GTC CTA TAT TAC AAG GGG ACT GTT GGG CGG ACT ATT GCC TCT GCA CAC CTC ACT TGC AAG CGC GGC GTC TCT ATT GGA AGA TCT TCG TAC CGG GGC CTG CCG CTA AGC GTT GGC ATC CTT GAG GGG GAT GTC CAG TCT TCT AAG AAT CCT GAA CGT TAT AAT TAC CGA ACT TGG TAC GCT AGC GAG CCT TCG GGC AAT TTT AGA TAT CAC CGG ATC GAG GTA AAT GAA CAC CTG GAG TTG AGA CCG TCT CAA GTG AAG ATT ACG TAT CCA CGT ACC ACC ATT CAG CGC GGC GAG ATC GCA CCG ACC ACC CTC GCC CCC GAG TAC ACG GAT CTC CGC ATG AAC GTC TTT CTG CTG GAG AAA CGT TGG GGC GGT CCG AAG CCG TAC CTG GGC GTC AAC ATC AAC CCT CAG AAA GAA TCC CGT TTG ACT TTT GAT TTT GAT AGC GTC AAG GTC TCT GAC GAA CTA TAT GCA ATC CTT ATA CCA ATC GTC AAT GTT CGC AAT GGC CTC CTC GGC GCT AGA TCC TCC CTA TCG CCT GGT ATG GTC TAC GAC ATC TCC AGA 
Klac                            ATT AGG TTC GGT TCC ATT ACT GCT GAA TAC GAA GAA ATT ATT TTA TCT GAT ATT ATT AAT ATT GGT GCT GGT TAT GCA GCA CAA TCT TAC AAA GGT GTT AGC GTC AAT ATT AAG AAT ACA TTG TGG CCC GTT GTC GCC GAT AGA CAA AGG AAG ACT AGA TCA GGT CCT TAC TTG GAA AGA GTT AAA GCT AAT ATT GAT AGA AAC AAA TTA TTG TTG AGG AAA TCG ATT GAC ATT TCA AAA ATT GTT CAC AGA GAA CGT GAA ATG GGT AGA TCC CTC GAA ACT GAC AAT ATT GAC AAT ATT AAG GGT ATG GAG AGA GGT TGT CAA CTC ACT AAT GGT ATT TTC GAA CAA TTG AAT AGA TCT TGT CAA TGC GCT GTT ACT TCA TAC GCA GAA TCC AGA TAT AAC GAT GCT AAT ATT ATT AGA GTC CCT TTA AAG AAG TCC GAA CCC TCT AGG ATC GTT TTG CTC GAT GTC CAA ACA ATT TCG ACC AAT AAA CAA AAG TTG AAT GTT AAA TCT CAA AAC GAT TCC ACA AAC CAA AAT TCC TAT TTC CAA CGT GAA TTA GAC TAC ATC TTG GCT AAC TTG GGC AAA CGT GAT AGG GTT TTA ACT AAT CGT GGT TTG TAT CTG GTC AAC GCA ATT TTG TAT TAC AGA GGT ACT GTT GGC CGT ACT ATC GCA ACT GCA CAT TTA ATT TGT AAA AGA GGA GAA TCA CTC GGT AGA TCG TCT TAC CGT GGT CTC CCT TTG TCT GTT GGT ATT TTG GAA TCT GAT ATC GGT TCC TCT AAA AAT CCT GAA CGT GAT AAT TAC AGA ATT TGG TAC GCT AAT GAA TCT TCT GGT AAT TTT AGA TAT CAT CGT ATC GAA GCA AAT GAC CAT ATG GAA TTG AGA CCT TCC CAA GTT AAG ATT ACT TTA CCA AAG ACC ACG ATT CAA AGG GGT GAA ATC ATT CCT TCA ACG TTA TCC CCC GAA TAC ACT GAT ATT CGC TTG ACA ATT TTT TTA CTA GAA AAG CGT TGG GGT GGT CCT AAA CCC TAT TTG GGT GTT AAC ATT AAT CCT CAA AAG GAG TCC CGT TTG ATT TTT GAT TTT GAT AGT GAA AAG GTC TCG GAT GAG TTG TTA GCA ATC TTG GTA CCT ATC GTT GAA GTT AGA GTT GGT ATT TTA GGT GCC CGT TCC TCC TTG TCT CCT AAC CCT GAA TAT AAT ATC TCC CGT 
Calb                            ATT AGA TTC GGT TCA ATT ACT GCT GAA TTT GAA GAA GTT TTG TTG TCG GAT TAC GTT AAT TAC GGT GCC GAA TAC ATG GCT GAT TCA TAT AAG GGG GTT ACG ATA CAC ACA AAG AAT ACG TTG TGG CCA GTC ATA TCA GAT AGA TCC CGC AAA ACT AGA ATT GGT CCA TAT TTG GAA AGA GTT AAG AAA AAT ATT AAT AGA AAT AAA TTG TTG TTG AGA AAA AGT ATT ATC ACA TCT CGA ACA GTT CAT AGA GAT ACT GAA ATA GGT ACT TCT ATG GAA ACT GAA TCA GTT ATC GAA ATT AAA GGT ATG CAA AGA GGT TGT CGT ATG GAT CGT GGT TAC TCC GAA GAA TTG AAT AGA TCA AAG ACT TTA GCT ACT ACT ATT TAT GCA GAT AAC AAA TAC ACT GAT GCC AAT ATC TAC AGA ATA CCA TTG AAG AAA AAT GAA CCG CCA AGA GTT GTT TTG GTA TCC ATA ACT ACG ATT AGT ACC CAC AAA GAA AAA TTA AAT ACT AAA TCT GAA AAT CCA GCT ACA AAT GAA AAT TCT TAC TTC CAT ACT TCC TTA GAT TAT GTT GAA GCT AAC TTG GGA GTT AAA GAC AGA ACT TTG ACA AAT ACT GGT GAA TTC CTC GTT AAT GCT GGT TTG TAT TAT AGA GGT ACT ACT GGA CGT ACT GTT GCT GAT GCT CAC TTA ACA TGT CGA AAA GGA TCC TCT GTA GGT AGA TCG TCA TAC CGT GGT ATG CCA TTG TCT GTT GGT ATT TTA GAA GAT GAG GTC GAA TCT TCA CGA AAT CCA GAA ACT AAT AAT TAC AGA ACA TGG TAT GGT GAA GAG CCA TCA GGT AAT AAT AGA TAT CAC AGA ATC GAA ATG AAT ATC CAC ATG GAG TTG AGA CCA TCT GAA GTT GAG ATT ACT TAT CCA GTT TCC AGT TTG CGT AGA GGT GAA ATC GAT CCA TCC AGT TTG TCA CCA GAA TAC ACA GAT ACT CGT GCC GAC GGT TTC TTG CTA GAA AAA AGA TGG GGT GGT CCA AAA CCG TAT TTG GGT GTC ACA GTT CAT CCA CAG AAA GAA CTG AGA TTA ACA TTC GAG TTT GAT TCA TCC AAG GTT TCG GAC GAA TTG TAT GCT ATC TTA ATT CCA ATT GTT GAA ACT AAA GTT GGT ACT TTA GGT TCA AGA AAC TCA TTG TCT CCA AAT ATG TCC TAT AAT ATT TCA AGA 



Printing out site pattern counts


         9        708  P

Scer                            AAA AAA AAA AAA AAA AAA AAC AAC AAC AAC AAG AAG AAG AAG AAG AAT AAT AAT AAT AAT AAT AAT AAT AAT AAT ACA ACA ACA ACA ACA ACA ACC ACC ACC ACC ACG ACG ACG ACG ACT ACT ACT AGA AGA AGA AGA AGA AGA AGA AGA AGG AGG AGG AGG AGG AGG AGT AGT ATA ATA ATA ATC ATC ATG ATT ATT ATT ATT ATT ATT ATT ATT ATT ATT ATT ATT ATT CAA CAA CAA CAA CAA CAA CAA CAC CAC CAC CAG CAG CCA CCA CCA CCG CCT CCT CCT CCT CGT CGT CGT CGT CGT CGT CTA CTA CTA CTG CTG GAA GAA GAA GAA GAA GAA GAA GAA GAA GAA GAA GAA GAC GAC GAC GAC GAC GAC GAC GAG GAG GAG GAT GAT GAT GAT GAT GAT GAT GAT GCA GCA GCC GCG GCT GCT GCT GCT GCT GCT GCT GCT GCT GCT GGA GGA GGT GGT GGT GGT GGT GGT GGT GTA GTA GTA GTA GTG GTG GTG GTG GTG GTG GTT GTT GTT GTT GTT GTT TAC TAC TAC TAC TAC TAC TAC TAC TAC TAT TAT TAT TCA TCA TCA TCC TCC TCC TCC TCC TCC TCG TCG TCT TCT TCT TCT TCT TCT TCT TCT TGG TGT TGT TTA TTA TTA TTA TTC TTC TTC TTC TTC TTG TTG TTG TTG TTG TTG TTG TTG TTG TTG TTG TTG TTG TTG TTT TTT 
Sbay                            ... ... ... ..G ..G .G. ... ..T ..T ..T ..A ... ... ... ... ..C ..C ..C ... ... ... ... ... ... ... ... ... ... ... ... ..T ... ... ..T ..T ..A ..A ... ... ... ... ... ... ... ... ... ... ... ... ..G ..A ..A ..A ... ... ... .A. ..C ... ... ..C .CT ... ... ..C ..C ..C ..C ..C ..C ..C ... ... ... ... ... ... ... ... ... ... ... ... ..G ... ... ..T ..A ... ... ... ... ..T ..A ... ... ... ..G ... ... ... ... ... ... ..G T.. T.A T.T ... ... ... ... ... ... ... ... ... ... ..G ..G ... ... ... ... ..T ..T ..T ..A ... ... ..C ..C ... ... ... ... ... ... ... ... ..T ..T ..C ... ... ... ... ... ... ... ... ... ..C ..T ..C ... ... ... ... ... ... ... ..C ..G ..T ..A ..A ..C ... ..T ..T ..C ... ... ... ... ... ... ... ... ... ... ..T ..T ..T ..T ..C ... ... ... ... ..C ..A ... ... ..G ..T ..T ... ... ..C ..C ..C ... ... ... ... ... ... ... ... C.. ... ... ..G ... ... ... ... ..T C.A C.. ..A ..A ... ... ... ... ... ... ... ... ... ... ... ... 
Smik                            ... ... ... ... ... ... ... ..T ..T ..T ..A ..A ... ... ... ... ... ... ... ... ... ... ... ... ... ... ... ..G ..G ..T ... ... ..T ... ... ..A ... ... ... ..C ..C ... ... ... ... ... ... ... ..G ..G ..A ..A ... ... ... ... ... ... ... ... ... .CT ... ... ..C ..C ... ... ... ... ... ..C ... ... ... ... G.. ... ... ... ... ... ..G ..G ... ..T ..T ... ... ... ... ... ..A ..C ..G ... ... ... ..C ... ... ... ... ... ... ... ..T T.T ... ... ... ... ... ... ... ... ... ..G ... ..G ..A ..A ... ... ... ..T T.T ... ... ... ..C ..C ... ... ... ... ... ... ... ... ... ... ..A ..A ... ... ... ... ... ... ... ... ..G ..T ..C ... ... ... ... ... ... ... ..T ... A.. ..A ... ... ... ... ..T ... ... ... ... ... ... ... ... ... ..T ..T ... ... ... ... ..C ..C ... ... ... ..C ... ... ... ..G ... ..G ... ... ..C ... ... A.G ... ... ... ... ... ... ... ... C.. ... ..G ... ... ... ..T ..T ..A C.. ..A ... C.A ..A ..A ..A ..A ..A ... ... ... ... ..C ... 
Spar                            ... ... ..G ... ... ... ... ... ... ... ... ..A ... ... ... ..C ..C ... ... ... ... ... ... ... ... ... ... ... ... ... ... ... ... ..T ..T ... ..A ... ... ..C ... ... ... ... ... ... ... ... ... ..G ..A ..A ... ... ... ... ... ... ... ... ... GCT ..T ... ..C ... ... ... ... ... ... ... ..C ... ... ... G.. ... ... ... ... ... ... ... ... ... ... ... ... ... ... ... ... ..C ... ... ... ... ... ... ... ... ... ... ... ... ..A T.T ... ... ... ... ... ... ... ... ... ... ... ..G ... ..T ... ... ... ..T ..T ..A ... ... ..C ... ... ... ... ... ... ... ... ... ... ... ..C ..C ..C ... ... ... ... ... ... ... ... ..T ..C ... ... ... ... ... ... ... ... ... A.. ..T ... ... ... ... ..T ... ... ... ... ... ... ... ... ..T ... ... ... ... ... ... ..C ... ... ... ... ... ..T ... ... ..G ..T ..T ... ... ..G ... ... ... ... ... ... ... ... ... ... ..G ... ... ... ... ... ... ... ..T C.A ... ..A ... ... ..A ... ... ... ... ... ... ... ... ... ... 
Ncas                            ..G .GG ..G ... ... ... ..T ..T ..T ..T ..A ..A ..A ..A ... ... ... GG. ..C ... ... ... ... ... ... ..C ..T ..T T.T ..T ... ... ..A ..T ..T ..A T.A ... ... CT. ..A ..C ... ... ... ... ..G ..G ..G ... .AA C.A ..A ..A ... ... GAG ... ... ..C G.C G.G ... ... ..C ... ... ... ... ... G.G ... ..C ..C ... ... G.. ... ... ... ... G.. ... ..C ..T ..T ..T ..A ... ... ..T T.C G.T ..G ..G ..A ... ... ... ... ... ... ... ..T T.. T.. T.A T.. ... ... ... ... ..G ..G ..G ..G ..T ... A.. ... ..T ... ... ..T ..T ..T ... ..A ..A ..A ... ... ..C ..C ... ... ... ... ..G ..T ..T ..A T.. ... ... ..A ... ... ... ... ... ... ... ..T ..A A.. ..G ... ... ... ... ..T ... A.T A.C A.. ..T ..T ..C A.T ..C ... A.. ..A ..C ..C ..G ... ..T ..T ... ..T ..T ..T ..T .TT ... ... ..C GA. ..T ..T ..G ..A ..T ... A.A ..T ..C ... ..A ..C ..G AG. GA. ..A ..C ... ... ... .TA ... ..G ... ... ... ... ..T ... ..T ... ... ... C.T A.. C.A C.T ..A ..A ..A C.A C.A ..A ... ..C ... 
Cgla                            ..G .G. ... ..G ..G C.G GGT ... ... .G. ..A ..A ..A ... ... ..C ..C ... ... ..C ..C ..C ..C ... ... ..T ... ..T T.C ..C ... .G. ..A ..T G.T ..A ... ..A ... CTG ..A ..A ... ..G C.T C.T ... ..G ..G ... .A. ... C.. C.. ..A C.T G.A ..C ..C C.. ... .C. ... ... ..C ..C ..C ... ... G.. G.A ..A ... ... ... ... ... ... ..G ..G ..G ..G ... A.C ... ..T ... G.A ... ..C T.. T.C ..T ..A AT. G.G ..A ..C A.G A.A ... ... ... A.G T.G ... ... T.T ... ... ..G ..G ... ... ... ..G TCC ... A.C ... ..T ..T ... ..T ..T ... ..T ..A ... ... ... ..C ..C ... ..C ..G ... ... T.G ..T ..T ..C AG. ..C ... ..G ..A ..C ... ... ... ... ..G ... ..A ..A ... ... ... ... ... ..T ..T A.T T.G T.A ..T ..T ..T A.C ... ... A.G ..C ..A ... ... ... ..T ... ... ..T ... ..T ..T ... ..C ... ... AA. G.T ..C ..A ... ..T ..G .G. ..T ..C ... ..C ... ..C ..A ... ... ... A.. ... ..C ... A.. C.. ..G ... ... ... ... ... ... C.A ... C.A C.T A.. C.. ..A C.A C.. ... ..A ... ... ... .A. ..C 
Agos                            ..G CG. ..G ... ..G ..G ... ... GGT ... ... C.A ... ... ... ..C ... C.C ..C ..C ..C G.C GGG ..C ... ..T ..T ..C ..G ..T ..C ... ..G ..T ..T ..A .AC ..C ... TTA ... T.A ... C.C .AG C.C C.. C.C .A. .AG ..C .A. ... C.C C.. C.C TC. ..C ..C ..T ..T .CG ... ... ..C ..C ..C ... C.. ..C ..A ... ..C ..C ..C ... G.. ..G ... ... ..G ..G ..G ..T ... ... ... A.. ... ..G ... ATG ..A ... ..C ..G ... ..C ..C ... A.A ..G ... ..T ..G ..G ... T.T A.G ..G ... ... ... ... ..G ..G AGC .TC CGT ... ..G ... ... ... ... ..T T.T ... ... ... ... ... ... ... A.. A.. ..C ..C ..G ... ..A ..C T.G ..A ..C ..A ... ..C ..A ..C ..G ... ..C ..C ..G ..G ..C ..A ..C ..G ... ..T .CT A.T .AT C.. ..C ..T ..C A.T ... ..C ..C ... ..A ..C ..C ... ... ... ... ..T ... ... ..T .CG ..C ..C ..C GA. G.C ..C ATG ..T ... ..G G.. ..T G.T AAC ..C ..G ... G.A ..A ..G ... ..G ... ..C ..C C.C ..G C.. C.C .A. ... ..T ... ..T C.A C.. ... ... AAT C.C C.. ... C.. C.T A.T ... C.C C.A .A. ... 
Klac                            ... ..T ... ..G ... ..G ..T ..T ... ... ..A C.A ..A ... ... ..C ... ... ... ..C ... ... TC. ..C ... .G. ..T ... .GC ..T T.. ... ..T ..T .TT ..T ..A ... ..T .T. .AC ..C ... ..G .AG ..G ... C.C .A. ... .AT .AA ... ... C.T ... .C. ... ..T ..T ..T .CA ... ... ..C ..C ..C ..C ... ... G.A ... ..C ... ... ... G.. ... ... ... ... ... GGT A.T ... ..T ..T ..A ..A ..C ... ..T ..T T.. ..C ... ... A.A ... ... ... ... ... G.C T.G ... T.A TAT A.G ... ... ..G ... ..G ... ... TCT ... A.G ... ..T ... ..T ..T ..T ..T ..T ..A ..A ..A ... ... ... ..C A.. ..A ... ... T.C ..T ..T ..A T.C ..A ..A ..A ... ... ... ... ... ..C ... ..T ..C ... ... ... ... ... ... ..T T.G A.G TC. A.. ..C ..C ..T C.C ..T ... A.. ..C .CA ... A.C ..T ..T ... ... ... ... ..T ..T .CT ..C ... ..C GAC ..C ..C .TG ..A ... ..T .GT ..G G.A AAT ..C ... ..C AT. ..G ... ... ... ... ..C ... A.T C.G ..G ... ... ... ..T ... ..T ... ..A ... ... G.T ... C.C ... ... ... ..A ... ..A ... ..A ... 
Calb                            ... CGT ... ... ..G ... ..T TCA ..T .CA GTT G.A ..A ... ..A ... ... C.C ... ..C ... ... G.. ... ... ..T ..T ..G ..G ..T T.C T.. ..T ..T ..A ..T GAC .GT ..A TAC ... ..C ... ... .A. ... ... C.T .A. ... GAA C.A C.C ..A C.T ..A GA. TCA G.T .C. T.G .CA ... ... ... G.. ... G.. ... ... ... ... ..C ... G.. ..C .C. ACT G.. TCC ..G .GT G.. ..C ..T ... ... G.T ..T ..G ... ATG ..A ..A ..A ..A ..A AAA AAA A.A A.A A.A AC. A.. T.G ... T.. TAC ..G ... ... ... ... C.. ... ..T TCT TCC .TT ..T CCA ..A ..T ... A.T ..T A.T ..A ..A ... ..G ... ..C ... A.. ..A ... TCC ..T AA. ..T ..T AA. ... ... ..A .G. ..C ..C ... ... T.A ... ..T ..A ..G ... ... ... ... ... ..T .A. A.. A.T A.. ..T ..T ..C ..A ..T ... .G. A.A A.G ... ..C .T. ..T ... ... ..T .TT ... ..T .CG ... ... ... ATC ... CTG G.. ..T ..A ..A AAG ..G G.T CAT AAC ... ... GA. AG. ..A ..A ..A ... .TA ... ACT C.C ..G ..G .C. ... ... ... AAT ... ... ... ... G.T ... A.. ..A ... ..A ... ..A ..A ... .A. ... 

    1    1    1    2    2    1    2    1    2    1    1    2    1    3    2
    2    1    1    1    1    1    1    1    1    5    1    2    2    1    1
    1    1    2    1    4    1    1    2    2    4    1    1   10    1    1
    1    2    1    2    1    2    3    1    1    2    2    2    1    1    2
    2    1    2    1    1    1    1    2    3    1    1    2    1    2    3
    1    5    2    3    1    1    2    2    1    1    1    2    1    1    2
    1    1    3    2    2    4    3    3    1    2    2    1    4    3    1
    1    1    1    1    6    1    2    1    1    1    1    2    4    1    1
    1    1    1    1    1    1    1    2    2    2    2    2    1    1    2
    2    1    1    1    1    1    1    1    2    1    1    1    1    1    1
    1    2    1    1    2    1    2    2    9    1    4    1    2    1    2
    1    1    1    2    2    3    1    2    1    2    1    1    1    1    2
    1    2    1    2    2    1    3    1    1    3    2    1    1    2    2
    2    1    2    1    1    2    1    4    1    2    1    1    1    3    1
    2    2    1    3    3    1    1    2    1    1    1    1    2    2    2
    1    3    1    2    2    1    1    3    1    2    1

CODONML (in paml version 4.9j, February 2020)  temp.nuc
Model: One dN/dS ratio, 
Codon frequency model: Fequal
ns =   9  ls = 394

Codon usage in sequences
--------------------------------------------------------------------------------------------------------------------------------------
Phe TTT   3   5   4   5   5   1 | Ser TCT  13   9  10  15  10   9 | Tyr TAT   5   8   5   4  14  11 | Cys TGT   3   3   3   3   1   2
    TTC   6   5   6   5   5   7 |     TCC  10  12   9   4   6  14 |     TAC  13  10  14  14   3   9 |     TGC   0   0   0   0   0   2
Leu TTA   9  10  17  10  21   8 |     TCA   6   6   5   6   6   3 | *** TAA   0   0   0   0   0   0 | *** TGA   0   0   0   0   0   0
    TTG  23  20  11  21   7  14 |     TCG   2   4   6   6   6   4 |     TAG   0   0   0   0   0   0 | Trp TGG   3   3   3   3   3   3
--------------------------------------------------------------------------------------------------------------------------------------
Leu CTT   0   0   1   0  12   2 | Pro CCT  11  12   7   9   4   3 | His CAT   0   2   3   0   4   1 | Arg CGT  13  10  12  13  13  11
    CTC   0   0   0   0   0   0 |     CCC   0   0   2   2   0   2 |     CAC   4   2   1   4   1   3 |     CGC   0   0   1   0   0   3
    CTA   5   6   8   7   3   8 |     CCA   4   6   7   4   6   5 | Gln CAA  12  12   9  12  10   4 |     CGA   0   0   0   0   3   0
    CTG   2   2   1   0   0   8 |     CCG   3   0   2   3   4   0 |     CAG   2   2   5   2   1   9 |     CGG   0   3   0   0   0   2
--------------------------------------------------------------------------------------------------------------------------------------
Ile ATT  24  14  15  19  19  20 | Thr ACT   6  13   5   7  10   5 | Asn AAT  15  17  19  12  19   8 | Ser AGT   3   0   3   3   3   1
    ATC   3  14   6   2  10   8 |     ACC   8   3  11   7   3   2 |     AAC   6   6   2   9   1  12 |     AGC   0   1   0   0   0   3
    ATA   5   3   7   7   1   6 |     ACA   8   9   5   9   6  10 | Lys AAA   8   4  11   9  15   8 | Arg AGA  19  25  21  23  16  18
Met ATG   1   1   1   1   4   8 |     ACG   6   4   9   5   4   3 |     AAG   9  12   6   8   4  12 |     AGG  11   6   9   7  10   8
--------------------------------------------------------------------------------------------------------------------------------------
Val GTT   8  14  18  17   9  11 | Ala GCT  12  13   9   9  15  14 | Asp GAT  12  11   9  13  18  10 | Gly GGT  21  20  20  20  18  20
    GTC   0   4   0   0  10   1 |     GCC   1   1   1   5   0   4 |     GAC   7   8   7   6   5   7 |     GGC   0   3   2   2   0   0
    GTA   6   3   3   4   3   3 |     GCA   2   2   5   2   2   1 | Glu GAA  22  22  19  23  26  18 |     GGA   2   0   0   1   3   6
    GTG  10   3   6   6   3   3 |     GCG   1   0   1   1   1   5 |     GAG   6   6  11   5   6  10 |     GGG   0   0   1   0   2   1
--------------------------------------------------------------------------------------------------------------------------------------

--------------------------------------------------------------------------------------
Phe TTT   5   4   2 | Ser TCT  11  12   9 | Tyr TAT   7   8  12 | Cys TGT   0   3   2
    TTC   2   3   5 |     TCC   5  13   9 |     TAC  14  10  10 |     TGC   3   1   0
Leu TTA   4  11   8 |     TCA   3   5  13 | *** TAA   0   0   0 | *** TGA   0   0   0
    TTG   7  20  21 |     TCG   7   4   3 |     TAG   0   0   0 | Trp TGG   3   3   3
--------------------------------------------------------------------------------------
Leu CTT   8   0   0 | Pro CCT   5  11   0 | His CAT   1   3   3 | Arg CGT   7  12   6
    CTC   9   5   1 |     CCC   2   4   0 |     CAC   5   1   5 |     CGC  10   1   1
    CTA   5   1   1 |     CCA   4   1  16 | Gln CAA   6  13   1 |     CGA   3   0   3
    CTG  10   1   1 |     CCG   6   0   2 |     CAG   8   0   1 |     CGG   3   0   0
--------------------------------------------------------------------------------------
Ile ATT  13  30  13 | Thr ACT  10  11  22 | Asn AAT  12  20  22 | Ser AGT   0   1   4
    ATC  13   9   7 |     ACC   6   2   1 |     AAC  12   8   3 |     AGC   5   1   0
    ATA   1   0   5 |     ACA   1   4  10 | Lys AAA   4  11  16 | Arg AGA  12  17  23
Met ATG   3   3   8 |     ACG   6   2   3 |     AAG  19  11   6 |     AGG   1   6   0
--------------------------------------------------------------------------------------
Val GTT   8  15  19 | Ala GCT   6   7   9 | Asp GAT   9  13  13 | Gly GGT   6  22  22
    GTC  12   6   3 |     GCC   7   2   3 |     GAC   7   5   3 |     GGC  13   2   0
    GTA   2   1   2 |     GCA   7   8   1 | Glu GAA   9  23  29 |     GGA   2   1   3
    GTG   3   0   0 |     GCG   2   0   0 |     GAG  15   3   5 |     GGG   5   0   1
--------------------------------------------------------------------------------------

Codon position x base (3x4) table for each sequence.

#1: Scer           
position  1:    T:0.24365    C:0.14213    A:0.33503    G:0.27919
position  2:    T:0.26650    C:0.23604    A:0.30711    G:0.19036
position  3:    T:0.37817    C:0.14721    A:0.27411    G:0.20051
Average         T:0.29611    C:0.17513    A:0.30541    G:0.22335

#2: Sbay           
position  1:    T:0.24112    C:0.14467    A:0.33503    G:0.27919
position  2:    T:0.26396    C:0.23858    A:0.30964    G:0.18782
position  3:    T:0.38325    C:0.17513    A:0.27411    G:0.16751
Average         T:0.29611    C:0.18613    A:0.30626    G:0.21151

#3: Smik           
position  1:    T:0.23604    C:0.14975    A:0.32995    G:0.28426
position  2:    T:0.26396    C:0.23858    A:0.30711    G:0.19036
position  3:    T:0.36294    C:0.15736    A:0.29695    G:0.18274
Average         T:0.28765    C:0.18190    A:0.31134    G:0.21912

#4: Spar           
position  1:    T:0.24365    C:0.14213    A:0.32487    G:0.28934
position  2:    T:0.26396    C:0.23858    A:0.30711    G:0.19036
position  3:    T:0.37817    C:0.15228    A:0.29695    G:0.17259
Average         T:0.29526    C:0.17766    A:0.30964    G:0.21743

#5: Ncas           
position  1:    T:0.22081    C:0.15482    A:0.31726    G:0.30711
position  2:    T:0.28426    C:0.21066    A:0.32234    G:0.18274
position  3:    T:0.44162    C:0.11168    A:0.30711    G:0.13959
Average         T:0.31557    C:0.15905    A:0.31557    G:0.20981

#6: Cgla           
position  1:    T:0.22081    C:0.15482    A:0.33503    G:0.28934
position  2:    T:0.27411    C:0.21320    A:0.30964    G:0.20305
position  3:    T:0.32741    C:0.19543    A:0.24873    G:0.22843
Average         T:0.27411    C:0.18782    A:0.29780    G:0.24027

#7: Agos           
position  1:    T:0.18020    C:0.23350    A:0.29949    G:0.28680
position  2:    T:0.26650    C:0.22335    A:0.32487    G:0.18528
position  3:    T:0.27411    C:0.31726    A:0.15990    G:0.24873
Average         T:0.24027    C:0.25804    A:0.26142    G:0.24027

#8: Klac           
position  1:    T:0.24619    C:0.13452    A:0.34518    G:0.27411
position  2:    T:0.27665    C:0.21827    A:0.32741    G:0.17766
position  3:    T:0.43655    C:0.18528    A:0.24365    G:0.13452
Average         T:0.31980    C:0.17936    A:0.30541    G:0.19543

#9: Calb           
position  1:    T:0.24619    C:0.10406    A:0.36294    G:0.28680
position  2:    T:0.24365    C:0.25635    A:0.32741    G:0.17259
position  3:    T:0.40102    C:0.12944    A:0.33249    G:0.13706
Average         T:0.29695    C:0.16328    A:0.34095    G:0.19882

Sums of codon usage counts
------------------------------------------------------------------------------
Phe F TTT      34 | Ser S TCT      98 | Tyr Y TAT      74 | Cys C TGT      20
      TTC      44 |       TCC      82 |       TAC      97 |       TGC       6
Leu L TTA      98 |       TCA      53 | *** * TAA       0 | *** * TGA       0
      TTG     144 |       TCG      42 |       TAG       0 | Trp W TGG      27
------------------------------------------------------------------------------
Leu L CTT      23 | Pro P CCT      62 | His H CAT      17 | Arg R CGT      97
      CTC      15 |       CCC      12 |       CAC      26 |       CGC      16
      CTA      44 |       CCA      53 | Gln Q CAA      79 |       CGA       9
      CTG      25 |       CCG      20 |       CAG      30 |       CGG       8
------------------------------------------------------------------------------
Ile I ATT     167 | Thr T ACT      89 | Asn N AAT     144 | Ser S AGT      18
      ATC      72 |       ACC      43 |       AAC      59 |       AGC      10
      ATA      35 |       ACA      62 | Lys K AAA      86 | Arg R AGA     174
Met M ATG      30 |       ACG      42 |       AAG      87 |       AGG      58
------------------------------------------------------------------------------
Val V GTT     119 | Ala A GCT      94 | Asp D GAT     108 | Gly G GGT     169
      GTC      36 |       GCC      24 |       GAC      55 |       GGC      22
      GTA      27 |       GCA      30 | Glu E GAA     191 |       GGA      18
      GTG      34 |       GCG      11 |       GAG      67 |       GGG      10
------------------------------------------------------------------------------


Codon position x base (3x4) table, overall

position  1:    T:0.23096    C:0.15116    A:0.33164    G:0.28624
position  2:    T:0.26706    C:0.23040    A:0.31585    G:0.18669
position  3:    T:0.37592    C:0.17456    A:0.27045    G:0.17908
Average         T:0.29131    C:0.18537    A:0.30598    G:0.21733

Codon frequencies under model, for use in evolver (TTT TTC TTA TTG ... GGG):
  0.01639344  0.01639344  0.01639344  0.01639344
  0.01639344  0.01639344  0.01639344  0.01639344
  0.01639344  0.01639344  0.00000000  0.00000000
  0.01639344  0.01639344  0.00000000  0.01639344
  0.01639344  0.01639344  0.01639344  0.01639344
  0.01639344  0.01639344  0.01639344  0.01639344
  0.01639344  0.01639344  0.01639344  0.01639344
  0.01639344  0.01639344  0.01639344  0.01639344
  0.01639344  0.01639344  0.01639344  0.01639344
  0.01639344  0.01639344  0.01639344  0.01639344
  0.01639344  0.01639344  0.01639344  0.01639344
  0.01639344  0.01639344  0.01639344  0.01639344
  0.01639344  0.01639344  0.01639344  0.01639344
  0.01639344  0.01639344  0.01639344  0.01639344
  0.01639344  0.01639344  0.01639344  0.01639344
  0.01639344  0.01639344  0.01639344  0.01639344


TREE #  1:  (((((1, 4), (3, 2)), 5), 6), ((7, 8), 9));   MP score: 1180
This is a rooted tree.  Please check!
lnL(ntime: 16  np: 18):  -6610.134605      +0.000000
  10..11   11..12   12..13   13..14   14..1    14..4    13..15   15..3    15..2    12..5    11..6    10..16   16..17   17..7    17..8    16..9  
 0.054859 0.067404 0.416404 0.030892 0.180941 0.057439 0.009928 0.227003 0.250048 0.583716 0.853617 0.107515 0.094620 1.321383 0.551949 2.569595 1.949095 0.077115

Note: Branch length is defined as number of nucleotide substitutions per codon (not per neucleotide site).

tree length =  7.377315

(((((1: 0.180941, 4: 0.057439): 0.030892, (3: 0.227003, 2: 0.250048): 0.009928): 0.416404, 5: 0.583716): 0.067404, 6: 0.853617): 0.054859, ((7: 1.321383, 8: 0.551949): 0.094620, 9: 2.569595): 0.107515);

(((((Scer: 0.180941, Spar: 0.057439): 0.030892, (Smik: 0.227003, Sbay: 0.250048): 0.009928): 0.416404, Ncas: 0.583716): 0.067404, Cgla: 0.853617): 0.054859, ((Agos: 1.321383, Klac: 0.551949): 0.094620, Calb: 2.569595): 0.107515);

Detailed output identifying parameters

kappa (ts/tv) =  1.94910

omega (dN/dS) =  0.07711

dN & dS for each branch

 branch          t       N       S   dN/dS      dN      dS  N*dN  S*dS

  10..11     0.055   854.0   328.0  0.0771  0.0042  0.0549   3.6  18.0
  11..12     0.067   854.0   328.0  0.0771  0.0052  0.0674   4.4  22.1
  12..13     0.416   854.0   328.0  0.0771  0.0321  0.4166  27.4 136.6
  13..14     0.031   854.0   328.0  0.0771  0.0024  0.0309   2.0  10.1
  14..1      0.181   854.0   328.0  0.0771  0.0140  0.1810  11.9  59.4
  14..4      0.057   854.0   328.0  0.0771  0.0044  0.0575   3.8  18.8
  13..15     0.010   854.0   328.0  0.0771  0.0008  0.0099   0.7   3.3
  15..3      0.227   854.0   328.0  0.0771  0.0175  0.2271  15.0  74.5
  15..2      0.250   854.0   328.0  0.0771  0.0193  0.2501  16.5  82.0
  12..5      0.584   854.0   328.0  0.0771  0.0450  0.5839  38.5 191.5
  11..6      0.854   854.0   328.0  0.0771  0.0659  0.8539  56.2 280.1
  10..16     0.108   854.0   328.0  0.0771  0.0083  0.1076   7.1  35.3
  16..17     0.095   854.0   328.0  0.0771  0.0073  0.0947   6.2  31.0
  17..7      1.321   854.0   328.0  0.0771  0.1019  1.3219  87.1 433.6
  17..8      0.552   854.0   328.0  0.0771  0.0426  0.5521  36.4 181.1
  16..9      2.570   854.0   328.0  0.0771  0.1982  2.5705 169.3 843.1

tree length for dN:       0.5691
tree length for dS:       7.3800


Time used:  0:10
