      9   1182

Scer                            GCC CTG AAA GGT AAT TTA CAT GCT GTT CGT TCT ATT CTG AAT TAT AGA GGT ATT GCC GAC ACA ATG AAC GTC ATT TAT AAT AAG TTG CAG CCG CTA ACT TCT CTG AAC AAA AAG TAT ACT ACT TCC AAC ATG ACA AGT ATC ATT AAA ATT CCA GCT CAG GCA GGC AGT TTG ATC AAG CCG ACT GAA GCC TCC CCA ACC TGG CCT AAA TTG GAG ATG CTG AGC CCT ACA ATT TAC AAC GCC AAC GTC GCT CGA AGA GCT GCT ATT ACT CCT TTC AAC CAC ACA TTC GTT GAA TTT AGA GAA GGT ACT GAC AGA ACT GAA GTT CGT GTG ACT GAA TCT GAT CAA GGT CAA GAG TCT CTT TCT TCT GAT AAA CCA ACT AAA TTG GAG ACC GAA ACT CCG AAA TCC CGT AAA AAC GAA TTG GCT TAC GCC GTG ATC AAA CGA GAG GCT GAC GTT AGT CAT AGG TCG CCT GAG GTC AAA TCC AAA AAA AGA TAT GAA GAA CAC GAG CCA AGC ATT AAA GTA AAT TAC GAG AAA ATT TGG CCT AAA ACT GAA CCT TCC AAC GCC AGC GAG TAC AGA GGA GCC AAA GTT TGG GAT GAA TAT AGA AAA GAA AAA GCT CCT CCT TCC GAT TCT GGT GAT TGT CAG ATC GCT GAG TTG ACT AAG ATA TTG TAT AAC GCC AGG CCA AAC TAC TCT ACT AAA AAA AAA GAA GAA AAC CAT CAC TAC TAT CCG CCT GAC CAC AAG TCG CAA CAG TAT TTG CAA GAA GGT GAT AAA AGC CTG TCC AAG AAT AAC GGG TTC AAC AGG GTG AGG ACT TAC ACT CCT AGA AGA ACT AGA GCT GGT ATT TTC AAA TAT CCG GCA ATC GTT CAG CTT CCA GCT AGA TTG TTG ACT ACT AAC AAA AAC TAT TCT GCC CTT GGT CTG TCT ATT GCT GGT GAC ACT GCC ACA AAA GGT AGT AGG AGA CTT AGA AGA GCG GAA AAT ATA AGA TTG TAC ACT AAG GAG TAT TCC ATT CCT AGA TTG GTG ATT CAA AGA ATT GCG ATC TCT AGT AAC ATA AAG GTC AGA TCC GAG TCT GCG CAG TCC AGC CCA GTT GGT AGG ATG ATT AAT TTC GAC GCA TTG TCT TCC GAA GAC GTT CTG ACT GAT ATT TAT AAC GAA AAA TCA AAA GTG AGA CAG AAC AGA GAA TCA ACA GCT GGA AGA GCT TAT 
Sbay                            GCT TTG AAA GGT AAC TTA CAT GCT GTG AGA TCT ATC CTG AAC TAC AGA GGT ATC GCT GAC ACC ATG AAT GTA ATC TAC AAC AAG TTG CAA CCG TTG ACT TCC TTG AAT AAG AAA TAC ACA ACT GCC AAC ATG ACA AGT ATC ATT AAA ATC CCA GCC CAA GCA GGA AGC TTG ATG AAG CCG ACC GAA GCT TCT CCA ACA TGG CCT AAG TTG GAA ATG CTG AGT CCT ACC ATC TAC AAC GCG AAC GTT GCT AGA AGA GCC GCC ATC ACT CCT TTC AAC CAC ACC TTC GTT GAA TTC AGG GAA GGT ACT GAC AGA ACT GAA GTG AGA GTT ACA GAA TCC GAG CAA GGT CAA GAA TCC TTA TCT TCC GAT AGA CCT ACC AAA TTG GAA ACC GAG AGT CCG AAA TCT AGA AAA AAC GAA TTG GCC TAC GCT GTG ATT AAA AGA GAA GCC GAC GTT AGT CAT AGG TCA CCA GAA GTT AAA TCT AAG AAG AGA TAT GAA GAA CAC GAA CCA AGC ATT AAA GTA AAT TAC GAA AAA ATC TGG CCA AAA ACT GAA CCT TCC AAC GCG AGT GAG TAC AGA GGT GCT AAG GTT TGG GAT GAG TAT AGA AAA GAA AAG GCT CCT CCT TCT GAT TCT GGA GAT TGT CAG ATC GCT GAA TTG ACC AAG ATA TTG TAC AAT GCC AGA CCT AAC TAT TCT ACC AAG AAA AAG GAG GAA AAT CAT CAC TAC TAC CCG CCT GAC CAT AAG TCA CAA CAG TAT TTG CAA GAA GGA GAT AAG TCA TTG TCT AAG AAT AAT GGA TTT AAC AGA GTT AGA ACT TAC ACT CCT AGA AGG AGT AGG GCT GGT ATT TTC AAA TAC CCG GCA ATA GTT CAG TTA CCC GCT AGA TTG CTG ACT AGT AAT AAA AAC TAT TCC GCT TTA GGT TTG TCT ATT GCT GGT GAC AGT GCT ACC AAG GGA AGC AGA AGA TTA AGA AGA GCC GAA AAC ATA AGA TTA TAT ACC AAG GAA TAC GCC ATT CCT AGG TTG GTA ATC CAA AGG ATT GCC ATT TCT AGT AAT ATA AAA GTT AGA TCT GAA TCT GCC CAG TCT AGT CCA GTC GGT AGA ATG ATT AGG TTC GAC GCT TTG TCT TCC GAA GAC GTT CTG AGT GAT ATT TAC AAC GAG AAG TCA CGG GTT AGA CAA AAT AGG GAA TCA ACA GCT GGT AGA GCT TAT 
Smik                            GCT TTG AAG GGT AAT CTA CAT GCT GTG AGA TCT ATT CTA AAT TAT AGA GGT ATT GCT GAT ACC ATG AAC GTA ATT TAC AAT AAG CTA CAA CCG TTA ACC TCT TTG AAT AAG AAA TAT ACT ACT TCT AAC ATG ACA AGT ATC ATT AAA ATT CCA GCC CAA GCG GGT AGT TTG ATG AAG CCG ACC GAC GCG TCC CCA ACT TGG CCC AAG TTG GAG ATG CTG AGT CCT ACC ATT TAC AAC GCA AAT GTC GCT CGA AGA GCT GCT ATC ACT CCC TTC AAC CAT ACC TTC GTT GAA TTT AGA GAA GGT ACT GAT AGA ACT GAA GTG AGA GTG ACT GAA TCT GAG CAA GGT CAA GAG TCC CTA TCT TCT GAT AGA CCA ACT AAA TTA GAG ACA GAA AGT CCT AAA TCC AGA AAA AAC GAA TTG GCT TAC GCT GTG ATC AAA CGA GAG GCT GAC GTT AGT CAT AGA TCG CCA GAA GTC AAA TCT AAA AAA AGA TAT GAA GAA CAT GAG CCA AAT ATT AAA GTA AAT TAC GAA AAA ATT TGG CCA AAG ACT GAA CCC TCT AAC GCA AGC GAG TAC AGA GGA GCT AAA GTT TGG GAT GAA TAT AGA AAA GAA AAA GCT CCT CCA TCC GAT TCT GGG GAT TGC CAG ATC GCT GAG TTG ACT AAG ATA TTG TAC AAT GCT AGG CCA AAC TAT TCT ACT AAA AAA AAA GAA GAA AAC CAT CAT TAT TAT CCT CCC GAC CAC AAG TCG CAA CAG TAC CTA CAG GAA GGG GAT AAG TCG TTG TCC AAG AAT AAT GGA TTT AAC AGG GTG AGA ACT TAC ACT CCC AGA AGA AGT AGA GCT GGT ATT TTC AAA TAT CCG GCG ATA GTT CAG CTA CCT GCT AGA TTG TTG ACT AGT AAT AAA AAC TAT TCT GCT CTA GGT TTG TCT ATT GCT GGT GAC AGT GCT ACC AAG GGG AGT AGA AGG CTA AGA AGA GCG GAA AAT ATA AGA TTG TAC ACT AAG GAA TAC TCT ATT CCA AGA CTG GTC ATT CAG AGA ATT GCG ATC TCT AGT AAT ATA AAG GTT AGA TCA GAA TCT GCG CAG TCC AGT CCG GTT GGT AGA ATG ATC AGA TTC GAC GCG TTG TCT TCT GAA GAC GTT CTG AGT GAT ATC TAT AAT GAA AAG TCA CGC GTG AGA CAA AAT AGA GAA TCA ACA GCT GGA AGA GCT TAT 
Spar                            GCT CTG AAA GGT AAT TTA CAT GCG GTC CGA TCA ATT CTG AAT TAC AGA GGT ATT GCT GAC ACC ATG AAC GTA ATT TAC AAT AAG TTG CAA CCG CTA ACT TCT CTG AAC AAA AAA TAT ACT ACT GCC AAC ATG ACA AGC ATC ATT AAG ATT CCA GCT CAA GCA GGT AGT ATG ATG AAG CCG ACT GAC GCT TCC CCA ACC TGG CCT AAA TTG GAG ATG CTG AGC CCC ACC ATT TAC AAC GCA AAT GTC GCT CGA AGG GCT GCT ATT ACT CCT TTC AAT CAT ACC TTC GTT GAA TTT AGA GAA GGT ACT GAC AGA ACT GAG GTC CGA GTG ACT GAA TCC GAG CAA GGT CAA GAG TCC TTA TCA TCC GAT AGG CCA ACT AAA TTG GAG ACA GAA AGT CCT AAA TCC CGA AAA AAT GAA TTG GCT TAC GCT GTG ATT AAA CGA GAG GCA GAC GTT AGC CAT AGA TCG CCA GAA GTC AAA TCT AAA AAG AGA TAT GGG GAA CAT GAG CCA AGT ATT AAG GTA AAT TAC GAA AAA ATT TGG CCA AAA ACT GAA CCT TCC AAC GCA AGT GAG TAC AGA GGA GCC AAG GTT TGG GAT GAA TAT AGA AAA GAA AAA GCG CCC CCT TCC GAT TCT GGG GAT TGC CAG ATC GCT GAG TTG ACT AAA ATA TTG TAT AAC GCT AGG CCA AAC TAT TCT ACT AAA AAA AAG GAA GAA AAC CAT CAT TAT TAT CCT CCT GAT CAT AAG TCG CAA CAG TAT TTG CAA GAA GGG GAT AAA TCG CTG TCC AAG AAT AAC GGA TTT AAT AGG GTG AGG ACT TAC ACT CCT AGA AGA AGT AGA GCT GGT ATT TTC AAA TAT CCG GCA ATA GTT CAG TTA CCT GCG AGA TTG TTG ACT AGT AAC AAG AAC TAT TCT GCT TTA GGT CTG TCT ATT GCT GGT GAC AGT GCT ACC AAG GGG AGT AGG AGA TTA AGA AGA GCG GAA AAT ATA AGA TTG TAC ACT AAG GAA TAC GCC ATT CCT AGA TTG GTC ATT CAA AGA ATT GCG ATT TCA AGC AAC ATA AAG GTC AGA TCC GAA TCT GCG CAG TCC AGC CCA GTT GGT AGG ATG ATC AGA TTC GAC GCT TTG TCT TCC GAA GAC GTT CTG AGT GAT ATC TAT AAT GAA AAA TCA CGG GTG AGA CAA AAC AGA GAA TCA ACA GCC GGA AGA GCT TAT 
Ncas                            GCT CTT AAA GGT AAC CTA CAT GCT ATC CGT TCC ATT TTG AAC TAC AGA GGT ATT GCT GAT ACC ATG AAC GTC ATC TAC AAC AAG TTA CAG CCG TTA ACA TCA CTT AAC AAG AAA TAT ACA ACT GAA AAC ATG GTA AGT ATC ATC AAG ATT CCA GCA CAG GCA GGG TCA ATG ATC AAG CCG ACT GAG GCT TCT CCT ACA TGG CCA AAG TTG GAA ATG CTG AAT CCT ACC ATT TAT AAT GCC AAC GTC GCC AAA CGT GCA ACC ATT ACA CCA TTC AAT AAC ACC TTC GTT GAA TTC CGC GAA GGT ACA GAT AGA AAT GAA ATC CGT GTG ACA GAA TCT GAT CAA GGT CAA GAA TCT TTG TCC TCT GAC AGA CCA ACT AAG TTG GAA ACT GAG ACT CCT AAA TCC CGT AAA AAT GAA TTG GCA TAT GCT GTC ATT AAG AAA GAA GCA GAT GTT AGT CAT AGG TCC CCT GAA GTC AAA TCT AAG AAG AGA TAT GAG GAG AAC GAA CCT ACT ATC AAA GTT CAA TAT GAA AAA ATT TGG CCT AAA ACC GAA CCA TCA AAT GCC GGT GAA TAT AGA GGG GCG AAG GTT TGG GAC GAA TAT AGA AAA GAA AAG GCC CCT CCC TCC GAT TCA GGG GAT TGT CAA ATC GCT GAA CTA ACA AAA ATA CTA TAC AAC GCA AGA CCA AAC TAT TCA ACT AAG AAG AAG GAG GAA AAC CAT AAC TTT TAC CCT CCA GAA CAT AAG TCC CAG CAA TAC TTA CAA GAA GGG GAT AAG TCT CTT TCC AAG AAT AAC GGA TTC AAT AGA GTG AGA ACC TAT ACA CCA CGT AGA ACT AGA GCA GGT ATC TTC AAA TAT CCG GCA ATC GTT CAA TTG CCA GCT AGA CTA TTA ACC ACT AAC AAA AAC TAT TCT GCT TTG GGT CTT TCA ATC GCT GGT GAT ACT GCT ACC AAA GGG TCA AGA AGA TTG AGA AGA GCA GAA AAC ATA AGA TTA TAC ACA AGG GAT TAC GAA ATC CCC CGC TTA ACA ATC CAA AGA ATT GCA ATT TCC AGT AAC ATA AAG GTT AGA TCT GAA TCA GCA CAA TCT AAT CCT GTA GGT AGA ATG ATT AGA TTC GAC GCT TTG TCT TCA GAA GAT GTT TTG ACT GAT ATT TTT AAC GAA AAG TCC AGA GTG CGT CAG AAC CGC GAA TCA GCC GCC GGG AGG TCG TAT 
Cgla                            GCC TTG AAG GGT AAC CTG CAC GCT ATT CGT TCC ATC TTG AAC TAC AGA GGT ATT GCC GAC ACC ATG AAC GTA ATC TAC AAC AAA TTG TTG CCT CTA ACG TCT TTG AAC AAG AAG TAC ACA ACT GAA AAC ATG GCG AGT ATC ATA AAG ATC CCA GCT TTG GCT GGT ACA TTG ATG AAG CCT ACC GAG GCT TCT CCT ACA TGG CCT AAG CTG GAA ATG CTA AGT CCA ACC ATC TAT AAC GCT AAC GTC GCT AAG AGA GCT GCC ATC ACC CCT TTC AAC AGC ACC TTC GTT GAG TTT TTA GAA GGT ACT GAC AGA ACT GAG ATT CGT GTG ACA GAA TCC GAA CAA GGT CAA GAG TCC CTG TCC TCC GAC AGA CCA TCC AAG CTA GAG ACT CAA ACT CCA AAA TCG CGT AAG AAC GAA CTG GCT TAC GCC GTG ATC AAA AAG GAG GCT GAC GTT AGT CAC AGA TCC CCA GAG GTC AAG TCT AAA AAG AGA TAT GAA GAG AGC GAA CCT ACC ATA AAA GTT AAA TAC GAA AAA ATC TGG CCA AAG ACC GAG CCT TCC AAC GCT GGT GAA TAT AGA GGT GCA AAG GTT TGG GAC GAA TAT AGA AAA GAA AAA GCC CCA CCT TCG GAC TCT GGT GAC TGT CAA ATC GCC GAG TTA ACT AAA ATC TTA TAC AAC GCC AGA CCA AAC TAC TCA ACG AAA AAG AAG GAG GAA AAC CAC AGC TAC TAT CCA CCT GAC CAT AAG TCC CAA CAA TAC TTG CAA GAA GGT GAC AAG AGC TTG TCG AAG AAT AAC GGT TTC AAC AGA GTG AGA ACC TAC ACC CCT AGA CGT ACT CGT GCT GGT ATC TTC AAG TAC CCT GCT ATC GTG CAA CTG CCA GCT AGA TTA TTG ACC ACT AAC AAA AAC TAT TCC GCC CTG GGT TTG TCT ATC GCC GGT GAC ACT GCC ACC AAG GGT ACA AGA AGA CTG AGA AGA GCA GAG AAC ATC AGA CTG TAT TCT AGA GAG TAC GAA ATA CCT TTA TTG GTA ATC CAA CGT ATC GCA ATC TCC AGT AAC ATC AAG GTT AGA TCT GAA TCT GCA CAG TCT AGT CCA ACT GGT AGA ATG ATT AGG TTC GAC GCT CTG TCT TCC GAA GAC GTT CTG ACT GAC ATT TAC AAC GAA AAA TCT AGA GTG AGA TTG AAC TTA GAA TCC ACT GCT GGT AGA GCT TAT 
Agos                            GCG CTC AAG GGC AAC TTG CAC GCC CTA CGC TCC ATC TTG AAC TAC CGT GGT ATC GCG GAC ACT ATG AAG GCG ATT TAC AAC AAG TTA CAG CCC CTG ACG TCA CTC AAC CAG AAG TAC ACC ACG GAG AAC ATG ACG AGC ATC ATA AAA ATC GCG GCG CAG GCC GGC TCT ATG ATC AAG CCC ACC GAA GCC TCC CCA ACT TGG CCT CAG CTG GAG ATG CTG AGC CCG ACT ATC TAC AAT GCG AAC GTC GCC AAG AGA GCC GCC ATC ACC CCT TTC AAT AAC ACT TTC GTG GAG TTC CGT GAC GGT ACC GAC CGT AAC GAG CTA CGC GTG ACC GAG TCC GAC CAG GGT CAG GAG TCC CTG TCC TCC GAC CGC CCG TCC AAG CTC GAG ACC CAG TCT CCC AAG TCG CGC AAA AAC GAG CTG GCC TAC GCG GTG ATC AAA AAG GAG GCA GAT GTG AGC CAC AGA TCG CCG GAG GTC AAG TCT AAA AAG CGT TAT GAA GAG AAC GAG CCA ACA ATA AGA GTT CGC TAC GAG CGC ATC TGG CCG AAG ACC GAG CCT TCT AAT GCG GGG GAT TAC CGT GGG GCC AAG GTG TGG GAC GAG TAT AGA AAG GAG AAA AAG CCG CCC TCG GAC TCG GGG GAC TGC CAA ATC GCG GAG CTG ACC AAG ATA CTG TAC AAC GCA CGC CCG AAC TAC TCG ACT AAA AAG AAG GAG GAA AAG CAC AAC TAC TAT CCC CCT GAC CAC AAG TCG CAG CAA TAC TTA CAG GAA GGG GAC CAG TCC CTC TCG AAG AAC ACC GGT TTC AAC CGC GTG AGA ACC TAC ACC CCT AGA CGG TCT CGG GCC GGC ATT TTC AAA TAC CCC GCC ATT GTG CAA CTG CCC GCC CGG CTG CTG ACC TCT AAC AGA AAC TAT TCC GCG CTG GGT CTC TCG ATT GCG GGC GAT TCT GCG ACT AAG GGG TCT AGA CGG CTG CGT CGC GCG GAG AAC ATA AGA CTA TAC ACC CGA GAG TAC GAG ATA CCC CGT CTG GTA ATT CAG CGG ATC GCG ATC TCC AGC AAC ATA AAG GTG CGG TCC GAG TCG GCG CAG TCC AGC CCG GTC GGC AGG ATG ATC AGA TTC GAC GCA CTG TCC TCT GAT GAT GTC TTG TCT GAC ATC CTC AAC GAG AAA TCA AAG GTG AGA CAG AAC CGT GAT TCC ACT GCC GGG AAA TCG TAT 
Klac                            GCT TTG AAA GGT AAC TTG CAT GCA GTA CGT TCT ATC TTG AAC TAC AGA GGT ATT GCT GAC ACT ATG AAG GTG ATC TAC AAC AAG TTA CAA CCT TTG ACT TCT TTG AAC CAG AAA TAC GTA ACT GAA AAC ATG ACC AGT ATC ATT AAG ATC CCA GCT CAA GCT GGT AGT ATG ATC AAG CCT ACA GAG GCT TCC CCT ACT TGG CCA CAG TTG GAA ATG TTG AGT CCT ACT ATC TAT AAC GCT AAT GTT GCT AGA AGA GCA GCC ATT ACA CCA TTC AAT AAT ACT TTC GTT GAA TTC AGA GAA GGT ACC GAC AGA ACT GAG GTA CGT GTT GTA GAA TCC GAT CAA GGT CAA GAA TCT TTG TCT TCC GAT AGA CCT ACC AAA TTG GAA ACT CAA ACT CCT AGA TCA CGT AAA AAC GAG TTG GCA TAC GCT GTT ATC AAG AGA GAA GCT GAT GTT AGT CAT CGT TCA CCA GAA GTT AAG TCT AAA AAG AGA TAT GAA GAG AAT GAA CCT ACA ATT AAG GTA GGG TAC GAA AAA ATC TGG CCA AAA ACT GAA CCA TCT AAC GCT GGT GAG TAT AGA GGT GCG AAG GTT TGG GAT GAA TAC AGA AAG GAA AAA AGG CCT CCG TCA GAC TCC GGC GAC TGT CAA ATC GCC GAA CTA ACC AAA ATC CTA TAC AAC GCT AGA CCT AAC TAT TCC ACG AAA AAA AAG GAA GAA AAG CAC AAT TAC TAC CCT CCA GAT CAC AAG TCA CAA CAA TAC TTA CAA GAA GGC GAC CAG TCC TTG TCA AAA AAC AAT GGG TTC AAC AGA GTT AGA ACT TAC ACA CCA AGA CGT ACT CGT GCT GGT GTG TTC AAA TAC CCT GCT ATT GTT CAA TTG CCA GCA AGA CTA CTT ACT ACT AAC AAG AAC TAT TCT GCT TTG GGT TTG TCT GTG GCC GGT GAT ACT GCT ACT AAG GGC AGT AGA AGA TTG AGA AGA GCT GAA AAC ATC AGA TTG TAC ACT AGG GAA TAC GAA ATT CCG AGA CTA GTT ATC CAA CGT ATC GCT ATC TCT AGT AAC ATC AAG GTT AGA TCC GAA TCC GCT CAG TCC AGT CCC GTA GGT AGA ATG ATC AGA TTC GAC GCT TTG TCT TCT GAG GAT GTT TTG ACT GAC ATC TAC AAT GAA AAA TCA AAG GTT AGA CAA AAC AGA GAG TCT ACT GCT GGT AGT TCC TAC 
Calb                            GCC TTG AGG GGG AAC TTA CAT GCC ACC AGA TCA ATC TTG AAC TAT AGA GGT ATA GCC GAT ACT ATG AAG GTT ATT TAT AAC AAG TTG CAA CCA TTG ACT TCG TTG AGT AAT AAA TAT ACA ACC GAA AAT ATG ATT TCG ATT ATT AAA ATC CAA GCT CAA AAA GGT ACG CTA ATT CAA CCA ACT ATT GCT TCC CCA ACT TGG CCC AAT TTG GAA ATG TTG AAT CCT ACT ATC TAC AAT GCT AAT GTT GCC AAA CGA GCC GCT ATC CAT CCC TTT AAC AAT ACT TTT GTT GAA TTT CAA TTA GGT ACA GAT AGA AAA GAA ACC AGA GTT ACA GAA GCT AAT CAA AGC CAA GAA GCC TTG TCA GCT GAC ATT CCA ACC AAA TTG GAA ACT ACC TCC CCT AGG TCA AGA AAA AAT GAG TTG GCC TAC GCC GTA ATT AAG AAA GAA GCA GAT GTT TCG CAT AGA AAA CCA GAA GTT AAA TCC CAA AAG AGA TAT GAA GAA AAT GAA CCA AAA ATT AAG GTG CAC TAC GAA TCG ATC TGG CCA AGG ACT GAA CCC TCA AAT GCT GGT CAG TAT AGA GGT GCA AAG GTT TGG GAC GAA TAT AGA AAG GAA CAA CGG CCT CCG TCA AAT AAT GGT AAT TGT CAA ATT GCT GAA TTA ACT AAA ATT TTA TAC AAT GCT AGA CCA AAT TAT TCT ACT CAA AAA AAG GAA GAA AAG CAT AAT TTC TAC CCT CCC AAG CAT CAA AAA CAA CAA TAC TTG CAA GAA GGT AAT AAT ACA TTG TCA AAG AAT TGC GGA TTC AAT AGA GTT AGA ACT TAC CAT CCC CGT CGT TCC CGT GCC GGG GTT TTT AAA TAT CCA AAA ATT GTG CAA TTG CCA GCC AAA TTA TTA ACT TCC AGT AAG AAT TAT TCG GCC TTG AGC TTG TCA GTT GCT GGT GAT TCC GCC ACT AAA GGT ACG AGA AAT TTG AGA AGA GCT GAG AAC ATT AGA TTG TTC ACT ACA GAT TAT GAA ATT CCG CAA ATT ACA ATT CAA CGT ATA GCT ATT TCA TCG AGT ATT AAA GTT AAA TCC GAA AAT GCT CAA TCC AAT CCA GTG GGG AAA ATG ATT AGA TTT GAC GCC TTG TCA TCA GAT GAT GTT TTG TCC AAT ATT GCA AAT GAA AGA TCG AAA GTT CGT CAA AGT CAA GAT TAT TCC GCT GGT AAA TAT TAT 



Printing out site pattern counts


         9        693  P

Scer                            AAA AAA AAA AAA AAA AAA AAA AAA AAA AAA AAA AAA AAA AAA AAA AAA AAA AAC AAC AAC AAC AAC AAC AAC AAC AAC AAG AAG AAG AAG AAG AAG AAG AAT AAT AAT AAT ACA ACA ACA ACC ACC ACT ACT ACT ACT ACT ACT ACT ACT ACT ACT ACT ACT ACT AGA AGA AGA AGA AGA AGA AGA AGA AGA AGA AGC AGC AGC AGC AGG AGG AGG AGG AGT AGT ATA ATC ATC ATC ATC ATG ATT ATT ATT ATT ATT ATT ATT ATT CAA CAA CAA CAC CAC CAG CAG CAG CAT CAT CCA CCA CCA CCA CCA CCG CCG CCT CCT CCT CCT CGA CGT CTA CTG CTG CTG CTG CTT GAA GAA GAA GAA GAA GAA GAA GAA GAA GAA GAA GAA GAA GAA GAC GAC GAC GAC GAG GAG GAG GAG GAG GAG GAT GAT GAT GCA GCA GCC GCC GCC GCC GCC GCG GCT GCT GCT GCT GCT GCT GCT GCT GCT GCT GCT GGA GGC GGG GGT GGT GGT GGT GGT GTA GTC GTC GTC GTG GTG GTG GTT GTT GTT GTT GTT TAC TAC TAC TAC TAC TAC TAT TAT TAT TAT TAT TAT TAT TAT TAT TCA TCA TCC TCC TCC TCC TCC TCC TCG TCT TCT TCT TCT TCT TCT TCT TCT TCT TGG TGT TTA TTC TTC TTG TTG TTG TTG TTG TTG TTG TTG TTT 
Sbay                            ... ... ... ... ... ... ... ... ... ... ..G ..G ..G ..G ..G .G. CGG ... ... ... ... ... ..T ..T ..T ..T ..A ..A ... ... ... ... ... ..C ... ... .GG ... ... ..C ..A ... ..A ..C ..C ..C ..C ..C ... ... ... ... ... ... .G. ... ... ... ... ... ... ... ... ..G ..G ... ..T ..T TCA ..A ..A ..A ... ..C ... ... ..A ... ..G ..T ... ..C ..C ..C ..C ... ... ... ... ... ... ... ... ..T ..A ... ... ... ... ... ... ... ..C ..T ... ... ..A ... ... ... A.. A.A T.G ... ... ... T.. T.A ... ... ... ... ... ... ... ... ... ... ... ..G ..G ..G ... ... ... ... ..A ..A ..A ..A ..A ... ..G ... ... ... ..T ... ..G ..T ..T ..T ..C ..C ..C ..C ..C ... ... ... ... ... ... ... ..T ..A ..A ..A ... ... ... ... ... ..A ..T ..T ..A ... ..T ..C ..G ... ... ... ... ... ... ... ..T ..T ..C ..C ..C ..C ..C ..C ... ... ... ... ... G.. ... ..T ..T ..T ..T ..A ..C ..C ..C ..C ... ... ... ... ... ... ... ... ... ..T C.. ..A ... ... ... ... ... ... ..C 
Smik                            ... ... ... ... ... ... ... ... ... ..G ... ... ..G ..G ..G .G. CGC ... ... ... ... ..T ... ..T ..T ..T ..A ... ... ... ... ... ... ... ... ... .GA ... ... ..C ..T ..A ... ..C ... ... ... ... ..C ... ... ... ... ... .G. ... ... ... ... ... ... ... ..G ... ... .AT ... ..T TCG ..A ..A ... ..A ... ... ... ..A ... ..G ... ... ..C ... ... ... ..C ... ... ... ... ... ..G ..T ... ..A ... ... ... ... ... ... ..G ..T ... ... ..T ..A ..A ..C ... ... A.A T.. ..A ... ... T.. ..A ... ... ... ... ... ... ... ... ... ... ..C ... ... ... ... ... ... ..T ..A ..A ..A ... ... ... ..G ... ... ..G ..G ..T ..A ..G ..T ..T ... ..C ... ... ... ... ... ... ... ... ... ... ... ..T ..A ..G ... ... ... ... ... ..A ... ..T ..C ... ... ... ..G ... ... ... ... ... ... ..T ... ..T ..C ..C ... ... ... ... ..C ... ... ... ... ..T ..T ..A ... ... ..T ... ..C ... ... ... ... ... ... ... ... ... ..C C.. ... ..T ... ... C.A C.. ..A ... ... ... ... 
Spar                            ... ... ... ... ... ... ... ..G ..G ... ... ..G ... ... ..G .GG CGG ... ... ..T ..T ..T ... ... ... ... ..A ... ..A ... ... ... ... ... ... ... .GA ... ... ..C ... ..A ... ... ... ... ... ... ... ... ... ... ... ... .G. ... ... ... ... ... ... ..G ... ... ... ..T ..T ... TCG ... ... ... ..A ... ..C ... ..A ... ..G ..T ... ... ... ... ... ..C ... ... ... ... ... ... ..T ..T ..A ... ... ... ... ... ... ... ..T ... ... ..T ..A ... ... ..C ... ..A ... ... ... ... ... T.A ... ... ... ... ... ... ... ... ..G .GG ..C ... ... ... ... ... ..T ... ..A ..A ..A ... ... ... ..G ... ... ... ..T ..T ..A ..T ... ..T ... ... ..A ... ... ..C ..G ..G ... ... ... ... ... ..T ..A ..G ... ... ... ... ... ..A ... ... ..C ... ... ... ..C ... ... ... ... ... ... ..T ... ..T ..C ... ..C ... ... ... ... ... ... ... ... G.. ... ... ... ... ..T ... ..C ..C ... ... ..A ... ... ... ... ... ..C ... ... ..T ... ... ... ... ... A.. ... ... ... 
Ncas                            ... ... ... ... ... ..G ..G ... ..G ... ..G ..G ..G ..G ... .G. .G. ... ..T ..T ..T ... ... ... ... ... ..A ... ..A ... ... ... .G. ..C ... C.A .GA G.C GT. ..C ..A ..T ..A ... ..A ..A ... ... ..A .A. ..A ..A ..C ... ... ... ... ... ... ..G C.T C.T ... ... C.C .CT G.T .AT TCT ..A ..A ..A ... TCA ... ... ... ... ... ..T ... ... ..C ... ... ... ..C ..C ... ... ..G ... A.. ..T ... ..A ..A ... ... ... ..T ..T ... ... ... ..T ... ..C ..A ... AA. ... T.. T.. ... T.. ..T T.G ... ... ... ... ... ... ... ..G ... ..G ..G ... ..G ..G ... ..T ..A ..T ..A ..A ..T ..A ..A ..A ... ..C ... ... ..T ..A ... ..T ..G ..T ..A ..A ..A A.C ..A ..C ..C ... ..A ..C ... T.G ..G ..G ..A ..G ... ... ... ... ..T ... ... ..T ACA ..C ... ..A A.C ... ... ... ..T ..T ..T .TT ... ..T ..C ..C ..C ..C ... .T. ..C ... ... ... ..C GAA ..A ..T ... ..T ..T ..C ... ... ..A ... ..C ..A ..A ..A ... ... ... C.. ... ... ..A ..A ..A ..A ... A.. C.A ... ..C 
Cgla                            ... ... ... ..G ..G ... ..G ... ..G ..G ... ..G ... ..G ..G .G. .G. ... ... ... ... ... ... ... ... ... ... ... ..A ..A ... ... .GA ..C ... ..A .GG ..T G.G ..C ..A ..T ..A ..C ... T.. ..G T.C ..G ... ..C ... ..C ... ... ... ... ... ... ... ... ... ... C.T TT. .C. G.T ..T ... ..A ..A ..A ..A .CA ... ..C ... ... ..G ... ... ..C ..C ..C ... ... ..A ..C ..C ... ... ... AG. ..T TT. ..A ... ..C ..C ... ..T ... ... ... ..T ..A ..A ... ... ..A AAG ... ... T.. ..A ... T.. ..G ... ... ... ... ... ..G ..G ..G ..G ... ..G ... C.. ..G ... ... ... ... ..A ... ... ..A ... ..A ..A ..C ..C ..T ..T ... ..T ..T ..A ... ..A ... ... ..C ... ... ..C ... ... ... ..C ... ..T ..T ..T ... ... ... ... ... ..T ..A ... ..T ..A ... ... AC. A.. ..G ... ... ... ..T ..T ... ..T ... ..C ..C ..C ... ..C ..C ..C ... ... ..C ..T GAA ... ..T ..G ..T ..T ..C ..C ..C ... ..C ..C ..A ... ... ... ... ... C.G ... ... ... C.. ... ... C.A ... ..A C.. ... 
Agos                            ..G ..G CGC ... ..G ... ..G .G. ... ..G ... ..G ... C.G ..G CGC ..G ... ..T ... ..T ... ..G ... ... .C. ... ... ... ... ... ... CGA ..C ..C CGC .GA ..T ..G ..T ..T ... ..C ..C ..C ..C ... T.C ..G .AC ..C ..C ..C ..G T.. ... C.C C.G C.T .A. ... ... C.G C.G C.T .CA G.G ... TC. ..A ... C.C ..A TC. ..C ... ..T ... ... ... ... ..C ... ..C ..C ..C ..A ... ..C ..G ..G ..G A.. ... ... ..A ... ..C ..C G.G ... ..G ..C ..G ..C ..C ..G ..C ... ..G AAG ..C ..G T.. ... T.. ..C ..G ... ..C ..G ..G ..T ..G ..G ..G ..G ... ... ..G C.G ..G ... ..T ... ... ... ... ... ... ... ..T ..C ..C ..C ..C ... ..A ..G ... ... ..G ... ..G ..A ..C ..C ..C AAG ..C ..C ..C ..G T.G ..G ... ..T ..G ..C ..C ... ... ..T .CG ... ..G ..A ... ... ..C C.A ..G ..C ..G ... ... ... ... ... ... ..C ..C ..C ... ..C CTC ..C ... ... ..C ... GAG ..T ... ..G ... ..T ... ..C ..C ..A ..C ..C ..G ..G ..G ..C ... ..C ..G ... ... C.. C.A ..A C.. C.C A.. C.. C.. ..C 
Klac                            ..G .G. ... ... ..G ..G ... ..G ..G ... ... ..G ... C.G ..G .G. ..G ... ... ... ..T ..T ..G ... ... ..T ..A ... ..A ... ..A ... .G. ..C ..C GGG .GA ..T ..C ..T ..T ..T GTA ..A ..C ... ..G ..C ... ... ..A ..C ... ... ... ... ... ... ... ..T ... ... ... C.T ... .CA G.T ..T TC. ..A ..A ..A C.T ... ... ..C ..T ... ... ... ... ... ..C ..C ... ..C ... G.G ..C ... ... ... A.T ... ..A ..A ... ..C ... ... ..T ..C ... ..T ..T ..T ..A ..G ..A ... A.. ... T.G T.. T.. T.. T.. T.G ... ... ... ..G ..G ... ... ..G ..G ... ..G ... C.. ... ... ..T ..T ... ..A ..A ..A ..A ..A ... ... ... ..C ..T ..T ..T ..T ..T ..G ..T ..T ... ... ..C ..A ... AGG ..A ... ... ..C T.C ..T ..T ... ..C ... ... ... ... ... ..G ..T ..T ..T ..T ..T ..A ..A ... ... ... ... ..T ..T ... ... ..T ..C ..C ..C ..C ..C ..C ..C ..C ... ..T ... GAA ..T ... ..A ... ..T ..A ... ..C ... ... ... ..C ..C ... ... ... ... ..G ... ... C.T ... ..A C.A ... A.. C.A ... ..C 
Calb                            ..G .GG TCG ... ... ..G ... ..G ... .GG C.. ..G .G. ..T ... .TT ... ..T ..T ..T ... ..T ..G ..T .GT TG. ..A ..A ..A ... ... C.A .CA ..C ... C.C .GA T.C .TT ..T ..T ..T ..A ... ... ... ... ..C ... .AA CA. ..A ... ..C T.C ... ... .A. ... .A. C.T C.. .AT C.T CA. .AA G.T .AT .CA ..A .AA ..A ..A .CG TCG ..T ..T ..T ..T ..T ... ..C ... ..C ..A ... ... G.. ..A ... ... ... A.T ..T ..A ..A ..A ... ... .A. ... ... ... ... ..A ..T ..A ..G ..C ... AA. A.A T.G T.. T.. T.. T.. T.G ... TT. ... ..G ..T ... ..G ... ... ... ATT ... ACC ... ... ..T A.G ..T ..A ..A ..T ..A ..A C.. A.. ..C A.. AA. ..C ..T ..T ..T ..A ... ..T ... ..A ... ..C ... CGG ..C ..C ..C ... TA. ..T ..T ..A ... ..G ... A.C ... ..G ..T ..T ..T ACA ..A ..T ..G ACC ..G ... ... ... ... ..T .T. .T. ..T ... ..C ... ..C ... GCA ..C ... ... .AT ..G GAA ..A ... ..A ... ... AAA G.C G.. ..G ..G ..A ... AA. ..A ..A ... ... ... ..T ... ..A ... ... A.T ... C.A ..A ... ... 

    1    1    1    2    1    1    2    2    1    2    3    3    1    3    1
    1    1    3    2    2    1    2    2    1    4    1    1    1    1    1
    1    2    1    4    1    1    1    1    1    4    1    1    2    1    1
    1    1    1    1    1    2    1    3    1    5    2    1    2    5    1
    2    1    1    3    3    1    1    2    1    2    1    2    1    2    3
    3    1    2    1    2    4    1    2    4    1    2    3    2    1    2
    1    2    3    1    3    3    1    1    2    1    2    1    1    2    3
    2    2    2    5    2    2    3    1    1    1    1    4    4    2    1
    2    1    2    2    1    1    1    1    1    2    1    1    1    3    1
    2    2    1    1    2    4    1    1    2    4    2    1    1    2    1
    1    5    3    1    1    1    2    1    1    2    1    1    2    1    2
    1    1    3    3    1    2    2    1    1    2    1    1    1    3    1
    2    1    1    3    3    1    1    1    1    1    2    1    1    1    2
    1    1    2    2    1    1    2    2    1    3    2    1    2    1    2
    1    1    3    1    2    1    1    3    1    1    4    1    1    1    2
    1    1    1    3    3    1

CODONML (in paml version 4.9j, February 2020)  temp.nuc
Model: One dN/dS ratio, 
Codon frequency model: Fequal
ns =   9  ls = 394

Codon usage in sequences
--------------------------------------------------------------------------------------------------------------------------------------
Phe TTT   1   1   2   2   2   1 | Ser TCT  13  15  17   8  10  11 | Tyr TAT  13   7  11  12  12   8 | Cys TGT   1   1   0   0   1   1
    TTC   5   5   4   4   6   5 |     TCC  11   7   6  11   9  13 |     TAC   8  14  10   9   7  13 |     TGC   0   0   1   1   0   0
Leu TTA   1   6   2   5   6   6 |     TCA   2   5   3   5  10   1 | *** TAA   0   0   0   0   0   0 | *** TGA   0   0   0   0   0   0
    TTG  13  16  13  12  10  13 |     TCG   2   0   3   3   1   3 |     TAG   0   0   0   0   0   0 | Trp TGG   3   3   3   3   3   3
--------------------------------------------------------------------------------------------------------------------------------------
Leu CTT   4   0   0   0   4   0 | Pro CCT  11  11   5  10   9  12 | His CAT   3   4   6   7   4   1 | Arg CGT   3   0   0   0   6   6
    CTC   0   0   0   0   0   0 |     CCC   0   1   5   2   2   0 |     CAC   4   3   1   0   0   3 |     CGC   0   0   1   0   3   0
    CTA   1   0   8   1   4   3 |     CCA   7   6   9   8   9  11 | Gln CAA   5   8   6   8   9   9 |     CGA   2   0   2   5   0   0
    CTG   7   4   3   7   1  10 |     CCG   5   5   4   3   3   0 |     CAG   7   4   6   4   4   1 |     CGG   0   1   0   1   0   0
--------------------------------------------------------------------------------------------------------------------------------------
Ile ATT  16  10  13  16  11   5 | Thr ACT  21   9  15  16  11  12 | Asn AAT   7  10  15  11   9   1 | Ser AGT   5  11  12   9   3   5
    ATC   6  10   7   4  13  18 |     ACC   2  10   6   5   8  11 |     AAC  18  14  10  13  20  22 |     AGC   5   3   1   5   0   4
    ATA   3   4   4   4   3   3 |     ACA   6   5   3   3  10   5 | Lys AAA  27  16  19  20  15  13 | Arg AGA  21  26  29  22  22  24
Met ATG   4   5   5   6   5   5 |     ACG   0   0   0   0   0   2 |     AAG   8  17  14  13  19  22 |     AGG   6   8   3   7   3   1
--------------------------------------------------------------------------------------------------------------------------------------
Val GTT   8  11   7   6   7   6 | Ala GCT  14  17  20  17  11  16 | Asp GAT   7   6   8   7  11   0 | Gly GGT  11  10   9   9   9  16
    GTC   4   1   3   6   4   2 |     GCC  10  11   1   4   6  10 |     GAC   7   7   6   7   3  13 |     GGC   1   0   0   0   0   0
    GTA   1   3   2   2   2   2 |     GCA   3   2   2   5  11   4 | Glu GAA  19  25  22  20  27  19 |     GGA   2   5   3   3   1   0
    GTG   5   3   6   4   3   5 |     GCG   3   2   7   6   1   1 |     GAG  11   6   8   9   5  13 |     GGG   1   0   3   4   6   0
--------------------------------------------------------------------------------------------------------------------------------------

--------------------------------------------------------------------------------------
Phe TTT   0   0   5 | Ser TCT  10  12   1 | Tyr TAT   5   5  13 | Cys TGT   0   1   1
    TTC   6   6   3 |     TCC  14  10  10 |     TAC  15  16   7 |     TGC   1   0   1
Leu TTA   2   2   6 |     TCA   2   6  10 | *** TAA   0   0   0 | *** TGA   0   0   0
    TTG   3  18  19 |     TCG  10   0   7 |     TAG   0   0   0 | Trp TGG   3   3   3
--------------------------------------------------------------------------------------
Leu CTT   0   1   0 | Pro CCT   5  11   4 | His CAT   0   2   6 | Arg CGT   8   7   5
    CTC   6   0   0 |     CCC   8   1   5 |     CAC   4   2   1 |     CGC   9   0   0
    CTA   3   4   1 |     CCA   2   9  11 | Gln CAA   3  12  21 |     CGA   1   0   1
    CTG  14   0   0 |     CCG   7   2   2 |     CAG  13   4   1 |     CGG   6   0   1
--------------------------------------------------------------------------------------
Ile ATT   5   6  20 | Thr ACT   7  19  14 | Asn AAT   3   7  27 | Ser AGT   0   8   4
    ATC  14  17   5 |     ACC  13   4   5 |     AAC  21  17   5 |     AGC   5   0   2
    ATA   6   0   2 |     ACA   1   4   6 | Lys AAA   9  14  23 | Arg AGA  11  27  18
Met ATG   5   5   4 |     ACG   3   1   2 |     AAG  24  17  12 |     AGG   1   2   3
--------------------------------------------------------------------------------------
Val GTT   1  13  13 | Ala GCT   0  20  14 | Asp GAT   6   7   8 | Gly GGT   5  12  10
    GTC   4   0   0 |     GCC  12   3  13 |     GAC  12   7   3 |     GGC   5   3   0
    GTA   1   6   1 |     GCA   3   4   3 | Glu GAA   4  24  23 |     GGA   0   0   1
    GTG   9   3   3 |     GCG  15   1   0 |     GAG  23   7   2 |     GGG   6   2   3
--------------------------------------------------------------------------------------

Codon position x base (3x4) table for each sequence.

#1: Scer           
position  1:    T:0.18528    C:0.14975    A:0.39340    G:0.27157
position  2:    T:0.20051    C:0.27919    A:0.36548    G:0.15482
position  3:    T:0.35025    C:0.20558    A:0.25381    G:0.19036
Average         T:0.24535    C:0.21151    A:0.33756    G:0.20558

#2: Sbay           
position  1:    T:0.20305    C:0.11929    A:0.40102    G:0.27665
position  2:    T:0.20051    C:0.26904    A:0.35787    G:0.17259
position  3:    T:0.31218    C:0.21827    A:0.28173    G:0.18782
Average         T:0.23858    C:0.20220    A:0.34687    G:0.21235

#3: Smik           
position  1:    T:0.19036    C:0.14213    A:0.39594    G:0.27157
position  2:    T:0.20051    C:0.26904    A:0.36041    G:0.17005
position  3:    T:0.35533    C:0.15736    A:0.28934    G:0.19797
Average         T:0.24873    C:0.18951    A:0.34856    G:0.21320

#4: Spar           
position  1:    T:0.19036    C:0.14213    A:0.39086    G:0.27665
position  2:    T:0.20051    C:0.26904    A:0.35533    G:0.17513
position  3:    T:0.32995    C:0.18020    A:0.28173    G:0.20812
Average         T:0.24027    C:0.19712    A:0.34264    G:0.21997

#5: Ncas           
position  1:    T:0.19543    C:0.14721    A:0.38579    G:0.27157
position  2:    T:0.20558    C:0.28173    A:0.36802    G:0.14467
position  3:    T:0.30457    C:0.20558    A:0.32741    G:0.16244
Average         T:0.23519    C:0.21151    A:0.36041    G:0.19289

#6: Cgla           
position  1:    T:0.19797    C:0.14213    A:0.38832    G:0.27157
position  2:    T:0.21320    C:0.28426    A:0.35025    G:0.15228
position  3:    T:0.25635    C:0.28934    A:0.25381    G:0.20051
Average         T:0.22250    C:0.23858    A:0.33080    G:0.20812

#7: Agos           
position  1:    T:0.18020    C:0.22589    A:0.32487    G:0.26904
position  2:    T:0.20051    C:0.28426    A:0.36041    G:0.15482
position  3:    T:0.13959    C:0.37817    A:0.12183    G:0.36041
Average         T:0.17343    C:0.29611    A:0.26904    G:0.26142

#8: Klac           
position  1:    T:0.20051    C:0.13959    A:0.37563    G:0.28426
position  2:    T:0.20558    C:0.27157    A:0.35787    G:0.16497
position  3:    T:0.33249    C:0.21827    A:0.28426    G:0.16497
Average         T:0.24619    C:0.20981    A:0.33926    G:0.20474

#9: Calb           
position  1:    T:0.21827    C:0.14975    A:0.38579    G:0.24619
position  2:    T:0.20812    C:0.27157    A:0.38579    G:0.13452
position  3:    T:0.36802    C:0.15228    A:0.32234    G:0.15736
Average         T:0.26481    C:0.19120    A:0.36464    G:0.17936

Sums of codon usage counts
------------------------------------------------------------------------------
Phe F TTT      14 | Ser S TCT      97 | Tyr Y TAT      86 | Cys C TGT       6
      TTC      44 |       TCC      91 |       TAC      99 |       TGC       4
Leu L TTA      36 |       TCA      44 | *** * TAA       0 | *** * TGA       0
      TTG     117 |       TCG      29 |       TAG       0 | Trp W TGG      27
------------------------------------------------------------------------------
Leu L CTT       9 | Pro P CCT      78 | His H CAT      33 | Arg R CGT      35
      CTC       6 |       CCC      24 |       CAC      18 |       CGC      13
      CTA      25 |       CCA      72 | Gln Q CAA      81 |       CGA      11
      CTG      46 |       CCG      31 |       CAG      44 |       CGG       9
------------------------------------------------------------------------------
Ile I ATT     102 | Thr T ACT     124 | Asn N AAT      90 | Ser S AGT      57
      ATC      94 |       ACC      64 |       AAC     140 |       AGC      25
      ATA      29 |       ACA      43 | Lys K AAA     156 | Arg R AGA     200
Met M ATG      44 |       ACG       8 |       AAG     146 |       AGG      34
------------------------------------------------------------------------------
Val V GTT      72 | Ala A GCT     129 | Asp D GAT      60 | Gly G GGT      91
      GTC      24 |       GCC      70 |       GAC      65 |       GGC       9
      GTA      20 |       GCA      37 | Glu E GAA     183 |       GGA      15
      GTG      41 |       GCG      36 |       GAG      84 |       GGG      25
------------------------------------------------------------------------------


Codon position x base (3x4) table, overall

position  1:    T:0.19571    C:0.15087    A:0.38240    G:0.27101
position  2:    T:0.20389    C:0.27552    A:0.36238    G:0.15821
position  3:    T:0.30541    C:0.22279    A:0.26847    G:0.20333
Average         T:0.23501    C:0.21639    A:0.33775    G:0.21085

Codon frequencies under model, for use in evolver (TTT TTC TTA TTG ... GGG):
  0.01639344  0.01639344  0.01639344  0.01639344
  0.01639344  0.01639344  0.01639344  0.01639344
  0.01639344  0.01639344  0.00000000  0.00000000
  0.01639344  0.01639344  0.00000000  0.01639344
  0.01639344  0.01639344  0.01639344  0.01639344
  0.01639344  0.01639344  0.01639344  0.01639344
  0.01639344  0.01639344  0.01639344  0.01639344
  0.01639344  0.01639344  0.01639344  0.01639344
  0.01639344  0.01639344  0.01639344  0.01639344
  0.01639344  0.01639344  0.01639344  0.01639344
  0.01639344  0.01639344  0.01639344  0.01639344
  0.01639344  0.01639344  0.01639344  0.01639344
  0.01639344  0.01639344  0.01639344  0.01639344
  0.01639344  0.01639344  0.01639344  0.01639344
  0.01639344  0.01639344  0.01639344  0.01639344
  0.01639344  0.01639344  0.01639344  0.01639344


TREE #  1:  (((((1, 4), (3, 2)), 5), 6), ((7, 8), 9));   MP score: 1163
This is a rooted tree.  Please check!
lnL(ntime: 16  np: 18):  -5871.273479      +0.000000
  10..11   11..12   12..13   13..14   14..1    14..4    13..15   15..3    15..2    12..5    11..6    10..16   16..17   17..7    17..8    16..9  
 0.039132 0.076007 0.624035 0.018221 0.306018 0.123813 0.062990 0.178265 0.404587 0.604304 0.479686 0.095745 0.062046 1.352393 0.431811 2.860111 2.115826 0.034062

Note: Branch length is defined as number of nucleotide substitutions per codon (not per neucleotide site).

tree length =  7.719163

(((((1: 0.306018, 4: 0.123813): 0.018221, (3: 0.178265, 2: 0.404587): 0.062990): 0.624035, 5: 0.604304): 0.076007, 6: 0.479686): 0.039132, ((7: 1.352393, 8: 0.431811): 0.062046, 9: 2.860111): 0.095745);

(((((Scer: 0.306018, Spar: 0.123813): 0.018221, (Smik: 0.178265, Sbay: 0.404587): 0.062990): 0.624035, Ncas: 0.604304): 0.076007, Cgla: 0.479686): 0.039132, ((Agos: 1.352393, Klac: 0.431811): 0.062046, Calb: 2.860111): 0.095745);

Detailed output identifying parameters

kappa (ts/tv) =  2.11583

omega (dN/dS) =  0.03406

dN & dS for each branch

 branch          t       N       S   dN/dS      dN      dS  N*dN  S*dS

  10..11     0.039   850.6   331.4  0.0341  0.0015  0.0428   1.2  14.2
  11..12     0.076   850.6   331.4  0.0341  0.0028  0.0831   2.4  27.5
  12..13     0.624   850.6   331.4  0.0341  0.0232  0.6822  19.8 226.1
  13..14     0.018   850.6   331.4  0.0341  0.0007  0.0199   0.6   6.6
  14..1      0.306   850.6   331.4  0.0341  0.0114  0.3345   9.7 110.9
  14..4      0.124   850.6   331.4  0.0341  0.0046  0.1354   3.9  44.9
  13..15     0.063   850.6   331.4  0.0341  0.0023  0.0689   2.0  22.8
  15..3      0.178   850.6   331.4  0.0341  0.0066  0.1949   5.6  64.6
  15..2      0.405   850.6   331.4  0.0341  0.0151  0.4423  12.8 146.6
  12..5      0.604   850.6   331.4  0.0341  0.0225  0.6606  19.1 219.0
  11..6      0.480   850.6   331.4  0.0341  0.0179  0.5244  15.2 173.8
  10..16     0.096   850.6   331.4  0.0341  0.0036  0.1047   3.0  34.7
  16..17     0.062   850.6   331.4  0.0341  0.0023  0.0678   2.0  22.5
  17..7      1.352   850.6   331.4  0.0341  0.0504  1.4785  42.8 490.0
  17..8      0.432   850.6   331.4  0.0341  0.0161  0.4721  13.7 156.5
  16..9      2.860   850.6   331.4  0.0341  0.1065  3.1267  90.6 1036.3

tree length for dN:       0.2874
tree length for dS:       8.4388


Time used:  0:12
