      9   1176

Scer                            ACT CTT CCA CAC CAA CAG GAA GAA AAC GCC GGG ATG ACT TTT AGC GTA TGG GAG TGT CTA GAA GGT ACA GGT ATT TTA TAT GAC GAA ATT ATT ATG ATG GGA GGA ATA GGT TAC TAT TGT TCT GTG CAA GGA GAA CTT AAT TCA GAA GAC TAC AAA GGA GCC CTG GTA ACT GGT CCC GTT CAG ATG ACC GAC GGT CTT TTC TTA ATT GTT TTC GGA GGA AGA GAA ATT CCA ACT CAG ATC ACT CTC AGA GCA GCA TGC GAT ATA AGA GAA GGT GAT GGG CCT AAA ACC GGT TTC AAC GAT CTG TGG ACA TTA GCC CTC TGG ACT AGC ACT CCA GGT ACC AGA AAT GGT TGT GAC TAT ATG GTT GGT AAG TTT GGG TAC GAA TTC GGT GAC ATC TTC TAT AGA ATT GTT ATT GGT GTC GAA TGG TCT TGG TAT TGT AAA ACT GCA CAA ACA GAG CCA AAT TGC AAA TAC TTA AAA AAA GGC GGT GGT TTT AGA TGG ATC GCG GGT CTG ACA GTG AAT GAT CTG AGA CGT GCA AGA ATC TGG CTG ACA AGA GAC AAA CAC ATA ATG GAA ATT ATG GCT CAA GGT AAG TTA CAC CCA GGT CAA TAT CCA CGT GCC GTT GTA AGT GGT CAC CAA TTA CGC GTG CAC GGG GGA AGC GGT GCC TTA ATA GTC AAA TGT AAT TGT GGT TTT ATT AGA CCA CTG TGG GAT TTG AAT CTT CTT AAT ACC AAT AGT GAA AGA AAG GCA GCT AAT GGA GAA AAA GAA GAC AGA AAG ATT AAC GAT CAA TTA GTT GAA GAT AGA AAA AAG GGA GCC GTG GAG CGT ATA ATG AGA GAA GCA GCC AGA AGT CCG TCA CCA AAC TGT GGT CTT AGT TTC GAA AGA CTA TTG GCA GAA AGA ATA TTA AGT GTC TTA GCT AAA GAA TTA ATA GGT GTG AAG GCA CAG AAA GGT AAA ATA AGA GGT TTC GTT ACG TGG TTA AGC GGT GAG TTT AGT GGT AAT AAA AAT GGT ACT TCT TCT GAA GCA AGC ATG TCT CCA TGT GCC AGT CTG GGA CTT TTC TGG CTG ATG TGG ACT GCC GGC GTT GAA GCA TTC CCA GCC AGA TCT GAG GTT ATA AGA CCA GTT CTT AAT CAG ACT AAT GGT GGT AAG AAG CTC GCA ATT GTT TCC CCC CAA GAG GAC GCC TGG ACT AAA AGA CTT 
Sbay                            ACC CTT CCC CAT CAA CAA GAA GAA AAC GCT GGC ATG ACA TTA AGC GTT TGG GAA TCT CTA GAA GGT ACA TGT ATT GTT TAT GAT GAA ATT ATT ATC ATG GGA GGC CTA GGA TAT TAT TGC TCT ATC CAA GGT GAA CTT AAT TCG GAA GAC TAT AAA GGT TGT CTG GTG ACA GGC CCC GTC CAA ATG ACC GAT TGT CTT TTC CTA TAT GTT TTC GGA GGC AGA GAA ATT CCG ACA CAA ATC ACC TTG AGA GCC TGT CGC GAT ATA AGA GAA GGA GAT GGT CCA AAA ACA GGT TTC AAT GAT TTG TGG ACT TTG AGT TTG TGG ACT AAC ACA CCA GGT ACC AGA AAT GGA TGT GAT TAC ATG GTC GGT AAA TTT GGC TAC GAA TTC GGT GAT ATC TAC TAT AGA ATT GTT ATT TGT GTT GAA TGG AAC TGG TAC TCT AAG ACA TCT CAG ACC GAG CCT AAT TGC AAG TAC CTA AAT AAA GGT GGT GGT TTA AGA TGG ATT GCG GGA CTG ACT GTT GAT GAT TTG AGG CGT GCC AGA ATC TGG TTG ACA AGA GAC AGA CAC CTA ATG GAA ATT TTG GCT CAG GGC GGT CTC CAC CCA GGT CAG TAT CCT CGT TCC GTT GTT GCA GGC CAC CAA TTG CGT GTG CAC GGT GGT AGT GGT TGT TTG ATA GTC AAA TGT GAT GCC GGT TTT ATG AGA CCA CTG TGG GAT TTA AAC TTG CTT AAT ACG AAT AGC GAG AGA GGT ATT TCC AAT GGT GAA AAA GAA GAT AGA AAA ATT AAC GAT CAA TTA GCA GAA GAT CGA AAG AAA GGA GCC GTT GAA CGT CTA ATC AGA GAA GCA AGT AGA AGC CCA TCG CCT AAT TGT GGT CTG AGT TTT GAA AGA CTC CTA GCC TAT AGA ATA CTG AGT GTT TTG GCT AAT TAT CTA ATT GGT ATA AAA GCC CAA AAA GGT AAA ATA AGA GGT TTT GTC ACG TGG GTT AGC GGT GAG TTT GCA TGT AAT AAA AAC GGT GCT GCT AAC GAA TGT AAC ATT TCT CCT TGT GCT AGC TTG GGG CTG GCC TGG TTA ATG TGG GCT ACA GGG GTT GAA GCC GCC CCA GCT AGA AAC GAA GTT CTA AGA CCG GTC CTT AAC CAA ACA GAT GGT GGT AAA AAA CTC GCC ATT GTT TCT CCT CAA GAA GAC ACA TGG GCT AAA AGA TTG 
Smik                            ACA CTC CCA CAC CAG CAA GAA GAA AAC GCC GGA ATG ACT TTT AGT GTA TGG GAG TGC CTA GAA GGT ACT GGT ATA TTA TAT GAT GAA ATT ATT ATG ATG GGA GGT TTA GGA TAT TAT TGT TCT GTG CAA GGG GAA CTC AAT TCA GAA GAC TAT AAA GGG TCA CTG GTA ACT GGT CCT GTT CAG ACG ACT GAC GGT CTT TTC TTA ATC ATT TTC GGA GGT AGA GAA ATA CCA ACT CAG ATT ACA CTT AGA GCA GCA CGC GAT ATT AGA GAA GGA GAT GGC CCT AAA ACA GGT TTC AAT GAT TTG TGG ACC TTG GCC CTT TGG ACT AAC ACT CCA GGT ACC AGA AAC GGA TGT GAT TAC ATG GTT GGT AAG TTT GGA TAC GAG TTT GGT GAC ATT TTC TAT AGA ATT GTC ATT GGT GTT GAA TGG TCT TGG TAT TGC AAG ACT GCA CAG ACC GAG CCA AAC TGC AAG TAC TTA CAA AAG GGT GGT GGT TTT AGA TGG ATC GCG GGA CTG ACA GTG GAT GAT CTG AGA AGA GCA AGA ATT TGG TTG ACA AGG GAC AAG CAT TTA ATG GAA ATT ATG GCT CAA GGT AAA TTA CAT CCA GGT CAA TAC CCA AGA GCC GTC GTA AGT GGT CAC CAA TTG CGT GTG CAT GGC GGG AGT GGT TCA TTA ATA GTC AAA TGT GAT TGT GGT TTC ATT AGA CCG CTG TGG GAT TTG AAT CTA CTC AAT ACG AAC AAA GAG AGA AAA GCA GCC AAT GGG GAG AAA CAG GAC AGA AAG ATC AAC GAT CAA TTA GTT GAG GAT AAG AAG AAA GGT GCC GTG GAG AGA TTA ATG AGA GAA GCA GCC AGA AAA CCA TCA CCA AAT TGT GGT CTT AGT TTT GAA AGA CTA TTG GCA GAA AGA ATA TTG AGT GTT TTG GCT CAA GAA TTA ATC GGT GTC AAA GCT CAA AAA GGT AAG ATA AGA GGT TTC GTT ACG TGG TTA AGT GGT GAG TTT AGT GGT AAT AAA AAT GGT ACT TCC TCT GAA GCA AAC ATG TCT CCA TGT GCC AGT TTG GGG CTT TTT TGG TTG ATG TGG ACT GCC GGC ATT GAA GCT TTT CCA GCC AGA TCT GAG GTT TTA AGA CCA GTT CTC AAT CAA ACT GAT GGT GGT AAA AAA CTC GCA ATC ATT TCC CCA CAA GAA GAT GCC TGG ACT AAA AGA CTA 
Spar                            ACT CTT CCA CAT CAA CAG GAA GAA AAC GCC GGA ATG ACT TTT AGT GTA TGG GAG TGT CTA GAA GGT ACA GGT ATT TTA TAT GAC GAA ATT ATT ATG ATG GGA GGT TTA GGT TAT TAT TGT TCT GTG CAA GGA GAA CTT AAT TCA GAA GAC TAC AAA GGG GCC CTG GTA ACA GGT CCT GTT CAG ATG ACT GAC GGT CTT TTC TTA ATT GTT TTC GGA GGT AGA GAA ATT CCA ACT CAG ATT ACT CTG AGG GCA GCA TGT GAT ATA AGA GAA GGT GAT GGC CCA AAA ACT GGT TTC AAT GAT TTG TGG ACT TTA GCC CTG TGG ACT AAC ACT CCG GGT ACA AGA AAT GGT TGT GAT TAC ATG GTC GGT AAG TTT GGA TAC GAG TTC GGT GAC ATT TTC TAT AGA ATC GTT ATT GGT GTT GAA TGG TCT TGG TAT TGT AAA ACA GCA CAG ACC GAA CCC AAT TGC AAA TAC TTA AAG AAG GGT GGT GGT TTT AGA TGG ATT GCG GGT CTG ACA GTG AAT GAC TTG AGA AGG GCG AGA ATC TGG TTG ACA AGA GAC AAA CAC TTA ATG GAA ATT ATG GCA CAA GGT AAG TTA CAC CCG GGT CAA TAT CCC AGG GCC GTT GTA AGT GGT CAC CAA TTA CGC GTG CAC GGC GGA AGC GGT GCC TTA ATA GTC AAA TGT AAT TGT GGT TTT ATT AGA CCA CTG TGG GAT TTG AAT TTG CTT AAT ACA AAT AGA GAA AGA AAG GCA GCC AAT GGG GAG AAA CAA GAC AGA AAG ATT AAC GAT CAA TTA GTT GAG GAT AAG AAA AAA GGG GCC GTG GAG AGG TTA ATG AGA GAA GCA GCC AGA AGA CCA TCA CCC AAT TGT GGT CTT AGT TTT GAA AGA CTA TTA GCG GAA AGA ATG TTA AGT GTT CTG GCT AAG GAA TTA ATA GGT GTG AAA GCG CAG AAA GGT AAA ATG AGA GGT TTC GTC ACG TGG TTA AGT GGT GAG TTT AGT GGT AAT AAA AAC GGT ACT TCT TCT GAA GCA AAC ATG TCT CCC TGT GCC AGT TTG GGG CTT TTT TGG TTG ATG TGG ACT GCC GGT GTT GAA GCG TTT CCA GCC AGA TCT GAG GTT TTA AGG CCA GTC CTT AAC CAG ACA AAT GGT GGT AAG AAA CTC GCA ATT GTT TCC CCG CAA GAG GAT GCC TGG ACT AAA AGA TTG 
Ncas                            ACG CTT CCT ACC CAA AAA GAA GAA AAT GCT GGA ATG ACA TTC TAC ATT TGG GAG TGT TTG GAA GGT AAC GGT CTG TTG TAT GAT GAA ATA ATT ATG TTG GGG ACC TTG GGC TAT TAT TGT TAC GTC CAA GGT GAA CTT AAC TCG CAA GAT TAC AAA AAT TCA CTC GTG ACT TGT CCC GTG CAA CTG ACG GAT GGT TTG TTT TTA ATT TTA TTT GGG ACC AAT GAA CTG CCC ACA CAA ATT ACG TTG AGA GCT GCG ACT GAT ATT AAA GAA GGC GAT GCG CCG AAA ACA GCG TTT AAT GAT ATG TGG CCA TTG GCT TTG TGG ACT GAG ACA CCT GCG CCA AGA AAC GGC TGT GAT GAT ATG GGA GGG ACA ATT GGA TAT GAA TTT GGG GAT ATT TTC TAT AAT ATA TGT GTG GGT ATT GAA TGG TCT TGG TAT TGT AAG ACT GCT GAG ACT GAG CCT AAC TGC AAG TAT TTA AAA AAG GGT GGA GGT TTC AGA TGG GTT GCT GGC CTC ACA GTG CAG GAT TAT AGA AGG GCT AAA ATA TGG ATG ATT CGA GAT CGT AAC TTG ATG GAA TTG TTA GCC ATG TGT AAA TTA AAC CCT TCC ATG TAT CCT AGG GCC TGT ATT AGT GGA CAT CAA TTA AGA GTT AAC GCG GGT AGT TCC TCA CTG ATT GTT AAG TGT CAG TGT GGT TTC CTA AAT CCT CTC TGG ACT CTG CAT GCC CTT AAC ACT AAC AGG GAA AGA AAA GCT GCA GAT AAT GAA CGG AGA GAT AGA ACA ATA AAT GAT CAA TTA GTT GAA ACT CAA AAG AAA GGA GCC GTG GAA AGG TTG ATG AGA GAA GCT GCT AGG AGG CCA TCG CCT AAT TGT GGG CTG TGT TTT GAA AGA TTA CTG GCT AGA CGG GTA TTG ACT GTG TTA TCT AAA AGA TTA ATT GGT GTA AAA GCC AAA AAA GGA AAA GTA AGA GGT TTT GGA ACA TGG TTG AGC GGA GAT TTC AGT GGT AAC AAA AAT GGT ACA TCC TCT AGA GCG GAG ATG TAC CCT TGT GCT TTA ATG GGA CTG TTC TGG TTA AAG TGG CCC TCA GGT TTA GAA GCC TTC CCG GCT AGA TCT GAG GTT TTG AGA CCC GGA CTT AAT AAA ACT CAG GGG TCC AAA AAA ATA GCT ATA TTA TCT GAT CAA AAA GAT TCA TGG CCC AAA AGA GCC 
Cgla                            ACT CTG CCC AAG CAG CAC GAA GAA AAT GCC GGC ATA ACG TTT AAC ATT TGG GAA TGT TTA GAA GGT AAT GGT TTG ATC TAT GAC GAG ATC ATT ATG ATG AGG GAT CTT GGC TAT TAT TGC TCC ATT CAG GGA GAA CTG AAC AAA GAG GAT TAT AAG GGT GCA GTT GTC ACC GGT CCA GTA CAA CTT ACT GAT GGT CTG TTT TTA ATC GTT TTT AGG GAT AGA GAA TTG CCA ACG CAA ATT ACT TTG AGA GCT GCA GTT GAT ATT AAA GAA GGC GAC GGC CCA GAT ACT GGC TTT AAC GAC ATG TGG ACC CTG GCA TTG TGG GTT GGG ACG CCA GGC CCA AGA CGG GGC TGC GAT CAT GTT GTT GGT AAG TTC GGC TAT GAA TTC GGT GAT ATT TTT TAT AGA ATC GTC ACG GGT ATC GAG TGG TCT TGG TAC TGT AAA ACC GCA GAA ACA GAG CCA CGG TGC AAA TAT TTA TAC AAG GGT GGT GGT TTT AGA TGG GTC GCC GGC GTT ACA GTT AAG GAT TTG CGA AGA GCC AAA ATC TGG ATG ACA AGA GAT GAG TAC CTT ATA GAA TTG CTA GCA CGA GGT AAG CTT TAC CCA GCT CGA TAC CCA AGA GCT GTC ATT AGC GGA CAC CAG TTA AGA GTA TAC GGC GGA GCT GCT GCA CTG ATC GTC AAA TGC AAG TGC GGT TAT GGG AGA CCT GTT TGG ACA CTA GAC CCT CTG AAC GTA CGG TGG GAA AGA AAG GCA TCT AAT GGT GAA AGA AGG GAT AGA AAG ATC AAT GAT CAG ATC GTG GAA ACA CAG AAA AAG GGG GCC GTT GAA AGA CTT ATG AGA GAA GCA GCA AGA TGG CCA AAA CCA TTT TGC GGT CTT TCC TTC GAA AGA TTG CTT GCC AAA AGG ATA CTT ACT GTT TTA TCT TAC AAA TTA TCT GGT GTA AAG AGT CAC GAT GGT AAG ATA AGA GGT TTT GTT ACA TGG ATC GCA GGT AGC TTC AGC GGT AAC AAA AAT GGT ACG TCT TCT GCC GCA GGG ATG TCC CCA TGC GCC AGT ATG GGA CTT TTT TGG CTA GTT TGG CCT TCA GGT GTT GAG AGT TTT CCA GCC AGA TCT GAA GTC CTT AGA CCA GTT CTG AAT CAC ACC AAG GGT GCT GCC AAG CTA GCT ATC GTT TCG GAA CAG GAA GAC TCA TGG CCT AAA AGA CCT 
Agos                            ACC TTA CCG CAG CAG CGC GAA GAG CAG GCT GGT ACG ACT TTT CCT ATC TGG GAG TGC CTA GAG GGC CCG GGT ATT CTC TAC GAT GAA ATT GTG ATG TTT GGC AAC CTG GGG TAC TAC TGC TCG ATT CAG GGC GAG TTA TCG GAC CAG GAC TAC AAA AAT TCC CTC GTG ACG GGC CCG GTG CAG ACG ACA GAC GGT CTC TTC CTG ATT GTG TTC GGC AAC CGT TCC ATT CCG ACT CAG ATT ACC CTT AGA GCC GCG GAG GAC ATC CAC GAG GGG GAT ACG CCC AAG ACA GGC TTC AAC GAT TTG TGG ACG CTG GCC CTT TGG ACT AAG ACT CCC GGC ACA CGC CAT GGG TGC GAC GAC ATC GTC GGC AAG TTT GGT TAC GAG TTC GGC GAC ATC TTC TAC CGT ATA GTG ATG GGT GTC GAG TGG TCG TGG TAC TGC AAG ACG GCT GAC ACC GAA CCT CAT TGC AAG TAC CTG ACC AAG GGC GGT GGC TTT AGA TGG ATC GCA GGG CTC ACG GTG CAC GAC CTG GTA CGG GCT CAC ATT TGG TTG ACC AGG GAC CGC AGG CTG ACG TCC TTG TTG GCA GGG GGC AAG CTA AGG CCC TCC GGG CAC CCT CGG GCG GTG ATC AGC GGG CAC CAG CTG AGA GTA AGG ACG GGC GCG TCC TCC TTG ATC GTG AAG TGC CAC GCC GGC AAC CTG CGT CCG CTC TGG GAC CTA CAC ATC TTA TCG GTT CAT AGA GAG CGC AAG GCA GCT AAC AAT GAG GCC AAG GAC AGA AAG ATA CAG GAC CAG CGG GTG GAG GAC CGG AAG AAG GGG GCA GTG GAG CGG CTG ATG CGC TCC GCC GCC CGC AGA CCG GAC CCT AAC TGC GCG CTG TCT TTT GAG CGC CTG CTC GCT CGG CGG CTT ATT AGC GGC ATG TCA ACC CGG CTG CGG GGC GTG AAG TCG CGC AAG GGT CGC CTT CGC GGT TTC GTC ACG TGG CTC GGG GGC GAG TTC AGC GGT TCG AAA TCG GGC ACA GCA TCG AGC GCG AAG ATG TCG CCT TGC GCC ACG TTG AAC CTG TTT TGG CTC ATG TGG CCC TCC GGT GTG GAG TCG TTT CCA GCC CGC TCG GAG GTC CTG AGA CCG GTC TTA TCG CGC ACG CAC GCG TCC TTC AAG TTG GCC ATA GTG TCG CCG CAG GAA GAC TCC TGG CCC AAA CGC ATC 
Klac                            AAC CTC CCA AAG CAA CCC GAA GAA AAT GCC GGT ATG ACT TTC ACA GTT TGG GAA TGT TTG GAA GGT CTG GGT TTC GTG TAC GAT GAA ATT GTG ATG CTT GAT GAT TTG GGG TAT TAC TGT TCT ATT CAA GGA GAA CTC AAG TTG TGG GAA TAC AAA GGT TCA ATT GTA ACA GGT CCT GTC CAA TCT ACT GAC GGT TTG TTC CTC ATT CCT TTC GAT GAT AGA GAG TTC CCA ACT CAA ATC AAC CTC AGA GCA GCA AAC GAT ATC GCC GAA GGG GAT GGC CCA AGT ACT GTT TTC AAT GAT TTG TGG ACA TTG GCG CTC TGG ACA GAA ACT CCT GTT ACA AGA GCA GGG TGT GAT AAT ATG GTT GGA AAG TTT GGT TAT GAA TTT GGA GAC ATT TTT TAC AGA ATT CAG ATT GGT GTA GAA TGG TCT TGG TAT TGT AAA ACA GCT AAC ACA GAA CCA GCA TTA AAA TAT CTC CAG AAG GGT GGT GGT TTC AGA TGG GTT GCT GGG ATT ACG GTG GAT GAC TAT AGA AGG GCA GCC ATC TGG TTG ACT AGG GAA ATG AAA TTG ATG GAG ATT CTA GCT TTA GGT AAG TTA AAA CCT TCT TTA TTC CCA AGG GCA CAG GTT AGT GGT CAC CAA TTA AGA GTT AAA GGC GGA GCT TCT TCA TTA ATC GTG AAG TGT GAT TGC GGT TTC GTT AGA CCG ATT TGG GAT CTA GAT TTA CTC AAG GTC GCA AAA GAG AGA AAG GCC GCT AAC GGT GAA CGG CAA GAC AGA AAG ATT AAT GAT CAG AAC GTT GAA GAT AGG AAA AAA GGA GCG GTG GAA AGG TTG ATG AGA GAG GCG GCG AGG AAA CCT TTG CCA CAA TGT GGA CTT ACC TTC GAA AGA TTG TTG GCA AAA AAC TTA TTG AGT GTC TTA TCT CAG AAA CTC TAC GGA ATC AAA GCT CCC AGT GGT ATA TTA AGA GGT TTT GTT GAA TGG GTG AAT GGA GAA TTC AGT GGT AAG AAA AAT GGT ACC TCA TCT GCT GCA GAA ATG TCT CCA TGT GCG AGC TTG GGA CTT TTT TGG CTA TCG TGG CCC GCT GGA CCT GAA GCT TTT CCA GCG AGA TCT GAA GTT TTG AGA CCA GTT CTC AAT CCC ACA GAT GGA TCT GTA AAA CTA GCA ATT CCT TCT CCT CAA GAA GAT GCT TGG CCC AAA AGA TTA 
Calb                            TTG TTA CCA AAA CAA CAA GAA GAA AAT GCT GGG AAT ACT TTT GAA ATT TGG GAA GCC TTG GAA GGT AAC GGT TTG ACA TAT GAC GAA ATA GTG ATG ATG AAT AGA TTG GGC TAT TAT TGT TCT ATA CAA GGT GAA TTA AAT ACA GAA GAT TAT AAA GGT GCT TTA ATC ACT GGT CCT GTG CAA CAA ACT GAT GGT TTG TGC TTA ATA ATC TGC AAT AGA AGA GAA TTG AGT ACT CAA ATT TTG TTA AGA GCT GCC AAT GAT ATT AAA GAA GGC GAC AAC CCA GAT ACC CAA TGC AAT GAC ATG TGG ACT CTT GCT TTA TGG GTA CAT ACT CCA CAA CCA AGA TCC GGC GCT GAT CAT ATG GTC GGG AAA ATC GGG TAC GAA TTT GGG GAT ATT TTT TAT AGA ATT GTT ATC GGT GTG GAA TGG TCA TGG TAT GCC AAA ACT GCT AAA ACA GAA CCA TCC GTA AAA TAC TTA CAA AAG GGT GGT GGT TTT AGA TGG GTG GCC GGC TTA ACA GTA GCT GAT CAA AGA AGA GCT AAA ATT TGG ATG ACT AGA GAT AAG AAA TTG AAT GAA TTG TTG GCT ATT GGT CAA CTG AAA CCA TCC ATT TAT CCA AGA TCA GTT ATT TCA GGT CAC CAA TTA AGG GTT AAA AAC GGT GCA TCC GCT TTG ATT GTT AAA GCT GCT TGT GGT AAA GGG AGA CCT TTA TGG GAT TTA TAT CCT TTA AAT ACT TCC AGA GAA AGA CAA GCT GCT AAT GGT GAA ATG CAA GAT AGA AAA ATA AAT GAT CAG GTC GAA GAA GAT CGA AAA AAA GGT TCG GTA GAG AGA TTG ATG CGT GAA GCA GCT AGA AGA CCT ACA CCA GCC GCT GGT TTG ACT TTT GAA AGA TTG TTG GCT GAA AGA ATA TTG ACT CTC TTG AGT CAA GAA TTA TGG GGA GCA AAA GCT CAA GAT GGT AAA ATA CGT GGT TTA GTC ATA TGG ACA TCC GGG CCA TTT TCA GGT AAT AAG AAT GGT TCA GCT TCA GAA GCC CAT ATG TCT CCA GCT GCT TCG ATG GGG TTG TTT TGG TTA GCC TGG CCA CAA GGG ATC GAA GCT TTT AGA GCT CGT TCA GAA GTT TTG AGA AGT GTC TTA AAT CAA ACT GCT GGT TCC CTA AAA TTA GCT ATA ATC TCA CAA CAA AGC GAT CAA TGG CCA AAG CGT CCT 



Printing out site pattern counts


         9        720  P

Scer                            AAA AAA AAA AAA AAA AAA AAA AAA AAA AAA AAC AAC AAC AAG AAG AAG AAG AAT AAT AAT AAT AAT AAT ACA ACA ACA ACA ACA ACC ACC ACC ACC ACG ACT ACT ACT ACT ACT ACT AGA AGA AGA AGA AGA AGA AGA AGA AGA AGA AGA AGC AGC AGC AGC AGT AGT AGT AGT AGT ATA ATA ATA ATA ATA ATC ATC ATC ATC ATG ATG ATG ATG ATG ATG ATG ATG ATT ATT ATT ATT ATT ATT ATT ATT ATT CAA CAA CAA CAA CAA CAC CAC CAC CAG CAG CCA CCA CCA CCA CCA CCA CCC CCC CCG CCT CGC CGT CTA CTA CTC CTC CTG CTG CTG CTG CTT CTT CTT CTT GAA GAA GAA GAA GAA GAA GAA GAA GAA GAA GAA GAC GAC GAC GAC GAC GAG GAG GAG GAG GAG GAT GAT GAT GAT GCA GCA GCA GCA GCA GCA GCA GCC GCC GCC GCC GCC GCC GCC GCG GCT GCT GCT GGA GGA GGA GGA GGA GGA GGC GGC GGG GGG GGT GGT GGT GGT GGT GGT GGT GGT GGT GGT GGT GGT GGT GTA GTA GTC GTC GTC GTG GTG GTG GTG GTT GTT GTT GTT GTT GTT TAC TAC TAC TAT TAT TAT TAT TCA TCC TCT TCT TCT TGC TGC TGG TGT TGT TGT TGT TTA TTA TTA TTA TTA TTA TTA TTA TTA TTC TTC TTC TTC TTC TTC TTG TTG TTT TTT TTT TTT 
Sbay                            ... ... ... ... ... ... ... ..G ..T .G. ... ..T ..T ..A ..A ..A GGT ..C ..C ... ... ... G.. ... ... ..C ..T ..T ..A ... ... ..G ... ..A ..A ..C ... G.. G.. ... ... ... ... ... ... ... ... ... ..G C.. .A. ... ... ..T ..C ..C ... ... GCA ... ... ... ..T C.. ... ... ... ..T ..C ... ... ... ... ... ..T T.. ..G ... ... ... ... ... ... ... TA. ... ... ... ..G ..G ... ... ..T ..A ..A ... ... ... ..C ..G ..T ... ..T ..A ..A ..T ... ... ..C ... T.G ... T.A T.. T.. ..G ... ... T.G ... ... ... ... ... ... ... ... ... ..G T.T ... ... ..T ..T ..T ..A ..A ..A ... ... ... ... ... ... ATT ... ..C ..C ..C T.T TGT A.A AGT ... ..T ..T T.. TGT ... ... ... T.C ... ... ..C ..G ..T ..T ..G ..T ..C ..T ..A ..C ..C ... ... ... ... ... ... ... ... ... T.. ..G ..T ... ..T ..T A.A A.C ... ..T .CA ..C ..C ... ... ... ... ..T ..T ..C ..C ... ... ..G ..T AAC G.. ... C.. ... ... GCC .C. ..C ... C.. C.C C.G G.T ... ..G ..G ..G ..G GC. .A. ... ... ..T ..T C.A ..A ..A ... ... ... 
Smik                            ... ... ... ... ... ..G ..G ..G C.. ..G ... ..T ..T ..A ..A ... ..A ... ... ..C ... ... G.. ... ..T ..C ... ..C ..A ... ..T ..G ... ... ... ..A ... ... ... ... ... ... ... ... ... ... ... ..G ... .AG .A. ..T ..T ..T .AA ... ... ... ... ... ... ..T ..C T.. ..T ..T ..T ... ... .C. ... ... ... ... ... ... ... ..A ..C ... ... ... ... ... ..C ... ... ..G ... ..G ... ..T ... ..A ... ... ... ..G ... ... ... ..T ..A ..A ... ..T A.A ... ... ... ..T ... T.. ... T.. ... ..C ... ..A C.G ... ... ... ... ... ... ... ..G ..G ... ... ..T ... ..T ..T ..A ... ... ... ... ... ... ... ... ... ... ... ... ..T ... ... ... ... ... ... ... ... T.A ... ... ... ..C ... ..T ..T ..G ..G ..G ... ..T ..A ..C ..A ... ... ... ... ... ... ... ... ... ... ... ... ... ... ... ..T ..T ..C ... ... ... ... ... ... A.. ..C ... ... ..T ..T ..C ... ..C ... ... ... ... ..C ... C.. ... ... ... ..C ... ... ... ... ..G ... ... ... ..G ..G ..G ..T ... ... ..T ... ..T ... ... ... ..C ... ... 
Spar                            ... ... ... ... ... ... ..G ... ..G ... ... ..T ..T ..A ... ... ... ..C ... ... ... ... ... ... ... ..C ... ..T ..T ..A ..T ..A ... ..A ... ... ... ... ... ... ... ... ... ... ... ... ..G ... ... .AG .A. ..T ..T ... ..A ... ... ... ... ... ..G ... ... T.. ... ..T ..T ..T ... ... ... ... ... ... ... ... ... ... ... ..C ... ... ... ... ... ... ... ... ... ..G ... ... ..T ... ... ... ..G ... ... ... ..C ..T ..G ..A ..A ... A.G ... ... ... ..G ... T.. T.. T.. ... ... ... T.G C.. ... ... ... ... ... ... ... ..G ... ... ... ..T ... ... ..T ... ... ... ..A ... ..C ... ... ... ... ... ... ..G ..G ... ... ... ... ... ... ... ... ... ... ..A ... ..C ... ..G ..T ..G ... ..G ..T ..T ..A ..C ... ... ... ... ... ... ... ... ... ... ... ... ... ... ... ... ..T ..T ... ... ... ... ... ..C ... ... ... ... ... ... ..T ..C ... ... ... ... ... ... ... ... ..T ... ... ... ... ... ... ... ... ... ... ... ... C.G ... ... ..T ... ... ... ... ..T ..A ... ... ... ... ... 
Ncas                            ... ... ... ..G CGG ... ..G ..G ... CGT ..T ..T ..T ..A ..A .CA ..A ... C.. ..C ..C G.. C.G .TT .AC ..T ... C.. ..A C.A ..G ..T ..A ... ..A ..G ... ..A C.C .A. .AT ... ... ... ..G C.G ... C.. ... CA. GAG ... TA. ..T ..G TTA .C. T.. ... ..T G.. ..T ..T T.G ..A ..T ..T G.T ... C.. .A. ... ... T.. ... T.A C.A C.G ..A ..A ..A ... G.G T.G ... ... ... ... ATG G.G ..T A.. AC. A.A ..A ..G ..T ..T ..T ..C ..T ... GAT ..A ..G A.A A.G T.G T.. A.A T.G ..C T.A TAT A.. ..G ... T.G GCC AG. AG. C.. ... ... ... ... ... ... ... AG. ..T ..T ..T ..T ..T A.A ..A ... ... ..T ... AC. ... ... ..T ..T ..T ..T ..C ..T ..G T.A ..T ... ..T ..T ... T.A ..T ..C T.. ..A ..G ... ACC ... ..T AAT ..T ..T ..A .C. ..C ..A T.. .CG ..A ..A ..G ..G ... ... ... TCC ... ..G A.T ..T A.T ..G ..A ..C ..T ... ... .GA ..G T.A TG. ... ..T ... ..T G.. ... ... ... ..G ..T ... ..C .AC ACT ... ... ... ... ... ... ... ... ..G ..G ... C.G ... ... ..G ... ... ..T ..T ..T ..T C.. C.. ..C ..C A.. ..C 
Cgla                            ... ..G G.T ... .G. ..G ..G ... T.C G.G ..T ... TTT ... GCC ... ... ... G.C CGG ..C ... ..G ... .AT ... ... ..C ..T C.A ..T GTA ..A ..C ..G ... GT. ..G C.. .A. ... ... ... ... ... ..G ... ... C.. CAG G.G GCA .A. GCT T.G ... .C. TCC ..C ..C ... ..T TCT C.T ... ..T ..T G.. ... C.T G.T ..A G.T ... ... C.A GGG T.G ..C ..C ..C ... .CG T.G ..C ..G ..G ..G .G. G.. ... T.. A.G ..C ..A ... ... ..T ..C ... ... ..A GAA ..A ..A A.A A.A T.. T.G ..A T.G G.T ..A T.. A.. ... ..G ..G .C. AGG .CC ..G ... ... ... ..G ..G ... ... A.. ..T ... ..T ... ..T ..A ..A ..A ... AGC ... ACA ..C ... ... ... ..T ..C AGT ... ... T.A ..A ... ... ... ..T ..A ..C ..A T.. T.. A.G ..G .AT ... ... ..T ..T ..T ..C ..C ..C ..A ... ..C ... ... ... ... ... ... ... .C. ... ..C A.T ... A.. ..T ..A A.T ..A ..T ..G ... ..A ... ..C ..C ..T ..T ..T C.. ..C ..C ... AA. ..G ... ... ..C GTT ... ... ..C ... ..C ..C ... C.T C.T A.C A.C C.G ... ... C.G ..T ..T ..T ... ..T ... C.T C.A ... .A. ..C ..C 
Agos                            ... ... ..G ..G GCC CGC ..G ..G .CC CGC C.G ... ... ... TTC ... ... TCG C.C C.. TCG ..C C.C ..C C.G ..C ..G ..G ..A ..A ..A GTT ... ..G ... ..C ... ..A C.C CAC C.T ... C.C C.C C.C C.G ... ..G GT. C.G .AG G.G CCT GCG ..A .CG ..C TC. ..C ..C C.T ..C CGG C.G ..T ... ..T ... ... .C. ... .C. ..C T.T ... T.. C.G ... ..A ..A ... G.G ..G T.G ... ..G ..G ..G GGG G.C ... AGG ..G .GC ... ... ..C ..G ..G ..G ..T ..G ..G ... ..C A.A ..G ... ..G T.G ..T ..C ..C ... T.. ..G T.A ..C A.C A.G AGC C.G ... ..G TCC ... ..G ..G ..G CGG ... ... ... ..T ... ..A ... ... ..A ... ..C ..C ... ..C ... ..C ..C ..T T.G ..T ..G T.. ... ..A ... ..T ..G T.. ..A ..A T.A ... ..C ..G AAC AAC ..C AAT ..T ... ..T AC. ..G ..G ..C ..C ..C ... .CG ..C ..C ..C ... TCC ... ..G A.C ..G ... .G. ... A.T ..A ... ..G ..C ..G ..G ..G ..C ... ... ... G.C ..C C.C ..C GAC ..G ..G G.A ..G GAG ... ... GCC ..C ..C ..C C.G C.. A.T C.C CGG ..G A.G C.G C.G ..T ... ... ... ... ..T C.C C.A ... AAC ... ..C 
Klac                            ... ... .GT ..G CGG .T. ..G ... C.G .TG ..T ..T C.A ..A GTA ... ... ... G.. GCA ..G ..C G.. ..T CTG ... ..G ... ..T ..A ..T GT. GAA ..A ... .AC ..A ..C C.C GCC ... ... ... ... ..G .AC ... ..G ... ..G GAA .AT .CA GCT .AA ..C ... .CC ... ..C T.. ..C TAC T.G ... ..T ... G.T ... TCT TC. ... ... C.T ... C.A G.. T.C ... ... ... G.G ... ... ... ... ..G ... TT. A.C ... A.A A.G .CC ..A ... ..T ..G ... ... ... ..T ..T ..T ..A A.A A.G T.G T.G ..A ... A.T ..A TAT T.. ... ..C T.G T.A C.. .CT TGG ... ... ..G ... ... ... ..G A.. ..A ..T ... ..T ..T ..A ..A ..A ..A ..A ..C ... ... ... ..C ..G ... ... ..T ..T ... ..T ..G ..G ..G ... ..A T.A ..T ... T.. ... .AT ... .AT ... ... ..T ..A ..T ..T ..C ..G ... ... .T. ..A ... ..A ..A ..A ... ... TC. ... ... ..T ..G ..A ... A.C A.T ..T ... ... ... ..C CC. CAG ... ..T ... ..T A.. ... .TC ..C .TG ..T ... ..A ... AA. .TA ... ..C ... ... ... C.C ... ..G G.G AAC ... ... ... ..G ..T ..T ... ..T ..T ... ... C.A ..C ..C ... ..C 
Calb                            ..G ... G.T ... .TG ... ..G ... C.. ..G ..T ..T GC. ..A CTA ..A C.A ... T.. TCC ... ... GC. ..T .AC ... ... ..T ... C.A ..T ..T .TA ... ... TTG GTA T.A C.A .A. ... ... ... C.T ... ... ... ... ... C.. CAT TC. GAA GCA ..A TCG .C. .C. TCA ..T ... ..T TGG T.G ..T ..T ..T G.G ... CAA GCC .AT ... ... ... T.. GGG T.G ..A ... ..A G.G ..C T.G ..A ... ..G ... ATT A.. ... A.A A.A ..A ..A AG. ... ..T ... AGT ... ..T .AA ..T ..A A.G A.A T.G T.G T.A T.A T.A T.A .AA A.. T.G T.A T.G .C. C.. ... ... ... ... ... ... ... ... ... ... ..T ..T ..T ... ..T AGC ... ..A ..A CCA ... ... ..C ... ..T ... ..T ..T ..T ..T ..C CAA ..T T.G ..T ..T T.A ..T ..C ... AG. ... AAT ..T A.. ..G ..T ..T ..G ..T ... AAC ..C ... ... CAA ..G ... ... ..G ..A ... ... TCC ... A.C A.T ..T ..G C.. .CA A.A ..T ..A .AA ..C ..G A.C ... ... ... ..T ..T C.. ... ... ... A.. ..A ..A G.. ... AAT GTA ... ... GCC ... GC. ... C.G ..G AC. G.C ..G ..G ... C.T ..T ..T .G. ..T ..A ..T ... ..A ... AAA A.C ... 

    2    1    2    1    1    1    1    3    2    1    2    1    1    3    1
    2    2    2    1    3    3    1    3    1    1    1    1    1    1    1
    1    1    1    3    3    2    1    1    2    2    3    2    3    4    1
    1    2    1    1    1    2    1    1    1    2    1    1    1    2    1
    2    1    1    4    1    1    1    1    2    1    1    2    1    1    1
    1    1    2    2    1    1    1    1    1    1    3    1    1    2    1
    1    3    1    3    2    1    2    1    1    2    4    1    1    1    1
    1    3    1    1    1    2    3    1    1    3    2    4    1    2    1
    1    1    1    5    3    1    2    3    1    2    2    1    3    1    1
    1    1    2    1    1    1    2    2    2    1    1    2    2    2    1
    2    2    2    1    2    1    1    2    1    1    1    1    2    1    2
    1    2    2    1    1    2    2    4    1    2    2    1    2    2    2
    1    4    1    3    4    1    2    1    1    1    1    1    1    2    1
    3    1    3    2    1    2    1    1    1    1    1    3    2    1    3
    1    2    1    1   12    1    2    1    4    3    1    1    2    1    1
    1    1    1    2    1    3    1    1    1    1    1    2    1    1    1


CODONML (in paml version 4.9j, February 2020)  temp.nuc
Model: One dN/dS ratio, 
Codon frequency model: Fequal
ns =   9  ls = 392

Codon usage in sequences
--------------------------------------------------------------------------------------------------------------------------------------
Phe TTT   5   5   8   8   6  10 | Ser TCT   6   6   5   6   5   7 | Tyr TAT   6   9   6   6   9   8 | Cys TGT   8  12   6   9  13   2
    TTC   9   4   6   6   7   4 |     TCC   1   2   2   1   4   3 |     TAC   4   5   4   4   4   7 |     TGC   2   2   3   1   1   7
Leu TTA  12   5  12  16  14   6 |     TCA   2   0   4   2   4   2 | *** TAA   0   0   0   0   0   0 | *** TGA   0   0   0   0   0   0
    TTG   2  13  10   8  14   7 |     TCG   0   2   0   0   2   1 |     TAG   0   0   0   0   0   0 | Trp TGG  12  12  12  12  12  14
--------------------------------------------------------------------------------------------------------------------------------------
Leu CTT   9   5   5   7   4  10 | Pro CCT   1   5   2   1   8   5 | His CAT   0   1   3   1   2   1 | Arg CGT   3   4   1   0   1   0
    CTC   3   3   5   1   3   0 |     CCC   2   2   0   4   5   1 |     CAC   5   4   2   4   0   4 |     CGC   1   1   1   1   0   0
    CTA   2   9   4   2   1   4 |     CCA  11   6  12   7   3  13 | Gln CAA   8  10  11   8   9   2 |     CGA   0   1   0   0   1   3
    CTG   8   6   4   6   8   7 |     CCG   1   2   1   3   2   0 |     CAG   5   3   5   6   3   6 |     CGG   0   0   0   0   2   3
--------------------------------------------------------------------------------------------------------------------------------------
Ile ATT  11  13  13  13  12   7 | Thr ACT  12   3  12  12  10   5 | Asn AAT  13  11   9  13  11   6 | Ser AGT   7   5   8   7   3   3
    ATC   4   6   5   2   0  11 |     ACC   4   5   3   1   3   4 |     AAC   4  10   7   6  10   5 |     AGC   5   5   0   1   1   3
    ATA   9   5   5   3   6   4 |     ACA   5  11   5   8   9   6 | Lys AAA  15  15  15  15  20  12 | Arg AGA  21  20  22  20  17  21
Met ATG  10   7   9  12  11   7 |     ACG   1   2   3   1   3   5 |     AAG   8   3   9   9   6  14 |     AGG   0   1   1   5   6   4
--------------------------------------------------------------------------------------------------------------------------------------
Val GTT  11  14   8  10   5  16 | Ala GCT   3   9   4   1  13   7 | Asp GAT   7  15  13   8  17  13 | Gly GGT  29  27  29  33  14  23
    GTC   3   5   4   4   1   6 |     GCC  11  10  10  12   7   9 |     GAC   8   3   5   7   0   5 |     GGC   2   7   3   2   4  10
    GTA   3   0   3   3   3   4 |     GCA  11   4   9   8   1  11 | Glu GAA  21  22  17  18  17  19 |     GGA  10   7   8   6  11   4
    GTG   5   2   4   5   6   1 |     GCG   1   1   1   5   6   0 |     GAG   6   3   9   8   6   6 |     GGG   4   2   5   4   6   4
--------------------------------------------------------------------------------------------------------------------------------------

--------------------------------------------------------------------------------------
Phe TTT   7   6   8 | Ser TCT   1  11   2 | Tyr TAT   0   5   8 | Cys TGT   0   7   2
    TTC   8  11   0 |     TCC  10   0   7 |     TAC   8   5   2 |     TGC   8   1   3
Leu TTA   4  11  17 |     TCA   1   3   8 | *** TAA   0   0   0 | *** TGA   0   0   0
    TTG   7  15  19 |     TCG  13   1   2 |     TAG   0   0   0 | Trp TGG  12  13  13
--------------------------------------------------------------------------------------
Leu CTT   4   3   1 | Pro CCT   5   8   5 | His CAT   3   0   3 | Arg CGT   3   0   4
    CTC   8   9   1 |     CCC   5   5   0 |     CAC   8   1   1 |     CGC  13   0   0
    CTA   3   4   1 |     CCA   1   9  12 | Gln CAA   0   8  21 |     CGA   0   0   1
    CTG  14   1   1 |     CCG   8   1   0 |     CAG  11   5   1 |     CGG   9   1   0
--------------------------------------------------------------------------------------
Ile ATT   8  12  10 | Thr ACT   4   6  12 | Asn AAT   2   7  14 | Ser AGT   0   5   3
    ATC   9   5   6 |     ACC   6   2   1 |     AAC   7   7   3 |     AGC   4   1   1
    ATA   3   1   8 |     ACA   4   8   6 | Lys AAA   3  16  19 | Arg AGA   7  16  22
Met ATG   6   7   9 |     ACG  12   1   0 |     AAG  17  10   4 |     AGG   4   6   1
--------------------------------------------------------------------------------------
Val GTT   1  12   5 | Ala GCT   5  10  25 | Asp GAT   3  17  14 | Gly GGT  10  19  22
    GTC   5   3   4 |     GCC   9   4   7 |     GAC  16   4   3 |     GGC  18   2   4
    GTA   2   3   4 |     GCA   5  10   3 | Glu GAA   4  23  25 |     GGA   0  11   1
    GTG  13   6   4 |     GCG   6   6   0 |     GAG  16   4   1 |     GGG   9   4   8
--------------------------------------------------------------------------------------

Codon position x base (3x4) table for each sequence.

#1: Scer           
position  1:    T:0.17602    C:0.15051    A:0.32908    G:0.34439
position  2:    T:0.27041    C:0.18367    A:0.28061    G:0.26531
position  3:    T:0.33418    C:0.17347    A:0.33163    G:0.16071
Average         T:0.26020    C:0.16922    A:0.31378    G:0.25680

#2: Sbay           
position  1:    T:0.19643    C:0.15816    A:0.31122    G:0.33418
position  2:    T:0.26020    C:0.17857    A:0.29082    G:0.27041
position  3:    T:0.36735    C:0.18878    A:0.29337    G:0.15051
Average         T:0.27466    C:0.17517    A:0.29847    G:0.25170

#3: Smik           
position  1:    T:0.19898    C:0.14286    A:0.32143    G:0.33673
position  2:    T:0.26786    C:0.18622    A:0.29337    G:0.25255
position  3:    T:0.33673    C:0.15306    A:0.32398    G:0.18622
Average         T:0.26786    C:0.16071    A:0.31293    G:0.25850

#4: Spar           
position  1:    T:0.20153    C:0.13010    A:0.32653    G:0.34184
position  2:    T:0.27041    C:0.18367    A:0.28827    G:0.25765
position  3:    T:0.34439    C:0.14541    A:0.29592    G:0.21429
Average         T:0.27211    C:0.15306    A:0.30357    G:0.27126

#5: Ncas           
position  1:    T:0.24235    C:0.13265    A:0.32653    G:0.29847
position  2:    T:0.25765    C:0.21684    A:0.29082    G:0.23469
position  3:    T:0.33929    C:0.12755    A:0.29592    G:0.23724
Average         T:0.27976    C:0.15901    A:0.30442    G:0.25680

#6: Cgla           
position  1:    T:0.19898    C:0.15051    A:0.29847    G:0.35204
position  2:    T:0.26531    C:0.20153    A:0.27551    G:0.25765
position  3:    T:0.31378    C:0.20153    A:0.28316    G:0.20153
Average         T:0.25935    C:0.18452    A:0.28571    G:0.27041

#7: Agos           
position  1:    T:0.20153    C:0.24235    A:0.24490    G:0.31122
position  2:    T:0.26020    C:0.24235    A:0.25000    G:0.24745
position  3:    T:0.14286    C:0.36224    A:0.09439    G:0.40051
Average         T:0.20153    C:0.28231    A:0.19643    G:0.31973

#8: Klac           
position  1:    T:0.22704    C:0.14031    A:0.28061    G:0.35204
position  2:    T:0.27806    C:0.21684    A:0.28571    G:0.21939
position  3:    T:0.32653    C:0.15306    A:0.31378    G:0.20663
Average         T:0.27721    C:0.17007    A:0.29337    G:0.25935

#9: Calb           
position  1:    T:0.23214    C:0.13265    A:0.30357    G:0.33163
position  2:    T:0.25000    C:0.22959    A:0.30357    G:0.21684
position  3:    T:0.35204    C:0.10969    A:0.37755    G:0.16071
Average         T:0.27806    C:0.15731    A:0.32823    G:0.23639

Sums of codon usage counts
------------------------------------------------------------------------------
Phe F TTT      63 | Ser S TCT      49 | Tyr Y TAT      57 | Cys C TGT      59
      TTC      55 |       TCC      30 |       TAC      43 |       TGC      28
Leu L TTA      97 |       TCA      26 | *** * TAA       0 | *** * TGA       0
      TTG      95 |       TCG      21 |       TAG       0 | Trp W TGG     112
------------------------------------------------------------------------------
Leu L CTT      48 | Pro P CCT      40 | His H CAT      14 | Arg R CGT      16
      CTC      33 |       CCC      24 |       CAC      29 |       CGC      17
      CTA      30 |       CCA      74 | Gln Q CAA      77 |       CGA       6
      CTG      55 |       CCG      18 |       CAG      45 |       CGG      15
------------------------------------------------------------------------------
Ile I ATT      99 | Thr T ACT      76 | Asn N AAT      86 | Ser S AGT      41
      ATC      48 |       ACC      29 |       AAC      59 |       AGC      21
      ATA      44 |       ACA      62 | Lys K AAA     130 | Arg R AGA     166
Met M ATG      78 |       ACG      28 |       AAG      80 |       AGG      28
------------------------------------------------------------------------------
Val V GTT      82 | Ala A GCT      77 | Asp D GAT     107 | Gly G GGT     206
      GTC      35 |       GCC      79 |       GAC      51 |       GGC      52
      GTA      25 |       GCA      62 | Glu E GAA     166 |       GGA      58
      GTG      46 |       GCG      26 |       GAG      59 |       GGG      46
------------------------------------------------------------------------------


Codon position x base (3x4) table, overall

position  1:    T:0.20833    C:0.15334    A:0.30471    G:0.33362
position  2:    T:0.26446    C:0.20437    A:0.28430    G:0.24688
position  3:    T:0.31746    C:0.17942    A:0.28997    G:0.21315
Average         T:0.26342    C:0.17904    A:0.29299    G:0.26455

Codon frequencies under model, for use in evolver (TTT TTC TTA TTG ... GGG):
  0.01639344  0.01639344  0.01639344  0.01639344
  0.01639344  0.01639344  0.01639344  0.01639344
  0.01639344  0.01639344  0.00000000  0.00000000
  0.01639344  0.01639344  0.00000000  0.01639344
  0.01639344  0.01639344  0.01639344  0.01639344
  0.01639344  0.01639344  0.01639344  0.01639344
  0.01639344  0.01639344  0.01639344  0.01639344
  0.01639344  0.01639344  0.01639344  0.01639344
  0.01639344  0.01639344  0.01639344  0.01639344
  0.01639344  0.01639344  0.01639344  0.01639344
  0.01639344  0.01639344  0.01639344  0.01639344
  0.01639344  0.01639344  0.01639344  0.01639344
  0.01639344  0.01639344  0.01639344  0.01639344
  0.01639344  0.01639344  0.01639344  0.01639344
  0.01639344  0.01639344  0.01639344  0.01639344
  0.01639344  0.01639344  0.01639344  0.01639344


TREE #  1:  (((((1, 4), (3, 2)), 5), 6), ((7, 8), 9));   MP score: 1389
This is a rooted tree.  Please check!
lnL(ntime: 16  np: 18):  -7687.784987      +0.000000
  10..11   11..12   12..13   13..14   14..1    14..4    13..15   15..3    15..2    12..5    11..6    10..16   16..17   17..7    17..8    16..9  
 0.022603 0.168202 0.608063 0.105886 0.228328 0.121841 0.000004 0.195605 0.900519 1.053423 1.032013 0.032754 0.228238 2.161933 0.909357 1.577599 1.427421 0.093104

Note: Branch length is defined as number of nucleotide substitutions per codon (not per neucleotide site).

tree length =  9.346366

(((((1: 0.228328, 4: 0.121841): 0.105886, (3: 0.195605, 2: 0.900519): 0.000004): 0.608063, 5: 1.053423): 0.168202, 6: 1.032013): 0.022603, ((7: 2.161933, 8: 0.909357): 0.228238, 9: 1.577599): 0.032754);

(((((Scer: 0.228328, Spar: 0.121841): 0.105886, (Smik: 0.195605, Sbay: 0.900519): 0.000004): 0.608063, Ncas: 1.053423): 0.168202, Cgla: 1.032013): 0.022603, ((Agos: 2.161933, Klac: 0.909357): 0.228238, Calb: 1.577599): 0.032754);

Detailed output identifying parameters

kappa (ts/tv) =  1.42742

omega (dN/dS) =  0.09310

dN & dS for each branch

 branch          t       N       S   dN/dS      dN      dS  N*dN  S*dS

  10..11     0.023   862.5   313.5  0.0931  0.0021  0.0225   1.8   7.1
  11..12     0.168   862.5   313.5  0.0931  0.0156  0.1674  13.4  52.5
  12..13     0.608   862.5   313.5  0.0931  0.0564  0.6053  48.6 189.8
  13..14     0.106   862.5   313.5  0.0931  0.0098  0.1054   8.5  33.0
  14..1      0.228   862.5   313.5  0.0931  0.0212  0.2273  18.3  71.3
  14..4      0.122   862.5   313.5  0.0931  0.0113  0.1213   9.7  38.0
  13..15     0.000   862.5   313.5  0.0931  0.0000  0.0000   0.0   0.0
  15..3      0.196   862.5   313.5  0.0931  0.0181  0.1947  15.6  61.0
  15..2      0.901   862.5   313.5  0.0931  0.0835  0.8964  72.0 281.0
  12..5      1.053   862.5   313.5  0.0931  0.0976  1.0486  84.2 328.7
  11..6      1.032   862.5   313.5  0.0931  0.0956  1.0273  82.5 322.1
  10..16     0.033   862.5   313.5  0.0931  0.0030  0.0326   2.6  10.2
  16..17     0.228   862.5   313.5  0.0931  0.0212  0.2272  18.2  71.2
  17..7      2.162   862.5   313.5  0.0931  0.2004  2.1521 172.8 674.7
  17..8      0.909   862.5   313.5  0.0931  0.0843  0.9052  72.7 283.8
  16..9      1.578   862.5   313.5  0.0931  0.1462  1.5704 126.1 492.3

tree length for dN:       0.8662
tree length for dS:       9.3038


Time used:  0:09
