      9   1182

Scer                            AGA CCA AGA CTC GTT GTT GAA GGT GGG GGT GCC CAA TCT CTT ACT GTC AAA AGA TCT GGG ATG GAA TTC GAA ACT GCT GTA CAA ACT ACT GGT ATC ACC CCC TTT TAC ACT ACT ATC ACG CAC ATT GTG ATG AGA ATC ACT ATT TGT GAC TTG GGT TTA TCT AAG GAA ATT AGA CAA CTT ACT AGA GAA ACT GTA AAG GGT GGT AAG AAC AGA GGT GCA ACC GTG ACC GCC ATT GAA TTG AAT AAG TCT ATT ATA CGT AGA CAT AGA GAA TTT GTC TGT TTT AGA CAA GAT GCC GCC ACA AAG CGT ATT CCA AAA AAT ATC TTA GGT AGA GGT AGA ATA TTG TCC CCA GTC TTG CGT GGT ATC ATA TTG ACT TGT TTG ATG TCT GTC GGT AGA AGA ACT GCC ATC GAA TAT CAT AAG ATT ATG GTC CAA TTG AGA GGT TTC GCT CCT GTC TTG GGT CTT CAT GTA TTT CAC GCT TTG ACC AAC AGG GGT TCC AAG GTT GAA ATT CAA TCG ATC GAT CAA GTT GAT ATT ATG CAG CAA CCG GGT AGA GAT GGT CCA CAA ACC TCA GTT GAC AAA TTG CCG GTC CAC CGT CTA TTG GGT GAA GGT GAT TTG GAA AGG CTT TTT GTT GAC GCC CGT CAC AGA GAA TCT AAG GTC GCC CAA AAG AGA ATC GAC ACT ACT GGT TTC GTT TCC GAA GAT GAA TTG TTG TAC AGA GGT GCT AAG GCC GAA ATT GCT AGA ATT TTG ATT GAT AGA CAC GTA TTC ACC ACT GAA GAT CAG GAA GGT GAA GTT GAA ACT ACT AAG TCT GAC GGT TTA GGT AAG CTG GGT GGT GCT TCT TGT GGT ATC GAA TTA AAA TTA TCT CAA TAC CGT AAA AAA TTG TTC AAT AGA AGA GGT TTA ACT ATC TTT ATT CTG GCA CTA GAA ATA CAA ATT TTT ATC CAT GAC TCT GAA GTT GAG CCA GTA ACC AGA TTG CTC TTT CAG CAA ATC GAA GAC GTC CGT CAA TTC GTC GCC GAA CTA TTG ATT ACC TCT CTT AAA GTC GTC CAT AAT TAC ATG GAA CAC GAA TTG TTT GAA ATC AAG ACT TTT ACT GAC ACT ATC CCA GAA CCA AAG CCT ATA GGT ATT GGT GGT TTC GAC GCA GGG GCC GGT CTT TTA TAC ATT ACT TAC ATT AAT GTC ACT GAT TAC ACT ATC ATT AGA ATT 
Sbay                            AGA CCA AGA CTC GTG GTC GAA GGT GGG GGT GCT CAA TCT CTA ACT GCT AAG AGA TCT GGG ATG GAC TTC GAG TCA GCT GTT CAG TCA ACC GGT ATC ACT CCC TTT TAT ACT ACT CTT ACG CAC ATT GTC ATG AGG ATT ACT ATC TGC GAC TTG GGT TTG TCT AAG GAA ATT AGA CAA CTG ACC AAG GAA ACA GTT AAG GGT GGT AAG AAT AGA GGT GCA ACC GTG ACT GCT ATC GAA TTA AAT CAA TCT ATT ATC CGT AGA CAC AGA GAA TTT GTC TGC TTC AGA CAA GAT GCT GCT ACG AAG CGT ATC TCC AAG AAT ATC TTG GGT AAG GGT AGA ATA TTG TCC CCA GTC TTG CGT GGT ATT ATA TTG TCA TGC TTA ATG TCC ATT GGT AGA AGA ACT GCT CTT GAA TAT CAT AAG ATC ATG GCT CAG CTA AGA GGT TTC GCT CCT GTC TTG GGT TTA CAC GTT TTT CAT GCT TTA ACC AAC AGA GGT TCT AAG GTT GAA ATC CAG TCG ATC GAC CAA ATC GAT ATT ATG CAG CAA CCA GGT AGG GAT GGT CCA CAA ACT TCT GTT GAA AAG TTG CCA GTT CAT CGT CTG TTA GGT GAG GGT GAC CTG GAG AGA CTT TTT GTC GAC GCT CGT CAT AAG GAG TCT AAA GCT GCT CAA AAG AGA ATC GAC ACA TCA GGT TTT GTT TCC GAA GAT GAA TTG TTG TAC AGA GGT GCT AAG GCT GAG ATT GCT AGA ATT TTG ATC GAC AGA CAC GTT TTT ACC ACA GAA GAT CAG GAA GGT GAA GTT GAA ACC ACC AAA TCT GAC GGT TTG GGT AAG CTA GGT GGT GCT TCT TGC GGT ATC GAA CTG AAG TTG TCT CAA TAC CGT AAG AAG TTA TTC AAC AAG AGA GGT TTG ACT GTC TTT ATT CTA GCA CTA GAA ATA CAA ATC TTT GTC CAC GAC TCC GAG GTT GAG CCC GTT ACT AGA TTG CTC TTT CAG CAG CTT GAA GAT ATC CGT CAA TTC GTC GCT GAA CTG TTA ATT ACT TCC CTT AAA GTC GTT CAT AAC TAC ATG GAC CAT GAA TTG TTC GAA ATT AAG ACC TTC ACT GAT TCA ATC CCA GAA CCA AAG CCT ATA GGT ATT GGT GGC TTC GAT GCA GGG GCC GGT CTA TTG TAC ATT ACT TAC ATT AAT GTT ACT GAT TAC ACC CTT ATC AAG ATT 
Smik                            AGA CCA AGA CTC GTT GTT GAA GGT GGG GGT GCT CAA TCT CTA ACT GTC AAA AGA TCT GGG ATG GAA TTC GAA ACT GCT GTT CAG ACT ACT GGT ATT ACT CCT TTT TAC ACT ACT ATC ACA CAT ATT GTG ATG AGA ATC ACT ATC TGT GAT TTA GGT TTG TCT AAG GAG ATC AGA CAA CTA ACC AGA GAA ACG GTT AAG GGT GGT AAA AAC AGA GGT GCA ACC GTG ACC GCT ATC GAA TTG AAT AAG TCT ATC ATA CGT AGA CAC AGA GAA TTC GTT TGT TTT AGA CAA GAT GCC GCC ACA AAG CGT ATC CCA AAA AAT ATT TTG GGT AGA GGT AGG ATA TTG TCT CCA GTT TTG CGT GGT ATC ATA TTG ACT TGT CTG ATG TCT GTG GGT AGA AGA ACT GCT ATC GAA TAT CAT AAG ATC ATG GTC CAA TTG AGA GGT TTC GCA CCT GTG TTG GGT CTT CAC GTC TTC CAC GCA TTG ACC AAC AGA GGT TCT AAA GTT GAA ATC CAA TCA ATC GAT CAA ATT GAT ATC ATG CAG CAA CCG GGT AGA GAT GGT CCA CAA ACT TCT GTT GAT AAA TTG CCG GTC CAT CGT CTA CTG GGT GAA GGT GAT TTG GAA AGA CTT TTC GTT GAC GCT CGT CAC AGA GAA TCT AAG GTC GCC CAA AAG AGA ATC GAT ACG ACT GGT TTT GTT TCT GAA GAT GAA TTA TTG TAC AGA GGT GCT AAG GCG GAA ATT GCA AGA ATT TTG ATC GAT AGA CAT GTC TTC ACC ACG GAG GAT CAG GAA GGC GAA GTT GAA ACT ACT AAG TCT GAC GGT TTG GGT AAG CTA GGT GGT GCT TCT TGT GGT ATC GAA TTA AAG TTA TCT CAA TAC CGT AAA AAA TTG TTC AAT AGA AGG GGT TTG ACT ATT TTC ATT CTA GCA CTA GAA ATA CAA ATC TTT ATT CAT GAT TCC GAA GTA GAG CCT GTT ACT AGA TTG CTC TTT CAG CAA ATC GAG GAT GTC CGT CAA TTC GTT GCC GAA CTA CTG ATT ACT TCC CTT AAA GTG GTC CAT AAC TAC ATG GAA CAC GAA TTG TTT GAG ATC AAG ACC TTT ACT GAT ACT ATC CCA GAA CCA AAG CCT ATA GGT ATC GGT GGT TTC GAC GCA GGG GCC GGT CTA TTA TAC ATC ACT TAC ATC AAT GTT ACT GAT TAC ACT ATC ATC AGA ATT 
Spar                            AGA CCA AGA CTC GTT GTT GAA GGC GGG GGT GCC CAA TCT CTT ACT ACC AAA AGA TCT GGG ATG GAA TTC GAA ACT GCT GTT CAA ACT ACT GGC ATT ACC CCC TTT TAC ACT ACT ATC ACG CAC ATC GTG ATG AGA ATC ACT ATC TGT GAC TTG GGT TTG TCT AAG GAA ATT AGA CAA CTG ACT AAA GAA ACT GTT AAG GGC GGT AAG AAC AGA GGT GCA ACT GTG ACC GCC ATC GAA TTG AAT AAG TCT ATT ATA CGT AGA CAT AGG GAA TTT GTC TGT TTT AGA CAA GAC GCC GCC ACA AAG CGT ATC CCA AAA AAT ATT TTA GGT AAA GGT AGA ATA TTG TCC CCA GTC TTG CGT GGT ATC ATA TTG ACT TGT TTG ATG TCA GTT GGT AGA AGA ACT GCC ATC GAA TAT CAT AAG ATT ATG ACC CAA TTG AGA GGT TTC GCT CCT GTC TTG GGT CTT CAT GTC TTT CAT GCT TTG ACT AAC AGA GGT TCC AAG GTT GAA ATT CAA TCG ATC GAT CAA GTT GAC ATT ATG CAG CAA CCG GGT AGA GAC GGT CCA CAA ACC TCT GTT GAC AAA TTG CCG GTC CAC CGT CTA TTG GGT GAA GGT GAT TTG GAA AGA CTT TTT GTT GAC GCC CGT CAT AAA GAA TCT AAG ACC GCC CAA AAG AGA ATC GAC ACT ACT GGT TTC GTT TCC GAA GAC GAA TTG TTG TAC AGA GGC GCC AAG GCC GAA ATT GCT AGA ATT TTG ATT GAT AGA CAC GTC TTC ACT ACT GAA GAC CAA GAA GGT GAA GTT GAA ACT ACT AAA TCT GAC GGT TTA GGT AAG CTG GGT GGT GCC TCT TGT GGT ATC GAA TTA AAA TTA TCT CAA TAC CGT AAA AAA TTG TTC AAT AAA AGA GGT CTA ACT ATC TTT ATT CTG GCA CTA GAA ATA CAA ATC TTT ATC CAC GAC TCT GAA GTT GAG CCT GTT ACT AGA TTG CTC TTT CAA CAA ATC GAA GAC GTC CGT CAA TTC GTC GCC GAA CTA TTG ATC ACC TCT CTT AAA GTC GTC CAT AAC TAC ATG GAA CAT GAA TTG TTT GAA ATC AAG ACT TTT ACT GAT ACT ATT CCA GAA CCA AAG CCT ATA GGT ATT GGT GGT TTC GAC GCA GGG GCC GGT CTT TTA TAC ATT ACT TAC ATC AAT GTT ACT GAT TAC ACT ATC ATT AAA ATC 
Ncas                            AGA CCA AGA CTA ACC GTC GAA GGT GAT GGT GCC CAA TCA CTA ACT ATC AAA AGA TCA GAT ATG GAA TTC GAA AGT GCC GTT AAG AGT ACT GGT ATT ACC CCA TTC TAC ACT ACA ATT ACT CAT ATT GTA ATG AGA ATT ACA GTT TGC GAC TTG GGG CTT TCC AAG GAA ATT AGA CAA TTG AGA GAG GAA ACT GTT AGT GGT GGT AAG AAT AGA GGT GCT ACT GTG ACC GCT ATC GAA TTA AAC AAG TCC ATT ATT CGT AGA CAT AGA GAA TTT GTC TGC TTC AGA CAA GAT GCT GCT GCC AAA CGT ATC TCA AAA AAC ATT TTA GGT GAG GGT AGA ATC TTA TCT CCT GTC TTA CGT GGT ATT ATC TTA AGT TGC TTA ATG TCC ATT GGG AGA AGA ACT GCT ATT GAA TAT CAT AAG ATT ATG ATC CAA CTA AGA GGT TAT GCT CCC GTC TTG GGG TTC CAT GTC TTT CAC GCT TTA ACT AAC AGA GGT TCA AAA GTA GAA ATC CAA TCC ATC GAT CAA ATT GAT ATT ATG CAA CAA CCA GGT AGA GAT GGT CCA CAA ACC TCA GTT GAC AAA TTA CCA GTT CAC CGT TTA TTA GGT GAA GGT GAT ATG GAA AGA TTG TTT GTC GAT GCT AGA CAC GAG GAA GCT AAG ATC GCT CAA AAG AGA ATT GAT ACT AGT GGT TTT GTG TCT GAA GAT GAA CTA TTA TAC AGA GGT GCT AGT GCA GAA ATC GCT AGA ATC TTA ATT GAT AGA CAT GTC TTC ACT ACT GAA GAT GAA GAA GGT GAA GTG GAA ACA ACT AAG TCA GAT GGT TTA GGG AAG TTG GGT GGT GCT TCA TGT GGT ATC GAA CTT AAA TTG GCT CAA TAC CGT AAG AAG TTA TTC AAT GAG AGA GGG TTG ACT GTT TTT ATC TTG GCT CTA GAA ATA CAA ATC TTC GTT CAC GAT GAC GAA GTT GAG CCT GTT ACT AGA TTA CTA TTC GAA CAA ATT GAA GAA ATC CGT CAA TTC GTC GCT GAA TTA TTA ATT ACC GAC TTG AAG GTC GTT CAT AAT TAC ATG GAA CAC GAA TTG TTT GAA ATT CAA AGA TTT ACT GAT AGT ATC CCT GAA CCA AAA CCC ATA GGT ATT GGG GGT TTC GAT GCT GAT GCT GGG CTA TTG TAC ATT ACA TAC ATC AAC GTT ACT GAT TAC ACA ATT ATT GAG ATT 
Cgla                            AGA CCA AGA TTA GTT GCT GAG GGT AAC GGT GCC CAA TCT CTA ACT ATC AAG AGA TCT AAC ATG GAC TTC GAG ACC GCT GTC CAG ACC ACC GGT ATT ACT CCT TTT TAC ACC ACC GTC ACT CAC ATG GTC ATG AGA ATC ACC ATA TGC GAA TTA GGT TTG TCC AAG GAG ATC AGA CAA TTG ACT GTG GAA ACC GTC CAA GGT GGT AAG AAC AGA GGT GCA ACC GTT ACC GCC ATC GAA CTG AAC AAG TCT ATC ATC CGT AGA CAC AGA GAG TTC GTG TGC TTC AGA CAG GAC GCC GCA ACA AAG CGT ATC CCA AAG AAT ATT TTA GGT GTG GGT AGA ATT TTG TCC CCA GTG TTG CGT GGT ATC ATT TTG ACC TGC CTG ATT TCT ATC GGT AGA AGA ACC GCC GTC GAG TAT CAT AAG ATC ATG ATC CAG TTG AGA GGT TAC GCC CCA GTT TTG GGT TTG CAC GTG TTC CAC GCC TTG ACC AAC AAG GGT TCC AAA GTC GAA ATC CAG TCT ATC GAC CAA ATC GAC ATC ATG CAG CAA CCA GGT AGA GAC GGT TCT CAA ACT TCT GTT GAA AAG TTG CCA GTC CAC CGT CTG CTG GGT GAA GGT GAT ATG GAA AAG TTG TTC GCT GAC GCC AGA CAC GTG GAA GCC AAG ATC GCA CAA AAG AGA ATT CTA ACC ACC GGT TTT GTC TCC GAA GAC GAG CTA TTG TAT AGA GGT GCA CAA GCT GAG ATC GCC CGC ATC TTG ATC GAC AGA CAC GTG TTC ACC ACC GAG GAC CAG GAA GGT GAG GTC GAA GTT ACC AAG TCT GAT GGT TTA GGT AAG CTG GGT GGT GCC TCT TGT GGT ATC GAG CTA AAG TTG GCC CAA TAT CGT AAG AAG TTG TTC AAC GTG AGA GGT CTA ACC CTG TTC ATC CTG GCA CTT GAA ATT CAA ATC TTC CTG CAT CTA GAT GAG GTG GAA CCT GTC ACA AGA TTG TTA TTT CAG CAG GTC GAG GAC GTG CGT CAA TTC GTG GCA GAA CTG CTG ATG ACT GAT TTG AAG GTT GTC CAT AAC TAT ATG GAC CAC GAG GTC TTT GAG ATC GAT ACT TTT ACC GAC ACC ATC CCA GAG CCA AAG CCA ATT GGT ATC GGT GGC TTC GAC GCA AAC GCC GGT CTA CTG TAT ATC ACC TAC ATT AAT GTG ACC GAT TAT GTT GTC ATC GTG ATG 
Agos                            AGA CCA AGA CTG GTG GTC GAG GGC GAC GGA GCC CAG TCC CTG ACG GTG AAG AGG TCC GAC ATG GAC TTC GAA ACC GCG GTG CAG ACC ACC GGC ATC ACC CCC TTC TAC ACG ACC ATT ACG CAC ATG GTC ATG AGA GTG ACC ATC TGC GAC CTC GGT CTG TCG AAG GAG ATC CGC CAA CTC AGA CAG GAG ACT GTG AAG GGC GGC CGT AAC AGA GGC GCA ACC GTC ACC GCG ATC GAG TTG AAC AAG TCC ATC ATC CGT AGA CAC CGC GAG TTC GTG TGC TTC AGA CAG GAC GCC GCG ACC AAG CGC ATC CCA AAG AAC ATC CTC GGT CAG GGT CGT ATC CTA TCG CCA GTG CTG CGT GGC ATC ATC CTG ACC TGC CTG ATG TCC ATT GGT AGA AGG ACC GCG ATT GAG TAC CAC AAG ATT ATG GTG CAA TTG CGC GGT TAC GCC CCC GTT TTG GGT CTG CAC GTG TTC CAC GCC CTG ACC AAC CGT GGC TCC AAG GTC GAG ATC CAA TCC ATC GAC CAG ATC GAC ATC ATG CAG GAG CCC GGT AGA GAC GGC CTC CAA ACC GCC GTT GAA AAG CTG CCC GTC CAC CGC CTC CTG GGT GAG GGT GAC ATG GAG CGT CTG TTC GTC GAC GCG CGC CAC CAG GAG GCG AAG GTG GCG CAA AAG AGA ATC GAC ACT ACC GGC TTT GTG TCG GAG GAC GAG TTG CTG TAC AGA GGC GCC AAG GCA GAA ATC GCC CGC ATC CTG ATT GAC CGC CAC GTG TTC ACC ACT GAG GAC CAG GAC GGC GAG GTG GAA ACG ACC AAG TCC GAC GGT CTC GGT AAG CTG GGC GGC GCC TCC TGC GGC ATC GAG ATG AAA CTG GCG CAA TAC CGC AAG AAG CTG TTC AAT CAG AGG GGT ATC ACC ATC TTC ATC CTG GCA CTC GAG ATC CAG ATC TTC ATC CAC GAC GAC GAG GTG GAG CCT GTG ACC CGT CTG CTG TTC CAG CAA ATT GAG GAC GTG CGT CAA TTC GTG GCG GAG CTC CTG ATG ACC GAC CTG ATC GTT GTC CAC AAC TAC ATG GAC CAC GAG CTC TTC GAG ATC CAG AGA TTC ACC GAC ACC ATC CCA GAG CCA AAG CCC ATC GGT ATC GGG GGC TTC GAC GCA GAC GCG GGT CTG TTG TAC ATC ACC TAC GTG AAC GTC ACC GAC TAC ACG ATT ATT CAG ATG 
Klac                            AGA CCA AGA TTA GCA GCT GAA GGT GAG GGT GCT CAA TCT CTT ACT GTT AAG AGA TCT GAG ATG GAT TTC GAA ACT GCA GTT CAA ACT ACT GGT ATT ACT CCA TTT TAC ACT ACT GTT ACC CAC ATG GTC ATG AGA ATT ACT ATC TGT GAA CTC GGT CTT TCC AAG GAA ATT AGA CAA CTT ACT AAC GAA ACC GTT AAG GGT GGT AAA AAC AGA GGT GCT ACT GTA ACC GCA ATC GAA TTA AAC CAA TCT ATT ATC CGT AGA CAT CGT GAA TTC GTT TGT TTC AGA CAG GAT GCC ACG ACT AAA CGT ATC CCA AAG AAT ATT TTA GGT AAC GGT CGT ATC CTA TCT CCA GTT TTG CGT GGT ATT ATC CTC ACT TGT TTG ATG TCC GTT GGT AGA AGA ACC GCA GTT GAG TAC CAT AAG ATC ATG GTT CAA TTG AGA GGT TAC GCT CCT GTC TTG GGT TTG CAT GTC TTC CAC GCT TTG ACT AAC AGT GGT TCC AGA GTT GAA ATA CAA TCT ATC GAC CAA ATG GAT ATT ATG CAA CAA CCT GGT AGA GAT GGT GTG CAA ACT TCT GTT GAG AAG TTA CCT GTC CAT AGA CTT TTG GGT GAA GGT GAT ATG GAA AGT TTG TTC GCT GAT GCA CGT CAC AAC GAA GCT AAG GTT ACG CAA AAG AGA ATC GAC ACC ACT GGT TTC GTT TCT GAA GAT GAG TTA CTC TAC AGA GGT GCA AAG GCC GAA ATT GCT AGA ATT CTC ATC GAC AGA CAC GTC TTC ACT ACC GAA GAT GAA GAA GGT GAA GTT GAG ACG ACT AAG TCT GAT GGT TTA GGT AAG CTA GGT GGT GCC TCT TGT GGT ATC GAC ATG AAG TTG GCT CAA TAT CGT AAA AAA TTG TTC CAC AAC AGA GGT TTG ACC ATT TTC ATT CTA GCT CTT GAA ATT CAA ATC TTC ATT CAC GAC GAC GAA GTC GAA CCA GTT ACT AGA TTG TTA TTT GAA CAA GTT GAA GAA GTT CGT CAA TTC GTT ACG GAA CTT TTG ATG ACT GAC TTG ATT GTC GTC CAT AAC TAC ATG GAT CAC GAA TTG TTC GAA ATT GGA ACT TTC ACC GAT ACT ATC CCA GAC CCA AAA CCT ATT GGT ATC GGT GGT TTC GAC GCT GAG GCT GGT CTT TTG TAT ATC ACT TAC GTG AAC GTC ACC GAC TAT ACG GTT ATC AAC ATG 
Calb                            AGA CCA AGA TTA GTT GCT GAA GGT GAT GGA GCC CAA TCA CTT ACT GTC AAA AAG TCA GAT ATG GAC TTT GAA ACA GCT GTT CAA ACA ACT GGT ATT ACT TCA TTC TAC ACC ACA GTC ACA CAA ATG ATA ATG AGA ATT ACA AAA TGT GAA TAC GGT TTA TCT AAA GAA ATC AGA CAA TTA ACT CAA GAA ACC GTT AAA GGT GGT ATC AAT AGA GGT GCT ACT GTT ACC GCT ATT GAA TTG AAT AAA TCA ATC ATT CGT AGA TAT AGA GAA TTT GTC TGT TTT AGA CAG GAC GCT GCC AGT TTT CGT ATT CCA AAA AAT ATT TTG GGT CAA GGT AGA ATT TTG ACC CCA GTC TTG CGT GGT ATT ATT TTA ACA TGT TTA AGT AGC GTT GGT AGA AAG ACA GCT GTC GAA TAC ATT AAA ATT ATG GTC CAA TTG AGA GGG CAC GCT CCA GTT TTG GGT TTA TAT ACT TTT CAT GCT TTG ACT AAC GAT GGT AGT AAA GTT GAA ATC CAA TCT ATC GAC TTG ATA GAC ATC ATG AGT CAG CCC GGT AGA GAT GGT GAA CAA ACT TCC GTT GAT AAA ACC CCC CAT CAC AGA TTA TTA GGG GAA GGT ACC ATG GAA GAT TTG TTT GCT GAT GCT AGA CAT CAA GAA GCT AAG GTC GCC CAA AAG AGA GTT TAT ACC ACA GGT TTC GTC ACC GAA GAT GAA TTG TTA TAT AGA GGT GCA AAA GCA GAA ATT GCT AGA ATT TTA ATT GAC AGA CAA ACT TAT ACT ACC GAA GAT CCA GAA GGT GAA GTC GAA GAT ACT AAA TCA GAT GGT TTG GGT AAA TTA GGT GGT GCA TCA TGT GGT ATC GAA TTA AAA TTG GCT CAA TAT CGT AAA AAA TTG TTT AAT CAA AGA GGT ATT AAA ATT TTT ATT TTA GCT TTA GAA ATA CAA ATT TTT ATT CAC TAT GAT GAA GTA GAA CCA GTT ACT AGA TTG TTA TTC CCA CAA GTC GAA GAA GTC CGT CAA TTC GTC GCC GAA TTA TTA ATG ACT GAT TTG GTT GTT CAT ATT AAT TAT ATG GAC CAT GAA GTT ATT GAA ATT GAT ACT ATT ACA GAT ACA ATC CCA GAA CCA TTT CCA ATA GGT ATT GGT GGT TTT GAT GCT GAT GCC GGT CTT TTA TAT ATT ACA TAC ATA AAT GTC AAA GAA TAT GAT GTC ATT CAA ATG 



Printing out site pattern counts


         9        645  P

Scer                            AAA AAA AAA AAA AAC AAC AAG AAG AAG AAG AAG AAG AAG AAG AAG AAG AAT AAT AAT AAT AAT ACA ACC ACC ACC ACC ACG ACT ACT ACT ACT ACT ACT ACT ACT ACT ACT AGA AGA AGA AGA AGA AGA AGA AGA AGA AGA AGG ATA ATA ATA ATC ATC ATC ATC ATC ATC ATC ATC ATG ATG ATT ATT ATT ATT ATT ATT ATT ATT ATT CAA CAA CAA CAA CAA CAA CAA CAC CAC CAC CAG CAG CAT CAT CAT CCA CCA CCA CCA CCA CCC CCG CCT CGT CGT CGT CGT CTA CTA CTC CTG CTT CTT CTT CTT GAA GAA GAA GAA GAA GAA GAA GAA GAA GAA GAA GAC GAC GAC GAC GAC GAC GAC GAC GAG GAT GAT GAT GAT GAT GCA GCC GCC GCC GCC GCC GCC GCT GCT GCT GCT GGG GGT GGT GGT GGT GGT GGT GGT GGT GGT GTA GTA GTC GTC GTC GTC GTC GTC GTC GTG GTG GTT GTT GTT GTT GTT GTT GTT TAC TAC TAC TAC TAT TCA TCC TCC TCG TCT TCT TCT TCT TCT TCT TGT TGT TTA TTA TTA TTA TTA TTA TTC TTC TTC TTC TTC TTG TTG TTG TTG TTG TTG TTG TTG TTG TTG TTG TTG TTG TTT TTT TTT TTT TTT 
Sbay                            ... ..G ..G ..G ... ..T ..A ..A ... ... ... ... ... ... ... C.A ..C ..C ... ... ... ..G ... ..T ..T ..T ... ..A ..C ..C ..C ... ... ... ... ... T.A .AG ... ... ... ... ... ... ... ... ..G ..A ... ... ..C ... ... ... ... ..T ..T C.T G.. ... ... ..C ..C ..C ..C ... ... ... ... ... ... ... ... ... ... ..G ..G ... ..T ..T ... ... ..C ..C ... ... ... ... ..C T.C ... ..A ... ... ... ... ... ... ..G ... ..A ..A ..G ... T.A ... ... ... ... ... ... ... ..C ..G ..G ..G ..A ... ... ... ... ..T ..T ..T ... ..C ..C ... ... ... ... ... ..T ..T ..T ..T ..T ... ... ... ... ... ..C ... ... ... ... ... ... ... ... ..T ..T A.. A.T .CT ... ... ..T ..T ..C ... A.C ..C ..G ... ... ... ... ... ... ... ..T ... ..T ... ..T ... ..C ..C ... ... ... ... ..C ..C C.G ..G ..G ..G ..G ..G ... ... ... ..T ..T C.A C.. ..A ..A ..A ... ... ... ... ... ... ... ... ..C ..C ... ... ... 
Smik                            ... ... ... ..G ... ... ... ... ..A ..A ... ... ... ... ... ... ..C ... ... ... ... ... ... ... ..T ..T ..A ..G ..C ... ... ... ... ... ... ... ... ... ... ... ... ... ... ... ..G ..G ... ..A ... ... ... ... ... ... ..T ... ... ... ..T ... ... ..C ..C ..C ..C ..C ..C ..C ... ... ... ... ... ... ... ... ..G ..T ... ..T ... ... ..C ... ... ... ... ... ..T ... ..T ... ... ... ... ... ... ... ... ... ..A ..A ..A ... ... ... ... ... ... ... ... ..G ... ... ... ... ..T ... ... ..T ..T ... ..T ..T ... ... ... ... ... ... ... ... ... ... ..G ..T ..T ..A ... ... ... ... ... ..C ... ... ... ... ... ... ... ..C ..T ... ..G ... ..G ..T ... ..T ... ... A.. ... ... ..A ... ... ... ... ... ... ... ... ..T ..T ..T ..A ..C ... ... ... ... ... ... ... ... ... ... ..G ..G ..G ... ... ... ... ..T ... ... C.. ... ... ..A ..A ... ... ... ... ... ... ... ... ..C ... ... 
Spar                            ... ... ... ... ... ... ..A ... ... ... ... ... ... ... ... ... ..C ... ... ... ... ... ..T ... ... ..T ... ... ... ... ... ... ... ... ... ... ... .A. ... ... ... ... ... ..G ... ... ... ..A ... ... ... ... ... ..T ..T ... ... ... ... ... ... ..C ..C ... ... ..C ... ... ..C ... ... ... ... ... ... ... ... ... ..T ... ..A ... ... ..C ... ... ... ... ..T ... ... ... ... ... ... ... ... ... ... ... ... ... ..G ... ... ... ... ... ... ... ... ... ... ... ... ... ... ... ... ... ... ... ... ..T ... ... ... ..C ..C ... ... ... ... ... ... ... ... ... ..C ..C ... ... ... ... ..C ... ... ... ... ... ... ..C ..T ... ..T AC. ... ... ... ..T ... ... ... ... ... ... ... ... ... ... ... ... ... ... ..T ... ... ... ... ..A ... ... ... ... ... ... ... ... ... C.. ... ..G ... ... ... ... ... ... ... ... ... ... ... ... ... ... ... ... ... ... ... ... ... ... ... 
Ncas                            ..G ... ..G ... ... ..T ... ... ..A ... ..A ... ... .GT C.A ... ... ... ..C ..C ..C G.C ..T ... ... ..T ..T ... .GA ..A ... ..A ... ... ... ... .G. GAG ... ... ... ... ... ... ... ... ... ..A ... ..C ..T ... ..T ... ..T ..T ..T ..T G.T ... ... ..C G.. ..C ... ..C ... ... ... ..C ... ... ... ... ... ... A.G ..T ... ... G.A ..A ... ..C ... ... ... ..T ..T T.. ..A ..A ..C A.A ... ... ... ... T.. ..A T.. ..A T.G T.G T.C ... ... ... ... ... ... ... ... ... ... ... ... ..T ..T ... ..T ..T ..A ..T ... ... ... ... ... ... ..T ..T ..T ..T ..A ... ..T ... ... ... ..C .AT ... ... ... ..G ..G ... ... ... ... ..C ..T A.. A.T A.. ... ... ..T ..T ..A ... A.. ..C ACC ... ..A ..G ... ... ... ... ... ... ... ..T ..A ..C GAC ..C G.. ..A ..C ..C ..C ... C.T ..G ..G ..G ... C.T .AT ... ... ... ..T C.A A.. ..A ..A ..A C.A ... ..A ..A ..A ..A ... ... ..C ... ... ..C ..C 
Cgla                            ..G ..G ..G ..G ... ... ... ... ..A ... ... ... ... C.A G.T ... ..C ..C ..C ... ... ... ... ... ..T ..A ..T ..C ... GT. ..C ..C ..C ..C ..C ... ..C GTG ... ... ... ... C.C ... ... ... ... .A. ..T ..T ..C ... ..T ... ..T ... ... G.. C.G ... ..T ..C ..A ..C ..C ... ..C ..C ..G ..C ... ... ... ... ..G ..G ..G ... ... ... ... ... ..C ... ... ... T.T ... ..T ... ..T ..A ..A A.A ... ... ... ..T ..G T.A ... ..A T.G T.G T.G ... ... ... ..G ..G ..G ..G ..C ... ..G ..G ..A ... ..T ..A CTA ... ... ... ..A ..C ... ..C ..C ... ... ... ..A ... ..T ... ... ..C ..A ..C ... AAC ..C ... ... ... ... ... ... ... ... ..G ..C ..G A.. A.. ..T ..G ... ..G ..C ..T A.C .C. ... ..G ..C ..C ... ... ..T ..T ... ... ..T ... ... ..T GA. ... G.C ... ..C ... ..C ... C.. C.G ..G C.. ... ..G .A. ... ... ... ..T ... A.. C.. C.. ... C.A ..A ... ... ... ... G.C ... ..C ... ..C ..C ... 
Agos                            .TC ..G ..G ... ... ... ... ... ... CGT ... ... ... ... C.. ... ..C ... ..C ..C ..C ..C ... ... ... ... ... ... .GA ..G ..C ..C ..C ..C ..G ..G ..C CAG ... ..G C.C C.T C.C C.C ..G C.T ... C.T ..C ..C ..C ... ... ... ... ... G.G ..T ... ... ... ..C ..C ..C ... G.G ..C ..C ..G ..C ... ..G ..G G.G ..G ... ..G ... ... ... ... ... ..C ..C ..C ... .TC ... ..T ... ... ..C ..C ..C ..C ..C ... ..C ..C ..G ... ..G ..C ..G ..G ... ..C ..G ..G ..G ..G ..G ..C ..G ... ..G ..A ... ... ... ... ... ... ... ... ..C ..C ..C ..C ..C ... ..G ..G ... ..A ... ..G ..C ..C ..C ..G .AC ..C ..C ..C ..G ... ..A ..C ... ... ..G ..G ..G A.T ..G ..T ..G ... ... ..C ..C A.C ..C ..G ..G ..C ..G ... ... ... ... ... ..C G.C ..G ... ..C GAC ..C G.G ..C ..G ..C ..C ..C A.G ..G C.G A.C C.C C.G .A. ... ... ... ..T ... A.. C.. ... C.. ... C.C C.A C.. C.. C.. C.C ... ..C ..C ..C ..C ..C 
Klac                            .TT ..G ... ..G ... ... ... ... .GA ..A ..A ... ... ... GGA C.A ..C C.C ..C ..C ... ..T ..T ... ..T ..T ..C ..C ... ..G ... ... ..C ..C ... ... ... .AC ... ... ... ... ... C.T ... C.T ... ..T ..T ..C ..C ... ... ... ..T ..T ..T G.T ..T ... ... ..C ..C ..A ..C G.G ..C ... ..G ... ... ... ... ... ..G ... ... ... ... ..T G.A ..A ... ..C ... ... GTG ... ... ... ..A ..T ... ... A.A ... ... ..T ..T T.A ..A ... ... T.G T.G ..G ... ... ... ..C ..G ... ..T ... ... ... ..G ..T ..T ..A ... ... ..A ..T ..A ..C ... ... ... ..C ..T ..T A.G ... ... ..T ..A ... ..A ..C ..A .A. ... ... ... ... ... ... ... ... ... ..C ..T ..T ..T ..T ... ..T ... ... ..C ..A A.G .C. .CA ..C ... ... ... ... ... ..T ... ..C ..T ..T ... ..T GAC ..C G.. ... ..C ... ... ... A.G ..G ..G ..G ... C.T .A. ... ... ... ... ... A.. ... ..A ... ..A C.C C.A C.C ..A ... ... ... ..C ..C ..C ..C ... 
Calb                            GTT ... ... ... ... ..T ..A ... ..A .TC TTT ..A ... ..A G.T ..A ... ... ... ... ... .GT ..T ... ..T ..T ..A ..C ... GA. ... ..A .AA ..A ..C ... ..A CA. ... .AG ... ... ... ... ... ... ... GAT ... ..T ..T ... G.T ... ..T ..T ..T G.. ..T ... .GT ... .AA ..C ... ..A ... ..C ..G ... ... ... TTG ..G ..G ... ... ..A ..T ... .CA AGT T.. ..C AT. ... GA. ... ... ... T.A ..C ..A A.A A.A ... ... T.. T.. T.A T.A ... T.A T.G T.A ... ... ... ... ... ... ... ..C ... ... ... ..T ..T ..T ..A T.T ..T ..A ..T ..A ..C ACC ..C ... ..A ..T ... ... ..T ..A ... ..T ... ..A ..A ... .AT ... ... ... ... ... ..A ... ..G ... ACT ..T ... ..T ... ..T ... CAT ... A.A ..T A.A .C. ... ..A ... ..C ... ... ..T ..T ... ..C ..C A.. AGT ..T GA. AGC G.. ..A ... ..A ... ... ... ... ..G A.T ..G ... CA. ... ..T .AT ... ... A.. ..A ... ... ... .AC ... ..A ACC ... G.T ... ... A.. ... ... ..C 

    1    3    2    1    1    1    1    1    1    1    2    3    1    2    1
    1    1    1    1    1    1    1    3    1    3    1    1    3    2    2
    2    3    2    2    1    1    5    5    8    2    3    1    1    1    1
    1    2    2    2    2    1    2    1    1    2    2    1    4    2    5
    1    3    1    1    3    1    2    3    3    3    5    2    1    1    1
    3    1    2    3    1    2    1    2    1    2    2    1    2    1    1
    1    2    2    1    1    2    3    1    2    2    2    2    1    2    1
    1    1    6    4    2    2    4    2    3    2    1    1    1    1    1
    2    1    1    1    1    2    1    2    3    1    3    1    3    1    1
    1    3    3    1    1    1    3    1    1    4    1    6    1    9    2
    6    2    3    1    1    3    2    3    2    1    1    1    1    2    1
    1    1    2    1    1    2    3    1    1    1    2    1    1    2    1
    2    4    1    1    3    1    1    1    1    1    2    1    1    1    3
    1    1    1    1    3    1    2    1    1    1    3    1    2    1    1
    1    2    4    1    2

CODONML (in paml version 4.9j, February 2020)  temp.nuc
Model: One dN/dS ratio, 
Codon frequency model: Fequal
ns =   9  ls = 394

Codon usage in sequences
--------------------------------------------------------------------------------------------------------------------------------------
Phe TTT  10   9   7  10   7   5 | Ser TCT  11  10  13  11   2   9 | Tyr TAT   1   2   1   1   2   6 | Cys TGT   4   0   4   4   1   1
    TTC   7   8  10   7  10  11 |     TCC   3   6   2   3   4   4 |     TAC   7   6   7   7   7   3 |     TGC   0   4   0   0   3   3
Leu TTA   7   7   5   5  17   5 |     TCA   1   5   1   1   7   0 | *** TAA   0   0   0   0   0   0 | *** TGA   0   0   0   0   0   0
    TTG  19  17  18  20  11  17 |     TCG   1   1   0   1   0   0 |     TAG   0   0   0   0   0   0 | Trp TGG   0   0   0   0   0   0
--------------------------------------------------------------------------------------------------------------------------------------
Leu CTT   6   6   3   5   2   1 | Pro CCT   2   2   4   3   3   2 | His CAT   5   6   6   7   6   3 | Arg CGT   7   7   7   7   6   6
    CTC   2   2   2   2   0   0 |     CCC   1   2   0   1   2   0 |     CAC   6   5   5   4   5   8 |     CGC   0   0   0   0   0   1
    CTA   3   6   8   4   7   7 |     CCA   7   7   6   6   6   9 | Gln CAA  14  11  13  16  15  11 |     CGA   0   0   0   0   0   0
    CTG   2   5   3   3   0  11 |     CCG   2   0   2   2   0   0 |     CAG   3   7   4   1   0   8 |     CGG   0   0   0   0   0   0
--------------------------------------------------------------------------------------------------------------------------------------
Ile ATT  20  16  11  15  24   9 | Thr ACT  23  14  22  27  16   7 | Asn AAT   5   4   4   4   3   2 | Ser AGT   0   0   0   0   7   0
    ATC  15  17  25  20  17  27 |     ACC   8   9   6   7   5  22 |     AAC   2   3   3   3   4   8 |     AGC   0   0   0   0   0   0
    ATA   5   4   5   5   2   1 |     ACA   1   3   2   1   5   2 | Lys AAA   7   3   8  13   7   1 | Arg AGA  25  20  25  21  25  20
Met ATG   6   6   6   6   7   9 |     ACG   1   2   3   1   0   0 |     AAG  14  22  13  13  12  19 |     AGG   2   2   2   1   0   0
--------------------------------------------------------------------------------------------------------------------------------------
Val GTT   9  13  14  14  11   7 | Ala GCT   6  18   7   4  18   4 | Asp GAT   9   9  15   5  18   6 | Gly GGT  31  30  30  27  24  30
    GTC  13  10   8  10   9  14 |     GCC  10   1   5  12   3  12 |     GAC   9  10   3  13   4  13 |     GGC   0   1   1   4   0   1
    GTA   5   0   1   0   2   0 |     GCA   3   3   6   3   1   7 | Glu GAA  28  21  24  28  31  14 |     GGA   0   0   0   0   0   0
    GTG   2   2   5   2   3  13 |     GCG   0   0   1   0   0   0 |     GAG   1   7   5   1   6  15 |     GGG   3   3   3   3   7   0
--------------------------------------------------------------------------------------------------------------------------------------

--------------------------------------------------------------------------------------
Phe TTT   1   2  11 | Ser TCT   0   9   2 | Tyr TAT   0   3  10 | Cys TGT   0   4   4
    TTC  15  14   4 |     TCC   8   3   1 |     TAC   9   6   4 |     TGC   4   0   0
Leu TTA   0   7  18 |     TCA   0   0   6 | *** TAA   0   0   0 | *** TGA   0   0   0
    TTG   5  16  15 |     TCG   3   0   0 |     TAG   0   0   0 | Trp TGG   0   0   0
--------------------------------------------------------------------------------------
Leu CTT   0   7   2 | Pro CCT   1   4   0 | His CAT   0   5   5 | Arg CGT   8   8   5
    CTC   9   4   0 |     CCC   5   0   2 |     CAC  11   7   3 |     CGC   9   0   0
    CTA   1   3   0 |     CCA   5   7  10 | Gln CAA   8  15  18 |     CGA   0   0   0
    CTG  22   0   0 |     CCG   0   0   0 |     CAG  14   1   2 |     CGG   0   0   0
--------------------------------------------------------------------------------------
Ile ATT   8  16  26 | Thr ACT   3  22  14 | Asn AAT   1   1   6 | Ser AGT   0   2   4
    ATC  31  16   8 |     ACC  23   9   9 |     AAC   6  10   1 |     AGC   0   0   1
    ATA   0   1   5 |     ACA   0   0  11 | Lys AAA   1   5  17 | Arg AGA  12  20  20
Met ATG  11  12   9 |     ACG   5   5   0 |     AAG  17  12   4 |     AGG   3   0   0
--------------------------------------------------------------------------------------
Val GTT   3  19  13 | Ala GCT   0  12  15 | Asp GAT   0  11  18 | Gly GGT  14  31  28
    GTC   8   9  14 |     GCC   8   3   5 |     GAC  25  10   6 |     GGC  15   0   0
    GTA   0   1   1 |     GCA   4   6   3 | Glu GAA   4  26  31 |     GGA   1   1   1
    GTG  18   2   0 |     GCG  10   0   0 |     GAG  24   7   0 |     GGG   1   0   2
--------------------------------------------------------------------------------------

Codon position x base (3x4) table for each sequence.

#1: Scer           
position  1:    T:0.18020    C:0.15228    A:0.34010    G:0.32741
position  2:    T:0.33249    C:0.20305    A:0.28173    G:0.18274
position  3:    T:0.37817    C:0.21066    A:0.26904    G:0.14213
Average         T:0.29695    C:0.18866    A:0.29695    G:0.21743

#2: Sbay           
position  1:    T:0.19036    C:0.16751    A:0.31726    G:0.32487
position  2:    T:0.32487    C:0.21066    A:0.29442    G:0.17005
position  3:    T:0.37056    C:0.21320    A:0.22843    G:0.18782
Average         T:0.29526    C:0.19712    A:0.28003    G:0.22758

#3: Smik           
position  1:    T:0.17259    C:0.15990    A:0.34264    G:0.32487
position  2:    T:0.33249    C:0.20305    A:0.28173    G:0.18274
position  3:    T:0.37563    C:0.19543    A:0.26396    G:0.16497
Average         T:0.29357    C:0.18613    A:0.29611    G:0.22420

#4: Spar           
position  1:    T:0.17766    C:0.15482    A:0.34772    G:0.31980
position  2:    T:0.32487    C:0.21066    A:0.29442    G:0.17005
position  3:    T:0.36548    C:0.23604    A:0.26142    G:0.13706
Average         T:0.28934    C:0.20051    A:0.30118    G:0.20897

#5: Ncas           
position  1:    T:0.18020    C:0.13198    A:0.34010    G:0.34772
position  2:    T:0.32741    C:0.18274    A:0.30457    G:0.18528
position  3:    T:0.38071    C:0.18528    A:0.31726    G:0.11675
Average         T:0.29611    C:0.16667    A:0.32064    G:0.21658

#6: Cgla           
position  1:    T:0.16244    C:0.17005    A:0.32234    G:0.34518
position  2:    T:0.34772    C:0.19797    A:0.29695    G:0.15736
position  3:    T:0.24873    C:0.32234    A:0.19543    G:0.23350
Average         T:0.25296    C:0.23012    A:0.27157    G:0.24535

#7: Agos           
position  1:    T:0.11421    C:0.23604    A:0.30711    G:0.34264
position  2:    T:0.33503    C:0.19036    A:0.30457    G:0.17005
position  3:    T:0.09898    C:0.47208    A:0.09137    G:0.33756
Average         T:0.18274    C:0.29949    A:0.23435    G:0.28342

#8: Klac           
position  1:    T:0.16244    C:0.15482    A:0.33249    G:0.35025
position  2:    T:0.32741    C:0.20305    A:0.30203    G:0.16751
position  3:    T:0.39594    C:0.23096    A:0.23350    G:0.13959
Average         T:0.29526    C:0.19628    A:0.28934    G:0.21912

#9: Calb           
position  1:    T:0.19036    C:0.11929    A:0.34264    G:0.34772
position  2:    T:0.31980    C:0.19797    A:0.31726    G:0.16497
position  3:    T:0.41371    C:0.14721    A:0.35787    G:0.08122
Average         T:0.30795    C:0.15482    A:0.33926    G:0.19797

Sums of codon usage counts
------------------------------------------------------------------------------
Phe F TTT      62 | Ser S TCT      67 | Tyr Y TAT      26 | Cys C TGT      22
      TTC      86 |       TCC      34 |       TAC      56 |       TGC      14
Leu L TTA      71 |       TCA      21 | *** * TAA       0 | *** * TGA       0
      TTG     138 |       TCG       6 |       TAG       0 | Trp W TGG       0
------------------------------------------------------------------------------
Leu L CTT      32 | Pro P CCT      21 | His H CAT      43 | Arg R CGT      61
      CTC      21 |       CCC      13 |       CAC      54 |       CGC      10
      CTA      39 |       CCA      63 | Gln Q CAA     121 |       CGA       0
      CTG      46 |       CCG       6 |       CAG      40 |       CGG       0
------------------------------------------------------------------------------
Ile I ATT     145 | Thr T ACT     148 | Asn N AAT      30 | Ser S AGT      13
      ATC     176 |       ACC      98 |       AAC      40 |       AGC       1
      ATA      28 |       ACA      25 | Lys K AAA      62 | Arg R AGA     188
Met M ATG      72 |       ACG      17 |       AAG     126 |       AGG      10
------------------------------------------------------------------------------
Val V GTT     103 | Ala A GCT      84 | Asp D GAT      91 | Gly G GGT     245
      GTC      95 |       GCC      59 |       GAC      93 |       GGC      22
      GTA      10 |       GCA      36 | Glu E GAA     207 |       GGA       3
      GTG      47 |       GCG      11 |       GAG      66 |       GGG      22
------------------------------------------------------------------------------


Codon position x base (3x4) table, overall

position  1:    T:0.17005    C:0.16074    A:0.33249    G:0.33672
position  2:    T:0.33023    C:0.19994    A:0.29752    G:0.17231
position  3:    T:0.33644    C:0.24591    A:0.24647    G:0.17118
Average         T:0.27891    C:0.20220    A:0.29216    G:0.22673

Codon frequencies under model, for use in evolver (TTT TTC TTA TTG ... GGG):
  0.01639344  0.01639344  0.01639344  0.01639344
  0.01639344  0.01639344  0.01639344  0.01639344
  0.01639344  0.01639344  0.00000000  0.00000000
  0.01639344  0.01639344  0.00000000  0.01639344
  0.01639344  0.01639344  0.01639344  0.01639344
  0.01639344  0.01639344  0.01639344  0.01639344
  0.01639344  0.01639344  0.01639344  0.01639344
  0.01639344  0.01639344  0.01639344  0.01639344
  0.01639344  0.01639344  0.01639344  0.01639344
  0.01639344  0.01639344  0.01639344  0.01639344
  0.01639344  0.01639344  0.01639344  0.01639344
  0.01639344  0.01639344  0.01639344  0.01639344
  0.01639344  0.01639344  0.01639344  0.01639344
  0.01639344  0.01639344  0.01639344  0.01639344
  0.01639344  0.01639344  0.01639344  0.01639344
  0.01639344  0.01639344  0.01639344  0.01639344


TREE #  1:  (((((1, 4), (3, 2)), 5), 6), ((7, 8), 9));   MP score: 1083
This is a rooted tree.  Please check!
lnL(ntime: 16  np: 18):  -5787.986183      +0.000000
  10..11   11..12   12..13   13..14   14..1    14..4    13..15   15..3    15..2    12..5    11..6    10..16   16..17   17..7    17..8    16..9  
 0.001104 0.192073 0.218475 0.041982 0.081929 0.093624 0.033494 0.190506 0.457674 0.584410 0.661982 0.040977 0.117416 1.051107 0.365730 1.161432 3.233653 0.062465

Note: Branch length is defined as number of nucleotide substitutions per codon (not per neucleotide site).

tree length =  5.293915

(((((1: 0.081929, 4: 0.093624): 0.041982, (3: 0.190506, 2: 0.457674): 0.033494): 0.218475, 5: 0.584410): 0.192073, 6: 0.661982): 0.001104, ((7: 1.051107, 8: 0.365730): 0.117416, 9: 1.161432): 0.040977);

(((((Scer: 0.081929, Spar: 0.093624): 0.041982, (Smik: 0.190506, Sbay: 0.457674): 0.033494): 0.218475, Ncas: 0.584410): 0.192073, Cgla: 0.661982): 0.001104, ((Agos: 1.051107, Klac: 0.365730): 0.117416, Calb: 1.161432): 0.040977);

Detailed output identifying parameters

kappa (ts/tv) =  3.23365

omega (dN/dS) =  0.06246

dN & dS for each branch

 branch          t       N       S   dN/dS      dN      dS  N*dN  S*dS

  10..11     0.001   833.3   348.7  0.0625  0.0001  0.0011   0.1   0.4
  11..12     0.192   833.3   348.7  0.0625  0.0118  0.1888   9.8  65.8
  12..13     0.218   833.3   348.7  0.0625  0.0134  0.2148  11.2  74.9
  13..14     0.042   833.3   348.7  0.0625  0.0026  0.0413   2.1  14.4
  14..1      0.082   833.3   348.7  0.0625  0.0050  0.0805   4.2  28.1
  14..4      0.094   833.3   348.7  0.0625  0.0057  0.0920   4.8  32.1
  13..15     0.033   833.3   348.7  0.0625  0.0021  0.0329   1.7  11.5
  15..3      0.191   833.3   348.7  0.0625  0.0117  0.1873   9.7  65.3
  15..2      0.458   833.3   348.7  0.0625  0.0281  0.4499  23.4 156.9
  12..5      0.584   833.3   348.7  0.0625  0.0359  0.5745  29.9 200.4
  11..6      0.662   833.3   348.7  0.0625  0.0407  0.6508  33.9 226.9
  10..16     0.041   833.3   348.7  0.0625  0.0025  0.0403   2.1  14.0
  16..17     0.117   833.3   348.7  0.0625  0.0072  0.1154   6.0  40.3
  17..7      1.051   833.3   348.7  0.0625  0.0645  1.0333  53.8 360.4
  17..8      0.366   833.3   348.7  0.0625  0.0225  0.3595  18.7 125.4
  16..9      1.161   833.3   348.7  0.0625  0.0713  1.1418  59.4 398.2

tree length for dN:       0.3251
tree length for dS:       5.2044


Time used:  0:08
