      9   1182

Scer                            CTA GAC TCT GCA TTG GCC GCT TGT GGC CTA TCA TAT TAC ATC ATG ATG AAA GAG GGT GAA ATT TTG CTG AAG GGC AAG CAA GTA CAA ATG CCG GGG GCC AGA AGA GAT CCC ACA ACT AAC GGC GGT CCC GGT CGC AGA CAT CCC GAA AAC TAT GCC TAT GTT CAA ATT TTG TTC ACC GCA GGT CTT TCT GGT GGC GGT CCG ATA CAA TGG AAC CCC GGT GAA GAG TCT GGT GAA TAC AAC ATG CAA CAA CTA ATA CAA CGT CAT TTT GAA TCT GGA CCG AAC TTT GGT TCT CAT CTG ACC GGT TAT AGA ATT CTG CTG ATC CAT AAT AAC TTC GAA AGT CAA TTA CTG TTA GCT GTG GAC TAT GTC CCA TAT TTA AAA CAT TTC TGG AAT ATG GGT TTC AAC AAA GGT CTG TTA GAG AGA TGG CTG AAA TTA ATT TAC GGC CAT GAA ACT CGC ACT CCG ATG TTG TCC ACC ATT ATG GAT GCC TAT AAA ATA TTG CAA TGG CGT GAA AAC CCA GAG CCG TCC GCT GGT GTG AAA TGG TCT ACC GCC TAT AAC TTA TCT TTC AAA AGA GAT CCG ATG ACT GTT GGT CGC CAT GAA TTC AAC CCA AGT TTG GAA GTT GCT TCT TCC AAT GGC GGT TTC GCT ATT ATG AAG GAA GTT GAG ATC GAG ATC TAC ATG GTA TAC GCC AGA TAT TAT TAC ACT GCA AAG ATG TTC GTT AGA GGT ACC GCC ATG GAG AGT AGA CAA TTC GGT ACT TTG CCA TAT TAT AAT AAA TTG GTT ACA TGG TTT TAT ATG TCC AAA GCT ACT ACT AGC CTA GCT ATG CAC TCA AAA CCC CCG AGA CAC AAT AAA AAA AAG ATT AAG AAA AAT CGT AAC AAT AGA AAG AAC GGC AAC GAT TTA CCT CAG TAT CAC CAA GGT TTG CAA AGA GAT TGG TTA ATC GAA AGA AAT GCC ACA TCT CCA CTT GAA GAG TCT AGA GGC AGA AGT ATT AAT AGA ATT TCA TGG TAC GTG GTA CAA TTA AGA GTT ATC TTA CCG AGA ACC TAT GGT TTG TTA TTA CTG GTT ATA TAT GAC TTA CTG ATT ATA CAA ATA TGG TAT TTA AAA TTG TAC ATG GAG GAA CCA ATG TAT ATT AAA GTA AAC CTT TCC TTT AAC TTG GTG TTT TCT GTA AAG ATG AAC ATA ACC TGG AAG GAA ATT AAG ATG 
Sbay                            CTG GAC TCC GCG CTG GCT GCT TGT GGC TTG TCG TAC TAC ATC ATG ATG AAG GAG GGT GAG ATC TTG TTG AAG GGC AAG CAA GTA CAG ACC CCC GGA GCT AGA AGA GAT CCC ACA ACC AAC GGC GGT CCC GAC CGT AGA CAT CCC GAA AAC TAC GCC TAC GTC CAG ATT CTA TTC ACC GCG GGT CTA ACT GGT GGG GGT CCA ATT CAA TGG AAT CCC GGT GAG GAG TCG GGC GAA TAT AAT ATG CAA CAA CTG ATT CAA CGT CAT TTT GAG TCC GGG CCC AAC TTT GGT ACT CAC CTG AAT GGT TAC AGA ATT CTC CTA ATT CAT AAC AAC TTT GAA AGT CAA TTA TTG TTG GCT GTG GAC TAC GTC CCT TAC CTG AAG CAC TTC TGG AAC ATG GGT TTC AAT AAG GGT CTG CTG GAG AGA TGG CTG AAG TTG ATT TAC GGC CAT GAA ACT CGT ACA CCC ATG TTG TCC AAA ATT ATG GAT GCC TAC AAA ATA CTG CAA TGG CGT GAA AAC CCA GAG CCC TCC GCA GGT GTA AAG TGG TCC ACC GCC TAC AAC CTA TCG TTC AAG AGA GAT CCA ATG ACC GTC GGG CGT CAT GAA TTC AAT CCA AGT TTG GAA ATT GCA TCC TCC AAC GGT GGC TTC GCT ATA ACC AAG GAA GTC GAG ATT GAG ATT TAC ATG GTA TAC GCC AGA TAC TTC TAC ACC GCC AGA ATG TTC GTT AGG GGT ACC GCT ATG GAG AGT AGG CAA TTC GGT ACC TTG CCA TAC TAC AAC GTA TTA GTT ACG TGG TTT TAC ATG TCC AAG GCA ACC ACC AGT CTG GCA TTG CAT TCA AAG CCC CCC AGA CAT AAT AAG GTA AAG ACT AAG AAA ACT CGT AAC AAC AGA AAA AAT GGC AAC GAT CTG CCT CAA TAT CAT CAG GGC TTG CAA AGA GAT TGG TTG ATT GAG AGA AAC GCC ACG TCC CCA CTA GAA GAG TCT AGA GGT AGA AGT ATC AAT AGA ATT TCA TGG TAC GTG GTA CAA CTG AGG GTC ATC ATC CCC AGA ACC TAC GAC TTG CTA CTG CTG GTC ATA TAT GAT TTG TAC ATT ATT CAA ATT TGG TAC CTG AAA TTG TAC ATG GAG GAA CCA ATG TAC ATA GTA GTA AAT CTC TCC TTT AAC TTG GTC TTT TCT GTA AAA ATG AAC ATA ACC TGG AAA GAA ATA AAG ATG 
Smik                            CTG GAC TCC GCG TTG GCC GCT TGT GGT TTA TCG TAC TAT ATC ATG ATG AAG GAG GGT GAA ATC CTA TTA AAG GGT AAG CAA GTA CAG ACC CCC GGG GCC AAA AAA GAT CCT ACA ACC AAC GGT GGT CCC AGT CGC AGA CAT CCC GAA AAC TAT GCC TAC GTT CAA ATT TTG TTC ACT GCG GGT CTT ACT GGT GGG GGT CCG ATA CAA TGG AAC CCT GGT GAA GAG TCG GGG GAA TAT AAT ATG CAA CAA CTG ATA CAA CGT CAC TTC GAG TCC GGA CCC AAC TTT GGT ACT CAT CTG ACT GGT TAT AGA ATT CTG CTG ATC CAC AAC AAC TTC GAA AGT CAA TTA TTA TTA GCC GTG GAT TAT GTT CCC TAC TTG AAG CAT TTC TGG AAG ATG GGT TTC AAC AAA GGT CTA TTG GAG AGG TGG CTA AAG TTA ATT TAC GGT CAT GAA ACT CGG ACA CCC ATG TTG TCT AAA ATT ATG GAC GCC TAT AAG ATA TTG CAA TGG CGT GAA AAC CCA GAG CCC TCT GCA GGT GTG AAA TGG TCC ACT GCC TAT AAC TTA TCG TTC AAG AAA GAC CCA ATG ACC GTT GGA CGG CAT GAA TTC AAT CCA AGC TTG GAA ATT GCA TCC TCT AAG GGT GGG TTC GCT ATA ACC AAG GAA GTT GAA ATT GAG ATT TAC ATG GTA TAT GCA AGA TAT TTC TAC ACC GCA AGA ATG TTC GTT AGG GGT ACT GCC ATG GAA AGT AGG CAA TTC GGT ACC TTG CCA TAT TAT AAT GTA TTG GTT ACA TGG TTT TAT ATG TCT AAA GCC ACC ACC AGC CTG GCA TTA CAT TCA AAG CCC CCC AGA CAT AAT AAA GTA AAG GTT AAG AAA ACT CGT AAC AAT AGA AAG AAC GGT AAC GAC TTA CCT CAA TAT CAT CAG GGG TTG CAA AGA GAT TGG TTA ATT GAA AGA AAT GCT ACA TCC CCA CTT GAG GAG TCT AGA GGT AGA AGT ATT AAT AGA ATC TCA TGG TAC GTG GTA CAA TTG AGG GTT ATC ATT CCC AGA ACC TAT AGT TTA TTA TTA CTA GTT ATA TAT GAT TTA TAC ATT ATA CAA ATA TGG TAT TTG AAA CTA TAT ATG GAG GAA CCA ATG TAT ATA GTA GTA AAC CTT TCT TTT AAC TTG GTT TTC TCT GTA AAG ATG AAC ATA ACT TGG AAA GAA ATA AAG ATG 
Spar                            CTA GAC TCT GCG TTG GCC GCT TGT GGC CTA TCA TAT TAC ATC ATG ATG AAA GAG GGT GAA ATT TTG TTG AAG GGC AAG CAA GTT CAG ATG CCG GGA GCC AGA AGA GAT CCC ACA ACT AAC GGT GGT CCC GGT CGC AGA CAT CCG GAA AAC TAT GCC TAT GTT CAA ATC TTG TTC ACC GCG GGT CTT TCT GGC GGA GGT CCG ATA CAA TGG AAC CCC GGT GAA GAG TCG GGT GAA TAC AAT ATG CAG CAA CTA ATA CAA CGT CAT TTT GAG TCT GGT CCG AAC TTT GGT TCT CAT CTG ACT GGT TAT AGA ATC CTT CTG ATC CAT AAT AAC TTC GAA AGT CAA TTG TTG TTA GCC GTG GAC TAT GTC CCC TAT TTG AAG CAC TTC TGG AAT ATG GGT TTC AAC AAA GGT CTG TTG GAG AGA TGG CTG AAG TTA ATT TAC GGT CAT GAA ACT CGC ACG CCG ATG TTG TCT GCC ATT ATG GAT GCC TAT AAA ATA TTG CAA TGG CGT GAA AAC CCA GAG CCG TCC GCA GGT GTA AAA TGG TCT ACC GCC TAT AAC TTA TCG TTC AAG AGA GAT CCA ATG ACC GTT GGT CGC CAT GAA TTC AAT CCA AGT CTG GAA GTT GCA TCT TCC AAT GGT GGT TTC GCT ATA ATG AAG GAA GTT GAG ATT GAG ATT TAC ATG GTT TAC GCC AGA TAT TAT TAC ACT GCG AAA ATG TTT GTT AGG GGT ACG GCC ATG GAG AGT AGA CAA TTT GGT ACT TTG CCA TTT TAT AAT AAA TTG GTT ACA TGG TTT TTT ATG TCC AAA GCT ACC ACC AGT CTA GCA ATG CAT TCA AAG CCC CCG AGA CAC AAT AAG AAA AAG ATC AAA AAG AAT CGT AAC AAT AGA AAG AAC GGC AAC GAT TTA CCT CAA TAT CAT CAG GGT TTG CAA AAA GAT TGG TTA ATT GAA AGA AAT GCC ACA TCT CCA CTT GAA GAG TCT AGA GGC AGA AGT ATC AAT AGA ATT TCA TGG TAC GTG GTT CAA TTG AGA GTT ATC TTG CCG AGA ACC TAT GGT TTG TTA TTA CTG GTT ATA TAT GAC TTA CTA ATT ATA CAA ATA TGG TAT TTG AAA TTG TAC ATG GAG GAA CCA ATG TTT ATA AAA GTT AAC CTT TCT TTT AAC TTG GTT TTT TCT GTT AAG ATG AAC ATA ACC TGG AAA AAA ATA AAG ATG 
Ncas                            CTC GAT TCA GCG TTG GCT GCC TGT GGG TTA ACA TAC TAC CTC ATG ATG GGA GAA AGT GAA ATC TTG TTG AAG GGG AAG CAA GTG CAA ATG CCC GGT GCT AGA AGA GAT CCT ACT GCC AAC GGT GGT CCC AAT CGT AAG AAT CCG GAA AAC TAT GCC TAC GTC CAG ATT TTA ATG ACC GCG GGT CTC TCA GGG GGT GGT CCG ATC CAA TGG AAC CCT GGT GAA GAG TCC GGC GAA TAC AAT TTA CAA CAA CTC ATC CAA AAT CAC TTT GCT TCA GGG CCC AAC TTC GGT TCA CAT TTG CCA GGT TAC AGA ATT TTA TTA ATC CAC AAC AAC TTT GAA AGT CAA TTG TTG TTA GCA GTC GAT TAT GTC CCT TAC TTA AAG AAT TTC TGG AAC ATG GGT TTT AAT AAG AGT TTG TTA GAA AAG TGG TTG AAA TTA ATA CAC GGT TAC GAA ACA AGA ACA CCC ATG TTG TCA CAA ATA ATG GAC GCC TAT GAA AAA TTG CAA TGG AGA GAA AAC CCA GAA CCC TCT TCA GGT GTG AAA TGG TCA ACC GCC TAC AAC TTG TCC TTT AAG AGA TCC CCC ATG ACT GTC GGC AGA AAT GAA TTT AAT CCA AGT TTG GAA ATT TCA TCA TCT AAC GGA GGA ATG GCC ATA ATG CTG GAA GTC GAG ATT CAA ATT TAT ATG GTG TAC GCG AAT TAT TAT TAT GCC GCT AGG ATG TTC GTG AGG AGT ACC GCT ATG GAG AGT AGA CAA TTC GGT ACA TTG CCA TAC TAT AAC AAG TTG ATT ACG TGG CAT TAC ATG TCT AAG GCG ACT ACT AGT CTC TCA TTG CAT TCG AAG CCC CCC CGT TTA AAC AAA AAG AAA GTC AGA AAG GAT CGT AAT AAC AGA AAA AAT GGT AAT GAC TTG TCC CAA TAC CAT CAA GGC TTG CAA AAG GAT TGG TTA ATT GAA AGA AAC GCA ACG TCA CCA TTA GAA GAA TCA AGA GGT AAT AGT ATT AAC CGT ATT TCG TGG TAT GTT GTG CAA TTA AGA GTC CTC TTG CCC AGA ACA TAT AAT CTA TTG ATG TTG GTC ATC TAC GAT TTA ATA ATA ATC CAA ATC TGG TAT TTA AGA TTG TAC TTA GAA GAG CCA ATG TAC ATA AAG GTG AAC CTA TCA TTT AAC TTG GTT TTT AAC GTG AAA ATG AAC ATC ACC TGG AAG GAA ATA AAG ATG 
Cgla                            TTG GAC TCT GCA TTG GCT GCT TGT GGA GTG TCA TAT TAC CTG ATG ATG GAA GAG GGT GAA ATT TTG CTA AAA GGA AAG ATC GTA CAG ACC CCA GGA GCT AGA AGA GAT CCC ACT GCT AAT GGT GGT CCT GCT CGT TAT AGC CCA GAA AAC TAC GCC TAT GTG CAA ATC CTA TAC ACC GCA GGT TTA TCA GGT AGC GGT CCT GTT CAG TGG AAC CCC GGT GAA GAG TCC GGT GAA TAC AGC ATG CAA CAA TTG GTT CAA AAC CAC TTT CAG TCT GGG CCA AAC TTT GGT TCA CAC CTG GAA GGT TAT AGA ATC CTA TTA ATC CAC AAT AAC TTT GAA AGT ATC CTG CTA TTA GCA GTC GAC TAT GTG CCA TAT TTG AAG CAA TTC TGG AAT ATG GGT TTC AAG AAG GGT TTA TTG GAA AAG TGG TTA CAA TTA ATC CAT GGT TAT GAG ACG CGT ACA CCA ATG TTA TGT AAA ATC ATG GAC GCC TAC AAT AAT TTG CAA TGG AGA GAG AAC CCA GAG CCA TCA GCC GGT GTA AAG TGG TCT ACT GCC TAT AAC ATG TCC TTC AAG AGA TCT CCC ATG ACA GTT GGA CGT AGC GAA TTC AGC CCA AGC CTA GAA ATC GCC TCC TCG AAT GGT GGC TAC GCT ATT ACC AAA GAA GTC GAG ATT GAA ATT TAC ATG GTA TAC GCC AGA TAT TAC TAT GCT GCT AGA ATG TTT GTA AGA GGT ACT GCT ATG GAG AGT AGA CAA TTT GGT ACA TTG CCA TGG TAT AAC AAG TTA AGC ACA TGG TTT TGG ATG TCA AAG GCC ACA ACA AGC TTG GCC TTG CAT TCC AAG CCT CCA AGA AGA AAT AAG AAG AAG GTC CGT AAG ACA CGT AAT AAC AGA AAG AAC GGA AAT GAC TTG TCC CAA TAC CAT CAG GGT TTG CAA AAA GAT TGG TTA ATT GAA AGA AAC GCC ACA TCT CCA TCT GAG GAT TCT AGG GGC AGA AGT ATC AAT AGA ATT TCC TGG TAC GTG GTA CAG TTG AGA GTG CTG TTA CCA AGA ACT TAT GCT CTC ATG ATG TTA GTG GTA TAC GAT TTA TTA ATC GTT CAA GTT TGG TAT TTG AGA TTG TAC ATG GAG GAA CCA ATG TGG ATT AAG GTA AAC TTG TGT TTT AAC TTG GTG TTT TCT GTA AAG ATG AAT GTA ACC TGG AAG GAG ATT AAG ATG 
Agos                            CTG GAC TCG GCC CTG GCC GCC TGC GGG GTC ACA TAC TAC TTG ATG ATG CGT GAG GGC GAG ATC TTG CTA AAG GGG AAG CAG GTC CAG TCT CCG GGT GCC AGA AGA GAT CCA ACG ACC AAC GGG GGT CCC TCG CGC AGA CAC CCC GAG AAC TAT GCC TAC GTT CAG CTG CTA TAC ACG GCC GGC CTG TCG GGT GGT GGT CCA GTG CAG TGG AAC CCA GGT GAG CAG TCC GGG GAA TAC GCG TTG CAG CAG CTG GTG CAA CGG AAC TTT AAG TCG GGC CCG AAC TTC GGT TCG CAT CTT ACG GGT TAC AGA CTG GAG CTG ATC AAC AAC AAC TTT GAG AGC CAG CTC CTA TTA GCA GTT GAT TAT GTT CCT TAC CTA AAG GCC TTC TTC AAC ATG GGT TTC GAA AAG GGC CTG CTA GAG AAA TGG CTG AAG TTA ATT CAT GGG TAC GAG ACC CGG ACC CCG ATG TTG GAG CGG ATT ATG GAT GCC TAT AGA ATA CTG CAG TGG CGC GAG AAC CCA GAG CCG TCC GCG GGA GTC AAA TGG TCG ACC GCC TAC AAT CTG TCC TTC AAG AGA GTT CCC ATG ACG GTA GGG CGG CAC GAG TTC GCG CCA AGC CTG GAG ATC GCG TCG TCG AAC GGC GGC TAC GCC ATT TCT AAG GAA GTG GAG ATT GAG ATT TAT ATG GTC TAC GCG CGG TAC TAT TAT ACC GCC AAA ATG TTC GTC CGC GGC ACG GCC ATG GAG AGC CGC CAG TTC GGA ACC TTG CCA TAT TAT AGC AAA GTG ATT ACG TGG TTC TAT ATG TCC AAG GCA ACG ACG GGG CTG GCG CTA CAC TCC AAG CCC CCG CGT CAT AAC AAG AAA AAG GTG CAC AAA AAC CGG AAC AGC AGA AAG AAC GGG AAC GAT CTG CCT CAG TTC CAC CAG GGG TTG CAA AGG GAT TGG TTA ATT GAG AGA AGC GCG ACG TCG CCT ACA GAG GAA TCG AGG GGC CGG AGC GTC AAC CGT ATT TCC TGG TAT GTA GTC CAG CTA CGC GTT TTG ATT CCG AGA ACG TAT TCG CTC CTG ATG CTG GTT GTG TTC GAA TTA TAC ATT GTG CAG GTG TGG TAC CTA AAG TTG TAC TTG GAG GAG CCA ATG TAT ATT AAA GTC AAC TTG GAG TTT AAC TTG GTG TTC TCT GTC AAG ATG AAC GTG ACG TGG AAA GAG ATT AAG ATG 
Klac                            TTG GAC TCC GCC TTG GCT GCT TGT GGC TTA ACC TAC TAC TTA ATG ATG GAT GAA GGT GAA ATT TTG CTG AAG GGC AAG CAA GTC CAG ATG CCT GGC GCT AGA AGA GAT CCA ACT TCA AAC GGT GGG CCA ACG CAG AAT TTC CCA GAA AAC TAT GCT TAC GTT CAA TTG TTG TAC ACT GCC GGT CTG TCC GGT GGT GGG CCA ATA CAA TGG AAT CCA GGT GAA CAA TCA GGT GAA TAC ACA ATG CAA CAA TTG ATA CAA CGC AAT TTT AGA TCC GGA CCT AAC TTT GGG TCC CAC TTA ACT GGT TAT AGA TTG GAA TTG ATC AAT AAT AAC TTT GAA AGT CAA TTG CTG CTA GCT GTT GAT TAT GTT CCT TAC CTA AAG AAT TTC TGG AAT ATG GGG TTC CAC AAG GGT TTA CTA GAA AGA TGG TTA AAG CTA ATT ACC GGT CTT GAA ACA AGA ACT CCT ATG ATT GAG AAG ATT ATG GAT GCT TAT AAC TTA TTG CAA TGG CGC GAA AAC CCA GAA CCT TCA GCC GGT GTT AAG TGG TCC ACT GCT TAC AAC TTG TCA TTC AAG AGA TCG CCA ATG ACA GTT GGA AGA TTC GAA TTC ACA CCA AGT TTG GAA ATC GCC TCT TCG AAT GGT GGC TAC GCT ATA ATG AAA GAA GTC GAA ATT GAA ATT TTT ATG GTC TAC GCG AGA TAT TAC TAC TCA GCT AGA ATG TTT GTA CGT GGT ACC GCT ATG GAA AGT AGG CAG TTT GGT ACC TTG CCA TTT TAT TCA AAA CTA ACT ACG TGG TTT TTT ATG TCA AAG GCC ACA ACA GGC TTG GCC TTG CAT TCT AAG CCA CCT AGG CAT AAC AAG AAA AAG GCA ACC AAG AAC CGC AAT TCA AGA AGA AAC GGT AAT GAT TTG CCA CAA TAC CAT CAG GGT TTG CAA AAA GAT TGG CTA ATT GAA AGA TCA GCT ACG TCC CCA TCT GAA GAC TCA AGA GGT AGA AGT ATT AAC AGG ATT TCT TGG TTT GTT GTC CAA CTA AGG GTT TTA CTG CCT AGA ACA TAT ACG CTT TTG TTT TTA GTT GTT TAC GAT CTA ATG ATT ATA CAA ATA TGG TAT CTA AAA TTG TAC ATG GAA GAG CCA ATG TTT ATA AAA GTC AAT CTT GAG TTT AAC TTG GTG TTC GTA GTC AGA ATG AAC GTT ACT TGG AAA GGT ATA AAA ATG 
Calb                            TTA GAC GCA GGT TTG GCC GCC TGT GGA AAA ACT TAT TAC TTG ATG ATG GGA GAA GGT GAA ATT TTG TTA AAA GGA AAG AAA GTT CAA ATG CCA GGA GCC AGA AGA GAT CAT ACC TCT AAT GGT GGT CCA AAC CAA GCT CAT CCC GAA AAC TAC GCC TAT GTT CAA TAC TTA TAC ACA GGT GGT TTA TCT GGT GGT GGT CCA ATC CAG TGG GCA CAT GGT GAA CAA TCA GGC GAA TAT GAC TTA CAA CAA TTA ATC CAA AGG CAT TTT GAA GCA GGG CCA AAC TTC GGT TCT CAT TTG TCG GGT TAT AGA TAC GAA TTA ATT CAT CAA AAC TTT GAG TCA AAA TTG TTA TTG GCA GTC GAT TTT TAC GAT TAT TTG AAA AAC TTT TGG AAT ATG GGT TTC CAT ACA GGT TTG TTG GAA ATT TGG TTG ATG TTG ATA AAT GGT AAA GAA ACA CGA ACA CCA ATG ATT GAA AAA ATA ATG GAT GCC TAC CTG ATT TTG CAG TGG AGA GAA AAC CCA GAA CCA TCT TCA GGT GTT TTA TGG GCA ACT GCC TAT GAT TTA TCA TTC AAA AGA AAA CCA ATG ACT GTT GGA CGA CAT GAA TTC GAC CCA ACT TTG GAA ATC TCA TCT AGT AAT GGT AAA TAC GCC TTA ATG CAA GAA GTG GAA ATC AAA ATC TAC ATG GTT TAC TCT CGG TAT TAC TAT TCT GGA AAG ATG TTT ATT AAG GGT ACC GCC ATG GAA TCA CGA CAA TTT GGT ACA TTA CCA TAT TTT AGT AAA CTC ATT ACT TAC AAT TAT ATG TCT ACA ACC ACT ACT GGT TTA TCA TTA GCC AGT AAA CCA CCA AGA ATT TGT AAA AAA AAA CGT GAA AAG ACA AAA AAT AGT AGA AGA AAT GGT AAT GAT TTA TCC CAA TTT GCC CAA GGC TTG CAA AGA GAT TAC TTG ATC GAA AGA AGT GCA ACT GCA AGA TTA GAA CAA TCA AGA GGT CGG TCA ATC AAT AGA ATA AGT TGG TAC GTT GTT CAG TTG CGA GTT TTG ATT CCA AGA AAC TTT AAC TTG TTA TTT TTG GTT GTC TTT GAC TTG TTG ATA ATC CAG ATC TAC TAT TTG TAT TTG TAC TTA GAA GAA CCA ATG TAT TTA AAA GTT GCA TTG GAA TTC AAC TTG ATA TTT ATT GTT AGA ATG AAT GTC ACA TGG AAA GAG TTA AAA ATG 



Printing out site pattern counts


         9        705  P

Scer                            AAA AAA AAA AAA AAA AAA AAA AAA AAA AAA AAC AAC AAC AAC AAC AAC AAC AAC AAG AAG AAG AAG AAG AAG AAG AAG AAG AAT AAT AAT AAT AAT AAT ACA ACA ACC ACC ACC ACC ACC ACC ACT ACT ACT ACT ACT AGA AGA AGA AGA AGA AGA AGA AGA AGA AGA AGC AGT AGT ATA ATA ATA ATC ATC ATC ATG ATG ATG ATG ATT ATT ATT ATT ATT ATT ATT CAA CAA CAA CAA CAA CAA CAA CAA CAA CAC CAC CAG CAT CAT CAT CAT CAT CCA CCA CCA CCC CCC CCC CCG CCG CCG CCT CGC CGC CGT CGT CGT CTA CTA CTG CTG CTG CTG CTG CTG CTT CTT CTT GAA GAA GAA GAA GAA GAA GAA GAA GAA GAC GAC GAC GAG GAG GAG GAG GAG GAG GAT GAT GAT GCA GCA GCC GCC GCC GCC GCT GCT GCT GCT GGA GGC GGC GGC GGC GGC GGC GGG GGT GGT GGT GGT GGT GGT GGT GGT GGT GGT GTA GTC GTG GTG GTG GTG GTT GTT GTT GTT GTT GTT TAC TAC TAC TAC TAC TAT TAT TAT TAT TAT TAT TAT TAT TAT TCA TCA TCC TCC TCC TCT TCT TCT TCT TCT TCT TGG TGG TGG TGT TTA TTA TTA TTA TTA TTA TTA TTC TTC TTC TTC TTC TTG TTG TTG TTG TTG TTG TTG TTG TTG TTT TTT TTT TTT TTT 
Sbay                            ... ... ... ..G ..G ..G ..G ..G ..G GT. ... ... ... ... ..T ..T ..T ..T ..A ..A ... ... ... ... ... ... .GA ..C ..C ..C ... ... .C. ... ..G .AA .AT ... ... ... ... ..A ..C ..C ..C ... ... ... ... ... ... ... ... ... ..G ..G ..T ... ... ... ... ..T ... ..T ..T .CC ... ... T.. .C. ..A ..C ..C ... ... ... ... ... ... ... ... ... ... ..G ..G ..T ..T ..A ..C ..C ... ... ... ... ... ..T ... ... ... ..A ..A ..C ... ..T ..T ... ... ... ..G T.G ..A ..C ... ... TAC T.. ..A ..A ..C ... ... ... ... ... ... ... ..G ..G ... ... ..T ... ... ... ... ... ... ... ... ... ..C ..G ... ... ... ..T ..A ..A ... ... ..G ... ... ... ..G ..T ..T ..A .AC ..C ..C ..G ... ... ... ... ... ... ... ... ..A ..C ... ... A.. ..C ..C ..C ... ... ... ... ... ... ..T ..C ..C ..C ..C ..C ..C ..C ... .TC ... ..G ... ... ... A.. ..C ..C ..G ... ... ... ... ... ... A.C C.. C.G C.G C.G ... ..G ... ... ... ... ..T C.A C.. ..A ... ... ... ... ... ... ... ... ... ... ... 
Smik                            ... ... ..G ... ... ... ..G ..G ..G GT. ... ... ... ... ... ... ... ..T ..A ... ... ... ... ... ... ... .GA ..C ..G ... ... ... .C. ... ... .AA ..T ... ..T ..T ..T ..A ..C ..C ..C ... .A. ... ... ... ... ... ... ..G ..G ..G ... ..C ... ... ... ... ... ... ..T .CC ... ... T.A G.. ..A ..C ... ..C ... ... ... ... ... ... ... ... ... ... ..G ..T ..T ..A ... ... ..C ... ... ... ... ..C ... ... ..T ..A ... ..C ... ... ..G ... ... ... ..G T.. ... ... ..A ... TAC T.A ... ... ... ... ... ... ... ... ... ..G ... ..G ... ..T ..T ..A ... ... ... ... ... ..C ..C ... ... ..G ..A ... ..T ... ..A ..C ..C ... ... ..T ..T ..T ..G ..T ..T ... A.. ..G ..G ..A ... ... ... ... ... ... ... ..T ... ..T ... ... A.. ... ... ... ... ... ... ... ... ..T ..T ..C ... ... ... ... ... ... ... .TC ... ..G ..T ..T ..T A.. ..C ..C ..G ... ... ... ... ... ... A.T ... ... ... ..G ... ... ... ... ... ... ... ... ... ... C.A ..A ... ... ... ... ..C ..C ... ... ... 
Spar                            ... ..G ... ... ... ..G ... ..G ..G ... ... ... ... ... ... ... ... ..T ..A ... ..A ... ... ... ... ... ..A ... ... ... ... ... ... ... ... G.. ..T ... ... ... ..G ..G ..C ... ... ... ... .A. ... ... ... ... ... ... ... ..G ..T ... ... ... ... ... ... ... ..T ... ... ... ... ..C ..A ... ..C ... ..C ... ... ... ... ... ... ... ..G ... ..G ... ..T ..A ..C ... ... ... ... ... ... ..C ... ..G ... ..A ... ... ... ... ... ... ... ... ... ... ... ..T ... ... ..A T.. ... ... ... A.. ... ... ... ... ... ... ... ..G ... ... ... ... ... ... ... ... ... ... ... ... ..G ..G ... ... ... ... ..A ... ..C ... ..T ... ... ..T ..A ... ..T ..A ... ... ... ... ..C ... ... ... ... ... ..T ... ..A ..T ... ... ... ... ... ... ... ... ... ... ... ... ... ... ... ... ... ... ... .T. ... ... ... ... ... ... ..T ... ... ... ..G ... ... ... ... ... ... ..G ... ... ... ..G ..G ... ... ... ... ..T ... ... ... ... ... ... C.. ... ... ... ... ... ... ... ... 
Ncas                            .G. ..G G.. ... ..G ... GG. ... ..G ..G ... ... ... ..T ... ..T ..T ..T ... ..A .GA ..A ... ... ... CT. .G. ..C ..C ..C ..C ..C G.. ..T ..G CAA C.A ..A ... ... ... ..A ... ..A G.C ..A ... .AG .AG .AT ... ... C.T .AG ... ..G ..T ... ... .A. ..C ..C C.. ... ..T ... ... T.A T.. G.C ..A ..C ... ... ... ..A ... ... ... ... ... ... ... ..G ... TTA ..T ..A A.. ... ..C A.. T.C ... ... ..T ... ..G ..T ..C ... ..C T.C ..T A.A AA. A.A ... ..C T.. T.A T.A T.. T.. A.A T.. ..C T.A ..A ... ... ... ... ... ..G ... ... .CT ..T ..T ..T ... C.A ..A ..A ..A ... ..C TCC ... ..T ..G ..G ... ..A ..T T.A ..G ..A ..C ..G ..G ..T ..T ..T ..T ..A ..T AA. ..A ..C ..C ..G A.. ... ... ... ... ..G ... ... ..T ..C ..T A.. ..C ..C ..C A.. ..G C.. ..T ..T ... ... ..C ..C ..C ... ... ... ..C ..C ... ..G A.. ..T ..T ..A ..A ..A ..A ..C AAC ..A ... ... ... ... ..G ..G A.G ..G ... ..G ... A.G ... ..T ... ..T ..A ... ... ... C.A ... ... ... ... ... ... CA. ..C ... 
Cgla                            .G. ..G ..T ..G ..G ..G G.. C.. ..G ..G ... ... ..T ..T ... ... ..G .G. ... ... CGT ... ..A ... ... ..A .GA ... ... ..C ... ... .CA ..T ... .AA GAA ..T ... ..T ..T ..A ..A ..A G.. ..G ... .A. TAT ... ... ..G ... .AG ... ... ... ..C ... .AT G.. G.T C.G ... ..T .CC ... ... T.. G.C ... ... ..C ... ..C ..C ATC ... ... ... ... ..G ... ... ..G AGA ..T ..A ..A ..C ..C AGC T.. ... ... ... ..T ..A ... ..C ..T ..A T.C ..T ..T AAC A.A ... T.G G.G T.A ..A T.A ... T.A ..A T.A TC. T.G ..G ... ... ... ..G ... ..G ... C.G ... ... ..T ... ..A ..A ... ..T ... ..C TC. ... ..T ... ... ... ... ..T ..C ..C ..A ... ..G ..A ..A ..T A.. ... ..T ..A .C. ..C ... ..A ... ... ... ... ... ... ... ..G ..A ... ..C ... A.C ..C ..G ... AGC ..A C.T ... ..T ... ... ... ... ... ..C ... ... .GG ..C ..C ..C ... ..A ..G .GT ..A ..C ... ..C ... ... ... ... ... ... ... A.G A.G ..G ..G C.G ... .A. ... ... ..T ..T C.A ... ..A ... C.C C.A ..A ... ... ... ... ... ... ... 
Agos                            ..G ... .G. ... ..G ..G CGT ..G ..G ... ... ..T ... ... ... ... G.A GCG ..A ... C.C ... ... ... ... ... ..A ..C ..C .GC ..C ..C ..C ..G ..G CGG ..G ..G ..G ... ..G ..C ..G ..C ..C ..C ... ..G ... C.G ... ..G C.T .A. C.C C.C G.G ..C ..C ... G.G G.G T.G ... ..T TCT ... T.. C.A G.G ... ..C G.C ... C.G ... ..G ... ..G ..G ..G ..G ..G ..G ..G ..T ... ... GCC ... A.C ..C T.C ... ..T ..T ... ... ..A ..C ..A ... ... ... ..G ..G ..C ..G ..G G.C ... GA. ... ..T TAC ..A ..G ACA T.G ..G ... ..G ..G ..G ..G ..G ..G A.G ... ..T ..A ... ... ... ... ..A C.. ... .T. ... ..C ..C ..G ... ..G ... ..G ..A ..A ..C ..C ..G ..G ..G ..T ... ... ..T TCG ..C ..G ..G ... ..C ..A ..C ... ... ..C ..T ..C ... ..T ..A A.C ..G ... ..A A.. ..C C.T ..T ..T ... ... ..C ..C ..C ... ..C ... ... .TC ... ..C A.. ... ..G GAG ..G ..G ..G ..C ... ..G ... ... .TC ..C A.T C.G A.G C.G C.. C.C ... .A. ... ... ... ..T C.A C.. G.. ... C.C C.. ... ... ... ..C ... ..C ..C ... 
Klac                            ... ..G ..C ..G ..G ..G G.T ..G ..G ... ... ... ... ..T ..T ... C.. .CA ..A .GA .CC ... ... ..A ... ..A .GA ... ... TCA ..C ..C ..C ..T ..G .AG ..T ..A ..T ..T ... ... ..A ..C T.A ..A ... .A. .AT ... ... ... ..G ... ..G C.T G.. ... ... T.. G.T ... T.A ... ..T ... ... ... T.. GCA ..A ... ... ... T.G ... ... ... ... ... ..G ... ... ... ..G ..T ..T ..A A.. ..C A.. TTC .T. ... ... ..T ..A ..A ..A ..A ..A ..T ..A .AG A.A ..C ..C ..C T.G T.. T.. GAA T.A T.A A.. ... ..G TC. ... .GT ... ... ... ... ..G ... ... AG. ... ..T ..T ..A ..A ..A ..A ..C C.A ... TCG ... ..T ..C ..G ..T ..T ..T ..C ..C ... ... ... ... ..T ..T ..T ..T ..T ..C ACG ..C ... ..A ... ... ... ... ..G ... ..C ..T ..T ... ..T ..T A.C ..C ... ... AC. ..A AC. .TT ... ... ... ..C ..C ... ... ... ... .T. ..C ..C ..T A.C ..A ..G GAG ..C ... ..C ..A GTA ..A ... ... ... ... C.G ..G ..T ..G C.. ..G C.. .A. ... ... ..T ..T ... ... C.A ... C.T ... A.T ... ... ..C ... ... ... ... 
Calb                            T.T ..G CTG TT. .C. ... GG. .TG ... ... ... G.T ..T ..T GCA ..T C.T G.. ..A .GA G.A ..A ..A ..A ... C.A ... C.A ... .G. ... TG. .CA ..C ..T .AA T.G .A. ..A ..T ... ..A ... ..A T.. ..A ... ... GCT C.G ... ... ... .TT C.. .AG G.T .C. TCA ..T G.C ..C T.G ..T ... ... ... T.A T.A CG. T.A ... ..C ..A TAC ..A A.. ... ... ..G ... ..G ... ... ... ATT GC. ..A A.C ... ... ... A.A ... AG. GAT ..A ... .AT ..A ..A ..A T.C .AA ..A A.G A.A AAA T.. AA. T.A GAA T.. T.. T.. T.A T.A T.A T.G ..G ... ... ..G ... ... ... ... ... ... ..T ... ..A A.A ..A ..A C.A C.A ... A.A ... .G. .GT T.T ... ..A ... T.A A.C ..A ..C ..G ..A ..T ..T ..T ..T ..T ..A AAC AAA ..C ..A ... ... ... ... ... ... ..T TA. ..T A.A ..C ..T A.C ..G ... ... A.. A.. A.T ... ..T ... ..T ... ... ... ..C ... .T. ... .T. ..C AGT A.T ..T AGT GAA ... ... G.A ..A AT. ..A .AC ... ... ... A.T ... ..T ... ..G ..G ..G .A. ..T ... ..T ..T ..A ... C.C ... ... ... A.T ..A ... ... ... AA. ..C ..C 

    1    1    1    1    2    1    1    1    3    3    5    1    2    2    2
    1    1    2    1    2    1    1    1    1    1    1    1    1    2    3
    1    1    1    1    2    1    1    1    2    1    1    1    3    1    2
    1    3    1    1    2    4    1    2    1    2    1    1    1    3    1
    2    4    2    1    3    2   13    2    1    1    3    1    1    1    2
    3    2    2    1    2    1    2    1    1    2    1    2    1    1    1
    2    2    1    4    1    1    2    1    2    1    1    6    1    1    2
    1    1    1    3    1    1    1    3    1    1    2    1    1    1    1
    2    3    1    2    1    1    3    1    1    1    1    2    1    1    3
    1    1    2    1    2    1    2    1    3    1    3    3    1    1    2
    1    2    1    2    1    1    1    1    2    1    2    1    1    3    2
    1    4    2    5    1    1    1    1    1    1    1    3    1    1    1
    1    2    1    3    1    3    1    1    2    2    3    3    2    1    2
    1    2    1    2    2    1    4    2    1    1    3    6    1    1    1
    2    1    1    4    1    4    2    1    3    2    1    1    2    1    2
    1    1    1    1    2    1    1    1    1    1

CODONML (in paml version 4.9j, February 2020)  temp.nuc
Model: One dN/dS ratio, 
Codon frequency model: Fequal
ns =   9  ls = 394

Codon usage in sequences
--------------------------------------------------------------------------------------------------------------------------------------
Phe TTT   5   6   3  10   7   8 | Ser TCT  11   2   7  11   3   8 | Tyr TAT  18   3  18  15  11  13 | Cys TGT   1   1   1   1   1   3
    TTC   9   9  12   7   4   4 |     TCC   5  10   5   3   4   6 |     TAC   8  23   8   8  15  13 |     TGC   0   0   0   0   0   0
Leu TTA  14   2  14   8  16  13 |     TCA   3   2   2   3  13   5 | *** TAA   0   0   0   0   0   0 | *** TGA   0   0   0   0   0   0
    TTG  12  16  13  19  22  17 |     TCG   0   3   3   2   2   1 |     TAG   0   0   0   0   0   0 | Trp TGG  10  10  10  10  10  13
--------------------------------------------------------------------------------------------------------------------------------------
Leu CTT   3   0   3   4   0   0 | Pro CCT   1   2   3   1   3   3 | His CAT   7   8   8   8   4   3 | Arg CGT   3   6   3   3   4   5
    CTC   0   2   0   0   6   1 |     CCC   5  11  10   5   9   3 |     CAC   3   2   2   2   3   3 |     CGC   3   0   1   3   0   0
    CTA   4   6   5   5   2   5 |     CCA   6   7   6   6   6  13 | Gln CAA  14  12  13  12  16  11 |     CGA   0   0   0   0   0   0
    CTG   9  15   6   6   1   4 |     CCG   8   0   1   8   2   0 |     CAG   1   3   2   3   1   5 |     CGG   0   0   2   0   0   0
--------------------------------------------------------------------------------------------------------------------------------------
Ile ATT  12  15  11   8   9   8 | Thr ACT   8   5   9   5   4   4 | Asn AAT   9   9   7  11  14  11 | Ser AGT   4   5   5   5   8   3
    ATC   6   5   5   7   8  10 |     ACC   7  13   9   7   4   4 |     AAC  16  16  15  14  19  13 |     AGC   1   0   2   0   0   8
    ATA   7   6  10  10   7   0 |     ACA   3   2   4   3   5   8 | Lys AAA  15   7  11  14   7   4 | Arg AGA  18  16  12  16  15  18
Met ATG  18  15  15  18  18  18 |     ACG   0   2   0   2   2   1 |     AAG  10  15  16  13  16  19 |     AGG   0   3   4   1   2   1
--------------------------------------------------------------------------------------------------------------------------------------
Val GTT   8   2  10  14   2   5 | Ala GCT   7   6   3   3   5  10 | Asp GAT   5   6   4   5   6   4 | Gly GGT  19  15  20  22  15  18
    GTC   1   7   0   1   8   3 |     GCC   8   6   8  10   7   9 |     GAC   3   4   4   3   2   4 |     GGC   8   8   0   5   3   2
    GTA   5   9   8   1   0   9 |     GCA   3   4   5   3   2   3 | Glu GAA  15  11  15  13  19  14 |     GGA   1   1   2   2   3   5
    GTG   4   2   3   2   7   7 |     GCG   0   2   2   3   4   0 |     GAG   9  13   9  10   4  10 |     GGG   1   3   5   0   4   1
--------------------------------------------------------------------------------------------------------------------------------------

--------------------------------------------------------------------------------------
Phe TTT   3  13  12 | Ser TCT   3   4   8 | Tyr TAT  12   8  13 | Cys TGT   0   1   2
    TTC  12   7   5 |     TCC   6   6   1 |     TAC  15  14  16 |     TGC   1   0   0
Leu TTA   4   8  20 |     TCA   0  10   9 | *** TAA   0   0   0 | *** TGA   0   0   0
    TTG  11  20  25 |     TCG  11   2   1 |     TAG   0   0   0 | Trp TGG   9  10   7
--------------------------------------------------------------------------------------
Leu CTT   1   3   0 | Pro CCT   3   7   0 | His CAT   3   3   8 | Arg CGT   3   1   1
    CTC   2   0   1 |     CCC   4   0   1 |     CAC   5   2   0 |     CGC   5   3   0
    CTA   8   9   0 |     CCA   7  13  14 | Gln CAA   2  13  14 |     CGA   0   0   4
    CTG  16   4   1 |     CCG   6   0   0 |     CAG  14   4   4 |     CGG   7   0   2
--------------------------------------------------------------------------------------
Ile ATT  12  10  10 | Thr ACT   0   7   8 | Asn AAT   1  11  10 | Ser AGT   0   4   6
    ATC   3   2   9 |     ACC   6   5   3 |     AAC  20  13   9 |     AGC   7   0   0
    ATA   1   7   5 |     ACA   2   7   8 | Lys AAA   8   8  20 | Arg AGA   9  17  15
Met ATG  14  18  16 |     ACG  11   4   0 |     AAG  16  13   4 |     AGG   2   4   1
--------------------------------------------------------------------------------------
Val GTT   6  10  11 | Ala GCT   0  11   1 | Asp GAT   5   7   7 | Gly GGT   9  18  22
    GTC   9   6   3 |     GCC  12   6  10 |     GAC   1   2   4 |     GGC   8   5   2
    GTA   2   2   0 |     GCA   2   1   8 | Glu GAA   5  20  23 |     GGA   2   2   6
    GTG  10   1   1 |     GCG   7   1   0 |     GAG  22   3   2 |     GGG   9   4   1
--------------------------------------------------------------------------------------

Codon position x base (3x4) table for each sequence.

#1: Scer           
position  1:    T:0.24365    C:0.17005    A:0.34010    G:0.24619
position  2:    T:0.29695    C:0.19036    A:0.33756    G:0.17513
position  3:    T:0.30711    C:0.21066    A:0.27411    G:0.20812
Average         T:0.28257    C:0.19036    A:0.31726    G:0.20981

#2: Sbay           
position  1:    T:0.22081    C:0.18782    A:0.34010    G:0.25127
position  2:    T:0.29695    C:0.19543    A:0.33503    G:0.17259
position  3:    T:0.23096    C:0.29442    A:0.21574    G:0.25888
Average         T:0.24958    C:0.22589    A:0.29695    G:0.22758

#3: Smik           
position  1:    T:0.24365    C:0.16497    A:0.34264    G:0.24873
position  2:    T:0.29949    C:0.19543    A:0.33503    G:0.17005
position  3:    T:0.29188    C:0.20558    A:0.27157    G:0.23096
Average         T:0.27834    C:0.18866    A:0.31641    G:0.21658

#4: Spar           
position  1:    T:0.24619    C:0.16751    A:0.34010    G:0.24619
position  2:    T:0.30457    C:0.19036    A:0.33249    G:0.17259
position  3:    T:0.31980    C:0.19036    A:0.24365    G:0.24619
Average         T:0.29019    C:0.18274    A:0.30541    G:0.22166

#5: Ncas           
position  1:    T:0.27411    C:0.14467    A:0.35025    G:0.23096
position  2:    T:0.29695    C:0.19036    A:0.34772    G:0.16497
position  3:    T:0.24365    C:0.23350    A:0.28173    G:0.24112
Average         T:0.27157    C:0.18951    A:0.32657    G:0.21235

#6: Cgla           
position  1:    T:0.26396    C:0.14213    A:0.32995    G:0.26396
position  2:    T:0.28426    C:0.19797    A:0.32234    G:0.19543
position  3:    T:0.26904    C:0.21066    A:0.27411    G:0.24619
Average         T:0.27242    C:0.18359    A:0.30880    G:0.23519

#7: Agos           
position  1:    T:0.22081    C:0.21827    A:0.28426    G:0.27665
position  2:    T:0.28934    C:0.20305    A:0.32741    G:0.18020
position  3:    T:0.15482    C:0.29442    A:0.13198    G:0.41878
Average         T:0.22166    C:0.23858    A:0.24788    G:0.29188

#8: Klac           
position  1:    T:0.26142    C:0.15736    A:0.32995    G:0.25127
position  2:    T:0.30457    C:0.21320    A:0.30711    G:0.17513
position  3:    T:0.29949    C:0.18020    A:0.29695    G:0.22335
Average         T:0.28849    C:0.18359    A:0.31134    G:0.21658

#9: Calb           
position  1:    T:0.30203    C:0.12690    A:0.31472    G:0.25635
position  2:    T:0.30203    C:0.18274    A:0.34010    G:0.17513
position  3:    T:0.30203    C:0.16244    A:0.37056    G:0.16497
Average         T:0.30203    C:0.15736    A:0.34179    G:0.19882

Sums of codon usage counts
------------------------------------------------------------------------------
Phe F TTT      67 | Ser S TCT      57 | Tyr Y TAT     111 | Cys C TGT      11
      TTC      69 |       TCC      46 |       TAC     120 |       TGC       1
Leu L TTA      99 |       TCA      47 | *** * TAA       0 | *** * TGA       0
      TTG     155 |       TCG      25 |       TAG       0 | Trp W TGG      89
------------------------------------------------------------------------------
Leu L CTT      14 | Pro P CCT      23 | His H CAT      52 | Arg R CGT      29
      CTC      12 |       CCC      48 |       CAC      22 |       CGC      15
      CTA      44 |       CCA      78 | Gln Q CAA     107 |       CGA       4
      CTG      62 |       CCG      25 |       CAG      37 |       CGG      11
------------------------------------------------------------------------------
Ile I ATT      95 | Thr T ACT      50 | Asn N AAT      83 | Ser S AGT      40
      ATC      55 |       ACC      58 |       AAC     135 |       AGC      18
      ATA      53 |       ACA      42 | Lys K AAA      94 | Arg R AGA     136
Met M ATG     150 |       ACG      22 |       AAG     122 |       AGG      18
------------------------------------------------------------------------------
Val V GTT      68 | Ala A GCT      46 | Asp D GAT      49 | Gly G GGT     158
      GTC      38 |       GCC      76 |       GAC      27 |       GGC      41
      GTA      36 |       GCA      31 | Glu E GAA     135 |       GGA      24
      GTG      37 |       GCG      19 |       GAG      82 |       GGG      28
------------------------------------------------------------------------------


Codon position x base (3x4) table, overall

position  1:    T:0.25296    C:0.16441    A:0.33023    G:0.25240
position  2:    T:0.29724    C:0.19543    A:0.33164    G:0.17569
position  3:    T:0.26875    C:0.22025    A:0.26227    G:0.24873
Average         T:0.27298    C:0.19336    A:0.30805    G:0.22561

Codon frequencies under model, for use in evolver (TTT TTC TTA TTG ... GGG):
  0.01639344  0.01639344  0.01639344  0.01639344
  0.01639344  0.01639344  0.01639344  0.01639344
  0.01639344  0.01639344  0.00000000  0.00000000
  0.01639344  0.01639344  0.00000000  0.01639344
  0.01639344  0.01639344  0.01639344  0.01639344
  0.01639344  0.01639344  0.01639344  0.01639344
  0.01639344  0.01639344  0.01639344  0.01639344
  0.01639344  0.01639344  0.01639344  0.01639344
  0.01639344  0.01639344  0.01639344  0.01639344
  0.01639344  0.01639344  0.01639344  0.01639344
  0.01639344  0.01639344  0.01639344  0.01639344
  0.01639344  0.01639344  0.01639344  0.01639344
  0.01639344  0.01639344  0.01639344  0.01639344
  0.01639344  0.01639344  0.01639344  0.01639344
  0.01639344  0.01639344  0.01639344  0.01639344
  0.01639344  0.01639344  0.01639344  0.01639344


TREE #  1:  (((((1, 4), (3, 2)), 5), 6), ((7, 8), 9));   MP score: 1204
This is a rooted tree.  Please check!
lnL(ntime: 16  np: 18):  -6417.452919      +0.000000
  10..11   11..12   12..13   13..14   14..1    14..4    13..15   15..3    15..2    12..5    11..6    10..16   16..17   17..7    17..8    16..9  
 0.178830 0.100824 0.357325 0.089347 0.171846 0.098929 0.174703 0.198159 0.336341 0.830838 0.827085 0.142261 0.124534 1.185390 0.754391 2.305567 1.869754 0.056930

Note: Branch length is defined as number of nucleotide substitutions per codon (not per neucleotide site).

tree length =  7.876372

(((((1: 0.171846, 4: 0.098929): 0.089347, (3: 0.198159, 2: 0.336341): 0.174703): 0.357325, 5: 0.830838): 0.100824, 6: 0.827085): 0.178830, ((7: 1.185390, 8: 0.754391): 0.124534, 9: 2.305567): 0.142261);

(((((Scer: 0.171846, Spar: 0.098929): 0.089347, (Smik: 0.198159, Sbay: 0.336341): 0.174703): 0.357325, Ncas: 0.830838): 0.100824, Cgla: 0.827085): 0.178830, ((Agos: 1.185390, Klac: 0.754391): 0.124534, Calb: 2.305567): 0.142261);

Detailed output identifying parameters

kappa (ts/tv) =  1.86975

omega (dN/dS) =  0.05693

dN & dS for each branch

 branch          t       N       S   dN/dS      dN      dS  N*dN  S*dS

  10..11     0.179   855.7   326.3  0.0569  0.0107  0.1879   9.2  61.3
  11..12     0.101   855.7   326.3  0.0569  0.0060  0.1059   5.2  34.6
  12..13     0.357   855.7   326.3  0.0569  0.0214  0.3754  18.3 122.5
  13..14     0.089   855.7   326.3  0.0569  0.0053  0.0939   4.6  30.6
  14..1      0.172   855.7   326.3  0.0569  0.0103  0.1806   8.8  58.9
  14..4      0.099   855.7   326.3  0.0569  0.0059  0.1039   5.1  33.9
  13..15     0.175   855.7   326.3  0.0569  0.0105  0.1836   8.9  59.9
  15..3      0.198   855.7   326.3  0.0569  0.0119  0.2082  10.1  67.9
  15..2      0.336   855.7   326.3  0.0569  0.0201  0.3534  17.2 115.3
  12..5      0.831   855.7   326.3  0.0569  0.0497  0.8730  42.5 284.8
  11..6      0.827   855.7   326.3  0.0569  0.0495  0.8690  42.3 283.5
  10..16     0.142   855.7   326.3  0.0569  0.0085  0.1495   7.3  48.8
  16..17     0.125   855.7   326.3  0.0569  0.0074  0.1308   6.4  42.7
  17..7      1.185   855.7   326.3  0.0569  0.0709  1.2455  60.7 406.4
  17..8      0.754   855.7   326.3  0.0569  0.0451  0.7927  38.6 258.6
  16..9      2.306   855.7   326.3  0.0569  0.1379  2.4225 118.0 790.4

tree length for dN:       0.4711
tree length for dS:       8.2758


Time used:  0:08
