      9   1179

Scer                            GAC GAA TTG GTC ACA TTG GCA TGG TAT TCT TAT CCT TTA ACA ACA AAA GAA CCA GTT AAA ATA TTT GAA ACT AAA GTT TTG GAT GAT GAA TAT CCA ATA GTG TTG CAA ACT GAT TCT CCC GAA TGG AAA AAC CGG CCA ACA GCT GAT AAT GGT GCT AAA AAT ACT CCT GAT ATT GCT ATC GGT AGT CTG GAA TAT AGA ATC CAA GAT GAG AAC TCA AAA GAG TTA ACT GTA AAA AGG ATA GGT TAC CAG AAA TGG ATG GTA GCC GAT AGC AAT CAG ACT ATG AAC ACA CCT GAT CAA AGA TCT TCC CCT GAG GAT GTT CCA TCT TAT TTA TAC TCC ACT AAA AGA AAG AGA AAA AAA ATT GCT ATA AAA GAT GAA GGT AAA GTC GAT AAT GTC GTT GGT GCT GAA AGA GAA GCC GAA CGT GCT GAA GAG CGT GGT AAG AAT TTA TTG TCT AAG TTG GAA GAT AAA GGT AAT GTA CTC TGT TCA CGG CAT GAC CAA ACT AGA TTT GTA GGT CGT GGT GAG TGT AGA AAA GCT AAA GGT GCA AAA GAT TCA TTG ACT GTC GTA CAA TCA CTG AGA GCC TAT ATG ATA GAA TTA ACT GAA GCA GGT CAG GCT GCA AAA AGG TTT TTC ACT ATT GCA AAG ACA ACA ATA AGT AAT TTT AAA GTA CAT GCT AAA TTG ATC AAT ATG ACA AAA AAC CGT AAT AAG AAG AGA ATC GGT ACC AAT ATA CAA ATC TGG ACG TAC AAG GTT GAA ACA TAC GCC TAT TCT GTC ACT GCC TAT TTG TTT AAG GAA TAC TTA ACA CGT GAC TCT GAG AAT TTC GAA GAA GCT CCT TCA AAC CCT ATT CGT GGT TGT TAT GGT GAA AAT TTT TTT ACG GAT AGA ATA AAA GAC CCA AAT GAT GAA AAT GCC AGA AAA GCC GAA GAA AAT AAA ATT AGA GTT CGT AGA GAG CCA GCT GTT AAG ATT TTA GCC GAT GCT TAC CTT AAC ACA GTT ATC TAC GAG CAG GCC TTG GAT AAC GAT GGT CCT GAG ACT GAG AGC ACG ACG AGA GAA ATT AAT AAG ATT GCC ATG ACA ACT ACA AAG AAT GAT GTG AGA AGA AAA AAT GTC TTT CCG GTC GAC GTC GTC AAA CAG TAC GAG GAG AGA TCT GTC TAT ACC ATG AAG CTC AAG GAA GAC TAC GAA AAA CAT AAA ACT ACC GAA 
Sbay                            GAC GAA CTG GTT ACA TTG GCC TGG TAT TCT TAT CCT TTG ACA ACA AAG GAA CCA GTG AAA ATA TTT GAA ACC AAG GTT TTG GAT GAT GAA TAT CCA ATA GTA TTG CAA ACT GAC TCT CCG GAA TGG AAA AAC CGA CCA ACA GCC GAC AAC GGT GCT AAA AAT ACT CCC AAT ATT GCA ATC GGC AAT TTA GAG TAT AGA ATC CAA GAT GAA AAC TCC AAA GAA CTA ACT GTG AAG AGG ATA GGT TAT CAG AAA TGG ATG ATA GCA GAT AGC AAT CAG ACC ATG AAT ACA CCA GAT CAA AGA TCT TCT CCT GAG GAT GTT CCA TCT TAT CTA TAT TCC AGC AAT AGA AAG AGA AAG AAG ATT GCA ATC AAA GAT GAG GGT AAA GTT AAT AAT GTC GTG GGG GCA GAA AGA GAA GCC GAG CGT GCA GAA GAG CGT GGT AAA AGC TTA TTA TCT AAG CTG GAA GAC AAA GGT AAT TTA CTG TGC TCC CGA CAT GAC CAA ACT AGA TTC GTG GGT CGT GGT GAA TGC AGA AAG GCT AAG GGT GCG AAA GAT TCC CTG ACC GTG GTG CAA TCG TTA AGA GCC TAT ATG ATA GAA CTA ACC GAA GCC GGG GAG GCC GCC AAG AAG TTC TTC ACT ATT GCA AAA ACA ACT ATA AGC AAT TTT AAG GTG CAT GCA AAA TTG GTC AAT ATG ACA AAT AAC CGT AAT AAG AAA AGG ATC GGT ACC AAT ATA CAA ATC TGG ACC TAT AAA GTG GAA ACA TAC GCC TAC TCT GTC ACC GCC TAC CTG TTC AAG GAA TAT TTA ACA CGT GAC TCT GAG AAT TTC GAA GAA GCT CCT TCG AAC CCC ATC CGT AGT TGC TAC GGC GAA AAC TTC TTC ACG GAT AGA ATA AAG GAA CCA AAC GAT GAA AAC GCC AGA AAG GCC GAA GAA AAC AAA ATC AGA GTC CGT AGG GAA CCA GCT GTT AAA ATC TTG GCC GAT TCC TAC CTT AAC ACA GTC GTC TAC GAA GAG GCC TTG GAT AAC GAT GGC CCA GAA ACA GAG AGC ACG ACG AGG GAA ATC AAT AAG ATC GCC ATG ACT ACT ACA AAG AAT GAT GTG AGA AGA AAG AAT GTG TTC CCC GTG GAC GTC GTC AAG CAG TAT GAG GAG AGA TCT GTG TAT ACC ATG AAG CTG AAG GAG GAC TAT GAG AAA CAT AAG ACT AAT GAG 
Smik                            GAC GAA TTG GTA ACA TTA GCG TGG TAC TCT TAT CCT CTA ACG ACA AAA GAG CCA GTA AAG ATA TTT GAA ACT AAA GTT TTG GAT GAC GAA TAC CCA ATA GTG TTG CAA ACT GAT TCC TCT GAA TGG AAA AAT CGG CCA ACA GCC AAC AAT GGT GCC AAA AAT GCT CCT GAT ATT GCT ATA GGG AAT TTA GAA TAC AGG ATC CAA GAT GAA AAC TCA AAA GAA TTA ACT GTG AAA AGA ATA GGA TAT CAA AAA TGG ATG GTA GCA GAT AGT AAT CAG ACT ATG AAC ACA CCA GAT CAG AGG TCT TCC CCT GAG GAC GTT CCA TCT TAT TTA TAC TCC ACC AAA AGA AAA AGA AAA AAG ATT GCT ATA AAA GAT GAA GGT AAA GTA GAT AAC GTG GTG GGT GCT GAA AAA GAA GCC GAG CGT GCT GAA GAG CGT GGT AAG AAT TTA CTG TCT AAA TTG GAA GAT AAG GGT AAC GTC CTC TGC TCA CGG CAT GAT CAA ACT AGA TTC GTG GGT CGT GGT GAG TGT AGA AAA GCC AAG GGA GCA AAG GAT TCA TTG ACT GTC GTA CAA TCG TTA AAA GCT TAT ATG ATA GAA TTA ACT GAA GCG GGT GAA GCC GCG AAA AGG TTT TCA ACT ATT GCA AAA ACA ACA ATA AGC AAT TTT AAA GTG CAT GCT AAG TTG ATT AAT ATG ACA AAA AAT CGT AAT AAG AAA AGG ATT GGT ACC AAT ATA CAA ATT TGG ACG TAT AAA GTA GAA ACA TAC GCT TAT TCT GTG ACT GCC TAT TTG TTT AAA GAA TAT TTA ACA CGT GAT TCT GAG AAT TTT GAA GAA GCC CCT TCG AAC CCT ATC CGT AGT TGC TAT GGG GAA AAT TTT TTT ACG GAT AGA ATA AAG GAA CCA AAT GAT GAA AAT GCT AGA AAA GCT GAG GAA AAT AAA ATC AGA GTT CGT AGG GAA CCA GCT GTT AAA ATT CTA GCT GAT GCT TAT CTT AAC ACA GTT ATT TAC GAA GAA GCC TTG GAT AAC GAT GGT CCA GAA ACA GAG AGC ACT ACT AGA GAG ATC AAT AAG ATC GCC ATG ACA GCT ACA AAG AAT GAT GTC AGA AGA AAA AAC GTC TTC CCT GTC GAT GTT GTC AAA CAG TAT GAG GAG AAA TCT GTC TAC ACT ATG AAA CTC AAA GAA GAC TAT GAA AAA CAT AAA ACT ACT GAA 
Spar                            GAC GAA TTG GTC ACA TTG ACA TGG TAT TCT TAT CCT CTA ACA ACA AAA GAA CCA GTT AAA ATA TTT GAA ACC AAA GTT TTG GAT AAT GAA TAT CCA ATA GTA TTG CAA ACT GAT TCC CCC GAA TGG AAA AAC CGG CCA ACG GCC GAT AAT GGT GCT AAA AAT ACC CCT GAT ATT GCC ATA GGT AAC CTG GAA TAT AGG ATC CAA GAG GAA AAT TCG AAA GAA TTA ACT GTG AAA AGG ATA GGT TAT CAG AAA TGG ATG GTA GCT GAT AGT AAT CAG ACC ATG AAC ACA CCA GAT CAA AGG TCT TCC CCT GAG AAT GTT CCA TCT TAT TTA TAC TCC ACG AAA AGA AAA AGA AAG AAA ATT GCC ATA AAA GAT GAA GGT AAA GTC GAT AAT GTT GTT GGT GCC GAA AGA GAA GCC GAA CGT GCT GAA GAG CGT GGT AAG AAT GTA TTG TCT AAG TTG GAA GAT AAA GGT AAC GTC CTC TGT TCG CGG CAT GAC CAA ACT AGA TTT GTG GGT CGT GGT GAG TGT AGA AAA GCT AAA GGT GCA AAA GAT TCG TTG TCT GTC GTA CAA TCA CTG AGA GCT TAT ATG ATA GAA TTA TCT GAA ACA GGT CAA GCC ACA AAA AGG TTT TTT ACT ATT GCA AAG ACA ACA ATA AGT AAT TTT AAA GTG CAT GCT AAA TTG ATT AAT ATG ACA AAA AAT CGT AAT AAG AAG AGA ATC GGT ACT GAT ATA CAA ATC TGG ACG TAT AAA GTT GAA ACG TAC GCC TAT TCT GTT ACC GCC TAT TTG TTT AAA GAA TAT GTA ACA CGT GAC TCT GAG AAT TTC GAA GAA GCT CCT TCA AAT CCT ATT CGT GGT TGT TAT GGT GAA AAT TTT TTT ACG GAT AGA ATA AAA GAC CCA AAT GAT GAA AAT GCC AGA AAA GCT GAA GAA AAT AAA ATT AGA GTT CGT AGA GAG CCA GCT GTT AAG ATT CTA GCT GAT GCC TAT CTT AAC ACG GTT ATT TAC GAG CAA GCC TTG GAC AAC GAT GGT CCA GAA ACA GAG AGC ACG ACG AGA GAA ATT AAT AAA ATT GCC ATG ACA ACC ACA AAG AAT GAT GTG AGA AGA AAA AAT GTA TTT CCC GTA GAC GTT GTC AAA CAG TAC GAG GAG AGA TCT GTC TAC ACT ATG AAA CTC AAA GAG GAC TAC GAA AAA CAT AAA ACT AAT GAG 
Ncas                            GAC GAA TTA GTT AAT GTA AAC TGG TAT TCT TAT CCA TTA ATT ACA AAG GAA GTG GTA AAA ATT TTT GAA ACT TCC GTG TTA GAT GGT GAA TAT CCG ATA GTT TTA AAG ACT AAT TCA CCG GAA CTA AAA AAT CGA CCG GCA GCT GAT AAC CTC GCA AAG AAT GAA CCA GAA GTT GTT ATC GGA ACA CTG GAA TAT AGA CTG CAA GAC GAA AAC TCA AAG AGA TTG ACT GTG AAG TTC ATT GGT TAT CAA AAA TGG ATG GTT GCT GAT AGT AAT CAA ACT CTA CAT ACA TCC GAT CAA AGA GCC TCA CCA GAA GGT ATA CCT GCC TAT TTG TAC TCT CAA AAA ATT AAA AGA AAG AAA GTT GTT ATA AAA AGC GAA CTA AAG GTT GAA GAC GTT GTA GGT GTT AAT AAG ACT GCC GAA CGT AAT GAA GAA CGT CTC AAA CCC ATG TTA GCC AAG TTA GAA GAT AAA GGT AAT GTT TTC TGT TCA CGA CAT GAT CAA ACT AGA TTC GTG CTA CGT CTA GAA TGC AGG TCC GAT AAA GGT GCT AAA GAT TCA CTA ACT GTG GTT AAG TCT CTG AAG GCC TAT ATG ATA GAG TTG ACT GAA AAC GGT AAG GCT AAC TCC AAG TTC TTT AAT GTT GCA AAG ACA ACG ATT GGA AAT TTT AAA GTG AAT AAT AAA TTA ATA AAT ATG ACA AAA GAG CGT GAT GCC AAG CGT GTT GGT ACT ACA ATT CAA GTT TGG ACC TAT AAA GTA GAA ACA TAT GCG TAC ACC GTT ACT GCT TAC TTA TTC AAA ACT TAT ATG AAT CGT GAT TCT GAA AAT TTT GAA CCT GCA CCA TCT AAC CCA ATT CGT AAA TGT TAC GGA GAA AAT TTC TTC ACT AAG AGG ATT AAA GAT GTG AAT GAT GAA AAT GCG AAT AAG GCC CAG GCA AAT AGA ATT AGG GTG CGT CGT GAA CCC GAT GTG AAG ATA TTA GCC GAT ACT TAC TTA AAT GCA GTG ATA TAT GAA AAG GCC TTG GAT AAT GAT GGG TCC GAA ACT GAA ACG ACG ACG AAA GAA ACA AAT AAG ATT GCT TTA ACG GAA AAT AAG AAT GAC ATT ATT AGA AAA GAC ATA TTT GGG ATA GAT ATC GTC AAG AGC AAG GAA GAA AAG GCC GTG TAT AAT TTA AAA TTC AAA GAC GAC AAG GAA AAA CAT AAG ACT AAT GAC 
Cgla                            GAT GAA CTG GTT GAA TTA GCA TGG TAT TCC TAC CCT CTA ACA AAT AAA GAA CCA GTT AAA ATC TTT GAG ACC AGA GTA TTA GAT GAA GAA TAT CCA ATA GTC TTA CAA ACA GAT TCT ATA GAA TTG AAA AAT AGG CCA AGT GCA GAT AAT ATT GCT CAA AAC CCA CCT AAT ATA GCA ATA GGT CAC CTT GAG TAT AGG ATA CAA GAC GAA AAT TCT AAA AGA TTA ACA GTA AAG AGA ATA GGA TAT CAG AAG TGG ATG TTG GCT GAC AGT AAC GAG ACC CTG AAT AAT CCA GAT CAA AGG TCT AGT CCA GAA GAA ATA CCA TCT TAC TTA TAC GCA TCC AAT AAG AAG AGA AAG AAA ATA GCA ATA CGT GAT GAG GGT CAA GTT AAT ACA GTT GTG GGT GCA GAG AAG GAA GCA GAA CGT GCG GAA GAA CGT ATT AAA AAT TTG TTA TCT AAG CTG GAA GAT AAA GGT AAC GTT CTA TGT TCT AGG CAT GAT CAA ACA AGA TTC GTA GGT CGT GGT GAA TGT AGA AGA AGC AAA GGA GCG AAA GAT TCT TTG ACC GTT GTT CAA TCT CTT AAG GCT TAC ATG ATA GAG TTA ACC GAA GCA GGT AAG GCC GCA AGA AAA TTT TTT AAT ATA GCT AAG AAT ACA ATA CCA AAT TTT AAG GTA CAC GCG AAA TTA ATC AAC ATG AAT AAT GAT CGT AAC TCA AAG CGA GTA GGT ACA ACC ATC CAA GTA TGG ACT TAT AAG GTT GAA ACA TAT GCG TAC ACC GTT ACC GCA TAT CTG TTT AAG GAA TAT TTG GAA CGT GAT TCC GAG AAC TTT GAA AGC GCT CCT TCT AAT CCT ATA CGT AAA TGT TAT GGT GAA AAT TTT TTT GCA GAT AGA ATT AAA TTC CCA AAC GAC GAA AAC GCG AGA AAA GCT GAG GAA AAC AAA ATA AGA GTT CGT CGA GAA CCA GCA GTA AAG ATA CTA GCT GAC GCA TAC CTG AAT AGT GTA ATC TAC GAA AAG GCA ACC GAT AAT GAT GGT CCA GAA ACT GAG TCA ACC ACC AGA GAA ATT GAT AAG ATA GCA TTA ACA CCA GAA AAA AAC GAT ATT AAG AGA AAG ACA GTC TTT CCT GTC GAT GTT TTA AAG GGA TAT GAA GAA AAG TCT GTT TAC ACT TTA AAG CTA AAG GAA GAT TAT GAA CGT CAT AAG ACA ACA GAA 
Agos                            GAC GAA TTG GTC GGC GTG GCG TGG TAC TCC TAC CCG TTG ATT AAG AAA GAG GTC GTG AGA ATT TTC GAG ACA GAG CAG CTG GAC GAG GAG TAC CCG ATC GTG CTG AGG ACG AAG TCC CCG GAG CTG AAG AAC CGA CCG ACG GCG GAT AAC TTA TCG CGG AAC CAG CCC GAC GTC GTC ATC GGA ACA ATT GAA TAC AGA TTC CAG GAC GAG AAT TCG AAG CGC CTG ACG GTG AAA TAC GTG TCA TAC CAG AAG TGG ATG GTG GCT GAC AGC AAC CAG ACA TAC AAC AAG CCG GAT CAA AGA GCG GAG CCG GAG GAG GCC CCC GCG TAC CTG TAC TCT GCC GTT AGA AAG CGG AAG AAG GTC GTC ATC AAG GCG GAA CTC CGG GTC GAC AAC GTG GTG GGC GTC AAT CGG ACA GCG GAG CGG AAT GAG GAG CGG TTA ACA GAC ATG CTG GCG AAG TTG GAA GAC AGA GGG AAC TTC CTG TGC TCG CGA CAC GAT CAG ACG CGG TTC GTG CTC CGG CTC GAG TGT CGG GAG GCC AAG TCA GCG AAG GAC TCG CTG ACT GTG GTG AGG GAC ATT CGG GCG TAC ATG ATA GAG CTG ACT GAA GCG GGC AAG GCC GCG GAG AAG TTT TTC ACT GTC GCG AAG AAG AAG GTG GCC AAC TTC AAG GTG AAT AAT AAG CTG ATC AAC ATG AAG GTT AAG CGT GAC ATC AAG CGC ATT GGT ACA ACC ATT CAG ATT TGG TCG TAC AGC GTG GAA AGT TAC GCG CAC ACC GTG ACA GCA TAC TTG TTT AAG ACA TAC ATG GGC CGT GAT TCC GAG AAC TTT GAG CCA TCG CCG GAC AAT CCC ATT CGG AAG TGC TAC GGA GAA AAC ATC ATC CGC GAC CGG ATT AAG TAC GTC AAC GAC GAG CGG GCG AAT AAA GCG GAA GAA AAC AAG ATT CGG GTG CGT CGC GAG ACC GAT CAG AAG ATC TTG GCG GAC GTG TAC CTG AAC ACG TCT ATC TAC GAG AAG GCG ACG GAC AAC GAT GGT CCG GAG ACT GAG TCC AGT AGT AGA GAG ATC GAC AAG ATT GCA CTG AAG CAG GGC AAG AAC GAC ATG AGA CGG AAG AAC ATC TTC GCA ATC GAT ATT ATC AAA AGT AAG GAG GAA CGG GCG GTG TAC ACT CTG AAG CTG AAG GAA GAC AAG GAC AAG CAC AAA ACG AGC GAA 
Klac                            GAC GAA TTG GTC GGT GTA CAT TGG TAC TCC TAC CCA TTG ACA AAG AAA GAA CCG GTT AGA ATA TTT GAA ACT AAG GTG CTC GAC GAA GAA TAC CCA ATA GTC CTC CAA ACG GAC TCT TTG GAA TTG AAA AAT AGA CCA ACC GCA GAT AAC TTA TCA AAA AAC AGG CCC GAA ATT GCA ATT GGT AGC TTA GAA TAC AGA ATA CAA GAT GAA AAC TCT AAG AGA TTA ACG GTT AAG AGA ATT TCA TAC CAG AAA TGG ATG ATT TTC GAT AGC AAC CAG ACT TTC AAT AAG CCT GAT CAA AGA TCT GAT CCA GAA GAA ACT GAT TCT TAC TTA TAT TCT ACA TCT AAG AAA AGG AAG AAG ATT GCA ATA AAG TCA GAA GGT AAA GTC GAA GAC GTT GTA GGG GCA GAA AGA GAA TCA GAA CGT GCC GAA GAA CGT TTA GAT TCT TTG TTA TCT AAG TTG GAA GAT AGA GGT AAT ATC TTA TGT TCT AGA CAC GAT CAA ACG AGG TTC GTT GGT CGT GGT GAG TGC AGA AAG AGC AAG TCA TCT AAA GAC TCT CTA ACC GTT GTA CAA GAC TTA AGA GCT TAC ATG ATT GAA TTA ACC GAA CAT GGG AAA GCA CAT AAG AAA TTC GAT ACG ATT TCA AAG AAG AAA ATT GCA AAT TTT AAG GTT GTT GCC AAA CTC ATT AAC ATG AAG TCT TCT AGA AAC ATC AAG AGG ACT GGT ACA ACC ATA CAA ACT TGG ACT TAC AGG GTT GAA ACT TAC GCG TAC ACT GTT ACT GCA TAT TTG TTC AAA GAA TAC TTG GGT CGT GAT TCC GAG AAC TTT GAA TCC TCA CCA GAC AAC CCC ATC CGT AAG TGT TAT GGT GAA AAC TTT TTT CAA GAT AGA ATT AAG TAC CCG AAT GAT GAA GAA GCG AGA AAA GCT GAG GAA AAT AGA ATC AGA GTG CGT AGG GAA TTG GGA GTG AAG ATC TTG GCT GAT GCA TAC TTA AAC ACC TCG ATT TAT GAA AAA TCA ACT GAC AAC GAC GGT CCT GAA ACT GAG ACT GAT GAT AAA GAA ATT GAT AAG ATC GCA TTA AAA AGG GGT AAG AAC GAT GTG AAG AGG AAA GAC ATT TTT CCG ATT GAT GTT GTA AAG GCA TAC GAA GAA AGA TCT GTT TAC ACT TTA AAA TTA AAA GAA GAC TAC GAA AAG CAC AAG ACG ACT GAA 
Calb                            GAT GAA TTT ATT GCC ATC TCC TGG TAT TCA TAT CCT TTG ACC AAT AAA GAA CCA GTT AAA ATA TTC GAT ACG GAT GTA CTA GAT GAA GAA TAT CCT ATA GTT CTA CAA ACC GAC TCG TCT GAA TTA AAG AGA CGA CCT ACG CCT AAT AAT TCG GAA AAA AAT AAG CCA GAT ATT GCA GTT GGG GAT TTG GAA TAT AGA CAA CAA GAT GAA CAT TTG AAA AGA TTG ACC ATA AAG AGG ATT TCT AAG CAA ACT TGG ATT ATA TTC GAT CAT AAT GTT ACG ATC GGA AAT CCA GAT TCG AGA AGT CTG CCT GAA GAA TCA CCT AGT TAT TTG TAT TTA ACC CAA AAG AAA AGA AAA CGA ATT GCA ATT AAA AGA GAA GGG AAA ATT GAT GAA GTT GTC GGT GCA GAG GTG GAG GCC GAA CGA GCG GAA GAA CGA TCG CGA CCA TTA TTA AGT CAA TTT GAA GAC AAA GGT AAT TTC ATG TGT TTG CGA CAT GAT CAA ACC AGA TTT ATA GGG CGA GGG GAA TGT AGA GAT GAG CGA TCT GCC AAA GAT TTG TTA ACT GTC GTG CAA GCT TTG GTG GCT TAT GAA ATA GAA TTG ACT CAT TCC GGT AAA GCG TCC GAT AAA TTC TAC ACT ATT ACT AAA AAT ACG ATT CCT AAT TTC AAA ATA CGA GCG AAA CTA ATT AAT ATT AAT CAA ACA AGA TCC TCA AAA AGA ACC GGT ACC GCT ATA GAA ACC TGG TCG AAG AAA GTT GAA GTT TAT GCC TAT TTT GTT ACG GCG TAT TTT TTC AAA GAG AAG TTA GCC AGA GAT TCA GGG AAT TTT GAA GAC GAA CCT GCT CAT CCA ATC CGA AAG TGT TAT GGG CAT AAC ATC ATC CAA CAG AGA ATT CGA GAA CCA AAC GAT GAA AAA GCC CGG AAA GCT GAA GAA AAC CCC ATC AGA GTA AGA AGA GAG CCT GCC GTA AAA ATT TTG GCT GAT GTC TAT TTG AAT ACG CCA ATT TAT GAG AAA GCC ATG GAT AAT GAC GGA CCA GAA ACT GGG AGT AAT AAT CAT GAA ATT GAT AAA ATC GCG GTG ACG AAG GCC AAA AAT GAC GTT AAG AGA AAA GAA ATA TTC CCT ATA GAT GTT ATC AAG AGT TAT GAA GAA GTG AGT GTC TAT GAA GTG AAA ATG AAA GAA GAT TAT GAA AAA CAT AAG ACC GTT GAA 



Printing out site pattern counts


         9        720  P

Scer                            AAA AAA AAA AAA AAA AAA AAA AAA AAA AAA AAA AAA AAA AAA AAA AAA AAC AAC AAC AAC AAC AAG AAG AAG AAG AAG AAG AAG AAG AAT AAT AAT AAT AAT AAT AAT AAT AAT AAT AAT AAT ACA ACA ACA ACA ACA ACA ACC ACC ACC ACG ACG ACG ACT ACT ACT ACT ACT ACT ACT AGA AGA AGA AGA AGA AGA AGA AGA AGC AGC AGG AGG AGT AGT ATA ATA ATA ATA ATA ATA ATC ATC ATC ATC ATG ATG ATG ATG ATT ATT ATT ATT CAA CAA CAA CAA CAG CAG CAG CAG CAT CAT CCA CCA CCA CCA CCC CCG CCT CCT CCT CCT CGG CGT CGT CGT CTC CTG CTT GAA GAA GAA GAA GAA GAA GAA GAA GAA GAA GAA GAA GAA GAA GAA GAC GAC GAC GAG GAG GAG GAG GAG GAG GAG GAT GAT GAT GAT GAT GAT GAT GAT GAT GAT GAT GAT GAT GAT GCA GCA GCA GCC GCC GCC GCC GCC GCT GCT GCT GCT GCT GCT GCT GCT GGT GGT GGT GGT GGT GGT GGT GGT GGT GTA GTA GTA GTA GTC GTC GTC GTC GTC GTC GTG GTG GTT GTT GTT GTT GTT GTT TAC TAC TAC TAC TAC TAC TAT TAT TAT TAT TAT TCA TCA TCC TCC TCT TCT TCT TCT TGG TGG TGT TGT TTA TTA TTA TTC TTC TTG TTG TTG TTG TTG TTG TTT TTT TTT TTT TTT 
Sbay                            ... ... ... ... ... ... ... ... ..G ..G ..G ..G ..G ..G ..G ..T ... ... ... ... ..T ..A ..A ..A ... ... ... ... ... ..C ..C ..C ..C ... ... ... ... ... ... ... .GC ... ... ... ... ... ..T .AT ... ... ..C ... ... ..A ..C ..C ... ... ... .GC ... ... ... ... ... ... ..G ..G ... ... .A. ... .A. ..C ... ... ... ... ... ..C ... ... ... G.. ... ... ... ... ..C ..C ..C ... ... ... ... ... ... ... ... G.. ... ... ... ... ... ... ..G ..C ..A ..C ... ... ..A ... ... ... ..G T.A ... ... ... ... ... ... ... ... ... ... ... ... ..G ..G ..G ..G ..A ... ... ..A ..A ..A ..A ... ... ... A.. ..C ..C ..C ... ... ... ... ... ... ... ... ... ... ... ..C ..G ..A ... ... ... ... ..A ..A ..C ..C ... ... ... T.C A.. ..C ..C ..G ... ... ... ... ... A.. ..G ..G T.. ... ... ... ..G ..G ..T ..A ... ..C ..C ..G ..G ... ... ... ... ... ..T ..T ..T ..C ..C ... ... ... ..C ..G ... ..T ... ... ... ... ... ... ..C ..C C.. ... ..G ... ... C.. C.. ..A ... ... ... ..C ..C ..C ..C ... 
Smik                            ... ... ... ... ... ... ..G ..G ... ... ... ... ... ... ..G ... ... ... ..T ..T ... ..A ..A ... ..A ..A ... ... ... ... ... ... ... ..C ..C ... ... ... ... ... ... ... ... ... ... ..G ... ..T ... ..T ... ... ..T ..A ... ... ... ... G.. ..C .A. ... ... ... ... ..G ... ..G ... ..T ... ..A .A. ..C ... ... ... ... ... ... ..A ... ..T ..T ... ... ... ... ..C ..C ... ... ... ... ... ..G ..A ... ... G.A ... ... ... ... ... ... T.T ..T ..A ... ... ... ... ... ... ... ... T.A ... ... ... ... ... ... ... ... ... ... ..G ..G ... ... ... ..G ..A ... ..T ..A ..A ..A ... ... ... ... ... A.C ... ... ..C ... ... ... ... ... ... ... ... ... ... ..G ... ..A ... ... ..T ..T ... ... ..C ..C ..C ..C ... ... A.. ..G ... ... ..A ... ... ... ... ... ... ..G ..C ... ..G ..T ... ... ..A ... ..C ... ... ..A ..G ... ... ... ... ..T ... ..T ..T ... ... ..C ..C ... ... ..G ... ... ..C ... ... ... ... ... ..C ... ... ... C.. .CA ..T ... ... C.. ..A ... ... ..C ..C ... ... ... 
Spar                            ... ... ... ... ... ... ... ... ... ... ... ... ... ..G ... ... ... ..T ... ..T ... ..A ... ... ..A ... ..A ... ... ... ... ... ... ..C ... ... ... ... ... G.. ... ... ... ..G ..G ... ... .AT ..T ..T ... ... ... ..A ..C T.. ... ... ..C ..G ... ... ... ... ... ..G ... ... ... ..T ... ... .AC ... ... ... ... ... ... ... ..A ... ... ..T ... ... ... ... ... ... ... ... ... ... ... ... ... ... ... ..A ... ... ... ... ... ... ... ..C ..A ... ... ... ... ... ... ... ... ... ... ... ... ... ... ... ... ... ... ... ... ... ... ... ..G ... ... ... ... ..A ..A ... ... ... ... ... ... ... ... ... A.. ..C ..G ... ... ... ... ... ... ... ... A.. ... ..T ... ... ... ..T ..C ... ..C ..C ... ... ... ..C ... ... ... ... ... ... ... ... ... ... ... ..G ..C ... ..T ..T ..A ... ... ..A ... ... ... ... ... ... ... ... ... ..T ... ... ..T ... ... ..C ... ... ..G ... ... ... ..C ... ... ... ... ... ... ... ... G.. C.. ..T ... ... ... ... ... ... ... ... ... ... ... ... 
Ncas                            ... ... ... ..G ..G .G. ... ... ... ... ..G ..G TCC ..G ... ... ..T ... ..T G.G C.T ..A ... ..A ..A ... ... ... GCC ..C ... ... ... ... G.C ... ... ... G.. .CA CCC .AT ... ... G.. .TT ..G .AT ..T .AT ..C ..T ... ... ... ... .A. ... GAA CAA .AG .AT ... ..G .TT ... .A. C.T .CG ..T .A. TTC .CA G.A ... ... ..T ..T ..T ... ... C.G G.T ..A ... ... C.A T.A .CA ... ..A G.. A.G ... ... ... ..A AGC ..A A.. A.. ... ..C ..G ..T GTG ..G GG. T.C ..A ..A ..A ..A ... ... ... T.. ... T.A A.T ACT CCT ... ... ... ... ..G .C. C.G ... ... ... ..C ... ..T ... ..T AGA ..A ..A ..A ..A ..A ..A ..A ... A.. ... .G. ... ..C A.G AGC ..C ... ... ... ... ... AAC ..T ..T ... ..T ..G ... .T. AA. ... ... .A. ..A .A. A.. AAA ..A ..G ... ... CTA CTC ... ... ..T ..T ..G ..T ... ..T A.. A.A ..G ..T ..T A.T ..G ..G ..A ..A A.A ..G ..T ..T ... ... A.G ..T ..C ..C ... ... ... ... ..T ..T ..A ..A A.C G.C ... CTA ... ... ..C ..G A.G ... ..T ..T C.A ..A ..A G.A ..A ... ..C ... ..C ..C ... 
Cgla                            ... ..G CGT ... C.. ... ... ... ..G ..G ... ..G .G. ..G ... ..T ..T ..T ..T G.T ..T ... ... ..A ... ... ... ..A TCA ... ..C ..C ... ..C .CA ..C ... G.. ..C .CC ... GA. .AT ... .GT ... ... ..A ..A ..T ..T G.A ..C ... ..C ..C .A. ..A C.A T.C .AG ... ... ... .AG ..G ... C.. TCA ..T .AA ..A CAC CCA ... ... ... ..C ..T ... ..A ..A G.A ... ... ... C.. T.A ... ..A ..A ..A ... ... ... ... ... GGA G.. A.. ..C ... ... ... ... ... ATA ..T ..A ... ..A ... A.. ... ... ... ..A ..T ..G ..G ... AGC ... ... ... ..G ..G ... ..G ... ... ..G ... ... TT. ..T ..T AGA ..A ..A ..A ..A ..A ... A.. ... ... ... ..A ... ..C ... ... ... ..C ... ... ... ..T ... ..G ..T ..A ..A ..G ..T ..A ..G ..A ..C AGC ... ..A ..A AAA ... ... ... ..A ... AT. ... ... T.G ..T ... ..T T.A ..T ..T ... ..T ..T ..C A.T ..A ... ... ..G A.A ..A ... ..T ... ... ..T ..T ..C ... ..C ... ..C ..T ..T G.A AGT ... A.C ... ..C .T. ... ... ... ... ..G C.. ..T ..T ... C.. ..A ..A ..A ACC ..C ... ... ... ... 
Agos                            ..G ..G ..G ..G CGG ..G ..G .G. ..G ..G ... ... G.G ..G ..G GTT ... ..T ... ..G ... .GC ... .CA ... ... ... ... .TC ..C ..C CGG ..C ..C ..C ..C ..C G.C G.C .CC G.C GGC .AG .GT ..G .TT .AG .G. ..A ..T T.. CGC .GT ... ..A ... ... ..G CAG G.C C.G .AT C.G C.G ... ... ... C.C TC. ... .A. TAC .CA GCC ... ..C G.G ..T ..T ..C ... T.. ..T ... ... ... TAC C.. ..C ... ..C G.C AGG ..G ..G ... ... AGT ... A.. A.. ..C A.C ..G ..C GTC ..G G.A ..G ..C ..G ..G ..A ..G ... ... ..G A.T ..G A.T AC. CC. ... ... ..G ..G ..G ... ... ..G ..C ... ... ..G T.. ... ..T CGC ... ... ... ..A ... ... ..C ... A.G ..C ..G ..C ..C ..C .CG ..C ..C ..C ... ... ..G ..G ..G ..T ..G ..A ..G ..G .TC AA. ..G ..C ..C T.G .A. .TG AAG ..A ... ..C TCA CTC TTA ..G ... ..G ..G ..G T.C A.. ..G A.T A.. ..G ... ... A.. TC. ..G ..G ..G .CC CAG ... ... ... ... A.G ... C.C ..C ..C ..C ..C ..G GAC ..T GAG ..C A.C G.G ..C CT. ... ..C ... C.G A.G ..G ... ..T C.. ... C.. G.. C.. AC. ..C ..C A.C ... ..C 
Klac                            ... ... ..G ..G ... .G. ... .G. ... ..G ... ..G ..G ..G ..G TCT ... ... ..T TCT ..T .G. ... G.T ..A ... ... ... .TC ..C ... G.A ..C ... G.C ..C ... G.. ..C .CC TC. GGT .AG ..T ..C ... .A. ..T ..A ..T ..T CAA GAT ... ... ..C ..G ..G .GG ..A ... ... ..G ... .AG ... .A. ..G .CT ... .AA ..A ..C GCA ..T ... ..T ... ..T ... ..T ..A .CT ..T ... ... T.C T.A ... ..C ..C ... ... ... ... ... ... GCA ... A.A GT. ..C TTG ... GAT ..G TTG ... ... ..C ..A ..A A.A ... A.A ... T.A T.A T.A ... ... TCC ... ... ... ... ... ... ..G ... ... ... ... ... T.. ... ..T AGA ..A ..A ... ..A ..A ... ..A ... ..C ... ..A ..C ... ... TCA ... ... ..C ..C ... T.. CAT T.T TT. T.A ..A ..G ..T ..A ..C ..A ..A AGC T.A .GA ..A AAG ... ... ..G TCA ... TTA ... ... A.T ... ..T A.C ..A ..T ..T A.T ..T ... ..C ... TCG ..G ... ..A AC. ..G ..T ... ... ..T ... ... ..C ... ..C ..C ..C ..T GAC ..T GAT ... A.. ... ..C .T. ... ... ..C ... ..G ..G GAT ..T C.A ... ..A G.A C.C ACT ..C ... ... ..C ... 
Calb                            ..G .CT ... ... ... CCC ... ... ... ... ... ..G G.T ... CG. C.. ..T C.T .GA .CA GGA ..A ..A CGA ..A C.A ..A ..A TCA ... ..C ..A ..C ... G.A ... ... G.. TCC GC. CCA G.C .AT GTT ..G ..C ..G GTT ... GAA T.. CAA .AT ... ..G ... ... ..C .AG ..C GTG C.G ... ... .AG ... CAT ... ..T CAT .AA ... GA. CC. ... ... ..T ... ..T ..T G.T CAA .C. ..T ..T GAA ..C G.. ... ..C ... ... ... ... G.. TCG ..A AGT GTT A.A .GA ... ..T ..T ..T ... T.T ..T ..A ..A ... ... ..A ..A A.A A.A A.G T.. T.G ..G ..G ..C C.T ... ... ..T ... ... ... ... ... ... ... ... ..A ..T ..T AGA ..A ... ..A ..A ..A .G. ... A.. ..C ..C ..A ... ... C.G AGA ..C ... ... ..C ... A.T T.C ..C TT. ... ..G ... ..T ..A ..G C.. ..G .AG .AA ..C .TC AAG ..G ..A ... TC. ..G TCG ... ... A.. ..G A.. T.C A.. ..T ..T A.A ... A.T ..T ..T CCA ..A ... ..C TCA ..A ..T ..T ..T ..T ..T A.G ... ... ... ... ... .TG G.T .TA CTG ..G .T. AG. ..A .TA ... ... ... ..G ... ..G .A. ..T ..A ..T ..A A.C C.A A.. ... ..C A.C ..C ..C 

    1    1    2    1    2    1    2    2    1    1    2    3    3    1    3
    2    2    2    1    1    1    1    3    1    4    1    1    1    1    1
    2    1    1    1    2    5    1    1    1    1    1    3    4    1    2
    1    2    1    1    1    1    1    2    1    3    2    1    4    2    1
    3    1    3    3    2    2    1    2    1    1    1    1    1    1    1
    1    2    2    1    1    1    1    2    2    2    1    1    2    1    3
    1    3    2    2    1    1    1    1    1    2    1    2    1    2    1
    2    1    1    2    2    1    2    2    4    1    2    2    2    1    1
    2    1    2    3    5    1    1    1    1    2    1    2    2    1    1
    2    3    1    2    2    1    1    3    2    2    1    1    1    2    1
    1    1    1    1    3    2    1    1    1    3    1    1    2    2    2
    3    3    2    1    1    1    2    1    1    1    2    1    2    2    3
    2    1    1    1    1    3    1    1    2    1    2    2    2    1    1
    1    1    2    1    1    2    1    1    1    1    2    3    1    2    1
    3    3    3    2    1    1    1    1    4    2    1    3    2    1    3
    2    2    1    1    1    3    1    1    3    1    1    1    2    2    2


CODONML (in paml version 4.9j, February 2020)  temp.nuc
Model: One dN/dS ratio, 
Codon frequency model: Fequal
ns =   9  ls = 393

Codon usage in sequences
--------------------------------------------------------------------------------------------------------------------------------------
Phe TTT   8   2   7   9   5   9 | Ser TCT   8   9   8   9   5  10 | Tyr TAT  10  13  12  13  12  11 | Cys TGT   3   0   1   3   2   3
    TTC   2   8   2   1   8   2 |     TCC   2   5   3   3   5   3 |     TAC   9   6   7   6   5   8 |     TGC   0   3   2   0   1   0
Leu TTA   7   6   8   3  12  11 |     TCA   5   0   4   2   5   2 | *** TAA   0   0   0   0   0   0 | *** TGA   0   0   0   0   0   0
    TTG  10   7   8  10   4   5 |     TCG   0   2   2   3   0   0 |     TAG   0   0   0   0   0   0 | Trp TGG   4   4   4   4   3   3
--------------------------------------------------------------------------------------------------------------------------------------
Leu CTT   1   1   1   1   0   2 | Pro CCT   7   3   6   5   2   5 | His CAT   3   3   3   3   3   2 | Arg CGT   7   7   7   7   9   9
    CTC   2   0   2   2   2   0 |     CCC   1   3   0   2   2   0 |     CAC   0   0   0   0   0   2 |     CGC   0   0   0   0   0   0
    CTA   0   3   2   2   6   4 |     CCA   6   8   8   8   5  12 | Gln CAA   6   6   6   8   7   8 |     CGA   0   2   0   0   2   2
    CTG   2   6   1   2   3   5 |     CCG   1   1   0   0   3   0 |     CAG   5   3   3   3   1   1 |     CGG   2   0   2   2   0   0
--------------------------------------------------------------------------------------------------------------------------------------
Ile ATT   8   3   8  10  12   5 | Thr ACT  14   9  14   7  15   3 | Asn AAT  18  19  18  22  27  19 | Ser AGT   2   1   2   2   1   4
    ATC   6  10   5   3   2   4 |     ACC   3   8   2   5   2  10 |     AAC   7  11   9   6   6  10 |     AGC   2   5   2   1   2   2
    ATA   8   8   9   9   9  16 |     ACA  13  12  13  14   8  12 | Lys AAA  28  17  33  33  23  16 | Arg AGA  17  14  11  15   7  13
Met ATG   6   6   6   6   5   3 |     ACG   4   3   3   8   5   0 |     AAG  13  23  11   8  26  24 |     AGG   2   4   5   4   3   4
--------------------------------------------------------------------------------------------------------------------------------------
Val GTT   8   5   6  11  16  12 | Ala GCT  12   4  14  10   6   7 | Asp GAT  19  14  19  16  17  18 | Gly GGT  15   9  10  15   8  10
    GTC  10   8   7   6   1   3 |     GCC  10  14   9  12  10   1 |     GAC   6   8   4   7   8   4 |     GGC   0   3   0   0   0   0
    GTA   6   1   6   7   4   8 |     GCA   5   7   3   2   6  15 | Glu GAA  26  27  30  27  32  33 |     GGA   0   0   2   0   3   3
    GTG   2  12   7   4  11   1 |     GCG   0   1   3   0   2   5 |     GAG  12  14  11  12   2   9 |     GGG   0   2   2   0   2   0
--------------------------------------------------------------------------------------------------------------------------------------

--------------------------------------------------------------------------------------
Phe TTT   3   6   6 | Ser TCT   2  14   3 | Tyr TAT   0   4  16 | Cys TGT   1   2   3
    TTC   7   5   7 |     TCC   4   3   4 |     TAC  19  16   1 |     TGC   2   1   0
Leu TTA   2  13   6 |     TCA   2   8   4 | *** TAA   0   0   0 | *** TGA   0   0   0
    TTG   5  10  11 |     TCG   6   1   5 |     TAG   0   0   0 | Trp TGG   3   3   3
--------------------------------------------------------------------------------------
Leu CTT   0   0   0 | Pro CCT   0   2  10 | His CAT   0   3   8 | Arg CGT   3   6   0
    CTC   3   3   0 |     CCC   3   2   1 |     CAC   3   2   0 |     CGC   4   0   0
    CTA   0   1   3 |     CCA   1   5   8 | Gln CAA   1   7  10 |     CGA   2   0  11
    CTG  14   0   1 |     CCG   8   3   0 |     CAG   9   2   1 |     CGG  16   0   1
--------------------------------------------------------------------------------------
Ile ATT  12  14  15 | Thr ACT   5  14   6 | Asn AAT   7   6  17 | Ser AGT   4   0   6
    ATC  13   6   8 |     ACC   3   5   9 |     AAC  17  12   3 |     AGC   3   3   0
    ATA   1   5  10 |     ACA   8   3   1 | Lys AAA   5  19  28 | Arg AGA   7  17  16
Met ATG   6   3   3 |     ACG   7   5   7 |     AAG  38  27  12 |     AGG   2   8   1
--------------------------------------------------------------------------------------
Val GTT   2  11  11 | Ala GCT   1   3   6 | Asp GAT   7  19  21 | Gly GGT   2  11   4
    GTC  10   3   4 |     GCC   5   2   9 |     GAC  20  11   5 |     GGC   5   0   0
    GTA   0   4   3 |     GCA   3  10   3 | Glu GAA  12  37  36 |     GGA   2   1   2
    GTG  18   4   6 |     GCG  18   2   5 |     GAG  26   4   6 |     GGG   1   2   7
--------------------------------------------------------------------------------------

Codon position x base (3x4) table for each sequence.

#1: Scer           
position  1:    T:0.17303    C:0.10941    A:0.38422    G:0.33333
position  2:    T:0.21883    C:0.23155    A:0.41221    G:0.13740
position  3:    T:0.36387    C:0.15267    A:0.32316    G:0.16031
Average         T:0.25191    C:0.16455    A:0.37320    G:0.21035

#2: Sbay           
position  1:    T:0.16539    C:0.11705    A:0.38931    G:0.32824
position  2:    T:0.21883    C:0.22646    A:0.41730    G:0.13740
position  3:    T:0.25954    C:0.23410    A:0.28244    G:0.22392
Average         T:0.21459    C:0.19254    A:0.36302    G:0.22986

#3: Smik           
position  1:    T:0.17303    C:0.10433    A:0.38422    G:0.33842
position  2:    T:0.21628    C:0.23410    A:0.42239    G:0.12723
position  3:    T:0.34606    C:0.13740    A:0.34351    G:0.17303
Average         T:0.24512    C:0.15861    A:0.38338    G:0.21289

#4: Spar           
position  1:    T:0.16794    C:0.11450    A:0.38931    G:0.32824
position  2:    T:0.21883    C:0.22901    A:0.41730    G:0.13486
position  3:    T:0.36387    C:0.13740    A:0.33079    G:0.16794
Average         T:0.25021    C:0.16031    A:0.37913    G:0.21035

#5: Ncas           
position  1:    T:0.17048    C:0.11450    A:0.38931    G:0.32570
position  2:    T:0.25445    C:0.20611    A:0.43003    G:0.10941
position  3:    T:0.35623    C:0.13740    A:0.32824    G:0.17812
Average         T:0.26039    C:0.15267    A:0.38253    G:0.20441

#6: Cgla           
position  1:    T:0.17048    C:0.13232    A:0.36896    G:0.32824
position  2:    T:0.22901    C:0.21628    A:0.41985    G:0.13486
position  3:    T:0.32824    C:0.12468    A:0.39440    G:0.15267
Average         T:0.24258    C:0.15776    A:0.39440    G:0.20526

#7: Agos           
position  1:    T:0.14249    C:0.17048    A:0.35115    G:0.33588
position  2:    T:0.24427    C:0.19338    A:0.41730    G:0.14504
position  3:    T:0.12468    C:0.30789    A:0.11705    G:0.45038
Average         T:0.17048    C:0.22392    A:0.29517    G:0.31043

#8: Klac           
position  1:    T:0.21883    C:0.09160    A:0.37405    G:0.31552
position  2:    T:0.22392    C:0.20865    A:0.43003    G:0.13740
position  3:    T:0.29262    C:0.18830    A:0.33079    G:0.18830
Average         T:0.24512    C:0.16285    A:0.37829    G:0.21374

#9: Calb           
position  1:    T:0.17557    C:0.13740    A:0.36132    G:0.32570
position  2:    T:0.23919    C:0.20611    A:0.41730    G:0.13740
position  3:    T:0.33588    C:0.12977    A:0.35878    G:0.17557
Average         T:0.25021    C:0.15776    A:0.37913    G:0.21289

Sums of codon usage counts
------------------------------------------------------------------------------
Phe F TTT      55 | Ser S TCT      68 | Tyr Y TAT      91 | Cys C TGT      18
      TTC      42 |       TCC      32 |       TAC      77 |       TGC       9
Leu L TTA      68 |       TCA      32 | *** * TAA       0 | *** * TGA       0
      TTG      70 |       TCG      19 |       TAG       0 | Trp W TGG      31
------------------------------------------------------------------------------
Leu L CTT       6 | Pro P CCT      40 | His H CAT      28 | Arg R CGT      55
      CTC      14 |       CCC      14 |       CAC       7 |       CGC       4
      CTA      21 |       CCA      61 | Gln Q CAA      59 |       CGA      19
      CTG      34 |       CCG      16 |       CAG      28 |       CGG      23
------------------------------------------------------------------------------
Ile I ATT      87 | Thr T ACT      87 | Asn N AAT     153 | Ser S AGT      22
      ATC      57 |       ACC      47 |       AAC      81 |       AGC      20
      ATA      75 |       ACA      84 | Lys K AAA     202 | Arg R AGA     117
Met M ATG      44 |       ACG      42 |       AAG     182 |       AGG      33
------------------------------------------------------------------------------
Val V GTT      82 | Ala A GCT      63 | Asp D GAT     150 | Gly G GGT      84
      GTC      52 |       GCC      72 |       GAC      73 |       GGC       8
      GTA      39 |       GCA      54 | Glu E GAA     260 |       GGA      13
      GTG      65 |       GCG      36 |       GAG      96 |       GGG      16
------------------------------------------------------------------------------


Codon position x base (3x4) table, overall

position  1:    T:0.17303    C:0.12129    A:0.37687    G:0.32881
position  2:    T:0.22929    C:0.21685    A:0.42041    G:0.13345
position  3:    T:0.30789    C:0.17218    A:0.31213    G:0.20780
Average         T:0.23674    C:0.17011    A:0.36980    G:0.22335

Codon frequencies under model, for use in evolver (TTT TTC TTA TTG ... GGG):
  0.01639344  0.01639344  0.01639344  0.01639344
  0.01639344  0.01639344  0.01639344  0.01639344
  0.01639344  0.01639344  0.00000000  0.00000000
  0.01639344  0.01639344  0.00000000  0.01639344
  0.01639344  0.01639344  0.01639344  0.01639344
  0.01639344  0.01639344  0.01639344  0.01639344
  0.01639344  0.01639344  0.01639344  0.01639344
  0.01639344  0.01639344  0.01639344  0.01639344
  0.01639344  0.01639344  0.01639344  0.01639344
  0.01639344  0.01639344  0.01639344  0.01639344
  0.01639344  0.01639344  0.01639344  0.01639344
  0.01639344  0.01639344  0.01639344  0.01639344
  0.01639344  0.01639344  0.01639344  0.01639344
  0.01639344  0.01639344  0.01639344  0.01639344
  0.01639344  0.01639344  0.01639344  0.01639344
  0.01639344  0.01639344  0.01639344  0.01639344


TREE #  1:  (((((1, 4), (3, 2)), 5), 6), ((7, 8), 9));   MP score: 1335
This is a rooted tree.  Please check!
lnL(ntime: 16  np: 18):  -7149.277889      +0.000000
  10..11   11..12   12..13   13..14   14..1    14..4    13..15   15..3    15..2    12..5    11..6    10..16   16..17   17..7    17..8    16..9  
 0.242238 0.267978 0.526967 0.040387 0.108445 0.166622 0.071332 0.262438 0.460244 2.083814 0.757663 0.231633 0.363577 2.187511 0.649587 2.638987 2.116405 0.066468

Note: Branch length is defined as number of nucleotide substitutions per codon (not per neucleotide site).

tree length = 11.059424

(((((1: 0.108445, 4: 0.166622): 0.040387, (3: 0.262438, 2: 0.460244): 0.071332): 0.526967, 5: 2.083814): 0.267978, 6: 0.757663): 0.242238, ((7: 2.187511, 8: 0.649587): 0.363577, 9: 2.638987): 0.231633);

(((((Scer: 0.108445, Spar: 0.166622): 0.040387, (Smik: 0.262438, Sbay: 0.460244): 0.071332): 0.526967, Ncas: 2.083814): 0.267978, Cgla: 0.757663): 0.242238, ((Agos: 2.187511, Klac: 0.649587): 0.363577, Calb: 2.638987): 0.231633);

Detailed output identifying parameters

kappa (ts/tv) =  2.11640

omega (dN/dS) =  0.06647

dN & dS for each branch

 branch          t       N       S   dN/dS      dN      dS  N*dN  S*dS

  10..11     0.242   848.4   330.6  0.0665  0.0164  0.2460  13.9  81.3
  11..12     0.268   848.4   330.6  0.0665  0.0181  0.2721  15.3  90.0
  12..13     0.527   848.4   330.6  0.0665  0.0356  0.5351  30.2 176.9
  13..14     0.040   848.4   330.6  0.0665  0.0027  0.0410   2.3  13.6
  14..1      0.108   848.4   330.6  0.0665  0.0073  0.1101   6.2  36.4
  14..4      0.167   848.4   330.6  0.0665  0.0112  0.1692   9.5  55.9
  13..15     0.071   848.4   330.6  0.0665  0.0048  0.0724   4.1  23.9
  15..3      0.262   848.4   330.6  0.0665  0.0177  0.2665  15.0  88.1
  15..2      0.460   848.4   330.6  0.0665  0.0311  0.4674  26.4 154.5
  12..5      2.084   848.4   330.6  0.0665  0.1407  2.1162 119.3 699.6
  11..6      0.758   848.4   330.6  0.0665  0.0511  0.7694  43.4 254.4
  10..16     0.232   848.4   330.6  0.0665  0.0156  0.2352  13.3  77.8
  16..17     0.364   848.4   330.6  0.0665  0.0245  0.3692  20.8 122.1
  17..7      2.188   848.4   330.6  0.0665  0.1477  2.2215 125.3 734.4
  17..8      0.650   848.4   330.6  0.0665  0.0438  0.6597  37.2 218.1
  16..9      2.639   848.4   330.6  0.0665  0.1781  2.6800 151.1 886.0

tree length for dN:       0.7465
tree length for dS:      11.2311


Time used:  0:10
