      9   1179

Scer                            GAA TAT TCT ATG ACA TCA GAT GTT CAA GTG AGA CAT GAA TCG CCT TCA TAT GAT CGT AAA GTA CTT TAT TTG ACA AGA ACA GAA CAA ATT ATC TGG TGG GGA GGA CCT TCG TCT TTG TTT ATC CAT GTA GAA ACC AAG CTT CGT AGA GCG GTG TTG GTG AGA AGA AAA GAT CAA TTT GAC TAT CCT GTT TTT ATC CCT GAT GAT AAA CGA CCA ATG GAT AAA ATC AGC GAT CAA ACT GAT GTT GAG AGA ATA AAA GAT GAT CAA GAG GAA CCT GAT GAA GGA ATA GAG CAT TCA CGA AAT GTT ATG GCA AAG CGA AAG GAG AGA TCT AAC CAA GTG GGA GCG ACA GAA GGA GAT CAA ATG TGG GAT AAT CGA AAG ATT TCT AAT ATT AAC GAC CAA CAA GAT TCC ATT TTC GAA GAA TTG CAA ATA TTA CAA AGT GTG GAT AAG GAT GAG CGA CCA CCT CCC GAG CGT AAG CAT ACG ACC CAA CAA AAC CCT AAG CTT ACA GTG TCG GGA GAA AAG GAA TTC GGT GAA TTG GAG TAC CAT AGA AGT ATG CAT TTA GGC AAG AAC AAG GAT AAA TCT GAT TCC GAC TGG CCA CTT TTG AGA AGC CAT CAA GGA GTT CCA GAT AGA GAT CTG TTC TTT AAA GTA ATC CAA GAT AAG TTA TTG ATA TGT TCT TTC CAA TTC AAA GAT GTA CAC TCT ACT ATC ATG AGG AGC AAG GCA TGG CAA CCA GAG GAA GAT TGG TTT GCA GAA AAA TCT TAC TAT AAC GAT ACA GAA TTA GAC CAA GAA GAG GAA GCT GGG AAA ATG TCC AAA CTG CAA TTT CAT TCT TCC AAG TCA GAT CAA TTA AAA TGC ATG CCT GTT AAT ACT GTT CAA TTG TGG AAT ATC AAT TTC ACA TTA CGA TCT AGG TAT TTC ACA AAT AAG GAA ATT CAT GTT GGA TAT AGA TGG CCC AAA TTA TCC CAA CGA GTC AAG ACT TTC GAA GAT ATC ACG AGA AAA TTA AGG ATC ATT AAA CGC CAT TTG GAT GAA AGG AGA TCG AAC GGT TAT TTG TTA AGA GCT GTC GAG CGA GAG ACT GAT CCA CAT ATG GAT TCT ATA GAG GAA TTG AGC TTG AAC CGA AAT GAC AAC AGG GAT CAT GAA ACG GCA TCT GGA GGT AAG AAA ATT GAA GAT AAT GAT TAT TAC AAA GAC CAA TTA TTG 
Sbay                            GAA TAT TCT ATG ACT TCT GAC GTG CAA GTG AGA CAT GAA TCG CCC TCG TAT GAC CGT AAA GTA CTT TAC TTA ACT AGA GCG GAA CAA ATT ATT TGG TGG GGG GGG CCT TCA TCT CTG TTT ATA CAC GTG GAA ACC AAA CTT CGT AGA GCT GTA TTG GTA AGA AGA AAG GAC CAA TTT GAT TAT CCA GTT TTT ATC CCG GAT GAT AAG CGA CCC ATG GAC AAA ATA ATT GAC CAA ACT GAT GTG GAG AGA ATA AAA GAT GAT CAA GAA GAA CCG GAC GAA GGG ATA GAA CAT TCG CGG AAT GTC ATG GCA AAG CGT AAA GAG AGA TCC AAC CAA GTA GGG GCT ACT GAA GGT GAT CAA ATG TGG GAG AAC CGA AAG ATT TCT AAT ATT AAT GAC CAA CAA GAT TCC ACT TTC GAG GAG TTG CAA ATA TTA CAA AGT GTA GAC AAA GAC GAA CGA CCG CCA CCG GAA CGT AAA CAT ACG ACC CAA CAA AAT CCG AAG CTT ACG GTG TCG GGG GAG AAG GAA TTC GGT GAA TTA GAG TAT CAT AGA AGT ATG CAC CTA GGC AAG AAC AAA GAC AAG TCT GAT TCT GAC TGG CCA CTT CTA AGA AGC CAT CAA GGA GTT CCA GAT AGA GAT CTG TTC TTT AAG GTC ATT CAA GAT AAG TTA TTG ATA TGT TCC TTC CAA TTC AAA GAT GTA CAC TCC CAT ATT ATG AGA AGC AAG GCC TGG CAA CCA GAA GAG GAG TGG TTT GCC GAG AAA TCT TAT TAT AAT GAT ACA GAA TTG GAC CAA GAG GAA GAG GCC GGT AAA ATG TCG AAA CTG CAA TTT CAT TCT TCT ACA TCA GAT CAA CTA AAA TGC ATG CCT GTT AAT CAT GTT CAA CTG TGG AAT ATT AAC TTC AGG TTA CGA TCA AGA TAT TTC ACT AAT AAG GAA ATT CAT GTG GGT TAT AGA TGG CCC AAA CTA TCG CAA CGA GTC AAG ACA TTC GAA GAT ATT ACT AGA AAA TTA AGA ATC ATT AAA CGT CAC CTG GAC GAA AGA AGA TCG AAT GGT TAT TTA TTA AGA GCT ATT GAG CGA GAG ACT GAC CCC CAC ATG GAT TCT ATT GAA GAA TTG ATT TTG AAC CGA AAC GAT AAT CGG GAT CAT GAA ACG GCA TCA GGA GGA AAA AAA ATT GAG GAC AAT GAC TAT TAC AAA GAC CAA CTG TTG 
Smik                            GAA TAC TCT ATG ACA TCT GAC GTG CAA GTA AGA CAT GAA TCG CCC TCG TAC GAT CGT AAA GTG CTT TAC TTA ACA AGA ACA GAA CAA ATT ATT TGG TGG GGG GGG CCC TCG TCT TTA TTC ATC CAT GTG GAA ACC AAA CTC CGT AGA GCG GTA TTG GTA AGG AGA AAG GAT CAA TTT GAC TAT CCT GTT TTT ATC CCG GAT GAT AAA CGA CCA ATG GAC AAG ATC ATC GAT CAA ACT GAC GTG GAA AGA ATA AAG GAT GAT CAA GAA GAA CCG GAC GAA GGG ATA GAA CAT TCG CGG AAC GTG ATG GCA AAG CGA AAA GAG AGA TCT AAC CAA GTA GGG GCA ACA GAA GGC GAT CAA ATG TGG GAC AAC CGT AAG ATT TCT AAT ATT AAC GAC CAA CAA GAT ACC ATT TTC GAG GAG TTG CAA ATA TTA CAA AGT GTA GAT AAA GAT GAA CGG CCA CCC CCA GAA CGT AAG CAT ACG ACC CAA CAA AAT CCG AAG CTT ACG GTA TCG GGG GAA AAG GAA TTC GGT GAA TTA GAG TAC CAT AGA AGT ATG CAT CTA GGC AAA AAC AAA GAT AAG TCT GAT TCC GAC TGG CCA CTC TTA AGA AGC CAT CAA GGA GTA CCG GAT AGA GAT CTG TTC TTT AAA GTA ATC CAA GAT AAG TTA TTG ATA TGT TCT CTT CAA TTC AAG GAT GTG CAC TCT GCT ATC GTA AGA GGC AAG GCC TGG CAA CCA AAA GAG GAC TGG TTT GCC GAA AAA GCT TAC TAT AAC GAT ACA GAA TTA GAT CAA GAA GAG GAA GCC GGC AAA ATG TCG AAA CTG CAA TTT CAT GCT TCC AAG TCG GAT CAA TTA AAA TGC ATG CCC GTT AAT GCT GTA CAA TTA TGG AAT ATC AAC TTT ACG TTA CGA TCC AGG TAT TTC ACA AAT AAA GAA ATT CAT GTG GGC TAT AGA TGG CCA AAA CTA TCG CAA CGT GTA AAG ACT CTT GAA GAT ATC ACG AGA AAA TTG AGG ATC ATT AAA CGT CAT TTA GAT GAA AGA AGA TCG AAT GGT CAT TTA TTA AGA GCC GTT GAG CGT GAG ACG GAC CCA CAT ATG GAT TCT ATT GAA GAA CTG ATC TTG AAC CGA AAT GAC AAC CGG GAT CAT GAA ACA GCA TCT GGA GGG AAG AAA ATT GAA GAC AAT GAT TAT TAC AAA GAA CAA TTG CTG 
Spar                            GAA TAT TCC ATG ACA TCT GAT GTT CAA GTC AGA CAT GAA TCG ATA TCC TAT GAT CGT AAA GTA CTT TAT TTA ACA AGA ACG GAA CAA ATT ATT TGG TGG GGG GGG CCT TCG TCC TTA TTT ATG CAT GTG GAA ACG AAA CTT CGT AGG GCG GTC TTG GTC AGA AGA AAG GAT CAA TTT GAC TAT CCA GTT TTT ATC CCG GAT GAT AAA AAA CCA ATG GAT AAA ATG AGC GAT CAA ACT GAT GTA GAC AGA ATA AAA GAT GAT CAA GAG GAA CCG GAC GAA TCA ATA GAG CAT TCC CGA AAT GTG ATG GCA AAA CGA AAA GAG AGA TCT AAC CAA GTC GGG GCT ACA GAA GGA GAT CAA ATG TGG GAT AAC AGA AAG ATT AAA AAC ATT AAC GAC CAA CAA GAT TCC ATT TTC GAA GAA TTG CAA ATC TTG CAA AGT GTC GAT AAA GAT GAA CGA CCG CCT CCA GAG CGT AAG CAT ACG ACG CAA CAA AAC CCG AAA CTT ACG GTC TCG TCA GAA AAA GAA TTC GGT GAA TTG GAG TAC CAT AGA AGT ATG CAT CTG GGT AAG AAC AAA GAT AAG AAA GAT TCC GAC TGG CCA CTT TTA AGA AGC CAT CAA GGG GTT CCG GAT AGA GAT CTG TTC TTT AAA GTG ATC CAA GAT AAG TTG TTG ATC TGC TCT TTC CAA TTC AAG GAT GTA CAC TCC AAT ATC ATG AGG GAG AAG GCC TGG CAA CCA AAA GAA GAT TGG TTT GCC GAA AAA TCT TAC TAC AAC GAT ACA GAA TTA GAT CAA GAA GAG GAA GCC GGC AAA ATG TCG AAA CTG CAA TTT CAT TCT TCC AAG TCA GAT CAA TTA AAA TGC ATG CCT GTT AAT AAT GTT CAA TTA TGG AAT ATC AAT TTC ACG TTA AAA TCT AGG TAT TTC ACA AAT AAG GAA ATT CAT GTA GGA TAT AGA TGG CCC AAA CTG TCG CAA AGA GTC AAG ACT TTC GAA GAT ATC ACG AGA AAA TTG AGG ATC ATT AAA AGA CAT TTA GAT GAA AGG AGA TCG AAC GGT CAT TTA TTA AGA GCT ATT GAG AGA GAG ACT GAC CCA CAT ATG GAT AAA ATA GAG GAA TTG AGC TTG AAC AAA AAT GAC AAC AGG GAT CAT GAA ACG GCA GCA GGG GGC AAG AAA ATT GAA GAT AAT GAT TAT TAC AAA CAC CAA TTG CTG 
Ncas                            GAA TAT ACT ATG ACT TCC GAT ATC GAA GTG AGG AAC GAA TCC GTT TCA TAT GAT CGT AAG GTA CTA TAT ATA ACT AGA ACA GAA CAA ATA ATT TGG TGG GGG GGG CCA GCT ACT TTA TTT GTT CAT ATT GAG ACT AAA CTT CGT AGA GCT GTC TTA GTC AGA AGA AAG GAT CAA TTT GAT TAT CCG GTT TTC ATC CCC GAC GAT AAA AGG CCA ATG GAT AAA GTT TCT GAT AGG ACA GAT GTC GAA AGA ATT AAG GAG GAG CAA GAA GAA CCC GAA GAG AAT ATT GAA CAT TCA CGG TCA ATA ATG GTC AAA AGA AAA GAA AGG TCC AAT AGG GTC GGG GCA ACT GAG GAT GAA AGG CAG TGG GAA AAT AGA AAA ATC TCT AAT ATA AAT GAC CAA AGG GAG TCT CAT TTT GAG GAG TTA CAA ATT TTG CAA AGT GTC GAT AAA GAT GAG AGA CCC CCG CCT GAG CGT AAA TAC TCA ACT CAA TCA AAC CCC AAA CTT ACT GTG TCC AAT GAA AAA GAA TTT GGT GAA TTG GAA TAT CAT CAA AGT ATG CAT TTA GGT AAA AAT AAA GAT AAG TCT GAT TCC GAC TGG CCA CTT TTA AGG AAT CAT CAA GGG GTA CCG GAT AGG GAA TTA TTT TTT AAA GTC ATC CAA GAG AAG TTG TTA ATT TGT TCT TTA CAA TTT AAA GAT GTA CAT TCC TCA ATC ATG AAA GAA AAA GGG TGG CAA CCA GAA GAG GAA TTG TTT GGG GAA AAG AAA TAT TAC AAT GAA TCA GAG CTT GAT CAA GAA ATG GAA GTG GGT AAA ATG TTA AAA TTA CAA TTT TAC AAA TCC AAA TCC GAT CAA CTG AAG TGT ATG CCA GTT AAT TCA GTA CAA TTA TGG AAT ATC GAC TTT ACC TTG AGG GTC AGA TAT TTC ACT AAT AAA GAA ATA CAT GTC GAT TAT AGA TGG ATC AAA TTA TTA CAA AGA ATC AAG ACC TTA GAA GAA ATC ACC AGA AAA TTA AGA ATC ATT AAA AGA CAC TTA GAT GAG AAA AGG TCG AAC GGT TAT ATA CTA AGA GCT GTT GAA AGA GAA ACA GAA CCA CAC ATG GAT TCT ATC GAA GAA CTG TCT TTA GGA AGG CAT GAT AAT AAG GAT AAC GAA ACA GTC TCT GGG GGT AAA AAG ATC GAA GAT AAT GAT TAT CTA AAA GGT CAA CTA TTG 
Cgla                            GAA TAT TCC ATG ACT TCT GAC ATT GAA GTT AGA TAT GAA TCC GTT TCG TAT GAT CGT CGA GTG CTT TAC TTA ACT ATC ACA GAG CAA ATA ATC TGG TGG AGC AGC CCA AGC TCC CTA TTT ATG CAG GTA GAG ACC AAA CTA CGT AGA GCA GTT CTT GTT AGA ATC AAA GAG CAG TTT TCG TAC CCT GTG TTT ATA CCA GAC GAT AAG AGA CCA ATG GAC AAA ATG ACA GAT GAA ACT AGT ATT GAT ATC ATT AAG GAT GAT CAA GAT GAA CCA GAA GAG GGA ATT GAA CAC TCG CGG AAT GTG ATG AAT AAG CGC AAA GAG AGA TCC AAT GAA GTT AGC GCA ACT GAG AAT GAG GAA GTT TGG GAT ACC AGG AAA ATT AGT AAC ATC CAG GAT CAA GAA GAT ACA GAT TTC GAG GAG CTA CAA ATA TTG CAA TGC GTT GAG AAA GAG GAA AGA CCC CCG CAA GAA CGT AAG CAT ACT ACC CAA CAG AAC CCA AAG ATG ACC GTT TCC GGA GAA AAG GAA TTT GGT GAA CTA GAA TAC CAT CAA TGC ATG TAT CTG GGT AAG AAT AAA GAT AAA AGT GAT GCT GAC TGG CCA CTA CTG AGA AGC CAT CAA GGA GTG CCA GAT AGA GAT TTG TTC TTT AAG GTC ATC CAG GAT AAA TTG TTG ATA TGC TCT CTA CAA TTC AAG GAT GTG CAT TCA AGT ATC ATG AAG GAA AAA GGT TGG CAA CCA GAA GAG GAT TGG TTT GGT GAA CGA CTG TAC TAT AAC GAT AGC GAG TTA GAC CAG GAT ATG GAT ATC GGT AAG ATG AGC AAG TTG CAA TTT CAT CTG TCT AAA TCT GAT CAA TTG AAA TGC ATG CCA GTT AAT AGT GTG CAA CTA TGG AAC ATT AAT TTC AAC CTT AGA AAG AGA TAC TTC ACT AAT AAG GAA ATC CAT ATT AAT TAC AGA TGG ATC AAG CTG AGC CAA AGG GTT AAG ACC CTA GAA GAG ATC ACA AGA AAA CTA AGA ATA ATT AAA AGA CAC CTA GAT GAA AAG AGA TCT AAC GGT TAT TTA TTA CGG GCT ATA GAG AGG GAG ACA GAA CCA CAC ATG GAT AGT ATC GAA GAA CTA ACA TTG AAC AGA GAT TCG TCC CGG GAT TAT GAA ACC AAT GCT GGA GGT AAG AAA GTT GAT GAC AAT GAT TAC TAT AAG GAA CAA CTA CTC 
Agos                            GAT TAC TCC ATG ACC TCA GAC GTG GAG GTG CGC AAG GAA ACG GTT TCT TAC GAT CGT CGG GTC CTG TAT GTG ACC GGC TCC GAA CAG GTG ATT TGG TGG ACC ACC CCC CCC TCC CTC TTC GTG CAG GTG GAA ACC AAG CTG CGT AAG GCG GTT CTG GTT CGG GGC CGG GAC GAA TTC AAC TAC CCA GTG TTT ATA CCC GAA GAC AAG CGC CCG ATG GAC AAA GTG GCG GAT GTG ACC GAC GTC GAT GGC ATC AAG GAG GAG CAG GAA GAA CCC AAC GAA AAG ATC GAA CAC TCT CGC AAG ATA ATG ATG CAC CGG AAG GAG CGT TCG AAC GTG GTT ACC GCG ACC GAA GGC GAG GTG CCG TGG GAG AAC CGG AAG ATC TCG AAC GTG AAC GAC CAG GTG GAG ACC GTG ATC GAG GAG CTG CAG ATA CTG CAG AGC GTT GAC AAG GAC GAG AGA CCG CCC CCA GAT CGT AAA TTT GTG ACC CAG CAG AAC CCC CAC CTG ACG GTG ACG AAG AAG CAC GAG TTC GGT GAG TTG GAG TAC GAC CAC AGC ATG TAC TTG GGC AAG AAT AAG GAT CGG TCG GAC AAG GAC TGG CCA CTG TTA CGG GGT GAC CAG GGC GTC CCG GAC CGG GAC CTG ATC TTC AAG GTA ATC GAA GAG AAG CTG CTG ATA TGC ACG TAC CAG ATC AAG GAC GTC CAT TCG ACG ATC ATG CGC GAA AAG AAG TGG CAG CCA GAG GAG GAG TGG TTC AAG AAG CGG TCC TAC TAC AAT GAC ACC GAA TTG GAT GAA CAC AGG CAC GCG AGC AAG ATG GAG AAG CTG CAG TTC TTT TCC TCC AAG TCG GAC CAG CTG AGG TGT ATG CCC GTT TGC ACG GTC CAG CTC TGG AAC ATC GAC TTC GCA CTG CGC CTG CGC TAT TTC ACC AAC AAG GAG GTG GAC GTC GGC TAT CGG TGG GCC AAG TTG GAG CAG CGG GTC AAG ACC TAC GAT GAG ATC ACC CGG AAG TTG CGC ATA ATT AAG CGG CAT CTC GAT GAG CGC CGG TCA AAC GGT TAT GTG CTG CGA GCG ATA GAG CGG GAG ACA AAC CCG CAT ATG GAA TCG ATT GAA GAG CTG GCG CTG GGG CGC GAC AAC AAT CGC GAC AAG GAG ACC ATG TCG GGC GGT AAA AGG ATT CAC GAC AAC GAT TAC TTC AAG AAG CAG CTG CTA 
Klac                            GAT TTC TCT ATG ACG TCA GAT ATA GAA GTT AGA ATC GAA AGA GTG TCT TTC GAT CGT AGA GTG GTC CAC ATA ACG AGA GAA GAA CAA GAG ATC TGG TGG TCC TCC CCA GCA TCT TTA TTG GTA CAA GTT GAA AGC AAG CTA CGT AAG ATG ATT TTG ATT AGA AGA AAG GAT CAA TTC AAT TAC CCT GTA TTC GTT CCA GAT GAA AAG CGA CCA ATG GAT AAA GTA GCT GAT CAA ACT GAT GTA GAT AGA GTA AAA GAT GAT CAA GAA GAA CCA GAC GAA GCC GTA GAA CAT TCT AGA TCC CTA ATG TCT AAG AGA AAG GAG AAG TCC AAT CAA ATT TCC GCT ACG GAA GAT AAT CAA AGC TGG GTC AAT AGG AAC ATC AGC AAT ATG AAT GAT CAA CAA GAT ACT GTT ATC GAA GAA GTG CAA ATT ATG CAA AGT ATT GAT AAG GAT GAG ATT CCA CCA CCA GAT CGT AAG TTT TCC AGC CAA CAG AAC CCA AAG TTA ACC GTT AGA GCC GAT AAG GAA TTT GGT GAA CTA GAT CAC AAC CAA AGT ATG TAT TTA GGA AAG AAT AAG GAT AAG AGC GAT TCG GAT TGG CCA CTA CTA AGA TCG AAC CAA GGA AAG CCG GAT AGA GAT TTG ATC TTC AAG GTA ATC CAA GAT AAA ATG CTA ATT TGT TCA ACT AGA ATC AAA GAT GTG CAT TCG TCA ATC GTT AAA GAA AAC AAA TGG AGA CCA AAA GAA GTC TGG TTC AAA GAT AGA ACG CAC TTC AAT GAT ATA GAA CTC TCT CAA TTA GGT TTA GTG GCT AAG ATG AGT AAA TTG CAA TTC TTT ACG TCT AAA TCC GAA CAA TTG AAA TGT ATG CCA GTC GGA TCA AAG CAA TTA TGG AAC ATT GAT TTC GCA TTA CGA TCA GTG TAT TTT ACG AAT AAG GAA ATG AAC GTA GAT TAT AGA TGG TTC AAA TTA AGT CAA AGG GTC AAA TCT ACT GAT AAT ATC ACA AGA AAG TTA GTG GTT ATT AAA CGC CAT TTA GAT GAA AAA AGA TCT AAC GGT CAC ATA TTA AGG GCT TTG GAG AGG GAG ACC GAC CCA CAT ATG GAT AGC GTA GAA GAA TTG GCT CTA GAC CGA GAT AAT AGC ATC GAT ATC GAA ACT TCT GCA GGA GGA AAG AAA ATT TTA GAT AAT GAT TAC TTT AAA GAA CAA TTG TTG 
Calb                            GAT TTT TCG ATG CGA TCA GAT GTT CAA GTC CGT GAA GAA CTG GCT TCA TTT AAT CGT AAA GTA TTG TAT ACT CGA ATA CAA GAA CAA CAG ATT TGG TGT GAA GAA CCT TCT TCG CTT TTA GTA ATA GTT GAA ACT AAG TTA CGT AAA TTG GTA TTG GTA AGA ATA AAG CAA CAA TAT GAT TAC CCG GTT TTT ATT CCG GAT GAA AAG AGA CCA ATG GAT AAA GTA GGT AAT AAT GTT CTG ATT CAA ATA ACT AAT GAG GAG CAA GAT GAA CCG AAT GAA ACA ACT GAA CAC TCA AAG AAT GAT ATG GTT AAA AGA AAG ATA AAA AAA CAT AAT GTA GAA GCT CGA GAA AAT ATG AAT CAA TGG GAA TGT AGA AAG ATT TCA AAT ATA GAA GAT CAA AAT GAG ACC AAT TAC GAA GAA TTG CAA ATT AAT GAG TGT GTA CAA AAG CAA GAA AAT CCT CCG CAA ATG CGT CGC CCC ACT ACT CAA CAA AAT CCG AAA TTA ACT GTC CTG ACA CAA AAA GAA TTA GGT GAA TTG GAA TTT GAA AGA TGT ATG TAT TTG GGT AAA GAT AAG AAT AAG TCA GAT AAA GAT TGT CCA TTA TTA AGA TCG GAA CAA GGA GAA CCA GAT AGA GAT TTG TAC TAT AAG GTT ATC CAA GAG AAA AAT CTT ATT TGT GAT AAA TAT TAC AAG GAT GTA CAT TCT TTG ATC GTT TCA GAT AAG AAA TGG TAT CCA AAA GAA GAA TGG TTT AAA CAA AAA TCT TTT ATC AAT GAT TAT GAA TTG GAT CAA ATT AAT ATT CAA AAT AAA ATG TCT AAG TTG CAA TTT CCC TCT AGT AAA TCA GAA CAA TTA ATT TGT ATG CCT GTG ATA TTG GAA CAA CTT TGT TCG ATT GAT TTT GCA TTA AGA ATG CGA TAC TTC CGA GAT AAA GAA ATA GAA ATT AAT TAC AGA TGG TTA AAG TTG TCT GAG AGA GTG AAG ACT AAA GAT ATG ATC CAA AGA AAG TTG CGA ATT ATT AAA CGT CAT CTT AAT GAA TCA AGA TCA AAT GGT CAT ACT TTG CGA GCC TTA ATA AGA ATA ACA AAT CCA CAT ATG AAA TCA GTT GAA GAA TTA GGT CTT GAT AGA CAT GAT AAT AAA GAT GAA GAG ACA GTT TCT GGA GGG CGC ATT ATT ATT GAT GAT AAT TAC TTT AAG GAA CAA TTG CTT 



Printing out site pattern counts


         9        714  P

Scer                            AAA AAA AAA AAA AAA AAA AAA AAA AAA AAA AAA AAC AAC AAC AAC AAC AAC AAC AAG AAG AAG AAG AAG AAG AAG AAG AAT AAT AAT AAT AAT AAT AAT AAT ACA ACA ACA ACA ACA ACC ACG ACG ACG ACT ACT ACT ACT AGA AGA AGA AGA AGA AGA AGA AGA AGA AGC AGC AGC AGG AGG AGG AGT ATA ATA ATA ATC ATC ATC ATC ATC ATG ATG ATG ATT ATT ATT ATT ATT ATT CAA CAA CAA CAA CAA CAA CAA CAC CAT CAT CAT CAT CAT CAT CAT CCA CCA CCA CCA CCC CCC CCT CCT CCT CCT CCT CGA CGA CGA CGA CGA CGC CGT CTG CTT CTT CTT GAA GAA GAA GAA GAA GAA GAA GAA GAA GAA GAC GAC GAC GAC GAC GAG GAG GAG GAG GAG GAG GAG GAG GAG GAT GAT GAT GAT GAT GAT GAT GAT GAT GAT GAT GAT GAT GCA GCA GCG GCG GCT GCT GGA GGA GGA GGA GGC GGG GGT GGT GTA GTA GTA GTC GTC GTG GTG GTT GTT GTT GTT GTT GTT TAC TAC TAT TAT TAT TAT TAT TAT TCA TCA TCA TCC TCC TCC TCC TCG TCG TCG TCT TCT TCT TCT TCT TCT TCT TCT TGC TGG TGG TGG TGT TTA TTA TTA TTA TTA TTA TTA TTA TTC TTC TTC TTC TTC TTG TTG TTG TTG TTG TTG TTG TTG TTG TTT TTT TTT TTT 
Sbay                            ... ... ... ... ... ... ... ... ... ..G ..G ... ... ... ..T ..T ..T ..T ..A ..A ... ... ... ... ... .CA ..C ..C ..C ... ... ... ... ... ... ..G ..T .GG G.G ... ... ... ..T ..A ... ... CA. ... ... ... ... ... ... ... ... ... ... ... .TT ..A ..A C.. ... ... ... ..T ..A ... ..T ..T ..T ... ... ... .C. ... ... ... ... ... ... ... ... ... ... ... ... ... ..C ..C ..C ... ... ... ... ... ... ..C ..G ... ..G ..A ..A ..C ..G ... ... ... ... ..G ..T ..T ... ... ... ... ... ... ... ... ... ... ... ... ..G ..G ..G ... ... ... ... ..T ..A ..A ..A ..A ..A ..A ... ... ... ..C ..C ..C ..C ..G ... ... ... ... ... ... ... ... ... ..C ..T ..T ..C ... ... ..G ..G ..T ... ..T ..A ... ... ..C ..G A.T ... ..A ... ..C ..G ..G ... ... ... ... ..T ..C ... ... ... ... ... ... ..G ..T ... ..G ..T ..T ..A ... ... ..A ..A ..C ..C ..C ... ... ... ... ... ... ... ... C.. C.. C.G ... ... ... ... ..G ... ... ... ... ... C.A C.. ..A ..A ... ... ... ... ... ... ... ... ... 
Smik                            ... ... ... ... ... ... ..G ..G ..G ... ..G ... ... ... ... ... ... ..T ..A ... ..A ... ... ... ... ... ..C ..C ... ..C ... ... ... ... ... ..G ... ..G ... ... ..A ... ... ... ..G ... G.. ... ... ... ... ... ... ... ... ..G ... G.. .T. ..A ... C.. ... ... ... ..T ... ... ... ... ..T ... ... G.A ... ... ... ... ... ... ... ... ... ... ... ... ... ... ... ... ... ... ... ... ... ... ..G ... ... ..A ..A ..C ... ..C ..G ..C ... ..G ..T ..G ... ..T ... ... ..C ... ... ... ... ... ... ... ... ... ... ... ..G ..A ... ... ..T ... A.A ..A ..A ..A ..A ... ..A ... ... ..C ..C ... ... ..C ..C ... ... ... ... ... ... ... ... ..C ..A ... ..C ..C ... ..G ..G ..C ... ..C ..G ... ..G ... ..G ..T ..A ..A ..A ..G ..G ..G ..A ... ... ... ... ..C C.. ..C ... ... ... ..G ..G ..T A.. ..G ... ... ... ... ... ..C ... ... ... ... G.. ... ... ... ... ... ... ... C.. ... ..G ... ... ... ..G ... C.T ... ... ... ..T ..A ..A ..A ..A C.. C.. ... ... ... ..C ... ... ... 
Spar                            ... ... ... ... ... ... ... ... ..G ... ..G ... ... ... ... ... ... ... ..A ... ... ..A ... ... ... ... ..C ... ... ... ..C ... ... ... ... ..G ... ..G ..G ..G ... ... ... ... ... ... .A. ... ... ... ... ... ... ... ..G ... ... GAG ... ... ... ... ... ... ..C ... ..G ... ... ... ..T ... ... ... ... ... ... ... ... ... ... ... ... ... ... ... ... ... ... ... ... ... ... ... ... ... ..G ... ..G ... ..A ... ..A ATA ..G ... AA. ... A.. ... ... A.A ... ... ... ... ... ... ... ... ... ... ... ... ... ... ... C.. ... ... ..T ... A.A ..A ... ... ... ... ..C ... ... ..C ... ... ... ... ... ... ... ... ... ... ... ... ... ..C ..T ... ..C ... ..G ..G TC. ... ..T ..C ..C ... ... ..G ..G A.T ... ..C ..C ..G ..A ... ... ... ... ... ... ... C.. ... ..C ... ... ... ..C ..T ... ..G ... ... ... ... ... ... G.A ..C ... ... ... AAA ..C ... ... ... ... ..C C.G ... ..G ... ... ..G ..G ... ... ... ... ... ... ..A ..A ..A ... C.. ... ... ... ... ... ... ... ... 
Ncas                            ... ... ... ... ..G ..G ... ..G ... ... ..G ..T ..T GGA ..T ..T ..T ... ..A ..A ..A ..A ..A ... ... ..A ... G.C C.. TCA ... ... ... ... T.. ..T ..T ..C ... ..T ..A T.A ..C ..C ..A ..A T.A ... ... ... ..G ..G ..G CA. ... ... .AT GAA TCT .AA ..A .A. ... ..T ..T ..C G.T ... ... ... ..T ... CA. ... CA. ..A ..A ..C ..C ... AGG ... ... ... ... G.. TC. ..T ..C ... ... A.C ... ... T.C ... ..G ... ..C AT. ..T ..G ..G GT. ..C ..A A.G A.. A.. ..G A.. A.A ... T.A ... ..A ... ... ... ... ... ... ..G ..G ... ... ..G .GT ... ... ..T ..T ..A ... ..A ..A ... AT. ..A ..A ..A ..A ... ... ... ..A ... ..A ..A ..C ..G ... ... ... .TC .GG ..A ..T .TG ... ..G ..G AAT .AT ..T ..T ... ... ... ..C A.T ..T A.. ..C ... A.A ..C A.C ..A ... ... CTA ..T ... ... ... ..C ... ... ..C ... ..C ..T .TA ... ... G.T ..C ... GTC ... ..C ..C ... AAA ... A.. ..T ... ... .T. ... ... C.G C.. C.. ..G ..G ... C.T ..A ... ..T ..T ..T ..A ..A A.A ... ... C.. ..A ..A ..A ... ..C ... ... 
Cgla                            ... ... ..G ..G ... CG. ... ..G ..G ..G ... ..T ..T ... ... C.G TC. ... ..A ... ... ... ..A ..A ... ..A .CC ... G.. ... ..C ..C ... ... .GC ..C ..T .AC ... ... ..C ..T ..A ..C ..A ... .G. ... .TC C.G ... ... ... CA. ... ... ... GAA .CA .A. ..A C.. T.C ..T ... ..C ..G ..A ... ..T ... ... G.T ... GA. ..A ..C ... G.. ... G.. ... ... ... ..G G.. ..G ..T ..C ..G T.. T.. ..C ... ... ... ... ... ..C AT. .AA ..G ... GT. ..A ..A A.. A.. A.G ..G ..C A.A ... T.. ..A ... A.G ... ... ... ... ..G ... ..G ... ..T ..G ..A ... ..T ... TCG ..A ..A ..A ..T ..A AT. ..T ..A ... ..A ..C ..G ... ... AG. ..G ... ..C ... ... ... ... AAT .GT ..A ..A ATC ... ... A.C ... AAT ..T ..T ... ... ..G ..C ... A.A ..T ..T ..T ..G A.. A.. ..G ..G ... ..T ... ..C ... ... ... ..C ..C ..T ..G ..T A.A AG. G.T ..T AGC ..C ..T AAG G.. ..A ..C ... CTG AG. ..C ... ... ... ... ..C C.G ..G C.. ... C.T ..G C.. ... C.A ... ... ..T ... C.. C.A ..A C.A C.C C.A C.A C.T ... ... ... ... ... 
Agos                            ..G ..G ..G ..G .GG CGG ... ..G ..G ..G CGG ... ..T GGG ..T ... ..T ... ... ..A ... C.C ... ... ... ... ..C G.C G.C ..G ..C ..C ..C TGC ..C ..G ..C G.. T.C ... ..C GT. ..C ..C ..A ..C ..G C.G G.C C.. C.C C.G C.T CAC .AG C.G G.T GAA GCG C.C C.C C.C ..C ..C ... ..T G.G ..A ... ... ..T ... CC. ... G.G G.G G.G ..C ... ... GTG ..G ..G ..G G.. G.G ..G ..T ... ..G T.C A.G ..C G.C TT. ... ..G ..G ..G G.. ..A ..C ..A GT. ..C ..C ..C A.. ..G ..C ..G ..G ... ... ..G ..G ..G ... ..G ..G ..T ... ..G ... A.G C.C ..G A.G ... ... ..T A.. ... ... ..A ..A ..T AG. ..T ... ... A.C ..C ..C ... ..G ..C ..G ..C ..A ..G ..A ..C ..C ATG AAG ... ... ..G ..G ..C ACC AAG ..C ... A.C ... ... ..C ... ..G A.A ... ..T ... A.A ..C ..G ..C ..G ... .T. ... ... ... ..C ..C ..C ... ..G ..T ... A.. GAG AAG ... C.C A.. ..A CTG ..G ..G ..G A.G ..C ..G ..C ..T ... ... ... ..C ..G C.G C.G C.G C.G C.G ..G ..G .A. ... A.. ... ... ..A C.C G.. ... C.A C.. C.. C.. C.. ..C ... ..C ..C 
Klac                            ... ..G ... ..G ... .G. ... ... ... ..G ..G ..T ..T G.. ..T ..T .G. ... ... ... ... ... ..C ..A ..A ..A ... G.. G.. TCC ... ..C ... GGA .T. ..C ..G G.. GA. .G. ..T T.C ..A T.. ..C ... T.A ... ... ..G ... ... .AG CA. .AG ... TCG GAA GCT .AA GT. .TC ... G.. ..T G.. G.A G.T ... ..T ... ... .GC G.T G.. GAG ..G ..C ... ... ... AG. ... ... ... G.. ..G ..T ... ..A T.. ATC ... A.C TT. ... ..G ... ... TT. ..A ..A ... GTG ..A ..A ... ATT A.G A.. A.. ... ... T.. ..A G.C T.A ... ... ... ..T ... ... ... ..T TT. ... ..A ..T ..T TCT A.T A.A ... ..A ..A ..T .GT ..T ..T ... ..C ... ... ... .TC ... A.. ... ... ... ... ..A ... T.T AA. ..T AT. .TG ... ... TCC .CC .AT ..A .CT ..A ... ..G ... ..T T.G ... A.T ..T C.A ..A A.A AAG ..A ..C .TT C.. C.C C.C .TC .TC ..C ... ..C ..T ... A.T AGT ..G ..T G.A AGA ..T ..A G.A ..G ..C ..A A.G AGC ... ..T ... ... ... ... ... ..G ..G ... ... A.G ... C.C ACT ..T A.. ..T ... C.A ..A A.A C.A ... ... G.. ... C.A ..G ..C ..C ..C 
Calb                            ... ..G ..G ... .TT ... ... ..T ..G ..G ..G C.T G.T G.T ..T G.A ..T ..T ... CGC ..A ..A ... ..A ... ..A TG. G.. C.. ... ... TCG G.. .TA TAT ..T CG. G.. CA. ..T ..A ..T CAA ... ..A GT. TTG ... .T. C.. C.T ... .A. ... .A. ... TCG GAT G.T TCA C.A .AA T.. .CT ..T G.T G.A ..T ... ..T ..T ... CAA G.T .A. CAG ..A ... ... ... A.T T.T ... G.G ... ... ... ..T ... ATA T.. G.A ..C G.A .CC ... ... ... ..T TTA .AA ..G ..G G.. ..G ... A.. AAT A.. AAG A.. ..T ... T.. T.A T.G T.A ... ... ..G ..T ... ... ... C.. ATT ... ..A ..T ..T ..T ..T A.A ..A ..A ..T AT. A.T C.A ..A ATA A.. ... C.A A.. ..A CTG ATG ... ... ..G A.A ..A ... .TT AA. ..T TT. CAA ..C ... .A. AC. AAT ..T AAT ..G ... ... ..T ..T T.A ..G ..A ..C .A. A.. ... .AA ... ..G .TT .TT ... C.. .T. ATC ..C ..C ... ... ... A.. ..T AAA AGT ..T CT. ..A ATG ... ... AAA GA. ... ..A ..G ..T ... ..T ... ... ..G ... ..G ..G ... AAT ..G ..G AAA ... .A. ..A ..T ..A C.T ACT ... C.T ..A ... ... C.T ..A ... .A. ... 

    1    1    3    1    2    2    1    1    1    2    2    1    1    1    1
    1    1    2    4    2    2    3    2    1    1    1    1    1    1    1
    1    1    2    1    1    1    4    1    1    2    1    1    1    1    1
    1    2    2    3    1    1    3    1    1    1    1    1    1    2    2
    2    1    2    2    2    1    2    2    3    1    1    7    1    1    1
    1    2    1    1    1    4    2   10    2    3    1    1    1    2    1
    1    2    1    3    2    2    1    2    1    1    1    1    1    1    3
    2    3    1    3    1    1    1    3    2    2    1    1    2    4    1
    2    1    1    4    2    3    3    1    1    1    1    2    1    1    2
    1    1    1    1    1    3    2    3    3    5    2    1    2    2    1
    4    1    2    4    2    2    1    1    1    1    2    3    2    2    1
    1    1    2    2    1    1    1    1    4    2    1    2    1    2    1
    1    1    2    1    1    2    1    2    2    1    2    1    1    2    1
    1    1    2    1    1    1    1    1    1    2    3    2    1    4    3
    1    1    2    1    1    1    1    2    1    1    2    1    3    1    1
    1    3    2    1    1    1    1    1    2    1    1    2    2

CODONML (in paml version 4.9j, February 2020)  temp.nuc
Model: One dN/dS ratio, 
Codon frequency model: Fequal
ns =   9  ls = 393

Codon usage in sequences
--------------------------------------------------------------------------------------------------------------------------------------
Phe TTT   6   6   6   6  10   7 | Ser TCT  12  10  10   6   8   5 | Tyr TAT   9  10   5   7  10   8 | Cys TGT   1   1   1   0   2   0
    TTC   8   8   6   8   2   5 |     TCC   5   4   3   8   8   6 |     TAC   3   2   6   4   3   7 |     TGC   1   1   1   2   0   4
Leu TTA  10   8  13  10  17   4 |     TCA   4   4   0   3   8   1 | *** TAA   0   0   0   0   0   0 | *** TGA   0   0   0   0   0   0
    TTG  13   7   6  10   6   7 |     TCG   4   7   9   6   1   4 |     TAG   0   0   0   0   0   0 | Trp TGG   8   8   8   8   7   8
--------------------------------------------------------------------------------------------------------------------------------------
Leu CTT   4   4   4   4   4   3 | Pro CCT   8   2   1   3   1   1 | His CAT  12  10  13  13   9   6 | Arg CGT   3   5   7   3   3   3
    CTC   0   0   2   0   0   1 |     CCC   2   4   4   1   4   1 |     CAC   1   5   1   2   2   3 |     CGC   1   0   0   0   0   1
    CTA   0   4   2   0   4  12 |     CCA   6   5   7   6   6  10 | Gln CAA  23  23  23  23  18  16 |     CGA   9   7   4   3   0   2
    CTG   2   6   4   5   2   5 |     CCG   0   5   4   5   3   1 |     CAG   0   0   0   0   1   6 |     CGG   0   2   3   0   1   3
--------------------------------------------------------------------------------------------------------------------------------------
Ile ATT   7  15   9   9   7   8 | Thr ACT   5   8   2   3   9   6 | Asn AAT   9  11   8   9  14  11 | Ser AGT   2   2   2   2   2   6
    ATC   9   2  10   8  12  12 |     ACC   2   2   3   0   3   6 |     AAC   8   6   9  10   4   7 |     AGC   4   2   1   3   0   8
    ATA   5   6   4   4   6   6 |     ACA   8   3   7   5   4   6 | Lys AAA  17  19  19  28  28  15 | Arg AGA  14  18  15  17  16  16
Met ATG   9   9   8  11   9  12 |     ACG   3   3   5   8   0   0 |     AAG  16  13  15  12  10  19 |     AGG   5   1   3   6  12   3
--------------------------------------------------------------------------------------------------------------------------------------
Val GTT   8   4   3   5   6  11 | Ala GCT   2   3   4   2   3   3 | Asp GAT  32  19  25  31  24  28 | Gly GGT   3   5   2   3   6   7
    GTC   2   3   0   7  10   1 |     GCC   0   3   4   3   0   0 |     GAC   6  17  12   7   4   6 |     GGC   1   1   5   2   0   0
    GTA   4   6  11   4   4   1 |     GCA   4   2   3   3   1   2 | Glu GAA  23  22  27  24  34  27 |     GGA   9   3   2   2   1   4
    GTG   6   6   7   3   3   6 |     GCG   2   1   1   1   0   0 |     GAG  12  15   8  10  14  16 |     GGG   1   5   6   5   7   0
--------------------------------------------------------------------------------------------------------------------------------------

--------------------------------------------------------------------------------------
Phe TTT   3   5   9 | Ser TCT   2  10   7 | Tyr TAT   4   3   7 | Cys TGT   1   2   8
    TTC   9  10   1 |     TCC   6   7   0 |     TAC  10   2   7 |     TGC   2   0   0
Leu TTA   1  12  11 |     TCA   2   5  10 | *** TAA   0   0   0 | *** TGA   0   0   0
    TTG   5   9  15 |     TCG   7   3   4 |     TAG   0   0   0 | Trp TGG   8   8   5
--------------------------------------------------------------------------------------
Leu CTT   0   0   6 | Pro CCT   0   1   3 | His CAT   3   4   6 | Arg CGT   4   3   5
    CTC   3   1   0 |     CCC   7   0   2 |     CAC   8   4   1 |     CGC  10   1   2
    CTA   1   7   0 |     CCA   4  12   5 | Gln CAA   0  21  26 |     CGA   1   3   7
    CTG  18   0   3 |     CCG   5   1   5 |     CAG  16   1   1 |     CGG  15   0   0
--------------------------------------------------------------------------------------
Ile ATT   4  10  16 | Thr ACT   0   5   9 | Asn AAT   3  12  26 | Ser AGT   0   4   1
    ATC  10  11   4 |     ACC  15   2   1 |     AAC  13   8   0 |     AGC   3   7   0
    ATA   6   4  10 |     ACA   1   1   4 | Lys AAA   3  17  23 | Arg AGA   1  18  14
Met ATG  10  12  11 |     ACG   6   6   0 |     AAG  33  21  17 |     AGG   3   4   0
--------------------------------------------------------------------------------------
Val GTT   6   7   9 | Ala GCT   0   5   2 | Asp GAT  10  37  26 | Gly GGT   4   3   5
    GTC   7   5   2 |     GCC   1   2   1 |     GAC  22   3   0 |     GGC   8   0   0
    GTA   1   9   8 |     GCA   1   3   1 | Glu GAA  16  25  35 |     GGA   0   5   2
    GTG  18   7   2 |     GCG   6   0   0 |     GAG  26   5   7 |     GGG   1   0   1
--------------------------------------------------------------------------------------

Codon position x base (3x4) table for each sequence.

#1: Scer           
position  1:    T:0.21374    C:0.18066    A:0.31298    G:0.29262
position  2:    T:0.23664    C:0.17048    A:0.43511    G:0.15776
position  3:    T:0.31298    C:0.13486    A:0.34606    G:0.20611
Average         T:0.25445    C:0.16200    A:0.36472    G:0.21883

#2: Sbay           
position  1:    T:0.19338    C:0.20865    A:0.30534    G:0.29262
position  2:    T:0.23919    C:0.16794    A:0.43766    G:0.15522
position  3:    T:0.29262    C:0.15267    A:0.33079    G:0.22392
Average         T:0.24173    C:0.17642    A:0.35793    G:0.22392

#3: Smik           
position  1:    T:0.18830    C:0.20102    A:0.30534    G:0.30534
position  2:    T:0.24173    C:0.17048    A:0.43511    G:0.15267
position  3:    T:0.25954    C:0.17048    A:0.34860    G:0.22137
Average         T:0.22986    C:0.18066    A:0.36302    G:0.22646

#4: Spar           
position  1:    T:0.19847    C:0.17303    A:0.34351    G:0.28499
position  2:    T:0.23919    C:0.16031    A:0.45802    G:0.14249
position  3:    T:0.26972    C:0.16539    A:0.33588    G:0.22901
Average         T:0.23579    C:0.16624    A:0.37913    G:0.21883

#5: Ncas           
position  1:    T:0.20865    C:0.14758    A:0.34606    G:0.29771
position  2:    T:0.25954    C:0.15013    A:0.44529    G:0.14504
position  3:    T:0.30025    C:0.13232    A:0.37405    G:0.19338
Average         T:0.25615    C:0.14334    A:0.38846    G:0.21204

#6: Cgla           
position  1:    T:0.16794    C:0.18830    A:0.35878    G:0.28499
position  2:    T:0.25700    C:0.13232    A:0.44529    G:0.16539
position  3:    T:0.28753    C:0.17303    A:0.31043    G:0.22901
Average         T:0.23749    C:0.16455    A:0.37150    G:0.22646

#7: Agos           
position  1:    T:0.15267    C:0.24173    A:0.28244    G:0.32316
position  2:    T:0.25954    C:0.16031    A:0.42494    G:0.15522
position  3:    T:0.11196    C:0.34097    A:0.09669    G:0.45038
Average         T:0.17472    C:0.24767    A:0.26802    G:0.30958

#8: Klac           
position  1:    T:0.19338    C:0.15013    A:0.36132    G:0.29517
position  2:    T:0.27735    C:0.16031    A:0.41476    G:0.14758
position  3:    T:0.28244    C:0.16031    A:0.36132    G:0.19593
Average         T:0.25106    C:0.15691    A:0.37913    G:0.21289

#9: Calb           
position  1:    T:0.21374    C:0.18321    A:0.34606    G:0.25700
position  2:    T:0.27226    C:0.13740    A:0.46310    G:0.12723
position  3:    T:0.36896    C:0.05344    A:0.39695    G:0.18066
Average         T:0.28499    C:0.12468    A:0.40204    G:0.18830

Sums of codon usage counts
------------------------------------------------------------------------------
Phe F TTT      58 | Ser S TCT      70 | Tyr Y TAT      63 | Cys C TGT      16
      TTC      57 |       TCC      47 |       TAC      44 |       TGC      11
Leu L TTA      86 |       TCA      37 | *** * TAA       0 | *** * TGA       0
      TTG      78 |       TCG      45 |       TAG       0 | Trp W TGG      68
------------------------------------------------------------------------------
Leu L CTT      29 | Pro P CCT      20 | His H CAT      76 | Arg R CGT      36
      CTC       7 |       CCC      25 |       CAC      27 |       CGC      15
      CTA      30 |       CCA      61 | Gln Q CAA     173 |       CGA      36
      CTG      45 |       CCG      29 |       CAG      25 |       CGG      24
------------------------------------------------------------------------------
Ile I ATT      85 | Thr T ACT      47 | Asn N AAT     103 | Ser S AGT      21
      ATC      78 |       ACC      34 |       AAC      65 |       AGC      28
      ATA      51 |       ACA      39 | Lys K AAA     169 | Arg R AGA     129
Met M ATG      91 |       ACG      31 |       AAG     156 |       AGG      37
------------------------------------------------------------------------------
Val V GTT      59 | Ala A GCT      24 | Asp D GAT     232 | Gly G GGT      38
      GTC      37 |       GCC      14 |       GAC      77 |       GGC      17
      GTA      48 |       GCA      20 | Glu E GAA     233 |       GGA      28
      GTG      58 |       GCG      11 |       GAG     113 |       GGG      26
------------------------------------------------------------------------------


Codon position x base (3x4) table, overall

position  1:    T:0.19225    C:0.18603    A:0.32909    G:0.29262
position  2:    T:0.25360    C:0.15663    A:0.43992    G:0.14984
position  3:    T:0.27622    C:0.16483    A:0.32231    G:0.23664
Average         T:0.24069    C:0.16916    A:0.36377    G:0.22637

Codon frequencies under model, for use in evolver (TTT TTC TTA TTG ... GGG):
  0.01639344  0.01639344  0.01639344  0.01639344
  0.01639344  0.01639344  0.01639344  0.01639344
  0.01639344  0.01639344  0.00000000  0.00000000
  0.01639344  0.01639344  0.00000000  0.01639344
  0.01639344  0.01639344  0.01639344  0.01639344
  0.01639344  0.01639344  0.01639344  0.01639344
  0.01639344  0.01639344  0.01639344  0.01639344
  0.01639344  0.01639344  0.01639344  0.01639344
  0.01639344  0.01639344  0.01639344  0.01639344
  0.01639344  0.01639344  0.01639344  0.01639344
  0.01639344  0.01639344  0.01639344  0.01639344
  0.01639344  0.01639344  0.01639344  0.01639344
  0.01639344  0.01639344  0.01639344  0.01639344
  0.01639344  0.01639344  0.01639344  0.01639344
  0.01639344  0.01639344  0.01639344  0.01639344
  0.01639344  0.01639344  0.01639344  0.01639344


TREE #  1:  (((((1, 4), (3, 2)), 5), 6), ((7, 8), 9));   MP score: 1324
This is a rooted tree.  Please check!
lnL(ntime: 16  np: 18):  -7334.790096      +0.000000
  10..11   11..12   12..13   13..14   14..1    14..4    13..15   15..3    15..2    12..5    11..6    10..16   16..17   17..7    17..8    16..9  
 0.313276 0.078870 0.608313 0.056570 0.178986 0.283475 0.056084 0.204380 0.332141 0.897145 1.216528 0.249922 0.270904 1.848783 1.733323 3.550979 1.553773 0.068148

Note: Branch length is defined as number of nucleotide substitutions per codon (not per neucleotide site).

tree length = 11.879678

(((((1: 0.178986, 4: 0.283475): 0.056570, (3: 0.204380, 2: 0.332141): 0.056084): 0.608313, 5: 0.897145): 0.078870, 6: 1.216528): 0.313276, ((7: 1.848783, 8: 1.733323): 0.270904, 9: 3.550979): 0.249922);

(((((Scer: 0.178986, Spar: 0.283475): 0.056570, (Smik: 0.204380, Sbay: 0.332141): 0.056084): 0.608313, Ncas: 0.897145): 0.078870, Cgla: 1.216528): 0.313276, ((Agos: 1.848783, Klac: 1.733323): 0.270904, Calb: 3.550979): 0.249922);

Detailed output identifying parameters

kappa (ts/tv) =  1.55377

omega (dN/dS) =  0.06815

dN & dS for each branch

 branch          t       N       S   dN/dS      dN      dS  N*dN  S*dS

  10..11     0.313   861.2   317.8  0.0681  0.0223  0.3270  19.2 103.9
  11..12     0.079   861.2   317.8  0.0681  0.0056  0.0823   4.8  26.2
  12..13     0.608   861.2   317.8  0.0681  0.0433  0.6350  37.3 201.8
  13..14     0.057   861.2   317.8  0.0681  0.0040  0.0591   3.5  18.8
  14..1      0.179   861.2   317.8  0.0681  0.0127  0.1869  11.0  59.4
  14..4      0.283   861.2   317.8  0.0681  0.0202  0.2959  17.4  94.0
  13..15     0.056   861.2   317.8  0.0681  0.0040  0.0585   3.4  18.6
  15..3      0.204   861.2   317.8  0.0681  0.0145  0.2134  12.5  67.8
  15..2      0.332   861.2   317.8  0.0681  0.0236  0.3467  20.4 110.2
  12..5      0.897   861.2   317.8  0.0681  0.0638  0.9366  55.0 297.6
  11..6      1.217   861.2   317.8  0.0681  0.0865  1.2700  74.5 403.6
  10..16     0.250   861.2   317.8  0.0681  0.0178  0.2609  15.3  82.9
  16..17     0.271   861.2   317.8  0.0681  0.0193  0.2828  16.6  89.9
  17..7      1.849   861.2   317.8  0.0681  0.1315  1.9300 113.3 613.3
  17..8      1.733   861.2   317.8  0.0681  0.1233  1.8095 106.2 575.0
  16..9      3.551   861.2   317.8  0.0681  0.2526  3.7070 217.6 1178.0

tree length for dN:       0.8452
tree length for dS:      12.4018


Time used:  0:14
