      9   1182

Scer                            CAC TTA GAA GAA AAA TTG ATG GGT GAA ATG TTG GTC AAA CAG ATG AAA AAA TCC CGT TCA GAT GAA TTG GAA AAT AAT CCT CGT TCA GCT CGT GTA ATT GCT GAA TTC CGT GTC TTG GAA CAA ACT GAA GGT AAA AGA AAC TCC TAC GTC AGA GAA GTT CGT GCT GAT ATT CGA AAG GAT TTG AAC CTA TTA AGA CGT TTG CGT CAT ACC AGA GAA CAC GTC AAA AAG GGT CAA GGT AAG TTA AGA GGT CAA TCC TCT TGG GTT GTT GAT CAA GCA CTT TTG ATT CTG ATT ACC GTC GAT GTA CAC CGT GCT AAC CTA ATG AGG TCC CGT TCC ACT ATT CAA CAT ATT GGT AGA TCT ACA GCT ACC GAC TGG AAT GGT CGT ATT GCA TTC GAA AGT CGT ATT GCT GGT CGT GTT GCA CTA CAA AAA AAA GAT TTG TTG GAG TCT TCT CTA ATT AAC CTA ATT ACG CAA GAA CCA ATC AAC AGT ATT ACA GAC CTA GGT GGA GAG ATG TTG CAA AAA GGT AAC GAC ACA GGT CAA AAA ATT ACA GCA CAA AGA ACT GAA GCA AAG GCA TCC GAA GGT AAA GTA GTC GCA GAA TAT CAA AAC GGG GTT ATT GAA ATT CAA AGA GCA GGC AGA AGA CCA AAG GAT CCT ACG AGA AAG CCA TAT AAG TTA GTT CCT AGA TTC AGA TGG TTG GAG GGT GCA AAG GTT TAT AAC AGA TAC AAA AAC AAC AAC AAT GAC GGT TAT AAA AGA ACC AAT TCA ACC AAA ACC GAG CAA TCT TTT ATT GTC AAC GGT GAC TGG TCC TAC AGA CCA ATT GTT GCA TCT AAC CAA TCC AGG GCC GAG TAC AGA TCT GTA GTT ACG ACA AGA TCT CTG AAT GTT GCC GGT TTG ACT GAT CAA GTC GCT TCC AAG GGT GGT GAG AGA TCT CAA GCA AGA TCT ATG TCC GAA AGA GAT GAT GAA GAA AAT AAA ACG AGA GCA AAC TTG GAA TAC AGT GGT GCT GAA AGA ACT GAC GGT CAA AAG GGT AGT GAT AAT CGT AGA AGA TAC CCA CTA GTG ATG GAA TAC GAT GGT GAA ATT GAC TGG ACT AGA GAA GAA ACT GAT TCT ACA AAA CAA GGT CGT TTG ATC GGT TTG AAA ATT TTA TTA TTT AAG ATT GCC AAT TTC GGT AGT TCC GTT TCC GAA AGA GAA AGA TTG AAA AAG 
Sbay                            CAC TTA GAA GAA AAA TTG ATG GGT GAA ATG TTG GTC AAA CAG ATG AAG AAG TCG CGT TCT GAT GAA TTG GAA AAC AAT CCC CGT TCT GCT CGT GTA GTG GCT GAA TTC CGT GTC TTG GAA CAA ACT GAA GGT AAA AGA AAC TCT TAC GTC AGA GAG GTC CGT GCT GAT ATC AGA AAG GAT TTG AAT CTG TTA AGA CGT TTG CGT CAT ACA AGA GAA CAC GTC AAA AAG GGT CAA GGT AAA TTA AGA GGT CAA TCT TCT TGG GTC GTC GAT CAA GCA CTC TTG ATT TTG GTG ACC GTC GAT GTA CAC CGT GCT AAC CTG ATG AGA TCC CGT TCC ACC ATT CAA CAT ATT GGT AGA TCC ACC GCC ACC GAT TGG AAT GGT CGT ATC GCA TTC GAA AGT CGT ATC GCT GGT CGT GTC GCA CTA CAA AAG AAA GAT TTG TTG GAG TCC TCT CTA ATT AAT CTA ATT ACG CAA GAA CCA ATC AAC AGT ATC ACA GAT CTA GGT GGA GAG ATG TTA CAG AAA GGT AAC GAT ACC GGT CAA AAG ATC ACA GCA CAG AGA ACT GAA GCT AAA GCC TCT GAA GGT AAA GTA GTC GCC GAA TAC CAA AAT GGG GTT ATT GAA ATC CAA AGA GCA GGC AGA AGA CCA AAG GAT CCT ACC AGA AAG CCA TAC AAG CTA GTT CCT AGA TTC AGA TGG TTG GAG GGT GCA AAA GTT TAC AAT AGA TAC AAG AAC AAC AAC AAT GAT GGT TAC AAG AGA ACT AAT TCT ACC AAA ACG GAG CAA TCT TTT ATT GTC AAC GGT GAT TGG TCG TAC AGA CCA ATC GTT GCA TCC AAC CAA TCT AGA GCA GAG TAC AGA TCT GTA GTC ACC ACC AGA TCT TTG AAT GTT GCA GGT TTA ACC GAT CAA GTC GCC TCT AAA GGT GGT GAG AGA TCC CAA GCA AGA TCT ATG TCT GAA AGA GAT GAT GAA GAG AAT AAA ACG AGA GCA AAC TTG GAA TAC AGC GGT GCT GAA AGA ACC GAT GGT CAG AAG GGT AGT GAT AAT CGT AGA AGA TAC CCA TTA GTG ATG GAA TAC GAC GGT GAG ATT GAT TGG ACC AGA GAA GAA ACC GAT TCT ACC AAA CAA GGT CGC TTG ATC GGC TTG AAA ATC TTA CTA TTT AAG ATT GCC AAT TTC GGT AGT TCC GTT TCG GAA AGA GAA AGA TTG AAG AAG 
Smik                            CAC TTA GAG GAA AAA TTG ATG GGT GAA TTG TTG GTT AAA CAG ATG AAA AAA TCC CGT TCT GAT GAA TTA GAA AAT AAT CCC CGT TCT GCA CGT GTA GTT GCT GAA TTC CGT GTC TTG GAA CAA ACT GAA GGT AAA AGA AAC TCC TAT GTC AGA GAA GTT CGT GCA AGA ATT AGA AAG GAT ATT AAC CTA TTA AGA CGT TTG CGT CAT ACA AGA GAA CAC GTT AAA AAG GGT CAA GGT AAG TTA AGA GGT CAA TCT TCT TGG GTT GTC GAT CAA GTG CTT TTG ATC TTG GTT ACC GTG GAT GTA CAC CGT GCA AAC CTA ATG AGA TCT CGT TCT ACT ATT CAA CAT ATC GGT AGA TCC ACT GCT ACT GAC TGG AAC GGT CGT ATT GCA TTC GAA AGT CGT ATT GCT GGT CGT GTT GCA CTA CAG AAA AAA GAT TTA ATT GAA TCT TCA CTA ATC AAC CTA ATC ACA CAA GAA CCA ATT AAC AGT ATC ACA GAC CTA GGT GGA GAG ATG TTG CAA AAA GGT AAC GAT ACT GGT CAA AAA ATT ACC GCA CAA AGA ACT GAG GCT GTC GCT TCT GAA GGT AAA GTA GTC GCT GAA TAC CAA AAC GGG GTT ATC GAA ATT CAA AGA GCA GGT AGA AGA CCA AAG GAT CCT ACG AGA AAG CCA TAC AAG CTA GTC CCT AGA TTT AGA TGG TTG GAA GGT GCA AAG ATT TAT AAC AGA TAC AAA AAC AAC AAC AAC GAC GGT TAC AAA AGA ACT AAT TCT ACC AAA ACC GAA CAA TCT TTC ATC GTC AAC GGT GAC TGG TCC ACT AGA CCT ATC ATT GCA TCC AAC CAA TCC AGA TTA GAG TAC AGA TCT GTA GTT ACG ACT AGA TCT TTG AAT GTC TTA GGT TTA ACC GAT CAA GTC GCT TCC GTC GGT GGT GAA AGA TCT CAA GCC AGA TCT ATG TCC GAA AGA GAT GAT GAA GAG AAT AAA ACA AGA GCA AAT TTG GAA TAC AGT GGT GCC GAA AGA ACC GAC GGT CAA AAG GGT AGT AGA AAT CGT AGA AGA TAC CCT TTA GTG ATG GAA TAC GAT GGT GAA ATC GAC TGG ACC AGA GAA GAA ACC GAT TCT ACA AAA CAA GGT CGT TTG ATC GGT TTG AAA ATT TTA CTA TTT AAG ATT GCC AAT TTC GGT AGT TCC ATT TCC GAA AGA GAA AGA TTG AAA AAG 
Spar                            CAC TTA GAA GAA AAA TTG ATG GGT GAA TTG TTG GTC AAA CAG ATG AAA AAA TCC CGT TCC GAT GAA TTG GAA AAC AAT CCA CGT TCC GCC CGT GTA ATT GCT GAA TTC CGT GTC TTG GAA CAA ACT GAA GGT AAA AGA AAT TCC TAT GTC AGA GAA GTT CGT GCC AGA ATT AGA AAG GAT ATT AAC CTA TTA AGA CGT TTG CGT CAT ACT AGA GAA CAC GTC AAA AAG GGT CAA GGT AAG TTA AGA GGT CAA TCC TCT TGG GTT GTC GAT CAA GTG CTT TTG ATT TTG ATT ACC GTC GAT GTA CAC CGT GCC AAC CTA ATG AGG TCT CGT TCT ACT ATT CAA CAT ATT GGT AGA TCT ACA GCT ACT GAC TGG AAT GGT CGT ATT GCA TTC GAA AGT CGT ATT GCT GGT CGT GTT GCG CTA CAA AAA AAA GAT TTG ATT GAG TCC TCT CTA ATC AAC CTA ATT ACG CAA GAA CCA ATC AAC AGT ATC ACA GAC CTA GGT GGA GAG ATG CTG CAA AAA GGT AAC GAT ACA GGT CAA AAA ATT ACC GCG CAA AGA ACT GAA GCT GTG GCA TCC GAA GGT AAA GTA GTC GCA GAA TAC CAA AAC GGA GTT ATT GAA ATT CAA AGA GCA GGC AGA AGA CCA AAG GAT CCT ACG AGA AAG CCA TAT AAG CTA GTT CCT AGA TTT AGA TGG TTG GAG GGT GCA AAG GTT TAT AAC AGA TAC AAA AAC AAT AAC AAT GAC GGT TAT AAA AGA ACT AAT TCC ACC AAA ACC GAG CAA TCT TTT ATT GTC AAC GGT GAC TGG TCC ACA AGA CCT ATC GTT GCG TCT AAC CAA TCC AGG CTA GAG TAC AGA TCT GTA GTC ACG ACA AGA TCT TTG AAT GTC CTA GGT TTA ACT GAT CAA GTC GCT TCC GTG GGT GGT GAG AGA TCT CAA GCA AGA TCT ATG TCC GAA AGA GAT GAT GAA GAG AAT AAA ACG AGA GCG AAT TTG GAA TAC AGC GGT GCT GAA AGA ACT GAC GGT CAA AAG GGT AGT AGA AAT CGT AGA AGA TAC CCT TTA GTG ATG GAA TAC GAC GGT GAA ATC GAC TGG ACT AGA GAA GAA ACT GAT TCT ACA AAA CAA GGT CGT TTG ATT GGT TTG AAA ATT TTA CTA TTT AAG ATT GCC AAT TTC GGT AGT TCC GTT TCC GAA AGA GAA AGA TTG AAA AAG 
Ncas                            CAT TTA GAA GAA AAG CTT TTG GGT GAA ATG TTA GTT AAA CAA ATG AAG AAG TCT CGT TCT GAT GAA CTA GAA AAC AAT CCA CGT TCT GCT CGT GTA ACA GCT GAA TTC AGA GTC TTG GAA CAG ACT GAA GGT AAG AGA AAC TCC TAT GTT AGA GAA GTT CGT GCT GAT ATT AGA AAG GAA CTA AAT TTG TTA AGA CGT CTT AGA CAA ACT AGA GAA CAT GTT AAG AAG GGT CAA GGT AAA TTG AGA GGT CAA TCT TCG TGG GTT GTT GAT CAA GCG CTC CTT ATT TTA ACA ACT GTC GAT GTC CAT CGT GCT AAC TTG ATG AGA TCC CGT TCC ACT ATT CAA CAA ATT GGT AGA TCT ACG GCA ACA GAT TGG AAT GGT CGT ATT GCC TTC GAA AGT CGT ATC GCT GGT CGT GTT GCA TTA CAA AAG AAA GAT CTA CTA GAA TCC TCC CTA ATT AAT TTA ATT ACC CAA GAA CCT ATC AAC AGT ATC ACT GAT CTA GGT GGT GAA ATG TTA CAA AAG GGT AAT GAT ACG GGT CAA AAG ATC ACG GCA CAA AGA ACT GAA GCT AAG GCT TCC GAA GGT AAA GTC GTC GCT GAA TAT CAA AAT GGG GTT ATT GAA ATT CAA CGT GCT GGG AGA AGA CCA AAG GAT CCA ACT AGA AAA CCA TAT AAG CTA GTA CCT AGA TTT AGA TGG TTG GAA GGT GCC AAA GTT TAT AAT AGA TAT AAG AAC AAT AAC AAT GAT GGT TAT AAG AGA ACA GTA TCT ACT AAA ACC GAA CAA TCT TTT ATT GTA AAT GGT GAT TGG TCT TAC AGA CCA ATC GTT GCA TCT AAC CAA ACC AGA GCC GAA TAC AGA TCC GTG GTT ACT ACG ACG TCT TTA GTA GTC GCC GGG TTG ACA GAT CAA GTC GCT TCC AAG GGT GGT GAA AGA TCT CAA GCT AGA TCG TTG TCC GAA AGG GAT GAT GAG GAA AAT AAG ACC AGA GCT AAT CTA GAA TAT AGT GGT GCA GAG AGA ACC GAT GGT CAA AAG GGT AGT GAT AAT AGA AGA AGA TAC CCA CTA GTC ATG GAG TAT GAT GGG GAA ATT GAT TGG ACC AGA GAA GAA ACA GAT GCT ACC AAA CAA GGT CAT CTA ATC GGG TTG AAG ATT TTA CTA TTC AAG ATT GCT AAC TTC GGT AGT TCT GTT TCT GAA AGA GAA AGG CTT AAG AAG 
Cgla                            CAC CTT GAA GAA AAG CTT ATG GGT GAA ATG CTG GTG AAA CAA ATG AAA AAA TCC CGT TCA GAC GAA CTA GAA AAT AAC CCT AGA TCA GCC CGT GTA ATT GCT GAA TTC CGT GTC TTG GAA CAA ACT GAA GGT AAG AGA AGT TCT TAC GTG AGA GAA GTC CGT GCC GAT ATC AGA AAG GAC TTG AAC CTA CTT AGA AGA CTA CGT CAT ACT AGA GAA CAC GTT AAG AAG GGT CAA GGT AAA CTA AGA GGC CAA TCT TCC TGG GTC GTT GAT CAA GCT TTG CTT ATT CTC ATT ACC GTT GAT GTT CAC CGT GCC AAC CTA ATG AGG TCC CGT TCC ACT ATT CAA CAT ATT GGT AGA TCC ACT GCC ACT GAT TGG AAC GGT AGA ATC GTA TTC GAA AGT CGT ATC GCA GGT CGT GTC GCA CTG CAA AAA AAG GAT CTA TTG GAG TCC TCG CTT ATC AAC CTG ATT ACT CAG GAA CCA ATC AAC AGT ATC ACT GAT CTT GGC GGT GAG ATG CTG CAA AAA GGT AAT GAC ACT GGT CAA AAA ATC ACT GCA CAA AGA ACT GAA GCC AAA GCT GCT GAA GGT AAG GTT GTC GCT GAA TAC CAA AAC GGT GTC ATT GAA ATA CAA AGG GCA GGA AGA AGA CCA AAG GAC CCT ACG AGA AAG CCA TAC AAG TTG GTT CCT AGA TTT AGA TGG TTG GAA GGT GTA AAA ATT TAT AAC AGA TAC AAA AAC AAT AAC AAC GAT GGT TAC AAA AGA ACT TCT TCA ACC AAG ACC GAA CAA TCC TTC ATC GTC AAT GGT GAT TGG TCC TAC AGA CCT ATC ATT GCA TCC AAC CAA TCA AGG GCA GAG TAC AGA TCT GTG GTC ACG ACT ACT TCC CTC TCT GTA GCA GGT TTG ACA GAC CAA GTC GCC TCT AAA GGT GGT GAG AGA TCC CAA GCT AGA TCC ATG TCT GAA AGA GAT GAT GAA GAA AAT AAA ACT AGA GCT AAC TTG GAA TAC AGC GGT GCC GAA AGA ACC GAT GGT CAG AAG GGT AGT GAT AAC CGT AGA AGA TAC CCT TTG GTC ATG GAA TAC GAT GGT GAA ATC GAT TGG ACC AGA GAA GAA ACA GAT GCC ACG AAG CAA GGT AGA TTG ATC GGT TTG AAG ATC CTT TTG TTT AAG ATT GCT AAT TTC GGT AGT TCA ATT TCC GAA AGA GAA AGA CTA AAA AAG 
Agos                            CAC CTT AAC GAG AAG TTG TTA GGT GAG ATG CTG GTG AAA CAG ATG AAG AAG TCT CGC TCT GAC GAA TTG GAG AAC AAC CCC CGG TCT GCA CGT GTG ACA GCG GAA TTC CGT GTT CTG GAG CAG ACG GAA GGT AAG CGC AGT TCT TAC GTG CGG GAG GTG CGT GCA GAT GTG CGG AAG GAT CTA AAC CTG CTT CGT CGG TTG CGT CAC ACT AGA GAG CAC GTC AAG AAG GGC CAG GGT AAG CTG CGT GGC CAG TCA TCT TGG GTG GTC GAC CAG GCA CTT TTG ATC CTG ACA ACT GTT GAC GTT CAC CGT GCA AAC CTG ATG AGA TCC CGT TCC ACC ATT CAG CAC ATC GGT CGC TCT ACC GCG ACG GAC TGG AAC GGC CGG ATC GCC TTC GAA AGC CGT ATT GCG GGT AGA GTG GCG CTG CAG AAG AAA GAC TTG CTA GAG TCC TCT CTC ATC AAC CTG ATC ACA CAG GAG CCG ATC AAC AGC ATC ACC GAC CTC GGC GGT GAG ATG CTA CAG AAG GGT AAT GAC ACC GGC CAG AAG ATT ACA GCG CAG CGG ACG AAC GCC AAA TCT AGT GAG GGT AAA GTT GTG TCT GAG TAC CAG AAC GGC GTG ATC GAA GTG CAG CGG GCT GGT CGC AGA CCA AAG GAC CCT ACG AGA ACC CCA TAT AAG CTG GTG CCA CGT TTC AGA TGG TTG GAG GGT GCC AAG ATT TAT AAC CGT TAC AAG AAC AAC AAC AAC GAC GGC TAC AAG AGA ACA AAG TCT ACC CGG ACG GAG CAA TCC TTC ATT GTC AAT GGT GAC TGG TCT TAC AGA CCT ATC ATT GCG TCT AAC CAG AGT AGA GCA GAG TAC AGA TCC GTA GTC ACG ACC ACG TCC CTG AAG GTC GCA GGA CTC ACC GAT CAG GTT GCC TCT AAA GGC GGT GAG CGG TCC CAG GCT AGA TCT TTA TCG GAC AGG GAC GAC GAG GAA AAT AAG ACA AGA GCG AAT CTG GAG TAC AGC GGC GCT GAG CGT ACC GAC GGC CAG AAG GGC AGC GAT AAC CGT AGA AGA TAC CCT CTG GTT ATG GAG TAC GAT GGA GAG ATC GAC TGG ACC CGG GAG GAG ACC GAC GCG ACC AAA CAG GGT CGG CTG ATC GGA CTG AAG GTG CTT CTG TTT AAG ATC GCT AAC TTC GGT AGC TCG ATT TCT GAA AGA GAG AGG TTG AAG AAG 
Klac                            CAC TTA AAC GAA AAG TTG ATG GGT GAG CTG TTA GTC AAA CAA ATG AAG AAA TCC AGA TCT GAC GAA TTA GAA AAT GAT CCA AGA TCT GCA CGT GTG ACA GCC GAA TTC AGA GTT TTG GAA CAG ACT GAG GGT AAG AGA AAC TCC TAT GTT AGA GAA GTC CGT GCA AGA GTT AGA AAG GAT ATT AAC TTG TTA AGA AGA TTA AGA CAT ACC AGA GAG CAC GTT AAG AAG GGT CAA GGT AAG TTG AGA GGT CAG TCA TCT TGG GTC GTT GAT CAA GTT TTG TTG ATA TTG ACA ACC GTC GAT GTA CAC AGA GCA AAC TTG ATG AGA TCC CGT TCC ACG ATT CAA CAT ATA GGT AGA TCC ACT GCT ACT GAT TGG AAC GGT AGA ATT GCA TTC GAG AGT CGT ATC GCT GGT AGA GTC GCA TTG CAA AAG AAA GAT TTA ATT GAA TCC TCT CTT ATT AAC TTG ATA ACT CAA GAA CCA ATC AAC AGT ATC ACG GAT CTT GGT GGT GAA ATG CTT CAA AAA GGT AAT GAC ACT GGT CAA AAG ATC ACT GCA CAA AGA ACT AAC GCT GTC GCT GCT GAA GGT AAA GTA GTC GCT GAA TAC CAA AAC GGT GTC ATA GAA GTG CAA CGC GCA AAT AGA AGA CCA AAG GAT CCA ACG AGA AAG CCA TAT AAG TTA GTA CCT AGA TTC AGA TGG TTG GAA GGT GCA AAG ATC TAC AAC AGA TAC AAG AAC AAT AAC AAC GAT GGT TAC AAG AGA ACT AAC TCT ACT AAG ACA GAA CAG TCT TTC ATT GTG AAT GGT GAT TGG TCC ACG AGA CCT ATC ATC GCA TCC AAC CAA TCA AGA CTA GAA TAC AGA TCT GTG GTC ACG ACT ACG TCT TTG AAC GTT CTA GGT TTA ACA GAT CAG GTT GCC TCC GTC GGT GGT GAA AGA TCC CAA GCT AGA TCT ATG TCT GAA CGT GAT GAT GAA GAA CAT AAA ACT AGA GCT AAT TTG GAA TAC AGC GGT GCT GAG AGA ACT GAT GGT CAA AAG GGT AGT AGA GAT AGA AGA AGA TAC CCT CTA GTT ATG GAA TAC GAC GGT GAA ATT GAT TGG ACT AGA GAG GAA ACA GAT GCT ACC AAA CAA GGT ACG TTG ATC GGT TTA AAG GTT TTA TTA TTT AAG ATT GCT AAC TTC GGT AGT TCT ATC TCC GAG AGA GAG CGT TTA AAA AAG 
Calb                            CAC TTA TAC GAA AAA TTG CTT GGT GAA TTG TTG GTC AAG CAG ATG AAA AAA TCT AGA TCA GAT GAA TTG GAA AAT AAT GCT AGA TCA GCT AGA TTA CAA GCA GAA TTT CGT GTT TTA GAA CAG ACT GAC GGT AAA AGA AAA TCT TAT GTC AGA GAA GTT CGT GCT CGT ATC AGA GCT GAT ATC AAC TTG TTA AGA AGA TTG CGT GAA ACT AGA GAA CAC GTT AAA AAG GGT CAA GGT CAA TTA AGA GAC CAG CCA TCT TGG GTT GTT GAT CAA GTG TTG TTG ATA TTG CAA ACC GTT GAT GCT CAC AGA GCT AAC TTG ATG AGA TCT CGT TCT ACT ATT CAA GAA ATA GGT AGA TCC ACT GCC ACT GAT TGG AAC GGT AGA ATT GCA TTC GAC AGT CGT ATT GCT GGT CGT GTT GCT ATT CAA AAA AAA GAT TTG ATC GAA TCC TCT TTA ATT AAC ATT ATA ACT CAA GAA CCT ATC AAC AGT ATT ACA AAT TTA GAC GGT GAA ATG TCA CAA CAA GGT AAA GAA ACT GGT CAA AAA ATT ACC GCT CAA AGA ACT TAC GCT GTA TCC TCA GAA GGT AAA GCT GTC TCC GAT TAC CAA AAC GGG GTC ATA GAA ATA CAA CGT GCA CCA AGA AGA CCT AAA GAT CCA ACT AGA AAA CCA TAT AAG TTA GTT CCA AGA TTT AGA TGG TTG GAA GGT GCA CAA ATT TAT AAC AGA TAC AAA AAC GCC AAC AAC GAT GGT TAC AAA AGA ACT AGT TCA ACT AAA ACC GAA CAA TCC TTC ATT GTC AAA GGT GAT TGG TCT ACC AGA CCA ATT ATT GCT TCC AAC CAA AGT AGA TTA GAA TAC AGA TCA GTA GTC ACT ACT TAT TCC TTG AGT GTC TTA GGG TTG ACC GAT CAG GTT GCT TCT GTA GGT GGT GAA AGA TCT CAA GCT AGA TCT CTT TCA GAA AGA GAT CAA GAA GAA AAT CAA ACT AGA AAA AAC TTA GAT TAC TCT GGT GCT GAA AGA ACT AAT GGT CAA AAG GGT AGT CGT AAT CGT AGA AGA TAC CCA TTA GTT ATG GAA TAC GAT GGG GAA ATT AAT TGG ACT AGA GAA GAA ACC GAT GCT ACA AAA CAA GGT CAT TTA ATC GGA TTG AAA ATC TTA TTA TTT AAA ATT GCT AAT TTT GGT AGT GCA ATT TCT GAC AGA GAA AGA TTG AAA AAG 



Printing out site pattern counts


         9        636  P

Scer                            AAA AAA AAA AAA AAA AAA AAA AAC AAC AAC AAC AAC AAC AAG AAG AAG AAG AAG AAG AAT AAT AAT AAT AAT AAT ACA ACA ACA ACA ACC ACC ACC ACC ACC ACC ACG ACG ACT ACT ACT ACT AGA AGA AGA AGA AGA AGA AGA AGG AGT AGT ATC ATC ATG ATG ATG ATT ATT ATT ATT ATT ATT ATT ATT ATT ATT ATT CAA CAA CAA CAA CAA CAA CAA CAA CAC CAG CAT CCA CCA CCA CCA CCT CCT CCT CGA CGT CGT CGT CGT CGT CGT CGT CGT CTA CTA CTA CTA CTG CTT GAA GAA GAA GAA GAA GAA GAA GAA GAA GAA GAA GAC GAC GAC GAG GAG GAG GAT GAT GAT GAT GAT GAT GAT GAT GCA GCA GCA GCA GCA GCA GCA GCA GCC GCC GCT GCT GCT GCT GCT GCT GGA GGC GGG GGT GGT GGT GGT GGT GTA GTA GTA GTC GTC GTC GTC GTC GTC GTC GTG GTT GTT GTT GTT GTT GTT GTT TAC TAC TAC TAC TAT TAT TAT TAT TCA TCC TCC TCC TCC TCC TCC TCC TCC TCT TCT TCT TCT TCT TCT TCT TCT TGG TTA TTA TTA TTC TTC TTC TTG TTG TTG TTG TTG TTG TTG TTG TTG TTG TTG TTT TTT 
Sbay                            ... ... ... ... ... ..G ..G ... ... ... ... ... ..T ..A ..A ... ... ... ... ..C ... ... ... ... ... ... ... ..C ..C ..A ... ... ... ..G ..T ..C ... ..C ..C ..C ... ... ... ... ... ... ... ... ..A ..C ... ... ... ... ... ... ..C ..C ..C ..C ..C ... ... ... ... ... G.G ... ... ... ... ... ... ..G ..G ... ... ... ... ... ... ... ..C ... ... A.. ..C ... ... ... ... ... ... ... ... ... ..G T.. T.. ..C ... ... ... ... ... ... ... ... ... ..G ..G ..T ..T ..T ... ... ... ..C ... ... ... ... ... ... ... ... ... ... ... ... ... ..C ..T ..A ... ..C ..C ... ... ... ... ... ... ... ..C ... ... ... ... ... ... ... ... ... ... ... ... ... ... ... ..C ..C ..C ... ... ... ... ... ... ... ... ..C ..C ..C ..C ..T ... ... ..G ..T ..T ..T ..T ..T ..C ..C ..C ... ... ... ... ... ... C.. ... ... ... ... ... ..A ..A ... ... ... ... ... ... ... ... ... ... ... 
Smik                            ... ... ... ... ... ... ... ... ... ... ... ..T ... ... GTC ... ... ... ... ... ..C ... ... ... ... ... ..C ... ..T ..A ... ... ..T ... ..T ... ..A ..C ..C ... ... ... ... ... ... ... ... ... ..A ... ... ... ..T ... ... T.. ..C ... ... ... ... ..C ..C ..C ... ... G.. ... ... ... ... ... ..G ... ... ... ... ... ... ... ... ..T ..C ... ... A.. ... ... ... ... ... ... ... ... ... ... ... T.. T.. ... ... ... ... ... ... ... ... ... ..G ... ..G ... ... ..T ..A ..A ... ... AGA ... ... ... ... ... ... ... ... ... ... ..C .TG ..T ..T TTA ... ... ... ..A ..C ... ... ... ..T ... ... ... ... ... ... ... ... ... ... ... ... ... ..G ..T ..T ... ..C ... ... A.. ..C ..C ... ACT ... ... ..T ..C ..C ..C ... ..T ... ..T ... ... ... ... ..T ..T ..C ... ... ..A ... ... ... ... ... C.. ... ... ... ... ..T ..A ... A.T ..A ... ... ... ... ... ... ... ..C ... 
Spar                            ... ... ... ... ... ... ... ... ... ..T ..T ..T ... ... GT. ... ... ... ... ..C ... ... ... ... ... ... ..C ... ... ..T ... ... ..T ... ..T ... ... ... ... ... ... ... ... ... ... ... ... ... ... ..C ... ..T ... ... ... T.. ..C ... ... ... ... ..C ... ... ... ... ... ... ... ... ... ... ... ... ... ... ... ... ... ... ... ..T ..A ... ... A.. ... ... ... ... ... ... ... ... ... ... ... T.. T.. ... ... ... ... ... ... ... ... ... ... ... ..G ... ... ..T ... ... ... ..C AGA ... ... ... ... ... ... ... ... ..G ..G ... .TG ... ..T CTA ... ... ... ..C ... ... ... ... ... ..A ... ... ... ... ... ... ... ... ... ... ... ... ... ... ... ... ..C ..C ... ... ..C ... ... ACA ... ... ..T ..C ... ... ... ..C ... ..T ... ... ... ... ... ... ... ..C ... ... ... ... ... ... ... C.. ... ... ... ... ..T ..A C.. A.T ... ... ... ... ... ... ... ... ... ... 
Ncas                            ... ... ... ..G ..G ..G ..G ... ..T ... ..T ..T ..T ..A ... ..A ... ... ... ..C ... ..C ... ... GTA ..T ..G ..C ..G ..T ..T ..T ..A ... ..A ..T ..C ..A ..C ... ... .CG ... ... ... ... ..G C.T ..A ... ... ... ... ... T.. ... ..C ..C ... ... ... ... ... ... ... ... .CA ... ... ... ... ..G ... ... ... ..T ..A ..A ... ... ..T ... ..A ..A ... A.. .A. A.A ... ... ... ... ... ... ... T.. T.G ... T.A ..C ... ... ... ... ... ... ..G ..G ... ... ... ..T ..T ..T ..A ..A ..A ... ... ..A ... ... ... ... ... ..C ..T ... ..T ..T ..G ..T ..T ... ..T ..A ... ... ..A ... ... ..T ..G ... ..G ..G ... ... ... ... ..C ..G ..A ... ... ..T ... ..T ..T ..C ... ... ... ... ..C ..A ... ... ... ..T ..T ... ... ... ... ..T ..T ... ..T A.. ... ... ... ..T ... ..C ... ..C G.. ..C ..G ... ... C.. ... ..G ... ... ..T ... ..A C.A C.A C.A C.T C.T ..A ... ... ... ... ..C 
Cgla                            ... ..G ..G ... ..G ... ... ... ..T .GT ..T ... ... ..A ..A ... ... ... ... ... ..C ... ..C ... TC. ..T ..T ..G ..T ..T ... ... ..T ... ..T ... ..T ..A ..C ... ... .CT ... ... ... ... ... ..G ... ..C ... ... ... ... ... ... ..C ..C ..A ..C ..C ..C ..C ... ... ... ... ... ... ... ..G ... ... ... ..G ... ..A ... ... ... ... ..T ... ... ... A.. A.A ... A.A ... ... ... ... ... ..T ..G ... T.G ..C T.G ... ... ... ... ... ... ... ... ... ... ... ..T ..T ... ..A ... ... ... ... ..C ..C ..C ..C ... ... .T. ... ... ..T ..T ..T ..T ..C ..A ..T ..C ..C ..C ..C ..A ... ..T ..A ..T ... ... ..C ... ... ... ..T ..G ... ... ... ..G ..T ..G ..T ..C ... ..C ..C A.. ..A ... ..C ... ... ... ... ..C ..C ..C ... ... ..A ... ... ..A ..T ..T G.T ..T ..C ..C ..C ..G G.C ... ..C ..C ... ..G C.T C.. ... ... ..T ... C.. ... C.A ... C.A C.T C.. ... ... ... ..C ... 
Agos                            ... ... CGG ..G ..G ..G ..G ... ..T .GT ... ..T ... ... ..A .CC ... ... ... ..C ..C ..C ..C ... ..G ..C ... ..C ..C ..T ... ..T ..G ..G ..A ... ..A ..C ..C ..C ..G .CG ... C.C C.G C.T ..G C.G ..A ..C ..C ... ... ... T.A ... ..C ... G.G ..C G.G ..C ... ..C ..C ... .CA ... ..G ..G ..G ..G ..G ..G ..G ... ... ..C ... ... ..G ..T ..C ... ..A ..G ..G ... ..G A.A ..C ... ... ... ..C ..G ..G ..G ... ... ... ... ..C ..G ..G ..G ..G ..G A.C ..G ... ... ... ... ... ... ... ... ... ... ..C ..C ... ..C ..C ..C ..T ..G ..G ..T ... T.T ..C ..A ..T ..G ..C ..A ... ..G ..G ..T ..T ..C ..A ..A ..C ..C ... ..G ..T ... ... ..G ..T ..G ..T ..G ... ..T ..C ..C ..G A.. ..C ..G ..G ... ... ... ... ..C ..C ... ... ..T ..G ... ..T AGT ..G ..T AGT ..A ... ..C ..C ... G.G ..C ... ..C ... C.G C.T C.G ... ... ... C.C C.A C.A ... C.. ... ... C.. C.. C.. ... ..C ... 
Klac                            ... ... ..G ... ..G ... ..G ... ..T ... ..T ..T ... ... GTC ... ... ... ... ... ..C ..C G.. C.. ..C ..G ..T ..C ..T ... ..T ... ..T ..A ..T ... ..T ..A ... ..G ... .CG ... ... ... ... C.T C.C ..A ..C ... ... ... ... ... C.. ..C ..C G.G ... G.. ... ... ..A ... ... .CA ..G ... ..G ... ..G ... ... ... ... ..A ... ... ... ... ..T ..A ..A ... A.. ACG A.A A.A A.A A.A A.A ... ... ..T T.G T.G ... T.. T.G ... ..G ... ... ... ..G ... ..G A.C ... ... ..T ..T ... ..A ..A ..A ..C AGA ... ..C ... ... ... ... ... ... ... ..T ..T .TT ..T ..T CTA ..T ... ..C ..A ... ... ..C ..T AAT ..T ... ... ... ... ... ..G ... ..G ..G ... ..T ..T ... ... ..T ..T ... ..C ..C A.C ... ..A ..C ACG ... ... ..T ..C ..C ... ..C ..T ..T ... ... ..A ..T ... G.T ..A ..C ..C ..C ... G.. ... ... ... ... ... ... ..G ... ... ... ..A C.T A.T ..A ... ..A ... ..A ..A ... ... ..C ... 
Calb                            ..G ... ... C.. ... ... ... ... ..A ..A GC. ... ... C.A GTA ..A ..A ... GCT ... ..C ... ... ... .G. ... ..C ... ..T ..T ..T ... ..T ... ..T ..T ..T ..C ... ... ... TAT ... ... ... ... ... C.T ..A TC. ... ... ... ... C.T T.. ... ... ..A ... ..C ... ... ..A ... ... CAA ... ... ..G ... ..G ... ... ... ... ... G.A ... ..T ..T ... G.. ..A ..A A.. .A. ... A.A ... A.A A.A A.A ... T.. A.T T.G T.. T.. T.G ... ..C ... ... ..T ... ... ... T.C ... ... A.T ..T ..A ..A ..A ..A ... CG. ... ... ... ... C.A ... ... ... ..T AA. ..T .TG T.C ..T TTA ..T ..C ... ... ... ... ..A ..T CCA ... ..A ..G .AC ... ... T.. .CT ... ... ... ..T ... ..T ... ..T ..T ... ..C ... A.. ..C ... ..C AC. ... ... ..T ..C ..C ... ... ... G.A ..T ..T AGT ..A ..T ..A C.A ..C ..C ... ... G.. ..A ... ..C ... ... ... ... ... ..T ..T ... .CA A.C ... ..A ... ... ... ... ..A ... ..C ... 

    1    3    1    2    4    2    5    5    2    1    1    1    4    2    2
    1    2    4    1    1    2    1    2    1    2    1    1    1    3    1
    1    1    1    1    1    2    2    2    2    1    2    1   12    3    4
    5    2    1    2    1    4    1    1    4    2    1    2    2    1    1
    2    2    1    4    1    1    2    1    9    2    1    1    1    2    1
    3    1    2    1    1    1    2    1    1    1    1    1    3    3    1
    1    1    1    3    2    2    2    1    2    1    3    3    1    6    2
    4    2    1    2    2    1    3    3    1    2    2    2    1    2    1
    1    1    1    1    5    2    1    3    1    1    1    2    1    2    1
    1    1    3    1    1    1    1    1    1    1    2    2    8   12    1
    2    1    1    1    2    1    1    1    1    1    1    1    3    3    1
    1    1    1    2    3    1    1    1    1    1    3    1    2    3    1
    1    2    1    1    2    1    1    1    1    1    2    2    5    2    3
    1    1    2    1    1    1    2    2    2    2    2    1    1    1    1
    1    1

CODONML (in paml version 4.9j, February 2020)  temp.nuc
Model: One dN/dS ratio, 
Codon frequency model: Fequal
ns =   9  ls = 394

Codon usage in sequences
--------------------------------------------------------------------------------------------------------------------------------------
Phe TTT   2   2   2   3   2   2 | Ser TCT  11  16  15  12  13   7 | Tyr TAT   4   0   2   4   8   1 | Cys TGT   0   0   0   0   0   0
    TTC   4   4   4   3   4   4 |     TCC  12   7  10  14   9  13 |     TAC   7  11   8   6   3  10 |     TGC   0   0   0   0   0   0
Leu TTA   6   7  10   6   9   0 |     TCA   3   0   1   0   0   5 | *** TAA   0   0   0   0   0   0 | *** TGA   0   0   0   0   0   0
    TTG  16  16  14  15   9  12 |     TCG   0   3   0   0   2   1 |     TAG   0   0   0   0   0   0 | Trp TGG   5   5   5   5   5   5
--------------------------------------------------------------------------------------------------------------------------------------
Leu CTT   1   0   1   1   4   7 | Pro CCT   3   2   4   4   2   5 | His CAT   2   2   2   2   4   2 | Arg CGT  14  13  14  14  11  10
    CTC   0   1   0   0   1   2 |     CCC   0   1   1   0   0   0 |     CAC   3   3   3   3   0   3 |     CGC   0   1   0   0   0   0
    CTA   7   6   8  10  11   7 |     CCA   5   5   3   4   6   3 | Gln CAA  18  15  17  18  20  17 |     CGA   1   0   0   0   0   0
    CTG   2   2   0   1   0   4 |     CCG   0   0   0   0   0   0 |     CAG   1   4   2   1   1   2 |     CGG   0   0   0   0   0   0
--------------------------------------------------------------------------------------------------------------------------------------
Ile ATT  19   9  14  18  13  11 | Thr ACT   7   3   9  10   9  14 | Asn AAT   9  12   8  11  13   6 | Ser AGT   5   4   5   4   5   5
    ATC   2  10  10   5   6  12 |     ACC   6  14   8   4   7   5 |     AAC  14  11  15  12   8  14 |     AGC   0   1   0   1   0   1
    ATA   0   0   0   0   0   1 |     ACA   6   3   5   6   6   2 | Lys AAA  18  15  18  18   8  14 | Arg AGA  28  31  33  31  30  31
Met ATG   7   7   6   6   5   7 |     ACG   4   3   2   4   5   3 |     AAG  12  15  10  10  22  16 |     AGG   2   0   0   2   2   3
--------------------------------------------------------------------------------------------------------------------------------------
Val GTT  11   6   9   8  12   6 | Ala GCT   8   7   7   6  14   8 | Asp GAT  13  19  12  11  19  15 | Gly GGT  25  24  26  25  23  25
    GTC   8  13  10  11   8  10 |     GCC   3   5   3   4   4   8 |     GAC   7   1   6   7   0   5 |     GGC   1   2   0   1   0   2
    GTA   4   4   4   4   5   4 |     GCA  12  11  10   6   5   7 | Glu GAA  27  24  28  26  31  29 |     GGA   1   1   1   2   0   1
    GTG   1   3   3   4   1   3 |     GCG   0   0   0   4   1   0 |     GAG   6   9   5   7   3   4 |     GGG   1   1   1   0   5   0
--------------------------------------------------------------------------------------------------------------------------------------

--------------------------------------------------------------------------------------
Phe TTT   1   1   4 | Ser TCT  15  11  12 | Tyr TAT   2   2   4 | Cys TGT   0   0   0
    TTC   5   5   2 |     TCC   7  11   7 |     TAC   9   8   9 |     TGC   0   0   0
Leu TTA   2  12  15 |     TCA   1   2   7 | *** TAA   0   0   0 | *** TGA   0   0   0
    TTG   7  14  16 |     TCG   2   0   0 |     TAG   0   0   0 | Trp TGG   5   5   5
--------------------------------------------------------------------------------------
Leu CTT   4   3   2 | Pro CCT   3   3   2 | His CAT   0   3   1 | Arg CGT  13   6  10
    CTC   3   0   0 |     CCC   1   0   0 |     CAC   5   3   3 |     CGC   4   1   0
    CTA   3   3   0 |     CCA   3   5   7 | Gln CAA   1  15  22 |     CGA   0   0   0
    CTG  15   1   0 |     CCG   1   0   0 |     CAG  18   4   4 |     CGG  11   0   0
--------------------------------------------------------------------------------------
Ile ATT   7   8  15 | Thr ACT   2  13  16 | Asn AAT   4   6   8 | Ser AGT   3   4   7
    ATC  12   9   6 |     ACC  12   3   6 |     AAC  18  17  12 |     AGC   5   1   0
    ATA   0   4   5 |     ACA   6   5   2 | Lys AAA   6   8  22 | Arg AGA  15  38  35
Met ATG   5   6   4 |     ACG   7   7   0 |     AAG  24  20   5 |     AGG   2   0   0
--------------------------------------------------------------------------------------
Val GTT   6  10  10 | Ala GCT   4  11  17 | Asp GAT   5  17  15 | Gly GGT  14  27  21
    GTC   5  10   7 |     GCC   4   2   2 |     GAC  16   3   5 |     GGC  11   0   0
    GTA   1   3   3 |     GCA   6   9   5 | Glu GAA   7  23  29 |     GGA   3   0   1
    GTG  12   4   1 |     GCG   8   0   0 |     GAG  23   8   0 |     GGG   0   0   3
--------------------------------------------------------------------------------------

Codon position x base (3x4) table for each sequence.

#1: Scer           
position  1:    T:0.17766    C:0.14467    A:0.35279    G:0.32487
position  2:    T:0.22843    C:0.20305    A:0.35787    G:0.21066
position  3:    T:0.34010    C:0.17005    A:0.34518    G:0.14467
Average         T:0.24873    C:0.17259    A:0.35195    G:0.22673

#2: Sbay           
position  1:    T:0.18020    C:0.13959    A:0.35025    G:0.32995
position  2:    T:0.22843    C:0.20305    A:0.35787    G:0.21066
position  3:    T:0.30203    C:0.21574    A:0.30964    G:0.17259
Average         T:0.23689    C:0.18613    A:0.33926    G:0.23773

#3: Smik           
position  1:    T:0.18020    C:0.13959    A:0.36294    G:0.31726
position  2:    T:0.24112    C:0.19797    A:0.34518    G:0.21574
position  3:    T:0.32995    C:0.19797    A:0.35025    G:0.12183
Average         T:0.25042    C:0.17851    A:0.35279    G:0.21827

#4: Spar           
position  1:    T:0.17259    C:0.14721    A:0.36041    G:0.31980
position  2:    T:0.24112    C:0.19797    A:0.34518    G:0.21574
position  3:    T:0.33756    C:0.18020    A:0.33249    G:0.14975
Average         T:0.25042    C:0.17513    A:0.34602    G:0.22843

#5: Ncas           
position  1:    T:0.16244    C:0.15228    A:0.35279    G:0.33249
position  2:    T:0.22843    C:0.21066    A:0.35533    G:0.20558
position  3:    T:0.38579    C:0.12690    A:0.33249    G:0.15482
Average         T:0.25888    C:0.16328    A:0.34687    G:0.23096

#6: Cgla           
position  1:    T:0.15228    C:0.15736    A:0.36802    G:0.32234
position  2:    T:0.23350    C:0.20558    A:0.35025    G:0.21066
position  3:    T:0.31472    C:0.22589    A:0.30711    G:0.15228
Average         T:0.23350    C:0.19628    A:0.34179    G:0.22843

#7: Agos           
position  1:    T:0.14213    C:0.21574    A:0.32487    G:0.31726
position  2:    T:0.22335    C:0.20812    A:0.35025    G:0.21827
position  3:    T:0.21066    C:0.29695    A:0.13706    G:0.35533
Average         T:0.19205    C:0.24027    A:0.27073    G:0.29695

#8: Klac           
position  1:    T:0.18020    C:0.11929    A:0.37817    G:0.32234
position  2:    T:0.23604    C:0.20812    A:0.34772    G:0.20812
position  3:    T:0.31726    C:0.18528    A:0.32234    G:0.17513
Average         T:0.24450    C:0.17090    A:0.34941    G:0.23519

#9: Calb           
position  1:    T:0.20558    C:0.12944    A:0.36294    G:0.30203
position  2:    T:0.22843    C:0.21066    A:0.35279    G:0.20812
position  3:    T:0.36548    C:0.14975    A:0.38832    G:0.09645
Average         T:0.26650    C:0.16328    A:0.36802    G:0.20220

Sums of codon usage counts
------------------------------------------------------------------------------
Phe F TTT      19 | Ser S TCT     112 | Tyr Y TAT      27 | Cys C TGT       0
      TTC      35 |       TCC      90 |       TAC      71 |       TGC       0
Leu L TTA      67 |       TCA      19 | *** * TAA       0 | *** * TGA       0
      TTG     119 |       TCG       8 |       TAG       0 | Trp W TGG      45
------------------------------------------------------------------------------
Leu L CTT      23 | Pro P CCT      28 | His H CAT      18 | Arg R CGT     105
      CTC       7 |       CCC       3 |       CAC      26 |       CGC       6
      CTA      55 |       CCA      41 | Gln Q CAA     143 |       CGA       1
      CTG      25 |       CCG       1 |       CAG      37 |       CGG      11
------------------------------------------------------------------------------
Ile I ATT     114 | Thr T ACT      83 | Asn N AAT      77 | Ser S AGT      42
      ATC      72 |       ACC      65 |       AAC     121 |       AGC       9
      ATA      10 |       ACA      41 | Lys K AAA     127 | Arg R AGA     272
Met M ATG      53 |       ACG      35 |       AAG     134 |       AGG      11
------------------------------------------------------------------------------
Val V GTT      78 | Ala A GCT      82 | Asp D GAT     126 | Gly G GGT     210
      GTC      82 |       GCC      35 |       GAC      50 |       GGC      17
      GTA      32 |       GCA      71 | Glu E GAA     224 |       GGA      10
      GTG      32 |       GCG      13 |       GAG      65 |       GGG      11
------------------------------------------------------------------------------


Codon position x base (3x4) table, overall

position  1:    T:0.17259    C:0.14946    A:0.35702    G:0.32092
position  2:    T:0.23209    C:0.20502    A:0.35138    G:0.21151
position  3:    T:0.32262    C:0.19430    A:0.31387    G:0.16920
Average         T:0.24243    C:0.18293    A:0.34076    G:0.23388

Codon frequencies under model, for use in evolver (TTT TTC TTA TTG ... GGG):
  0.01639344  0.01639344  0.01639344  0.01639344
  0.01639344  0.01639344  0.01639344  0.01639344
  0.01639344  0.01639344  0.00000000  0.00000000
  0.01639344  0.01639344  0.00000000  0.01639344
  0.01639344  0.01639344  0.01639344  0.01639344
  0.01639344  0.01639344  0.01639344  0.01639344
  0.01639344  0.01639344  0.01639344  0.01639344
  0.01639344  0.01639344  0.01639344  0.01639344
  0.01639344  0.01639344  0.01639344  0.01639344
  0.01639344  0.01639344  0.01639344  0.01639344
  0.01639344  0.01639344  0.01639344  0.01639344
  0.01639344  0.01639344  0.01639344  0.01639344
  0.01639344  0.01639344  0.01639344  0.01639344
  0.01639344  0.01639344  0.01639344  0.01639344
  0.01639344  0.01639344  0.01639344  0.01639344
  0.01639344  0.01639344  0.01639344  0.01639344


TREE #  1:  (((((1, 4), (3, 2)), 5), 6), ((7, 8), 9));   MP score: 906
This is a rooted tree.  Please check!
lnL(ntime: 16  np: 18):  -5400.101088      +0.000000
  10..11   11..12   12..13   13..14   14..1    14..4    13..15   15..3    15..2    12..5    11..6    10..16   16..17   17..7    17..8    16..9  
 0.059902 0.124684 0.132592 0.061813 0.085008 0.150813 0.013613 0.230840 0.224520 0.522254 0.357904 0.047092 0.071436 1.088761 0.384898 0.761553 2.071967 0.051752

Note: Branch length is defined as number of nucleotide substitutions per codon (not per neucleotide site).

tree length =  4.317685

(((((1: 0.085008, 4: 0.150813): 0.061813, (3: 0.230840, 2: 0.224520): 0.013613): 0.132592, 5: 0.522254): 0.124684, 6: 0.357904): 0.059902, ((7: 1.088761, 8: 0.384898): 0.071436, 9: 0.761553): 0.047092);

(((((Scer: 0.085008, Spar: 0.150813): 0.061813, (Smik: 0.230840, Sbay: 0.224520): 0.013613): 0.132592, Ncas: 0.522254): 0.124684, Cgla: 0.357904): 0.059902, ((Agos: 1.088761, Klac: 0.384898): 0.071436, Calb: 0.761553): 0.047092);

Detailed output identifying parameters

kappa (ts/tv) =  2.07197

omega (dN/dS) =  0.05175

dN & dS for each branch

 branch          t       N       S   dN/dS      dN      dS  N*dN  S*dS

  10..11     0.060   851.4   330.6  0.0518  0.0033  0.0630   2.8  20.8
  11..12     0.125   851.4   330.6  0.0518  0.0068  0.1311   5.8  43.3
  12..13     0.133   851.4   330.6  0.0518  0.0072  0.1395   6.1  46.1
  13..14     0.062   851.4   330.6  0.0518  0.0034  0.0650   2.9  21.5
  14..1      0.085   851.4   330.6  0.0518  0.0046  0.0894   3.9  29.6
  14..4      0.151   851.4   330.6  0.0518  0.0082  0.1586   7.0  52.4
  13..15     0.014   851.4   330.6  0.0518  0.0007  0.0143   0.6   4.7
  15..3      0.231   851.4   330.6  0.0518  0.0126  0.2428  10.7  80.3
  15..2      0.225   851.4   330.6  0.0518  0.0122  0.2361  10.4  78.1
  12..5      0.522   851.4   330.6  0.0518  0.0284  0.5493  24.2 181.6
  11..6      0.358   851.4   330.6  0.0518  0.0195  0.3764  16.6 124.4
  10..16     0.047   851.4   330.6  0.0518  0.0026  0.0495   2.2  16.4
  16..17     0.071   851.4   330.6  0.0518  0.0039  0.0751   3.3  24.8
  17..7      1.089   851.4   330.6  0.0518  0.0593  1.1451  50.5 378.5
  17..8      0.385   851.4   330.6  0.0518  0.0209  0.4048  17.8 133.8
  16..9      0.762   851.4   330.6  0.0518  0.0415  0.8010  35.3 264.8

tree length for dN:       0.2350
tree length for dS:       4.5410


Time used:  0:09
