      9   1179

Scer                            ATT ATG TAC AAA ATG GAC GGT CGT GCT TTA CCA TTG AAA ACT ATC GAT ATC GAT GGA AGA AAA GAG TAC ACA TCA GAA GCT GAA CTG AAT TAT ACA GTC GGT AAG AAA GCA AAA AAG AGT GCA ATT ATG AAA ATA AAG CTA GAT GCA GCA CAT ACC GAA ACC TCT GGG TTA TTG CGT TAC ATT GAA CAT AGA GAA GCT ACA TTA AAG ATG AAC GAA AAA GGT ATG ATT GAA CAT TTC AGC AAC GAA ACA ATC TTA TAT ATT CAA CCC GGT TTA AAT ACG GAC TTC GTA CCA GCT GTC TTA GTA CCA CCA GCC GAC GAC CAC GCT GAA GTG ATA GAT CAA TGT TCT TTC GCT GGT CGT CAG CTG GTT ACT GCA GCC TTA AAT ATT GAA ACT GCA CCA TTT ACA AAG TAC ATG TTG ACC AAC AAA ATG AAT ATC AAA GAC GCA ACT GAA CGG GAA ATG GAT ATG TTC ATG GAA TTA AAA GTT GGG AAC AAG TAT TTT TTT GTT ACT CCT AAG TTC GTT TTG AAT GCC TTA GAA CTT AAA AAT CAT TTA GAT TTC CCA AAA AAG GCA CCC GTC GTT CTG GCC GAT GAA CGT CTG GTT CAA CCT AAA AAG AGA TTC TTG CAG GAT ACT CAT TTG AAT CCA GCA CAT ACA AAA GAA TTA GGT ACG AAG AAT GGT TTT AAT AAA GCT GGG AGC GCA CTT AGA AAC AAA TAT CAA ATA GAA CAA CGA ATT GCT TAT GCC GAA GGG CAT AGA ATA AAG GTC ATA CAC AAG GAA TTA GCA AAG AGT CCT CCG ACT GAA ATG GCT GAT GTT AAG TTT TCT GCT CTG TTC GAA CAT GCA AAA CTC GAG GGT AAC TTA GTA TAT AGA CTG AAT TTG AAG CCT AAT ACA GCT GTC CTG GAG AAG GGG ATG TAT TAC ACC ATG AAA GCT ATT GAT AGA ACA CGG TAT AAT AAC ATG ATG ATG TCA GGT TTA AAG TTC TTC TTT GTT ATT ACT TTC CCA ATG TTA AAG GCT AAA ACC ATG CAT AGT TAT TTC GCC AAG TAT CAA TTG TTA GAA GCT GAG GTT AAC ACA TTC TAC ATA GTG CTT TCT AAT ACT TAC TTG GTA CAC TTC GTT TAT ATA AAG AAT TGT GAA AGA ATG GGT CGT ATC ACG CGT ACT GCT GAA TTC GTA ATT TTT CAG TTT AAG ATC ATG GTT CCG GAT 
Sbay                            GTT ATG TAC AAA CTG GAC GGT CGT GCT TTG CCA TTG AAA ACT ATC GAC ACA GAT GGA AGG AAA GAG TAT ACT TCC GAA GCT GAA TTA AAT TAT ACC ATC GGT AAG AAA GCT AAA AAA AAG GCT ATC ATG AAA ATA AAA TTA GAT GCT GCC CAT ACC GAA ACC TCT GGT CTA CTT CGT TAC GTT GAA CAT AGG GAA GCT ACA CTA AAG ATG ACC GAA AAG GGT ATG ATT GAA CAT TTC AGC AAC GAG ACT ACA TTA TAT ATC CAA CCC GGT TTG AGT ACA GAT TTT GTA CCA GCT ATC CTA GTA CCA CCA GCT GAC AAC CAC GCT GAA GTG ATA GAT CAA TGT TCT TTC GCT GGT CGT CAA TTA GTT ACC GCT GCC TTG AAC ATC GAA ACC GCA CCA TTC ACA AAG TAT ATG GTG ACC AAC AAG ATG AAT ATC AAA AAC GCT ACT GAA CGT GAA ATG GAT ATG TTC CTG GAG CTG AAA GTC GGG AAC AAA TAT TTC TTC GTC ACT CCA AAA TTA GTT GTG AAT GCT CTA GAG CTC AAA AAC CAT CTG GAT TTC CCA AAG AAG GCT CCC ATC GTG TTA GCC GAT GAA CGT CTA GTC CAA CCA AAA AAG AGG TTT TTG CAG GAT ACT CAT TTG AAC CCG GCA CAT ACG AAA GAA TTA GGT ACA AAA AAT GGT TTC AAT AAG GCC GGG AGC GCT CTC AGA ACC AAG TAT CAA ATA GAA CAA CGA ATC GCT TAT GCC GAA GGT CAT AGA ATA AAG ATC ATA CAC AAG GAA TTG GCG AAA AGT CCG CCT ACC GAA ATG TCC GAT GTT AAA TTC TCC GCT CTG TTC GAG CAT GCT AAA CTA GAG GGT ACC TTA GTG TAC AGA CTG TCT TTG AAA CCT AAT ACT GCT ATC CTA GAA AAA GGT ATG TAC TAT ACC CTG AAA GCC ATT GAT AGA ACA CGT TAT AAT AAT ATG ATG ATG ACC GGT TTG AAG TTT TTT TTT GTT GTT ACC TTT CCA ATG TTA AAG GCA AAA ACT ATG CAT AAG TAT TTC GCT AAG TAT CAA TTG TTA GAA GCT GAA GTT AAT ACT TTA TAC ATA GTA CTT TCT AAT ACC TAC TTA CTA CAC TTT GTT TAT ATA AAA AAT TGT GAA AGA ATG GGT CGT ATC ACA CGT ACT GCC GAA TTC GTA GTT TTC CAA TTC AAA ATC CTG GTC CCT GAT 
Smik                            ATT ATG TTT AAA ATG GAC GGT CGT GCG CTG CCA TTA AAA ACT ATT AAC ACC GAT GGA AGA AAA GAG TAT ACA TCA GAA GCT GAA TTA AAT TAT ACC ATC GGT AAG AAA GCA AAA AAA AAT GCA ATT ATG AAA ATA AAA TTG GAT GCA GCA CAT ACT GAA ACC TCT GGC TTG TTG CGT TAC ATT GAA CAT AGA GAA GCT ACA TTA AAG ATG AAC GAA AAG GGT ATG ATT GAA CAT TTC AGC AAT GAG ACT ACC TTA TAT ATT CAA CCC GGT TTG AAT ACA GAC TTC GTA CCA GCT ATC TTG GTA CCA CCA GCT GAC AAC CAC GCG GAA GTG ATA GAT CAG TGT TCT TTC GCG GGT CGT CAG TTA GTG ACT GCA GCC CTG AAT ATT GAA ACT GCA CCA TTC ACA AAG TAT ATG TTG ACC AAC AAA ATG AAT ATT AAA AAC GCA ATT GAA CGC GAA ATG GAT ATG TTC ATG GAA TTG AAG GTT GGG AAC AAG TAT TTT TTC GTT ACT CCA AAA TTC GTG TTG AAC GCT TTG GAA CTT AAA AAT CAT CTG GAT TTC CCA AAA AAG GCG CCC ATC GTT TTA GCC GAT GAA CGT TTA GTT CAG CCA AAA AAG AGA TTT TTG CAG GAT ACC CAT TTG AAT CCA GCA CAT ACG AAA GAA TTG GGT ACG AAA AAT GGT TTT AAT AAA GCC GGG AGC GCG CTT AGA AAC AAA TAT CAA ATA GAA CAA CGA ATT GCG TAT GCC GAA GGC CAT AGG ATA AAG ATC ATA CAC AAG GAA CTG GCG AAA AGT CCT CCA ACT GAG ATG GCT GAT GTT AAG TTT TCC GCT CTG TTC GAA CAT GCA AAG CTC GAA GGT AAC TTA GTG TAT AGA CTG AGT TTG AAA CCT AAT ACA GCT ATC TTA GAA AAG GGT ATG TAT TAT ACT ATG AAA GCC ATT GAT AGG ACA CGC TAT AAT AAT ATG ATG ATG TCA GGT CTG AAG TTT TTT TTT GTT ATT ACT TTC CCA ATG TTG AAG GCT AAA ACC ATG CAT AAT TAT TTC GCG AAG TAT CAG TTG TTA GAA GCT GAG GTT AAT ACA TTC TAC ATA GTG CTT TCT AAT ACT TAC TTG GTA CAC TTC GTT TAT ATA AAG AAT TGT GAA AGG ATG GGT CGT ATC ACG CGT ACC GCC GAA TTC GTA ATT TTT CAG TTT AAG ATC ATG GTT CCA GAT 
Spar                            ATA ATG TAC AAA ATG GAC GGT CGT GCT CTC CCA TTG AAA ACT ATC GAT ATC GAT GGA AGG AAA GAA TAT ACA TCA GAA GCT GAA CTG AAT TAT ACC ATC GGT AAG AAA GCA AAA AAG AGT GCA ATT ATG AAA ATA AAA CTA GAT GCA GCA CAT ACT GAA ACC TCT GGA CTA TTG CGT TAC ATA GAA CAT AGG GAA GCT ACA TTA AAA ATG AAC GAA AAG GGT ATG ATT GAA CAC TTC AGC AAT GAA ACC ATC CTA TAT ATT CAA CCC GGT TTA AAT ACG GAC TTC GTA CCA GCT ATC CTA GTA CCA CCA GCA GAC AAC CAC GCT GAA GTG ATA GAT CAA TGT TCT TTC GCT GGT CGT CAG CTG GTT ACT GCA GCC CTC AAT ATT GAA ACT GCA CCA TTT ACA AAG TAT ATG TTG ACC AAC AAA ATG AAT ATC AAA AAC GCA ATT GAA CGT GAA ATG GAT ATG TTC ATG GAA TTG AAA GTT GGG AAC AAG TAT TTT TTT GTT ACT CCA AAG TTC GTT TTG AAT GCA CTA GAA CTT AAA AAT CAT CTG GAT TTC CCA AAG AAG GCG CCC ATC GTT CTG GCC GAT GAA CGT CTG GTT CAA CCA AAA AAG AGG TTC TTG CAG GAT ACT CAC TTG AAC CCA GCA CAT ACA AAA GAA TTA GGT ACG AAA AAT GGT TTT AAT AAA GCC GGG AGC GCG CTT AGA AAC AAA TAT CAA ATA GAA CAA CGA ATT GCT TAC GCC GAA GGA CAT AGG ATA AAG ATC ATA CAC AAG GAA CTC GCG AAA AGT CCC CCG ACT GAG ATG GCC GAT GTT AAG TTT TCC GCT TTG TTC GAA CAT GCA AAA CTA GAG GGT AAC TTG GTG TAT AGA TTG AAT TTG AAA CCT AAT ACA GCT ATC CTG GAA AAG GGT ATG TAT TAT ACT ATG AAA GCC ATT GAT AGA ACA CGT TAC AAT AAC ATG ATG ATG TCC GGT CTC AAA TTC TTC TTT GTT ATA ACT TTC CCA ATG TTG AAG GCT AAA ACC ATG CAT AGT TAT TTC GCC AAG TAT CAA TTG TTG GAA GCT GAA GTC AAC ACA TTC TAC ATA GTG CTT TCC AAT ACT TAT TTG GTA CAC TTC GTC TAT ATA AAG AAT TGT GAA AGG ATG GGT CGT ATC ACG CGT ACT GCC GAA TTC GTA ATA TTT CAG TTT AAG ATC ATG GTT CCG GAT 
Ncas                            ATA ATG TTA AAA ATG GAT GGT AGA GCA ATG CCC TTG AAG ACG ATT GAT ACA GAC GGC AGA AAA GAA TAT ACA TCA GAA GCG GAG CTG AAT TTC AAC ATT GGT AAG AAG GCA AAG AAG CAA GCA ATA CAA AAG ATA GAA CTT GAT GCA GCA CAT ACT GAA ACT TCA GGC TTA TTA CGT TAT ATA GAA AAT AGA GAG GCT ACT TTA AAA TCA AAT GAA AAG GGT ATG ATT GAG CAA TTC GTT GGA GAA ACT ACA TTA TAC ATA GAA CCA GGG TTA ACA ACT GAT TTT GTA CCA GCG ATT TTA AAG CCC CCT GCT GAT CAA CAT GCA GAA ATA ATC GAT CAA TGT TCA TAC GCA GGT CGT CAA CTG GTG ACT GCA CCA ATG AAT ATA GAA ACT AGT CCA TTT ACT AAG TAT ATG CTA ACT AAT GCG ATT GAT ATT AAG CAA GCA GTG GAA CGT GAA ATG AAG ATG TTT ATG GAG GTA AAA GTC GGT AAC AAA TTT TTC TTT GTC ACT CCA AAG TTT GTG CTA AAC GCT TTA GAA CTT AAG AAT AAA TTA GAT TTC CCA AAT AAG CCT CCA ATT GTG CTG GCT AAG GAA CGT TTA GTC CAA CCA AAG AAG AGA TTT TTG GAG GAT ACT CAA TTG AAT CCA GCC AAA ACG AAG GAA TTA GGT ACC GAA AAC GGT TTC AAT AAG GCT GGT AGT CCT CTT AGA AAT AAA TAC GAA ATA AAT GAA AGA ATC GCA TAT CCA GAA GGC AAT AGA ATA AAA ATC ATA CAT AAG GAA ATG GCA AAA AGT CCC CCA ACC GAA ATG ACT GGA ATA AAG TTC TCC GCT TTG TTC GAG CAT GCA AAA AAC GAA GGT AAT TTA GTG TAC AGA TTG TCA TTG GAA CCC AAC ACA GCG ATT TTA GAA AAG GGT ATT TAC TAT ACT ATG AAA GCT ATC GAT AGA ACC CGT TAT AAT AAT ATT ATG TTG TCC GGA ATG AAA TTT TTT TTC GTG ATA ACC TTC TTT ATG CTG AAG GCT AAA ACT ATG AAT CAA TTC TTT GCT ATA TAC CAA TTG TTA GAA GCT GAA GTT AAT ACA TTT TAT ATA CTT TTG TCT GAT ACC ATG TTA TTG CAT TTT GTT TAC CCA AAA AAT TGT GAA AGA ATG GGT CGT TTG ACC CGT ACT GCT GAA TTC AAG ATA TTC CAA TTC AAA TTG ATG GTC CCA GAT 
Cgla                            TTG ATG ATA AAG ATG GAT GGC AGG GCA ATG CCA TTG AAA ACA ATA GAT ACA GAT GGT AGA AAG GAA TAT ACA TCT GAG GCA GAG CTT AAT TTT ACG ATA GGT AAG AAG GCC CAA AAG GAA GCC ATA CAG AAA ATC AAG TTG ATA GCC GCA CAC ACT GAA ACT TCT GGT TTG TTA CGC TAT TTG GAA AAG AGA GAG GCT ACT ATA AAG ACT AAT GAG AAG GGT ATG ATT GAT CAT TTC CAA GGG GAG CCT ACA TTG TAC ATC AAA CCA GGC ATT AGT ACT GAC GTT GTT CCA GCA ATA TTG GTC CCA CCA GCT GAA GAC CAT GCA GAG ATA ATA ATA CAA ATT TCT TAT GCA GGC AGA CAG CTT GTA ACT GCC CCA ATG AAC ATA TTA ACT GCA CCA TTT ACT AAG TAT ATG ATA ACT AAC AAA ATT AAT ATA AAG GAC GCC ATC GAG CGT GAG ATG GAT ATG TAC ATG GAA GTT AAG CTT GGT AAT AAA TTT TTT TTT GTT ACC CCA AAG TTT GTA ATA AAT GCT TTG GAA TTA AAG AAC GAG CTG GAT TTC CCA AAA AAT CCG CCA ATA GTT CTT GCA GAT GAA AGA CTA GTT CAA CCA AAG AAT AGA TTT ACC GAG ATA ACC CAT ACC AAT CCT GCC GAG ACA CAA GAT TTG GGT ACC AAG AAC GGT TTT AAT AAA GCA GGT AGT CCG TTA AGA AAT AAG TAT AAA ATC GAA AAA AGA ATA GCA AAT CCA TTA GGT AAG AGA ATC AAA ATT ATC CAT AAG GAG ATG GCC AGA AGC CCA CCT AAT GAA CTG GCA AAG ATA AAG TTT TCA GCT CTG TTT GAA CAT GCC AAG AGC GAA GGT AAT TTA GTA TAT AGA CTG GTT CTA AAG CCA AAC ACA GCA ATA CTA GAG AAG GGT ATT TAC TAT ACT ATG AAA GCA ATT GAT AGA ACT CGT AAT TCT AGA ATT CTG TTG TCC GGT ATG AAG TTT TTT TTC GTA TTG AAT TTC AGT ATG CTA AAT GCC AAG ACT ATG AAG GAA TTT TAC GCT ATT TAC CAA ACC TTA GAA GCT GAA GTC AAT ACA TTT TAT ATC AGT TTA GCA AAT AAT TAT CTC TAC CAT GTT GTC TAT CCC AAA AAT TGC GAG AGA GTG GGC AGA CTA ACC CGC ACC GCA GAT TTC GTC TTG TTT CAG TTT AAA CTA ATG GTT CCT GAT 
Agos                            ATC ATG TAC AAG ATG GAC TCC CGG GCC ATG GCT TTG AAC ACT ATT GAT ACA GAC GGC AGG AAG GAA TAC GCA TCT GAA GCC GAG ATT GAG TTT ACC GTA GGT AAG AAA GCA CAG AAG TCG GCA ATA CAG AAC ATA CGC CTC ACC GCA GCC CAC ACA GAA ACC TCC GGC CTG TTG CGC TAC ATC GAA CAG AGG GAG GCG TCG GTA AAG AAA AAC GAA AAG GGT ATC ATC GAG CAT TTC GAG GGG GAG ACA ACA CTG TAT ATT CAG CCG GGC CTG ACC ACG GAC CTC GTC CCT GCC GTA CTG AAG CCA CCC GCC GAT CTC CAC GCC GAG GTC ATA ACC CAG TGT TCC TTC GCC TCC AGG CAG ATT GTT ACA GCA CCG ATG CGG ATA CAC ACA GCA CCT TTC TCG AAG TAC ATG GTC ACC AAC GCG GTG GAA ATT AAA CTC GCA ATC GAG CGC GAG ATG GAC ATG TTC ATG GAG CTC AAG CTG GGT AAC AAG GTG TTC TTC CTG GTG CCC AAG TTT GTT GTC AAC GCC CTG GAG ATG AAA AAC CAC TTG GAT TTC CCT AAG TCT CCT CCG GTA GTG ATT GCC GAC GAT AGG CTA CTG CAG CCC AAA TCT AGG TCC ACG GAG ACC ACG CAT ACG AAC CCT GCA CAC TCT CAG GAG ATT GGT ACG CGC AAT GGT ATC AAC AAG GCG GGT GGA CCT ATG AGA AAC AAA TAT CAG ATA AAG CAG AGA ATC GCC TAT CCG CAC GGC CAG CGC ATA AAG GTC TTG CAC AAG GAG ATG GCG AAG TCG CCC CCT ACA GAG ATG GTG GGG GCC AAG ATC TCC GCG CTT TTC GAG CAT GCA AAG CGG GAG GGT AAC TTG GTG TAC CGT CTT CCG TTG CGC CCG AAC GCA GCC GTA CTA CAG AAG GGT GTG TAC TAC ACA ATG ACC GCG ATC GAT CGG ACG CGC TAT AAC ACC GTG ATG TTT GCT GGA ATG AAG TCC TCC TTC CAG ATC ACA TTT AAG ATG GTG TCT GCT AAG ACT ATG CAG TCG TTT TTC GCC AAG TAT CAG ACG TTG GAA GCG GAG GTT AAC GCA TTT TAC TTG GTG TTG GGT GAA ACA ATG CTG CTG CAC CTC GTT TAT GTG AAG CGG TGC GAG CGC CTA TCC AGG ATG ACG CGC ACG GCG GAG TTC AAG ATC TTT CAG ATC AAG ATG ATG CTG CCT GAT 
Klac                            ATC ATG TAT AAA ATG GAC TCC AAG GCA ATG CCA TTG AGG ACT ATT GAT ACT GAC GGA AGA AAA GAG TAT GTC TCA GAA GCT GAA TTA CAG TTT AGT ATA GGT AAG AGA GCC AAA AAG CAA GCC GTG AAA AGG CTA AAG TTA AGC GCC GCT CAT ACC GAA ACC TCC GGC CTT ATC AGA TAT ATC GAA CAC AGA GAA GCT TCA ATC AAA AAA AAT GAA AAG GGT GCT ATT GAC CAA TTC GTT GGG GAG ACG ACT TTG TAC ATC AAA CCA GGT CTT AAG ACT GAT CTT GTC CCA GCT ATA CTT AAA CCA GAT GCT GAT ATC CAC GCA GAA ATT ATA AGC CAA TGC TCC TAT GCA TCC AGA CAA TTA GTT GTT GCC CAG ATG GAA GTG GAT GTT GCA CCA TTT TCA AAG TAT ATG TTG ACC AAC GAA ATG GAA ATT AGA ATC GCC GTT GAA CGT GAA ATG GAT ATG TTC ATG GAA ATA AAG CTT GGT AAC AAG TTT TTT TTT CTG ACT CCA AAG TTC GTT TTG AAC GCT CTT GAA TTG AGA AAT CAT TTG GAA TTC CCT AAA AAA CCG CCA ATA GTT TTA GCC GAT GAT AGA CTA CTG CAA CCA AGA AAA AGA TTT ACT GAA AGC TGT CAA ACT AAT CCG GCA CAT TCG AAA GAG TTG GGT ACC AAG AAC GGT TTT AAC CAG GCA GGT AGT CCG TTG AGA AAT TCG TAT AAA CTA GAA AAA AGA ATC GCA TAT CAG GAT GGC CAC AGG CTA AAA GTC CTA CAC AAG GAA ATG TCT AAG TCC CCA CCA ACT GAA ATG GCA AAG ACT CGT TTT TCC GCT TTG TTC GAA CAT GCC AAG GAA GAA GGT AAT TTG GTT TAC CGG TTG GGT TTA AAG CCA TTA GTC GCT ATA CTA GAA CGT GGT ATG TAT TAT ACC ATG AAA GCA ATT GAT AGA ACT CGT TAT TCT AAC ATG ATG TTG GCT GGC ATG AAA TTT TTT TTC GTG ATC ACT TTT TCA ATC TTA AAA ATC AAA ACC ATG CAC CAA TTT TTC TCA AAG TAC CAA ACT TTG GAA GCT GAA GTC AAC GTC TTC TAT CTA ATT CTT TCT GAA ACT ATG CTT TTA CAC CTT GTC TAT CCA AAG CTC TTT GAA AGG ATG TCC AGA ATC ACC AGA TGT GCA GAG TTC AAA ATC TTC CAA TTT AAG ATC ATG CTG CCA GAC 
Calb                            ATT TTG CTT AAA TTA GAC TCT TAT CCA ATG CCT TTA GAT ACT ATT AAT ACC GAT TCT CGA AAA ATT TAT TGT TCT GAA GCT GAA TTG TTA TTT ACT ATC GGT AAA AAA AAT AAA CAT GAT AAT GTT CCT GAT ATA AAA ATT GAT AAT GCT CAT CAA GAA ACT TCT GGA TTG CAA AAG TAT ATT GAA GAA CGA GAA GCC TCA TTA AAA AAG TCT GAA AAA GGT ATG ATT GAA CAT TTT GAA TAT GAA ACT ACC GTT TAT ATC AAA CCT GGT TTA ACA ACT GAT ACT GTA CCT GCT ATC TTG ACT CCA CCT TGT GAA GCA CAT CCA GAA CTA GTT GAT CAA GTC TCT TTT CCA TCT AGA CAA TTG GTG ATA AAT TCA ATG AAA GTT AGT ATA GCC CCT TTT TCA AAA TAT ATG TTA ACT AAC ATA TCT GAT ATT AAA GCA AAT GTT GAA CGA GAA ATG CAG TTG TAT TTA GAA TTG AAA GTT GGT AAT AAA ATA TTT TTT TTA AAA CCA CAT TTC GTG TTA AAA TGT TTG GAA TTA AAA AAT TCT TTA GAA TTT CCA AAA AAA CCT CCT ATC GTT TTG GCT CAG AAT AGA CTT TTA CAA CCA AAA AAA CGA TTT ATG GAA GAT TCA CAT ATG AAT CCA GCT TCT AAT AAA GAA GCT GGT ACT AAA AAT GGT ATC TCA AAA CCT GGT AGT CCT TTA AAA TCT AAG TAT AAA ATA ATA AAA AGA AAT CCA TAT TCA AGT GGA GAA AAA ATA AAA ATT TTA CAT AAA GAA ATG TCA CGA TCA CCT ATA ACT GAA TGT GTC AAG TCA CAA ATC AAT GCC TTG TTC GAA CAA AAT AAA CAA GCA GGT TCT TTA ATA AAT AGA TTG AGT CTT AAA CCA CAA TGT GCT ATC CTT AAA CAA GGT TCT TAC TAT CAA TTA CCA CCT ATT GAT AGA ACT CGA TAT ACA AAA TCT TGT CAT GGT GGA ATG AAA TTT TTT TTT GTA ATT ACT TAT GGA GCT ATA AAA AGT AAA ACT AAA GAA GAT TTT TAT TCT AGA TAT CAA ATG TTA GAA GCC GAG GTT AAT TGT TTC TAT TTA GCT TTA TCA GAT ACT ATG TTA TTA CAT ACT GTT TAT CCA AAA AAT TTG GAA AAA ATA TCT AGA ATA ACT AAG TCA CCT GAA TTT ACT ATT TTC CAA ATC AAA ATA TTA TTA ATA GAT 



Printing out site pattern counts


         9        720  P

Scer                            AAA AAA AAA AAA AAA AAA AAA AAA AAA AAA AAA AAC AAC AAC AAC AAC AAC AAG AAG AAG AAG AAG AAG AAG AAG AAG AAG AAT AAT AAT AAT AAT AAT AAT AAT AAT AAT AAT AAT AAT ACA ACA ACA ACA ACA ACA ACC ACC ACC ACG ACG ACT ACT ACT ACT ACT ACT AGA AGA AGA AGA AGA AGC AGC AGT AGT ATA ATA ATA ATA ATC ATC ATC ATG ATG ATG ATG ATG ATG ATG ATG ATG ATG ATG ATG ATT ATT ATT ATT ATT ATT CAA CAA CAC CAG CAG CAT CAT CAT CAT CAT CCA CCA CCA CCA CCA CCA CCA CCC CCG CCT CCT CCT CGA CGG CGT CGT CGT CTA CTC CTG CTG CTG CTT CTT GAA GAA GAA GAA GAA GAA GAA GAA GAA GAA GAA GAA GAA GAC GAC GAC GAC GAG GAG GAG GAG GAT GAT GAT GAT GAT GAT GAT GAT GCA GCA GCA GCA GCA GCA GCC GCC GCC GCC GCT GCT GCT GCT GCT GCT GGA GGG GGG GGG GGT GGT GGT GGT GTA GTA GTA GTA GTC GTC GTG GTG GTT GTT GTT GTT GTT GTT GTT TAC TAC TAC TAC TAT TAT TAT TAT TAT TAT TAT TCA TCA TCT TCT TCT TGT TGT TTA TTA TTA TTA TTA TTA TTA TTA TTA TTA TTC TTC TTC TTC TTC TTC TTC TTC TTG TTG TTG TTG TTG TTG TTT TTT TTT TTT TTT 
Sbay                            ... ... ... ... ... ... ..G ..G ..G ..G ..G ... ... ... ..T ..T .C. ..A ..A ..A ..A ..A ... ... ... ... ... ..C ..C ..C ... ... ... ... ... ... ... ... .G. TC. ... ... ..C ..G ..T ..T ... ... ..T ..A ..A ..C ..C ... ... ... ... ... ... ... ... ..G ... ... .AG ... ... ... ... ... .CA ... ... ... ... ... ... ... ... ... ... ... ... ... C.. ..C ..C ..C ... ... G.. ... ... ... ..A ... ... ... ... ... ... ... ... ... ... ... ... ..G ... ..T ..A ..G ... ... ..T ... ... ... T.. ..A ..A ... T.A ..C ... ... ... ... ... ... ... ... ... ... ... ..G ..G ..G A.. ... ... ..T ..A ..A ... ... ..C ... ... ... ... ... ... ... ... ... ..C ..G ..T ..T ... ... ..T ..T ..A ..C ... ... ... T.C ... ... ..T ..T ... ... ... ... C.. ... ... ..G A.. A.. ..A ... ..C ..C ..G ... ... ... ... ... ... ... ..T ..C ..C ... ... ... ... ... A.C ..C ..C ... ... ... ... C.. C.. C.G C.G ... ... ... ... ..G ..G ..A ... ... ... ... ..T ..T ..T C.T G.. ..A ... ... ... ..C ..C ..C ..C ... 
Smik                            ... ... ... ... ... ..G ... ... ... ... ..G ... ... ..T ..T ..T ... ..A ..A ..A ... ... ... ... ... ... ... ... ... ... ..C ... ... ... ... ... ... ... ... .G. ... ... ..C ..G ... ..T ... ..T ... ..A ... ... ... ..C ... ... .T. ... ... ..G ..G ... ... ... .A. ... ... ... ... ... .C. ... ..T ... ... ... ... ... ... ... ... ... ... ... ... ... ... ... ... ... ... ... ..G ... ... ... ... ... ... ... ... ... ... ... ... ... ... ... ... ..A ..A ... ... ... ..C ... ... ... T.G ... T.A ... T.A ... ... ... ... ... ... ... ... ... ... ... ..G ... ... ..G A.. ... ... ... ..A ... ..A ... A.C ... ... ... ... ... ... ... ... ... ... ..G ... ..G ... ... ..G ..T ... ..C ..G ... ... ... ... ... ..C ..T ... ... ... ... ... ... ... ..G A.. A.. ... ... ... ... ... ..G ... ... ... ... ... .TT ..T ... ... ... ... ... ... ... ... ... ..C ... ... ... ... ... ..G C.G ..G ... ... ..G ..G C.G ..G ... ... ... ... ... ... ... ..T ... ... ... ..A ... ... ..C ... ... ... ... 
Spar                            ... ... ... ... ... ... ... ... ... ..G ..G ... ... ..T ... ... ... ..A ..A ... ... ... ..A ... ... ... ... ..C ... ... ... ... ... ... ... ... ... ... ... ... ... ... ..C ... ... ..C ... ..T ... ... ... ... ... ... ... ... .T. ... ... ... ..G ..G ... ... ... ... ... ... ... ... ... ... ... ... ... ... ... ... ... ... ... ... ... ... ... ... ... ... ... ... ..A ... ... ... ... ... ..C ... ... ... ... ... ... ... ... ... ... ... ... ... ..A ..C ... ... ..T ... ... ... ... ..A ... T.. ... ... ... ... ... ... ... ... ... ... ... ... ..G ... ... ... A.. ... ... ... ..A ..A ... ..A ... ... ... ... ... ... ... ... ... ... ... ..G ... ..G ... ... ... ..A ... ..C ... ... ... ..C ... ... ..A ..T ... ... ... ... ... ... ... ..G A.. A.. ... ... ... ... ... ... ..C ... ... ... ..T ... ..T ... ... ..C ... ... ... ... ..C ... ..C ..C ... ... ... ... C.. C.G ..G C.. ..G ... ..G C.C ... ... ... ... ... ... ... ... ... ... ... ... ... ... ... ... ... ... ... ... 
Ncas                            ... ... ..G ..G ..G ... ... ..G GCG ..T ..G ... ..T GGA ..T ..T ..T ..A G.A ... ..A ... ..A ..A ... ... .TA ... ... ... ..C ..C ..C ... ... ... ... G.. .CA TCA ..C ..T .AC ..G ... ..T ..T ..T ..T ..T ..C ..C ... ... ..G ... GTG ... ... ... ... ... ..T GTT CAA ... ... ... ..C CC. .CA T.G ..T ... ... ... ... ... ... ... ..T CAA TCA T.. ... ..A ..A ..C ..C ... ..A G.. ... ..T ..A G.. ..A A.A A.. ... ... ... ... ..C ..C ..T TTT ... ..A ..A ..A ..C ..C A.. ..T A.A ... ... ..T AA. T.A T.. ... ... T.G A.T ... ... ... ... ... ... ..G ..G ... ... ..G ... C.A ..T ..T ..T ..A ..A ..A ..A ... A.G ..C ... ... ... ... .GA AGT ..C ... ... ... C.T C.A ..T ..T ..T ... ... ..A ..G ... A.. ..C ..T ..C ..T ..A ..G ... ... T.G AAG ... ..G A.. A.T C.T A.A ..C ..C ..G ..G ... A.A ..G ..T ATG .TA ..T ..C ..C ... ..C ..C .TC .T. ..C ... ..C ... ..A ... ... ... ... ... G.. ... ... ... C.G A.G ... ..T .A. ... ... ..T ... ..T ..T ..A C.A ..A ... ... ... ... ..C ..C ..C ..C 
Cgla                            ... ..G ... ..G C.. ..G ..G ... ... ... ..G ..T ... GGG ..T .GA ..T .GA ... ... ..A ... ... ..A ... ..T .TT ... ..C ..C ... ..C ..C ... ... ... TC. ... .G. GT. ..T ..T ..G ... ... C.T ..T ..T ..T ..T ..C .A. ... ..C ..A ..C .TC ... ... ... ... ... ..T CAA GAA ..C ..C ..C ... CCC .CA C.A ..A ... ... ... ... ... C.. G.. ..T CA. .CT T.. ... ..A ..C ..A ... ... T.G A.. ... ..T ... G.. ... G.G A.G ..C ... ... ... ... ... ... AGT ..T ..A ..T ..A ..A ..A A.. ..T A.G A.A ..C T.G AG. ..A ... ..T T.A T.A ... ... ... ..G ..G ..T TT. ..G ..T ... ... ... ..G ... ..A ..T ... ... ..A ..A ..A ... ... ... ATA ... ... ... A.G ... ..C ... ..C ..C C.G C.A ..A ..T ..T ..C ..A ..A ..A ... ..A ..T ..T ..T ..T ... ..C ..C ... TAC ..C ..T ... A.T A.A AGT A.A C.. ... ... ..A ..C A.A ..A ..T ..T ATA ..T ..C ... A.. ..C ... .T. .T. ..C ..T ..A G.A ... AT. ..C A.. ..G C.G G.T ..G ... ..G C.. A.G A.T ..T .AT ... ..T .A. ... G.T ..T ..A A.A C.C ... ACC C.A ... ... ... ... ..C 
Agos                            .CC ..G ..C ... C.G ..G ... ..G GCG ..G ..G ... ... GGG ... .C. ... ... CGC ... ... ... ... ... ... TCT ... ..C ..C CGG ..C ..C ... ..C CGG G.G ..C G.A .CC CCG ..G T.G ..C T.T G.. ... ... ..A ..T ... ... ..A ..A ..G ... GTG .TC ... C.T C.G C.C ..G G.A GAG TCG TCG ... T.G ... G.G .CA ..G ..T ..C ... ... ... ... ... C.A G.. CA. .AA T.T ... ..A ... ..C ..C ..C ..C ..G ..G ... ... G.. ... ..C ..G ..C ... ..T ..T ... G.T ..C AAG ..T ..G ..T ..C ..C ..G A.. ..C ..G A.G ..C ..C .GG ..A ..T A.T A.G T.G A.G ... ..T ... ..G ..G C.C ..G ..G ..G ..G ..G ..G CT. ..T ... ... C.. ... ... ..A ... ..C ..C ACC ... ... ... .GG ... ... ..C ..G ... C.T C.G ... ... ... ... ..G ..C ..C ..G .TG ..C ..T ..C ..T ..A ..C TCC ... C.G AAG ..C ..G ... ..A ... ..C C.G C.G ..G ... ... .CC CAG ... ATG ... ... ..C ..C ... ... ... .T. GTG G.T ..T ..C GG. ..C ... ..C G.. C.G ..G C.C C.G ..G A.T G.G A.G C.G ..T ... ... ... ... ..T C.. .C. ... G.C C.. ... AC. ... ..C A.C ..C ... ..C 
Klac                            ... ... .GG .G. ... ..G TCG C.G G.. ... ..G ... ... GGG ... ... ..T ... ... ... ... CGT ..A ..A ... ..A ... ... ... G.A ..C TTA ..C ..C CTC C.G TC. G.A ..G GG. ..T T.. .GT T.G GTC ..G ... ... ... ..T ..C ... GT. TG. ... ... GT. ... C.G ... ..G ... ..T GTT CAA TCC C.. C.. ... CC. .CT ... ..T GCT ..C ... ... ... ... ... ... .AA .AA T.. ... G.G ..C ..C ... ... ..C A.. ... ... ..A G.A ..A ... ..C ... ... ... ..T ... ... GAT T.. ..G ..A ..A ..A ..A ..A A.. ..T AAG A.A A.A T.. GAA ..A T.. T.A T.G ... ... ... ..T ... ... ..G ..T ... ..C ... ... ... ..G AT. ..T ... ..T ..A ..A ..A ... ... ... ..C AGC ..A ..C ... A.G ... ... ..T T.T ..C C.G CAG ... T.A ..T ATC ..A ..A ... ... ..A ... ..T ..C ..T ..C ... TCC ... T.. AA. ..C ..T ... A.A A.T A.T C.. C.G ... ... ..C AC. ..G ..T ATG ..T ..T ... ..C ... ..C ... .T. .T. G.T ... ..C ... ..C ..C .T. A.C C.T ..G A.. ..G ..G ..G ... A.G C.T ... .AT ... ... ... ..T C.T ..T A.C ... C.T ... ACT ..A ... ... ... ..C ..C 
Calb                            CC. ... G.T ... ... ... ..G ... .T. ... ... ..T ... T.T ..T ..A TCT CGA ..A C.T ..A C.A ..A ..A ..A ..A .GA ... ... ..A ..A C.A ... TCA ... TTA .CA G.. .CA .G. ..T T.. ..T .AT TGT ..T ..T CAA ..T ..T ..T ... .TA T.A ... .AA GT. .A. ... ... .A. C.. ..T GAA GA. TCA ... T.. G.T CC. .C. ..A ..T ... GCT .AA ... T.. TGT ..A TCT CCT .A. CAT T.A G.. ..C .A. ... ... ... A.. ... ..T ..A G.A ... TC. G.A ... ..A ..T ... ... ..T ..T GG. ... ..T ATA ..A ... ..A A.. ..A TA. A.A AAG A.T .AA ..T T.. T.. T.A T.A AT. ... A.T ... ... ... AGT ... ... ... ... ... ... .CA ..A ... ..T A.A ... .CA ATT A.. C.G ... ... ..A ... ... A.G ..C ..T ..T T.. AAT C.T T.A ..T T.T TGT AG. C.. C.A ... ..C .TC TCT ..T ..A ..T ..A ... TC. ... T.. ACT ... A.. A.T A.. .CT C.A ... T.A ... ..G ... TCA ..A ..T ATG CTT ..T ..C A.. ... ... ... .T. ATA GGT ..T AA. ..A ... GTC .TG ... ..G ... ..G G.T ... GCT A.. A.G ... ... ..T ..T ... .AT .AT ACT ..T CAA ..A ..A ..A A.. C.T ... A.C ... ..C ... 

    1    3    2    4    2    2    1    1    1    1    1    1    1    1    1
    1    3    1    3    2    3    2    2    1    3    3    1    1    1    1
    1    1    1    1    1    1    1    2    1    1    1    2    1    1    3
    1    2    2    1    1    2    3    2    2    1    1    1    1    1    1
    2    3    1    1    2    1    3    2    1    1    2    2    2    1    1
    1    2    2    2    1    3    1    1    1    4    2    1    1    1    1
    4    3    3    3    2    1    2    2    3    1    1    2    1    1    1
    1    1    1    2    2    2    1    1    1    2    1    3    2    1    1
    2    2    3    2    1    1    3    1    2    5    2    2    2    1    1
    1    2    1    2    1    1    1    1    1    1    1    1    2    1    3
    1    1    1    1    1    1    1    1    6    2    2    1    1    2    1
    3    4    3    3    1    1    2    2    1    1    1    3    5    1    2
    1    1    1    4    1    1    1    3    1    2    2    1    1    2    1
    1    3    1    1    2    2    2    2    1    1    1    1    1    2    1
    1    1    3    1    1    1    2    1    1    4    1    2    1    3    1
    2    1    2    3    1    2    1    1    3    1    2    3    1    1    1


CODONML (in paml version 4.9j, February 2020)  temp.nuc
Model: One dN/dS ratio, 
Codon frequency model: Fequal
ns =   9  ls = 393

Codon usage in sequences
--------------------------------------------------------------------------------------------------------------------------------------
Phe TTT   8   7  10   8  13  16 | Ser TCT   4   4   3   2   1   4 | Tyr TAT  11  12  14  13   7  10 | Cys TGT   2   2   2   2   2   0
    TTC  15  14  14  15  13   5 |     TCC   0   3   1   3   2   1 |     TAC   7   6   3   5   7   6 |     TGC   0   0   0   0   0   1
Leu TTA  16  12  10   3  15   8 |     TCA   2   0   2   1   5   1 | *** TAA   0   0   0   0   0   0 | *** TGA   0   0   0   0   0   0
    TTG   9  10  16  15  12  12 |     TCG   0   0   0   0   0   0 |     TAG   0   0   0   0   0   0 | Trp TGG   0   0   0   0   0   0
--------------------------------------------------------------------------------------------------------------------------------------
Leu CTT   3   2   3   3   4   4 | Pro CCT   4   3   2   1   3   4 | His CAT   9   9   9   7   5   6 | Arg CGT   6   8   6   8   7   2
    CTC   1   2   1   4   0   1 |     CCC   2   2   2   3   4   1 |     CAC   3   3   3   5   0   1 |     CGC   0   0   2   0   0   2
    CTA   1   8   0   6   2   6 |     CCA   8   9  12  10  13  14 | Gln CAA   6   8   3   6  12   6 |     CGA   1   1   1   1   0   0
    CTG   7   8   7   6   4   5 |     CCG   2   2   0   2   0   2 |     CAG   3   1   6   3   0   3 |     CGG   2   0   0   0   0   0
--------------------------------------------------------------------------------------------------------------------------------------
Ile ATT  10   2  13   7  10   9 | Thr ACT  10  10  10  11  15  12 | Asn AAT  14  11  17  14  18  20 | Ser AGT   3   2   2   3   3   4
    ATC   6  13   7  11   4   7 |     ACC   5  14   8   5   6   8 |     AAC   8   8   9  10   6   5 |     AGC   2   2   2   2   0   2
    ATA   7   7   7  11  15  19 |     ACA   9   8   7   7   6   7 | Lys AAA  19  25  22  23  16  13 | Arg AGA   8   5   5   3  10  14
Met ATG  20  16  20  20  19  15 |     ACG   3   1   3   3   2   1 |     AAG  21  17  18  17  24  27 |     AGG   0   3   3   5   0   1
--------------------------------------------------------------------------------------------------------------------------------------
Val GTT  11  10   9   9   3   9 | Ala GCT  15  21  10  11  11   6 | Asp GAT  11  11  10  11  12  11 | Gly GGT  10  13  11  11  11  12
    GTC   5   4   0   2   4   4 |     GCC   6   7   6   8   1   9 |     GAC   5   3   3   3   1   3 |     GGC   0   0   2   0   3   4
    GTA   5   4   4   4   2   4 |     GCA  12   3   9  11  12  15 | Glu GAA  24  22  24  26  28  15 |     GGA   1   1   1   3   3   0
    GTG   2   5   5   3   6   1 |     GCG   0   1   8   3   4   0 |     GAG   4   6   4   2   6  14 |     GGG   5   2   2   2   1   1
--------------------------------------------------------------------------------------------------------------------------------------

--------------------------------------------------------------------------------------
Phe TTT   7  14  13 | Ser TCT   5   3  16 | Tyr TAT   6  12  16 | Cys TGT   1   2   7
    TTC  11  10   4 |     TCC   9   7   0 |     TAC   8   3   1 |     TGC   1   1   0
Leu TTA   0   8  23 |     TCA   0   5  11 | *** TAA   0   0   0 | *** TGA   0   0   0
    TTG   9  13  12 |     TCG   5   2   0 |     TAG   0   0   0 | Trp TGG   0   0   0
--------------------------------------------------------------------------------------
Leu CTT   2   9   4 | Pro CCT   8   1  13 | His CAT   3   4   9 | Arg CGT   1   4   0
    CTC   6   1   0 |     CCC   4   0   0 |     CAC   8   6   0 |     CGC   9   0   0
    CTA   3   7   1 |     CCA   1  13  12 | Gln CAA   0   9  13 |     CGA   0   0   6
    CTG  11   3   0 |     CCG   6   3   0 |     CAG  16   4   2 |     CGG   5   1   0
--------------------------------------------------------------------------------------
Ile ATT   7   6  11 | Thr ACT   2  13  17 | Asn AAT   1   5  18 | Ser AGT   0   2   5
    ATC  12  14   8 |     ACC   9   7   2 |     AAC  14   7   1 |     AGC   0   3   0
    ATA   6   6  15 |     ACA  10   0   2 | Lys AAA   6  20  41 | Arg AGA   2  15   7
Met ATG  21  20  11 |     ACG   9   1   0 |     AAG  27  19   5 |     AGG   6   4   0
--------------------------------------------------------------------------------------
Val GTT   4   8   9 | Ala GCT   3  11   9 | Asp GAT   6  10  13 | Gly GGT   9  10  10
    GTC   5   7   2 |     GCC  13   7   4 |     GAC   5   4   1 |     GGC   4   3   0
    GTA   5   0   2 |     GCA  11  10   3 | Glu GAA   8  27  27 |     GGA   2   1   4
    GTG  11   3   2 |     GCG   8   0   0 |     GAG  20   4   1 |     GGG   2   1   0
--------------------------------------------------------------------------------------

Codon position x base (3x4) table for each sequence.

#1: Scer           
position  1:    T:0.18830    C:0.14758    A:0.36896    G:0.29517
position  2:    T:0.32061    C:0.20865    A:0.36896    G:0.10178
position  3:    T:0.33333    C:0.16539    A:0.30280    G:0.19847
Average         T:0.28075    C:0.17388    A:0.34690    G:0.19847

#2: Sbay           
position  1:    T:0.17812    C:0.16794    A:0.36641    G:0.28753
position  2:    T:0.31552    C:0.22392    A:0.36132    G:0.09924
position  3:    T:0.32316    C:0.20611    A:0.28753    G:0.18321
Average         T:0.27226    C:0.19932    A:0.33842    G:0.18999

#3: Smik           
position  1:    T:0.19084    C:0.14504    A:0.38931    G:0.27481
position  2:    T:0.32061    C:0.21120    A:0.36896    G:0.09924
position  3:    T:0.33333    C:0.16031    A:0.27226    G:0.23410
Average         T:0.28159    C:0.17218    A:0.34351    G:0.20271

#4: Spar           
position  1:    T:0.17048    C:0.16539    A:0.38677    G:0.27735
position  2:    T:0.32316    C:0.20611    A:0.36896    G:0.10178
position  3:    T:0.30789    C:0.19338    A:0.29262    G:0.20611
Average         T:0.26718    C:0.18830    A:0.34945    G:0.19508

#5: Ncas           
position  1:    T:0.19593    C:0.13740    A:0.39186    G:0.27481
position  2:    T:0.32061    C:0.21628    A:0.36132    G:0.10178
position  3:    T:0.31807    C:0.12977    A:0.35369    G:0.19847
Average         T:0.27820    C:0.16115    A:0.36896    G:0.19169

#6: Cgla           
position  1:    T:0.16285    C:0.14504    A:0.41730    G:0.27481
position  2:    T:0.31807    C:0.21628    A:0.35623    G:0.10941
position  3:    T:0.32824    C:0.15267    A:0.31043    G:0.20865
Average         T:0.26972    C:0.17133    A:0.36132    G:0.19763

#7: Agos           
position  1:    T:0.15776    C:0.21120    A:0.33588    G:0.29517
position  2:    T:0.30534    C:0.26209    A:0.32570    G:0.10687
position  3:    T:0.16539    C:0.30025    A:0.13740    G:0.39695
Average         T:0.20950    C:0.25785    A:0.26633    G:0.26633

#8: Klac           
position  1:    T:0.20356    C:0.16539    A:0.36132    G:0.26972
position  2:    T:0.32824    C:0.21120    A:0.34097    G:0.11959
position  3:    T:0.29008    C:0.20356    A:0.30789    G:0.19847
Average         T:0.27396    C:0.19338    A:0.33673    G:0.19593

#9: Calb           
position  1:    T:0.26209    C:0.15267    A:0.36387    G:0.22137
position  2:    T:0.29771    C:0.22646    A:0.37659    G:0.09924
position  3:    T:0.43257    C:0.05852    A:0.42494    G:0.08397
Average         T:0.33079    C:0.14589    A:0.38846    G:0.13486

Sums of codon usage counts
------------------------------------------------------------------------------
Phe F TTT      96 | Ser S TCT      42 | Tyr Y TAT     101 | Cys C TGT      20
      TTC     101 |       TCC      26 |       TAC      46 |       TGC       3
Leu L TTA      95 |       TCA      27 | *** * TAA       0 | *** * TGA       0
      TTG     108 |       TCG       7 |       TAG       0 | Trp W TGG       0
------------------------------------------------------------------------------
Leu L CTT      34 | Pro P CCT      39 | His H CAT      61 | Arg R CGT      42
      CTC      16 |       CCC      18 |       CAC      29 |       CGC      13
      CTA      34 |       CCA      92 | Gln Q CAA      63 |       CGA      10
      CTG      51 |       CCG      17 |       CAG      38 |       CGG       8
------------------------------------------------------------------------------
Ile I ATT      75 | Thr T ACT     100 | Asn N AAT     118 | Ser S AGT      24
      ATC      82 |       ACC      64 |       AAC      68 |       AGC      13
      ATA      93 |       ACA      56 | Lys K AAA     185 | Arg R AGA      69
Met M ATG     162 |       ACG      23 |       AAG     175 |       AGG      22
------------------------------------------------------------------------------
Val V GTT      72 | Ala A GCT      97 | Asp D GAT      95 | Gly G GGT      97
      GTC      33 |       GCC      61 |       GAC      28 |       GGC      16
      GTA      30 |       GCA      86 | Glu E GAA     201 |       GGA      16
      GTG      38 |       GCG      24 |       GAG      61 |       GGG      16
------------------------------------------------------------------------------


Codon position x base (3x4) table, overall

position  1:    T:0.18999    C:0.15974    A:0.37574    G:0.27453
position  2:    T:0.31665    C:0.22024    A:0.35878    G:0.10433
position  3:    T:0.31467    C:0.17444    A:0.29884    G:0.21204
Average         T:0.27377    C:0.18481    A:0.34445    G:0.19697

Codon frequencies under model, for use in evolver (TTT TTC TTA TTG ... GGG):
  0.01639344  0.01639344  0.01639344  0.01639344
  0.01639344  0.01639344  0.01639344  0.01639344
  0.01639344  0.01639344  0.00000000  0.00000000
  0.01639344  0.01639344  0.00000000  0.01639344
  0.01639344  0.01639344  0.01639344  0.01639344
  0.01639344  0.01639344  0.01639344  0.01639344
  0.01639344  0.01639344  0.01639344  0.01639344
  0.01639344  0.01639344  0.01639344  0.01639344
  0.01639344  0.01639344  0.01639344  0.01639344
  0.01639344  0.01639344  0.01639344  0.01639344
  0.01639344  0.01639344  0.01639344  0.01639344
  0.01639344  0.01639344  0.01639344  0.01639344
  0.01639344  0.01639344  0.01639344  0.01639344
  0.01639344  0.01639344  0.01639344  0.01639344
  0.01639344  0.01639344  0.01639344  0.01639344
  0.01639344  0.01639344  0.01639344  0.01639344


TREE #  1:  (((((1, 4), (3, 2)), 5), 6), ((7, 8), 9));   MP score: 1285
This is a rooted tree.  Please check!
lnL(ntime: 16  np: 18):  -7181.865117      +0.000000
  10..11   11..12   12..13   13..14   14..1    14..4    13..15   15..3    15..2    12..5    11..6    10..16   16..17   17..7    17..8    16..9  
 0.310986 0.218713 0.787849 0.116027 0.166867 0.122777 0.000004 0.117204 0.429724 0.647114 1.200557 0.316297 0.099877 1.748804 1.008497 3.596506 1.539892 0.069359

Note: Branch length is defined as number of nucleotide substitutions per codon (not per neucleotide site).

tree length = 10.887803

(((((1: 0.166867, 4: 0.122777): 0.116027, (3: 0.117204, 2: 0.429724): 0.000004): 0.787849, 5: 0.647114): 0.218713, 6: 1.200557): 0.310986, ((7: 1.748804, 8: 1.008497): 0.099877, 9: 3.596506): 0.316297);

(((((Scer: 0.166867, Spar: 0.122777): 0.116027, (Smik: 0.117204, Sbay: 0.429724): 0.000004): 0.787849, Ncas: 0.647114): 0.218713, Cgla: 1.200557): 0.310986, ((Agos: 1.748804, Klac: 1.008497): 0.099877, Calb: 3.596506): 0.316297);

Detailed output identifying parameters

kappa (ts/tv) =  1.53989

omega (dN/dS) =  0.06936

dN & dS for each branch

 branch          t       N       S   dN/dS      dN      dS  N*dN  S*dS

  10..11     0.311   861.6   317.4  0.0694  0.0225  0.3241  19.4 102.9
  11..12     0.219   861.6   317.4  0.0694  0.0158  0.2279  13.6  72.3
  12..13     0.788   861.6   317.4  0.0694  0.0569  0.8209  49.1 260.6
  13..14     0.116   861.6   317.4  0.0694  0.0084  0.1209   7.2  38.4
  14..1      0.167   861.6   317.4  0.0694  0.0121  0.1739  10.4  55.2
  14..4      0.123   861.6   317.4  0.0694  0.0089  0.1279   7.6  40.6
  13..15     0.000   861.6   317.4  0.0694  0.0000  0.0000   0.0   0.0
  15..3      0.117   861.6   317.4  0.0694  0.0085  0.1221   7.3  38.8
  15..2      0.430   861.6   317.4  0.0694  0.0311  0.4478  26.8 142.1
  12..5      0.647   861.6   317.4  0.0694  0.0468  0.6743  40.3 214.0
  11..6      1.201   861.6   317.4  0.0694  0.0868  1.2510  74.8 397.1
  10..16     0.316   861.6   317.4  0.0694  0.0229  0.3296  19.7 104.6
  16..17     0.100   861.6   317.4  0.0694  0.0072  0.1041   6.2  33.0
  17..7      1.749   861.6   317.4  0.0694  0.1264  1.8223 108.9 578.4
  17..8      1.008   861.6   317.4  0.0694  0.0729  1.0509  62.8 333.5
  16..9      3.597   861.6   317.4  0.0694  0.2599  3.7476 224.0 1189.5

tree length for dN:       0.7869
tree length for dS:      11.3452


Time used:  0:09
