      9   1182

Scer                            AAC AGG TTC TAC AAC TCC GAA GCA TCC AAA GGC GGT CCA GAC AAA TAC TTA ACT AAC ATG TAC ACT TGT GCA AGA CCA CCT ATG TTA ACT AAG GAC GCA GTT ACT GTT TTC ATG AAA GAG TTG AGA AAC CCA AAC CTG GAT GCA GCA TCT GTA GCT CAT GTA TTT CCT TTC CTG TTA CGT ACT CTC GTT CCA TTC CCA ACT TAT ACT GAT GTT AAG AGA CGT AAA CAA AAC CCA AAG GGT GTT GGT TTA TCT ACT GGT CTC CCT AAC GAA CAA AAA CCA GTT CCA GAA GTT AGG TAT AAG GTG AAC CGT CCG GAA CAA ATG AAG ATC GAA TTG CAA GGT AAG ACG TTT ACT AAA GAT GTT TCT CAA AAG ACA AGA GCA GGT ACT AAG TTC GGT TTC AAC TTC AAA AAA AAC ACT CAT GAA TTA AAG AAC ACT TTA ACT GAA GTT CGT GCA AAA AAC AGT CAG CAC GAA GGT CTG AAA GGT AAT TTG GTT ATC ATG GAA GAA TTC ATC TGC GTG AAA TTC CTG AAA GTT AAA AAG GAG ATG AGA GAT AGA ATC TAT GTG CTC TTA AAT TTG GAA CAA TTT TTT TTT ATA TAC GCC ATC TAT TAC GAA TTG GCA TGT TCT GGT CCA GAA GGT AAA AAT CAA GCT TCC GTT TGC GAA CAT TTA TCC GCT TTG GGT AAC GTT ACT GAA AAA GAA CCA AAA AGA GGT TTA GAA TTG CTG ATT TCT CAA AAA GAC AAA ACC TTA CAA CAA ATG AAG TTC TTG TGT AAA GAT GAT TGG AGG AGG AGT GAC GAA TTG TTT CAG TTG TAT GAA AAA TGG CAA AAA AAG AAA TGG ATA GAA GTT AAC GAT ATA ACA ACT CAA TTA GGT CCA CGT GAG AAG GGT TAT GAA TAC ATG TTG TTA CCA CCA AGA GAT CAA GGC AAG GGT GAT GTT CAG AAC AAA CTT GGT AAA CAA ACC CAT GAA AGT GAT CAT GAA AGA AAG GCC GAT AAA AGT AGT AAG AAC GAA TTA TCT GTC TTC GAC AGT GCC TAC TTA GTT AAG AAA CAT CGT ACC TTA GTT GAA CTG ACT ACG TTT GTT AGA ATC AAA TTC AAT AAC AAC CCA GAG TTC GAC AAC TAC AAG AAG CCT CCG GCA ACG GCA GAA GGT CAG CCA GTT AAA GAA AGA CTT GGT GAT TTC TAT GGT AAA ATC CCG TCT CAT GCA 
Sbay                            AAC AGA TTC TAT AAC TCT GAA GCA TCC AAA GGT GGT CCA GAT AAA TAT TTA ACT AAC ATG TAC ACT TGT GCA AGA CCA CCT ATG TTA GCT AAA GAT GCA GTT ACC GTT TTC ATG AAA GAA TTG AGA AAC CCC AAC TTA GAC GCA GCT TCT GTG GCC CAT GTG TTC CCT TTT TTG TTA CGT ACC CTC GTT CCA TTC CCA ACT TAT ACA GAT GTT AAG AGA CGT AAG CAA AAC CCA AAG GGT GTT GGT CTA TCT ACA GGT CTC CCA AAC GAT CAA AAG CCC GTT CCA GAA GTT AGA TAT AAA GTG AAC CGT CCT GAA CAA ATG AAG ATT GAA TTA CAA GGT AAA ACC TTC ACT AAA GAT GTT TCT CAA AAG ACA AGG GCA GGT ACT AAA TTC GGT TTT AAC TTC AAA AAA AAC ACC CAT GAA TTA AAA AAT ACT TTA ACA GAA GTC CGT GCA AAA AAT AGT CAA CAT GAG GGT TTA AAA GGT AAC CTA GTC ATT ATG GAA GAG TTC ATT TGT GTG AAA TTC TTG AAA GTT AAA AAG GAA ATG AGG GAC AGA ATT TAT GTG CTC TTA AAC TTG GAA CAG TTC TTC TTC ATT TAC GCT ATT TAT TAC GAA TTA GCT TGT GCA GGT CCA GAA GGT AAA AAC CAA GCT TCT GTT TGT GAG CAT TTG TCT GCC TTG GGT AAC GTT ACA GAA AAA GAG CCT AAG AGA GGT TTG GAA TTG TTG ATC TCT CAA AAG GAC AAA ACT TTG CAG CAA ATG AAA TTC CTA TGT AAA GAC GAT TGG AGA AGA AGT GAT GAA TTG TTC CAA TTG TAT GAA AAA TGG CAA AAA AAA AAA TGG ATT GAA GTT AAC GAT ATT ACA ACC CAA CTG GGT CCC CGT GAG AAG GGT TAC GAA TAT ATG TTG TTA CCA CCA AGA GAC CAA GGT AAG GGT GAC GTT CAA AAC AAA ATC GGT AAG CAA ACC CAT GAG AGT GAT CAT GAA AGA AAG GCT GAT AAA AGT AGT AAA AAT GAA TTG TCT GTC TTC GAC AGT GCT TAT TTG GTC AAG AAG CAT CGT ACT TTA GTT GAA TTA ACT ACA TTC GTT AGA ATC AAA TTC AAT AAT AAC CCA GAA TTC GAT AAC TAT AAA AAG CCA CCT GCA ACA GCG GAA GGT CAA CCA GTT AAA GAA AGG ATC GGT GAT TTC TAT GGT AAG ATT CCT TCT CAT GCT 
Smik                            AAC AGA TTC TAT AAC TCC GAA GCA TCC AAA GGC GGT CCA GAT AAG TAC TTG ACT AAC ATG TAC ACT TGT GCA AGA CCG CCT ATG TTG ACC AAA GAC GCA GTT ACT GTT TTT ATG AAA GAG TTG AGA AAC CCT AAC CTA GAT GCA GCA TCT GTA GCC CAT GTA TTC CCT TTT TTG TTA CGT ACT CTC GTT CCA TTT CCA ACT TAT ACT GAT GTT AAA AGA CGT AAG CAA AAC CCA AAG GGT GTT GGT TTA TCT ACA GGT CTC CCT AAC GAA CAA AAG CCT GTT CCA GAA GTT AGG TAT AAA GTG AAT CGT CCA GAA CAA ATG AAA ATT GAG TTG CAG GGT AAA ACC TTT ACC AAA GAT GTT TCT CAA AAA ACA AAA GCA GGT ACT AAA TTT GGT TTC AAC TTC AAG AAA AAC ACT CAC GAA TTA AAA AAT ACC TTA ACA GAG GTC CGT GCA AAA AAC AGT CAA CAT GAA GGC CTA AAG GGT AAC TTG GTA ATT ATG GAG GAA TTT ATC TAT GTG AAA TTT CTG AAA GTT AAA AAG GAA ATG AAA GAT AGA ATT TAT GTG CTC TTA AAT TTG GAA CAA TTT TTC TTT ATA TAC GCT ATT TAT TAC GAG TTG GCC TGT TCT GGT CCG GAA GGT AAA AAT CAA GCT TCT GTT TAT GAA CAT TTA TCT GCC CTT GGT AAC GTT ACA GAA AAA GAA CCA AAG AGA GGT TTG GAG TTG TTG ATC TCT CAA AAA GAC AAA ACC TTG CAA CAA ATG AAG TTT TTG TGT AAA GAT GAT TGG AGG AGA AGT GAC GAA CTG TTC CAA TTG TAT GAA AAA TGG CAA AAA AAA AAA TGG ATC GAA GTT AAC GAC ATA ACA ACT CAA CTA GGT CCT CGT GAG AAG GGT TAT GAA TAT ATG TTG TTA CCA CCC AGA GAT CAA GGT AAG GGC GAT GTT CAG AAT AAA ATT GGT AAG CAA ACC CAC GAA AGT GAT CAT GAA AGA AAG GCT GAT AAA AGT AGT AAG AAC GAA TTA TCT GTT TTC GAT AGT GCT TAT TTG GTA AAG AAG CAC CGT ACC TTA GTT GAA TTG ACC ACC TTT GTT AGA ATA AAA TTT AAT AAT AAC CCG GAA TTT GAT AAT TAT AAA AAG CCT CCA GCA ACC GCC GAA GGT CAA CCC GTT AAA GAA AGA ATT GGT GAT TTC TAT GGT AAG ATT CCA TCT CAT GCA 
Spar                            AAC AGG TTC TAT AAC TCT GAA GCG TCC AAA GGC GGT CCA GAT AAG TAC TTG ACT AAC ATG TAC ACC TGC GCA AGA CCA CCC ATG TTA ACC AAA GAC GCA GTT ACT GTT TTC ATG AAA GAG TTG AGA AAC CCT AAT CTA GAT GCG GCA TCT GTA GCT CAT GTG TTC CCC TTC CTG TTA CGT ACT CTC GTT CCA TTT CCA ACT TAT ACC GAT GTT AAG AGA CGT AAA CAA AAC CCA AAG GGT GTT GGT TTA TCT ACT GGT CTC CCT AAC GAA CAA AAG CCT GTG CCA GAA GTC AGG TAT AAA GTG AAC CGT CCG GAA CAA ATG AAG ATC GAA TTG CAA GGT AAA ACG TTT ACT AAA GAT GTC TCT CAG AAG ACA AGA GCG GGT ACT AAG TTT GGT TTC AAT TTC AAA AAA AAC ACT CAT GAA CTA AAG AAC ACT TTA ACT GAA GTT CGT GCG AAA AAC AGT CAG CAC GAA GGT CTA AAA GGT AAC TTG GTT ATT ATG GAA GAG TTC ATT TAT GTG AAA TTC CTG AAA GTT AAA AAG GAG ATG AGA GAT AGA ATC TAT GTG CTC TTA AAT TTG GAA CAA TTT TTC TTT ATA TAC GCT ATC TAT TAC GAA TTG GCT TGC TCT GGT CCA GAA GGT AAA AAT CAA GCT TCC GTT TAT GAA CAT TTA TCC GCT TTG GGT AAC GTT ACT GAA AAA GAG CCA AAG AGA GGT TTG GAA TTG CTG ATT TCT CAA AAT GAC AAA ACC TTG CAA CAG ATG AAG TTT TTG TGT AAA GAT GAT TGG AGG AGA AGT GAC GAG TTG TTC CAG TTG TAT GAA AAA TGG CAG AAA AAG AAA TGG ATA GAA GTT AAC GAT ATA ACA ACT CAA TTA GGT CCT CGT GAG AAG GGT TAC GAA TAT ATG TTG TTA CCA CCA AGA GAT CAA GGT AAG GGT GAT GTT CAG AAT AAA ATT GGT AAG CAG ACC CAT GAA AGT GAT CAT GAG AGA AAG GCT GAT AAA AGT AGT AAG AAC GAG TTA TCT GTC TTC GAC AGT GCT TAC TTG GTT AAG AAA CAT CGT ACC CTA GTT GAA TTG ACT ACG TTC GTT AGA ATC AAA TTC AAT AAC AAT CCA GAG TTC GAT AAC TAC AAA AAG CCT CCG GCG ACG GCA GAA GGT CAG CCA GTC AAA GAA AGA ATT GGT GAT TTC TAT GGT AAA ATT CCG TCT CAT GCA 
Ncas                            AAT AGA TTC TAT AAT TCT GAA GAA TCG AAA GGT GGT CCA GAT AAG TAT TTG ACA AAT ATG TAC TCT TGT GCA AGA CCT CCA ATG TTG ACG AAG GAT GCA GTG ACC GTT TTT ATG AAA GAG TTG AGA AAT CCG AAT TTA GAT GAA GCT TCC GTT GCC CAT GTT TTC CCA TTT CAA TTG CGT TCT CTT GTC CCC TTC CCT ACT TAT ACT GAT ATC AAA AGA CGT AAG CAA AAT CCT AAA GGG GTG GGT TTG AGT ACT GGT CTT CCT AAT GAC CAA AAG CCG GTA CCA CAA GTT AGA TAC AAG ATT AAT CGT CCA GAA CAA ATG AAA ATC GAA CTT CAA GGT ACC ACA TTT ACA AAG GAA GTT TCC CAA AAA ACC CAC GAA GGT ACT AAA TTC GGT CAT AAT TTT AAG AAA AAT TCT CAT GAT TTG AAA GGC ACA CTA ACT GAA GTA CGT GAA AAG AAC AGC CAA CAT GAA GGT TTA AAG GGT AAT CTA GTG ATT ATG GAA GAA TTC ATT TAC GTG AAG TTC TTG AAA GTT AAA AAA GAA CTA CAC GAT AGA ATC TAT GTG CTT TTG AAT TTA GAG CAA TTT TTC TTT ATT TAT TCC ATC TAT TAT GAA CTT GCT TGT AAT GGT CCT GAA GGT AAA AAT CAA TCT TCT GTT TAC GAA CAT ATG TCT GCC TTG GGA AAC GTT ACT CAA AAG GAA CCT AAA CGT GGA CTT GAA TTA CAA ATT TCT CAA AAA GAC AAG ACT CTT CAA CAA ATG AAA TTT TTA TGT AAA GAT GAC TGG AGA AGA AGC GAT GAA TTG TTC CAA TTG GTT GAA AAG TGG CAA AAA AAA AAG TGG ATT GAG GTG AAC GAT ATT ACC ACC CAA CTG GGT CCG CGT GAA AAG GGT TAT GAA TAT ATG TTA CTA CCA CCA AGA GAT CAA GGT AAA GGT GAT GTT CAA AAC AAG GTC GGT AAG CAA GCT CAT GAA AGT GAT CAT GAA CGT AAA GCA GAT AAG AGC AGT AAA AAC GAA TTA AGT GTT TTT GAT AGC GCA TAT TTG GTG AAA AAG CAT CGT ACA TTG GTG GAA TTA ACA ACA TTC GTT AGA ATT AAA TTC AAT AAT AAT CCT GAA TTT GAT AAT TAT ACC AAA CCT CCA GAA ACA GCC GAA GGT CAA CCA GTT AAA GAG AGA GTC GGT GAT TTC TAT GGT AAG ATC CCA ATA CAT GCT 
Cgla                            AAC AGA TTC TAT AAC TCC GAA CAA TCT AAA GGT GGT CCA GAT AAG TAC TTG ACC AAT ATG TAT TCT TGT GCT AGA CCT CCA ATG CTG GCT AAG GAT GCT GTG ACA GTT TTT ATG AAG GAA CTT AGA AAC CCT AAC CTT GAT CAA GCT TCC GTT GCT CAT GTA TTT CCA TTC GAG TTG CGT ACT ATT GTG CCT TTC CCT ACC TAT ACT GAT CCT AAA AGA AGA AAG CAG AAT CCA AAG GGT GTG GGT TTG TCT TCT GGT ATT CCT AAT GAT CAA AAG CCT GTT CCT AGC GTT AGG TAC AAG ATT AAT CGT CCA GAA CAA ATG AAA ATT GAA GTT GAA GGT AAG ACT TTT ACT AAA GAG GTT TCC CAA AAA ACT AGA CAA GGT ACC ACG TTC GGT CAC AAC TTC AAA AAA AAC ACT CAT GAA TTG ACG GGT ACC TTG TCT GAG GTT CGT CAA AAG AAC AGT CAA CAT GAT GGT CTT AAA GGT AAT TTA GTT ATT ATG GAA GAA TTC ATT GAG GTT AAG TTC TTG AAG GTT AAG AAG GAA TTG AGA GAC AGA ATT TAT GTT ATT TTG AAC CTA GAA CAG TTT TTT TTT ATT TAC AAT ATT TAT TAC GAG GTT GCG TGT ACT GGT CCT GAA GGT AAA AAT CAA TCT GCG GTT GAG GAT CAT CTA GCG GCT TTG GGT AAC GTT TCT AGC AAG GAA CCA AAG CGT GGT CTA GAA CTA GAG ATT TCT CAA AAG GAC AAA ACC CTA CAG CAA ATG AAG TTT TTG TGT AAA GAC GAC TGG AGG AGG AGT GAC GAA TTG TTT CAA CTT ATT GAA AAG TGG CAA AAG ACG AAA TGG ATC GAA GTC AAC GAT ATT ACT ACA CAA CTA GGT CCT CGT GAA AAG GGT TAT GAA TAT ATG CTA TTG CCA CCA AGA GAC CAG GGC AAG GGT GAC GTT CAG AAT AAA TTG GGT AAA CAA GCT CAT GAT AAC GAT CAT GAA CGT AAG GCT GAT AAG AGT AGT AAG AAC GAA TTG TCT GTT TTC GAT AGT GCT TAC TTA GTT AAG AAG CAT CGT ACC TTG GTC GAA CTA ACT ACT TTT GTT AGA ATT AAG TTC AAT AAT AAC CCT GAA TTT GAT AAT TAC AAG AAA CCT CCA CAA ACT GCA GAA GGT CAA CCA GTT AAA GAA AGA TTG GGT GAT TTC TAT GGT AAG ATT CCA ACT CAT GCT 
Agos                            AAC AGA TTC TAT AAT TCT GAA GCT TCT AAG GGT GGT CCA GAT AAG TAT TTA ACT AAT ATG TAC ATC TGT GCG AGG CCA CCT ATG CTG GCT AAG GAT GCG GTG ACC GTG TTC ATG AAG GAG CTG CGC AAC TCG ACT TTG GAC GCT GCT TCC GTT GCA CAT GTT TTC CCT TTC TAT TTG CGT GCA ATC GTG CCT TTC CCA ACA TAC ACC GAC GGG AAG CGG AGG AAG CAA AAC CCA AAG GGG GTG GGT CTA ACA TCG GGT ATC CCC AAT GAT CAG AAG TCG GTG CCA GAC GTA AGA TAC AAG GTG AAC CGT CCC GAA CAA ATG AAG ATT GAG TTG GAG GGT AAG ACA TTT ACG AAA GAA GTA TCC CAG AAA ACT TAC GCT GGT ACA AAG TTC GGC GTA ACT TTC AGA AAA AAC GCA CAC GAG CTA AAG GGC ACG TTG TCG GAG GTC CGT GCT AAG AAT AAC CGC CAC GAG GGC TTG AGA GGT AAC CTG GTC ATC ATG GAG GAG TTT ATC TAC GTC AAG TTC TTG AAG GTG AAG AAG GAA CTA TAC GAT CGG ATT TAC GTC ATC TTG AAC CTC GAA CAG TTT TTC TTT ATC TAC TCT ATT TAT TAC GAG TTG GCT TGT CAT GGT CCA GAG GGC AAG AAC CAG GCT TCT GTG TAC GAG CAT ATG TCT GCA CTT GGC AAC GTG TCG GAC AAG GAG CCT AAA AGG GGC TTG GAG CTC TAT ATT TCT CAA GCG GAT AAG ACC TTG CAG CAG AAG AAG TTT TTA TGT AAG GAT GAC TGG AGA AGG AAC GAC GAG CTA TTC CGC CTG GTT GAG AAG TGG CAG AAG AAG AAG TGG ATT GAA GTG AAC GAT ATT ACT ACC CAA CTA GGT TCG CGC GAA AAG GGT TAT GAA TAT AAG CTC TTG CCA CCA AGA GAT CAA GGT AAG GGC GAT GTG CAA AAT AAA ATT GGT AAG CAG GCT CAC GAG AAC GAC CAT GAG AGG AAG GCT GAC AAG AAC ACT AAG AAT GAG CTT ACA GTG TTC GAT AAC GCT TAT CTG GTC AAG AAG CAC CGT ACA CTA GTG GAA CTA ACG ACC TTC GTG AGA GTT AAG TTC AAT AAC ACT CCA GAA TTC GAT AAC TAT AAG AAA CCC CCC GCT ACC GCT GAA GGT CGC CCA GTA AAA GAA CGT ATT GGC GAC TTC TAC GGT AAG ATT CCC ACC CAT TCG 
Klac                            AAC AGA TTC TAC AAC TCC GAA CAA TCC AAG GGA GGT CCA GAT AAA TAC TTG ACA AAT ATG TAT AAT TGT GCA AGA CCA CCT ATG TTA GCA AAA GAT GCA GTG ACC GTC TTT ATG AAA GAG TTG AGA AAC CCA AAT TTA GAT CAA GCA TCA GTG GCC CAT GTT TTT CCT TTT GAA CTA CGT ACA GTT GTC CCT TTC CCT TCC TAC ACC GAT GAT AAG AGA CGT AAA CAA AAT CCA AAG GGG GTG GGT CTT ACC ACT GGT GTT CCT AAT GAT CAA AAA CCA ATT CCA AAC GTG AGA TAC AAA ATC AAC CGT CCA GAA CAA ATG AAG ATT GAA TTG GAG GGT AAG ACT TTT ACG AAA GAA GTG TCA CAA AAG ACC CAC CAA GGT TCC CGC TTC GGT ATG AAT TTT AAA AAA AAC ACA CAT GAT TTG CGC GGT ACA CTA ACT GAA GTA CGG CAA AAG AAT AAC CAA CAT AAT GGT TTA AAA GGT AAT TTA CTC ATC ATG GAA GAA TTC ATT TAC GTT AAA TTC TTG AAG GTC AAA AAG GAA TTA CAC GAT AGA ATT TAC GTT GTT CTA AAC TTA GAG CAA TTT TTT TTT ATC TAT GCT ATT TAT TAT GAA TTG GCA TGT ACC GGT CCA GAA GGT AAG AAT CAA GCA TCT GTT TAC AAT CAC ATG TCT GCC TTC GGT AAT GTT ACT AAC AAA GAA CCC AAG CGT GGT CTA GAA TTA GAA ATT TCT CAA GCT GAC AAA ACA CTA CAA CAA AGA AAG TTC TTG TGT AAG GAT GAT TGG AGA AGA AAC GAT GAA TTA TTT CAA TTG GAA GAG AAG TGG CAA AAG CGC AAA TGG ATC GAG ATC AAT GAT ATC ACC ACC CAA TTA GGT CCA CGT GAA AAG GGT TAC GAA TAC AGA TTA CTA CCA CCA AGA GAT CAA GGC AAG GGT GAT GTT CAG AAT AAA CTA GGT AAG CAG GCT CAT AAT AGC GAT CAC GAA CGT AAG GCT GAT AAA AAC TCT AAG AAT GAA CTT ACC GTT TTT GAC AAC GCT TAC TTG CTC AAG AAA CAT CGT ACT TTG ATC GAA TTA ACG ACA TTC GTT AGA GTC AAG TTC AAC AAC AAT CCA GAA TTT GAT AAC TAC AAG AAA CCT CCA CAA ACA GCC GAA GGT CAA CCA GTG AAA GAG AGA CTA GGT GAT TTC TAC GGT AAA ATC CCA ACT CAT GCT 
Calb                            AAT AGA TTC TAT AAT TCT GAA GAA TCT AAA GGA GGT CCC GAT AAA TAT TTG AAA AAT AAA GTT AAA TCG GCA AGA CCT CCT ATG TTA GCA AAA GAT GCA GTC ACT GTC TTT ATG AAA GAA TTA AGA AAT CCT AAT ATG GAA GAA GCT TCA GTT GCT CAT GTT TTT CCT TTC ACT TTA CGT GTA ATT ATA CCA TTC CCT GTT TAT ACT GAT AAT AAG AGA AGA AAA ACT AAT CCT AAA GGA GTC GGT TTG GCT AAT GGT ATT CCA AAT GAT CAA AAA CCT TTA CCT AAT GTT AGA TAT AAA ATT AAC CGT CCA GAA CAA ATG AAG ATC GAA ATT GAA GGT GAA ACC TTC ACA AAG AGA GTT TCA CAA AAA ACA AAG GAA GGT GTT AAC TTC GGT TAT AAT TTT AAA AAA AAT GTA CAT GAA TTA AAC GGA ACT TTA AAT GAA ATC CGT GAA AAA AAT AAT CAA CAT GAA GGT ATG AAA GGT GGT TTG ATT ATT ATG GAA GAA TTT TTA TAC GTA AAA TTC TTG AAG GTC AAA AAA GAA CTT AAG GAT AGA ATC TAT GTA ATT TTA AAT TTA GAA TAC TTC TTT TTC TTA TAT ATG ATC TAT TAT GAA ATT GCC TCG GTT GGT CCT GAG GGA AAA AAT TTG TCT TCT GTT TAC GAA CAT ATT TCT GCT TTG GGA AAT GTT AAT AAT AAA GAA CCA AAA AGA GGA CTC GAA TTA ACT ATA TCT CAA GAT GAT AAA ACC CTC TAC CAA AGA AAA TTT TTA TGT AAA GAT GAT TGG AGA AGA AAT GAT GAA CTT TTT CAA TTA GAA GAA AAA TGG CAA AAG AAC AAA TGG ATT GAA ATT AAT GAT ATT ACA ACT CAA TTA GGT CCT AGA GAA AAA GGT TAT GAT TAT AGA TTA TTA CCC CCT AGA GAT ACT AGT AAA GGT GAT GTT CAA AAC AAG GTT GGA AAA GAA ACT CAT GAA AAT GAT CAT GAA AGA AAA GCT GAT AAA AAT TCT AAA AAT GAA TTA GCT GTT TTT GAT AAT GCT TAT TTA ATT AAA AAG CAT AGA ACA TTA ATT GAA TTA ACA ACA TTC GTT AGA ATT AAG TTC AAT AAT AAT CCT GAA TTT GAT AAC TAT GAA AAA CCA CCA GAA ACA GCT GAA GGT CAA CCT GTT AAA GAA AGA GTT GGA GAT TTC TAT GGT AAA ATC CCA GTT AAC GCT 



Printing out site pattern counts


         9        699  P

Scer                            AAA AAA AAA AAA AAA AAA AAA AAA AAA AAA AAA AAA AAA AAA AAA AAA AAC AAC AAC AAC AAC AAC AAC AAC AAC AAC AAC AAG AAG AAG AAG AAG AAG AAG AAG AAG AAT AAT AAT AAT ACA ACC ACC ACC ACG ACG ACT ACT ACT ACT ACT ACT ACT ACT ACT ACT AGA AGA AGA AGA AGA AGA AGA AGG AGG AGG AGT AGT AGT ATA ATA ATA ATC ATC ATC ATC ATC ATG ATG ATG ATG ATT CAA CAA CAA CAA CAA CAA CAA CAA CAC CAG CAG CAT CAT CAT CAT CCA CCA CCA CCA CCA CCA CCA CCA CCA CCG CCT CCT CGT CGT CGT CGT CGT CTC CTG CTG CTG CTG CTT GAA GAA GAA GAA GAA GAA GAA GAA GAA GAA GAA GAA GAA GAC GAC GAC GAC GAC GAG GAG GAG GAT GAT GAT GAT GAT GAT GCA GCA GCA GCA GCA GCA GCC GCC GCT GCT GGC GGC GGT GGT GGT GGT GGT GGT GGT GTA GTA GTC GTG GTG GTT GTT GTT GTT GTT GTT GTT GTT GTT GTT TAC TAC TAC TAC TAC TAT TAT TAT TAT TAT TCC TCC TCC TCT TCT TCT TCT TCT TGC TGG TGT TGT TTA TTA TTA TTA TTA TTA TTA TTA TTA TTA TTA TTC TTC TTC TTC TTC TTC TTC TTC TTC TTG TTG TTG TTG TTG TTG TTG TTT TTT TTT 
Sbay                            ... ... ... ... ... ... ... ... ... ... ..G ..G ..G ..G ..G ..G ... ... ... ... ... ... ... ... ..T ..T ..T ..A ..A ..A ..A ... ... ... ... ... ..C ..C ..C ... ... ... ..T ..T ..A ..C ..A ..A ..C ..C ... ... ... ... ... G.. ... ... ... ... ... ..G ..G ..A ..A ..A ... ... ... ..T ..T ..T ... ..T ..T ..T ..T ... ... ... ... ..C ... ... ... ... ... ... ... ..G ..T ..A ..A ... ... ... ... ... ... ... ... ... ... ... ..C ..T ..T ..A ... ... ... ... ... ... ... T.A T.A T.. T.. A.C ... ... ... ... ... ... ... ... ... ... ..G ..G ..T ... ... ..T ..T ..T ..A ..A ... ..C ..C ... ... ... ... ... ... ..G ..T ..T ..T ..T ..T ..C ... ..T ..T ... ... ... ... ... ... ... ..G ..G ... ... ... ..C ..C ... ... ... ... ... ... ... ... ... ... ..T ..T ..T ..C ... ... ... ... ... ..T ..T G.A ... ... ... ... ..T ... ... ... C.. C.G ... ... ... ... ... ..G ..G ..G ..G ... ... ... ... ... ... ... ..T ..T C.A C.A ..A ... ... ... ... ..C ..C ..C 
Smik                            ... ... ... ... ... ... ... ... ..G ..G ... ..G ..G ..G ..G ..G ... ... ... ... ... ... ..T ..T ... ..T ..T ..A ..A ..A ... ..A ..A ... ... ... ..C ... ... ... ... ... ... ... ..C ..C ..A ... ... ... ..C ..C ... ... ... ..C ... ... ... ... ... .A. ... ..A ..A ... ... ... ... ... ... ..C ..A ... ..T ..T ..T ... ... ... ... ..C ... ... ... ... ... ... ..G ... ..T ..A ... ..C ... ... ... ... ... ... ... ... ..C ..G ..T ... ..A ... ... ... ... ... ... ... ... ..A T.. ... T.. A.. ... ... ... ... ... ... ... ... ..G ..G ... ... ... ... ..T ... ... ..T ..A ... ... ... ... ..C ... ... ... ... ... ..C ... ... ..C ..T ..T ..C ... ... ..T ..C ... ... ... ... ... ... ... ... ..T ... ... ..A ..C ... ... ... ... ... ... ... ... ... ... ... ..T ..T ... ... ... ... ... ... ... ..T ... ... ... ... ... .AT ... ... ... ... C.. ... ... ... ..G ..G ... ... ..G ..G ... ... ..T ..T ..T ..T ..T ... ..T ... ... ... C.. C.T ... ... ..C ... ... 
Spar                            ... ... ... ... ... ... ... ... ... ..G ..T ... ... ..G ..G ..G ... ... ... ... ... ..T ... ..T ... ... ... ..A ..A ... ... ... ... ... ... ... ..C ... ... ... ... ... ... ... ... ... ... ..C ... ... ... ... ..C ... ... ..C ... ... ... ... ... ... ... ..A ... ... ... ... ... ... ... ... ... ..T ... ..T ..T ... ... ... ... ... ... ... ... ... ..G ..G ... ... ... ... ... ... ... ... ... ... ... ... ... ... ... ... ..T ... ... ... ..C ... ... ... ... ... ... ..A T.. ... ... A.. ... ... ... ... ... ... ... ..G ... ... ... ..G ... ... ... ... ... ..T ... ... ... ... ... ... ... ... ... ... ..G ... ... ... ..T ..T ..T ... ... ... ..T ... ... ... ... ... ... ... ... ..G ... ... ... ... ... ..C ..G ... ... ... ... ... ... ... ... ... ... ..T ..C ... ... ... ... ... ..T ... ... ... ... ... ... .AT ... ..C ... ... ... C.. ... ... ... ..G ... ... ..G ..G ... ... ... ... ... ..T ..T ... ... ... ... ... ... ... ... ... ..C ..C ... 
Ncas                            ... ... ... ... ..G ..G ..G ..G ..G ..G ... ..G ..G ... ..G ..G ... ..T ..T ..T ..T ..T ..T ... ... ..T GG. ... .CC ..A ..A ..A ..A ..A ..A ... ... ... ... ... ..C G.T ..A ..T ..A ..A ... ... ..C T.. ..A ..A T.. ..A ... ..G ... ... ... ... C.T CAC ... ..A ..A ..A ..C ... ... ..T ..T ..T ..T ..T ... ... ..T ... ... ... C.A ... ... ... ... ... ... ... ... ... ..T ..A ..A ... ... ... ... ... ... ..C ..T ..T ... ..T ..G ..T ..A ... ..A ... ... ... ... ... ..T T.A T.A T.. .AA G.C C.. ... ... ... ... ..G ..T ... ... ... ... ... ..C ... ..T ..T ..T ..T ..A ... ..A ... ... ... ..A ..C ... ... .A. ..C ..T ..T ..T ..A T.. ..C T.. ..T ..T ... ..A ..G ... ... ... ... ..T ..T ..T A.T ... ..G ..A ... ..A A.C ..C ..G ..G ... ... ... ..T ..T ..T ..T ... GT. ..C ... ... ..G ..T ..T AA. AG. ATA ..C ... .A. ... ... ... ..G C.G ..G C.. ..G ..G ..G A.G ... C.T ..G ... ..T ... ... ..T ... ..T CAT ..T C.A ..A C.T ... ... ..A ... ..C ..C ... 
Cgla                            ... ... ..G ..G ... ... ..G ..G ... ..G ..G ..G ..G ..G ... ..G ... ... ... ..T ..T ... ..T ..T ... ..T GGT ... ... .C. ... ..A ..A ..A ... ... ... ..C ... ... ..T G.T ... ... ..T ..T T.. ... ..A ... ..C ... T.. ..C ..C G.. ... ... ... ... C.T ... ... ... ..A ... ... .AC ... ..T ..T ..C ..T ..T ..T ..T ..T ... ... ... T.. ... ... ... ... ..G ... ... G.. ..G ..T ..A ... ... ... ... ... ... ..T ..T ... ..T ... ..T ..T ... ..A ... ..A A.A ... ... ... ... A.T ..T ..A T.. GA. T.G AGC ... ... ... ... ... ... ... ... ..G ..T ... ..T ... ..T ... ..T ..T ..A ..A ..A ..C ... ... ..G ..C ... ..T CA. ... ..T ..T ..G ..T AAT ... T.. ..T ... ... ... ... ... ... ... ... ..T ... ..T A.T ..T ... ... ... ... CC. ..G ..C ..G ... ... ..T ... ... ... ..T ... AT. ..C ... ... ..T ... G.G A.. ... A.. ..C ... GAG ... ... ... ..G C.. ..G ..G ..G C.G ..G C.. ..G C.. ... ... ... ... ... ..T ... ..T CA. ... ..A ... G.T ... ... C.A C.T ... ... ... 
Agos                            ... ..G ..G ..G ... ..G ..G ..G .G. ..G GCG ..G ..G ... ..G ..G ... ... ..T ... ..T .CT ... ..T ..T ... GG. ... ... ... ... ..A ... ..A ... ... ..C ..C ..C ... ..T G.T ..A ... ..C ..A T.G ..C ..C G.A ..G ..G .TC ... ..A G.. ... ..G C.C C.G ..G TAC C.T ... ..A ..A .AC .AC .C. ..C ..T ..T G.T ... ..T ..T ... .A. ... ... C.A ... ... ..G ..G ... ..G ..G G.G ..G ... .GC ..A ..C ... ... ... ... ... ..T ... ... ... ... T.G ..T ..C ..C ... A.G ..C ... ... ... A.. T.. ..A T.. TAT A.. ..C ... ... ..G ..G ... ..G ..G ..G ..G ..G ..G ..T ..T ..T ... ..T ..T ..A ... ..A ... ..C ... ..A ..C ..C ..G ..T ..T ..T T.G ..T ..T T.T ..A ... ..T ..T ..C ..C ..G ..C ..C ... ... ..T ..T ..G ... ..C ..C ..C ..A ..G .GG ..G ..G ..G ..G ..G ... ... ..T ..T ..T ... GT. ..C ..C ... ..T ..T ..T CA. A.A A.C ..C ... .A. ... ... ... C.. C.. C.. ..G ..G C.G ... A.G C.T ..G C.G ... ... ... ..T ... ... ..T G.A ... C.. ..A ... C.A C.T C.C C.. ..C ..C ... 
Klac                            ... ..G ... ..G ... ... ... ..G ... ... GCT ... ... ..G ..G ... ..T ... ... ..T ..T ..T ... ..T ..T ... GGT ..A ... CGC ... ... ... ..A ... ... ... ..C ... ..C ..C G.T ..T ..A ..A ..T ... ..C ..C ..A ..A ..G .A. ..A T.C G.A ... ... ... ... C.T CAC ... ..A ..A ..A .AC ..C TC. ..C ..C ..C G.. ..T ..T ... ... .GA ... ... T.A ... ... ... ... ... ... ..G G.G ... ..T ..A ... ... ..C ... ... ... ... ..T ... ..T ... ... ... ..C ..A ... ... ... ... ..G ... ... G.T T.A T.A T.. GAA ..A A.C ... ... ... ..G ..G ..T ... ... ... A.T ... ..T ... ... ..T ..T ..T ..A ... ..A ... ... ... ..A ... ... ... CA. ..C ... ..T ... ..T ..T ..C ..A ..A ... ... ... ..G ... ... ... ... ..G ..T ..T A.C ..T C.C ..A ..G A.. .A. ..C A.C ..G ..C ... ..T ..T ... ... ... ..C G.A ..C ..C ... ... ... ..T A.C A.C A.. ..A ... .A. ... ... ... C.T ... ..G C.. C.. ... ..G A.G C.T C.. ..G ... ..T ... ... ..T ... ... A.G ..T ..A ... ... ..A ..C ..A ... ... ..C ... 
Calb                            ... ... ... ..G ..G ... ... ... ... ... G.T ... ..G ... ... ... ..T ..T ..T ..T ..T ..T ... ... ..T ..T GGA ..A G.A ..C ..A ..A ... ..A ..A ..A GG. ... ... ... ... ..T ..A ... ..A ..C .A. ... ... GTA ... ..A .AA .AA GT. G.A ... ... ... ... ... .AG ... ..A ..A ..A .A. .A. TC. T.. ..T ..T ..T T.A ... ... ..T .GA .AA ... C.T ..A ... ... TTG ACT ... G.. G.. T.C ..T ..A ..A ... ... A.C ... ..C ..T ... ..T ..T ..T ..T ..T ... ..A ..A ... A.A A.A ... A.A ... A.T A.. T.A T.. ACT G.. A.T ... ..T ..G ... ... ... ... ... ... ... ... ..T ..T ..T ..T ..T ..T ..A ..A ..A ... ..A ... AGA ... ... ... .A. ..T ..T ..T ..C ..T ATG ... T.. ..A A.T ... ..A ..A ..A ... ..A ... ..T ..T ..T A.T ..A A.. A.C ... T.A AA. A.A A.. ..C ..C ... GTT ..T ..T ..T ..T ... G.A ... ... ... ..T ..T ..T GT. G.. GT. ..A ... .A. ... .CG ... ..G ... ... ... ... ... ..G A.T ... C.C ... ... ..T ... ..T ..T ... ..T .AT ... ... ..A A.T C.T ... ..A ..A ... ..C ..C 

    2    3    2    3    2    2    3    2    2    1    1    2    1    1    1
    1    2    3    1    1    2    3    2    1    2    1    1    2    2    3
    2    1    2    1    5    1    1    1    1    1    2    1    1    1    2
    1    3    1    2    2    1    2    1    1    2    1    2    1    1    2
    2    2    1    1    1    2    4    1    1    1    1    1    1    1    3
    1    1    2    1    4    1    1    3    1    1    2    3    1    1    2
    1    3    1    3    2    1    1    2    1    1    1    1    2    3    3
    1    3    2    2    1    1    1    1    2    3    2    1    1    2    2
    2    4    1    1    1    3    1    3    3    2    3    2    1    1    1
    1    1    2    2    1    1    4    1    1    1    1    4    2    5    1
    1    1    1    2    1    2    1    1    1    2    2    1    2    1    1
   11    1    1    1    1    2    2    1    3    1    1    1    2    2    2
    4    1    2    1    2    2    1    1    1    3    1    1    1    2    1
    2    1    2    1    2    3    2    1    1    1    2    2    2    1    1
    1    1    2    1    2    2    2    1    2    2    1    1    1    1    1
    2    1    1    3    2    3    1    3

CODONML (in paml version 4.9j, February 2020)  temp.nuc
Model: One dN/dS ratio, 
Codon frequency model: Fequal
ns =   9  ls = 394

Codon usage in sequences
--------------------------------------------------------------------------------------------------------------------------------------
Phe TTT   7   2  13   6   9  10 | Ser TCT   7   9   9   8   8   9 | Tyr TAT   7  11  13  10  12   8 | Cys TGT   3   5   3   1   3   3
    TTC  14  19   8  15  11  10 |     TCC   4   1   2   3   3   3 |     TAC   8   4   4   7   4   6 |     TGC   2   0   0   2   0   0
Leu TTA  15  13   9   9   8   2 |     TCA   0   0   0   0   0   0 | *** TAA   0   0   0   0   0   0 | *** TGA   0   0   0   0   0   0
    TTG  11  15  17  16  13  16 |     TCG   0   0   0   0   1   0 |     TAG   0   0   0   0   0   0 | Trp TGG   3   3   3   3   3   3
--------------------------------------------------------------------------------------------------------------------------------------
Leu CTT   2   0   1   0   7   4 | Pro CCT   4   6   7   5   8  12 | His CAT   7   8   5   7   9   8 | Arg CGT   6   6   6   6   8   7
    CTC   3   3   3   3   0   0 |     CCC   0   3   2   2   1   0 |     CAC   1   0   3   1   2   1 |     CGC   0   0   0   0   0   0
    CTA   0   3   3   4   4   8 |     CCA  15  13  10  12  10  11 | Gln CAA  14  16  16  10  22  17 |     CGA   0   0   0   0   0   0
    CTG   6   1   2   3   1   1 |     CCG   3   0   3   3   3   0 |     CAG   4   2   2   8   0   5 |     CGG   0   0   0   0   0   0
--------------------------------------------------------------------------------------------------------------------------------------
Ile ATT   1   9   7   6   8  15 | Thr ACT  16   9   9  13   7  12 | Asn AAT   4   5   8   8  18  11 | Ser AGT   6   6   6   6   4   5
    ATC   7   4   3   4   5   1 |     ACC   3   6  10   6   6   6 |     AAC  19  18  15  16   5  13 |     AGC   0   0   0   0   4   2
    ATA   3   0   3   3   1   0 |     ACA   2   8   5   2   8   2 | Lys AAA  29  31  32  28  26  16 | Arg AGA  11  12  11  12  11  11
Met ATG   8   8   8   8   8   7 |     ACG   3   0   0   3   1   3 |     AAG  19  17  18  19  20  29 |     AGG   4   3   2   3   0   3
--------------------------------------------------------------------------------------------------------------------------------------
Val GTT  19  16  17  15  13  19 | Ala GCT   3   8   4   7   4  10 | Asp GAT  12  12  14  14  16  14 | Gly GGT  20  22  19  21  19  22
    GTC   1   4   1   4   3   2 |     GCC   3   2   4   0   3   0 |     GAC   6   7   4   4   3   7 |     GGC   2   0   3   1   1   1
    GTA   2   0   4   1   2   1 |     GCA  11   8   9   5   4   1 | Glu GAA  27  24  24  22  29  24 |     GGA   0   0   0   0   2   0
    GTG   3   5   3   5   8   3 |     GCG   0   1   0   5   0   3 |     GAG   4   6   7   9   4   7 |     GGG   0   0   0   0   1   0
--------------------------------------------------------------------------------------------------------------------------------------

--------------------------------------------------------------------------------------
Phe TTT   5  11   9 | Ser TCT   6   4   7 | Tyr TAT   9   4  14 | Cys TGT   3   3   1
    TTC  15  10  11 |     TCC   2   4   0 |     TAC  11  12   4 |     TGC   0   0   0
Leu TTA   2  11  20 |     TCA   0   2   2 | *** TAA   0   0   0 | *** TGA   0   0   0
    TTG  11  10   6 |     TCG   7   0   2 |     TAG   0   0   0 | Trp TGG   3   3   3
--------------------------------------------------------------------------------------
Leu CTT   2   2   2 | Pro CCT   4   6  13 | His CAT   5   6   7 | Arg CGT   5   7   3
    CTC   3   2   2 |     CCC   5   1   2 |     CAC   4   4   0 |     CGC   5   3   0
    CTA   7   8   0 |     CCA  10  15   7 | Gln CAA   6  20  11 |     CGA   0   0   0
    CTG   5   0   0 |     CCG   0   0   0 |     CAG   8   2   0 |     CGG   2   1   0
--------------------------------------------------------------------------------------
Ile ATT   9   6  15 | Thr ACT   7   6   9 | Asn AAT   7  17  29 | Ser AGT   0   0   1
    ATC   7   8   5 |     ACC   7   8   2 |     AAC  17  15   7 |     AGC   0   1   0
    ATA   0   0   2 |     ACA   6   7   7 | Lys AAA   7  21  37 | Arg AGA   7  13  19
Met ATG   6   7   7 |     ACG   3   2   0 |     AAG  40  23  10 |     AGG   5   0   0
--------------------------------------------------------------------------------------
Val GTT   4  11  17 | Ala GCT  13   6   9 | Asp GAT  11  18  19 | Gly GGT  14  20  15
    GTC   5   4   4 |     GCC   0   3   1 |     GAC   9   2   0 |     GGC   8   1   0
    GTA   4   1   4 |     GCA   4   6   3 | Glu GAA  12  23  37 |     GGA   0   1   8
    GTG  14   6   0 |     GCG   3   0   0 |     GAG  18   6   1 |     GGG   2   1   0
--------------------------------------------------------------------------------------

Codon position x base (3x4) table for each sequence.

#1: Scer           
position  1:    T:0.20558    C:0.16497    A:0.34264    G:0.28680
position  2:    T:0.25888    C:0.18782    A:0.40863    G:0.14467
position  3:    T:0.31472    C:0.18528    A:0.32741    G:0.17259
Average         T:0.25973    C:0.17936    A:0.35956    G:0.20135

#2: Sbay           
position  1:    T:0.20812    C:0.15482    A:0.34518    G:0.29188
position  2:    T:0.25888    C:0.18782    A:0.40863    G:0.14467
position  3:    T:0.34010    C:0.18020    A:0.32487    G:0.15482
Average         T:0.26904    C:0.17428    A:0.35956    G:0.19712

#3: Smik           
position  1:    T:0.20558    C:0.15990    A:0.34772    G:0.28680
position  2:    T:0.25888    C:0.18782    A:0.41878    G:0.13452
position  3:    T:0.35787    C:0.15736    A:0.31980    G:0.16497
Average         T:0.27411    C:0.16836    A:0.36210    G:0.19543

#4: Spar           
position  1:    T:0.20305    C:0.16244    A:0.34772    G:0.28680
position  2:    T:0.25888    C:0.18782    A:0.41371    G:0.13959
position  3:    T:0.33756    C:0.17259    A:0.27411    G:0.21574
Average         T:0.26650    C:0.17428    A:0.34518    G:0.21404

#5: Ncas           
position  1:    T:0.19036    C:0.19036    A:0.33503    G:0.28426
position  2:    T:0.25635    C:0.17005    A:0.43147    G:0.14213
position  3:    T:0.38832    C:0.12944    A:0.32234    G:0.15990
Average         T:0.27834    C:0.16328    A:0.36294    G:0.19543

#6: Cgla           
position  1:    T:0.17766    C:0.18782    A:0.34518    G:0.28934
position  2:    T:0.25127    C:0.18274    A:0.42132    G:0.14467
position  3:    T:0.42893    C:0.13198    A:0.23604    G:0.20305
Average         T:0.28596    C:0.16751    A:0.33418    G:0.21235

#7: Agos           
position  1:    T:0.18782    C:0.18020    A:0.32487    G:0.30711
position  2:    T:0.25127    C:0.19543    A:0.41624    G:0.13706
position  3:    T:0.26396    C:0.24873    A:0.16497    G:0.32234
Average         T:0.23435    C:0.20812    A:0.30203    G:0.25550

#8: Klac           
position  1:    T:0.18782    C:0.19543    A:0.34010    G:0.27665
position  2:    T:0.24619    C:0.17766    A:0.43909    G:0.13706
position  3:    T:0.32234    C:0.19797    A:0.32487    G:0.15482
Average         T:0.25212    C:0.19036    A:0.36802    G:0.18951

#9: Calb           
position  1:    T:0.20051    C:0.11929    A:0.38071    G:0.29949
position  2:    T:0.26396    C:0.16244    A:0.44670    G:0.12690
position  3:    T:0.43147    C:0.09645    A:0.39848    G:0.07360
Average         T:0.29865    C:0.12606    A:0.40863    G:0.16667

Sums of codon usage counts
------------------------------------------------------------------------------
Phe F TTT      72 | Ser S TCT      67 | Tyr Y TAT      88 | Cys C TGT      25
      TTC     113 |       TCC      22 |       TAC      60 |       TGC       4
Leu L TTA      89 |       TCA       4 | *** * TAA       0 | *** * TGA       0
      TTG     115 |       TCG      10 |       TAG       0 | Trp W TGG      27
------------------------------------------------------------------------------
Leu L CTT      20 | Pro P CCT      65 | His H CAT      62 | Arg R CGT      54
      CTC      19 |       CCC      16 |       CAC      16 |       CGC       8
      CTA      37 |       CCA     103 | Gln Q CAA     132 |       CGA       0
      CTG      19 |       CCG      12 |       CAG      31 |       CGG       3
------------------------------------------------------------------------------
Ile I ATT      76 | Thr T ACT      88 | Asn N AAT     107 | Ser S AGT      34
      ATC      44 |       ACC      54 |       AAC     125 |       AGC       7
      ATA      12 |       ACA      47 | Lys K AAA     227 | Arg R AGA     107
Met M ATG      67 |       ACG      15 |       AAG     195 |       AGG      20
------------------------------------------------------------------------------
Val V GTT     131 | Ala A GCT      64 | Asp D GAT     130 | Gly G GGT     172
      GTC      28 |       GCC      16 |       GAC      42 |       GGC      17
      GTA      19 |       GCA      51 | Glu E GAA     222 |       GGA      11
      GTG      47 |       GCG      12 |       GAG      62 |       GGG       4
------------------------------------------------------------------------------


Codon position x base (3x4) table, overall

position  1:    T:0.19628    C:0.16836    A:0.34546    G:0.28990
position  2:    T:0.25606    C:0.18218    A:0.42273    G:0.13903
position  3:    T:0.35392    C:0.16667    A:0.29921    G:0.18020
Average         T:0.26875    C:0.17240    A:0.35580    G:0.20305

Codon frequencies under model, for use in evolver (TTT TTC TTA TTG ... GGG):
  0.01639344  0.01639344  0.01639344  0.01639344
  0.01639344  0.01639344  0.01639344  0.01639344
  0.01639344  0.01639344  0.00000000  0.00000000
  0.01639344  0.01639344  0.00000000  0.01639344
  0.01639344  0.01639344  0.01639344  0.01639344
  0.01639344  0.01639344  0.01639344  0.01639344
  0.01639344  0.01639344  0.01639344  0.01639344
  0.01639344  0.01639344  0.01639344  0.01639344
  0.01639344  0.01639344  0.01639344  0.01639344
  0.01639344  0.01639344  0.01639344  0.01639344
  0.01639344  0.01639344  0.01639344  0.01639344
  0.01639344  0.01639344  0.01639344  0.01639344
  0.01639344  0.01639344  0.01639344  0.01639344
  0.01639344  0.01639344  0.01639344  0.01639344
  0.01639344  0.01639344  0.01639344  0.01639344
  0.01639344  0.01639344  0.01639344  0.01639344


TREE #  1:  (((((1, 4), (3, 2)), 5), 6), ((7, 8), 9));   MP score: 1057
This is a rooted tree.  Please check!
lnL(ntime: 16  np: 18):  -5770.947885      +0.000000
  10..11   11..12   12..13   13..14   14..1    14..4    13..15   15..3    15..2    12..5    11..6    10..16   16..17   17..7    17..8    16..9  
 0.052734 0.099736 0.544643 0.131539 0.146153 0.106181 0.001717 0.181754 0.310990 0.389651 0.563317 0.083920 0.092550 1.222081 0.543023 1.226071 2.208098 0.054206

Note: Branch length is defined as number of nucleotide substitutions per codon (not per neucleotide site).

tree length =  5.696061

(((((1: 0.146153, 4: 0.106181): 0.131539, (3: 0.181754, 2: 0.310990): 0.001717): 0.544643, 5: 0.389651): 0.099736, 6: 0.563317): 0.052734, ((7: 1.222081, 8: 0.543023): 0.092550, 9: 1.226071): 0.083920);

(((((Scer: 0.146153, Spar: 0.106181): 0.131539, (Smik: 0.181754, Sbay: 0.310990): 0.001717): 0.544643, Ncas: 0.389651): 0.099736, Cgla: 0.563317): 0.052734, ((Agos: 1.222081, Klac: 0.543023): 0.092550, Calb: 1.226071): 0.083920);

Detailed output identifying parameters

kappa (ts/tv) =  2.20810

omega (dN/dS) =  0.05421

dN & dS for each branch

 branch          t       N       S   dN/dS      dN      dS  N*dN  S*dS

  10..11     0.053   848.8   333.2  0.0542  0.0030  0.0548   2.5  18.3
  11..12     0.100   848.8   333.2  0.0542  0.0056  0.1036   4.8  34.5
  12..13     0.545   848.8   333.2  0.0542  0.0307  0.5659  26.0 188.6
  13..14     0.132   848.8   333.2  0.0542  0.0074  0.1367   6.3  45.5
  14..1      0.146   848.8   333.2  0.0542  0.0082  0.1518   7.0  50.6
  14..4      0.106   848.8   333.2  0.0542  0.0060  0.1103   5.1  36.8
  13..15     0.002   848.8   333.2  0.0542  0.0001  0.0018   0.1   0.6
  15..3      0.182   848.8   333.2  0.0542  0.0102  0.1888   8.7  62.9
  15..2      0.311   848.8   333.2  0.0542  0.0175  0.3231  14.9 107.7
  12..5      0.390   848.8   333.2  0.0542  0.0219  0.4048  18.6 134.9
  11..6      0.563   848.8   333.2  0.0542  0.0317  0.5853  26.9 195.0
  10..16     0.084   848.8   333.2  0.0542  0.0047  0.0872   4.0  29.1
  16..17     0.093   848.8   333.2  0.0542  0.0052  0.0962   4.4  32.0
  17..7      1.222   848.8   333.2  0.0542  0.0688  1.2697  58.4 423.1
  17..8      0.543   848.8   333.2  0.0542  0.0306  0.5642  26.0 188.0
  16..9      1.226   848.8   333.2  0.0542  0.0691  1.2739  58.6 424.5

tree length for dN:       0.3208
tree length for dS:       5.9181


Time used:  0:09
