      9   1182

Scer                            TAT GAA GAA AGA GAT CTG ACT CCT CTG GCC CAG TTG AAC GCT ATC TTC TTC GAA AAG TTT CTT GAC GCT CAG AAA TTT GGC TAT AAA GCA CAT AAG ATT ACT AGA AAA GAA GAT AGA GAA GAA ATC CAC AAA CTA AAT GCC GGT GCC TTG GCA AAT ACA AGA ATC AGA CTT GAA AGA GTG CCA AGC GAA AAC ACC GAT TAC AGA GCA AAA CGC AAT TTA GCT GAT CAA GAC GAA AGA AGC ATT AGA GAC TCC ACT GAA CGT GCC TCA TAC TAC ATG TTG TGT ATC CCA AAT GAC ATC CCT ATC ATG TCT AAG GAA GTT GAA GCC ACA AAA CTA CGT CAA AAG CCA GTT GAT GAT AGG TAC ACA GGT GGT GAC GCA TCC TAC GAG ATT GAC ACC GTT TGT AAG TGT GAA AGA GAA GTT GCA AAA GAT AGA AGA AAT AGA TCT GTT CTT AGC GGC ATC ATG CCA GTT ATG GCT AGA GCT GAT CCA TAC GCC GAC CCA TGC TAT GAG CAG GAC CCT TTG AAG CAA GTT TTA TAC TAC CTA GCC AAG AAC TAT GAA TAT CTG CAC GGC TAC ATG CAA GCT AGC CAA AAC AGA AGA AAC AAC TCT TTG AAA GCA AGA CAT CCA CAC CAC CCA GTG GAT AAT GGC GGG AGA TTT TAC ACT TTG CCT GCT TCT TGG ATG TAC CAA GCT GAT TTC TGT AAA ATC TGT AGC ATT GAG TCA GTT TCT AAC AAC AGA ATT GTT AAG AGA ACT CTA AGA GAT CAA AGA GGA GAA AGA GAT GAA GCT AGG GAC TTG ATC GGC GAT GAT CAT CCT TAT AGT ACA GTT CCA GAT TAT ATG GAT GCT AAT AAG GGC CAA AGA TTC AAC GAC TAC GTC GTT TTC AAC ACC ATG TTG AAA GTC TCA TAT ATC AAG GTT TCT ATG AAC AAA AAA TAT CAA AGA AAC GTT CCA GAA TCG AAG AAC CAA GCC GAC AGA AAG AAA CTG TTC ATT GAC AGA GAA TAC AAC ATC CCA AAT ATC ATC GGG TTT ATC GCC TCT GAC GCC TAC GGC GGT AAT TAC GAA TTC GAA TCT TAC GGC TCT TTG CAA GGT ACC ACT TAC AAC CCA AGA AGA TCA GAG AAA ATA AAT AGA CCA AGG GCA TCT CCT GGA GCT GAA GCC TTT GTC GAT AGA AAA ATA TTA TCT AGA TTG GTT TTG TCC AAA CTT GAC 
Sbay                            TAC GAA GAT AGA GAT CTT ACT CCT TTG GCC AGG TTG AAC GCA ATC TTT TTC GAA AAG TTC CTC GAC GCG CAA AAG TTT GGC TAC AAA GCA CAT AAA ATT ACT AGA AAG GAG GAC AGA GAA GAA ATT CAT AAA CTA AAC GCC GGT GCC TTG GCA AAC ACC AGA ATC AGA CTC GAA AGA GTG CCA AGC GAA AAC ACC GAC TAC AGA GCC AAA CGC AAC TTG GCT CAC CAA GAC GAA AGA AGC ATT AGG GAT TCC ACT GAG CGT GCC TCA TAT TAC ATG CTT TGT ATC CCA AAC GAT ATC CCT ATC ATG TCC AAA GAA GTT GAT GCT ACC AAA TTG CGT CAG AAG CCA GTA GAC GAT AGA TAC ACA GGT GGT GAT GCC TCC TAC GAG ATT GAC ACT GTC TGT AAA TGT GAG AGA GAA GTC GCC AAA GAC AGA AGA AAC AGA TCT GTC TTA AGC GGC ATC ATG CCA GTA ATG GCT AGA GCT GAC CCA TAC GCC GAC CCA TGC TAT GAG CAA GAC CCC TTG AAG CAG GTA TTG TAC TAC CTA GCC AAG AAT TAC GAA TAC CTT CAC GGA TAC ATG CAG GCT AGT CAG AAT AGA AGA AAC AAC TCT TTA AAG GCC AGA CAC CCA CAC CAC CCA GTG GAC AAC GGA GGG AGG TTC TAC ACT CTG CCC GCC TCT TGG ATG TAC CAA GCC GAC TTT TGT AAG ATC TGT AGC ATT GAG TCC GTC TCC AAC AAC AGA ATT GTC AAA AGA ACT CTA AGA GAT CAA AGG GGG GAG AGG GAC GAA GCT AGA GAC TTG ATT GGC GAC GAC CAT CCC TAC AGT ACC GTT CCA GAT TAC ATG GAT GCT AAC AAA GGC CAA AGG TTC AAT GAT TAT GTC GTC TTC AAC ACC ATG TTG AAA GTT GGA TAC ATC AAA GTC CCT ATG AAC AAA AAA TAC CAA AGA AAC GTC CCA GAG TCG AAG AAT CAA GCC GAC AAA AAA AAG CTG TTT ATT GAC AGG GAA TAC AAC ATC CCA AAC ATC ATT GGC TTT ATT GCT TCT GAT GCC TAC GGC GGT AAC TAT GAT TTC GAG TCC TAT GGC TCC CTA CAG GGT ACT ACT TAT AAT CCA AGG AGA TCC GAG AAA ATA AAT AGA CCA AGA GCA TCT CCT GGG GCT GAA GCC TTC GTG GAT AGA AAA ATA TTA CCT AGA CTA GTA TTG TCC AAG CTG GAC 
Smik                            TAT GAA GAA AGA GAT CTT ACA CCT CTA GCT CAA TTG AAC GCT ATC TTC TTC GAA AAG TTT CTT GAC GCA CAA AAA TTT GGT TAC AAA GCA CAT AAG ATT ACC AGA AAA GAA GAC AGA GAA GAA ATT CAT AAA CTA AAC GCC GGT GCC TTG GCA AAC ACA AGA ATC AGA CTT GAA AGA GTT CCA AGT GAA AAC ACC GAT TAC AGG GCA AAA CGC AAC TTG GCT GGT CAA GAC GAG AGG AGC ATT AGG GAT TCT ACA GAA CGT GCC TCA TAC TAC ATG TTG TGC ATC CCA AAT GAT ATC CCT ATC ATG TCT AAG GAA GTT GAA GCC ACA AAA CTG CGT CAG AAG CCA GTT GAT GAC AGA TAC ACA GGT GGT GAC GCA TCT TAC GAT ATT GAC ACG GTT TGC AAG TGT GAG AGA GAA GTT GCA AAA GAT AGA AGA AAT AGA TCT GTT CTA AGC GGT ATT ATG CCA GTT ATG GCT AGG GCT GAT CCA TAC GCC GAC CCA TGT TAT GAG CAA GAT CCT CTG AAG CAA GTG TTG TAC TAC CTA GCC AAA AAC TAT GAA TAT CTT CAC GGA TAC ATG CAG GCT ACT CAA AAC AAA AGA AAC AAC TCT TTG AAA GCA AGA CAC CCA CAC CAC CCA GTT GAC AAT GGA GGG AGA TTT TAC ACC CTG CCT GCT TCT TGG ATG TAC CAA GCT GAT TTC TGC AAA ATC TGT AGC ATC GAG TCA GTC TCT AAC AAC AGA ATC GTT AAA AGG ACT CTA AGA GAT CAA AGG GGG GAA AGG GAT GAA GCT AGA GAC CTG ATC GGT GAT GAT CAT CCT TAC AGT ACA GTT CCT GAT TAT ATG GAT GCT AAT AAG GGC CAA AGG TTC AAC GAC TAC GTC GTT TTT AAC ACT ATG CTA AAA GTG TCA TAT ATC AAG GTT TCG ATG AAC AAA AAA TAT CAA AGA AAC GTT CCA GAA TCG AAG AAC CAA GCC GAC AAA AAG AAA CTG TTC ATC GAC AGA GAA TAC AAC ATC CCA AAT ATC ATC GGG TTT ATC GCC TCT GAC GCC TAC GGC GGT AAC TAC GAA TTC GAG TCT TAT GGC TCT TTA CAG GGT ACC ACC TAC AAC CCG AGG AGA TCC GAT AAA ATA AAT AGA CCT AGA GCA TCT CCT GGA GCT GAA GCC TTT GTG GAC AGA AAA ATA TTG TCG AGA TTA GTG TTG TCT AAA CTT GAC 
Spar                            TAT GAA GAA AGA GAA CTT ACA CCT CTG GCC CAA TTG AAC GCT ATT TTC TTT GAA AAA TTT CTT GAC GCG CAG AAA TTT GGC TAC AAA GCA CAT AAG ATT ACT AGA AAA GAA GAT AGA GAA GAA ATT CAC AAA CTA AAT GCA GGT GCT TTG GCA AAC ACA AGA ATC AGA CTT GAA AGA GTG CCA AGT GAA AAC ACC AAC TAT AGA GCA AAA CGC AAC TTG GCT GAT CAA GAC GAA AGA AGT ATC AGG GAC TCC ACA GAA CGT GCC TCA TAC TAT ATG TTG TGT ATT CCA AAT GAC ATC CCT ATC ATG TCC AAG GAA GTT GAA GCC ACA AAA CTG CGT CAG AAG CCA GTT GAT GAT AGA TAC ACA GGT GGT GAC GCA TCC TAC GAG ATC GAC ACC GTT TGT AAG TGT GAA AGA GAA GTT GCA AAA GAT AGA AGA AAT AGA TCT GTT CTT AGC GGC ATC ATG CCA GTT ATG GCT AGA GCT GAT CCA TAC GCC GAC CCA TGC TAT GAG CAG GAC CCT TTG AAG CAG GTG TTG TAC TAT CTA GCC AAA AAC TAT GAA TAT CTT CAC GGG TAC ATG CAG GCT AGC CAG AAC AGA AGA AAC AAC TCT TTG AAA GCG AGA CAT CCA CAC CAC CCA GTG GAC AAT GGG GGG AGA TTT TAC ACT CTG CCT GCT TCT TGG ATG TAT CAA GCT GAT TTC TGT AAA ATC TGT AGC ATT GAG TCA GTC TCC AAC AAC AGA ATT GTT AAA AGG ACT CTA AGA GAA CAA AGG GGG GAA AGG GAT GAA GCT AGG GAC TTG ATC GGC AAC GAT CAT CCT TAC AGT ACA GTC CCA GAT TAT ATG GAT GCT AAT AAG GGC CAA AGG TTC AAC GAC TAC GTC GTA TTT AAC ACT ATG TTG AAA GTT TCA TAT ATT AAG GTT TCT ATG AAC AAA AAA TAT CAA AGA AAC GTT CCA GAA TCG AAG AAC CAA GCC GAT AGA AAG AAA CTA TTC ATT GAC AGA GAA TAT AAC ATC CCA AAT ATC ATT GGG TTT ATC GCC TCT GAC GCC TAT GGC GGT AAT TAC GAA TTC GAA TCT TAT GGC TCT CTA CAG GGT ACC ACT TAC AAC CCA AGG AGA TCC GAG AAA ATA AAT AGA CCA AGA GCA TCT CCT GGA GCT GAA GCC TTT GTC GAT AGA AAA ATA TTA TCT AGA CTA GTG TTG TCC AAA CTT GAC 
Ncas                            TAT GAA CCA AGA GAT CTA ACT CCA CTT GCC CAA CTA AAT GCA ATT TTC TTT GAA AAG TTT TTG GAC GCT CAG AAA TTC GGG TAC AAA GCC CAT AAG ATC ACA AGA AAA AAT GAT AGA GAA GAA ATT CAT AAA TTG AAT GCG GGT GCC CTA GCA AAT AAA AGG ATT AGA TTG GAA AGG GTT CCA TGT GAA AAT ACT GAT TAC AGA GCA AAG AGA AAT TTA GCA ATG CAA GAT GAA AGA GAT ATC AGG GAT TCT ACT AAT CGT GCC TCT TAT TAC ATG TTA TGT ATT CCT AAT GAT ATC CCT ATT ATG TCT AAA GAA GTT CCA GCT ACT AAG CTA CGT CAA AAG CCT GTT GAT GAT AGA TAC ACT GGG GGT GAT GCA TCA TAT GAA ATC GAT ACT GTC TGT AAG TGT GAG AGA GAA GTG GCT AAG GAT AGA AGA AAT AGA TCC GTT CTT AGT GGG ATT ATG CCA GTT ATG CCA AGA GCC GAT CCA TAT GCC GAC CCA TGT TAT GAG CAG GAT CCA TTG AAA CAG GTC TTA TAC TAC TTG GCA AAG AAT TAT GAG TAT CTA CAT GGT TAC ATG CAA CCA TGC CAG AAT AAG AGA AAT AAT TCT TTG AAG GCT AGA TAC CCA CAT CAT CCT GTT GAT AAT GGT GGG AGA TTT TAT ACA TGG CCA GCT TCT TGG ATG TAC CAA GCT GAT TTT TGT AAA ATT GAG AGT ATC GAG TCA ATT TCT AAC AAT AGA ATA GTG AGA AGA ACA TTG AGA GAT AAA AGG GGT AAT AGG GAT GAA GCA AGA GAT TTG ATG GGG GAT GAT CAC CCA TAC AGT ACT GTT CCA GAT TAT ATG GAT CCA AAT AAG GGG CAA AGG TTC AAT GAT TAT GTG ATT TTC AAT ACG ATG TTG AAA GTT AAT TAT ATT AAG GTG TCT ATG AAT AAA AAA TAT CAG AGA AAC GTC CCA AAT CCA AAG AAC AAA GCA GAT AGA AAA AAA TCA TTT ATA GAT AGA GAA TAC AAT ATT CCA AAT ATC ATT GGG TTC ATG GCT TCT GGT GCA TAC GGT GGG AAT TAT CCA TTC GAA TCT TAT GGG TCT TTA CAA GGT ACT ACA TAT AAA CCT AGG AGA TCT GAA AAA ATA AAT AGA CCA AGA GCA TCT CCA GGT CCA GAG TCC TTT GTT GAT AGA AAG ATT ATG TCT AGA TTA GTC CTA TCT AAA GGG GAC 
Cgla                            TAC GAG GAG AGG GAG TTA ACC CCT CTA GCT CAA CTG AAC GCG ATC TTT TTC GAA AAA TAC ATT GAT GCG CAA AAG TTT GGT TAC AAA GCT CAC AAG ATC ACC AGG AAG GAA GAC AGA GAA GAG ATT CAC AAG CTA AAT GCG GGT GCT CTG GCA AAT ATG AGG ATT CGT ATT GAA AGG GTC CCA TCT GAG AAC ACT GAC TAT AGA GCA AAA CGC AAT TCA GCA TTG CAG GAC GAA AGA CAA ATT CGT GAC TCT ACC GAA CGT GAT TCT TAT TAT GTG TCA TGT ATC CCT AAT GAC AAA CCT ATT ATG TCT AAG GAA GTT GAG GCC ACA AAG CTA CGT CAA AAG CCT GTG GAT GAC AGA TAT ACA GGT GGC GAC GCA TCC TAC GAG ATT GAT ACA GTC TGT AAG TGT GAG TCG GAA ATT GCT AAG GAT AGA AGA AAT AGA TCT GTC TTG TTG GGT ATT ATG CCC GTG GTG ACC AGA GCC ACA CCA TAT GCC GAC CCC TGT TAT GAG CAA GAC ACA TTG AAG CAA GTT TCA TAT TAC CTA GCT AAA AAC TAC GAA TAT TTA CAT GGT TAT ATG CAA ACC AGT CAA AAC AAA AGA AAC AAT TCT TTG AAG GCC AGA TAT CCA CAC CAC CCT GTC GAT AAT GGT GGT AGA TAC TAC ACC AAG ACA GCT GCA TGG ATT TAT CAG GCT GAT TTC TGT AAG ATC GAC TTG ATT CAG TCG CGA TCT AAT AAC AGA ATC GTG AGA AGA ACA CTA AGA GAG AAG CGT GGG GAA CGT GAT GAG GCT AGA GAT TTG ACT GGT GAC GAT CAC ACA TAC AGT ACA GTC CCA GAC TAT ATG GAT ACC AAT AAG GGT CAG CGT TAC AAC GAC TAT CTG ACA TTT AAC ACT GTG CTG AAA CTT AGC TAC ATC AAG GTG TCT GTG AAT AAA AAG TAC CAA AGA AAT GTC CCA GAA GGG AAG AAT AAG GCC GAT AGA AAA AAG CTG TTC ATC GAT AGA GAA TAT AAC ATC CCC AAT AAA ATC GGT TTT ACT GCC TCT GAA GCC TAC GAA GGT AAT TAT GAG TTT GAG TCT TAT GGT TCT CTT CAA GGT ACT ACC TAT AAG CCA CGT AGA TCT GAG AAG ATC AAT AGA CCA AGA GCA TCT CCA GGT ACC AAG GCT TAC GTC GAC AGA AAG ATC CTG TCT AGA CTT GTT CTT TCT AAG CTG GAC 
Agos                            TAC GAG GAC CGG GAG CTG ACC CCG CTG GCG CAA CTG AAC GCA ATA TTT TTC GAG AAG TAC CTG GAT GCT CAG AAA TAC GGG TAC AAG GCA CAT AAA ATC ACG CGG AAG GAG GAC CGG GAG GAG ATC CAC AAG CTG AAC GCG GGC GCC CTG GCA AAC CCG CGC ATC CGG CTG GAG CGC GTG CCC AGC GAG AAT ACC CCC TAC CGC GCC AAG CGC AAC CTG GCT GAA CAG GAC GAA CGC CAG ATT CGT GAT TCC ACC GAG CGG ACC TCG TAC TAC AAG CTG TGC ATA GCT AAC GAT GCC CCA ATC ATG TCC AAA GAG GTG GAC GCC ACC AAG CTC CGG CAG AAG GCT GTG GAC GAT AGA TAC ACG GGT GGC GAC GCC TCG TAC GAT ATT GAC ACA GTG TGC AAA TGC GAG CGC GAA ATC GCG AAG GAC CGC CGC AAC CGC TCA GTA TTG AGC GGG ATC ATG GAC GTG AAG AAT CGC GCC GAT CCT TAC GCC GAC GAC AGC TAC GTC CAG GAC CCA AAG AAA CAG GTC CTG TAC TAC CTG GCA CAG AAC TAC GAA TAC CTG CAT GGT TAC TTG CAG AAT TCC CAG AAC AAG CGG AAT GCG TCC TTA AAG GCT CGC TAC CCC CAC CAC GCT GTG GAC AAC GGT GGG CGC TAC TAC ACG TGG CCA ACA TCT TGG ATG TAC CAG ACA GAC TTC TGC AAA ATC TTT AGC ATT GAG TCG GTC TCC AAC AAT CGC ATA GTG CGC CGA ACG CTG CGC GAG CAG CGT GGC GAG CGT GAC GAG GCG CGC GAC AAG GTC GGG CCC GAC CAC CCA TAC AGT ACC GTC CCA CGC TAC TTG GAC AAT AAC AAA GGG CAG CGT TTC AAC GAC TAC ATC GTC TTC AAC ACA AAG CTT AAG GTT AGC TAC ATA AAA GTG TCG AAG GCG AAG AAG TAC CAC AGA AAC GTG CCC GAG TCG AAG AAC CAG GCA GAC AGG GTG AAA CTC TTC ATA GAC AGG GAG TAC AAC ATC GAC AAC GCC ATT GGT TTT GTC GCC TCC GTG GCA TAC GGC GGT AAC TAC GAC TTC GAG TCG TAC GGG TCG TTA CAG GGC ACC ACG TAC AAG CCG CGT CGA TCG GAT AAG CCC AAC CGG CCA AGA GCA TCC CCC GGC AAT GAG GCT TAC GTC GAT AGG AAG ATC CTG TCG CGC TTA GTC CTT TCC AAG GAT GAC 
Klac                            TAC GAA GAT AGA GAT TTA TCT CCA CTA GCC CAA TTG AAC GCT ATC TTT TTT GAA AAG TAT TTG GAT GCT CAG AAA TTT GGT TAT AAG GCA CAT AAG ATC ACA AGA AAA GAA GAC AGA GAA GAA ATA CAT AAA TTT AAC GCC GGA GCA TTG GCC AGT GAG AGA ATC CGT TTG GAA AGA GTT CCA AGT GAA AAT ACT GAC TAC AGA GCC AAG AGA AGT TTG GCT ATC CAA GAC GAA AGA TCT ATC AGG GAT TCT TCT GAA AGA GCT TCA TAT TAC AAA TTG TGT ATC GCA AAC GAT GAA CCA ATC ATG ACT AAA GAA GTC GAT GCC ACA AAA CTC AGA GAA AAG GCA GTA GAC GAC AGA TAC ACA GGT GGA GAC GCC TCG TAC GAT ATC GAT ACC GTT TGT AAG TGT GAA AAG GAA ATC GCC AAA GAC AGA AGA AAC AGA TCT GTC TTA ACT GGT ATT ATG CCC GTA AAA TCC AGA GCT GAC CCT ATT GCG GAC CCC AGT TAT GAA CAG GAT CCC CTC AAG CAG GTG TTG TAC TAT TTT GCC CAG AAC TAT GAA TAT TTA CAC GGC TAC TTA GAA TCC TCT CAG AAC AGA AGA AAT AAC TCA TTA AAG GCA AGG CAC CCA CAT CAT GCA GTT GAA AAT GGC GGT AGG TAT TAC ACA ACC CCC GCA TCT TGG ATG TAC CAG GCA GAT TTT TGT AAA ATC GAT ACT ATT GAA TCA GTA ACT AAC AAT AGA ATT GTG AGG AGA ACT TTT AGA GAT AAG AGG GGG GAA AGG GAT GAA GCA AGA GAT CTC ATG GGT GAC GAC CAT CCC TAT AGT ACA GTC CCA GAT TAT TTA GAT TCC AAC AAG GGT CAG AGG TTC AAC GAC TAC GTC ATT TTT AAC ACT AAA TTA AAG ATA AGC TAT ATC AAG GTG TCG AAA AAC AAG AAA TAT CAA AGA AAC GTT CCA GAA GAT AAG GAT AAG GCA GAT AAA AAA AAA CTT TTT ATT GAT AGA GAA TAC AAC ATC CCC AAC GAA ATT GGT TTT ATG GCC TCA GTT GCA TAT GGT GGT AAC TAC GAT TAC AGT TCG TAC GGT TCG TTG GAA GGA ACT ACA TAC AAG CCA AGG AGA TCT GAT AAA CCA AAT AGA CCA AGA GCC TCA CCT GGT TCC GAA TCT TAT GTC GAC AGA AAA ATT TTG TCG AGG TTG GTG CTA TCT AAA TTG GAC 
Calb                            TAT GAG AAT AGA GAG TTA ACA CCT TTG GCT CAG TTA AAT GCT ATT TTT TTC GAA AAA TTC TTA GAT GCC CAA CAA TAT TCT TAT AAA GCT CAC AAA ATT ACT AGA AAA GAA GAT CGT GAA GAA ATT CAC AAA TTA AAT GCT GGA GCC TTA GCC AAT CAG AGA ATC AGA TTA GAA AGA ATC CCA TCA GAA AAT ACT ACA TAT AGA GCG AAA AGA AAT GTT GCG GTG CAA GAT GAA AGA AAA ATC CGT GAC AGT ACA GAA ACG GTT TCT TAC TAT GTG TTG TGT ATT TCA AAT GAC TAC CCT ATC ATG TCA AAG GAA GTT AAT GCT ACT AAA TTA ACG CAA AAA TCA GTA GAC GAT AGA TAT ACA GGT GGT GAT GCG ACT TAC GAT ATC GAC ACT GTT TGT AAA ATT GAA ATG GAA ATT GCA AAA GAC AGA AGA AAT AGA TCT GTT TTA AGA TCT ATC ATG GAA GTA GTG AAA AGA GCT GAT CCA TAC GCA GAT GAA GCT TAT TAT CAA GAG CCA AAA AAA CAA CTG GTT TAT TAC TTA GCT AAA AAT TAT GAG TAT TTA CAT GGT TAT TTA CAA AAA AAA CAA AAT AAA CGT AAT AAT TCA TTA AAG GCT CGT TTT CCA CAT CAT TCA ATC GAT ATG GGT GGA AGA TTC TAT ACT TAT CCA AAT TCT TGG GTA TAT CAA AAT GAT TTT TGT CAA ATT ATA AGA ATT GAA GGA CAA TCA AAT AAT AGA ATA GTT AGA AGA ACA TTA AGA GAG GGA CGT GGA GAA CGT GAT GAA GCA AGA GAC AAA ATT TCT ACA GAC CAT CCA TAT TCA ACT GTT CCT GGT TAT TTA GAT AAA AAT AAA GGT CAG CGT TAT AAT GAT TAT CTA ATA TTT AAT ACT GTG TTG AAA CTT AAT TAT ATT AAA GTT TCT GTG AAT AAA AAA TAT AAA AGA AAT GTT CCA GAA GGT AAA AAT GGA GCA GAC AAA CCA CAA TTA TTT ATA GAC AGA GAA TAT AAT ATT GAA AAT TAC ATT GGG TTT ATT GCT TCA GTG GCA TAC GGA GGT AAT TAT AAT CAT CAA TCC CAA GGT TCC TTA CAA GGA ACT ACT TAT AAA CCG CGT CGT TCA GAT AAA CCC AAT CGT CCT AGA GCC TCA CCG GGT AAA ATT GAT TTC GTC GAT AGA AAA ATT ATG TCT CGT TTA CTG TTA AGT AAA ATA GAT 



Printing out site pattern counts


         9        735  P

Scer                            AAA AAA AAA AAA AAA AAA AAA AAC AAC AAC AAC AAC AAC AAC AAG AAG AAG AAG AAG AAG AAG AAG AAT AAT AAT AAT AAT ACA ACA ACA ACC ACC ACC ACC ACT ACT ACT AGA AGA AGA AGA AGA AGA AGA AGA AGA AGA AGA AGA AGA AGA AGA AGA AGA AGC AGC AGC AGC AGG AGG AGT ATA ATA ATC ATC ATC ATC ATC ATC ATC ATC ATG ATG ATG ATG ATT ATT ATT ATT CAA CAA CAA CAA CAA CAA CAA CAC CAC CAC CAG CAG CAT CAT CAT CCA CCA CCA CCA CCA CCA CCT CCT CCT CCT CGC CGT CTA CTA CTG CTG CTG CTT CTT CTT GAA GAA GAA GAA GAA GAA GAA GAA GAA GAA GAA GAC GAC GAC GAC GAC GAC GAC GAC GAC GAG GAG GAG GAT GAT GAT GAT GAT GAT GAT GAT GAT GAT GAT GCA GCA GCA GCA GCA GCC GCC GCC GCC GCC GCC GCC GCC GCC GCT GCT GCT GCT GCT GCT GCT GGA GGA GGC GGC GGC GGC GGG GGG GGT GGT GGT GTC GTC GTC GTG GTT GTT GTT GTT GTT GTT GTT GTT GTT GTT TAC TAC TAC TAC TAC TAC TAC TAC TAC TAT TAT TAT TAT TAT TCA TCA TCA TCA TCC TCC TCG TCT TCT TCT TCT TCT TCT TGC TGG TGT TGT TGT TTA TTA TTC TTC TTC TTC TTC TTC TTG TTG TTG TTG TTG TTG TTG TTG TTT TTT TTT 
Sbay                            ... ... ... ... ..G ..G ..G ... ... ... ... ..T ..T ..T ..A ..A ..A ..A ... ... ... ... ..C ..C ..C ..C ... ... ..C ..C ... ... ..T ..T ... ... ... .A. ... ... ... ... ... ... ... ... ... ... ... ... ... ..G ..G ..G ... ... ... ..T ..A ..A ... ... ... ... ... ... ... ... ..T ..T ..T ... ... ... ... ... ... ... ... ... ... ... ... ... ..G ..G ... ... ..T AG. ..A ..C ... ... ... ... ... ... ... ... ..C ... ... ... ... ... ... T.G ... ..T T.. ..C ..G T.A ... ... ... ... ... ... ... ..G ..G ..G ..T ... ... ... ... ... ... ..T ..T ..T ... ... ... C.C ..C ..C ..C ..C ..C ..C ... ... ... ... ... ... ..C ..C ..C ... ... ... ... ... ... ... ... ..T ..A ..C ..G ... ... ... ... ..G ..G ..A ... ... ... ..C ... ... ... ... ... ..G ..T ... ..A ..A ..C ..C ..C ..C ..C ..C ... ... ... ... ... ... ... ... ..T ..T ..T ..C ..C ..C ..C ... GG. ... ..C ..C ... ... ... C.. ..C ..C ... ... ... ... ... ... ... ... ... ..G ... ... ... ... ..T ..T C.A C.. C.T ..A ... ... ... ... ..C ... ... 
Smik                            ... ... ... ... ... ... ... ... ... ... ... ... ... ... ..A ... ... ... ..A ... ... ... ..C ..C ... ... ... ... ... ... ... ..T ... ..G ..A ..C ... .A. .A. ... ... ... ... ... ... ... ... ... ... ..G ..G ... ... ..G ... ... ..T .CT ..A ..A ... ... ... ... ... ... ... ..T ... ... ..T ... ... ... ... ..C ..C ... ... ... ... ... ... ... ... ..G ... ... ..T ..A ..A ..C ... ... ... ... ... ... ..G ..T ... ... ... ... ... ... ... ..G ... ..T ..A ... ... ..A ... ... ... ... ... ... ..G ... ..G ..G ... ... ... ... ... ... ..T ... ... ..T ... ... ..T .G. ..C ..C ... ... ... ... ..C ... ... ... ... ... ... ... ... ... ... ... ... ... ... ... ..T ... ... ... ..A ... ... ... ... ... ..G ..A ... ... ..T ... ... ... ... ... ... ..G ..G ..T ..G ... ..C ... ... ... ... ... ... ... ... ... ... ... ... ... ... ... ..T ..C ... ... ... ... ... ... ... ..C ..T ..T ... ..G ... ... ... ... ... ..T ... ..C ... ... ..G ..G ... ... ... ..T ... ... ..A C.. ... ... C.A C.. ... ... ... ... ... 
Spar                            ... ... ... ... ... ... ... ... ... ... ... ... ... ... ..A ... ... ... ..A ..A ... ... ..C ... ... ... ... ... ... ... ... ..T ... ... ..A ... ... ... ... ... ... ... ... ... ... ... ... ... ... ... ..G ... ... ..G ... ..T ..T ... ..A ... ... ... ... ... ... ... ..T ... ... ..T ..T ... ... ... ... ... ... ..C ... ... ... ... ... ... ..G ..G ... ... ... ..A ... ... ... ... ... ... ... ... ... ... ... ... ... ... ... ... ... ..G ..A ..T ... ... ... ... ... ... ... ... ... ... ... ... ... ... ... ... ... ... ... ..T ... ... ... ... ... ... ... ... ..C ... A.C ... ... ... ... ..A ... ... ... ... ... ... ..G ..A ... ... ... ... ... ..T ... ... ... ... ..G ... ... ... ... ... ..G ..G ... ... ... ... ... ... ... ... ... ... ..T ... ..G ... ..C ..A ... ... ... ... ..C ... ... ... ... ... ..T ..T ... ... ..T ..C ... ... ... ... ... ... ... ..C ... ... ... ... ..C ... ... ... ... ... ... ... ... ... ... ..G ... ... ..T ..T ... ... C.A C.. ... ... ... ... ... ... ... ... ... 
Ncas                            ... ... ..G ..G ... ... ..G ... ..T ..T ..T ..A ... ..T .GA ..A ..A ... ... ... ..A ... ... ... ... ... ... ..T .A. ..T ..T ..G ..T ..T ... ..A ..A ... .AG ... ... ... ... ... ... ... ... ... ..G ... ... ... ... ..G ..T GAT T.T T.. ..A ..A ... ... ..T ... ..T ..T ..T ..T ..G ..T ..T ... ... ... ... ..A ..C ..C ..C A.. ... ... ... ..G ..G ... ..T ..T ..T ..A ... T.C ..C ... ... ... ... ..T ..T ... ..A ..A ..A ... A.A ... T.G ... TCA ..A ..T T.G GGG ... ... ... ... ... ..G ..G ... A.T ... ..G CC. ... ... ..T ..T ..T ..T ..T .GT ..T ... ... ..A ATG ... ... ... ... ... ... ... ... ... ... ... ..C ... ..T ..T ..G ..A ..A ... ... T.. ... ... ..T ..A ... ... C.A ..A ..A ..C ..T ..T ..T ..G ..T ..G ... ... ..G ... ... ..G ..T ..T ..T ..C ... A.. A.. ..C ..G ..G ... ... ... ... ..T ..T ..T ... ... ..T ..T ..T ..C ... ... ... ... AAT ..T ... ..T ..A ..T C.A ... ... ... ..C ... ... ..T ... ... GAG ... A.G ... ... ... ..T ... ... ..T ..A .G. ..A ... ... ... C.A C.A ... ..C ..C 
Cgla                            ... ..G ... ..G ..G ..G ..G ..T ... ... ..T ..G ..T ... .GA ..A ... ... ..A ..A ... ... ... ... ... ... ... ... .TG ... ..T ..T ..T ..A ..C ..C ..A ... .A. ... ... ... ... ... ... ..G C.T TCG ..G ... ... ... ... C.T TTG CAA TCT ..T ..A ..A ... ..C ..C .AA ... ..T ... ..T .CT ... ..T ... ... ..T G.. ..C ... ... ..C A.G ..G ..G ..G ... ... ... ... ..T ... ..A ..A T.. ..C ..C ... ... ..C ..T ... ... A.A ..A ... ... ... ... ... ... ... T.A ..A A.. ..G T.G ... ... ..G ..G A.G ... ... ... ..G ..G ..G ... ..T ... ..T ..T ... ... ..A ... C.. ... ... TTG ... ..C ..C ACA ... ... ..C ..G ..C ... ... ..T ... ..T ..C ..G ... ..T .AT ... ..T ..T ..T ... ..G ... ..G A.C ..A ... ..C ..T ..G ..T ..T .AA ..T ..T ..T ... ..C ... C.G ... C.T ..C ... ..G CGA ACA ..C A.. ..G ..C ..C ... ..T ... ... ..T ... ..T ..T ..T ..T ..C ..C ..C ... ... AGC ..T ..G ..T ... ..T GG. ... ... ... ... G.A ... ..T ... ... GAC ... C.G .C. .A. ..T ... ..T ..T ... C.T AA. .CA ... C.. ... C.. C.T .AC ... ... 
Agos                            ..G ..G ..G ..G ... ..G ..G ... ... ..T GCG ..G ... ... CGC GT. ..A ..A C.. ... ..A ... ..C ..C ..C ..C ..C ..G C.G ..C ... ..A ... ..A ..C ..G ..G ..G .AG ... ..G C.. C.C C.C C.G C.G C.G C.C C.C C.C C.. ..G C.C C.T ... CAG ... TC. ..A C.C ... CCC ..C GC. ... ... ..A ... G.. ..T ... ... T.. ... .A. ..A ... ... ..C ..G ..G ..G ..G ..C ..G ..G ... ..T ... ..A ... T.C ..C ... ..C ..T GAC G.T ..G ... ..A ..C ..G ..A ... ..G ..G ..C ..C ... ... ..G GA. T.G ... ..G ..G ..G ..G ... ... ..G ..G ..G ..C ... ..T ... ... ... ... ... .TG ..T ... .TC ..T ..A ..C ..C CCC ... ..C ..C ... ..G CGC ..C ... ... ..C ..G ..T ..G ..A ..A A.. ... ..T ... ..G ... ..A A.A ... AA. ... ..G ..C ..C ..C ..T ..G ... ..G ..T ... ... ..C ..C A.. ... ..T ... ..C ..G ..C ..C ..G A.C ..G ..A ..C ..G ... ... ... ... ... ... ... ... ... ..C ..C ..C ..C ..C AGC ..G ..G ..G ..G ... ... ..G ..C ..G ..A ... ..C A.. ... ..C .T. ..C C.G C.G ... ... ... ... ..T ... ..A .G. C.. ..A C.T AA. C.. C.T .AC .AC ... 
Klac                            ..G ... ..G ... ... ... ..G ... ... ..T ... ..G G.T ... .G. ..A ..A ... C.. ... ... ... .G. ..C ..C ... ... ... GAG ... ..T ..T ..T ... T.. ..A ... .A. ... ... ... ... ... ..G ... ... C.T .AG ... ... ... ... ..G ..G .CT TCT ..T TCT ..A ..A ... CC. ..T GAA ... ... ... ..T ..G ..T ..A ... T.A ... .AA ... ... ..C ..C A.G ... ..G ..G ... ..G G.. ..T ... ..T ..A ... ..C ... ... ... ..T ..C G.. ... ... ..C ... ..A ..A A.A A.A T.T ..C ..T T.A ..A T.G T.G T.A ... ... ... ... ... ... ... ... AGT ... ..T ... ..T ... ..T ..T ..T ... .TT ..T ..A ..A ..T ATC ..A ..C ..C ..C ..C ... ..C ... ... ... ..C ... ..C ..C ... ... ..A ... ..T ..G T.T ..A ... ... ... ..A ... T.C ... ..A ... ..T ..G ... ..T ..T ..T ..T ..T ... ..A ..A ... ... A.A ..T ..G ..A ..A A.. ... A.C ..G ..C ..C ..C ... ... ... ATT ..T ... ... ..T ... ... ..C ... ... ... AGC ... ... ..T ..G ..T GAT ..G A.. ..G ... ... ..A A.T ... ... GA. ... ..G ..G ... .A. ..T ..T ..T ..T ... ACC ... ..A ..A C.C ... C.A .A. ... ... 
Calb                            ... ... ... ... C.. ... ..G ..T ..T ..T ..T ..A ..T ..T .GA CCA ... ..A ..A ..A ..A ..A ... ... ... .TG ... ... CAG ..T ..T ..T ..T ..T ..A ... ..A .A. .A. ... ... C.T ... C.T C.T ... ... .TG ... ... ... ... ... C.T ..A .AA TCA .AA ..A ..A TCA CCC ..T TA. ..T ... ..T ... ..T ..T ..T ... T.A G.A G.. ..A ... ..C ... GG. ... ... ..G A.. ... ... ..T ..T ... ... ..A TT. ... ..C ... ... GA. T.. ..G ..T ..A ..G ... ... A.A ACG T.. T.. T.A T.A T.. T.A A.A T.A ... ... ... ..G ATT ..G ... ... C.. ... A.T ..T ..T ..T ... ... ..G ..T .TG ... ..A T.T ..T .TG ... ... ACA ... ..C ... ... ..G .G. ... ..C ..T ..G ... ..T ..T ..A ..T .TT ..A .AT ... ..T ..T ... AA. ..C AAA ..G ..A ... ..T ... ..T ..T ..A TCT ... ..A ... ... ..A C.A ... C.T A.C C.G ..A CAA A.A ... A.. ... ... ... ... ..T ... ..T ... ... ..T ..T ... C.A ... ... ... ... ... AAT ..T GG. ... A.T AGT GGT ... ..A ..C ... ... ..A GCT ... ... ATA AT. A.G G.T .AT CAT ... ..T ..T ..T ..A .AT ... ..A ... AAA ..A ..A ..C .A. ... 

    3    3    1    3    3    2    1    2    3    3    2    1    1    3    1
    1    1    4    1    1    1    2    2    2    4    1    1    1    1    2
    1    1    1    1    2    3    1    1    1    1    1    1    5    2    3
    2    1    1    2    3    1    1    1    5    2    1    1    1    2    1
    1    1    1    2    2    2    3    1    2    1    1    2    2    1    4
    2    1    2    1    2    1    1    1    1    2    3    2    1    1    1
    2    1    1    1    3    1    3    3    1    2    3    1    1    1    1
    2    3    1    1    2    1    2    1    1    1    5    3    1    1    1
    1    4    1    1    3    2    1    1    3    1    1    2    1    2    1
    1    2    1    1    1    2    1    3    2    2    2    1    1    2    1
    2    1    1    1    2    1    1    1    1    1    1    2    1    2    1
    4    1    1    1    1    1    2    2    1    3    1    1    2    1    2
    1    1    1    2    2    2    1    1    2    1    2    1    1    1    3
    1    1    1    2    4    3    1    1    2    1    3    2    1    1    1
    1    1    1    2    1    2    2    2    1    1    3    1    1    3    1
    1    1    2    1    1    1    1    1    2    2    1    1    1    1    2
    2    1    3    1    1

CODONML (in paml version 4.9j, February 2020)  temp.nuc
Model: One dN/dS ratio, 
Codon frequency model: Fequal
ns =   9  ls = 394

Codon usage in sequences
--------------------------------------------------------------------------------------------------------------------------------------
Phe TTT   5   5   6   7   6   5 | Ser TCT  11   5  12   9  14  15 | Tyr TAT   9   6   8  14  15  17 | Cys TGT   5   5   3   5   6   5
    TTC   7   7   6   5   6   3 |     TCC   3   9   1   6   2   1 |     TAC  17  20  18  12  12  14 |     TGC   1   1   3   1   1   0
Leu TTA   3   3   2   1   5   2 |     TCA   4   1   3   3   3   3 | *** TAA   0   0   0   0   0   0 | *** TGA   0   0   0   0   0   0
    TTG  11  10   8  10   9   7 |     TCG   1   1   3   1   0   2 |     TAG   0   0   0   0   0   0 | Trp TGG   1   1   1   1   2   1
--------------------------------------------------------------------------------------------------------------------------------------
Leu CTT   4   3   5   6   2   4 | Pro CCT   6   5   8   6   5   5 | His CAT   3   3   3   3   5   1 | Arg CGT   2   2   2   2   2   8
    CTC   0   2   0   0   0   0 |     CCC   0   3   0   0   0   3 |     CAC   4   5   4   4   1   5 |     CGC   1   1   1   1   0   1
    CTA   4   5   6   6   6   5 |     CCA  13  13  10  13  22   8 | Gln CAA  11   8  11   7   7  10 |     CGA   0   0   0   0   0   1
    CTG   4   3   5   3   0   7 |     CCG   0   0   1   0   0   0 |     CAG   3   5   3   7   5   4 |     CGG   0   0   0   0   0   0
--------------------------------------------------------------------------------------------------------------------------------------
Ile ATT   6  10   5   9  13  11 | Thr ACT   6   8   3   5   8   5 | Asn AAT  10   6   6   8  26  15 | Ser AGT   1   2   2   3   3   2
    ATC  14  10  15  11   6  11 |     ACC   4   5   5   3   0   9 |     AAC  15  19  19  19   3   9 |     AGC   5   4   3   3   0   1
    ATA   2   2   2   2   3   0 |     ACA   4   1   6   6   4  10 | Lys AAA  16  18  20  19  18  10 | Arg AGA  32  27  24  28  29  24
Met ATG   9   9   9   9  13   5 |     ACG   0   0   1   0   1   0 |     AAG  12  11  10   9  14  25 |     AGG   3   8   9   7   7   4
--------------------------------------------------------------------------------------------------------------------------------------
Val GTT  14   3  13  10   9   3 | Ala GCT  11   9  11  11   7   9 | Asp GAT  17  14  17  13  27  13 | Gly GGT   5   5   9   5   9  14
    GTC   3   9   2   4   4   7 |     GCC  11  15  10   9   6   7 |     GAC  14  19  15  14   3  15 |     GGC   8   7   3   6   0   1
    GTA   0   4   0   1   0   0 |     GCA   7   4   8   7  10   6 | Glu GAA  22  13  19  24  14  14 |     GGA   2   3   3   1   0   0
    GTG   2   3   4   4   4   8 |     GCG   0   1   0   2   1   3 |     GAG   4  10   5   4   6  14 |     GGG   2   3   3   5  10   2
--------------------------------------------------------------------------------------------------------------------------------------

--------------------------------------------------------------------------------------
Phe TTT   3  10   6 | Ser TCT   1  10   8 | Tyr TAT   0  14  24 | Cys TGT   0   4   3
    TTC   6   1   4 |     TCC   8   4   2 |     TAC  31  15   7 |     TGC   4   0   0
Leu TTA   3   7  18 |     TCA   1   5  11 | *** TAA   0   0   0 | *** TGA   0   0   0
    TTG   3  11   3 |     TCG   9   5   0 |     TAG   0   0   0 | Trp TGG   2   1   1
--------------------------------------------------------------------------------------
Leu CTT   2   1   1 | Pro CCT   1   2   4 | His CAT   2   5   5 | Arg CGT   5   1  11
    CTC   2   3   0 |     CCC   7   6   1 |     CAC   5   2   2 |     CGC  18   0   0
    CTA   0   2   1 |     CCA   6   9   8 | Gln CAA   1   3  15 |     CGA   2   0   0
    CTG  14   0   2 |     CCG   3   0   2 |     CAG  14   7   3 |     CGG   8   0   0
--------------------------------------------------------------------------------------
Ile ATT   4   8  15 | Thr ACT   0   8  10 | Asn AAT   7   5  29 | Ser AGT   1   6   2
    ATC  10  12   7 |     ACC   7   2   0 |     AAC  19  16   0 |     AGC   5   1   0
    ATA   5   2   5 |     ACA   4   6   6 | Lys AAA   9  18  33 | Arg AGA   3  27  25
Met ATG   3   5   5 |     ACG   5   0   2 |     AAG  24  17   2 |     AGG   3   9   0
--------------------------------------------------------------------------------------
Val GTT   1   5  10 | Ala GCT   7   5  10 | Asp GAT   9  22  17 | Gly GGT   5  11  10
    GTC   9   5   1 |     GCC   9  10   4 |     GAC  24  14   9 |     GGC   6   2   0
    GTA   1   3   3 |     GCA   7  11   5 | Glu GAA   4  26  19 |     GGA   0   3   8
    GTG  11   4   6 |     GCG   6   1   3 |     GAG  19   1   5 |     GGG   6   1   1
--------------------------------------------------------------------------------------

Codon position x base (3x4) table for each sequence.

#1: Scer           
position  1:    T:0.19797    C:0.13959    A:0.35279    G:0.30964
position  2:    T:0.22335    C:0.20558    A:0.39848    G:0.17259
position  3:    T:0.29188    C:0.27157    A:0.30457    G:0.13198
Average         T:0.23773    C:0.20558    A:0.35195    G:0.20474

#2: Sbay           
position  1:    T:0.18782    C:0.14721    A:0.35533    G:0.30964
position  2:    T:0.22335    C:0.20305    A:0.39848    G:0.17513
position  3:    T:0.23096    C:0.34518    A:0.25888    G:0.16497
Average         T:0.21404    C:0.23181    A:0.33756    G:0.21658

#3: Smik           
position  1:    T:0.18782    C:0.14975    A:0.35279    G:0.30964
position  2:    T:0.22335    C:0.20812    A:0.40102    G:0.16751
position  3:    T:0.28680    C:0.26650    A:0.28934    G:0.15736
Average         T:0.23266    C:0.20812    A:0.34772    G:0.21151

#4: Spar           
position  1:    T:0.19036    C:0.14721    A:0.35787    G:0.30457
position  2:    T:0.22335    C:0.20558    A:0.39848    G:0.17259
position  3:    T:0.29442    C:0.24873    A:0.29949    G:0.15736
Average         T:0.23604    C:0.20051    A:0.35195    G:0.21151

#5: Ncas           
position  1:    T:0.20558    C:0.13959    A:0.37563    G:0.27919
position  2:    T:0.21827    C:0.21066    A:0.39594    G:0.17513
position  3:    T:0.39848    C:0.11168    A:0.30711    G:0.18274
Average         T:0.27411    C:0.15398    A:0.35956    G:0.21235

#6: Cgla           
position  1:    T:0.19036    C:0.15736    A:0.35787    G:0.29442
position  2:    T:0.19797    C:0.21827    A:0.42132    G:0.16244
position  3:    T:0.33503    C:0.22081    A:0.23604    G:0.20812
Average         T:0.24112    C:0.19882    A:0.33841    G:0.22166

#7: Agos           
position  1:    T:0.18020    C:0.22843    A:0.27665    G:0.31472
position  2:    T:0.19543    C:0.20558    A:0.42640    G:0.17259
position  3:    T:0.12183    C:0.43147    A:0.11675    G:0.32995
Average         T:0.16582    C:0.28849    A:0.27327    G:0.27242

#8: Klac           
position  1:    T:0.22081    C:0.10406    A:0.36041    G:0.31472
position  2:    T:0.20051    C:0.21320    A:0.41878    G:0.16751
position  3:    T:0.29695    C:0.23604    A:0.30964    G:0.15736
Average         T:0.23942    C:0.18443    A:0.36294    G:0.21320

#9: Calb           
position  1:    T:0.22081    C:0.13959    A:0.35787    G:0.28173
position  2:    T:0.22081    C:0.19289    A:0.43147    G:0.15482
position  3:    T:0.41878    C:0.09391    A:0.39848    G:0.08883
Average         T:0.28680    C:0.14213    A:0.39594    G:0.17513

Sums of codon usage counts
------------------------------------------------------------------------------
Phe F TTT      53 | Ser S TCT      85 | Tyr Y TAT     107 | Cys C TGT      36
      TTC      45 |       TCC      36 |       TAC     146 |       TGC      11
Leu L TTA      44 |       TCA      34 | *** * TAA       0 | *** * TGA       0
      TTG      72 |       TCG      22 |       TAG       0 | Trp W TGG      11
------------------------------------------------------------------------------
Leu L CTT      28 | Pro P CCT      42 | His H CAT      30 | Arg R CGT      35
      CTC       7 |       CCC      20 |       CAC      32 |       CGC      23
      CTA      35 |       CCA     102 | Gln Q CAA      73 |       CGA       3
      CTG      38 |       CCG       6 |       CAG      51 |       CGG       8
------------------------------------------------------------------------------
Ile I ATT      81 | Thr T ACT      53 | Asn N AAT     112 | Ser S AGT      22
      ATC      96 |       ACC      35 |       AAC     119 |       AGC      22
      ATA      23 |       ACA      47 | Lys K AAA     161 | Arg R AGA     219
Met M ATG      67 |       ACG       9 |       AAG     124 |       AGG      50
------------------------------------------------------------------------------
Val V GTT      68 | Ala A GCT      80 | Asp D GAT     149 | Gly G GGT      73
      GTC      44 |       GCC      81 |       GAC     127 |       GGC      33
      GTA      12 |       GCA      65 | Glu E GAA     155 |       GGA      20
      GTG      46 |       GCG      17 |       GAG      68 |       GGG      33
------------------------------------------------------------------------------


Codon position x base (3x4) table, overall

position  1:    T:0.19797    C:0.15031    A:0.34969    G:0.30203
position  2:    T:0.21404    C:0.20699    A:0.41004    G:0.16892
position  3:    T:0.29724    C:0.24732    A:0.28003    G:0.17541
Average         T:0.23642    C:0.20154    A:0.34659    G:0.21545

Codon frequencies under model, for use in evolver (TTT TTC TTA TTG ... GGG):
  0.01639344  0.01639344  0.01639344  0.01639344
  0.01639344  0.01639344  0.01639344  0.01639344
  0.01639344  0.01639344  0.00000000  0.00000000
  0.01639344  0.01639344  0.00000000  0.01639344
  0.01639344  0.01639344  0.01639344  0.01639344
  0.01639344  0.01639344  0.01639344  0.01639344
  0.01639344  0.01639344  0.01639344  0.01639344
  0.01639344  0.01639344  0.01639344  0.01639344
  0.01639344  0.01639344  0.01639344  0.01639344
  0.01639344  0.01639344  0.01639344  0.01639344
  0.01639344  0.01639344  0.01639344  0.01639344
  0.01639344  0.01639344  0.01639344  0.01639344
  0.01639344  0.01639344  0.01639344  0.01639344
  0.01639344  0.01639344  0.01639344  0.01639344
  0.01639344  0.01639344  0.01639344  0.01639344
  0.01639344  0.01639344  0.01639344  0.01639344


TREE #  1:  (((((1, 4), (3, 2)), 5), 6), ((7, 8), 9));   MP score: 1218
This is a rooted tree.  Please check!
lnL(ntime: 16  np: 18):  -6260.049651      +0.000000
  10..11   11..12   12..13   13..14   14..1    14..4    13..15   15..3    15..2    12..5    11..6    10..16   16..17   17..7    17..8    16..9  
 0.173510 0.232649 0.491119 0.000004 0.135546 0.114932 0.031928 0.187249 0.469880 0.747264 1.039454 0.182418 0.235132 2.091134 0.960380 3.190830 1.717133 0.037827

Note: Branch length is defined as number of nucleotide substitutions per codon (not per neucleotide site).

tree length = 10.283428

(((((1: 0.135546, 4: 0.114932): 0.000004, (3: 0.187249, 2: 0.469880): 0.031928): 0.491119, 5: 0.747264): 0.232649, 6: 1.039454): 0.173510, ((7: 2.091134, 8: 0.960380): 0.235132, 9: 3.190830): 0.182418);

(((((Scer: 0.135546, Spar: 0.114932): 0.000004, (Smik: 0.187249, Sbay: 0.469880): 0.031928): 0.491119, Ncas: 0.747264): 0.232649, Cgla: 1.039454): 0.173510, ((Agos: 2.091134, Klac: 0.960380): 0.235132, Calb: 3.190830): 0.182418);

Detailed output identifying parameters

kappa (ts/tv) =  1.71713

omega (dN/dS) =  0.03783

dN & dS for each branch

 branch          t       N       S   dN/dS      dN      dS  N*dN  S*dS

  10..11     0.174   859.3   322.7  0.0378  0.0073  0.1925   6.3  62.1
  11..12     0.233   859.3   322.7  0.0378  0.0098  0.2580   8.4  83.3
  12..13     0.491   859.3   322.7  0.0378  0.0206  0.5447  17.7 175.8
  13..14     0.000   859.3   322.7  0.0378  0.0000  0.0000   0.0   0.0
  14..1      0.136   859.3   322.7  0.0378  0.0057  0.1503   4.9  48.5
  14..4      0.115   859.3   322.7  0.0378  0.0048  0.1275   4.1  41.1
  13..15     0.032   859.3   322.7  0.0378  0.0013  0.0354   1.2  11.4
  15..3      0.187   859.3   322.7  0.0378  0.0079  0.2077   6.8  67.0
  15..2      0.470   859.3   322.7  0.0378  0.0197  0.5212  16.9 168.2
  12..5      0.747   859.3   322.7  0.0378  0.0314  0.8288  26.9 267.5
  11..6      1.039   859.3   322.7  0.0378  0.0436  1.1529  37.5 372.1
  10..16     0.182   859.3   322.7  0.0378  0.0077  0.2023   6.6  65.3
  16..17     0.235   859.3   322.7  0.0378  0.0099  0.2608   8.5  84.2
  17..7      2.091   859.3   322.7  0.0378  0.0877  2.3194  75.4 748.5
  17..8      0.960   859.3   322.7  0.0378  0.0403  1.0652  34.6 343.8
  16..9      3.191   859.3   322.7  0.0378  0.1339  3.5392 115.0 1142.1

tree length for dN:       0.4315
tree length for dS:      11.4061


Time used:  0:13
