      9   1179

Scer                            GAG CCT GCA GTT ATG ACT ACC CGT ATT TCC GAT CCA AAT GCA GCA CCA GAA AGA TGG GGT CAC TTT AGA GGT TCA CCT TTA CTA CTA CAA TAC GAC GGT GAC AGG GAA TTA GGT ATT CGT CCT AAG CAT TCT TGT TTA GAG GGT TCT GAA ATC TCC TTC TCT CCA GGG GAA AAA TCC TGG CTA CCA TTT CTG GAA ATG CCA CGC GGT GAG AAA AAA TCT CAA GAA CAG GAA ACC GCT AGA GTT GAC TTT GTT GTT ATT CAA ATC AGG TAC ACC AGA ATC GAA AAT GAT GAT ACT CTG GTG ATT TCC CCA GGT AGG TAT AGA GAT TTC TAT CCT TTA TTG AGA TTG TCT AGA ATC AGC ATT CGC TTT AGA GGG GCT TCT ATG GAA GAC AGA CAA TAT TAT GTC TCT AAA TTG GTT ATT GGC TAT CAT TTA AAA TAT AAG CCT GCA GAC TAT TTG CAA TTG AGA TCC TAC GAG AAG GGT GGT ATG GAC TTC GAA CCT GCC AGG AAG GGT TTA AAA AGA GAT CCA AGA AGG GAA GAC CTA TAT GAA CAA GTT AGG ATG AGA GCC AAC CAA ATT TTG ACT ATG GAT GCT TCG AAA CAC AAA TTG AAG CAT AAC CTG TTC CAC AGC ATT GCC GGC ACT TTC CCC GCT GAC CCC GCC GGC CCA AAA GCC GAA GCT CAC GTG ATC TTA TGT ACA GGT CTT TCT GGT GCG AGA TCT TCC GAA ACA AGG GAC TTG CTA TCG GAA AGA GTC CAA CAA TCT AGA GAA GGT ACT ATT CAT AGA GTT TTT GTC CCG AAA GAA TTG ATG ACC AGA GGT CTT ACC GAC GAA TAC ATC AAA TGG GGT AAG ACA CGT GAA GAA GGT TTA AGG GTG ATT AAG GAT AAG GAT AAG GGT GAA TCG AAG CAA GAC GCC ATT CTT CTT TCT AAA GTG GTT AGA AAC AAA TAC AGG GAC AGA CTT GAA GGC GTT GAT TTT CAT TCT TAT TTA AAT TCC TTA GAA GGT CGT AGC CAG GAT CCA TTA CAT GGT TCT AGA GTT AGA AGA GAA GGT TCT ATG TCT TCC AGA AAG CCA ACA GGT GGT ATG TTA ACA AAG GGT ATC TAC TCA ACT TTA GCT GCC TCC TTT GTT ATG ACT TGT CTC AAA AAG ATC GAC ATG GCT CAG AGA GAT TTG GAA GAC GTC GTC TCG GTC TTG GTT CAC ATT GGT 
Sbay                            GAG CCG GCA GTC ATG GCT ACC CGT ATT ACC GAC CCA AAT CCG GAT CCA GAG AGA TGG GGT CAT TTC AGA GGT TCA CCC TTA CTT CTT CAG TAC GAT GGT GAC AGA GAG TTA GGT ATC CGT CCC AAA CAT TCT TGT TTA GAA GGT TCC GAA ATT TCC TTC TCG CCA GGG GAA AAG TCA TGG CTT CCA TTC CTG GAA ATG CCA CGT GGC GAG AAA AAA TCC CAA GAG CAG GAA ACC GCT AGA GTT GAC TTT GTC ATT ATC CAG ATT AGA TAC TCT AGA ATC GAA AAT GAC GAT ACC TTG GTG ATT TCC CCA GGT AGA TAT AGA GAT TTC TAC CCC TTA TTG AGA CTT TCC AGA ATT AGT ATT CGT TTT AGA GGG GCT TCT ATG GAA GAC AGA CAA TAT TAT GTC TCC AAA CTA GTT ATT GGG TAC CAT TTA AAA TAT AAG CCG GCA GAC TTT CTA CAA TTG AGA TCA TAC GAG AAG GGT GGT ATG GAC TTC GAA CCC GCC AGG AAA GGT TTA AAA AGA GAT CCA AGA AGA GAA GAC TTA TAT GAA CAA GTC AGA ATG AGA GCT AAT CAA ATT TTG ACC ATG GAC GCC TCT AAG CAC AAG TTG AAG CAC AAT TTG TTC CAA AGT ATT GCC GGC GCT TTC CCT GCC GAA CCC GCC GGC CCT AAA GCC GAA GCT CAC GTA ATC TTA TGT ACA GGT CTT TCT GGT GCG AGA TCT TCC GAA ACA AGG GAA CTT TTA TCT GAA AGA GTC CAA CAA TCG AGA GAA GGC ACT ATT CAC AGA GTC TTT GTC CCG AAG GAA TTG ATG ACC AGA GGC CTG ACC GAT GAA TAC ATC AAA TGG GGT TAC ACC CGC GAA GAA GGT TTA CGT GTG ATT AAA GAT AAG GAT AAG GGT GAG TCG AAG CAG GAT GCT ATT CTT CTT TCT AAA GTA GTC AGA AAT AAG TAC AGA GAT AGA CTT GAA GGG GTC GAC TTT CAT TCG TAT CTT AAC TCC TTA GAA GGC CGT AGT CAG GAT CCA CTT CAC GGT TCT AGA GTC AGA AGA GAG GGT TCC ATG TCT TCA AGA AAG CCA ACA GGT GGC ATG TTA ACG AAG GGT ATT TAT TCA ACT TTA GCT GCT TCT TTC ATT ATG ACT TGT CTT AAA AAG ATT GAT ATG GCA CAG AGA GAC TTA GAG GAA GTC GTC TCT GTC TTG GTC CAC ATC GGT 
Smik                            GAA CCC GCA GTG ATG GCT ACC CGT ATC TCC GAT CCA AAT GCT GAT CCG GAA AGA TGG GGT CAT TTC AGA GGT TCA CCC CTA CTT CTT CAA TAT GAT GGT GAC AGG GAG TTG GGT ATT CGG CCC AAG CAT TCC TGT TTA GAG GGT TCC GAA ATC TCC TTC TCC CCA GGG GAA AAA TCC TGG CTT CCA TTC CTA GAA ATG CCA CGT GGT GAA AAA AAA TCC CAA GAA CAG GAA ACT GCT AGA GTT GAT TTT GTT CTC ATT CAA ATC AGA TAC TCA AGA ATC GAA AAT GAC GAT ACC CTG GTT ATT TCC CCA GGT AGG TAT AGA GAT TTC TAT CCC TTA TTG AGA CTT TCC AGA ATC AGC ATT CGT TTC AGA GGG GCT TCT ATG GAA GAC AGA CAG TAT TAT GTT TCC AAA CTA GTT ATT GGT TAT CAT TTA AAA TAT AAG CCC GCA GAC TTT CTA CAA CTA AGA TCA TAC GAG AAG GGC GGT ATG GAC TTC GAA CCC GCC AGA AAG GGT TTA AAA AGA GAT CCA AGA AGA GAA GAC TTA TAT GAA CAA GTT AGA ATG AGA GCT AAC CAA ATT TTA ACC ATG GAT GCT TCG AAA CAC AAA TTA AAG CAT AAC TTG TTC CAC AGC ATT GCC GGT GCT TTC CCC GCC GAA CCC GCC GGT CCA AAG GCC GAA GCT CAC GTA ATC CTA TGT ACA GGT CTT TCT GGT GCG AGA TCC TCC GAA ACA AGA GAA CTT TTA TCG GAA AGA GTT CAA CAA TCA AGA GAA GGC ACT ATT CAT AGA GTT TTT GTC CCG AAA GAA CTA ATG ACC AGA GGT CTT ACC GAC GAA TAC ATC AAA TGG GGC TAC ACA CGC GAA GAA GGT CTA CGT GTT ATT AAG GAT AAA GAT AAG GGT GAA TCT AAG CAA GAC GCT ATC CTT CTT TCC AAG GTA GTT AGA AAT AAA TAC AGG GAT AGA CTT GAA GGT GTT GAC TTT CAT TCA TAT CTT AAT TCC TTA GAA GGC CGT AGC CAG GAT CCA TTA CAT GGC TCT AGA GTT AGG AGA GAA GGT TCC ATG TCT TCC AGA AAG CCA ACA GGT GGC ATG TTG ACG AAG GGT ATC TAT TCA ACT TTA GCT GCT TCT TTC CTC ATG ACT TGT CTC AAA AAG ATC GAT ATG GCT CAG AGG GAT TTG GAG GAA GTC GTC TCG GTT TTG GTT CAC ATT GGT 
Spar                            GAA CCC GCC GTG ATG GCT ACC CGT ATT TCC GAT CCA AAT GCT GAT CCG GAA AGA TGG GGT CAT TTT AGG GGT TCA CCT TTA CTT CTT CAA TAC GAT GGT GAC AGG GAA TTA GGT ATT CGT CCT AAG CAT TCC TGC CTA GAG GGT TCC GAA ATT TCC TTC TCT CCA GGA GAA AAA TCC TGG CTT CCA TTT CTA GAA ATG CCA CGT GGT GAG AAA AAA TCC CAA GAA CAG GAA ACC GCT AGA GTT GAT TTT GTT ATT ATT CAA ATT AGG TAC TCC AGG ATC GAA AAT GAT GAT ACC CTG GTG ATT TCC CCA GGT AGG TAT AGA GAT TTC TAC CCT TTA TTA AGA CTT TCC AGA ATC AGC ATT CGT TTT AGA GGA GCT TCT ATG GAA GAT AGA CAA TAT TAT GTC TCC AAA TTG GTT ATT GGC TAT CAT TTA AAA TAT AAG CCC GCA GAC TAT TTG CAA TTG AGA TCG TAC GAG AAG GGT GGT ATG GAC TTC GAA CCT GCC AGG AAA GGT TTA AAA AGA GAT CCA AGA AGG GAA GAC TTA TAT GAA CAA GTT AGG ATG AGA GCT AAC CAA ATT TTG ACC ATG GAT GCT TCG AAA CAC AAA TTG AAG CAC AAC TTG TTC AAC AGC ATT GCC GGC GCT TTC CCC GCC GAA CCC GCC GGC CCA AAA GCC GAA GCT CAC GTG ATT TTA TGT ACA GGT CTT TCT GGT GCG AGG TCC TCC GAA ACA AGG GAA CTT TTA TCG GAA AGA GTC CAA CAA TCA AGG GAA GGC ACT ATT CAC AGA GTT TTT GTC CCA AAA GAA TTG ATG ACC AGA GGT CTT ACC GAC GAA TAC ATT AAA TGG GGT TTC ACA CGC GAA GAA GGT TTA CGA GTG ATT AAA GAT AAG GAT AAG GGC GAA TCT AAG CAA GAC GCT ATT CTT CTT TCC AAA GTG GTT AGA AAT AAA TAC AGG GAC AGA CTT GAA GGC GTT GAT TTT CAT TCA TAT CTT AAT TCC TTA GAA GGC CGT AGC CAG GAT CCA TTA CAC GGT TCT AGG GTT AGA AGG GAA GGT TCC ATG TCT TCC AGA AAG CCA ACA GGT GGC ATG TTA ACA AAG GGT ATT TAT TCG ACT TTA GCT GCT TCC TTC ATT ATG ACT TGT CTC AAA AAG ATC GAC ATG GCC CAG AGA GAT TTG GAA GAA GTC GTC TCG GTC CTG GTT CAC ATT GGT 
Ncas                            GAA CCC GCA GTC ATG ATG ACC CGT ATC TCC GAT CCA AAT CCT GCC CCA GAA AGA TGG GGT CAT TTC AGA GGG TCG CCT TTA TTG TTG CAA TAT GAT GGT GAT AGA GAA TTA GGG ATT CGT CCT AAG TCC TCG TGT TTA GAA GGG ACT GAA ATC TCT TTC TCT CCA GGT GAG AAG TCC TGG TTG CCA TTC TTG GAA ATG CCA AGA GGG GAA AAG AAA AGT CAA GAA CAA GAA ACT GCA AGA ATC GAT TTC GTC CTA ATT CAA ATC AGA TAT CGT AGA ATT GAG AAT GAT GAT ACA TTA GTT ATT TCG CCA GGG AGA TAT AGA GAT TTC TAT CCT TTA TTA AGA TTG AGT AGA ATA AGT ATT AGA TTC AAA GGT GCT TCT ATG GAA GAT AAA CAA TAT TAT GTG ACT AAG TTA ATC ATT AGT TAT TCC TTA AAG TAT AAG CCC TCA GAT TTC TTA CAA TTA AGA TCT TAC GAG AAA GGG GGG ATG GAT TTC GAA CCT GCT AGG AAG GGG TTA AAA AGG GAA CCA CGT AGA GAA GAT TTG TAT GAA CAA GTG AGA ATG AAA CCT AAT CAA ATT TTA ACA ATG GAC GCT TCT AAG CAC AAG TTA AAG CAC AAT TTG TTC AAC AGT ATT GCT GGA ATG TTC CCT GCT GAA CCA GCT GGA CCA AAG GCC GAA GCT CAC GTT ATC TTA TGC ACG GGT CTT TCA GGG GCA AGA TCG TCG GAA ACT AGG GAA TTG TTG TCT GAA AGA GTG CAA CAA TCA AGA GAA GGG ACT ATT CAC AAA ATT TTC GTC CCG AAG GAA TTA ATG ACA AGA GGG TTA ACC GAG GAA TAT ATC AAA TGG GGG TAT ACC CGT GAA GAA GGG TTA AGG GTT ATT AAG GAC AAA GAT AAG GGT GAA ACT AAG CAA GAG CCT ATC CTT CTT TCG AAG GTG ATT AGA AAT AAG TAT AGA GAT AGA CTT GAG AGT GTC GAT TTC TCC TCA TAT TTG AAC TCG CTT GAA GGG CGT AGT CAA GAT CCA TTA CAC GGG TCA AGA GTC CGT AGA GAA GGG AGT ATG AGT TCC AGA AAG CCA ACG GGG GGG ATG TTA ACA AAG GGT ATC TAT TCC ACT TTA GCT CCT TCA TTT CTA ATG ACT TGC TTA AAA AAG ATA GAT ATG GCT CAA CGT GAT TTG GAA GAA GTC GTC TCT GTG TTG ATT CAC ATT GGG 
Cgla                            GAG CCG GCC GTC ATG TCT ACT CGT ATC TCC GAT CCA AAT CCT GCC CCA GAA AGA TGG GGG CAC TTC AGA GGT TCG CCA CTA CTG CTG CAG TAC GAT GGG GAT CGT GAG TTA GGT ATC CGA CCA AAG CAT TCC TGT TTA GAA GGT TCT GAG ATA TCT TTC TCC CCA GGT GAG AAA TCC TGG CTG CCA TTC CTG GAA ATG CCA CGT GGT GAA AAG AAA TCT CAG GAG CAG GAA ACC GCA AGA GTC GAT TTT GTT CTT ATT CAG ATA AGA TAC TCA AGA ATT GAG AAT GAT GAT ACA CTT GTA ATC AGC CCA GGT AGG TAC AGA GAT TTC TAT CCA TTA CTG AGA TTG TCT AGA ATC AGT ATT CGT TTC AGA GGT GCA TCA ATG GAG GAC AGA CAA TAC TAT GTT TCT AAA TTG GTC ATC GGG TAC CAT CTA AAG TAT AGG CCG TCT GAC TTC TTG ATG TTA AGA TCA TAC GAA AAA GGT GGT ATG GAT TTC GAA CCA GCA AGA AAG GGT TTA AAG AGA GAC CCA AGA AGA GAA GAC CTG TAC GAA CAG GTG AGA ATG AGA GCC AAC CAA ATC CTG ACA ATG GAC GCC TCA AAA CAC AAA CTG AGA CAT AAC CTA TTC AAC AGT ATT GCA GGT TCT TTC CCA GCC GAG CCG GCA GGT CCT AAG GCA GAA GCT CAC GTC ATC CTA TGC ACC GGT TTG TCT GGT GCT AGA TCC AGC GAG ACA AGA GAG TTG CTG TCA GAA AGA GTT CAG CAA TCT AGA GAA GGT ACC ATT CAT AGA ATT TTC GTC CCA AAA GAA TTA ATG ACA AGA GGT TTA ACT GAG GAA TAC ATC AAA TGG GGT TTT ACG AGA GAA GAA GGT CTA AGG GTA ATC AAG GAT AAA GAT AGG GGT GAA TCA AAG CAG GAG GCC ATC TTG TTG TCC AAG GTC ATT AGA AAT AAA TAT AGG GAC AGA TTG GAG GGG GTT GAT TTT CAT TCT TAC TTG AAT AGC TTG GAA GGT AGG AGT AAG GAT CCA CTA CAT GGT TCT AGA GTT AGA AGA GAG GGT TCT ATG TCT TCC AGA AAG CCA ACC GGT GGT ATG TTA ACA AAG GGT ATA TAT TCT ACC TTA GCA GCC TCG TTT CTT ATG ACT TGC CTA AAA AAG ATC GAC ATG GCT CAG AGA GAT TTG GAG GAG GTA GTC TCA GTT TTG ATT CAT ATC GGT 
Agos                            GAG CCA GCC GTA ATG TCG ACT CGC ATA ACG GAC CCG AAC CCG GCC GAC GAG AGA TGG GGC CAC TTC CGG GGT AGC CCT TTG CTT CTT CAA TAC GAC GGC GAC CGC GAG TTG GGG ATC AGG CCT AAG AAC TCG TGC CTG GAA GGG TCC GAA ATA TCG TTC TCA CCG GGC GAG AAA TCT TGG CTT CCT TTC CTG GAG ATG CCG AGG GGC GAA AAG CGC TCT CAA GAT CAG GAG ACG ACA CGC GTG GAT TAC GTT ATG CTG CAA ATA CGC TAC TCT CGC ATC GAG AAC GAC GAC ACT TTG GTC ATC TCG CCT GGG CGT TAC CGC GAC TTC TAC CCT TTG TTG CGC CTG TCT AGA ATC AGC ATC AGG TTT AGA GGC GCG TCG ATG GAA GAC CGT CAG TAC TAC GTG TCC AAG TTG GTG ATC GGC TAC AAC TTG GGC TAC AAG CCA GCA GAC TAC TTG CAG CTG AGG TCC TAC GAG AAA GGC GGT ATG GAC TTC GAG CCT GCA CGG AAG GGT TTG AAA CGC GAC CCG AGG AGG GAG GAC CTG TAC GAG CAA ATC CGC ATG AGA GCC AAC CAG ATC CTC ACT ATG GAC GCC TCC AAA CAC AAA CTC AAG CAC AAC CTG TTC AAC AGC GTC GCA GGC TCG TTC CCA GCT GAG CCG GCA GGC CCC AAG GCG GAG GCC CAC GTT ATT TTG TGC ACC GGT ATG TCG GGT GCA CGC TCG TCG GAA ACG CGG GAG CTG CTG TCC GAA AGA GTG CAG CAG TCG CGG GAG GGT ACC GTC CAC CGT ATC TTC GTC CCC AAA GAA CTG ATG ACA AGA GGC CTG ACT GAA GAA TAC ATT CGC TGG GGC TTC ACG CGC GAG GAG GGT TTG CGC GTC ATC AAG GAC AAG GAC AAG GGC GAG GCT AAG CAA GAA GCC ATA ATG ATG TCG AAG GTC ATC AGA AAC AAA TAC CGT GAT AGA ATG GAG GGC GTT GAC TAC AAC TCG TAC CTT AAT TCG CTG GAG GGT CGA AGC CAG GAC CCA ATG CAC GGC TCC CGG GTT CGG CGC GAA GGT TCT ATG TCC TCT AGA AAG CCT ACC GGT GGT ATG TTG ACG AAG GGT ATA TAC TCC ACC TTG GCG GCC GTT TTC ATG ATG ACG TGC CTG CGC AAG ATC GAT ATG GCC CAG CGG GAC CTA GAG GAG GTG GTC TCC GTG TTG ATC CAC ATC GGT 
Klac                            GAA CCC GCT GTA ATG GCT ACA CGT ATC ACC GAT CCA AAT CCC GCA CCT GAA AGA TGG GGT CAC TTC AGA GGT TCT CCC CTA TTA TTA CAG TAC GAT GGT GAT CGT GAA TTA GGT ATC CGT CCC AAA AGC TCG TGT TTG GAA GGT TCT GAA ATC TCT TTC TCA CCA GGG CAG AAG TCT TGG TTA CCT TTC CTA GAG ATG CCA CGG GGT GAA AAG AAG TCC CAG GGA CAG GAA ACG GCC AGA GTC GAT TTT GTT GTT TTG CAG ATC AGG TAT TCC AGA ATC CAG AAT AAT GAT ACA TTA GTG ATC AGC CCT GGT AGA TAT AGA GAT TTC TAT CCC TTG TTA AGA TTA TCC AGA ATC AGT ATT CGG TTC AGA GGG GCA TCA ATG GAA GAT AGA CAG TAT TAC GTC TCT AGA TTG GTC ATC GGT TAC AGC TTG AAG TAC AAA CCC TCA GAT TTC TTG CAG TTG AGA TCT TAT GAA AAA GGT GGT ATT GAT TTC GAA CCC GCA AGG AAG GGT TTG AAG AGA GAC CCA AGA AGA GAA GAT TTG TAT GAA CAG ATC AGG ATG AGA GCT AAC CAA ATC TTG ACA ATG GAT GCC TCC AAG CAC AAG TTG AAG CAC AAC CTA TTC AAC AGT ATA GCA AGC GCT TTC CCA GCT GAA CCA GCA AGC CCA AAG GCA GAG GCT CAC GTC ATC CTA TGC ACT GGT TTG TCT GGT GCC AGA TCG AGC GAA ACT AGG GAA TTA TTG TCC GAG AGA GTC CAA CAA TCA AGA GAA GGT ACC ATA CAC AGA ATC TTC GTC CCG AAG GAG TTG ATG ACA AGA GGT ATC ACA GAT GAA TAT ATC AAG TGG GGT TAC ACT CGG GAG GAG GGT CTA AGA GTG ATC AAG GAT AAA GAT AAG GGT GAA GTC AAA CAG GAT GCT ATC TTG TTG TCG AAG GTT ATC AGA ACG AAG TAC AGA GAT AGA TTG CAG GGT GTT AAT TTT AGC TCA TAT TTG AAT AGC TTA GAG GGT CGT AGT GAA GAT CCA ATG CAC GGT TCC AGA GTT AGA CGT GAA GGT TCC ATG TCT TCT AGA AAA CCT ACT GGT GGT ATG TTA ACC AAA GGT ATC TAC TCT ACC TTG GCA GCT ACA TTC GTT ATG ACT TGC TTG AAG AAA ATC GAT ATG GCC CAG AGA GAT TTG GAA GAA GTG GTC TCC GTC TTG ATC CAC ATC GGT 
Calb                            GAC CCG GCC ATA ATG GCT CAC AGA ATT ACT GAC CCA AAT ACC GCT AAC GAG AGA TGG GGA CAT TTC AGA GGT TCG CCA TTA TTG TTG CAG TAC GAC GGA GAC AGA GAG TTG GGT ATC AGA CCA AAA AAC AGT TGT ATG GAG GGT TCA GAA ATT TCC TTC TCG CCA GGG GAA AAA TCA TGG TTG CCA TTC GTC GAA TTA CCA AGA GGT GAA AAA AAA GCC CAA GAA AAT GAA ACA ACT CGC GTT GAT TTC GTT TTC TTA CAG ATT AGA TAT TCA CGT GTT GAA AAT GAC GAT ACA TTG TGT AAC AAT CCA GGT AAA TAC CGC GAT TTC TAC CCA TTA TTG AGA TTG GCC AGA ATT ACG ATT AGA TTC AGA GGG GCA TCT ATG GAA GAC AGA CAA TAT TAC ATC TCA TCG TTA GTT AAC GGA TAT AAC TTG GAA TAC AAA CCG GCC GAT AAC TTA CAA ATC AAG AGT TAT GAA AAG GGA GGT ATT GAC TTC GAA CCA GCT AGA AAA GGT TTA AAG AGA GAT CCA AGA AGA GAA GAT TTG TAT GAA CAA TTG AGA ATG AGA GCT AAC CAA AAC TTG ACA ATG GAT GCC CAA AAA CAC AAA TTG AAG CAC AAC ATA TTC AAC ACG TCC GCT GGT GCT TTC CCA GCC GAA CCA GCT GGT CCT AAA TCA GAA TCC CAC GTA ATT TTA GTT ACT GGT ATG TCT GGT GCT CGT AGT AAT GAA ACT AGA GAA TTG TTG CAA GAG AGA ATC CAG CAA TCT AGA GAA GGT ACA TCC CAC AGA ATT TTT GTC CCT AAA GAG ATC ATG ACC AGA GGT ATA CAC GAG GAA TAT ATT AAA TGG GGA TTC ACA AGA GAA CAG GGT TTA AGA TGT AAC AAA GAT ACT GAT AAT GGA GAG AGA AAA CAG GAG GCT ATT ATG ATG AGT AAA GTT ATT AGA CAA AAA TTT AAA GAT AGA ATG GAA GGA GTT GAC TTC AAC TCT TAC TTG AAC AAT TTA GAA GGT AGA ACG ACA GAT CCA ATG CAC GGA TCT AGA GTT AGA AGA GAA GGT GCC ATG TCT TCA AGA AAG CCA ACT GGT GGT ATG TTG ACG AAA GGT ATT TTT TCA ACA TTA GCA GCT ATA TTT TTC ATG ACT GTT TTG AAA AAG ATT GAT ATG GCT AAT AGA GAC TTA GAG GAA ATT GTC CAA ATC TTG ATT CAC ATC GGT 



Printing out site pattern counts


         9        666  P

Scer                            AAA AAA AAA AAA AAA AAA AAA AAC AAC AAG AAG AAG AAG AAG AAG AAG AAG AAG AAG AAT AAT ACA ACA ACA ACA ACC ACC ACC ACC ACT ACT ACT ACT AGA AGA AGA AGA AGA AGA AGA AGA AGA AGA AGA AGA AGC AGG AGG AGG AGG AGG AGG ATC ATC ATC ATC ATG ATG ATG ATT ATT ATT ATT ATT ATT CAA CAA CAA CAA CAA CAA CAC CAC CAC CAC CAG CAG CAT CAT CCA CCA CCA CCA CCA CCC CCC CCG CCT CCT CGC CGT CGT CGT CGT CTA CTA CTC CTG CTG CTG CTT CTT GAA GAA GAA GAA GAA GAA GAA GAA GAA GAA GAA GAC GAC GAC GAC GAC GAC GAC GAC GAG GAG GAG GAG GAT GAT GAT GAT GAT GAT GCA GCA GCA GCA GCC GCC GCC GCG GCT GCT GCT GCT GCT GCT GGC GGC GGG GGT GGT GGT GGT GGT GGT GGT GGT GTC GTC GTC GTG GTG GTG GTT GTT GTT GTT GTT GTT TAC TAC TAC TAC TAC TAT TAT TAT TAT TAT TAT TCA TCA TCC TCC TCC TCC TCC TCC TCG TCG TCT TCT TCT TCT TCT TCT TCT TCT TCT TGG TGT TGT TTA TTA TTA TTA TTA TTA TTA TTA TTC TTG TTG TTG TTG TTG TTG TTG TTT TTT TTT TTT TTT 
Sbay                            ... ... ... ... ... ... ..G ..T ..T ..A ..A ... ... ... ... ... ... ... T.C ..C ... ... ... ..C ..G ... ... ... T.T ..C ... ... G.. ... ... ... ... ... ... ... ... ... ... ... ... ..T ..A ..A ..A ..A ... C.T ... ... ..T ..T ... ... ... ..C ..C ... ... ... ... ... ... ... ... ... ..G ..A ... ... ..T ... ... ..C ... ... ... ... ... ..T ... ..T ... ..C ..G ..T ..C ... ... ... ..T T.. ..T ... T.. T.. ..G ... ... ... ... ... ... ... ... ..G ..G ..G ..G ..A ... ... ... ... ..T ..T ..T ..A ... ... ... ..C ..C ..C ... ... ... C.G .AT ... ... ... ... ..T ... ..A ..C ..C ... ... ... ... ..G ... ..C ..C ... ... ... ... ... ... ... ... ... ..A ..A ... A.. ..C ..C ..C ..C ... ... ... ... ... ..T ..C ..C ... ... ... .T. ... ... A.. ..A ..A ... ... ..T ... ..T ..C ..C ..G ..G ... ... ... ... ... ... ... ... C.T C.T ... ... ... ... ... ... ... C.A C.T ..A ... ... ... ... ..C ..C ... ... ... 
Smik                            ... ... ... ... ... ..G ... ... ..T ... ... ..A ... ... ... ... ... ... T.C ... ... ... ... ... ..G ... ... ..T T.A ..C ... ... G.. ... ... ... ... ... ... ... ... ... ... ... ..G ... ..A ..A ... ... ..A C.T ... ... ... ... ... ... ... ... ... ..C ... ... ... ... ... ... ... ..G ... ... ... ... ..T ... ... ... ... ... ... ... ..G ... ... ... ... ..C ..C ..T ..C ..G ... ... ..T T.. ... ..A ... T.. ... ... ... ... ... ... ... ... ... ... ... ... ..G ..A ... ... ... ..T ... ..T ..T ... ..A ..A ... ..C ... ... ... ... ... ..T .AT ... ... ... ... ..T ... ... ..C ... ... ... ... ..T ..T ... ..C ... ..C ... ... ... ... ... ... ... ..T ..A ..A ..T C.C ..G ... ... ... ... ... ... ... ..T ..T ... ... ... ... ... .T. ... ... ... ..A ... ... ... ..T ..T ... ..C ..C ..A ..C ..C ... ... ... ... ... ... ... C.T ... C.. ... ... ... ... ..G ... C.A C.T ... C.A ..A ... ... ..C ..C ..C ... ... 
Spar                            ... ... ... ... ... ... ... ... ..T ..A ... ... ... ... ... ... ... ... TTC ... ... ... ... ... ... ... ... ... T.. ..C ... ... G.. ... ... ... ... ... ... ... ... ..G ..G ..G ... ... ... ... ... ... ... C.A ... ..T ... ..T ... ... ... ... ... ... ... ... ... ... ... ... ... ... ... A.. ... ... ..T ... ... ..C ... ... ... ... ..G ... ... ... ..A ... ..C ..T ..C ... ... ... ..T T.. ... ..A ... T.. ... ... ... ... ... ... ... ... ... ... ... ... ... ..A ... ... ..T ..T ... ... ..T ... ..A ... ... ... ... ... ... ... ... ..T .AT ... ..C ... ... ..T ... ..C ..C ... ... ... ... ... ... ..A ..C ... ... ..C ... ... ... ... ... ... ... ... ... ... A.. ..G ... ... ... ... ... ... ... ... ..T ..C ... ... ... ... ... ... ..G ... ..G ... ... ... ... ..T ... ..C ..C ..A ... ..C ... ... ... ... ... ..C ... C.T ... ... C.. ... ... ... ... ... ... C.T ... ... ... C.. ..A ..C ... ... ... ... 
Ncas                            ... ... ..G ..G ..G ..G ..G ..T ..T ... ... ..A ..A ... ... ... ... ... T.T ..C ... ..G ..T ..C ... ..A ... ..T CGT ..A ... ... .TG .A. .A. ... ... ... ... ..G C.T ... ... ... C.T ..T ..A ..A ..A ..A ... ... ..T ... ..A ... ... ... ... ... ... ..C ... ... ... ... ... ... ... ... ... A.. ... ... ..T ..A ..A ..C TCC ... ... ... ... ... ..A ..T ... ... ..C A.A ... ... ... ... T.G T.G T.A T.. T.A T.. T.A ... ... ... ... ... ... ... ..G ... ... ... ... ..A ..T ..T ..T ..T ..G ..T ..T ..A ..A ..A ... ... ..C ... ..A ..C ... C.T ..C T.. ... ... ..T C.T ..A ... ... ... ..A ... ... ..A A.T ..T ..G ..G ..G ... ..G ..G ... ... ... ... ..G ... ..T ..T C.A ..C A.. ..C ..G A.C ... ..T ..T ..T ..T ... ... ... ... ... .TC ..G ..C ... ..T ... ..G ..T ..A A.T ..T A.. AG. ..A ... ..G AG. ..A ..A ... ... ... ..C ..G ... ... ... C.T ... ... ... ... ..A ... ... ..A ..A ... ..A ... ..C ..C ..C ..C 
Cgla                            ... ..G ... ..G ..G ..G ... ... ..T ... ... ..A ..A ... ... .GA .G. .G. TTT ... ... ..C ... ..G ... ..A ..T ... T.A ..A ..C ... T.. ... ... ... ... ... ... ... ... ... ... ... ... ..T ..A ..A ... C.T ..A ... ..T ... ... ..A ... ... ... ..C ... ..C ..C ... ... ATG ... ..G ..G ... ..G A.. ... ..T ... A.. ... ... ... ... ... ... ... ..T ..G ..A ..A ..A ..G ..T A.A ..A A.G ... ..G ..G ..A ... ..T ..A T.A T.G ... ... ... ... ... ..G ..G ... ..G ..G ..G ..G ... ..T ... ..T ..G ... ..T ..A ... ..A ..A ... ..C ... ..C ... ... C.T ..C T.T ..C ..A ..A ... ..T ... ..C ..C ..A ..A ... ..T ..G ..T ... ... ... ... ... ... ..G ... ..A ... ..T ..C ..C ..A C.. ..C A.. ... ..G ..C ... ... ..T ... ..T ... ..C ..C ..C ... .TC ..G ..T ... ..A ... AG. ..T ..G ..A ..A ... ... ... ..C ..C ... ... ... ..A ... ... ..C ..G C.. C.. ... ..G C.. ... ... ... ... ... ... ..A C.. ... C.. ... ..C ..C ..C ... 
Agos                            CGC ... ..G ..G GGC ..G ... ... ... ... ... ... ..A ... ... ... ... ... TTC ... ..C ..C ..G ..G ..G ..A ..T ..G T.T ... ..C ..G T.G ... C.T ... ..G C.C C.C C.C ..G C.C C.C C.G C.G ... ... C.C C.T C.C C.. C.C ... ..T ... ..A ... ... ... ..C C.G ..A ..C ..C G.C ..G ..G ... ..G ..G ... A.. ... ... ... ... ... ..C A.C ... ..G ..T GAC ..C ..G ..A ..C ... ..A A.G ..C A.G ..A ..C ..T ..G ..G ... T.. ... ..G A.G ... ... ..G ..G ..G ... ..G ..G ... ..T ..G ..G ... ... ... ..T ..A ..T ... ..A ... ..A ... ..C ..C ..C ..C ..C ..C C.G ..C ... ..C ..G ..A ... ..A ..C ... ..C A.A ..G ..C ... ... ..C ... ..C ..C ..C ..G ... ..C ... ..G ... ..G ..C ..T ..C A.G ..A A.C ... A.C ..G ... ... ... ... ... ..C ..C ..C ..C ..C ..C AGC ..C A.G ... ..T ..G ..G GTT G.T ..C ..C ... ..G ..A ..G ..C ..C ..G ..G ... ..C ..C C.T A.G ..G C.G C.G ..G ..G ..G ... ... C.. C.A C.. C.C ... ... ..C ..C ... ..C .AC 
Klac                            ..G ..G .G. ..G ..G ..G ..G ... .CG ... ..A ..A ..A ..A ..A ... ..A ... T.C ... ... ..T ..T ..T ..C ..A ..A ..G T.. ..A ..C ... G.. ... ... ... ... ... ... ... ... ... C.T ... ... ..T ..A ... ..A C.T ... ..A ... ... ... ... ... ... ..T ..C T.G ..C ..C ... ..A ..G ... ..G ... ..G ..G A.. ... ... ... G.A ... ..C AGC ... ... ..T ..T ... ..A ..A ... ..C ..C ..G ..G ... ... ... T.. T.G T.G ..A T.A ..A A.C T.G ... ..G ... ..G ..G ... C.G ... ... .G. ... ..A ..T ..T ..T ..T ..T ..T ..T ..A ..A ..A ..A A.. ... ... ..C ... ... C.C ... T.. ..T ..A ..A ..T ..C ..C ... ..C ..C ..A ... A.. ..T ... ... ... ... ... ... ... ... ... ..G ... ... ..T ..C ... ... ..A A.C ... A.C ..C ..T ..T ... ... ... ... ..C ... ... ..C .TC ..T ..T A.. ..T ..T AG. ..T A.A GTC ..C ... ..C ..A ..A ..G ... ..C ... ..A ... ... ..C ..G A.G C.. ..G ... ..G ..G ... ... ... ..A ... ... ... ... ..A ..C ..C ..C ..C ... 
Calb                            ... ..G TCG ... G.. ... ... ... C.A ..A ..A .CT ... ..A ... ... ..A ..T TTC ..C ... ..T ..T ... ..G ... CA. ..A T.A ..A ..A ... G.. ... ... ... .AG ... C.C ... ... C.T ... ... ... .CG ..A ..A .AA ..A ..A ..A G.T ..T ..T ..T ... T.A ..T ..C T.A ... .AC ... TCC ... ... ... ..G ... ..G A.. ... ... ..T ACA A.T ..C A.C ... ... ... AAC ..T ..A ..A ..T ..A ..G A.A A.A A.A A.A A.A T.G T.G T.G G.C T.. A.A A.A A.G ... ..G ... C.G ... ... ... ..G ... ... ..G ..A ..T ... ... ..T ..G ..T ... ... ..C ..A ..A ..C ... ..C ... ... ... A.C ..T ..C ..C T.A ..T ..T ..T ... ..C ..C A.. ..A T.C ..T ..A ... ... ... ..A ..A ... ... ..A ... A.T ... A.. ..T ..A TGT T.C A.A A.. ... T.G ... ..T ..T .TT ... .TT ..C ... ..C ... ..C A.C ..G ... A.T AGT ..A AAT ... ATA AGA CAA ..A G.C ... ..G AG. ... ... ... ... ... ... GT. ..G A.G ... A.G ... ..G ... ..G ... ..A ... ..A A.C ... ... ... ... ..C ..C ... ..C 

    3    1    1    1    1    2    5    2    1    2    1    1    1    2    2
    1    1    1    1    1    2    2    1    1    1    1    2    1    1    2
    2    1    2    2    2    7    1    1    2    1    1    2    1    3    2
    3    1    2    2    1    2    1    1    2    2    3    9    1    1    2
    1    2    4    1    2    1    2    2    1    1    3    1    2    1    1
    1    2    3    3    1    4    3    1    1    1    1    1    4    2    2
    1    1    1    1    3    2    1    1    1    1    1    4    1    2    5
    1    4    3    3    2    1    1    2    3    2    2    1    1    2    2
    1    1    1    1    1    2    1    2    1    1    4    1    1    1    1
    1    3    3    1    1    1    1    1    2    1    2    2    2    3    2
    3    1    3    8    2    2    1    2    3    1    1    2    2    1    3
    3    1    2    1    2    1    1    1    1    1    2    2    2    1    1
    1    1    1    2    3    1    1    1    3    2    3    2    1    3    1
    1    1    1    3    1    2    1    1    3    1    1    1    3    2    5
    2    2    1    2    2    1    1    1    2    1    1    2

CODONML (in paml version 4.9j, February 2020)  temp.nuc
Model: One dN/dS ratio, 
Codon frequency model: Fequal
ns =   9  ls = 393

Codon usage in sequences
--------------------------------------------------------------------------------------------------------------------------------------
Phe TTT   7   5   4   6   1   4 | Ser TCT  15  12   6   6   7  15 | Tyr TAT   9   7  10   9  14   5 | Cys TGT   3   3   3   2   1   1
    TTC   5   8   9   7  12  10 |     TCC   9   9  16  17   7   7 |     TAC   6   8   5   6   1   9 |     TGC   0   0   0   1   2   2
Leu TTA  13  14  11  14  21   9 |     TCA   2   5   6   3   6   7 | *** TAA   0   0   0   0   0   0 | *** TGA   0   0   0   0   0   0
    TTG  11   8   6   8  12  12 |     TCG   4   4   3   5   7   2 |     TAG   0   0   0   0   0   0 | Trp TGG   3   3   3   3   3   3
--------------------------------------------------------------------------------------------------------------------------------------
Leu CTT   5  12  11  11   5   3 | Pro CCT   6   2   0   4   9   2 | His CAT   6   4   7   4   1   7 | Arg CGT   4   6   5   5   8   4
    CTC   1   0   3   1   0   0 |     CCC   2   5   8   4   2   0 |     CAC   5   6   4   6   6   3 |     CGC   2   1   1   1   0   0
    CTA   5   2   8   2   2   7 |     CCA  10   9   9  10  11  15 | Gln CAA  10   8   9  10  13   3 |     CGA   0   0   0   1   0   1
    CTG   3   2   1   2   0   9 |     CCG   1   4   2   1   1   3 |     CAG   3   6   4   3   0   8 |     CGG   0   0   1   0   0   0
--------------------------------------------------------------------------------------------------------------------------------------
Ile ATT  12  16  10  19  14   8 | Thr ACT   7   3   4   3   8   3 | Asn AAT   3   5   4   4   5   4 | Ser AGT   0   3   0   0   9   3
    ATC   8   6  10   3   9  12 |     ACC   5   8   5   6   3   5 |     AAC   3   1   2   3   2   3 |     AGC   3   0   3   3   0   3
    ATA   0   0   0   0   2   3 |     ACA   5   3   4   5   4   5 | Lys AAA  14  12  13  16  10  11 | Arg AGA  25  31  28  19  25  32
Met ATG  11  11  11  11  13  12 |     ACG   0   1   1   0   2   1 |     AAG  13  14  13  10  20  13 |     AGG   9   2   5  14   4   6
--------------------------------------------------------------------------------------------------------------------------------------
Val GTT  12   2  14   9   3   6 | Ala GCT   7   9  12  11   9   3 | Asp GAT  11  12  14  15  17  13 | Gly GGT  24  19  22  20   7  26
    GTC   6  14   3   6   7   7 |     GCC   7   6   5   7   2   7 |     GAC  14  11   9   8   2   7 |     GGC   4   7   6   8   0   0
    GTA   0   2   2   0   0   3 |     GCA   4   3   2   1   3   7 | Glu GAA  25  23  28  29  29  18 |     GGA   0   0   0   2   2   0
    GTG   4   2   1   5   5   1 |     GCG   1   1   1   1   0   0 |     GAG   4   9   4   3   6  16 |     GGG   2   4   2   0  19   4
--------------------------------------------------------------------------------------------------------------------------------------

--------------------------------------------------------------------------------------
Phe TTT   1   2   4 | Ser TCT   6  10   6 | Tyr TAT   0   8   6 | Cys TGT   0   1   3
    TTC  10  11  13 |     TCC   9   8   4 |     TAC  17   7   6 |     TGC   3   2   0
Leu TTA   0  10  12 |     TCA   1   5   7 | *** TAA   0   0   0 | *** TGA   0   0   0
    TTG  14  22  18 |     TCG  13   3   3 |     TAG   0   0   0 | Trp TGG   3   3   3
--------------------------------------------------------------------------------------
Leu CTT   4   0   0 | Pro CCT   7   4   2 | His CAT   0   0   1 | Arg CGT   4   5   2
    CTC   2   0   0 |     CCC   2   7   0 |     CAC   7   7   8 |     CGC  16   0   2
    CTA   1   5   0 |     CCA   4   8  14 | Gln CAA   5   3  10 |     CGA   1   0   0
    CTG  13   0   0 |     CCG   6   1   2 |     CAG   8  12   5 |     CGG   7   3   0
--------------------------------------------------------------------------------------
Ile ATT   2   2  15 | Thr ACT   4   5   7 | Asn AAT   1   5   8 | Ser AGT   0   3   4
    ATC  14  21   7 |     ACC   4   4   2 |     AAC   9   3  13 |     AGC   4   8   0
    ATA   5   2   4 |     ACA   2   6   7 | Lys AAA   7   8  19 | Arg AGA   9  29  34
Met ATG  18  11  15 |     ACG   6   2   4 |     AAG  15  17   6 |     AGG   6   4   0
--------------------------------------------------------------------------------------
Val GTT   5   6   9 | Ala GCT   2   8  11 | Asp GAT   4  19  12 | Gly GGT  13  26  20
    GTC   7   9   3 |     GCC   8   4   7 |     GAC  18   1   9 |     GGC  15   0   0
    GTA   1   1   1 |     GCA   5   7   2 | Glu GAA  11  22  24 |     GGA   0   1   8
    GTG   6   3   0 |     GCG   3   0   0 |     GAG  22   7   9 |     GGG   3   2   2
--------------------------------------------------------------------------------------

Codon position x base (3x4) table for each sequence.

#1: Scer           
position  1:    T:0.22137    C:0.16031    A:0.30025    G:0.31807
position  2:    T:0.26209    C:0.21628    A:0.32061    G:0.20102
position  3:    T:0.33333    C:0.20356    A:0.28753    G:0.17557
Average         T:0.27226    C:0.19338    A:0.30280    G:0.23155

#2: Sbay           
position  1:    T:0.21883    C:0.17048    A:0.29517    G:0.31552
position  2:    T:0.26463    C:0.21374    A:0.32061    G:0.20102
position  3:    T:0.30534    C:0.22901    A:0.28499    G:0.18066
Average         T:0.26293    C:0.20441    A:0.30025    G:0.23240

#3: Smik           
position  1:    T:0.20865    C:0.18575    A:0.28753    G:0.31807
position  2:    T:0.26463    C:0.21374    A:0.32061    G:0.20102
position  3:    T:0.32061    C:0.22646    A:0.30534    G:0.14758
Average         T:0.26463    C:0.20865    A:0.30450    G:0.22222

#4: Spar           
position  1:    T:0.22137    C:0.16539    A:0.29517    G:0.31807
position  2:    T:0.26463    C:0.21374    A:0.32061    G:0.20102
position  3:    T:0.32570    C:0.22137    A:0.28499    G:0.16794
Average         T:0.27057    C:0.20017    A:0.30025    G:0.22901

#5: Ncas           
position  1:    T:0.23919    C:0.14758    A:0.33079    G:0.28244
position  2:    T:0.26972    C:0.20611    A:0.32061    G:0.20356
position  3:    T:0.30025    C:0.13995    A:0.32570    G:0.23410
Average         T:0.26972    C:0.16455    A:0.32570    G:0.24003

#6: Cgla           
position  1:    T:0.21883    C:0.16539    A:0.31552    G:0.30025
position  2:    T:0.26972    C:0.20865    A:0.30534    G:0.21628
position  3:    T:0.27226    C:0.19084    A:0.30789    G:0.22901
Average         T:0.25360    C:0.18830    A:0.30958    G:0.24852

#7: Agos           
position  1:    T:0.19593    C:0.22137    A:0.26972    G:0.31298
position  2:    T:0.26209    C:0.20865    A:0.31552    G:0.21374
position  3:    T:0.13486    C:0.36896    A:0.13232    G:0.36387
Average         T:0.19763    C:0.26633    A:0.23919    G:0.29686

#8: Klac           
position  1:    T:0.23410    C:0.13995    A:0.33079    G:0.29517
position  2:    T:0.26718    C:0.20865    A:0.30280    G:0.22137
position  3:    T:0.26463    C:0.23410    A:0.27226    G:0.22901
Average         T:0.25530    C:0.19423    A:0.30195    G:0.24852

#9: Calb           
position  1:    T:0.21628    C:0.11705    A:0.36896    G:0.29771
position  2:    T:0.25700    C:0.19847    A:0.34606    G:0.19847
position  3:    T:0.27990    C:0.18830    A:0.36132    G:0.17048
Average         T:0.25106    C:0.16794    A:0.35878    G:0.22222

Sums of codon usage counts
------------------------------------------------------------------------------
Phe F TTT      34 | Ser S TCT      83 | Tyr Y TAT      68 | Cys C TGT      17
      TTC      85 |       TCC      86 |       TAC      65 |       TGC      10
Leu L TTA     104 |       TCA      42 | *** * TAA       0 | *** * TGA       0
      TTG     111 |       TCG      44 |       TAG       0 | Trp W TGG      27
------------------------------------------------------------------------------
Leu L CTT      51 | Pro P CCT      36 | His H CAT      30 | Arg R CGT      43
      CTC       7 |       CCC      30 |       CAC      52 |       CGC      23
      CTA      32 |       CCA      90 | Gln Q CAA      71 |       CGA       3
      CTG      30 |       CCG      21 |       CAG      49 |       CGG      11
------------------------------------------------------------------------------
Ile I ATT      98 | Thr T ACT      44 | Asn N AAT      39 | Ser S AGT      22
      ATC      90 |       ACC      42 |       AAC      39 |       AGC      24
      ATA      16 |       ACA      41 | Lys K AAA     110 | Arg R AGA     232
Met M ATG     113 |       ACG      17 |       AAG     121 |       AGG      50
------------------------------------------------------------------------------
Val V GTT      66 | Ala A GCT      72 | Asp D GAT     117 | Gly G GGT     177
      GTC      62 |       GCC      53 |       GAC      79 |       GGC      40
      GTA      10 |       GCA      34 | Glu E GAA     209 |       GGA      13
      GTG      27 |       GCG       7 |       GAG      80 |       GGG      38
------------------------------------------------------------------------------


Codon position x base (3x4) table, overall

position  1:    T:0.21939    C:0.16370    A:0.31043    G:0.30647
position  2:    T:0.26463    C:0.20978    A:0.31920    G:0.20639
position  3:    T:0.28188    C:0.22250    A:0.28470    G:0.21091
Average         T:0.25530    C:0.19866    A:0.30478    G:0.24126

Codon frequencies under model, for use in evolver (TTT TTC TTA TTG ... GGG):
  0.01639344  0.01639344  0.01639344  0.01639344
  0.01639344  0.01639344  0.01639344  0.01639344
  0.01639344  0.01639344  0.00000000  0.00000000
  0.01639344  0.01639344  0.00000000  0.01639344
  0.01639344  0.01639344  0.01639344  0.01639344
  0.01639344  0.01639344  0.01639344  0.01639344
  0.01639344  0.01639344  0.01639344  0.01639344
  0.01639344  0.01639344  0.01639344  0.01639344
  0.01639344  0.01639344  0.01639344  0.01639344
  0.01639344  0.01639344  0.01639344  0.01639344
  0.01639344  0.01639344  0.01639344  0.01639344
  0.01639344  0.01639344  0.01639344  0.01639344
  0.01639344  0.01639344  0.01639344  0.01639344
  0.01639344  0.01639344  0.01639344  0.01639344
  0.01639344  0.01639344  0.01639344  0.01639344
  0.01639344  0.01639344  0.01639344  0.01639344


TREE #  1:  (((((1, 4), (3, 2)), 5), 6), ((7, 8), 9));   MP score: 1092
This is a rooted tree.  Please check!
lnL(ntime: 16  np: 18):  -5774.655654      +0.000000
  10..11   11..12   12..13   13..14   14..1    14..4    13..15   15..3    15..2    12..5    11..6    10..16   16..17   17..7    17..8    16..9  
 0.105121 0.264509 0.331913 0.057605 0.209814 0.092057 0.024639 0.150240 0.297435 0.823502 0.364936 0.131919 0.000004 1.652251 0.446788 2.165898 1.939442 0.037424

Note: Branch length is defined as number of nucleotide substitutions per codon (not per neucleotide site).

tree length =  7.118630

(((((1: 0.209814, 4: 0.092057): 0.057605, (3: 0.150240, 2: 0.297435): 0.024639): 0.331913, 5: 0.823502): 0.264509, 6: 0.364936): 0.105121, ((7: 1.652251, 8: 0.446788): 0.000004, 9: 2.165898): 0.131919);

(((((Scer: 0.209814, Spar: 0.092057): 0.057605, (Smik: 0.150240, Sbay: 0.297435): 0.024639): 0.331913, Ncas: 0.823502): 0.264509, Cgla: 0.364936): 0.105121, ((Agos: 1.652251, Klac: 0.446788): 0.000004, Calb: 2.165898): 0.131919);

Detailed output identifying parameters

kappa (ts/tv) =  1.93944

omega (dN/dS) =  0.03742

dN & dS for each branch

 branch          t       N       S   dN/dS      dN      dS  N*dN  S*dS

  10..11     0.105   852.0   327.0  0.0374  0.0043  0.1151   3.7  37.6
  11..12     0.265   852.0   327.0  0.0374  0.0108  0.2897   9.2  94.7
  12..13     0.332   852.0   327.0  0.0374  0.0136  0.3635  11.6 118.9
  13..14     0.058   852.0   327.0  0.0374  0.0024  0.0631   2.0  20.6
  14..1      0.210   852.0   327.0  0.0374  0.0086  0.2298   7.3  75.1
  14..4      0.092   852.0   327.0  0.0374  0.0038  0.1008   3.2  33.0
  13..15     0.025   852.0   327.0  0.0374  0.0010  0.0270   0.9   8.8
  15..3      0.150   852.0   327.0  0.0374  0.0062  0.1645   5.2  53.8
  15..2      0.297   852.0   327.0  0.0374  0.0122  0.3257  10.4 106.5
  12..5      0.824   852.0   327.0  0.0374  0.0338  0.9019  28.8 294.9
  11..6      0.365   852.0   327.0  0.0374  0.0150  0.3997  12.7 130.7
  10..16     0.132   852.0   327.0  0.0374  0.0054  0.1445   4.6  47.2
  16..17     0.000   852.0   327.0  0.0374  0.0000  0.0000   0.0   0.0
  17..7      1.652   852.0   327.0  0.0374  0.0677  1.8095  57.7 591.6
  17..8      0.447   852.0   327.0  0.0374  0.0183  0.4893  15.6 160.0
  16..9      2.166   852.0   327.0  0.0374  0.0888  2.3720  75.6 775.6

tree length for dN:       0.2918
tree length for dS:       7.7961


Time used:  0:09
