      9   1173

Scer                            GTT AAG CTA CTA GAT CAG GAA ATA CCA CTA AGA GCT AGA AAG GAT ATC TCG GCT GTG TTT CTG AGT GGT GAT AAG GCC AGT CTA GTG GGA GAT TTC CCA AAG AAG AAC ATA TGT CAA GTT AAT AGA CCA TCC GCA GAT CTG ACC TAT GCT GAC GTT CGT CAA ACC GCT ACT ATC AAG GTT TTG AAC TTC GAT TCT GGA CTA TTT TAT GTT GCC AAG GAT AAT GAG CCA GTC ACA ATC ATC TCC TTA GTT GAT GGT AAA GAT AAT CTA ATC GGA TTA GAC AAG CCA CAA GAC TCC AAA TTT GAT GGT GAA AAG AAC TCA AAG GAT CGT ATC ACA TTG GAT TTT TTG AGT GAC TAC TAC GAC TTG AAA TAT CAC GTC CCT CAC AAC CTA TCG CCA TTC TTG GAA TAT GAT GAC GAA ACC AGC GGT AAC AAG TGG GAA CTA CTA ATT GAT GAT AGT GCT GTT GAT TCT GGA CTG ATC TTT GCC GCT AAT AGA TTC GAA TTC CAG ACA AAG CAC GTG TCA GAT ATG AAG CAA CCA AGA GAC AGG TCA CAA TTC AAC GTT CGT TTT TTC AGT TCA CAA GTT CCT GGC GAC CGC AGA TAC TAC ATT AAT AGC TTC TAT CCA GGA ACT AGT GAT GCT AGA ATT CAC TTG CCT CCA TTA GGC CAC ACT ATC TCA GAT GTG GTT AAT TTC GAA CCT GAC GAA CTC CCT AAG GTG AAG CAT CGT GTT TTG AGA AGA AAA ACC TGG GTT TAT AGA AAT ACT GAA AAG AGA CTG TAT TCC AAT CAG GTT TTG AAA GGT CCT ATC ATA TTG GAT GCC ACC GAA AAT GAA TAC AAG AGA GAA AGA AGA TAT TGT AAG AAA CCA TAT TAC TTT GCT AGA TCC GGA GTT TAT GGC TTC AGG AAG AGT AGA AGT GAA AGA TAT ACG CCA TCC AAT CTG GAT GAA GTT GAC TGT AAG AAC AGC CCA GTT TCG GAG TAC TAC GCT TGT GTT CCA TTA GAA CAA AAA TTC TTC AAA ATC GGT TTA GAA CCA ACA AAG TCG GCT TTA GCT ACT TCG ATT AAA AAG CGT CAC GAT AAA GCT TGT CTG CCA CCA GAT AAC CGT AAC TTA ATG GTC CCT GTT TTC TCC GCT GAC CCA GAA GCA GAT TCC AAG ATC ACT AAG AGT CTG GAG GAA GCT GCA TCC ACT GTT ACA ATC AAC 
Sbay                            GTT AAG TTG TTA GAT CAG GAA ATA CCA TTG AAG ACT AAG AAG GAT ATC TCC GCC GTG TTT CTG AGT GGC GAC AAG GCC AGT TTA GTG GGG GAT TTC CCA AAG AAG AAC ATA TGT CAA GTT AAT AGG CCA TCC GCC AAT TTA TCC TAC GCT GAC GTC CGT CAG TCC GCC ACC ATC AAA GTT TTG AAC TTT GAT TCT GGC TTA TTT TAT GTA GCC AAG GAT AAC GAG CCA GTT ACC ATC ATC TCC TTA GTG GAC GGT AAA GAT AAT TTA ATC GGA TTG GAC AAG CCC CAA GAT TCA AAA TTC GAC GGT GAG AAA AAC TCC AAA GAT CGT ATC ACA TTG GAT TTC TTG AGT GAT TAC TAC GAT TTG AAA TAC CAT GTG CCC CAT AAT TTG TCA CCT TTC TTG GAA TAT GAT GAC GAG ACT AGT GGT AAC AAA TGG GAA CTG TTA ATC GAT GAC AGT GCT GTT GAT TCT GGA CTT ATC TTT GCC GCT AAT AGG TTC GAA TTC CAG ACA AAG CAT GTG TCT GAT ATG AAG CAG CCA AGA GAC AGA TCC CAA TTC AAC GTT CGT TTT TTC AGT TCT CAA GTT CCT GGC GAT CGC AAG TAC TAC ATT AAC AGC TTT TAT CCA GGA ACT AGT GAT GCT AGA ATT CAT TTG CCA CCA TTG GGC CAT ACC ATC TCG GAC GTG GTA AAC TTC CAG CCC GAT GAA CTC CCT AAG GTA AAG CAC CGT GTT TTG AGA AGG AAA ACT TGG GTT TAT AGA AAT ACG GAG AAG AGG CTG TAC TCC AAC CAG GTG TTG AAG GGT CCT ATT ATA TTG GAT GCC ACT GAA AAT GAA TAC AAG AGA GAA AGA AGA TAC TGT AAG AAG CCA TAT TAC TTC GCC AGG TCC GGC GTG TAC GGC TTC AGG AAG AGT AGA AGT GAG AGG TAT ACG CCC TCC AAT CTT GAC GAG GTT GAC GGC AAG AAC AGT CCA GTG TCA GAA TAC TAC GCC TGT GTG CCT TTG GAA CAG AAA TTC TTC AAA ATT GGC TTG GAA CCA ACC AAG TCA GCT TTG GCT ACG TCA ATT AAG AAA CGT CAT GAC AAA GCC TGC CTG CCT CCC GAT AAC CGT AAC TTG ATG GTT CCT GTC TTT TCC GCT GAT CCA GAA GCA GAT TCC AAG ATC ACC AAA AGT TTA GAG GAG GCT GCG TCC ACG GTG ACC ATC AAC 
Smik                            ATT AAG CTA TTA GAC CAG GAA ATA CCG CTA AGA ACT AGA AAG GAT ATC TCC GCT GTC TTC CTG AGT GGT GAC AAG GCC AGC CTA GTG GGA GAT TTC CCA AAG AAA AAC ATA TGT CAA ATT AAT AGA CCA TCC GCA GAT CTG ACC TAT GCT GAC GTT CGT CAG ACC GCT ACT ATT AAG ATT TTG AAC TTC GAC TCT GGC TTA TTC TAT GTT GCC AAG GAT AAC GAG CCA GTT ACA ATT ATC TCC TTA GTG GAT GGT AAG GAC AAT CTA ATT GGT TTA GAC AAG CCA CAG GAC TCA AAA TTT GAT GGT GAG AAG AAC TCC AAG GAT CGT ATT ACA TTG GAT TTT CTA AGC GAC TAC TAT GAC TTG AAA TAT CAT GTG CCT CAC AAC TTA TCT CCG TTC TTG GAA TAT GAT GAT GAA ACA AGT GGT AAC AAG TGG GAA TTA CTA ATC GAT GAT AGT GCT ATT GAT TCT GGA CTA ATC TTT GCC GCT AAC AGA TTC GAG TTC CAG ACA AAA CAT GTG TCA GAT ATG AAG CAG CCA AGA GAT AGA TCC CAA TTC AAC ATT CGT TTT TTC AGC TCT CAA GTT CCT GGT GAC CGT AGA TAC TAC ATC AAC AGC TTC TAT CCA GGT ACA AGT GAT GCT AGA ATC CAT TTG CCC CCA TTG GGA CAT ACC ATT TCA GAT GTC GTT AAC TTT AAG CCT GAC GAA CTG CCG AAG GTG AAG CAT CGT GTT CTA AGA AGA AAA ACG TGG GTT TAT AGA AAC ACT GAG AAG AGG CTA TAT TCT AAC CAG GTG TTG AAA GGT CCT ATC ATA TTG GAT GCC ACA GAA AAT GAA TAC AAG AGA GAA AGG AGA TAT TGC AAG AAA CCA TAT TAC TTT GCT AGA TCC GGC GTC TAC GGT TTC AGG AAA AGT AGA AGT GAG AGA TAT ACG CCA TCT AAC CTA GAT GAG ATT GAC TGT AAG AAC AGT CCG GTG TCT GAG TAT TAT GCT TGT GTC CCG TTA GAA CAG AAA TTC TTC AAA ATT GGT TTG GAA CCA ACA AAG TCT GCT TTG GCT ACT TCT ATT AAA AAG CGT CAT GAC AAA GCT TGC CTA CCG CCA GAT AAC CGT AAC TTG ATG GTT CCG GTT TTC TCC GCT GAC CCA GAA GCA GAC TCT AAG ATT ACT AAG AGC CTG GAG GAA GCT GCT TCC ACT GTG ACA ATT AAC 
Spar                            GTT AGT CTG CTA GAT GAT GAA ATA CCA CTG AAG ACC AAG ACC GAT ATC TCC ATA AGG TTC CTG AGA TTC GAC ACC GCC CAT CTA AAT GGA GAT ATG CCA AAG AAG AAC ATA TCC CAA GTT GAC AGA CCA GAA GCA AAT TTT GCG TAT GCT GAA GTT CGT CAG GCG GCC GCT ATC AAG GTT TTG AAC GTC GAT TCT GGC CTA TTC TAT GTT GCC AAG GAT AAT GAG CCA GTT ACA GTC ATC GGT TTA GTT GAT ATT AAA GAT TCA CTA GTC GGC TTA GAA AAG CCA CAG GAC TCA AAA TAC GAT GGT GAA AAG AAC TCC AAG GAT AGA GTC ACA TTG GAT GAA TTG CAT TCA TAC TTT GAC TTG AAG TAT CAC GTC CCC GAT AAC TTA TCG CCC TTC TTG GAG TAT GAT GAC CAC ACT TGT ATT AAC AAG TGG GAA TTA CTA ATC GAT GAT AGA GCT GTT GAT GGT GGA CTG ATC TTT AAA GCT AAC AGA TTT AAA ATC GAT ACA AAG CAC AAT CAA GAT ATG ACC CAG CCA AGA GAC AGG TCC CAA TTC AAC GTT AGA TTT ATG AGC TCC CAA GTT CCT GGT GAC CGT AAG TAC TAC ATT AAC ACC TTC TAT CCA GGC ACA AGA GAT GCT AGG ATT CAC TTG CCT CCA TTG GGA CAC CTG GTC TAC GAT AGG GTT AAT TTC GGT CCC GAC GAA AAT CCT AGT GTA AAA CAT CGT GTT TTG AGA AGG AAA ACC GAT GTT TAT AGA AAC GCC GAA AAG AGA ACT TAT TCC AAT GAT GTT TTG AAA GGT CCT ATC ATA TAT GAT GCC ACT GAA TCA GAA CAA ACC AGA GAA AGG AGA TAC TGT TAC AAA CCA TAT CAA TAC GCT AGA GGT GGC GTG TAT GGT ATG GAT AAG AGT AGA AGA GAA AGA TAT ATC CCA GCA AAC CTG GAT GAA GTT GAA TGT AAA AAC TGT CCA GTT TCG AAA TTT TTT GCT TCC GTG CCC TTG GAA CAG AAA ATG TTC AAA ATT TTC AAC GAA CCA ACA AAA TCG GCT TTA GCT GCC TCA ATC AAA AAG CGT CAC GAT AAG GCT TGC CTG CCC CCA GAT AAC CGT AAC TTA ATG GTT CCT GTT TTC GAA GCT GAC CCA GAA GCA GAT GCA ACC ATC GAC AAG CAT TTT GAG GAA GCT GCA GGT GCC GTT ACA GTC AAC 
Ncas                            GTA AAG CTT TTA GAT CAA GAA ATT CCA CTT AAG GGT AAG AAG GAC ATT TCA GCT GTG CTT TTG AGT GGT GAT AAG GCC ACG TTA GTA GGT CAA TTT CCA AAG CAA AAT ATG TGT CAA GTA AAT AGA CCT TCT GCT AAT TTG ACA TAT GCT GAT GTC CGT CAA ACA GCT ACT ATT AAA GTA CTA AAC TTT GAC ACA GGA TTA CTT TAT GTT GCA AAG GAT AAT GAA CCA GTT ACT ATT ATT ACG TTA GTA GAT GGG AAA GAC AAC TTA ATT GGT TTA GAT AAG CCC CAA GAT TCG AAA TTT GAT GGT GAA AAA AAT TCT AAA GAT CGT ATT ACC ATG GAT TTT CTA ACG GAT TAC CAT GAT CTA AGG TAT CAT GTT CCT CAT AAT TTA TCA CCA TTC TTG GAA TAT CAA GAT GAA ACA GTT GGG AAT AAA TGG GAA TTA TTA ATT GAT GAT AGT GCC GTA GAT TCA GGA TTA ATT TTC CCC GCT AAC AGA TTT GAA TTC CAA ACC AAT CAT GTA TCC GAT ATG AAG CAA CCA CGT GAT AGA TCT CAA TTC AAC GTA AGA TTT TTT AGT TCT CAG GTC CCA GGT GAT CGT AAG TAT TAT ATC AAT AGT TTC TAT CCA GGT ACT AGT GAT GCT AGA ATC CAT ATG CCA CCT TTG GGG CAT ACT ATT TCC GAT GTG GTT AAT TTT AAA CCT GAT GAA TTA CCA AAG GTC AAG CAT CGT GTT CTA AGG CGT AAA ACT TGG GTC TAT AAG AAC ACA GAA AAG AGA CTA TAT TCT AAT CAA GTA TTG AAG GGT CCA ATC ATT CTA GAT GCC ACA TCT AAC GAA TAT AAG AGA GAG AGA CGT TAT TGT AAT AAA CCA TAT TAT TTT TCT AGA ACG GGA GTC TAC GGT TTT AGA CAA AGT AGA AGT GAA AGA TAT ACC CCC TCT AAC TTA GAT GAA GTA GAT TGT AAG AAC GTT CCA GTA TCA GAG CAT CAT GCT TGT GTC CCA CTT GAA CAA AAA TTT TTC AAA ATA GGT TTG GAA CCT ACT AAG TCA GCC TTA GCC ACA AAC ATC AAG AAG CGT CAT GAT AGG GCT TGT TTA CCA CCC GAT AAC CGT AAT TTA ATG GTT CCA GTG TTC TCT GCG GAT CCA GAA GCT GAT TCT AAG GTA ACA AAG ACG TTG GAA GAA GCT GCT ACG ACA GTA ACT ATT AAC 
Cgla                            GTT AAG CTA TTG GAT CAA GAG ATA CCA CTA AGA ATG AGA AAG GAT ATC TCT GCC GTG TTT CTA AGT GGT GAT AAG GCC AGC CTG GTT GGT ATG TTT CCT AAG CAG AAC ATG TGT CAG GTT AAT AGG CCA TCA GCT ATG TTA ACT TAT GCC GAC GTC CGT CAA ACT GCG ACA ATT AAG GTT CTG AAT TTC GAT TCG GGA TTG TTT TAT GTG GCT AAG GAC AAC GAG CCA GTT ACA GTG ATC TCA TTG GTA GAT GGT AAG GAT AAT CTG GTG GGT TTG GAC AAG CCT CAA GAT TCG AAG TTT GAC GGT GAG AAG AAC TCT AAG GAC CGT GTG ACC ATG GAT TTT CTA AGC GAT TAC TAT GAC CTG AGG TAT CAT GTC CCA AAT AAC CTT TCC CCA TTC CTG GAG TAT ATG GAT GAA ACA CAA GGT AAC AAG TGG GAA CTC CTG ATT GAC GAC AGT GCG GTT GAC TCT GGC TTG ATC TTT CCC GCG AAT AGG TTC GAA TTT CAA ACC AAG CAC GTT TCC GAC ATG AAG CAA CCA CGT GAT AGA TCT CAA TTC AAT GTT CGT TTC TTT AGT TCC CAG GTT CCA GGT GAC CGC AGA TAT TAT ATT AAT AAC TTT TAT CCT GGT ACC AGT GAC GCG AGA ATT CAC ATG CCA CCC CTG GGT CAC ACT GTG TCC GAT GTG GTG AAC TTC AAG CCA GAT GAC CTG CCG AAG GTT AAA CAC AGG ATC CTA AGG AGG AAA ACA TGG GTT TAT AGA AAT ACA GAG AAG AGA CTG TAC TCT AAC CAA GTA TTG AAG GGT CCA ATC ATA CTA GAC GCC ACA AAA AAT GAA TAT AAG AGA GAG AGA CGT TAT TGT AAT AAG CCT TAT TAT TTT TCC CGT TCA GGA GTT TAC GGT TTT AGA CAG AGT AGA AGT GAG AGG TAT ACG CCT TCA AAT TTG GAT GAG GTT GAC TGC AAA AAC CAA CCA GTA TCC GAA TAT TAT GCT TGT GTT CCA CTA GAA CAA AAA TTT TTC CGT ATC GGT TTA GAG CCA ACA AAA TCC GCG TTA GCG ACA AGC ATT AAG AAG AGA CAC GAC AGG GCT TGT CTG CCA CCT GAC AAT AGG AAC TTA ATG GTT CCG ATT TTT TCA GCT GAC CCT GAG GCC GAT TCA AAG ATT ACT AAG AGC TTA GAG GAG GCG GCG TCA ACA GTA ACA GTG AAT 
Agos                            GTA AAA CTG TTG GAC CAG GAG ATA CCT CTG CGG AAT CGG GAA GAT ATC TCC GCG GTT TTC CTC TCC GGA GAC GAA GCC AGC TTG GTG GGC GGT TTC CCG AAA CAT AAC ACC TGT CAG GTA CAC CGG CCA TCC GCG CCC CTG ACC TAT GCC GAA GTG AGG CAG ACC GCG ACG ATC AAA GTA CTG AAT TTT GAT ACA GGT TTG CAG TAC GTG GCA AAA GAT AAC GAG CCC GTC ACC GTG ATC ACC TTG GTC GAC GGC AAG GAT AAC TTG GTG GGG TTG GAA AAA CCT CAG GAT TCG AAG TTC GAT GGT GAG AAA AAC TCG AAA GAT CGT GTG ACC CTC GAT TTC TTG AGC GAT TAC TAC GAC CTG AAG TAT CAC GTC CCG AAC AAC CTC GCT CCA TTC TTG GAG TAC GGT GAT GAG ACA GCG GGC AAC AAA TGG GAG CTC TTG ATC GAT GAT TCC GCG GTA GAT TCT GGG ATG ATC TTT CCC GCG AAC CGG TTC GAG TTC CAG ACC AAA CAC GTG TCC GAT CTT GAA CAG CCC AGG GAT AGA TCG CAA TTC AAC GTA CGC TTC TTC AGT TCG CAG GTG CCC GGA GAC CGC CGG TAT TAC ATT AAC TCG TTT TAC CCA GGG ACC TCC GAT GCG CGG ATT CAC CTC CCT CCC TTG GGG CAC ACA GTG TCG GAC GTT GTG AAC TTC CGG CCG GAT GAT CTT CCG AAA GTC AAG CAC CGC GTT TTG CGC AGA AAG ACA TGG GTG TAC CGT AAC ACG GAG AAG CGG TTG TAC TCC AAC CAG GTC TTG AAG GGT CCC ATC ATA CTG GAT GCC ACA GTC AAC GAG TAC GAA CGC GAG CGA AGG TAC TGC CGG AAA CCG TAC TAC TTC GCG CGG ACC GGT GTC TAT GGA TTC CGG CAT AGC CGG TCC GAG CGG TAC ACC CCT TCC AAC ATG GAC GAG GTA GAA TGT AAG AAC GCG CCT GTC GCT GAG TAC TAC GGC TGT GTC CCA TTA GAA CAG AAG TTC TTC AAA ATC GGA CTG GAA CCA ACC AAG GCT GCG CTC GCG ACG GTG ATT AAG AAG CGT CAC GAT AAG GGC TGC CTG CCA CCT GAT AAT CGA AAC CTC ATG GTC CCG ATC TTT TCC TCA GAC CCG GAG GCC GAC TCC GAA GTA ACC AAG AGC CTG GAG GAA GCG GCA ACC ACG GTC ACC GTG AAT 
Klac                            ACT AAA CTA TTA GAT CAG GAG ATT CCA CTA AAG ATG AAG AAG TAC ATT TCA GCA ATC ACG ATA TCA GGT GAA AAG GCG ACA TTG GTC GGT AGA TTC CCA AAG CAT AAC ACC TGT CAA ACT AAT AGA CCA TCT GCC TTG CTA ACT TAT GCA GAT GTT CGT GAA ACT GCA ACT ATT AAA ACT TTG AGT TTT GAT ACT GGG TTA CAA TAT GTA GCC AAG GAT AAC GAG CCA GTC ACA GTA ATC TCA TTG GTA GAT GGT AAG GAT AAT TTG GTA GGG TTG GAT AAG CCT CAA GAT TCT AAA TTC GAT GGT GAA AAA AAC TCT AAA GAT CGT GTA ACC CTA GAT TTC TTG ACA GAC TAC TAC GAC TTG AAG TAT CAT GTC CCT CAT AAC TTA TCA CCA TTT TTA GAA TAT AGA GAC GAG ACG AGT GGT AAC AAA TGG GAA TTA TTG ATC GAT GAT TCA GCA ACT GAT TCT GGA TTG ATT TTT CCG GCT GAT AGA TTT GAC TTT CAA ACC AAA CAT GTC TCT GAT ATG AAG GAA CCA CGT GAC AGA TCT CAA TTT AAC ACT AGA TTC TTC TGC TCC CAA GTT CCT GGT GAC CGT AAG TAT TAC ATT AGT TCG TTT TAT CCA GGG TCT TCA GAT GCT AGA ATT CAT CTA CCA CCC TTG GGA CAT ACG GTA TCA GAT ATC GTA AAC TTT AAA CCT GAT GAT CTT CCT AAA GTT AAG CAT CGT GTT TTG AGA AGA AAA ACC TGG GTT TAT AGA GAT ACG AGT AAG AGA CTT TAT ACT AAC CAG GTA TTG AAG GGT CCT ATT ATT TTG GAT GCA ACG GCC AAT GAA TAC AAG AGA GAA AGA CGT TAT TGT AAT AAA CCA TAT TAC TTC GCT CGT TCA GGG GTT TAT GGT TTC AGA CAT AGC AGA TCA AGT AGA TAT ACT CCT TCA GAT TTG GAT GAA ACT GAT TGC AAG AAC AGT CCA GTA TCA GAA TAC TAC TCC TGT GTT CCA GTC GAA GAA AAA TTC TTT AAG ATC GGT CTG GAA CCA ACA AAG TCA GCA CTT GCA ACG AAC ATC AAG AAG CGT CAT GAT AAG TCC TGT TTG CCA CCT GAT AGT AGA AAC CTT ATG GTC CCT ATC TTT TCT GCC GAC CCA GAA GCA GAT TCA AAG ATC CTT AAG ACA CTA GAG GAG GCT GCA TCA ACG GTA ACA GTA AAC 
Calb                            ATA AAA TTG CTT GAC CAA GAA ATC GAC TTG AGA TCC AGA ACT GGG ATT TCA GCA ATT TTT TTG AGT GGA GAT ACT GCA TCA TTA GTG GGT GCA TAT CCA AAG AAA AAT CCT TGT CAA ATA AGT AGA CCT AGT GCA GTC TTA ACT AAG GCT GAT GTT AGA CAA ACT GCT ACT ATC AAG ATA TTA AAT TTC GAT AAT GGT CTT AGT TAT GTA GCT AAG GAT AAT GAA CCA TTA ACT GCA ATT GAT TTA GCT GAT GGT AAA GAT AAT TTA GCA AGA TTG GAT AAG CCT AAT GAT TCA AAA TTT GAT GGT GAT AAG AAT TCA AAG GAT AGA GCA ACG CTA GAT TTT TTG TCA GAT TAC GTA GAT TTA AAA AAG CAT GTC CCA AGT AAT TTG GCC CCT TTT TTG GAA TAT GCA GAT GAA ACT AGT GGT AAT AAG TTT GAA TTA TTA ATC GAT GAT AGT GCT ATA AAT TCA GGA TTA ATT TTT AAT GCT AAT AGA TTC GAA TTT CAA ACG CAA CAC GTG AGT GAT ATA ACT CAA CCA AGA GAT AGA TCA CAA TTT AAT ATA AGA TTT TAT TCG TCT CAG GTT CCG GGA GAT CGT AGA TAC TAT ATT AAT CAA TTT TAT CCA AGA ACA AGT AAT GCT AGA ATT CAC CTA CCA CCT TTA AAG CAC ACT GCA TCG GAT ATT GTA AAT TTT AAA CCA GAT AAC TTA CCG AAA GTG AAA CAT CGT GTT TTG AGA CGT AAA ACT TGG GTT TAT CAG AAT TCT CAA AAG AGA TTA TAT TCA AAT CAA GCT TTA AAG GGT CCG ATT ATC TTA GAT GCA ACT TTT AAT GAA TAT ACT AGA GAG AGA AGA TAT TGT AAT CAA CCA TAT TAT TTT GCT CGT GAT GGT GTT TAT GGA TAT CGT AAA AGT AGA AGT CAA AGA TAT ACA CCT AGT AAT TTA GAT GAT ATA GAT TGT AAA AAC AGT GAC GCT GCC GAA GTA GTA GTA TGT GTT CCT TTG GAA CAA AAA TAT TTT GTT ATC GGA TTG GAA CCT ACT AAA GCC GCT TTG GCT TCT GAG ATC CGT AAA CGT CAC GAG AAA GTA TGT TTG CCT CCT AAT AAT AGA AAT TTG ATG TTA CCG ATT TTT AGT TCA GAT CCA GAA GCG GAC AGT ACT ATC ATT AAA TCA TTA GAA GAA GCT GCA GAT TCT GCT ACT GCA AAT 



Printing out site pattern counts


         9        726  P

Scer                            AAA AAA AAA AAA AAA AAA AAA AAA AAC AAC AAC AAC AAC AAC AAG AAG AAG AAG AAG AAG AAG AAG AAG AAG AAT AAT AAT AAT AAT ACA ACA ACC ACC ACC ACG ACT ACT ACT ACT ACT AGA AGA AGA AGA AGA AGA AGA AGA AGA AGA AGA AGA AGC AGC AGG AGG AGT AGT AGT AGT ATA ATA ATC ATC ATC ATC ATC ATC ATC ATG ATG ATT ATT ATT CAA CAA CAA CAA CAA CAC CAC CAC CAG CAG CAT CCA CCA CCA CCA CCA CCA CCA CCA CCT CCT CCT CCT CGC CGT CGT CGT CGT CGT CGT CTA CTA CTA CTA CTA CTC CTG CTG CTG CTG CTG GAA GAA GAA GAA GAA GAA GAA GAA GAA GAA GAA GAA GAA GAA GAA GAC GAC GAC GAC GAC GAG GAG GAT GAT GAT GAT GAT GAT GAT GAT GAT GAT GAT GAT GCA GCA GCA GCC GCC GCC GCC GCT GCT GCT GCT GCT GCT GCT GCT GCT GGA GGA GGA GGA GGC GGC GGT GGT GGT GTC GTC GTG GTG GTG GTT GTT GTT GTT GTT GTT GTT GTT TAC TAC TAC TAC TAC TAT TAT TAT TAT TAT TCA TCA TCA TCA TCC TCC TCC TCC TCC TCG TCG TCG TCT TCT TGG TGG TGT TGT TGT TGT TTA TTA TTA TTA TTA TTA TTC TTC TTC TTC TTC TTC TTC TTG TTG TTG TTG TTG TTG TTT TTT TTT TTT TTT TTT 
Sbay                            ... ... ... ... ... ..G ..G ..G ... ... ... ... ... ..T ..A ..A ... ... ... ... ... ... ... ... ..C ..C ... ... ... ... ..C ..T ..T T.. ... ..C ..C ..C ..G ... .AG ... ... ... ... ... ... ... ..G ..G ..G ..G ... ..T ..A ... ... ... ... ... ... ... ... ... ... ... ... ..T ..T ... ... ..C ... ... ... ... ... ... ..G ..T ..T ..T ... ... ..C ... ... ... ... ... ... ..C ..T ..A ..C ... ... ... ... ... ... ... ... ... ..G T.. T.. T.G T.G ... ... ... ... ..T T.A C.G ... ... ... ... ... ... ... ... ... ... ..G ..G ..G ..G ... ... ..T ..T ..T ..A ... A.. ..C ..C ..C ..C ... ... ... ... ... ... ... ... ..C ..G ... ... ... ... A.. ..C ..C ..C ..C ... ... ... ... ... ... ..C ..G ... ... ..C ... ... ..G ..T ..A ... ... ..A ..C ..C ..G ..G ... ... ... ... ... ... ... ... ..C ..C ..C ..C ... ..C ..G ..T ..T ..A ... ... ... ... ..A ..A ..C ... ... ... ... G.C ..C ... ... ... ..G ..G ..G ..G ..G ... ... ... ... ... ..T ..T ... ... ... ... ... ... ..C ..C ... ... ... ... 
Smik                            ... ... ... ... ..G ... ... ... ... ... ... ... ... ... ... ... ..A ..A ... ... ... ... ... ... ..C ..C ..C ... ... ... ... ..A ..G ... ... ..C ... ... ... ..A ... ... ... ... ... ... ... ..G ... ... ... ..G ... ..T ..A ... ..C ..C ... ... ... ... ... ... ..T ..T ..T ... ..T ... ... ..C ..C ... ... ... ... ..G ..G ... ..T ..T ... ... ... ... ... ... ... ... ..G ... ..G ..C ... ..G ... ..T ... ... ... ... ... ... T.. ... T.. ... T.. ..G ..A ..A ... ..A ... A.G ... ... ... ... ... ... ... ... ... ..G ... ... ..G ..G ... ..T ... ... ... ... ... ... ..C ..C ... ... ..C ..C ... ... ... ... ... ... ... ..T ... ... ... ... A.. ... ... ... ... ... ... ... ... ... ..T ..C ... ..A ..T ... ... ... ..G ..T ... ..C ... ... ... ... ..C ..G A.. ... ... ... ... ... ... ..T ..C ... ... ... ... ..C ... ... ..T ..A ... ... ..T ..T ..T ..T ..C ... ... ... ... ... ..C ..C ... ... ... ... ..G ..G ..G ... ... ... ... ..T ... ... C.A ... ... ... ... ... ... ... ..C ..C ... ... 
Spar                            ... ... ... ..G ... ... ... ... ... ... ... ... ... ... ... ... ... ... ..A ... ... .CC .GT T.C ..C ... ..C G.C TCA ... ... ..T ... G.G .TC CTG GAC G.. G.C ..A .AG ... ... ... ... ... ..G ..G ... ... ..G ... .C. T.T ... GAT ..C CA. ..A ... ... ... ... ... ... ... G.. ... ..T ... ... ..C ... ..C ... ... ... ..G ..G G.T ... ... G.T G.T ... ... ... ... ... ... ... ... ..C ... ..C ... ... ..T A.A A.A ... ... ... ... T.. ... ... ..G T.. AAT ACT ... ... ... T.T .GT ... ... ... ... ... ... ... ... ..G A.. C.C ... ... ... ..A ... ... ... TCA A.A ... A.. ..C ... ... ... ... ... ... ... ... ... ... ... ... ... AAA ... ... ... A.C ATA ..C ... ... ... ... ... ... ... ..C ..C ... ..A ..T TTC AT. ... ... ..T ..A AG. AAT ... ... ... ..G ... ... ... ... C.A ... ... ... .TT ... ..C ... ... ... ..C .AC CA. ..C ..A GAA GGT G.A ... ..A ... ..C GG. ... GAT ... ... ..C ... .CC ... ... ..G AAC ... ..G A.. A.G ... ..T ... G.. ... ... .AT ... ... ... ... GAA .AC ..C ..C ... ... 
Ncas                            ... ... ... .GG ... ... ..G ..G ... ... ... ... ..T ..T ..A ... ..T C.A ... ... ... ... ... ..T ... ... ..C ... ..C ..C ..T ..A ..T ..A ..C ... ..A ... ..A ... .AG .AG ... ... ..G C.T ... ... ... ... C.T ... ..T GTT ..A ..A ... .CG ... ... ..G ..T ..T ..T ..T G.A ..T ... ..A ... ... ... ..C ..C ... ... ..G ... ... ..T ..T ..T ..A ..A ... ... ... ... ..T ..T ... ..C ... ..A ... ..A ..A ..T A.A ... ... ... ... ... T.. T.. T.. ..T T.. T.A ..A T.A T.. T.A T.. A.. ... ... ... ... ... ... ..G TCT ... ... ... ... ... ... ..T ..T ..T ..T ..T ... ..A A.. ... ... ... ... ..C ... C.A ..C ... ... ... ..T ..T ..T C.. ..A ... ... .G. ... ... ... T.. ..C ..G ... ... ... ..T ... ..T ..G ..T ... ..G ... ..T ..T ..C ... ..A ... ..C ..G ..C ..A ..A ..C ... ..T ... ..T ..T C.T ..C ... ... ... ... ..T ..C ..C ..T ..G ..T A.G ..T ..T AAC ..A ..A ..A A.A ... ... ... ... ... ... ... ... C.T ..G ... ..G ... ..T ... ..T ..T ..T ... C.A C.A A.. C.A ... ... ... ... C.. C.. ..C ... 
Cgla                            ... ..G CGT .GG ..G ..G ..G ..G ... ..T ..T ..T ... ... ... ... ... C.. ..A ... ... ... ... ..T ... ..C ... ... ... ..C ... ..A ..A ..T ... ... ... ..A ..A ..C ... ... ... ... ..G C.T ... ... ..G C.T ..G ... .A. CAA ..A ..A ... ..C ... ... ..G ... ... ... ..T ..T G.G ... ... ... ... ... ... ... ... ..G ..G ... ... A.T ... ..T ..A ..A ..C ... ..T ..T ... ..C ... ..T ... ..A ..A ..G ..A ... ... ... A.A A.G A.G ... ..C ..G T.G ... ..T ..G ... ... ..A T.. T.A A.G ... ... ..C ..G ..G ..G ..G A.. ..G ... ... ..G ..G ..G ... ..T ... ..T ..T ..A ... ATG ... ..C ..C ... ... ... ATG ... ..C ..C ... ..C ..T ..G C.. ..T ... ... ATG ..C ..G ... T.C ..G ... ..C ..G ..C ..T ... ..T ..T ..T ... ... ... ... ..T ..T ... ..T ..G ..C A.. ... ..A ... ... A.C ..T ... ..T ..T ..T ..C ... ..C ... ... ..T ..C ..C ..C ..G ..A ..A ..A ..T AGC ..C ..T ... ..G ... ... ..C ... ... ... ..G ..G C.. ... ... C.G ..T ..T ... ... ... ... ..T C.A C.A A.. C.. C.. ... ... ... ... ... ... ..C 
Agos                            ..G ..G ... ..G ..G ... ..G ..G ... ... ..T ..T ... ... ..A ... ..A C.T ... ..A ... G.A ..A CG. ..C ..C ..C C.C ..C ..C ..C ..A ..A ... ..C ..A ..C ..G ..G ..C C.G C.T C.C C.G C.C ..G C.G C.. C.G C.G ... C.G TCG GCG ..A C.. ... ..C TCC ..C .CC ... ... ... ... G.A G.G ... ... ... C.T ..C ... ... ... ..G ..G ..G ..G A.. ... ... ... ... ..C ..C ... ..G ... ..C ..T ..T ... ... ..G ..G ..C ... ..C ... ... ..A ..C A.G ..C T.G T.G ..G ..C ..T T.. ... ..C A.. ... CGG ... ..G ..T ... ..G ..G ..G .TC ..G ..G ..G ... ..G ..G ..A ..T ... ..T ..T ... ... CCC ..C ... ... ..C ... ..C .G. ... ... ... ... ..C ..G ... C.. ..A ... ... AA. ..G ..G .GC ..G ..G T.A ..C ..G ..G ..G ..T ..C ..G ..A ..A ..C ... ... ... ..C ..T ... ..G ..G A.C ..C ..C ..A ..G ... ... ... ... ..T ... ... ..C ..C ... ..C ..G ..G ..C ..G ..G ... A.. ... ... GT. G.T ..C ... A.A ... ... ... ..C ..C ... ..G ..G ... C.G C.C ..G ... ... ... ... ... ..T ..T ... C.. C.C C.. ... ... ..C ..C CAG ..C ... ..C 
Klac                            ... ... ..G ..G ..G ... ..G ..G ... ... ... .GT ... ... ..A ... ..A C.T ... ... ... ... ..A ..T .G. ..C G.. ... ... ..C ... ..G ... ..T ..T ..G CT. ... ..G T.. .AG ... ... ... ... C.T ... ... ... C.T ... ... TCG ..T ..A ..A T.C .CA TCA ..C .CC ..T ... ..T ..T ... G.A ..T ... ... ... ..C ... ..C ... ... ... ... G.. ..T ..T ..T ..A ... ... ... ... ... ... ..C ... ..T ... ..A ... ... ... ..T A.A ... ... A.A ... ... T.. T.G T.. ... T.. ..T ..T T.. A.A T.. ..A A.. ... ... ..T ... ... ..G ... .CC ... ..C ..G ..G AGT ... ..T ... ... ..T ... ..A ... TTG ..A ... ... ... ... ... AGA T.C ... ... ... ... ..C ... C.G ... ..A ..G ATG ..A ..A T.C ... ..A ..C ..A ... ... ..G ..G ..T ..A ..T ... ... ... ... ... ..T A.C ..C ..A ... A.C ... ..A AC. ... ... ... ... ... ..T ... ... ... ... ... ... ..T ... ..T ..C ..T ..T ..A ..A A.T AAC ..A ..A ... A.. ... ... ..C ... ... ... ..G ..G G.C C.G C.T ..G ..T ... ..T ..T ..T ..T ..T ... ... C.A ... ..A ... ..C ..C CAA ACG ... ..C 
Calb                            ... ... GTT ... ... C.. ..G CGT ... ..T ..T ..T ..T ..T ... ..A C.A ..A ..A ... ... .CT ..A ..T ... ... ... .G. ... ..G ..T ..T ..T ..T ..A ... .T. ... T.. ..A ... CAG ... ... ... ... ... ... ... C.T C.T ... CAA ..T ..A C.T TCG TCA ... ... CCT ..C ..T ..T ... ... GCA ..T ... ... ..A ..C ... ..C ... ... ..G A.T ... AGT ... ..T ..A ..A ... ... ... ... ..T ..T GAC ..T ..T ..A ..A ..G ..G ..T A.A A.A ... A.A ... A.A T.. T.. ..T T.G T.G T.A T.A T.. T.. T.A T.A A.. ... ... A.C ... ... ... ..G TTT ... ... ... ... C.. ..T ..T ..T ..T ..T ..T ..A ..A .TC ... ..G ... ... ... ..C .CA .GG A.. ... ... ..G ... ... AAT ..T ..A ..A T.C ..A ... .TA ... ... T.A ... ... ... A.. ..T ..T AAG ..A ..A ... ... ... T.A ... A.T ... ..A ... A.. ... .C. A.A ... ... ..T ... ..T ... GTA ... ... ... A.G ... ... ..G AGT ..T ..A AGT GAT AGT ..A GA. G.C ..A ..A AA. ... .TT ... ... ... ... ... ..G ..G ..G ..G ... ..T .AT ..T ... ..T ... ..T ... ..A C.A ..A ... ..A ... ... AG. ... ... ... 

    2    1    1    2    1    1    1    1    1    1    1    2    4    1    4
    2    1    2    3    3    1    5    2    1    1    3    3    1    2    2
    3    2    1    2    1    1    1    1    3    1    3    1    1    1    1
    2    1    1    3    1    1    1    1    2    1    1    1    3    4    1
    1    2    1    2    1    1    5    1    1    1    1    1    2    1    1
    1    1    1    3    1    4    1    1    2    1    2    1    3    2    1
    2    3    3    1    2    2    2    1    1    1    1    1    1    1    1
    3    2    2    1    1    1    1    1    2    2    1    1    2    1    1
    1    1    1    1    1    1    1    1    2    2    3    2    3    2    1
    1    2    1    1    1    2    3    2    2    2    1    3    5    1    1
    1    1    1    1    1    1    1    1    1    2    1    3    1    1    3
    1    2    2    1    1    2    2    2    2    1    2    1    2    2    2
    1    1    2    4    6    2    1    2    1    1    1    3    1    1    1
    2    6    2    1    1    1    1    2    3    2    1    1    3    1    1
    1    1    1    1    1    1    2    1    1    1    1    2    1    1    4
    3    1    1    1    2    2    1    2    2    1    1    1    2    1    1
    1    1

CODONML (in paml version 4.9j, February 2020)  temp.nuc
Model: One dN/dS ratio, 
Codon frequency model: Fequal
ns =   9  ls = 391

Codon usage in sequences
--------------------------------------------------------------------------------------------------------------------------------------
Phe TTT   7   7   6   8  11  13 | Ser TCT   2   4  10   1  10   5 | Tyr TAT  11   6  13  11  14  16 | Cys TGT   5   3   3   4   5   4
    TTC  13  13  14  10   7   7 |     TCC   9  13   8   7   2   7 |     TAC   8  13   6   8   2   3 |     TGC   0   1   2   1   0   1
Leu TTA   7   8   7   6  15   5 |     TCA   5   5   3   5   5   7 | *** TAA   0   0   0   0   0   0 | *** TGA   0   0   0   0   0   0
    TTG   9  18  11  10   7   7 |     TCG   5   1   0   3   1   2 |     TAG   0   0   0   0   0   0 | Trp TGG   2   2   2   1   2   2
--------------------------------------------------------------------------------------------------------------------------------------
Leu CTT   0   2   0   0   5   1 | Pro CCT   7   7   4   5   5   7 | His CAT   1   6   6   4  10   1 | Arg CGT   6   6   7   5   9   7
    CTC   1   1   0   0   0   1 |     CCC   0   5   1   5   4   2 |     CAC   6   1   1   6   0   5 |     CGC   1   1   0   0   0   1
    CTA   9   0  11   5   6   7 |     CCA  17  12  12  14  16  14 | Gln CAA   7   4   3   6  13  10 |     CGA   0   0   0   0   0   0
    CTG   7   4   4   7   0  10 |     CCG   0   0   7   0   0   2 |     CAG   3   7   7   4   1   4 |     CGG   0   0   0   0   0   0
--------------------------------------------------------------------------------------------------------------------------------------
Ile ATT   4   5  15   5  12   7 | Thr ACT   7   5   6   3   7   4 | Asn AAT  10   8   3   7  13  13 | Ser AGT   9  11   7   3   7   6
    ATC  12  11   7  10   4   6 |     ACC   5   6   3   8   3   3 |     AAC  10  13  17  15  11  10 |     AGC   3   1   5   1   0   4
    ATA   3   3   3   4   1   2 |     ACA   5   2   8   6   9  10 | Lys AAA  10  13  12  14  11   6 | Arg AGA  17   9  16  17  12  12
Met ATG   2   2   2   6   5   9 |     ACG   1   4   2   0   6   1 |     AAG  24  24  23  18  22  24 |     AGG   2   7   3   6   3   9
--------------------------------------------------------------------------------------------------------------------------------------
Val GTT  19  11   9  19   8  15 | Ala GCT  14   8  14  12  11   5 | Asp GAT  24  22  20  28  29  15 | Gly GGT   6   4  10   9  10  12
    GTC   3   2   4   7   6   2 |     GCC   4  10   4   7   5   5 |     GAC  11  12  15  10   3  18 |     GGC   3   8   2   4   0   1
    GTA   0   3   0   1  13   4 |     GCA   3   1   2   5   1   0 | Glu GAA  18  12  12  20  17   6 |     GGA   6   3   3   3   3   2
    GTG   5  11   8   2   3   9 |     GCG   0   1   0   2   1   8 |     GAG   3   8   8   3   2  12 |     GGG   0   1   0   0   3   0
--------------------------------------------------------------------------------------------------------------------------------------

--------------------------------------------------------------------------------------
Phe TTT   4  10  15 | Ser TCT   1   8   4 | Tyr TAT   4  12  16 | Cys TGT   3   4   5
    TTC  15   8   2 |     TCC  11   3   1 |     TAC  15   8   2 |     TGC   2   2   0
Leu TTA   1   5  18 |     TCA   1  14  10 | *** TAA   0   0   0 | *** TGA   0   0   0
    TTG  13  16  13 |     TCG   6   1   2 |     TAG   0   0   0 | Trp TGG   2   2   1
--------------------------------------------------------------------------------------
Leu CTT   2   5   2 | Pro CCT   6   9  10 | His CAT   2   9   2 | Arg CGT   3   8   7
    CTC   7   0   0 |     CCC   7   1   0 |     CAC   7   0   4 |     CGC   5   0   0
    CTA   0   6   2 |     CCA   6  14   9 | Gln CAA   1   6  13 |     CGA   2   0   0
    CTG   9   1   0 |     CCG   7   1   4 |     CAG  10   2   2 |     CGG  13   0   0
--------------------------------------------------------------------------------------
Ile ATT   3   8  10 | Thr ACT   0  12  15 | Asn AAT   4   4  25 | Ser AGT   1   7  15
    ATC   8   8   7 |     ACC  14   4   0 |     AAC  17  12   2 |     AGC   4   1   0
    ATA   2   1   7 |     ACA   5   6   2 | Lys AAA  12  12  16 | Arg AGA   2  17  21
Met ATG   3   3   1 |     ACG   4   7   2 |     AAG  14  23  12 |     AGG   3   0   0
--------------------------------------------------------------------------------------
Val GTT   3   7   7 | Ala GCT   3   4  14 | Asp GAT  21  28  30 | Gly GGT   6   9   7
    GTC  11   6   2 |     GCC   4   4   3 |     GAC   9   7   4 |     GGC   5   0   0
    GTA   7  11   7 |     GCA   2   9  12 | Glu GAA  11  14  13 |     GGA   4   2   5
    GTG  13   0   3 |     GCG  12   1   1 |     GAG  15   5   3 |     GGG   4   4   1
--------------------------------------------------------------------------------------

Codon position x base (3x4) table for each sequence.

#1: Scer           
position  1:    T:0.21228    C:0.16624    A:0.31714    G:0.30435
position  2:    T:0.25831    C:0.21483    A:0.37340    G:0.15345
position  3:    T:0.33760    C:0.22762    A:0.27366    G:0.16113
Average         T:0.26939    C:0.20290    A:0.32140    G:0.20631

#2: Sbay           
position  1:    T:0.24041    C:0.14322    A:0.31714    G:0.29923
position  2:    T:0.25831    C:0.21483    A:0.38107    G:0.14578
position  3:    T:0.29412    C:0.28389    A:0.19182    G:0.23018
Average         T:0.26428    C:0.21398    A:0.29668    G:0.22506

#3: Smik           
position  1:    T:0.21739    C:0.16113    A:0.33760    G:0.28389
position  2:    T:0.25831    C:0.21483    A:0.37340    G:0.15345
position  3:    T:0.34015    C:0.22762    A:0.23529    G:0.19693
Average         T:0.27195    C:0.20119    A:0.31543    G:0.21142

#4: Spar           
position  1:    T:0.19182    C:0.15601    A:0.31458    G:0.33760
position  2:    T:0.25575    C:0.21228    A:0.39386    G:0.13811
position  3:    T:0.31714    C:0.25320    A:0.27110    G:0.15857
Average         T:0.25490    C:0.20716    A:0.32651    G:0.21142

#5: Ncas           
position  1:    T:0.20716    C:0.17647    A:0.32225    G:0.29412
position  2:    T:0.26343    C:0.21995    A:0.37852    G:0.13811
position  3:    T:0.42455    C:0.12020    A:0.31202    G:0.14322
Average         T:0.29838    C:0.17221    A:0.33760    G:0.19182

#6: Cgla           
position  1:    T:0.20205    C:0.18414    A:0.32225    G:0.29156
position  2:    T:0.26854    C:0.20972    A:0.36573    G:0.15601
position  3:    T:0.33504    C:0.19437    A:0.21739    G:0.25320
Average         T:0.26854    C:0.19608    A:0.30179    G:0.23359

#7: Agos           
position  1:    T:0.19949    C:0.22251    A:0.24552    G:0.33248
position  2:    T:0.25831    C:0.22762    A:0.36317    G:0.15090
position  3:    T:0.16880    C:0.36061    A:0.14322    G:0.32737
Average         T:0.20887    C:0.27025    A:0.25064    G:0.27025

#8: Klac           
position  1:    T:0.23785    C:0.15857    A:0.31969    G:0.28389
position  2:    T:0.24297    C:0.25064    A:0.36317    G:0.14322
position  3:    T:0.36829    C:0.16368    A:0.29923    G:0.16880
Average         T:0.28303    C:0.19096    A:0.32737    G:0.19864

#9: Calb           
position  1:    T:0.22762    C:0.14066    A:0.34527    G:0.28645
position  2:    T:0.24552    C:0.22762    A:0.36829    G:0.15857
position  3:    T:0.47059    C:0.06905    A:0.34527    G:0.11509
Average         T:0.31458    C:0.14578    A:0.35294    G:0.18670

Sums of codon usage counts
------------------------------------------------------------------------------
Phe F TTT      81 | Ser S TCT      45 | Tyr Y TAT     103 | Cys C TGT      36
      TTC      89 |       TCC      61 |       TAC      65 |       TGC       9
Leu L TTA      72 |       TCA      55 | *** * TAA       0 | *** * TGA       0
      TTG     104 |       TCG      21 |       TAG       0 | Trp W TGG      16
------------------------------------------------------------------------------
Leu L CTT      17 | Pro P CCT      60 | His H CAT      41 | Arg R CGT      58
      CTC      10 |       CCC      25 |       CAC      30 |       CGC       8
      CTA      46 |       CCA     114 | Gln Q CAA      63 |       CGA       2
      CTG      42 |       CCG      21 |       CAG      40 |       CGG      13
------------------------------------------------------------------------------
Ile I ATT      69 | Thr T ACT      59 | Asn N AAT      87 | Ser S AGT      66
      ATC      73 |       ACC      46 |       AAC     107 |       AGC      19
      ATA      26 |       ACA      53 | Lys K AAA     106 | Arg R AGA     123
Met M ATG      33 |       ACG      27 |       AAG     184 |       AGG      33
------------------------------------------------------------------------------
Val V GTT      98 | Ala A GCT      85 | Asp D GAT     217 | Gly G GGT      73
      GTC      43 |       GCC      46 |       GAC      89 |       GGC      23
      GTA      46 |       GCA      35 | Glu E GAA     123 |       GGA      31
      GTG      54 |       GCG      26 |       GAG      59 |       GGG      13
------------------------------------------------------------------------------


Codon position x base (3x4) table, overall

position  1:    T:0.21512    C:0.16766    A:0.31571    G:0.30151
position  2:    T:0.25661    C:0.22137    A:0.37340    G:0.14862
position  3:    T:0.33959    C:0.21114    A:0.25433    G:0.19494
Average         T:0.27044    C:0.20006    A:0.31448    G:0.21502

Codon frequencies under model, for use in evolver (TTT TTC TTA TTG ... GGG):
  0.01639344  0.01639344  0.01639344  0.01639344
  0.01639344  0.01639344  0.01639344  0.01639344
  0.01639344  0.01639344  0.00000000  0.00000000
  0.01639344  0.01639344  0.00000000  0.01639344
  0.01639344  0.01639344  0.01639344  0.01639344
  0.01639344  0.01639344  0.01639344  0.01639344
  0.01639344  0.01639344  0.01639344  0.01639344
  0.01639344  0.01639344  0.01639344  0.01639344
  0.01639344  0.01639344  0.01639344  0.01639344
  0.01639344  0.01639344  0.01639344  0.01639344
  0.01639344  0.01639344  0.01639344  0.01639344
  0.01639344  0.01639344  0.01639344  0.01639344
  0.01639344  0.01639344  0.01639344  0.01639344
  0.01639344  0.01639344  0.01639344  0.01639344
  0.01639344  0.01639344  0.01639344  0.01639344
  0.01639344  0.01639344  0.01639344  0.01639344


TREE #  1:  (((((1, 4), (3, 2)), 5), 6), ((7, 8), 9));   MP score: 1293
This is a rooted tree.  Please check!
lnL(ntime: 16  np: 18):  -6903.830016      +0.000000
  10..11   11..12   12..13   13..14   14..1    14..4    13..15   15..3    15..2    12..5    11..6    10..16   16..17   17..7    17..8    16..9  
 0.025433 0.215531 0.313785 0.127918 0.038612 1.694789 0.025082 0.282375 0.439276 0.855597 0.682398 0.011604 0.259044 1.293245 0.819010 2.631687 1.779349 0.054583

Note: Branch length is defined as number of nucleotide substitutions per codon (not per neucleotide site).

tree length =  9.715386

(((((1: 0.038612, 4: 1.694789): 0.127918, (3: 0.282375, 2: 0.439276): 0.025082): 0.313785, 5: 0.855597): 0.215531, 6: 0.682398): 0.025433, ((7: 1.293245, 8: 0.819010): 0.259044, 9: 2.631687): 0.011604);

(((((Scer: 0.038612, Spar: 1.694789): 0.127918, (Smik: 0.282375, Sbay: 0.439276): 0.025082): 0.313785, Ncas: 0.855597): 0.215531, Cgla: 0.682398): 0.025433, ((Agos: 1.293245, Klac: 0.819010): 0.259044, Calb: 2.631687): 0.011604);

Detailed output identifying parameters

kappa (ts/tv) =  1.77935

omega (dN/dS) =  0.05458

dN & dS for each branch

 branch          t       N       S   dN/dS      dN      dS  N*dN  S*dS

  10..11     0.025   851.3   321.7  0.0546  0.0015  0.0270   1.3   8.7
  11..12     0.216   851.3   321.7  0.0546  0.0125  0.2289  10.6  73.6
  12..13     0.314   851.3   321.7  0.0546  0.0182  0.3332  15.5 107.2
  13..14     0.128   851.3   321.7  0.0546  0.0074  0.1358   6.3  43.7
  14..1      0.039   851.3   321.7  0.0546  0.0022  0.0410   1.9  13.2
  14..4      1.695   851.3   321.7  0.0546  0.0982  1.7998  83.6 579.0
  13..15     0.025   851.3   321.7  0.0546  0.0015  0.0266   1.2   8.6
  15..3      0.282   851.3   321.7  0.0546  0.0164  0.2999  13.9  96.5
  15..2      0.439   851.3   321.7  0.0546  0.0255  0.4665  21.7 150.1
  12..5      0.856   851.3   321.7  0.0546  0.0496  0.9086  42.2 292.3
  11..6      0.682   851.3   321.7  0.0546  0.0396  0.7247  33.7 233.1
  10..16     0.012   851.3   321.7  0.0546  0.0007  0.0123   0.6   4.0
  16..17     0.259   851.3   321.7  0.0546  0.0150  0.2751  12.8  88.5
  17..7      1.293   851.3   321.7  0.0546  0.0750  1.3733  63.8 441.8
  17..8      0.819   851.3   321.7  0.0546  0.0475  0.8697  40.4 279.8
  16..9      2.632   851.3   321.7  0.0546  0.1525  2.7947 129.9 899.1

tree length for dN:       0.5631
tree length for dS:      10.3172


Time used:  0:13
