      9   1179

Scer                            GTC GCT TCC GAT CTA AAA TCC GAA ACC GTC TTG GCT ATC TTC ACC GCA TTA TTG TTG TGG AAC CCA TGG GAA TTT TTA TAC AAC CAA AAT TGG CAG ACA ACC CTG ACC CGC AAT GAA ATT AAC GGC AAG TTA ACC CGT AAG AAG TGG GCT CAA GAG AAG CGT CAC ATT CAT CAA TGG GAT GGT AAA AAC CAC TAT AGA TTT GCA AAT GCT AAA CAA GAA AGT TTT GAT ATC TTA AAA AAA ACT TAT GAA TCC TGG GGT AGG TTT CAA GCA ATT GAA GAA ATT GCT GAA GGC ACT ATA CGT GGT TTG AAC TGG ACC AAG TGG TTT TCT TTA AAA TTA GAT AGA CAA TTG AAA GAA TTG TCA GGT TTA TTG CAA AGG CAT AGA AAA TAC AAC AAT ATT TTT AGT GAA TCA CGT TAT TTG TTG AAC GAT AGG ACT GAT ACT GCT GAT CAT GAT ATT GCG TTA ACC ATG AAG AAA CAT TGC TTG AAG AAA CTG AAC TAT GGG AAA CCA TTC GCG ATC TGG CGT AGA CTG CAT TTG ATC ATT GGT GAC AAG GAA GAA GTC ACT CCG AAT AAC CAC TAT GCT GAA GTG CCA GAA GAG ACA GAA TGG GAA TTG CAA CTG AAA AGA TCT AAA ATG GGG TTA TCT GAC TTT AAT AAG AGT GCG CAA TCC AGG ATT CAG GAA CTT AAA TTG CAA GGA GAA AGC AGG GAT GAT CTT ATT ACA ATT ATT GCT AGA CAA GAA ACC ATT GGC AGA CTA CTA GAG CAA GAT AAG AAC GAA GCA GAT TGG GAA AAA TTA AGA AAT ACC TTG GGG TCC CAA CAG ATT AAC TCC ATA GAG GTT TCC TCC TGG TGG CTG ATC CTG GGT TAT GTC CAG AAC AGG TAC AGA GGT TTA TTG TTG GAA GAA GCC CCA TCT TTG ACC CTA AAG AGA GAC GGA AGA CTG TAT AAG GGG TCT GAG GGA AAT GAA TCC AAC GAG ATC GCT TAT TAC TGT GGT CTT GAT GAA GCT GGG GCC TTT GGC ATT GGG TAC AAA ACA GGT CTA GCT GAG GAA GCT GAC AAA GGG AAG CTT GGC TGG CAT GAT CAA AAA GAG ATC TCG TGG AGA AGA CGC TTG AAG TAC ATT CTT CTC TTC TGG GAT CAT TGG GCC AAA GTC AAT TTA CAA ATG TAT TAT AAG CAC TTA AAC TGG TCA CTT GTT GGT TTA AAG 
Sbay                            GTT GCT TCG GAT CTA AAG TCG GAA ACT GTT TTA GCT ATC ATT ACA CTA TTG TTA TTA TGG AAC CCA TGG GAA TTC TTA TAC AAC CAA AAT TGG GTT TGG ACT CTA ACT CGC AGT GAA ATC TTA GGT CAA TTG ACT CGT AAA AAG TGG GCC CAA AAG AAA CGT CAT GAG CAT GAG TGG GAC GGT AAG AAC CAC TAT AGA GAA GCT AAC GCC AAG CAA GAA GAA TTT GAT ATT TTG AAG AAA ACT TAT GAA TCG TGG GGT GGT TTT GAG CTA ATC GAA GAA ATC GCT GAA GGT ACT ATA CCA GGA TTA AAC TGG ACT AAG TGG TTT TCA CTA AAA CTG GAT AGG CAA TTG AAA GAG CGT TCT GGT CTA TTA CAA AGG CAT AGA AAA TAT AAC AAT ATT TTC AGT ACC TCC CGT TAC TTA TTA CAA CAA GGT ACT GAT ACT GCC GAT CAT GAT ATT ACT TTA ACG ATG AAA AAG CAT GTT TTA AAG AAA TCA TTA TAT AGA AAA CCA TTC GCG ATC TGG CGT AGG CTG CAT TTG ATT ATT GGT GAC AAA AAC GAA GTC GGT CCA AAC AAT GCC TAT GCC GAT GTG CCA GAA CGT TGG AAC TGG ACC TTG GAG TCA AAG AGG TCG AAA ATG AGA CTG TCC GAT TTT AAT AAG AGT ACT CAA TCG AGA ATT TTA GAA CTT AAA TTG CAA GGG GAA AGT GGT GAT GAT CTC ATC ACC ATT ATT GCT AGA CAA GAA ACT AGT GGT AGG CTA TTA GAA CAA GAC AAA AAT GAG CGT GAT TGG GAA ATT CTA GCT AAT ACG TTA GGA TCT CAG GTT ATT AAC GAT ATA GAA GTT TCG TCG TGG TGG TCA ATT CTA ACC TAT GTC GTT CAA AGG TAC AGA GGT TCA TTG TTA GAA GAA GCT CCA TCC ATT ACT CTA AAG AGA GAT GGG AGG CTG TAC AAG AAC TCC AAG GGT AAT GAA TCT CAA AAG GTT GCT TAC TAT TGT GGT CTC CAA GAA GCT GGG GCT TTC GGT ATT AAC TAC AAA GCG GGT CTA GCT AAG GAA GCT GAT AAA AAC ACT CTC GGT TGG CAC GAT CAA AAA GAA ATC TCA TGG AGA GCT CGC ATT CAA TAC ATC CTT CTA ATT TGG GAC CAT TGG GCT AAA GTC AAC TTA CAA ATG TAT TAT AAG CAT TTG AAC TGG TCT CTT GTT GGT CAG ACT 
Smik                            GTT GCC TCA GAT CTA AAG TCA GAA ACC GTT TTG GCT ATT ATT ACC TTA TTA TTA TTG TGG AAT CCA TGG GAA TTT TTA TAC AAC CAA AAT TGG GTT TGG ACA CTG ACA CGT AAT GAA ATT TTA GGT CAA CTA ACA CGT AAG AAG TGG GCT CAA AAG AAG CGT CAC GAC CAT GAG TGG GAC GGC AAA AAT CAC TAT AGA GAA GCG AAT GCT AAA CAA GAA GAA TTT GAT ATC TTG AAG AAA ACT TAC GAA TCC TGG GGT GGT TTT GAG TTA ATT GAA GAA ATT GCT GAA GGT ACT ATA CCT GGA TTG AAT TGG ACC AAG TGG TTT TCT TTA AAG CTA GAC AGA CAA TTG AAA GAA CGT TCT GGC TTA TTA CAA AGG CAT AGA AAA TAT AAT AAT ATT TTT AGT ACT TCA CGT TAC TTA TTA CAA CAA GGT ACT GAT ACC GCT GAT CAT GAT ATT ACT TTA ACG ATG AGA AAG CAT GTT TTA AAG AAA TCC TTA TAC GGG AAA CCA TTT GCG ATT TGG CGT AGA CTG CAT TTG ATT ATT GGT GAC AGA AAC GAA GTT GGT CCT AAT AAC GCG TAT GCT GAT GTG CCT GAA CGT TGG AAC TGG ACT TTG GAG TCC AAG AGA TCA AAA ATG GGG CTA TCT GAC TTT AAT AAA AGT ACT CAA TCC AGA ATT CTC GAA CTT AAA CTA CAA GGA GAA AGT GGT GAT GAT CTC ATT ACT ATT ATT GCT AGA CAA GAA ACC AGT GGC AGA CTA TTA GAA CAA GAT AAG AAT GAA CGT GAT TGG GAA ATT TTA GCT AAT ACG TTA GGT TCC CAA GTT ATT AAC GAT ATA GAG GTT TCA TCC TGG TGG TCC ATC CTG ACT TAC GTC GTT CAA AGG TAC AGA GGT TTA CTA TTA GAA GAA GCA CCG TCC ATC ACA CTA AAG AGA GAC GGA AGA CTG TAT AAG AAC TCT AAG GGA AAT GAA TCC CAA AAG GTT GCT TAT TAT TGT GGT CTT CAA GAA GCT GGG GCT TTT GGC ATT AAC TAC AAA GCA GGT CTA GCT AAG GAA GCC GAT AAA AAC ACT CTT GGT TGG CAC GAT CAA AAA GAG ATC TCA TGG AGA GCT CGT ATC CAA TAC ATT CTT TTA ATT TGG GAT CAT TGG GCA AAA GTC AAT TTA CAA ATG TAT TAC AAA CAC TTA AAT TGG TCT CTT GTT GGC GCG ACT 
Spar                            GTC GCT TCA GAT TTA AAG TCA GAA ACT GTC CTG GCT ATC TTC ACC GCA TTG TTG CTG TGG AAT CCA TGG GAA TTT TTA TAC AAC CAG AAT TGG CAG ACG ACT CTG ACT CGT AAT GAA ATT AAC GGT AAA CTA ACT CGT AAG AAG TGG GCT CAA GAG AAG CGT CAC ATT CAC CAA TGG GAT GGT AAG AAT CAC TAT AGA TTT GCT AAT GCT AAG CAA GAA AGT TTT GAT ATC TTG AAG AAA ACT TAT GAA TCC TGG GGT AGA TTT CAA GCA ATT GAA GAA ATT GCT GAA GGT ACT ATA CGT GGT CTG AAT TGG ACT AAG TGG TTT TCT TTA AAA TTA GAC AGG CAG TTG AAA GAA TTG TCC GGT TTA TTG CAA AGG CAT AGA AAA TAC AAT AAT ATT TTT AGT GAA TCA CGT TAT TTG TTG AAC GAT AGA ACT GAT ACC GCT GAT CAT GAT ATT GCC TTG ACC ATG AGG AAA CAC TGC TTG AAG AAA CTG AAC TAT GGG AAA CCA TTT GCG ATC TGG CGT AGA CTG CAT TTG ATT ATT GGT GAC AGG GAG GAA GTC ACT CCT AAT AAC CAC TAT GCT GAA GTT CCA GAA GAG ACG GAG TGG GAA TTG CAA CTG AAG AGG TCT AAA ATG GGG TTA TCT GAC TTT AAT AAG AGT GCC CAA TCC AGA ATT CAG GAA CTT AAA TTA CAA GGA GAA AGT AGA GAT GAT CTT ATT ACA ATT ATT GCT AGA CAG GAA ACT ATT GGC AGG CTA CTA GAA CAA GAC AAG AAC GAA GCA GAT TGG GAA AAA TTA AGA AAT ACC TTG GGG TCC CAA CAG ATT AAC TCC ATA GAG GTT TCA TCC TGG TGG CTG ATC CTG GGT TAC GTC CAG AAC AGG TAC AGA GGT TCA TTA TTG GAA GAA GGC CCA TCT TTG ACT TTA AAG AGA GAC GGA AGG CTG TAT AAG GGG TCT GAG GGA AAT GAG TCC AAC GAG GTC GCT TAT TAC TGT GGT CTT GAT GAA GCT GGG GCC TTT GGC ATT GGG TAC AAA ACG GGT CTA GCT GAG GAA GCC GAC AAA GGG AAG CTT GGT TGG CAT GAT CAG AAA GAG ATC TCA TGG AGA AGA CGT TTG AAA TAC ATT CTT CTC TTC TGG GAC CAT TGG GGC AAA GTT AAT TTG CAA ATG TAT TAC AAG CAC TTG AAT TGG TCC TTG GTT GGT CTA AAG 
Ncas                            GTT GCT TGT TCT TTA AAG TGT AAG ACA GTT TTA GCC ATT TTC ACC GCC GAG TTG TTA TGG AAT CCA TGG GAA TTC TTA TAC AAC CAG AAT TGG CAA ACA ACT TTA ACT CGT AAT GAA ATT AAC GGT AAA TTG ACT CGT AAG AAG TGG GCC CAA GAA AAG CGT CAC ATA CAT CAA TGG GAT GGT TTG AAC CAC TAT AGA TTT GCT AAT GCC TTG CAA GAA AGT TTT GAT ATC TTG AAG AAA ACT TAC GAT TGC TGG GGT AGA TTC CAA GCC ATT GAA GAA ATT GCC GAA GGT ACT ATC CGT GAT TTA AAT TGG ACA AAG TGG TTT TCC CTG AAG CTA GAT AGA CAG TTG AAA GAA TTG TCT GGT CTA ATA CAA AGA CAT AGA AAG TAT AAC AAC ATT TTC AGT GAA TCG CGT TAC ATA ATA AAC GAT AGA ACT GAC ACA TCC GAT CAT GAT ATC GCA CTA ACC TTA AAG AAA CAT TGT TTG AAG AAG TTA AAC TAC TCG AGA CCT TTC GCC ATC TGG CGT AGA ATT CAT GTG ATA ATC GGT GAT AAG GAA GAA GTC ACC CCC AAT AAT TAT TAT GCC GAG GTT GCT GAA GAG ACA GAA TGG GAA TTG CAA TTA AAG AGA TCA AAG ATG TCG CTA TCA GAT TTC AAC AAG AGT GCA CAA TGC AAG ATC AAT AAG CAA AAG TTA CAA GGC GAA TCG AGA GAT GAT CTG ATT ACA ATC ATC GCG AGA CAG GAG ACA ATT GGT AGA CTG TTA GAA CAA GAT AAG AAC GAA GCC GAT TGG GAA AAG CTG AGA AAT ACC TTG GGG TCT CAA CAA ATT AAC TCC ATC GAA GTC TGT TGC TGG TGG TTA ATC TTA GGT TAT GCT CAA AAC AGA TAC AGA GGT CAA TTA ATA GAA GAA GCA CCA TCT TTA ACT TTA AAG AGA GAT GGC AGA ATT TAT AAG GGG TCA GAG GGT AAT GAA TCT AAC GAG CTA GCC TAT TAT TGT GGT CTA GAT GAA GCC GGC GCC TTC GGT ATC GGG TAC CAG ACT GGT CTG GCG GAA GAA GCT GAT AAA GGG AAG CTA GGT TGG CAT GAC CAG AAA GAA AGG TCC TGG AGA AGA CGT TTA AAA TAC ATT CAA CTT TTC TGG GAT CAT TGG GCA AGA GTC AAC CTA CAA ATG TAT TAT AAG CAC GAG AAT TGG TCT CTA GTC GGT ACA AAG 
Cgla                            GTA GCC TGT TCA CTG AAG TGT CCA ACT GTA TTA GCC ATC TTC ACA GCT CAG CTA TTA TGG AAC CCT TGG GAA TTT TTG TAC AAC CAA AAC TGG CAA ACA ACC CTG ACC CGC AGC GAA ATC AAT GGC AAA CTG ACC AGA AAG AAG TGG GCT CAG GAG AAA AGG TAC ATT CAC CAA TGG GAT GGT GAA AAT CAC TAC AGA TTC GCT AAC GCT GAA CAA GAA AGT TTC GAT ATC CTG AAG AAG ACG TAT GAT TCA TGG GGT AGA TTC CAA GCT ATC GAA GAG ATC GCC GAG GGC ACT ATT AGA GAG TTA AAC TGG ACT AAG TGG TTC TCT TTG AAG CTG GAT CGC CAA CTG AAG GAA CTT TCC GGT TTG ATT CAA AGG CAC AGA AAG TAC AAT AAT ATC TTT AGT GAA TCT AGG TAC ATT ATT AAC GAT AGA ACT TCG ACA TCT GAT CAC GAC ATC GCT TTG ACC GTA GAA AAG CAC TGT CTA AAG GTA ATG AAT TAT CAA GAA CCT TTC GCC ATC TGG AGA AGG TTG CAC CTA ATC ATC GGT GAT GAA GAA GAA GTG ACT CCT AAC AAC TAT TAC GCT GAA GTC CCC GAA GAA ACA GAA TGG GAA CTG CAA ATG AAG CGC TCC AAG ATG CAA CTG TCT GAT TTC AAT AAA AGT GCT CAG TCA AAG ATC GAT CCA TTA AAG CTA CAG GGT GAG TCA AGA GAT GAT TTA ATT ACA ATC ATC GCT AGA CAA GAG ACT ATC GGT CGC CTG TTG GAG CAG GAC AAA AAT GAA GCA GAT TGG GAA AAG TTG AAA AAT ACC CTA GGT TCT CAA CAA ATC AAC TCG ATT CTA GTA TGT TCA TGG TGG ATG ATC CTG GGT TAT GAA CAA AAC AGG TAT AGA GGT CTA CTA ATT GAG GAA GCA CCA TCC CTT ACC CTG AAG AGA GAT GGT CGC TTG TAT AAG GGT TCT GAA GGT AAC GAG TCT AAC GAA GTT GCC TAT TAC TGT GGT TTG GAT GAA GCT GGC GCA TTT GGT ATC GGT TAC ACT ACT GGT CTG GCT GAG GAA GCA GAT AAA GGT ACC TTG GGC TGG CAT TCG CAA AAA CTA AAA TCG TGG AGA AAA CGC CTT AAA TAC ATC TTA TTG TTC TGG GAC CAC TGG GCA AGA GTT AAT TTG CAA ATG TAC TAT AAA TAC CAG AAC TGG TCC ATA GTA GGT GAC ACC 
Agos                            GTA GCG TGT GAT CCA AAG TGT GAA ACG GTA TTG GCT ATC TTC ACA GCC TTG TTG TTG TGG AAT CCG TGG GAA TTC TTG TAC AAC CAG AAC TGG CAG ACT ACG CTA ACG CGC ACA GAG ATT AAT GGT AAG CTA ACG CGT AAG AAA TGG GCT CAA GAG AAG CGC CAC GTC TAC CAG TGG AGC GGT AAT AAC CAT TAT AGA TTT GCC AAC GCT AAT AAG GAG AGC TAC GAT ATC TTG AAG AAA ACC TAC GAT AAC TGG GCC AGG TTT CAG GCC ATT GAG GAA ATT GCC GAG GGT ACT ATC AGA GAA TTG AAT TGG ACG AAG TGG TAC GCA CTA AAG CTT GAC CGT CAG TTG AAA GAA CTT TCG GGT TTG ATC CAA CGA CAC CGC AAA TAC AAC AAT ATT TTC AGC GAG TCT CGC TAT ATC ATC AAC GAC AGG ACT GAC ACG AGC GAT CAC GAC ATC GCA TTG ACA ACC ACG AAA TAC TGT TTG AAG ACA ATG AAT TAC CTG AAG CCC TTC GCG ACG TGG CGT CGG CTA CAC CAG ATC ATC GGT GAG ACG GAG GAG GTC ACC CCC AAC AAT TAT TAC GCT GAG GTG GCA GAA GAA ACT GAG TGG GAG TTG CAG ATG AAG CGT TCA AAA ATG CTG CTT TCA GAT TTT AAT AAA AGC GCA CAG AAC AAG ATC AAC GAA CTT AAG CTA CAG GGG GAA GCG AGG GAT GAT CTG ATC ACC ATC ATC ACG CGC CAG GAG ACG ATT GGG CGT CTC TTG GAA CAG GAT AAG AAT GAA GCA GAT TGG GAA AAG CTA CGC TCC ACA TTG GGC TCT CAA CAG ATT ACC TCC ATC GGG GTT TGT AAC TGG TGG ATG ATC CTA GGC TAT ACG CAG AAC CGA TAC AGA GGT GCA CTA ATC GAG GAG GCA CCA TCG TTG ACG CCA AAG CGC GAT GGG CGT CTA TAC AAG AGT TCA GAA GGG AAC GAA TCT AAC GAA ATC GCC TAC TAC TGC GGT CTC GAC GAA GCA GGA GCT TTC GGG ATC AGT TAC AAA ACG GGT CTC ACG GAG GAG GCA GAT AAA AGT AAG CTC GGT TGG CAC GAC CAG AAA GGG CGC TCG TGG CGC CGC CGC TTG AAG TAC ATT CTT TTA TTC TGG GAT CAC TGG GCA CGT GTG AAC TTG CAA ATG TAC TAT AAA CAC TTG AAT TGG TCG CTT GTT GGT ACA AAG 
Klac                            GTT GCT TGT GAC TCA AAA TGT GAA ACA GTT CTT GCT ATT TTC ACG GCA TTA TTA CTT TGG AAT CCT TGG GAA TTC TTG TAC AAC CAA AAC TGG CAA ACA ACT TTA ACT CGT AAT GAA ATC AAC GGT AAG CTA ACT CGT AAG AAG TGG GCT CAA GAG AAG CGT CAT ATT CAT CAA TGG AAC GGT GAA AAC CAT TAC CGT TTT GCA AAT GCT GAA CAA GAA AGC TTT GAT ATT TTG AAA AAG ACC TAT GAT AAC TGG GGG AGA TTC CAA GCA ATC GAA GAA ATC GCT GAA GGT ACT ATT AGA GAA CTT AAT TGG ACA AAG TGG TTT TCT CTC AAG CTG GAT AAG CAA TTA AAG GAA CTC TCC GGT TTG ATC CAA CGT CAC AGA AAA TAT AAC AAC ATT TTC AGT GAA TCA CGT TAT ATC ATC AAC GAC AGA ACT GAC ACT TCT GAC CAC GAC ATC GCC TTA ACT CTT CAA AAA CAT TGC TTA AAG AAA ATG AAC TAT TTG AAA CCA TTC GCT ACA TGG CGT AGA CTG CAC ATC ATC ATC GGT AAT CAA GAA GAA GTT ACG CCA AAC AAC TAT TAT GCT GAA GTG GCC GAG GAA ACA GAA TGG GAA TTA CAA ATG AAA AAG TCG AAA ATG TTG CTG TCA GAT TTC AAC AAG AGT GCC CAA AAC AGA ATC AAC GAA TTG AAG TTG CAA GGA GAA TCT AGA GAC GAC CTT ATA ACT ATC ATC AAC CGA CAA GAG ACA ATA GGT AAG CTA TTA GAA CAA GAC AAG AAC GAA GCA GAT TGG GAA AAA CTC AAA GCA ACT TTA GGA TCT CAA CAA ATT TCA TCC ATC AAT GTT TGT AAC TGG TGG ATG ATT TTA GGT TAT ACT CAA AAC CGT TAT CGT GGT ACT TTG ATC GAA GAA GCT CCA TCC CTA ACT TCA AAG CGA GAT GGA AAG CTG TAT AAG GGT TCA GAG GGA AAC GAA TCT AAC GAG TTA GCT TAT TAT TGC GGT TTA GAC GAA GCA GGT GCA TTC GGT ATC GGT TAC AAA ACT GGT CTA AAC GAG GAA GCT GAT AAA GGT AAG TTA GGT TGG CAT GAC CAA AAA AAT CGG TCC TGG AGA AAA CGT CTA AAG TAC ATC TTG CTT TTC TGG GAC CAT TGG GCT AGA GTT AAC TTA CAA ATG TAT TAT AAG CAT TTA AAT TGG TCC CTC GTT GGT GAG AAG 
Calb                            GTG GCT GTG AAT ATC AAA GTG GAA TCA GTG TTA GCT ATT TTT ACT GCT GTT CTT TTA TGG TTT CCA GAC GAT TTT TTA TAC AAC CAG AAT TGG CAA CCT AAA TTA AAA CGT AAA GAA ATT AAC GGT GCC TTA AAA CGT AAA AAG TGG GCC CAA GAA AAA CGT TAT ATT AGC AGT TGG ACA GGT GAA AAT CAT TAT CGA TTC GCT AAC GCC GAA TCA GAA TCC TTT GAT ATT TTA AAA AAA CAA TAT GAT TGT TGG GGT CGT TTC AGT GCT ATT GAA GAA ATT GTA GAA GGT ACT ATT AGA GAA TTA TTT TGG TCA AAG TGG TTT TCT TTG AAA TTG GAT AAA CAG TTG AAA GAA TTG TCT GGT TTA ATG CAA AGA CAT CGA AAA TAT AAT AAT GTT TTT TCC GAA AGT CGT TAT ATG ATG AAC GAT CGT ACT ACG ACA GGT GAT CAT GAC ATC GCC TTA ACA GTT AAG AAA AGC TGT CTT AAG CAA ATG AAC TAT CAG AAG CCA TTT GCT GTT TGG CGT AGA AAG CAT TTT ATC ATC GGT CAG AAG GAA GAA CTT ACT CCA AAC AAC GAA TAT GCC GAA GTC CAA GAA GCT CCT GAA TGG GAA TTG AGT ATG AAA AAA AGT AAA ATG CAG TTG TCA GAT TTC AAT AAA TCC GCC CAA TGT AGA ATC TCA GAA GCA AAA TTA CAA GGC GAA ACT CGT GAT GAT TTA GAG AAT ATC ATC GGG AAA CAG GAA TCA ATA GGT AAA TTA CTT CAA CAA GAT AAA AAC GAA TCT GAT GAC GAT AAA TTG AAG TCA ACA CTT GGT TCA CAA CAA GTT GAC CAA ATT ACG GTA GTG TGT GAC TGG ATG ATT TTA TCA GAA ACA CAA AAC AGA TAC CGA GGT ACT TTA ATG GAA GAA ATG CCT TCT TTA AAA ATC AAG AAA GAT GGC AAA AAG TTC AAG GGG TCA CAA GGG AAT GAA TCA AAC CAA ACC GTA TTC TAT TGT GGT TTG GAT GAT GCT GGA GCT TTT GGT ATC GGG TAC ACA ACA GGT TTA GGG GAA GAA GCA GAT GAC GGG GAA TTG GGT TGG CAT ACG CAG GAC ACG TCA TCA TGG CGA AAG CGT TTA GCC TAC ATT GCA ATT TTT TGG GAT CAC GAC ATG AAA GTT AAC TTA CAA ATG TAT GAA AAA TAT GTT TTT TGG TCT AGA GTA GGT AAA GAA 



Printing out site pattern counts


         9        669  P

Scer                            AAA AAA AAA AAA AAA AAA AAA AAA AAA AAA AAA AAA AAA AAC AAC AAC AAC AAC AAC AAC AAC AAG AAG AAG AAG AAG AAG AAG AAG AAT AAT AAT AAT AAT AAT AAT ACA ACA ACA ACC ACC ACC ACC ACT ACT ACT ACT AGA AGA AGA AGA AGA AGA AGC AGG AGG AGG AGT AGT ATA ATA ATC ATC ATC ATC ATC ATC ATG ATG ATT ATT ATT ATT ATT ATT CAA CAA CAA CAA CAA CAA CAA CAC CAC CAC CAG CAG CAT CAT CAT CAT CCA CCA CCA CCA CCG CGC CGT CGT CGT CTA CTA CTA CTC CTG CTG CTG CTT CTT CTT CTT GAA GAA GAA GAA GAA GAA GAA GAA GAA GAA GAA GAA GAA GAC GAC GAC GAG GAG GAG GAG GAG GAT GAT GAT GAT GAT GAT GAT GAT GAT GCA GCA GCA GCC GCC GCG GCG GCT GCT GCT GCT GCT GCT GCT GCT GGA GGA GGC GGC GGG GGG GGG GGG GGT GGT GGT GGT GGT GTC GTC GTC GTC GTG GTT TAC TAC TAC TAT TAT TAT TAT TAT TAT TCA TCA TCC TCC TCC TCC TCG TCT TCT TCT TCT TGC TGG TGG TGT TTA TTA TTA TTA TTA TTA TTA TTA TTA TTA TTC TTC TTG TTG TTG TTG TTG TTG TTG TTG TTT TTT TTT TTT 
Sbay                            ... ... ... ... ... ... ... ... ... ..G ..G ..G .TT ... ... ... ... ..T ..T C.A TTA ..A ..A ..A ... ... ... .CT C.A ..C ..C ..C ... ... ... .G. ..C G.G TGG ..A ..G ..T ..T ... ... ... GG. ... ... ... ..G ..G GCT ..T ..A ... G.T ... GAA ... ... ... ... ... ..T ..T G.T ... ... .G. ..C ..C ... ... GAG ... ... ... ... ... ..G G.G ... ..T GC. GTT TTA ..C ... ... ... ... ... ... ... ..A ... .CA ... ... ... ... T.. ..A ..A ... TCA ..C ..C ... ... A.C ACC ... ... ... ... ... ... ... ... ... ..G ..T ... ..T ..T A.. A.. CGT ..A ..A C.A ..C ..C ... ... ... ... ... ... CGT CT. ..T ..T ..T A.T ... ..C ..C ... ... ... ... ... ... ..G ..T ..T ..T AAC A.A ..A ... ACC ..A ... ... ... ... ... ... ..T ... ... ... ... ..T ..C ..C ... ... ... ... ..C ..T GAT ..G ..G ..T ..A ..A ..C ..C ..G GTT ... ... ... CAG C.. C.. C.G .C. ... ... ..G ..G ..G A.T ... A.T CGT ..A ..A ..A ... ... ... GAA ..C ... ... 
Smik                            ... ... ... ... ... ... ... ... ..G ... ..G ..G .TT ... ... ..T ..T ... ..T C.A TTA ... ... .GA ..A ... ... .CT C.A ... ... ... ... ... ... ... ..T G.. TGG ... ..G ..A ... ..C ... ... GG. ... ... ... ... ... GCT ..T ..A ... G.T ... GAA ... ... ... ..T ..T ... ..T G.T ... ... .G. ... ... ... ... GAC ... ... ... ... ... ... G.G ... ... GCG GTT .TC ..C ... ... ... ... ... ..G ..T ..T ..T .C. ... ... ... ... T.. T.A ... ... TCC ..C ... ... ... A.C ACT ... ... ... ... ... ... ... ... ... ... ..T ... ... ..T A.. A.. CGT ..A ... C.A ..C ... ..C ... ... ... ... ... CGT TT. ..G ..A ..T A.T ... ... ... ..C ..C ... ... ... ... ... ... ... ..T AAC ... ..T ... AC. ..A ..C ... ... ... ... ..T ..T ... ... ... ... ..T ..C ... ..C ..C ... ... ... ..T GAT ..A ... ... ..A ... ..C ... ..A GTT ... ... ... GCG ... ... C.. ... ... ... C.. ... ..G A.T ..T A.C CGT ..A ..A ... C.A ... ... GAA ... ... ... 
Spar                            ... ... ... ... ... ... ... ... ... ..G ... ..G ... ... ... ..T ..T ... ... ... ... ... ... .G. ... ... ... ... ..A ... ... ... ... ... ... ... ... ..G ..G ... ... ..T ..T ..C ... ... ... ... ... ... ... ..G ... ..T ..A ... ..A ... ... ... ... ... ... ... ... ..T G.. ... ... ... ... ... ... ... ... ... ... ... ... ..G ... ... ... ... ... ... ... ... ..C ... ... ... ... ... ... ..T ..T ... ... ... ... T.. ... ... ... ... ... ... ... ... T.G ..G ... ... ... ... ... ... ... ... ... ..G ... ... ... ... ... ... ... ... ..A ... ... ... ..C ..C ... ... ... ... ... ... ... ..T .G. ... ..C ... ... ... ..C ... ... ... ... ... ... ... ... ..T ... ... ... ... ... ... ... ... ... ... ..T ... ... ..T ... ... ... ... ... ... ..C ... ... ... ... ..C ... ..A ... ... ..A ... ... ... ... ... ... ... ... C.. ... ... ... .C. ... ..G C.. ..G ..G ... ..T ... ... ... ... C.. ..A ... ... ... ... ... ... 
Ncas                            ... ... ..G ..G ..G .G. .G. C.G ..G TTG ... ..G ..G ... ... ... ..T ..T ... ... ... ... ... ... ... ... ... ... ..A ..C ... ... ..C ... ... ... ... ..T ... ... ... ..T ..A ..A ... ... ..C ... ... ... ... ... ... TCG .A. ..A ..A ... ... ..C ..C .GG ... ..T ... ..A C.A ... T.A ... ... ... ..C ... ..A ... ... ... ... ..G ... ... ... ... T.T ..A A.T ... ... ... ... ... ..T ... G.T ..C ..T ... ... ... ..G T.. T.. ..T T.A A.T T.A ..G ..A .AA ..A ... ... A.G ... ... ... ... ... ..G ..T ... ... ..G ..T ..T ..T ..A ... ... ..A ..A ... ... ... ... ..C ... ... ... TC. ..C ..C ..T ..A ... ..A ..C ..C T.C ... ... ..C ..C ..C ..G ..C ..T ..T ..T ... TC. ... ..C ... .A. ... ... ... .CT ... ... ..T ..T ..C ... ... ..T ..C ... ... ..C ... ... ..G ..T ... .GT .G. ..T ..C ..C ... ..A ..A ..T ... ... ... AC. C.. C.G C.. CA. ... C.. ..G GAG ..G ... ... ..A ... A.A ... ..A ..A G.. ... ... ..C ..C ... 
Cgla                            ... ..G ..G ..G GT. .G. G.. .CT ..G G.. ..G ..G ..G ... ... ..T ... ... ..T ... ..T ..A ... G.A ..A ... ... .CC ..A ... ..C ..C ... ..C ... .GC ... ..T ... ..A ... ... ..T ..A ..G ... ... ... ... ... ..G C.C .A. TCA .A. ... ..A ... ... ..T ..T .AA ... ... ... ... G.T ... G.A ..C ..C ... ..C ..C ... ... ... ..G ..G ... ... ... ... T.. T.T ..A G.T ... ..C ..C ..C ..T ..T ... ..C ..T ... A.A A.A A.G ..G ..G T.G T.G ... T.. A.. T.A T.G T.A A.A ... ... CC. ... ... ... ..G ..G ..G ..T ..G ... ... ..T ..T ..T ... ..A ..A ... CTA ... ... ..C ... TCG ..C ... ... TCA ... ..T ..T ..A ..A ..T ..C ... T.. ..A ..C ..C ..C ... ... ..T ..T ..T ... ..T CAA ..T ..C ... .AG ... ... ... .AA ..T ..G ..A ..C ..A ... ..T ... ..C ... ... ... ..C ..C ..T ..C ..G .GT ..A ..T ... ... ..C ... ..C ..T ... ... ... GAC ..G ..G C.G C.. ..G ..G C.G CAG C.G ... ... C.T C.T A.T C.A ..A C.A C.A C.. ..C ... ..C ..C 
Agos                            ... ... ... ..G .C. CGT ..G ... ..G ..T ... ..G ..G ... .C. ... ..T ..T ..T ... ..T ... ... .C. ..A ..A ... ... ... ..C ..C ..C ... ..C TCC .CA ..C ..G ..T ..A ..A ..G ..G ..G ..C ... ..C ... C.C C.C C.G C.T C.C GCG .A. C.A ... ..C ..C ..C ..C CG. .CG ... ... ... ... ... .CC ... ... ..C ..C ... G.C A.G ... ... ..G ..G ... ..G ..T ... T.T ... A.C ..C T.C ..C ..C ..G ..C ... G.. ..C ... A.A ... ..C ..C .C. T.G T.A ..A ..A A.. ..G ..C ... ... ..G ..G ... ... ... ..G ... ..G ..G ..T ... ... ..G ..G ..T ..T ... ..A ..A ..A .G. ..C AGC ... ..C ..C ..C ... ... ... ... ..C ..C ..A ..T ..A ... ... AGC ..A ..G ..C ... ..A A.G ..G ..G ..G ..T A.T CT. ..C ..A ..C .AA ... .CC ... ACG ..G ... ..A ... ... ... ... ... ... ..C ... ..C ..C ... ..T ..G ... .GT AA. ..T ... G.A ..G ..A ..A ..T ... ... ..C AC. ..G C.. C.T GC. ..G ..G C.. ..G ..G ... ... ... C.T A.C ... ... C.A CA. ... ... ..C ... .AC 
Klac                            ... ..G ... ..G ... .G. ... ... ..G G.. ... ... ... ... TCA ... ..T ... ... ... ... ... ... C.A ... ... ... ... ... ..C ..C ... ..C ..C GCA ... ..T ..T ... ..G ..T ..T ..A ... ..C ... ..G C.T ... C.. ... .AG .A. TCT ..A C.T ..A ... ..C ..C ..T CGG .CA ..T ..T ... T.A ... C.T ..A ..C ..A ..C ... ... ... ... ... ... ... ... ... ..T ..T T.T ..A A.C ... ... ..C ... ..T ... ... G.C ..A ..T A.A ... ... ... TC. T.. ..T T.A ... A.. ... T.A T.G ..C ... ... ... ... ..G ... ... ... ..G ..T ... ... ... A.T ..T ..T ... ... ..A ..A A.T ..C A.C ..C ... ..C ..C ..C ... ..C ... ... ... ..T ..A ..C ..T ... T.. ... ... ... ... ..A AAC ... ... ..T ..T ..T TT. ..A ..T ... .AA ... ..G ... ACT ..T ..T ..T ... ... ... ..T ..T ... ... ... ... ... ..C ... ..C ... .GT AA. ..T ..C ... ..C ..A ..G ... ... ... ..C GAG ..G C.C C.G ACT ..G ... C.. ... ..G ... ... C.A C.C A.C ..A C.T ... A.C ..A ... ..C ..C ... 
Calb                            G.C ... ... ... C.. ... ..G .C. ... G.. ... ... ... ... G.. ..T TTT ... ... ... ... ..A ..A ... ..A ... ... G.A GCC ..C ..C ..C ... ... TCA ..A .AT ... C.T ..T ..A .AA T.A ..A CAA ... ... C.. C.. .A. ... .A. .AG .CT ..A ..A C.T TCC TCC ..T ..T TCA G.T ..T ..T ... .C. ... G.T ..A ... GAG ..C G.. ... TC. ... ... ... ..G ... AGT ..T T.T G.A ..A TCA ... AGC ... ..C ... ... ..T .A. ..A ..T A.A ... ... T.. A.C ..T A.T T.A AA. A.. T.A T.G GCA AGA ... ... ... ..T ... ... ... ... ... ..T ... ... ... C.G ..T ..T ..A C.A .CT C.A AC. ... ACA ... ... ACG ..C ... ... A.. T.T ..T ..T ATG ..T ..C ..T ..C .G. ..A ... .TA ... ... .GG ..C ..G ..T ..T ... CA. ..T ..A TCA .AA ... ... ... ACA ..T C.T ..G ..C ..A ... ... ..T ... .TC G.A ... ... ... AGT ..T CAA GTG .GT ..A ..A ... ... ..A AG. ..T GAC ... ... AA. ... ..G ..G ACT ... ... ... G.T ... ..T ..T ..A ... A.. C.T ..A ..A ..T ... ..C ... ..C ... 

    2    2    2    1    1    1    1    1    1    2    1    3    1    1    1
    2    3    1    1    3    2    2    1    2    2    1    4    2    2    1
    1    1    2    2    1    1    1    1    2    1    2    4    3    1    1
    2    1    2    2    2    1    4    2    1    1    2    3    2    1    1
    1    1    1    1    2    1    1    2    1    1    4    1    6    2    1
    1    2    1    3    4    1    3    1    2    1    3    1    1    2    3
    1    1    1    1    1    1    2    1    2    2    2    2    1    1    2
    2    3    1    2    2    1    2    2    2    3    1    6    2    2    1
    1    1    2    1    1    2    1    2    2    1    1    2    2    1    2
    1    2    1    3    2    1    1    2    1    2    1    2    1    3    1
    1    1    2    1    1    2    2    1    2    3    3    2    1    1    1
    1    3    1    4    1    1    1    2    1    2    3    1    2    1    2
    2    2    2    1    1    2    1    3    3    2    1    1    1    2    1
    1    4   14    1    1    1    2    2    1    1    2    1    2    1    2
    1    2    1    4    3    3    2    1    2    1    3    2    2

CODONML (in paml version 4.9j, February 2020)  temp.nuc
Model: One dN/dS ratio, 
Codon frequency model: Fequal
ns =   9  ls = 393

Codon usage in sequences
--------------------------------------------------------------------------------------------------------------------------------------
Phe TTT   8   4   8   9   3   3 | Ser TCT   5   4   5   5   6   7 | Tyr TAT  10   9   7   8  10   8 | Cys TGT   1   1   1   1   5   5
    TTC   3   4   0   2   8   8 |     TCC   9   4   9   8   4   4 |     TAC   6   7   9   8   7  11 |     TGC   1   0   0   1   3   0
Leu TTA  14  17  22  10  17   6 |     TCA   3   6   6   6   3   5 | *** TAA   0   0   0   0   0   0 | *** TGA   0   0   0   0   0   0
    TTG  18   9   7  19  10  12 |     TCG   1   7   0   0   4   4 |     TAG   0   0   0   0   0   0 | Trp TGG  18  20  20  18  18  18
--------------------------------------------------------------------------------------------------------------------------------------
Leu CTT   6   3   5   5   1   3 | Pro CCT   0   0   3   1   1   3 | His CAT   7   8   6   5   7   1 | Arg CGT   5   7   9   7   7   0
    CTC   1   3   2   1   0   0 |     CCC   0   0   0   0   1   1 |     CAC   4   2   4   6   3   7 |     CGC   2   2   0   0   0   6
    CTA   5  12   9   5   9   9 |     CCA   4   6   2   4   2   3 | Gln CAA  15  18  19  11  17  16 |     CGA   0   0   0   0   0   0
    CTG   7   4   4  10   5  12 |     CCG   1   0   1   0   0   0 |     CAG   4   2   0   8   5   6 |     CGG   0   0   0   0   0   0
--------------------------------------------------------------------------------------------------------------------------------------
Ile ATT  15  16  19  16  11   8 | Thr ACT   5  15  11  11   8   8 | Asn AAT   9   7  15  14  11   9 | Ser AGT   3   5   4   4   3   3
    ATC   7   8   5   5  11  18 |     ACC  10   4   5   4   4   8 |     AAC  14  15   8   9  13  13 |     AGC   1   0   0   0   0   1
    ATA   2   2   2   2   6   1 |     ACA   4   1   4   1   8   5 | Lys AAA  19  17  15  16   7  11 | Arg AGA  13   9  14  13  20  13
Met ATG   3   3   3   3   2   5 |     ACG   0   2   2   3   0   1 |     AAG  16  17  17  17  26  18 |     AGG   6   7   2   8   1   5
--------------------------------------------------------------------------------------------------------------------------------------
Val GTT   2   9  10   4   3   2 | Ala GCT  12  14  13  12   5  11 | Asp GAT  15  15  14  12  18  15 | Gly GGT  10  18  13  13  15  18
    GTC   5   3   2   5   4   1 |     GCC   3   5   2   4  12   5 |     GAC   4   4   6   7   2   4 |     GGC   5   0   5   4   3   4
    GTA   0   0   0   0   0   6 |     GCA   4   0   3   3   4   5 | Glu GAA  26  24  24  24  26  26 |     GGA   3   2   4   3   0   0
    GTG   1   1   1   0   1   1 |     GCG   3   2   4   1   2   0 |     GAG   8   6   5  10   7  10 |     GGG   7   3   3   7   4   0
--------------------------------------------------------------------------------------------------------------------------------------

--------------------------------------------------------------------------------------
Phe TTT   3   3  12 | Ser TCT   3   5   5 | Tyr TAT   5  13  10 | Cys TGT   4   3   5
    TTC   6   8   5 |     TCC   2   5   3 |     TAC  16   4   4 |     TGC   1   2   0
Leu TTA   1  15  18 |     TCA   3   6  13 | *** TAA   0   0   0 | *** TGA   0   0   0
    TTG  18   9   9 |     TCG   4   1   0 |     TAG   0   0   0 | Trp TGG  18  18  14
--------------------------------------------------------------------------------------
Leu CTT   6   6   5 | Pro CCT   0   1   3 | His CAT   1   7   5 | Arg CGT   7  10   9
    CTC   4   4   0 |     CCC   2   0   0 |     CAC   7   3   1 |     CGC  11   0   0
    CTA   9   5   0 |     CCA   3   3   3 | Gln CAA   4  20  17 |     CGA   2   2   4
    CTG   3   4   0 |     CCG   1   0   0 |     CAG  14   0   7 |     CGG   1   1   0
--------------------------------------------------------------------------------------
Ile ATT   7   7  11 | Thr ACT   4  13   6 | Asn AAT  11   8   8 | Ser AGT   3   2   5
    ATC  18  17   9 |     ACC   5   1   1 |     AAC  15  23  11 |     AGC   5   1   2
    ATA   0   2   1 |     ACA   6   6   7 | Lys AAA  11  14  29 | Arg AGA   3   9   6
Met ATG   5   5  11 |     ACG  15   2   4 |     AAG  20  22  12 |     AGG   3   0   0
--------------------------------------------------------------------------------------
Val GTT   2   6   7 | Ala GCT   5  11   9 | Asp GAT  12   7  17 | Gly GGT  10  17  15
    GTC   2   0   1 |     GCC   6   3   7 |     GAC   6  11   8 |     GGC   2   0   2
    GTA   2   0   4 |     GCA  10   7   3 | Glu GAA  16  28  32 |     GGA   1   4   1
    GTG   2   1   5 |     GCG   3   0   0 |     GAG  17   7   1 |     GGG   7   1   6
--------------------------------------------------------------------------------------

Codon position x base (3x4) table for each sequence.

#1: Scer           
position  1:    T:0.24682    C:0.15522    A:0.32316    G:0.27481
position  2:    T:0.24682    C:0.16285    A:0.39949    G:0.19084
position  3:    T:0.28753    C:0.19084    A:0.28499    G:0.23664
Average         T:0.26039    C:0.16964    A:0.33588    G:0.23410

#2: Sbay           
position  1:    T:0.23410    C:0.17048    A:0.32570    G:0.26972
position  2:    T:0.24936    C:0.17812    A:0.38422    G:0.18830
position  3:    T:0.34351    C:0.15522    A:0.29008    G:0.21120
Average         T:0.27566    C:0.16794    A:0.33333    G:0.22307

#3: Smik           
position  1:    T:0.23919    C:0.16285    A:0.32061    G:0.27735
position  2:    T:0.25191    C:0.17812    A:0.37913    G:0.19084
position  3:    T:0.36387    C:0.14504    A:0.31552    G:0.17557
Average         T:0.28499    C:0.16200    A:0.33842    G:0.21459

#4: Spar           
position  1:    T:0.24173    C:0.16031    A:0.32061    G:0.27735
position  2:    T:0.24427    C:0.16031    A:0.39440    G:0.20102
position  3:    T:0.32316    C:0.16285    A:0.24936    G:0.26463
Average         T:0.26972    C:0.16115    A:0.32146    G:0.24767

#5: Ncas           
position  1:    T:0.24936    C:0.14758    A:0.33333    G:0.26972
position  2:    T:0.23155    C:0.16285    A:0.40458    G:0.20102
position  3:    T:0.29008    C:0.19084    A:0.30280    G:0.21628
Average         T:0.25700    C:0.16709    A:0.34690    G:0.22901

#6: Cgla           
position  1:    T:0.23155    C:0.17048    A:0.32316    G:0.27481
position  2:    T:0.24173    C:0.17812    A:0.39440    G:0.18575
position  3:    T:0.26463    C:0.23155    A:0.26972    G:0.23410
Average         T:0.24597    C:0.19338    A:0.32909    G:0.23155

#7: Agos           
position  1:    T:0.21374    C:0.19084    A:0.33333    G:0.26209
position  2:    T:0.22392    C:0.18321    A:0.39440    G:0.19847
position  3:    T:0.21120    C:0.27481    A:0.18066    G:0.33333
Average         T:0.21628    C:0.21628    A:0.30280    G:0.26463

#8: Klac           
position  1:    T:0.23410    C:0.16794    A:0.33588    G:0.26209
position  2:    T:0.23410    C:0.16285    A:0.42494    G:0.17812
position  3:    T:0.30280    C:0.20865    A:0.30789    G:0.18066
Average         T:0.25700    C:0.17981    A:0.35623    G:0.20696

#9: Calb           
position  1:    T:0.24936    C:0.13740    A:0.31298    G:0.30025
position  2:    T:0.24936    C:0.16285    A:0.41221    G:0.17557
position  3:    T:0.33588    C:0.13740    A:0.35115    G:0.17557
Average         T:0.27820    C:0.14589    A:0.35878    G:0.21713

Sums of codon usage counts
------------------------------------------------------------------------------
Phe F TTT      53 | Ser S TCT      45 | Tyr Y TAT      80 | Cys C TGT      26
      TTC      44 |       TCC      48 |       TAC      72 |       TGC       8
Leu L TTA     120 |       TCA      51 | *** * TAA       0 | *** * TGA       0
      TTG     111 |       TCG      21 |       TAG       0 | Trp W TGG     162
------------------------------------------------------------------------------
Leu L CTT      40 | Pro P CCT      12 | His H CAT      47 | Arg R CGT      61
      CTC      15 |       CCC       4 |       CAC      37 |       CGC      21
      CTA      63 |       CCA      30 | Gln Q CAA     137 |       CGA       8
      CTG      49 |       CCG       3 |       CAG      46 |       CGG       2
------------------------------------------------------------------------------
Ile I ATT     110 | Thr T ACT      81 | Asn N AAT      92 | Ser S AGT      32
      ATC      98 |       ACC      42 |       AAC     121 |       AGC      10
      ATA      18 |       ACA      42 | Lys K AAA     139 | Arg R AGA     100
Met M ATG      40 |       ACG      29 |       AAG     165 |       AGG      32
------------------------------------------------------------------------------
Val V GTT      45 | Ala A GCT      92 | Asp D GAT     125 | Gly G GGT     129
      GTC      23 |       GCC      47 |       GAC      52 |       GGC      25
      GTA      12 |       GCA      39 | Glu E GAA     226 |       GGA      18
      GTG      13 |       GCG      15 |       GAG      71 |       GGG      38
------------------------------------------------------------------------------


Codon position x base (3x4) table, overall

position  1:    T:0.23777    C:0.16257    A:0.32542    G:0.27424
position  2:    T:0.24145    C:0.16992    A:0.39864    G:0.18999
position  3:    T:0.30252    C:0.18858    A:0.28357    G:0.22533
Average         T:0.26058    C:0.17369    A:0.33588    G:0.22986

Codon frequencies under model, for use in evolver (TTT TTC TTA TTG ... GGG):
  0.01639344  0.01639344  0.01639344  0.01639344
  0.01639344  0.01639344  0.01639344  0.01639344
  0.01639344  0.01639344  0.00000000  0.00000000
  0.01639344  0.01639344  0.00000000  0.01639344
  0.01639344  0.01639344  0.01639344  0.01639344
  0.01639344  0.01639344  0.01639344  0.01639344
  0.01639344  0.01639344  0.01639344  0.01639344
  0.01639344  0.01639344  0.01639344  0.01639344
  0.01639344  0.01639344  0.01639344  0.01639344
  0.01639344  0.01639344  0.01639344  0.01639344
  0.01639344  0.01639344  0.01639344  0.01639344
  0.01639344  0.01639344  0.01639344  0.01639344
  0.01639344  0.01639344  0.01639344  0.01639344
  0.01639344  0.01639344  0.01639344  0.01639344
  0.01639344  0.01639344  0.01639344  0.01639344
  0.01639344  0.01639344  0.01639344  0.01639344


TREE #  1:  (((((1, 4), (3, 2)), 5), 6), ((7, 8), 9));   MP score: 1193
This is a rooted tree.  Please check!
lnL(ntime: 16  np: 18):  -6657.291470      +0.000000
  10..11   11..12   12..13   13..14   14..1    14..4    13..15   15..3    15..2    12..5    11..6    10..16   16..17   17..7    17..8    16..9  
 0.006770 0.138985 0.594140 0.000004 0.133895 0.155482 1.138243 0.086810 0.440335 0.427747 1.169362 0.114778 0.223297 1.127282 0.529083 3.700781 1.852582 0.053542

Note: Branch length is defined as number of nucleotide substitutions per codon (not per neucleotide site).

tree length =  9.986994

(((((1: 0.133895, 4: 0.155482): 0.000004, (3: 0.086810, 2: 0.440335): 1.138243): 0.594140, 5: 0.427747): 0.138985, 6: 1.169362): 0.006770, ((7: 1.127282, 8: 0.529083): 0.223297, 9: 3.700781): 0.114778);

(((((Scer: 0.133895, Spar: 0.155482): 0.000004, (Smik: 0.086810, Sbay: 0.440335): 1.138243): 0.594140, Ncas: 0.427747): 0.138985, Cgla: 1.169362): 0.006770, ((Agos: 1.127282, Klac: 0.529083): 0.223297, Calb: 3.700781): 0.114778);

Detailed output identifying parameters

kappa (ts/tv) =  1.85258

omega (dN/dS) =  0.05354

dN & dS for each branch

 branch          t       N       S   dN/dS      dN      dS  N*dN  S*dS

  10..11     0.007   853.9   325.1  0.0535  0.0004  0.0072   0.3   2.3
  11..12     0.139   853.9   325.1  0.0535  0.0079  0.1473   6.7  47.9
  12..13     0.594   853.9   325.1  0.0535  0.0337  0.6298  28.8 204.7
  13..14     0.000   853.9   325.1  0.0535  0.0000  0.0000   0.0   0.0
  14..1      0.134   853.9   325.1  0.0535  0.0076  0.1419   6.5  46.1
  14..4      0.155   853.9   325.1  0.0535  0.0088  0.1648   7.5  53.6
  13..15     1.138   853.9   325.1  0.0535  0.0646  1.2065  55.2 392.2
  15..3      0.087   853.9   325.1  0.0535  0.0049  0.0920   4.2  29.9
  15..2      0.440   853.9   325.1  0.0535  0.0250  0.4667  21.3 151.7
  12..5      0.428   853.9   325.1  0.0535  0.0243  0.4534  20.7 147.4
  11..6      1.169   853.9   325.1  0.0535  0.0664  1.2395  56.7 402.9
  10..16     0.115   853.9   325.1  0.0535  0.0065  0.1217   5.6  39.5
  16..17     0.223   853.9   325.1  0.0535  0.0127  0.2367  10.8  76.9
  17..7      1.127   853.9   325.1  0.0535  0.0640  1.1949  54.6 388.4
  17..8      0.529   853.9   325.1  0.0535  0.0300  0.5608  25.6 182.3
  16..9      3.701   853.9   325.1  0.0535  0.2100  3.9226 179.3 1275.1

tree length for dN:       0.5668
tree length for dS:      10.5856


Time used:  0:09
