      9   1176

Scer                            ACA GAA CAA GGT CTA AAT AAA TTC AAG TCC AAG CGT CTA GAA TCT GAA AGT TAT GCT CAC CAA AGA CGT AAT ATT CGT GGT GTT AAG AAG GGT TAC CTG CAA AAG TTA AAG TCT TCC ACT GAA ACA GGT CAA ATT CTC GTT AGA GTC AAG CCC CTA GAA GTA CAA AGG GTC GAA ACG CAA AGA CAA AAT TTA ATC TAC GAT ACC TCT CTA GGA GAA AGA TTC TAC GAA TAC TAC CCA TTG ATT AAC GTT TCT ACG TTG TCT GCT AGG GGG GAA TTT GAT GTT GTT TTA ACT GAT ATG TGG AGA AGA TTG CAT AAG GAT TTC GAT GAT CCG TTG ATG GGT AAA GAA GTA CTT GGT TAC GTT CAA ATG AAG CAG TTG AGC TGG TGG GAA AGA GCT AGA AAG AGA TTT ATA AGA GTT GTT GAG AAG AAC TGG GCT TCC GAA ACA TTG GGA TTG CAA TAC ACA GGT GAG TTT ATG AGA ATG GGA GGT AGG ATT GTC GGT TAC CAC ACA AGC CCT TTT TTG GGT AAA GCA TTG AAT CCA TAC ATT CTA GAA GAA TGT GCT ATG CAG GTC GGT AAT TCT CTG CCG GAT ATG ATT TCT ATA TTG ATC AAG GTC AAC ATT AAA GTC GGT TTC TCA TTG TTG GTC GTT CAA ATC ACG TAC AAA AGA GAT TTG TTT TAC GAC CAA CCG TTT AAC AAA GAT ATT GAA ATT TTT CAC GAT ACT GAT CCC ATC ATC CGT ATT TTG TAC CTA CGT TTC TCC GAA GAA GCT TTC GAT GAA GAA TGT TCT CAT ATG ACT GTT CAA ATT ATG GGA TCT GCC CGT TTC TGC TTG AAG ATT GAT AAG ATT ATT GAG TTC ATA CTA GAA CCG AAA TCA AAG CAC GCT CAC CTA GAA GGT TCT TTA TTC CCC ATT GAA CGT TTG ATA TTC ATT GAT TAT TTC TCT CGT TTA GAA GAA GAA AAC GCA GTG GAA AAA CCA AGA ATG GAA GTC GCC ATG ATG ATG TTG AAT GTT TTG AGA GGG TTA GCT ATT GGT TCA GTC GAA GGG GGG AAT ATT GGG CCT CTA CTA CTG CAC GTT AAG ATG TCT ACC GCA ATG TGG CAA ATG GAA TAC GAA ATG TTG GCT AAA TCT GTT TCA AAG CCA ATG ATC ATC GAT GTC TAC CCA ATG CTC GCT CAT TTG CAA GAA GAA TCT GAT TCT GTT AAA 
Sbay                            ACA GAA CAA GGT ATA AAT AAA TTC AAA TCT AAG CGT TTA GAG TCC GAA TCC TAT GCC CAC CAG AGA CGT AAC ATC CGT GGT GTT AAG AAG GGT TAC TTG CAA AGG TTG AAG TCC TCC ACC GAA ACA GGT CAA ATC CTC GTT AGA GTC AAG CCC TTA GAA GTA CAA AGG ATT GAG ACT CAA AGA CAG AAT TTA ATT TAC GAC ACT TCT TTG TCC GAA AGA TTT TAC GAA TAC TAC CCA TTG ATC AAT GTT TCT ACT TTA TCC GCT AGG GGA GAA TTC GAT GTT GTT TTG ACA GAT ATG TGG AGA AGA TTG CAT AAG GAC TTC GAC GAT CCG CTG ATG GGT AAA GAA GTA CTT GGT TAC GTT CAA ATG AAG CAA TTG AGT TGG TGG GAA AGA GCC AGA AAG AGA TTT ATA AGA GTT GTT GAG AAG AAC TGG GCC TCC GAA ACA TTG TCC ATA CAA TAC ACA GGT GAG TTT ATG AGA ATG GGA GGT AGG ATT ATT GGG TAC CAC ACA AGT CCT TTT TTG GGT AAA GCG CTA AAT CCA TAT ATT CTA GAA GAA TGT GCC ATG CAA GTC GGT AAC TCT CTG CCA GAT ATG ATC TCC GTT ATA ATC AAG GTC AAC ATC AAA GTT GGT TTC TCC ATA CTA GTC GTT CAA ATT ACT TAC AAA AGA GAT TTG TTT TAC GAC CAA CCC TTT AAC AAA GAT ATT GAA ATC TTT CAC GAT ACT GAT CCA ATT ATT CGT ATC ATA TAT TTA CGT TTT TCT GAA GAA GCT TTC GAT GAA GAG TGT TCT CAT ATG ACC GTT CAA ATT ATG TCC TCC GCT CGT TTC TGT TTG AAG ATT GAC AAG ATT ATT GAG TTC GTT TTA GAG CCG AAA TCC AAG CAC GCT CAC TTA GAA GGT TCT TTG TTC CCA ATC GAA CGT TTG ATA TTC ATC GAC TAT TTT TCT CGT CTG GAA GAA GAA AAC GCT GTT GAA AAA CCA AGA ATG GAA GTC GCT ATG ATG ATG CTA AAT GTT TTG AGA GGA CTG GCT ATT GGT TCA GTT GAA GGG GGA AAC ATT GGA CCA TTA TTA TTG CAC GTT AAG ATG TCC ACT GCA ATG TGG CAA ATG GAA TAT GAA ATG TTG GCT AAA TCC GTT TCA AAG CCA ATG ATT ATC GAC ATT TAC CCG ATG CTC GCC CAT TTG CAG GAA GAA TCT GAT TCT GTT AAA 
Smik                            ACG GAA CAA GGT ATA AAT AAA TTC AAA TCA AAA CGT CTT GAA TCC GAA AGT TAT GCC CAT CAA AGG CGT AAT ATT CGT GGT GTT AAG AAG GGT TAC CTG CAA AAA TTA AAA TCC TCC ACT GAA ACG GGT CAA ATT CTC GTT AGA GTC AAA CCC CTT GAA GTG CAA AGA GTC GAA ACA CAA AGA CAA AAT TTA ATT TAC GAT ACC TCT TTG GGT GAA AGA TTC TAC GAG TAC TAT CCA CTG ATC AAT GTT TCT ACA TTA TCC GCT AGA GGG GAA TTT GAT GTT GTT TTG ACC GAT ATG TGG AGA AGA TTG CAT AAA GAT TTT GAC GAT CCA TTA ATG GGT AAA GAA GTG CTT GGT TAC GTT CAA ATG AAG CAA TTG AGC TGG TGG GAA AGA GCA AGA AAA AGA TTC ATA AGA GTT GTT GAG AAG AAT TGG GCC TCC GAA ACG TTG GGT CTA CAA TAC ACG GGT GAA TTT ATG AGA ATG GGA GGT AGA ATT GTC GGC TAT CAC ACG AGT CCT TTT TTG GGT AAA GCA TTG AAT CCA TAT ATT CTA GAG GAA TGT GCA ATG CAA GTC GGT GGT TCT CTA CCA GAT ATG ATC TCT ATA CTA ATC AAG GTT AAT ATT AGA GTT GGT TTT TCC CTA TTG GTC GTT CAA ATT ACA TAC AGA AGA GAT CTG TTT TAT GAC CAA CCT TTT AAC AGA GAT ATT GAG ATT TTT CAC GAT ACT GAT CCA ATC ATT CGT ATC CTA TAT CTT CGT TTC TCA GAA GAA GCT TTT GAT GAA GAA TGT TCT CAT ATG ACT GTT CAA ATT ATG GGT TCC GCC CGT TTC TGT CTA AAA ATT GAT AAA ATT ATT GAG TTT ATA CTT GAA CCA AAG TCC AAG CAC GCT CAT CTT GAA GGT TCT TTA TTT CCA ATA GAG CGT TTA ATA TTC ATA GAT TAT TTC TCT CGT TTA GAA GAG GAA AAC GCA GTT GAA AAA CCA AGA ATG GAA GTT GCC ATG ATG ATG TTA AAT GTT CTG AGA GGG TTA GCT ATT GGT TCG GTT GAA GGT GGG GGT ATT GGG CCA CTA CTT CTG CAC GTT AAA ATG TCT ACC GCA ATG TGG CAA ATG GAG TAT GAA ATG CTG GCT AAG TCT GTT TCG AAG CCA ATG ATC ATT GAT GTC TAT CCC ATG CTC GCC CAT TTG CAA GAA GAA TCT GAT TCT GTT AGA 
Spar                            ACA GAA CAA GGT TTA AAT AAA TTC AAG TCC AAG CGT CTT GAA TCT GAA AGT TAT GCC CAT CAA AGA CGC AAT ATC CGC GGT GTT AAG AAG GGT TAC CTG CAG AAG TTA AAG TCT TCC ACT GAA ACA GGT CAA ATC CTC GTT AGA GTC AAG CCT CTA GAA GTA CAA AGG GTT GAA ACA CAA AGA CAA AAT TTA ATC TAC GAT ACC TCT TTA GGG GAA AGA TTC TAC GAA TAC TAC CCA TTG ATT AAT GTT TCT ACA TTA TCT GCT AGG GGG GAA TTT GAT GTT GTT TTA ACT GAT ATG TGG AGA AGA TTG CAT AAG GAT TTT GAT GAT CCA TTG ATG GGT AAA GAA GTA CTT GGT TAC GTT CAG ATG AAA CAA TTG AGC TGG TGG GAA AGA GCT AGA AAG AGA TTT ATA AGA GTT GTT GAG AAA AAC TGG GCT TCC GAA ACA TTA GGG TTG CAA TAC ACA GGT GAA TTT ATG AGA ATG GGA GGT AGG ATT GTT GGC TAC CAC ACA AGT CCC TTT TTG GGT AAA GCA TTG AAT CCA TAC ATT CTA GAA GAA TGT GCT ATG CAA GTC GGT AAC TCT CTG CCA GAT ATG ATT TCT ATA TTG ATC AAG GTT AAC ATC AAA GTT GGT TTT TCC TTG TTG GTC GTT CAA ATC ACA TAC AAA AGA GAT TTG TTT TAC GAC CAG CCC TTT AAC AAA GAT ATT GAG ATC TTT CAC GAT ACT GAT CCC ATC ATT CGT ATT TTG TAC CTA CGT TTC TCC GAA GAA GCT TTC GAT GAA GAA TGT TCT CAT ATG ACT GTT CAA ATT ATG GGG TCT GCC CGT TTC TGT TTG AAG ATT GAT AAG ATT ATT GAG TTT ATA CTA GAA CCA AAA TCC AAG CAC GCT CAT CTT GAA GGT TCT TTA TTC CCC ATC GAA CGC TTG ATA TTC ATC GAT TAT TTC TCT CGC TTA GAA GAA GAA AAC GCA GTT GAA AAA CCA AGA ATG GAA GTT GCC ATG ATG ATG TTG AAT GTT TTG AGA GGG TTA GCT ATT GGT TCG GTT GAA GGA GGG AAC ATT GGG CCA CTA CTA CTG CAC GTT AAG ATG TCT ACC GCA ATG TGG CAA ATG GAG TAC GAA ATG TTG GCT AAA TCT GTT TCG AAG CCA ATG ATC ATC GAT GTT TAC CCA ATG CTC GCT CAT TTG CAA GAA GAA TCT GAT TCT GTT AAA 
Ncas                            CAG CGT AAT GGT TTG AAC GCA TTT AAA TCT AAA CGT CTT GAA TCT GAA AGT AGT GCA CAT CAA AGA CGT AAT ATA CGT GGT GTA ATT AAA GGT TAC CTG CAA ATA TTA AAA TCC TCT ACT GAA ATT GGG CAA ATA ATG GTA AGA GTC AAA TCT CTA GAA ATA CAA TTC GTT GAA ATC CAA AAT CAA GAT TTA ACC TAC GAT GCA TCA TTG GGT GAA AGA TTT TAT GAA TAC TAT CCT TTT ATT AAT GTT TCA ATC TTA TCC GCA TTC AGC GAA TTC GAG GTT GTT TTG ACA GAT ATG TGG AGA AGA TTA CAT AAA GAT TTC GAT GGA CCT TTG ATG GGG AAG GAA ATA TTA GGT TAT GTT CAA ATG AAA CAA CTT AGT TGG TGG GAA AGA GCT AGA AAG AGA TTT ATC AGA GTT GTT GAA AAA AAT TGG GCA TCC GAA ATT TTA GGT TTA CAA TAC ATT GGG GAA TTC ATG AGA ATG GGA GGT TTC ATT GTT GGT TAT CAT CAG AGT GCC TTT TTG GGT AAG AAT CTG GAT GTG AAG ATC TTA GAA GAA TGT GCT ATG CAA GTT GGT AGT TCC TTG CCC GAC ATG ACA TCA ATC TTA ATC AAA ATC AAT ATA AGG GTT GGG TTC TCC TTA CTT GTC GTT CAA ACC ATC TAC AGG AGA GAT TTG TTC TAT GAC CAA GGG TTT AAT AGG GAG GTT GAG ATA TTC CAT GAT ACC GAG CCA ATT ATT CGT ACA TTA AAG CTA CGT TTT TCT GAA GAA GCC TTT GAT GAA GAG TGT TCC CAT ATG ACT GTA AAT ATT ATG GGT TCT GCT CGT TTT TGT TTG AAG ATA GAT AAG ATA ATC GAA TTC ATC CTA GAG CCT AAA TCC AAA CAT GAT CAT CTT GAA GGT TCT CTT GCT CCA ATA GAA CGT CTT ATC TTT ATA GCT TTC TTT TCC CGT TTG GAA GAA GAA AAT GCT GTC GAA GCA GTG AGA ATG GAA ATC GCT ATG ATG ATG TTA CAA GTA TTT AAT AGC TTG GCC ATC GGT TCT GTT GAA GGG AGC AGT GTT AGC CCA CTA CTA CTG CAT GTT AAG ATG TCA GCA GCT ATG TGG CAA ATG GAG AAG GAA ATG TTG GAT AAA TCA GTT TCT AAA CCT ATG ATT ATA GCT GTT TAT CCC ATG ATG GCA CAT TTA CAA GAA GAA TCC GAT TCT GTT AGG 
Cgla                            AGT GAG AAG GGT TTA CAA AAA TTT CGA TCT AAA CGC GTT GAG TCT GAG AGT GCA GCT CAT CAA AGA AGA AAC ATC AGA GGT GTG AAG AAA GGG TAC GTC CAA AAA TTA AAA TCC TCC TCC GAA ACA GGT CAA ATC CTA GTG AGA GTT AAA CCC TTA GAG GTT CAA AGA GTT GAG TTA CAA AGA CAA AAC TTA ATT TAT GAT ACA TCT TTG GGC GAA AGA TTT TAC GAA TAC TAC CCA TTA ATA AAC GTT TCT TTA TTG TCC GCT AGA GGT GAG TAT GAA GTT GTT TTG ACT GAT ATG TGG AGA AGA TTG CAT AAA GAT TTC GAT GAT CCA CTT ATG GGT AAG GAG GTT CTT GGT TAC GTC CAA ATG AAG CAG TTG AGC TGG TGG GAA AGA GCA AGA AAA AGA TTC ATA AGA GTT GTT GAA AAG AAT TGG GCT TCT GAA ACA TTG GGC CTA CAA TAT ACA GGT GAA TTC ATG AGA ATG GGT GGT AGA ATC GTT GGT TAC CAC AGT AGT CCA TTT TTG GGT AAG GCC CTA AAT CCA TAT ATT CTA GAG GAG TGT GCA ATG CAA GTT GGT AGC TCT CTA CCT GAT ATG ATT TCC ATA CTA ATC AAG GTT AAT ATC AGA GTT GGT TTC TCT CTA TTG GTT GTT CAA ATT TTA TAC AGA AGA GAT TTG TTC TAC GAC CAA CCT TTC AAC AGA GAA ATA GAA ATC TTC CAC GAT ACC GAA CCT ATT ATT CGT ATT CTA TAT TTA CGT TTT TCT GAG GAA GCT TTT GAT GAG GAA TGC TCC CAT ATG TCC GTG AAG ATC ATG GGC TCT GCT CGT TTT TGT CTA AAA ATT GAT AAA ATT ATT GAA TTC ATA TTA GAA CCA AAA TCT AAG CAT GCA CAT GTT GAG GGT TCC TTA TAC CCT ATG GAA AGA CTA ATA TTT ATG GAA TTC TTT TCT AGA TTG GAA GAG GAA AAC GCA GTG GAA AAA CCA AGA ATG GAG GTT GCT ATG ATG ATG CTT AAT GTG TTA AGA GGT TTG GCT ATT GGT TCA GTT GAA GGA GGT AGC ATA GGT CCA CTG TTA GTC CAT GTC AAA ATG TCC ACA GCA ATG TGG CAA ATG GAA TAT GAG ATG TTG GCA AAA TCC GTT TCA AAG CCA ATG ATT ATC GAA GTT TAC CCG ATG CTA GCT CAC CTA CAA GAA GAA TCC GAT TCT GTC AGA 
Agos                            AAG CGG ACT GGT CTA AAG GCT TTT AAG TCC AAG CGG CTC GAG TCA GAG TCC GAA GCA CAT CAG CGG CTG ACT GTG CTG GGT GTG ATG AAG GGA TAC TTG CAG CGT CTG AAA TCC TCC TCC GAG ATT GGA CAG GTG CTC GTG AGA GTT AAG TCT CTT GAG GTA CAC TAC GTT GAG GTG CAG AAT CAG GAC CTG ACT TAT GAT ACA GAG CTC GGT GAG CGT TTC TAC GAG TAC TAC CCG TTT ATT AAT GTT GAG GTG CTA TCC GCC TAC GGG GAG TTC GAA GTC GTC CTG ACT GAC ATG TGG CGC AGA CTG CAT AAG GAT TTC GAC GAA CCA CTA ATG GGA AAG GAA GTA CTC GGT TAC GTC CAG ATG AAG CAG ATG AAC TGG TGG GAG CGT GCG CGG AGC CGG TTT ATT CGG GTC GTT GAG AAG AAC TGG GCG TCT GAG ATT TTG GGT CTC CAG TAC ATT GGA GAG TTC ATG CGG ATG GAA GGT TAC ATC GTT GGT TAC CAC AAG GCG GCT TTC CTG GGT AAG AAC CTA GAT GTC AAG ATC TTG GAG GAG TGT GCG ATG CAA GTG GGT ACC TCT CTT CCT GAT ATG ATC TCC GTC CTC ATC AAG ATT AAC GTG CGC GTT GGA TTC TCT CTC CTG GTT GTC CAG ACT GTG TAC CGC AGA GAC TTA TTC TAC GAC CAG GCA TTT AAC CGC GAA GTC GAG GTG TTC CAC GAC ACC GAA CCC ATT ATT CGT ATC CTC AAG CTT CGT TTC TCC GAA GAG GCG TTT GAT GAA GAG TCG TCT CAT ATG TCC GTG ACT ATC ATG GGT TCA GCG CGT TTT TGC CTG AGC ATC GAT AGC ATC ATC GAG TTC GTC CTT GAG CCA AAG TCT AAG CAT GAT CAT CTC GAG GGT TCC CTG GCA CCC TTG GAG CTG CTG ATT TTC TTG GAG TTC TTC TCT CTG CTG GAG GAG GAG AAC GCA GTG GAA GCT GTC AGA ATG GAG ATT GCG ATG ATG ATG TTG CAA GTG TTT AAT GGG CTG GCC ATC GGT CCC GTT GAA GGG GGG ACC GTC GGG CCC TTA CTT TTG CAT GTC AGC ATG TCC ACA GCG ATG TGG CAG ATG GAG AAG GAG ATG TTA GAT AAG TCC GTC CCC AAG CCA ATG ATT ATC GAG GTT TAC CCG ATG CTC GCG CAT TTG CAG GAG GAG TCT GAC TCC GTC CGC 
Klac                            AAG GAG TTT GGT TTA AGT AAA TTC AAA TCC CAA AGA GTG GAG TCG GAG AGT GGC GCA AAG GAA AGA AAA AAT ATT AAA GGT GTG AAA AAA GGG TAC GTT CAA AAG TTA AAA TCC TCT ACT GAC ACA GGT CAA ATT TTG GTG AGA GTC CAA CCT TTA GAA ATT CAA AGA GTA GAG AAT CAA AGA GAA AAC CTA ATT TAT CAT ACA AGT TTG GGG GAA AGA TTT TAT GAA TAC TAT CCA TTG ATC AAT GTT AGT AAT CTT TCC GCT AGA GGT GAG TAT GAA GTT GTT TTG ACA GAT ATG TGG AGA AGA TTG CAC CAA CAT TTC GAT AGC CCA TTG ATG GGT AAG GTT ATT CTT GGT TAC GTT CAA ATG AAG CAG TTA AAT TGG TGG GAA AGA GCA AGA TCA AGA CTA GTC AGA GTT GTT GAA AAG AAT TGG GCT TCT GAA ACA TTG GGG ATC CAA TAT ACA GGT GAA TTC ATG AGA ATG GAG GGT AGA ATT GTA GGT TAT CAT AAG GCC CCG TTT TTG GGT AAG GCT TTG AAC CCG TAC ATT TTG GAA GAA TGT GCA GTA TTG GTT GGT GAC TCT TTA CCC GAT GTA ATT TCT ATA ATC ATC AAG GTT AAT ATT AGA GTT GGT TTC TCC ATC CTA GTC GTT CAA ATT AAT TAC AGA AGA GAA TTG TTC TAT GAC CAA CCG TTT AAT AGA GAA ATT AGA ATT TTC CAT GAT ACT GAA CCC ATA ATC CGT ATT ATC TAC TTA CGT TTT TCC GTT GAA GCT TTT GAT GTT GAA TCT TCC CAC ATG ACT GTG TTT ATC ATG GGG TCG GCA CGT TTC TGT TTG TCA ATT CAT TCA ATT ATT GAA TTC ATA TTA GAA CCA AAA TCC AAG CAT GGA AAG GTG GAG GGT TCC TTG TTC CCC ATG GAA AAA TTG GTC TTC ATG GAA TTT TTT TCT AAA TTG GAA GAA GAA AAT GCA GTT GAA AAA CCG AGA ATG GAA GTT GCA ATG GTA ATG CTT AAT GTG TTG AGA GGT TTG GCT ATT GGT AGC GTT CAA GGG GGT GAC ATT GGT CCA ACC TTA GTT CAT GTT TCA ATG TCT ACA GCA ATG TGG CAA ATG AGA TAC GAA GTA TTG GGA AAA TCT GTT AGC AAG CCT ATG ATA ATT GAA GTA TAT CCG ATG TTG GCT CAT CTT GAA GAA GAA TCC TCT TCT GTT AGA 
Calb                            AAA GAG CAT GGT ATT AAA CGC CTT TTG TCC AAA AGA ATT GAA TCA TTA TCC TTC GCT ATT TCA AGA GAT AGT ATG GAT GGT GGA AAG GAA GGT TAT ATA CAA AAA CAG AAG TCC GCC ACC CGT ACC GGG CAA ATG ATG GGA AGA GTT AAA ACA CTT GCA GTG AAT AGG AAA GAA ATC CAA CGG TCA TCC TTA ATT TAT CAT ACA ACA TTG GGG GAA AGA TTT TAT GAA TAT TAT CCA TTG ATC GAC GTG ACA ATC TTA TCC GCC AGG GGA TTA TAC CAA GTT GTT TTG ACA GAT ATG TGG AGA AGA TTG CAT AAA CAT TTT GAG GAT CCA TTG ATG GGG AAA GAA GTG CAA GGT TAC GCT CAA TTA AAA CAA ATT AGT TGG TGG GAG AGA GGG CGT ACA CGT ATG GTT AAA GTT GTG GAT AAA AAT TGG GCT TCT GAA ACC ATT GGG TTA CAA AGT ACC GGG GAA TTT ATG CGT ATG GAA GGT AGG ATC AAA GGT TAT CAT AAA ACT CCT TTC TTG GGT AAA GCT ATG AAC CCA TAT ATT ATT CAA GCA TGT GGG ACA ACA ATT GGT AGT TCT ATG CCT GAC ACA ATT TCC CAA TTA ATT AAG GTT AAT ATG TGG ATA GGG TTT TCA TTA TTA GTT GTT CAA ATT ATC TAT TGG AGA AGT TTA TTT TAT GAT CAA CCT TTC GAT TGG CAA ATT GAA ATG TTT CAT GAT ACA CAA CCG CAA ATT AGA ATT TTA TAT CTT AGA TTT TCC GAA GAA GCA TTT GAT GAA GAA GGT TCT CAT TTA ACC GGA CAT ATC ATG GGG TCA GCA AGA CTT TGC ATG ACA TTA CAT ACA TTA ATT GAT TTT CAA CTT GAA CCA GTA TCA AAG CAT GCC ATT ATT TTA GGT TCC TTA TAC CCG ATA GAA GAT TTG GTT TTC ATA GAT TAT TTT TCT GAT TTG GAG CAA GAG GAT GCC GTT GAA CGC CCA AGA TTA GAA GTT GCA ATG ACA ATG TTA AAT GGA TTG CGG GGA TTG GCC ATT GGT CAT ATA TCA GGG GGA AGT ATT GGA CCA TTA CTT ATA CAT GCT ACA ATG TCC ACA GCA CTC TGG TCA ATG GAA TAT GCA ACA TTA GCC GTA TCC GTT CAT AAG CCA ATG CAA ATT GAT AAA TAT CCT ATG ATG GCT GGT TTA TCA GAA CAA TCT AAA TCC GCT TGG 



Printing out site pattern counts


         9        639  P

Scer                            AAA AAA AAA AAA AAC AAC AAC AAG AAG AAG AAG AAG AAG AAG AAG AAG AAT AAT AAT AAT AAT AAT ACA ACA ACC ACG ACT ACT ACT AGA AGA AGA AGA AGA AGA AGA AGC AGC AGG AGT ATA ATA ATC ATC ATC ATC ATC ATG ATG ATG ATG ATT ATT ATT ATT ATT ATT ATT ATT ATT CAA CAA CAA CAA CAA CAA CAC CAC CAC CAG CAG CAT CAT CCA CCA CCA CCA CCC CCC CCG CCG CCG CCT CCT CGT CGT CGT CTA CTA CTA CTA CTA CTA CTC CTG CTG CTT GAA GAA GAA GAA GAA GAA GAA GAA GAA GAA GAA GAA GAA GAA GAA GAA GAC GAG GAG GAT GAT GAT GAT GAT GAT GAT GAT GAT GAT GCA GCA GCA GCC GCT GCT GCT GCT GCT GCT GCT GGA GGA GGG GGG GGT GGT GGT GGT GTA GTC GTC GTC GTC GTC GTG GTT GTT GTT GTT TAC TAC TAC TAC TAC TAC TAC TAT TAT TCA TCA TCC TCC TCC TCT TCT TCT TCT TCT TCT TCT TCT TGC TGG TGT TGT TTA TTA TTA TTA TTA TTC TTC TTC TTC TTC TTC TTG TTG TTG TTG TTG TTG TTG TTG TTG TTG TTG TTG TTG TTG TTG TTT TTT TTT TTT TTT 
Sbay                            ... ... ... ... ... ... ..T ..A ... ... ... ... ... ... ... .G. ..C ..C ... ... ... ... ... ... ..T ..T ..A ..C ... ... ... ... ... ... ... ... ..T ..T ... TCC ... G.T ... ... ..T ..T ..T ... ... ... ... ..C ..C ..C ..C ... ... ... ... ... ... ... ... ... ... ..G ... ... ... ..A ..A ... ... ... ... ... ..G ..A ... ..A ..C ... ..A ... ... ... ... A.. ... T.. T.. T.. T.G ... ... T.. ... ... ... ... ... ... ... ... ... ... ... ... ... ... ... ..G ..G ... ... ... ..C ..C ..C ... ... ... ... ... ... ... ... ..G ..T ..T ..C ..C ..C ... ... ... ... ... TCC ..A ... ..G ... ... ... ... A.T ... ... ... ..T ..T ... ... ... ... ... ... ... ... ... ... ..T ... ... ... ..C ... ... ..T ..C ..C ..C ... ... ... ... ... ..T ... ... ... C.G ... ..G ..G ..G ... ... ... ... ... ..T A.A C.A C.A C.A C.. ..A ... ... ... ... ... ... ... ... ... ..C ... ... ... ... 
Smik                            ... ... ..G .G. ... ..T ..T ..A ..A ..A ..A ... ... ... ... ..A ... GG. ... ... ... ... ..G ..G ... ..A ..C ... ... ... ... ... ... ... ... ..G ... ..T ..A ... ... ... ... ..T ... ..T ..T ... ... ... ... ..A ..C ..C ... ... ... ... ... ... ... ... ... ... ... ... ... ... ..T ..A ..A ... ... ... ... ... ..C ..A ... ..A ..T ..A ..A ... ... ... ... A.. ... ... ..T ..T T.G ... ..A ... ... ... ... ... ... ... ... ... ... ... ... ... ..G ..G ..G ... ... ... ..A ... ..C ... ... ... ... ... ... ... ... ... ... ... ... ... ..A ..C ..C ... ... ... ... ... ..T ... ..T ..C ... ... ... ..G ... ... ... ..T ..T ..T ... ... ... ... ... ... ... ... ... ..T ..T ... ... ..G ..C ... ... ..A ..C ..C ... ... ... ... ... ... ..T ... ... ... ... ... ... ... ..G ... ... ..T ..T ..T ... C.A ..A ... ... ..A ..A C.A C.. C.. ..A ... ... ... ... ... ... ..C ... ... ... 
Spar                            ... ... ... ... ... ... ..T ... ... ... ... ..A ... ... ... ... ... ..C ... ... ... ... ... ... ... ..A ... ... ... ... ... ... ... ... ... ... ... ..T ... ... ... ... ... ... ... ... ..T ... ... ... ... ..C ... ... ..C ... ... ... ... ... ... ... ... ... ..G ... ... ... ..T ..A ..A ... ... ... ... ... ... ... ..T ..A ..C ..A ..A ..C ..C ... ... T.. ... ... ... ..T T.. ... ... ... ... ... ... ... ... ... ... ... ... ... ... ... ... ... ..G ... ... ... ..A ... ... ... ... ... ... ... ... ... ... ... ... ... ... ... ... ..C ... ... ... ... ... ... ..G ... ..A ..C ... ... ... ... ..T ... ... ..T ..T ..T ... ... ... ... ... ... ... ... ... ... ... ... ... ..G ..C ... ... ... ... ... ... ... ... ... ... ... ..T ... ... ... ... ... ... ... ... ... ... ... ... ..T ... ... ... ... ... ... ..A ... ... ... ... ..A ... ... ... ... ... ... ... ... ... 
Ncas                            ..G GC. ... .GG ..T ..T ..T ..A ..A ..A ... ..A ..A ..A .TT .TA ... .G. ..C C.A G.. G.. .TT CAG G.A .TC ..A ... ..C .AT ... ... ... ... ... ... ..T ..T TTC ... ..C ..C ... ..A ..T .C. ..T ... ... ... ... ..A .CA ... ..A ..A ..C ... ... G.. A.T ... ... ... ... ... ..T ..T ..T ..A ..A ... ... ..T ..T GTG ..C ..A T.T ..C GG. ..T ..A G.C ... ... ... T.G T.. ... ... ..T T.G A.G T.. ... T.A CGT ... ... ... ... ... ... ... ... ... ... ... ... ..G ... ..G ... ..A ..A ... ... .C. ..C ..G ... ... ... ... .GA ..T AAT ..T ..T ... ..A ..A .A. ..A ..C ..C ... ..T A.C ... ... ..G ... ... A.. ..T ... ..T A.. ..T ..C ..A ... ... ... ... ... ... ..T ..T ..T A.G AG. .TC ..T ..C ... ..T ..T ..C ... ..A ..A ..C ..C ... ... ..T ... ... ... ..G ... C.T ... ..G ..T ..T GCT ..T ... ..T ..A ..A C.. C.T ... ..A ... ... ..T C.T ..A C.T ..A ..A ... ..C ... ..C ... ... 
Cgla                            ..G ... ... .G. ... ..T ... CGA ..A ..A ..A ... ..A ... ... ..A ..C .GC C.A ... ..C ... ... .GT ..A TTA ... T.C ..C ... ... ... ... ... ... ... ... ..T ..A ... ... ... ... ... ..T ..T ..T ... ... ... ... ..G ... ..A ..C ... ... ..C ..C ..A A.G ... ... ... ... ... ... ..T ..T ..A ... ..C ... ... ... ... ..G ..T ... ..T ..T ..A ..A ..A A.A ..C ... T.. ... ..G T.. G.T T.G ..A ..A G.C ... ..G ... ... ... ... ... ... ..G ..G ..G ..G ... ..G ... ..G ... ... ..A ..A ... ... ..A ... ..A ... ... ... ... ... ... ..C ... ..T ..A ... ... ..A ... ... ... ..T ..C ..T ..A ... ... ..G ... ..T ..T ..T ..T ..T ..T ... ..G ..C ... ... ... ..T ..T ... ... ... ..T GCA .TC ... ..T ..T ... ..T ..C ... ..C ... ..C ... ..C ... ..T ... ..C ... ..G ... ... ... ..G ..T ..T .A. ..T ... ..T C.A C.T C.A ... C.T ... C.A ... ..A C.A ... ... C.A ... ... .A. ..C ..C ..C ... 
Agos                            ..G GCT ..G CGC ... ... ..T ... ..A ... .GC ... ... ... .T. CGT .C. .CC ..G C.A G.C G.. .TT .AG ..A GT. ... T.C ..C .AT ... C.C C.G C.G C.T C.G .A. GCG TAC TCC ..T G.C ... ... ..T .CT ..T ... ... ... ... T.G ..C ... G.G ..C ..C ..C ..C G.C ACT ..C ..G ..G ..G ..G ... ..T ..T ..A ... ... ... ... ..G GTC ..G ... T.T ..T G.A ..A ..C G.. .TG ..G ... ... T.G T.. ..T ..C ..C ... ..T T.. ..C CGG ... ... ..G ..G ..G ..G ... ..G ..G ..G ..G ..G ..G ..G ..G ... ... ... ..C ... ..G ... ..A ..C ..C ..C ... ..A ..G AAC ... ..G ..G ..A ..G .A. ..C ..C ..G .A. ..T ... ... ... ..A ..A ... ... ..T ..T ..G A.T ..T ... ..G ..C ..C ... ... ... ..T ... ... ... A.G G.A .TC C.C ..T ..T ... ... ..C ..A ..C GAG ... ... ..C ..C ... ... .CG ... C.G C.G C.G C.G C.G ... ..T GCA ..T ... ... C.C ... C.A C.. C.A C.A C.. ..A ..T C.. ... A.. ... C.. C.. ..C ... ..C ... ..C 
Klac                            ..G ... ... .G. ..T ..T ..T ..A ..A C.A TCA ... ..A ... ..A ... ... G.C .G. ... ..C ..C ... .AG ..A .AT ..A ... ... ... ... ... ... ... ... ... .AT GC. ..A ... G.C ... ... ..T ..A ..T ... ... ... ... G.A ..G ... ..C ... ... ... ..C ... ... TTT ... ... ... ... G.. ..T ..T A.G TT. ... ... ..C ..T ... ..G ..G ... ..T ..C ... ..A ..A ..G AAA A.A ... T.. T.G ACC T.. G.G T.G T.G T.A G.T ... ..G C.. ... ... ... ... ..C .TT ... ... ..G ... ... AG. ..G ... ... ..A ..A ... C.. ..A ... ..A ..A ... TC. ... AGC ... ..T ... ..A ..A ..A ... .GA ... ... ... .AG ..G ..T ... ... ... ..G ... A.T ..A ... ..T ..T ..T ..T ..G ... ... ... ... ..T ..T ... ..T ..T ... GGC .T. AGC ..C ..T ..T ... ..C ..G ... AG. ..C ... ..C ... ..T ... .C. ... ..G C.. ..G ... ..G ... ... ... ..T ... ..T A.C C.T ... C.A ... C.T ... ... ... ... ... ..A C.T ... ... .A. C.A ..C ... ... 
Calb                            ... CGC GT. TGG G.T ..T G.. TT. ... ..A .CA ..A G.A ... ... ..A .G. .G. ..A ... TCC ..C ..C .A. ..A .TC ..A ..C ..A C.G ... ... .A. C.T ... ... ..T .CT ... TCC G.T CA. ..T ..T CAA ..T ..T ... C.C T.A .CA ..A ... ..C ..G T.A ... ..C ..C ... ..T A.T ... TC. ... TC. ..T ..T ATT ACA ..A GG. ... ... ... ... ..T ..G A.A ..T ..T ..A ..A ... GA. A.A A.A A.T A.T T.. ..T A.T T.G A.G A.. A.A .AA ..G TC. ... C.. ... ..G CGT ... ... .C. TT. ... C.. ... ... ... ..T ..A ..T ..G C.. ... ..C C.A AG. ... A.A ... ... ... ..T ..C ..A .GG ... ... ..C ..C ..C ..A .A. ..G ..A ... ... ..G ... ... ..G AAA ..T A.T ..T A.A ..T .GA .C. ... ..G ..T AGT ..T ... ..T ..T ..T .TC ... CAT ... ..T G.. ... ..C ..A ..C A.A ... ... ..C ..C ... ... G.. ... ..G ... ... CAG ..G ... C.T .A. ..T ..T ..T ..A ..A A.. ..A ... ..A A.. ..A ... ... A.T A.T ..A ... ... .AC A.G ... ..C ..C 

    2    2    2    4    2    2    1    1    1    3    4    2    1    3    1
    1    1    2    1    1    1    1    3    2    2    3    1    2    1    2
    4    1    1    3    2    1    1    1    3    1    2    2    1    1    2
    2    1   11    1    3    4    2    2    1    4    2    3    1    1    2
    2    1    4    1    3    3    2    2    2    1    1    1    2    1    1
    2    1    2    1    1    1    2    1    1    4    1    3    1    1    1
    4    2    1    2    1    2    1    1    1    1    1    4    3    1    3
    1    3    3    2    2    2    2    2    1    1    2    1    3    2    1
    3    1    2    1    1    1    1    1    1    2    2    1    2    2    1
    1    1    1    3    4    1    1    4    1    8    2    3    2    1    2
    2    1    4    3    5    2    3    1    1    1    1    4    3    1    1
    2    2    1    1    2    2    2    3    2    2    2    1    1    1    5
    1    1    2    1    1    1    1    1    2    1    1    3    3    4    1
    1    1    1    1    1    2    2    1    1    1    1    1    1    1    1
    3    1    1

CODONML (in paml version 4.9j, February 2020)  temp.nuc
Model: One dN/dS ratio, 
Codon frequency model: Fequal
ns =   9  ls = 392

Codon usage in sequences
--------------------------------------------------------------------------------------------------------------------------------------
Phe TTT   7   9  11  10  12   8 | Ser TCT  15  10  11  15  10  12 | Tyr TAT   2   5   9   2   6   6 | Cys TGT   2   3   3   3   3   2
    TTC  11   9   7   8  11   9 |     TCC   4  15   8   6   9  11 |     TAC  14  11   7  14   5  10 |     TGC   1   0   0   0   0   1
Leu TTA   6   9   9  10  13  13 |     TCA   4   2   2   0   5   2 | *** TAA   0   0   0   0   0   0 | *** TGA   0   0   0   0   0   0
    TTG  20  17   9  18  11  12 |     TCG   0   0   2   2   0   0 |     TAG   0   0   0   0   0   0 | Trp TGG   5   5   5   5   5   5
--------------------------------------------------------------------------------------------------------------------------------------
Leu CTT   1   1   7   3   6   3 | Pro CCT   2   1   2   1   4   4 | His CAT   3   3   5   5   9   6 | Arg CGT   8   8   8   4   9   3
    CTC   2   2   2   2   0   0 |     CCC   3   2   2   4   2   1 |     CAC   6   6   4   4   0   3 |     CGC   0   0   0   4   0   1
    CTA  10   4   8   6   5  12 |     CCA   5   8  10   9   3   8 | Gln CAA  14  13  16  13  15  14 |     CGA   0   0   0   0   0   1
    CTG   3   4   6   3   3   1 |     CCG   4   3   0   0   0   1 |     CAG   2   3   0   3   2   1 |     CGG   0   0   0   0   0   0
--------------------------------------------------------------------------------------------------------------------------------------
Ile ATT  18  17  17  13  10  12 | Thr ACT   4   6   3   4   2   1 | Asn AAT   7   5   8   6  11   4 | Ser AGT   1   2   2   2   6   4
    ATC   7  11   6  12  13   8 |     ACC   2   2   3   2   3   1 |     AAC   5   7   2   6   1   5 |     AGC   2   0   1   1   4   3
    ATA   4   7   7   4  12   7 |     ACA   5   6   3   8   3   5 | Lys AAA  10  11  14  12  13  14 | Arg AGA  14  14  20  14  12  25
Met ATG  19  19  19  19  21  21 |     ACG   3   0   5   0   0   0 |     AAG  17  15   9  15   9  10 |     AGG   3   4   1   3   4   0
--------------------------------------------------------------------------------------------------------------------------------------
Val GTT  14  19  19  22  18  21 | Ala GCT  10   8   5   9   9   8 | Asp GAT  16  10  15  16  13  11 | Gly GGT  14  13  19  13  13  18
    GTC  10   5   6   3   3   5 |     GCC   2   5   5   3   3   1 |     GAC   1   7   2   1   2   1 |     GGC   0   0   1   1   0   3
    GTA   2   2   0   2   4   0 |     GCA   3   1   5   3   8   7 | Glu GAA  32  28  27  31  30  25 |     GGA   4   5   1   2   2   1
    GTG   1   0   2   0   2   5 |     GCG   0   1   0   0   0   0 |     GAG   3   7   8   4   7  15 |     GGG   5   2   4   7   6   1
--------------------------------------------------------------------------------------------------------------------------------------

--------------------------------------------------------------------------------------
Phe TTT   7   9  10 | Ser TCT   8  10   5 | Tyr TAT   1   8  13 | Cys TGT   1   2   1
    TTC  13  10   4 |     TCC  13   9  11 |     TAC  13   7   3 |     TGC   1   0   1
Leu TTA   3   8  21 |     TCA   2   4   9 | *** TAA   0   0   0 | *** TGA   0   0   0
    TTG   8  20  11 |     TCG   1   2   0 |     TAG   0   0   0 | Trp TGG   5   5   9
--------------------------------------------------------------------------------------
Leu CTT   5   4   6 | Pro CCT   1   2   4 | His CAT   7   8  13 | Arg CGT   6   3   4
    CTC  10   0   1 |     CCC   5   3   0 |     CAC   3   2   0 |     CGC   5   0   2
    CTA   4   3   0 |     CCA   3   4   7 | Gln CAA   2  13  19 |     CGA   0   0   0
    CTG  15   0   0 |     CCG   2   5   2 |     CAG  12   1   1 |     CGG   7   0   2
--------------------------------------------------------------------------------------
Ile ATT  11  19  21 | Thr ACT   6   3   1 | Asn AAT   3  11   4 | Ser AGT   0   4   6
    ATC  11   8   6 |     ACC   3   1   5 |     AAC   6   2   1 |     AGC   4   3   0
    ATA   0   4   6 |     ACA   2   6  16 | Lys AAA   1  12  16 | Arg AGA   4  24  12
Met ATG  21  17  21 |     ACG   0   0   0 |     AAG  20  12   5 |     AGG   0   0   3
--------------------------------------------------------------------------------------
Val GTT   9  21  12 | Ala GCT   3   6   7 | Asp GAT   8   5  15 | Gly GGT  12  17  12
    GTC  14   4   0 |     GCC   2   1   6 |     GAC   7   4   2 |     GGC   0   1   0
    GTA   2   7   2 |     GCA   4   7   7 | Glu GAA  11  31  20 |     GGA   5   2   8
    GTG  13   6   4 |     GCG   9   0   0 |     GAG  33   7   5 |     GGG   5   5  10
--------------------------------------------------------------------------------------

Codon position x base (3x4) table for each sequence.

#1: Scer           
position  1:    T:0.23214    C:0.16071    A:0.30867    G:0.29847
position  2:    T:0.34439    C:0.16837    A:0.33673    G:0.15051
position  3:    T:0.31633    C:0.17857    A:0.28827    G:0.21684
Average         T:0.29762    C:0.16922    A:0.31122    G:0.22194

#2: Sbay           
position  1:    T:0.24235    C:0.14796    A:0.32143    G:0.28827
position  2:    T:0.34439    C:0.17857    A:0.33418    G:0.14286
position  3:    T:0.30612    C:0.20918    A:0.28061    G:0.20408
Average         T:0.29762    C:0.17857    A:0.31207    G:0.21173

#3: Smik           
position  1:    T:0.21173    C:0.17857    A:0.30612    G:0.30357
position  2:    T:0.34439    C:0.16837    A:0.32143    G:0.16582
position  3:    T:0.36735    C:0.14286    A:0.31122    G:0.17857
Average         T:0.30782    C:0.16327    A:0.31293    G:0.21599

#4: Spar           
position  1:    T:0.23724    C:0.15561    A:0.30867    G:0.29847
position  2:    T:0.34439    C:0.16837    A:0.33673    G:0.15051
position  3:    T:0.32653    C:0.18112    A:0.29082    G:0.20153
Average         T:0.30272    C:0.16837    A:0.31207    G:0.21684

#5: Ncas           
position  1:    T:0.22959    C:0.14796    A:0.31633    G:0.30612
position  2:    T:0.36735    C:0.15561    A:0.31378    G:0.16327
position  3:    T:0.35969    C:0.14286    A:0.31888    G:0.17857
Average         T:0.31888    C:0.14881    A:0.31633    G:0.21599

#6: Cgla           
position  1:    T:0.23214    C:0.15051    A:0.30612    G:0.31122
position  2:    T:0.34949    C:0.15816    A:0.31888    G:0.17347
position  3:    T:0.31378    C:0.16071    A:0.34184    G:0.18367
Average         T:0.29847    C:0.15646    A:0.32228    G:0.22279

#7: Agos           
position  1:    T:0.19388    C:0.22194    A:0.23469    G:0.34949
position  2:    T:0.37245    C:0.16327    A:0.32398    G:0.14031
position  3:    T:0.22449    C:0.28061    A:0.10969    G:0.38520
Average         T:0.26361    C:0.22194    A:0.22279    G:0.29167

#8: Klac           
position  1:    T:0.23980    C:0.12245    A:0.32143    G:0.31633
position  2:    T:0.35714    C:0.16071    A:0.31378    G:0.16837
position  3:    T:0.33673    C:0.14031    A:0.31888    G:0.20408
Average         T:0.31122    C:0.14116    A:0.31803    G:0.22959

#9: Calb           
position  1:    T:0.25000    C:0.15561    A:0.31378    G:0.28061
position  2:    T:0.31888    C:0.20408    A:0.29847    G:0.17857
position  3:    T:0.34184    C:0.10714    A:0.36480    G:0.18622
Average         T:0.30357    C:0.15561    A:0.32568    G:0.21514

Sums of codon usage counts
------------------------------------------------------------------------------
Phe F TTT      83 | Ser S TCT      96 | Tyr Y TAT      52 | Cys C TGT      20
      TTC      82 |       TCC      86 |       TAC      84 |       TGC       4
Leu L TTA      92 |       TCA      30 | *** * TAA       0 | *** * TGA       0
      TTG     126 |       TCG       7 |       TAG       0 | Trp W TGG      49
------------------------------------------------------------------------------
Leu L CTT      36 | Pro P CCT      21 | His H CAT      59 | Arg R CGT      53
      CTC      19 |       CCC      22 |       CAC      28 |       CGC      12
      CTA      52 |       CCA      57 | Gln Q CAA     119 |       CGA       1
      CTG      35 |       CCG      17 |       CAG      25 |       CGG       9
------------------------------------------------------------------------------
Ile I ATT     138 | Thr T ACT      30 | Asn N AAT      59 | Ser S AGT      27
      ATC      82 |       ACC      22 |       AAC      35 |       AGC      18
      ATA      51 |       ACA      54 | Lys K AAA     103 | Arg R AGA     139
Met M ATG     177 |       ACG       8 |       AAG     112 |       AGG      18
------------------------------------------------------------------------------
Val V GTT     155 | Ala A GCT      65 | Asp D GAT     109 | Gly G GGT     131
      GTC      50 |       GCC      28 |       GAC      27 |       GGC       6
      GTA      21 |       GCA      45 | Glu E GAA     235 |       GGA      30
      GTG      33 |       GCG      10 |       GAG      89 |       GGG      45
------------------------------------------------------------------------------


Codon position x base (3x4) table, overall

position  1:    T:0.22988    C:0.16015    A:0.30414    G:0.30584
position  2:    T:0.34921    C:0.16950    A:0.32200    G:0.15930
position  3:    T:0.32143    C:0.17149    A:0.29167    G:0.21542
Average         T:0.30017    C:0.16704    A:0.30593    G:0.22685

Codon frequencies under model, for use in evolver (TTT TTC TTA TTG ... GGG):
  0.01639344  0.01639344  0.01639344  0.01639344
  0.01639344  0.01639344  0.01639344  0.01639344
  0.01639344  0.01639344  0.00000000  0.00000000
  0.01639344  0.01639344  0.00000000  0.01639344
  0.01639344  0.01639344  0.01639344  0.01639344
  0.01639344  0.01639344  0.01639344  0.01639344
  0.01639344  0.01639344  0.01639344  0.01639344
  0.01639344  0.01639344  0.01639344  0.01639344
  0.01639344  0.01639344  0.01639344  0.01639344
  0.01639344  0.01639344  0.01639344  0.01639344
  0.01639344  0.01639344  0.01639344  0.01639344
  0.01639344  0.01639344  0.01639344  0.01639344
  0.01639344  0.01639344  0.01639344  0.01639344
  0.01639344  0.01639344  0.01639344  0.01639344
  0.01639344  0.01639344  0.01639344  0.01639344
  0.01639344  0.01639344  0.01639344  0.01639344


TREE #  1:  (((((1, 4), (3, 2)), 5), 6), ((7, 8), 9));   MP score: 1174
This is a rooted tree.  Please check!
lnL(ntime: 16  np: 18):  -6562.951745      +0.000000
  10..11   11..12   12..13   13..14   14..1    14..4    13..15   15..3    15..2    12..5    11..6    10..16   16..17   17..7    17..8    16..9  
 0.071234 0.232824 0.309435 0.103583 0.143575 0.055776 0.009004 0.266470 0.377257 1.151726 0.257763 0.037015 0.000004 2.087784 0.821290 2.967971 2.167613 0.069497

Note: Branch length is defined as number of nucleotide substitutions per codon (not per neucleotide site).

tree length =  8.892711

(((((1: 0.143575, 4: 0.055776): 0.103583, (3: 0.266470, 2: 0.377257): 0.009004): 0.309435, 5: 1.151726): 0.232824, 6: 0.257763): 0.071234, ((7: 2.087784, 8: 0.821290): 0.000004, 9: 2.967971): 0.037015);

(((((Scer: 0.143575, Spar: 0.055776): 0.103583, (Smik: 0.266470, Sbay: 0.377257): 0.009004): 0.309435, Ncas: 1.151726): 0.232824, Cgla: 0.257763): 0.071234, ((Agos: 2.087784, Klac: 0.821290): 0.000004, Calb: 2.967971): 0.037015);

Detailed output identifying parameters

kappa (ts/tv) =  2.16761

omega (dN/dS) =  0.06950

dN & dS for each branch

 branch          t       N       S   dN/dS      dN      dS  N*dN  S*dS

  10..11     0.071   845.2   330.8  0.0695  0.0050  0.0717   4.2  23.7
  11..12     0.233   845.2   330.8  0.0695  0.0163  0.2343  13.8  77.5
  12..13     0.309   845.2   330.8  0.0695  0.0216  0.3114  18.3 103.0
  13..14     0.104   845.2   330.8  0.0695  0.0072  0.1042   6.1  34.5
  14..1      0.144   845.2   330.8  0.0695  0.0100  0.1445   8.5  47.8
  14..4      0.056   845.2   330.8  0.0695  0.0039  0.0561   3.3  18.6
  13..15     0.009   845.2   330.8  0.0695  0.0006  0.0091   0.5   3.0
  15..3      0.266   845.2   330.8  0.0695  0.0186  0.2682  15.8  88.7
  15..2      0.377   845.2   330.8  0.0695  0.0264  0.3797  22.3 125.6
  12..5      1.152   845.2   330.8  0.0695  0.0806  1.1591  68.1 383.4
  11..6      0.258   845.2   330.8  0.0695  0.0180  0.2594  15.2  85.8
  10..16     0.037   845.2   330.8  0.0695  0.0026  0.0373   2.2  12.3
  16..17     0.000   845.2   330.8  0.0695  0.0000  0.0000   0.0   0.0
  17..7      2.088   845.2   330.8  0.0695  0.1460  2.1012 123.4 695.0
  17..8      0.821   845.2   330.8  0.0695  0.0574  0.8266  48.6 273.4
  16..9      2.968   845.2   330.8  0.0695  0.2076  2.9871 175.5 988.0

tree length for dN:       0.6220
tree length for dS:       8.9499


Time used:  0:08
