      9   1179

Scer                            AAG CCG AAA ATC AAT CAC AAG GAA ACA CAA ATC AGA AAA GGT AGA GAC CTG ATC TTT GAG TCT TAT AAG GGT CCT CAA AGA CAT CGT TCT AGT GAA TTA GAA GAT ACT AAT GCT CAT GAT GCA GCT AAA AGA GTT AAC ACT CCA GAC CAA ACT ACT ATC AAG TAT ACT TGG ATG ACC TTG GTT CAA GTT GTT AGA AAA ATG AGA ACA GCT CGT ACT ACT TCA TCT CCG ATG AAT TGT ATT CAA TCC CGT CCT AAA CAA TTC GGT CAA TTC GAC ACA CCG ATG GGT GAA ACT GGT ACT AAA GCA ATG AAA TCA ATC CAA GAG ACT TAC TCT AAG ACT AAT GAT TCA GGT ACT ATG AAC AAC TCC GCT GGT GAC ACT CCT ATC AAT ACT ATC CAA CGT GAA GTT AAG ATT ATG TCT AAA AAC TTT ATC GGT CAA GCT CCT TAT TTC CAA ATA AAA GCA GAC GCT CAA TCT GCT GGA AGA GCA TTC ATG TGG ATC ACT AAT GCC CAT CGT AGA AAA TTA GGT AAA AAA CAA TCT CCA TTT TGT CAA ACG AAG AAG CTC CGT GTC ACT GGT ATG GTT ATC AAA AAG TGT GAT TTG CAA GGT AAA ATA TTC CAT GGA TTT TCT GAT CAA CAT ACC CCT ATG GTA CAA GAC TAC GAC GAG GCT GTC TGT AAT TAT TTG GAA TTC ATC AAC GAA CTG GAA GAG GAA ATA CCA GAT CAA ATC TCT CTA GTT GAA GTT ATC ATT GCA CAA TCT TTG GAA TTG CAA GAA GCT CTT AAG GTT TGG GAA GGT CAT CAT GGT AAT AAA CGT AAC TGT CTT ATC TCT ACT TTC GTA CTC ACT ATC CAA GAC GGT CCG TCC CTT CAT GAT TTA GAA CCA AGG ATG TTG TAT AAA GCT GAT GAA AGG GTT GAG TTG AAA TAT AAG CAG ATG CCG CAT TCC AGG GAA ATC AAA AAG TTT CTA CAA GAA GAC ATA ACT TCT AGA AAT AGA CGT GTT AGA TCT AAC GAA CAA CAA AAA TAC GAA TCC TTG TGT AAT CTG ATT GAA GCT GTT ATA AGA AAA CGT AGA CTC CCA ATG AAA AAG TCT TTA GGA GAA TGG TGG GAA AAG GCA GAA AGA ATT CAA TTT GAC ACT AAG CTA AAA GCA ACA GAA CGT AAA ATG CAT GTA AGG TCA AAA CCA CAT TTG GAA AAG AAT CAA AAG GGT 
Sbay                            AAA CCA AAA ATT AAT CAT AAA GAG ACT CAA ATC AGA AAA GGT AGA GAC TTG ATT TTT GAA TCT TAT AAG GGT CCT CAA AGG TAC CGT TCT AGT GAA TTG GAG GAT ACC AAC GCT CAT GAT GCT GTT AAA AGA GTT AAT ACT CCG GAC CAA ACT GCT ATC AAG TAT ACC TGG ATG ACT TTG GTT CAA GTC GTC AGA AAA ATG AGA ACA GCT CGT ACT ACA TCC TCC CCT ATG AAT TGT ATT CAA TCT CGT CCT AAA CAA TAC GGC CAA TTT GAT ACG CCA ATG GGT GAA ACT GGT ACT AAA GCT ATG AAA TCG ATC CAA GAA ACT TAT TCT AAG ACT AAC GAT TCG GGC ACT ATG AAT AAC TCC GCC GGT GAC ACA CCT ATC AAT ACT ATC CAA CGT GAG GTT AAA ATT ATG TCT AAG AAC TTC ATT GGC CAA GCT CCT TAC TTC CAA ATT AAG GCT GAC GCT CAA TCT GCT GGC AGA GCT TTT ATG TGG ATC ACC AAT GCT TAC CGT AGA AAA TTG GGC AAA AAG CAA TCT CCA TTT TGT CAA ACC AAA AAA CTG CGT GTC ACC GGT ATG GTT ATC AAA AAA TGT GAC TTG CAA GGT AAA ATT TTT CAT GGC TTC TCA GAT CAA CAT ACT CCT ATG GTG CAA GAC TAT GAC GAG GCT GTC TGT AAT TAT TTG GAG TTT ATC AAC GAA TTG GAA GAA GAA ATT CCA GAT CAA ATT TCC CTA GTT GAA GTC ATC ATT GCA CAA TCC TTG GAG TTG CAA GAA GTT CTC AAG GTT TGG GAA GGC CAT CAT GGC AAC AAG CGT AAC TGT CTC ATT TCC ACT TTC GTC CTC ACT ATT CAA GAC GGT CCA TCT CTT CAT GAT CTG GAG CCA AGA ATG CTA TAT AAG GCT GAT GAA AGA GTC GAG TTG AAA TAT AAG CAA ATG CCA TAC TCT AGA GAA ATC AAA AAA TTC TTG CAA GAA GAC ATT ACC TCT AGA AAT AGA CGT GTT AGA TCC AAC GAA CAA CAA AAG TAT GAA TCT TTA TGT AAC TTA ATT GAA GCT GTT ATT AGG AAA CGT AGA CTC CCA ATG AAA AAG TCC TTA GGC GAA TGG TGG GAA AAA GCT GAG AGA ATT CAA TTC GAC ACT AAA CTA AAA GCT ACC GAT CGT AAA ATG CAT GTC AGA TCG AAA CCG CAT TTA GAA AAA AAT CAA AAG GGT 
Smik                            AAA CCA AAA ATC AAT CAT AAG GAA ACA CAG ATA AGA AAA GGT AGA GAC CTG ATC TTT GAA TCT TAT AAA GGT CCT CAA AGA CAC CGT TCT AGT GAA TTA GAA GAC ACT AAT GCT CAT GAT GCA TCC AAA AGA GTT AAT ACC CCA GAC CAA ACC ACC ATA AAG TAT ACC TGG ATG ACC TTG GTT CAA GTA GTA AGA AAA ATG AGA ACT GCA CGT ACC ACT TCT TCC CCA ATG AAT TGC ATC CAA TCC CGT CCT AAA CAG TTC GGT CAA TTT GAC ACA CCA ATG GGT GAA ACC GGC ACT AAA GCC ATG AAA TCA ATC CAG GAA ACT TAT TCT AAG ACC AAC GAC TCA GGT ACT ATG AAT AAT TCC GCC GGT GAC ACA CCT ATA AAT ACC ATA CAA CGT GAG GTT AAG ATT ATG TCT AAG AAC TTT ATT GGC CAG GCA CCT TAT TTT CAA ATC AAG GCA GAT GCA CAA TCC GCA GGC AGG GCC TTT ATG TGG ATA ACT AAT GCT CAC CGT AGA AAA TTG GGC AAG AAG CAA TCT CCA TTT TGT CAA ACC AAG AAG CTA CGT GTT ACT GGT ATG GTT ATA AAA AAG TGC GAT TTG CAA GGT AAA ATT TTC CAT GGC TTT TCT GAT CAA CAC ACC CCT ATG GTA CAA GAC TAT GAT GAG GCT GTT TGT AAT TAT TTG GAG TTT ATC AAC GAG TTG GAA GAA GAG ATA CCA GAT CAG ATT TCC CTG GTT GAA GTA ATA ATT GCA CAA TCT TTG GAG TTG CAA GAG TCC CTT AAG GTT TGG GAA GGC CAT CAT GGT AAT AAG CGT AAC TGC CTT ATT TCC ACC TTC GTC CTC ACC ATC CAG GAT GGT CCA TCT CTT CAT GAT CTA GAA CCG AGG ATG TTG TAT AAG GCT GAT GAA AGG GTA GAG TTG AAA TAT AAG CAA ATG CCA CAC TCT AGG GAA ATC AAA AAG TTC CTA CAA GAA GAT ATA ACC TCC AGG AAC AGA CGT GTT AGA TCT AAT GAA CAG CAA AAG TAT GAA TCC TTA TGT AAC TTG ATT GAA GCT GTT ATT AGA AAA CGT AGA CTC CCA ATG AAA AAG TCT TTG GGC GAG TGG TGG GAA AAG GCA GAA AGA ATT CAA TTC GAC ACT AAG CTA AAA GCC ACC GAA CGT AAA ATG CAT GTC AGA TCA AAG CCA CAT TTA GAA AAA AAC CAA AAG GGT 
Spar                            AAA CCA AAA ATT AAT CAC AAG GAA ACA CAA ATC AGA AAA GGT AGA GAC CTG ATT TTT GAG TCT TAT AAG GGT CCT CAA AGA CAT CGT TCT AGT GAA TTA GAA GAT ACT AAT GCT CAT GAT GCA GCC AAA AGA GTT AAT ACT CCA GAC CAA ACT ACC ATT AAG TAT ACT TGG ATG ACC TTG GTT CAA GTT GTT AGA AAA ATG AGA ACA GCA CGT ACT ACC TCC TCA CCG ATG AAT TGC ATT CAA TCC CGT CCT AAA CAA TAC GGT CAA TTC GAC ACA CCA ATG GGT GAA ACT GGT ACT AAA GCG ATG AAA TCA ATC CAA GAG ACT TAC TCT AAG ACT AAC GAT TCA GGT ACT ATG AAC AAC TCC GCT GGT GAC ACT CCT ATC AAT ACT ATC CAA CGT GAA GTT AAG ATT ATG TCT AAA AAC TTC ATC GGG CAA GCA CCT TAT TTC CAA ATA AAA GCA GAC GCA CAA TCT GCA GGA AGA GCT TTC ATG TGG ATT ACT AAT GCT CAT CGT AGA AAA TTG GGG AAA AAA CAA TCT CCA TTT TGT CAA ACG AAG AAG CTT CGT GTC ACT GGT ATG GTT ATC AAA AAG TGC GAT TTG CAA GGT AAA ATA TTC CAT GGA TTC TCT GAT CAA CAT ACC CCT ATG GTA CAA GAC TAC GAC GAG GCT GTC TGT AAT TAT TTG GAA TTC ATC AAC GAA CTG GAG GAG GAA ATA CCA GAT CAA ATC TCC CTA GTT GAA GTT ATT ATT GCA CAA TCT TTG GAA TTG CAA GAA GCC CTT AAG GTT TGG GAA GGG CAT CAT GGT AAT AAA CGT AAT TGT CTT ATT TCA ACT TTC GTA CTC ACT ATT CAA GAC GGT CCA TCC CTT CAT GAT TTA GAA CCA AGG ATG TTG TAT AAG GCT GAT GAA AGG GTT GAG TTG AAA TAT AAG CAG ATG CCG CAT TCC AGG GAG ATC AAA AAG TTC CTA CAA GAA GAC ATA ACT TCT AGA AAT AGA CGT GTC AGA TCT AAT GAA CAA CAA AAG TAT GAA TCC TTG TGT AAC TTG ATT GAA GCT GTT ATA AGA AAA CGT AGA CTC CCA ATG AAA AAG TCT TTA GGA GAA TGG TGG GAA AAA GCA GAA AGA ATT CAA TTC GAC ACT AAG CTA AAA GCG ACC GAA CGT AAA ATG CAT GTA AGG TCA AAA CCG CAT TTG GAG AAA AAT CAG AAG GGT 
Ncas                            AAG CCT AAG ATT AAC CAT AAA GAG ACT CAA ATT CGT AAG GGT AGA GAC TTG ATT TTT GAA TCT TAT AAA GGT CCA CAA CGA CAC CGT TCC AGT GAA TTA GAG GAT ACG AAT TCT CAT GAT GCT TCC AAG AGA GTT AAT ACA CCA GAT TCC ACT ACG TTG AAA TAT ATG TGG ATG ACA TTG GTA CAA GTG GTG CGT AAA ATG AGA ACA GCT CGT ACT ACT TCG TCT CCA ATG AAT TGT ATT CAA TCC CGT CCA AAG CAA TTT GGA CAA TTT GAT ACC CCT ATG GGT GAA ACT GGT ACA AAG GCT ATG CGT TCT ATT CAA GAA ACA TAT TCT AAA ACA AAT GAT TCT GGA ACT ATG GGC AAT TCG GCC GGT GAT ACT CCA ATT AAT ACA ATT CAA CGT GAA GTG AAA ATC ATG TCT AAG AAT TTC ATC GGG CAA GCT CCA TAT TTC CAA ATT AAG GCT AAC GCT CAA TCC GCT GGT AGG GCT TTT ATG TGG TTG ACG GCT GCA CAC CGT CGT AAG TTG GGG GCT AAG CAA ATA CCA TTT TGT CAA ACA AAA AAA TTG CGT GTT ACG GGT ATG GTT ATT AAG AAA TGT GAT CTA CAA GGT AAA ATA CAT CAT GGT TTC TCT GAT CAA CAT ACA CCA ATG GTT CAA GAT TAT AAC GAG GCC GTT TGT AAT TAT CTA GAA TTT ATC AAT GAA CAA GAA GAA GAA ATT GCT GAT CAA ATC TCG TCT GTT GAG GTG TTG ATT GCA CAA TCC TTG GAA CTA CAA GAA TCC CTC AAG GTT TGG GAG GGG CAT CAT GGA AAT AAG CGT AAT TGT CTC ATC TCT ACA TTT GTC TTA ACT ATT CAA GAT GGT CCT TCT CTG CAT GAT CTG GAG CCT AGA ATG CTA TAC AAG GCA GAT GAG CGT GTG GAA CTA AAA TAT AAA CAA ATG CCG CAC TCT CGT GAA ATC AAG AAA TTC TTA CAA GAG AAC ATT ATG TCC AGG CAA AGA CGT GTT AGA TCT AAC GAG CAA CAA AAG TAT GAA TCC TTA TGT AAT TTA ATC GAA TCT GTT ATA CGA AAG CGT AGA TTA CCA ATG AAG AAG TCT TTG GGT GAA TGG TGG GAG AAA GCT GAG AGA ATT CAA TTC GAT ACT AAA TTA CGT GCT ACA GAC CGT AAA ATG CAT GTC AGA TCT GCT CCA CAC TTA GAA AAG CAA CAA AAA GGT 
Cgla                            AAG CCA AAA ATT AAT CAT AAG GAA ACT GAA ATT CGT AAG GGT AGA GAC TTG ATT TTT GAA TCT TAT AAA GGT CCT CAG AGA CAT CGT TCA AGT GAA CTG GAA GAT ACT AAC TCT CAC GAT GCT ACA AAG AGA GTT AAT ACC CCA GAT CAG ACT GCT TTA AAG TAT ATG TGG ATG ACC CTT GTT CAA GTT GTT CGT AAA ATG AGA ACT GCA AGA ACT ACT TCA GGT CCA ATG AAC ACT ATC CAA TCT CGT CCT AAA CAA TTT GGT CAG TTC GAT TCT CCA ATG GGT GAA ACA GGT ACA AAA GCA ATG AAA TCA ATC GAA GAG ACA TAC TCT AAA ACT AAT GAT TCA GGT ACC ATG GGT AAT TCT GCT GGT GAT TCT CCA ATT AAT ACC ATT CAA CGT GAA GTC AAG ATT ATG TCT AAG AAT TTC ATT GGA CAG GCA CCA TAT TTC CAA ATC AAG GCT GAT GCA CAA TCA GCA CAT AGA GCG TTC ATG TGG TTA ACC AAT GCT CAT CGT CGT AAA TTA GGA AAA AAG CAA ACT CCT TTT TGT CAG ACT AAG AAG CTG CGT GTT ACC GGT ATG GTT ATT AAG AAG ACT GAT CTA CAG GGT AAA GTG CAC CAT CAT TTC TCT GAC CAG CAT ACC CCT ATG GTT CAG GAT TAT GAT GAG GCT GTT TGT AAT TAT CTA GAA TTC ATT AAT GAA GAG GAA GAA GAA ATT CCA GAT GAA ATT TCT TTT GTT GAA GTT TTA ATT GCT CAA TCT CTA GAA CTA CAA GAG ACA TTA AAG GTT TGG GAG GGA CAC CAC GGT AAC AAG CGT AAC TGT TTA ATT GGT ACT TTC GTT CTT ACT ATT CAA GAT GGT CCA GCG TTA CAT GAC CTA GAA CCT AGG ATG TTA TAC AAA GCC GAC GAA CGT GTT GAA CTA AAA TAT AAA CAA ATG CCT CAT GCG CGT GAA ATT AAA AAG TTT CTA CAG GAA GAT ATT ATG TCA AGA AAT AGA CGT GTT AGA TCT AAT GAA GAA CAG AAA TAT GAA TCT TTG TGT AAT CTA ATT GAA TCT GTT GTG AGA AAA CGT AGA CTT CCT ATG AAA AAG TCT CTG CAT GAG TGG TGG GAA AAA GCT GAA AGA ATT CAG TTT GAT ACC AAG CTT AAA GCA ACC GAT CGT AAG ATG CAT GTT AGA TCA AAA CCT CAT TTG GAA AAG AAT CAA AAG GGT 
Agos                            AAG CCT AAG ATC AAC CAC AAG GAG ACA GAG GTT AGG AAG GGT AGA GAT TTG ATC TTT GAA TCT TAT AAA GGT CCA CAA AGA CAC CGC TCC TCT GAG TTG GAG GAT ACG AAC GCT CAC GAC GCT ACC AAG AGG GTG AAC ACG CCT GAC CAA ACG GCT ATT AAG TAT ACT TGG ATG ACA CTG GTT CAA GTC GTC AGG AAG ATG CGC ACT GCT AGG ACG ACC TCG GCG CCC ATG AAT AGT CTC CAG AGC CGT CCG AAG CAA TTT GGG CAG TTC GAT AGC CCT ATG GGT GAA ACC GGC ACT AAA GCA ATG CGC ACA ATC GAG GAA ACT TAT TCT AAA ACG AAC GAT ACA GGG ACA ATG GGC AAC TCT GCA GGT GAC TCG CCG GTT AGT ACG GTT CAG CGT GAG GTG AAG ATT ATG TCC AAG AAT TTC ATT GGT CAA GCT CCG TAT TTT CAA ATT AAG GCT AAT GCT CAG TCG GCT AGT CGG GCT TTC ATG TGG ATT ACC GGT GCT CAC CGT AGG AAA CTG GGT AAC AAG CAA ACC CCG TTT TGT CAG ACA AAG AAG TTG CGT GTG ACC GGA AAG GTG GTT AAG AAG AGT GAC CTG CAA GGT AAG CTA GTA CAC AGT TTC TCG GAC CAG CAC ACA CCG ATG GTT CAG GAC TAT AAT GAG GCG GTG TGT AAT TAT CTG GAG TTC GTG AAC GAG TAT GAA GAA GAA ATC CCA GAC GAG ATT TCT TTT GTG GAG GTC ATT ATC GCG CAG TCC CTG GAG CTG CAG GAG ACC TTG AAG GTT TGG GAG GGT CAT CAC GGG AAC AAG CGT ACT TGT TTG ATT GCG ACG TTC GTC CTG ACG ATC CAA GAT GGA CCT TCT CTG CAT GAT CTA GAG CCA AGA ATG CTG TAC AAG GCT GAC GAG CGA GTC GAA CTG AAG TAC AAA CAA ATG CCT CAC TCT CGA GAG GTG AAA AAG TTC CTG CAG GAA AAT ATC ACT TCG CGG GCG AGG CGT GTA CGT TCG AAT GAG GAG CAA AAG TAT GAG AGC CTA TGT AAC CTA ATA GAA GCT GTG CTA AGA AAA CGT AGG CTG CCG ATG AAA AAG TCG CTG AGT GAG TGG TGG GAG AAA GCT GAG CGC ATC CAA TTC GAT ACA AAG ATG CGC GCA ACG GAT CGT AAG ATG CAC GTC AGA ACA AAC CCT CAC CTA GAA AAG GCG CAG AAG GGT 
Klac                            AAA CCC AAA ATT AAC CAT AAA GAG ACA GAG GTC CGT AAG GGT AGA GAC TTG ATT TTC GAA TCC TAT AAG GGT CCT CAA AGA CAC CGT TCT TCT GAA TTA GAG GAT ACA AAT GCA CAT GAT GCA AGT AAG AGA ATA AAC ACA CCA GAT CAG ACT GCA TTG AAG TAT ACT TGG ATG ACT TTG GTT CAA CTC CTC CGT AAA ATG AGA ACT GCC CGT ACT ACC CCC GCA CCA ATG AAC AGT TTT CAA AGC CGT CCA AAA CAA TTT GGT CAA TTT GAT ACC CCC ATG GGT GAA ACT GGT ACC AAA GCT ATG AAA ACC ATT GAG GAA ACC TAC TCT AAA ACG AAT GAT ACC GGT TCC ATG GGT AAC TCC GCC GGT GAT ACT CCA GTC AAC ACA GTC CAA CGT GAA ATC AAG ATC ATG TCG AAA AAT TTC ATT GGG CAA GCC CCA TAT TTC CAA ATC AAA GCA GAT GCC CAA TCC GCC TCT CGC GCA TTT ATG TGG TTG ACG GGT GCT CAC CGT CGT AAA TTG GGG GCC AAA CAA ACT CCT TTC TGT CAA ACT AAA GAA CTA CGG GTT ACG GGT AGA GTT GTC AAG GAA AGT GAT CTG CAA GGT AAA ATT ATG CAT TCT TTC TCC GAC CAA CAT ACT CCA ATG GTG CAA GAT TAT GAT GAG GCC GTT TGT AAC TAT CTG GAA TTT GTC AAT GAA GAA GAA GAA GAA ATC CCA GAT GAG ATT TCT TTG GTC GAA CTC TTG ATC GCA CAA TCA CTT GAA CTG CAA GAA AGT ATC AAA GTG TGG GAG GGG CAC CAT GGT AAC AAA CGT AAT TGT ATC ATC GCA ACG TTT GTT CTA ACT ATT CAA GAC GGT CCC TCT CTT CAC GAT TTA GAG CCA AGA ATG TTA TAC AAG GCT GAC GAA CGT CTC GAA CTG AAA TAT AAA CAG ATG CCT CAC TCT CGT GAA GTC AAA AAA TTT TTG CAA GAG GAT ATC ACT TCC CGC AAG AGA CGT GTG AGA TCC AAT GAA GAG CAA AAG TAC GAG AGC ATT TGT AAT TTA ATT GAA GCA ATA ATT AGA AAA CGT AGA CTA CCT ATG AAA AAA TCC TTA TCT GAA TGG TGG GAA AGA GCA GAG AGA ATC CAA TTT GAC TCC AAG TTG AAA GCT ACT GAT CGT AAA ATG CAT GTT AGA ACC GCC CCT CAC ATT GAA AAA AAG CAA AAG GGT 
Calb                            AAA CCC AAA TTA AAC CAT AGA GAA ACT GAA ATT AGA AAA GGG AGA GAT TTG TTA TTT GAA TCT TAT AAA GGT CCA ACT AGA AAT AGA TCC TCT GAA TTA GAA GAT TCT AAT TCT CAT GAT GCT GCC AAA AGA GTT AAT ACT CCA TTG GAA ACG GCA ATT AAA TAT ATG TGG ATG ACA TTA GTA CAA ATT ATT AGA AAA ATG AGA ACG GCA AGA ACG ACT TCA ACA CCA ATG AAT AGT GTT CAA TCT CGT CCG AAA CAA TAT GGT CAA TTC GAT ACT CCC ATG GGT GAA ACT GGT ACA AAA GCA ATG AAA GGA ATT GAA GAA ACA TAT TCT AGA ACA GGT GAT GGA GGT GTT AAA GGA AAC TCT GCT GGG TTG AAT CCA ATT AAT ACT ATT TTG AGA GAA ATT AAA ATT ATG AGT AAA AAT TTC ATC GGT CAA GCA CCA TAT TTT CAA ATT AAG GCT AAT GCA TTG TCA GCA TCA AGA GCC TTC ATG TGG ATT ACT AAA GCT AAT AGA AGA AAG TTA GGT GCA AAG CAA GTT ATG TTT TGT CAA ACC AGA GAT TTA CGT GTT ACT GGT AGA GTT ATT AAA GAT AGT GAA ATG ACT GGG AAA AAA TAT CAT TCA TTC TCT GAT CAA CAT ACA CCG ATG GTT CAA TTG TAT AAT CAT GCT GTT TGT AAT TAT ATG GAA TTC GTG AAT GAA ACT GAA GAA GAA TTA CCT GAT GAA ATC TCT TTA GTC GAA ATT ATT ATT GCA CAA TCT TTG GAA ATG CAA GAA GCC ATG AAA GTT TGG GAG GGT CAT CAT GGT AAT AAG CGT AAT TGT ATG ATC ACA ACA TTT GTT TTA ACG TTA CAA GAT GGT CCC TCT TTA CAT GAT TTA GAA CCT AGA ATG TTG TAT AAA GCT GAT GAA AGA ATT GAA ATG AAA TAT AGA CAA ATG CCA AAT TCT AGA GAA GTG AAA AGA TTT TTA CAA GAA AAT TTA ATG TCA AGA AAA AGA CGT GTT AAT TCA AAC GAA GAA AAA AAA TAT GAA TCT GTT TGT GGT TTA ATT GAA TCT GTT AAA AGA AAA AGA AGA TTA ATG ATG AAG AAA TCA TTA TCA GAA TGG TGG GAA AGA GCT GAA AGA ATT AAA TTT GAT GTT AAA TTA AAA GCA ACT GAT CGT AAA ATG CAT GTT AGA GGA GCA CCC CAT GTT GAA AAA AAA CAA AAA GGT 



Printing out site pattern counts


         9        690  P

Scer                            AAA AAA AAA AAA AAA AAA AAA AAA AAA AAA AAA AAC AAC AAC AAC AAC AAC AAC AAG AAG AAG AAG AAG AAG AAG AAG AAG AAT AAT AAT AAT AAT AAT AAT AAT AAT ACA ACA ACA ACA ACC ACG ACT ACT ACT ACT ACT ACT ACT ACT ACT ACT ACT ACT AGA AGA AGA AGA AGA AGA AGA AGG AGG AGG AGT ATA ATA ATA ATC ATC ATC ATC ATC ATC ATC ATG ATG ATG ATT ATT ATT ATT CAA CAA CAA CAA CAA CAA CAA CAA CAA CAA CAA CAC CAG CAT CAT CAT CAT CAT CAT CAT CCA CCA CCA CCA CCA CCG CCG CCG CCT CCT CCT CGT CGT CGT CGT CGT CTA CTA CTA CTC CTC CTG CTG CTG CTT CTT GAA GAA GAA GAA GAA GAA GAA GAA GAA GAA GAA GAA GAA GAA GAC GAC GAC GAC GAC GAC GAG GAG GAG GAG GAT GAT GAT GAT GAT GCA GCA GCA GCA GCC GCT GCT GCT GCT GCT GCT GGA GGT GGT GGT GGT GGT GGT GTA GTA GTC GTT GTT GTT GTT GTT GTT GTT GTT TAC TAC TAC TAT TAT TAT TAT TCA TCA TCC TCC TCC TCT TCT TCT TCT TCT TCT TCT TCT TCT TCT TCT TGG TGT TGT TGT TTA TTA TTA TTA TTC TTC TTC TTC TTC TTG TTG TTG TTG TTG TTT TTT TTT 
Sbay                            ... ... ... ... ... ... ... ... ..G ..G ..G ... ... ... ... ... ..T ..T ..A ..A ..A ..A ..A ... ... ... ... ..C ..C ..C ... ... ... ... ... ... ... ..C ..G ..T ..T ..C ..A ..A ..C ..C ..C ... ... ... ... ... ... G.. ... ... ... ... ... ... ..G ..A ..A ..A ... ..T ..T ..T ... ... ... ... ..T ..T ..T ... ... ... ... ... ... ... ... ... ... ... ... ... ... ... ... ... ... ..T ..A ... ... ... ... ... ... T.C ... ... ... ..G ..G ..A ..A ..T ... ... ... ... ... ... ... ... ... ... T.G ... ..G T.A T.. T.. ..C ... ... ... ... ... ... ... ... ... ... ... ... ..G ..G ..T ... ... ... ... ... ..T ..A ..A ... ... ..C ... ... ... ... ... ..T ..T ..T ..T ..C ... ... ... ... .T. ..C ..C ..C ... ... ... ... ..C ..G ... ..C ... ... ... ... ... ... ... ..T ..T ..T ..C ... ... ... ..C ..G ... ..T ..T ..A ..C ..C ..C ..C ... ... ... ... ... ... ... ... ... ... C.G ... ..G ..G .A. ... ... ..T ..T C.A ..A ... ... ... ..C ..C ... 
Smik                            ... ... ... ... ... ... ... ..G ..G ..G ..G ... ... ... ..T ..T ..T ..T ..A ... ... ... ... ..A ... ... ... ..C ... ... ..C ... ... ... ... ... ..T ..C ... ... ... ..C ..A ... ..C ... ... ..C ..C ..C ..C ... ... ..C ... ... ... ... ... ..G ... ..A ... ... ... ... ..C ..T ..A ..A ... ... ... ..T ..T ... ... ... ..C ... ... ... ... ... ... ... ... ... ... ... ..G ..G ..G ..T ..A ..C ... ... ... ... ... ..C ... ... ..G ... ... ..A ..A ..A ... ... ... ... ... ... ... ... ... ..G ... ... ..A T.. ... T.. ... ... ... ... ... ... ... ... ... ... ..G ..G ..G ... ..G ... ... ... ... ..T ..T ... ..A ..A ... ... ... ..C ... ... ... ... ... ..C ..C ..T ..C ..A ... ... ... T.C ..C ..C ... ..C ... ... ... ..C ... ..T ..A ... ... ... ... ... ... ... ..T ..T ..T ... ... ... ... ..T ... ... ... ..T ... ..C ..C ... ... ..C ... ... ... ... ... ... ..C ..C ... C.. ..G ... ..G ... ... ..T ... ..T ... ..A ... ... ... ..C ... ... 
Spar                            ... ... ... ... ... ... ... ... ... ... ..G ... ... ..T ... ..T ... ..T ..A ..A ... ... ... ... ... ... ... ..C ... ... ... ... ... ... ... ... ... ..C ... ... ... ... ... ..C ... ... ... ... ... ... ... ... ... ..C ... ... ... ... ... ... ... ... ... ... ... ... ... ... ... ..T ... ... ..T ... ..T ... ... ... ... ... ... ... ... ... ... ... ... ... ... ..G ... ... ... ... ... ... ... ... ... ... ... ... ... ... ... ... ..G ..A ... ... ... ... ... ... ... ... ... ... ... ... ... ... ..T T.. ... ... ... ... ... ... ... ... ... ... ..G ..G ... ... ... ... ... ... ... ... ... ... ... ... ... ... ... ... ... ... ... ... ... ... ... ..G ..T ..T ... ..A ... ... ... ..C ... ..G ... ... ... ... ... ... ... ... ... ..C ... ... ... ... ... ... ... ... ..T ... ... ... ... ..C ... ... ... ... ... ..A ..C ... ... ... ... ... ... ... ... ... ..C ... ... ... ... ... ..G .A. ... ... ... ... ... ... ... ... ... ..C ..C ... 
Ncas                            ... ... ..G ..G ..G ..G CGT GCT ..G ..G ..G ..T ..T ..T ..T ... GG. ..T ... ..A ..A ..A ..A ..A ..A ..A ... ... ... ... C.A ..C ... ... ... GC. ... ... ..C ..T ..A ..A ... ... .TG ..G ..G ..A ..A ... ... ..A ... ..G ... ... ... ... C.T ..G C.. ..A ..A C.T ... ..T ..T ... ..T T.G ... ..T ..T ... ... ... ... ... ... ..C ..C ... ... ... ... ... ... ... TCC ... ... ... ... ..T ..A ... ..C ... ... ... ... ..C ... G.T ..T ... ... ..T ... ..A ..A ..A ..A ... ... ... ... ... T.. TCT T.. T.A T.G T.A T.. .AA ..C ..G ... ... ... ..G ..G ..G ... ... ... ... ... ..G ... ..C ... ..T ..T A.. ..T ..T ..A ..A ..A ... ... ... ... ... ... ... ..T ..T ..T ..A ..C ... ..A ..C T.. T.C ..T ..G ..A ... ... ... ... ..C ..T ..T ..G ... ..A ..G ... ... ... ... ..T ..T ..T ... ..C ... ... ..G ..T ..G ... ..T ... ... ..G ..C ... ..C ATA ..C ... ... ... ... ... ... ... C.G ..G ... ..G ..T ..T ... CAT ..T C.A ..A C.A ... ... ..C ..C ... 
Cgla                            ... ..G ... ... ... ..G ... ... ..G ..G ... ..T ..T ... ..T ..T GGT ..T ... ..A ... ... ... ..A ..A ... ... ... ..C ..C ... ... ..C ... ... ... ..T ..C T.T ..T ... ..T T.. ... .TG ..C ... ..C ... ..A ... ..A ..C G.. ... ... ... ... C.T ... ... ..A ... C.T ... ..T ..C G.G ..T T.A ..T ... ..T ..T ..T ... ... ... ..C ... ... ... ... ... ... ..G ..G ..G ..G ... ... ..G G.. ..T ..A ... ... ..C ..C ... ... ... ..T ... ..T ... ..T ..A ..T ..A ..A ... ... A.A ... ... ... ... ..T T.T ... ..T ..G ..A T.. GA. T.A T.A ... ... ... ... ... ..G ... ... ... ... ..G ... ... ..T ... ..T ..T ..T ..T ..T ..A ... ..A ... ... ... ..C ..C ... ..T ..T ... ..G ..T ... ..A ..C ... T.. A.A CAT ..A ... ... ... ... ... ..T ..T ..T ... ... ... ..C ... ... ... ... ... ..T ..T ... ..C ... ... ... ... ..T ..T G.G ... GG. ... ... ... ..A A.. ..A ... ... ... ... AC. ... ... C.. C.G C.G ... ..T ... ... CA. ... ..A ... C.A C.A C.T ... ..C ... 
Agos                            ..G ..G ... ... ..G ..G CGC ..C ..G ..G ..G ... ..T .CT ... ..T GG. ... ... ..A ... ... ... ..A ..A ... ... ..C ..C ..C GCG ..C ... ... .G. GG. ..T ..G .GC ... ..A ..A T.G ..C ... ..C ..G ..G ..G ..C ..G ... ..A G.. ... ..G C.C C.T ..G C.G ... ..A ..A C.A TC. ..C ..T C.. G.T ..T G.G ... ... ..T ..T .A. ... ... C.C ..A ... ..C ... ..G ..G ... ... ..G ... ..G ... ... G.G ... ..A ..C ..C ..C ... ..C ... ..C ..G ... ... ..T ..T ..T ..T ..C ..G ..A ..G A.G ..C ... ... ... A.G T.T ..G ..G T.G ..A T.. TAT T.G ..G ... ..G ..G ... ..G ..G ... ..G ... ..G ..G ..G ..G ..T ..T ... ..T A.T ..T ..T ..A ..A ..A ... ..C ... ..C ... ..C ..G ..T ... ..T ..T ..A ... ... ..G ... A.C A.T ... ..G ..C ..A ... ... ..C ..T ..G ..C ..A ... ..G ..G ..G ..G ... ..T ..T ..T ... ..C ..C ... ..G A.. ..T AG. ..T ..G G.G ... ..C ..G ..G A.C ..C ..C ... ... ... A.. ... ... C.. C.G ..G C.G ..T ... ..T G.A ... C.. C.A C.. C.. C.. ..C ..C ... 
Klac                            ... ... ... ... ... ..G ... GCC ... ... ..G ..T ..T ..T ... ..T GGT ... ..A .GA ..A ... G.A ... ..A ... ..A ... ..C ... ..G ..C ..C ..C ..C GG. ..T ..T ..C ... ..T ..T ... ..C ... ..G ..A ..A ..G ... ... ..C T.C G.A ... ... ... ... C.T C.C ... ..A ..A C.T TC. ..C ..C ..T G.. T.G G.. ..T ..T ..T ... .GA ... ... T.. ... ..C ..C ... ... ... ... ... ... ..G ... ... ... G.G ..T ... ... ..C ... ..C ... ..C ..C ..T ... ... ... ..T ..C ..T ..A ..A ... ..A ... ... ..G ... ... T.G T.G T.G ..A ..A T.A T.. GAA A.C ... ... ... ..G ..G ... ..G ... ... ... ... ... ..G ... ..T ... ..T ... ..T ... ..T ..A ..A ..A ... ... ... ..C ... ... ... ... ..T ... ..T ..C ..C ... ..C ..A AG. TCT ..G ... ... ... ... ... ..T ..G ..T C.C ..G ... A.C A.A ..C ... ..G ... ..T ... ... ..C ... ... C.C A.C ... AG. ..T ..C G.A ... ..A ..C ..C A.. ... ..G ..C ... ... A.. ... ... ... ... ... ..G ..T ..T ... A.G ..T ..A A.T C.. C.T ... ... ..C ..C 
Calb                            ... ... ... ..G ... ... ... GC. ... ..G ... ..T ..T ..T ... ... GGA ..T ..A .GA .GA ..A G.T ..A .GA ..A ..A GG. ... ... ..A ..C ... ... ... ..A ..G ..T ..T ..T ..A ..C .A. ... .TG ... T.. ... ..A ... ..G ..A GT. G.A ... ... ... .AT ... ... ... ..A ..A ..A TC. T.. ..T .A. ..T ..T G.G ..T T.A ... ... .GA .AA ... G.. ... ... ... ... ... TTG A.. ACT ... G.. ... ... ... G.. ..T ..A ... ... ... ... ... ... A.. ATG ..T ..T ... ..C ..C ..A ..A ..A ..A ..G A.A A.A ... A.A ... T.. T.. T.. T.A T.A T.A T.. ACT A.G T.A ... ... ... ... ... ..G ... ... ... ... ... ... ... ..T ..T TTG ..T A.T ..T ..T ..A ..A ..A C.T ..A ... ... ... ... ... ..T ... ..C ..T ... ..A ... ... T.. ..C TC. ... ... ... ... ..G ... ..T ..T ..T A.. ... ..A A.. ... ..C ... ... ..T ..T ..T ... ... ... ... ... GG. ..T ..T ..T ... A.A ... ... ..A ..A GT. ..C AG. ... ... ... A.. ... ... ... ... ... ... .AT ..T ..T .AT ... ... G.T A.. ... ..A ... ..C ... 

    3    1    3    2    2    3    2    2    1    3    2    1    1    1    1
    1    1    1    2    1    3    2    2    1    2    2    2    2    1    1
    2    1    1    1    1    1    1    1    1    1    2    1    1    1    2
    2    1    2    2    1    3    2    2    1    1    3    2    1    3    2
    2    1    1    2    1    2    1    2    4    3    2    1    3    2    1
    1    1   12    1    1    1    2    3    3    2    2    2    5    1    1
    2    1    4    1    1    1    1    2    1    2    1    3    2    1    1
    1    1    3    1    1    2    1    2    1    1    1    3    4    1    1
    1    2    1    1    1    1    2    1    2    1    1    1    4    1    2
    1    1    1    2    4    3    1    1    3    1    3    1    1    2    1
    1    1    1    2    2    1    2    1    3    2    1    1    1    4    1
    1    2    2    3    3    3    1    2    3    3    2    1    2    4    1
    1    1    2    1    1    1    1    1    1    1    1    1    3    1    3
    1    2    2    1    2    1    1    2    2    1    1    1    1    1    5
    2    1    3    1    1    1    1    1    1    1    1    3    1    2    4
    1    1    2    2    2

CODONML (in paml version 4.9j, February 2020)  temp.nuc
Model: One dN/dS ratio, 
Codon frequency model: Fequal
ns =   9  ls = 393

Codon usage in sequences
--------------------------------------------------------------------------------------------------------------------------------------
Phe TTT   6   6   8   2   7   6 | Ser TCT  14  11  12  11  16  15 | Tyr TAT   6   8   9   7   8   7 | Cys TGT   6   6   3   4   6   4
    TTC   7   6   5  10   5   7 |     TCC   5   8  10   7   9   0 |     TAC   3   5   0   3   1   2 |     TGC   0   0   3   2   0   0
Leu TTA   4   4   3   3   8   8 |     TCA   4   1   3   5   0   7 | *** TAA   0   0   0   0   0   0 | *** TGA   0   0   0   0   0   0
    TTG   9  11  11  11   9   3 |     TCG   0   3   0   0   3   0 |     TAG   0   0   0   0   0   0 | Trp TGG   5   5   5   5   5   5
--------------------------------------------------------------------------------------------------------------------------------------
Leu CTT   3   1   3   4   0   4 | Pro CCT   5   6   5   5   4   8 | His CAT  11   9   8  11   9  12 | Arg CGT  10  10  10  10  17  14
    CTC   3   4   2   2   2   0 |     CCC   0   0   0   0   0   0 |     CAC   1   0   4   1   4   4 |     CGC   0   0   0   0   0   0
    CTA   3   3   4   3   5   8 |     CCA   6   8  10   8  10   8 | Gln CAA  26  27  20  25  29  12 |     CGA   0   0   0   0   2   0
    CTG   3   2   2   2   2   3 |     CCG   5   2   1   3   1   0 |     CAG   1   0   7   2   0  11 |     CGG   0   0   0   0   0   0
--------------------------------------------------------------------------------------------------------------------------------------
Ile ATT   5  16   9  12  14  18 | Thr ACT  20  15   9  18   9  13 | Asn AAT  11   9  11  12  12  13 | Ser AGT   1   1   1   1   1   1
    ATC  16  10   8   9   7   3 |     ACC   2   7  15   5   1   9 |     AAC   7   9   7   6   5   4 |     AGC   0   0   0   0   0   0
    ATA   5   0   9   5   3   0 |     ACA   4   3   3   3  11   5 | Lys AAA  24  28  19  25  17  20 | Arg AGA  14  16  13  14   9  13
Met ATG  14  14  14  14  16  16 |     ACG   1   1   0   1   4   0 |     AAG  17  13  22  16  20  21 |     AGG   4   2   5   4   2   1
--------------------------------------------------------------------------------------------------------------------------------------
Val GTT  12  10  10  11   9  16 | Ala GCT  11  16   5   7  14   8 | Asp GAT   8   9  10   8  14  15 | Gly GGT  15   9  11  12  12  15
    GTC   2   8   2   3   2   1 |     GCC   1   1   4   2   2   1 |     GAC  10  10   8  10   2   4 |     GGC   0   9   7   0   1   0
    GTA   3   0   5   3   1   0 |     GCA   7   1   8   8   3   6 | Glu GAA  25  20  21  22  18  28 |     GGA   3   0   0   3   3   3
    GTG   0   1   0   0   5   2 |     GCG   0   0   0   2   0   3 |     GAG   5   9   9   8  11   6 |     GGG   0   0   0   3   3   0
--------------------------------------------------------------------------------------------------------------------------------------

--------------------------------------------------------------------------------------
Phe TTT   5   8   6 | Ser TCT   7   9  14 | Tyr TAT   8   6  11 | Cys TGT   4   4   4
    TTC   8   5   5 |     TCC   3   9   1 |     TAC   2   3   0 |     TGC   0   0   0
Leu TTA   0   5  18 |     TCA   0   1   8 | *** TAA   0   0   0 | *** TGA   0   0   0
    TTG   5   9   8 |     TCG   7   1   0 |     TAG   0   0   0 | Trp TGG   5   5   5
--------------------------------------------------------------------------------------
Leu CTT   0   2   0 | Pro CCT   6   5   2 | His CAT   2   6  10 | Arg CGT   9  14   5
    CTC   1   4   0 |     CCC   1   4   4 |     CAC  10   6   0 |     CGC   5   2   0
    CTA   6   3   0 |     CCA   3   8   6 | Gln CAA  12  21  16 |     CGA   2   0   0
    CTG  13   4   0 |     CCG   6   0   2 |     CAG  11   2   0 |     CGG   2   1   0
--------------------------------------------------------------------------------------
Ile ATT   8  11  18 | Thr ACT   6  13  12 | Asn AAT   7   7  17 | Ser AGT   6   4   3
    ATC   8  10   3 |     ACC   7   7   1 |     AAC  10   7   3 |     AGC   3   2   0
    ATA   1   2   0 |     ACA   9   4   8 | Lys AAA   9  26  34 | Arg AGA   5  13  29
Met ATG  14  14  22 |     ACG   9   4   4 |     AAG  29  12   5 |     AGG   7   0   0
--------------------------------------------------------------------------------------
Val GTT   7   6  16 | Ala GCT  13   4   7 | Asp GAT   8  14  14 | Gly GGT  10  14  14
    GTC   6   7   1 |     GCC   0   8   3 |     GAC   8   5   0 |     GGC   2   0   0
    GTA   2   0   1 |     GCA   3  10  10 | Glu GAA  10  24  33 |     GGA   2   0   4
    GTG   9   3   2 |     GCG   6   0   0 |     GAG  23  12   1 |     GGG   3   3   3
--------------------------------------------------------------------------------------

Codon position x base (3x4) table for each sequence.

#1: Scer           
position  1:    T:0.17557    C:0.19593    A:0.36896    G:0.25954
position  2:    T:0.24173    C:0.21628    A:0.39440    G:0.14758
position  3:    T:0.36641    C:0.14504    A:0.32570    G:0.16285
Average         T:0.26124    C:0.18575    A:0.36302    G:0.18999

#2: Sbay           
position  1:    T:0.18830    C:0.18321    A:0.36641    G:0.26209
position  2:    T:0.24427    C:0.21120    A:0.39695    G:0.14758
position  3:    T:0.36132    C:0.19593    A:0.28244    G:0.16031
Average         T:0.26463    C:0.19678    A:0.34860    G:0.18999

#3: Smik           
position  1:    T:0.18321    C:0.19338    A:0.36896    G:0.25445
position  2:    T:0.24173    C:0.21628    A:0.39440    G:0.14758
position  3:    T:0.31552    C:0.19084    A:0.30025    G:0.19338
Average         T:0.24682    C:0.20017    A:0.35454    G:0.19847

#4: Spar           
position  1:    T:0.17812    C:0.19338    A:0.36896    G:0.25954
position  2:    T:0.23919    C:0.21628    A:0.39695    G:0.14758
position  3:    T:0.34351    C:0.15267    A:0.32316    G:0.18066
Average         T:0.25360    C:0.18745    A:0.36302    G:0.19593

#5: Ncas           
position  1:    T:0.19593    C:0.21628    A:0.33333    G:0.25445
position  2:    T:0.24173    C:0.22137    A:0.38168    G:0.15522
position  3:    T:0.38677    C:0.10433    A:0.30280    G:0.20611
Average         T:0.27481    C:0.18066    A:0.33927    G:0.20526

#6: Cgla           
position  1:    T:0.16285    C:0.21374    A:0.34860    G:0.27481
position  2:    T:0.24173    C:0.21120    A:0.40458    G:0.14249
position  3:    T:0.43003    C:0.08906    A:0.30025    G:0.18066
Average         T:0.27820    C:0.17133    A:0.35115    G:0.19932

#7: Agos           
position  1:    T:0.13740    C:0.22646    A:0.35115    G:0.28499
position  2:    T:0.23664    C:0.21883    A:0.37913    G:0.16539
position  3:    T:0.26972    C:0.18830    A:0.16285    G:0.37913
Average         T:0.21459    C:0.21120    A:0.29771    G:0.27651

#8: Klac           
position  1:    T:0.16539    C:0.20865    A:0.34606    G:0.27990
position  2:    T:0.23664    C:0.22137    A:0.38422    G:0.15776
position  3:    T:0.32316    C:0.20102    A:0.29771    G:0.17812
Average         T:0.24173    C:0.21035    A:0.34266    G:0.20526

#9: Calb           
position  1:    T:0.20356    C:0.11450    A:0.40458    G:0.27735
position  2:    T:0.25445    C:0.20865    A:0.36641    G:0.17048
position  3:    T:0.38931    C:0.05344    A:0.42494    G:0.13232
Average         T:0.28244    C:0.12553    A:0.39864    G:0.19338

Sums of codon usage counts
------------------------------------------------------------------------------
Phe F TTT      54 | Ser S TCT     109 | Tyr Y TAT      70 | Cys C TGT      41
      TTC      58 |       TCC      52 |       TAC      19 |       TGC       5
Leu L TTA      53 |       TCA      29 | *** * TAA       0 | *** * TGA       0
      TTG      76 |       TCG      14 |       TAG       0 | Trp W TGG      45
------------------------------------------------------------------------------
Leu L CTT      17 | Pro P CCT      46 | His H CAT      78 | Arg R CGT      99
      CTC      18 |       CCC       9 |       CAC      30 |       CGC       7
      CTA      35 |       CCA      67 | Gln Q CAA     188 |       CGA       4
      CTG      31 |       CCG      20 |       CAG      34 |       CGG       3
------------------------------------------------------------------------------
Ile I ATT     111 | Thr T ACT     115 | Asn N AAT      99 | Ser S AGT      19
      ATC      74 |       ACC      54 |       AAC      58 |       AGC       5
      ATA      25 |       ACA      50 | Lys K AAA     202 | Arg R AGA     126
Met M ATG     138 |       ACG      24 |       AAG     155 |       AGG      25
------------------------------------------------------------------------------
Val V GTT      97 | Ala A GCT      85 | Asp D GAT     100 | Gly G GGT     112
      GTC      32 |       GCC      22 |       GAC      57 |       GGC      19
      GTA      15 |       GCA      56 | Glu E GAA     201 |       GGA      18
      GTG      22 |       GCG      11 |       GAG      84 |       GGG      15
------------------------------------------------------------------------------


Codon position x base (3x4) table, overall

position  1:    T:0.17670    C:0.19395    A:0.36189    G:0.26746
position  2:    T:0.24201    C:0.21572    A:0.38875    G:0.15352
position  3:    T:0.35397    C:0.14673    A:0.30223    G:0.19706
Average         T:0.25756    C:0.18547    A:0.35096    G:0.20601

Codon frequencies under model, for use in evolver (TTT TTC TTA TTG ... GGG):
  0.01639344  0.01639344  0.01639344  0.01639344
  0.01639344  0.01639344  0.01639344  0.01639344
  0.01639344  0.01639344  0.00000000  0.00000000
  0.01639344  0.01639344  0.00000000  0.01639344
  0.01639344  0.01639344  0.01639344  0.01639344
  0.01639344  0.01639344  0.01639344  0.01639344
  0.01639344  0.01639344  0.01639344  0.01639344
  0.01639344  0.01639344  0.01639344  0.01639344
  0.01639344  0.01639344  0.01639344  0.01639344
  0.01639344  0.01639344  0.01639344  0.01639344
  0.01639344  0.01639344  0.01639344  0.01639344
  0.01639344  0.01639344  0.01639344  0.01639344
  0.01639344  0.01639344  0.01639344  0.01639344
  0.01639344  0.01639344  0.01639344  0.01639344
  0.01639344  0.01639344  0.01639344  0.01639344
  0.01639344  0.01639344  0.01639344  0.01639344


TREE #  1:  (((((1, 4), (3, 2)), 5), 6), ((7, 8), 9));   MP score: 1068
This is a rooted tree.  Please check!
lnL(ntime: 16  np: 18):  -5794.688295      +0.000000
  10..11   11..12   12..13   13..14   14..1    14..4    13..15   15..3    15..2    12..5    11..6    10..16   16..17   17..7    17..8    16..9  
 0.069623 0.188319 0.505015 0.198903 0.130287 0.053353 0.000004 0.270478 0.313542 0.617073 0.495911 0.092789 0.322051 1.164802 0.601650 2.450724 1.951246 0.038677

Note: Branch length is defined as number of nucleotide substitutions per codon (not per neucleotide site).

tree length =  7.474525

(((((1: 0.130287, 4: 0.053353): 0.198903, (3: 0.270478, 2: 0.313542): 0.000004): 0.505015, 5: 0.617073): 0.188319, 6: 0.495911): 0.069623, ((7: 1.164802, 8: 0.601650): 0.322051, 9: 2.450724): 0.092789);

(((((Scer: 0.130287, Spar: 0.053353): 0.198903, (Smik: 0.270478, Sbay: 0.313542): 0.000004): 0.505015, Ncas: 0.617073): 0.188319, Cgla: 0.495911): 0.069623, ((Agos: 1.164802, Klac: 0.601650): 0.322051, Calb: 2.450724): 0.092789);

Detailed output identifying parameters

kappa (ts/tv) =  1.95125

omega (dN/dS) =  0.03868

dN & dS for each branch

 branch          t       N       S   dN/dS      dN      dS  N*dN  S*dS

  10..11     0.070   851.8   327.2  0.0387  0.0029  0.0760   2.5  24.9
  11..12     0.188   851.8   327.2  0.0387  0.0079  0.2055   6.8  67.2
  12..13     0.505   851.8   327.2  0.0387  0.0213  0.5511  18.2 180.3
  13..14     0.199   851.8   327.2  0.0387  0.0084  0.2170   7.2  71.0
  14..1      0.130   851.8   327.2  0.0387  0.0055  0.1422   4.7  46.5
  14..4      0.053   851.8   327.2  0.0387  0.0023  0.0582   1.9  19.0
  13..15     0.000   851.8   327.2  0.0387  0.0000  0.0000   0.0   0.0
  15..3      0.270   851.8   327.2  0.0387  0.0114  0.2951   9.7  96.6
  15..2      0.314   851.8   327.2  0.0387  0.0132  0.3421  11.3 112.0
  12..5      0.617   851.8   327.2  0.0387  0.0260  0.6733  22.2 220.3
  11..6      0.496   851.8   327.2  0.0387  0.0209  0.5411  17.8 177.1
  10..16     0.093   851.8   327.2  0.0387  0.0039  0.1012   3.3  33.1
  16..17     0.322   851.8   327.2  0.0387  0.0136  0.3514  11.6 115.0
  17..7      1.165   851.8   327.2  0.0387  0.0492  1.2710  41.9 415.9
  17..8      0.602   851.8   327.2  0.0387  0.0254  0.6565  21.6 214.8
  16..9      2.451   851.8   327.2  0.0387  0.1034  2.6742  88.1 875.0

tree length for dN:       0.3155
tree length for dS:       8.1561


Time used:  0:13
