      9    969

Scer                            GGC TTT ATA TGG ATT TCT CAA CGT AGA TAT TTC AAT CTT AAT ATT GCT AGA AAT TGG ACC TTC CCT TTA ACG GAA TAT TTA ATT AGA AGG ATG GGC TTT GGG TTA ATT AGA CTC TTC TGG GAC ACC CAA TAC TAT GAA ACG AGA GTC TCT CAT TCT TTC CGA AGA TTA ATT CGT AGG AAT TCT TTC CCA AAT CTG GAC CAA CCA CGT GCT TTC GAA TTC GTC GTC AAT ATT TAC CAA TTT TGG AGA AAG TTA GGC TAT ATA TAT AAT CGT CCT AGA AGA ATA ATC AGA CGT TTC ACC GAA ATC ATT TTA TCT TTT TAC CAC TAC TTT CTT ATT AAT AGA TAT CTT ACT ATA AGA CGT AGA CAA TCT CCA ACG TAC CGT ATT AGA ACT TGG ATG GGA AAT CTA GAC TAC TAT CAC ACA TAT AGG ACC AAT ACG TTT CGT GTA CCA GGT GCT TGG GAA GAT ACC AAT AGA AGA GTA AGA TAT GAT AGA AGA CGT CAA TCT ACC TTC TTC CCA TCA CTG TGG TAC GAA CAG TTA GAC AGA AGG TTA AGA ATA TGG TCT GTC TTT TTA CAG TGG AAC TAC TAC GTG TTT GAT AAC GTA CGT CGT TTA AGA ATA TCG TTC TTT AGA TTT ACT GTA GAA TTT GAA TGG TAC AGA AGA TTC GAC AAT TTC GCC GAA CGT TAT TAT AAC AGG ACC TTC CTT TTC TAC TAC CGT TAT TTC TTT TTA TGG CGT AGA TTC AGA CGG CTA AGA CAA TAT TTT TTT TTT AGT GCT TCT GGT TTC ACC TTC TAC GCT ACT CTA TTT ACC GCT AGA AGG AGA ACG GGT ACT CCT AGA TGG CCT CGT AGA CTT AGA TGG AGA GTT GCT CGT TTC GTA ATT TAC TTA TGG AGA TAC CGT ATC GAC AAT TTC AGT CAT TTT TAT ATT TGG TAT ATA TTT CGT TTC CTT AAG GCT ATT ATA TTA TTC ACC AAT TGG TAC CAG TAC TGG 
Sbay                            GGT TTT ATA TGG ATT TCC CAA CGT AGA TAC TTC AAT CTT CCT ATT GCT AGG CCT TGG ACT TTC CCC CTA ACG GAA TAC TTG ATT AGA AGA CTG GGT TTT GGT CTG ATC AGA CTC TTC TGG GAC ACT CAA TAC TAC GAA ACT AGA GTC TCC TAT TCG TTC AAT AGA TTA ATA CGT AGA AAT TCG TTC CCA AAT TTG GAC CAA CCA CAT GCA TTC GAA TTC GTT GTT AAT ATC TAC CAA TTC TGG AGA AAA TTA GGT TAC ATA TAC AAC CGT CCT AGA AGG ATA ATC AGA CGT TTC ACT GAA ATC ATC TTA TCG TTT TAC CAC TAC TTT CTT ATC CCT AGA TAT TTG ACT ATA AGA CAT AGA CAA TCT CCC ACG TAC AGA ATC AGA ACT TGG ATG GGA CCT TTG GAC TAC TAC CAC ACT TAT AGA ACT AAT ACT TTT CGT GTA CCC GGT GCT TGG GAA GAT ACT CCT AGA AGA GTA AGA TAT GAT AGA AGA CGT CAA TCC ACT TTC TTC CCC TCA CTG TGG TAC GAA CAG TTA GAC AGA AGA TTA AGA ATA TGG TCG ATC TTT CTA CAG TGG AAT TAC TAC GTT TTT GAT AAC GTG CGT CGT CTA AGA ATA TCG TTC TTT AGA TTT ACT GTA GAA TTT GAA TGG TAC AGA AGA TTT GAC AAT TTC GCC GAA CGT TAT TAC AAC AGA ACT TTC CTG TTC TAC TAC CGT TAT TTT TTT CTG TAC CGT AGA TTC AGA CGA TTG AGA CAA TAT TTT TTT TTC AGT GCT TCC GGT TTC ACT TTT TAC GCT ACT TTG TTT ACT GCT AGA AGA AGA ACT GGT ACT CCC AGA TGG CCT AGA AGA CTG AGA TGG AGA GTT GCT AGA TTC GTA ATT TAC TTG TGG AGA TAC CGT ATC GAC AAC TTT AGT TAT TTT TAC ATC TGG TAT ATA TTT CAT TTT CTG AAA GCT ATA ATA TTG TTC ACT CCT TGG TAC CAG TAC TGG 
Smik                            GGC TTC ATA TGG ATG TCT CAA CGT AGA TAT TTC AAT CTT AAT ATG GCT AGG AAT TGG ACC TTT CCT TTG ACA GAA TAT TTA ATT AGA AGA ATG GGC TTT GGC TTG ATC AGA CTC TTC TGG GAC ACC CAA TAT TAT GAA ACG AGA GTC TCT CAT TCT TTC AAC AGA TTA ATA CGT CGT AAC TCT TTC CCA AAC CTA GAC CAA CCA CGT GCT TTT GAA TTT GTT GTT AAT ATC TAT CAA TTT TGG AGA AAG CTA GGC TAT ATA TAT AAT CGT AAT AGA AGG ATA ATT AGA CGT TTT ACC GAA ATC ATT TTG TCT TTC TAC CAC TAT TTT CTT ATT AAT CGT TAT CTT ACT ATA AGA CGT CGT CAA TCT CCT ACA TAT CGT ATC AGA ACT TGG ATG GGA AAT TTA GAC TAT TAT CAC ACG TAT CGT ACC AAT ACG TTT CGT GTA CCT GGT GCT TGG GAA GAT ACC AAT CGT AGA GTA AGA TAT GAT AGA AGA CGT CAA TCT ACC TTT TTT CCT TCA CTG TGG TAC GAA CAG TTA GAC CGT AGG TTA AGA ATA TGG TCT GTT TTT TTG CAG TGG AAC TAC TAC GTG TTT GAT AAC GTA CGT CGT TTG AGA ATA TCA TTT TTT AGA TTT ACT GTA GAA TTT GAA TGG TAT AGA AGA TTT GAC AAC TTC GCC GAA CGT TAT TAT AAC AGG ACC TTT TTA TTT TAT TAT CGT TAT TTC TTC TTG TAT CGT AGA TTT CGT CGA TTA AGA CAA TAT TTT TTT TTT AGT GCT TCT GGT TTT ACC TTT TAT GCT ACT ATG TTT ACC GCT AGA AGA AGA ACG GGT ACT CCT CGT TGG CCT CGT AGA TTA AGA TGG AGA GTT GCT CGT TTC GTA ATG TAT TTA TGG AGA TAC CGT ATC GAC AAC TTC AGT CAT TTT TAT ATT TGG TAT ATA TTC CGT TTT TTA AAG GCT ATA ATA TTA TTC ACC AAT TGG ACT CAG TAT TGG 
Spar                            GGC TTT ATA TGG ATT TCC CAA CGT AGA TAT TTT AAT CTT AAT ATT GCT AGG AAT TGG ACC TTC CCT TTA ACG GAA TAT TTA ATT AGA AGA ATG GGC TTT GGA TTA ATT AGA CTC TTC TGG GAC ACC CAA TAC TAT GAA ACG AGA GTC TCC CAT TCT TTC AAT AGA TTG ATA CGT CGT AAT TCT TTC CCA AAT CTG GAC CAA CCA CGT GCC TTC GAA TTC GTT GTT AAT ATT TAC CAG TTT TGG AGA AAG TTA GGC TAT ATA TAC AAT CGT AAT AGA AGG ATA ATT AGA CGT TTC ACC GAA ATT ATT TTG TCT TTT TAC CAC TAT TTT CTT ATT AAT CGT TAT CTT ACT ATA AGA CGT CGT CAA TCT CCT ACG TAC CGT ATT AGA ACC TGG ATG GGA AAT TTA GAC TAT TAC CAC ACG TAT CGT ACC AAT ACG TTT CGT GTA CCT GGT GCT TGG GAA GAT ACC AAT CGT AGA GTA AGA TAT GAT AGA AGA CGT CAG TCC ACC TTC TTC CCT TCA CTG TGG TAC GAA CAG TTA GAC CGT AGG TTA AGA ATA TGG TCT GTC TTT TTA CAG TGG AAC TAC TAC GTG TTT GAT AAC GTA CGT CGT TTA AGA ATA TCG TTC TTT AGA TTT ACT GTA GAA TTT GAA TGG TAC AGA AGA TTC GAC AAT TTC GCC GAA CGT TAT TAT AAC AGG ACC TTT CTA TTC TAT TAT CGT TAT TTT TTT TTA TAT CGT AGA TTC CGT CGG TTA AGA CAA TAT TTT TTT TTT AGT GCT TCC GGT TTC ACC TTC TAT GCT ACT CTA TTT ACC GCT AGA AGG AGA ACG GGT ACT CCT CGT TGG CCT CGT AGA CTA AGA TGG AGA GTT GCT CGT TTC GTA ATT TAT TTA TGG AGA TAC CGT ATC GAC AAT TTT AGT CAT TTT TAT ATT TGG TAT ATA TTT CGT TTC CTA AAG GCT ATA ATA TTA TTC ACC AAT TGG ACA CAG TAT TGG 
Ncas                            GGT TTT TTA TGG ATT TCG CAA AGA AGG TAC TTC AAC GTG CCT ATT GCT AGA CCT TGG ACT TTC CCT CTA ACT GAA TAT TTA GTG AGA AGA ATG GGT TTT GGC TTA ATT AGA CTA TTT TGG GAT ACT CAG TAC TAT GAA ACA AGA GTC TCG TAT TCG TTT AAC AGA TTG ATT CGT CGT AAC TCG TTT CCA AAC TTG GAT CAA CCA CAC GCT TTC GAA TTC GTT GTC AAT ATT TAC CAA TTC TGG AGA AAG CTA GGT TAT ATT TAT AAC AGA CCT AGA AGG ATT ATT AGA CGT TTC ACT GAA ATC ATT TTG TCG TTC TAT CAT TGG TTT GTG ATT CCT AGA TAT TTA ACC ATA AGG CAC AGA CAA TCT CCT ACT TAT AGA ATT AGA GGT TGG TTA GGT CCT TTA GAT TAC TAT CAT ACC TAT CGT ACT AAC ACA GTG CGT GTT CCT GGT GCT TGG GAA GAT ACT CCT AGA AGG GTT AGA TAT GAT AGA AGA CGT CAA TCG ACT TTC TTC CCT TCT TTG TGG TAT GAA CCT TTG GAT AGA AGA CTC AGA TTA TGG TCG GTC GTG CTA CCT TGG AAC TAT TAT GCT TTT GAT AAT ATT AGA CGT CTA AGA TTA TCC TTC TTT AGA TTC ACC GTT GAA TTT GAA TGG TAC AGA AGA TTT GAT AAT TTT TCA GAA AGA TAT TAT AAT AGA ACT TTC TTA TTC TGG TGG AGA TAT TTC TTC TTA TGG CGT AGA TTC AGA CGA TTA AGA CAA TAC TTT TTC TTC AGT GCT TCG GGT TTC ACT TTT TAC GCT ACC TCC TTC ACT GCT AGG AGA AGA ACA GGT ACC CCT AGA TGG CCT AGA AGA TTA AGA TGG AGA GTC GCT AGA TTT GTT ATT TGG TTA TGG AGA TAC CGT CTC GAC AAT TTC AGT TAT TTT TAT ATT TGG TAT ATT TTC CAC TTT TTA AAG GCT ATT ATT TTA TTT ACT CCT TGG TAC CCT TGG TGG 
Cgla                            GGA TTC ATT TGG ATA TCA CAA AGA CGT TAC TTT GCT CTT CCT ATA GCT CGG CCT TGG ACT TTC CCA CTA ACT GAA TAT TTG ATT AGA AGA TTG GGA TTT GGT CTA ATA AGA ATG TTT TGG GAT ACT CAA TAC TAT GAA ACA AGA GTT TCA TAT TCT TTT CGA AGA TTG ATT CGT CGA AAT TCT TTT CCA CGG TTG GAT CAA CCA CAT GCT TTC GAA TTC GTT GTA AAT ATA TAC CAG TTC TGG AGA AAA CTT GGA TAT GTC TAT AAT AGA CCT AGA CGT GTC ATA AGA CGT TTC ACT GAA ATC ATT CTG TCT TTT TAC CAC TGG TTT CTT ATT CCT AGA TAC TTG ACT ATC CGT CAT AGA CAA TCA CCA ACT TAC AGA ATA AGA ATG TGG CTG GGT CCT TTG GAT TAC TAT CAC ACT TAC CGA ACT GCT ACA TTT CGT GTT CCA GGT GCT TGG GAA GAT ACT CCT AGA CGT GTT AGG TAT GAT AGA AGG CGT CAG TCA ACT TTC TTC CCA TCT TTG TGG TAC GAA CCA TTA GAT AGA AGA CTG AGA ATT TGG TCT GTT TTT CTA CCA TGG AAC TAT TAT GTA TTC GAT AAC ATT AGA CGT CTA AGA ATT TCT TTC TTT AGA TTA ACT GTT GAA TTT GAA TGG TAC AGA AGG TTT GAT CAC TTC TCC GAA AGA TAC TAT AAC AGA ACT TTC TTA TTC TGG TGG AGA TAT TTC TTT CTA TGG CGT AGA TTC AGA GTC TTG AGA CAA TAC TTC TTA TTC AGT GCA TCA GGT TTC ACT TTT TAC GCT ACT GCG TTT ACT GCT CGT AGA AGA ACA GGT ACT CCA AGA TGG CCG AGA AGA TTA AGA TGG AGA GTT GCT AGA TTC GTT ATA TGG TTG TGG AGA TAC CGT ATT GAT CGG TTC AGT TAT TTT TAT ATT TGG TAC GTC TTT CAT TTT TTA AAA GCT ATT GTC TTG TTC ACT CCT TGG TAC CCA TGG TGG 
Agos                            GGG TAC TTA TGG ATC TCG CAG CGC CGC TAC TTT GCT ACA CCC ATC GCC CGT CCC TGG ACC TTC CCC CTG ACG GAG TAC TTG GTT CGG CGG ATG GGG TTC GGC TTA ATT AGA ATG TTC TGG GAC ACC CAT TTC TAC GAA ACA AGA GTT TCG TAT TCC TTC AAC CGC CTC ATT CGC CGG CAC TCC TTC CCC CAT CTG GAC CAG CCC CAT GCC TTC GAA TTC GTT GTG AAC ATT TAC CAG TTT TGG CGG AAG ATA GGG TAC ATA TAC AAT CGC CCC CGG CGT ATA ATA AGA CGC TTC ACC GAA ATT ATT CTG TCC TTC TAC CAC TAC TTT ACA ATC CCC AGA TAC CTC ACC ATA CGC CAT AGA CAG GCC CCC ACG TAC AGA ATT AGA AAT TGG ATG GGC CCC TTG GAC TAT TAC CAC ACA TAT CGG ACC GCT ACA ATC CGT GTG CCC GGA GCC TGG GAA GAC ACC CCC AGA CGC GTG AGA TAC GAC CGT AGA CGC CAG TCG ACC TTC TTC CCC CCA ATA TGG TAC GAA GCC CTC GAC AGA CGC TTG AGA TTA TGG TCC GTG ATC CTG GCC TGG AAT TAT TAT GGG TTC GAC AAT ATT CGC CGT CTG AGA TTA TCT TTC TTT CGG TTC ACC GTG GAG TTT GAA TGG TTC AGA AGA TTT GAC CAT TTT GCC GAG CGC TAT TAC AAT CGC ACC TTC CTG TTC TAC TAC CGC TAC TTT TTC TTA TAC CGC AGA TTC AGA CGT TTG AGA CAG TAC TTC TTC TTT TCG GCT TCG GGA TTC ACC TTT TAT GCC ACC TCG TTC ACC GCC CGC CGG AGA ACA GGA ACC CCC AGA TGG CCA AGA AGA CTG AGA TGG AGA GTT GCC AGA TTC GTG ATC TAC TTG TGG AGA TAC CGT GTG GAC CAT TTT TCG TAT TTT TAC ATC TGG TAC ATA TTC CAT TTT CTG AAG GCC ATT ATA TTG TTC ACC CCC TGG TAC GCC TAC TGG 
Klac                            GGT TTC CTC TGG ATT TCA CAA AGA AGA TAC TTC GCC ACG AAT ATT GCT AGA AAT TGG ACT TTT CCA TTA ACC GAA TAT CTA ATT AGA AGA ATG GGT TTC GGC TTA ATC AGA ATG TAT TGG GAC ACT CTT TTC TAT GAA ACT CGT GTC TCA CAC TCG TAT AGA AGA TTG ATC CGT AGA AAC TCG TAT CCA GCA TTG GAC CAA CCA CGT GCC TTT GAA TTT GTT GTT AAT ATC TAT CAA TTC TGG AGA AAG ATA GGT TAC ATC TAT AAT AGA AAT AGA AGG ATC ATC AGA CGT TTT ACT GAA ATC ATT TTG TCG TTT TAC CAC TAC TTT ACG ATC AAT AGA TAT CTA ACC ATT AGA CGT AGA CAA GCC CCA ACC TAC AGA ATC CGT ATG TGG ATG GGT AAT CTA GAC TAC TAT CAC ACT TAC AGA ACT GCC ACT TTC CGT GTG CCA GGA GCT TGG GAA GAT ACT AAT AGA AGA GTG AGG TAC GAT AGA AGG CGT CAA TCA ACT TTT TTC CCA TCC CTA TGG TAC GAA CCG TTG GAC AGA AGA TTG AGA CTC TGG TCG GTG TTC TTA CCG TGG AAT TAT TAT GTT TTT GAT AAC ATG AGA CGT TTA CGT CTC TCT TTT TTC AGA TTT ACC GTG GAA TTT GAA TGG TTC AGA AGG TTC GAC CCA TTT GCG GAA AGA TAC TAT AAC AGA ACT TTC CTT TTT TAC TAC AGA TAC TTT TTT TTA TAC CGT AGA TTT AGA TGT CTA AGA CAA TAC TTT TTT TTC TCT GCT TCA GGT TTT ACT TTC TAC GCT ACC TCC TTC ACT GCT AGA AAG CGT ACT GGT ACC CCA AGA TGG CCT AGA AGA CTT AGA TGG AGA GTA GCT AGA TTC GTG ATT TAC CTA TGG CGT TAC CGT CAA GAT GCA TTT TCT CAC TTT TAT ATC TGG TAT ATC TTT CGT TTC CTT AAG GCT ATC ATC CTA TTC ACT AAT TGG ACG CCG TAC TGG 
Calb                            GGC TTC TTG TGG ATG TCT CAA CGT CGT TAC TTT AGT ATC AAT ATG GCT AGA AAT TGG ACT TTC CCA TTG ACA GAA TAT TTG ATT CGT AGA TTG GGC TTT GGA TTG ATC AGA TTG TTT TGG GAT ACT AAT TAT TAT GAA TGT AGA GTT TCT CAT TCC TTT AAT AGA TTA GTT AGA AGA AAT TCC TTT CCT TCC TTG GAT CAA CCT AGA GCT TTC GAA TTC ATA GTG AAT ATC TAT CAA TTC TGG CGT AAG TTA GGC TAT ATT TAC AAT CGT AAT CGT CGT ATT ATC AGA AGA TTC ACT GAA ATT ATT TTG TCC TTT TAC CAC TAT TTT ATC TTA AAT AGA TAT TTA AGT ATT CGT AGA AGA CAA TCA CCA ACA TAT AGA ATC AGA TCC TTA TTG GGT AAT TTG GAT TAC TAC CAC ACC TAT AGA ACT AGT TGT TAT CGT ACT CCA GGA GCT TGG GAA GAT ACT AAT AGA CGT ACT AGT TAT GAT AGA AGT AGA CAA TCT ACT TTC TTC CCA ATT ATA TTA TAC GAG AGT TTA GAT AGA CGT TTA AGA TTG TGG TCC GTT TAT TTG AGT TGG AAT TAT TAT TTG TTT GAT AAT ATA AGA AGA TTG AGA TTG TCT TTC TTC CGT TTT AGT ACT GAA TTT GAA TGG TAT AGA AGT TTC GAT AAT TTC ACT GAA AGA TAT TAT AAT CGT ACT TTC TTG TTC TAT TAT CGT TAT TTC TTT TTG TAT AGA AGA TTC AGA CTA TTG AGA CAA TAT TTT TTT TTC TCA GCT TCT GGT TTC ACT TTC TAC GCT AGT ACC TTT ACT GCT CGT AGA AGA TGT GGT AGT CCA AGA TGG CCA AGA AGA TTG AGA TGG AGA GTC GCT AGA TTC ACT ATG TAT TTG TTT AGA TAC CGT TCC CCG TCC TTC TCA CAT TTT TAT TTA TGG TAT ATT TTT AGA TTC TTG AAG GCT GTT ATT TTG TTC ACT AAT TGG ACC AGT TAT TGG 



Printing out site pattern counts


         9        450  P

Scer                            AAC AAC AAG AAT AAT AAT AAT AAT AAT AAT AAT ACA ACC ACG ACG ACT ACT AGA AGA AGA AGA AGA AGA AGA AGA AGA AGA AGG AGG AGG AGG AGT ATA ATA ATA ATC ATC ATC ATG ATG ATT ATT ATT ATT ATT ATT CAA CAA CAA CAC CAG CAT CCA CCA CCT CCT CCT CGA CGG CGT CGT CGT CGT CGT CGT CGT CTA CTA CTC CTG CTG CTT CTT CTT GAA GAA GAA GAC GAC GAT GCC GCT GCT GCT GGA GGC GGG GGT GGT GTA GTA GTC GTC GTC GTC GTG GTT TAC TAC TAC TAC TAC TAC TAC TAC TAC TAT TAT TAT TAT TAT TAT TAT TAT TCA TCG TCT TCT TCT TGG TGG TGG TGG TTA TTA TTA TTA TTA TTA TTA TTA TTC TTC TTC TTC TTC TTC TTC TTC TTC TTT TTT TTT TTT TTT TTT TTT TTT TTT TTT 
Sbay                            ... ..T ..A ..C ..C ... ... ... ... ... CC. ..T ..T ... ..T ... ... ... ... ... ... ... ... ... ... ..G ..G ..A ..A ..A ..A ... ... ... ... ... ... ... ... C.. ..A ..C ..C ..C ... ... ... ... ... ... ... T.. ... ..C ..C ... ... AAT ..A A.A .A. ... ... ... ... ... T.G T.G ... ... T.. ..G ... T.G ... ... ... ... ... ... ... ..A ... ... ... ..T ..T ... ... ... ..G A.. ... ..T ..T ..T ... ... ... ... ... ... ... ... ... ... ..C ..C ..C ..C ... ... ... ... ... ... ..C ..G ... .AC ... ... ... C.. C.G ... ... ... ... ... ..G ... ... ... ... ... ... ... ..T ..T ..C ... ... ... ... ... ... ... ... ... 
Smik                            ... ... ... ..C ... ..C ..C ..C ... ... ... ..G ... ..A ... ... ... ... ... ... ... ... ... ... C.T ..G ..G ..A ..A ... C.T ... ... ... ... ... ... ..T ... ... ..A ..C ... ... ..G ... ... ... ... ... ... ... ... ..T ... AA. ... AAC ..A ... ... ... ... ... ... ... A.G T.. ... ... ..A T.A ... ... ... ... ... ... ... ... ... ... ... ... ... ... ..C ... ... ... ... ..T ... ..T ..T ... ... ACT ... ... ... ..T ..T ..T ..T ..T ... ... ... ... ... ... ... ... ... ..A ... ... ... .AT ... ... ... ..G ..G C.. ... ... ... ..G ... ... ... ... ... ..T ..T ..T ... ..T ... ..C ..C ... ... ... ... ... ... ... 
Spar                            ... ... ... ... ... ... ... ... ... ... ... ..G ... ... ... ..C ... ... ... ... ... ... ... ... C.T ..G ..G ..A ... ... C.T ... ... ... ... ... ..T ..T ... ... ..A ... ... ... ... ... ... ... ..G ... ... ... ... ..T ... AA. ... AAT ... ... ... ... ... ... ... ... ... T.. ... ... ... ..A ... ... ... ... ... ... ... ... ... ..C ... ... ... ... ..A ... ... ... ... ... ... ..T ..T ... ... ACA ... ... ... ... ... ... ..T ..T ..C ... ... ... ... ... ... ... ... ... ..C ... ... .AT ... ... ... ... ... ... ... ... ..G ..G ... ... ... ... ..T ... ... ..T ..T ... ... ... ... ... ... ... ... ... ... ... 
Ncas                            ..T ... ... ... ..C ..C ..C ... ..C ... CC. ..C ..T ..T ..A GG. ..C ... ... ... ... ... ... ..G ... ... ..G ..A ..A ..A C.T ... ... ..T T.. C.. ... ..T T.A ... ... ... ... ... ... G.G ... ..G ... ..T .CT T.. ... ..T ... ... ... AAC ..A A.A .AC A.A A.A ... ... ... TCC T.. ..A T.. T.. T.A G.G T.A ... ... ... ... ..T ... T.A ... ... ... ..T ..T ..C ... ... ..T A.T ... ... ... ..T .CT ..C ... ... ..T ..T ... ... ..T ... .GG ... ..C ... ... ..C ... ... ... ..T ..C ..G ..G ... ... ... ... ... C.. ... C.. C.C ..G ..G ..G ... ..T ..T ..T ... ... ... ... ... ..T ..C ..C ... G.G ..C ..C ... ... ... ... 
Cgla                            ... ... ..A CGG ... ... CGG C.C GC. ... CC. ..T ..T ..T ..A .TG ... ... ... ... ... ... ..G C.T ... C.G C.T ..A ..A ..A C.A ... ..C G.C ..T ..T ... ..A C.. T.. ... ..A ... ... ..A ... ... ... ..G ... .CA T.. ... ... ..A ... ..G ... GTC A.A .A. A.A A.A ... ... ... GCG T.G A.G T.. T.. T.A ... T.G ... ... ... ..T ..T ... T.. ... ..A ... ..T ..A ..T ... ... ..T A.T ..T ..T ..A ..T ..A ... ... ... ... ..T ... ... ... ... .GG ... ..C ... ... ..C ..C ..C ... ..T ..T ..A ... ..A ... ... ... ... C.. C.. C.T C.G ... ..G C.G ..G ... ... ..T ..T ... ... ... ... ..T ..C ... ..C ... ..A ... ..C ... ... ... 
Agos                            ..T ..T ... C.. ... C.C C.. C.. GC. ..C CCC ... ... ... ..A .A. ..C ... ... C.C C.G C.T ... C.C ... C.T C.T C.. C.. C.C C.. TCG ... ... T.. G.G ..T ..A ... ... ... ... ..C ... ..C G.. ..G ..T ..G ... GCC T.. ..C ..C ..C ..C ..A AAC ..T A.A .A. ..C ..C ..C ... ... TCG T.G A.G A.A ... ..G ACA ..C ... ... ..G ... ... ..C ... ..C ... ..C ..C ..G ..C ..A ..A ..G A.T ..G ..T ..G ..T .G. ... ... ... ... ..T ... .T. ... ..T ... ..C ..C ..C ..C ..C ..C ... ..C C.. ..T ..G ..C G.C .AC ... ... ... C.G ... A.. ..G C.C C.C C.G ..G ... ..T ... ..T ... ... ... ..T ..T ... ..C .AC A.C ..C ..C ..C ..C ... ... 
Klac                            ... ..T ... GCA ... ..C GCA CCA GCC ... ... ..T ..T ..C ..T .TG ..C ... C.T ... ... ... ..G ... ... ... ..G ..A .A. ..A ..A TC. ..T ..C C.C CAA ... ... ... ... ..C ..C ..C ... ... ... ... .TT ... ... .C. ..C ... ... ..A AA. ... A.. T.T A.A ... A.A A.A ... ... ... TCC ... A.G ..A T.. ... ACG ..A ... ... ... ..T ... ... ..G ..C ... ... ..T ..T ..C ..A ... ..G A.G ..G ... ..T ..T ..T ..A ACG ... ... ..T ..T .T. ... ... ... ... ..C ..C ... ..C ... ..C ..C ..C ..T ..A ..G G.C .AC ... ... ... ... ... A.. ..G ..G ..G ..G C.. ... ..T .AT ... ... ..T ... ..T ... ..C ... ..C ..C ... ..C ... ..C ..C ... 
Calb                            ..T ..T ... TCC ... ... TCC ... .G. ... ... ..C ..T ..A TGT T.C .G. ... ... ... C.T ... ..T C.T ... ... C.T ..A ..A C.T ..A TCA ..T ..T T.G TC. ..T ... T.. T.. G.. ..C T.A ... ..G ... ... A.T ... ... AGT ... ..T ... ..A AA. ..A AAT .TA A.A A.A A.A ... A.A A.A ... ACC T.G T.G A.A T.. T.G A.C T.A ... ..G ... CCG ..T ... A.T ... ... ... ..T ... ..A ..A ... ACT A.. ..T ..T ..G A.A T.. ..C AC. ... ... ..T ..T ..T ..T ... ..T ..C ..C ... ... ... ... ... ... ATT ..T ... ..C ..A .AT ... .TA .TT ..G ..G ... ... ... ... ..G ..G ... ... ..T ..T ... ... ... ... ... ..C ... ..C .A. ... ... ... ... ..C ... 

    2    1    2    1    1    1    1    1    2    1    6    1   10    2    3
    1    4    9    5    1    4    1    3    4    6    1    1    1    1    2
    2    2    1    4    3    1    1    1    1    1    2    3    2    1    3
    1    4    1    2    2    3    2    2    3    2    1    1    1    1    3
    3    2    3    4    1    2    1    2    1    1    1    3    2    1    5
    1    3    1    5    3    1    1    1    6    1    3    1    1    2    4
    1    1    1    1    1    1    1    1    1    2    2    1    2    1    2
    5    2    1    1    4    1    2    2    2    1    1    4    4    1    1
   13    2    1    3    2    1    1    1    1    1    3    2    1    3    1
    1    9    1    2    3    2    3    1    2    2    1    2    1    1    3


CODONML (in paml version 4.9j, February 2020)  temp.nuc
Model: One dN/dS ratio, 
Codon frequency model: Fequal
ns =   9  ls = 323

Codon usage in sequences
--------------------------------------------------------------------------------------------------------------------------------------
Phe TTT  18  21  28  22  17  18 | Ser TCT   9   1   9   5   2   6 | Tyr TAT  15   9  27  21  20  13 | Cys TGT   0   0   0   0   0   0
    TTC  23  20  13  19  22  21 |     TCC   0   4   0   4   2   1 |     TAC  17  26   5  11   9  16 |     TGC   0   0   0   0   0   0
Leu TTA  13   5  11  13  15   6 |     TCA   1   1   2   1   1   5 | *** TAA   0   0   0   0   0   0 | *** TGA   0   0   0   0   0   0
    TTG   0   8   6   2   5  10 |     TCG   1   5   0   1   8   0 |     TAG   0   0   0   0   0   0 | Trp TGG  17  16  16  16  22  22
--------------------------------------------------------------------------------------------------------------------------------------
Leu CTT   6   2   3   3   0   3 | Pro CCT   4   8   6   6  16   7 | His CAT   2   3   2   2   2   3 | Arg CGT  18  12  26  26   9  12
    CTC   1   1   1   1   2   0 |     CCC   0   5   0   0   0   0 |     CAC   2   2   2   2   3   3 |     CGC   0   0   0   0   0   0
    CTA   3   3   2   4   5   5 |     CCA   5   2   2   2   2  10 | Gln CAA   7   7   7   5   6   5 |     CGA   1   1   1   0   1   3
    CTG   2   7   1   2   0   3 |     CCG   0   0   0   0   0   1 |     CAG   3   3   3   5   1   2 |     CGG   1   0   0   1   0   3
--------------------------------------------------------------------------------------------------------------------------------------
Ile ATT  12   4   5  12  17  11 | Thr ACT   5  19   6   4  12  17 | Asn AAT  14   8  11  16   5   3 | Ser AGT   2   2   2   2   2   2
    ATC   3  10   5   1   1   2 |     ACC  10   0  10  11   5   0 |     AAC   3   4   8   3   7   3 |     AGC   0   0   0   0   0   0
    ATA   8  10  10  10   1   7 |     ACA   1   0   2   1   3   3 | Lys AAA   0   2   0   0   0   2 | Arg AGA  35  42  29  28  42  38
Met ATG   2   1   6   2   1   2 |     ACG   5   2   4   6   0   0 |     AAG   2   0   2   2   2   0 |     AGG   6   2   4   5   5   3
--------------------------------------------------------------------------------------------------------------------------------------
Val GTT   1   4   4   3   5   8 | Ala GCT   8   7   8   7   9   9 | Asp GAT   3   3   3   3   8   9 | Gly GGT   3   7   3   3   8   5
    GTC   4   1   1   2   4   5 |     GCC   1   1   1   2   0   0 |     GAC   6   6   6   6   1   0 |     GGC   3   0   4   3   1   0
    GTA   5   4   5   5   0   2 |     GCA   0   1   0   0   0   1 | Glu GAA   9   9   9   9   9   9 |     GGA   1   1   1   2   0   3
    GTG   1   1   1   1   5   0 |     GCG   0   0   0   0   0   1 |     GAG   0   0   0   0   0   0 |     GGG   1   0   0   0   0   0
--------------------------------------------------------------------------------------------------------------------------------------

--------------------------------------------------------------------------------------
Phe TTT  13  22  17 | Ser TCT   1   3   5 | Tyr TAT   8  14  26 | Cys TGT   0   1   3
    TTC  27  18  23 |     TCC   4   2   8 |     TAC  26  19   8 |     TGC   0   0   0
Leu TTA   5   5   9 |     TCA   0   4   3 | *** TAA   0   0   0 | *** TGA   0   0   0
    TTG   6   5  22 |     TCG   7   4   0 |     TAG   0   0   0 | Trp TGG  16  16  13
--------------------------------------------------------------------------------------
Leu CTT   0   4   0 | Pro CCT   0   1   2 | His CAT   7   0   2 | Arg CGT   7  15  16
    CTC   3   3   0 |     CCC  14   0   0 |     CAC   3   4   2 |     CGC  16   0   0
    CTA   0   7   1 |     CCA   2   8   6 | Gln CAA   0   7   6 |     CGA   0   0   0
    CTG   8   0   0 |     CCG   0   3   1 |     CAG   6   0   0 |     CGG   8   0   0
--------------------------------------------------------------------------------------
Ile ATT   8   6   9 | Thr ACT   0  14  15 | Asn AAT   5  10  16 | Ser AGT   0   0  12
    ATC   7  13   6 |     ACC  14   6   3 |     AAC   2   3   0 |     AGC   0   0   0
    ATA   8   1   3 |     ACA   6   0   2 | Lys AAA   0   0   0 | Arg AGA  26  40  40
Met ATG   3   5   3 |     ACG   2   3   0 |     AAG   2   3   2 |     AGG   0   4   0
--------------------------------------------------------------------------------------
Val GTT   4   3   4 | Ala GCT   3   7   8 | Asp GAT   0   4   8 | Gly GGT   0   6   3
    GTC   0   1   1 |     GCC  12   4   0 |     GAC   9   5   0 |     GGC   2   1   3
    GTA   0   1   0 |     GCA   0   2   0 | Glu GAA   6   9   8 |     GGA   3   1   2
    GTG   7   5   1 |     GCG   0   1   0 |     GAG   3   0   1 |     GGG   4   0   0
--------------------------------------------------------------------------------------

Codon position x base (3x4) table for each sequence.

#1: Scer           
position  1:    T:0.35294    C:0.17028    A:0.33437    G:0.14241
position  2:    T:0.31579    C:0.15480    A:0.25697    G:0.27245
position  3:    T:0.37152    C:0.22601    A:0.27554    G:0.12693
Average         T:0.34675    C:0.18369    A:0.28896    G:0.18060

#2: Sbay           
position  1:    T:0.35913    C:0.17337    A:0.32817    G:0.13932
position  2:    T:0.31579    C:0.17337    A:0.25387    G:0.25697
position  3:    T:0.34056    C:0.24768    A:0.27245    G:0.13932
Average         T:0.33849    C:0.19814    A:0.28483    G:0.17853

#3: Smik           
position  1:    T:0.36223    C:0.17337    A:0.32198    G:0.14241
position  2:    T:0.31579    C:0.15480    A:0.26316    G:0.26625
position  3:    T:0.44272    C:0.17337    A:0.25077    G:0.13313
Average         T:0.37358    C:0.16718    A:0.27864    G:0.18060

#4: Spar           
position  1:    T:0.35604    C:0.18266    A:0.31889    G:0.14241
position  2:    T:0.31579    C:0.15480    A:0.26316    G:0.26625
position  3:    T:0.41796    C:0.20124    A:0.24768    G:0.13313
Average         T:0.36326    C:0.17957    A:0.27657    G:0.18060

#5: Ncas           
position  1:    T:0.38080    C:0.14551    A:0.31889    G:0.15480
position  2:    T:0.30960    C:0.18576    A:0.22601    G:0.27864
position  3:    T:0.40867    C:0.17647    A:0.26316    G:0.15170
Average         T:0.36636    C:0.16925    A:0.26935    G:0.19505

#6: Cgla           
position  1:    T:0.36533    C:0.18576    A:0.28793    G:0.16099
position  2:    T:0.31889    C:0.18885    A:0.21053    G:0.28173
position  3:    T:0.39009    C:0.15789    A:0.30650    G:0.14551
Average         T:0.35810    C:0.17750    A:0.26832    G:0.19608

#7: Agos           
position  1:    T:0.34985    C:0.22910    A:0.25697    G:0.16409
position  2:    T:0.30650    C:0.20124    A:0.23839    G:0.25387
position  3:    T:0.17337    C:0.43034    A:0.17337    G:0.22291
Average         T:0.27657    C:0.28689    A:0.22291    G:0.21362

#8: Klac           
position  1:    T:0.34985    C:0.16099    A:0.33437    G:0.15480
position  2:    T:0.30650    C:0.19195    A:0.24149    G:0.26006
position  3:    T:0.34056    C:0.24458    A:0.26316    G:0.15170
Average         T:0.33230    C:0.19917    A:0.27967    G:0.18885

#9: Calb           
position  1:    T:0.42415    C:0.11146    A:0.34365    G:0.12074
position  2:    T:0.30650    C:0.16409    A:0.24458    G:0.28483
position  3:    T:0.45201    C:0.16718    A:0.24768    G:0.13313
Average         T:0.39422    C:0.14757    A:0.27864    G:0.17957

Sums of codon usage counts
------------------------------------------------------------------------------
Phe F TTT     176 | Ser S TCT      41 | Tyr Y TAT     153 | Cys C TGT       4
      TTC     186 |       TCC      25 |       TAC     137 |       TGC       0
Leu L TTA      82 |       TCA      18 | *** * TAA       0 | *** * TGA       0
      TTG      64 |       TCG      26 |       TAG       0 | Trp W TGG     154
------------------------------------------------------------------------------
Leu L CTT      21 | Pro P CCT      50 | His H CAT      23 | Arg R CGT     141
      CTC      12 |       CCC      19 |       CAC      23 |       CGC      16
      CTA      30 |       CCA      39 | Gln Q CAA      50 |       CGA       7
      CTG      23 |       CCG       5 |       CAG      23 |       CGG      13
------------------------------------------------------------------------------
Ile I ATT      84 | Thr T ACT      92 | Asn N AAT      88 | Ser S AGT      24
      ATC      48 |       ACC      59 |       AAC      33 |       AGC       0
      ATA      58 |       ACA      18 | Lys K AAA       4 | Arg R AGA     320
Met M ATG      25 |       ACG      22 |       AAG      15 |       AGG      29
------------------------------------------------------------------------------
Val V GTT      36 | Ala A GCT      66 | Asp D GAT      41 | Gly G GGT      38
      GTC      19 |       GCC      21 |       GAC      39 |       GGC      17
      GTA      22 |       GCA       4 | Glu E GAA      77 |       GGA      14
      GTG      22 |       GCG       2 |       GAG       4 |       GGG       5
------------------------------------------------------------------------------


Codon position x base (3x4) table, overall

position  1:    T:0.36670    C:0.17028    A:0.31613    G:0.14689
position  2:    T:0.31235    C:0.17441    A:0.24424    G:0.26901
position  3:    T:0.37083    C:0.22497    A:0.25559    G:0.14861
Average         T:0.34996    C:0.18989    A:0.27199    G:0.18817

Codon frequencies under model, for use in evolver (TTT TTC TTA TTG ... GGG):
  0.01639344  0.01639344  0.01639344  0.01639344
  0.01639344  0.01639344  0.01639344  0.01639344
  0.01639344  0.01639344  0.00000000  0.00000000
  0.01639344  0.01639344  0.00000000  0.01639344
  0.01639344  0.01639344  0.01639344  0.01639344
  0.01639344  0.01639344  0.01639344  0.01639344
  0.01639344  0.01639344  0.01639344  0.01639344
  0.01639344  0.01639344  0.01639344  0.01639344
  0.01639344  0.01639344  0.01639344  0.01639344
  0.01639344  0.01639344  0.01639344  0.01639344
  0.01639344  0.01639344  0.01639344  0.01639344
  0.01639344  0.01639344  0.01639344  0.01639344
  0.01639344  0.01639344  0.01639344  0.01639344
  0.01639344  0.01639344  0.01639344  0.01639344
  0.01639344  0.01639344  0.01639344  0.01639344
  0.01639344  0.01639344  0.01639344  0.01639344


TREE #  1:  (((((1, 4), (3, 2)), 5), 6), ((7, 8), 9));   MP score: 876
This is a rooted tree.  Please check!
lnL(ntime: 16  np: 18):  -5099.227164      +0.000000
  10..11   11..12   12..13   13..14   14..1    14..4    13..15   15..3    15..2    12..5    11..6    10..16   16..17   17..7    17..8    16..9  
 0.137187 0.115035 0.731596 0.011007 0.154290 0.122746 0.000004 0.270861 0.534701 0.377000 0.506488 0.179704 0.113316 1.194866 0.719604 1.522964 1.293461 0.054291

Note: Branch length is defined as number of nucleotide substitutions per codon (not per neucleotide site).

tree length =  6.691369

(((((1: 0.154290, 4: 0.122746): 0.011007, (3: 0.270861, 2: 0.534701): 0.000004): 0.731596, 5: 0.377000): 0.115035, 6: 0.506488): 0.137187, ((7: 1.194866, 8: 0.719604): 0.113316, 9: 1.522964): 0.179704);

(((((Scer: 0.154290, Spar: 0.122746): 0.011007, (Smik: 0.270861, Sbay: 0.534701): 0.000004): 0.731596, Ncas: 0.377000): 0.115035, Cgla: 0.506488): 0.137187, ((Agos: 1.194866, Klac: 0.719604): 0.113316, Calb: 1.522964): 0.179704);

Detailed output identifying parameters

kappa (ts/tv) =  1.29346

omega (dN/dS) =  0.05429

dN & dS for each branch

 branch          t       N       S   dN/dS      dN      dS  N*dN  S*dS

  10..11     0.137   714.0   255.0  0.0543  0.0082  0.1508   5.8  38.5
  11..12     0.115   714.0   255.0  0.0543  0.0069  0.1265   4.9  32.3
  12..13     0.732   714.0   255.0  0.0543  0.0437  0.8043  31.2 205.1
  13..14     0.011   714.0   255.0  0.0543  0.0007  0.0121   0.5   3.1
  14..1      0.154   714.0   255.0  0.0543  0.0092  0.1696   6.6  43.3
  14..4      0.123   714.0   255.0  0.0543  0.0073  0.1349   5.2  34.4
  13..15     0.000   714.0   255.0  0.0543  0.0000  0.0000   0.0   0.0
  15..3      0.271   714.0   255.0  0.0543  0.0162  0.2978  11.5  75.9
  15..2      0.535   714.0   255.0  0.0543  0.0319  0.5878  22.8 149.9
  12..5      0.377   714.0   255.0  0.0543  0.0225  0.4145  16.1 105.7
  11..6      0.506   714.0   255.0  0.0543  0.0302  0.5568  21.6 142.0
  10..16     0.180   714.0   255.0  0.0543  0.0107  0.1976   7.7  50.4
  16..17     0.113   714.0   255.0  0.0543  0.0068  0.1246   4.8  31.8
  17..7      1.195   714.0   255.0  0.0543  0.0713  1.3136  50.9 335.0
  17..8      0.720   714.0   255.0  0.0543  0.0429  0.7911  30.7 201.8
  16..9      1.523   714.0   255.0  0.0543  0.0909  1.6743  64.9 427.0

tree length for dN:       0.3994
tree length for dS:       7.3562


Time used:  0:08
