      9   1173

Scer                            CTG TGG AGT GCA CAG ACA GAA CTG CAA TCG TTA CTG ACA TTC GAA TCT GCT ATT GAA TGG CAA TTG AAT AAG ACC CCT AAC GCC AAT AGG GAC CTA AAA CCG AAC ACC CTA TGG CCT GTA CTT AGG CTC AAT TAT TGT GCT CGG AAA CCT CGT AAA CTG AGA GAA AAT ATC CAA TCG CAT AGG AAT ATG ACC ACA ATT CAG TAT CAA ATT CCC GAT ATG AAG CAA GAT AAG GTG GTG AAC ATT GAT ACA AAT CAG CAA CAA GTT AAG TCT CTG TCG TTG CAA ATG TCG CTG GCT AAT CAG GTC TAT ATC ATA GCT TTG CAA TCT AAG CAA AGG TTT GGT ACA ACC CAT TCA AAG TGT ACC CTT ACT ACA TAT TTG AAT GAA TTG GTT AAA GCC ACT GTT CTC GAT GTC GTA ATT TCT GAA GAT TGG GAT CAA CTG GCT GCT CGA ATC GAA GTT CGT ATC TCA GTT AAT GGG CTA CAG TAT AGA ACA AAG AGG CTA TAC CAA AAT ATC ATT GTG GAA GTC GAT CGA GAA CAG GAA GAA AGA CAA CGA GAT ATA CTA CTA AAT AAC CGT TGG GTA ACT GAA GAA GTG CAA GAC ATT TAT AAA CAA AGA GAT ACT TCC TCG CCA ATA ACA TCC GAG GTC ACA ATG TCC GCT GAT CAG GTG ATC GCT CCA AGA ATA AAG GAT TCG TTC TCA CAA GGG ACT GTA CCA ATA GTA CTG AAT AAT ATT GCA ATT AAC TCG ATT AAT AAA TAT CAA GGT ATG CAA AAA TGG GTA GTC GCG TTA GAA TTT GGG ATG GAT AAG AGA CTA GAC AAG CTG TGT GCT AAT CTG TTA TCA GAA GAC ACA CAA AGA TCA CAG GTC CAT AAA GTC AAT AAC AAC GAA TTA CGT GTA GAT TTA CGT CAA TCT GCC TCA AAA AAG ACC GAT TGG CAA ACT AAT AGG ATT TCG TTT GCT CTA ATA TTG GAG CGT AAA TGT GAG TGT TAT CCT GAT TTG GCT CTG AAC GAC CTT GGT GAA GAG ACC TTG GAA ACC TTG ACT CAA GTT TTA TCT ATT GTT TTG CTC AAG TTG ACC AAG CGT AAT ATT GGT GAT GGG GGT AAT TAT CAA ACC ATT GCC GAT TGG AAT GAA AAG GAC GAT GAA TTA AAT CGT AAT AAA AAT GAA AGG TCT GCC TAT CGT TTG CTA GAT TTC AAT CTA 
Sbay                            CTT TGG AAT GCA CAG ACT GAA CTG CAA TCG CTG TTG ACC TTT GAG TCG GCG ATC GAG TGG CAG CTG GAT AAA ACC CCT AAC GCC AAA AGG GAC TTG AAA CCG AAC ACC TTA TGG CCC GTG CTT AGG TTG AAC TAT TGT GCT CAG AAG CCC CGC AAG TTG AGA GAG AAT ATC CAG TCC CAC AGG AAT ATG ACT ACT ATC GAG TAT CAG ATC CCC GAT ATG AAG CAA GAT AAG GTT GTG AAC ATC GAC TCT AAT CAA CAA CAA GTG AAA TCC CTT TCG TTG CAA ATG TCC CTG GCT AAT CAG ATT TAT ATC GTT GCT CTA CAG GCT AAA CAG AGG TTC GGT ACA ACT CAC TCA AAG TGT ACC CTT ACC ACC TAT TTG AAC GAA CTG GTC AAG GCC ACT GTC TTG GAT GTT GTG ATT TCG GAA GAT TGG GAC CAG CTG GCC GCC AGA ATC GAA GTC CGT GTT TCG GTG AAC GGT CTA CAG TAC AGA ACA AAG CGG TTA TAC CAG AAA ATT ATT GTA GAA GTC GAT AGA GAG CAG GAG GAA AGG CAA AGA GAC ATA TTG CTA AAT AAC CGT TGG GTG ACT GAA GAG GTG CAA GAC ATC TAC AAG CAG AGA GAT ACC TCC TCC CCA ATA ACC TCT GAG ATT ACT ATG TCC GCT GAT CAG GTA GTC GCG CCA AGA ATA AAG GAT TCC TTC TCA CAA GGT ACT GTG CCA ATA GTG CTT AAT AAC ATC GCA ATC GAA TCC ATC AAT AAG TAC CAG GGT ATG CAA AAG TGG GTG GTC GCG TTA GAC TTT GGG ATG GAT AAG AGA TTA GAT AAG CTG TGT GCC AAT CTT CTG TTA GAA GAC ACA CAA AGG TCT CAG GTC CAC AAG ATT AAC AAC AAC GAG TTA CGT GTG GAT CTG CGT CAA GCC GCC TCA AAA AAG ACC GAC TGG CAA CAC AAT CGG ATT TCG TTC GCT TTG ATA CTG GAA CGC AAG TGT GAG TGT TAC CCT GAT CTG GCC TTG AAC GAC CTT GGT GAG GAG ACC CTG GAA ACC CTG CAC CAA GTC CTG TCT ATT GTG CTA TTG AAG CTG ACC AAG CGC AAT ATT GGT GAC GGT GGC AAT TAT CAG ACC ATC GCC GAC TGG AAT GAG AAA GAC GAC GAA TTG AAT CGT AAT AAA AAT GAG AGG GCC GCC TAT CGT CTG TTG GAC TTC AAT CTA 
Smik                            CTG TGG AGT GCA CAG ACT GAA CTG CAA TCG CTA CTT ACC TTT GAA TCT GCT ATT GAG TGG CAG CTG AAT AAG ACC CCC AAT GCC AAG AGG GAC TTG AAG CCG AAT ACT CTC TGG CCT GTA CTT AGA TTC AAT TAT TGT GCT CGG AAG CCT CGC AAA CTG AGA GAA AAT ATT CAG TCT CAT AGA AAT ATG ACT ACT ATT AAA TAT CAA ATT CCC GAT ATG AAA CAA GAT AAA GTT GTG AAC ATA GAC TCC AAT CAA CAA CAA GTG AAA TCT CTG TCT TTG CAG ATG TCT CTG GCT AAT CAG GTT TAT ATC ATC GCT TTA CAG TCT AAG CAA AGG TTT GGT ACA ACT CAT TCT AAA TGT ACT CTT ACT ACC TAT TTG AAC GAA TTG GTT AAA GCC ACT GTT TTC GAT GTT GTA ATT TCT GAA GAT TGG GAT CAA CTG GCT GCT CGA ATC GAA GTT CGT ATC TCG GTG AAT GGT CTT CAG TAC AGA ACA AAA AGG TTA TAC CAG AAG ATA ATT GTG GAA GTC GAT CGA GAA CAG GAT GAA CGA CAA CGA GAC ATA TTG CTA AAT AAC CGT TGG GTA ACT GAA GAG GTA CAA GAC ATT TAC AAG CAA AGA GAT ACT TCC TCT CCA ATA ATA TCC GAA GTT ACT ATG TCC GCC GAT CAG GTG GCT GCT CCA AGA ATA AAG GAT TCT TTT TCA CAA GGT ACT GTA CCA ATA GTA CTG AAT AAC ATT GCT ATA AAC TCT ATT AAT AAA TAC CAA GGT ATG CAA AAA TGG GTA GTC GCG CTA GAA TTT GGA ATG GAT AGA AGA CTC GAT AAG CTG TGT GCC AAT CTG CTG TCA GAA GAC ACA CAA AGA ACA CAG GTC CAT AAA GTT AAC AAC AAC GAT TTA CGT GTG GAT CTA CGT CAA GCG GCC TCT AAA AAA ACT GAC TGG CAA AAC AAT AGG ATT TCG TTC GCT CTT ATA CTG GAA CGC AAA TGT GAG TGT TAC CCC GAT TTG GCT TTG AAC GAC CTT GGT GAA GAG ACT TTG GAA ACT CTG AAC CAA GTT TTA TCT ATT GTG TTA TTC AAA TTG ACT AAA CGC AAT ATT GGT GAT GGT GGC AAT TAT CAG ACC ATT GCT GAC TGG AAT GAG AAA GAC GAT GAA ATA AAT CGT AAT AAA AAT GAA AGA GCG GCT TAT CGT CTG TTG GAA TTT AAT CTT 
Spar                            CTG TGG AGT GCA CAG ACT GAG CTG CAA TCG TTA CTG ACA TTT GAA TCT GCT ATT GAG TGG CAA CTG AAT AAG ACT CCT AAC GCC AAA AGG GAT CTA AAA CCG AAC ACC CTC TGG CCT GTC ATT AGG CTT AGT TAT TGT GCT CGG AAA CCT CGT AAA CTG AGA GAA AAC ATC CAA TCG CAC AGG AAC ATG ACC ACT ATT AAG TAT CAG ATT CCC GAT ATG AAG CAA GAT AAG GTT GTG AAC ATT GAC TCA AAT CAA CAA CAA GTA AAG TCT CTG TCG TTG CAA ATG TCG CTG GCT AAT CAG GTA TAT ATC ATT GCT TTG CAA TCT AAG CAA AGA TTC GGT ACA ACC CAC TCA AAA TGT ACC CTC ACT ACA TAT CTG AAT GAA TTG GTT AAA GCC ACT GTT CTT GAT GTC GTC ATT TCT GAA GAT TGG GAT CAG CTG GCT GCT CGA ATC GAA GTT CGT ATC TCG GTA AAT GGT CTG CAG TAT AGA ACA AAA AGG TTG TAC CAA AAA ATT ATT GTG GAA GTT GAT CGA GAA CAG GAA GAA AGG CAA CGA GAC ATA CTA CTG AAC AAC CGT TGG GTC ACT GAA GAA GTG CAA GAC ATT TAT AAA CAA AGG GAT ACT TCC TCG CCA ATA ACT TCT GAG GTA ACT ATG TCC GCT GAT CAG GTG ATC GCT CCA AGA ATA AAG GAT TCG TTT TCA CAA GGT ACT GTC CCA ATA GTC CTG AAT AAT ATT GCC ATT AAC TCG ATT AAT AAA TAT CAA GGT ATG CAA AAG TGG GTC GTT GCG TTA GAA TTT GGG ATG GAT AAG AGA CTC GAT AAA CTG TGT GCT AAC CTG CTA TCA GAG GAC ACA CAA AGA TCA CAG GTT CAC AAA GTA AAT AAC AAC GAA TTA CGT GTG GAT TTA CGT CAG GCT GCC TCA AAA AAA ACC GAC TGG CAA TCC AAT AGG ATT TCG TTT GCT CTA ATA TTG GAG CGT AAA TGT GAG TGT TAT CCT GAT TTG GCT CTG AAC GAC ATT GGT GAA GAG ACC TTG GAA ACC CTG TCC CAA GTT TTA TCT ATT GTA TTG CTT AAG TTG ACC AAA CGT AAC ATT GGT GAT GGT GGT AAC TAT CAA ACT ATT GCC GAC TGG AAC GAG AAA GAC GAT GAA TTA AAT CGT AAC AAA AAT GAA AGG GCT GCC TAT CGT CTG CTA GAT TTT AAT CTG 
Ncas                            TTG TGG GTC GCA CAA ACC TTA TTA CAA TCT CTA TTA ACA TTT GAG TCG GCT ATT GAG TGG CAA TTG GAT AAA AGA CCA AAT GCT GAT AGA GAT TCA AAA CCG AAT ACT GAA TGG CCA TTA ATA AAG TGG AAG GAA TGT GCT AAG AAG CCA AGA AAA CTA AGA GAA CAC ATC CAG GTT CAT AAG CAC TTG ACT ACC ATT ACA TAT CAG ATT CCA GAT ATG AAA CAA GAC AAG GTC GTC AAC ATT GAA AGT CCA CAA CAG TCA GTC AAA TCT TTG TCT CTA GAA ATG GTT TTA GCT AAT CAA GTA GAA ATT GTT GCT CTT CAG GAT AAA CAA AGA GTA GGA ACA ACT CAT TCT AAT TGT ATT TTG ACA ACA TAT TTA TCT GAA GTT GTT AAA GCT GTT GTC TGG GAT GTT TTA ATA TCG GAA GAT TGG GAT CAG TTA GCT GCA AGA ATT GAA GTC CGT ATA TCG GTC AAT GGT TTA CAA TAC CGT GTC AAT AGA TTA TAT CAA GAT ATT GCA GTA AGA GTC GAC AGA GAG CAG GAG AGA AGG CAA AGA GAA CTA TCA CTG AAC AAT CGT TGG TTA GTT AAG GAA ATC AAT GAT ATT TAC AAG CAA AGA GTG ACA TCC GTT CCA ATT ATT TCG TCT GTA ACC TTG TCC AAC GAC CAA GTG ACA GCT CCA AGG ATT AAA GAT GTT TTC TCT CAG GGT GTT TTA CCA ATT TTA TTG AAT TCT ATT GCA ATT AGG GTT ATC AAT AAG TAC CAA GGA ATG CAA AAG TGG TTA GTC GCC TTG GAC TTT GGA TTG GAC AAG AGG GAA GAT AAT TTA TGT GCT CAC TTG TTG GTA TTA GAT GCC AAT AGG TCT CAA GTC CAT AAA GTA TCT AAC AAT GAG TTA CGT GTC GAC CTA CGG CAG GGG GCT TCT AAG AAT ACT GAA TGG CAA GAG AAT AGA ATA TCT TTC GCT CTT ATT CTG GAA AGA AAA TGT GAA TGT TAC CCA GAC GTT GCA TTG AAT GAT ATA GGT GAC GAA ACT GTT GAA ACT TTG GAG CAA GTC TTG TCT GCA GTC CTT TGG AAA GTT ACT AAT AGA CAC GAA GGT GGT GGT GAT CAC TAT CAG AGA ATC GCT GAA TGG AAT GAG AAG GAC GGT GAT TTG AAT CGT AAC AAA AAT GAC AAG GGG GCT TAT CGT TTG TCA AGT TTC AAT TTA 
Cgla                            TAC TGG CCA GCA CAT ACG TCC CTG CAA TCC TTA CTT ACG TTT GAA TCT AGT ATA GAT TGG CAA TTG AAT AAA ACC CCA AAT GCT GAT CGA GAG TCT AAA CCA AAT ACT GAA TGG CCT GTA TAT AGG TAT AAG AAC TGT GCT AAA AAG CCT CGT AAA TTG CGT GAA AAT ATA AAG GCA CAC AGG AAT TTA ACA ACG ATA AAA TTT CAG ATA CCA GAT ATG AAA CAA GAT AAG GTA GTA AAC ATA CAG GAT AGA CAA CAA GAA ATA AAA TCC TAC TCT TTG CAG ATG GCA CTG GCA GAT CAA GTA AAC ATT GTC GCA TTA AAG ACA AAA CAA AGA GAT GGT AGC ACA CAC ACT AAG TGT ACC TTA ACA ACG TAC TTA CAC GAA CTG GTT AAA GCT GCT GTC TAT GAC GTT GTA ATC TCT GAA GAT TGG GAT CAG CTG GCC GCT CGA ATT GAA GTC AGA ATA ACA ATA GAT GGT TTG CAA TAC AGA ACC AAG AGA TTG TAT CAA GAT ATT GTT GTG CTT GTC GAT CGA GAG CAA GAT CTT AGA CAA CGA CAG GTC TCT TTG AAT AAC CGT TGG GTA GCT GAG GAA ATT AGG AGC ATA TAC AAG CAA AGG ATT ACA GCT GCA CCA ATA GTC GAC ATG GTA ACG ATG GCT AAC AAT CAA GTA ACG AGT CCC CGA ATA AAA GAT GCA TTC AAT CAA GGT GCT GTA CCA ATA GTA TAC GAT CAC ATA GCA ATA AAC GCA ATA GAT AAG TAC CAA GGT ATG CAA AAG TGG GTA GTC GCT CTA AGG TTT GGG ATG AAT AAG AGA GAA GAC CGA CTG TGT GCC AAT TAC CTG GAT TCC GAT AAA AGG CGG CCA CAT GTC CAC AAA GTA CAC AAC AAC GAT CTG CGT GTG GAT TTA AAT CAA GGA GCT ACT AAG AAG ACA CAG TGG CAA GCT AAT AGA ATC TCC TTC GCT TTG ATA CTT AAG CGT AAA TGT GAA TGT TAC CCA GAT CTG GCT TTG AAC GAT TAT GGT GAT GAA ACG CTG GAG ACA TTG GCT GAG GTC GTT TCT GTT ATA TTA TAT AAA CTG ACA AAG CGT AAT GAG GGT AAT GGT GAT AAT TAT AAG ACC ATA GCC CAG TGG AAT GAT AAA GAT AAT GAA TTA GAT AGA AAT AAG GAT GAT AGG GGA GCC TAC CGT TTG TCT GAA TTC AAG TTG 
Agos                            TAC TGG ACC ACT CAG CCA TTC CTG CAG TCC CTG TTG ACG TTC GAA TCC TCG GCG TCG TGG CAG GTG GAC GAC ACC CCC AAT GCA AGC AGG ATG ACT AAG CCG AAT ACG CTC TGG CCT ATC CTC AGA GAT CTC AGT TGC CAG CGC GAG CCT CGG AAG TTA AGA GAA CAC GTG CAG CAG CAT AGA CAC CTT ACG CCA GCG CAC TAC CAG ATC CCC GAC ATG AAA CAG GAC AAG GTC GTG GAC ATC CTG GCG TCC CAA CAT CAG GTC AAG ACG TAC TCT CTG GAG ATG CAG CAG GCA GAG CTG ATC AGT ATC GTG GCA CTG CAG GAT GAC CAG CGG GAA GGG GCC ACG CAT TCC AAG TGC ACT CTG ACC ACG TAC CTA AAG GAG CTG GTC GGG GCA AGT GTG GAT GAC GTC ATC ATC TCC CAG GAC TGG GAC CAG CAG GCG GCG CGG ATC GAG GTG CGA CTG ACG GTC AAC GGT CTG CTG TAC CGT ACG AAG AGG CTT TAT CAG AGC ATA GTC ATT ACG GTC GGC CGG GAC CAG CAG ACG CGC CAG CGG CTG GTG ACT TTA AAC AAC CGT TGG ATC AGT GCA GAG CTC CGG GAC GCG TAC GAG CAG CGC ATT ACC TCG CAG CCC ATC AGT GAG CAA ATC CCA ATG TCG TAC ATA CTG GTT GGC TCG CCG CGC ATC AAG GAC CAG TTC GCC CAT GGT AGT ATC CCC ATC ATC TAC GAG AAG ATT GCA ATC ATG CAG ATT GAG AAG TAC CAG GGG ATG CAG AAG TGG ATC GTC GCG TCG GGT TTT ACC ATG ATA AGG AAA CTC GAG GAC CTG TGC GCG CAC TAC CTG GGA TTC GAC ACG CGG CGC GCG CAG GTC CAT GGG ATC AAG GAC AAC CAG CTG AGG GTG GGC CTG CAC CAG AAC GCA TCC ATG AAG ACT CTG TGG CAG GAA AAC AGG ATC TCC TTT CAG CTG ATA ATG CAG CGG AAG TGC GAA TGC TAC CCC GGC CTG GCG CTT AAC GAT CTC GGC GAG GAA ACC CTG ACC ACT GTG GAA AAG GTG CTT TCC GTC GTC CTG GAT AAA CTG ACT AAG CGG CAC CTC GGC GAG GGT GCG CAC TAC CAG ACC ATT GCG CTG TGG AAT TCG CAG GAC GAG GAT CTG GAG CGA AAC CGG GAG GAG AGA AAC GCG TAC AGG GTG ACT CCC TTC ACC CTG 
Klac                            TAT TGG GAT GCG CAA CCT GCT ATT CAA TCG CTG CTG ACC TTT GAA TCG TCG GCG TTC TGG CAA GTC GAT AAA ACA CCA AAC GCC GGC AGA GAT TTG AAG CCC AAC ACC TCT TGG CAA ATC GCT CGT TAC TCG ATT TGT GCT CGT AAG CAA AGA AAG TTA AGG GAA CAG ATC AAG GAT CAC CGT CAG TTG ACT CCT GCG CAA TAT CAA ATT CCC GAT ATG AGA CAG GAG AAG GTA GTA AAC ATC GAT GAC GGG CAA CTT AGA ATT AAG AGT TAT TCT TTG GAA ATG GAT CTG GCT GAT TTG GTG ATT ATC GTT GCT TTA AAG ACT AAA CAG AGA GAC GGT CTG ACT CAC GCC CCA TGT ACG TTG ACT ACC TTC TTG CAG GAA CTT GTT AAT GCC GTG GTT TAC GAT GTT ATC ATA TCG GAT GAT TGG GAC CAA CTG GCA GCA AGG ATC GAA GTT CGT CTG ACG ATT AAT GGT CTA TTG TAC CGT ACC CCA CGT TTA TAC CAA GGC ATT GTT GTC TTA CTA CAG AGG ACA CAA GGC TTA AAG CAG AGG GAT GTT TTG TTA AAT AAC CGT TGG ATC GTG AAG ATG ATT AAG GAT GCG TAC AAG CAG CGT CTC ACT GCT GAT CCA ATA GCT GAT AAC GTG CCT ATG GCT AAC TTG TTG TGT GGA TCG CCG CGA ATA AAG GAT GAT TTC AAT CTT GGT GTG ATC CCA ATA ATC TAT GAT CAG ATC GCA ATC ACC GAT ATT GAT AAG TAC CAG GGT ATG CAG AAC TGG ATC CTA TCA ATG GGT TTC TCC ATG TTG AAG CGC TCT GAA AAA ATT TGT GGT CAG TAT TTG TTT GCT GAT TCC AAG CAA CCA CAA CTA CAC AAT GTG CAG AAC AAC GGC TTA AGA ATC CAG CTG TCA CAG AAT GCC GCC AAA CCA TCT GAT TGG CAG GAA ATC CGT ATA TCG TTC GCT TTG ACA ATG GAT AGA AAG TGT GAA TGT TAC CCA CAG CTT GCA TTA AAC GAT GCT GGT GGT GAA ACT CTT CAA TCT GTC GAA CAG GTT CTT TCA GTT ATT TTA TAC AGA CTT TCT CCA AGA CAG TTG GGT CTT GGT GAC CAG TAT AAG ACA ATT GCT GAT TGG AAC TTC CAG GAT CTT GAT TTA GAT CGT AAT AAG GAT GGT CGT AAT GCT TTC AGA GTC TTG AAA TTC CTA CTA 
Calb                            TTT TGG CAA TTA CAT ACA GAT CTA CAA GCC ATT TTG ACT TTT GAA TCC GCA GTG GAC TGG TCA GAT AAT CAA ACG CCA AAT TCC GCA AGA GAA TAT CAT CCA AAT ACT AGA TGG CCA ATG AGT AAA TTA CAT GAC TGT GCT ATA AAA CCA AGG AAA CTA AGA CCT AAT ATT CCA TGT CAT AAA AAT TTA AAT ACA GTG GTT TAT GAA ATT CCG GAT TTA AAA CAA AAT AAA GTT TTA AAC ATA AAG GAC AAT CAA AAT TTG ATT AAG AGT TTT TCG TTA GAA ATG TGT ATG GCC GAT TTA GAA GAC ATT GTA GCC TTA CCA ATT CAA CAA AGT GTA GGA GAA AAT CAT GCC AAT TGT ACG TTA ACT ACT GGA CTT GGA GAA GTA GTG TAC TCC GTA GTT TTA GAT ATT ATG ATC TCC AAT AAT TGG GGC GAA ATG GCA CCT AGA ATT GAA GTT CGT GTA ATT ATT GAT GGT TTA TTA TAT CGA ACT AAT TCA TTG TAT TCA GCA ATA CTA TCG TTA ATT AAA AGA CAA TTG AAT TTA AGA CAA AGA AAG ATC TAT TTG AAT GAT CGT TGG ATG GTA CAA GAA TTG CAA CTA GTG TAT AAA CAA AGA AGT ACT TCT TGT CCA ATA AAA GAT GAT GAA ACA ATG TCT TAT AAT TTA GTA GTC GCA CCA AAA ATA AAA GAT TGT TTC ACA AAT GGT GTA ATG CCA ATA ATG TTT GAT GGA ATT GCC ATA AAG TGT ATT GAT AAG TAT CAA GGA TTA CAA GAA TGG ATG ATT GCT TTA CCC TTT TCT ATG AAT AAG ATT AGA GAG GTG CTA TGT GAA AAT TTT TTA CCT GAT GAT GAT CAA ATG GGT CAT ATT CAT TAC GAA GGA AAC GAT AAT CTT AGA ATA AAA ATT AAA CAA TCT TCC GCC AAG AAT ACT AAG TGG GAA GAA AAT TCA ATC GCC TAC GCT TTG TAC TTA CAA AGG AAA TGT GAA TGT TAT CCA AAA GTA CCT TTA GAT GAT AGT GGT AAT GAA ACC GTA CCA ACT GAT GAA CAA GTT ATC TCC CTA ATT TTA TTA AAA GTA ACT AAT AGG AAT ATA GGT AAT GGT AAA AAT TAT CCA ACG ATT GCT AAG TGG AAT GAC AAA CCG AAT AGC ATA GAT CGT AAT AAG GAT AAT AAA TCT GCT GGA AGA GAT TAT GAT TTC GGA TTA 



Printing out site pattern counts


         9        702  P

Scer                            AAA AAA AAA AAA AAA AAA AAA AAA AAC AAC AAC AAC AAG AAG AAG AAG AAG AAG AAG AAG AAG AAT AAT AAT AAT AAT AAT AAT AAT AAT AAT AAT AAT ACA ACA ACA ACA ACA ACA ACA ACC ACC ACC ACC ACC ACC ACT ACT ACT AGA AGA AGA AGA AGA AGA AGA AGG AGG AGG AGG AGT ATA ATA ATA ATA ATC ATC ATC ATC ATC ATG ATG ATG ATG ATT ATT ATT ATT ATT ATT ATT ATT CAA CAA CAA CAA CAA CAA CAA CAA CAA CAA CAA CAA CAA CAG CAG CAG CAG CAG CAT CCA CCA CCC CCG CCT CCT CGA CGG CGT CGT CGT CGT CGT CTA CTA CTA CTA CTA CTA CTC CTG CTG CTG CTG CTG CTG CTT CTT GAA GAA GAA GAA GAA GAA GAA GAA GAA GAA GAA GAA GAA GAA GAA GAC GAC GAC GAC GAC GAC GAG GAG GAG GAT GAT GAT GAT GAT GAT GAT GAT GAT GAT GAT GCA GCA GCC GCC GCG GCT GCT GCT GCT GCT GCT GCT GGG GGG GGT GGT GGT GTA GTA GTC GTC GTC GTG GTG GTG GTG GTG GTT GTT GTT TAC TAT TAT TAT TAT TAT TCA TCA TCA TCA TCA TCC TCC TCG TCG TCG TCT TCT TCT TCT TCT TGG TGT TTA TTA TTA TTA TTA TTA TTC TTC TTG TTG TTG TTG TTG TTG TTT TTT TTT 
Sbay                            ... ... ... ..G ..G ..G ..G ..G ... ... ... G.A ..A ..A ..A ... ... ... ... ... ... ..A ..C ..C ..C ... ... ... ... ... ... ... G.. ... ... ... ..C ..C ..T T.T ... ... ... ... ... ..T ..C ... CAC ... ... ... ... ... ..G ..G ... ... ... C.. .A. ... ... ... G.T ... ... ..T G.. G.T ... ... ... ... ..C ..C ..C ..C ..C ... ... ... ... ... ... ... ... ... ... ... ... ..G ..G ..G ..G ..A ... ... ... G.. ..C ... ... ... ... ..C ... A.. .A. ..C ... ... ... ... ... ... T.. T.. T.G T.G T.G ... ... ..T T.. T.. T.. ... ... ... ... ... ... ... ... ... ..C ..G ..G ..G ..G ..G ..G ..G ... ... ... ... ... ..T ..A ... ... ..C ..C ..C ..C ... ... ... ... ... ... ... ... ... ... ... ... ..C ..C ..C ..G ... ... ... ... ..T ..C ... ... ..G ..G A.T ... ..T ..A ..A ... ... ..T ..C ..C ..G ... ..C ... ... ... ... ... ... ..G ..T .T. ... ..T ..C ... ... G.C G.. ..C ..G ... ... ... C.G C.G C.G ... ... ..G ... ..T C.A C.. C.. C.. ... ... ..C ..C ... 
Smik                            ... ... ..G ... ... ... ... ..G ... ... ..T ... ..A ..A ... ..A ..A ..A ... ... .GA ..G ..C ... ... ... ... ... ... ... ... ... ... ... ... ... ..C .T. ..T T.C ... ..T ..T ..T ..T ..T ... ... .AC ... ... ... ... ... ... C.. ..A ... ... ... ... ... ... ... ..C ... ..T ..A GCT ... ... ... ... ... ..A ... ... ... ... ... ... ... ... ... ... ... ... ... ... ... ..G ... ... ..G ..G ..A ... ... ... A.A ... ... ... ... ... ... ..C ... ... ..C ... ... ... ... ... ..T ..C T.. ..T T.G T.. ... ... ... ... ..T T.. ... ... ... ... ... ... ... ... ... ... ... ... ... ... ..G ..G ..T ... ... ... ... ... ..T ..A ..A ... ..A ..C ... ... ... ... ... ... ... ... ... ... ..T ... ..T ... ..C ... ... ... ..C ... ... ..A ..T ..C ... ... ... ..G ..T ... ..T ... ... ..A ... ..T ... ... ..G ... ..C ... ... ... ... ... ..T ..G A.. ... ... ... ..T ... ..T G.G ... ... ... ... ... ... C.. C.G ... C.. ... A.. ..T ..T ..A C.. C.. ... ... ... ..C ... ... 
Spar                            ... ... ... ... ... ... ..G ... ... ... ... ... ..A ... ... ..A ... ... ..A ... ... ..A ... ... .G. ..C ..C ..C ... ... ... ... ... ... ... ... ... ..T ..T T.. ..T ... ... ... ... ... ... ... T.C ... ... ... ... ..G ... ..G ... ..A ... ... ... ... ... ... ..T ... ... ..T ... ... ... ... ... ... ... ... ... ... ... ... ... ... ... ... ... ... ... ... ... ..G ... ... ..G ... ... ..A ... ... ... A.. ..C ... ... ... ... ... ... ... ... ... ... ... ... ... ..G ..G ..C T.G ... ... ..T ... ... ... ... ... ... A.. ..C ... ... ... ... ... ... ..G ... ... ... ... ... ... ..G ... ... ... ... ... ..T ..T ... ... ... ... ..C ... ... ... ... ... ... ... ... ... ... ..C ... ... ... ... ... ... ... ... ... ... ... ..T ... ... ... ..C ..G ..A ..T ... ... ... ... ... ..T ... ... ..A ... ... ... ... ... ... ... ... ..G ... ... ... ..T ... ... ... G.. ... ... ... ... ... ... ... C.. ... ... ... ... ..T ..T ... C.. ... ... C.. ... ... ..C ... 
Ncas                            ... ..G ... ... ... ..G ..G ..G ... ..T ..T .GG ... ..A ..A ..T ..A ... ..T ..A ... G.. TC. ... ..G ..C ... C.C ... ... ... CCA G.. ... G.C GTC ... .TT ..C .GT .GA ..T ..T ..T .TT ..T ..A GT. GAG ... ..G ..G C.T ... ..G ..G .A. ..A ..A ..A GTC ..T ..T C.. G.T ..T ... ..T .CA ..A ... ... T.. T.. ... ..C ... ... ... ..A GAA GCA A.T ... ... ... ... ..G TC. ..G G.. ... ..G ... ..G ..A ..A ..A ... ACA ... ... ... ..A ... ..A ..A A.. AA. A.A ..G ... ... ... ..G T.. GA. T.. ..T TC. TGG T.A T.A T.. ..A T.A T.. A.A T.G A.G AG. ... ... ... ..T TT. ..C ... ..C ..G ..G ... ..G ..G ... ..T ..T ..T ..T ..T ..A TCT ..A AG. ..A ... .G. ..C ..C ..C ... ... ... .TG ... ... ..T ..T ..C ... ..A ... ... AAC ... ... ..A ..T .A. ..A ... T.. ..C ..A ... ..T ..A ... A.C ..C ..C ..C ... ..C ..T ..C G.A ... ... ... ..T ..T ..G ..T GT. ... ..G GTT ..T ..T GGG GA. ... ..G ... ... ... C.. ..G ..G ..G ... ..G ... ..T C.T ... C.. G.T ..A C.A ..C G.A ... 
Cgla                            ..G ..G ... ... ... ..G ..G ..G ... ... ..T ... ..A ..A ..A ... ..A ... CGA ..A ... G.. C.C G.. ..G ... ... ... ..G ... G.. .GA ... .GC .A. ..C ..G GTC ..G GAT ... ..A ..G ..T ... ..A ..A G.. G.. C.T ... C.. ... ..G C.G ... ... ..A C.A ..A CCA ... ... G.C G.C ..T ..A ..T .CG ..A ... ... ... T.A ..A ..A ..A ..A ..A ..C GAG G.. AGG ... ... ... G.G ... G.. ... ..G ... ..G ... A.G ..A ..A ..T ..A A.A ..C ... ..C ..A ..A ... ..A ... AAA ... AA. A.A ... ... T.G T.G GA. T.G T.G TCT TAT ... ... TAC T.. ..T T.. TA. T.A ..G CTT ... ... ..G ... TCC AGG ... ..T ... ..G ... ..T ..T ..T AG. ..T ..T ..G ... A.. AT. ..A ..A C.G ... A.. A.. ... ... ..C ... ... AT. ... ... ..T ... ..T ..C ... ..C AG. AAC ..A ... ... ..T .A. ... ... ... ..G ..A ... ..T ... ..A A.T ..A ..A ..C ... A.A ..T ..C A.C ..C ... .T. AAT A.T A.. C.. GAT G.T GA. G.A ..C ..T GGA A.A ..C ... ... ... ... ... C.G G.T C.. C.G ... ... ..T ..A ... C.T C.. ..A ... ..C GA. ... 
Agos                            CGG .TG ..G ..G GGG ..G ..G G.G G.. ... ..T .TG C.. ... G.C ... ..A ... G.C ... .G. .GC ..G ..C CTC ..C ... C.C .CC ..C G.G TCC G.C G.C ..G ..G ..G .GT C.. G.G ... ..T ... ..G ..T ..G ..C .G. GAA ... .A. C.C C.T C.C C.C C.C ..A C.. ... ... .CC ... ..C G.G G.G ... G.G ..A GG. C.G ... ... ... C.T ..C ... ..C ... GCG ..C C.C G.C .GG ..G ..G ..G A.G ..T ..G ..G G.G ..G ..G ..G ..G ..A .T. ... ... ..C ... ..C ..G ... ... ... ..C ..G ..C ..G .AC ..A A.G ... T.. ..G ..C ..T ..G ACT GAT .A. ... TAC T.A T.. ..T ..C ..G .C. ACG C.G ..G ACC ..T TTC .GT ... ..G ... ..C ..G TCG C.G ... ... ... ..T ATG ..G C.. C.A ..A CCC CTG ..C ..G ATA ..C .GC ..C ..C ..C AT. A.T ... ..A ..G ... ..G ..G ..G T.G TAC ..A CAG ACC ..T .CG ..G ..C A.C ..G A.. ... ... A.T ..T C.C ... ..C ..G ..C ..C ..T ..C AG. ..C ..C ..C G.C ..C A.G G.G GG. ..G GAG CA. ..C ..T AAC GA. A.G ..C ..C ... ..C C.G C.G C.T .CG C.G C.G ... ... C.. G.. A.. C.. C.A C.. ... GAA ... 
Klac                            ..G ... ..G ..G ..T ..G ..C ..G ... ... ... .C. C.. ... ..A CCA .GA ... ..A ... ... GGC C.G ... TCG ... ..C C.G CTA .TC G.. GGG G.. CTG T.C ..C ..C G.T C.T GAC ..A T.T ..T ... ..G ..T ... GTG GAA ..G C.C C.. C.T C.T CA. .AG C.T ..A ..A C.T GA. .C. ... G.T G.T ... ... ..T GGA C.G ... ... ... T.. ..C ... ... ..C GCG ..A T.G G.. A.G ... ..G ..G ..G .TT AG. ..G G.. ..G ... ... A.G ..A TT. ..A ..A ..A ..C ... ..G ... ..C .AA ..A A.G ..T A.A TCA ... A.A ... T.. ... TCT T.. T.G T.G TA. ... A.T TAT T.A ... T.A GC. T.G A.G TT. ..T ... C.. ..T .CT .GT ... .GT ... AC. ATG TTC .GC ..T ..T ..T ..T ..T ..A ..T A.C ..A A.A ... ..C CT. TTG ..G C.G ... ... ... CTC ..G ... ... ..T T.A .G. ..A ..A T.G AAC ... ... TCC ..T .AC ... ... A.C A.C ..G C.A ..T ..C TGT A.T ..A ..A ... ... A.. ... ..C AT. .TC ... ... AAT G.C A.G C.. .TT G.T GAT GAT ... ..T AA. A.. AG. ..G ..A ... ... C.G ..G C.T A.G ... ... ... ..T ..A G.C A.. C.T ... ... ..C GAC ..C 
Calb                            ..G ..G C.T ... T.C ..G G.. ... ... G.T ..T ..G ..A ... C.A ..T ..A ..A GT. ..A ... GCA GGA G.. C.. ... ... ... GGA ... G.. ... ... GA. GAT ..T ..T .A. ... GAC ..G ..T ... ..T ..G .AT ... GTA GAA ... .TT .A. C.. ... .TG ... .AA ..T ..A TCA CAA TAC ... ..C G.. ..T ..T ..A G.. G.A ... T.A ... T.A ..A ... ... ... G.G ..C ..A C.A ... ... ... G.. ... A.T TTG ... G.. ... G.. TC. .C. ..A TTA ..T TT. GTT ... ... ... ..G ..A ..A ..A A.. ATA A.G AAA ... A.A ... T.G T.. AG. T.G T.G TAT T.A A.. ..A T.T ..A T.. T.A AG. T.A C.. TT. A.T ... CC. AGC ..T CCC CCT A.T ... C.. ... ..C A.T CCG CTA ..T ..T ..A ..G C.A ..T ..A ... A.G .GC A.. A.. A.. A.A ... A.. ... AG. TT. ..C T.. ..T ..T .AA C.. ..A ..A TA. ..C ... TCT ..T AAA ..A ... A.G A.. .AA A.T A.T TC. ..A T.. T.A ..T ... ..G A.. ..T ... G.C GGA ... ... A.. G.C ATT GGT C.T ..T GAT .GT G.C ... ... AT. AG. ..C ..C ... ... A.T ... A.C ... C.T A.. ... ..T ..A GAT ..A G.A C.T ..A .AC G.A ... 

    1    1    1    2    2    1    1    2    2    3    2    1    1    1    2
    4    2    1    1    1    1    2    3    1    1    2    1    5    1    1
    5    1    1    1    1    1    2    1    3    1    2    3    1    1    1
    2    2    3    2    1    1    1    1    1    1    1    3    1    1    2
    1    1    3    1    1    2    1    1    1    1    1    2    2    1    2
    2    1    1    3    2    1    2    2    1    3    1    1    2    1    1
    1    3    2    2    3    1    3    2    1    1    3    2    1    1    1
    2    2    3    1    3    1    2    2    1    1    2    2    1    1    3
    3    2    2    4    1    1    1    2    1    1    2    1    2    1    1
    2    1    1    2    1    1    1    2    2    1    1    1    1    1    1
    1    1    2    1    4    1    2    2    1    3    1    1    2    1    1
    1    3    2    1    1    2    1    2    1    2    2    1    3    1    2
    2    6    1    3    3    1    1    1    1    1    1    3    1    3    1
    4    2    2    1    1    1    2    1    1    1    2    1    5    2    1
    2    1    1    2    1    8    5    2    1    1    1    1    1    2    1
    2    3    1    4    1    1    1    1    1

CODONML (in paml version 4.9j, February 2020)  temp.nuc
Model: One dN/dS ratio, 
Codon frequency model: Fequal
ns =   9  ls = 391

Codon usage in sequences
--------------------------------------------------------------------------------------------------------------------------------------
Phe TTT   3   2   5   5   2   3 | Ser TCT   7   4  13   6  13   7 | Tyr TAT  10   6   6  10   5   7 | Cys TGT   5   5   5   5   5   5
    TTC   3   4   4   1   3   3 |     TCC   3   8   4   4   2   5 |     TAC   1   5   5   1   4  10 |     TGC   0   0   0   0   0   0
Leu TTA   7   6   5   6  18   8 |     TCA   6   3   2   6   4   0 | *** TAA   0   0   0   0   0   0 | *** TGA   0   0   0   0   0   0
    TTG  12  13  10   9  16  11 |     TCG   8   6   3   9   4   0 |     TAG   0   0   0   0   0   0 | Trp TGG   8   8   8   8  11   8
--------------------------------------------------------------------------------------------------------------------------------------
Leu CTT   3   7   7   3   3   4 | Pro CCT   4   2   2   4   0   2 | His CAT   3   0   3   0   3   2 | Arg CGT   9   6   6   9   6   7
    CTC   3   0   2   3   0   0 |     CCC   1   3   3   1   0   1 |     CAC   0   5   0   3   5   6 |     CGC   0   3   3   0   0   0
    CTA  10   5   4   5   5   1 |     CCA   3   3   3   3   9   8 | Gln CAA  23  14  18  21  17  18 |     CGA   3   0   4   3   0   6
    CTG  11  16  14  18   2  10 |     CCG   1   1   1   1   1   0 |     CAG   8  17  12   9   9   7 |     CGG   1   2   1   1   1   1
--------------------------------------------------------------------------------------------------------------------------------------
Ile ATT  14   9  13  18  16   5 | Thr ACT   7   8  16  11   7   3 | Asn AAT  24  17  21  13  21  18 | Ser AGT   1   0   1   2   2   2
    ATC   6  12   4   5   4   2 |     ACC  10  13   4   8   3   4 |     AAC   8  12  11  16   5   9 |     AGC   0   0   0   0   0   2
    ATA   6   5  10   5   5  18 |     ACA  10   3   4   5   7   9 | Lys AAA  11   9  18  18  12  15 | Arg AGA   7   8  10   6  16   9
Met ATG   6   6   6   6   3   6 |     ACG   0   0   0   0   0   7 |     AAG  14  18   9  10  14  18 |     AGG   7   7   4   8   5   7
--------------------------------------------------------------------------------------------------------------------------------------
Val GTT   7   4   9   8  15   5 | Ala GCT  11   6  13  13  13  15 | Asp GAT  19  13  17  17  16  29 | Gly GGT   5   7   7   8   7   7
    GTC   7   8   3   7  14   9 |     GCC   5  11   5   6   2   4 |     GAC   6  14   9   8  10   3 |     GGC   0   1   1   0   0   0
    GTA   7   2   7   6   6  12 |     GCA   2   2   1   1   6   9 | Glu GAA  21  12  19  17  19  13 |     GGA   0   0   1   0   3   2
    GTG   5  12   7   5   2   2 |     GCG   1   3   3   1   0   0 |     GAG   4  14   5   8   8   6 |     GGG   4   1   0   1   2   1
--------------------------------------------------------------------------------------------------------------------------------------

--------------------------------------------------------------------------------------
Phe TTT   2   2   6 | Ser TCT   1   6   5 | Tyr TAT   1   6  11 | Cys TGT   0   6  10
    TTC   5   8   2 |     TCC   8   2   6 |     TAC  13   8   4 |     TGC   5   0   0
Leu TTA   2  10  23 |     TCA   0   3   4 | *** TAA   0   0   0 | *** TGA   0   0   0
    TTG   1  15   7 |     TCG   7   7   2 |     TAG   0   0   0 | Trp TGG   8   8   8
--------------------------------------------------------------------------------------
Leu CTT   4   9   2 | Pro CCT   2   3   4 | His CAT   5   0   7 | Arg CGT   2  11   3
    CTC   7   1   0 |     CCC   6   2   1 |     CAC   7   3   0 |     CGC   5   1   0
    CTA   1   6   6 |     CCA   3   9  12 | Gln CAA   2  14  18 |     CGA   2   1   1
    CTG  26   7   0 |     CCG   2   1   2 |     CAG  34  21   0 |     CGG  10   0   0
--------------------------------------------------------------------------------------
Ile ATT   5  12  19 | Thr ACT   8   6   9 | Asn AAT   3   8  32 | Ser AGT   6   1   5
    ATC  19  14   4 |     ACC   9   5   1 |     AAC   9  11   2 |     AGC   2   0   1
    ATA   4   5  10 |     ACA   0   4   4 | Lys AAA   3   5  19 | Arg AGA   4  10  11
Met ATG   9   8  12 |     ACG  11   2   3 |     AAG  16  18  10 |     AGG   6   4   3
--------------------------------------------------------------------------------------
Val GTT   1   9   5 | Ala GCT   0  13   5 | Asp GAT   6  29  23 | Gly GGT   4  11   6
    GTC  11   4   1 |     GCC   2   5   7 |     GAC  16   4   5 |     GGC   6   4   1
    GTA   0   2  11 |     GCA   7   4   5 | Glu GAA   7  10  19 |     GGA   1   1   8
    GTG  11   6   5 |     GCG  13   4   0 |     GAG  17   1   1 |     GGG   4   1   0
--------------------------------------------------------------------------------------

Codon position x base (3x4) table for each sequence.

#1: Scer           
position  1:    T:0.18670    C:0.21228    A:0.33504    G:0.26598
position  2:    T:0.28133    C:0.20205    A:0.38875    G:0.12788
position  3:    T:0.33760    C:0.13555    A:0.29668    G:0.23018
Average         T:0.26854    C:0.18329    A:0.34015    G:0.20801

#2: Sbay           
position  1:    T:0.17903    C:0.21483    A:0.32481    G:0.28133
position  2:    T:0.28389    C:0.19437    A:0.39898    G:0.12276
position  3:    T:0.24552    C:0.25320    A:0.18414    G:0.31714
Average         T:0.23615    C:0.22080    A:0.30264    G:0.24041

#3: Smik           
position  1:    T:0.17903    C:0.21228    A:0.33504    G:0.27366
position  2:    T:0.28133    C:0.19693    A:0.39130    G:0.13043
position  3:    T:0.36829    C:0.14834    A:0.27110    G:0.21228
Average         T:0.27621    C:0.18585    A:0.33248    G:0.20546

#4: Spar           
position  1:    T:0.17903    C:0.21483    A:0.33504    G:0.27110
position  2:    T:0.28133    C:0.20205    A:0.38619    G:0.13043
position  3:    T:0.33760    C:0.16113    A:0.26087    G:0.24041
Average         T:0.26598    C:0.19267    A:0.32737    G:0.21398

#5: Ncas           
position  1:    T:0.22251    C:0.15601    A:0.30691    G:0.31458
position  2:    T:0.29156    C:0.18159    A:0.37852    G:0.14834
position  3:    T:0.34271    C:0.13299    A:0.32481    G:0.19949
Average         T:0.28559    C:0.15686    A:0.33674    G:0.22080

#6: Cgla           
position  1:    T:0.17136    C:0.18670    A:0.34271    G:0.29923
position  2:    T:0.25320    C:0.18926    A:0.41176    G:0.14578
position  3:    T:0.30946    C:0.14834    A:0.32737    G:0.21483
Average         T:0.24467    C:0.17477    A:0.36061    G:0.21995

#7: Agos           
position  1:    T:0.13555    C:0.30179    A:0.29156    G:0.27110
position  2:    T:0.27621    C:0.20205    A:0.35550    G:0.16624
position  3:    T:0.12788    C:0.33248    A:0.09207    G:0.44757
Average         T:0.17988    C:0.27877    A:0.24638    G:0.29497

#8: Klac           
position  1:    T:0.20716    C:0.22762    A:0.28900    G:0.27621
position  2:    T:0.30179    C:0.19437    A:0.35294    G:0.15090
position  3:    T:0.33760    C:0.18414    A:0.21483    G:0.26343
Average         T:0.28218    C:0.20205    A:0.28559    G:0.23018

#9: Calb           
position  1:    T:0.22506    C:0.14322    A:0.37084    G:0.26087
position  2:    T:0.28900    C:0.17903    A:0.38619    G:0.14578
position  3:    T:0.38875    C:0.08951    A:0.38619    G:0.13555
Average         T:0.30094    C:0.13725    A:0.38107    G:0.18073

Sums of codon usage counts
------------------------------------------------------------------------------
Phe F TTT      30 | Ser S TCT      62 | Tyr Y TAT      62 | Cys C TGT      46
      TTC      33 |       TCC      42 |       TAC      51 |       TGC       5
Leu L TTA      85 |       TCA      28 | *** * TAA       0 | *** * TGA       0
      TTG      94 |       TCG      46 |       TAG       0 | Trp W TGG      75
------------------------------------------------------------------------------
Leu L CTT      42 | Pro P CCT      23 | His H CAT      23 | Arg R CGT      59
      CTC      16 |       CCC      18 |       CAC      29 |       CGC      12
      CTA      43 |       CCA      53 | Gln Q CAA     145 |       CGA      20
      CTG     104 |       CCG      10 |       CAG     117 |       CGG      17
------------------------------------------------------------------------------
Ile I ATT     111 | Thr T ACT      75 | Asn N AAT     157 | Ser S AGT      20
      ATC      70 |       ACC      57 |       AAC      83 |       AGC       5
      ATA      68 |       ACA      46 | Lys K AAA     110 | Arg R AGA      81
Met M ATG      62 |       ACG      23 |       AAG     127 |       AGG      51
------------------------------------------------------------------------------
Val V GTT      63 | Ala A GCT      89 | Asp D GAT     169 | Gly G GGT      62
      GTC      64 |       GCC      47 |       GAC      75 |       GGC      13
      GTA      53 |       GCA      37 | Glu E GAA     137 |       GGA      16
      GTG      55 |       GCG      25 |       GAG      64 |       GGG      14
------------------------------------------------------------------------------


Codon position x base (3x4) table, overall

position  1:    T:0.18727    C:0.20773    A:0.32566    G:0.27934
position  2:    T:0.28218    C:0.19352    A:0.38335    G:0.14095
position  3:    T:0.31060    C:0.17619    A:0.26201    G:0.25121
Average         T:0.26002    C:0.19248    A:0.32367    G:0.22383

Codon frequencies under model, for use in evolver (TTT TTC TTA TTG ... GGG):
  0.01639344  0.01639344  0.01639344  0.01639344
  0.01639344  0.01639344  0.01639344  0.01639344
  0.01639344  0.01639344  0.00000000  0.00000000
  0.01639344  0.01639344  0.00000000  0.01639344
  0.01639344  0.01639344  0.01639344  0.01639344
  0.01639344  0.01639344  0.01639344  0.01639344
  0.01639344  0.01639344  0.01639344  0.01639344
  0.01639344  0.01639344  0.01639344  0.01639344
  0.01639344  0.01639344  0.01639344  0.01639344
  0.01639344  0.01639344  0.01639344  0.01639344
  0.01639344  0.01639344  0.01639344  0.01639344
  0.01639344  0.01639344  0.01639344  0.01639344
  0.01639344  0.01639344  0.01639344  0.01639344
  0.01639344  0.01639344  0.01639344  0.01639344
  0.01639344  0.01639344  0.01639344  0.01639344
  0.01639344  0.01639344  0.01639344  0.01639344


TREE #  1:  (((((1, 4), (3, 2)), 5), 6), ((7, 8), 9));   MP score: 1476
This is a rooted tree.  Please check!
lnL(ntime: 16  np: 18):  -8030.359380      +0.000000
  10..11   11..12   12..13   13..14   14..1    14..4    13..15   15..3    15..2    12..5    11..6    10..16   16..17   17..7    17..8    16..9  
 0.473957 0.820937 1.241406 0.206196 0.142289 0.178370 0.007914 0.206913 0.465082 1.631302 1.039921 0.432560 0.929099 2.908953 2.565698 4.965187 1.663448 0.057558

Note: Branch length is defined as number of nucleotide substitutions per codon (not per neucleotide site).

tree length = 18.215786

(((((1: 0.142289, 4: 0.178370): 0.206196, (3: 0.206913, 2: 0.465082): 0.007914): 1.241406, 5: 1.631302): 0.820937, 6: 1.039921): 0.473957, ((7: 2.908953, 8: 2.565698): 0.929099, 9: 4.965187): 0.432560);

(((((Scer: 0.142289, Spar: 0.178370): 0.206196, (Smik: 0.206913, Sbay: 0.465082): 0.007914): 1.241406, Ncas: 1.631302): 0.820937, Cgla: 1.039921): 0.473957, ((Agos: 2.908953, Klac: 2.565698): 0.929099, Calb: 4.965187): 0.432560);

Detailed output identifying parameters

kappa (ts/tv) =  1.66345

omega (dN/dS) =  0.05756

dN & dS for each branch

 branch          t       N       S   dN/dS      dN      dS  N*dN  S*dS

  10..11     0.474   854.1   318.9  0.0576  0.0290  0.5034  24.7 160.6
  11..12     0.821   854.1   318.9  0.0576  0.0502  0.8720  42.9 278.1
  12..13     1.241   854.1   318.9  0.0576  0.0759  1.3186  64.8 420.6
  13..14     0.206   854.1   318.9  0.0576  0.0126  0.2190  10.8  69.9
  14..1      0.142   854.1   318.9  0.0576  0.0087  0.1511   7.4  48.2
  14..4      0.178   854.1   318.9  0.0576  0.0109  0.1895   9.3  60.4
  13..15     0.008   854.1   318.9  0.0576  0.0005  0.0084   0.4   2.7
  15..3      0.207   854.1   318.9  0.0576  0.0127  0.2198  10.8  70.1
  15..2      0.465   854.1   318.9  0.0576  0.0284  0.4940  24.3 157.6
  12..5      1.631   854.1   318.9  0.0576  0.0997  1.7328  85.2 552.7
  11..6      1.040   854.1   318.9  0.0576  0.0636  1.1046  54.3 352.3
  10..16     0.433   854.1   318.9  0.0576  0.0264  0.4595  22.6 146.5
  16..17     0.929   854.1   318.9  0.0576  0.0568  0.9869  48.5 314.8
  17..7      2.909   854.1   318.9  0.0576  0.1778  3.0899 151.9 985.5
  17..8      2.566   854.1   318.9  0.0576  0.1569  2.7253 134.0 869.2
  16..9      4.965   854.1   318.9  0.0576  0.3036  5.2740 259.3 1682.1

tree length for dN:       1.1137
tree length for dS:      19.3488


Time used:  0:13
