      9   1182

Scer                            AAG CTA CTT GGT GAT GGT CTT ATT TCG TTG ACT TTT TCT TTG AAA GTT TGT GGT TCA CTT GCT AAT AGA CAT GCT AGA AGA GAG AAA GCT AGT AAT TAT TCG TTT TCC AAT GGT TCT AAA AAT GCT GAT ATC GAG ACC TCC GCA GCA CTT CAC ATT TAT CCT GGT GAC TTT TAC CTG TTC AAT CGG AAT GAA AAT GCT GTC ATT CCT ATG TCA TCT GAA TCC GGT ACA CTA AAG CTA GAA AAT GAA CTA TTG ATT ATC GAG AAG TCC AGC GAC GAT GAG TCT CCT TGG AGG GGT GGT ACA CAA CCA GTT TTA GCT ATT TGG CAA GCA ACT CTT GGT GAC ACT GCT GTT TCC TTC ATA AAG GTG TTA ACA ACA TTG TTT AAA TCC AAT AAG TTG AGA AAA TTG CTT TCC TTA GAC GTA CCA TAC GAT ACG TCA CCA TTA GAC ATC TTC AAT GCC GAT GAT GCT GAA GCT GTT GCC GTT TTT ATC GAA CGG GTT CCC TCC AGA TTG GAG ATC AAT AGG GAA GAA AGA AAA AAT GTC CCT CGG GAT GAG CAG TTG ATG ATT AAG TTT ATC AAT ACA GAG GAA GAG TTA GAC TAT GAT GGT AAA GAA ATT TCT GCC GTT GGC GCT CCA AGG GAC TTG GTC GGT TTA TTC GTT GCG TTG TTG GGT GAT ATT GCT TCA GTT TTT TAC ATG GGT TTA TTA GCC TGT GCG GGT GCT GAA CCA GCT AAA CTA GAG TGT AAG ATG TTT ATG GAG GAT GAC ATA CGT AAA GCT AAG CCT TGT GGT TCT TAC TCT GCC TTT TGT GGT ATT GAC GAC CCA CCA TTG TTA GAG ATA ATT AGA TTT GCT AAA GAC ATG TCC CTT CCA AAA AGA CTT TCT TTA AGA ATT TAC GAA TTA AAT GGT TCT GTT AAA ATT TCA AGA TGC ATT GCT CCA GTT ATC GAA AGA ATA GAG TCG TCC TTT CAA TGT GAT GTA GAA CGC GAC ATC ATT GAA GCA TGG GCA TTG TGC GAA TGT ATG ATT TTG GCA GAA CCG GGT AGA AAA CAA ATT ATA TGG GTT TTA ACC TCA TTG GAA TCT AAT GAA TTG AAA TTA GGC GCT GCT TCC ATC AAA GAT TTT CCA GCC GAA GCC AAA GAT TTC ACA GGT AGG GAA GAA AAT TTC ATG ACA TTC TAC GAA GGT GAA AAC ATT GGT TCG TCC GAG CTA GCT 
Sbay                            AAA TTA CTT GGT GAT GGT CTT ATT TCG TTA ACT TTT TCC CTA AAA GTC TGT GGT TCC CTG GCT GAC AGA CAT GCT AGA AGA GAA AAG GCT AGT AAT TAC TCG TTT TCC AAC GGT TCT AAG AAT GCT GAT ATC GAA ACC TCC GCA TCG CTA CAT ATT TAC CCT AAC ACT TTT TAC TTG TTC AAC CGG AAT GAG AAC GCT GTC ATT CCT ATG TCT TCC GAA CCA GGT ACA TTA CGT TTA GAG AAC GAG CTA TTG ATT ATC GAA AAG TCT AGT GAC GAC GAA TCC CCG TGG AGA GGT AAC ACG CAG CCA GTT TTA GCT ATT TGG CAA GCA ACC CTG GGC ACT ACC GCT GCC TCT TTC ATA AAG GTG CTA ACA ACA TTG TTT AAA TCC AAT AAG TTG AGA AAG CTA CTT CCA CTG GAC GTT CCA TAC GAT ACG TCT CCA TTA GAT ATC TTC AAT GCT GAC GAC GCT GAA GCT GTT GCC GTT TTT ATC GAA CGG AGA CCC TCT AGA TTG GAG ATT AAT AGG GAA GAA AGA AAG AAT ATA CCT CGG GAC GAA CAA TTG TTC ATC AAG TTT ATT AAT ACA GAA GAG GAG TTA GAC TAC GAT GGT AAA GAG ATT TCC GCC GTT GGT GCT CCA AGG GAC TTG GTC GGT TTA TTC GTT GCG TTA TTG GGT GAC ATT GCT TCT GTC TTT TAC ATG GGT TTA CTG GCC TGT GCG GGT GCT GAG CCA GCT GAT CTA GAA TGT AAG ATC TTT ATG GAG GAT GAT ATC CGT AAA GCT AAA CCG TGT GGT TCC TAC TCT GCC TTT TGT GGT ATT GAC GAC CCT CCA CTA CTA GAG ATA ATT AGA TTT GCT AAA ACT ATG TCT CTT CCA AAA AGG CTC TCC TTA AGA ATT TAT GAA TTA AAT GGT TCC AGA AAG ATT TCG AGA TGC ATT GCT CCA GTT ATC GAG CGG ATA GAA TCA TCT TTT CAA TGT GAC GTT GAA CGT GAC ATC ATT GAA GCA TGG TCG TTG TGC GAA TGT ATG ATT TTA TCG GAG CCA GGT AGA AAG CAG ATA ATC TGG GTC TTA ACC TCG TTG GAG TCC AAC GAA TTA AAA TTA GGT GCT GCT TCT ATT AAA GAC TTT CCA GCC GAG GCT AAA GAC TTC ACA GGT AGG GAA GAG AAC TTC ATG ACG TTC TAC GAA GGT GAA AAC ATT GGT TCT TCT GAA CTA GCT 
Smik                            AAG TTA CTC GGC GAT GGT CTT ATT TCA TTA ACT TTT TCT CTG AAA GTT TGT GGC TCA CTA GCT GAT AGA CAT GCT AGA AGA GAA AAA GCC AGT AAT TAT TCA TTT TCC AAT GGT TCT AAA AAT GCT GAT ATC GAG ACA TCT GCA GCG CTT CAT ATT TAT CCT AAT GGT TTT TAC TTA TTT AAC CGA AAT GAA AAC GCT GTC ATT CCT ATG TCA TCC GAA TCG GGT ACA CTA AGA CTA GAA AAC GAA CTA TTG ATT ATC GAG AAA TCC AGT GAC GAC GAA TCC CCT TGG AGG GGT AAT ACA CAA CCG GTT TTA GCT ATT TGG CAA GCA ACT CTA GGT GGT ACT GCT GCA TCT TTT ATA AAG GTG TTA ACA ACA TTG TTT AAA TCT AAT AAG TTG AGA AAA CTG CTC TCG TTA GAC GTT CCA TAT GAT ACG TCA CCA TTA GAC ATC TTT AAC GCC GAT GAT GCT GAA GCT GTT GCC GTT TTT ATT GAG CGA CGT CCT TCT AGA TTG GAG ATT AAC AGG GAA GAA AGA AAA AAT ATT CCT CGC GAT GAA CAG TTG TTT ATT AAA TTT ATC AAT ACA GAG GAA GAG TTG GAC TAT GAA GGT AAA GAA ATT TCC GCC GTT GGA GCT CCA AGG GAT TTG GTC GGT TTG TTT GTT GCG TTA TTG GGT GAT ATT GCT TCA GTC TTT TAT ATG GGT TTG CTG GCC TGT GCG GGT GCT GAA CCG GCT GAT CTA GAA TGT AAA ATG TTT ATG GAG GAT GAC ATA CGT AAA GCT AAG CCT TGT GGT TCC TAT TCA GCC TTT TGT GGT ATT GAC GAT CCA CCG CTG TTA GAA ATA ATT AGA TTT GCT AAA GGT ATG TCT CTT CCA AAA AGA CTG TCC TTA AGA ATT TAT GAA TTA AAT GGT TCC CGT AAA ATT TCA AGA TGC ATT GCT CCA GTT ATC GAA AGA ATA GAA TCA TCT TTT CAA TGT GAC GTT GAG CGC GAC ATC ATT GAA GCA TGG GCG TTG TGC GAA TGT ATG ATT TTA GCG GAA CCG GGT AGA AAA CAA GTC ATA TGG GTT TTG ACC TCA TTA GAA TCC AAC GAA TTG AAA TTG GGA GCT GCT TCT ATT AAA GAT TTT CCA GCC GAA GCC AAA GAT TTC ACA GGT AGG GAA GAA AAC TTT ATG ACG TTT TAT GAA GGT GAA AAC ATT GGC TCC TCT GAG CTA GCT 
Spar                            AAG CTA CTT GGT GAT GGT CTT ATT TCG TTA ACT TTT TCT TTG AAA GTT TGT GGT TCA CTT GCT GAT AGA CAT GCT AGG AGA GAG AAA GCT AGT AAT TAT TCG TTT TCC AAC GGT TCT AAA AAT GCT GAT ATC GAG ACC TCC GCA GCA CTT CAC ATT TAT CCT AAT GGT TTT TAC CTG TTT AAC CGA AAT GAA AAC GCT GTC ATT CCT ATG TCG TCT GAA CCT GGT ACA CTA AGA CTA GAA AAC GAA CTA CTG ATT ATT GAG AAG TCA AGT GAT GAT GAG TCT CCT TGG AGG GGT AAT ACA CAA CCA GTT TTA GCT ATT TGG CAA GCA ACT CTT GGT GGT ACT GCT GCC TCC TTC ATA AAG GTG ATA ACA ACA TTG TTT AAA TCC AAT AAG TTG AGA AAA TTG CTT CCT TTA GAT GTT CCA TAT GAT ACG TCA CCA TTA GAC ATC TTT AAC GCC GAT GAT GCT GAG GCT GTT GCC GTT TTT ATT GAA CGA CGT CCC TCC AGA CTG GAG ATT AAC AGG GAA GAA AGA AAA AAT ATT CCT CGG GAT GAG CAG CTG TTT ATT AAG TTT ATC AAT ACA GAG GAA GAG TTA GAT TAT GAT GGT AAA GAA ATT TCT GCC GTT GGC GCT CCA AGA GAC TTA GTC GGC TTG TTT GTT GCG TTA TTG GGT GAT ATT GCT TCA GTC TTT TAT ATG GGT TTA TTA GCC TGT GCG GGT GCT GAA CCA GCT GAT CTA GAG TGT AAG ATG TTT ATG GAG GAT GAC ATC CGT AAG GCT AAG CCT TGT GGT TCT TAC TCT GCC TTT TGT GGT ATT GAT GAC CCA CCA TTG ATA GAA ATA ATT AGA TTT GCT AAG GGT ATG TCT CTT CCA AAG AGA CTT TCT TTA AGG ATT TAC GAA TTA AAT GGT TCT CGT AAA ATT TCA AGA TGC ATT GCT CCA GTT ATC GAA AGA ATA GAG TCA TCC TTT CAA TGT GAT GTT GAA CGT GAT ATC ATT GAA GCA TGG GCA CTG TGC GAG TGT ATG ATT TTG GCA GAG CCG GGT AGA AAA CAA ATA ATC TGG GTT TTA ACC TCA TTG GAA TCT AAC GAA TTG AAA TTG GGC GCT GCT TCC ATT AAA GAT TTC CCA GCC GAA GCC AAA GAT TTC ACA GGC AGG GAG GAA AAC TTT ATG ACG TTC TAC GAG GGT GAA AAC ATT GGT TCG TCC GAG CTA GCT 
Ncas                            AAA TTG TTA GGT GAT GGT CTT ATT TCT CTA ACC TTC TCT TTG AAG GTT TGT GGT TCT TTA GCC AAG AGA CAT GGT AGA AGA CAA AAG GCT AGT AAT TAC TCT TTT TCT AAT GGT TCG AAG AAT GGT GAT ATT GAA ACT TCA GCA TCG TTA CAC ATT TAC CCT AAT GAA TTC TAC TTG TTT AAT AGA AAC GAG AAT GGT GTC ATC CCG ATG TCT TCT GAA CCC GGT ACG CTT AAG CTT GAG AAT GAG TTA TTA CTA ATC GAA AAG TCC AGT GAT GAT GAA TCC CCA TGG CGT GGT AAT ACT CAA CCC GTT TTA GCC CTA TGG CAA GCA ACA TTA GGT GAA ACA GCC GGT TCC TTT ATT AAA GTC TTG ACG ACT TTG TTC AAA TCA AAT AAA CTT AGA AAG TTG TTA CCC TTG GAT ACG CCC TAT GAT ACC TCG CCA TTT GAT ATC TTT AAT GCT GAT GAT GCT GAG GCT GTC GCC GTT TTC ATT GAA AGA AAG CCA TCC AGA TTA GAG ATT AAT AGG GAA GAA AGA AAA AAT GTC CCT AAG GAT GAA GAA TTA ATG ATT AAG TTC ATT AAC ACG GAA GAG GAA TTG GAT TAC GAT GAA AAA GAG ATT TCC GCT GTT GGC GCC CCA AGG ATG TTG GTC GGG TTG TTT GTT GCT CTA TTG GGT GAT ATG GCA TCT ATC TTC TAT ATG GGT TTG CTA GCC TGT GCT GGG GCT GAG CCA GCC GGG TTA AGC TGT AAG ACA TTT ATG GAA GAT GAT ATA CGT CAA GCA AAA CCA TGT GGT TCC TAT TCT GCC TTC TGT GGG ATT GAT ATG CCT CCC TTG TTG GAA ATT ATT AGA TTC GCA CAA GAA ATG ACA TTA CCA CAA AGA CTT TCT TTA AGA ATT TAC GAA TTT AAT GGT TCC AAG AAA ATT GCC AGA TGC ATG GCT CCA GTT ATT GAG AGG ATT CAA TCA TCC TTC CAA TGT GAT ACG GAG CGT GAT ATC ATG GAA GCA TGG TCG TTA TGC GAG TGT ATG ATT TTG TCG GAA TCT GAA AGA AAG CAA CTA ATA TGG GTT TTG ACT GCC TTA GAG TCT AAT GAA TTG AAA TTA GGC GCT GCA TCC ATT AGA GAT TTC CCC GCT GAG GCT AGA GAT TTC ACT GGG AGG GAG GAG AAT TTT ATG ACA TTT TAT GAG GGG GAA AAT ATT GGT TCG TCC GAA TTA GGT 
Cgla                            AAA GTT TTA GGT GAT GGT CTG ATT TCC TTG ACC TTT TCC CTC AAA GTG TGT GGT TCT CTT GCT AAT AGA CAC GGT AGA AGG CAA AAA GCC AGT CAA TAC TCC TTC TCC AAC GGT TCC AAA AAC GGT GAC ATA GAA ACA TCA GCC ACA TTG CAT ATT TAC CCA AAG CAG ATG TAC TTG TTT AAT AGG AAT GAA AAC GGT GTT ATC CCA ATG TCC TCC GAG TCA AGT ACC CTT GTT CTT GAA AAC GAG CTA CTA ATC ATA GAG AAA TCA AGT GAT GAC GAA TCC CCA TGG CGA GGT AAG ACA CAG CCC GTT TTA GCT ATC TGG CAA GCC ACC CTT GGT CAG ACC GCT TCC GCC TTC ATT AAG GTT CTG ACC ACT ATG TTT AAA TCA CAA AAG TTG AGA AAG CTC TTA TCA TTG GAT GTT CCA TTT GAC TCT TCT CCA TTG GAC ATT TTT AAT GCT GAC GAT GCT GAG GCT GTT GCT GTC TTT ATA GAA AGG TCA CCA GCC AGA CTA GAG ATC AAT CGT GAG GAA AGA AAG AAT GTG CCA AAG GAC GAA GAA CTA AAC ATT AAA TTT ATT AAT ACC GAG GAG GAG CTG GAT TAC GAT ACG AAG GAG ATT TCC GCG GTC GCA GCA CCC AGA TTG CTG GTT GGT CTG TTT GTT GCG TTG ATG GGT GAT ATC GCC TCA ATC TTC TTT TTA GGT CTG TTA GTA TGT GCG GGT GCT GAA CCA GCT AAA CTG GAG TGT AAA ACA TTC ATG GAG GAT GAT TTC AGA AAG GCC AAA CCA TGT GGT TCC TAT TCT GCC TTT AGT GGT ATT GAC TTG CCA CCC CTC CTG GAG ATA ATT AGA TTC GCT AAG CAG ATG ACG ATT CCA AAG CGG CTA TCC TTA AGA ATA TAC GAA TTG CAA GGT TCC TCA AAG ATT GCA AGA TGT ATC GCT CCA GTC ATA GAG AGG ATA CAA TCC GCC TTT CAA AGT GAC GTT GAA CGT GAC ATT ATC GAA GCC TGG ACA CTA TGT GAG AGT ATG ATA TTA ACA GAG CCA ACG AGA AAG CAG ACA TTC TGG GTG CTG ACC GCA CAA GAA TCC AAT GAA TTG AAG TTG GCA GCA TCA GCC ATC AAA GAG TTC CCA GCG GAG GCT AAA GAT TTC ACT GGT CGT GAG GAA AAC TTT ATG ACG TTC TAT GAG GGT GAA AAT ATT GGT TCC GCC GAA CTA GGT 
Agos                            AAG ACT CTG GGG GAT GGC CTC ATC CGG CTC ACT TTT TCC CTG AAG GTT TGC GGG TCT CTT GCA TTA CGG CAT GCA CGG CGG CAG CAT GCT AGT AAT TAT CGG TTC TCT AAT GGT TCT CAT AAT GCA GAT ATT GAG ACA GCC GCG GCG CTA CAT ATC TAT CCG AAT GGC TTT TAC CTA TTC AAC CGC AAT GAA AAC GCA GTG ATA CCC GTG TCC AGT GAA CCA GGT ACC TTG AGA TTG GAA AAC GAG TTG TTG ATC ATA GAG AAA TCG GGA GAA GAC CAG TCC CCT TGG CGT GGT AAT ACA CAG CCC GTC CTA GCA ATC TGG CAA GCG ACC CTT GGC GGC ACC GCA GCT TCT TTC ATA AAG GTT CTA ACC ACA TTG TTT AAG GCC AAT AAG TTG AGA AAG CTG CTG CCA CTA GAA ACT CCA TAT GAT ACG TCC CCT TTC GAC GTG TTC TCC GCG GAC GAT GCT GAA GCA GTG GCT GTG TTC ATA GAA CGC CGT CCA TCT AGA TTG GAA ATA TCC AGG GAA GAG AGA AAG AAC ATT CCG AAA GAC CAG AAG TTG TTT ATT AAA TTC ATC AAT ACC GAG GAG GAA CTG GAA TAT CAG GAT GCG GAG ATT TCC GCG GTG GGT GGT CCA CGC AGT CTG GTG GGA CTG GCG GTC GCG CTC TTG GGT GAT ATT GCA TCC ATC TTT TAT ATG GGT CTG TTG GCG TGC GCG GGA GCG GAA CCC GCT GAT TTA GAA TGT AAA ACT TTC ATG GAA GAT GAT ACC CGT AAA GCG AAG CCT TGC GGT TCC TAT TCT GCA TTC TGT GGA ATC GAT AGT CCA CCC CTG CTA GAG ATT ATC CGG TTT GCT AAA GGC ATG ACT CTA CCT AAA CGT CTG AGT CTA CGG ATC TAT GAG TTC AAT GGT TCC CGT AAG ATC GCC CGG TGC ATT GCA CCT GTG ATT GAG CGC ATT CAG TCG TCT TTT CAG TGT GAC ACT GAG CGG GAT GTG ATT GAG GCG TGG GCG TTG TGC GAA TGT ATG GTA TTG GCG GAA CCC GAT AGA AAG CAG CTA ACC TGG GTT CTG ACC GCC CTG GAA AGT AAC GAG CTT GCG TTG GGT GCT GCT TCT ATA CGC GAC TTC CCA GCG GAG GCG CGC GAT TTC ACA GGA AGG GAA GAA AAC TTC ATG ACC TTC TAT GAA GGA GAG AAT ATT GGG TCG TCT GAG TTG GCA 
Klac                            AAG TTT CTA GGT GAT GGT TTG ATT AGA TTA ACT TTG TCC CTA AAG GTT TGT GGT TCT TTA GCT TCG AGA CAC GGT AGA AGA CAG CAA GCC AGT AAT CCT AGA TTT TCT AAC GGT TCT CAA AAC GGT GAT ATA GAG GCT GCC GCA TCT TTA CAT ATT CCT CCA AAA AAA ATT TAC TTG TTT AAC AGA AAC GAA AAC GGT GTT ATT CCG GTC TCC AGC GAG GCG GCA ACG TTG GTT TTG GAA AAC GAA TTG TTA GTT ATC GAA AAA AGT AGC GAG GAC CAA AGT CCA TGG CGT GGT AAA ACC CAA CCT GTT TTA GCT GTT TGG CAA GCA ACT TTA GGT AAA ACT GCT TCA TCC TTC ATA AAG GTC CTT ACG ACG TTG TTG AAA GCC AAT AAA TTG AGA AAG CTA CTA GCG TTG GAG ATG CCA TAT GAT ACT TCA CCA TTC GAT ATT TTT AAC GCA GAC GAC GCT AAC GCC GTC GCT GTT TTT ATC GAA AGA TCA CCT TCC AGA TTA GAA ATC AAC AGA GAG GAA AGA AAA AAC GTC CCA CGG GAC CAA AAA TTA AAC ATC AAA TTT ATT AAC ACG GAA GAA GAA TTA GAG CCT CAT TCC AAG GAA ATC AGT GCA GTT GGG GGA CCG AGA TTT CTA GTT GGT TTG ATG GTT GCA TTA TTG GGT GAC ATC GCT TCT ATC TTC TAT ATG GGT TTA TTA GCG TGT GCA GGT GCT GAA CCT GCC AAG TTG GAA TGT AAA ACA TTT ATG GAA GAC GAT GTG CGT AAG GCT AAG CCA TGT GGT AGT TTT TCT GCC TTT TGT GGT ATT GAT TTT CCA CCT CTA CTT GAA ATC ATT AGA TTC GCT AAG AAA ATG ACA CTA CCA AAG AGG TTA AGC TTA AGA ATC TAC GAA TTC AAT GGT AGT TCA AAA ATT GCA AGA TGT ATC GCC CCA GTT ATA GAA AGG ATC CAG TCT TCC TTG CAA TGT GAC ATG GAG AGA GAT ATT ATC GAA GCA TGG TCT TTA TGT AAC TGT ATG GTG TTG TCT GAA CCG TCC AGA AAA CAA GAC GTG TGG GTT TTA ACC GCA ATG GAA AGC AAC GAA TTG AAG TTA GGG GCC GCT TCC ATC AGG GAT TTC CCA GCA GAA GCA AGG GAC TTC ACG GGT AGA AAC GAA AAC TTT ATG ACA TTC TTT AAC GGT GAG AAC ATC GGT TCT TCC GAG TTG GGT 
Calb                            GAA ATG TTA GGT GAT GGT CTT ATT AAA TTA ACT TTT TCG TTA AAA GTC TGT GGT TGT TTG GCC CAT CGT CAT GCT AGA CGA TGC ATA GCC TCC TCT CAT AAA TTT TCA AAT GGA GCA ATA AAC GCT GAT ATT GAA ACT TCA GCC ACT TTA CAT ATT CAT CCA AAC TCT TTA TAT TTG TTT AGT CGA AAT GAA AAT GCT GTT ATC CCT CAA TCA ACC GAA AAT GGG GCT TTA AGA TTA GAA AAT GAA TTA TTA TTA ATG GAA AAA TCC CGA AAT GAT AAT AGT CCA TGG AAA GGT AAC ACT CAA CCA GTT TTG GCC TTA TGG CAA GCC CAA TTG GGT TCT CAA GCC AGT CGT TTT ATT AAG GTC TTA GCT ACA TTA TTT AAA TCA TCT AAA TTG AGG AAA TTA TTA AAT TTG AAT TTA CCA TAT GAT ACA AGT CCT TTT GAT GTA TTT AAT GCT GAT GAT GCC GAA GCT ATT GCT GTG TTT ATC GAT CGA AGA CCA CGT CGT TTA GAA GTA AAT CGT GAA GAA AGG AAA AAC ATC CCA AAA GAT AAT ATT TTA TTC ATC AAA TTT ATA AAT GCT GAA GAA GAA ATG AAT CAT CCT CAT ACT GAG ATT AGT GCT GTG GGT GGA TCA AGA ACA TTA GTT GGA TTG TTT GTT GCG TTA TTA GGT GAT ATC GCT TCT GTC TTC TAT ATG GGT ATG TTG GCC TGT GCG GGT TCA GAA CCA GCA GAT CTT GCA TCT AAA ACA TTT ATG GAA GAT GAT TTA AGA AGT TCA GAA CCA TGT GGT AGT TAT AGT GCC TTT TCA GGT GTT GAT ACA CCA CCA TTA TTA GAA ATA ATT CGT TTC GCT AGT TCT ATG AGT TTG CCT AGT AGA ACA ACC TTG AGA ATT TAT GAA TTT TCT GGA AGT AGA AAA GTT TCA CGT TGT ATC GCT CCT GTG ATT GAG CGA ATA TGC TCA CGT TTT CAA TCA GAT TTA GAA CGT GAT GTA ATC GAA GCC TGG ACT TTA TGT GAA TCA ATG ATG TTG ACT GAA CCA CAT AGG AAT CAA ATT TTA TGG GTC ATG ACC TCA TTG GAA ACC AGT GAA TTA ACT TTG GGT GCT GCA CGT GTA AGA GAT TTC CCA GCT GAG GCT AGA GAT TTT ACA GGA CGT GAA GAA AAT TTT ATG ACT TTT TAT GAA GGT GAG AAT ATT GGT AGT CGT GAA TTA GCT 



Printing out site pattern counts


         9        699  P

Scer                            AAA AAA AAA AAA AAA AAA AAA AAA AAA AAA AAC AAG AAG AAG AAG AAG AAT AAT AAT AAT AAT AAT AAT AAT AAT ACA ACA ACA ACA ACC ACC ACG ACT ACT AGA AGA AGA AGA AGA AGA AGA AGC AGG AGG AGG AGT ATA ATA ATA ATC ATC ATC ATC ATC ATC ATG ATG ATG ATG ATG ATT ATT ATT ATT ATT ATT ATT ATT ATT ATT CAA CAA CAA CAC CAG CAT CCA CCA CCA CCA CCA CCA CCC CCG CCT CCT CCT CGC CGG CGG CGT CTA CTA CTA CTA CTG CTT CTT CTT CTT CTT CTT GAA GAA GAA GAA GAA GAA GAA GAA GAA GAA GAC GAC GAC GAC GAC GAC GAG GAG GAG GAG GAG GAG GAG GAG GAT GAT GAT GAT GAT GAT GAT GAT GCA GCA GCC GCC GCC GCC GCC GCG GCT GCT GCT GCT GCT GCT GCT GCT GCT GCT GCT GCT GCT GGC GGT GGT GGT GGT GGT GGT GGT GGT GGT GGT GTA GTC GTC GTG GTT GTT GTT GTT GTT GTT GTT TAC TAC TAC TAC TAT TCA TCA TCA TCA TCA TCC TCC TCC TCC TCC TCC TCG TCG TCG TCT TCT TCT TCT TCT TGC TGG TGT TGT TGT TTA TTA TTA TTA TTA TTA TTA TTA TTC TTC TTC TTC TTG TTG TTG TTG TTG TTG TTG TTG TTG TTT TTT TTT TTT TTT TTT 
Sbay                            ... ... ... ... ... ..G ..G ..G ..G G.T ... ..A ... ... ... CGT ..C ..C ..C ... ... ... ... ... G.C ... ... ..G ..G ... ... ... ..C ... ... ... ... ... ... ..G C.G ..T ..A ... ... ... ... ... ..C ... ... ... ... ..T ..T ..C ... ... ... T.C ..A ..C ... ... ... ... ... ... ... ... ... ... ..G ..T ..A ... ... ... ... ... ... ..T ... ..A ..G ... ... ..T ... ... ... ... ... T.. T.. T.. ..A ..C ..G ... ... ... ... ... ... ... ... ... ..G ..G ..G ..G ACT ... ... ... ..T ..T ..A ..A ..A ..A ..A ... ... ... ..C ..C ..C ..C ... ... ... ... ... T.G ... ... ... ... ..T ... ... ... ... ... ... ... ... ... ... ... ... ... ... ..T AAC ..C ... ... ... ... ... ... ... ... ..T A.A ... ... AGA .CC ..C ..C ... ... ... ... ... ... ..T ..C ..C ..G ..T ..T ..T C.A ... ... ..T ..T ..T ..A ... ..T ..C ..C ..C ... ... ... ... ... ... ... C.. C.G C.G ... ... ... ... ... ... ... ... ... C.A ..A ..A ..A ... ... ... ... ... ... ... ... ... ... ... 
Smik                            ... ... ... ... ... ... ... ... ... G.T ... ... ..A ... ... .GA ..C ..C ... ..C ... ... ... ... G.. ... ... ... ..G ..A ... ... ... ... ... ... ... ... ... ... ... ..T ... ... ... ... ... ... ... ... ... ... ..T ... ..T ... ... ... ... T.T G.C ... ... ... ... ... ... ... ... ... ... ... ... ..T ... ... ... ... ... ..G ..G ... ..T ... ... ... ... ... ..A ..C ... ... ... ... T.. T.A ... ..G ..A ..C ... ... ... ... ... ... ..G ..G ... ... ... ... .GT ... ... ..T ... ... ..A ..A ..A ... ... ..A ... ... ..C ... ... ... ..A ... ... ... ... ..G ... ... ... ... ... ... ..C ... ... ... ... ... ... ... ... ... ... ... ... ..A AA. ... ..C ... ... ... ... ... ... ... ..T A.T ... ... CG. .CA ..C ... ... ... ... ... ..T ..T ..T ... ... ... ... ... ... ..G ... ..T ... ..T ..T ..A ..A ..C ..C ..C ... ..A ... ... ... ... ... ... ... C.G ... ... ... ..G ..G ..G ... ..T ..T ..T C.. ..A ..A ... ..A ... ... ... ... ... ... ... ... ... ... 
Spar                            ... ... ... ... ..G ... ... ... ... G.T ... ... ... ... ... .GA ..C ..C ..C ..C ... ... ... ... G.. ... ... ... ..G ... ... ... ... ... ... ... ... ... ..G ... ... ..T ... ..A ... ... ... ... ..C ... ... ..T ..T ... ..T ... ... ... ... T.T ..A ... ... ... ... ... ... ... ... ... ... ... ... ... ... ... ... ... ... ... ... ... ... ... ... ... ... ..T ..A ... ... ... ... ... ... ... ... ... ... ... ... ... ... ... ... ..G ... ... ... ... ... ..G .GT ..T ..T ... ... ... ... ... ... ... ... ..A ... ... ... ... ... ... ... ... ... ... ... ... ... ... ... ... ... ... ... ... ... ... ... ... ... ... ... ... ... ... ... ... AA. ... ... ..C ... ... ... ... ... ... ..T A.T ... ... CG. .CC ..C ... ... ... ... ... ... ..T ... ... ... ... ... ... ..G C.T ... ... ..A ... ..T ..A ... ... ... ... ... ... ... ... ... ... ... ... A.. ... ... ... ... ... ..G ..G ... ... ..T ..T ... ..A ... ... ... C.. ..A ... ... ..C ... ... ... ... ... 
Ncas                            ... ... ..G .G. C.. ... ..G ..G ..G GGG ..T ..A ... ..A ..A ... ... ... ... ... ..C ... ... ... ..G ..G ..T ..T ... ..T ..T ..C ..A ..C ... ... ... ... ... ... ..G ..T C.T ... ... ... ..T ..T ... ... ..T ... ..T ..T ..T .CA ... ... ... ... C.A ... ..C ..G ... ... ... ... ... C.A ... ... ... ... G.A ... ... ... ..C ... ..C ..T ..A T.T ..A ..G ... ..T A.A AA. ... T.. T.. ..T T.G T.. T.A ... T.A T.A ... T.A ... ... ... ..G ... ..G ..G ..G ..G ... ..A ..T ..T ATG ..T ..T AGC C.A ..A ..A ..A ..A ..A ... ... ... ... ... ... ... ... ... ... T.G ... ... ... ..T ..T ..T ... ..A ..A ..A ..A ..C ..C ..C ... ... ... ... .G. ... AA. ... ... ..G .AA ..G ... ... ... ... ACG ... ... ..C AAG .G. A.C ... ..C ... ... ... ..T ..T ... ..C ..T G.C ..G ..T ..T C.. ..T ..A ... ... A.A ..A ..T ... ..C ... ... ... ..G ... ... ... ... ... ..G C.. ..G ... ..T ..G ... ..G ... ..T ..T ..T ... C.A ... ... ..A ..A ... C.T ... ..C ..C ..C ..C ..C ... 
Cgla                            ... ..G ... ... ..G ..G ... ..G ..G ... ..T ..A ..A ... ... GTT ..C ... ..C ... ... ..C ... C.A ... ..C ..T ... ..G ..A ... T.T ..C ..C ... ... ... ..G ... C.G ..G ..T C.A ..A C.T ... ... ..T T.C ..T ..A ..A ..A ..T ... .CA ... ... T.A .AC .CA ... ..C ..C ..A ..A ... ... ... ..C ... ... ..G ..T G.A ..C ... ..C ... ... ..C ... ..A ..A ..A ..A ..A ..T A.. AA. A.A ... ..G ..T G.T T.. T.G ..A ... T.A ..G A.. ... ... ..G ..G ... ... ... ..G ..G ..G C.G ... ..T TTG ... ..T ... C.A ..A ..A ... ... ... ... ..C ..C ..G ... ... ..C ... ... ..C A.. ... ..T .TA ..G ..T ... ..C ..C ..C ... T.A ..A ... ... ..A ... ... ... .G. .CA AAG ... ... ... ACG ... A.. ... ... ... ..T ..G ..T ..T TCA TCC A.C ..G ... ..C ... ... ..T .TT ... ..C ..T G.. ..T ... ..C ..A ... ..A ..A G.. A.G ..C ..C ..C ..C ..C ..C ... ..C ..T ... A.. ... ... C.G ... ..G ... ..G C.G ..G C.G ... ... ..T ..T C.C ... ..A ... CAA C.A C.. ... A.. ..C A.G ..C ... ... ..C 
Agos                            ..G GCG ..G CGC ... ..G C.T ..G ..G G.T ..T ... ..A ... ... .GA ..C ..C ... TCC ... ... ..C ... TTA ..C ... ... ..C ..A ... ... ..C ... ... ... C.G C.G C.G C.T C.C G.A C.T C.C ... ... ..T ... .CC G.G ..T ..A ..A ... ..A .CT ... G.. ... T.T C.A ... ..A ... ..C G.A ..C ..C ... ..C ... ..G ..G ..T A.. ... ..T ... ... ..C ..C ... ..A ..C ... ..C ..G ..G ..C AAA ... T.G T.. T.G ACT ..A ..A ..G ... ..G ..C ..A ..G ..G ... ... ... ..G ... ..G ..G ... .G. ..T ..A AGT ... ..T ..A C.. C.. ... ... ... ..A ..A ..C ..C ..C ... C.G ... ... ... ..G ..G ..A ..T ..G ..G ..G ... ... ..A ..G ... ... .G. ..A ... ... ..A ..G ... ..A ..T AA. ..C ..G ..A .A. ..A ... ..C ... ... ACT A.T ..G ..T CG. .C. A.C ... ..G ..G ..C ... ..T ..T ..T ... ..T G.C ..C ..C ..C C.A ..T G.. ..G ..T A.T ... CG. ... ..C AG. ..C ... ... ... ... ... ..C ... C.. ..G C.. C.. ..C C.G ..G C.G ... ... GCG ... C.. C.C ... C.T C.. ... C.. ... ... ..C ... ... ..C ... ..C 
Klac                            ... ..G ..G .GG ..G ... C.. ... ..G ..G ... ... ..A ..A ... GTT ..C ..C ..C ..C ..C ..C ..C ... TCG ..G ..G ..C ... G.T ... ..T ... ... ... ... ... ... ... ..G ..G ... C.T ..A ..A ... ..C ... G.G ..T ..A ... ... ..T ... .CA ... G.C ... .AC GAC ..C ... ..C ..C G.G ... ... ..C G.. ... ... ... ..T A.A ..C ... ..G ... ..T ..T ... ..T ... ..A ..G ..A A.A A.A ... ... T.G T.G T.G T.T T.. T.A T.A T.A ..A T.G ..A ... ..G ..G A.C ... ..G ... ... ... ... A.A ..T ..G TTT ..T ..T ..A C.. C.A ... ..A ..A ..A ..A ..C ..C ... ..C C.. ... ..C ... ... T.T ... ..T ..G ..A ..A ..A ..C ... ... ... ... .GA ... ..C ..C ..C ... ... .G. ..G AAA ... ... ... TCC ... .CA ... ... ... A.G ... ..T ..C TCA TCA A.C ... ..C ... ... ... .TT ..T ... CC. ..T G.. ... ..T ..C G.G ..T G.. AGT ... A.A ..T AGA ..T AG. AGC ..C ... ... ..T ... ... ... ... C.T ... ..G ... ..C ... ... ..G ... ... A.G ..T C.A ..A ... ... A.. ..A C.A ... ... ..C A.. ..C ... ..G ... 
Calb                            ... .CT ... .G. .GT ... .T. ..T ... G.T ..T G.A ..A ..A ... .GA ... .G. ... ... ... ..C ..C TC. C.. G.T ... ..T ..T ..T ... ..A CAA ... ..G C.T C.T C.. ... ... C.. C.A .AA ..A C.T TCC ... ..T T.. G.A ..T ..G ... ..A G.A .CA ... CAA ... T.C ... ..C ..C ..C ... ..G ... G.. ... T.A ... ... ... ..T ATT ... ..T T.. ... ... ... ... ..A ..A ..A ... ..A ..T ..A AAA A.A T.. ..T T.. A.G T.. T.A ACA T.G T.A ... T.G ... ..G ... ... ..T ... ... ... ..G ... TCT ..T A.T ACA ..T ..T .CA TGC A.T ..A ..A ..A ..A ..A ... ... ... ... CC. ... ... ... ..C A.T ... ..T ... ..T ..T ... ..C ... T.A ... ..A .GA ..C ..A ... ... T.A ..C ... ..T AAC ... ... ..A CA. ... ..G ... ..A ... T.. A.. ..T ..C AGA AG. ..C ..C A.. ..G ... ..T ..T ..T ..T C.. .GT ... AGT ..T ... AAT ..A ..A ... CGT AGT ..A AAA AGT AG. A.C ..G AG. G.A ..T ... .CA ... .C. ... ..G ..G ..G ..T A.G ..G ..G ..T ..T ..T ..T ..A ..A ... ..A ... ..A ..A ... ..A ..C ..A ..C ... ... ... 

    1    2    1    2    3    2    2    1    1    1    1    2    3    1    1
    1    3    2    1    2    2    1    1    3    1    3    2    1    1    1
    1    1    2    1    3    1    3    1    2    1    1    1    1    1    2
    1    2    1    2    2    2    1    1    1    2    1    4    1    1    1
    1    1    1    3    1    1    3    2    2    2    1    1    2    1    1
    1    3    1    2    1    2    1    1    1    2    1    2    1    2    1
    1    2    1    2    1    1    1    1    2    2    1    1    4    1    2
    4    1    1    5    2    3    1    3    2    3    2    1    1    1    2
    2    2    2    1    2    1    2    2    1    3    1    2    1    1    3
    3    1    1    1    2    2    2    1    1    1    1    1    1    3    1
    1    2    1    1    4    2    2    1    3    2    2    3    1    1    2
    4    2    1    2    1    2    1    1    2    1    3    2    1    2    2
    1    3    1    2    1    1    1    2    1    2    1    5    1    1    2
    1    4    3    1    1    1    2    4    3    3    1    2    1    1    2
    2    3    1    1    1    2    1    3    3    2    1    1    1    4    1
    1    2    1    1    2    3    3    2

CODONML (in paml version 4.9j, February 2020)  temp.nuc
Model: One dN/dS ratio, 
Codon frequency model: Fequal
ns =   9  ls = 394

Codon usage in sequences
--------------------------------------------------------------------------------------------------------------------------------------
Phe TTT  12  12  19  16  10  12 | Ser TCT  10  13  10  11  12   4 | Tyr TAT   3   1   8   5   4   2 | Cys TGT   7   7   7   7   7   6
    TTC   7   8   1   4  11  10 |     TCC  12  12  10   8  10  16 |     TAC   6   8   1   4   5   5 |     TGC   2   2   2   2   2   0
Leu TTA  13  16  13  12  17   7 |     TCA   6   1  10   7   3   9 | *** TAA   0   0   0   0   0   0 | *** TGA   0   0   0   0   0   0
    TTG  16  10  14  11  17  12 |     TCG   4   7   2   4   6   0 |     TAG   0   0   0   0   0   0 | Trp TGG   4   4   4   4   4   4
--------------------------------------------------------------------------------------------------------------------------------------
Leu CTT   8   4   3   8   5   4 | Pro CCT   5   4   6   7   3   0 | His CAT   1   2   2   1   1   1 | Arg CGT   1   3   3   4   3   3
    CTC   0   1   2   0   0   3 |     CCC   1   1   0   1   6   3 |     CAC   1   0   0   1   1   1 |     CGC   1   0   2   0   0   0
    CTA   6   9   7   6   6   7 |     CCA  10  12   7  10   8  14 | Gln CAA   4   3   4   4   9   8 |     CGA   0   0   2   2   0   1
    CTG   1   4   5   5   0   9 |     CCG   1   2   4   1   1   0 |     CAG   1   2   1   1   0   5 |     CGG   3   4   0   1   0   1
--------------------------------------------------------------------------------------------------------------------------------------
Ile ATT  17  18  20  21  19  13 | Thr ACT   3   4   3   3   5   2 | Asn AAT  16   9  10   9  16   9 | Ser AGT   1   2   2   2   2   6
    ATC   9  10   6   7   5   9 |     ACC   2   4   1   2   2   7 |     AAC   1   9   8   9   2   6 |     AGC   1   0   0   0   1   0
    ATA   5   5   5   6   2   8 |     ACA   7   5   7   6   5   7 | Lys AAA  16  11  18  12   9  12 | Arg AGA  12  13  13  12  15  11
Met ATG   8   6   7   7  12   8 |     ACG   1   3   2   2   5   4 |     AAG   8  11   4  10  13  14 |     AGG   4   4   4   5   4   4
--------------------------------------------------------------------------------------------------------------------------------------
Val GTT  12   8  10  10   7  10 | Ala GCT  19  21  18  19  12  12 | Asp GAT  13   8  14  20  20  10 | Gly GGT  21  20  19  20  17  20
    GTC   3   5   4   3   5   3 |     GCC   7   6   8   8  10  12 |     GAC  12  16   9   4   0   9 |     GGC   2   1   3   4   2   0
    GTA   2   0   0   0   0   1 |     GCA   6   3   4   6   7   6 | Glu GAA  24  22  29  20  24  17 |     GGA   0   0   2   0   0   0
    GTG   1   1   1   1   0   3 |     GCG   2   2   5   2   0   4 |     GAG  13  15   9  17  16  20 |     GGG   0   0   0   0   6   0
--------------------------------------------------------------------------------------------------------------------------------------

--------------------------------------------------------------------------------------
Phe TTT   7  13  17 | Ser TCT   9  10   8 | Tyr TAT   8   2   6 | Cys TGT   4   9   6
    TTC  14   8   4 |     TCC  10   9   2 |     TAC   1   2   0 |     TGC   5   0   2
Leu TTA   2  17  29 |     TCA   0   4  13 | *** TAA   0   0   0 | *** TGA   0   0   0
    TTG  14  17  13 |     TCG   3   1   1 |     TAG   0   0   0 | Trp TGG   4   4   4
--------------------------------------------------------------------------------------
Leu CTT   3   2   2 | Pro CCT   5   7   5 | His CAT   4   2   8 | Arg CGT   5   2  12
    CTC   3   0   0 |     CCC   5   0   0 |     CAC   0   1   0 |     CGC   6   0   0
    CTA   9   7   0 |     CCA   7  10  12 | Gln CAA   1   8   7 |     CGA   0   0   5
    CTG  12   0   0 |     CCG   2   3   0 |     CAG   8   2   0 |     CGG   9   1   0
--------------------------------------------------------------------------------------
Ile ATT  11  10  12 | Thr ACT   6   4   9 | Asn AAT  10   3  17 | Ser AGT   6   6  14
    ATC  10  14   7 |     ACC   9   2   4 |     AAC   6  18   4 |     AGC   0   4   0
    ATA   6   3   5 |     ACA   4   3   7 | Lys AAA   7  14  13 | Arg AGA   5  18  10
Met ATG   5   9  11 |     ACG   1   5   0 |     AAG  11  11   1 |     AGG   2   4   3
--------------------------------------------------------------------------------------
Val GTT   3  12   6 | Ala GCT   8  11  17 | Asp GAT  13   8  18 | Gly GGT  10  20  14
    GTC   2   4   4 |     GCC   4   8  10 |     GAC   6   9   0 |     GGC   5   0   0
    GTA   1   0   4 |     GCA  11  12   4 | Glu GAA  20  23  29 |     GGA   6   1   5
    GTG   9   3   3 |     GCG  18   3   2 |     GAG  16   9   4 |     GGG   3   2   1
--------------------------------------------------------------------------------------

Codon position x base (3x4) table for each sequence.

#1: Scer           
position  1:    T:0.25888    C:0.11168    A:0.28173    G:0.34772
position  2:    T:0.30457    C:0.24365    A:0.30203    G:0.14975
position  3:    T:0.37817    C:0.17005    A:0.28173    G:0.17005
Average         T:0.31387    C:0.17513    A:0.28849    G:0.22250

#2: Sbay           
position  1:    T:0.25635    C:0.12944    A:0.28934    G:0.32487
position  2:    T:0.29695    C:0.25381    A:0.29695    G:0.15228
position  3:    T:0.34518    C:0.21066    A:0.25381    G:0.19036
Average         T:0.29949    C:0.19797    A:0.28003    G:0.22250

#3: Smik           
position  1:    T:0.25635    C:0.12183    A:0.27919    G:0.34264
position  2:    T:0.29695    C:0.24619    A:0.29695    G:0.15990
position  3:    T:0.39086    C:0.14467    A:0.30711    G:0.15736
Average         T:0.31472    C:0.17090    A:0.29442    G:0.21997

#4: Spar           
position  1:    T:0.24112    C:0.13198    A:0.28680    G:0.34010
position  2:    T:0.29695    C:0.24619    A:0.29695    G:0.15990
position  3:    T:0.41371    C:0.14467    A:0.26142    G:0.18020
Average         T:0.31726    C:0.17428    A:0.28173    G:0.22673

#5: Ncas           
position  1:    T:0.27411    C:0.10914    A:0.29695    G:0.31980
position  2:    T:0.29442    C:0.24112    A:0.30457    G:0.15990
position  3:    T:0.36294    C:0.15736    A:0.26650    G:0.21320
Average         T:0.31049    C:0.16920    A:0.28934    G:0.23096

#6: Cgla           
position  1:    T:0.22081    C:0.15228    A:0.30457    G:0.32234
position  2:    T:0.30203    C:0.25381    A:0.30203    G:0.14213
position  3:    T:0.28934    C:0.21320    A:0.27411    G:0.22335
Average         T:0.27073    C:0.20643    A:0.29357    G:0.22927

#7: Agos           
position  1:    T:0.20558    C:0.20051    A:0.25127    G:0.34264
position  2:    T:0.28173    C:0.25888    A:0.28173    G:0.17766
position  3:    T:0.28426    C:0.21827    A:0.20051    G:0.29695
Average         T:0.25719    C:0.22589    A:0.24450    G:0.27242

#8: Klac           
position  1:    T:0.24365    C:0.11421    A:0.32487    G:0.31726
position  2:    T:0.30203    C:0.23350    A:0.28426    G:0.18020
position  3:    T:0.30711    C:0.20051    A:0.30457    G:0.18782
Average         T:0.28426    C:0.18274    A:0.30457    G:0.22843

#9: Calb           
position  1:    T:0.26650    C:0.12944    A:0.29695    G:0.30711
position  2:    T:0.29695    C:0.23858    A:0.27157    G:0.19289
position  3:    T:0.43401    C:0.09391    A:0.36294    G:0.10914
Average         T:0.33249    C:0.15398    A:0.31049    G:0.20305

Sums of codon usage counts
------------------------------------------------------------------------------
Phe F TTT     118 | Ser S TCT      87 | Tyr Y TAT      39 | Cys C TGT      60
      TTC      67 |       TCC      89 |       TAC      32 |       TGC      17
Leu L TTA     126 |       TCA      53 | *** * TAA       0 | *** * TGA       0
      TTG     124 |       TCG      28 |       TAG       0 | Trp W TGG      36
------------------------------------------------------------------------------
Leu L CTT      39 | Pro P CCT      42 | His H CAT      22 | Arg R CGT      36
      CTC       9 |       CCC      17 |       CAC       5 |       CGC       9
      CTA      57 |       CCA      90 | Gln Q CAA      48 |       CGA      10
      CTG      36 |       CCG      14 |       CAG      20 |       CGG      19
------------------------------------------------------------------------------
Ile I ATT     141 | Thr T ACT      39 | Asn N AAT      99 | Ser S AGT      41
      ATC      77 |       ACC      33 |       AAC      63 |       AGC       6
      ATA      45 |       ACA      51 | Lys K AAA     112 | Arg R AGA     109
Met M ATG      73 |       ACG      23 |       AAG      83 |       AGG      34
------------------------------------------------------------------------------
Val V GTT      78 | Ala A GCT     137 | Asp D GAT     124 | Gly G GGT     161
      GTC      33 |       GCC      73 |       GAC      65 |       GGC      17
      GTA       8 |       GCA      59 | Glu E GAA     208 |       GGA      14
      GTG      22 |       GCG      38 |       GAG     119 |       GGG      12
------------------------------------------------------------------------------


Codon position x base (3x4) table, overall

position  1:    T:0.24704    C:0.13339    A:0.29019    G:0.32939
position  2:    T:0.29695    C:0.24619    A:0.29301    G:0.16385
position  3:    T:0.35618    C:0.17259    A:0.27919    G:0.19205
Average         T:0.30006    C:0.18406    A:0.28746    G:0.22843

Codon frequencies under model, for use in evolver (TTT TTC TTA TTG ... GGG):
  0.01639344  0.01639344  0.01639344  0.01639344
  0.01639344  0.01639344  0.01639344  0.01639344
  0.01639344  0.01639344  0.00000000  0.00000000
  0.01639344  0.01639344  0.00000000  0.01639344
  0.01639344  0.01639344  0.01639344  0.01639344
  0.01639344  0.01639344  0.01639344  0.01639344
  0.01639344  0.01639344  0.01639344  0.01639344
  0.01639344  0.01639344  0.01639344  0.01639344
  0.01639344  0.01639344  0.01639344  0.01639344
  0.01639344  0.01639344  0.01639344  0.01639344
  0.01639344  0.01639344  0.01639344  0.01639344
  0.01639344  0.01639344  0.01639344  0.01639344
  0.01639344  0.01639344  0.01639344  0.01639344
  0.01639344  0.01639344  0.01639344  0.01639344
  0.01639344  0.01639344  0.01639344  0.01639344
  0.01639344  0.01639344  0.01639344  0.01639344


TREE #  1:  (((((1, 4), (3, 2)), 5), 6), ((7, 8), 9));   MP score: 1238
This is a rooted tree.  Please check!
lnL(ntime: 16  np: 18):  -6668.582836      +0.000000
  10..11   11..12   12..13   13..14   14..1    14..4    13..15   15..3    15..2    12..5    11..6    10..16   16..17   17..7    17..8    16..9  
 0.085909 0.000004 0.483322 0.092611 0.187346 0.096550 0.011244 0.155417 0.407703 0.674535 1.226960 0.116552 0.258347 1.149031 1.144137 2.611162 2.062307 0.060255

Note: Branch length is defined as number of nucleotide substitutions per codon (not per neucleotide site).

tree length =  8.700830

(((((1: 0.187346, 4: 0.096550): 0.092611, (3: 0.155417, 2: 0.407703): 0.011244): 0.483322, 5: 0.674535): 0.000004, 6: 1.226960): 0.085909, ((7: 1.149031, 8: 1.144137): 0.258347, 9: 2.611162): 0.116552);

(((((Scer: 0.187346, Spar: 0.096550): 0.092611, (Smik: 0.155417, Sbay: 0.407703): 0.011244): 0.483322, Ncas: 0.674535): 0.000004, Cgla: 1.226960): 0.085909, ((Agos: 1.149031, Klac: 1.144137): 0.258347, Calb: 2.611162): 0.116552);

Detailed output identifying parameters

kappa (ts/tv) =  2.06231

omega (dN/dS) =  0.06026

dN & dS for each branch

 branch          t       N       S   dN/dS      dN      dS  N*dN  S*dS

  10..11     0.086   851.6   330.4  0.0603  0.0053  0.0887   4.6  29.3
  11..12     0.000   851.6   330.4  0.0603  0.0000  0.0000   0.0   0.0
  12..13     0.483   851.6   330.4  0.0603  0.0301  0.4989  25.6 164.8
  13..14     0.093   851.6   330.4  0.0603  0.0058  0.0956   4.9  31.6
  14..1      0.187   851.6   330.4  0.0603  0.0117  0.1934   9.9  63.9
  14..4      0.097   851.6   330.4  0.0603  0.0060  0.0997   5.1  32.9
  13..15     0.011   851.6   330.4  0.0603  0.0007  0.0116   0.6   3.8
  15..3      0.155   851.6   330.4  0.0603  0.0097  0.1604   8.2  53.0
  15..2      0.408   851.6   330.4  0.0603  0.0254  0.4209  21.6 139.0
  12..5      0.675   851.6   330.4  0.0603  0.0420  0.6963  35.7 230.0
  11..6      1.227   851.6   330.4  0.0603  0.0763  1.2666  65.0 418.4
  10..16     0.117   851.6   330.4  0.0603  0.0072  0.1203   6.2  39.7
  16..17     0.258   851.6   330.4  0.0603  0.0161  0.2667  13.7  88.1
  17..7      1.149   851.6   330.4  0.0603  0.0715  1.1861  60.9 391.9
  17..8      1.144   851.6   330.4  0.0603  0.0712  1.1811  60.6 390.2
  16..9      2.611   851.6   330.4  0.0603  0.1624  2.6955 138.3 890.5

tree length for dN:       0.5412
tree length for dS:       8.9818


Time used:  0:11
