      9   1179

Scer                            GAG GCT CCG CAA AGA CAG CCG GAA CAT ACG CAG GCG CTG CAA GAT GAG TTC TCG GAG TTG AGG CAG CAC GAT GAA CTA TAC TAT AAG CCA TCT TTG GTC GGT GTT GCG GTG AAG GAC GAA TTG CAA GAC CAC GGG GGC TCC TTG GAG GAA CAG TTC CAT ACT AGG GAG CAA GGT CAA TTG GGC ACG TTG TTT CCA TCC AAG GCC ATC AGA CAA TCT CCG AGG GCT GAC CAC GAT TTC GAT ACA TTT TAT AAT CAG AGA CTC GAT GCC ACC ATG GGC TTT AGT AGA GCC CTG ACA TAC AGA CCT GCT AAT GTA TTG TCG GAC GGT AAA GAC TTG TTG GAT GAT AGA TAC AGA AAG CAT TGG CAG AGA GAG CAA TAT GGT TTC AAC GAT ATT CTA GAA CTA TTC AAG TAT GAC TCA TAC GAG GCG CAC ATA TTC GCA GCT CAT GTT TCC GAA ATT TTG AGG GCT ACA AGA GGT CTG GAG TTG CTA AGA TCT TAC TTG AAG ATT GTA GTG GTC TTG TTC GAA GGT TAT ACA TGG ATT AGA ATT AGA ACG TTT TAC TCG GGT AAG GAT TTC CAA TCT AAT AGA CTA AGA ATC GAA AGA GAA ACT GAT GAG GTA AAA CGG GAG GCT GAC GGT TCT ACT TCG ATC AAT CCA AGC GAT GGA TCT CAA AAG TAC AGT GAA GCT CCC AAG TAT CGC TCC GGC TTA GAC GCA TCG ACT GAG TTG GAA GTT AAG GTG TAT TCC AGA CAA AGT GAA GTT AGA GAT ATA AGA TAC AGA GAT GAA CAA AGA GCA GAT TCT CGT AGA TTG GCT GAC GTG GAG GAT GCT GAC AAT TAC TTG TTA AAG CTA GAA GAA CAA GGA TTA GAT CAA ATT GTG TTG GCT CCA TTG TCA TCG ATT GCC TTT CCA GTG CGT TTG AAA AAA GAA TAT AGA GTT GCG CGT ATT CTA ATT GTC AGA TTC AAG ACC TCT TTG GCT TCA CAG GGT AGC GAA GGT TGG GTG ACA ACG AGA AAG AGA CGC TCA AAC AAA TGG GAT TTA GTC TTG CTT ATT GTA GAT CCG ATT GGT ACT AGA TGG TTT AGG CAA AGT GAA TCG AAA AGA TGT AAG CGC TGC TCC TTT AAG GAG CTA CAG ATG CTG CAT GCA AAT GAA CAG CAA GAC CGT CAC CTG CAG GAT GAT TTA TTC ACA AAA AAG TTG TTG ACT CCC 
Sbay                            GAG GCT CCG CAA AGA CAA CCG GAC CAC ACG CAA GCG CTG CAG GAT GAA TTT TCG GAA TTG AGA CAT CAC GAT GAG ATA TAC TAT AAG CCC TCT TTG GTG GGT GTC GCG GTG AAG AGA AAG TTG CAA AGA CAC GGG GGG TCG TTA GAG GAA CAA TTC CAC ACT AGA GAG CAA GGC CAA CTG GGC ACA TTA TTC CCA TCG AGG GCC CAA AGA CAA TCC CCC AGA GCT AAT CAC GAT TTC GAC ACT TTC TAT TCA CAG AGG CTT AAC GCA ACC ATG GGT TTT AGC AGG GCT TTA ACG TAC AGA TCG GCT AAT GTT TTG TCG GAC GCA AAG GAC TTG TTG GAT AAC AGA TAC AGA AAG CAC TAC CAG AGA GAA CAA TAT GCA TTC AAC GAC ATT ATA GAA CTA TTC AAG TAT GAC TCC TAC GAG GCG CAC ATA TTC TAC GCT CAC GTC TTG GAA ATC TTA AGG GCT ACA AGA GGC CTG GAG CTA ATA AGG TCC TAC TTG AAG ATC GTA GTA GTG TTG TTT GAA GGT TAC ACC TGG ATT AGA ATC AGA AAC TTC TAC TCG GGT AAG GAC TTC CAG TCC TCA AGA TTG AGA ATC GAC AGG GAA ACT GAC GAG GTA AAG CGG GAA GCT AGA GGT TCT ACT TCG ATC AAC CCC AGC GAT GGC CAT CAA AAG TAC AGC TCT GCT CCC AAG TAT CGC TCC GGC TTG GAT GCA TCG ACC GAG CTG GAA GTC CAC GTG TAT TCC AGA CAA AGC AAG GTC AGA GAT ATA AGA TAT AGG GAC GAG CAG AGA TAC GAC TCC CAT AGG CTG GCT GAT GTA GAA GAC GCT AAT AAC TAC TTG TTG CAC TTG GAA GAA CAA GGC TTA GAT CAG ATC GTG CTG GCT CCA CTG TCC TCA ATC GCA TTC CCC GTG CAT TTG AAA AAG GAA TAT AGA GTT GCA CGT ATT TTG ATC GTC AGA TTT CAC ACC TCC TTG GCT TCT CAG GGT AGT GGG GCA TGG GTG ACT ACG AGA AAG AGA CGC TCC AAC AAA TGG GAT TTG TTG TTG CTC ATC GTA GAC CCG ATT GGT ACT AGA TGG TTC AGA CAA AAT GAG AGC AAA AGA TGT CAC CGC TGC TTG TTC AAG AAA TTG CAG ATG CTC CAC GCA AAT GAC CAA CAA GAC CGG CAT CTG CAG GAT GAT TTG TTT ACA AAG AAG TTG TTG TCC CCC 
Smik                            GAA GCT CCG CAA AGA CAA CCG GAA CAT ACG CAA GCA CTG CAA GAT GAA TTC TCA GAG TTG AGA CAG CAC GAT GAG TTA TAC TAC AAG CCA TCT TTA GTT GGT GTT GCA GTG AAG GAC GAG TTA CAA GAC CAC GGG GGG TCG TTA GAG GAA CAA TTC CAT ACT AGA GAG CAG GGC CAA TTG GGC ACC TTG TTC CCA TCG AAA GCT ATT AGA CAA TCG CCG AGA GCT GAC CAC GAT TTC GAC ACT TTC TAT AAT CAG AGA CTC GAC GCA ACC ATG GGC TTT AGT AGG GCT CTT ACG TAT AGA CCT GCT AAT GTG TTG TCG GAC GGT AAA GAC CTA TTA GAT GAC AGA TAC AGA AAA CAT TGG CAG AGA GAG CAA TAT GGT TTC AAC GAT ATT TTA GAA CTT TTC AAG TAT GAC TCG TAC GAG GCA CAC ATA TTC TCA GCT CAT GTT TCA GAA ATT TTA AGG GCT ACG AGA GGC CTG GAG TTA TTA AGG TCT TAT TTG AAA ATT GTA GTT GTT TTG TTT AAA GGT TAC ACT TGG ATT AGA ATT AGA ACT TTC TAC TCG GGT AAA GAT TTC CAG TCT AAT AGA TTG AGA ATC GAA AGG GAA ACT GAC GAG GTA AAA CGA GAA GCT GAC GGT TCT ACT TCA ATC AAT CCA AGT GAT GGG TCT CAA AAG TAC AGT CAG GCT CCA AAA TAT CGC TCC GGC TTG GAT GCA TCG ACT GAG TTG GAG GTT AAA GTA TAT TCC AGA CAA AGT GAG GTT AGA GAT ATA AGA TAC AGG GAC GAA CAG AGA TCA GAT TCG CGT AGG TTG GCT GAT GTT GAG GAC GCT GAC AAT TAC CTA TTG AAA TTA GAA GAG CAA GGG TTA GAT CAG ATT GTG TTG GCT CCT TTG TCG TCG ATT GCA TTT CCA GTG CGT TTG AAA AAA GAA TAC AGA GTT GCG CGC ATT TTG ATT GTC AGA TTC AAA ACC TCT TTA GCT TCA CAG GGT AGC GAG GGT TGG GTG ACT ACG AGA AAA AGA CGC TCG AAC AAA TGG GAT TTG GTC TTG CTT ATT GTA GAT CCG ATT GGT ACT AGA TGG TTT AGA CAA AGT GAG TCA AAA AGA TGT AAA CGC TGC TCA TTT AAA GAG TTA CAG ATG CTA CAT GCA AAT GAA CAA CAA GAC CGT CAT CTG CAG GAT GAT TTG TTT ACA AAA AAA TTA TTG ACT CCA 
Spar                            GAG GCT CCG CAA AGA CAA CCG GAA CAT ACG CAA GCG CTG CAA GAT GAG TTC TCG GAG TTG AGA CAA CAC GAT GAA TTA TAC TAC AAG CCA TCT TTG GTC GGT GTC GCG GTG AAG GAC GAA TTG CAA GAC CAC GGG GGG TCT TTA GAG GAA CAA TTC CAT ACT AGA GAG CAA GGC CAA TTA GGC ACG TTG TTT CCA TCT AAG GCC ATT AGA CAA TCT CCG AGA GCT GAC CAC GAT TTC GAC ACC TTT TAT AAC CAG AGA CTT GAT GCT ACC ATG GGC TTC AGT AGA GCC CTA ACG TAC AGA CCT GCT AAT GTA TTG TCG GAC GGT AAA GAC TTG TTG GAT GAT AGA TAT AGA AAG CAT TGG CAG AGA GAG CAA TAT GGT TTT AAC GAT ATT TTA GAG CTA TTC AAG TAT GAT TCA TAT GAG GCG CAC ATA TTC GCA GCG CAT GTC TCC GAA ATT TTA AGG GCT ACT AGG GGT CTG GAG CTA TTA AGA TCT TAC TTG AAG ATT GTA GTG GTC TTG TTC GAA GGT TAT ACT TGG ATC AGA ATT AGA ACG TTT TAC TCG GGT AAG GAT TTT CAA TCT AAC AGA CTA AGA ATC GAA AGA GAA ACT GAC GAG GTA AAA CGG GAG GCT GAC GGT TCT ACT TCG ATC AAT CCA AGC GAT GGA TCT CAA AAG TAC AGT GAA GCG CCT AAG TAT CGC TCC GGC TTG GAC GCA TCG ACT GAG TTA GAG GTT AAG GTA TAT TCC AGA CAA AGT GAA GTC AGA GAT ATA AGA TAC AGA GAC GAA CAA AGA GCA GAT TCT CGT AGA TTA GCT GAC GTG GAG GAT GCT GAC AAT TAC TTG TTG AAG CTA GAA GAG CAA GGA TTA GAT CAG ATT GTA TTG GCT CCA TTG TCA TCG ATT GCT TTT CCA GTG CGT TTG AAA AAA GAA TAC AGA GTT GCG CGT ATT CTA ATT GTG AGA TTC AAG ACC TCT TTG GCT TCA CAG GGT AGC GAG GGT TGG GTA ACC ACA AGA AAG AGA CGC TCA AAC AAA TGG GAT TTA GTC TTG CTT ATT GTA AAT CCG ATT GGT ACT AGA TGG TTC AGA CAA AGT GAG TCA AAA AGA TGT AAG CGC TGC TCC TTT AAA GAG CTA CAG ATG CTG CAT GCA AAT GAA CAA CAA GAT CGT CAC CTG CAG GAT GAT TTG TTC ACA AAG AAG TTG TTG ACA CCC 
Ncas                            GAA GCT CCG CAA AGA CAA CCG CAA CAT ACG CAA GCG TTG CAA GAG GAA TAT AGG GAG TTA AGA CAA CAT GAC GAG TTA TAT TAT AAA CCA TCA TTG ATT GGT GTC GCG GTC AAG GAT GAA TTA CAA GAT CAC GGG GGG TCT TTG GAA GAA AGT TTT CAT ACA AGA GAA CAA GGT CAA CTG GGG ACA CTT TTC CCT TCT AAA CTC ATC AGA CAA TCT CCT AGA GCT CAG CAC GAT TTC GAT ACA TTT TAT AAT CAG AGA CTT GAT GGT ACC ATG GGT TTC AGT AGG GCA TTA ACT TAT AGA CCA GCT AAT GTG TTG TCC GAT GGT AAG GAT TTG TTA GAT GAT AGA TAT AGA AAA CAT TGG AAA AGA GAG CAG TAT GGT TTC AAC GAT ATT TTA GAA CTT TTC AAG TAC GAT TCC TAT GAG GCG CAT ATA TTT TCT GCA CAC GTC TCA GAA ATT TTG AGA GCT ACA AGA GGG TTA GAA TTG TTA AGG TCA TAC TTA AAG ATC GTT GTT ATT TTA TAC GAA GGT TAT ACT TGG ATC AGA ATT AGG ACT TTT TAT TCC GGT AAG GAT TTC GTT TCT AAT AGG TTG AGA ATT CAA AGG GAA ACA GAT GAA GTT AAG AGA GAA GCT GAT GGT TCA ACA AGG ATC AAT CCA AAT GAT GGA TCT CAG AAG TAT AGT CAG GCA CCA AAG TAT AGG TCT GGG TTT GAT GCT TCC CCC GAA CTG GAA GTG AAG GTT TAT GCT AGA CAA AGT GAA GTC AGA GAG ATA AGA TAT AGG GAT AAA GTT AGA TCT GAC TCT TCA AGG CTG GCT GAT GTT GAG GAT GCT CAG AAT TAT TTG CTT AAG TTG GAT GAA CAA GGA TTA GAT CAA ATT GTG TTA GCT CCA TTA TCC AGT ATC GGT TTT CCA GTC TCA TTG AAA AAG GAA TAT AGA GTC GCT CGT ATT TTG ATT GTT AGA TAT AAG ACC TCC TTA GCT TCA AAA GGT CCA GAT GGT TGG GTG ACA ACA AGA AAG AGA AGG TCC AAC AAA TGG GAT TTG ATT TTA CAA ATC GTT GAT CCG ATC GGT ACA AGA TGG TTT AGA CAG GCT GAA TCT AAG AGA TGT AAG CGT TGC TCA TTT AAA GAA TTG CAG ATG TTA CAT GCT AAT CAA CAA CAG GAT CGT CAT TTA CAG GAT GAT TTT TAC ACT AAA AAA TTA TTG AGT CCC 
Cgla                            AAC GCT CCG CAA CGT CAA CCG GAT CAC ACG CAA GCG TTG CAG GAG GAA TTC AGG GAG CTG AGA CAG CAC GAC GAA ATT TAT TAC AGG CCT TCA TTG GTT GGT GTG GCG GTT AAG AGA GAG CTA CAG AGA CAT GGC GGA TCC CTA GAG GAA GAG TTC CAC ACA AGA GAG CAA GGC CAG CTG GGA TCG CTT TTT CCG TCC AAG GTG CAG CGT CAA TCA CCT AGA GCT GAG CAT GAT TTC GAT ACA TTT TAT TCT CAC CGA TTG CAG GCG AGC ATG GGT TTT AGC AGG GCC CTG AAC TAC AAG CAC GCC AAT GTA TTG TCC GAC GGG AAA GAC TTG TTG GAT CAG AAG TAC AGA AAG CAC TAT TAC AAG GAG CAG TAT GGG TTT AAC GAC ATT ATT GAA TTG TTT AAG TAT GAT TCC TAC GAG GCG CAC ATC TTC TAT GCT CAC GTG TTA GAA ATC CTA CGG GCC ACC AGA GGA CTG GAG CTA ATT AGG TCA TAC CTG AAG ATC GTT GTG GTT TTG TAT GAA GGT TAC ACA TGG ATT CGT ATC AGA CAT TTT TAT TCC GGT AAG GAC TTT TGC TCG TCT AGG TTG AGA ATA GAT AGG GAA ACA GAT GAG GTT AAA AGG GAA GCC AGA GGT TCA ACA AGG ATA AAC CCT AAC GAT GGG CAT CAG AAG TAC AGT TCT GCT CCT AAA TAT AAG TCT GGA CTG GAC GCG TCC ACC GAG CTG GAA GTA CAA GTA TAT TCT AGG CAA AGC GAG GTG AGA GAG ATC AGA TAC AGG GAT AAC TGC AGG TAT GAT TCA CGG AGG CTG GCT GAC GTG GAG GAC GCT GAG AAC TAT TTG CTG CAA TTG AGC GAA CAA GGG TTG GAT CAA ATC GTG CTC GCT CCA CTC TCC GCG ATC GCG TTC CCT GTT CGG TTG AAA AAA GAA TAC CGT GTC GCG AGG ATA TTG ATC GTG AGG TTC CAA AGC TCT CTA GCT TCA TAC GGT ACG GAC GGG TGG GTG ACA ATT AGA AAG CGT AAG TCC AAC AAG TGG GAT TTA CTG CTG AAG ATC GTT GAC CCG GTG GGC ACA CGT TGG TTT AGA CAG CCT GAG AGT AAA AGA TGT CAA AGA TGC TTA TTC AAC AAA TTG CAC ATG CTG CAC GCG AAT GAT CAA CAA GAT CGC CAC CTG CAG GAT GAT CTG TAT ACA AAA AAG TTG TTG ACA TCG 
Agos                            GAG GCT CCG CAA CGC CAG CCG AGC CCG ACG CAG GCC CTG CAG GAC GAG TAT GCG GAG CTC AGG AGA CAC GAC GAG CTC TAC TTC CAC CCG ATG CTA ATT GGT GTG GCC GTC AAG GCT GAA TTG CAG GCT CAC TCC GGA TCG TTG GAG GAA CCG TTT CCG ACC AGA GAG CAA GCC CAG CTC GGC GCT TTG TTC CCC TCG AAG CAG GTT CGC CAG TCC CCT AGA GCC GAG CAC GAT TTC GAT ACT TTC TAC AAT CAG CGG CTA GAC GCC ACC ATG GGT TAC AGC CGT GCG CTG GCA TAC CGC ATC GCC AAC GTC CTA GCT GAC GCG AAG GAC TTG CTA GAT GAC CGC TAC AGA AAG CCG TTG AAG CGC GAG CAA TAT GCG TTT AGT AAC ATC CTC GAC CTG TTC AAG TAC GAC AGC TAC GAG GCC CAC ATC TTT TCT GCA CAT GTG TCG GAA ATC TTG CGC GCC ACC AGA GGA CTG GAG CTA CTC CGT TCG TAC CTC CAG ATC ATC ATC ATT CTC TTC GAA GGC TAC ACC TGG ATC CGC ATC CGT ACG TTC TAT GCT GGC CAG GAC TTT ATC TCA AAT CGC TTG AGA ATA AGC CGT GAG ACC GAT GAG ATC AAG AGG GAG GCC GCT GGT ATG ACC GCG ATA AAC CCG TGC GAT GGC TAC CAG AAA TAC GGC GAA GCA CCC CAG TAT CGG TCC GGC TTG GAG GCG GCT CCG GAG CTC GAG GTC CCG GTA TAT GCG CGC CAG AGC GAA GTG AGA GAC ATC AGA TAC CGT GAT CGT ATC CGC TCT GAC TCC CAG CGT CTC GCT GAG ATC GAG GAT GCT GAG AAC TAT TTG CCA CCG CTA GAC GAG CAG GGC CTA GAT CAG ATC GTC CTG GCT CCA CTG AGC ATG ATC GCC TTC CCG GTC CAG CTA AAG AAG GAG TTC CGC GTT GCC CGC ATC TTG ATC ATT AGA TAT CCG ACC TCG TTG GCC AGC AAG GGT GAC GAC GCG TGG GTC ACT ACG CGT AAG CGC CGG AGC AGT AAG TGG GAC CTA GTC CTC GAC ATC ATC GAC CCG GCG GGC ACC CGC TGG TTC AGA CAG TCG AGC TCG AAA AGA TGC CCG AAG TGT TCG TTC CGC GAG CTA CAG ATG CTG CCG GCG AAC AGC CAG CAG GAC CGC CAC CTG CAG GAC GAC TTG TTC ACT AAG AAG CTA CTA AGT CTG 
Klac                            GAG GCC CCA CAA AGA CAA CCA TGT CAT ACT CAA CGT CTT CAG GAA GAA TAT CAT GAA TTG AGA CAA CAC GAT GAA CTT TAT TTC AGA CCG TCG TTG GTT GGT GTG CGT GTT AAA TCC GAA TTG CAA TCC CAC GGA GGT TCT TTG GAG GAA GCT TTC CAT ACT AGA GAA CAA GCC CAA TTG GAC TCG TTG TTT CCA TCT AAA TAC GTA AGA CAA TCC CCG AGA GCT GAA CAC GAC TTC GAT ACC TTC TAT AAC AAA CGA TTG GAT GCC ACC ATG GGC TAC AGT AGA GCC TTA ACA TAT AGG TAC GCT AAC GTG TTG GCA GAC GGA AAA GAT TTG TTG GAT GAT AGG TAC AGA AAA CAT TGG CCT AGG GAA CAA TAT GGA TTC AAC GAC ATT CTT GAG CTA TTC AAA TAC GAT TCC TAC GAA CGT CAC ATT TTT GCT GCT CAC GTG TCT GAA ATC TTG AGG GCT ACA AGG GGT TTA GAA TTG CTT AGA TCT TAC TTA AAG ATC ATT ATA GTT TTA TTC GAA GGT TAC ACT TGG ATC AGA ATC AGG ACT TTC TAT GCA GGC AAG GAT TTC TTA TCT AAC CGC TTG AGA ATT TGT AGA GAA ACT GAT GAA ATT AAA AGA GAA GCT TCC GGT TCG ACT CAT ATC AAC CCG AAC GAT GGA AGC CAG AAT TAC TCT GAG GCT CCA CAA TAT AAG TCC GAC TTG GAT GCA GCA CCT GAA TTG GAG GTG AAG ACA TAT CAA AGG CAA AGT GAA GTG AGA GAA ATT AGA TAC AGA GAT AAG TTA AGG GCT GAT TCC ACG AGA TTG GCC GAT ATA GAA GAC GCA GAA AAC TAT TTG AAA AAG TTG GAT GAG CAA GGA TTG GAT CAG ATC GTA TTA GCC CCA TTA TCC TCT ATC GCC TTT CCG GTT ACG TTG CAA AAA GAA TTC AGG GTG GCT CGT ATC TTG ATC GTG AGG TAT AAG ACC TCT TTG GCT AGC CCT GGT CAT TTG GGA TGG GTA ACC ACG AGA AAG AGA AAG TCC AAC AAA TGG GAT TTA ATC TTG CAG ATC ATT GAC CCA ACC GGT ACT AGA TGG TTC AGA CAG ACT GAA TCC AAG AGA TGT AAG AAG TGC TCT TTT AGG GAA TTG AAA ATG TTA CAT GCA AAC TGT CAA CAG GAT AGA CAT TTA CAA GAA GAA TTG TTC ACT AAA AAA TTG TTG TCA TTG 
Calb                            GAC TCA CCC AAT CGA CAA CCC GCT TCT ACA CAA CTG TTG CAA TCA GAA CAT CAA GAA TAC AGA CAA CAT GAT GAT ATG TAT CAT AAA CCG AGT TTA GTT GGT GTA CTG GTC CGT AGA ACT TTA CAG AGA TCC GGA GGT TCA TTG GAA GAA CAA TTC TCT ACT AGA GAA CAA GGT CAG TTG GGA GCC TTG TTT CCG TCA AAA TAT CAG CGA CAA AGT CCT AGA GCT GAC TCC GAC TTC GAT ACA TTT TAT AAT AAA CGA TTG AAT GCT TCC ATG GGT TAT TCA AGA GCT TTG AAT TAC AAA CCA GCC AAT GTA TTG GCT GAT AGT AAA GAT TTG TTA GAT AAT AAA TAC AGA AAA TCT ATG ACC AAA GAA CAA TAC AGT TTT CTG GAT GTT ATG GAA CTT TTC CGT TAC GAT AAA TAC GAA CTG CAT GTG TTC TTT GCA TAT GTA AGT GAA ATT TTG AGA GCC AAT TCA GGT TTA GAA TTG ATG AGA TCT TAC TTA AAG ATC GTT AAA GTT TTA TTT GAA GGT TAT ACT TGG ATC CGA ATT AGG CAA TTT TAT GCT GGT AAG GAT TTT ATG AAT AAT CGT TTG AGA ATA GCT AGA GAA ACT GAT GAA GTT AAA CGA GAA GCC AGA GGT AGT ACT CAA ATT AAT CCG GGT GAT GGA CAT CAA AAG TAT AGT AGA GCA CCA AAA TAC CGT TCA GGA TTG GAT GCC GCT CCA GAA TTG GAA GTT GAA GTT TAC AGT AGA CAG TCA ACT GTA AGA TCA GTG AGA TTT AGA GAT GTT ATG AGA TTT GAT AGT CAA AGA TTG TCA GAT AAA GAA GAT GCC GAC AAT TAT TTG TTA GAA TTG GAC GAA CAA GGA TTG GAT CGA ATT GTA TTA TCA CCA TTA AAA TAT ATC GCT TTT CCG GTC CAA TTG AAA AAA GAA CAT AGA GTC GCA AAA ATT TTG ATT CCT AGT CAT GAA TCC TCT TTA GCT TCA ACC GGT AAA ATC AGT TGG GTA ACA ACT AGA AAA CGA CGT AAA CTG AAA TGG GAT TTA GTG TAC ATT ATC GTT ACT CCC ACT GGT ACT CGA TGG TTC AGA CAA TCA GAA AGT AAA AGA TGT GAA GAG TGT AGT TTT AAA GAG TTG AAA ATG TTA TCT GCC AAT GCT CAA CAA GAT AAA CAC TTA CAG CAA CAA TTG TTT ACT AAA AAA TTA TTG TCA TTA 



Printing out site pattern counts


         9        735  P

Scer                            AAA AAA AAA AAA AAA AAC AAG AAG AAG AAG AAG AAG AAG AAG AAG AAG AAT AAT AAT ACA ACA ACA ACA ACA ACC ACG ACG ACG ACG ACT ACT ACT AGA AGA AGA AGA AGA AGA AGA AGA AGA AGA AGA AGA AGC AGC AGG AGG AGG AGT AGT AGT ATA ATC ATC ATC ATG ATT ATT ATT ATT ATT ATT CAA CAA CAA CAA CAA CAA CAA CAA CAA CAA CAA CAC CAC CAC CAG CAG CAG CAG CAG CAG CAT CAT CCA CCA CCA CCC CCC CCG CCG CCT CGC CGC CGG CGT CGT CGT CTA CTA CTA CTA CTC CTG CTG CTG CTG CTT GAA GAA GAA GAA GAA GAA GAA GAA GAA GAA GAA GAA GAA GAC GAC GAC GAC GAC GAC GAG GAG GAG GAG GAG GAG GAG GAT GAT GAT GAT GAT GAT GAT GAT GAT GAT GAT GAT GAT GCA GCA GCC GCC GCC GCG GCG GCT GCT GCT GCT GCT GGA GGC GGC GGC GGG GGT GGT GGT GGT GGT GGT GGT GTA GTA GTC GTC GTC GTG GTG GTG GTG GTT GTT GTT TAC TAC TAC TAC TAC TAC TAC TAT TAT TAT TAT TAT TCA TCA TCC TCC TCC TCC TCG TCG TCG TCG TCT TCT TCT TCT TCT TCT TGC TGG TGG TGT TTA TTA TTA TTA TTC TTC TTC TTC TTC TTC TTC TTG TTG TTG TTG TTG TTG TTG TTG TTG TTG TTG TTG TTG TTT TTT TTT TTT TTT 
Sbay                            ... ... ... ..G ..G ... ... ... ... ... ... ... ... ... .G. C.C ..C ... TCA ... ... ..C ..G ..T ... .AC ..A ... ... ..C ... T.C ... ... ... ... ... ... ... ... ... ... ..G ..G ... ..T ..A ..A ... .A. ..C ..C ... ... ... CAA ... ..C ..C ... ... ... ... ... ... ... ... ... ... ... ... ..G ..G ..G ... ... ..T ..A ..A ... ... ... ..T ..C ..C ... ... ..C ... ... ..C ... T.G ... ... ... .A. ..G ... A.. ... T.G T.G ..T ..C ... ... T.A ..C A.G ... ... ... ... ... ... ..C ..G ..G ..G .GG TCT A.T AGA ... ... ... ..T A.A ..A ..A ... ... ... ... A.C ..C ..C ..C ..C ..C ..C ... ... ... ... ... ... ... TAC ..A ... ..T ..A ... ... ... ... ... ... ..C ... ..G ..T ... .CA ..C ..C ... ... ... ... ... ..T ... ..G T.G ..A ... ... ... ..C ..C ... ... ... ... ... ... ... ..T ..C ... ... ... ... ..C ..T ... ... ..G .TG AGC ..A ... ... CA. ..C ..C ..C ..C ... ... .AC ... ... ... ..G ..G ..G ... ... ... ... ... ..T ..T C.A C.. C.. ..A ..A ... ... ... ... ... ... ... ... ..C ..C ..C ..C ... 
Smik                            ... ... ... ... ... ... ..A ..A ..A ..A ..A ... ... ... ..A ..A ... ... ... ... ..G ..T ..G ..T ... ..T ..C ... ... ... ... ... ... ... ... ... ... ... ... ... ... ... ... ..G ..T ... ..A ..A ... ... ... ... ... ... ... ..T ... ... ... ... ... ... ... ... ... ... ... ... ... ... ..G ... ..G ..G ... ... ..T ..A ..A ... ... ... ... ... ... ... ..T ... ..A ..A ... ... ... ... ... ..A ... ... ..C T.. ..T T.. T.G ... ..A ... ... ..T ... ..G A.. ... ... ... ... ..G ... ... ..G ..G ..G C.G ... ... ... ... ... ..T ... ..A ... ..A ... ... ... ..C ..C ..C ... ... ... ... ... ... ... ... ... ... ... T.. ..A ..T ..T ... ..A ... ... ... ... ... ..G ... ..G ... ... ... ..C ..C ... ... ... ... ... ..G ... ..T ... ..T ..A ... ... ... ... ... ... ... ... ... ..T ..T ... ..C ..C ... ... ... ..G ... ... ... ..G ..A ..A ... ..A ... ... ..G ... ... ... ... ... ... ... ... ... ..G ..G ..G ... ... ... ... ... ... ..T ..A ... ... ..A ... C.A ..A ..A ..A ... ... ... ... ..C ..C ... ... ... 
Spar                            ... ... ... ... ..G ... ..A ... ... ... ... ... ... ... ... ... ... ... ..C ... ..T ..T ..G ..C ... ... ... ..A ... ... ... ..A ... ... ... ... ... ... ... ... ... ..G ... ... ... ... ..A ..A ... ... ... ... ... ... ... ..T ... ... ... ..C ... ... ... ... ... ... ... ... ... ... ... ... ... ..G ... ... ... ..A ..A ... ... ... ..A ... ... ... ... ... ... ..T ... ... ... ... ... ... ... ... ... T.. ... ... ... ..T ... ... ... ..A ... ... ... ... ... ... ..G ..G ... ... ... ..G ..G ... ... ... ... ... ..T ... ... ... ... ... ... ... ... ... ..C ... A.. ... ... ... ... ... ... ... ... ... ... ... ..T ... ... ... ... ..G ... ... ... ... ... ... ..G ... ... ... ..C ... ... ... ... ... ... ... ..G ... ... ... ..A ..A ... ..C ... ... ... ... ... ..T ... ... ... ... ..C ... ... ... ... ... ... ... ..T ... ..A ... ... ... ... ... ... ... ... ... ... ... ... ... ... ... ..G ..G ... ... ... ... ..T ... ... C.A ..A ... ..A ... ... ... ... ... ... ... ... ... ... ... ..C ... ..C 
Ncas                            ... ... ..G ..G ... ... ..A ..A ... ... ... ..A ... ... ..A ... ... ... ... ..T ... ..T ..T ... ... ..T ..A ..A ... C.C ..A .G. ... ... ... ... ... ... ... ..G ..G ... ... ..G .AT CCA ..A ..A ..A GC. ... ... ... ... ..T ... ... ..C ... ..C ..C ... ... ... ... ... ... ..G ..G ..G ... ... GTT ... ... ..T ..T AGT ..A A.A ... ... ..A ..C ... ..T ... ... ... ..A ..T ... ..A A.G ..T A.A TCA ... ... T.. ..T T.G T.G ..T T.A T.A T.. T.A .AA ... ... ... ... ..T ... ... C.. A.. ..G ... ..T C.G C.G ..T ..T ..T ..T ..T ..A ..A ... ..A ..A ..A ... ... ... ... ... ..C ... ... ..C ..G ... ... ... ... ..T T.T .GT CT. ..A ..T ... ..A ... ... ... ... ... ..G ..G ..T ... ... ... ..G ... ... ... ... ..T ..G ..T A.T A.T ..T ..T ... ..C ..C ..G ..C ..T ..T ..T ..T ... ..T ..T ... ... ..C ... ... ..C ... G.T ..T ..T ..A ..T AGT AG. ..C ... ... ..A ..C ... ..A ... ... ... ... ... ..G C.T ..T ... ... ..T ..T ... .AT .A. ... C.. ..A ... C.T ... ..A ..A ... ..A ..A ..A ... ..C ... ... ... ..C 
Cgla                            ... ..G ... ... ... ... ..C ... ..A ... ... .G. ... ... ... C.A ..C ... TC. ... ..C ... .AC ... .G. CAT T.. .TT ... ..C ..A ..A .AG ... ... ..G ..G C.T C.T ... ..G ... C.. ..G .A. .CG ..A ..A C.. CC. ..C ... ..C ..A ..A CAG ... ..C ..C ... G.G ..A ... ... ... ... ..G ... ..G ..G ... ..G TGC ... ..T ... ... G.. ..A T.C ..C ... ... ..C ..C ..G ... ..T T.G ..T ..T ... .AC AAG A.A A.. ..G ..C A.G A.T T.G T.G T.G T.G ... ... T.. ... AAG ..G ... ... ... AGC ... ... ..T A.C ... ..G ..C TCT ..G AGA ... ... ..T ... A.A ..A ... A.C ... ... ... C.G ... ..C ..C ... ..C ..C ..C ..G ... ... ... ... ..G TAT ..G .TG ... ... ... ... ..C ... ... ... ..G ..A ..A ..T ..C ..G ..C ..A ..C ... ... ... ..T ... ..G ..T C.G ... ..A ... ..T ..G ..A ..C ... ..T ..T ... ... ... ... ..C ..C ... ... ... ..C ... ..T ..T ... .TA AGT G.. AG. ..C CA. ..A ..A ... ..G ..A ... .AT ... ... ..G ... C.G C.G ... ..T ... ... ..T ... .AT C.A C.. C.C C.A C.T ... C.A ... ... C.. C.. ... ... ... ... ... ..C ... 
Agos                            ..G ..G ... ..G ..G .GT CGC ... C.. ... C.. C.C ..A ... ... CC. ..C ..C ... ..T ..C ..C G.. ..T ... ... G.T ... ... C.G ..C .G. C.C ... C.T ... C.C C.C C.C C.T C.C ... C.G C.T T.. GA. ..A ... C.C TCG ..C G.C ..C ..A ..A G.T ... ..C ..C ..C GCG ..C ..C ... ..G ..G ..G ..G ... ..G ... ..G ATC ..G ... ... ... .C. ... A.. ... ... AGA ... .CG ..C ... ..G .TG ... ..T ... ATC ..G AAG A.. .AG ..C ..C ..C ..G ... T.G ..A ... ... ... ... GAC ... ... ... ..G ..C ..C ..G AGC CGT ..G AGC ..C ... ..G .CT ... ... ... ..G ... ... ... ... ... ... ... ..C ... ... ..C ..C A.C ..C ..C ..C ..C ..C ... ... ..G T.T ... CAG ..G ..C ..C ..A ..C ..C ... ... ..C ... ..A ..T TCC .CG .CC ..A ..C ..C ..C ... A.C ..C A.T A.T ... A.C ..A ..C ..C ..G ..C ... ... ... ..T ... ... ... ... ..C .TC ..C ..C ... AGC AGC G.G ... ..G ..G ... AT. G.. G.T .AC ..C ..G ..G ..A ATG ..T .T. ... ..C C.. C.. CC. ..G ... ... ..T ..T ..T .AT ... C.A C.C C.. ... ... ... ... C.A C.A C.C C.C C.C C.A ..C ..C ..C ..C .AC 
Klac                            C.. ... ..G ... ... ... .G. ..A C.A ... ... .GA ..T ..A ..A ... ..C ..C ..C ..T ... ..T ... ..C ... ..T T.. ... ..T C.. ... T.A ..G ... ... ..G ..G ... ..G ..G C.C ..G C.. ... .A. CAT ..A ..A ... .C. ... TC. ..T ... ..T G.A ... ..C ..C ..C .CC ..C ... ... ... ... ... ..G ... ..G ... ..G TT. ..G ... ... ..T GCT ..A .CT A.A ..A ..A ..C ... ... ... ..G TTG ..A ... ..A TAC AAG AAG A.A ACG A.A ... ..T ... T.G T.G T.G T.A T.A ..T T.A .AG ... ... ... ... ..T ..G ..G TGT A.G ... ... TTG ..G ..A TC. ... ..T ..T ..T ..A ..A ..A ... ..A ... ..A ... ... ..C ..C ... ..C ... ... ..A ..A ... ..C ... ... ..T ... TA. ... ..T CGT ... ... ... ..A ..C ... .A. ..T ... ..A ..A .CC ... ... ..C ... ... A.T ..G ..G ..T A.. A.A ACA ..A ..T ..G ..G ..G ... ..T ..T ... ... ..T ... ..C .TC ..C ... ... ..C AGC CAA ... ..T ..T ..C ..T CAT G.A AGC ..C ... ... ... ..G ... ... ... ... ..G ... AA. ..G ... ... ... ..T ... .AT ... ... ... ..A ... ... ... ... ... ... ..A ... ..A ... ... ..C ..C ... .AC 
Calb                            ... ... ... ... ... CTG ..A ..A ..A ..A ... ..A ... CGT ..A G.A ... ... ... ..T .AT ..T .AT ... T.. CAA G.C ..T ..A C.A ... T.A .A. ... ... ..T ... C.. ... ..G C.T TC. C.. ... G.T .AA ..A ..A ..A TCA TCA ... G.G ..T ..A CAG ... ..C ... ..C .C. ... G.. A.T ... ..G ..G ... ... ... ... ... ATG .G. TC. ..T ... ..A ..A ACC A.A ... ..A T.. TC. ..G ... ..G TTA ..A ..T ..C ..A ..T GAG ..A .AA AAA AAA A.G ..T T.G T.G T.G T.A T.A T.. T.. A.. ACT ... ... ... ..C ... ... .CT .TT ..T ... ATC AG. ... AGA ..T ..T ..T ..T ... ..A ..A ..C ..A ..A ..A A.. ... ... AC. ... ... ... ... TCA C.A ... ..C ... ..C TTT ..T TAT ..T ..A CT. ..A ..C ... ..C T.A ... ..A ..T ..T ..A A.. ... ... ... ... ... ... ..T ... CCT ..T ..G AAA ..T ..A ..C ..A ... ..C ..T ..T ..T ... ... ... .TT ... C.. ..C ... ..C AA. ... AGT ..A ..A AGT AGT .AT CAA G.T CA. AG. ... ... AA. AG. ..T AT. ... ... ..G ... ... ..G ... ... ... ... ..T CAT ..T ... ... ..A ... ... ... ..A ..A ..A ..A .AC ..A ... ... ... ..C ... .A. 

    1    1    1    3    1    2    1    2    1    1    2    1    1    2    1
    4    2    2    2    1    1    1    1    2    2    1    1    1    1    1
    4    1    3    5    1    1    2    5    1    1    1    1    1    5    1
    1    3    1    1    1    2    1    2    1    1    1    2    3    4    1
    1    1    1    1    2    1    2    1    1    2    1    1    2    1    2
    2    1    1    3    2    2    1    1    1    4    1    1    3    1    1
    1    3    1    2    1    1    2    1    1    3    1    2    2    1    1
    2    1    1    1    2    1    2    2    1    1    2    3    1    1    1
    1    1    2    3    1    1    2    2    1    2    3    1    4    1    1
    2    3    1    1    1    1    1    1    2    2    1    1    3    2    2
    2    1    1    1    3    2    3    2    1    3    2    2    1    1    1
    3    1    1    1    1    1    3    3    1    1    2    1    2    1    2
    2    3    1    1    1    1    2    2    1    1    1    1    2    1    1
    3    3    1    1    1    2    2    1    1    2    3    1    2    1    1
    1    2    1    1    4    1    1    1    1    2    1    1    1    1    2
    2    2    1    3    2    2    1    2    2    2    1    1    2    1    3
    1    2    1    2    1

CODONML (in paml version 4.9j, February 2020)  temp.nuc
Model: One dN/dS ratio, 
Codon frequency model: Fequal
ns =   9  ls = 393

Codon usage in sequences
--------------------------------------------------------------------------------------------------------------------------------------
Phe TTT   7   5   6   7   9   8 | Ser TCT   8   4   6  10  10   6 | Tyr TAT   8   8   7   8  17  13 | Cys TGT   1   1   1   1   1   1
    TTC  10  12  11  10   6   7 |     TCC   6  11   2   4   7   8 |     TAC   9  12  10   9   4  11 |     TGC   1   1   1   1   1   3
Leu TTA   5   5  14  10  18   3 |     TCA   4   3   8   5   8   6 | *** TAA   0   0   0   0   0   0 | *** TGA   0   0   0   0   0   0
    TTG  23  25  19  20  15  17 |     TCG   7   8  11   6   0   3 |     TAG   0   0   0   0   0   0 | Trp TGG   5   4   5   5   5   4
--------------------------------------------------------------------------------------------------------------------------------------
Leu CTT   1   1   3   2   4   1 | Pro CCT   1   0   2   2   2   6 | His CAT   5   5   6   5   7   4 | Arg CGT   4   1   3   4   3   6
    CTC   1   2   1   0   1   2 |     CCC   2   6   0   1   2   0 |     CAC   5  13   4   5   3  11 |     CGC   3   3   4   3   0   1
    CTA   8   2   3   7   0   5 |     CCA   5   2   6   5   7   1 | Gln CAA  15  16  15  19  17  14 |     CGA   0   0   1   0   0   1
    CTG   5   8   3   4   3  14 |     CCG   4   3   4   4   3   4 |     CAG  10   9  11   6  10  11 |     CGG   1   2   0   1   0   3
--------------------------------------------------------------------------------------------------------------------------------------
Ile ATT  11   4  12  11  10   6 | Thr ACT   6   6  10   7   4   0 | Asn AAT   6   5   6   5   7   2 | Ser AGT   4   1   5   4   6   2
    ATC   3   9   2   3   7   9 |     ACC   2   4   3   4   2   2 |     AAC   2   7   2   4   2   9 |     AGC   2   5   1   2   0   5
    ATA   2   5   2   2   2   3 |     ACA   6   3   1   3   9   9 | Lys AAA   7   4  20   7  11   8 | Arg AGA  27  28  26  30  26  16
Met ATG   2   2   2   2   2   2 |     ACG   4   3   4   4   1   2 |     AAG  16  17   4  16  15  16 |     AGG   5   8   6   2  11  14
--------------------------------------------------------------------------------------------------------------------------------------
Val GTT   5   2   9   2   9   7 | Ala GCT  11  12  13  11  14   8 | Asp GAT  20  12  16  18  27  16 | Gly GGT  11   7   9  10  13   6
    GTC   4   5   2   6   6   1 |     GCC   4   1   0   2   0   4 |     GAC  11  15  15  12   2  10 |     GGC   4   6   5   4   0   3
    GTA   4   5   4   7   0   3 |     GCA   4   8   7   4   3   0 | Glu GAA  19  14  13  14  20  11 |     GGA   2   0   0   2   2   4
    GTG   7   7   5   5   4  10 |     GCG   4   3   1   6   3   9 |     GAG  13  10  17  18   7  17 |     GGG   1   3   4   2   5   5
--------------------------------------------------------------------------------------------------------------------------------------

--------------------------------------------------------------------------------------
Phe TTT   4   4  12 | Ser TCT   2   9   6 | Tyr TAT   7  10  10 | Cys TGT   1   4   2
    TTC  12  12   5 |     TCC   4  10   4 |     TAC  12  10  10 |     TGC   2   1   0
Leu TTA   0  11  15 |     TCA   1   1  14 | *** TAA   0   0   0 | *** TGA   0   0   0
    TTG  12  29  22 |     TCG   8   3   0 |     TAG   0   0   0 | Trp TGG   4   5   4
--------------------------------------------------------------------------------------
Leu CTT   0   4   1 | Pro CCT   1   3   2 | His CAT   1   8   7 | Arg CGT   8   4   5
    CTC  10   0   0 |     CCC   2   0   3 |     CAC   6   5   1 |     CGC  16   1   0
    CTA  12   1   0 |     CCA   2   6   4 | Gln CAA   3  16  20 |     CGA   0   1   8
    CTG   9   0   5 |     CCG  16   4   4 |     CAG  22   6   5 |     CGG   3   0   0
--------------------------------------------------------------------------------------
Ile ATT   3   7   7 | Thr ACT   3   9  11 | Asn AAT   2   1  12 | Ser AGT   3   2  13
    ATC  20  11   5 |     ACC   8   5   2 |     AAC   5   9   0 |     AGC  10   2   0
    ATA   2   2   1 |     ACA   0   3   3 | Lys AAA   2  13  27 | Arg AGA  11  23  23
Met ATG   5   2   8 |     ACG   3   3   0 |     AAG  15  12   3 |     AGG   2  11   1
--------------------------------------------------------------------------------------
Val GTT   2   4   9 | Ala GCT  11  11  11 | Asp GAT   8  18  19 | Gly GGT   4   7  11
    GTC   7   0   3 |     GCC  12   7   7 |     GAC  20   7   5 |     GGC   8   2   0
    GTA   1   3   6 |     GCA   3   6   3 | Glu GAA   6  26  24 |     GGA   2   6   5
    GTG   3   7   3 |     GCG  10   0   0 |     GAG  22   6   2 |     GGG   0   0   0
--------------------------------------------------------------------------------------

Codon position x base (3x4) table for each sequence.

#1: Scer           
position  1:    T:0.23919    C:0.17812    A:0.26718    G:0.31552
position  2:    T:0.24936    C:0.19847    A:0.37150    G:0.18066
position  3:    T:0.27735    C:0.17557    A:0.27481    G:0.27226
Average         T:0.25530    C:0.18405    A:0.30450    G:0.25615

#2: Sbay           
position  1:    T:0.25191    C:0.18575    A:0.28244    G:0.27990
position  2:    T:0.25191    C:0.19593    A:0.37405    G:0.17812
position  3:    T:0.18830    C:0.28499    A:0.24173    G:0.28499
Average         T:0.23070    C:0.22222    A:0.29941    G:0.24767

#3: Smik           
position  1:    T:0.25700    C:0.16794    A:0.26972    G:0.30534
position  2:    T:0.24936    C:0.19847    A:0.37150    G:0.18066
position  3:    T:0.29008    C:0.16031    A:0.30534    G:0.24427
Average         T:0.26548    C:0.17557    A:0.31552    G:0.24343

#4: Spar           
position  1:    T:0.24427    C:0.17303    A:0.26972    G:0.31298
position  2:    T:0.24936    C:0.19847    A:0.37150    G:0.18066
position  3:    T:0.27226    C:0.17812    A:0.29262    G:0.25700
Average         T:0.25530    C:0.18321    A:0.31128    G:0.25021

#5: Ncas           
position  1:    T:0.25700    C:0.15776    A:0.29262    G:0.29262
position  2:    T:0.24427    C:0.19084    A:0.37913    G:0.18575
position  3:    T:0.36387    C:0.10941    A:0.31298    G:0.21374
Average         T:0.28838    C:0.15267    A:0.32824    G:0.23070

#6: Cgla           
position  1:    T:0.22901    C:0.21374    A:0.26718    G:0.29008
position  2:    T:0.24936    C:0.17303    A:0.38931    G:0.18830
position  3:    T:0.23410    C:0.21883    A:0.21374    G:0.33333
Average         T:0.23749    C:0.20187    A:0.29008    G:0.27057

#7: Agos           
position  1:    T:0.17557    C:0.28244    A:0.23919    G:0.30280
position  2:    T:0.25954    C:0.21883    A:0.33333    G:0.18830
position  3:    T:0.15267    C:0.39186    A:0.11450    G:0.34097
Average         T:0.19593    C:0.29771    A:0.22901    G:0.27735

#8: Klac           
position  1:    T:0.27735    C:0.15013    A:0.29262    G:0.27990
position  2:    T:0.24682    C:0.20356    A:0.37405    G:0.17557
position  3:    T:0.26718    C:0.20865    A:0.30025    G:0.22392
Average         T:0.26378    C:0.18745    A:0.32231    G:0.22646

#9: Calb           
position  1:    T:0.26463    C:0.16539    A:0.29517    G:0.27481
position  2:    T:0.25954    C:0.18830    A:0.36896    G:0.18321
position  3:    T:0.35115    C:0.11450    A:0.38931    G:0.14504
Average         T:0.29177    C:0.15606    A:0.35115    G:0.20102

Sums of codon usage counts
------------------------------------------------------------------------------
Phe F TTT      62 | Ser S TCT      61 | Tyr Y TAT      88 | Cys C TGT      13
      TTC      85 |       TCC      56 |       TAC      87 |       TGC      11
Leu L TTA      81 |       TCA      50 | *** * TAA       0 | *** * TGA       0
      TTG     182 |       TCG      46 |       TAG       0 | Trp W TGG      41
------------------------------------------------------------------------------
Leu L CTT      17 | Pro P CCT      19 | His H CAT      48 | Arg R CGT      38
      CTC      17 |       CCC      16 |       CAC      53 |       CGC      31
      CTA      38 |       CCA      38 | Gln Q CAA     135 |       CGA      11
      CTG      51 |       CCG      46 |       CAG      90 |       CGG      10
------------------------------------------------------------------------------
Ile I ATT      71 | Thr T ACT      56 | Asn N AAT      46 | Ser S AGT      40
      ATC      69 |       ACC      32 |       AAC      40 |       AGC      27
      ATA      21 |       ACA      37 | Lys K AAA      99 | Arg R AGA     210
Met M ATG      27 |       ACG      24 |       AAG     114 |       AGG      60
------------------------------------------------------------------------------
Val V GTT      49 | Ala A GCT     102 | Asp D GAT     154 | Gly G GGT      78
      GTC      34 |       GCC      37 |       GAC      97 |       GGC      32
      GTA      33 |       GCA      38 | Glu E GAA     147 |       GGA      23
      GTG      51 |       GCG      36 |       GAG     112 |       GGG      20
------------------------------------------------------------------------------


Codon position x base (3x4) table, overall

position  1:    T:0.24399    C:0.18603    A:0.27509    G:0.29488
position  2:    T:0.25106    C:0.19621    A:0.37037    G:0.18236
position  3:    T:0.26633    C:0.20469    A:0.27170    G:0.25728
Average         T:0.25379    C:0.19565    A:0.30572    G:0.24484

Codon frequencies under model, for use in evolver (TTT TTC TTA TTG ... GGG):
  0.01639344  0.01639344  0.01639344  0.01639344
  0.01639344  0.01639344  0.01639344  0.01639344
  0.01639344  0.01639344  0.00000000  0.00000000
  0.01639344  0.01639344  0.00000000  0.01639344
  0.01639344  0.01639344  0.01639344  0.01639344
  0.01639344  0.01639344  0.01639344  0.01639344
  0.01639344  0.01639344  0.01639344  0.01639344
  0.01639344  0.01639344  0.01639344  0.01639344
  0.01639344  0.01639344  0.01639344  0.01639344
  0.01639344  0.01639344  0.01639344  0.01639344
  0.01639344  0.01639344  0.01639344  0.01639344
  0.01639344  0.01639344  0.01639344  0.01639344
  0.01639344  0.01639344  0.01639344  0.01639344
  0.01639344  0.01639344  0.01639344  0.01639344
  0.01639344  0.01639344  0.01639344  0.01639344
  0.01639344  0.01639344  0.01639344  0.01639344


TREE #  1:  (((((1, 4), (3, 2)), 5), 6), ((7, 8), 9));   MP score: 1258
This is a rooted tree.  Please check!
lnL(ntime: 16  np: 18):  -6998.481258      +0.000000
  10..11   11..12   12..13   13..14   14..1    14..4    13..15   15..3    15..2    12..5    11..6    10..16   16..17   17..7    17..8    16..9  
 0.158446 0.082289 0.482820 0.178180 0.122851 0.108227 0.001710 0.166675 0.684291 0.476576 1.322358 0.168909 0.256717 1.870966 0.654265 2.450923 1.581616 0.068557

Note: Branch length is defined as number of nucleotide substitutions per codon (not per neucleotide site).

tree length =  9.186203

(((((1: 0.122851, 4: 0.108227): 0.178180, (3: 0.166675, 2: 0.684291): 0.001710): 0.482820, 5: 0.476576): 0.082289, 6: 1.322358): 0.158446, ((7: 1.870966, 8: 0.654265): 0.256717, 9: 2.450923): 0.168909);

(((((Scer: 0.122851, Spar: 0.108227): 0.178180, (Smik: 0.166675, Sbay: 0.684291): 0.001710): 0.482820, Ncas: 0.476576): 0.082289, Cgla: 1.322358): 0.158446, ((Agos: 1.870966, Klac: 0.654265): 0.256717, Calb: 2.450923): 0.168909);

Detailed output identifying parameters

kappa (ts/tv) =  1.58162

omega (dN/dS) =  0.06856

dN & dS for each branch

 branch          t       N       S   dN/dS      dN      dS  N*dN  S*dS

  10..11     0.158   860.5   318.5  0.0686  0.0113  0.1650   9.7  52.5
  11..12     0.082   860.5   318.5  0.0686  0.0059  0.0857   5.1  27.3
  12..13     0.483   860.5   318.5  0.0686  0.0345  0.5027  29.7 160.1
  13..14     0.178   860.5   318.5  0.0686  0.0127  0.1855  10.9  59.1
  14..1      0.123   860.5   318.5  0.0686  0.0088  0.1279   7.5  40.7
  14..4      0.108   860.5   318.5  0.0686  0.0077  0.1127   6.6  35.9
  13..15     0.002   860.5   318.5  0.0686  0.0001  0.0018   0.1   0.6
  15..3      0.167   860.5   318.5  0.0686  0.0119  0.1735  10.2  55.3
  15..2      0.684   860.5   318.5  0.0686  0.0488  0.7124  42.0 226.9
  12..5      0.477   860.5   318.5  0.0686  0.0340  0.4962  29.3 158.0
  11..6      1.322   860.5   318.5  0.0686  0.0944  1.3767  81.2 438.5
  10..16     0.169   860.5   318.5  0.0686  0.0121  0.1759  10.4  56.0
  16..17     0.257   860.5   318.5  0.0686  0.0183  0.2673  15.8  85.1
  17..7      1.871   860.5   318.5  0.0686  0.1335  1.9478 114.9 620.4
  17..8      0.654   860.5   318.5  0.0686  0.0467  0.6812  40.2 216.9
  16..9      2.451   860.5   318.5  0.0686  0.1749  2.5516 150.5 812.7

tree length for dN:       0.6557
tree length for dS:       9.5637


Time used:  0:11
