      9   1179

Scer                            CCT GAT GAA GAT CCT GCC AAT TGG CAA TCT CAA TTT TCT TTG TCC TTT CAC ACT GAT AGA GAA GTC GTT ACT GCT TCT GAG GCA CGT GCA GCT TGG CAA ACA CAC GAT TCC TCT TGG TCT TTC TAT ACA AAA GAT AAG AAC ATT CGT CAT TAT TCA GGT CTT TCT TAT CAA GTT GTT AAG ATG AAC CAT GGA AGG CTG AAG CTA GAC TTT GTC TAC AAC AAT ATT GAT AAA GTC AAC TCC AAG ACT ATC ACT AAG ACT GGG GTT TGG TTG TTG GAA ATT AAT GAT CGT GCG CAA TCC CGT CCT GAA ATC CAC AAG ATG AAG GAA CCT AGA ATG ATT AAG AAA CAA CAG GAT TCA TTT TCT GAC TCC TGT TAT GAA GCT AAG AAA AGA ACC AAA AGA CGT CAT GTC GTT CAA AAG ACA GGT AGA TGG CAA TAC TAT GAA AGA GTT TCT GAT ACC AGG CAT GTT GAA CCT GGT CTT GAT GCT GTT AAC GAG GGT TCC GAT TAT GAC CAT GAA AAC ATT ACA CGT GAT GGT CCA ATG AAT AGG TTA ACA GCT TAT GAG GAA AAG GAA GAT GAT AGA TTC GTC GCG CAA AGG CTG GAA AAG GAA CAA ACT ATT GAC GCT GAT TCT GAT AAG GCT TTA ATT TAC AAC TTA GAC GTT CCT GCT CGT GAT GAA GCG TAT TAT TAT TCT GGT GAT AAC TCT CCT GTT GGT GGT AAC AGA TAT TCT AAC CCT TCT TGG ACA TCA GGT GAA TAC TGG TAC TTT GGT ATT TGT ATG ATT AGA AGG AAT GAA ACA AGG AAG AAA AAA ATC GGT AAT CAC AAT AGA CAA TTG CAT AAA CCT AGA TTA TGC CAA TCT AGA TTG GAA TAT ACC GGT GAT AGG GAT ACT GCA GTT TCT AAA GTT GGC TGG ATT ACA CAG AAC GCT ATT CAC TTT CTA GTC ATC GGA TTT ATC ACA GTT TAC GAT CAC CAA GGC ATG AAC GAT TTA TAC GTT GTG CCA AAC TCC ACT TCT TTC GAG CAC AAG CAA TTT TTC TCC TTT TCA GAT AAA AGA GGT TTA AGA ACC AAG GAT GAT GCG CAA AGA GAT AAG CAA TTA AAG TAC GAA ACT GAC GGC CAG AGA GAC GAG CAA CCT GGT GGT GTT ACT AAG TTG GTC GGT AAG GTC ACT AAT GGG CAT GGT GCC TTT AGT AGA GTT GTT CCT AAT 
Sbay                            CCT GAT GAA GAT CCG GCC AAT TGG CAA TCC CAA TTT TCA TTA TCC TTT CAC ACA GAT AGA GAA GTC GTT ACC GCT TCT GAA GCA CGT GCA GCT TGG CAA ACG CAC GAT TCT TCC TGG TCT TTC TAT ACA AAA GAC AAG AAC ATT CGA CAT TAT TCA GGC CTG TCT TAT CAA GTT GTC AAA ATG AAC CAT GGA AGA TTG AAG CTA GAC TTT GTT TAT AAC AAC ATT GAT AAA GTC AAT TCT AAG ACA ATC ACC AAA ACA GGA GTT TGG TTA TTG GAA ATC AAT GAT CGT GCG CAA TCT CGT CCT GAA ATC CAC AAA ATG AAG GAA CCC AGA ATG ATT AAA AAA CAA CAA GAT TCT TTT TCT GAC TCA TGT TAT GAA GCT AAG AAA AGA ACC AAA AGA CGT CAT GTC GTT CAA AGG ACA GGT AGA TGG CAG TAC TAT GAA AGA GTT TCC GAT ACT AGA CAT GTC GAG CCT GGC CTC GAT GCC GTT AAT GAA GGT TCT GAT TAT GAC CAT GAG AAC ATT ACA CGA GAT GGC CCT ATG AAC AGA TTA ACA GCT TAT GAG GAA AAG GAG GAT GAT AGG TTC GTT GCG CAA AGA TTG GAA AAA GAG CAA ACA ATC GAC GCT GAC TCC GAT AAA GCT CTA ATT TAC AAC CTA GAC GTT CCT GCT CGT GAT GAA GCG TAT TAT TAT TCC GGC GAT AAC TCC CCT GTT GGC GGT AAC AGA TAT TCT AAT CCT TCT TGG ACT TCA GGT GAA TAC TGG TAC TTT GGT ATT TGT ATG ATT AGA AGA AAC GAA ACA AGA AAG AAA AAG ATT GGT GAT CAC AAT AGA CAG TTG CAT AAA CCT AGA CTA TGT CAA TCA AGA TTG GAA TAT ACT GGT GAT AGA GAC ACA GCA GTT TCT AAA GTT GGT TGG ATT ACA CAA AAT GCT ATC CAC TTT CTA GTC ATC GGA TTT ATC ACG GTT TAC GAC CAC CAA GGT ATG AAC GAC CTA TAC GTC GTA CCA AAT TCT ACC TCT TTC GAA CAC AAG CAG TTT TTC TCC TTC TCT GAT AAA AGA GGT CTA AGA ACC AAG GAT GAT GCG CAA AGA GAT AAA CAA TTA AAA TAT GAA ACC GAC GGT CAA AGA GAT GAG CAG CCT GGT GGA GTC ACT AAG TTA GTC GGT AAA GTC ACG AAC GGA CAT GGT GCC TTT AGC AGA GTT GTT CCG AAT 
Smik                            CCT GAT GAA GAT CCT GCT AAT TGG CAA TCT CAG TTT TCG CTT TCT TTT CAC ACA GAT AGA GAA GTT GTA ACT GCC TCT GAA GCA CGT GCA TCT TGG CAA ACA CAC GAT TCC TCC TGG TCT TTC TAT ACG AAA GAT AAG AAC ATT CGT CAT TAC TCA GGT CTG TCT TAT CAA GTT GTT AAA ATG AAC CAT GGA AGA TTG AAG CTA GAC TTT GTC TAT AAC AAT ATT GAT AAA GTA AAT TCC AAG ACA ATC ACT AAA ACA GGA GTT TGG TTA TTA GAG ATT AAT GAT CGT GCG CAA TCC CGT CCT GAA ATC CAC AAA ATG AAG GAA CCC AGA ATG ATT AAG AAA CAA CAA GAT TCT TTT TCT GAC TCA TGT TAT GAA GCT AAG AAA AGA ACT AAG AGA CGT CAT GTT GTT CAA AAA ACT GGT AGA TGG CAA TAC TAC GAA AGA GTT TCT GAT ACT AGG CAT GTT GAA CCT GGT CTC GAT GCT GTT AAC GAG GGT TCC GAT TAT GAC CAC GAA AAC ATT ACA CGT GAT GGT CCA ATG AAC AGG TTA ACA GCT TAT GAG GAA AAG GAA GAT GAT AGA TTC GTC GCG CAA AGG TTG GAA AAA GAA CAA ACA ATT GAC GCG GAT TCC GAT AAA TCT CTA ATC TAC AAC CTA GAT GTT CCT GCG CGT GAT GAG GCG TAC TAC TAT TCC GGT GAT AAT TCC CCT GTT GGT GGT AAC AGA TAT TCT AAC CCT TCT TGG ACT TCA GGT GAG TAC TGG TAC TTT GGT ATT TGT ATG ATT AGA AGA AAT GAA ACG AGG AAG AAA AAA ATC GGT AAT CAC AAT AGA CAA TTA CAT AAA CCT AGA TTA TGT CAA TCG AGA TTA GAA TAT ACT GGT GAT AGA GAC ACA GCA GTT TCT AAA GTT GGG TGG ATT ACA CAA AAT GCC ATT CAC TTT TTA GTC ATC GGA TTT ATC ACA GTC TAT GAT CAC CAA GGC ATG AAC GAC CTA TAC GTT GTG CCA AAC TCC ACT TCT TTC GAG CAC AAG CAA TTT TTC TCT TTT TCA GAT AAA AGA GGT CTA AGA ACT AAG GAT GAT GCG CAA AGA GAT AAA CAA TTG AAA TAT GAA ACT GAC GGG CAA AGA GAC GAG CAA CCG GGT GGA GTT ACC AAG TTA GTT GGT AAG GTC ACG AAC GGA CAT GGT GCC TTT AGT AGA GTT GTT CCT AAT 
Spar                            CCT GAT GAA GAT CCT GCC AAT TGG CAA TCT CAG TTT TCA TTG TCC TTT CAC ACC GAT AGA GAA GTC GTT ACT GCT TCT GAG GCA CGT GCA GCT TGG CAA ACA CAC GAT TCC GCC TGG TCT TTC TAC ACA AAA GAC AAG AAC ATT CGT CAC TAT TCA GGT CTT TCT TAC CAA GTT GTT AAG ATG AAC CAC GGA AGA TTG AAG CTA GAC TTT GTC TAT AAC AAT ATC GAT AAA GTC AAT TCT AAG ACC ATC ACT AAG ACC GGG GTT TGG TTG TTA GAA ATT AAT GAT CGT GCG CAA TCT CGT CCT GAA ATC CAC AAG ATG AAG GAA CCC AGA ATG ATC AAG AAA CAA CAG GAT TCT TTT TCT GAC TCA TGT TAC GAA GCT AAA AAA AGA ACT AAA AGA CGT CAT GTC GTT CAA AAG ACA GGT AGA TGG CAA TAC TAT GAA AGA GTT TCT GAT ACT AGG CAT GTT GAG CCT GGT CTT GAT GCT GTT AAC GAG GGT TCC GAT TAT GAC CAT GAA AAC ATC ACA CGT GAT GGT CCA ATG AAC AGG TTA ACA GCT TAT GAG GAA AAG GAA GAT GAT AGA TTC GTC GCG CAA AGG TTG GAA AAG GAG CAA ACA ATT GAC GCT GAC GCC GAT AAG GCT TTA ATT TAC AAC CTA GAC GTT CCT GCT CGT GAT GAA GCG TAT TAT TAC GCC GGT GAT AAC GCC CCT GTT GGT GGT AAC AGA TAC TCT AAC CCT TCT TGG ACC TCA GGT GAA TAC TGG TAC TTT GGT ATT TGT ATG ATT AGA AGA AAT GAA ACA AGG AAG AAA AAG ATC GGT AAC CAC AAT AGA CAA TTA CAC AAA CCT AGA TTG TGC CAA TCA AGA TTA GAG TAC ACT GGT GAT AGA GAC ACC GCA GTT TCT AAA GTT GGC TGG ATT ACA CAG AAT GCT ATT CAC TTT CTA GTC ATC GGA TTT ATC ACA GTT TAC GAT CAC CAA GGC ATG AAC GAC TTA TAC GTT GTG CCA AAC TCT ACT TCT TTC GAG CAC AAG CAA TTT TTC TCC TTT TCA GAT AAA AGA GGT CTA AGA ACC AAG GAT GAT GCG CAA AGA GAT AAG CAA TTG AAG TAT GAA ACT GAC GGC CAA AGA GAC GAG CAA CCC GGT GGG GTT ACT AAG TTG GTC GGT AAG GTC ACG AAC GGG CAT GGT GCC TTT AGC AGA GTT GTT CCT AAC 
Ncas                            CCT GAT GAA GAT CCT GCC AAT TGG CAA ACT CAA TTT GGT CTG TCT TTC CAT ACT CAC AGA GAA ATC GTT ACA GCT CAA GAA ACC AGA GCC TCA TGG CAG ACT CAC GAT CAT GCA TGG TCT TTT TTC ACT AAA GAT AAA AAC GTC CGT GAC TTC TCA GGT TTA TCT TAC CAA CTC GTT AAA ATG AAT GAC GAA AGA CTT AAA TTA GAC TTT GTG TAT AAT AAT ATT GAT AAA GTT AAT TCC AAG ACT ATT ACC AAA ACT GGT GTC TGG CTA TTA GAA ATT AAC GAT CGT GCC CAG TCT CGT CCA GAA ATT CAC AAA ATG AAG GAA CCA AGA ATG ATT AAG AAA CAG GAA GAC TCA TTT TCT GAC TCT TGT TAC GAA GCT AAG AAA AGG ACG AAA AGA CGT CAT GTT GTT CAA AAA ACT GGT AGA TGG CAA TAT TAC GAA AGA CTC ACT GAT ACT AGA CAT GTT GAA CCT GGT TTA GAT TCT GTA AAC GAA GGG CAT GAT TAT GAT CAC GAA AAC ATT ACA CGT GAT GGT CCT ATG AAT AGA TTG ACA GCT TAT GAA GAG AAA GAA GAT GAT AAG TTC GTG GCC CAA AGA CTT GAA AAA GAA CAA ACC ATT GAC GCT GAT GCA GAT AAA TCA CTG ATT TAC AAC CTA GAT GTC CCA GCT CGT GAT GAA GCC TAC TAC TTC GCA GGT GAC AAT GCA CCT GTC GGT GGT AAC AGA TTC TCA AAC CCA TCT TGG TCA TCA GGT GAA TAT TGG TAT TTT GGG ATC TGT ATG ATT AGA AGA AAT GAA ACT AGA AAG AAG AAG ATT GGT TCT CAT AAC AGA CAA TTA GAC AAG CCA AGG TTG TGT GAA GGT AGA TTA GAA TAC ACT GGG GAT AGA GAT ACT GCC GTC TCA AAA CTC GGT TGG ATT ACT CAA AAT GCT ATT CAT TAT TTA GTT ATT GAA TAT ATT ACT GTT TAC GAT CAC CAA GGT ATG AAC GAC CTG TAC GTT ACC CCA AAT TCT ACA TCT TTC GAA CAT AAG CAA TTT TTC TCT TTC TCA GAC AAA AGA GGT CTA AGA ACC AAG GAT GAC GCC CAA AGA GAC AAA CAA TTA AAA TAT GAA ACA GAT GGT CAA AGA GAC GAA CAA CCA GGT GGT GTT ACT AAG CTA GTT GGG AAG GTT ACT AAT GGT CAT GGT GCG TTT AGT AGA GTA GTC CCT AAT 
Cgla                            CCA GAT GAG GAT CCC GCT AAC TGG CAA AGT CAA TTC GAA TTG TCC TTC CAT ACA CAT AGA GAG GTC GTT AGT GCC AAC AGC GCT AGG GCT TCG TGG CAG ACT CAC GAT GCA TCG TGG TCT TTC TAT ACC AAA GAT AAG AAC ATT AAG GAC TTT TCC GGT CTA TCT CAT CAA ACC GTG AAG ATG AAC GAC GAG AGA TTG AAG TTA GAT TTC GTT TTT AAC AAC ATC GAT AAG GTT AAC TCT AAG ACA ATT ACC AAG ACA GGC GTT TGG CTG CTA GAA ATC AAT GAT CGT GCA CAG TCA AGA CCG GAG ATT CAC AAA ATG AAG GAG CCA AGA ATG ATC AAG AAG CAA ATG GAT TCT TTT TCT GAT TCT TGT CAT GAG GCA AAG AAG AGG ACA AAA AGA CGT CAC GTT ATT CAA AAA ACC GGT AGA TGG CAG TAC TAT GAG AGA ACC AGT GAT ACT AGA CAC GTG GAG CCA GGT TTG GAT ACT GTG AAT GAT GGT GCA GAT TAT GAG CAC GAG AAC ATC ACA AAG GAT GGT CCA ATG AAC AGA CTT ACA GCA TAT GAG GAA AAG GAG GAT GAT AAG TTT GTT GCA CAA AGA TTG GAG AAG GAG CAA ACT ATC GAT GCC GAT TCG GAT AAA TCG TTG ATT TAC AAC CTA GAC GTT CCA GCC CGT GAT GAA GCA TAT TAC TAT TCG GGT GAT AAC TCG CCA GTT GGT GGT AAC AGA TAT TCT AAT CCG TCT TGG ACT TCC GGT GAA TAC TGG TAC TTT GGT ATC TGT ATG ATA AGA AGA AAC GAA ACC AGA AAG AAA AAA ATT GGT TCG CAT AAT AGA AAG CTA GAC AAA CCC AGG TTG TGT CAA GAA AGA CTA GAG CAT ACT GGT GAT AGA GAC ACA GCT GTA TCT AGA ACC GGT TGG ATA ACC CAG AAC GCC ATC CAT GTG TTA ACG ATT GAG GTG ATT ACT GTC TAT GAT CAC CAA GGA ATG AAC GAT TTG TAC ATT CTT CCA AAT TCA ACC TCT TTT GAT CAT AAG AAG TTC TTT TCC TTC TCA GAT AAA AGA GGT CTA AGA ACC AAG GAT GAT GCA CAA AGA GAT AAA CAA TTA AAG TTT GAA ACC GAG GGT CAA AGA GAT GAG CAG CCA GGT GGT ATT ACA AAG CTG GTT GGT AAG ACG ACA AAT GGC CAC GGT GCC TTC GAA AGA GTG GTT CCC AAC 
Agos                            CCC GAC GAG GAC CCG GCC AAC TGG CAG ACA CAG TTT ACG CTG TCG TTC CAT ACC CAG CGG GAG ATC GTC AAA GCT AAC GAG GCG CGT GCA TCG TGG CAG ACG CAC GAT ATG GCC TGG AGT TTT TAC CGG AAG GAC AAG AAC ATC AGA GAT TAT TCA GGA CTG TCT CAG CAA ACG GTC AAG CTT AAC GAT GAG CGC CTG CGG TTG GAC TTT GTC TAT AAC AAT ATC GAC AAG GTT GAC TCC AAG ACC ATC ACA AAG ACC GGT GTA TGG TTA CTA GAA ATC AAT GAT CGC GCG CAG TCG CGT GCG GAG ATC CAC AAG ATG AAG GAA CCG AGA ATG ATC AAG AAG CAG ACG GAT TCT TTT AGT GAC TCG TGT CAG GAG GCA AAG AAG AGA ACC AAG CGG CGC CAT GTG GTC CAA AAA ACG GGT CGT TGG CAG TAT TAC GAG AAC ACG ACA GAT ACG CGC CAT GTC GAG CCG GGG TTG GAT TCT GTC AAT GAG GGT ATG GAC TAC GCT CAC GAG AAC ATC ACT AGA GAC GGA CCA ATG AAT CGC CTG ACT GCA TAC GAA GAA AAG GAG GAC GAT AAG TTT GTC GCG CAG AGA CTG GAA AAG GAG GAG ACC ATC GAC TCG GAC GCC GAC AAG TCG TTG ATT TAC AAC TTG GAC GTA CCT TCG CGC GAC GAA GCG TAC TAC TTC GCC GGA GAT AAC GCC CCG GTA GGG GGT AAC AGA TTC GCT AAT GCG TCT TGG AGC TCA GGT GAA TAT TGG TAC TTT GGC ATC TGT ATG ATC AAC CGC AAT GAG CGG AGA AAG AAG AAA ATC GGT GCG CAT AAT CGG CTG CTA GAT AAG CCA AGA CTG TGC CAG ACG AGA CTA GAG CAG ACG GGT GAT CGC GAC ACC GCA GTG GCT CAG ACG GGC TGG ATC ACT CAA GAC GCT ATC CAT TAC CTG TGC ATC GAG TAC ATC ACG GTC TAC GAC CAC GAG GGG ATG AAC GAC TTG TAC GTG GTT CCC AAT TCG ACC AGT TTT GAG CAT AAG CTG TTT TTT TCG TTC TCG GAT AAG CGG GGG TTG CGG ACC AAG GAC GAT GCG CAG AGA GAT AAG CAG CTG AAG TAT GAG ACC GCT GGC CAG CGG GAC GAA CAG CCT GGT GGC GTG ACA AAG TTA GTG GGC AAG TGC ACG AGC GGT CAT GGT GCT TTT AGC AGA GTC GTA CCG AAT 
Klac                            CCC GAT GAA GAT CCT GCC AAC TGG CAA ACA CAA TTT TCC TTA TCC TTC CAC ACT AGT AGA GAA ATC GTC ACT GCT TCT GCG GCA AGA GCT TCT TGG CAA ACT CAT GAT AGT GCT TGG ACC TTT TAT AAA AAA GAT AAA AAC ATT AGT GAT TTC ACC GGT CTT TCT TAC CAA ACC GTA AGG ATC AAC GAT GAA AGA TTC AAG TTG GAC TTT GTG ATG AAC AAC ATC GAT AAG GTT AAT TCC AAG ACT ATT ACT AGG ACT GGC GTA TGG TTG CTA GAA ATC AAC GAT CGT GCA CAA TCT CGT GCT GAA ATT CAT AAG ATG AAG GAG CCA AGA ATG ATC AAG AAG CAA AAA GAC TCG TTT ACC GAC TCT TGT TAC GAA GCT AAG AAG AGA ACT AAA AGA CGT CAT GTA GTT CAG AGA ACC GGT AGA TGG CAA TAC TAC GAA AAC ACC ACA GAT ACT AGA CAT GTA GAA CCT GGT CTT GAT ACT GTG AAT GAA GGT AGT GAT TAT CAA CAT GAG AAC ATC ACT AGT GAT GGT CCT ATG AAT AGA TTG ACT GCT TAT GAA GAA AAA GAG GAT GAT AAA TTC GTG GCA CAG AGG TTC GAA AGG GAA GAA ACT ATC GAC GCT GAT GCT GAT AAG TCT TTG ATT TAT AAC CTA GAT GTA CCA GCT CGT GAT GAA GCA TAC TAC TTT GCT GGT GAT AAT GCT CCT GTA GGT GGT AAC AGA TTT GCA AAT GCT TCT TGG ACC ACC GGT GAA TAC TGG TAC TTC GGC ATC TGT ATG ATA AAC AGA AAT GAA AAA AGG AAG AGA AAG ATT GGT GGA CAC AAC AGA CAA CTA GAT AGA CCT AGA TTG TGT GAA TCC AGA CTA GAA TAC ACT GGT GAT AGA GAT ACT GCT GTT GCA AAG ACC GGT TGG ATA TCC CAA AAT GCT ATC CAC CAG TTA TGT ATT GAA CAG ATT ACT GTG TAT GAT CAT GAA GGT ATG AAC GAT TTG TAT ATT GTT CCA AAT TCT ACC ACC TTC GAA CAC AAG CAA TTT TTC TCC TTC TCG GAT AAA AGA GGT CTA AGA ACT AAG GAT GAT GCA CAA AGA GAT AAG CAA TTA AGG ATG GAA ACC CAA GGT CAA AGA GAT GAA CAA CCG GGT GGT ATT ACT AAG TTG GTA GGC AAG TGT ACT AAT GGC CAT GGT GCT TTT GAG AGA GTG GTA CCT AAT 
Calb                            CCA GAC GAA GAC GAT GCT TCC TGG CAA ACT GAA TTC AAG TTG TCA TTT GAC ACT AAA AGA GAA GAT GTT AAT GCT CAG ATT CCA AGA GCT AAG TGG CAA ACA GCT GAT TCA AAG TGG TCA TTT TAT CAA AAG GAT AAT AAC GTA AAA GAA TAC TCA GGT TTA TCT AAC CAA ACT ATT AAG CTT AAT GAA GAC AGA CTT AAA TTA GAC TTC GTA TAC AAC AAT ATT GAT AAA GTT AAT TCC AAA ACT ATT ACC AAG ACT GGT GTT TGG TTA TTG GAA ATT AAT ACT AAG GCT CAA AGT AGA AGC GAA ATT GCT AAA ATG AAA GAA CCA TAC ATG ATT AAA ACA AAT GCT GAT TCC TTT TCA GAC TCG TGT AAC GAA GCA AAA AAA AGA ACT AGG AGA AGA CAT GTT ATT CAA AAG ACT GGA AGA TGG AGT ACC TAC GAA AGA ACT ACT GAT ACT CGT CAT ATT GAA CCT GGT TTG GAT TTA CTG GAA GAG GGT TCA GAT TAT GAT CAC GAA AAC ATT ACC AAA GAT GGT CCC ATG AAT CGT CAA ACC GCA TTT GAA GAA AAA GAA GAT GAT GGA TTT GTA GCT CAA CGT CTT GAA AAG GAA GAA ACT ATT GAC GAG GAT AAG GAC AAA AAG TTG ATA TAC AAC TTA GAC GTT CCT GAG AAG GAC GAA GCT TAC TAC TAT AAG GGT GAC AAT AAG CCT GTT GGT GGT AAC TAC TAT GCC GAA AGC TCT TGG ACT TCA GGT GAA ACC TGG TAC TTT ACT ATC TGT ATG ATT AGA AGA AAT GAG CAA CGT AAA AAA AAA ATT GGA AAT GAC AAT AGA TAC TTG GAA AAA CCA AGA TTG TGT GAG AAG AGA TTG GAG AAC ACT GGT ACT AGA GAC ACT GCT GTT GCC CGA ACT GGA TGG ATT AGT CAA AAT GCT ATT GAC TTC TTG ACG ATT GAC TTC ATT ACA GTC TAT GCT GCT GAA GGC ATG AAC GAT TTG TAT GTT GTT CCA AAT AGT ACC TCA TTT GAG GAC AAA TAC TTC TTT TCA TTC TCT GAC AAG AGA GGT TTA AGA ACT AAA GAT GAC GCT GCT AGA GAC AAA CAA TTG AAG TAC GAG ACC GAT GGA GAA AGA GAT GAA AGT CCA GGT GGT GTT ACT AAA TTA GTT ACT AAA ACG TTG AAT GGT CAT GGT GCC TTC GCT AGA CTG GTT GAT AAT 



Printing out site pattern counts


         9        660  P

Scer                            AAA AAA AAA AAA AAA AAA AAA AAC AAC AAC AAC AAC AAC AAC AAG AAG AAG AAG AAG AAG AAG AAG AAG AAT AAT AAT AAT AAT AAT AAT AAT ACA ACA ACA ACA ACA ACA ACC ACC ACC ACT ACT ACT ACT ACT ACT ACT AGA AGA AGA AGA AGA AGA AGA AGG AGG AGG AGT ATC ATC ATG ATG ATT ATT ATT ATT ATT ATT CAA CAA CAA CAA CAA CAA CAA CAA CAA CAA CAA CAA CAC CAC CAG CAG CAG CAT CAT CAT CCA CCA CCT CCT CCT CCT CCT CCT CCT CCT CGT CGT CGT CGT CGT CTA CTA CTG CTT CTT GAA GAA GAA GAA GAA GAA GAA GAA GAA GAC GAC GAC GAC GAG GAG GAG GAT GAT GAT GAT GAT GAT GAT GAT GAT GAT GAT GCA GCA GCC GCC GCG GCT GCT GCT GCT GCT GGA GGC GGC GGG GGT GGT GGT GGT GGT GGT GGT GGT GTC GTC GTC GTC GTC GTG GTT GTT GTT GTT GTT GTT GTT GTT GTT TAC TAC TAC TAC TAC TAC TAT TAT TAT TAT TAT TAT TAT TAT TCA TCA TCA TCC TCC TCC TCC TCC TCT TCT TCT TCT TCT TCT TCT TGC TGG TGT TTA TTA TTA TTA TTA TTC TTC TTG TTG TTG TTT TTT TTT TTT TTT TTT 
Sbay                            ... ... ... ... ... ... ..G ... ... ... ... ..T ..T ..T ..A ..A ..A ... ... ... ... ... .G. ..C ..C ..C ..C ... ... ... G.. ... ... ... ... ..G ..T ... ... ..T ..A ..A ..C ..C ..C ..G ... ... ... ... ... ... ... ..G ..A ..A ..A ..C ... ..T ... ... ..C ... ... ... ... ... ... ... ... ... ... ... ... ... ... ... ..G ..G ... ... ..A ..A ..A ... ... ... ... ..T ..C ..G ... ... ... ... ... ... ..A ... ... ... ... ... ... T.. ..C ..G ... ... ... ... ... ... ... ..G ..G ... ... ... ..T ..A ..A ... ..C ..C ..C ..C ... ... ... ... ... ... ... ... ... ... ... ... ..C ... ... ... ... ... ..T ..T ..A ..A ..C ..C ... ... ... ... ... ... ... ... ... ..T ..A ..C ..C ... ... ... ... ... ... ... ... ... ... ... ... ..T ... ... ... ... ... ... ... ... ... ..T ..T ..A ... ..T ..T ..T ..A ..C ..C ... ... ... ... ..T ... ... C.. C.. C.. ... ... ... ... ..A ..A ... ..C ... ... ... ... ... 
Smik                            ... ... ... ... ... ..G ... ... ... ... ..T ... ... ..T ..A ..A ... ... ... ... ... ... ..A ..C ..C ... ... ... ... ... ... ... ... ..G ..T ... ..T ..T ..T ..T ..A ..A ... ... ... ..G ..C ... ... ... ... ... ... ... ..A ... ... ... ... ... ... ... ... ..C ... ... ... ... ... ... ... ... ... ... ... ... ... ..G ... ... ... ... ..A ..A ..A ..C ... ... ... ... ..C ... ..G ... ... ... ... ... ... ... ... ... ... ... T.. T.. ..C ..G ... ... ... ... ... ... ..G ... ... ... ... ..T ... ..A ... ... ..C ..C ... ... ... ... ... ... ... ... ... ... ... ... ..T ... ... ..C ..G ... T.. ... ... ..G ..A ..A ... ... ... ... ... ... ... ..A ... ..T ..T ... ... ... ... ..A ..C ... ... ... ... ... ... ... ... ... ..T ..T ..C ..C ..C ... ... ... ... ... ... ... ..T ..A ..T ... ... ... ..G ..C ... ... ... ... ... ..T ... ... C.. C.. ... ... ..G ... ... C.T ..A ..A ... ... ... ... ... ... 
Spar                            ... ... ... ... ... ... ..G ... ... ... ... ... ... ..T ... ... ... ..A ... ... ... ... ... ..C ..C ... ... ..C ... ... ..C ... ... ... ... ... ..C ... ..T ..T ..A ..C ... ... ... ..G ... ... ... ... ... ... ... ... ..A ... ... ..C ... ... ... ... ... ... ..C ... ... ... ... ... ... ... ... ... ... ... ... ..G ... ... ... ... ..A ... ... ... ..C ... ... ... ..C ... ..C ... ... ... ... ... ... ... ... ... ... ... ... T.. ... ... ... ... ... ... ... ..G ... ... ..G ... ... ... ... ... ... ... ..C ..C ..C ... ... ... ... ... ... ... ... ... ... ... ... ... ... ... ... ... ... ... ... ... ... ..G ... ... ... ... ... ... ... ... ... ... ... ... ... ... ... ... ... ... ... ... ... ... ... ... ... ... ... ..T ... ... ... ..C ..C ..C ... ... ... ... ..T ..A ... ... ..T ..T ..A G.C ... ... ... ... ... ... ... ... C.. ... ..G ... ..G ... ... ... ... ..A ... ... ... ... ... ... 
Ncas                            ... ... ... ... ..G ... ..G ... ..T ..T ..T ... ..T ..T ..A ..A ... ... ..A ..A ..A ... ..A ... ... ... ... ... ..C ... TC. ... ..T ..T ..T ..T T.. ... ..G ..T ..C ... ..A ..A ..C ... ... ... ... ... ... ... ..G .AG ..A ..A ..A ... ..T ..T ... ... ... ... ... ..C ... G.C ... ... ... ... ... ... ..G ..G G.. ... ... ... ... ..T ..A ..A G.A ..C G.C ... ... ..T ..A ... ..A ..A ..A ..A ... ... ... A.A ... ... ... T.. T.. ..T T.A T.A ... ... ... ... ..G ... ... ... ... ... ..T ..T ... ..A ..A ..A ..C ... ... ... C.C ..C ..C ... ... ... ... A.C ..C ..G ... ..C T.. ... ... ... T.A .A. ..T ..T ..T ... ... ... ..G ..G ... ... ... ..T ..T A.. ..T ..G ACC ... ... ... ... C.C ..A ..C ..C ... ... ... ..T ..T ... ..T ..C ..C .TC ..C .TC .TC ... ... ... ... ... ..T ..T CAT ... ..T GG. G.A A.. CAA ..A ... ... ..T ... ... C.. C.G ..G ..G ... ... ..T C.. C.A ..A ..C .A. ..C ... ... ... 
Cgla                            ... ..G ..G .G. ... ... ... ... ... ... ... ..T ..T ... ..A ... ... ... ... ... ... ... ..A ..C ... ..C ..C ..C ... ..C TCG ... ..C ..C ..C ..T ..T ... ..A ..T ... ..A ..C .G. ..C ..A ..A ... ... ... ... ... ..G .AG ..A ..A ..A GAA ..T ..T ... ... ..C ... ..C ..C ..A ... ... ... ... ... ... ... ... ..G ... ... A.G ..G ... ..T ..A ... AT. ..C G.C ..C ... ... ..A ..C ..A ..A ..C ..G ..A ..A AAG A.G A.A ... ... T.. T.. T.. T.G ..A ... ..G ..G ..G ... ..G ... ..G ..G ..T ..G ... ..T AGC ..T ... ... ..C ... ... C.. ... ... ... ... ... ... ..T ..T ... ..T ..A A.. ..C ..C ..A T.G .AG ..A ..T ..C ... ... ... ... ... ... ... ... ..T ACG ... ..T ..T C.T A.. ..G ... ..C ACC ..G ..A ... A.. ... ... ... ... ..T .TT ..C ... .T. C.. ... ... ... ... ..C ... ..T ..T ... G.A ..T ..A GAA ..G AG. AAC ... ... ... ..T ... ... C.. ..G ..G C.T ... ..T ... ... C.. C.A ..C G.G ..C ..C ... ... 
Agos                            ..G ..G ..G C.G ..G ..G ... ... ... ... ... ..T ..T G.. ... ... ... ... ... ... CG. ... ..A ... .GC ... ... ... ... ..C GCG ..T ..T CGG ..G ..G .GC ... ... ..G ..C ..C ..C .AA ..A ..G ..A .AC ... ... C.G C.T ... .AG C.C ..A C.C ..C ... ... ... C.T ..C ... ..C ..C ..C ..C ... ... ..G ..G ..G G.G ..G ..G ..G ..G .TG ..G ... ..T ... ..A AC. ..C G.. ... ..C ... ..G ..G ... ... ..A G.G ..C ..G A.A ... ... ..C ..C T.G ..G ... T.G ..G ..G ... ... ..G ... ..G ... ..G ..G ... .CT ... ... ... ... ..A ..C ..C ..C ..C C.G ... ... ..C ..C ... ... ..G ... ..T ... ... T.. ... T.G ..A T.G .AG ..G ... ..T ..C ..A ..G ..C ... ..G ... ... ..T TG. A.. ..G ... ..T ..G ..C ..C ..C ACG ..C ..G ..A ..C ... ... ... ..T ... ..T ..C ..C ... C.G ..C .TC ..C ..C ... ..G ..T ..G ..G ATG ... ..G A.G G.C A.A AAC G.. AG. ... ... ... ... ..G ..G C.G C.G C.G ..T ..T C.. ..A C.A ..C .AC ..C ... ... ... 
Klac                            ... ..G ..G ..G .G. ... ..G ... ... ... ..T ..T ..T ..T ... .G. ... ... ..A ..A ... ... .GA ... ... ..C ... ... ..C ..C GGA ..T T.C .A. ..C ..T ..C ..T ..T ..T ... ... ..C ... ... ... ... .AC ... ... ... ... ... .A. ..A ... ..A GAG ..T ..T ... ..C ..C ... ..C ..C ..A ... ... ..G ... ... ..G G.. ... ... G.. ... ... ... ..T ... ..A ..A A.A ... G.. ... ... ..T ..A ... ..G ..A ... G.. ..C ... A.. A.A ... ... ... T.G T.. T.C ... ... ... ... ..G ... ... ... ... ..G ... ... C.A ..T ..T .C. ..A ..A ... ... ... ... AG. ..C ... ... ... ... ... ... ..T ..T ... ..A A.. ... ... ... T.. .A. ..T ..T ..C ... ... ... ..C ... ... ... ... ..T TGT A.. ..A ..G ..T A.. ..A ..C ..G ACC ..G ... ..A ... ..T ..T ... ... ..T ATG ..C ..C .TC ..C ... .T. ... ... A.C ..G ..G ..T ... AGT ... ..T ..C G.. A.A ... G.A A.C ... ..T ... ... C.. ..G ..G ..G ... ... ..T ..A ... C.A ..C CAG ..C ... ..C ... 
Calb                            ..G ... .C. CG. ... .GG ... ... ... ..T ..T G.A ..T ..T ..A ... ..A ..A ..A ..T ..A ..A ... ... ... ... ... ... ... TCC ... ..C .GT CA. ..T ... ..T ..T ..T ..T ... ... ..C .A. ..C TTG ... ... ... TAC ... ... ... G.. ..A C.T C.T GC. ..T ..T ... C.T ... ..A ... ..C ... G.A ... ... ... GCT ... G.. A.T ... G.G G.. T.C AGT GCT G.. G.A ..A GCT ..C G.A ... ... ..C ..A GA. ..A ... ..A AGC ..A ... AAA A.A A.A AAG A.A T.. T.G ..T T.G T.A ..G ... ... ... ... ..G ... ... ... ... ..T ... ..T ATT ... ..A ... ..C ... .C. A.A ... ..C ..C ... AC. ... C.. ..T ... ..T ..T TTA ... .AG ..A AAG .AC ... ..A ..T ... ... ... AC. ... ... ..A ... ..T ACG .AT ..T ..A ..T ... A.. ... ..C AC. C.G ... ... A.. ... ..T ... AC. ..T ... ..C ..C ..C A.C ... ... ... .T. ... ..T ..C ..G ..A ..A ... AGT AAG AAG A.. CAG G.C ..A ... ..T ... ... ... ..G ..G CA. ..G ..T ..T ... ..A ... ..C ..C ... ..C ... ... 

    2    2    1    1    2    1    1    5    1    1    1    2    1    2    3
    4    2    1    1    1    1    6    1    1    1    1    1    1    2    1
    1    2    1    2    1    2    1    1    1    2    1    4    2    1    1
    1    1    2    3    2    6    1    2    1    3    2    2    1    4    1
    5    1    3    1    3    1    2    1    1    1    2    1    1    2    1
    2    1    1    2    2    3    4    1    1    1    1    3    3    1    1
    1    2    1    1    1    2    1    2    2    1    1    2    1    1    1
    2    1    1    2    1    1    5    1    1    3    2    2    3    2    1
    1    1    2    2    1    1    2    1    1    1    4    4    5    2    4
    1    2    1    1    4    1    2    2    2    2    2    1    2    2    1
    3    2    2    2    1    2    4    1    2    1    2    2    1    2    2
    1    1    3    2    1    4    1    1    1    1    2    1    2    1    2
    1    3    1    2    1    1    2    1    1    1    2    2    1    2    2
    4    2    1    2    3    2    1    8    2    2    2    1    1    1    3
    1    1    2    3    1    2    1    4    1    1

CODONML (in paml version 4.9j, February 2020)  temp.nuc
Model: One dN/dS ratio, 
Codon frequency model: Fequal
ns =   9  ls = 393

Codon usage in sequences
--------------------------------------------------------------------------------------------------------------------------------------
Phe TTT  10   9  10  10   7   8 | Ser TCT  16  15  15  14  12  10 | Tyr TAT  12  14  11   8   9   8 | Cys TGT   2   3   3   2   3   3
    TTC   4   5   4   4   9   7 |     TCC   8   8   9   4   1   4 |     TAC   8   6   9  12   9   6 |     TGC   1   0   0   1   0   0
Leu TTA   7   5   8   6   8   3 |     TCA   4   5   4   6   9   3 | *** TAA   0   0   0   0   0   0 | *** TGA   0   0   0   0   0   0
    TTG   6   5   3   7   2   7 |     TCG   0   0   2   0   0   7 |     TAG   0   0   0   0   0   0 | Trp TGG   8   8   8   8   8   8
--------------------------------------------------------------------------------------------------------------------------------------
Leu CTT   2   0   1   2   2   2 | Pro CCT  11   9   9   9   6   0 | His CAT   7   7   6   4   9   8 | Arg CGT   7   5   7   7   6   3
    CTC   0   1   1   0   3   0 |     CCC   0   1   1   2   0   3 |     CAC   7   7   8  10   5   7 |     CGC   0   0   0   0   0   0
    CTA   2   7   5   4   4   6 |     CCA   2   1   2   2   7   8 | Gln CAA  17  16  19  17  16  12 |     CGA   0   2   0   0   0   0
    CTG   2   1   1   0   3   2 |     CCG   0   2   1   0   0   2 |     CAG   3   4   1   3   3   5 |     CGG   0   0   0   0   0   0
--------------------------------------------------------------------------------------------------------------------------------------
Ile ATT  11   9  10   8  14  10 | Thr ACT  11   4  10   8  16   7 | Asn AAT   9   9  10   7  12   6 | Ser AGT   1   0   1   0   1   3
    ATC   5   7   6   8   2   7 |     ACC   4   6   1   6   5  11 |     AAC  13  12  12  15   9  16 |     AGC   0   1   0   1   0   1
    ATA   0   0   0   0   0   2 |     ACA   9  11  10   9   5   9 | Lys AAA  10  18  17  10  18  10 | Arg AGA  17  23  20  20  22  23
Met ATG   6   6   6   6   6   7 |     ACG   0   3   3   1   1   2 |     AAG  20  11  13  20  13  24 |     AGG   7   2   4   4   2   3
--------------------------------------------------------------------------------------------------------------------------------------
Val GTT  17  15  18  17  12  10 | Ala GCT   9   8   4   9   6   4 | Asp GAT  26  23  25  22  22  30 | Gly GGT  17  14  16  16  20  19
    GTC   8  10   5   8   6   2 |     GCC   2   3   3   6   7   5 |     GAC   7  11   8  11  13   5 |     GGC   3   5   1   3   0   2
    GTA   0   1   2   0   2   1 |     GCA   3   3   3   3   4   8 | Glu GAA  18  17  16  15  26   9 |     GGA   2   5   5   2   0   1
    GTG   1   0   1   1   2   6 |     GCG   4   4   6   4   1   0 |     GAG   5   6   7   8   1  18 |     GGG   2   0   2   3   4   0
--------------------------------------------------------------------------------------------------------------------------------------

--------------------------------------------------------------------------------------
Phe TTT  10   8   8 | Ser TCT   4   8   3 | Tyr TAT   5   6   6 | Cys TGT   2   5   3
    TTC   4   9   7 |     TCC   1   6   3 |     TAC  12   9  12 |     TGC   3   0   0
Leu TTA   2   3   7 |     TCA   2   0   9 | *** TAA   0   0   0 | *** TGA   0   0   0
    TTG   6   7  11 |     TCG  10   2   1 |     TAG   0   0   0 | Trp TGG   8   8   8
--------------------------------------------------------------------------------------
Leu CTT   1   2   3 | Pro CCT   2   6   3 | His CAT   7   7   3 | Arg CGT   3   4   4
    CTC   0   0   0 |     CCC   2   1   1 |     CAC   4   4   1 |     CGC   8   0   0
    CTA   3   5   0 |     CCA   2   3   6 | Gln CAA   3  16  11 |     CGA   0   0   1
    CTG  10   0   2 |     CCG   5   1   0 |     CAG  17   4   1 |     CGG   9   0   0
--------------------------------------------------------------------------------------
Ile ATT   1   9  17 | Thr ACT   3  18  21 | Asn AAT   9  10  16 | Ser AGT   3   5   5
    ATC  16   9   1 |     ACC   9  12   7 |     AAC  12  13   9 |     AGC   3   0   2
    ATA   0   2   1 |     ACA   4   2   3 | Lys AAA   3   9  22 | Arg AGA  11  23  20
Met ATG   7   7   5 |     ACG  12   0   2 |     AAG  27  18  17 |     AGG   0   6   1
--------------------------------------------------------------------------------------
Val GTT   2   4  12 | Ala GCT   7  15  16 | Asp GAT  14  29  19 | Gly GGT  10  18  15
    GTC   9   1   1 |     GCC   5   1   3 |     GAC  21   4  19 |     GGC   5   4   1
    GTA   4   8   3 |     GCA   4   7   2 | Glu GAA   8  24  26 |     GGA   3   1   5
    GTG   5   5   0 |     GCG   8   1   0 |     GAG  19   4   8 |     GGG   4   0   0
--------------------------------------------------------------------------------------

Codon position x base (3x4) table for each sequence.

#1: Scer           
position  1:    T:0.21883    C:0.15267    A:0.31298    G:0.31552
position  2:    T:0.20611    C:0.21120    A:0.41221    G:0.17048
position  3:    T:0.42748    C:0.17812    A:0.23155    G:0.16285
Average         T:0.28414    C:0.18066    A:0.31891    G:0.21628

#2: Sbay           
position  1:    T:0.21120    C:0.16031    A:0.31043    G:0.31807
position  2:    T:0.20611    C:0.21120    A:0.40967    G:0.17303
position  3:    T:0.36641    C:0.21120    A:0.29008    G:0.13232
Average         T:0.26124    C:0.19423    A:0.33673    G:0.20780

#3: Smik           
position  1:    T:0.21883    C:0.15776    A:0.31298    G:0.31043
position  2:    T:0.20611    C:0.21120    A:0.41221    G:0.17048
position  3:    T:0.39695    C:0.17303    A:0.28244    G:0.14758
Average         T:0.27396    C:0.18066    A:0.33588    G:0.20950

#4: Spar           
position  1:    T:0.20865    C:0.15267    A:0.31298    G:0.32570
position  2:    T:0.20611    C:0.21120    A:0.41221    G:0.17048
position  3:    T:0.36387    C:0.23155    A:0.23919    G:0.16539
Average         T:0.25954    C:0.19847    A:0.32146    G:0.22053

#5: Ncas           
position  1:    T:0.19593    C:0.16285    A:0.32061    G:0.32061
position  2:    T:0.20865    C:0.20356    A:0.41985    G:0.16794
position  3:    T:0.39949    C:0.17557    A:0.30789    G:0.11705
Average         T:0.26802    C:0.18066    A:0.34945    G:0.20187

#6: Cgla           
position  1:    T:0.18830    C:0.14758    A:0.35878    G:0.30534
position  2:    T:0.20356    C:0.21120    A:0.41730    G:0.16794
position  3:    T:0.33333    C:0.19338    A:0.24173    G:0.23155
Average         T:0.24173    C:0.18405    A:0.33927    G:0.23494

#7: Agos           
position  1:    T:0.17557    C:0.19338    A:0.30534    G:0.32570
position  2:    T:0.20356    C:0.20356    A:0.40967    G:0.18321
position  3:    T:0.21120    C:0.29008    A:0.12468    G:0.37405
Average         T:0.19678    C:0.22901    A:0.27990    G:0.29432

#8: Klac           
position  1:    T:0.18066    C:0.13486    A:0.36387    G:0.32061
position  2:    T:0.20102    C:0.21120    A:0.39949    G:0.18830
position  3:    T:0.39186    C:0.18575    A:0.26209    G:0.16031
Average         T:0.25785    C:0.17727    A:0.34182    G:0.22307

#9: Calb           
position  1:    T:0.19847    C:0.09160    A:0.37913    G:0.33079
position  2:    T:0.19847    C:0.20356    A:0.43257    G:0.16539
position  3:    T:0.39186    C:0.17048    A:0.29517    G:0.14249
Average         T:0.26293    C:0.15522    A:0.36896    G:0.21289

Sums of codon usage counts
------------------------------------------------------------------------------
Phe F TTT      80 | Ser S TCT      97 | Tyr Y TAT      79 | Cys C TGT      26
      TTC      53 |       TCC      44 |       TAC      83 |       TGC       5
Leu L TTA      49 |       TCA      42 | *** * TAA       0 | *** * TGA       0
      TTG      54 |       TCG      22 |       TAG       0 | Trp W TGG      72
------------------------------------------------------------------------------
Leu L CTT      15 | Pro P CCT      55 | His H CAT      58 | Arg R CGT      46
      CTC       5 |       CCC      11 |       CAC      53 |       CGC       8
      CTA      36 |       CCA      33 | Gln Q CAA     127 |       CGA       3
      CTG      21 |       CCG      11 |       CAG      41 |       CGG       9
------------------------------------------------------------------------------
Ile I ATT      89 | Thr T ACT      98 | Asn N AAT      88 | Ser S AGT      19
      ATC      61 |       ACC      61 |       AAC     111 |       AGC       8
      ATA       5 |       ACA      62 | Lys K AAA     117 | Arg R AGA     179
Met M ATG      56 |       ACG      24 |       AAG     163 |       AGG      29
------------------------------------------------------------------------------
Val V GTT     107 | Ala A GCT      78 | Asp D GAT     210 | Gly G GGT     145
      GTC      50 |       GCC      35 |       GAC      99 |       GGC      24
      GTA      21 |       GCA      37 | Glu E GAA     159 |       GGA      24
      GTG      21 |       GCG      28 |       GAG      76 |       GGG      15
------------------------------------------------------------------------------


Codon position x base (3x4) table, overall

position  1:    T:0.19960    C:0.15041    A:0.33079    G:0.31920
position  2:    T:0.20441    C:0.20865    A:0.41391    G:0.17303
position  3:    T:0.36472    C:0.20102    A:0.25276    G:0.18151
Average         T:0.25624    C:0.18669    A:0.33249    G:0.22458

Codon frequencies under model, for use in evolver (TTT TTC TTA TTG ... GGG):
  0.01639344  0.01639344  0.01639344  0.01639344
  0.01639344  0.01639344  0.01639344  0.01639344
  0.01639344  0.01639344  0.00000000  0.00000000
  0.01639344  0.01639344  0.00000000  0.01639344
  0.01639344  0.01639344  0.01639344  0.01639344
  0.01639344  0.01639344  0.01639344  0.01639344
  0.01639344  0.01639344  0.01639344  0.01639344
  0.01639344  0.01639344  0.01639344  0.01639344
  0.01639344  0.01639344  0.01639344  0.01639344
  0.01639344  0.01639344  0.01639344  0.01639344
  0.01639344  0.01639344  0.01639344  0.01639344
  0.01639344  0.01639344  0.01639344  0.01639344
  0.01639344  0.01639344  0.01639344  0.01639344
  0.01639344  0.01639344  0.01639344  0.01639344
  0.01639344  0.01639344  0.01639344  0.01639344
  0.01639344  0.01639344  0.01639344  0.01639344


TREE #  1:  (((((1, 4), (3, 2)), 5), 6), ((7, 8), 9));   MP score: 1063
This is a rooted tree.  Please check!
lnL(ntime: 16  np: 18):  -5950.937932      +0.000000
  10..11   11..12   12..13   13..14   14..1    14..4    13..15   15..3    15..2    12..5    11..6    10..16   16..17   17..7    17..8    16..9  
 0.050658 0.187559 0.478019 0.071164 0.129248 0.102530 0.004486 0.154837 0.248195 0.504422 0.708588 0.057338 0.249793 1.297066 0.560629 2.657968 1.962487 0.052033

Note: Branch length is defined as number of nucleotide substitutions per codon (not per neucleotide site).

tree length =  7.462498

(((((1: 0.129248, 4: 0.102530): 0.071164, (3: 0.154837, 2: 0.248195): 0.004486): 0.478019, 5: 0.504422): 0.187559, 6: 0.708588): 0.050658, ((7: 1.297066, 8: 0.560629): 0.249793, 9: 2.657968): 0.057338);

(((((Scer: 0.129248, Spar: 0.102530): 0.071164, (Smik: 0.154837, Sbay: 0.248195): 0.004486): 0.478019, Ncas: 0.504422): 0.187559, Cgla: 0.708588): 0.050658, ((Agos: 1.297066, Klac: 0.560629): 0.249793, Calb: 2.657968): 0.057338);

Detailed output identifying parameters

kappa (ts/tv) =  1.96249

omega (dN/dS) =  0.05203

dN & dS for each branch

 branch          t       N       S   dN/dS      dN      dS  N*dN  S*dS

  10..11     0.051   851.5   327.5  0.0520  0.0028  0.0536   2.4  17.5
  11..12     0.188   851.5   327.5  0.0520  0.0103  0.1983   8.8  64.9
  12..13     0.478   851.5   327.5  0.0520  0.0263  0.5053  22.4 165.5
  13..14     0.071   851.5   327.5  0.0520  0.0039  0.0752   3.3  24.6
  14..1      0.129   851.5   327.5  0.0520  0.0071  0.1366   6.1  44.7
  14..4      0.103   851.5   327.5  0.0520  0.0056  0.1084   4.8  35.5
  13..15     0.004   851.5   327.5  0.0520  0.0002  0.0047   0.2   1.6
  15..3      0.155   851.5   327.5  0.0520  0.0085  0.1637   7.3  53.6
  15..2      0.248   851.5   327.5  0.0520  0.0137  0.2624  11.6  85.9
  12..5      0.504   851.5   327.5  0.0520  0.0277  0.5332  23.6 174.6
  11..6      0.709   851.5   327.5  0.0520  0.0390  0.7491  33.2 245.3
  10..16     0.057   851.5   327.5  0.0520  0.0032  0.0606   2.7  19.8
  16..17     0.250   851.5   327.5  0.0520  0.0137  0.2641  11.7  86.5
  17..7      1.297   851.5   327.5  0.0520  0.0713  1.3712  60.8 449.0
  17..8      0.561   851.5   327.5  0.0520  0.0308  0.5927  26.3 194.1
  16..9      2.658   851.5   327.5  0.0520  0.1462  2.8098 124.5 920.1

tree length for dN:       0.4105
tree length for dS:       7.8888


Time used:  0:09
