      9   1179

Scer                            AAC GGG TCA ACA GAA TGG GAC TCC GTT GAC TAC GTA GAC CCA TAT TGG GAA TTC ACC CAA GAT TGT TTC AAA GAT GGT CGT ACC GAT CCA GGG CTT AAG GAA CAA TGG ACC AAA TAT GCA GAG TAT AGA AAT TTT CAA GTA AGT CAA GGT AAA CTG TCT TTG AAA GAT CAA AAG AAC CCC GGT TTG GAA AAA CTA CTG AGA CCC CTA TGT CAG CTA AAG CCT ACG TCG AAA AGA ATT TAT TCT AAA GGG AAA GGT TTC TTA GAC GGT GCA AAC ATC AAA TCT TAT ATC GGT GTT GAA GGC GAC CAG CTA GAT TGG ATT CAT TTC TCT TCC GTG CCT CCA AAG GGT AAA TAT GTT AAA TTT ATT CGT TGG ATG GAG AGG CAA ACC TGT GAA GGT GAC TAT AAG CCA ACC TTG CAA GGT CTC TGT TAT ATG TTG GCT AGT CGA TTA GCA CCT AGG CGT CTG ACC GAG GTG AAG TAC GGC GGT CAA GCC AAG CTG TCC GTA CTT GAC TGT ATG TAT TCA GGT GCA GTG GAA AAA ATA ACT ATG GTG GCT AAA GTT TTA CTA GTT TCG AAG TTA TTG CCA ATT TGT TCC TTG TTG CCG GGC GAC TCT GAT AAA AGA AAA GTG TGG GCC AAA ACA TTG GAC ACC ACT CGA TTA CAG GAG AGA GAT GAA TCG AAT AGA TAT TAC TGG CCC AAT TGT CCA ACA ATA ACC GAT AGG TCC CTT CAC AGT GAT TTG AAG TTT CCT GAG GTA GTG GTG TCT CCA GAC GAC TTG CGA ATG GAG CAT TGG TTT GGG AAG AAG GAT GAC TTT TCT TCT AGA TAC TAT AAT TCT AAT TTT TAT TAT ACA AAG CCC CAA TAT GAT ACC GAG AAG TCT GTA ACA ACT GAA CCT GCA GAG GGT AAA CAA GAC AAG GGC AAG CCA TTA TTC AAG AAG TTT GTA GAG TCG CAA AAG AAT CCA CTT AAC GTA CAA TTA CGT GGT GAC GGC GAC TTG CTA CTA TAT ATG GAG GGG TCC GTT CAT GCG GAC ACT TCC TAT CGT GGC AGG GCT ACC TTT TTC AAG GTT GGT GAT ACC GTG CAT GAC CAG AGG CCT GCG AAA ATA GGT ACA GAG GAA AGG ACC TCT TTA GGT GCT TTC GGA GCC TAT AAG AAG GGC TAT GCA GAG CTT GCA GAT AGA GTT ACC CAA GGT GGG AGG GAG ATT GGT 
Sbay                            AAT GGT TCG TGG GAG TGG GAG TCT GTT GAC TAC TTC AGA CCA TAC TGG GAG TTC ACT CAA GAT TGT TTC AAA GAC GGT CGT ACC GAT CCA GGG CTT AAG GAA CAA TGG ACG AAA TAT GCA CGT TAT AGA AAT TTC CAA GTG AGC CAA CCT AAA CTG TCC CTA CTA GAC CAG AAA AAC GAT GGT TTG GAA CTA TTG TTG AGA GAT TTG TGT GAC CTA GTC CCC ACA TCG AAA GCT ATT TAT AGG AAA GGG TAT GGC TTT CTA CAT GGT GCA GAT CTA AAA GCT TAC GTT GGT GTT GAA GGC GAA GCA CTA GAT TGG ATC CAC TTC AGG TCC GTG CCA CCA AAA GGT AAA TAT GTC AAA TTT ATT CGT TGG ATG GAG AGG GTA ACT TGC GAA GGC AAC TAT AAG CCA ATG TGG CAA GGT CTC TGT TAC ATG ATC GCT AGC CGA CTA GCC CCT AGG CGT TTA ACC AAG ATT GTC TAC AAC GGT GTA GCC AAA CTG TCG TTC TTG AAG TGC TTA TAC GCG GGT GCC TTA GAA AAA ATA ACT TTA TTA ATA ATT GTC CAA CTA GTC TCG AAG CAA TGG CCA ATT TGT TCG CTA TGG CCG GCA TCC TCT GAT AAA AGA AAA ATT TGG GCT AAA ACC TTG GAC CGT ACC CGA CTA CCT GAG AGA GAT GAA TCA AAT AGG TAT TAC TGG CCC AAT TGT CCA ACG ATA ACC GAT AGG GAT CTT GCC AGT GAT CTA CGT TTT GTT GAG TTC TTA TTA GAT CCA GAG GAC CTA CGA ATG AAG CAC TGG GAA GGG AAA AAG GAC GAC TTT TCT ACC AGA TAC TAC AAC AGG AAC GAA TAC TAT TGG AAA GAT GAG TAT GAT ACG AAG AAG GCT GTA ACA ACC GAA CCT GCT CGT GGC AAA CAA GAG CGT GCT AAG CCA CTA TTC CGT AAG TTC GTA GAG CAC CAG CGT AAC CCA CTT GAT TTC CAG TTG CGT GGT GTC GGC AGA GGG CTA CTA TAC ATG CGT GGT TCC GTC CAT GCA GAG TCC GAT TAC AGA AAC AGG ATA ACT TTT TTT AAG TCC GGC GAT CGT GTG CAT GTC CCT AGG CCC GAA AAA ATA GGT TGG AAG GAA AGG ACT TCT CTA GGT ATA TTT GGT GCT TAC AAA AAG AAC TAC GCC GAG CTT GCA GAC AGA GTC ACT CAA GGT GGG GTT GAG ATC GGT 
Smik                            AAT GGT TCC TGG GAA TGG GAT TCC GTT GAC TAT GTT AGA CCA TAC TGG GAA TTC ACT CAA GAT TGT TTC AAA GAT GGT CGT ACT GAT CCG GGA CTT AAG GAG CAA TGG ACC AAA TAT GCC CGT TAT AGA AAC TTC CAA GTA AGC CAG CCT AAA CTA TCT TTA CTA GAC CAA AAG AAC GAT GGT TTG GAA CTA TTG TTG AGA GAT TTG TGT GAC TTG ATT CCT ACG TCA AAA GCT ATT TAT AAG AAA GGG TAT GGT TTT TTA CAT GGT GCA GAC CTT AAA GCT TAT GTT GGT GTT GAA GGT GAA GCG TTG GAT TGG ATT CAT TTT AAG TCT GTG CCA CCA AAG GGT AAA TAT GTA AAA TTT ATT CGT TGG ATG GAG AGG GTA ACT TGT GAG GGC AAC TAT AAG CCT ATG TGG CAA GGC CTC TGT TAT ATG ATT GCT AGT CGA CTA GCC CCT AGA CGT CTA ACT AAG ATA ATT TAC AAC GGC GTA GCC AAA CTA TCA GTT CTA AAA TGT CTA TAT GCA GGT GCC TTA GAA AAA ATA ACC CTA TTA ATA ATT GTA CAG CTA GTA TCA AAG CAG TGG CCG ATT TGT TCA TTA TGG CCA GCA TCC TCC GAT AAG AGA AAA ATA TGG GCC AAA ACT TTG GAC CGC ACT CGA TTA CCC GAG AGA GAC GAA TCG AAT AGA TAC TAT TGG CCC AAT TGT CCG ACA ATA ACT GAT AGA GAT CTT GCG AGT GAT TTA CGT TTT GTT GAG GTT TTA TTA GAT CCG GAT GAT TTA CGA ATG AAG CAC TGG GAA GGT AAA AAG GAC GAC TTT TCC ACC AGA TAT TAT AAC AAG AAT GAA TAT TAT TGG AAA GAT GAG TAT GAT ACC AAG AAG GCT GTA ACA ACT GAA CCT GCA CGT GGC AAA CAA GAT CGT GCT AAG CCA TTA TTC CGT AAG TTC GTA GAG CAT CAA CGT AAC CCA CTT GAC GTT CAA TTG CGT GGC GTC GGT AGA GGT TTA TTA TAT ATG CGT GGT TCT GTT CAT GCA GAT TCC GAT TAT AGG AAC AGA ATA ACT TTT TTC AAG TCC GGT GAT CGC GTG CAT GTC CCC AGA CCT GAA AAA ATA GGT TGG AAG GAA AGG ACT TCT CTA GGT ATA TTT GGT GCA TAT AAA AAG AAC TAC GCC GAG CTT GCC GAT AGA GTT ACT CAA GGC GGA GTT GAG ATT GGT 
Spar                            AAC GGG TCG ACG GAA TGG GAC TCC GTT GAC TAC TTT GAC CCC TAC TGG GAG TTT ACT CAA GAT TGT TTC AAA GAT GGT CGT ACT GAT CCA GGG CTC AAG GAA CAA TGG ACC AAG TAT GCA GAG TAT AGA AAT TTC CAA GTA AGC CAA GGC AAA TTG TCC TTG AAG GAT CAA AAG AAC CCC GGT TTA GAA AAG TTG CTG AGA CCC TTG TGT CAG CTA AAG CCC ACG TCG AAA AGA ATT TAT TCC AAA GGG AAA GGT TTT TTA GAT GGT GCA AAC ATT AAA TCT TAT ATC GGT GTT GAA GGT GAC CAG CTA GAT TGG ATC CAT TTC TCC TCT GTG CCT CCC AAG GGT AAA TAT GTT AAA TTT ATT CGT TGG ATG GAA AGA CAA ACT TGC GAA GGT GAC TAC AAA CCA ACC TTG CAA GGT CTC TGT TAT ATG CTA GCC AGT CGA TTG GCG CCT AGA CGT CTG ACT GAG GTG AAG TAC GGC GGT CAA GCA AAA TTG TCG TTT CTT GAC TGC ATG TAT TCC GGC GCG GTA GAA AAA ATA ACT ATG GTA GCG AAA GTT TTG CTA GTT TCG AAG TTG TTG CCA ATT TGT TCG TTG TTG CCG GGC GAC TCT GAT AAA AGA AAA GTG TGG GCC AAA ACA TTG GAC ACG ACT CGA TTA CAG GAA AGA GAC GAG TCG AAT AGG TAC TAT TGG CCC AAT TGT CCA ACA ATA ACT GAC AGG TCC CTT CAC AGT GAT TTG AAG TTT CCC GAG TTT GTA GTA TCT CCA GAC GAC TTG CGA ATG GAG CAC TGG TTT GGA AAA AAG GAT GAC TTT TCT TCT AGA TAC TAT AAC TCC AAT TTT TAT TAT ACG AAG CCC CAA TAT GAT ACC GAG AAG TCT GTA ACA ACT GAA CCT GCA GAG GGC AAG CAA GAC AAG GGT AAA CCC TTA TTC AAG AAG TTT GTA GAG TCG CAA AAG AAC CCA CTC AAC TTT CAA TTA CGT GGT GAC GGT GAC TTG CTA CTA TAT ATG GAG GGG TCT GTT CAT GCA GAC ACA TCC TAT CGT GGC AGA GCG ACT TTT TTC AAG GTA GGT GAT ACG GTG CAT GAC CAG AGA CCC GCG AAA ATA GGT ACG GAG GAG AGA ACT TCT TTG GGT GCG TTC GGA GCT TAT AAA AAG GGC TAC GCG GAG CTT GCA GAT AGA GTT ACT CAA GGT GGG AGG GAG ATC GGT 
Ncas                            AAT GGT TCT ACA GAA TGG GAA TCT GTC GAT TAT GTG GAC CCT TAT TGG GAA TTT ACT CAA GAT TGT TTC AAG GAT GGT CGT ACG GAC CCT GGG TTA AAG GAA CAA TGG AGT AAA TAT GCT GAG TAT AGA AAT TTC CAA GTA AGT CAG GGT AAA TTA TCG CTA AAG GAT CAA AAA AAC CCA GGT CTC GAG AAG CTG TTA AGG CCA CTG TGT CAA CTG AAA CCC ACG TCA AAA AGA ATA TAT TCA AAA GGT AAA GGT TTC TTG GAT GGG GCA AAT ATT AAG TCC TAT ATC GGT GTC GAA GGT GAC CAA CTG GAT TGG ATC CAT TTC TCA TCA GTG CCA CCT AAA GGT AAG TAT GTC AAG TTC ATA CGT TGG ATG GAA AGA CAA ACT TGC GAA GGT GAC TAT AAG GCT ACC CTG CAA GGA CTC TGT TAC ATG TTA GCT AGT CGA TTA GCT CCA TAC CGT TTG TCT GAA GTG AAA TAT GGT GGA CAA GCT AAG TTA TCT GTG CTT GAT TGC ATG TAC TCT GGG GCT GTT GTT AAG ATC ACA ATG GTT CCA AAG GTC TTA CTA GTC TCA AAA TTA CTG CCT ATA TGT TCT CTA CTG CCA GGT GAT TCT GAT AAA AGG AAG GTG TGG GCA AAA ACA TTG GAT ACG ACT CGA TTA CAA GAA AGA GAT GAA TCC AAA AGA TAC TAT TGG CCA AAT TGC CCA ACT ATC ACC GAT AGA TCC CTC TAT AGT GAC CTA AAG TTC CCT GAA GTG GTT GTT TCT CCT GAA GAT CTA CGA ATG GAA TTT TGG TTT GGG AAG AAA GAT GAC TTT TCT TCT AGG TAT TAC AAG TCA AAT TTT TAC TAT ACA AAA CCA CAA TAT GAT AGT GAA AAA TCC ATT ACT ACT GAA CCA GCA GAG GGT AAA GAA GAA AAG GGG AAG CCT TTG TTC AAG AAA TTC GTG GAA TCA CAA AAG AAG CCA TTA AAT GTG GAA TTG CGT GGT AAT GGT GAC TTA CTT CTT TAT ATG GAG GGT TCA GTT CAT GCA GAA ACC TCC TAT AGA GGT TAC CCA ACT TTT TTT AAA GTG GGG GAT ACG GTG CAT AAT CAA TAC CCC GCT AAA ATC GGT ACA GAA GAA AGA ACT TCT TTA GGT CCA TTC GGT GCG TAC AAG AAG GGT TAC GCT GAA CTC GCT GAT AGA GTT ACT GAA GGA GGG AGA GAA ATC GGT 
Cgla                            AAT GGT TCC ACA GAA TGG GAT TCC GTT GAC TAC GTT GAT CCA TAC TGG GAA TTT ACT CAG GAT TGT TTT AAG GAT GGT CGT ACA GAC CCA GGT CTT AAG GAA CAA TGG ACT AAG TAT GCT GAA TGT AGG AAC TTC CAA GTA AGT CAG GGT AAG CTA TCA CTA AAG GAT CAA AAG AAC CCA GGT TTA GAA AAG CTC TTG AGA CCA CTC TGT CAA CTC AAA CCA ACA TCG AAG AAA ATC TGT TCT AAG GGT AAG GGC TTT CTT GAT GGT GCA AAG ATC AAA TCG TAT ATT GGT GTT GAG GGT GAA CAA CTC GAC TGG ATT CAC TTT TCT TCT GTA CCT CCA AAG GGT AAG TGT GTT AAA TTC ATC CGT TGG ATG GAG AGA CAG ACT AAC GAA GGT GAT TAT AAA CCC ACC CTT CAG GGC CTA TGT TAC ATG CTG GCT AGT CGA TTA GCA CCA AAC CGT CTT AGT GAA GTA AAA TAC GGT GGC CAG GCT AAA CTA TCA GTT CTG GAT AAC ATG TAC TCT GGA GCA GTT GAG AAG ATA AGT ATG GTT CCA AAG GTT TTA CTG GTT TCG AAG TTA CTT CCA ATC TGT TCA CTA CTT CCT GGT GAC TCT GAT AAG AGA AAA GTA TGG GCT AAG ACA CTA GAT ATG ACC CGA CTA CAG GAG AGA GAT GAG TCC AAC AGA TAC TAC TGG CCT AAT TGT CCT ATT ATA ACT GAC AGA TCG TTA TAT AGT GAC CTA AAG TTT CCT GAG GTT GTT GTT TCT CCA GAT GAT CTA CGA ATG GAG CAT TGG TTC GGT AAA AAG GAT GAT TTT TCT TCC AGA TAC TAC AAG TCT AAT TTC TAC TAC ACA AAA CCA CAA TGT GAT ACT GAG AAG TCG GTC ATA ACC GAA CCA GCT GAA GGT AAG TTG GAT AAG GGT AAA CCA CTT TTT AAA AAG TTT GTA GAA TCG CAA AAG AAG CCA CTT AAG GTT GAG CTG CGT GGT ACA GGT GAT TTG CTG CTG TAT ATG GAA GGT TCT GTT CAT GCT GAT ACT TCG TAT AGA GGT AAC CCA ACT TTT TTC AAG GTG GGG GAT ATG GTG CAT ACA CAG AAC CCA GCT AAG ATA GGT ACA GAG GAG AGA ACC TCA TTA GGG CCA TTC GGT GCA TAC AAA AAG GGT TAT GCA GAG CTG GCT GAC AGA GTT ACT TTG GGC GGT AGA GAA ATT GGT 
Agos                            AAC GGT TCA ACT GAG TGG GAC TCG GTG GAC TAC GTG GAC CCG TAT TGG GAA TTC ACG GAC GAT GCG TTC CGC GAT GGT CGG ACC GAA CCA GGG CTT AAG GAG CAA TGG ACA AAG TAC ACA GAA TAC CGG AAC TTC CAA GTG AGC CAG GGC AAG TTG TCG CTG AAA GAC CAA AAG AAC CCT GGT CTG GAG AAA CTC CTC AGA CCT CTC TGC CAG CTC AAA CCA ACG TCG CGC CGC TTC TAC TCT AAG GGC AAG GGG TTC ATC GAC GGT GCC TCG ATC AAG TCA TAT ATC GGT GTG GAG GGC GAA CAA CTC GAC TGG ATT CAC TTC TCT TCG GTG CCT CCG AAG GGC AGA TAC GTA AAG TTC TTC CGG TGG ATG GAG AGA CAG ACG AAC GAG TGG GAC TAT AAG GCA ACC CTG CAG GGC CTC TGC TAT ATG CTT GCG AGC CGC CTT GCT CCG AAC CGG TTG TCC GAG GTA AAA TAC GGT GGC CAG GCT AAA TTG TCG GTG CTG GAT AAC ATG TAC TCC GGG GCT GTC GAG CGC ATC ACA ATG GTC GCC AAG GTA CTC CTG GTA TCG CGC CTC CTG CCA TTC GCG TCG CTG CTG CCG GGC GAC TCC GAC AAG AGA AAG GTA TGG GCC CGC ACC CTC GAC AAC ACC CGC CTG CAG GAG CGG GAC GAA ACG AAT AGA TAC TAC TGG CCC AAT TGC CCT AAC ATC ACT GAC AGA TCC TTG TAT GGC GAG CTG AAG TAT CCA GAG GTG GTC GTC ACT CCA GAC GAC CTG CGC ATG GAG TAC TGG TTT GGA AAA CGC GAC GAC TTC TCG TCG AGA TAC TAC AAG TCT AAT TTT TAT TAC ACT AAG CCT CAG TAC GAC ACA GAG CGC TCA GTG GTG ACC GAG CCG GCC GAA GGC AAG GAA GAC AAG GGT AAG CCG ATC TTT AAG AAA TTT GTG GAG TCG CAA AAG AAG CCC CTT TCG GTG GAG TTG CGT GGA AAC GGC GAC CTA CTG CTG TAT ATG GAA GGT TCG GTA CAC GCG GAC TCC TCC TAT CGC GGT AAC GCC ACG TTC TTC AAA GTC GGC GAC AAC GTG CAC AAC CAG AAC CCA GCC AAG ATC GGA ACT GAG GAA AGA ACC TCG CTT GGA GCC TTC GGT GCC TAC AAA AAG GGT TCG GCT GAG CTG ACA GAC CGG GTA ACG GAA GGC GGG AGA GAG ATT GGT 
Klac                            AAT GGT TCA ACA GAA TGG GAA GCA GTA GAC TAT GTC GAT CCA TAT TGG GAA TTT ACT GAA GAT GCA TTC AAG GAC GGT CGT ACT GAA CCT GGC CTA AAA GAG CAA TGG ACG AAA TAC GCC GAA TAT AGA AAT TTC CAA GTT AGT CAA GGT AAA CTA TCA CTA CAG GAT CAA AAG AAC CCA GGT TTG GAA CAG TTG TTG AGA CCA TTG TGT CAA TTG AAA CCT ACC TCG AAA AAA TTC TAT TCT AAA GGA AAA GGA TTT ATA GAT GGT GCA AAT ATC AAG TCA TAT ATA GGT GTA GAA GGT GAC CAG TTG GAT TGG ATC CAC TTC TCT TCT CTT CCT CCA AAG GGT AAA TAT GTA AAG TTC TTC CGT TGG ATG GAG AGA CAG ACT CAG GAG GGT GAC TAT AAG GCC ACT CTC CAA GGA CTT TGT TAT ATG TTG GCA AGT CAG TTA GCA CCA CGA CGT TTG TCC GAA GTC AAA TAT GGT GGA CAG GCA AAA CTA TCA GTC TTG GAT CAG ATG TAT TCC GGT GCA GTC GAA AAG ATT ACT ATG GTC CCA AAA GTA TTA TTA GTA TCG AAG TTA CTC CCT TTC GCA TCA CTA CTC CCA GGT GAC TCT GAT AAA AGA AAG GTC TGG GCC AAA ACT TTG GAC ACC ACT CAG TTA CAA GAG AGA GAT GAG ACA AAT AGG TAT TAC TGG CCA AAT TGT CCC TCT ATT ACT GAT AGA TCC CTA TAT GGT GAT CTA AAG TTC CCA GAG GTC GTC GTC TCT CCT GAA GAT CTA CAG ATG GAG CAT TGG TTT GGA AAA AAG GAT GAT TTT TCT TCT AGA TAT TAT AAG TCT AAT TTT TAT TAT ACA AAA CCA CAA TAT GAC ACG GAG AAG TCA GTT GTC ACT GAA CCA GCC GAA GGA AAA CAA GAA AAG GGT AAG CCA ATA TTC AAA AAA TTC GTT GAG TCT CAA AAG AAG CCA CTA AAT GTC GAA TTA CGC GGT AAC GGT GAT CTA TTA TTA TAT ATG GAA GGT TCT GTA CAT GCA GAA ACT TCC TAT AGG GGT CGA CCA ACT TTT TTC AAA GTC GGT GAT ACC GTG CAT AAC CAA CGA CCT GCT AAA ATT GGT ACA GAG GAG AGA ACT TCT TTA GGG CCA TTC GGA GCA TAT AAA AAA GGT TGT GCA GAG CTT GCC GAT AGA GTA ACT CAA GGA GGC AGA GAG ATC GGT 
Calb                            AAT GGC TCT CCT GAA TGG CAA AGT GTG GCA TAC GTT GAG CCA TAT TGG GAA TTT TCC GAT GAT ACA TTC AAA GAT GGA AGA ACA ATG CCA GGT CTT AAG GAA CAA TGG GCC AAG TAT GCA GCT TAC AGA AAT TTC CAA GTG AGT CAA GGA CAA TTG TCT TTA AAA GAT CAA AAA AAC CCA GGA ATT GAA AAA TTT TTA AGA CCA TTT TGT CAA TTA CAA CCT ACA TCA AAG AAG TTA TAC TCT AAA GGT AAG GCT TTT ATC GAT GGG GCT AAA TTG AAA GCC TAT ATT GGA GTG GAA GCA GAA CAA TTA GAT TGG ATT CAC ATG TCT AGT GTA CCT CCA AAA GGT AAA TAC GTA AAA TTT TTA AAG TGG ATG GAA AGA GAA TCC AAC GAA GGG GAA TAT AGA CAA GCC TTA CAA GGT GAA TGT TAC ATG TTA AGT TCT CAA TTA GCA CCT AAC AGA TTG TCT GAA GTT CAA TAT GGT GGT GAA GCT AAG TTG ATG GTT TTA GAT AAC ATG TAT GCT GGT GCA GTT GAA AAA ATA ACA ATG GTT AAT AAA GTA TTG TTG GTA TCA GAC TTG TTA CCA TTA ACA ATG TTA TTA CCA GGC GAC ACT GAC AAA AGA AAA GTT TGG TCA AAG AAT TTG GAG AGA ACA CAA TTG CAA GAA AGA GAT GAA ACA AAT CGT TAT TAC TGG CCG AAT TGT CCA AGT ATA ACT GAT AGA CAA GTG GAA CAA AGC TTA AAA TAT TCT GAA GTT GTT GTT CAT CCA CAA GAT TTA CAA ATG GAA CAT TGG TTC GGA AAG GAC GAT GAT TTC CAA TCT AGA TAC TAT AAC TCT AAT TTC TAC TAT CCT AAA CCA AGT TAC ACT GCC GAA GAC GCC GTA GTC ACA GAA CCT GCC GCT GGA AAG AAT CAA AAA GGA AGA CCA ATC TTT AAA CAA TTC GTT GAG CAC CAA AAA AAC CCC CTT AAA GTT GGC TTG CGT GGT ACC GCA GAG GGC TTA TTA TAT ATG GCT GGC AGT GTG CAT GCT CAA AAC CAA TAT AGA GGT AAC AAT TCC TTC TTC CAA GTA GGG GAC AGA GTG CAC ACC CAA AAC CCT GCC CAA ATA GGA CCT GAA GAA AGA ACT TTT TTA AAT AAT TTT GGT GCT TAT AAG AAG GGT TCA GCA GAA TTA GCA GAT AGA GTG TCC AAT GGT GGT AGA GAG ATT GGA 



Printing out site pattern counts


         9        753  P

Scer                            AAA AAA AAA AAA AAA AAA AAA AAA AAA AAA AAA AAC AAC AAC AAG AAG AAG AAG AAG AAG AAG AAG AAG AAG AAT AAT AAT AAT AAT ACA ACA ACA ACA ACC ACC ACC ACC ACC ACC ACC ACC ACG ACT ACT ACT AGA AGA AGA AGA AGA AGG AGG AGG AGG AGT AGT AGT ATA ATC ATC ATG ATG ATT ATT CAA CAA CAA CAA CAA CAA CAA CAA CAA CAC CAG CAG CAG CAT CAT CAT CAT CCA CCA CCA CCA CCA CCC CCC CCG CCT CCT CCT CCT CGA CGT CGT CGT CGT CTA CTA CTA CTA CTC CTG CTG CTG CTT CTT CTT CTT GAA GAA GAA GAA GAA GAA GAA GAA GAC GAC GAC GAC GAC GAC GAC GAC GAC GAC GAC GAC GAG GAG GAG GAG GAG GAG GAT GAT GAT GAT GAT GAT GAT GAT GAT GAT GAT GCA GCA GCA GCA GCC GCC GCC GCG GCG GCT GCT GGA GGC GGC GGC GGC GGG GGG GGG GGG GGT GGT GGT GGT GGT GGT GGT GGT GGT GGT GGT GGT GGT GTA GTA GTA GTA GTG GTG GTG GTG GTT GTT GTT GTT TAC TAC TAC TAT TAT TAT TAT TAT TAT TAT TAT TAT TAT TCA TCA TCC TCC TCC TCC TCG TCG TCG TCT TCT TCT TCT TCT TCT TCT TCT TGG TGT TGT TGT TGT TTA TTA TTA TTA TTA TTC TTC TTC TTC TTC TTC TTC TTG TTG TTG TTG TTG TTG TTT TTT TTT TTT TTT TTT 
Sbay                            ... ... ... ... ... ... ... ... .TT CT. T.T ... ..T G.T ..A ..A ..A ... ... ... ... CGT CGT GTC ..C ..C ... ... ... ... ..C ..G TGG ... ... ... ..G ..T ..T .TG CGT ..A ..C ... T.C ... ... ... ..G GCT ... ... ... GTT ..C ..C ... ... C.A G.T ... T.A ..C ... ... ... ... ... ... ..G ..G G.G GT. GC. .CT G.C GCA ..C ..C ... ... ... ... ... ... ... ... GAT ... ..A ..C ... GT. ... A.A ... ... ... ... ... ... T.G ... ... T.A T.. ... ... ... T.G ... ... ... ... ... ... ..G ..G A.. A.G AGA C.T ..A ... ... ... ... ..G .T. TC. A.. A.. CGT ... ... ... ..C ..C ..C ... ... ... ... ... ... ... ... ... ... ..C ..T ... ..T ..T .AA ..A ATA ... ..T AA. .CA .CT ... ... ... ... ..T CC. ..C ..C ..C ..C ... ... ... ... ... ... ... ... ... ... ..G T.C A.T ... ... T.A ..C ..C ... TCC ... ... ... ..C ..C ..C ..C ..C ... ... ... ... ... G.G ..G GAT ... ..G ..T CAC ..A ... A.C AGG GA. G.. ..C ... ... ... ... ..C ... ... ... CA. C.. C.. C.. ..G ... ... ... ... ..T ..T ..T A.C C.A GG. .G. ... ... GAA ..C ..C ... ... ... 
Smik                            ... ... ... ... ... ... ... ..G .TT CT. T.T ... ..T G.. ..A ..A ... ... ... ... ... CGT CGT .TT ..C ... ..C ... ... ... ..T ... TGG ..T ..T ..T ... ..T ..T .TG CG. ... ... ..C T.C ... ... ... ... GCT ..A ..A ... GTT ..C ... ... ... C.T G.T ... C.A ... ... ... ... ... ... ..G ... ... G.G GT. GCG .CC G.C GC. ..C ... ... ... ... ... ..G ..G ..T ... GAT ..A ..A ... ... GT. ... A.G ... ... ... ... T.. T.G T.G ... ..A ..A T.. ... ... ... ..A ... ... ... ... ... ..G ... ... A.. A.A AGA C.T ..A ... ... ... ..T ..T .T. TC. A.. A.. CGT ... ... ... ..C ... ... ..C ... ... ... ... ... ... ... ... ..C ..C ... ... ..A ... .AA ..A ATA ... ..T AA. .CA .CT ..T ..A ... ..T ..T CC. ..C ..C ... ... ..C ..C ... ... ... ... ... ... ... ... ... ..T A.A ... ... T.A ..A ... ... TCC ... ..T ..T ..C ..C ... ... ... ..C ... ... ... ... G.. ..C GAT ..T ..A ... CAT ... ..A A.C AAG GA. G.. ... ..C ..C ... ... ... ... ... ... CAG C.. ... ... ..G ... ... ... ..T ... ..T ..T A.T ..A GGT .G. ... ... GAA ..C ..C ... ... ... 
Spar                            ... ... ... ... ... ... ..G ... ... ..G ... ... ... ... ..A ... ... ..A ... ... ... ... ... ... ..C ... ... ... ... ... ... ... ..G ..T ..T ..T ... ..T ..T ... ..G ... ... ... ..A ... ... ... ..G ... ..A ... ..A ... ..C ... ... ... ..T ... ... ... ..C ... ... ... ... ... ... ... ... ... ... ... ... ... ... ..C ... ... ... ... ..C ... ... ... ... ... ... ... ..C ... ..C ... ... ... ... ... ... ... ... T.G ... T.. ... ... ..C ... ... ... ... ... ... ... ..G ... ... ..G ... ... ... ..T ... ... ... ... ... ... ... ... ... ... ... ..A ... ... ... ... ... ..C ..C ... ... ... ... ... ... ... ... ..G ... ..A ..T ... ... ..A ..G ..C ... ... ... ..T ..T ... ... ..A ... ..C ..C ... ... ... ... ... ..C ... ... ... ... ... ... ... ... T.T ... ... ... ..A ... ... ... ..A ... ... ..T ..C ..C ... ... ... ..C ..C ... ... ... ..C ..G ... ..T ..G ... ... ... ... ... ..C ... ... ..C ... ... ... ... ..C ... ... ... ..G ..G ... ... ... ... ... ..T ... ... ... ..T C.A ... ... ... ..A ... ... ..C ... ... ... ... 
Ncas                            ... ... ... ..G ..G ..G ... ... ..G ..G ... ... ..T ..T ... ..A ..A ... ..A ..A ... ... ... ..A ..G ... ... ..A ... ..T ... ..T ... ... ..G T.T .GT ..T ..T ... ..G ... ... ..A ..C ... ... ..G ... ... TAC ..A ..A ..A ... ... ... ..C ..T ... ... ... ..C ..A ... ... ... G.. ..G ... G.. ... ... T.T ..A ..A ..A TT. ... ... ... ... ..T ... ..T G.T ..A ..A ..A ..A ..C ..A ... ... A.A ... ... ... ... ..T ..G ..G ... T.A T.. T.A T.A ..C ..C ... ... ... ..G .TT ... ... ... ... ... ..T ... ..T ... ... ..T ..T ..T ..A A.T ..T ..A ..A ... ..A ..A ..A ... ... ... ... ... ..C ..C ... ... ... ... ... ..T ..T ... ..T ..G ..A ..T ..A C.A ... ..T ..T ..T ..G ..T ... ..T ... ..T ... ... ... ..G ... ..A ... ..G ..G ... ... ... ... A.T ..G ... ..G ... ... ... ..T ..C ... ..C ..G ..T ..T ..T ..C ... ..C ..C ... ..C ... ... ... ... ..T ..T ... ..A ..T ..T ..A ..C ..A ... ..A ... ..C ..G ... ... ... ... ..C ..C ... ... ... ... ... ..G ..G ... ... ..T ... ..T ... ... ..A C.A ..A C.. C.C ... ... ..C ..C ..C ..C ... 
Cgla                            ..G ..G ..G ... ..G ..G ..G ..G ..G ..G ..G ... ..T ..G ..A ..A ... ..A ... ... ... ..A ... ..A ..G ... ..C ..C ... .T. ... .TT ... ..T ..A .GT ..T ... ..T ... .TG ..A ..C .G. ... ... ..G ... ... .A. .AC ..A ..A ..A ... ... ... ... ... ..T ... ... ... ..C ... ..G ..G TTG ..G ... G.G ... ..G T.T ... ..A ..A ... ..C ... ... ... ... ..T ... ..C ..T ..A ..T ... ..A ..A ... ... A.A ... ... ... ..G ..G ..C ..C ..A ..A ..T T.. ... ..G T.A ..G ... ..G ... ..G ..G ... ... ... ..T ..T ..T ..T ..A ..T ... ..T ..T ..T ACA ... ..A ... ..A ... ..A ... ... ..C ... ... ..C ..C ..C ..C ... ... ... ... ..T ... ..T ..T ..A ..T ..T ..T C.A ... ..T ..T ..T ..T ..T ..T ..T ..T ..T ... ... ... ..G ..C ..C ... ..A ... ..G ... ... ... ..C ... ... ..T ..A ..A ... ..T ... ... ... ..G ... ... ... ... ..C ..C ..C ... ..C ... ..C ... .G. ..T ..C ..G ..T ..A ... ... ..C ... ..C ... ... ..G ..A ... ... ..A ... AAC ... ... ... ... ... C.. C.T C.G ..T ..T ..T ..T ... ... ..T C.. C.A ... C.T ..A C.A ..C ..C ... ..C ... ... 
Agos                            ..G ..G CGC ..G .G. CGC ..G ..G ..G ... ..G ... ... TCG ..A ... ... ... ..A CGC ... ... ... ..A ..G ... ..C ... ... GTG ..C .AC ..T ..T ... T.. ..A ... ..G ... .A. ... ..C ..A T.C C.G C.G ... ... C.C .AC ..A ..A ..A ..C ..C G.C ..C ... ... ... ... ... T.C ... ..G G.C G.. ..G ... G.G ..G ..G T.T ... ... ..A T.C ..C ..C ..C ..C ..G ..T ... G.. ... ..T ... ... ..A ..G ..A ..C ..C ..G ..G ... ..G ..G ..C ..C ... T.. T.. ..C ... ..G T.G ..G ..G ..G ..G ..G ... ..G ..G ... ... ..T ... ... ..A ... ... ... ... ... A.. ... ... ... ..A ... ... ... ..C ..C ... ..C ..C ..A ..G ..C ..C ..C ... ..C A.. ..T ..C ..T ... ... ..C ... ..C ..G ..T ..T ... ..T ... ... ..C ..A ..T ..C ..C T.G ..C ..G ..C ..A ..G ... ..A ..A ..C ... ..G ..G ..G ..G ..A ... ... ..C ..A ..A ..G ..C ... ... ... .CG ... ..C ... ... ..C ... ..C ..C ..C ..C ... ... ..G ..G ..G ... A.. ... ..G ... A.. ..A ..G ..C ..G ..G ... AAC ..C GCG ..C C.C C.T C.G A.C ..G ... ..T ... ... ... ... ... C.T C.. C.A C.. C.. C.C ... ..C ... ..C .A. ..C 
Klac                            ... ... ... ..G ... ..G ... ... ... C.G ... ... ..T ..T ..A ..A ... ... ..A ... ..A ..A ... ..A ..G ... ... ... ... GTC ..T T.T ... ..T ..T T.. ..G ..T ..T ..T ... ..C ... ... ... ... ... ... ..G .A. C.A ..A ..A ..A ... ... G.. ..T ... ..A ... ... ..C T.C ... ... G.. ... ... ... G.. ... ..G T.T ..A ..A ... ... ..C ... ... ... ... ..C ..T G.C ..A ..A ..A ... ... ..A ..A .AG A.G ... ... ..C T.. T.. T.G T.G ..T ..A T.. T.. ..A ... ..A T.G ... ... ... ... ..G ..G ... ... ... ..T ..T ..T ... ..T ... ... ..T ..A A.. ... ..A ... ..A ... ... ... ... ... ..C ... ... ..A ... ... ..C ... ... ... ..C ... ..C ..A ..A ... ..T ..A C.A ..A ... ..T ..T ..T ..T ..C ..A ..A ..T ... ..A ... ... ..A ..A ... ... ... ..G ... ... ... ..T ..T ..T ..C ..C C.T ... ..C ..A ..A ..A ..C ..T ..T ... .G. ... ... ... ... ... ... ... ..C ... ..C ... ... ..T ..A G.A ..T A.A ... ... ... ... ..A ..A ... ... ... ... CAG ... GCA ... ... ... ... A.. ... ... ... ..T ... ... ... ..T ... C.A C.A C.C ... ... ... ..C ..C ..C ..C ... 
Calb                            ... C.. ..G ... ... ... ..G ... ... ... ..G ... ..T ..A ... ..A ..A .GA C.A G.C ... ..A ..A C.A ..C ... ... ... ... GTC .AT .GT C.T ..T ..A T.T G.. ..T T.. G.. .GA ..A ..A ..A .AC ... ... ... C.T .AG .AC ..A ..A ..A ... TC. CAA ... T.G ..T ... ... ... T.A ... ... G.T A.T ... ... GGC AGT G.. G.A ..A ..A ..A ... ..C ..C ... ..C ... ... ... .A. ..G ..A ..A ... ... ... T.. .A. A.A AAG A.A ... T.G T.. T.. T.T GAA T.. T.. T.A ... T.A G.G T.A ... ... ... ... ... ... ... ... ..A ..T ..G ..T ..A ..T .CA ..G ..T C.A AC. ... ..A ..A .CT ..A ... ..A ... ... ... ... ... ATG AGC ... AC. ..C ... ..T ... ... ..C ..T ..T T.A ..C ..T AA. AG. ..T ..T ... ..A .CA ..T ..T ..A ..C ..A ..A ..G ..G .C. ... ... ... ..G AA. ..A ... ..A ... ..T ..G ..T ..T ..A ... ..T ..A ..G ..G ..A ..T ... ... .CA ... ... ..C ... ... ... ... ... ..C G.T ..T CAA AGT ATG AGT CAC A.A ..A ... ... CA. G.C ... A.. CAA .T. ... AAC ... ACA ... ..G ... ..G A.C ..G ... ..T ..T A.G ... ..T ..T ..A ..A GGC ..A A.T ... ..C ..C ..C ... .A. ..C 

    1    2    2    3    1    2    2    1    1    2    1    1    1    2    3
    1    2    2    2    3    2    1    3    2    2    1    1    1    1    1
    1    1    3    1    1    1    2    1    4    1    2    1    2    1    1
    2    1    3    1    1    3    1    2    1    1    1    1    3    1    1
    4    2    2    3    2    1    1    2    1    2    1    1    2    1    2
    1    1    1    1    1    1    1    3    1    3    1    1    3    1    1
    2    2    1    3    1    1    2    1    1    2    2    2    1    2    1
    1    2    1    1    1    1    1    1    1    2    2    1    1    1    1
    2    1    1    1    1    1    1    4    2    1    1    3    3    2    2
    2    2    1    1    1    1    1    1    1    1    2    1    1    2    3
    1    1    1    1    1    1    3    1    1    3    1    1    2    2    1
    1    2    1    1    1    1    1    3    1    1    1    1    1    1    4
    1    1    1    4    2    1    1    4    3    2    2    1    1    2    1
    1    1    3    2    3    1    1    1    1    4    1    1    2    2    2
    1    1    1    2    1    3    1    2    1    1    1    1    8    2    1
    2    2    2    2    1    2    1    1    1    1    1    1    1    1    1
    4    1    3    1    1    2    1    1    1    1    2

CODONML (in paml version 4.9j, February 2020)  temp.nuc
Model: One dN/dS ratio, 
Codon frequency model: Fequal
ns =   9  ls = 393

Codon usage in sequences
--------------------------------------------------------------------------------------------------------------------------------------
Phe TTT   8   7   7  13   7   9 | Ser TCT  11   4   4   9  11   9 | Tyr TAT  18   9  19  15  16   7 | Cys TGT   7   5   7   5   4   9
    TTC   7  10   6   6   9   6 |     TCC   7   6   7   8   5   4 |     TAC   4  14   4   7  10  12 |     TGC   0   2   0   2   3   0
Leu TTA   8   7  13   5  12   6 |     TCA   2   1   4   0   8   4 | *** TAA   0   0   0   0   0   0 | *** TGA   0   0   0   0   0   0
    TTG  11   7   8  17   5   4 |     TCG   4   5   1   7   1   7 |     TAG   0   0   0   0   0   0 | Trp TGG   8  14  14   8   8   8
--------------------------------------------------------------------------------------------------------------------------------------
Leu CTT   5   4   5   3   3   8 | Pro CCT   6   5   6   3   7   5 | His CAT   4   3   5   3   3   3 | Arg CGT   5  13  11   5   4   4
    CTC   1   1   1   3   4   4 |     CCC   4   3   3  10   2   1 |     CAC   1   3   1   2   0   1 |     CGC   0   0   2   0   0   0
    CTA   7  17  11   6   5   9 |     CCA   9  10   6   6  13  17 | Gln CAA  13   9   9  13  13   7 |     CGA   3   3   3   3   3   3
    CTG   4   2   0   2   7   7 |     CCG   1   1   4   1   0   0 |     CAG   4   3   3   4   1   7 |     CGG   0   0   0   0   0   0
--------------------------------------------------------------------------------------------------------------------------------------
Ile ATT   5   6   9   4   2   4 | Thr ACT   4   6  11  11   9   8 | Asn AAT   6   4   4   4   8   3 | Ser AGT   3   1   2   2   5   5
    ATC   2   3   0   3   6   4 |     ACC  13   7   4   3   3   4 |     AAC   4   8   8   6   1   8 |     AGC   0   2   1   1   0   0
    ATA   3   6   8   3   3   4 |     ACA   6   2   2   4   5   8 | Lys AAA  18  20  18  19  20  13 | Arg AGA   8   9  13  12  10  11
Met ATG   6   5   5   6   6   8 |     ACG   1   3   1   6   4   0 |     AAG  21  14  19  20  22  31 |     AGG   7  10   3   3   3   1
--------------------------------------------------------------------------------------------------------------------------------------
Val GTT   8   5  11   7   7  15 | Ala GCT   4   8   5   1   9   8 | Asp GAT  13  17  21  12  17  20 | Gly GGT  18  16  18  18  22  25
    GTC   0   9   2   0   5   1 |     GCC   3   5   7   2   0   0 |     GAC  17   9   9  18   7   7 |     GGC   7   6   6   7   0   4
    GTA   7   4   8   8   1   5 |     GCA   7   6   6   6   4   5 | Glu GAA  10  12  12   9  25  13 |     GGA   1   0   2   2   3   1
    GTG   8   3   2   4  10   2 |     GCG   2   1   2   7   1   0 |     GAG  13  13   9  14   4  12 |     GGG   6   5   1   5   7   2
--------------------------------------------------------------------------------------------------------------------------------------

--------------------------------------------------------------------------------------
Phe TTT   4   6   8 | Ser TCT   3  12   9 | Tyr TAT   9  20  13 | Cys TGT   0   4   3
    TTC  13  12   8 |     TCC   6   4   4 |     TAC  15   2   9 |     TGC   3   0   0
Leu TTA   0   9  20 |     TCA   3   6   4 | *** TAA   0   0   0 | *** TGA   0   0   0
    TTG   5  10  10 |     TCG  15   2   0 |     TAG   0   0   0 | Trp TGG   9   8   8
--------------------------------------------------------------------------------------
Leu CTT   5   3   2 | Pro CCT   5   6   8 | His CAT   0   3   3 | Arg CGT   1   3   2
    CTC   9   3   0 |     CCC   2   1   1 |     CAC   3   1   3 |     CGC  12   1   0
    CTA   1  10   0 |     CCA   6  15  11 | Gln CAA   5  12  28 |     CGA   0   3   0
    CTG  14   0   0 |     CCG   6   0   1 |     CAG   8  10   0 |     CGG   6   0   0
--------------------------------------------------------------------------------------
Ile ATT   2   3   4 | Thr ACT   5  13   4 | Asn AAT   3   7  12 | Ser AGT   0   2   7
    ATC   7   3   2 |     ACC   6   3   2 |     AAC  13   3   9 |     AGC   2   0   1
    ATA   0   3   3 |     ACA   5   4   8 | Lys AAA   9  23  20 | Arg AGA   9  10  17
Met ATG   6   6  10 |     ACG   6   2   0 |     AAG  24  17  12 |     AGG   0   2   0
--------------------------------------------------------------------------------------
Val GTT   0   3  11 | Ala GCT   4   1   9 | Asp GAT   3  16  13 | Gly GGT  12  22  13
    GTC   5  12   1 |     GCC   8   5   7 |     GAC  23   7   6 |     GGC  12   2   5
    GTA   7   7   6 |     GCA   1  11   8 | Glu GAA  10  17  24 |     GGA   4   8   9
    GTG  12   1   7 |     GCG   4   0   0 |     GAG  19  13   5 |     GGG   4   1   3
--------------------------------------------------------------------------------------

Codon position x base (3x4) table for each sequence.

#1: Scer           
position  1:    T:0.24173    C:0.17048    A:0.27226    G:0.31552
position  2:    T:0.22901    C:0.21374    A:0.37150    G:0.18575
position  3:    T:0.31807    C:0.17812    A:0.25954    G:0.24427
Average         T:0.26293    C:0.18745    A:0.30110    G:0.24852

#2: Sbay           
position  1:    T:0.23155    C:0.19593    A:0.26972    G:0.30280
position  2:    T:0.24427    C:0.18575    A:0.35115    G:0.21883
position  3:    T:0.28753    C:0.22392    A:0.26972    G:0.21883
Average         T:0.25445    C:0.20187    A:0.29686    G:0.24682

#3: Smik           
position  1:    T:0.23919    C:0.17812    A:0.27481    G:0.30789
position  2:    T:0.24427    C:0.18575    A:0.35878    G:0.21120
position  3:    T:0.36896    C:0.15522    A:0.29262    G:0.18321
Average         T:0.28414    C:0.17303    A:0.30874    G:0.23410

#4: Spar           
position  1:    T:0.25954    C:0.16285    A:0.27226    G:0.30534
position  2:    T:0.22901    C:0.21374    A:0.37150    G:0.18575
position  3:    T:0.29262    C:0.19847    A:0.24427    G:0.26463
Average         T:0.26039    C:0.19169    A:0.29601    G:0.25191

#5: Ncas           
position  1:    T:0.25191    C:0.16539    A:0.27226    G:0.31043
position  2:    T:0.23410    C:0.20865    A:0.37405    G:0.18321
position  3:    T:0.34097    C:0.13995    A:0.31807    G:0.20102
Average         T:0.27566    C:0.17133    A:0.32146    G:0.23155

#6: Cgla           
position  1:    T:0.21628    C:0.19338    A:0.28499    G:0.30534
position  2:    T:0.24427    C:0.20356    A:0.36641    G:0.18575
position  3:    T:0.36132    C:0.14249    A:0.26972    G:0.22646
Average         T:0.27396    C:0.17981    A:0.30704    G:0.23919

#7: Agos           
position  1:    T:0.21628    C:0.21120    A:0.24682    G:0.32570
position  2:    T:0.22901    C:0.21628    A:0.36641    G:0.18830
position  3:    T:0.14249    C:0.35369    A:0.15267    G:0.35115
Average         T:0.19593    C:0.26039    A:0.25530    G:0.28838

#8: Klac           
position  1:    T:0.24173    C:0.18066    A:0.25700    G:0.32061
position  2:    T:0.23155    C:0.21628    A:0.38422    G:0.16794
position  3:    T:0.31552    C:0.15013    A:0.35115    G:0.18321
Average         T:0.26293    C:0.18236    A:0.33079    G:0.22392

#9: Calb           
position  1:    T:0.24427    C:0.15013    A:0.28244    G:0.32316
position  2:    T:0.23410    C:0.19338    A:0.39949    G:0.17303
position  3:    T:0.30789    C:0.14758    A:0.40204    G:0.14249
Average         T:0.26209    C:0.16370    A:0.36132    G:0.21289

Sums of codon usage counts
------------------------------------------------------------------------------
Phe F TTT      69 | Ser S TCT      72 | Tyr Y TAT     126 | Cys C TGT      44
      TTC      77 |       TCC      51 |       TAC      77 |       TGC      10
Leu L TTA      80 |       TCA      32 | *** * TAA       0 | *** * TGA       0
      TTG      77 |       TCG      42 |       TAG       0 | Trp W TGG      85
------------------------------------------------------------------------------
Leu L CTT      38 | Pro P CCT      51 | His H CAT      27 | Arg R CGT      48
      CTC      26 |       CCC      27 |       CAC      15 |       CGC      15
      CTA      66 |       CCA      93 | Gln Q CAA     109 |       CGA      21
      CTG      36 |       CCG      14 |       CAG      40 |       CGG       6
------------------------------------------------------------------------------
Ile I ATT      39 | Thr T ACT      71 | Asn N AAT      51 | Ser S AGT      27
      ATC      30 |       ACC      45 |       AAC      60 |       AGC       7
      ATA      33 |       ACA      44 | Lys K AAA     160 | Arg R AGA      99
Met M ATG      58 |       ACG      23 |       AAG     180 |       AGG      29
------------------------------------------------------------------------------
Val V GTT      67 | Ala A GCT      49 | Asp D GAT     132 | Gly G GGT     164
      GTC      35 |       GCC      37 |       GAC     103 |       GGC      49
      GTA      53 |       GCA      54 | Glu E GAA     132 |       GGA      30
      GTG      49 |       GCG      17 |       GAG     102 |       GGG      34
------------------------------------------------------------------------------


Codon position x base (3x4) table, overall

position  1:    T:0.23805    C:0.17868    A:0.27029    G:0.31298
position  2:    T:0.23551    C:0.20413    A:0.37150    G:0.18886
position  3:    T:0.30393    C:0.18773    A:0.28442    G:0.22392
Average         T:0.25917    C:0.19018    A:0.30874    G:0.24192

Codon frequencies under model, for use in evolver (TTT TTC TTA TTG ... GGG):
  0.01639344  0.01639344  0.01639344  0.01639344
  0.01639344  0.01639344  0.01639344  0.01639344
  0.01639344  0.01639344  0.00000000  0.00000000
  0.01639344  0.01639344  0.00000000  0.01639344
  0.01639344  0.01639344  0.01639344  0.01639344
  0.01639344  0.01639344  0.01639344  0.01639344
  0.01639344  0.01639344  0.01639344  0.01639344
  0.01639344  0.01639344  0.01639344  0.01639344
  0.01639344  0.01639344  0.01639344  0.01639344
  0.01639344  0.01639344  0.01639344  0.01639344
  0.01639344  0.01639344  0.01639344  0.01639344
  0.01639344  0.01639344  0.01639344  0.01639344
  0.01639344  0.01639344  0.01639344  0.01639344
  0.01639344  0.01639344  0.01639344  0.01639344
  0.01639344  0.01639344  0.01639344  0.01639344
  0.01639344  0.01639344  0.01639344  0.01639344


TREE #  1:  (((((1, 4), (3, 2)), 5), 6), ((7, 8), 9));   MP score: 1267
This is a rooted tree.  Please check!
lnL(ntime: 16  np: 18):  -6650.777897      +0.000000
  10..11   11..12   12..13   13..14   14..1    14..4    13..15   15..3    15..2    12..5    11..6    10..16   16..17   17..7    17..8    16..9  
 0.179673 0.137799 0.647075 0.000004 0.157301 0.235868 4.915407 0.000004 0.569827 0.563807 0.594089 0.145011 0.000004 1.884585 0.470022 4.983712 1.811439 0.030265

Note: Branch length is defined as number of nucleotide substitutions per codon (not per neucleotide site).

tree length = 15.484188

(((((1: 0.157301, 4: 0.235868): 0.000004, (3: 0.000004, 2: 0.569827): 4.915407): 0.647075, 5: 0.563807): 0.137799, 6: 0.594089): 0.179673, ((7: 1.884585, 8: 0.470022): 0.000004, 9: 4.983712): 0.145011);

(((((Scer: 0.157301, Spar: 0.235868): 0.000004, (Smik: 0.000004, Sbay: 0.569827): 4.915407): 0.647075, Ncas: 0.563807): 0.137799, Cgla: 0.594089): 0.179673, ((Agos: 1.884585, Klac: 0.470022): 0.000004, Calb: 4.983712): 0.145011);

Detailed output identifying parameters

kappa (ts/tv) =  1.81144

omega (dN/dS) =  0.03026

dN & dS for each branch

 branch          t       N       S   dN/dS      dN      dS  N*dN  S*dS

  10..11     0.180   854.9   324.1  0.0303  0.0061  0.2018   5.2  65.4
  11..12     0.138   854.9   324.1  0.0303  0.0047  0.1547   4.0  50.2
  12..13     0.647   854.9   324.1  0.0303  0.0220  0.7266  18.8 235.5
  13..14     0.000   854.9   324.1  0.0303  0.0000  0.0000   0.0   0.0
  14..1      0.157   854.9   324.1  0.0303  0.0053  0.1766   4.6  57.2
  14..4      0.236   854.9   324.1  0.0303  0.0080  0.2649   6.9  85.8
  13..15     4.915   854.9   324.1  0.0303  0.1670  5.5194 142.8 1789.0
  15..3      0.000   854.9   324.1  0.0303  0.0000  0.0000   0.0   0.0
  15..2      0.570   854.9   324.1  0.0303  0.0194  0.6399  16.6 207.4
  12..5      0.564   854.9   324.1  0.0303  0.0192  0.6331  16.4 205.2
  11..6      0.594   854.9   324.1  0.0303  0.0202  0.6671  17.3 216.2
  10..16     0.145   854.9   324.1  0.0303  0.0049  0.1628   4.2  52.8
  16..17     0.000   854.9   324.1  0.0303  0.0000  0.0000   0.0   0.0
  17..7      1.885   854.9   324.1  0.0303  0.0640  2.1162  54.8 685.9
  17..8      0.470   854.9   324.1  0.0303  0.0160  0.5278  13.7 171.1
  16..9      4.984   854.9   324.1  0.0303  0.1694  5.5961 144.8 1813.8

tree length for dN:       0.5262
tree length for dS:      17.3870


Time used:  0:10
