      9   1179

Scer                            CAA TTG CAA GAA GAT TCA TTG GTT AGG CGT GAA ACT TTT TCC ATT GCA GCG AGA CTA TTC GAA AGA CAG GAT TTA GAA TAC TCC CTA AAT GTC AGG ATA GAA ATT GAT ATC GTC GAG GAA GCT GAT TTT TTT TTA TTA TCC GAT GAC AAC CTA GAC AAC TTT GAT ACG TTT ATG AAT GCG TAT TTT TTG AGA GAA TTT GCA AAA GTG TGT ATC GCT TTT GTC AGC GAA CGT GCG TTG GTA ACT GTT GAC CTC GAT GAT TTA GGA GAA GAA TCT ATT AAA AGT AGT ACG GAT AAC GTG GAA CGA GGC CTT TCA GAT CGT TGT AGA ATA GAA GAA GAG GAG GTT AGA GTG TTG ATC GAA AAT CGT GGT TTT TTG ACT GAA GGT AAT ATT CCT GGT CTA GAC AAC GGA ATG ATT TCA TTA TTG AAA GCT CGT CAA TTA GAA GAC AAG ATG ACT GAA GCT AAC ATG TTT AAG GCA CCT GAA AGG TTG GTC ACC TGC ACC GAT ATG GAC AAG TTG GGG TTT CGA GGT TAC CCA CCT CAG GAA TGT TTG CAT GAA ACT GAC TGT AAC CTA AGA AAT GTC GTA CGT AGA TTT ATT ATA GAA GTG GAT GTG GTG TTG TAC GCT GCG TGT GAA GAA AAA AAG CTA TTT TTT AAG AGG AAA GTG ATC ATC TCT ACA CGA GGT TTA TGT AGA GAA TGC GCT CAG TCT AAG GTC ATG AGA GTA AAA CGA GGT TCA ATT CAA GAA TGG GAT TGT GTC AGT GAA TTT TTG GAA CAG AGA CGA GTG GAA GGT AGA TTC TTG CTC TTC AGA GAA GTG GGT GAA TTT CAC GAG ACC CCA AAG TTT ATA CAC TTA GGT GCT ATT CTA TTG GAA AAG CAA TTT GAT GAT CCT GCA GAA AGC CGA GAC TTG ACA GCG CTA ATC ATG GAA AAA TTT GCC CGT GTT GCT CTA GAA AAC GTT CAA AGA CCT GAA ATG TGT ATC AGA ATT TCT AAA GAC CTA TGT AGC GCT ATT CTA AAA TTA AAA CCT GCT ATC TCC AAC TCA ATT CAC GAT TCT CTG GAT TTG TTA TCT GAG GAG GAA CAA GTA CAT GAC GAT ATA GAA AGA GTA AAG GAC CGT ACG GAA ATG GAA AAG TTC GAA ATA CAA GCT TTA TTA ATC TTT ATG TTA AGA GGT AAT TCA CTT TCG ATT GAT AGC GCT ACC ATG CGA 
Sbay                            CAA TTG CAA GAA GAT TCC TTG GTT AGA CGT GAA ACT TTT TCC ATC GCA GCC AGG TTG TTT GAA AGA CAG GAC CTG GAG TAT TCC CTA AAC GTT AGA ATA GAA ATC GAT ATT GTT GAA GAA GCT GAC TTT TTT TTG TTA TCC GAT GAC AAT CTA GAT AAT TTT GAT ACG TTT ATG AAT GCG TAC TTT CTA AGA GAA TTC GCA AAA GTT TGT ATC GCT TTC GTT AGC GAA CGT GCC TTG GTT ACT GTC GAT TTA GAT GAT CTA GGC GAA AAA TCG ATC AAG AGT AGC ACG GAT AAC GTT GAA CGA GGC CTT TCA GAT CGT TGT AGA ATA GAA GAA GAA GAG GTT AGA GTA TTG ATT GAA AAT CGT GGC TTT CTG ACC GAA GGC AAC ATT CCA GGT TTA GAT AAG GGC CTG ATT TCC TTG TTG AAG GCT CGC CAA CTA GAA GAC AAA ATG ACC GAA GCT AAG CTG TTC AAG GCA CCA GAA AGA TTG GTT ACC TGT ACC GAT ATG GAT AAG TTA GGG TTC CGA GGT TAC CCA CCA CAA GAA TGT TTG CAT GAG ACT GAT TGC AAC CTA AGA AAC GTT GTA CGT AGA TTT ATT ATA GAA GTG GAT GTA GTG CTG TAT GCT GCG TGC GAA GAA AAA AAG TTG TTT TTT AAG AGA AAA GTG ATT ATT TCC ACG CGA GGT CTG TGT AGA GAA TGT GCT CAA TCC AAG GTC ATG AGA GTA AAA CGA GGC TCA ATT CAA GAA TGG GAT TGT GTT AGC AAA TTT CTG GAA CAG AGA CGA GTG GAA GGT AGA TTT TTG TTA TTC AGA GAA GTG GGT GAA TTT CAC GAA ACC CCA AAA TTC ATA CAT TTA GGC GCT ATT TTG TTG GAA AAG CAA TTT GAT GAC CCA GCA GAA AGC CGT GAC TTG ACG GCG TTG ATT ATG GAA AAA TTT GCA CGT GTT GCT TTG GAA AAC GTC CAA AGA CCT GAA ATG TGC ATT AGA ATT TCC AAG GAT CTA TGT AGT GCT ATC TTG AAA TTA AAA CCA GCT ATT TCC AAC TCA ATT CAT GAT TCG TTA GAT TTG CTA TCC GAA GAG GAA CAA GTA CAT GAT GAT ATT GAA AGA GTA AAA GAT CGT ACC GAA ATG GAA AAA TTC GAG ATA CAA GCT TTA TTG ATT TTT ATG TTA AGA GGC AAT TCC CTT TCA ATC GAC AGT GCT ACC ATG AGA 
Smik                            CAA CTG CAA GAA GAT TCC TTG GTT AGA CGT GAA ACT TTT TCC ATC GCA GCC AGG TTG TTC GAA AGA CAG GAT TTA GAA TAT TCC TTA AAT GTT AGG ATA GAG ATT GAT ATC GTT GAA GAA GCA GAC TTT TTT TTA TTG TCC GAT GAC AAT TTA GAT AAT TTT GAC ACG TTT ATG AAT GCC TAC TTT CTA AGA GAA TTC GCA AAA GTT TGT ATT GCT TTC GTT AGC GAA CGT GCC TTA GTC ACT GTT GAC CTA GAT GAT TTA GGC GAA GAA TCA ATT AAA AGT AGC ACG GAT AAC GTT GAA CGA GGA CTA TCC GAT CGT TGT AGA ATA GAA GAA GAA GAG GTT AGA GTG TTG ATC GAA AAT CGT GGG TTT TTA ACC GAA GGG AAT ATT CCT GGC CTG GAT AAG GGC ATG ATT TCC TTG TTG AAA GCT CGC CAA TTA GAA GAC AAG ATG ACT GAA GCT AAG ATG TTC AAG GCA CCT GAA AGG TTG GTT ACT TGC ACT GAC ATG GAT AAA CTG GGT TTC CGA GGT TAC CCA CCT CAG GAA TGT TTG CAT GAA ACT GAC TGC AAC TTA AGA AAC GTT GTA CGT AGG TTT ATT ATA GAG GTG GAT GTG GTG TTA TAT GCT GCC TGC GAG GAA AAA AAG TTA TTT TTT AAA AGA AAA GTG ATT ATC TCC ACA CGA GGT TTA TGT AGA GAA TGT GCT CAG TCC AAG GTC ATG AGA GTA AAA CGA GGG TCC ATT CAA GAA TGG GAT TGT GTT AGC GAA TTT TTG GAA CAG AGA CGA GTG GAA GGT AGA TTC TTG CTA TTC AGA GAA GTG GGC GAA TTT CAC GAA ACT CCA AAG TTC ATA CAT TTA GGG GCT ATT TTG CTG GAG AAG CAA TTT GAT GAC CCT GCA GAG AGC CGT GAC CTG ACA GCC TTA ATC ATG GAA AAA TTT GCC CGT GTT GCT TTA GAA AAC GTT CAA AGA CCT GAG ATG TGC ATT AGA ATT TCC AAA GAC TTA TGT AGC GCT ATC TTG AAA TTA AAA CCT GCT ATC TCC AAC TCA ATT CAT GAT TCA CTA GAT TTG TTA TCC GAA GAG GAA CAA GTA CAC GAT GAC ATT GAA AGA GTA AAG GAC CGT ACG GAG ATG GAA AAG TTC GAG ATA CAG GCA TTG TTA ATT TTC ATG TTA AGA GGG AAT TCC CTA TCT ATT GAT AGT GCT ACC ATG CGA 
Spar                            CAG TTG CAA GAA GAT TCC TTG GTT AGG CGT GAA ACC TTT TCA ATC GCA GCC AGG TTA TTC GAA AGA CAG GAT TTA GAA TAT TCC CTA AAT GTC AGG ATA GAG ATT GAT ATC GTT GAA GAA GCT GAC TTT TTT TTA TTA TCC GAT GAC AAC CTA GAC AAC TTT GAT ACG TTT ATG AAT GCG TAC TTT TTA AGA GAA TTC GCA AAA GTT TGT ATC GCT TTC GTT AGC GAA CGT GCC TTG GTT ACT GTT GAC CTT GAT GAT TTA GGC GAA GAG TCT ATT AAA AGT AGC ACG GAT AAC GTT GAA CGA GGA CTT TCC GAT CGT TGC AGA ATA GAA GAA GAA GAG GTT AGA GTG TTG ATC GAA AAT CGT GGT TTT TTG ACT GAG GGT AAT ATT CCT GGT CTG GAC AAC GGC ATG ATT TCC TTA TTG AAA GCT CGT CAA TTA GAA GAC AAG ATG ACT GAA GCC AAC ATG TTC AAG GCA CCT GAA AGG TTG GTT ACT TGC ACT GAT ATG GAT AAG TTG GGA TTC CGA GGT TAC CCG CCT CAG GAA TGT TTG CAT GAA ACG GAC TGT AAC CTA AGA AAT GTC GTA CGT AGA TTT ATT ATA GAG GTG GAT GTG GTG TTG TAC GCT GCG TGT GAA GAA AAA AAG CTA TTT TTT AAG AGG AAA GTG ATT ATC TCT ACA CGA GGT TTA TGC AGA GAG TGT GCT CAG TCT AAG GTC ATG AGA GTA AAA CGA GGT TCC ATT CAG GAA TGG GAT TGT GTC AGC GAG TTT TTG GAA CAG AGA CGA GTG GAA GGT AGA TTC TTG CTT TTC AGA GAA GTG GGT GAA TTT CAC GAG ACC CCA AAA TTC ATA CAT TTA GGT GCT ATT TTA TTG GAA AAG CAA TTC GAT GAC CCT GCA GAG AGC CGT GAC TTG ACA GCG CTA ATC ATG GAA AAA TTT GCC CGT GTT GCT CTA GAA AAC GTT CAA AGA CCT GAA ATG TGT ATT AGA ATT TCT AAA GAC CTA TGT AGT GCC ATC TTA AAA TTA AAA CCT GCT ATC TCA AAC TCA ATT CAC GAT TCT CTG GAT TTG TTA TCT GAG GAG GAA CAG GTA CAT GAC GAT ATT GAA AGA GTA AAA GAC CGT ACC GAG ATG GAA AAG TTC GAG ATA CAA GCT TTA TTA ATC TTT ATG TTA AGA GGT AAT TCC CTT TCA ATT GAT AGT GCC ACC ATG CGA 
Ncas                            CAA AGG CAA GAG GAT TCC TTG GTA AGA CGT GAA TCG TTT TCC TTA GTT CTG AGA TTG TTT CAA AGA CAA GAT CTA GAA TAC TCC TTA AAT GTT AGA ATG GAA ATT GAT ATC GTT GAA CAA GCA GAC TTT TTT CTA TTG TCC GAT GAT AAT TTA GAA AAT TTT GAT GAC TTT ATG AAT GAG TAT TTT TTA AGG GAA TTT GGG AAG GTC TGT ATA GCT TTT GTT AGT TCC AGA CTG TTG ATT ACG GTC GCC CTA GAT GAC TTG GGA GAA AAG TCT ATT AAG AGT AGT GAC GAC AAT GTC GAA GGA GGG TTG TCC GAG CGT TGC AGA ATT GAA GAA GAA GAA ACT AGA GTC TTA ATC GAA AAC CGT GGT TTT TTG ACC GAA GGT AAT ATC CCT GGT TTA GAA AAC GGA AAT ATC TCC TTA TTA AGA GCC CGT CAG TTG GAG GAC AAG ATG ACA GAA GGT AAC AAT TTC AAG GGG CCA GAT AGA TTA GTT ACC TGT ACC GAT ATG GAC AAA TTG GGC TTT AGA GGT TTT CCA CCT CAA CAA TGT TTG CAT GAA ACG GAT TGT AAT TTA AGA AAT GTT GTT CGT AGA TTT ATC ATG GAA GTG GAT GTC GTG TTG TAC GCA GAG TGT GAG GAG AAG AAA TTA TTT TTT AAA AGA AAG ATT ATT ATT TCT ACC GGA TCG TTG TGC AGA GAA TGT GCA CAA ACA AAG GTC ATG CCA GTT AAG GGA GGT TCC ATC CAA GAA TGG GAT TGT GTT AGT AAG TTT ATC GAA CAA AGA AGA GTA GAA GGT AGA TTT TTA CTA TTT AAA GAG ATT GGT GAG TTT CAT GAA ACT CCT AAA TTT ATT CAC TTA GGT GCC ATT TTG AGG GAG AAA CAA TTT GAT GAC CCA GCT GCT AGT CGT GAC AGG ACC GAG TTA ATT ATG GAA AAG TTT GCT AGA GTT GCA TTA GAG AAT GTC CAA CCA TTG GAG ATG TGT ATT AGA ATT TCT AGA GAT TTA TGT AGT GTG ATT TTG AAA TTA AAA CCT GCC ATC TCC AAT TCC ATT CAT GAT TCT TTA GAT TTG TTG TCT GAA GAA GAG CAA GTG AAT GAC GAT ATT GAT AGG GTG AAA GCC CGT ATA GCT ATG GAA AAG TTT GAA ATT CAA GCA TTG CTA TTC TTC ATG TTA AGA GGT AAT GGA TTG AAC ATT GAT AGT GGT ACA ATG AGA 
Cgla                            CAG ATG CAA GAG GAT TCT TTG GGA AGA CGT GAG GCA TTC TCG TTG GTC GCG AGG TTG TTT GAA AGG CAG GAC CTG GAG TAC TCA TTG AAT GTA AGA ATG GAA ATT AAC ATT GTT GAA GAA ACA GAT TTT TTC CTT TTG TCA GAT AAC AAT TTG GAC AAT CTG GAT ACG GGA ATG AAT CCG TAT CTG TTG AGG GAA TTT GCG AAG GTG TGT ATG GCT TTT GTT AGC GAG CGT GCG TTG ATT ACT GTT GTA TTG GAT GAT TTG GGA GAA CAA TCA ATT AAG AGT AGT ACG GAT AAT GTG GAG AAA GGT TTG TCG GAA AGA TGC AGA ATC GAA GAA GAA GAG CTC AGA GTC TTA ATT GAA AAT CGG GGA TTT CTT GGC GAA GGA AAT ATT CCA GGT CTT GAC TCG GGA GCA ATT TCT CTA TTA AAG GCT CGT CAA TTG GAG GAC AAG ATG ACT GAA GCT TCG GCA TTT AAG GCG CCA GAA AGA TTA GTT ACA TGT ACA GAT ATG GGT AAA CTT GGT TTT AGG GGG TAT CCA CCA CAA GAA TGT TTG TAT GAG ACG GAC TTT AAC TTG AGA AAC GTA GTC CGT AGA CTG ATT ATG GAA GTT AAC GTC GTT CTT TAC GCC CCG TTT GAA GAA AAG AGA CTA TTT GGA AAA AGA AAG ATT ATC ATA TCT ACA AAA TCT TTG TGC AGA GAA TGT GCC CAA TCC AAG GTT ATG CAA GTC AAG AAA GGA TCG ATT CAG GAA TGG GAT TGT GTA AGT CAA TTT CTC GAG CAG AGA AGG GTT GAA GGT AGA TTT TTA TTG TTT AGA GAA ATT GGT GAG TTT CAT GAA ACT CCA AAA TTT ATC CAT CTA GGA GCT ATT TTG ATG GAA AAG CAA TAC GAT GAT CCA GCA GAA AGC AGG GAC ATG ACA CCG CTA ATA ATG GAA AAG TTC GCT CGT ACG GCC CTA GAA AAC GTT CAA CAA TCG GAA ATG TTT ATC AGA ATA TCT AAG GAC TTG TGT AGT GCT ATC TTG AAA CTA AAG CCA GCT ATT TCG AAC TCC ATT CAT GAA TCA TTA GAC TTG TTG TCT GAA GAG GAG CAG GTT AAT GAC GAT ATC GAA AGG GTT AAA GTA AGA CTG GAA ATG GAG AAG TTT GAA ATC CAA ACA TTG CTT ATT TTT ATG TTA AGA GGA AAT CTG TTG AGC ATA GAT AGT GCT ACA ATG GTA 
Agos                            CAG AAA CAG GAG GAT TCT TTG ATG AGA CGT GAA GCA TTT TCA ATT GCC GCT CGG CTC TTC GCC CGG CAG GAA CTG GAG TAC TCC CTA AAC GTA CGG ACC GAG ATC AAC ACA GTT GAG GCC GCA GAC TTC TTT TTG CTC TCC GAC AAC AAT CTA GAG AAT TTC GAC TCA GAG ATG CAG GCG TAC TTC CTA CGT GAG TTC GCA AAG GTG TGT ATA GCG TTC GTT AGT GAG CGT GCT CTG ATA ACC GTG GAA CTT GAC GAC CTT GGT GAA CGA TCG ATC AAA AGT TCA TCA GAC AAC GTG GAG AAA GGG CTG TCG GAA CGC TGT AGA GTC GAA GAG GAG GAG TTC CGG GTC CTC ACA GCA AAC CGG GGA TTC CTA GGT GAA GGA AAC ATC CCG GGA CTC GAG CAG GGT ACC ATC TCT CTG CTC AAC GCG CGT CAG CTT GAG GAC AAG ATG ACG GAG GCG CAG ACC TTT AAG GCA CCT GAG CGG CTC GTT ACT TGC AAG GAT ATG GAT AAA TGG GGG TTC CGC GGA TAC CCT CCG CAG GCC TGT TTG CAC GAG AGC GAT TTC AAC CTA CGG AAC GTA GTG AGG CGG TTC ATC ACC GAA GTA AAC GTC GTA CTA TAC GCT GCG TTC GAG GAG AAG AAG CTG TTC GAG AAA AGA AAG CTC ATT ATT TCA ACG AAA ATG CTG TGT AGA GAA TGC GCT CAG TCC AAG GTT ATG CCG GTG AAG AAA GGA TCG ATC CAG GAG TGG GAC TGT GTA TCA CGA TTT CTA GAA CAG AGA CGC GTA GAG GGC AGA TTC CTC CTT TTC AAG GAG CTC GGA GAG TTT CAT GAG ACC CCA AAG TTC GTC CAC CTT GGA GCC ATT CTC AAA GAG AAA CAG TAC GAC GAC CCT GCG GAG AGT CGG GAC AAA ACG GCG CTG ATT ATG GAG AAG TTT GCC CGT ACT GCT CTG GAG AAT GTG CAG CCG CCC GAG ATG TTC ATT AGA ATC TCA AAC GAT CTA TGT TCG GCA ATC CTC AAG CTT AAG CCG GCG ACA TCA AAC TCG ATT CAC CGG TCG CTG GAT TTG CTT TCA GAG GAA GAG CAG GTG CAC GAC GAT ATT GAG CGT GTG AAG GAA CGC ACT GAG ATG GAA AAG TTC GAG GTC CAG GCA CTC TTG GTC TTC ATG CTG CGG GGA AAT TCA CTG GTG ATC GAC GCG GCG ACG ATG CAC 
Klac                            CAA AAT CAA GAG GAT TCC TTG GAT AGG CGT GAA TCA TTT TCA ATG GCC GCA AGA TTG TTT GCT AGA CAG GAT TTG GAT TAC TCT TTG AAC GTT AGA ACC GAG ATC AAT ATC GTT GAG GCT ATG GAT TTT TTC TTG ATT TCT GAT AAT AAC TTG GAA AAC TTC GAT TTT ATT ATG GAA GCT TAT TTC TTG AGA GAA TTT GCA AAA GTT TGT ATA GCT TTT GTT AGC GAA AGA GCA TTA ATA ACT GTT GAT TTG GAC GAT TTG GGG GAA GAA TCT ATC AAG AGT TCT TTT GAC AAC GTT GAA TCC GGA TTG TCT GAA CGA TGT AGA GTG GAG GAA GAG GAA ACT AGA ATC TTG ATC GAT AAT CGT GGC TTT TTG CCA GAA GGC AAC ATT CCT GGT CTA GAA CAA GGG ACA ATT TCC TTA TTG AAG GCT CGT CAG TTG GAG GAC AAA ATG ACG GAA GCT CAA ACA TTC AAG GCA CCG GAA AGA TTG GTT ACT TGT AAG GAT ATG GAC AAA TTG GGT TTT CGC GGG TTC CCA CCT CAG GCT TGT TTG TAT GAT AGT GAC TTT AAC TTG AGA AAT GTT GTG AGG AGA TTC ATT ACC GAA GTT AAT ATC GTT TTG TAT GTC GCT TTT GAG GAG AAA AAA CTA TTT ATT AAA AGG AAG ATA ATT ATC TCG ACC TCC TCA TTG TGT AGA GAA TGT GTC CAG GTT AAG GTC ATG GCT GTG AAA TCC GGC TCT ATT CAA GAA TGG GAT TGT GTT TCT GAA TTC CTT GAA CAG AGA CGC GTG GAA GGT AGA TTT TTG TTG TTC AGA GAG ATA GGT GAG TTC CAT GAA ACA CCT AAA TTT GTG CAT CTA GGC GCC ATT TTG AAT GAG AAA CAA TAT GAT GAT CCG GCT GAA AGC CGT GAC AAT ACC GCT CTA ATC ATG GAA AAG TTC GCG AGA ACT GTC CTA GAA AAT GTT CAA GCT CCT GAG ATG TTT ATT AGA ATT TCG AAG GAC TTG TGT AGT GCT ATT TTG AAA CTA AAG CCT GCT ATC TCA AAT TCT ATT CAT GAT TCT CTT GAC TTG TTG TCG GAA GAA GAG CAA GTG AAC GAT GAT ATT GAA AGA GTG AAA GAT CGA ACT GAA ATG GAA AAA TTC GAA GTG CAC ATG ATT TTG GTG TTC ATG CTA AGA GGC AAT TCG TTG AAC GTT GAC GCC GCT ACT ATG CGG 
Calb                            CAG ACT CAA TCG GAT TCA TTA TTG AGA AGA GAG AAA TTT CAA TTT GCT GCG AGA TTG TTT CCC AGA CAA TTG CTT GAG TAT AGT TTA AAT GTA AGA CCT GAA ATA AAT TTG ATA GAA CCC ATG GAT TTC TTT TTG CTA AGT GAT GGT AAC TTA GAA AAC TTT GAC ACA CTC ATG AAT GAT TAT TTT TTA AGA GAT TTT GGT AAA GTT TGT TTG GCA TTT ATA AGC ATC CGA GCG TTG ATT ACT GTA GAT TTA AAC GAT TTA GGT GAA TTT TCT ATA AAG AGT AGT ACA GAT AGT GTT GAA TGC AAG TTA TCA CAA AGA TGT AGA GTT GAA GAG GAA GAA TTA CGT GTG TTA TTG GAT AAT AGA GGG TTC TTG ACC GAA GGG AAT ATT CCA GGT TTA GAA AAA GGT ACA ATT TCA TTG TTA GGC GCA AGA CAA TTA TCG GAT AAG ATG ACT GAA GCC AAA ACA TTC AAG GGT CCA GAA AGA TTA ATA ACT TGC AAG GAT ATG GAC AAG CTA GGT TTT AGA GGT TTT CCA CCA GAG CCC TGT TTA GAT GAG AAT GAT TGC TCC TTA CGT AAC GTA GTA AGA AGA TTT ATT CCT GAG GTT AAT GTG GTT TTG TAT GCC GAT TGC GAA GAA AAA AAG TTG TTC CTC AAG AGA AAA ATA ATT ATC TCA ACT TGC TCA TTG TGT AGA GAA TGC GCC GAG ACT AAG GTT TTA CCT GTA AAA TGC GGG TCA ATT AAA GAG TTT GAT TGT GTA AGT TTT TTT ATA GAG CAA AGA AGA GTT GAA GGT AGA TTT TTA TTA TTC AAG GAA ATA GGT TCG TTT CAT GAA ACA CCA GAA TTT GTT CAT TTA GGG GCC ATC TTG ACT GAA AAA CAA AAG GAT GAT CCA GCC GAA AGC CGT GAT ACT ACT GAT TTG ATC ATG GAA AAA TTT GCT CGA CAC GCC TTG GAG AAC GTA CAA CCT AAT GAA ATG TGC ATT AGA ATT TCA GGC GAT TTA TGT AGT GCC ATC TTG AAA TTA AAA CCA GCA TTG CAA AAT TCT ATC CAT AAT TCT TTG GAT TTA TTA TCA GAA GAC TCG AAA GTA AAC GAC GAT ATT GAA AGA GTA GAA GAT AGA TTT GAA ATG GAG AAG TTC GAG GTT ACC ATG CTA TTG GTC TTT ATG TTA CGT GGG AAC TCG TTA GAG ATC GAC ACT GCC ACC TTA AGA 



Printing out site pattern counts


         9        699  P

Scer                            AAA AAA AAA AAA AAA AAA AAC AAC AAC AAC AAC AAC AAG AAG AAG AAG AAG AAG AAT AAT AAT AAT AAT ACA ACC ACC ACC ACC ACG ACG ACT ACT ACT ACT ACT AGA AGA AGA AGA AGA AGA AGA AGA AGC AGC AGC AGG AGG AGT AGT ATA ATA ATA ATC ATC ATC ATC ATC ATG ATG ATG ATT ATT ATT ATT ATT ATT ATT CAA CAA CAA CAA CAA CAC CAC CAC CAG CAG CAT CAT CCA CCA CCT CCT CCT CGA CGA CGA CGA CGT CGT CGT CGT CGT CGT CTA CTA CTA CTA CTC CTG CTT GAA GAA GAA GAA GAA GAA GAA GAA GAA GAA GAA GAA GAA GAA GAA GAA GAA GAA GAA GAA GAA GAA GAC GAC GAC GAC GAC GAC GAC GAG GAG GAG GAG GAT GAT GAT GAT GAT GAT GAT GAT GAT GAT GAT GAT GAT GAT GCA GCA GCA GCC GCG GCG GCT GCT GCT GCT GCT GCT GCT GGA GGC GGG GGT GGT GGT GGT GGT GTA GTA GTA GTC GTC GTC GTG GTG GTG GTG GTG GTT GTT GTT GTT TAC TAC TAC TAT TCA TCA TCA TCA TCC TCC TCG TCT TCT TCT TGC TGC TGG TGT TGT TGT TTA TTA TTA TTA TTA TTA TTA TTA TTC TTC TTG TTG TTG TTG TTG TTG TTG TTG TTT TTT TTT TTT TTT TTT TTT TTT TTT TTT 
Sbay                            ... ... ... ... ..G ..G ... ... ... ... ..G ..T ..A ..A ... ... ... ... ..C ..C ... ... ... ..G ... ... ... ... ..C ... ..C ..C ... ... ... ... ... ... ... ... ... ... ..G ... ..T ..T ..A ..A ..C ... ... ... ..T ... ..T ..T ..T ..T ... ... C.. ..C ..C ..C ..C ... ... ... ... ... ... ... ... ... ..T ..T ..A ... ... ... ... ... ..A ..A ... A.. ... ... ..T ..C ... ... ... ... ... ... T.. T.G T.G T.A T.A ... A.. ... ... ... ... ... ... ... ... ... ... ... ... ... ... ... ... ... ... ... ..G ..G ... ... ..T ..T ..T ..T ..T ..A ..A ... ... ..C ..C ..C ... ... ... ... ... ... ... ... ... ... ... ... ... ... ..A ..C ... ... ... ... ... ... ... ... ..C ... ... ..C ... ... ... ... ... ... ..T ... ..T ..T ..A ... ... ... ..T ..C ... ... ... ... ..T ..T ..C ... ... ..C ..C ... ... ..A ..C ..C ..G ..T ..T ... ..C ... ... C.. C.G C.G ... ... ... ..G ..G ... ..T C.A C.. C.. ..A ... ... ... ... ..C ..C ... ... ... ... ... ... ... ... 
Smik                            ... ... ... ... ... ... ... ... ... ... ..G ..T ... ... ..A ... ... ... ..C ... ... ... ... ... ... ..T ..T ..T ... ... ..C ... ... ... ... ... ... ... ... ... ... ..G ..G ... ... ..T ..A ... ..C ... ... ... ..T ..T ... ... ..T ..T ... ... ... ..C ..C ... ... ... ... ... ... ... ... ... ..G ... ..T ..T ... ... ..C ... ... ... ... ... ... ... ... ... ..T ..C ... ... ... ... ... T.. ..G T.. T.G ..A ..A ..A ... ... ... ... ... ... ... ... ... ... ... ... ... ... ... ... ..G ..G ..G ..G ... ..G ... ... ... ... ..T ..T ..T ..A ..A ... ... ..C ... ... ..C ..C ... ... ... ... ... ... ... ... ... ... ... ... ... ..C ..C ..A ... ... ... ... ... ... ..C ..A ..T ..G ..C ... ... ... ... ... ..C ... ..T ..T ... ... ... ... ..T ... ... ... ... ... ..T ..T ..C ... ..C ..C ..C ... ... ..T ..C ..C ..A ... ..T ... ..C ... ... ... ... ... ... ... ..G ... ..G ... ... C.A ..A ... C.. C.. ..A ... ... ..C ..C ..C ... ... ... ... ... ... ... 
Spar                            ... ... ... ... ... ... ... ... ... ... ... ... ..A ... ... ... ... ... ... ... ... ... ... ... ... ... ..T ..T ..C ... ... ... ..C ..G ... ... ... ... ... ... ... ... ..G ... ..T ..T ... ... ..C ... ... ... ..T ... ... ... ... ..T ... ... ... ..C ..C ... ... ... ... ... ... ... ..G ..G ... ... ... ..T ... ... ... ... ... ..G ... ... ... ... ... ... ..T ... ... ... ... ... ... ... ..G ... T.. ..T ... ... ..G ... ... ... ... ... ... ... ... ... ... ... ... ... ... ..G ... ..G ..G ..G ... ..G ... ... ... ... ... ... ..T ..A ... ... ... ..C ... ... ... ... ... ... ... ... ... ... ... ... ... ... ... ... ... ..C ... ... ..C ..C ... ... ... ... ..C ..A ..A ... ... ... ... ... ... ... ..T ... ... ..T ... ... ... ... ..T ... ... ... ... ... ... ..T ..C ... ..C ..C ..C ..A ... ..A ... ... ... ... ..T ... ... ..C ... ... ... ... ... ... ... ... ... ... ... ..A ... ... ... ... ... ... ... ..C ..C ... ..C ... ... ... ... ... ... 
Ncas                            ... ... ..G ..G ..G .G. ..T ..T ..T ..T ... ..T ..A ... ..A ..A ..A ... ... ... ..C ... ... ..C ..A ..T ... ... .TA GAC ..C ..A T.G ..G ..G .A. ... ... ... ..G CC. ... ... ..T ..T ..T ..A ..A ... ... ..G ..T ..T ..A ... ..T T.. ..T ... ... .AT ... T.A ... ... ..C ... ... ... ..G ... ... ... ..T ..T ... ..A ..A A.. ... ..T ... ..A ... TTG A.. A.. G.. ..T ... A.A ... ... ... ... T.. T.. T.. T.G ..A T.A T.G A.G C.. ... ... ... ... ... ... ... ... ..G ..G ..G ..T TCC ... ..G ... ... .CT ... ... ... ..T ..T .C. ..A ... ... ..A ..A ..A ..A ..C ... ... ... ... ..C ..C ..G ... ... ... ... ... ... ..T .GG .TT ..T CT. .A. ..A .G. .TG ..A ..C ..C ... ... ..G ..C ... ... ... ... TCG ..G ..T A.T ... ..T ..T ..C A.T ..A ... ..C ..C AC. ..A ... .TT ... ... ... ..C ..C GG. ..C ... ... AAC A.A ... ... ..T ..T ... ... ..C ... ..G C.. ..G ... ... ..G C.. ... ..T ..T ..A ... A.C ... AG. ... ..A ... ..C ... ..C ... ... ... ... ... ... ... 
Cgla                            ... ..G ..G ..G ..G ..G ... ... ... ..T TCG ..T ..A ... ..A ... .GA ... ..C ... ... ... ... ... ..A ..T ..A ..A CT. ... GGC ... G.A ..G ... ... ... ... ..G ..G CA. ... ..G ... ..T ..T ..A ..A ... ... ..G ..C ..C ..G ..T ..A ..T ... ... ... GCA ..C T.G ..A ... ... ..A ... ... ... ..G ..G ... ..T ..T ..T ..A ... A.. T.. ... ... ..A ..A T.G GT. A.G AA. A.G ... ... A.A ..G ... ... T.G ..T ... T.G T.G T.A T.G C.. ... ... ... ... ... ... ... ..G ..G ... ... ..G ... ..G ... ... ... ... ... ..G ... ... A.. ... .TA ... ... .GT ..A ..A ... ... ... ..C ... ... ... ... ... ..A A.C ..A ..C ... ... ... ... ..G .TC ..T ... C.. A.A ... ... ..C ... ... ... ... ..T ..T ..A ... ..G ... TC. ..T ..C A.T ..T ..A ..T ..C A.T ..T ..T ... ... C.C .GA ACG ..T ... ... ... ..C ..G CTG ..T ..G ..A AGC ..C ... ..A ..T ..T ... .T. ..C ... ..G C.G ..G C.. ... ..G C.T C.. ..T ..T ... C.T C.C C.T A.. ... ..A ... ... ... ... .AC C.G GGA ..C ..C ... ... 
Agos                            ..G ..G ..G ..G ... ..C ... ... ..T ... C.G ..T ... ... ..A ..A ... ... ..C ..C ..C ... C.G ..G ..G ... .AG ..T ..T T.A GG. ..G G.A .GC ..C .AG ... C.G C.G C.T CCG C.G C.G ..T TCG GCG ..A C.. TCA ... .CC G.C ..T ..A .CA ..T G.. ..T ... ... .CC ..C ... ..C ..C ..C ..C ... ..G ..G ..G ..G ..G ..T ... ... ... ... ..C ..C ... ..T ... ..G ..C .AC ..C AA. ..G ... ... ..C ..G A.G ... ... ..C ..G ..C ..T ... ..G CG. .CC ... ... ..G ..G ..G .C. ... ..G ..G ..G ..G ..G ..G ... ..G ... ..G ..G ..G ..G ... A.. ..T ..A ..G ... ..T ... ... ..A ... ..C ..A ..C ..C ... ..C ..C ..A A.C CGG ... ..C ..C ... ..G ... ..C ... ..T ... ..A ..G ..A ... ..C ..G ..G ..T ..G ... ..A ..A ..A ..C ATG ..G ..G A.. ..T ..A ..T ..C C.C ..A ..A ... ..G T.C A.G AC. ... ... ... ..C ..G ..G ... ..T ..A ... GT. ..C ..A ..G ... ... ... .TC ... ... C.T C.G C.G C.T C.G C.C ..G C.G ... ... C.A C.A C.A .G. AAA C.. C.C ... ... ..C ..C .AC ..C GAG ... ... ..C ... 
Klac                            ... ..G ... ..G ..G ..G ... ..T ..T ... C.A ... ..A ..A ..A ..A ..A ... ... ..C ... ... G.A ..C ..T ..A .AG ..T ..T TTT C.A ..G T.A .G. ... ... ... ... ... ... GCT ... ... ... ..T GC. ... ..A TC. ... .CC G.G ..T ..A ... ... G.G ..T ... ... .CA ... ..G G.. ..C ... ... ... ... ..G ... ... ..C ..T ..T ..T ... ... A.C T.. ..T ... ..G ... ... ..G ..C TCC ..T ... A.A ..A ... A.G ... T.G ... ... T.G T.G ..T T.G ... .CT ... ..G ... ... ... ..T ... ... ... ..G ..G ... ... ... ..G ... ..G ... ..T ... ... A.T ... ..T ..A ..T ... ... ..A ..A ..A ... ... ..C ... ... ..C ... ..A A.. ... ..C ..C ... ... ..T ... ..C ..G ..A ..T ATG ... ... .TC ..C ... ... ..G ..A ..T ..C ... ..G ... TCA ..G ..G A.. ... ..T ..T A.C A.A ... ..T ..T ... AC. .A. AC. .T. ..T ... ... ..T ..T ..G ..C ..A ..T AAC GT. ..G ... ..T ..T ... .T. ... ... ..G ..G ..G C.. C.. A.T ..G ... ... ..T ... ... C.T ... AAT ..A ... ... ..C ... ..C .A. ..C A.. ..C ... ... ..C 
Calb                            ... ... ... ... ..G GGC TC. ..T ... .GT ..A ... G.A ... ... ..A ... ... ..C ... ... ..C ... ..T ... ..A .AG ..T TTT ..A ..C ... .AA .A. ... .AG ... C.T ... ... CCT ... ... ... ..T .CT ..A ..A ... ... CCT G.T ..T T.G T.G ... G.. ..T ... T.A .CA ..C T.. ..C ..A ... ... ..C ... ... A.. ..G ACC ..T ..T ..T G.. ..A A.C G.. ... ... ..A ..A AA. A.. A.. T.C ..T A.A ..A A.A A.A A.A A.A T.. T.. T.G T.G T.A T.. T.A TTT CCC ... ... ... ..G ..T ..T ..G ... ..G ... TCG ... ATC ... ... ..G ... ... ..G ..G ..T .GT ..T ..T ..A ... ... ..A ..A ..C ..A ... TTG ..C ..C ... ... ... C.A A.. A.. ... A.C ... ... ..C .GT ..T ..T ... .AT ATG ..C ..C ..C ..C ..A ..A ..T AAG ..T ..G ... ... ... TCA ... ... A.T ..T ..A A.A ... A.A ..T ..T ..T ..A T.A T.G CAC .TT ..T ..T ... ..T ... ..G ... CAA AGT GA. A.. ..A ... ... ... .TT ..C ... ... ... C.T ..G ... ... C.. ..G ..G ... ..T ..A ... A.A C.A ACT ... ..A ..A ..C ... ... AAG ... C.C ... ... ..C ... 

    1    1    3    2    1    2    1    1    1    1    2    2    2    2    2
    1    1    2    1    2    1    1    1    2    1    1    1    1    1    2
    1    1    1    1    1    1    5    3    1    2    2    1    1    2    1
    1    2    2    2    1    2    3    1    1    3    2    1    2    7    2
    2    1    1    1    2    4    1    2    3    1    2    1    1    1    1
    1    2    2    1    1    1    1    2    3    1    1    2    3    1    1
    2    2    1    1    1    4    1    3    3    2    1    2    2    3    1
    1    3    2    1    1    3    1    1    2    4    2    1    2    3    1
    1    2    2    1    2    1    2    2    2    1    1    2    2    1    1
    2    1    1    1    2    1    1    1    2    1    1    1    3    1    1
    2    1    1    2    3    2    2    1    3    1    2    1    2    1    1
    5    2    1    1    1    2    2    1    1    3    3    2    2    1    2
    2    2    1    1    1    1    1    1    1    1    2    1    2    2    2
    1    1    3    2    1    1    1    3    2    4    3    1    1    2    1
    2    2    1    2    2    1    2    1    1    3    1    4    3    1    4
    1    1    3    2    2    1    3    2

CODONML (in paml version 4.9j, February 2020)  temp.nuc
Model: One dN/dS ratio, 
Codon frequency model: Fequal
ns =   9  ls = 393

Codon usage in sequences
--------------------------------------------------------------------------------------------------------------------------------------
Phe TTT  20  17  14  14  23  18 | Ser TCT   6   0   1   6   5   6 | Tyr TAT   1   2   2   1   1   3 | Cys TGT   9   8   7   8   9   6
    TTC   4   7  10  10   3   3 |     TCC   4  11  13   7  10   2 |     TAC   3   2   2   3   2   3 |     TGC   2   3   4   3   2   2
Leu TTA  13  10  20  17  19   6 |     TCA   6   4   3   4   0   4 | *** TAA   0   0   0   0   0   0 | *** TGA   0   0   0   0   0   0
    TTG  16  20  14  15  19  23 |     TCG   1   2   0   0   2   7 |     TAG   0   0   0   0   0   0 | Trp TGG   1   1   1   1   1   1
--------------------------------------------------------------------------------------------------------------------------------------
Leu CTT   2   2   0   4   0   6 | Pro CCT   6   1   6   6   4   0 | His CAT   2   4   3   3   3   3 | Arg CGT   8   8   8   9   7   5
    CTC   2   0   0   0   0   2 |     CCC   0   0   0   0   0   0 |     CAC   3   1   2   2   1   0 |     CGC   0   1   1   0   0   0
    CTA  11   8   6   7   5   6 |     CCA   2   7   2   1   5   7 | Gln CAA   8  10   7   5  14  11 |     CGA   7   5   6   6   0   0
    CTG   1   7   5   2   2   6 |     CCG   0   0   0   1   0   3 |     CAG   4   2   5   7   1   5 |     CGG   0   0   0   0   0   1
--------------------------------------------------------------------------------------------------------------------------------------
Ile ATT  12  16  15  13  18  15 | Thr ACT   5   3   7   5   2   3 | Asn AAT   6   5   7   6  14   9 | Ser AGT   3   3   2   3   7   5
    ATC   9   6   7   9   8   7 |     ACC   4   7   2   4   5   0 |     AAC   8   7   5   8   4   7 |     AGC   4   4   5   4   0   3
    ATA   6   5   5   5   2   4 |     ACA   2   0   2   2   3   7 | Lys AAA  10  13  12  12   9   8 | Arg AGA  16  20  16  15  22  17
Met ATG  11   9  11  11  11  15 |     ACG   3   4   3   3   2   4 |     AAG  10  11  10   8  12  14 |     AGG   4   1   4   5   5   7
--------------------------------------------------------------------------------------------------------------------------------------
Val GTT   5  12  13  11  10  11 | Ala GCT  12  12  10   9   5   8 | Asp GAT  19  23  18  18  19  13 | Gly GGT  10   5   4  10  11   6
    GTC   7   3   2   4   7   5 |     GCC   1   2   6   6   5   3 |     GAC  11   7  12  12  10   9 |     GGC   1   8   4   2   1   1
    GTA   5   6   4   4   2   6 |     GCA   4   5   6   4   5   4 | Glu GAA  40  39  36  33  28  33 |     GGA   2   0   1   2   6  10
    GTG   9   5   7   7   5   2 |     GCG   5   3   0   3   0   4 |     GAG   6   5  10  13  14  13 |     GGG   1   1   5   0   3   1
--------------------------------------------------------------------------------------------------------------------------------------

--------------------------------------------------------------------------------------
Phe TTT   6  15  21 | Ser TCT   2   9   3 | Tyr TAT   0   4   3 | Cys TGT   6   8   6
    TTC  19  12   6 |     TCC   3   5   1 |     TAC   5   1   0 |     TGC   2   0   8
Leu TTA   0   2  26 |     TCA  10   4   8 | *** TAA   0   0   0 | *** TGA   0   0   0
    TTG   5  29  20 |     TCG   6   4   5 |     TAG   0   0   0 | Trp TGG   2   1   0
--------------------------------------------------------------------------------------
Leu CTT   7   2   1 | Pro CCT   3   5   4 | His CAT   1   3   3 | Arg CGT   6   4   4
    CTC  12   0   2 |     CCC   1   0   3 |     CAC   5   1   1 |     CGC   4   2   0
    CTA   8   7   3 |     CCA   1   2   7 | Gln CAA   0   8   9 |     CGA   2   2   2
    CTG  11   0   0 |     CCG   5   2   0 |     CAG  15   5   1 |     CGG  11   1   0
--------------------------------------------------------------------------------------
Ile ATT   8  15   9 | Thr ACT   3   6  10 | Asn AAT   4  11  10 | Ser AGT   3   3   7
    ATC   9   9   7 |     ACC   6   4   3 |     AAC  12   8   7 |     AGC   1   2   2
    ATA   2   4   8 |     ACA   3   3   5 | Lys AAA  10  12  13 | Arg AGA   7  18  23
Met ATG  11  12   9 |     ACG   4   1   0 |     AAG  16   9  12 |     AGG   1   3   0
--------------------------------------------------------------------------------------
Val GTT   4  14   9 | Ala GCT   5  15   2 | Asp GAT   7  19  23 | Gly GGT   3   4  10
    GTC   6   4   1 |     GCC   6   3   8 |     GAC  13   9   5 |     GGC   1   5   2
    GTA   6   0   9 |     GCA   7   4   3 | Glu GAA  13  31  27 |     GGA   8   1   0
    GTG   9   9   2 |     GCG  10   1   2 |     GAG  35  13  13 |     GGG   2   3   5
--------------------------------------------------------------------------------------

Codon position x base (3x4) table for each sequence.

#1: Scer           
position  1:    T:0.21883    C:0.14249    A:0.28753    G:0.35115
position  2:    T:0.33842    C:0.15522    A:0.33333    G:0.17303
position  3:    T:0.32061    C:0.16031    A:0.33588    G:0.18321
Average         T:0.29262    C:0.15267    A:0.31891    G:0.23579

#2: Sbay           
position  1:    T:0.22137    C:0.14249    A:0.29008    G:0.34606
position  2:    T:0.33842    C:0.15522    A:0.33333    G:0.17303
position  3:    T:0.30789    C:0.17557    A:0.33588    G:0.18066
Average         T:0.28923    C:0.15776    A:0.31976    G:0.23325

#3: Smik           
position  1:    T:0.23155    C:0.12977    A:0.28753    G:0.35115
position  2:    T:0.33842    C:0.15522    A:0.33333    G:0.17303
position  3:    T:0.29771    C:0.19084    A:0.32061    G:0.19084
Average         T:0.28923    C:0.15861    A:0.31383    G:0.23834

#4: Spar           
position  1:    T:0.22646    C:0.13486    A:0.28753    G:0.35115
position  2:    T:0.33842    C:0.15522    A:0.33333    G:0.17303
position  3:    T:0.32061    C:0.18830    A:0.29771    G:0.19338
Average         T:0.29517    C:0.15946    A:0.30619    G:0.23919

#5: Ncas           
position  1:    T:0.24427    C:0.10687    A:0.31552    G:0.33333
position  2:    T:0.34097    C:0.13486    A:0.33588    G:0.18830
position  3:    T:0.35115    C:0.14758    A:0.30534    G:0.19593
Average         T:0.31213    C:0.12977    A:0.31891    G:0.23919

#6: Cgla           
position  1:    T:0.21374    C:0.13995    A:0.31807    G:0.32824
position  2:    T:0.34351    C:0.15776    A:0.33333    G:0.16539
position  3:    T:0.29771    C:0.11959    A:0.31298    G:0.26972
Average         T:0.28499    C:0.13910    A:0.32146    G:0.25445

#7: Agos           
position  1:    T:0.16794    C:0.23410    A:0.25445    G:0.34351
position  2:    T:0.31298    C:0.19084    A:0.34606    G:0.15013
position  3:    T:0.17303    C:0.26718    A:0.19593    G:0.36387
Average         T:0.21798    C:0.23070    A:0.26548    G:0.28584

#8: Klac           
position  1:    T:0.23919    C:0.11196    A:0.30534    G:0.34351
position  2:    T:0.34097    C:0.17303    A:0.34097    G:0.14504
position  3:    T:0.34860    C:0.16539    A:0.24936    G:0.23664
Average         T:0.30958    C:0.15013    A:0.29856    G:0.24173

#9: Calb           
position  1:    T:0.27226    C:0.10178    A:0.31807    G:0.30789
position  2:    T:0.33842    C:0.16285    A:0.32316    G:0.17557
position  3:    T:0.31807    C:0.14249    A:0.36387    G:0.17557
Average         T:0.30958    C:0.13571    A:0.33503    G:0.21968

Sums of codon usage counts
------------------------------------------------------------------------------
Phe F TTT     148 | Ser S TCT      38 | Tyr Y TAT      17 | Cys C TGT      67
      TTC      74 |       TCC      56 |       TAC      21 |       TGC      26
Leu L TTA     113 |       TCA      43 | *** * TAA       0 | *** * TGA       0
      TTG     161 |       TCG      27 |       TAG       0 | Trp W TGG       9
------------------------------------------------------------------------------
Leu L CTT      24 | Pro P CCT      35 | His H CAT      25 | Arg R CGT      59
      CTC      18 |       CCC       4 |       CAC      16 |       CGC       8
      CTA      61 |       CCA      34 | Gln Q CAA      72 |       CGA      30
      CTG      34 |       CCG      11 |       CAG      45 |       CGG      13
------------------------------------------------------------------------------
Ile I ATT     121 | Thr T ACT      44 | Asn N AAT      72 | Ser S AGT      36
      ATC      71 |       ACC      35 |       AAC      66 |       AGC      25
      ATA      41 |       ACA      27 | Lys K AAA      99 | Arg R AGA     154
Met M ATG     100 |       ACG      24 |       AAG     102 |       AGG      30
------------------------------------------------------------------------------
Val V GTT      89 | Ala A GCT      78 | Asp D GAT     159 | Gly G GGT      63
      GTC      39 |       GCC      40 |       GAC      88 |       GGC      25
      GTA      42 |       GCA      42 | Glu E GAA     280 |       GGA      30
      GTG      55 |       GCG      28 |       GAG     122 |       GGG      21
------------------------------------------------------------------------------


Codon position x base (3x4) table, overall

position  1:    T:0.22618    C:0.13825    A:0.29601    G:0.33955
position  2:    T:0.33673    C:0.16002    A:0.33475    G:0.16850
position  3:    T:0.30393    C:0.17303    A:0.30195    G:0.22109
Average         T:0.28895    C:0.15710    A:0.31090    G:0.24305

Codon frequencies under model, for use in evolver (TTT TTC TTA TTG ... GGG):
  0.01639344  0.01639344  0.01639344  0.01639344
  0.01639344  0.01639344  0.01639344  0.01639344
  0.01639344  0.01639344  0.00000000  0.00000000
  0.01639344  0.01639344  0.00000000  0.01639344
  0.01639344  0.01639344  0.01639344  0.01639344
  0.01639344  0.01639344  0.01639344  0.01639344
  0.01639344  0.01639344  0.01639344  0.01639344
  0.01639344  0.01639344  0.01639344  0.01639344
  0.01639344  0.01639344  0.01639344  0.01639344
  0.01639344  0.01639344  0.01639344  0.01639344
  0.01639344  0.01639344  0.01639344  0.01639344
  0.01639344  0.01639344  0.01639344  0.01639344
  0.01639344  0.01639344  0.01639344  0.01639344
  0.01639344  0.01639344  0.01639344  0.01639344
  0.01639344  0.01639344  0.01639344  0.01639344
  0.01639344  0.01639344  0.01639344  0.01639344


TREE #  1:  (((((1, 4), (3, 2)), 5), 6), ((7, 8), 9));   MP score: 1198
This is a rooted tree.  Please check!
lnL(ntime: 16  np: 18):  -6271.549853      +0.000000
  10..11   11..12   12..13   13..14   14..1    14..4    13..15   15..3    15..2    12..5    11..6    10..16   16..17   17..7    17..8    16..9  
 0.179788 0.198764 0.604127 0.151997 0.187328 0.062435 0.000005 0.157379 0.298720 0.804518 0.972203 0.133819 0.333287 1.773435 0.699029 2.481091 1.681958 0.042097

Note: Branch length is defined as number of nucleotide substitutions per codon (not per neucleotide site).

tree length =  9.037924

(((((1: 0.187328, 4: 0.062435): 0.151997, (3: 0.157379, 2: 0.298720): 0.000005): 0.604127, 5: 0.804518): 0.198764, 6: 0.972203): 0.179788, ((7: 1.773435, 8: 0.699029): 0.333287, 9: 2.481091): 0.133819);

(((((Scer: 0.187328, Spar: 0.062435): 0.151997, (Smik: 0.157379, Sbay: 0.298720): 0.000005): 0.604127, Ncas: 0.804518): 0.198764, Cgla: 0.972203): 0.179788, ((Agos: 1.773435, Klac: 0.699029): 0.333287, Calb: 2.481091): 0.133819);

Detailed output identifying parameters

kappa (ts/tv) =  1.68196

omega (dN/dS) =  0.04210

dN & dS for each branch

 branch          t       N       S   dN/dS      dN      dS  N*dN  S*dS

  10..11     0.180   858.0   321.0  0.0421  0.0083  0.1978   7.1  63.5
  11..12     0.199   858.0   321.0  0.0421  0.0092  0.2187   7.9  70.2
  12..13     0.604   858.0   321.0  0.0421  0.0280  0.6648  24.0 213.4
  13..14     0.152   858.0   321.0  0.0421  0.0070  0.1673   6.0  53.7
  14..1      0.187   858.0   321.0  0.0421  0.0087  0.2061   7.4  66.2
  14..4      0.062   858.0   321.0  0.0421  0.0029  0.0687   2.5  22.1
  13..15     0.000   858.0   321.0  0.0421  0.0000  0.0000   0.0   0.0
  15..3      0.157   858.0   321.0  0.0421  0.0073  0.1732   6.3  55.6
  15..2      0.299   858.0   321.0  0.0421  0.0138  0.3287  11.9 105.5
  12..5      0.805   858.0   321.0  0.0421  0.0373  0.8853  32.0 284.2
  11..6      0.972   858.0   321.0  0.0421  0.0450  1.0698  38.6 343.4
  10..16     0.134   858.0   321.0  0.0421  0.0062  0.1472   5.3  47.3
  16..17     0.333   858.0   321.0  0.0421  0.0154  0.3667  13.2 117.7
  17..7      1.773   858.0   321.0  0.0421  0.0821  1.9514  70.5 626.5
  17..8      0.699   858.0   321.0  0.0421  0.0324  0.7692  27.8 246.9
  16..9      2.481   858.0   321.0  0.0421  0.1149  2.7301  98.6 876.5

tree length for dN:       0.4187
tree length for dS:       9.9450


Time used:  0:11
