      9    498

Scer                            CCA ACA GAT GAA AAG AAC TAT GAC AAG AAG TTT GAC TAC AAG CCA TTT TAC GAC GAC CAG ACA TTT GAC GAA AAG GAC GAA AAC CAA GAA AGG AAT GTT AAG AGG GAG CGT CTA GAA CTA ACG GAA GAC CCA GAT AAG GAG CCA GAC AAT AGA GTT GAA GAG GAA GAT GAT GAC GAA CAA GAT ATC CAG CAT CAG AAG GAG CGG AAG GAT GAT TCT AGA TAT AGG ATT GAA ATT ATC GAA GAC TTT CCA CCA TCT GAT AGA AAG GAC GAA CGA GAA CCC AGA GTT AAG TAT AAG GAC AGG CCA AAG GAT GAA TAC GAA TAC CCA TAT ATT AGA CGA AGA AAC CAT GAA ATT AAC AGT AAT GAT AGA TCA GAC CAT CAA GAG TTC ATT TAT AAG TAT CGT AGA TAT CAG AGA GAA AAG CCA AGA AGG GAT TGT AGA GAG ATT GAC GAT AGA ATT AAT GAA TCT TCC AAG ATC AGA AGA CGG CAG AAG CGT TAT GAG GAA 
Sbay                            CCA ACA GAT GAA AAG AAC TAC GAC CGT CGT TTT GAC TAC AAG CCA TTT TAC GAC GAC CAA ACA TTT GAC GAA AGA GAC GAA AAC CAA GAA AGA AGG GTT CGT AGG GAG CGT TTA GAT TTA ACG GAT AGC CCA GAT CGT GAA CCA GAC AAC AGG GTC GAA GAG GAT GAC GAT GAC GAA CAA GAC ATC CAA GTC CAG AAG GAA CGC AAG GAT GAT TCT AGG TAC AGA GTT GAG ATT ATA GAA GAC TTT CCA CCA TCT GAC AGG CGT GAC GAG AGG CCA GCC AGA GTT AAG TAC AAG GAC AGA CCA AAG GAT GAA TAC GAG TAC CCA TAC ATT AGG AGA AGG AAC GTC GAA ATT AAT GAA AAC GAT AGA TCT GAC ATA CAA GAA TTT ATT TAC AAG TAC CGT AGA TAC CAG AGA GAA AAG CCA AGG AGA GAC TGT AGA GAG ATT GAC GAC AGG ATT AAC GAG TCT TCC AAG ATC AGG AGA CGC CAA AAG CGT TAC GAA GAA 
Smik                            CCA ACA GAT GAA AAG AAC TAT AAC AGA AGA TTT GAC TAT AAG CCA TTT TAT GAC GAC CAA ACA TTT GAC GAA AGA GAC GAA AAT CAA GAA AGA AAT GCT AGA AGG GAG CGT TTG GAA TTG ACG GAA GAT CCA GAT AGA GAG CCA GAC AAC AAA GTC GAA GAG GAA GAT GAT GAC CAA CAA GAC ATC CAG CAC CAA AAG GAG GCG AAG GAT GAT TCT AGA TAT AGA ATT GAA ATC CAT GAA GAC TTT CCA CCA TCT GAC AGA AGA GAC GAA AGA CAA CCG AGA GCT AAG TAT AAG GAC AGA CCA AAG GAT GAA TAT GAA TAT CCA TAT ATT AAA CGA AGG AAT CAC GAA ATC AAT GAA AAC GAT AGA TCT GAC CAT CAA GAA TTT ATT TAT AAG TAT CGT AGA TAT CAG AGA GAA AAG CCA AGA AGA GAT TGT AGA GAG ATC GAC GAC AAA ATT AAC GAA TCT TCT AAG ATC AGG AGA GCG CAA AAG CGT TAT GAA GAA 
Spar                            CCA ACA GAT GAA AAG AAC TAT GAC AGA AGA TTT GAC TAC AAG CCA TTT TAC GAC GAC CAG ACA TTT GAC GAA AGA GAC GAA AAC CAA GAA AGG AAT GTT AGA AGG GAA CGT CTA GAA CTA ACG GAA GAC CCA GAT AGA GAG CCA GAC AAC AGA GTT GAA GAA GAA GAT GAT GAC GAA CAA GAT ATC CAG CAT CAG AAG GAG CGG AAG GAT GAT TCT AGA TAC AGG ATT GAA ATT CAT GAA GAT TTT CCA CCA TCT GAT AGG AGA GAC GAA AGA GAA CCC AGA GTT AAG TAC AAG GAC AGG CCA AAG GAT GGG TAC GAA TAC CCA TAT ATT AGA CGA AGA AAC CAT GAA ATT AAT AGT AAC GAT AGA TCT GAC CAT CAA GAA TTC ATT TAT AAG TAC CGT AGA TAT CAG AGA GAA AAG CCA AGG AGA GAT TGT AGA GAA ATT GAC GAT AGA ATT AAC GAA TCT TCT AAG ATC AGA AGA CGG CAG AAG CGT TAC GGG GAA 
Ncas                            CCA ACC GAT GAA AAG AAC TAT GTT AAG AAG TTT GAC TAC AAG CCT TTA TAC GAC GAT CAA ACC TTT GAC GAA AAG GAC GCC AAC CAA GAG AGA AAC GAA AAG AGA GGG AGA TTA GAC TTA CAA GAC GAC CCT GAT AAG GAA CCA GAC AAC CAC GTC GAA GGG GAC AAT GAT GAC GAA CAA GAC ATC CAA ATT AAT AAG GAA TCA AAG GAT GAT GCT AGA TAC AGA GTG GAA ATC ATA TCT GAC TTC CCA CCA GGA GAT AGA AAG GAT GAA CGT TCT TTA AGA GAA AAG TAC AAG GAC AGA CCT AAG GAT GAG TAC GAT TAC CCA TAT ATT CAC AAA AGG AAC ATT GAA ATC AAT AGT AAC GAT AGA TCC GAT ATA CAA GTT TAT ATA TAT AAG TAT CGT AGA TAT CAA AAG AAG AAG CCA AGA AAA GAA TGT AGA GGG ATC GAT GAT CAC ATA AAC GAA GGA TCA AAG ATC AGG AGA TCA CAA AAG AGA TAC GAG GAA 
Cgla                            CCA ACC GAC GAA AAG AAC TAC GAC GTT AGA TTT GAC TAC AAG CCT TTT TAC GAC GAT CAA ACC TTT GAC GAA AGA GAC CAG AAT CAA GAA AGA AAC ACA AGA CGA CAA AGG TTA GAT TTA GAC GAT CAG CCT GAT AGA TCC CCA GAC AAC AGA CTG GAA CAA GAT TCT GAT GAC GAA CAA GAT ATA CAA ATT AAC AAG TCC TCA AAG GAT GAT TGC CGA TAC AGA ATA GAA ATT ATT AAA AGT TTC CCA CCA GCC GAT CGC GTT GAT GAA CGT GAC CCA AGA ACA AAG TAC AAG GAC AGA CCT AAG GAT GAA TAC GAT TAC CCA TAC ATC AGA AAG AGG CAA ATT GAA ATT AAC AGT AAC GAT AGA TCT GAT ATT CAA GAG TTC GTA TAC AAG TAC CGT AGA TAC CAG AGA CAA AAG CCA CGC AAG GAA TGC AGA CAA ATT GAT GAT AGA GTA AAC GAA GCC TCT AAG ATA AGG AGA TCA CAA AAG AGG TAC GAA GAA 
Agos                            CCC ACA GAC GAG AAG AAT TAC AAC AGA AGA TTT GAC TAC AAA ATG TTC TAC GAC GAC CAG ACA TTT GAC GAG CGG GAC ACA AAC CAG GAG CGT AAC GCA AGA CGA GAG CGC CTG GAT CTG ATA GAT GAA ATG GAT AGA GAC CCC GAC AAT TAC GTT GAG GAG GAT GGG GAC GAC GAA CAG GAT ATA CAG ATC AAG AAG GAC CAG AAG GAC GAT TCG GTA TAC CGT ATT ACC ATA ATA GTC GAC TTT CCC CCC TCT GAT CGT AGA GAC ACC GTG GCC CAG AGA GCA AAG TAC AAG GAC CGT ATG AAG GAT GAA TAC GAT TAC CCC TAC ATC TAC AAG CGG AAC ATC GAG ATA AAC AGC AAT GAT AGA TCA GAC ATA CAG CCC CAC ATT TAC AAG TAC CGT AGA TAC CAG CGG AGC AAG CCC CGT AGC GAC TGT CGG GAG ATA GAC GAT TAC ATT AAT ACC TCT TCC AAA ATA CGG CGG CAG CAG AAG CGC TAC GAA GAG 
Klac                            CCA ACC GAT GAA AAG AAC TAT AAC GTT AGA TTT GAC TAC AAT CCA TTC TAC GAC GAC CAA ACC TTT GAC GAA AGA GAC ACA AAC CAA GAA AGA AAT GCT AGA AGT GAA CGA TTG GAT TTG GAT GAT AGT CCA GAT AGA GAC CCA GAC AAC CAC GTT GAA GAA GAT GAT GAC GAC GAG CAA GAC ATC CAG AAT CAA AAG GAC TTG AAG GAC GAT TGT AGA TAC AGA GTT AAG ATT CAC GCC GAG TTC CCA CCA TCT GAT AAG GTT GAC AAG AGA TCA GAT AGA GCT AAG TAC AAG GAC AGA CCA AAG GAT GAA TAC GAT TAC CCA TAT ATT CAC AGA AGG AAC AAT GAA ATT AAC AGC AAC GAT AGA TCA GAC CAC CAA AAT TTC GTT TAC AAG TAC CGT AGA TAC CAA AGA GCC AAG CCA AAG AAT GAT TGC AGA GAA ATT GAC GAT CAC GTT AAC AAG TCT TCT AAT ATC AGG AGA TTG CAA AAG CGA TAC GAA GAA 
Calb                            CCA ACT GAA GGT AAG GAT TAT GAA AGA AGA TAC GAC TAC AAG CAA TTT TAC GAC GAT CAA ACT TAC GAC GAA AGA GAC ACA AAT CAA GAG AGA ACA CCT AGA AAG GCA CGG ATT GAT ATT ATG GAT CAA CAA GAT AGA GGT CCA GAC GAT AAG GTT GGT GCA GAT ACA AAC GAC GAA CAA GAT ATT CAA AAT GGA AAG GGT AGT AAA AAC GAT TCT AGA TCG AGA GGA AAG ATT CAC TTT TCA TTC CCA CCA TCA GAT AAA AGA GAT AAG CAA ATT CCT AGA CCT AAG TCG AAG GAC AGA CAA AAG GAT GAA TAC GAA TAC CCA TAT ATT AAG AAA AGA AAT AAT GGT ATT AAT TCC GAT GAT AGA TCA GAT CAC CAA CTT AAT ATT TAT AAA CAT CGT AGA TAT CAG AGA AAC AAG CCA AAA GAA GAT TGT AGA GCA ATT GAT GAT AAG ATT GAT AAG TCA TCT AAG ATT AGA AGA AGT CAA AAG CGG TCG GAA GAA 



Printing out site pattern counts


         9        273  P

Scer                            AAC AAC AAC AAC AAG AAG AAG AAG AAG AAG AAT AAT ACA ACG AGA AGA AGA AGA AGA AGA AGA AGG AGG AGG AGT ATC ATC ATT ATT ATT ATT CAA CAG CAG CAG CAG CAT CAT CCA CCA CCC CGA CGA CGG CGT CGT CTA GAA GAA GAA GAA GAA GAA GAA GAA GAA GAA GAA GAA GAC GAC GAC GAC GAC GAG GAG GAG GAG GAT GAT GAT GAT GAT GAT GAT GTT GTT TAC TAT TAT TAT TAT TCA TCC TCT TCT TGT TTC TTT TTT TTT 
Sbay                            ... ... ... ..T ... ... ... .GA CGT CGT ..C .GG ... ... ... ... ... ..G ..G ..G ..G ..A ..A ... GAA ..A ... ... ... ... G.. ... ..A ..A ... ... ATA GTC ... ... G.. A.. A.G ..C ... ... T.. CC. ... ... ... ... ... ... ... ... ..G ..G ..T AG. ... ... ... ... ..A ..A ..A ... ..C ..C ..C ..C ... ... ... ..C ... ... ..C ..C ..C ..C ..T ... ... ... ... ..T ... ... ... 
Smik                            ... ..T ..T ..T ... ... ... .GA .GA .GA ..C ... ... ... ... ... ... .A. ... ... ..G ..A ..A ... GAA CAT ... ..C ... ... ... ... ..A ... ..A ... ... ..C ... ... ..G ... A.. GC. ... ... T.G C.. C.. ... ... ... ... ... ... ... ... ... ... ..T A.. ... ... ... ..A ..A ... ... ..C ..C ... ... ... ... ... ..C .C. ..T ... ... ... ... ..T ..T ... ... ... ..T ... ... ... 
Spar                            ... ... ... ..T ... ... ... .GA .GA .GA ..C ... ... ... ... ... ... ... ... ..G ... ..A ... ... ... CAT ... ... ... ... ... ... ... ... ... ... ... ... ... ... ... ... A.. ... ... ... ... ... ... ... ... ... ... ... ... .GG ... ... ... ... ... ... ... ..T ..A .G. ... ..A ... ... ... ... ... ... ... ... ... ... ..C ..C ... ... ..T ..T ... ... ... ... ... ... ... 
Ncas                            ... ... ... ..T ... ... ... ... ... ... ..C ..C ..C CAA .AG ... ... CAC ... ... ..G .AA ..A ..A ... ..A ... ..C ..A ... G.G ... ..A ..A A.T ..A ATA AT. ... ..T TTA AA. ..T TCA A.A ... T.. TCT ... A.G ... ... ..G .CC TCT ..G ... ..T ..C ... .TT ... ..T ... .TT ... ..A .G. ..C ... A.. ..A ... ... ... ..C .AA ... ..C ... ... ... ..C ..A G.. GGA ... .AT ..A ..C ... 
Cgla                            ... ..T C.A ... ... ... ... .GA .GA GTT ..C ..C ..C GAC ... ... ... ... C.. C.C ..G .A. ..A C.A ... ..T ..A ... G.A ..C ..A ... ..A ..A A.C ... AT. AT. ... ..T ..A AAG ..T TCA A.G ... T.. ..C ... C.. ... ... ... C.G A.. ... ... ..T ..T C.G ... ... ..T AGT ... ..A TCC C.A ... ... TC. ..A ..C ... ... C.G ACA ... ..C ..C ..C ..C ..T ..T .GC G.C ..C ... ... ..C ... 
Agos                            ..T ... ... ... ..A ... ... CG. .GA .GA ... ..C ... .TA C.G ... C.G TAC GT. C.T C.G ..C C.T C.A ..C ..A ..A ..A ... ..C ... ..G ... ... A.. ... ATA ATC ..C ATG .AG AAG GTG .A. ..C ... ..G .CC ... AGC ..G ..G ..G AC. .TC ... ACC ..T ..T ..A A.. ... ... ... CCC ..A ..C ... ... ... .GG ..C ..C ..C ... ... .CA ... ..C ..C ..C ..C ... ... ..G ... ... CA. ..C ... ... 
Klac                            ... ... ... ... ..T ... ... .GA .GA GTT ..C ... ..C GAT ... ... ... CAC ... .AG ..G .AT ..A ..T ..C CA. ... ... G.. ... G.. ... ..A ... ..A ..A ..C A.. ... ... GAT A.. A.. TT. ..A ... T.G TC. ..G .CC ... ... ... AC. .CC ... A.G ..T ..T AGT A.. ... ... ..G A.T ..A ..C ..A ..C ... ... ... ... ..C ... ... .C. ... ..C ..C ..C ... ... ..T .G. ... ..C ... ..C ..C ... 
Calb                            G.T ..T ..T ..T ... ..A ... .GA .GA .GA G.. .CA ..T .T. ... ... ... .AG ... .A. ... GAA ..A .A. TCC CA. ..T ... ... ... GGA ... ..A ..A GGA ... ..C A.. ... .A. ..T AA. .A. A.T ..G ... A.T ATT ... A.C ... .GT ..G AC. TTT ... A.G ... ..T C.A ..A ... ..T TCA CTT ..A .GT .CA ... ... ACA ... ..A A.C ... ... CC. ... .CG C.. ... ... ... ..T ... ..A ... AAT ... ..C .AC 

    1    1    1    1    2    2    7    1    3    2    3    1    2    1    1
    3    2    3    1    2    2    1    3    1    1    1    2    3    2    1
    1    3    2    1    1    1    1    2    6    3    1    1    1    2    2
    1    2    1    1    1    2    3    1    1    1    1    3    1    3    1
    1    7    4    1    1    1    2    3    1    2    1    1    1    2    4
    1    2    4    3    1    2    2    1    1    1    2    1    1    1    1
    2

CODONML (in paml version 4.9j, February 2020)  temp.nuc
Model: One dN/dS ratio, 
Codon frequency model: Fequal
ns =   9  ls = 166

Codon usage in sequences
--------------------------------------------------------------------------------------------------------------------------------------
Phe TTT   4   5   5   4   2   3 | Ser TCT   3   4   5   5   2   3 | Tyr TAT   8   0  12   4   6   0 | Cys TGT   1   1   1   1   1   0
    TTC   1   0   0   1   1   2 |     TCC   1   1   0   0   1   2 |     TAC   4  12   0   8   7  12 |     TGC   0   0   0   0   0   2
Leu TTA   0   2   0   0   4   2 |     TCA   1   0   0   0   3   2 | *** TAA   0   0   0   0   0   0 | *** TGA   0   0   0   0   0   0
    TTG   0   0   2   0   0   0 |     TCG   0   0   0   0   0   0 |     TAG   0   0   0   0   0   0 | Trp TGG   0   0   0   0   0   0
--------------------------------------------------------------------------------------------------------------------------------------
Leu CTT   0   0   0   0   0   0 | Pro CCT   0   0   0   0   3   3 | His CAT   3   0   2   4   0   0 | Arg CGT   3   8   3   3   2   2
    CTC   0   0   0   0   0   0 |     CCC   1   0   0   1   0   0 |     CAC   0   0   2   0   3   0 |     CGC   0   2   0   0   0   2
    CTA   2   0   0   2   0   0 |     CCA   9  10   9   9   6   7 | Gln CAA   3   6   8   3   8  11 |     CGA   2   0   1   1   0   2
    CTG   0   0   0   0   0   1 |     CCG   0   0   1   0   0   0 |     CAG   5   2   2   5   0   3 |     CGG   2   0   0   2   0   0
--------------------------------------------------------------------------------------------------------------------------------------
Ile ATT   7   6   4   7   3   7 | Thr ACT   0   0   0   0   0   0 | Asn AAT   4   1   4   2   3   1 | Ser AGT   1   0   0   1   1   2
    ATC   3   2   5   2   5   1 |     ACC   0   0   0   0   2   2 |     AAC   4   6   5   6   7   7 |     AGC   0   1   0   0   0   0
    ATA   0   2   0   0   4   3 |     ACA   2   2   2   2   0   2 | Lys AAA   0   0   3   0   2   1 | Arg AGA  14  12  20  20  14  16
Met ATG   0   0   0   0   0   0 |     ACG   1   1   1   1   0   0 |     AAG  17  11  11  11  19  13 |     AGG   5  11   3   6   2   4
--------------------------------------------------------------------------------------------------------------------------------------
Val GTT   3   3   0   3   2   2 | Ala GCT   0   0   2   0   1   0 | Asp GAT  12  10  10  13  14  17 | Gly GGT   0   0   0   0   0   0
    GTC   0   3   1   0   1   0 |     GCC   0   1   0   0   1   2 |     GAC  14  18  15  13  13  11 |     GGC   0   0   0   0   0   0
    GTA   0   0   0   0   0   2 |     GCA   0   0   0   0   0   0 | Glu GAA  19  16  20  22  14  13 |     GGA   0   0   0   0   2   0
    GTG   0   0   0   0   1   0 |     GCG   0   0   2   0   0   0 |     GAG   7   7   5   2   3   1 |     GGG   0   0   0   2   3   0
--------------------------------------------------------------------------------------------------------------------------------------

--------------------------------------------------------------------------------------
Phe TTT   3   2   2 | Ser TCT   2   3   2 | Tyr TAT   0   2   4 | Cys TGT   1   1   1
    TTC   1   3   1 |     TCC   1   0   1 |     TAC  15  10   6 |     TGC   0   1   0
Leu TTA   0   0   0 |     TCA   1   2   4 | *** TAA   0   0   0 | *** TGA   0   0   0
    TTG   0   4   0 |     TCG   1   0   3 |     TAG   0   0   0 | Trp TGG   0   0   0
--------------------------------------------------------------------------------------
Leu CTT   0   0   1 | Pro CCT   0   0   3 | His CAT   0   0   1 | Arg CGT   6   1   1
    CTC   0   0   0 |     CCC   7   0   0 |     CAC   1   5   2 |     CGC   2   0   0
    CTA   0   0   0 |     CCA   0   9   6 | Gln CAA   0   7  11 |     CGA   1   2   0
    CTG   2   0   0 |     CCG   0   0   0 |     CAG  10   1   1 |     CGG   6   0   2
--------------------------------------------------------------------------------------
Ile ATT   3   4  11 | Thr ACT   0   0   2 | Asn AAT   4   7   6 | Ser AGT   0   2   2
    ATC   3   2   0 |     ACC   3   2   0 |     AAC   5   8   3 |     AGC   3   1   0
    ATA   8   0   0 |     ACA   3   1   3 | Lys AAA   2   0   5 | Arg AGA   8  16  18
Met ATG   3   0   1 |     ACG   0   0   0 |     AAG  11  14  16 |     AGG   0   2   0
--------------------------------------------------------------------------------------
Val GTT   1   6   1 | Ala GCT   0   2   0 | Asp GAT  11  15  19 | Gly GGT   0   0   5
    GTC   1   0   0 |     GCC   1   2   0 |     GAC  18  16   7 |     GGC   0   0   0
    GTA   1   0   0 |     GCA   2   0   3 | Glu GAA   4  11   9 |     GGA   0   0   2
    GTG   1   0   0 |     GCG   0   0   0 |     GAG   9   2   1 |     GGG   1   0   0
--------------------------------------------------------------------------------------

Codon position x base (3x4) table for each sequence.

#1: Scer           
position  1:    T:0.13855    C:0.18072    A:0.34940    G:0.33133
position  2:    T:0.12048    C:0.10843    A:0.60241    G:0.16867
position  3:    T:0.29518    C:0.16867    A:0.31325    G:0.22289
Average         T:0.18474    C:0.15261    A:0.42169    G:0.24096

#2: Sbay           
position  1:    T:0.15060    C:0.16867    A:0.33133    G:0.34940
position  2:    T:0.13855    C:0.11446    A:0.53614    G:0.21084
position  3:    T:0.22892    C:0.27711    A:0.30120    G:0.19277
Average         T:0.17269    C:0.18675    A:0.38956    G:0.25100

#3: Smik           
position  1:    T:0.15060    C:0.16867    A:0.34940    G:0.33133
position  2:    T:0.10241    C:0.13253    A:0.59639    G:0.16867
position  3:    T:0.28916    C:0.16867    A:0.37952    G:0.16265
Average         T:0.18072    C:0.15663    A:0.44177    G:0.22088

#4: Spar           
position  1:    T:0.13855    C:0.18072    A:0.34940    G:0.33133
position  2:    T:0.11446    C:0.10843    A:0.56024    G:0.21687
position  3:    T:0.28313    C:0.18675    A:0.35542    G:0.17470
Average         T:0.17871    C:0.15863    A:0.42169    G:0.24096

#5: Ncas           
position  1:    T:0.16265    C:0.13253    A:0.37349    G:0.33133
position  2:    T:0.13855    C:0.11446    A:0.59639    G:0.15060
position  3:    T:0.24096    C:0.24699    A:0.34337    G:0.16867
Average         T:0.18072    C:0.16466    A:0.43775    G:0.21687

#6: Cgla           
position  1:    T:0.16867    C:0.18675    A:0.35542    G:0.28916
position  2:    T:0.13855    C:0.13855    A:0.54217    G:0.18072
position  3:    T:0.24096    C:0.25904    A:0.36747    G:0.13253
Average         T:0.18273    C:0.19478    A:0.42169    G:0.20080

#7: Agos           
position  1:    T:0.15060    C:0.21084    A:0.33735    G:0.30120
position  2:    T:0.16265    C:0.12651    A:0.54217    G:0.16867
position  3:    T:0.18675    C:0.36747    A:0.18072    G:0.26506
Average         T:0.16667    C:0.23494    A:0.35341    G:0.24498

#8: Klac           
position  1:    T:0.16867    C:0.15060    A:0.35542    G:0.32530
position  2:    T:0.12651    C:0.12651    A:0.59036    G:0.15663
position  3:    T:0.27108    C:0.30120    A:0.28916    G:0.13855
Average         T:0.18876    C:0.19277    A:0.41165    G:0.20683

#9: Calb           
position  1:    T:0.14458    C:0.16867    A:0.40361    G:0.28313
position  2:    T:0.10241    C:0.16265    A:0.54819    G:0.18675
position  3:    T:0.36747    C:0.12048    A:0.36747    G:0.14458
Average         T:0.20482    C:0.15060    A:0.43976    G:0.20482

Sums of codon usage counts
------------------------------------------------------------------------------
Phe F TTT      30 | Ser S TCT      29 | Tyr Y TAT      36 | Cys C TGT       8
      TTC      10 |       TCC       7 |       TAC      74 |       TGC       3
Leu L TTA       8 |       TCA      13 | *** * TAA       0 | *** * TGA       0
      TTG       6 |       TCG       4 |       TAG       0 | Trp W TGG       0
------------------------------------------------------------------------------
Leu L CTT       1 | Pro P CCT       9 | His H CAT      10 | Arg R CGT      29
      CTC       0 |       CCC       9 |       CAC      13 |       CGC       6
      CTA       4 |       CCA      65 | Gln Q CAA      57 |       CGA       9
      CTG       3 |       CCG       1 |       CAG      29 |       CGG      12
------------------------------------------------------------------------------
Ile I ATT      52 | Thr T ACT       2 | Asn N AAT      32 | Ser S AGT       9
      ATC      23 |       ACC       9 |       AAC      51 |       AGC       5
      ATA      17 |       ACA      17 | Lys K AAA      13 | Arg R AGA     138
Met M ATG       4 |       ACG       4 |       AAG     123 |       AGG      33
------------------------------------------------------------------------------
Val V GTT      21 | Ala A GCT       5 | Asp D GAT     121 | Gly G GGT       5
      GTC       6 |       GCC       7 |       GAC     125 |       GGC       0
      GTA       3 |       GCA       5 | Glu E GAA     128 |       GGA       4
      GTG       2 |       GCG       2 |       GAG      37 |       GGG       6
------------------------------------------------------------------------------


Codon position x base (3x4) table, overall

position  1:    T:0.15261    C:0.17202    A:0.35609    G:0.31928
position  2:    T:0.12718    C:0.12584    A:0.56827    G:0.17871
position  3:    T:0.26707    C:0.23293    A:0.32195    G:0.17805
Average         T:0.18228    C:0.17693    A:0.41544    G:0.22535

Codon frequencies under model, for use in evolver (TTT TTC TTA TTG ... GGG):
  0.01639344  0.01639344  0.01639344  0.01639344
  0.01639344  0.01639344  0.01639344  0.01639344
  0.01639344  0.01639344  0.00000000  0.00000000
  0.01639344  0.01639344  0.00000000  0.01639344
  0.01639344  0.01639344  0.01639344  0.01639344
  0.01639344  0.01639344  0.01639344  0.01639344
  0.01639344  0.01639344  0.01639344  0.01639344
  0.01639344  0.01639344  0.01639344  0.01639344
  0.01639344  0.01639344  0.01639344  0.01639344
  0.01639344  0.01639344  0.01639344  0.01639344
  0.01639344  0.01639344  0.01639344  0.01639344
  0.01639344  0.01639344  0.01639344  0.01639344
  0.01639344  0.01639344  0.01639344  0.01639344
  0.01639344  0.01639344  0.01639344  0.01639344
  0.01639344  0.01639344  0.01639344  0.01639344
  0.01639344  0.01639344  0.01639344  0.01639344


TREE #  1:  (((((1, 4), (3, 2)), 5), 6), ((7, 8), 9));   MP score: 466
This is a rooted tree.  Please check!
lnL(ntime: 16  np: 18):  -3039.499544      +0.000000
  10..11   11..12   12..13   13..14   14..1    14..4    13..15   15..3    15..2    12..5    11..6    10..16   16..17   17..7    17..8    16..9  
 0.101409 0.000004 0.357645 0.101535 0.216442 0.070805 0.076991 0.268193 0.466055 0.964728 0.955561 0.118252 0.069432 1.301299 0.429354 1.347827 1.433918 0.131380

Note: Branch length is defined as number of nucleotide substitutions per codon (not per neucleotide site).

tree length =  6.845532

(((((1: 0.216442, 4: 0.070805): 0.101535, (3: 0.268193, 2: 0.466055): 0.076991): 0.357645, 5: 0.964728): 0.000004, 6: 0.955561): 0.101409, ((7: 1.301299, 8: 0.429354): 0.069432, 9: 1.347827): 0.118252);

(((((Scer: 0.216442, Spar: 0.070805): 0.101535, (Smik: 0.268193, Sbay: 0.466055): 0.076991): 0.357645, Ncas: 0.964728): 0.000004, Cgla: 0.955561): 0.101409, ((Agos: 1.301299, Klac: 0.429354): 0.069432, Calb: 1.347827): 0.118252);

Detailed output identifying parameters

kappa (ts/tv) =  1.43392

omega (dN/dS) =  0.13138

dN & dS for each branch

 branch          t       N       S   dN/dS      dN      dS  N*dN  S*dS

  10..11     0.101   365.2   132.8  0.1314  0.0122  0.0931   4.5  12.4
  11..12     0.000   365.2   132.8  0.1314  0.0000  0.0000   0.0   0.0
  12..13     0.358   365.2   132.8  0.1314  0.0431  0.3284  15.8  43.6
  13..14     0.102   365.2   132.8  0.1314  0.0122  0.0932   4.5  12.4
  14..1      0.216   365.2   132.8  0.1314  0.0261  0.1987   9.5  26.4
  14..4      0.071   365.2   132.8  0.1314  0.0085  0.0650   3.1   8.6
  13..15     0.077   365.2   132.8  0.1314  0.0093  0.0707   3.4   9.4
  15..3      0.268   365.2   132.8  0.1314  0.0323  0.2462  11.8  32.7
  15..2      0.466   365.2   132.8  0.1314  0.0562  0.4279  20.5  56.8
  12..5      0.965   365.2   132.8  0.1314  0.1164  0.8857  42.5 117.7
  11..6      0.956   365.2   132.8  0.1314  0.1153  0.8773  42.1 116.5
  10..16     0.118   365.2   132.8  0.1314  0.0143  0.1086   5.2  14.4
  16..17     0.069   365.2   132.8  0.1314  0.0084  0.0637   3.1   8.5
  17..7      1.301   365.2   132.8  0.1314  0.1570  1.1947  57.3 158.7
  17..8      0.429   365.2   132.8  0.1314  0.0518  0.3942  18.9  52.4
  16..9      1.348   365.2   132.8  0.1314  0.1626  1.2374  59.4 164.4

tree length for dN:       0.8257
tree length for dS:       6.2849


Time used:  0:07
