      9   1179

Scer                            AAC GAC GGG TAC CGT GGC CAT GAA AAG GAA CGT CCT ACT GTT ATG TCC TCT GAT AAC CAT TTA TGG AAT TTA CCG CAT GAA AGA CAG CGT ACT CGA ACC ATT ATT ACA TTG AAA TTG AAT AGT AAG CGA GAA TCT TGG ATC AGA CAA GTG TTT GGC TAT CAA ACA AAA GAT CAA CTA TCC GCG CCA AGG ATC ATC TTT TCC TTA CCA TTT GGT AAT GAT CAA TTA CCA ACT CCC ATG AGA ACC GGT CGT AGA AGG ATT CGT GCC CAA ATG AGA ATC TCC ACA GGT ACT GAA GGT TTT CTT CCC TTT ACC TTT TTA CCC CCC CCA CAT GAA AAA TCT GGT AGG GAA GGT ATC ATG GAT TGG TGT CGT CTT AAA GCG TCT GGC GCC CAT GAA GGT CCT CAT TTA GCT TAC AGA GTC AGG CCA AAA TCT CGT GCT CTA AAC GAA CGA CAC CAT ATT TCT AAA GCC TTC GAT AAG TTG GGT GAA TTT TTA AAC ATG CAT TAC CAA AAA GCA CGT CGT TAC GCT GAT GTT ATC CCC GCG GGT CCA TTG ATG AAA CGA TTG GTT AGT TTA CAA GAA TGC ATT AAA TAT GTG GGA GGT AGA ACT GGA CTG GGT AAT CGA TCC TTA AGA CAA TTA AAA AAC CGT TCC GCC ATC TTG GAT TTC ATT GCC ATT CCG TGT ATT GCC CAA TTT CCT GTT GCT ACA TCC CAA AAA ACG TCT GAC ATT ACT AAC GTA ATT AAT TGG CCA AGA AAT GAC GAA CTT GGT CCT TGG AAT CTT CTA AGC CAT GCT CTA GGT CGA GAG ATT TGG AGG CCA GAG GAA TAC CTA TCC GTC AGA ATG TTT GTC AAA ACA AAA CAG CAT TAC CTA GCT GGA AAA AAA GCC TCC GCG TGG AGA TTA CGT ACA AGA ACC ATG TTG ATG CAT TTT TGC GGT TTA GAT GAT GGC TTT TTT CGT GCC CGT AGG AAA GAT GAG TCT AGA ATA GAT GAT CCG CCT GAG TCT CAT GGT AGG TGC GTG GTG CCT TTC ACT ATG TCT CAG TTA TTA GAT GCA TCT CAT ACG CGT TTT ACG CCT ATC TCC TTG ATT TCT GAG ACA GCC GAA GGT AGT GGT GAA CTT CTT GTT TGC CAA TCC GAT AAC TTT GCT GGC GTT AAA GAA AAA ACT GGC TTG CAG CCG GAT CAT GGT GCA AAG TGG CTC CTA AAC CCT 
Sbay                            AAC GAC GGG TAC CGT GGT CAT GAA AAA GAA CGT CCT ACC GTA ATG TCC TCT GAC AAT CAT TTA TGG AAC CCA CCC CAT GAA AGG ATG CGT ACT CGA GCC ATT ATT ACA TTG AAG TTA AAC AGT AAG CGA GAA TCT TGG ATG AGA CAA GTC TTT GGC TAT CAG ACA AAA GAC CAA CTA TCT GCT CCA AGA ATG ATT TTC TCC ATG CCA TTC GGC AAT GAT CAG CTA CCA ACC CCC ATG AAA ACG GGT CGT AGG AGA ATC CGT GCC CAG ATG AGG ATC TCT ACC GGT ACC GAA GGT TTT CTT CCC TTT ACG TTC CCA CCT CCC CCA CAT CCG AAA TCT GGT AGA GAA GGT ATC ATG GAC TGG TGC CGT CTT AGG GCG TCT GGT GCC CAT GAA GGT CCA CAC CTA GGT TAC GGC GTG AGA CCA AAA TCA CGT GCT TTG AAC GAA CGG CAC CAT ATC TCG AGG GCA TTC GAC AAG TTG GGT GAA TTT CTA AAA ATG CAT TAC GAG AAA GCA CGT CGT TAC GCT GAT GTA CTG CCC GCT GGT CCA TTG ATG AAG CGA TTG GTT AGT TTG CAA GAA TGC ATC AAA TAT GTG GGT GGG AGG AGA GGT TTG GGT AAT CGG TCA TTA AGA CAA TTG AAG AAC CGT TCT GCC ATC TTG GAT TTC GTT GCA ATT CCT TGC ATT GCT CAA TTT CCA GTT ACC ACC TCT CAA AAA ACC TCC GAG GTT ACC AAC GTA ATT AAT TGG CCA AGA AAT GAC GAA ATC GGT CCT TGG AAC ATC CTT AGT CAT GCT TTA GGT CGG GAA ATT TGG CGT CCA GAA GAA ATT TTA TCC GTC AGA ATG TTT GTG AAA ACG AAG CAA CAT TAC TTG GCT GGT AAG AAG GCC TCT GCA TGG AGA TTG CGT ACC AGG GCC ATG ATC ATG CAT TTT TGC GGG TTG GAT GAT GGT TTT TTT CGT GCT CGT AGG AAG GAT GAG GCC AGA ATC GAT GAT CCC CCT GAA GCA CAT GGT AGG GTC GTG TCC CCT TTC ACC ATG TCG CAA TTG TTG GAC GCA TCT CAT ACT CGT TTC ACA CCA ATC TCA TTG ATC TCC GAA ACG GCC GAA GGG AGT GGT GAA CTC CTT GTA GTC GAG TCC GAT AAT TTT ACC GGT GTT AAG GAG AAG ACT GGT CTG CAA CCT GAT CAT GGG GCA AAG TGG CTT CTT AAT CCT 
Smik                            AAC GAG GGG TAC CGT GGC CAT CAA ACG GAA CGT TCA ACC GTT ATG TCT TCT GAC AAT CAT TTA TGG AAC TTA TTC CAT GAG AGA CAA CGT ACT CGA ACC ATT ATT ACA TTA AAA TTA AAC AGT AAG CGA GAG TCC TGG ATC AGA CAA GTG TTT GGC AAC CAA ACA AAA GAA CAA TTG TCT GCG CCA AGA ATC ATC TAT TCT TTA CCA TTT GGT AAT GAT CAA TTA CCA ACT CCC ATG AGA ACC GGT CGT CGA AGA ATT CGT GCC CAG ATG CGA ATC TCC ACA GGT ACT GAA GGA CTC CTT CCC TTT ACC TTT TTA CCC CCC CCA CAT GAA AAA TCC GGT AGA GAA GGT ATC ATG GAT TGG TGT CGG CTT AAG TGT TCT GGC GCC CAC GAA GGT CCT CAT TTA GCG TAC AGA GTC AGA CCA AAG TCT CGC GCT CTT AAC GAA CGA CAT CAC ATT AGA AAG GCT TTC GAT AAG TTA GGT GAA TAC TTA AAA ATG CAT TAC CAA AAG CCG CGT CGG TAC GCT GAT GTT ATC CCC GCG GGC CCA TTA ATA AAA CGA TTA GTT AGT TTA CAG GAA TGT ATA AAG TAT ATG GGC GGT AGA ACT GGC CTG GGT AAT CGA TCG CTA AGA CAA CTA AAG AGG CGT TCT GCA ATC TTA GAC TTC ATT GCT ATT CCA TGT ATT GCC CAA TTT CCT GTT GCT ACA TCT CAA AAG ACC TCC GAT ATT ACT AAT GTA ATT AAT TGG CCA AGA AAT GAC GAT CTT GGT CCT TGG AAC CTT CTA CCC CAC GCT TTA GGT CGA GAA ATT TGG CGC CCA GAG GAA TAT ATG TCT GTT AGA CTA TTT GTC AAA ACA AAA CAA CAC TAC CTA GCT GGC AAA AAG GCC TCC GCA TGG AGA TTG CGC ACA AGA ACC CTA TTG ATG CAC TTT TGT GGT TTA GAC GAC GGC TTT GTT CGT GCC CGT AGG AAG CAG GAG TCT AGA ATT GAT GAT TTC CCT GAG TCT CAT GGT AGG TGC ATG GTA CCT TTC ACC ATG AGA CAG TTG TTA GAA GCA TCT CAT ACA CGT TAT ACT CCT ATC TCG TTA ATT TCC GAG ACA GCT GAA GGA AGT GGT GAA TTG CTT GTT TGC CAA TCT GAC AAT TTT GCT GGC GTT AAA GAA AAA ACT GGC TTG CAG CCA GAT CAT GGT GCA AAG TGG TTA CTA AAT CCT 
Spar                            AAC GAC GGG TAC CGT GGC CAT GAA AAG GAA CGT CCT ACT GTT ATG TCT TCC GAT AAC CAT TTG TGG AAC TTA CCG CAT GAA AGA CAA CGT ACG CGT ACA ATT ATT ACA TTG AAA TTG AAC AGT AAG CGT GAA TCT TGG ATC AGA CAA GTG TTT GGC TAC CAA ACA AAA GAT CAA CTA TCT GCG CCA AGG ATC ATC TTC TCT CTA CCA TTT GGT AAT GAT CAA TTA CCA ACT CCC ATG AGA ACC GGT CGT CGA AGG ATT CGT GCC CAA ATG CGA ATC TCC ACC GGT ACC GAA GGT TTT CTT CCC TTT ACC TTT TTA CCC CCC CCA CAT GAA AAA TCT GGT AGG GAA GGT ATC ATG GAT TGG TGT CGT CTT AAG GCG TCT GGC GCC CAT GAA GGT CCT CAT TTA GCT TAC AGA GTC AGG CCG AAA TCT CGT GCA CTA AAC GAA CGG CAC CAT ATT TCT AAG GCT TTT GAT AAA TTG GGT GAA TTT TTA AAG ATG CAT TAC CAA AAA GCA CGT CGT TAT GCT GAT GTT ATC CCC GCG GGT CCA TTG ATG AAA CGT TTG GTT AGT TTG CAA GAA TGC ATT AAA TAT GTG GGT GGT AGA ACT GGT CTG GGT AAT CGG TCA TTA AGA CAA CTA AAA AAC CGT TCT GCC ATC TTG GAT TTT ATT GCT ATT CCA TGT ATT GCC CAA TTT CCT GTT GCT ACA TCT CAA AAA ACA TCT GAC ATT ACC AAC GTA ATT AAT TGG CCA AGA AAT GAC GAG CTT GGT CCT TGG AAC CTT CTA AGC CAT GCC CTA GGT CGG GAG ATT TGG AGG CCG GAG GAA TAT CTA TCT GTT AGA ATG TTT GTC AAA ACA AAA CAA CAT TAT CTA GCA GGT AAA AAA GCC TCC GCG TGG AGA TTA CGT ACC AGA ACA ATG TTG ATG CAT TTT TGC GGT TTA GAT GAT GGC TTC TTT CGT GCT CGT AGG AAA GAT GAG TCC AGA ATA GAT GAC CCG CCT GAG TCT CAT GGT AGG TGC GTG GTG CCT TTT ACT ATG TCT CAG TTA TTG GAT GCA TCT CAT ACA CGT TTC ACG CCT ATC TCA TTG ATC TCT GAG ACA GCT GAA GGT AGT GGT GAA CTT CTT GTT TGC CAA TCT GAT AAC TTT GCT GGC GTT AAA GAA AAA ACG GGC TTG CAG CCA GAA CAT GGT GCA AAG TGG CTA CTA AAT CCT 
Ncas                            AAC AGT GGT TAT CGT GGT CAT GAA CAA GAA CGT CCA ACT GTA ATG TCA AAA GAT AAC CAC CTG TGG AAT CTA CCC CAT GAA AGA CAA CGT ACT AGA TCT ATT ATT ACA TTT AAA TTA AAT AAC AAG AGA GAA TCC TGG ATC AGA CAA GTG TTT GGA TAC CAA ACA AAG GAT CAA CTG TCT GCT CCT CGT ATC ATC TTC TCA TTG CCA TTT GGT AAA GAT CAA TTG CCT CCA CCC ATG AGA ACA GGT CGT AGA CGT ATG CGT GCA CAG ATG AGA ATC TCT ACG GGG ACT GAA GGT TTC TTG CCC CAC ACA TTT CTA CCA CCA CCA CAC CCA AAG TCT GGC CGT GAG GGG ATC ATG GAC TGG TCA CGT TTG AAG GCA TCA GGT GCT CAT GAA GGT CCT CAT TTA TCA TAT AGA GTT CGT CCA AAA TCT AGA TCA ATA AAC GAG AGG CAT CAT ATG TCT AAG GCT TAC GAT AAA TTT GGT GAA TTC TTA AAC ATG CAT TAT CAA AAG GCT CGT CGT TAC GCA GAT GTA ATT CCA GCT GGG CCA TTG TTA AAG AGA TTG GTT AAC TTA CAG GAA TGC ATC AAA TAT GTG GGT GGA AGA ACT GGT CTT GGC GAT AGG TCC TTA AGA CAA CTA AAA AGT CGT TCT TCT ATC TTT GAC TAC ATT GCT ATA CCA TCA GTT GCT CAA CAC CCT GTT GCT ACT TCT CAA AAA ACT TCC GAA ATT ACT AAC GTT GTT AAA TGG CCA AGA GAT GAC GAA TTG GGG CCA TGG AAT TTG TTA ACG CAT GCT TTA GGT AGG GAG ATT TGG CGT CCA GAG GAA TAT CTA TCA GTT AGA ATG TTT GTT AAA ACT AAA CAA CAT TAC CAG TCA GGT AAA AAG GCT TCT GCT TGG AGA TTG AGA ACG AGA TCT ATG TTG ATG CAT TTT TGC GGA CTA GAC GAC GGT CTG TTT CGT GCT CGT AGA AAA GAG GAA TCA AGA ATA GAT GAT CCC CCA GAT TCA CAT GGG AGA ACC GTG GTA CCT TAC ACT ATG TCT CAA TTG TTA GAT GCA TCA CAC TCC CGT TTC ACA CCT ATC TCC TTT ATT TCC GAT ACT GCT GAG GGT AGT GGT GAA CTT TTG GTT ACC CAA TCA GAC AAC TTT GCT GGT GTT AAG GAA AAG ACT GGT TTA CAA CCA GAT CAC GGA GCA AAG TGG CTG TTA AAT CCT 
Cgla                            AAC AGT GGA TAC CGT GGT CAT GAA AAA GAA AGG CCC ACT GTT ATG TCT GCA GAT AAC CAC CTT TGG AAT TTG CCG CAC GAG CGG CAA AGG AAA AGG TCC ATA ATA ACA ATG AAG CTA AAT AAC AAA AGG GAG TCT TGG ATT AGA CAA GTC TTT GGC TAT CAG ACA AAG GAT CAA CTC AGC GCA CCA CGT ATT ATC TTC TCT CTA CCG TTT GGT AAC GAC CAG CTT CCA ACT CCT ATG AGA ACC GGG CGT CGT CGT ATT CGT GCG CAA ATG CGT ATT TCC ACA GGT ACC AAC GGT TTT CTG CCA CAT ACC TTT TTG CCT CCT CCA CAC GAA AAG TCT GGT CGT GAG GGT ATC ATT GAT TGG TCT CGA CTG AAA GCC TCC GGT GCC CAT GAA GGT CCG CAT CTA GCA TAC AGA GTC CGT CCT AAG TCC AGG GCA CTG AAC GAG CGT CAC CAT ATT TCT AAA GCT TAC GAC AAG ATG GGT GAG TTT CTA AAG ATG CAC TAC CAG AAG GCA CGT CGA TAC ACA GAC GTT ATC CCT GCA GGT CCA TTA CTG AAG AGG TTA GTG AAC TTG CAG GAG TGT ATC AAG TAC GTG GGA GGT CGG ACA GGA TTG GGT GAC CGT TCG CTA AGA CAA CTG AAG AAC AGG TCC TCC ATT ATG GAT TAC ATC GCT ATC CCG TCT GTT GCG CAA CAT CCG GTT GCT ACT TCC CAA AAG ACT TCC GAT ATC ACC AAC GTT GTT AAC TGG CCA AGA GAC GAT GAA CTA GGT CCA TGG AAT CTA TTG AGC CAT GCT CTG GGT CGT GAA ATA TGG CGT CCT GAA GAA TAC CTT TCT GTG AGA ATG TTC GTC AAA ACA AAG CAA CAT TAC CAA GCA GGA AAG AAG GCC TCC GCC TGG AGA CTG AGG ACA AGA TCC ATG TTG ATG CAT TTC TGT GGT ATG GAT GAT GGT TAC TTT CGT TCT CGT CGA AAG GAT GAG TCC AGA ATA GAC GAT CCG CCA GAG TCC CAT GGT CGA TCT GTG TGT CCA TAC ACT ATG TCT CAA CTG TTG GAT GCG TCC CAC ACC AGG TTC ACA CCG ATC TCG ATG TTG TCC GAG ACA GCT GAG GGT AGT GGG GAA CTT CTG GTG TCT CAG TCT GAT AAC TTT GCT GGT GTG AAA GAG AAG AAA GGT TTG CAA CCG GAA CAT GGT GCG AAA TGG CTA TTG AAT CCA 
Agos                            AAT CGG GGC TAC CGG GGC CAT GAA CAT GAG CGG CCG ACC GTG ATG TCG GAG GAC AAT CAC TTG TGG AAC CTT CCC CAT GAA CGG CAG CGG AAG AAG ACG GTG GTG ACG ATG AAG CTT AAC AAC AAG AAG GAG TCG TGG ATC AGA CAG GTG TTC GGT TAT CAG ACG CGC GAC CAG CTC AAC GCG CCA CGG ATC ATC TTC TCG CTC GAA TAT GGG AAT AAC CAG ATC ACG ACG CCA ATG CGG ACG GGA CGG CGC CGG ATC CGG GCG CAG CTC CGC CTT TCG ACC GGT ACG GAG GGT TTG GTT CCG CAC ACG TAT CTT CCG CCC CCA CAC TCA CGC TCG GGC CGG GAG GGG ATT ATG GAT TGG TGT AGG GTT AAG GCG AGC GGC GCT CAC GAG GGT CCA TAC CTG GCC TAC CGG GTC CGG CCC AAG TCC CGC GCC ATA AAT GAG CGT CAC CAC ATC TCT AAG GCG TAT GAC AAG ATG GGT GAC TTT CTG CGG ATG CAT TAC CAG AAG GCA CGG AGG TAC CCA GAC GTG ATT CCC GCG GGC CCA CTA ATA AAG AAG CTA GTG AAC CTA CAG GAC TGC ATC AAG TAC GTG GGG GGG CGG ACA GGG TTG GGC GAC CGT AGC TTG AAA CAG CAG AAG AAT CGG TCG GCG CTT ATG GAC TAT CTC GCG ATT CCG TGT GTG ACG CAG CAC CCA GTT GCA ACG TCG CAG AAG GCT TCG GAC CTC ACG AAC AAA GTG AAT TGG CCA AGA GAC GAC GAG CTG GGG CCG TGG AAC CTG CTG ACC CAC GCG CTG GGT CGT GAA GTG TGG CGC CCC GAG GAG TAC CTG TCG GTG AAA ATG TTC GTC CGG ACG AAG CAG CAC TAC CAG GCC GGG AAG AAG GCT TCG GCC TGG AGA TTG CGC ACC CGG ACG ATG CTG ATG CAC TTC TGC GGG CTG GAC GAC GGC TTC TTC CGG GCA CGG CGA AAG AGT GAG AGT AAA ATT GAC GAG CCC CCG GAG TCC CAT GGT CGA TCG GTG GTC CCG TAT ACC ATG TCT GCC TTG CTA GAC GCG AGC CAC CAG CGA TTC ACA CCA ATT AGC ATG ATT TCG GAG ACG GCT GAG GGG GGC GGA GAG CTA GTT GTG TCG CAG TCG GAC AAT TTC GCA GGC GTG AAG GAG AAG AAG GGC CTC GCC CCG GAC CAC GGG GCG AAG TGG CTA CTG AAC CCG 
Klac                            AAC GCT GGT TAC AGA GGT CAT GAG AAA GAA CGT CCG ACT GTC ATG TCT AAG GAT AAT CAC TTA TGG AAC CTA CCT CAT GAG AGA CAA CGT CAA AGA CAA GTT GTT ACA ATG AAG TTG AAC AAT AAG AGA GAA TCT TGG ATT AGA CAG GTA TTT GGG TAC CAA ACA AAG GAG CAG TTG TCA GCA CCG CGC ATT ATC TTT TCT TTG CCA TTT GGT AAT GAT CAA ATA AGT ACA CCT ATG AGA ACA GGG CGT AGA CGC GCT AGA GCA CAA ATG AGA GTT GCA ACC GGT ACG GAA GGT TTT CTC CCA CAT ACA TTT CTA CCT CCA CCA CAC GAA AAG TCT GGG CGC GAA GGA ATC ATG GAC TGG AAT CGT CTC AAA GCT ACA GGT GCT CAT GAG GGT CCA CAT TTG GCC TAT AGA GTC CGC CCA AAA TCT AGA GCA ATA AAC GAA AGA CAC CAT GCT TCA AAA GCT TAC GAT AAA ATG GGT GAT TTT TTG AGT ATG CAT TAT CAA AAG GCT CGT CGT TAC AGT GAT GTC ATC CCA GCA GGT CCA TTG TTA AAG AGA TTG GTC AAT TTG CAA GAT TCA ATC AAA TAT GTA GGT GGT AGA ACT GGT TTG GGG GAT AGA TCT CTA CGT CAG CTC AAA AAT CGT TCA TCA GTT ATG GAC TAC CTA GCT ACG CCC AAT ATC GCA CAG CAT CCA ATC GCC ACT TCA CAG AAA GCG TCC GAA CTA ACG AAC GTT ATC AAT TGG CCA AGA GAT GAC GAG TTG GGA CCA GTT AAC TTG ATT ACC CAT GCA TTA GGT AGA GAA GTT TGG CGT CCA GAA GAG TAC CTA TCT GTG CGT ATG TTT GTC CGT ACT AAG CAA CAT TAC CAA GCA GGT AAG AAG GCT GCA GCA TGG AGA TTA AGA ACC CAT CAA ATG TTG ATG CAT TTT TCA GGT TTA GAC GAC GGT CTA TTC CGT GCA AGA AGT AAA GGT GAG TCC CGT ATA GAT GAT CCT CCA CAA TCC CAT GGT AGT GCT GTA GTC CCT TAC ACT ATG TCA CCT TTA TTG GAG GCT ACA CAC CAA CGT TTT ACT CCA ATC TCT ATG ATC TCC CAA ACT GCA GAA GCG GGT GGG GAA TTG CTC GTC GCT CAA TCT GAC AAT TTT GCC GGT GTC AAG GAG AAG CAA GGT TTG CCT CCC GAA CAT GGT GCT AAG TGG CTT ATT AAC CCT 
Calb                            AAT GAA GGT TAT AGA GGA CAT GAA CAT GAG AGA CCA TCT GTC ATG AGT AAT GAT CAA CAT TTT TGG AAT TTG CCA CAT GAA CGT ATG AGA AAA CGG GCC TTG TTG ACA TTG AAA TTG AAT AAT AGA CGG CGA AGT TGG ATT GCT CAA GTT TAT GGA TAT CAA ACA AAA CAA AAT TTA AAT GCG CCA AGA ATT ATT TTT AGT TTA CCA TTT GGT AAT GAT CAA ATC CCA ACA CCA ATG AAA ACA AAT AGA AAA AGA AGT AGA GCT CAA ATG AAA AGT AGT GTA GGG TCA GAA GGT TTA TTG CCG TCA ACA TTT TTG AAT CCG CCA CAT GAA AAA CAA GGA AGA GAA GGA ATC ATG GAC TGG ATT AGA TTG AAA GCC AGT GGT GCA CAT GAA GGA CCA CAC TTG TCT TTT ACT ACT AGA CCA AAA TCC CGA TCC ATT AAT GAA CAA CAT CAT AGT TCA AAA TCA TAC GAT AAA TTG GGA GAC TTT TTG AAT ATG CAT TAT CAA AAA GCA AGA AGA TAC GCC GAT GTC ATT CCG GCG TCA CCA TTA AGA AAA CGG TTA GTA AAT TTA CAA GAC GAA ATC AAA TAT ATC GCT GGA CGT CCC GCT TTA GGA TCC CAA AGT TTA AAG AAT TAT AAA AAC AGA TCA TCT AGT TTG GAT TAC TTG TCA ATA CCT ATT ATA ATT CAA TCA CCA GTT ACA ACC TCA AAT AAA AAT TCC CAA TTG TCA AAT AAA ATA AAT TGG CCA GCT TCC GAT GAA TTG GGA CCT TGG AAT TTG CTT AAT CAT AGT TTG GGA CAA GAA TTG TTA CGT CCA GAG GAA TAC CTA AGT ATT AAG ATG TTT ACT AAA ACA AAA CAA CAT TAC GAA TCC GCT AAA AAA GCA AGT GCA TGG GCT TTG CGA GTA AAA GCC ATG TTG ATG CAT TTT GAA GGA TTG GAT GAT GGA TTT TTC AGA GCT AGA AAG AAA GAA GAA TCC AAG GTT GAT GTT CCA CCT GAA GCC CAT GGG AAG GTT ATC TCA CCC TAC TCT ATG TCA AAA TTG TTA CAA GCG AGT CAT TCA AGA TTT ACC CCA ATC AGT TTG ATT TCC GAA ACA GCG GAA GGA CAA AAT GAA TTG TTG GTT GTT CAA AGT GAT CAA TAT ACA GGT GTA AAA GAA AAA AAA GGT TTA AAA CCT AGT CAT GGA GCG AGA TGG CTA CTT AAC CCC 



Printing out site pattern counts


         9        720  P

Scer                            AAA AAA AAA AAA AAA AAA AAA AAA AAA AAA AAC AAC AAC AAC AAC AAC AAG AAG AAG AAT AAT AAT ACA ACA ACA ACA ACC ACC ACG ACG ACG ACT ACT ACT ACT ACT AGA AGA AGA AGA AGA AGA AGA AGC AGG AGG AGG AGT AGT ATA ATC ATC ATC ATC ATC ATG ATG ATG ATG ATG ATT ATT ATT ATT ATT ATT ATT CAA CAA CAA CAA CAA CAA CAC CAG CAG CAG CAT CAT CAT CAT CAT CAT CCA CCA CCA CCA CCA CCC CCC CCC CCC CCG CCG CCT CCT CCT CCT CGA CGA CGT CGT CGT CGT CGT CGT CTA CTA CTA CTA CTA CTA CTC CTG CTT CTT CTT GAA GAA GAA GAA GAA GAA GAA GAA GAA GAA GAA GAA GAC GAC GAC GAG GAG GAG GAG GAT GAT GAT GAT GAT GAT GAT GAT GAT GAT GCA GCA GCC GCC GCC GCC GCC GCC GCC GCG GCG GCG GCT GCT GCT GCT GCT GGA GGC GGC GGC GGG GGT GGT GGT GGT GGT GGT GGT GGT GGT GGT GTA GTC GTC GTG GTG GTG GTT GTT GTT GTT TAC TAC TAC TAC TAC TAT TAT TCC TCC TCC TCC TCC TCT TCT TCT TCT TCT TCT TCT TCT TCT TGC TGC TGG TGG TGG TGT TTA TTA TTA TTA TTA TTA TTA TTA TTA TTA TTC TTG TTG TTG TTG TTG TTT TTT TTT TTT TTT TTT TTT TTT TTT 
Sbay                            ... ... ... ... ..G ..G ..G ..G ..G .GG ..A ... ... ... ..T ..T ..A ... ... ..C ... ... ... ..C ..C ..G ..G G.. ..A ..C ..T ..C ..C ..C ... .GA .A. ... ... ..G ..G ..G G.C ..T ..A ... C.T ... ... ..C ... ... ..G ..T C.G ... ... ... ... ... ..C ..C ..C ... ... ... G.. ... ... ... ..G ..G G.G ... AT. ..A ..A ..C ... ... ... ... ... ... ... ... ... ... ... ... ... ..T ..C ..T ..A ... ... ... ... ..G ... ... ... ... ... ... ... ..T T.. T.. T.G T.G ..T T.. A.C ..C ... CCG ... ... ... ... ... ... ... ... ... ... ..G ... ... ..G ..A ..A ..A ... ..C ..C ..C ..C ... ... ... ... ... ... ... ... ..A ... ... ... ... ..T ..T ..A ... ..T A.C ... ... ... .G. ..T ... ..T ..T ... ..C ..G ..G ... ... ... ... ... ... ... ... ... ..G ..C ... TCC ..A ..A ... ... ATT ... ... ... ... ... ... ..A ... ..T ..T ..T G.A G.C ..A ..C ..G ... ... ... ... GT. ... ... ... ... ..C A.G CC. C.. C.. ... ... ..G ..G ..G ..G ... A.C C.. ..A ... ... ..C ..C ... ... ... ... ... ... ... 
Smik                            ... ... ..G ..G ... ... ... ..G ..G ..G ..A ... ..T .GG ..T ..T .C. ... ... ..C ... ... ... ... ... ... ... ... ..T ..C ..A ..C ... ... ... ... ... ... ... ... ... C.. ... CC. ..A ... C.C ... ... ..T ... ... ... ... ... ..A ... ... ... C.A ..A ... ... ... ... ... ... ... ... ..G ... ..G ... ..T ..A ..A ... ... ..C ... ... ... ... ... ... ... ... ... ... ... ... ... TTC ..A ... ... ... T.A ... ... ..C ..G ... ... ... ... T.G ... A.G T.. ... ..T T.A ... ... T.G ... ... C.. ... ... ... ... ... ... ..G ..G ..T ... ... ..G ..T ..A ... ... ... ..A ..C ... ... C.G ..C ... ... ... ... C.G ... ..T ..A ... ... ..T ... ... ..A TGT ... ... ... ... ... ..G ..C ... ... ... ... ... ..A ... ..A ..C ... ... ... ... ... ... ..T ... ... A.. ..A ... ... ... ... ..T ... ... ... ... A.C ... ..G ..T ... ..T ..T ... ... ... ..C AGA ..C ..C ... ... ... ..T ... ... ... ... ... ... ... ... C.. ... C.. ... ... ..G ... ... ... ..A ..A ..A .A. ... C.C G.. .AC ... ... ... ... 
Spar                            ... ... ... ... ... ... ... ... ... ..G ..G ... ... ... ... ..T ... ..A ... ..C ... ... ... ... ..C ... ... ..A ... ..A ..A ... ..C ... ..G ... ... ... ... ... ... C.. ... ... ... ... ... ... ... ... ... ... ... ... ... ... ... ... ... ... ... ..C ... ... ... ... ... ... ... ... ... ... ... ... ..A ..A ... ... ... ... ... ... ... ... ... ... ... ..G ... ... ... ... ... ..A ... ... ... ... ..T ..G ... ... ... ... ... ... ... ... ... ... ... ... ..A ... ... ... ... ... ... ... ... ... ... ... ... ... ... ..G ... ... ... ... ... ... ... ... ... ... ... ... ... ... ..A ..C ... ... ... ... ..T ... ... ... ..T ... ..T ... ... ... ... ..A ..C ... ... ..T ... ... ... ... ... ... ... ... ... ... ... ... ... ... ... ..T ... ... ... ... ... ... ... ... ..T ... ... ... ..T ..C ... ..A ..T ... ..T ..T ... ..C ... ... ... ... ... ..C ... ... ... ... ... ... ... C.. ... ... ... ... ..G C.. ... ..G ... ..T ... ... ... ... ... ..C ... ... ... ... ..C ... ... ... 
Ncas                            ... ..G ... ..G ... ..G ..G ... ..G ..G ... ... ... .GT ... ..T C.A ..A ... ... ..A G.. ... ..T ..G ..T ..A T.T ..A ..T T.C ... ... C.A ... ... ... ... ... ... ... ... ... .CG C.T ..A C.T .AC ... ... ... ... ... ... ..T T.A ... ... ... ... ..C ... ..G ..A ... G.. ... ... ... ..G ... ..G ... ..T ..A ..A ..A ... ... ..C ..C ... ... ... ... ..T ..T ... ..A ... ... ..A ..C ..A ... ..A ... ..A A.. A.G A.A ... ... ... ... ... ..G T.. ... T.. .AG A.. ..G ..T T.G ... T.G CC. ... ... ... ... ... ... ..G ... ... ... ... ... AGT ..A ... ... ..T ..A ... ... ..C ... ..G ..C ... ... ... ... ..T ... ..T T.T ..A ..T ..T ..T ..T ..T ..A ..T ... T.A ... ..A T.A ..T ..A ..T ..T ..T ... ... ..A ... ..G ..C ..G ..G ... ... ..T ..T ..T ... ... ..A ..A ... ... ... ..T ..T ..T ..T ... ..C ... ... ..A ..T ..T ..T ..A ..A ... ..C ... ..C ... AAA ..A AC. ... ... ... ... .CA ..G C.. ... ..G ... C.G C.. C.. ... ..G .A. ... ..A ..A ... ..T ..C ... ..C ... ..C C.G CAC ... ... 
Cgla                            ... ..G ..G ..G ..G ... ..G ..G ..G ... ..G ... ... ... ... ..T ..A ... ..A ... ..C G.C ... ..T ... ... ... T.. ..A ..T ..C ... ..C ... .AA ..A ... ... ... ... C.G C.T ... ... C.T C.A C.T .AC ... ... ... ..T ..T ... ... C.. ... ... ..T ... ..C T.G ... ..C ..A G.. ..C ... ... ..G ..G ... ..G ... ..A ..A ..A ... ... ..C ... ..C ... ... ..G ... ... ..T ..T ..A ..T ..T ... ... ..G ..A ..A ..C A.G ..T A.G ..A A.G A.G ... ... ..C T.G ..T ..G .A. ..G ..A T.. ..A ... ..G ... ... A.C ... ... ... ..G ..G ..G ..G ... ..G ..T AGT ..T ..A ..A ... ... ... ... ... ..C ... ... ..A ... ..C ..C ... ..G ..T T.. ..G ... ..T ..G T.T ..C ..C ..A ... ..A ... A.A ..A ... ... ..T ..T ..A ... ... ... ... ... ... ... ... ..G ... ..T ..G ... ..C ... TGT ... ..G ..G ... ... ... ... ... ... ... ..C ..G ..T ... AG. ... ..C ..C ..C ..C ... ... ... G.A ..C .CT ..T ... ... ... .C. C.. ..G C.. C.T C.. C.T C.G A.G ..G C.G .A. ... ... C.A ..A A.. ..C ... ... ... ... .AC CA. ..C ... 
Agos                            CGG CGC ..G ..G ..G ..G ..G ..G ..G ..G CGG ..T ... ..T ..T ... C.T ... ... ..C ... G.C ..G ..G ..C ..G ..G ..G ..A G.T CA. ..C ..G ..G .AG ..A C.G .A. ... C.G C.G C.C C.G .C. C.. C.A C.C .AC G.C ..T ..T C.T ... ... ..T ..A ... C.C ... ... ..C ... ..C ... G.G G.G C.C ..G ..G ..G ..G ..G ..G ... ... ... GCC T.C ..C ..C ..C ... ... ... GA. A.G ... ..C ... ..G ..A ..G ..C ... ..A ..G ..G ..G AAG ..T ..C A.G ..A ..G ..G ..G ..C ..G ..G ..G .AG A.. ..A T.. ..G ..A G.. TC. ... ..G ..G ..G ..G ..C ..G ... ..G ..G ..G ... CGG ... ..A ... ... ... ..C ..C ... ..C AG. ..C ..C ..G A.C ..C ... ..G ..G ..G ..G ..T ..T A.G ..A ..C ... ... ..A ..C ..G C.A ..C ..G ..T ... ... ..C ..G ..G ..G ... ..C ..C ..G ... ..A ... AA. ..G ... ... ... ..C ..G ..G ..G ... ... ... ... ... ... ... ..C AG. ..G ..G AA. ..G ..C AG. ..C ..G ... ..G ..G GAG AGC .CG ... ... ... ... ... C.C C.T C.G A.C ..G ..G CAG C.G C.. ..G .AT C.. C.C C.T C.A A.. ..C .A. ..G ..C ... ..C CAC ..C ..C 
Klac                            CGT ..G ... ..G ..G ..G ..G ... ..G ... .GT ... ... ..T ..T ... ..A ..A ... ..C ... G.. ... ..T ..C ..T ..A CAA ..T G.. CAA ... ..G ..A CAA ... ... C.T ... CAT ... ... ... .C. C.C ..T C.T .A. G.. ... ... G.T ..T ... ... T.A ... ... ... ... ..C ..C GC. .CG G.. ..C C.A ..G ..G ... ... ... ... ... ..A ..A .CT ... ... ..C ... ... ... ... ... AGT ..G ... ..A ..A ..T ..T ..T ..C ..A ..A ... ..G A.. A.. A.A ... ... ... A.A ... T.G A.T ... T.. .A. A.. ..T T.. T.G T.G ..C ... ..G ... ... ... ..G ..T ... ..G ... ..G ..G ... .CT ..A ..A ..A C.A ... ..G ... ..C ... .G. ..C ..A ... ... ... ..T ..T ..T T.A ..A ..T ..A ..A ..A ..A ..T ..A ..C ..A ..A AG. ..C ..T ..G ..T ..T ..T ... .CG ... ... ... ..G ..A ... ..G ... ..T ..G ... ..A ..A ..C ..C ..C ..C A.C ... ... ..T ..T ... ..C ... ..T ..T G.A ..A ..A ..C ..C ... ..C ..A ... ... AAG A.A GCT .CA GTT ... ... AA. ..G C.. ..G A.. C.. ... C.C ... ..G ... .A. ... ... ... ... A.. ... ... ... ..C ... C.A CA. ... ... 
Calb                            ... ... ... ... ... ... ... ... ... ... ..T ..T ..T ... C.A ... C.T ..A .GA ... ... TCC ... ..C GT. ... ..A G.. ..C .AT T.A T.. T.A ..A .AA C.C .A. .AG GCT .A. C.T .A. .CT .AT ..A .A. C.T .A. CAA G.T ... .GT ..T ..T ..T .GA ... ... ... ... ..C ... .G. ..A T.G ..A T.G A.T ... ... ... ... ... ..T AT. ..A A.A ..C ... ... ... ... ... ... ... ... ... ... ..G ..G ..A AAT ..A ..T ..A ... ..C ..A ..G .A. ..A A.A A.A A.A A.A A.A T.. ..T ... T.G GA. A.T ..A T.A T.G T.G T.G ... ... ... ... ..G ... ..C ... ... CG. ... ... ..T ..A C.A ..A ... ..A ..A C.A ... ..C ... ..A ... AG. .T. ... ... ... ..G T.A T.T ..T ..A ..G ATT ..T ..A ..C ... A.A T.C AG. ..C T.. .CT ..A ..A ..T ..T ... ..A ..A ... TCA ..A ..A ..G AA. ..A AA. A.T ACT ..T A.C TCA ..C ... ..A ... ... ..T ..T .TT ... ... ... AGT AGT AGT AAT ..A G.C ..C ..C ..C ..A AG. CAA AA. AG. GTT GAA ... ... .TA AT. ... ..G ..G A.C ... ..T .AT ..G ... ..G .A. ... ..A ... ..A ... ... ... ..A ..C ... ... .CA ... .A. 

    1    2    3    1    3    1    2    2    1    2    1    2    1    1    2
    1    1    1    2    3    2    2    2    1    2    2    2    2    1    1
    1    2    2    1    2    1    1    3    3    1    2    2    1    1    4
    2    1    2    1    1    2    2    2    1    1    1    5    1    1    2
    1    1    2    1    3    2    2    3    2    1    2    1    2    1    1
    1    2    1    5    3    1    2    2    3    1    1    1    2    2    1
    1    1    2    2    3    2    2    1    3    3    2    2    1    3    3
    3    1    2    1    1    1    1    1    1    2    1    3    1    1    1
    1    1    2    2    3    1    1    1    1    1    1    1    1    1    2
    1    2    1    1    1    1    4    1    1    1    2    1    2    2    1
    1    2    1    1    1    1    1    2    2    2    1    1    1    3    1
    2    3    1    1    1    3    1    1    2    2    2    2    3    1    1
    2    1    2    1    2    1    2    1    1    1    1    1    2    1    1
    2    4    2    1    2    1    1    1    2    2    1    1    1    2    2
    2    1    6    1    2    1    2    2    1    1    1    1    1    2    2
    3    1    1    1    2    4    2    2    1    1    1    1    2    2    2


CODONML (in paml version 4.9j, February 2020)  temp.nuc
Model: One dN/dS ratio, 
Codon frequency model: Fequal
ns =   9  ls = 393

Codon usage in sequences
--------------------------------------------------------------------------------------------------------------------------------------
Phe TTT  14  10   9  14  11   7 | Ser TCT  12  10  13  17  12  13 | Tyr TAT   2   2   4   4   5   1 | Cys TGT   2   0   5   2   0   3
    TTC   3   7   5   3   4   4 |     TCC  11   7   6   4   6  14 |     TAC   6   5   6   4   6  11 |     TGC   4   4   2   4   2   0
Leu TTA  14   5  19   9  11   2 |     TCA   0   3   1   2  13   0 | *** TAA   0   0   0   0   0   0 | *** TGA   0   0   0   0   0   0
    TTG   9  15   6  12  12  10 |     TCG   0   2   2   0   0   2 |     TAG   0   0   0   0   0   0 | Trp TGG   8   8   8   8   8   8
--------------------------------------------------------------------------------------------------------------------------------------
Leu CTT   6   6   6   6   2   4 | Pro CCT   8   8   7   8   7   6 | His CAT  14  13  10  14  11  11 | Arg CGT  14  15  10  17  17  16
    CTC   1   1   1   0   0   1 |     CCC   5   6   6   5   4   1 |     CAC   1   2   5   1   6   6 |     CGC   0   0   3   0   0   0
    CTA   7   4   7  10   5   8 |     CCA   8  13  10   8  16  10 | Gln CAA  11   9  12  13  14  11 |     CGA   6   3   8   2   0   4
    CTG   1   2   1   1   4   9 |     CCG   4   1   1   4   0   8 |     CAG   4   3   5   2   3   5 |     CGG   0   3   2   3   0   2
--------------------------------------------------------------------------------------------------------------------------------------
Ile ATT  12   8  12  11   7   7 | Thr ACT   8   3   7   4  11   5 | Asn AAT   7   7   8   5   4   4 | Ser AGT   3   4   3   3   3   2
    ATC   8  12   8   9   8   8 |     ACC   4  11   7   6   2   5 |     AAC   8   7   6   9   8  11 |     AGC   1   0   0   1   0   2
    ATA   1   0   2   1   3   4 |     ACA   7   3   8   9   5   9 | Lys AAA  18  10  10  17  13   9 | Arg AGA  13  11  17  11  20   9
Met ATG  10  14  10  10  11  13 |     ACG   3   4   1   3   3   0 |     AAG   4  12  12   6  11  16 |     AGG   7   9   3   7   3   9
--------------------------------------------------------------------------------------------------------------------------------------
Val GTT   6   5   8   7  10   6 | Ala GCT   7   8   9   8  14   6 | Asp GAT  15  10   9  13  13  12 | Gly GGT  18  22  15  21  17  21
    GTC   3   4   2   2   0   3 |     GCC   9   8   5   6   0   4 |     GAC   3   7   6   4   6   6 |     GGC   6   3  10   6   2   1
    GTA   1   4   2   1   3   0 |     GCA   3   7   4   5   5   7 | Glu GAA  16  18  15  16  14  10 |     GGA   3   0   2   0   4   4
    GTG   4   4   1   4   3   6 |     GCG   4   1   3   4   0   4 |     GAG   5   5   7   6   6  11 |     GGG   1   5   1   1   5   2
--------------------------------------------------------------------------------------------------------------------------------------

--------------------------------------------------------------------------------------
Phe TTT   1  10  10 | Ser TCT   2   9   4 | Tyr TAT   6   3   7 | Cys TGT   2   0   0
    TTC   8   1   1 |     TCC   2   4   8 |     TAC   8   8   6 |     TGC   2   0   0
Leu TTA   0   6  11 |     TCA   1   8  13 | *** TAA   0   0   0 | *** TGA   0   0   0
    TTG   6  15  25 |     TCG  14   0   0 |     TAG   0   0   0 | Trp TGG   8   7   7
--------------------------------------------------------------------------------------
Leu CTT   5   1   2 | Pro CCT   0   8   4 | His CAT   5  14  15 | Arg CGT   3  14   3
    CTC   6   4   0 |     CCC   6   2   3 |     CAC  12   4   1 |     CGC   7   4   0
    CTA   6   7   2 |     CCA   9  14  15 | Gln CAA   0  16  19 |     CGA   3   0   3
    CTG  10   0   0 |     CCG   9   2   3 |     CAG  16   5   0 |     CGG  21   0   3
--------------------------------------------------------------------------------------
Ile ATT   6   4  10 | Thr ACT   0   7   3 | Asn AAT   7   9  21 | Ser AGT   2   5  17
    ATC   7   9   6 |     ACC   5   3   2 |     AAC   9   7   2 |     AGC   4   0   0
    ATA   2   3   3 |     ACA   2   7   9 | Lys AAA   4   9  28 | Arg AGA   3  20  19
Met ATG  12  13  10 |     ACG  14   3   0 |     AAG  23  13   5 |     AGG   2   0   0
--------------------------------------------------------------------------------------
Val GTT   4   7   7 | Ala GCT   4  13   8 | Asp GAT   1  10  10 | Gly GGT   7  22   6
    GTC   3   8   2 |     GCC   6   3   5 |     GAC  17   6   3 |     GGC  10   0   0
    GTA   0   3   4 |     GCA   4  12   4 | Glu GAA   4  12  21 |     GGA   2   2  14
    GTG  14   1   0 |     GCG  10   2   5 |     GAG  17   9   2 |     GGG  10   5   2
--------------------------------------------------------------------------------------

Codon position x base (3x4) table for each sequence.

#1: Scer           
position  1:    T:0.21628    C:0.22901    A:0.29008    G:0.26463
position  2:    T:0.25445    C:0.23664    A:0.29008    G:0.21883
position  3:    T:0.37659    C:0.18575    A:0.27481    G:0.16285
Average         T:0.28244    C:0.21713    A:0.28499    G:0.21544

#2: Sbay           
position  1:    T:0.19847    C:0.22646    A:0.29262    G:0.28244
position  2:    T:0.25700    C:0.24173    A:0.27990    G:0.22137
position  3:    T:0.33333    C:0.21374    A:0.22901    G:0.22392
Average         T:0.26293    C:0.22731    A:0.26718    G:0.24258

#3: Smik           
position  1:    T:0.21883    C:0.23919    A:0.29008    G:0.25191
position  2:    T:0.25191    C:0.22901    A:0.29262    G:0.22646
position  3:    T:0.34351    C:0.19847    A:0.29771    G:0.16031
Average         T:0.27142    C:0.22222    A:0.29347    G:0.21289

#4: Spar           
position  1:    T:0.21120    C:0.23919    A:0.28499    G:0.26463
position  2:    T:0.25445    C:0.23664    A:0.29008    G:0.21883
position  3:    T:0.39186    C:0.16285    A:0.26463    G:0.18066
Average         T:0.28584    C:0.21289    A:0.27990    G:0.22137

#5: Ncas           
position  1:    T:0.22901    C:0.22646    A:0.28499    G:0.25954
position  2:    T:0.23919    C:0.24936    A:0.30534    G:0.20611
position  3:    T:0.36641    C:0.13740    A:0.32061    G:0.17557
Average         T:0.27820    C:0.20441    A:0.30365    G:0.21374

#6: Cgla           
position  1:    T:0.19084    C:0.25954    A:0.28753    G:0.26209
position  2:    T:0.23410    C:0.23919    A:0.31552    G:0.21120
position  3:    T:0.31552    C:0.19593    A:0.22137    G:0.26718
Average         T:0.24682    C:0.23155    A:0.27481    G:0.24682

#7: Agos           
position  1:    T:0.15267    C:0.30025    A:0.25954    G:0.28753
position  2:    T:0.22901    C:0.22392    A:0.32824    G:0.21883
position  3:    T:0.13995    C:0.28499    A:0.10178    G:0.47328
Average         T:0.17388    C:0.26972    A:0.22986    G:0.32655

#8: Klac           
position  1:    T:0.18066    C:0.24173    A:0.28499    G:0.29262
position  2:    T:0.23410    C:0.24682    A:0.31807    G:0.20102
position  3:    T:0.34606    C:0.16031    A:0.30280    G:0.19084
Average         T:0.25360    C:0.21628    A:0.30195    G:0.22816

#9: Calb           
position  1:    T:0.23410    C:0.18575    A:0.34351    G:0.23664
position  2:    T:0.23664    C:0.21883    A:0.35623    G:0.18830
position  3:    T:0.32316    C:0.09924    A:0.41985    G:0.15776
Average         T:0.26463    C:0.16794    A:0.37320    G:0.19423

Sums of codon usage counts
------------------------------------------------------------------------------
Phe F TTT      86 | Ser S TCT      92 | Tyr Y TAT      34 | Cys C TGT      14
      TTC      36 |       TCC      62 |       TAC      60 |       TGC      18
Leu L TTA      77 |       TCA      41 | *** * TAA       0 | *** * TGA       0
      TTG     110 |       TCG      20 |       TAG       0 | Trp W TGG      70
------------------------------------------------------------------------------
Leu L CTT      38 | Pro P CCT      56 | His H CAT     107 | Arg R CGT     109
      CTC      14 |       CCC      38 |       CAC      38 |       CGC      14
      CTA      56 |       CCA     103 | Gln Q CAA     105 |       CGA      29
      CTG      28 |       CCG      32 |       CAG      43 |       CGG      34
------------------------------------------------------------------------------
Ile I ATT      77 | Thr T ACT      48 | Asn N AAT      72 | Ser S AGT      42
      ATC      75 |       ACC      45 |       AAC      67 |       AGC       8
      ATA      19 |       ACA      59 | Lys K AAA     118 | Arg R AGA     123
Met M ATG     103 |       ACG      31 |       AAG     102 |       AGG      40
------------------------------------------------------------------------------
Val V GTT      60 | Ala A GCT      77 | Asp D GAT      93 | Gly G GGT     149
      GTC      27 |       GCC      46 |       GAC      58 |       GGC      38
      GTA      18 |       GCA      51 | Glu E GAA     126 |       GGA      31
      GTG      37 |       GCG      33 |       GAG      68 |       GGG      32
------------------------------------------------------------------------------


Codon position x base (3x4) table, overall

position  1:    T:0.20356    C:0.23862    A:0.29092    G:0.26689
position  2:    T:0.24343    C:0.23579    A:0.30845    G:0.21233
position  3:    T:0.32627    C:0.18208    A:0.27029    G:0.22137
Average         T:0.25775    C:0.21883    A:0.28989    G:0.23353

Codon frequencies under model, for use in evolver (TTT TTC TTA TTG ... GGG):
  0.01639344  0.01639344  0.01639344  0.01639344
  0.01639344  0.01639344  0.01639344  0.01639344
  0.01639344  0.01639344  0.00000000  0.00000000
  0.01639344  0.01639344  0.00000000  0.01639344
  0.01639344  0.01639344  0.01639344  0.01639344
  0.01639344  0.01639344  0.01639344  0.01639344
  0.01639344  0.01639344  0.01639344  0.01639344
  0.01639344  0.01639344  0.01639344  0.01639344
  0.01639344  0.01639344  0.01639344  0.01639344
  0.01639344  0.01639344  0.01639344  0.01639344
  0.01639344  0.01639344  0.01639344  0.01639344
  0.01639344  0.01639344  0.01639344  0.01639344
  0.01639344  0.01639344  0.01639344  0.01639344
  0.01639344  0.01639344  0.01639344  0.01639344
  0.01639344  0.01639344  0.01639344  0.01639344
  0.01639344  0.01639344  0.01639344  0.01639344


TREE #  1:  (((((1, 4), (3, 2)), 5), 6), ((7, 8), 9));   MP score: 1319
This is a rooted tree.  Please check!
lnL(ntime: 16  np: 18):  -6795.735401      +0.000000
  10..11   11..12   12..13   13..14   14..1    14..4    13..15   15..3    15..2    12..5    11..6    10..16   16..17   17..7    17..8    16..9  
 0.124437 0.167331 0.484456 0.015710 0.100490 0.124817 0.000004 0.455542 0.724438 0.602157 0.738798 0.128134 0.232079 1.801727 1.060716 4.665993 1.566378 0.044140

Note: Branch length is defined as number of nucleotide substitutions per codon (not per neucleotide site).

tree length = 11.426829

(((((1: 0.100490, 4: 0.124817): 0.015710, (3: 0.455542, 2: 0.724438): 0.000004): 0.484456, 5: 0.602157): 0.167331, 6: 0.738798): 0.124437, ((7: 1.801727, 8: 1.060716): 0.232079, 9: 4.665993): 0.128134);

(((((Scer: 0.100490, Spar: 0.124817): 0.015710, (Smik: 0.455542, Sbay: 0.724438): 0.000004): 0.484456, Ncas: 0.602157): 0.167331, Cgla: 0.738798): 0.124437, ((Agos: 1.801727, Klac: 1.060716): 0.232079, Calb: 4.665993): 0.128134);

Detailed output identifying parameters

kappa (ts/tv) =  1.56638

omega (dN/dS) =  0.04414

dN & dS for each branch

 branch          t       N       S   dN/dS      dN      dS  N*dN  S*dS

  10..11     0.124   860.9   318.1  0.0441  0.0061  0.1373   5.2  43.7
  11..12     0.167   860.9   318.1  0.0441  0.0082  0.1847   7.0  58.7
  12..13     0.484   860.9   318.1  0.0441  0.0236  0.5347  20.3 170.1
  13..14     0.016   860.9   318.1  0.0441  0.0008  0.0173   0.7   5.5
  14..1      0.100   860.9   318.1  0.0441  0.0049  0.1109   4.2  35.3
  14..4      0.125   860.9   318.1  0.0441  0.0061  0.1378   5.2  43.8
  13..15     0.000   860.9   318.1  0.0441  0.0000  0.0000   0.0   0.0
  15..3      0.456   860.9   318.1  0.0441  0.0222  0.5028  19.1 159.9
  15..2      0.724   860.9   318.1  0.0441  0.0353  0.7995  30.4 254.3
  12..5      0.602   860.9   318.1  0.0441  0.0293  0.6646  25.3 211.4
  11..6      0.739   860.9   318.1  0.0441  0.0360  0.8154  31.0 259.4
  10..16     0.128   860.9   318.1  0.0441  0.0062  0.1414   5.4  45.0
  16..17     0.232   860.9   318.1  0.0441  0.0113  0.2561   9.7  81.5
  17..7      1.802   860.9   318.1  0.0441  0.0878  1.9884  75.6 632.5
  17..8      1.061   860.9   318.1  0.0441  0.0517  1.1706  44.5 372.4
  16..9      4.666   860.9   318.1  0.0441  0.2273  5.1496 195.7 1638.1

tree length for dN:       0.5567
tree length for dS:      12.6111


Time used:  0:12
