      9   1182

Scer                            GGT TTA CAC AAC GTG TTG AGA GAA CAA GCT GAT CAT ATA ACC AAA GAC TGG AAT AGA GAC ATC CAG AAT ATC AAA ATT TCC AAT TTG ACC TTA AAA GTG ACT GCC AAT GCT GAT TCA GAT ATT AAA AAA TAT AGA GGT CTT GTT TAC GAT CTA TAC GAC AGT AAC TAT ATG GAT ACA GAC GAA ATT GAG TTG ATG GGT GGT GAC GAA GTC ACT GTC GAT GAA CAA AAG GCA CAA TTG GAA ACA GCT CTG ACT CGT GCA TTC GGT CAG GTG GGT AAG GAC GAC AAT ACT GCA GTG TCC AAC AAT GCT CTG GAA GTT ATT GAC GAC AGA TGG TTC AAC GAA ATT AGA CAT GCT ACA ATT GGC GAT GGC CAA CTC GCT CTT GCT TAT CAA TAT CTG ATA GTT AAG TAT GGC TTG TTG GGG AGA GAT TAT ACA ACC GTG CTC AAG GAA CCT GCC GGG ATG TAC CCT CCG GGT GAA ACG ATC AGA CGA GCA AGA TTA GGT ATA CAG GTA AGA CTG TTC GAT AAG CAT AAC GGT AAA AAC ATC GCT GCC ATT GTC TTA GCT AAT TAT TTG ATT GAC GAC GGC GAC ATT AAT AGA ACT GAT ATC GCA AGG TAC AAA ACG CAT GTA CAG AGA TTG GTT GAT TAC CCG ATT CTT CAT TAT TTT TAC TAT ATT AAA AAG TAT AAG TGG TCC AAC CCT ATA AAA TTT AAG GAG TAC TAT GAC ATA TTA ATT TCA AAA AAG AGA TTT GAA TTG AAG AGT GGC CAC GCT CTC AGA GGC TAT TAT GAT GCT TAC TGC ACT ATA AGA GCT CAC AGA ATC AAT GAC GCT GCT GAT ATG TTT GAT GAT CTT ATT CAC ATA ATT TAT ATG AGA CCA GTT ATA ACC GCT CTG CAA CCT GCC GAA TTA ACC ATT ATT GAA AGA AAA TCA GCT ACT GCT GGC AAA ATA ACT CTT ACA ATC TGG TTG CTC GAA CTT TTT AAG GCT GGT TTC TAT TTT ATA GGT CCA AGT GTT TTT TTT GAA GAG CAA GAG GGC AAC TCC GAT TTT AGA CAA TAC GGC ACA TAT GTG CCT TAT GAG GAG CCA TAT CCT TAT TTA TAT TCT GTG CTT AAG TAT TCC CTA GAT CGT AGA TCA TTG ATT GGT AAA ATG GAA GAT AAC GGC ATC CTA AGG GTG GTG AAG GCC CTA AAT AAC GAC TGG GAA CTA ATA ACT 
Sbay                            GGT TTG CAG AAC GTG TTG AGA GAG CAA GCC GAC CAT ATC ATA AAA GAT TGG AAT AGA GAT ATC CAG AAT ATC AGG ATT TCT AAC TTG ATA TTG AAA GTG ACC GCT AAC GCC GAC TCA GAT ATC AGG AAA TAT AGA GGT CTA ATT TAC GAC TTA TAT GAT AGC AAC TAC ATG GAC ACA GAC GAA ATT GAG TTG ATG GGT GGT GAT GAA GTC ACT GTC GAC GAG CAA AAG GCT CAA TTG GAA ACA GCC TTT ACC CGT GCT TTC GGG CAA GTG GGT AAG GAT GAC AAT ACC GCA GTG TCA AAC AAC GCC TTG GAA GTC ATT GAC GAC AGG TGG TTC AAC GAG ATT AGA CAT GCC ACA ATT GGT GAT GGC CAA CTT GCT CTA GCT TAC CAA TAT GTA ATC GTC AAG TAC GGT TTA TTG GGG AGA GAT TAT ACA ACC GTG TTA AAG GAA CCG GCC GGG ATG TAC CCG CCA GGT GAG ACG ATC AGA CGA GCA AGA TTA GGT ATA CAG GTG AGA TTG TTC GAC AAG CAT AAC GGT AAG AAC ATC GCT GCT ATA GTC TTG GCC AAC TAT TTG ATT GAT GAC GGC GAC ATT AAC AGA ACG GAC ATC GCA AGA TAC AAA ACA CAT GTG CAA AGA TTG ACG GAT TAC CCA ATC CTA CAT TAT TTT TAT TAT ATC AAA AAG TAC AAG TGG TCT AAC CCC ATC AGG TTT AAG CAA TAC TAT GAC CTA CTA ATT TCA AAA AAG AGA TTT GAA TTG AAG AGT GGT CAC GCT TTA AGA GGT TAT TAC GAT GCC TAC TGC ACT ATA AGG GCT CAC AGA ATC AAT GAA GCT GCC GAT ATG TTC GAT GAT CTA ATC CAG ATA ATT TAT ATG AGA CCA GTC ATA ACA GCT TTG CAA CCC CCC GAA TTG ATA ATT ATC GAA AGA AAG TCA GCT ACT GCA GGC AAA CTA ACC CTG ACA ATC TGG TTG CTT GAG CTG TTC AAG GCC GGT TTC TAT TTT ATA GGT CCA AGT GTC TTT TTT GAA GAT CAA GAA GGC AAC TCC GAT TTT AGA CAA TAC GGC ACA TAT GTG CCT TAC GAG GAG CCA TAT CCA TAT TTG TAC TCT GTG CTG AAG TAT TCT CTA GAT CGT AGA TCA TTG ATC GGT AAA ATG GAG GAT AAC GGC ATC TTA AGA GTG GTG AAG GCG CTA AAC AAC GAC TGG GAA TTA ATA ACT 
Smik                            GGG GTC AAT AAC GTG TTC AGA GAA CAA GCC GAC AAT ATA ATA AAA GAC TGG AAT AGA GAT ATA CAG AAT ATC AAA ATT TCA AAC TTG ATA TTA AAA GTT ACT ACA AAC GCC GAT TCG GAT ATT AAA AAA TAT AGA GGG CTC GTC TAT GAT TTA TAT GAT AGA AAG TAC GCT GAT ACT GAT GAA ATT GAG CTG ATG GGT GGT GAT GAA GTG ACT GTT GAT GAG CAC AAG GCT CAA GTC GAA ACT GCC TTT ACC CGT GCT TTT GGG CAA GTA GGT AAG GAC GAC AAT ACT GCA GTT TCC AAC GAA GCC TTG GAA GTT ATT GAT GAC AGG TGG TTC GAT GAG ATT AGA AAT GCA ACT GTT GGT GAT GGT CAA GTT GCT CTC GCT TAT CAA TAT CTA ATA GTT GGG TAC GGT TTG TTG GGG AGA GAT TAT ACA ACC GTT TTA AAG GAA CCT GCT GGG ATG TAC CCT CCG GGT GAG ACA TTG AGA CGA GCT AGA TTA GGT ATA CAG GTG AGA TTG TTC GAC AAG CAC AAT GGC AAA AAT CTC GCT ACA ATC GTT GTC GCT GAA TAT TTG ATT GAC GAT GGT GAC TTA AAT AGA TCG GAT TTA GCA AGA TAT AAA ACG CAT GTA CAA AGA TTG ATT GAT TAT CCA ATT CTC CAC TAT TTG TAC TAT ATT AAA AAA TAC AAA TGG TCT AAC CCA ATA AAA TTC GGG CTG TAT TAT GAC ATA TTA ATT TCA AAA AAG AGA TTC GAT TTG AAG AGT GGT CAC GCT TTA AGA GGT TAT TAC GAT GCC TAC TGC ACT ATA AGG GCT CAT AGA ATC AAC GAA GCT GCA GAT ATG TTT GAT GAT CTC ATT AAT ATA TTA TAT ATC AGA CCA GTT ATA ACT GCT TTG CAC CCC CCA GAG TTA ATA GTT ATT GAA AGA AAG TCA GCT ACT GCT GGT AAA ATA ACC CTT ACA ATA TGG TTC GTT GAG CTT TTT AAG GCT GGT TTT TAT TTT ATA GGT CCA AGT GTT TTC TAC GAA GAT CAA GAA GGG AAT TCC GAT TTT AGA CAA TAT GGC ACA TAT GTA CCG TAC GAA GAA CCA TAT CCT TAT TTA TAC TCT GTG CTT AAG TAT TCT CTA GAT CGT AGA TCA TTG ATT GGT AAA ATT GAA GAT AAC GGG CTC TTA AGA GTG GTT AAG GCC CTA AAC AAC GAC TGG GAA TTA ATA ACT 
Spar                            GGT GTG CAC AAC GTG TTC AGG GAA CAG GCT GAC AAT ATA ACA AAA GAT TGG AAT AGA GAC ATA CAG AAT ATC AAA ATT TCA AAC TTG ACA TTA AAA GTG ACC ACG AAC GCT GAC TCA GAT ATT AAA AAA TAT AGA GGT CTT GTC TAC GAT TTA TAT GAC AGG AAG TAC GCG GAT ACG GAC GAA ATC GAG CTG ATG GGT GGC GAC GAG GTG ACT GTC GAT GAG CAC AAG GCA CAA GTC GAA ACT GCT TTT ACT CGT GCA TTC GGG CAA GTA GGC AAG GAT GAC AAT ACC GCA GTT TCT AAC GAA GCT TTG GAA GTT ATT GAT GAC AGG TGG TTC GAT GAG ATT AGA AAT GCT ACT GTT GGT GAT GGC CAA GTT GCT CTT GCT TAT CAA TAT CTA ATA GTT GGA TAC GGT TTG TTG GGG AGA GAT TAT ACA ACC GTG TTA AAG GAG CCT GCT GGG ATG TAC CCT CCG GGT GAA ACG TTA AGG CGA GCA AGA CTA GGT ATA CAG GTG AGA CTG TTC GAC AAG CAC AAC GGT AAG AAC CTC GCT ACG ATA GTC GTG GCT GAA TAT TTG ATT GAT GAC GGC GAC TTA AAT AGA TCG GAT TTA GCA AGA TAC AAA ACA CAC GTA CAA AGA TTG GTT GAT TAC CCG ATT CTT CAT TAT TTA TAC TAT ATT AAA AAG TAC AAA TGG TCC AAC CCA ATA AAA TTT GGA TTG TAC TAT GAC ATA TTG ATT TCA AAA AAG AGA TTT GAC TTG AAG AGT GGT CAC GCT TTA AGG GGT TAT TAC GAT GCT TAC TGC ACT ATA AGG GCT CAT AGA ATC AAT GAA GCT GCT GAT ATG TTT GAT GAT CTT ATT CAC ATA TTA TAT ATT AGA CCA GTT ATA ACT GCT TTG CAC CCC CCA GAA TTA ACA GTT ATT GAA AGA AAA TCA GCT ACT GCC GGC AAA ATA ACT CTT ACA ATA TGG TTC GTT GAA CTT TTT AAA GCT GGC TTC TAT TTT ATA GGT CCA AGT GTT TTC TAC GAA GAG CAG GAA GGA AAC TCA GAT TTT AGA CAA TAC GGC ACA TAT GTA CCT TAC GAG GAG CCA TAT CCT TAT TTG TAC TCT GTG CTT AAG TAT TCC CTA GAT CGT AGG TCA TTG ATT GGC AAA ATC GAA GAT AAC GGA CTC TTA AGG GTG GTT AAG GCC CTA AAC AAC GAC TGG GAA TTA ATA ACT 
Ncas                            GGT CTA ATG AAC GTC TTT AGA GAA CAA GCT GAT AAT GTC TTA AAG GAT TGG AAT AGA GAC ATT CAA AAC ATT ACT ATT TCC AAC TTA TTA TTA AAA GTT ACA GCA AAC GCG GAT TCA GAT GTA ACT AAA TAT AGA GGT TTG TGT TAC GAT TTA TAT GAC AGA ACT TAC TCC GAT ACA GAT GAA ATC GAC TTA ATG GGT GGT GAC GAA GTC ACA GTG GAT GAA CAA AAG GCC CAA TTA GAA ACA GCG TTG ACA CGT GCC TTC GGG CAA ATT GGT AAG GAT GAT AAT ACA GCT GTG TCG AAC AAT GCG TTG GAA GTT ATT GAC GAA AGA TGG TTC AAT GAA ATC AGA AAT GGC ACA ATA GGT GAT GGT CAG ACA GCT TTG GCT TAT CAA TAT GTA GTC GTT AAA TAC GGT CTT TTG GGT AGA GCC TAT ACT ACT GTT TTA AAG GAA CCT GCT GGT ATG TAT CCT CCT GGT GAA ACT ATT AGA AGA GCT AGA TTA AGT ATC CCT ACC AGA TTA TTC GAT AAG CAT AAT GGG AAG AAT ATG GCT GCA ATT GTG CTA GCT AAT TAT CTA ATT GAT GAT GGT GAT TTG AAT AGA ACA GAT GTC GCT CGT TAC AAA TCA CAT ATT GAT AGA TTA GTG GAT TAC CCA ATT TTG CAT TAT TTC TAT TAT GTG AAA AAG TAC AAG TGG TCA AAT CCA GTC ACT TTT AAA GAC TAC TAT GAT CTG TTG ATT GAA AGG AAG AGA TTC GAC TTG AAG AGT GGT CAC GCT TTA AGA GGT TAT TAT GAT GCG TAT TGT ACT ATT AGA ATG CAT AGA ATT AAT GAA GCT GGC GAT ATG TTC GAT GAT TTG GTA ATG ATC TTG TAT ATG AGA CCT GTT ATT ACC GCT TTG CAA CCT CCA GAA TTA TTA ATA GTG GAA AGA AAA GAA GCT ACT GCT GGC AAA CTG ACT TTA ACT ATT TGG TTT ACA GAA TTA TTC AAA GCT GGT TTC TAT TTC ATC GGT CCT AGT GTT TTT TTC GAA GAA CAA AAC GGG AAT TCT GAT TTC AGA CAA TAT GGA GTT TAT ATT CCG TAT GAG GAG CCA TAT CCC TAT CTA TAT TCA GTC TTA AAG TAT TCA CTT GAT CGT AAA GAA TTG GTA GGT AGG CTT GAA GAT AAC GGG ATG ATG AGA GTC GTG AAG GCA CTT AAC AAC GAT TGG GAA ATG ATC ACT 
Cgla                            GGA TTG AAA AAC GTT TTC AGA GAT CAG GCT GAT CAT ATA TTA AAA GAT TGG AAC AGA GAA ATC CAG AAC ATT ACC ATC TCT AAC TTA TTA TTG AAG GTG ACT GCT AAC GCC GAT TCG GAG ATA ACC AAA TAC AGA GGA CTA TGC TAC GAC TTG TAC GAA AAG CGC TAC ATG GAC ACA GAC GAG ATT CAA CTA ATG GGT GGT GAA GAG GTG ACA GTT GAT GAA CAG AAG GCA CAG CTG GAA ACC GCC TTT ACA CGT GCA TTC GGT CAG GTT GGT AAG GAT GAT AAC ACT GCT GTG TCA AAC AAC GCC CTA GAA GTT ATC GAG GCT AGA TGG TAC AAC GAA ATC AGA CAT AGC ACC GTC GGT GAT GGT CAA GTA GCT CTA GCC TAC CAG TAT ATC ATA GTT GAG TAC GGT CTT CTG GGG AGA AAT TAT ACT ACT GTG CTG AAG GAG CCG GCT GGG ATG TAC CCG CCT GGT GAG ACG GTT AGA AGA GCT AGA CTG GGA ATC CCA GTA AGA TTA TAC GAT AAG CAT AAC GGT AAG AAC ATA GCT GCT ATT GTT TTG GCC AAC TAC TTA ATC GAT GAC GGT GAT ATT TAC AGA ACA GAC ATC GCT CGT TAC AAG ACG CAT ATT AAG AGA TTA ACA GAT TAC CCA ATC CTA CAC TAT TTC TAT TAC GTA AAA AAG TAC AAA TGG TCC AAT CCT ATA ACC TTT GAG GAC TAC TAC GAT TTA CTA ATC AAA AGA AAA AGA TAT GAG TTG AAG AGT GGT CAC GCA CTG AGA GGT TAC TAT GAC GCC TAT TGC ACC ATT AGA GGT CAT AGA ATT GAT CAG GCA AGC GAT GGC TTC GAC GAT CTA ATA AAA ATC ATT TAT ATG AGA CCC GTT ATT ACA GCT CTA CAG CCT CCT GAA TTG TTA GTC GTA GAA AGA AAG AAA GCC ACC GCT GGG AAG TTA ACC TTA ACT ATC TGG TTC GTA GAG TTA TTC AAG GCT GGT TTC TAC TTT CTA GGT CCC AGT GTT TTC TTT GAA AGT CAG GAA GGT AAC TCC GAG TTT AGA CAG TAC GGT GTT TAC GTT ATT TAT GAG GAG CCA TAC CCA TAC TTG TAT TCT GTT TTA AAG TAC TCC ATG GAC CGT AAG AAA CTG ATA GGT AGA ATC GAT GAT AAC GGT ATA GCA AGA GTT GTG AAG GCA ATG AAC AAC GAT TGG GAG GCA CTA ACC 
Agos                            GGA ATG GAA AAC GTC TAC CGC GAC CAG GCC GAT CGT ATT TTG AAG GAC TGG GAC AGA GAT GTG CAG AAT ATC ACC ATC TCG AAC CTG TTG TTG AAG GTC ACC TCG AAC GCC GAT TCA AAT ATC ACC AAG TAT CGG GGA TTG TGC TTC GAC CTG TAC GAT CGG AAC TAT CAA GAC ACC GAC GAG ATC GAG TTG ATG GGT GGT GAT GCG ATC GCC GTG GAC GAG CAA AAG GCA CAG GTG GAG ACC GCC TTT ACG CGC GCA TTC GGT CAG GTC GGT AGA GAC GAC GAC ACC GCA GAA ATG AAC GCG GCC CTG GAG GTT ATC GAC GAC AAG TGG TTT CAG GAA ATC AGA CGT GAC ACC CTG GGC GAC GGG CAA GTT GCC TTG GCT TAC CAG TAC GTA ATT GTT GGA TAT GGC TTG GTG GGG CGG GAT TAC ATC ACG GTC CTG AAG GCG CCT GCC GGG ATG TAC CCT CCG GGG GAG ACG ACA CGC CGC GCC AGA ATC GGG GTC GCC GCT CGC CTA TTT GAT AAG CAC AAC GGC AAG AAC CTG GCC TCG GTG GTG ATG GCC GCG TAT ATT ATC GAC GAC GGG GAC GTG ACC AGG ACG GAC CTG GCA CGC TTC AAG AAC CAC ATT AAC CGG CTG ACG GAC TTC GCC ATC TTG CAC TAC GTG TAC TAT ATA AAG AAG TAT CGT TGG TCC CAT CCC ATT ACC TTC GGA GAG TAC TAC GAC CTG CTA ATC GAA CGA AAG CGC TAT GGA TTG AAG TCG GGC CAC GCG CTG CGC GGC TAC TAC GAC GCC TAC TGC ACC ATT AAG GCC CAC CGG ATC GAT GAG GCG GAC GAT ATC TTT ATC GAT TTG ATC GAA GTC GTG GAA GTG AGA CCG GTT ATT AAT GCT CTG CAA CCG CCG GTC TTG TTG CTG ATA GAG AGA AAG GAA GCT ACC GCC GGC AAG CTG ACT TTG ATC GTG TGG TAC GTT GAG TTG TTT AAG GCC GGC TTC TAT TTC ATT GGT CCG TCG ACC TTC TAC GAG AAC CAG GAG GGC AAT TCG AAT TTC AGG CAG TTC GGC ACT TAC GTC CCC TAC GAG GAG CCT TAT CCG TAC CTG TAC TCT GTC TTG AAG TAT TCC CTT GAC CGC CGC GAA GTG ATC GGT CGA ATC GAC GAC AAC GGC CTG GTC CGC GTC GAA AAG GCG CTT AAC AAT GAC TGG GAG GTC ATT ACC 
Klac                            GGG ATG ATT AAC GTT TTT CGT GAA CAG GCC GAT CCC ATT CTA AAG GAT TGG AAT AGA GAT CAT CAG AAT ATC AAT ATT TCT AAC TTG CTA CTA AAA GTG ACT GCT AAC GCT GAT AGT GAA GTG AAT AAA TAT AGA GGG TTG TGT TTC GAT ATG TAC GAT AGG AAC TAT AAC GAT ACT GAT GAA ATC GAA CTC ATG GGT GGT GAT GAG GTC GGA GTC GAC GAA CAA AAG GCT CAA ATC GAA ACT GCT TAT ACA CGT GCT TTC GGG CAA GTA GGT AAA GAT GAT AAT ACT GCT GTG TTG AAC GAC GCT CTA GAA GTC ATT GAT GAT AGA TGG TTC TTG GAA ATT AGA CCC AGA ACT CTC GGG GAT GGA CAA CTA GCA TTG GCT TAC CAG TAC ATA ATT GTC GAT TAT GGG TTG ATG GGC AGA GAT TAT AAC ACG GTG TTG AAA GAG CCG GCT GGC ATG TAT CCG CCT GGT GAG ACA ATG CGT AGA AGT AGA TTA GGT GTC CCG TTA AGA TTA TTC GAT AAA CAT AAC GGT AAG AAC ATG GCT GCT ATT GTC ATG GCC GAC TAC TTA ATT GAT GAT GGA GAT ATA GCG AGA ACA GAT GTG GCT AGG TTC AAA ACA CAC ATG ACA AGG TTG GTC GAT TTC CCA ATT TTG CAT TAC TGC TAT TAC GTA AAA AAG TAT AGA TGG TCC AAC CCC ATT AAT TTC GAT GAG TAC TAC GAT ATA TTG ATT GAC AAT AAG AGA TTA ACG TTG AAA AGT GGG CAC GCA TTG CGT GGG TAC TAC GAT GCT TAT TGT ACC GTT AGA GCC CAC AGA ATC GAT GAT GCA AGA GAC ATG TTT GAT GAC TTG GTG ATT GTC ATA TTG TTG AGA CCA GTC GTT ACC GCA CTA CAA CCT GCT GAA CTA CTA CTC GTA GAG AGA AAG GAC GCT ACC GCC GGG AAA ATA ACC TTG AAC CAT TGG TTT CTA GAG TTG TTC AAG GCC GGT TTC TAT TTC ATT GGT CCA AGT ACG TTT TTT GAA GAT CAG GAA GGC AAC GCG GAA TTC AGA CAG TTC AGT GTA TAC GTA CCC TAC GAG GAG CCA TAC CCA TAT TTG TAC TCT GTT TTG AAG TAC TCC GTC GAT CGT AGG GAC ATG GTG GGT AAT ATT GAA GAT AAC GGC ATG TTG AGA GTT GTG AAG GCA GTC AAC AAT GAT TGG GAA TTG ATT ACC 
Calb                            GGT TAT GAG AAC GTC TTT AGA GAT CAA GCT GAC AAG TTG GAG AAA GAT TGG AAT AGA GAT ATA CAG GCT GTT ACA ATT AGT AAC TTA GAG TTG AAA AGA ACC GCT AAC GCT GAT CTG GAA ATT ACA AAA TAT AGA GGT TTG GTT TAT GAA GAT GTG GAT AGA AAA TAC AAC GAT ACT GAT GAA ATC GAT TTG ATA GGT GGT GAT CAA GTA ACA ATC GAT AAA CAA AAA GCT CAA TTG GAA ACC GCT TAC ACT AGA GCT TTC TCA CAG GTT GGT AGA GAT GAA AAT ACC GCT ACT GCC AAC GAT GCT ATA GAA GTT ATT GAT GAT AGA TGG TTC AAA GAT ATC AGA AAG AAG ACC GTA GGG GAT GCC CAA TTA GCT TTG TGT TAT CAG TAC TTG TTG GTT AGC TAC GGG TTG ACA GGA AGA GAT TAT ACG ACT AGA TTG AGA CAA TCT GCT GGA ATG TAT TCT GCT GGT GAA TCC CAG AGA AAA ACA AGA ATA GGG GTG AGT GCT AGA TTG TTC GAC AGA CAC AAT GGA AAA AAT ATT GCC GCT GTC ATC TAT GCC GAT TAT TTG ATT GAT GAT GCC GAA ATC TCA AAG ACG GAT GTA GCT ACA TAT AAA GAC CCA ATA GGA AGA TTA TCC GAT TAT GCT ATC TTG CAT TAC TTG TAC TAT ATT AAA AAG TAC AAA TGG AGT TTG CCC TTG ACA TTT AGC TTG TAC TAT GAA ATA TTA ATT ATC CGT AAA AGA TAT GAG TTG AGA AGT GGG CAT GCA TTG AGA GGG TAT TAT GAT GCT TAC TGT ACA TTT AGA TCT CAT AGA GTT GAT TCA GCA AAG GAT ATT TGG GAA GAT TTG ATT GAG GTG ATC CAA GTG AGA CCA GTT TTT ACT GCC ATA CAA CCA TCT TCC TTG GAG GTA ATT CAG AGA AAG ATC TGT ACA GCT GGA ACT ATA ACT TTA ACG ATA TGG TTT TTA GAA TTA TTT AAA GCG GGA TTC TAT TTT ACA GGT CCA AGT ACT TAT TTT GAA CCT CAA AAT GGG AAT AGT GAA TTT AAG CAG TTT GGT GTA TAT GTT CCA TAT GAA GAA CCA TAT CCA TAT TTG TAT TCA GTC TTA AAA TAT AGT ATA GAT AGA AGA ATC ACA ATT GGT CGT ATT GAT GAT AAC GGG ATT ATG AGA GTC ACT AAA GCA ATA AAC GAC GAA TGG GAA ATG ACA ACA 



Printing out site pattern counts


         9        738  P

Scer                            AAA AAA AAA AAA AAA AAA AAA AAA AAC AAC AAC AAC AAC AAC AAC AAG AAG AAG AAG AAG AAG AAG AAG AAT AAT AAT AAT AAT AAT ACA ACA ACA ACA ACC ACC ACC ACG ACG ACT ACT ACT ACT ACT ACT AGA AGA AGA AGA AGA AGA AGA AGA AGG AGG AGT AGT ATA ATA ATA ATA ATA ATC ATC ATC ATC ATC ATG ATG ATG ATG ATG ATG ATT ATT ATT ATT ATT ATT ATT ATT ATT CAA CAA CAA CAA CAA CAC CAC CAC CAG CAG CAG CAG CAT CAT CAT CAT CCA CCA CCG CCG CCT CCT CCT CCT CCT CGA CGT CTA CTA CTA CTC CTC CTG CTG CTG CTG CTT CTT GAA GAA GAA GAA GAA GAA GAA GAA GAA GAA GAC GAC GAC GAC GAC GAC GAC GAG GAG GAG GAG GAG GAT GAT GAT GAT GAT GAT GAT GAT GAT GAT GAT GCA GCA GCA GCC GCC GCC GCC GCT GCT GCT GCT GCT GCT GCT GCT GCT GCT GCT GCT GGC GGC GGC GGC GGC GGG GGT GGT GGT GGT GGT GGT GGT GGT GTA GTA GTC GTC GTG GTG GTG GTG GTT GTT GTT GTT TAC TAC TAC TAC TAC TAC TAC TAT TAT TAT TAT TAT TAT TAT TAT TAT TAT TCA TCA TCC TCC TCC TCC TCT TGC TGG TTA TTA TTA TTA TTA TTC TTC TTG TTG TTG TTG TTG TTG TTG TTG TTT TTT TTT TTT TTT TTT TTT TTT 
Sbay                            ... ... ... ... ... ..G ..G .GG ... ... ... ... ... ... ... ... ... ... ... ... ... ... ... ..C ..C ..C ... ... ... ... ... ... ... ..A ... .TA ..A ... ..C ..C ..C ..G ... ... ... ... ... ... ... ... ... ..G ..A ..A ..C ... ... ... ... ..C C.. ... ... ... ... ... ... ... ... ... ... ... ..A ..C ..C ..C ... ... ... ... ... ... ... ... ... ... ... ... ..G ..A ..A ... ... ... ... ... ... ... ... ..A ..A ..A ..C ..C ..G ... ... ... ... T.. T.. ..T T.A G.A T.. T.. T.T ..A ..G ... ... ... ... ... ... ..G ..G ..G ..G ..A ... ... ... ... ..T ..T C.A ..A ... ... ..T ..C ..C ..C ..C ..C ... ... ... ... ... ... ... ... ..T C.. ... ..G ..T ..A ..C ..C ..C ..C ..C ... ... ... ... ... ... ... ... ... ... ..T ... ..G ... ... ... ... ... ... ... ..G ..G ... ... ... ... ... ... ACG A.. ..C ..C ... ... ... ... ... ..T ..T ..C ..C ..C ... ... ... ... ... ... ... ... ... ..A ... ..T ..T ... ... ... C.. ... ..G ..G ..G ... ... ..A ... ... ... ... ... ... ... ..C ..C ... ... ... ... ... ... 
Smik                            ... ... ... ... ... ... ..G ... ... ... ... ..G ..T ..T G.T ..A ..A ... ... ... ... ... GG. ..C ... G.A ..C ... ... ... ... ..T ..T ..T ... .TA ... ..A ..C ..C ... T.G ... ... ... ... ... ... ... ... ... ..G ..A ..A ..A ... ... ... ... ... ... ..A ... C.. T.A T.G ..C ... ... ... ..T GCT ..C ... ... ... ... ... ... G.. T.A ... ... ... ... ..C ... ..T A.T ..A ..A ... ... A.. ..C ..C ... ... ... ..A ... ... ..A ..C ... ..G ... ... ... T.. T.. G.T T.A ..A T.. T.. T.T ..C ... ... ... ... ... ..G ..T ... ..G ..G ..G ..A ... ... ..T ..T ... ..T CT. ..A ..A ... ..T ..C ... ... ... ... ... ... ... ... ... ... ... ..T ..T C.A ..T ... A.A ... ..A ..C ..C ... ... ... ... ... ... ... ... ... ..G ..T ..T ..T ... ..G ..C ..G ... ... ... ... ... ... ..G ..G ..T ..A ... ..T ..T A.. ..C ... ... ... ... ..T ..T ..T ... ..T ..C ..C ... ... ... ... ... ... ... ... ... ..G ... ... ..A ..T ... ... ... ... ... G.C ... ... ... ..T ... C.. G.C ..C ... ... ... ... ... ... .AC ..C ..C ..C ..G ... 
Spar                            ... ... ... ... ... ..G ... ... ... ... ... ..G ... ... G.T ..A ... ..A ... ... ... ... GGA ..C ... G.A ... ... ... ... ... ..G ..T ..T ... ..A ..A ... ... ... ..C T.G ... ... ... ... ... ... ... ..G ..G ..G ..A ... ..G ... ... ... ... ... ... ..A ... C.. T.A T.A ..T ... ... ... ..C GC. ..A ... ... ... ..C ... ... G.. T.A ... ... ... ..G ..C ... ..T ... ..A ..A ... ... A.. ..C ... ..C ... ... ... ... ... ..A ..C ... ... ... ... ... T.. T.. G.T T.A ..A ... T.. T.T ... ... ... ... ... ..G ... ..C ... ... ..G ..G ..A ... ... ... ..T ..T ... TT. ..A ... ... ... ..C ..C ... ... ... ... ... ... ... ... ... ... ... ... C.A ..T ... A.G ..C ... ... ... ... ... ... ... ... ... ... ... ... ..A ... ... ..T ... ..G ... ... ..C ..C ... ... ... ... ..G ..G ... ..A ... ... ..T ... ..C ... ... ... ... ... ... ... ... ..T ..C ..C ... ... ... ... ... ... ... ... ... ... ..T ..A ..A ... ... ... ... ..G C.. G.G ... ..G ... ... ... C.. G.C ..C ... ... ... ... ... ... .AC ..C ... ... ..A ... 
Ncas                            ... ... ... ..G .GG ..G ... .CT ... ... ..T .CT ..T ..T ..T ... ... ..A ... ... ... ... ..A ..C ... ... ... ..C ... ..T GTT ... ... ... ..T TTA T.A ..T ..A ... ..A ..A ..A ... ... ... ... ... ... .A. ... ... C.T ..A ..A ... ..C ..C ..T G.C C.G ..T ..T ..G G.. ..T ... ... ... ... C.T TCC ... ... G.A G.G ..C ..C ... ..A T.G ... ... ..G ... ... ... ..T ATG ..A G.T ..A .CT A.. ... ... ... ... ..T ..A ..T ..C ..A ... ... ..G A.. ... ..T A.G T.. ACA T.A G.A T.A T.. T.. T.G T.A ... ... ... ... ... ..C ... ... ... ... ..A ..A ..T ..T ... ..T ... ..C A.C ... ..C ..A ... ... ... ... ... ... ... ... ... ... .CC ..T ..T ..C C.A ..T ..A ..A ... .GC ..G ... ... ... ATG ... ... ... ... ... ..A ..G ... ..T ..T ..T ..G ..G ... ... ... A.. ... ... A.T ACC ... ..G A.T ..C ..T ... ..G TG. ... ... ..T ..T ... ... ..T ..T ..T ..C ... ... ... ... ... ... ... ... ... GA. ... ..G ..T ... ..A ..A ..T ... ..G ... C.. ... C.. ... ... C.T ..A ..A ..T C.A ..A ... ... ..C ..C ..C ... ..C ... ..C ..C 
Cgla                            ... ..G ..G ... .G. ..G ..G .CC ... ... ..T CG. ... ... ... ..A ... ... ..A ... ... ... G.. ..C T.C ..C G.. ..C ..C ..T GTT ... ..C ..A ..T TTA ... ... ..A ..C ... ..A ..A ..C ... ... ... ... ... .AG ... ... C.T ..A .AG ... ..C C.. ..T ... T.. ... ..T ..A ... G.T ... ... ... GGC ..C ... ... ..C ..A G.A ... ..C ..C G.C ... ..G ..G ... ..G ..G ... ..T A.A ... A.. ... .CA ... ... ..C ... ... ..C ..A ..T ..A ... ... ..G AT. A.. ... A.G GC. T.G G.A ..G A.C T.A ..A T.T ..A T.A ... ... ..G ..G ... ..G ..T ..G ... ... C.G .CT ..T ... ..G ..T ..A ..C ..A ... C.A AGT ... ... ..C ..C ... ..C ..C ..G ... ... A.. ..T ..T ... C.T ..T ..A ..T ... AGC ..C ... ..C ... .G. ..A ..C ... ... ... ..T ..T ..G ..T ..T ... ... ... ..A ... ... ..A ... ... A.T ... ..G ..T ..T ..T ... ... ACA TGC ... ... ... ..T ... ... ... ..T ... ..C ... ..C ..C ..C ..C ..C ... ... ... AA. ..G ..A ... ..T ... ... ... ... C.. C.G ..G ..G ..G .A. ... C.T C.A C.. ..C ..A ..A C.. ... ..C ..C ... ..C .A. ... ..C ... 
Agos                            ..G ..G ..G ..G CG. ..G ..G .CC ... ..T C.T ... ... ..T C.G CGT ... ... ... ... ... .GA GGA ..C .CC GCG G.. ... G.C .TC ..T ..C ..C .AT ..G TTG .AC ... ..G ... ..C ..G G.C ..C ... ..G C.C C.G C.G C.C C.C .AG C.C C.C C.G TCG G.C ..T ..T ..T C.G G.G ... C.G C.G .CA G.. ... ... ..C ..C CAA G.G ..C ..C ..A ..C ..C ..C C.G G.G ..G ..G ... ..G ... ... ... G.A ... A.C ... GCC .G. ..C ..C ..C ..T ..G G.C ... ..G ..C ..G ... ..C ..C ..C ..T G.C ..G G.T ..G G.A ..A ... T.T T.G T.G ..G ..G ..G .CG .TC .G. ..C ..G ... ..G ..G ... ... ... ... ... ..T ... ... ... ... A.C ... ... ..C ..C ..C ATC ..C A.. ..C ... ... ... ..C ... C.G ... ..G T.G ..C .AC ..C ..C ..C ..C ..C ..G ... ..C ..C ... ... ... ... ..G ... ... ... ..C ..A ..C ... ..G ..G ... A.T .CT A.. ..G ..C ..C ..C .AA ACG TGC ACC ... ... ... ... .T. .T. ... ... ... ..C ..C ..C ..C ... ... G.A ..C ..C GA. ... ATG ..G ..G ... ... ... ... C.. A.C A.G ..G C.G ..T ... ... ... G.. .AC A.T C.. G.. ... ... ... .AC ..C .A. ..C G.G ..C 
Klac                            ... ... ... ..G ..T ..G ..G ..T ... ..T ... ... ... ... TTG .GA ... ... ... ..A ... ..A G.T ..C GCG G.C G.. ... ... .AC GT. ..T ..T ... ..G CTA ..A ..A ..A ..C ... ..A GGA ..C ... ... ... ... ..G ..G C.T ... ... ..A ..G ... G.C ..T G.T ..T ... CAT ... ..G G.G ..G T.. ... ... ... ..T .AC ... ... G.G G.A ..C ... ... C.C ..A ... ..G ... ..G ... ... ... ATT ..A ACA ... .C. .CC ... ... ..C ... ... ..A ..T ..A ..C ... ..G ..C A.. ... G.C T.G A.G ..A T.G A.A T.A ..A TAT T.G T.G ... ..G ... ..G ... ACG ... ..G ... ... ..T ..T ..T ..T ..T ..T ..T ... ..A ... ..A ..T ... ... ... ... ..C ... ... ..A ... ..C ... ..T AGT ..T ..T ..T ..A ..T ..C AGA ... ..C ..C ..C ..C ..A ... ..A ... ..A A.T ... ..G ..A ..G ..C ..G ... ..G ... ... ... ... ... A.G T.. ... ... ..A ..T ... ... ..C TG. ACG ..C ..T ..T ... .T. .T. ..T ... ... ..C ..C ..C ... ..C ... .TG ..C ... GAC AGT .TG G.G ..T ... ... ..T ... ..G ... A.G C.. ..G ... ... ... C.C A.C ..T ..A ... A.. ... ..C ... ... ... ..A ..C .GC ..C 
Calb                            ... ... .CT ... CGT ... ..G .C. ... G.. TTG ..A ..T ..T ..A ..A ... ..A ..A .GA ..A .GA .GC ..C TCA G.. G.. GC. ... ..G GT. ..T ..C ..T ..T GAG GAC T.C ... ... ..C ..G ..A ..A ... .AG ... ... ... ... ... ... .CA ..A ..A ... G.G .C. T.T T.G ... ..A G.T ..T G.A CAG G.. ..A ... ..T ..T .AC G.C ..C ... ... ..C ..C ... G.A ..C ... ..G ... ... ... ..T ..T G.G ... GGA ... AGT A.G ..C ... .CA ... ... G.T G.T ..A ..C ..A T.. ..A AA. A.A A.. A.G GAT T.A T.G T.. T.. A.A TAC T.G T.A ... C.G ... C.. TCC ..G ..T ... ..T A.. TCA ..T ..A ..T ..T ..T ..T TT. A.T ..A ..T CCT ..C ... ..A ... ... ..A ... ..A ... ... ... ..T A.. ..T T.T ..T ..A ..T ... AAG ... ... ..C ..G T.. ..A TG. ... ..C ..C ..T ..G ..A .C. ..G ..A TCA ..A ... ..A ... ..G ... ... A.. .CT ..A A.. ..T ..C AGA ACT TCC ... AC. ... ..T ... ... ..T .TT ... GTG ..C ... ... ... ... ... ... C.A ..C ... ATC CTG G.. AGT AGT AGT ..A ..T ... ... A.. .AT ..G ..G ... ... ... ... ... ..T ... ..A ACA ... ... .GG ... .A. .A. ... ..G ... 

    2    2    1    1    2    1    1    3    3    1    1    1    2    1    1
    1    1    1    1    3    3    1    2    3    1    2    1    1    2    2
    1    1    2    1    1    3    1    1    1    1    2    1    1    3    5
    2    2    3    1    1    3    2    1    1    1    2    2    2    2    3
    2    2    2    2    1    1    1    1    1    1    1    1    1    1    3
    2    1    1    4    2    2    1    2    1    2    2    1    1    2    1
    1    1    1    2    1    1    1    1    2    1    1    1    1    1    2
    1    1    2    2    2    1    2    2    1    1    2    1    4    3    3
    1    2    2    1    1    2    2    1    1    1    1    4    2    1    3
    3    1    1    2    1    1    2    1    1    2    1    1    2    2    3
    2    1    2    1    2    1    1    1    2    1    2    4    1    1    1
    1    2    2    1    1    1    1    2    1    2    4    2    1    1    2
    1    3    1    1    2    1    1    1    2    2    3    2    2    1    1
    1    3    1    1    1    3    1    1    1    3    3    1    3    1    4
    2    1    2    1    3    1    1    1    1    2    1    1    5    1    1
    2    2    1    2    2    1    1    1    2    1    2    2    1    1    1
    1    1    1    1    1    2

CODONML (in paml version 4.9j, February 2020)  temp.nuc
Model: One dN/dS ratio, 
Codon frequency model: Fequal
ns =   9  ls = 394

Codon usage in sequences
--------------------------------------------------------------------------------------------------------------------------------------
Phe TTT   9   8   7   7   4   5 | Ser TCT   1   4   3   2   1   2 | Tyr TAT  21  16  21  16  23  10 | Cys TGT   0   0   0   0   2   0
    TTC   4   6   7   7  11   8 |     TCC   5   1   2   2   2   3 |     TAC   9  14  10  15   7  24 |     TGC   1   1   1   1   0   2
Leu TTA   7   7  13  12  17  12 |     TCA   4   5   4   6   5   1 | *** TAA   0   0   0   0   0   0 | *** TGA   0   0   0   0   0   0
    TTG  11  18  12  12  13   7 |     TCG   0   0   2   1   1   1 |     TAG   0   0   0   0   0   0 | Trp TGG   5   5   5   5   5   5
--------------------------------------------------------------------------------------------------------------------------------------
Leu CTT   7   2   3   7   4   1 | Pro CCT   6   1   3   4   7   4 | His CAT   5   5   2   2   4   5 | Arg CGT   2   2   2   2   3   3
    CTC   4   0   6   2   0   0 |     CCC   0   3   1   1   1   2 |     CAC   4   2   5   7   1   2 |     CGC   0   0   0   0   0   1
    CTA   5   9   3   4   4  10 |     CCA   3   6   6   5   4   4 | Gln CAA   8  11   8   6   9   2 |     CGA   1   1   1   1   0   0
    CTG   5   3   2   2   2   6 |     CCG   2   2   2   2   1   2 |     CAG   4   4   2   4   1  10 |     CGG   0   0   0   0   0   0
--------------------------------------------------------------------------------------------------------------------------------------
Ile ATT  17  11  14  12  16  10 | Thr ACT   9   4  10   9  12   5 | Asn AAT  10   4  11   7  13   2 | Ser AGT   3   2   2   2   3   3
    ATC   8  17   4   4   6  13 |     ACC   5   5   3   3   2   9 |     AAC  10  16   9  11   9  16 |     AGC   0   1   0   0   0   2
    ATA  11  10  16  14   2   8 |     ACA   6   8   6   7  10   6 | Lys AAA  13   8  14  14  10  10 | Arg AGA  19  19  20  14  21  22
Met ATG   6   6   3   3  11   6 |     ACG   2   3   1   4   0   2 |     AAG  13  15  11  11  12  17 |     AGG   2   5   2   8   2   0
--------------------------------------------------------------------------------------------------------------------------------------
Val GTT   6   0  14  11   7  13 | Ala GCT  18  12  16  18  15  13 | Asp GAT  18  18  25  20  27  19 | Gly GGT  12  15  15  11  17  19
    GTC   3   7   4   4   8   2 |     GCC   5  10   6   2   3   7 |     GAC  15  15  10  14   7   9 |     GGC  10   6   2   8   3   1
    GTA   2   1   3   3   4   5 |     GCA   5   4   4   5   3   7 | Glu GAA  16  12  16  15  21  11 |     GGA   0   0   0   4   1   3
    GTG   9  11   5   9   7   5 |     GCG   0   1   0   1   4   0 |     GAG   6   9   6   8   2  14 |     GGG   2   3   9   3   4   3
--------------------------------------------------------------------------------------------------------------------------------------

--------------------------------------------------------------------------------------
Phe TTT   5   5  10 | Ser TCT   1   2   4 | Tyr TAT  10  11  23 | Cys TGT   0   2   3
    TTC  10  12   4 |     TCC   2   2   3 |     TAC  19  15   9 |     TGC   2   1   0
Leu TTA   0   5   8 |     TCA   1   0   4 | *** TAA   0   0   0 | *** TGA   0   0   0
    TTG  15  21  22 |     TCG   6   0   0 |     TAG   0   0   0 | Trp TGG   5   5   6
--------------------------------------------------------------------------------------
Leu CTT   2   0   0 | Pro CCT   3   2   1 | His CAT   1   4   3 | Arg CGT   3   5   2
    CTC   0   3   0 |     CCC   2   4   1 |     CAC   5   3   1 |     CGC  11   0   0
    CTA   2   9   0 |     CCA   0   5   7 | Gln CAA   4   5   9 |     CGA   2   0   0
    CTG  15   0   1 |     CCG   6   3   0 |     CAG   8   5   6 |     CGG   5   0   0
--------------------------------------------------------------------------------------
Ile ATT   9  15  13 | Thr ACT   2   5   9 | Asn AAT   6   9   6 | Ser AGT   0   5   7
    ATC  19   4  10 |     ACC  13   5   4 |     AAC  12  14   7 |     AGC   0   0   2
    ATA   2   5  11 |     ACA   1   5  13 | Lys AAA   0   9  16 | Arg AGA   6  19  27
Met ATG   5  12   3 |     ACG   5   3   3 |     AAG  19   9   8 |     AGG   2   4   0
--------------------------------------------------------------------------------------
Val GTT   5   5   8 | Ala GCT   4  15  18 | Asp GAT  10  32  30 | Gly GGT   6   9   9
    GTC  12  11   4 |     GCC  16   5   6 |     GAC  26   8   4 |     GGC  10   4   0
    GTA   1   5   5 |     GCA   4   5   3 | Glu GAA   9  14  17 |     GGA   5   3   6
    GTG  12   8   4 |     GCG   7   2   1 |     GAG  15   8   6 |     GGG   6   8   7
--------------------------------------------------------------------------------------

Codon position x base (3x4) table for each sequence.

#1: Scer           
position  1:    T:0.19543    C:0.14213    A:0.34010    G:0.32234
position  2:    T:0.28934    C:0.18020    A:0.38579    G:0.14467
position  3:    T:0.36548    C:0.21066    A:0.25381    G:0.17005
Average         T:0.28342    C:0.17766    A:0.32657    G:0.21235

#2: Sbay           
position  1:    T:0.21574    C:0.12944    A:0.34010    G:0.31472
position  2:    T:0.29442    C:0.17513    A:0.37817    G:0.15228
position  3:    T:0.26396    C:0.26396    A:0.25635    G:0.21574
Average         T:0.25804    C:0.18951    A:0.32487    G:0.22758

#3: Smik           
position  1:    T:0.22081    C:0.11675    A:0.31980    G:0.34264
position  2:    T:0.29442    C:0.17513    A:0.38071    G:0.14975
position  3:    T:0.37563    C:0.17766    A:0.28934    G:0.15736
Average         T:0.29695    C:0.15651    A:0.32995    G:0.21658

#4: Spar           
position  1:    T:0.21827    C:0.12437    A:0.31218    G:0.34518
position  2:    T:0.28680    C:0.18274    A:0.38071    G:0.14975
position  3:    T:0.32995    C:0.20558    A:0.27919    G:0.18528
Average         T:0.27834    C:0.17090    A:0.32403    G:0.22673

#5: Ncas           
position  1:    T:0.23096    C:0.10406    A:0.32741    G:0.33756
position  2:    T:0.29442    C:0.18020    A:0.37056    G:0.15482
position  3:    T:0.40102    C:0.15228    A:0.28173    G:0.16497
Average         T:0.30880    C:0.14552    A:0.32657    G:0.21912

#6: Cgla           
position  1:    T:0.20305    C:0.13198    A:0.33249    G:0.33249
position  2:    T:0.28173    C:0.17259    A:0.38325    G:0.16244
position  3:    T:0.28934    C:0.25635    A:0.25635    G:0.19797
Average         T:0.25804    C:0.18697    A:0.32403    G:0.23096

#7: Agos           
position  1:    T:0.19289    C:0.17513    A:0.25635    G:0.37563
position  2:    T:0.28934    C:0.18528    A:0.36548    G:0.15990
position  3:    T:0.17005    C:0.40355    A:0.09391    G:0.33249
Average         T:0.21743    C:0.25465    A:0.23858    G:0.28934

#8: Klac           
position  1:    T:0.20558    C:0.12183    A:0.31218    G:0.36041
position  2:    T:0.30457    C:0.15990    A:0.37056    G:0.16497
position  3:    T:0.31980    C:0.23096    A:0.22589    G:0.22335
Average         T:0.27665    C:0.17090    A:0.30288    G:0.24958

#9: Calb           
position  1:    T:0.24365    C:0.07868    A:0.35279    G:0.32487
position  2:    T:0.26142    C:0.19543    A:0.36802    G:0.17513
position  3:    T:0.37056    C:0.13959    A:0.31980    G:0.17005
Average         T:0.29188    C:0.13790    A:0.34687    G:0.22335

Sums of codon usage counts
------------------------------------------------------------------------------
Phe F TTT      60 | Ser S TCT      20 | Tyr Y TAT     151 | Cys C TGT       7
      TTC      69 |       TCC      22 |       TAC     122 |       TGC       9
Leu L TTA      81 |       TCA      30 | *** * TAA       0 | *** * TGA       0
      TTG     131 |       TCG      11 |       TAG       0 | Trp W TGG      46
------------------------------------------------------------------------------
Leu L CTT      26 | Pro P CCT      31 | His H CAT      31 | Arg R CGT      24
      CTC      15 |       CCC      15 |       CAC      30 |       CGC      12
      CTA      46 |       CCA      40 | Gln Q CAA      62 |       CGA       6
      CTG      36 |       CCG      20 |       CAG      44 |       CGG       5
------------------------------------------------------------------------------
Ile I ATT     117 | Thr T ACT      65 | Asn N AAT      68 | Ser S AGT      27
      ATC      85 |       ACC      49 |       AAC     104 |       AGC       5
      ATA      79 |       ACA      62 | Lys K AAA      94 | Arg R AGA     167
Met M ATG      55 |       ACG      23 |       AAG     115 |       AGG      25
------------------------------------------------------------------------------
Val V GTT      69 | Ala A GCT     129 | Asp D GAT     199 | Gly G GGT     113
      GTC      55 |       GCC      60 |       GAC     108 |       GGC      44
      GTA      29 |       GCA      40 | Glu E GAA     131 |       GGA      22
      GTG      70 |       GCG      16 |       GAG      74 |       GGG      45
------------------------------------------------------------------------------


Codon position x base (3x4) table, overall

position  1:    T:0.21404    C:0.12493    A:0.32149    G:0.33954
position  2:    T:0.28849    C:0.17851    A:0.37592    G:0.15708
position  3:    T:0.32064    C:0.22673    A:0.25071    G:0.20192
Average         T:0.27439    C:0.17672    A:0.31604    G:0.23284

Codon frequencies under model, for use in evolver (TTT TTC TTA TTG ... GGG):
  0.01639344  0.01639344  0.01639344  0.01639344
  0.01639344  0.01639344  0.01639344  0.01639344
  0.01639344  0.01639344  0.00000000  0.00000000
  0.01639344  0.01639344  0.00000000  0.01639344
  0.01639344  0.01639344  0.01639344  0.01639344
  0.01639344  0.01639344  0.01639344  0.01639344
  0.01639344  0.01639344  0.01639344  0.01639344
  0.01639344  0.01639344  0.01639344  0.01639344
  0.01639344  0.01639344  0.01639344  0.01639344
  0.01639344  0.01639344  0.01639344  0.01639344
  0.01639344  0.01639344  0.01639344  0.01639344
  0.01639344  0.01639344  0.01639344  0.01639344
  0.01639344  0.01639344  0.01639344  0.01639344
  0.01639344  0.01639344  0.01639344  0.01639344
  0.01639344  0.01639344  0.01639344  0.01639344
  0.01639344  0.01639344  0.01639344  0.01639344


TREE #  1:  (((((1, 4), (3, 2)), 5), 6), ((7, 8), 9));   MP score: 1295
This is a rooted tree.  Please check!
lnL(ntime: 16  np: 18):  -7152.425069      +0.000000
  10..11   11..12   12..13   13..14   14..1    14..4    13..15   15..3    15..2    12..5    11..6    10..16   16..17   17..7    17..8    16..9  
 0.118267 0.104051 0.577645 0.069758 0.279866 0.271176 0.000004 0.385209 0.313660 0.682300 0.611302 0.077060 0.174556 1.399772 0.758097 2.145763 1.788875 0.089476

Note: Branch length is defined as number of nucleotide substitutions per codon (not per neucleotide site).

tree length =  7.968486

(((((1: 0.279866, 4: 0.271176): 0.069758, (3: 0.385209, 2: 0.313660): 0.000004): 0.577645, 5: 0.682300): 0.104051, 6: 0.611302): 0.118267, ((7: 1.399772, 8: 0.758097): 0.174556, 9: 2.145763): 0.077060);

(((((Scer: 0.279866, Spar: 0.271176): 0.069758, (Smik: 0.385209, Sbay: 0.313660): 0.000004): 0.577645, Ncas: 0.682300): 0.104051, Cgla: 0.611302): 0.118267, ((Agos: 1.399772, Klac: 0.758097): 0.174556, Calb: 2.145763): 0.077060);

Detailed output identifying parameters

kappa (ts/tv) =  1.78888

omega (dN/dS) =  0.08948

dN & dS for each branch

 branch          t       N       S   dN/dS      dN      dS  N*dN  S*dS

  10..11     0.118   857.6   324.4  0.0895  0.0104  0.1162   8.9  37.7
  11..12     0.104   857.6   324.4  0.0895  0.0091  0.1022   7.8  33.2
  12..13     0.578   857.6   324.4  0.0895  0.0508  0.5673  43.5 184.1
  13..14     0.070   857.6   324.4  0.0895  0.0061  0.0685   5.3  22.2
  14..1      0.280   857.6   324.4  0.0895  0.0246  0.2749  21.1  89.2
  14..4      0.271   857.6   324.4  0.0895  0.0238  0.2663  20.4  86.4
  13..15     0.000   857.6   324.4  0.0895  0.0000  0.0000   0.0   0.0
  15..3      0.385   857.6   324.4  0.0895  0.0339  0.3783  29.0 122.7
  15..2      0.314   857.6   324.4  0.0895  0.0276  0.3081  23.6  99.9
  12..5      0.682   857.6   324.4  0.0895  0.0600  0.6701  51.4 217.4
  11..6      0.611   857.6   324.4  0.0895  0.0537  0.6004  46.1 194.8
  10..16     0.077   857.6   324.4  0.0895  0.0068  0.0757   5.8  24.6
  16..17     0.175   857.6   324.4  0.0895  0.0153  0.1714  13.2  55.6
  17..7      1.400   857.6   324.4  0.0895  0.1230  1.3748 105.5 446.0
  17..8      0.758   857.6   324.4  0.0895  0.0666  0.7446  57.1 241.6
  16..9      2.146   857.6   324.4  0.0895  0.1886  2.1075 161.7 683.7

tree length for dN:       0.7003
tree length for dS:       7.8264


Time used:  0:13
