      9    450

Scer                            GCC TAC TGT GGC GGT GGC CGA CGT TGT TAT AGA CTT GCT GTT AAG AGA AAG TAT TAT TTG TTT TAT CTG AGA TAC TGG GGA TGG AGA CGT TTG CTT TTG ATT GCT CGA TTG AGA AGA GGT TTA AGA AAG AGG TAC CTG AGA GGC TAC AAG TAT ATT TGG TAC CGT GTT GTT TAC TAT GGC CTG TAC TAT AGA TGG TTG ATT TTG TAC TTT ATT GGT TAC AGA AGA CTG TAT CGA CGT CTG TAC TGG TTA ATC GGA AGA TGG TAC CTT TAT GGT TTG TAC CTG GGC TGG AGA GCT AGA AAG CTA GCT ATT TAC TAC GGT AGA TTA GTG AGA CGT AGA TGG TGG TAT ATT TGG TTA TGG ATC GTT AGA CGT AGA TAT AGA ATT TTG TTA AGA ATT GAG GCC ACC TGG TGG TAC TTA TTA GCG AGA ATT TAC AAG CGT TAC GTG GTG AGG CGT 
Sbay                            CCC TAC TGT GGC GGT GGC CGA CGT TGT TAT AGA CTG GCA GTC AAA AGA AAG TAT TAC TTG TTC TAT CTA AGA TAT TGG GGT TGG AGA CGT TTG CTT CTT ATT GCT CGA TTG AGA AGA GGT TTA AGA AAA AGA TAC CTG AGA GGT TAC AAG TAC ATT TGG TAC CGT GTT GTT TAC TAC GGC CTA TAC TAT AGA TGG TTG ATC TTG TAC TTC ATC GGT TAC AGA AGG TTA TAT CGA CGT TTA TAC TGG TTG ATT GGT AGA TGG TAC CTT TAT GGT TTG TAC TTG GGC TGG AGA GCT AGA AAA TTG GCA ATC TAC TAC GGT AGA TTG GTT AGA CGT AGA TGG TGG TAT ATC TGG AGA TGG ATT GTC AGA CGT AGA TAC AGA ATT CTT TTA AGG ATT GAA CCC ACC TGG TGG TAC TTG TTG GCA AGA ATA TAC AAA CGT TAC GTG GTT AGA CGT 
Smik                            CCA TAT TGT GGT GGT GGT CGA CGT TGT TAT AGG CTT GCT GTC AAG AGA AAA TAT TAT TTG TTT TAT TTG AGA TAT TGG GGT TGG AGA CGT TTG CTT TTG ATT GCT CGA TTG AGA AGA GGT TTG AGA AAG AGA TAC CTA CGT GGT TAC AAA TAT ATT TGG TAC CGT GTT GTT TAC TAT GGT TTG TAT TAT AGG TGG TTG ATT TTG TAC TTT ATT GGT TAT AGA AGA CTT TAT CGA CGT CTT TAC TGG TTA ATT GGT AGA TGG TAC CTT TAT GGT TTG TAC CTG GGT TGG AGG GCT AGA AAG TTA GCT ATT TAC TAC GGT AGG TTG GTG AGG CGT AGA TGG TGG TAT ATT TGG AGA TGG ATT GTC AGA CGT AGA TAT AGA ATT TTG TTG AGG GTT GAG CCA ACC TGG TGG TAC TTA TTG GTA AGA ATA TAC AAG CGT TAT GTG GTG AGA CGT 
Spar                            CCA TAC TGC GGC GGC GGC CGA CGT TGC TAT AGA CTT GCC GTC AAG AGA AAG TAT TAT TTG TTT TAT CTG AGA TAT TGG GGT TGG AGG CGT TTG CTT TTG ATT GCT CGA TTG AGA AGA GGC TTG AGA AAG AGG TAC CTG CGT GGT TAC AAG TAC ATT TGG TAC CGT GTT GTT TAC TAT GGC CTG TAC TAT AGA TGG TTG ATT TTG TAC TTT ATC GGT TAT AGA AGA CTA TAT CGA CGT CTA TAC TGG TTA ATT GGT AGA TGG TAC CTT TAT ATG TTG TAC CTG GGC TGG AGA GCT AGA AAG TTA GCC ATT TAC TAC ATG AGA TTG GTG AGA CGT AGA TGG TGG TAT ATT TGG TTA TGG ATT GTC AGA CGT AGG TAC AGA ATT TTG TTG AGA GTT GAG CCA ACT TGG TGG TAC TTA CTG GCT AGA ATA TAC AAG CGT TAT GTG GTG AGG CGT 
Ncas                            CCA TAC TGT GGT GGT GGT AGA CGT TGT TAT AGA CTA GCT GTC AAG CGT AAA TAT TAT CTA TTT TAT CTA AGA TAT TGG GGT TGG AGA CGT CTA CTC TTA ATT GCT AGA CTA AGA CGT GGT TTG AGA AAG AGA TAT CTT AGA GGA TAT AAA TAC ATT TGG TAT CGT ATT ATT TAT TAT GGT CTA TAC TAC AGA TGG CTA GTG CTA TAC TTT ATC GGT TAT AGA AGA TTA TAT AGA CGT TTA TAC TGG TTA ATT GGT AGA TGG TAC CTC TAT GGA CTA TAC CTT GGT TGG AGA GCT AGA AAG TTA GCT GTG TAT TAC GGA AGA CTT ATT AGA CGT AGA TGG TGG TAT GTG TGG TTA TGG ATT GTC AGA CGT AGA TAC AGA ATT TTA TTG AGA GTT GAA CCA ACA TGG TGG TAT TTA CTA GCA AGA ATT TAC AAG CGT TAT GTG ATT AGA CGT 
Cgla                            CCT TAC TGT GGT GGT GGT AGA CGT TGT TAT AGA CTG GCT GTT AAA CGT AAG TAC TAC TTG TTT TAT CTT AGA TAC TGG GGG TGG AGA CGT TTG TTG TCA ATC GCT AGA TTG AGA CGT GGT CTG AGA AAA AGA TAC TTG AGA GGT TAC AAG TAC ATC TGG TAC CGT AGC AGC TAC TAC GGT CTT TAC TAC AGA TGG TTG ATC TTG TAC TTT ATC GGT TAC AGA AGA CTG TAT AGA CGT CTG TAC TGG TTG ATT GGG AGA TGG TAC TTG TAT GGT TTG TAC TTG GGT TGG AGA GCT AGA AAA TTG GCT ATC TAC TAC GGT AGA CTA ATC AGA CGT AGA TGG TGG TAC ATC TGG TTA TGG ATT GTT AGA CGT AGA TAC AGA ATC TCA CTG AGG ATT GAA CCT ACC TGG TGG TAC TTG TTG GCA AGA ATT TAC AAA CGT TAC GTT ATC AGA CGT 
Agos                            CCG TAC TGC GGG GGG GGG AGG CGC TGC TAT AGG CTC GCC GTG AAC CGT AAG TAC TAC CTG TTT TAT TTA AGA TAC TGG GGA TGG CGC AGA CTG CTG CTG ATT GCC AGG CTG CGG CGT GGG CTG AGA AAC CGC TAC CTC AGA GGC TAC AAG TAC ATC TGG TAC CGG ATT ATT TAC TAC GGG TTA TAC TTC CGC TGG CTG ATA CTG TAC TTT ATC GGA TAC CGG CGC CTG TAT AGG CGG CTG TAC TGG TTG ATC GGA AGA TGG TAC CTG TAT GGG CTG TAC TTG GGG TGG CGC GCC AGA AAC TTG GCC ATA TAC TAC GGG AGG TTA ATT AGG CGG AGG TGG TGG TAC ATA TGG CTT TGG ATC GTG AGG CGG CGC TAC CGG ATC CTG CTG CGG GTT GAG CCG ACC TGG TGG TAC TTG CTG GCC AGG ATT TAC AAC AGA TAC GTT ATT CGC AGA 
Klac                            GCT TAT TGT GGT GGT GGT AGA CGT TGT TAC AGA TTG GCC GTT AAT CGA AAG TAT TAT CTT TTT TAC CTT AGA TAT TGG GGT TGG CGT CGT CTT TTA TTG ATT GCT AGA CTT AGA CGA GGT TTG AGA AAT AGA TAC TTA AGA GGT TAC AAG TAT ATC TGG TAC CGT ACT ACT TAC TAT GGT CTT TAT TAC CGT TGG CTT ATA CTT TAC TTT ATC GGA TAT AGA AGA TTA TAC AGA CGT TTA TAC TGG CTA ATT GGT AGA TGG TAC TTA TAC GGG CTT TAC TTG GGT TGG CGT GCT AGA AAT CTA GCC ATA TAC TAC GGG AGA CTC CTC AGA CGT AGA TGG TGG TAC ATA TGG CTA TGG ATT GTT AGA CGT CGT TAT AGA ATC TTG TTG AGA GTT GAA GCT ACC TGG TGG TAC CTA CTA GCT AGA ATC TAC AAT CGT TAT GTA CTC AGA CGT 
Calb                            TCT TAC TGT GGT GGT GGT AGA AGA TGT TAT AGA TTA GCT TTG AAA AGA AAA TAT TAT TTG TTT TAT TTA AGA TAT TGG GGA TGG AGA CGA TTG GTG TTG ATT GCT AGA TTG AGA AGA GGT TTG AGA AAA AGA TAC TTG AGA GGT TAC AAA TAC ATT TGG TAC AGA ATT ATT TAC TAT GGT TTA TAC TAT CGT TGG TTG ATT TTG TAT TTT ATT GGA TAT AGA AGA TTG TAT AGA AGA TTG TAT TGG TTG ATT GGA AGA TGG TAT GTG TAT ATG TTG TAT TTA GGT TGG CGT GCT AGA AAA TTG GCT ATT TAC TAT ATG AGA TTT GTA AGA AGA AGA TGG TGG TCG ATT TGG TTG TGG ATT TTG AGA AGA AGA TAC AGA ATT TTG TTG AGA ACT GAA TCT ACT TGG TGG TAC TTG TTA GCA AGA GTT TAT AAA CGA TAT GTA GTA AGA CGA 



Printing out site pattern counts


         9        204  P

Scer                            AAG AAG ACC AGA AGA AGA AGA AGA AGA AGA AGA AGA AGA AGG ATC ATT ATT ATT ATT ATT ATT CGA CGT CGT CGT CTA CTG CTG CTG CTG CTT CTT GAG GCC GCG GCT GCT GGA GGC GGC GGT GGT GGT GTG GTG GTT GTT TAC TAC TAC TAC TAC TAT TAT TAT TAT TAT TAT TGG TGT TTA TTA TTA TTA TTA TTG TTG TTT 
Sbay                            ..A ... ... ... ... ... ... ... ... ... ... ..G ..G ..A ..T ..A ..C ..C ... ... ... ... ... ... ... T.G ..A ... T.A T.. ..G ... ..A C.. ..A ..A ... ..T ... ..T ... ... ... ... ..T ..C ... ... ... ... ... ..T ..C ..C ... ... ... ... ... ... AG. ... ..G ..G ..G C.T ... ..C 
Smik                            ... ..A ... ... ... ... ... ... ..G ..G C.T ... ..G ..A ..T ..A ... ... ... ... G.. ... ... ... ... T.. T.. ..A ..T ... ... ... ... C.A .TA ... ... ..T ..T ..T ... ... ... ... ... ..C ... ... ... ..T ..T ..T ... ... ... ... ... ... ... ... AG. ..G ... ..G ..G ... ... ... 
Spar                            ... ... ..T ... ... ... ... ..G ... ... C.T ... ... ... ..T ..A ..C ... ... ... G.. ... ... ... ... T.. ... ... ..A ... ... ... ... C.A ..T ..C ... ..T ... ..T ATG ..C ... ... ... ..C ... ... ... ... ..T ..T ..C ... ... ... ... ... ... ..C ... ..G ... C.G ..G ... ... ... 
Ncas                            ... ..A ..A ... ... ... C.T ... ... ... ... ... ... ..A ..T ... ..C G.G ... ... G.. A.. ... ... ... T.. ..A ..T T.A ..T ..A ..C ..A C.A ..A ... ... ..T ..T ..A ..A ... ... ... A.T ..C A.. ... ..T ... ..T ..T ..C ... ..C ... ... ... ... ... ... ..G ... C.. C.T ..A C.A ... 
Cgla                            ..A ... ... ... ... ... C.T ... ... ... ... ... ..G ..A ..T ... ..C ..C ..C ..C ... A.. ... ... ... T.G ..T T.. ... T.. ..G T.G ..A C.T ..A ... ... ..G ..T ..T ... ... ... ..T A.C ... AGC ... ... ... ... ... ..C ..C ..C ..C ..C ... ... ... ... C.G ..G ..G C.. .CA ... ... 
Agos                            ..C ... ... ... ..G C.G C.T C.C ..G C.C ... C.C C.G C.C ... ... ..C ..A ..C ... G.. A.G A.A ..C ..G T.G T.A ..C ... T.. ..C ..G ... C.G ..C ..C ..C ... ..G ... ..G ..G ..A ..T A.T ..G A.. ... ... ... ... ... ..C ..C .TC ..C ..C ... ... ..C C.T C.G ..G C.G ... C.. C.. ... 
Klac                            ..T ... ... ... ... ... C.. C.T ... C.T ... ... ... ..A ..T ..C ..C ..A ..C ... G.. A.. ... ... ... ... ..T T.A T.A T.. T.G T.A ..A ..T ..T ..C ... ..T ..T ..T ..G ... ..A ..A C.C ... AC. ... ... ..T ..T ..T ... ... ..C ..C ... ..C ... ... C.. ..G C.. C.. C.C ... C.T ... 
Calb                            ..A ..A ..T ... ... ... ... ... ... C.T ... ... ... ..A ..T G.. ... ... ... ... .C. A.. ..A A.A A.A T.G T.A T.. T.. T.A T.A G.G ..A T.T ..A ... ... ... ..T ..T ATG ... ..A ..A ..A T.G A.. ..T ... ... ..T ..T ..C ... ... .CG ... ... ... ... ..G ..G ..G ... ..T ... ... ... 

    4    2    1    4    3    3    2    2    3    2    1    1    1    2    2
    1    1    3    2    1    1    3    3    1    4    1    2    1    2    1
    1    2    1    2    1    2    2    2    4    1    2    2    1    1    2
    2    2    6    6    2    2    1    2    2    1    1    1    4   13    2
    1    2    2    1    1    2    6    2

CODONML (in paml version 4.9j, February 2020)  temp.nuc
Model: One dN/dS ratio, 
Codon frequency model: Fequal
ns =   9  ls = 150

Codon usage in sequences
--------------------------------------------------------------------------------------------------------------------------------------
Phe TTT   2   0   2   2   2   2 | Ser TCT   0   0   0   0   0   0 | Tyr TAT  11   8  16  12  17   4 | Cys TGT   2   2   2   0   2   2
    TTC   0   2   0   0   0   0 |     TCC   0   0   0   0   0   0 |     TAC  17  20  12  16  11  24 |     TGC   0   0   0   2   0   0
Leu TTA   7   4   3   4   8   1 |     TCA   0   0   0   0   0   2 | *** TAA   0   0   0   0   0   0 | *** TGA   0   0   0   0   0   0
    TTG   8  12  14  11   2  14 |     TCG   0   0   0   0   0   0 |     TAG   0   0   0   0   0   0 | Trp TGG  13  13  13  13  13  13
--------------------------------------------------------------------------------------------------------------------------------------
Leu CTT   3   4   5   3   3   2 | Pro CCT   0   0   0   0   0   2 | His CAT   0   0   0   0   0   0 | Arg CGT   8   8   9   9  10  10
    CTC   0   0   0   0   2   0 |     CCC   0   2   0   0   0   0 |     CAC   0   0   0   0   0   0 |     CGC   0   0   0   0   0   0
    CTA   1   2   1   2  10   1 |     CCA   0   0   2   2   2   0 | Gln CAA   0   0   0   0   0   0 |     CGA   3   3   3   3   0   0
    CTG   6   2   1   5   0   5 |     CCG   0   0   0   0   0   0 |     CAG   0   0   0   0   0   0 |     CGG   0   0   0   0   0   0
--------------------------------------------------------------------------------------------------------------------------------------
Ile ATT   9   6   9   8  10   4 | Thr ACT   0   0   0   1   0   0 | Asn AAT   0   0   0   0   0   0 | Ser AGT   0   0   0   0   0   0
    ATC   2   4   0   1   1   9 |     ACC   1   1   1   0   0   1 |     AAC   0   0   0   0   0   0 |     AGC   0   0   0   0   0   2
    ATA   0   1   1   1   0   0 |     ACA   0   0   0   0   1   0 | Lys AAA   0   4   2   0   2   4 | Arg AGA  22  23  18  19  25  24
Met ATG   0   0   0   2   0   0 |     ACG   0   0   0   0   0   0 |     AAG   6   2   4   6   4   2 |     AGG   2   2   6   4   0   1
--------------------------------------------------------------------------------------------------------------------------------------
Val GTT   4   4   3   3   1   3 | Ala GCT   4   2   4   3   4   4 | Asp GAT   0   0   0   0   0   0 | Gly GGT   5   8  12   4   9  10
    GTC   0   2   2   2   2   0 |     GCC   2   0   0   2   0   0 |     GAC   0   0   0   0   0   0 |     GGC   5   4   0   6   0   0
    GTA   0   0   1   0   0   0 |     GCA   0   3   0   0   1   1 | Glu GAA   0   1   0   0   1   1 |     GGA   2   0   0   0   3   0
    GTG   3   1   3   3   4   0 |     GCG   1   0   0   0   0   0 |     GAG   1   0   1   1   0   0 |     GGG   0   0   0   0   0   2
--------------------------------------------------------------------------------------------------------------------------------------

--------------------------------------------------------------------------------------
Phe TTT   2   2   3 | Ser TCT   0   0   2 | Tyr TAT   4  10  17 | Cys TGT   0   2   2
    TTC   1   0   0 |     TCC   0   0   0 |     TAC  23  18  10 |     TGC   2   0   0
Leu TTA   3   5   5 |     TCA   0   0   0 | *** TAA   0   0   0 | *** TGA   0   0   0
    TTG   4   6  19 |     TCG   0   0   1 |     TAG   0   0   0 | Trp TGG  13  13  13
--------------------------------------------------------------------------------------
Leu CTT   1   8   0 | Pro CCT   0   0   0 | His CAT   0   0   0 | Arg CGT   2  12   2
    CTC   2   3   0 |     CCC   0   0   0 |     CAC   0   0   0 |     CGC   8   0   0
    CTA   0   5   0 |     CCA   0   0   0 | Gln CAA   0   0   0 |     CGA   0   2   3
    CTG  15   0   0 |     CCG   2   0   0 |     CAG   0   0   0 |     CGG   8   0   0
--------------------------------------------------------------------------------------
Ile ATT   6   3  11 | Thr ACT   0   2   2 | Asn AAT   0   4   0 | Ser AGT   0   0   0
    ATC   5   4   0 |     ACC   1   1   0 |     AAC   4   0   0 |     AGC   0   0   0
    ATA   3   3   0 |     ACA   0   0   0 | Lys AAA   0   0   6 | Arg AGA   8  21  30
Met ATG   0   0   2 |     ACG   0   0   0 |     AAG   2   2   0 |     AGG   9   0   0
--------------------------------------------------------------------------------------
Val GTT   2   3   1 | Ala GCT   0   5   4 | Asp GAT   0   0   0 | Gly GGT   0   9   7
    GTC   0   0   0 |     GCC   5   2   0 |     GAC   0   0   0 |     GGC   1   0   0
    GTA   0   1   3 |     GCA   0   0   1 | Glu GAA   0   1   1 |     GGA   3   1   3
    GTG   2   0   2 |     GCG   0   0   0 |     GAG   1   0   0 |     GGG   8   2   0
--------------------------------------------------------------------------------------

Codon position x base (3x4) table for each sequence.

#1: Scer           
position  1:    T:0.40000    C:0.14000    A:0.28000    G:0.18000
position  2:    T:0.30000    C:0.05333    A:0.23333    G:0.41333
position  3:    T:0.32000    C:0.18000    A:0.23333    G:0.26667
Average         T:0.34000    C:0.12444    A:0.24889    G:0.28667

#2: Sbay           
position  1:    T:0.40667    C:0.14000    A:0.28667    G:0.16667
position  2:    T:0.29333    C:0.05333    A:0.23333    G:0.42000
position  3:    T:0.28000    C:0.23333    A:0.27333    G:0.21333
Average         T:0.32667    C:0.14222    A:0.26444    G:0.26667

#3: Smik           
position  1:    T:0.41333    C:0.14000    A:0.27333    G:0.17333
position  2:    T:0.30000    C:0.04667    A:0.23333    G:0.42000
position  3:    T:0.41333    C:0.10000    A:0.20667    G:0.28000
Average         T:0.37556    C:0.09556    A:0.23778    G:0.29111

#4: Spar           
position  1:    T:0.40000    C:0.16000    A:0.28000    G:0.16000
position  2:    T:0.31333    C:0.05333    A:0.23333    G:0.40000
position  3:    T:0.30000    C:0.19333    A:0.20667    G:0.30000
Average         T:0.33778    C:0.13556    A:0.24000    G:0.28667

#5: Ncas           
position  1:    T:0.36667    C:0.18000    A:0.28667    G:0.16667
position  2:    T:0.30000    C:0.05333    A:0.23333    G:0.41333
position  3:    T:0.38667    C:0.10667    A:0.35333    G:0.15333
Average         T:0.35111    C:0.11333    A:0.29111    G:0.24444

#6: Cgla           
position  1:    T:0.41333    C:0.13333    A:0.31333    G:0.14000
position  2:    T:0.27333    C:0.06667    A:0.23333    G:0.42667
position  3:    T:0.28667    C:0.24000    A:0.22667    G:0.24667
Average         T:0.32444    C:0.14667    A:0.25778    G:0.27111

#7: Agos           
position  1:    T:0.34667    C:0.25333    A:0.25333    G:0.14667
position  2:    T:0.30667    C:0.05333    A:0.22667    G:0.41333
position  3:    T:0.11333    C:0.34667    A:0.11333    G:0.42667
Average         T:0.25556    C:0.21778    A:0.19778    G:0.32889

#8: Klac           
position  1:    T:0.37333    C:0.20000    A:0.26667    G:0.16000
position  2:    T:0.28667    C:0.06667    A:0.23333    G:0.41333
position  3:    T:0.40000    C:0.18667    A:0.26000    G:0.15333
Average         T:0.35333    C:0.15111    A:0.25333    G:0.24222

#9: Calb           
position  1:    T:0.48000    C:0.03333    A:0.34000    G:0.14667
position  2:    T:0.30667    C:0.06667    A:0.22667    G:0.40000
position  3:    T:0.34000    C:0.06667    A:0.34667    G:0.24667
Average         T:0.37556    C:0.05556    A:0.30444    G:0.26444

Sums of codon usage counts
------------------------------------------------------------------------------
Phe F TTT      17 | Ser S TCT       2 | Tyr Y TAT      99 | Cys C TGT      14
      TTC       3 |       TCC       0 |       TAC     151 |       TGC       4
Leu L TTA      40 |       TCA       2 | *** * TAA       0 | *** * TGA       0
      TTG      90 |       TCG       1 |       TAG       0 | Trp W TGG     117
------------------------------------------------------------------------------
Leu L CTT      29 | Pro P CCT       2 | His H CAT       0 | Arg R CGT      70
      CTC       7 |       CCC       2 |       CAC       0 |       CGC       8
      CTA      22 |       CCA       6 | Gln Q CAA       0 |       CGA      17
      CTG      34 |       CCG       2 |       CAG       0 |       CGG       8
------------------------------------------------------------------------------
Ile I ATT      66 | Thr T ACT       5 | Asn N AAT       4 | Ser S AGT       0
      ATC      26 |       ACC       6 |       AAC       4 |       AGC       2
      ATA       9 |       ACA       1 | Lys K AAA      18 | Arg R AGA     190
Met M ATG       4 |       ACG       0 |       AAG      28 |       AGG      24
------------------------------------------------------------------------------
Val V GTT      24 | Ala A GCT      30 | Asp D GAT       0 | Gly G GGT      64
      GTC       8 |       GCC      11 |       GAC       0 |       GGC      16
      GTA       5 |       GCA       6 | Glu E GAA       5 |       GGA      12
      GTG      18 |       GCG       1 |       GAG       4 |       GGG      12
------------------------------------------------------------------------------


Codon position x base (3x4) table, overall

position  1:    T:0.40000    C:0.15333    A:0.28667    G:0.16000
position  2:    T:0.29778    C:0.05704    A:0.23185    G:0.41333
position  3:    T:0.31556    C:0.18370    A:0.24667    G:0.25407
Average         T:0.33778    C:0.13136    A:0.25506    G:0.27580

Codon frequencies under model, for use in evolver (TTT TTC TTA TTG ... GGG):
  0.01639344  0.01639344  0.01639344  0.01639344
  0.01639344  0.01639344  0.01639344  0.01639344
  0.01639344  0.01639344  0.00000000  0.00000000
  0.01639344  0.01639344  0.00000000  0.01639344
  0.01639344  0.01639344  0.01639344  0.01639344
  0.01639344  0.01639344  0.01639344  0.01639344
  0.01639344  0.01639344  0.01639344  0.01639344
  0.01639344  0.01639344  0.01639344  0.01639344
  0.01639344  0.01639344  0.01639344  0.01639344
  0.01639344  0.01639344  0.01639344  0.01639344
  0.01639344  0.01639344  0.01639344  0.01639344
  0.01639344  0.01639344  0.01639344  0.01639344
  0.01639344  0.01639344  0.01639344  0.01639344
  0.01639344  0.01639344  0.01639344  0.01639344
  0.01639344  0.01639344  0.01639344  0.01639344
  0.01639344  0.01639344  0.01639344  0.01639344


TREE #  1:  (((((1, 4), (3, 2)), 5), 6), ((7, 8), 9));   MP score: 374
This is a rooted tree.  Please check!
lnL(ntime: 16  np: 18):  -2052.270592      +0.000000
  10..11   11..12   12..13   13..14   14..1    14..4    13..15   15..3    15..2    12..5    11..6    10..16   16..17   17..7    17..8    16..9  
 0.012977 0.073775 0.322545 0.000004 0.219117 0.186608 0.030698 0.207420 0.339597 0.447397 0.421631 0.001448 0.363024 1.473415 0.466973 1.035233 2.149594 0.027223

Note: Branch length is defined as number of nucleotide substitutions per codon (not per neucleotide site).

tree length =  5.601863

(((((1: 0.219117, 4: 0.186608): 0.000004, (3: 0.207420, 2: 0.339597): 0.030698): 0.322545, 5: 0.447397): 0.073775, 6: 0.421631): 0.012977, ((7: 1.473415, 8: 0.466973): 0.363024, 9: 1.035233): 0.001448);

(((((Scer: 0.219117, Spar: 0.186608): 0.000004, (Smik: 0.207420, Sbay: 0.339597): 0.030698): 0.322545, Ncas: 0.447397): 0.073775, Cgla: 0.421631): 0.012977, ((Agos: 1.473415, Klac: 0.466973): 0.363024, Calb: 1.035233): 0.001448);

Detailed output identifying parameters

kappa (ts/tv) =  2.14959

omega (dN/dS) =  0.02722

dN & dS for each branch

 branch          t       N       S   dN/dS      dN      dS  N*dN  S*dS

  10..11     0.013   323.6   126.4  0.0272  0.0004  0.0144   0.1   1.8
  11..12     0.074   323.6   126.4  0.0272  0.0022  0.0818   0.7  10.3
  12..13     0.323   323.6   126.4  0.0272  0.0097  0.3578   3.2  45.2
  13..14     0.000   323.6   126.4  0.0272  0.0000  0.0000   0.0   0.0
  14..1      0.219   323.6   126.4  0.0272  0.0066  0.2430   2.1  30.7
  14..4      0.187   323.6   126.4  0.0272  0.0056  0.2070   1.8  26.2
  13..15     0.031   323.6   126.4  0.0272  0.0009  0.0340   0.3   4.3
  15..3      0.207   323.6   126.4  0.0272  0.0063  0.2301   2.0  29.1
  15..2      0.340   323.6   126.4  0.0272  0.0103  0.3767   3.3  47.6
  12..5      0.447   323.6   126.4  0.0272  0.0135  0.4962   4.4  62.7
  11..6      0.422   323.6   126.4  0.0272  0.0127  0.4677   4.1  59.1
  10..16     0.001   323.6   126.4  0.0272  0.0000  0.0016   0.0   0.2
  16..17     0.363   323.6   126.4  0.0272  0.0110  0.4026   3.5  50.9
  17..7      1.473   323.6   126.4  0.0272  0.0445  1.6342  14.4 206.6
  17..8      0.467   323.6   126.4  0.0272  0.0141  0.5179   4.6  65.5
  16..9      1.035   323.6   126.4  0.0272  0.0313  1.1482  10.1 145.2

tree length for dN:       0.1691
tree length for dS:       6.2133


Time used:  0:05
