      9   1182

Scer                            GGA ATA TGC ATA ACG GGT TTG CAC AGT GCG GTG CAC CCG CCT GAA ACT CCA ATA GAA CAA AGA GAA TCC GAT TCT GAC CAT GAG TTA TTT GCC TCT GAT GTC GAA AGA TGG GTT GCG GAA ATT GAT TCT TGC GAA TAC ATT GAA AAG TTC AAT TTA GTG CGT AAC TAT TTA TTC ACA GTT GTT CAA AGA TCT CAA CCT ATA GAA AAA ATA CAA GAA GGA GCC TTG AAA GAT TCT TCC TGC ATT TTG GAC TCT TTT CAA AAT GGT TTT GCC TAT GGC CAA TTT CCA CGT GGT TGT GAT ATT TTG CAC CAA ATA GAA GAT TAT GAG CGT TAC GTA GGT TTA CCG AAA AAT GTA ACA ATA ATC CCT GAG GCG CCA CAC GGG TTA AAT ATG GGA ACC TTA GTA GGA AGG TGT GAC AGA GGT TCT TTA ATA AGA CCG ACC GCA TTA ACA TTA GCT GGT TCT ATT GAA TGT CAA CAA AAA TTA AAT TGC GTT TAT GGT CGT CAA AGA GCC TCA AGA GCT TTA GCT GTT TTA TCT ACG CTT GAT TCT GTC GTA TGT TTG GCC GGT GAC TTA GGT CAC CCT GAG TTT CCT TCC AAA TGG GTT GGA GGT GAA CCA GAA GAC AGA GAC GAA CAC GGA CCT TGC ACG GAA ATA TCA ACT TTT GTT TGC GAA AAT AAA AAC TGG CGT AGT CCA TTA TTT GGT GTC GGT TTG AAA CGT TTA TAT TCT TCG TGC CCT TTG CGC ATC TGC TCA GAT AAT GAT GGT TCT TTG CCA AGA GCG TTA TTG GAA GAT TAC AAC GTG GCC AAA TAT TTC TTG GAA GTT ATT GTG ACC TTT CGT AGA ACA TGC GTG GAA TCC ACT CCG TGT TTC CCG GGT CGT GAG CAC CGT TCT ATA CTT TTG GTT GGT ACC ATT TTA ACA TTG GAA GTC GCA GAA TAC TCT TAC ATT TAC TCT GAT GCC TCT AAT GAA GGT CGT CAC CCT GAC CAT CCA GAG GCG TCC GCG AAC ATA CCA AGT ATC AAT GCG TGC ATA AAA GAT AGT GTG AGG TCT ATG TTG GAA ACC AAA TTC CAC CTG ACA ACC GGT AGT TCT GAC ATA TCC TTC CAA ATT GAT ATT AAC AAA AAA ACG AGT CCA AGG GGT CGT AAT GAA ACT TTC TAT AAA AGT ATA ATT GTT TAC GAA ATT CGT GGT TAT ATA GAC TCG CCG AAT GCC 
Sbay                            GGA ATA TGT ATT ACA GGT TTG CAT AGT GCA GTT CAT CCA CCT GAA ACT CCA ATA GAA CAA AGG GAA TCT GAT GCT GAT CAT GAA TTG TTT GCA TCT GAC GTT GAA AGA TGG GTT GCG GAA ATT GAT TCT TGT GAA TAC ATT GAA AAG TTC AAT TTG GTT CGT AAT TAT TTG TTC ACA GTT GTT CAA AGG TCT CAT CCA ATA GAA AAA ATT CAA GAA GGT GCC CTG AAA GAC TCG CAA TGT ATT TTG GAT TCC TTT CAG AAT GGT TTT GCA TAC GGT CAT TTT CCA CGT GGA TCT GAT ATT CTG CAT CAA ATC GAA GAT TAC GAA CGT TAC ATT GGT TTA CCA AAA AAT GTA ACA ATA ATC CCT GAA GCA CCA CAT GGT ATT AAT ATG GGA ACC TTA ATT GGC AGG TGT AAT AGA GGT TCT TTA ATA AGA CCA ACC GCT ATT ACA CTA GCT GGT GCT ATC GAA TGT CCA CAG AAA TTG AAT TGT GCA TAC GGT CGT CAA AGA GCC TCA AGA GCT TTA GCT GTT TTG TCC ACA CTT GAT TCC ATT GTG TGT TTG GCA GGT GAT ATT GGT TAC CCT GAA TTT CCT CAA AAA TGG GTC GCG GGT GAA CCA GAA GAT AGA GAT GAA CAT GCG CCA TGT ACA GAA ATC TCA ACT TTT GTC TGT GAA AAT AAA AAC TGG CGT AGT CCA TTA TTC GGG ATC GGT TTG AAA CGT TTA TAC TCA TCT TGT CCT TTG CGT ATC TGT TCA GAC AAT GAT GGA TCT CTA CCT AGA GCA TTG TTA GAA GAT TAT AAA GTT GCC AAA TAC TTC TTG GAA GTC TTA GTG ACT TTT CGT AGG ACA TGT GTG GAA TCT ACT CCA TCT TTC CCA GGA CGT GAA CAT CGT TCA ATA CTT CTA GTT GGT ACT ATT TTA ACA TTG GAA GTT GCT GAA TAC TCT TAC GTT TAC TCG GAT GCC TCA AAT GAA GGT CGT CAT CCT GAT CAT CCA GAA GCA TCC GCG AAT GTG CCA AGT ATT AAT GCA TGT ATT AAG GAT AGC GTG AGA TCA ATG TTG GAA ACC AAA TTC TAC TTA ACA ACC GGT AGT ACA GAT ATA ACA TTC CAA GTT GAT ATT AAC AAG AAA ACA AGC CCA AGA GGT CGT AAT GAA ACT TTC TAC AAA AGT ATA ATT GTG TAC GAA ATT CGT GGA TAC ATT GAT TCT CCA AAT GCC 
Smik                            GGA ATA TGT ATT ACG GGT TTG CAC AGT GCA GTG CAC CCG CCT GAA ACT CCA ATA GAA CAA AGA GAA TCC GAT TCT GAC CAT GAG TTG TTT GCT TCA GAC GTT GAA AGA TGG GTT GCG GAA ATC GAT TCT TGC GAA TAC ATT GAA AAG TTC AAT TTG GTG CGT AAC TAC TTG TTC ACA GTT GTT CAA AGA TCT CAT CCC ATA GAA AAA ATT CAA GAA GGT GCT TTG AAA GAC TCA TCC TGT ATT TTA GAC TCT TTT CAA AAT GGT TTT GCT TAT GGC CAT TTT CCA CGT GGT TGT GAT ATC TTA CAT CAA ATC GAA GAT TAT GAA CGT TAT GTA GGT TTA CCG AAG AAT GTA ACA ATA ATT CCT GAA GCA CCA CAT GGA TTG AAT ATG GGA ACC TTA GTA GGT AGG TGT GAT AGA GGT TCA TTA ATT AGA CCA ACT GCC TTG ACA TTG GCT GGT TCT ATT GAA TGT CAA CAA AAA TTA AAT TGT GTT TAT GGT CGA CAA AGG GCC TCC AGA GCT TTA GCT GTT TTA CCT ACA CTT GAT TCT GTC GTA TGT CTG GCT GGT GAT TTG GGT TAC CCT GAA TTT CCT TCC AAA TGG GTT GCG GGT GAA CCA GAA GAT AGA GAT GAA CAT GCG CCT TGT ACA GAA ATC TCA ACT TTT GTT TGT GAA AAT AAA AAC TGG CGA AGT CCA TTA TTC GGT ATC GGT TTA AAA CGT TTA TAC TCC TCT TGT CCT TTA CGT ATT TGC TCA GAT AAT GAT GGT TCT TTA CCT AGA GCA TTG CTG GAA GAT TAC AAC GTG GCT AAA TAT TTC TTG GAA GTT ATT GTG ACT TTC CGA AGA ACA TGC GTG GAA TCC ACT CCA TGT TTC CCA GGT CGT GAA CAT CGA TCC ATA CTT TTA GTT GGT ACC ATT TTA ACA TTG GAA GTT GCA GAA TAC TCT TAC CTT TAC TCA GAT GCC TCT AAT GAA GGT CGT CAC CCT GAT CAT CCA GAA GCA TCT GCG AAC ATA CCA AGT ATT AAT GCA TGT ATT AAG GAT AGT GTG AGG TCC ATG TTG GAA ACC AAG TTC TAC TTA ACA ACC GGT AGT TCT GAT ATA TCC TTC CAA CTT GAT ATT AAC AAA AAA ACG AGT CCA AGG GGT CGT AAT GAA ACT TTC TAC AAA AGT ATA ATT GTC TAC GAA ATT CGT GGT TAC ATT GAT TCT CCA AAT GCC 
Spar                            GGA ATA TGT ATT ACG GGT TTG CAT AGT GCA GTG CAT CCG CCT GAA ACC CCA ATA GAA CAA AGA GAA TCC GAT TCT GAC CAT GAG TTA TTT GCC TCT GAT GTC GAA AGA TGG GTT GCG GAA ATC GAT TCT TGC GAA TAC ATT GAA AAG TTC AAT TTA GTG CGT AAC TAC TTA TTC ACA GTT GTT CAA AGA TCT CAA CCT ATA GAA AAA ATT CAA GAA GGC GCC TTA AAA GAC TCT TCC TGT ATT TTG GAC TCT TTT CAA AAT GGT TTT GCC TAT GGT CAA TTT CCA CGT GGT TGT GAT ATT TTA CAT CAA ATA GAA GAT TAT GAA CGC TAC GTA GGT TTA CCG AAA AAT GTG ACA ATA ATC CCT GAA GCA CCA CAT GGG TTG AAC ATG GGG ACC TTA GTA GGT AGG TGT GAC AGA GGT TCT TTA ATA AGA CCG ACT GCC TTG ACA TTA GCT GGT TCT ATT GAA TGC CAA CAA AAA TTG AAT TGT GTT TAT GGT CGT CAA AGA GCC TCC AGA GCT TTA GCT GTT TTA CCT ACT CTT GAT TCT GTC GTA TGT TTG GCC GGT GAT TTG GGT TAC CCT GAA TTT CCT TCC AAA TGG GTT GCA GGT GAA CCA GAA GAC AGA GAC GAA CAC GCA CCT TGT ACT GAA ATA TCA ACT TTT GTT TGT GAA AAT AAA AAC TGG CGT AGT CCA TTA TTC GGT GTC GGT TTG AAA CGT TTA TAC TCC TCT TGT CCT TTG CGT ATC TGC TCA GAT AAT GAT GGA TCT CTT CCG AGA GCA TTA CTG GAA GAT TAC AAC GTG GCC AAA TAT TTC TTG GAA GTT ATT GTG ACT TTC CGT AGA ACA TGC GTG GAA TCC ACT CCG TGT TTC CCG GGA CGT GAA CAT CGT TCC ATA CTT CTT GTT GGT ACC ATT TTA ACA TTG GAA GTC GCA GAA TAC TCT TAC ATT TAC TCT GAC GCC TCT AAT GAA GGT CGT CAT CCT GAC CAT CCA GAA GCA TCT GCG AAC ATA CCA AGT ATT AAT GCA TGT ATT AAG GAC AGT GTG AGG TCC ATG TTG GAA ACC AAA TTC TAC CTG ACA ACC GGT AGT TCC GAT ATA TCC TTC CAG ATT GAT ATT AAC AAA AAG ACG AGT CCA AGG GGT CGC AAC GAA ACT TTC TAC AAA AGT ATA ATT GTC TAC GAA ATT CGT GGA TAC ATT GAC TCT CCG AAT GCC 
Ncas                            GGA ATT TGT ATT ACG GGT TTG CAC AGT GCT GCT CAT CCA CCT GAT TCG CCA GTG GAA CAA AGA GAA TGT GAT TCA GAT CAT GAA CTA TTT GCT TCG GAT GTC GAG AGA TGG GTT GCT GAA ATT GAT TCG TGT GAG TAC ATT GAA AAG TTC AAT TTG GCT CGT AAC TAC TTG TTC ACG GTT GTG CAA AGA TCT CAA CCA ATC GAA AAA ATT CCT GAA GGT GCC CTG AAA GAC TCT ACC TGT CTA TTG GAT TCT TTT CAA AAC GGT TTT GCT TAT GGT CAA TTT CCA CGT GGT TGT GAT ATC TTT CAC CAA ATA GCC GAT TAT GAA CAT TAT GTC GGT TTA CCA AAA AAC GTT AGT ATA ATC CCA GAG GCT CCT CAC GGT CTA GAT ATG GGA ACA TTG GTC GGG AGA TGT GAT AGA GGG TCG TTA ATT AGA CCG ACC GCA CTA ACC TTA GCT GGT TCA ATT GAA TGC CAA CAA AAA TTG AAC TGC GTG TTT GGT CGT CAA AGA GCA TCC AGA GCT TTA GCT GTT ATA TCC ACT CTA GAT TCT GTC GTA TGT TTG GCT GGT GAC CTA GGT CAT CCA GAG TTT CCT ACC AAG TGG GTC GGG GGG GCC CCC GAA GAT AGA GAT GAG CAT GGG CCT TGT ACT GAA ATA TCC ACA TTT GTC TGT GAA AAC AAA AAT TGG CGT AGT CCT TTA TTC GGT ATC GGT TTG AAA CGT TTA TAT TCA CCA TGT CCT TTG CGT ATC TGT TCC GAT AAT GAT GGT TCT TTA CCT AGG GCT TTG TTG GAA GAC TAC AAC GCT GCC AAG TAT TTA TTG GAG GTC ATG GTG ACT TTC CGT AGA ACC TGT GTA GAA TGT ACT CCT TGT TTC CCG GGT CGT GAG CAC CGT TCA GTG CTA TTA GTT GGT ACT ATT TTA ACA TTG GAG GTT TCA GAG TAC TCG TAC TTA TAC TCT GAT GCA ACT AAT GAA GGT CGT CAT CCT GAT CAT CCT GAG GCT TCT GCT AAC AAA CCA AGT ATT AAC GCT TGC ATT AAG GAC AGT GTA AGA TCA ATG TTA GAA ACA AAA TTC CAT CTA ACC ACA GGT AGT TCA GAC GTG TCG TTC CAA TTA GAT CTA AAA AAA AAA ACC AGT CCA AGA GGT CAT GAT GAG ACT TTC TAT AAG AGT ATT ATC GTC TAC GAA ATC CGT GGT TAT ATT GAT CCA CCG AAC GCC 
Cgla                            GGT ATC TGT ATC ACT GGC CTT TAT AGT GCA GTA CAC CCT CCT GAA GCA CCA ATC GAA CAA AGA GAA TCA GAT TCT GAC CAC GAG TTA TTT GCT TCT GAT GTT GAA AGA TGG GTT GCC GAA ATT GAT TCA TGT GAA TAT ATT GAT AAG TTT AAT TTG GTA CGT AAC TAT TTG TTT ACT GTG GTA CAA AGG GCA CAG CCA ATA GAA AAG ATC CCT GAA GGT GCA CTA AAG GAT TCA GTC TGT ATT CTT GAC TCT TTT TTA AAC GGC TTT GCT TAT GGC CAG TTC CCA CGT GGA TGC GAC GTT TTT CAT CAG ATT CAG GAT TAT GAA AGA TAT GTA GGT TTG CCT ATT AAC GTT TCA ATT ATT CCA GAG GCA CCT CAT GGG TTG GAA ATG GGA ACA CTT GTA GGT AGA TGC GAT AGA GGT TCT TTG GTT AGA CCG ACA GCT TTG ACA ATA GCT GGT TCT ATA GAA TGC GCT TTA AAG TTA AAC TGT GTA TAC GGT AAA CAA AAG GCC TCG AGA GCA TTG GCA GTT TTT TCT ACA CTG GAC TCT GTT GTT TGC CTG GCT GGT GAT TTG GGT TAT CCA GAG TTT CCT GTC AGG TGG GTT GGT GGT CAG CCC GAT GAC AGA GAC GAA CAC GGT CCA TGT ACA GAA ATT TCC ACT TTC GTT TGT GAT AAC AAG AAC TGG AAA AGT CCT CTA TTT GGG GTT GGT CTT AAG CGT TTA TAT TCA CCA TGT CCT CTT AGA ATT TGT TCC GAT AGG GAC GGG GCA CTC CCA AGA GCA TTG CTT GAA AAC TAT AAG GTA GCA AAG TAC TTT TTA GAA GTT TTT GTG ACA TTT AAA AGG ACA TGT AAC GAA TCA ACT CCT TGC TTT CCG GGG CGT GAG CAT AAA TCA ATC CTG CTC GTG GGC ACT ATT TTA GCA CTT GAA GTA AGT GAA TAT TCA TAT TTG TAT TCA CAA GCC ACT AAT GAT GGT AGA CAC CCT GAC CAC CCT GAG GCA AGT GCC AAC TCT CCA AGT ATT AAC GCA TGT ATC AAG GAT TCC AAC AGA TCA ATG TTG GAA ACA ATT TTC TAT CTC ACA ACA GGT AGT AGT GAT ATT TCT TTC CAG TTG GAC ATT AAG AAA AAA ACA TCC CCT AGA GGC AGA GAA GAA ACT TTT TAT AGG AGT ATC ATC GTT TAT GAA ATC CGT GGG TAT ATC GAC CCA CCG AAC GCC 
Agos                            GGT ATC TGC ATT ACG GGC CTT GCT AGT GCG GGG CAT CCG CCA GAC GCA CCC ATA GAG CAG AGA GAA GCG GAT TCC GAT CAC GAG CTA TAT GCC TCT GAC GTT GAA CGG TGG TGC GCA GAG ATT GAC TCG TGT GAC AAA ATT GAT AAA TAT AAC CTG GGG CGT CAA TAC CTG TTT ACC GTC GTT TAC AAG TCT CAG CCA ATT GAG AAG ATT CCG GAA GGG GCC CTC AAG GAC TCG GCC TGC TTA ATT GAT TCG TAT CCT AAC GGT TTC GCC TAT GGT CAG TTC CCT CGT GGA TGT GAC CTA TTT CAC CAG GTA ACA GAC TAT GAG AGA TAT GTT GGG CTT CCG CGG AAC GTT TCG ATA GTG CCC GAG GCG ATG CAC GGC CAA GAG ATG GGA ACG ATA GTT GGC GGA ACC CCT AGA GGT TCT CTT ATC CGG CCG ACT GCG CAA ACG TTG ACG GGA TCC ATC GAC TGT CCG CCT AAA CTA AAC CCA GTA CAT GGA CGC CCT AAG GCA TCG CGG GCC CTT GTG GTC ATT TCT ACT TTA GAC TCG ATT GTA ACC TCC GCC GCC GAC CAA GGA CAT CCC GAG TTC CCA GCC AAA TGG GTG GGC GGA ACA CCT GAT GAC AGA GAC GAG CAC GGC CCG TGC ACT GAA GTA TCG ATT TTC GTG TGC GAT AAC AAA AAC TGG CGC TCA ATG CTT TTC GGG GTC GGC ATT AAG CGG CTA TAC AGC CAT TGC CCG ATT CGC GTG TGT TCG GAC AAC GAT GGC TCT TTC CCT AGA GCG CTG CTT GAG TCT TAT AGA GGG GCC AAG TAC TTC TTG GAG GTG AAG GTA ATG GTG CGC AAG ACG TGT ATA GAA GCG GAT CCT TGT TTT CCG GGC AGA GAG CAC CGC AGC ATA TTA TTC GTC GGC ACC ATC CTA GCG CTT GAC GTA AAG GAC AAA TCG AAA CGG TAC TCG GAT GCA ACA AAC GAT GGC AGA CAT CCA GAC CAC ATG GAG GCG TCA GCA CAA GCA CCA TCA ATC AAC GCG CCA ATT AAG GAC TAC ATA CGG AGC ATG CTT GAC ACG CGG TTC CAT CTA ACG ACG GCC TCA TCA GAC GTG ATG TTC CAG CGG GAC TTA CAG AAG AAG ACC TAC CCG CGG GGT AGA GAG GAG GTA TTT TAC AAA AGT ATC ATC GTA AAA GAA ATC CGT GGC TAC ATT GAC CAT CCG AAC GCT 
Klac                            GGT ATT TGT ATT ACG GGT TTA CAT AGT GCT GTT CAT CCT CCA GAC TCA CCC ATA GAA CAA AGA GAA ACA GAT TCT GAC CAT GAG ATA TTC GCA TCG GAC GTC GAG CGT TGG GTG GCA GAG ATT GAT TCT TGT GAA AAA ATT GAC AAG TTC AAC TTG GTT AGA CAT TAC TTG TTC ACC GTT GTT TAC AAA TCT CAG CCT ATT GAG AAG ATT CCA CAA GGT GCT TTA AAG GAT TCT GTG TGT ATC CTC GAC TCT TTC CCT AAT GGG TTT GCA TAT GAC CAG TTC CCT CGT GGT TGT GAT ATA TTC CAT CAA ATA ACA GAT TAT GAG AGG TAT GTG GGT TTA CCT AAG AAT GTA ACA ATC ATG CCT GAG GCT CCA CAT GGT AAA GAA ATG GGA ACT ATT GTG GGT GGA ACG GAT AGA GGT TCG TTA ATT CGT CCT ACT GCA AAA ACG ATC GCG GGT TCT GTT TCT TGT GCT CCT CGC TTG AAT CCT ATG TAC GGA CGT CCA CGT GCA TCT CGT GCT TTA GGT GTA GCA TCT ACG TTA GAT TCT ATT GTC ACG TTA GCA GGT GAC AAA GGT TAC CCA GAG TTT CCA GTG AAA TGG GTT GGT GGT ACA CCA GAC GAT AGA GAT GAA CAT GGT CCT TGT ACG CAA ATA TCT ATC TTC GTT TGT GAC AAT CGC AAT TGG CGT TCT CCA CTA TTC GGT TGC GGT CTC AAG CGT TTG TAC TCC CAT TGT CCT CTC CGT ATG TGT TCT GAC GAA GAC GGT TCT ATA CCA CGT GCT TTG CTT GAA AGT TAC AAA GTT GCT AAA TAC TTC TTG GAA GTT TTA GTA ACA GTT CGT AAA ACG TGT ATC GAA ACA AAC CCC TGT TTC CCT GGT CGT GAG CAT CGT TCC ATA TTA ATA GTT GGT ACT ATT TTG TCA TTA GAA GTT TGC GAA AAA TCT AAA CTC TAC TCT AAG GCA ACA AAC GAC GGT CGC CAT CCA GAT CAT CCA GAG GCT TCA GCA CAT AGG CCA TCT ATT AAT GCT CCT ATT AAG GAC TCC ATC AGA TCC ATG CTC TCT ACT AAG TAT TAC TTA ACG ACT GGT TCT TCT GAC ATT TCA TAT CAA CTC GAT ATC CAA AAA AAA AGG TCC CCA AGA GGG AGG GAA GAA GTA TTC TAT AAA AGT ATT ATC GTT AAA GAA ATC CGT GGT TAC ATT GAT CAT CCT AAT GCA 
Calb                            AGA ATT ATT ATT TCC GGA TTA CAT TCA TTC TTG CAT CCC CCT AAT AAA CCT ATG GAA CAA AGA GAG ACT GAT TCC GAT CAT GAA CAA TAT GCT GCA GAT GTG GAA CGA TGG GTA GCA GAA ATT GAT AAC TGT AAA TAC ATC GAT AAA TTT AAT TTA TTG AAA CAA TAC TTA TTC TCA GTC GTA CAA AAG TCT CAA CCT ATT GAA AAA ATT AAA TTA GGT GCT TTA AAA GAT TCT AAA ATT ATT TTG GAT TCT TAT AAA AAT GGC TTT GCT TAC GAA CAA TTT CCA AGA GGT TGT GAT GTT TAT CAT CAA ATA ACA GAT TAC GAA CAA TAC GTG GGT TTG CCC GAA AAT GTA TTG ATT ATC CCT GAA TTC CAA CAT GGG AAA GAT ATG GAT ACC TTT GTG GGT AAA TGT AGC AGA GGT GCA TTG AAT CGA CCA ACT TCA AAA AAT GTT ACT GGT TCC ATC GAT TGT GCA AAA AAA CTA AAT CCC GTT GAC GGA AGT CAA AAA GCA TCA CGA GCA TTG GCA GTT AGT GCG ACA TTG GAC TCT ATT GTT TGT TAT GCT TTG GAT AAA GGT TTT CCA GAA TTT CCT AAA AAA TGG GTA CCA GGT ACA CCC GAT GAT AGA GAC GCA CAT CCA CCA ATT ACA TTA ATA TCT ATA TTT GTA ATT GAT AAT AAA AAT TGG AGT TCA CAA TTA TTC GGA ATT GGT TTG AAA AGA TTA ATA TCC CCC ATT CCA TTG AAG ATC TGT TCT GAC AGT GAT AGT TCT ATT TCA CGT TTC TTA CTT GAA ACC TAC AAA TTG GCT AAA TAT TTT TTA GAA GTA GAT TGT ACC CCA AGT AAG AAT TGT AGT GAA ACT ACG CCC TGT TTC CCA AGT CGT GAA CAT AGT TCC ATG TTG ATT GTC GGA ACT ATA TTA AGT TTA AAA GTA TCT AAA TAC AAC TAC GAA TAT TCT GAA GCA GGT AAT GAT GGT ATT CAT CCT GAC CAT CAA GAA TTC TCC GCA CAA AAT CCA TCA ATC AAT TTC CCC ATT AGA GAT ACT AGT AGA TCC ATG TTG GAT ACC GAA TAC TTT TTG AAT ACC TTG TCA AGC GAT GTT AAT TAC AAA GAA GAC ATT ATT AAT AAG ACT ACT CCA AGA GGC CAA GAT GAA GAC TTC TAC AAA TCA ATT ATT GTT TAC GAG ATT CGT AGT ATA ATT GAC CCC CCA AAT GCC 



Printing out site pattern counts


         9        741  P

Scer                            AAA AAA AAA AAA AAA AAA AAA AAA AAC AAC AAC AAC AAG AAT AAT AAT AAT ACA ACA ACA ACA ACC ACC ACC ACC ACG ACG ACG ACT ACT ACT ACT AGA AGA AGA AGA AGA AGA AGG AGG AGT AGT AGT ATA ATA ATA ATA ATA ATA ATA ATA ATA ATC ATC ATG ATT ATT ATT ATT ATT ATT ATT ATT ATT CAA CAA CAA CAA CAA CAA CAA CAA CAA CAC CAC CAC CAC CAC CAT CCA CCA CCA CCA CCA CCA CCA CCG CCG CCG CCT CCT CCT CCT CCT CCT CGC CGT CGT CGT CGT CGT CGT CGT CGT CTG CTT GAA GAA GAA GAA GAA GAA GAA GAA GAA GAA GAA GAA GAA GAC GAC GAC GAC GAC GAG GAG GAG GAT GAT GAT GAT GAT GAT GAT GAT GAT GAT GAT GCA GCA GCC GCC GCC GCC GCG GCG GCT GCT GCT GGA GGA GGA GGA GGA GGC GGG GGT GGT GGT GGT GGT GGT GGT GGT GGT GGT GGT GGT GTA GTA GTA GTC GTC GTC GTC GTG GTG GTG GTT GTT GTT GTT GTT GTT GTT TAC TAC TAC TAC TAT TAT TAT TAT TAT TAT TCA TCA TCC TCC TCC TCC TCG TCT TCT TCT TCT TCT TCT TCT TCT TCT TCT TGC TGC TGC TGG TGT TGT TGT TTA TTA TTA TTA TTA TTA TTA TTA TTA TTA TTC TTC TTC TTC TTG TTG TTG TTG TTG TTG TTG TTG TTG TTT TTT TTT TTT TTT 
Sbay                            ... ... ... ... ... ... ..G ..G ..A ... ... ..T ... ... ... ... ... ... ... ... ... ... ... ..T ..T ..A ..A ..A ... ... ... ... ... ... ... ... ..G ..G ..A ... ..C ... ... ... ... ... ... ... ... ..C ..T G.G ... ..T ... ..C ... ... ... ... ... ... G.. T.A ... ... ... ... ... ... ..G ..T .C. ..T ..T ..T ..T T.. ... ... ... ... ... ... ... ..T ..A ..A ..A ..A ..A ... ... ... ... ..T ... ... ... ... ... ... ... ... T.A ... ... ... ... ... ... ... ... ... ... ... ... ... ... A.T ..T ..T ..T ..T ..A ..A ..A ..C ..C ..C ... ... ... ... ... ... ... ... ..T ..T ..A ... ... ... ..A ... ... ... ... .CG ... ... ..C ..T ..T ..T ..A ..A ..G ... ... ... ... ... ... ... ... ... A.T ... ..G A.. A.T ..T ..T ... ... ..T .CA ..C ..G ... ... ... ... ... ... ... ..T ..C ..C ..C ..C ..C ... ... ... A.A CAA ... ..T ..T A.A G.. ..A ..A ..C ..C ..G ... ... ... ..T ..T ..T ... .C. ... ... A.T C.. ... ... ... ... ..G ..G ..G ..G ... ... ... ... C.A C.. C.. ..A ... ... ... ... ... ..C ... ... ... ... 
Smik                            ... ... ... ... ... ..G ... ..G ... ... ... ... ... ... ... ... ... ... ... ... ... ... ..T ... ..T ..A ... ... ... ... ... ... ... ... ... ..G ... ... ... ... ... ... ... ... ... ... ... ... ..T ..C ..T ... ..T ..T ... ... ..C ..C ... ... ... ... C.. ... ... ... ... ... ... ... ... ..T ... ... ... ..T ..T T.. ... ... ... ... ... ... ... ..T ..A ..A ... ..C ... ... ... ... ... ..T ..A ... ... ... ... ... ... ... T.A ... ... ... ... ... ... ... ... ... ... ... ... ... ... ..T ... ..T ..T ..T ..A ..A ... ..C ..C ... ... ... ... ... ... ... ... ... ... ..C ..T ... ... ..T ..A ... ... ... ... .CG ... ... ..T ..T ... ..A ... ... ... ... ... ... ... ... ... ... ... ... ... ... ... A.. ... ..T ..T ... ... ... ... ... ..C ... ... ... ... ... ... ..T ... ..C ..C ... ... ... ..C ... ..C ... ... ..T ... ..T ... ... ..C ... C.. ... ..A ..A ... ... ... ..T ..T ... ... ... ... ..G ..G ... ... ... ... ... ... ..G ..G ... ... ... ... ..A ..A ... C.. C.. ..A ... ... ... ..C ..C ... ... ... 
Spar                            ... ... ... ... ..G ... ... ..G ... ... ... ... ... ..C ... ... ... ... ... ... ... ... ..T ... ..T ..T ... ... ..C ... ... ... ... ... ... ... ... ... ... ... ... ... ... ... ... ... ... ... ... ... ..T ... ... ..T ... ... ..C ... ... ... ... ... ... ... ... ... ... ... ... ..G ... ... ... ..T ..T ... ..T T.. ... ... ... ... ... ... ... ..G ... ... ... ... ... ... ... ... ... ..T ... ..C ... ... ... ... ... ... ... ... ... ... ... ... ... ... ... ... ... ... ... ... ... ... ... ... ... ..T ..A ..A ... ..C ... ... ..C ..C ... ... ... ... ... ... ... ..C ... ... ... ... ..A ... ... ... ... .C. ... ..G ..T ..C ..T ... ..A ... ... ... ... ... ... ... ... ... ... ... ... ..G ... ... ... ... ... ... ... ... ... ... ..C ... ... ... ... ... ... ... ... ..C ..C ... ... ... ..C ... ..C ... ... ..T ... ..T ..C ... ..C ... C.. ... ... ... ... ... ... ..T ..T ... ... ..C ... ..G ... ... ... ... ... ... ..G ... ... ... ... ... ... C.T ..A ..A C.. ... ... ... ... ... ..C ..C ... ... ... 
Ncas                            ... ... ..G ..G ... ... ... ..G ... ..A ..T ... ... G.. ..C ... ... ... ..C ..G .GT ..A ... ..T ..T ..T ..C ... T.G ..A ... ... ... ... ..G ... ... ... ..A ..A ... ... ... ... ..C ..T G.G G.G ..T ... ..T .A. ... ..T ... ... ... ..C ..C ... ... C.A T.A ..G ... ... ... ... .CT ... ... ... ... ... ..T ..T ... ..T ... ... ... ... ... ..C ..T ..T ... ..T ..A ..A ... ..A ..A ... ... ..T ... .A. ... ... ... ... ... ... ..A ..A ... ... ... ... ... ... ... ..G ..G ..G ..G ..T .CC ..T ..T ..T ..T ... ..A ... ..A ..C ... ... ..C ... ..C ... ... ... ... ... T.. ... ..T ..A ... ... ..T ..T ... ... ... ..G ... ... ..G ..T ..T ..T ... ... ... ..G ..G ... ... ... ... ... ... ... ..C ..T ... A.. ... ... ..T ..A ... .CT ..G ..C ..C ..G ... ... ... ... ... ..T ... ... ... ... ... .T. ..C ..C ..C ..G A.. ..T .GT C.A ..A ..A ..A A.. ..C ... ... ..G ..G ... ..T ... ..T ... ... ..C ... C.. ... ... ... ... ..G A.. ..G C.. ..G ..A ... ... ... ..A ..T C.. ... ... ... ..A ... ... ..C ..C ... ... ... 
Cgla                            ..G ..G ..G .GG ... .TT ... ..G ..G ..G ... ... ... G.A ..C ... .GG G.. ... ..T T.. ..A ..A ..T ..A ..A ..A ..T G.A ... ... ... ... ... ... .AG ... ..G ..A ..A TCC ... ... ..T ... ..C ..C ..T G.T ..T ..C TCT ..T ..T ... ..A ... G.. ..C ... ... ... T.G T.. ... ... ... ..G .CT ..G TT. ..G GCT T.T ... ... ..T T.T ..C ... ... ... ..T ..C ..T ... ... ..T ..T ..A ..A ..A ..A ... ... A.A AAA A.A A.A ... ... ... ... ... ..C ..G ... ... ... ... ... ... ..T ... ... ... ... ... C.G ..T ... ... ... ..T ..A ... ... ... ... ... ... C.A A.C ..C ..C ..C ... ... AGT ..T ..T ... ... ..A ..A ..C ..A ..A ... ..T ..T ... ..T ..T ... ... ..G ..A ..G ... ... ..C ..C ... ... ... ... ... ... ..T ..T ..T ..T ..T ..A AAC ... ..A ..A ... ... ..A ..G ... ... ..T ..T ..T ..T ... ... ..C ... ..C ... ..C ..G ..T GT. AGT ..A C.A AG. ... ..A A.. ... ... ..A ... ..A G.A ..T ..T ..T ... ..C ..C ..C ..G A.. C.. ... ..G C.T ..T ... ... ..G ..T ... ..T ..T C.C ..T C.A C.T C.. C.T ... C.T ..A ... ... ..C ... ... 
Agos                            ... ..G ..G ... ..G CGG ..G ..G .GA C.G ... C.A ..A G.G ..C ..C ..C G.G ..G ..C T.G ..G ..T ... .TG ..T ..C ... G.A .T. GA. GTA ... C.G ... .AG ... .AG C.. G.A TAC ... TCA ... ..T ..C ... G.G ..C G.. ..T GC. G.G ... ... ..C ... C.A ..C ..C ... T.A CGG .AG ..G .CT T.C ..G .CG ..G .CT ..G .CG GCT ..T ... ... ..T ..C ... ..C ..T ..G ..T ATG ..T ... ..T ... ..A ..G ..C ..C ..A ..G ... ..C A.A A.A A.A ..G ... ... ... ..A T.A ... ... ... ..C ..G ..G ..T ... ..C ..G ..G ..C AC. CCT ..T ... ... ... ... ... ... ..C ..C ..C ..C ... TC. ..C ..C ... ..C ... AAG ..G ... ..A ..T ... ... ..A ..C .TG A.G ..C ..T ... ..C ..G ..T ..C ..C ..A ..G ..A ... ..C ... .CC ..A ..A ..C ..G ..T ..T ... ... A.T ..T ..A A.A ..A .G. ..A ..G ..A ... ..C ..C TGC A.A ... ..T ..T ..C ..C ..C ... C.. ..C ..G ..G ATG G.. ..A G.G CAT ..A ..C AGC A.A ... ..G ..G ... ..G ... ..T CCA ... ... ... ... ACC CA. ..G C.T C.. C.T A.. A.T C.. C.. C.G ... ... .AT ..T ..C ..T C.C C.T .CC A.T C.T C.T ... ..C G.G ..C .A. ..C 
Klac                            CGC ..G ... ... ... ..G ... ..G ..A C.A ..T C.T ... G.A ... ..C G.A T.. ..G ..C ... ..T ..T ..T ..A ... .G. ... T.A .TC .AC GTA ... C.T C.T C.T ... .A. ..A G.A TCC ... TC. ..C ..T ..T ... ..T ..T ... ..T .GG ..G ..T ... G.. ... ..A ..C ... ... ..C C.C T.A ... .C. T.C ... .C. ... .CT ..G GCT ..T ..T ..T ..T T.. ... ... ..C ..T ... ... ... ... ..T ..C ..T ... ... ..A ... ..A ... ..T ... A.G ..C ... ... A.A ... ... T.A T.A C.. ... ... TCT ... ..G ..C ..G ... ... ... ..C AC. ..T ... ..T ..T ... ... ... ... ... ..C ..C ..C A.G AG. ... ... ..C ... ... TGC ... ..A ..A ..A ..T ..T ..A ... .G. ..G ..T ..T ... ..T ..T .A. ..T ... ... ... ... ... ... ..G ... ..A ... ... ... ..G ... ..C TG. A.T ... ..T A.C ..A ..T A.G ... ... ... ... ..A ..G A.A ... ..T ... ..C ... ..C ... ..C ..C ..T ..T ..A GTG ..A A.A CAT ... ... ..C A.A ... ... ... ..G ... ... ..T CCT ..T ... ... ... ACG AA. A.C C.. ..G ... A.T GC. ..G A.. ..G ... .AT ... ... A.A ..C ..A C.T ..A C.C C.C ..A ... ..C G.. ..C ..C ... 
Calb                            ... ... ... ... ..G G.. ..T .G. ..A .TT ..T C.A ..A G.. ... ... .G. .GT .AT T.. TTG ... ..T ..T ... ..A ..T T.C .AA .TA ..G GAC ... C.. C.T .A. ... .AG ..A .AA .C. TCA TCA ..T ..T ..T ..G G.T .AT ... ..T .AT ... ... ... ..C ... G.. ... ..A ..C ... GAA GA. ... ... ... ... A.. A.. A.. ... GC. ..T ..T ..T ..T TTT ... ... ..T ... ... ..C .A. T.. ..A ..C ..C ... ..A ..A ... ... ..A AAG A.. .AA AT. ... A.A AAA A.A ... T.. T.G TT. ... ..G ..T ... ... ..T ... A.. ... .C. A.T AC. AG. ..T ... ..T ..T ..A ..A ..A ... ... ..C ... ..A ACC ..C ... ... ... ... T.T T.. ..T ..A ... ..T TTC ..A ..A ..A A.. CC. A.. .AT ..T ..T .AA ... A.. ... ..A ... ... ..A ..C TTG ..A ... ... ... ..G ... ..T A.T A.T ..G ..A AGT TGT T.. ... ..A ... ..A ..C ... ..A ... ..T ... ... ATA ..C ... ..C G.C ..C ..T ... AAT AAA ... A.T C.C AGC ..C ..C GG. G.G ... ... G.A AAC ... ..T CC. ATT ... ... ... ... AA. G.T ... ... ..G ..T AGT C.. CA. ... ..T .A. ..T ... A.T .AT ..A C.T .AT ... ... ..A ..A ..C CCA ... .A. ... 

    2    3    1    2    1    2    1    1    1    1    1    2    1    2    6
    2    1    1    3    1    1    3    1    1    1    2    1    1    1    1
    1    1    2    3    1    1    1    2    2    1    2    2    3    1    1
    2    2    1    1    2    4    1    2    1    2    1    1    1    2    1
    1    2    2    1    1    1    1    1    1    1    2    2    1    1    2
    1    3    2    2    1    1    1    1    1    3    1    3    1    2    1
    1    1    1    3    1    1    4    2    1    1    1    1    1    1    1
    2    2    1    2    2    2    2    4    1    3    2    1    1    2    1
    2    3    1    2    1    4    1    1    1    1    1    1    1    2    1
    1    2    1    1    1    3    2    1    2    5    2    1    1    1    2
    1    1    1    1    1    1    3    1    1    1    1    2    2    2    1
    2    2    1    2    1    1    1    1    1    1    2    1    3    1    3
    1    1    2    1    1    4    1    1    1    2    1    1    2    1    1
    2    1    1    2    1    2    2    1    2    3    1    1    2    2    2
    2    2    3    2    5    3    2    1    2    3    1    1    2    3    1
    1    1    1    3    1    2    1    3    2    1    1    1    1    3    1
    2    1    1    1    2    2    2

CODONML (in paml version 4.9j, February 2020)  temp.nuc
Model: One dN/dS ratio, 
Codon frequency model: Fequal
ns =   9  ls = 394

Codon usage in sequences
--------------------------------------------------------------------------------------------------------------------------------------
Phe TTT   8   7   6   6   8  14 | Ser TCT  18  12  13  16   7   9 | Tyr TAT   8   2   5   4   7  16 | Cys TGT   5  13  12  11  14  10
    TTC   7   8   9   9   8   4 |     TCC   6   4   9  10   4   4 |     TAC   7  15  12  13   7   2 |     TGC  10   0   3   4   3   5
Leu TTA  17  10  16  15  13   7 |     TCA   3   7   6   2   7  10 | *** TAA   0   0   0   0   0   0 | *** TGA   0   0   0   0   0   0
    TTG  13  14  13  12  13  12 |     TCG   2   2   0   0   6   1 |     TAG   0   0   0   0   0   0 | Trp TGG   3   3   3   3   3   3
--------------------------------------------------------------------------------------------------------------------------------------
Leu CTT   2   2   4   4   0   7 | Pro CCT   8   7   9   9  11  12 | His CAT   2  11   8   8   9   3 | Arg CGT  12  13   9  11  11   5
    CTC   0   0   0   0   0   3 |     CCC   0   0   1   0   1   1 |     CAC   9   0   3   1   4   5 |     CGC   1   0   0   2   0   0
    CTA   0   3   0   0   9   2 |     CCA   9  17  12   8  11  10 | Gln CAA  11   8   9  10  10   4 |     CGA   0   0   4   0   0   0
    CTG   1   2   2   2   1   3 |     CCG   6   0   2   7   3   3 |     CAG   0   2   0   1   0   6 |     CGG   0   0   0   0   0   0
--------------------------------------------------------------------------------------------------------------------------------------
Ile ATT  12  19  16  16  12  14 | Thr ACT   4   6   6   7   7   7 | Asn AAT  11  14  11   9   4   2 | Ser AGT   7   5   7   7   8   8
    ATC   3   6   5   3   7  10 |     ACC   6   4   4   5   7   0 |     AAC   5   2   5   7   9  12 |     AGC   0   2   0   0   0   0
    ATA  15   8   8  11   4   3 |     ACA   6  12   8   6   5  11 | Lys AAA  13  12  10  11  11   6 | Arg AGA  10   9   9  10  12  14
Met ATG   2   2   2   2   3   2 |     ACG   4   0   2   2   2   0 |     AAG   1   3   4   3   5  11 |     AGG   3   4   4   3   1   5
--------------------------------------------------------------------------------------------------------------------------------------
Val GTT  10  12  11   9   6  13 | Ala GCT   3   7   8   3  16   6 | Asp GAT  13  18  18  12  20  14 | Gly GGT  19  17  21  18  20  15
    GTC   4   3   2   5   8   2 |     GCC   8   5   4   9   5   5 |     GAC   9   3   4  10   5  10 |     GGC   1   1   1   1   0   5
    GTA   4   1   4   3   3   8 |     GCA   2   9   6   8   3  13 | Glu GAA  25  31  30  30  17  22 |     GGA   6   6   3   4   2   2
    GTG   6   6   6   7   6   3 |     GCG   7   4   4   2   0   0 |     GAG   6   0   1   1  11   5 |     GGG   1   1   0   2   5   5
--------------------------------------------------------------------------------------------------------------------------------------

--------------------------------------------------------------------------------------
Phe TTT   4   2   9 | Ser TCT   6  20   9 | Tyr TAT   7   6   6 | Cys TGT   6  11   9
    TTC  10  11   9 |     TCC   3   5   7 |     TAC   9  10  12 |     TGC   6   2   0
Leu TTA   4  11  12 |     TCA   5   4   9 | *** TAA   0   0   0 | *** TGA   0   0   0
    TTG   2   7  16 |     TCG  10   2   0 |     TAG   0   0   0 | Trp TGG   3   3   3
--------------------------------------------------------------------------------------
Leu CTT   8   1   1 | Pro CCT   8  14   6 | His CAT   7  13   9 | Arg CGT   3  14   3
    CTC   1   6   0 |     CCC   3   2   8 |     CAC   6   0   0 |     CGC   5   3   0
    CTA   6   1   1 |     CCA   7  13  12 | Gln CAA   5   6  14 |     CGA   0   0   3
    CTG   3   0   0 |     CCG  10   0   0 |     CAG   6   2   0 |     CGG  10   0   0
--------------------------------------------------------------------------------------
Ile ATT  13  15  24 | Thr ACT   3   5   8 | Asn AAT   0   7  17 | Ser AGT   2   3  12
    ATC   8   9   5 |     ACC   5   1   5 |     AAC  10   3   2 |     AGC   3   0   2
    ATA   6   8   6 |     ACA   3   7   4 | Lys AAA   9  15  26 | Arg AGA   9   6   9
Met ATG   7   5   4 |     ACG   8   8   1 |     AAG  12   8   4 |     AGG   0   4   0
--------------------------------------------------------------------------------------
Val GTT   5  13   7 | Ala GCT   2   9   5 | Asp GAT  10  12  23 | Gly GGT   5  23  11
    GTC   4   2   2 |     GCC  10   0   1 |     GAC  21  14   8 |     GGC  11   0   2
    GTA   8   4   7 |     GCA   6  10  10 | Glu GAA   6  14  20 |     GGA   7   3   4
    GTG   8   5   3 |     GCG   9   1   1 |     GAG  15   9   2 |     GGG   6   2   1
--------------------------------------------------------------------------------------

Codon position x base (3x4) table for each sequence.

#1: Scer           
position  1:    T:0.27157    C:0.15482    A:0.25888    G:0.31472
position  2:    T:0.26396    C:0.23350    A:0.30457    G:0.19797
position  3:    T:0.36041    C:0.19289    A:0.30711    G:0.13959
Average         T:0.29865    C:0.19374    A:0.29019    G:0.21743

#2: Sbay           
position  1:    T:0.24619    C:0.16497    A:0.27411    G:0.31472
position  2:    T:0.26142    C:0.24365    A:0.30711    G:0.18782
position  3:    T:0.41878    C:0.13452    A:0.33756    G:0.10914
Average         T:0.30880    C:0.18105    A:0.30626    G:0.20389

#3: Smik           
position  1:    T:0.27157    C:0.15990    A:0.25635    G:0.31218
position  2:    T:0.26396    C:0.23858    A:0.30457    G:0.19289
position  3:    T:0.41624    C:0.15736    A:0.31726    G:0.10914
Average         T:0.31726    C:0.18528    A:0.29272    G:0.20474

#4: Spar           
position  1:    T:0.26650    C:0.15990    A:0.25888    G:0.31472
position  2:    T:0.26396    C:0.23858    A:0.30457    G:0.19289
position  3:    T:0.38071    C:0.20051    A:0.29949    G:0.11929
Average         T:0.30372    C:0.19966    A:0.28765    G:0.20897

#5: Ncas           
position  1:    T:0.25381    C:0.17766    A:0.24619    G:0.32234
position  2:    T:0.25635    C:0.24112    A:0.30203    G:0.20051
position  3:    T:0.40609    C:0.17259    A:0.27157    G:0.14975
Average         T:0.30541    C:0.19712    A:0.27327    G:0.22420

#6: Cgla           
position  1:    T:0.24619    C:0.16244    A:0.26650    G:0.32487
position  2:    T:0.27157    C:0.23350    A:0.29949    G:0.19543
position  3:    T:0.39340    C:0.17259    A:0.28426    G:0.14975
Average         T:0.30372    C:0.18951    A:0.28342    G:0.22335

#7: Agos           
position  1:    T:0.19036    C:0.22335    A:0.24873    G:0.33756
position  2:    T:0.24619    C:0.24873    A:0.31218    G:0.19289
position  3:    T:0.22589    C:0.29188    A:0.20558    G:0.27665
Average         T:0.22081    C:0.25465    A:0.25550    G:0.26904

#8: Klac           
position  1:    T:0.23858    C:0.19036    A:0.26396    G:0.30711
position  2:    T:0.25381    C:0.25635    A:0.30203    G:0.18782
position  3:    T:0.42640    C:0.17259    A:0.25888    G:0.14213
Average         T:0.30626    C:0.20643    A:0.27496    G:0.21235

#9: Calb           
position  1:    T:0.25635    C:0.14467    A:0.32741    G:0.27157
position  2:    T:0.26904    C:0.21827    A:0.36294    G:0.14975
position  3:    T:0.40355    C:0.15990    A:0.34772    G:0.08883
Average         T:0.30964    C:0.17428    A:0.34602    G:0.17005

Sums of codon usage counts
------------------------------------------------------------------------------
Phe F TTT      64 | Ser S TCT     110 | Tyr Y TAT      61 | Cys C TGT      91
      TTC      75 |       TCC      52 |       TAC      87 |       TGC      33
Leu L TTA     105 |       TCA      53 | *** * TAA       0 | *** * TGA       0
      TTG     102 |       TCG      23 |       TAG       0 | Trp W TGG      27
------------------------------------------------------------------------------
Leu L CTT      29 | Pro P CCT      84 | His H CAT      70 | Arg R CGT      81
      CTC      10 |       CCC      16 |       CAC      28 |       CGC      11
      CTA      22 |       CCA      99 | Gln Q CAA      77 |       CGA       7
      CTG      14 |       CCG      31 |       CAG      17 |       CGG      10
------------------------------------------------------------------------------
Ile I ATT     141 | Thr T ACT      53 | Asn N AAT      75 | Ser S AGT      59
      ATC      56 |       ACC      37 |       AAC      55 |       AGC       7
      ATA      69 |       ACA      62 | Lys K AAA     113 | Arg R AGA      88
Met M ATG      29 |       ACG      27 |       AAG      51 |       AGG      24
------------------------------------------------------------------------------
Val V GTT      86 | Ala A GCT      59 | Asp D GAT     140 | Gly G GGT     149
      GTC      32 |       GCC      47 |       GAC      84 |       GGC      22
      GTA      42 |       GCA      67 | Glu E GAA     195 |       GGA      37
      GTG      50 |       GCG      28 |       GAG      50 |       GGG      23
------------------------------------------------------------------------------


Codon position x base (3x4) table, overall

position  1:    T:0.24901    C:0.17090    A:0.26678    G:0.31331
position  2:    T:0.26114    C:0.23914    A:0.31105    G:0.18866
position  3:    T:0.38127    C:0.18387    A:0.29216    G:0.14270
Average         T:0.29714    C:0.19797    A:0.29000    G:0.21489

Codon frequencies under model, for use in evolver (TTT TTC TTA TTG ... GGG):
  0.01639344  0.01639344  0.01639344  0.01639344
  0.01639344  0.01639344  0.01639344  0.01639344
  0.01639344  0.01639344  0.00000000  0.00000000
  0.01639344  0.01639344  0.00000000  0.01639344
  0.01639344  0.01639344  0.01639344  0.01639344
  0.01639344  0.01639344  0.01639344  0.01639344
  0.01639344  0.01639344  0.01639344  0.01639344
  0.01639344  0.01639344  0.01639344  0.01639344
  0.01639344  0.01639344  0.01639344  0.01639344
  0.01639344  0.01639344  0.01639344  0.01639344
  0.01639344  0.01639344  0.01639344  0.01639344
  0.01639344  0.01639344  0.01639344  0.01639344
  0.01639344  0.01639344  0.01639344  0.01639344
  0.01639344  0.01639344  0.01639344  0.01639344
  0.01639344  0.01639344  0.01639344  0.01639344
  0.01639344  0.01639344  0.01639344  0.01639344


TREE #  1:  (((((1, 4), (3, 2)), 5), 6), ((7, 8), 9));   MP score: 1251
This is a rooted tree.  Please check!
lnL(ntime: 16  np: 18):  -6743.912980      +0.000000
  10..11   11..12   12..13   13..14   14..1    14..4    13..15   15..3    15..2    12..5    11..6    10..16   16..17   17..7    17..8    16..9  
 0.416592 0.565527 0.287228 0.077277 0.206837 0.076192 0.041614 0.086480 0.417577 0.512989 0.967743 0.357987 0.611171 2.046284 0.745597 3.818866 1.391858 0.045393

Note: Branch length is defined as number of nucleotide substitutions per codon (not per neucleotide site).

tree length = 11.235961

(((((1: 0.206837, 4: 0.076192): 0.077277, (3: 0.086480, 2: 0.417577): 0.041614): 0.287228, 5: 0.512989): 0.565527, 6: 0.967743): 0.416592, ((7: 2.046284, 8: 0.745597): 0.611171, 9: 3.818866): 0.357987);

(((((Scer: 0.206837, Spar: 0.076192): 0.077277, (Smik: 0.086480, Sbay: 0.417577): 0.041614): 0.287228, Ncas: 0.512989): 0.565527, Cgla: 0.967743): 0.416592, ((Agos: 2.046284, Klac: 0.745597): 0.611171, Calb: 3.818866): 0.357987);

Detailed output identifying parameters

kappa (ts/tv) =  1.39186

omega (dN/dS) =  0.04539

dN & dS for each branch

 branch          t       N       S   dN/dS      dN      dS  N*dN  S*dS

  10..11     0.417   867.9   314.1  0.0454  0.0211  0.4644  18.3 145.8
  11..12     0.566   867.9   314.1  0.0454  0.0286  0.6304  24.8 198.0
  12..13     0.287   867.9   314.1  0.0454  0.0145  0.3202  12.6 100.6
  13..14     0.077   867.9   314.1  0.0454  0.0039  0.0861   3.4  27.1
  14..1      0.207   867.9   314.1  0.0454  0.0105  0.2306   9.1  72.4
  14..4      0.076   867.9   314.1  0.0454  0.0039  0.0849   3.3  26.7
  13..15     0.042   867.9   314.1  0.0454  0.0021  0.0464   1.8  14.6
  15..3      0.086   867.9   314.1  0.0454  0.0044  0.0964   3.8  30.3
  15..2      0.418   867.9   314.1  0.0454  0.0211  0.4655  18.3 146.2
  12..5      0.513   867.9   314.1  0.0454  0.0260  0.5718  22.5 179.6
  11..6      0.968   867.9   314.1  0.0454  0.0490  1.0787  42.5 338.8
  10..16     0.358   867.9   314.1  0.0454  0.0181  0.3990  15.7 125.3
  16..17     0.611   867.9   314.1  0.0454  0.0309  0.6813  26.8 214.0
  17..7      2.046   867.9   314.1  0.0454  0.1035  2.2810  89.9 716.4
  17..8      0.746   867.9   314.1  0.0454  0.0377  0.8311  32.7 261.0
  16..9      3.819   867.9   314.1  0.0454  0.1932  4.2568 167.7 1336.9

tree length for dN:       0.5685
tree length for dS:      12.5245


Time used:  0:13
