      9   1179

Scer                            CAT GGT TTC ATT CCC ATG ATC CAT GAT AGT ACT GAA GGT ATC ACG AAA TAT ACG TTA TCT CAG ATA GCA ATG GTA TTA TTG GAT GGT AAT ATT GGT AAT GTG GTG GAA GGT AAT CTA CAT TTG AAT GAA AAA CAG ATA TTT TCG TAC AAT ATT CAA TTA ACA GGA TCG TCG GTG GGA GGG GTG GAG GGT GCA GAA CAA TCC AAT GGT GTC GAA AGA ATG AGA TTT TCT ACA CTT GCC GCT AAT TAT ATT CAA CAT GAA CCA GCG TTC AAT TTG GAT ATC CCC GAA TAT ATA ATG GAA AAG AAG TCG ATA CGC ATC GAA GCT GAT AGC TTG GAG TTG GAA GTT GGT CAG ATG CAA ACA GAT GAA GAC GAT GAT GAC CAT GGA TTA ACT GCC ACT ACC GGT GGT GGA GAT ACG AGC GGT GGT GCT GCT CAT ATC GAT ACT GGT AAC GAA AGG AAT AGA TTT CCC GCT TTT AAG TTG GAG GGT GAG CAC GAT ACG GTG GGT GAC GAT AAG GGA GTT CCC GAG CAG ATT ATT ATC AGA TCT GAT GAT AAC GAT AAA CAG TCT GAT TAT TAC AAG GCA GAA ATT ACC AAC AAA ATT TGC GAA GAG GAC GGA ATG GTG CTT CGC GGA GCT ATT AAA CAT AAG TAC ACG GGT CCT CTG GAC ATT AAC ATG TAC GGT ATA CAA GAT AAA GGA TAC TCC TTG GAA GGG TTG TTG TTG ACC CCA CAA ATG ACA TTG CGA CAA GAA GGA AGA GCC GAT AAA ACG TCT ATG GGT GTG GGT GGG AGA CGT TCT GCA TTA TTG GCT CAG ATA ATG CGT CTA TTG CAA TGT CTG CAG TTA GCA TTC GAC CTA TCC TTC TTA AAG TTT TTT CAA GAA AGA GTG AAG TTA TCT TGG ATA TGC TTT ATT TTG AAT TAC TAT GAA TTT AAG TTT AGA GTG GAT ACT GGT GCT AGA AAA GCT CGT TCG CAG TTT GTG TTG GAA GCA ACA CTG AAC GTT CCT ACA CCA ATA TTA TAC ACC GCT TAC GGA CAA GGT CAA CCC CAC GGT AGG CAA CCT GAG TTT GTG TAT TTG ATG TAT CAT GTT GAA ACG ATC ATC ACG GAG TAT GAA ACC AAG ACA CAT GGT AGG CCA TGT TCG TTT ATT ATT ACT AAT GGT GAT AAG ACT CAT AAT GCT AAC GAA AAT TCC AAA ATA GCT ATT TCG AGA 
Sbay                            CAT GGT TTC ATT CCC ATG ATC CAT GAT AGC ACC GAA GGT ATC ACT AAG TAT ACG TTA TCC CAG ATA GCA ATG GTA TTA TTG GAC GGT AAC ATT GGT AAC GTG GTG GAG GGT AAT CTA CAT TTG AAT GAA AAA CAA ATA TTC TCA TAT AAC ATC CAG CTG ACA GGA TCG TCG GTC GGC GGA GTG GAA GGC GCA GAA CAA ACC AAT GGT GTC GAA AGA ATG AGA TTC TCT ACT CTT GCC GCT AAC TAT ATT CAA CAT GAA CCA GCT TTC AAT CTA GAC ATC CCC GAA TAT ATA ATG GAA AAG AAG TCG ATA CGC ATC GAA GCC GAC AAT TTG GAG CTG GAA GTT GGT CAG ATG CAA ACA GAC GAA GAC GAT GAT GTC CAT GGA TTA ACT GCT ACT ACA GGT GGT GGT GAC ACG AAT GGC GGT GCA GCT CAT ATC GAC ACC GGG AAC GAA AGG AAC AGA TTC CCC GCC TTC AAA TTG GAG GGG GAG CAT GAC ACT GTG GGT GAT GAC AAA GGT GTT CCC GAG CAG ATC ATC ATC AGA TCT GAC GAC AAT GAT AAA CAG TCT GAT TAC TAC AAG GCT GAA ATC ACT AAT AAG ATT TGC GAG GAG GAC GGT ATG GTC CTT CGC GGT GCT ATC AAA CAC AAG TAC ACG GGG CCT TTA GAC ATC AGC ATG TAC GGC ATA CAA GAT AAA GGA TAT TCC TTG GAA GGA TTG TTA CTG ACT CCA CAG ATG ACA TTG AGA CAG GAA GGA AGA GCC GAT AAG ACT TCC ATG GGT GTG GGG GGG AGA CGT TCT GCT TTG TTG GCT CAG ATA ATG CGG CTG TTG CAG TGT TTA CAG TTA ATA TTC GAG TTA TCG TTC TTA AAG TTT TTC CAG GAA AGA GTG AAG CTG TCC TGG ATA TGC TTC ATT TTG AAT TAC TAC GAA TTC AAG TTT AGA GTG GAC ACC GGT GCT AGA AAA GCC CGT TCA CAG TTC GTG CTG GAA GCT ACA TTA AAT GTT CCT ACA CCA ATA CTG TAC ACA GCC TAT GGT CAG GGC CAG CCC CAC GGT AGG CAG CCT GAA TTC GTG TAT TTG ATG TAC CAT GTC GAG ACG ATC ATC ACG GAG TAC GAG ACA AAG ACT CAC GGT AGA CCC TGT TCG TTC ATC ATT ACT AAT GGT GAC AAG ACT CAT AAT GCT AAT GAG AAT TCA AAA ATA GCT ATT TCA AGA 
Smik                            CAC GGT TTC GAA CCC ATG ACT CAT GAT AGT ACT GAG GGT ACT ACG AAG TAT ACG TTA TCC CAG ATA GCA ATG GTA CTA TTA GAT GGT AAT GAA GGT AAT GTG GTT GAA GGT AAT ATG CAC TTA TTA GAA AAA CAG ATA TTT TTT TAT AAC GTA CAA TTG ACG GGT TCA TCA GTT GGG GGA ATT GAG ACC TCT GAG CAA TCC AAC GGT GTC GAG AGA ATG AGG TTC GGG ACG CTC GCC GCT AAC TAT GAA CAG CAT GAA CCA GCG TTC AAT CTA GAC ATC CCT GAG TAT GTG ATG GAG AAG GAG TCG ATA CGC ATC GAG GCC GAC AAT TTG GAG TTA GAA ATT GGT CAG ATG CAA ACA GAT GCA GAC GAT GAT GGT CAT GGT TTA ACG GCA ACT ACG GGT GGT TCC GAT ACG AAT GGT GGT GCT AAT CAT ATC GAT ACT GGA AGT GAA AGG AAT AGA TTC CCT GAT TTC AAG TTA GAG GGA GAA CAT GAT ACG GTG GGT GAT GAT AAA GGG ATT CCA GAG CAG CTG ATT ATT AGG GGG GAT GAT GGG GAT AAA CAG GGG GAT TAT TAC ATG GCT GAA ATT ACA AAC AAG ATT TGC GAA GAG GAC GGT ATG GTT CTC CGC GGG GCT CTG AAA CAT AAG TAT ACG GGA CCT TTA GAC ATT AAA ATG TAT GGT ATA CAA GAT AAA GGC TAT TCC TTG GAA GGA TTG TAC CTG ACA CCA CAA ATG ACA TTA CGA CAG GAG GGC AGG GCA GAT AAA ACG TCC ATG GGT GTG GGA GGG AGA CGC GGG GCT TTG TTA GCT GAA ATA ATG CGT CTA TTA CAA TGT CTT CAG TTA GAA ATA GAA TTC TCG TTC TTA TCT TTC TTT CAG GAA AGA ATT ATG TTG TCC TGG ATA TGC TTC ATT TTG AAT TAC TAC GAG TTT AAG TTC AGA GTG GAT ACT GGT GCT AGA AGG GCC CGC AAG CAG TTC GTT CTG GAA GCT ACA CTT GGG ATT CCT ACA CCA GTG TTG TAT ACG GCC TAT GGT CAG ACC CAA CCC CAC GGT AGA CAG CCT GAG TTT ATT TAT TTA ATG TAC CAT GTT AAT ACG ATC ATC ACG GAG TAC CAA ACG AAG ACG CAT GGT AGG CCC TGT TCG TTT CTG ATT ACC CAA GGT GAT TCT ACT CAT CAA GCT AAC CAA AAT TCC AAA ATA GCT ATT TTT AGA 
Spar                            CAT GGT TTT ATT CCC ATG ATT CAT GAT AGT ACT GAA GGT ATT ACA AAG TAT ACA TTA TCC CAG ATA GCA ATG GTT TTA TTA GAC GGT AAC ATT GGT AAC GTG GTG GAA GGT AAT CTA CAT TTG AAT GAA AAA CAG ATA TTT TCG TAC AAT ATT CAA TTA ACA GGA TCA TCA GTG GGA GGG GTG GAA GGT GCA GAA CAA TCC AAT GGT GTC GAA AGA ATG AGA TTC TCA ACG CTT GCC GCT AAT TAT ATT CAG CAT GAA CCA GCG TTC AAT TTA GAC ATT CCC GAA TAT ATA ATG GAA AAG AGG TCG ATA CGC ATC GAA GCC GAC AGT TTG GAA TTG GAA GTT GGT CAG ATG CAA ACT GAT GAA GAC GAT GAT GGT CAT GGA TTA ACT GCC ACT ACA GGT GGT GGG GAC ACG AGT GGT GGT GCC GCT CAT ATC GAT ACT GGC AAC GAA AGG AAT AGA TTT CCC GCT TTT AAA TTA GAG GGC GAG CAC GAC ACA GTG GGT GAC GAT AAG GGA GTT CCC GAG CAG ATC ATT ATC AGA TCA GAT GAT AAT GAT AAA CAG TCA GAT TAC TAC AAG GCA GAA ATT ACC AAC AAA ATT TGC GAA GAG GAC GGT ATG GTG CTT CGC GGA GCT ATC AAA CAT AAG TAC ACA GGC CCT TTA GAC ATT AGC ATG TAC GGT ATA CAA GAT AAA GGG TAC TCC TTG GAA GGG TTA TTG TTG ACC CCA CAA ATG ACA TTA CGA CAA GAA GGG AGA GCC GAT AAA ACA TCC ATG GGT GTG GGC GGG AGA CGT TCA GCA TTA TTA GCT CAG ATA ATG CGT CTA TTG CAA TGT CTA CAG TTA GCC TTT GAC CTA TCG TTC TTA AAA TTT TTT CAA GAA AGA GTG AAG TTA TCT TGG ATA TGC TTC ATT TTG AAT TAC TAC GAA TTT AAG TTT AGA GTG GAT ACT GGT GCT AGA AAA GCC CGT TCG CAG TTC GTG TTG GAA GCA ACA CTA AAT GTT CCT ACA CCA ATA TTA TAC ACA GCC TAC GGT CAA GGT CAA CCG CAC GGT AGA CAA CCT GAA TTT GTG TAT TTA ATG TAT CAT GTC GAA ACA ATT ATT ACA GAG TAC GAA ACA AAG ACG CAT GGT AGG CCA TGT TCG TTT ATC ATT ACT AAC GGT GAT AAA ACT CAT AAC GCT AAC GAA AAT TCC AAA ATA GCT ATT TCG AGA 
Ncas                            CAT GGG TTC ATA CCC TCG ATT CAT GAT AGT CCC GAA GGG ATT ACT AAA TAT ACA TTG AGT CAA ATT GCT TCA GTG CTA CTA GAC GGT AAC ATA GGT AAC GTT GTG AAA GGG AAT TTA CAT TTA AAT GAA AAA CAG ATA TTT AGT TAT AAT GTA CAA CTA ACA GGG TCC TCC GTG GGA GGG GTC GAA GGG GCG GAA CAG TCC AAT GGG GTC GAA AGA ATG AGG TTT TCT ACC CTT GCT GCT AAT TAT ATA CAA CAC GAA CCA GCA TTT AAT TTA GAT ATC CCC GAA TAT TTG TCG GAA AAG GAA TCC ATT CGT ATC GAA GCT GAT AAT TTA GAA TTG GAA GTG GGG CAA ATG CAA ACT GAT GAA GAT GAT GAT GTC CAT GGG CTC ACT GCT ACT ACA GGT GGT GGC GAC ACG AAT GGA GGG GCC GCA CAT ATC GAC CCC GGT AAC TCT AGA AAC AGA TTC CCC GCG TTC AAA CTA GAA GGT GAA CAT GAC ACT GTT GGT GAT GAC AAG GGT GTG CCA GAA CAA ATT ATT ATT AGG TCT GAC GAC AAC GAT AAA CAG TCT GAT TAC TAT AAG ACT GAA ATT ACT CAA AAA ATT TGT GAA GAA GAT GGT ATG GTG CTT CGT GGT GCT ATT AAA CAT AAA TAT ACA GGT CCA TTA GAC ATC GAC TCG TAT GGA ATA CAG GAT AAA GGT TAT TCT TTA GAA GGG TTG TTA TTG ACT CCA CAA TCG ACT CTA AAA CAA GAA GGT AGG GCT GAT AAA ACT AGT ATG GGT GTT GGT GGA AGA CGT TCT ACT TTA CTA GCT AAA ATT ATG CGT TTA TTA CAA TGT TTA CAA TTA GAA TTC GAA CTG TCC TTC TTA AAA TTC TTT CAA TCT AGA GTC AAG CTA TCT TGG ATA TGT TTC ATT TTA AAT TAC TAT GAA TTC AAG TTC AGA GTT GAT CCC GGG GCT AGA AAG GCT CGT TCG CAG TTC GTG TTG GAA ACT GTA TTA AAC GTG CCT GTA CCT TTG CTA TAT ACA GCT TAT GGT CAA GGG CAA CCC CAT GGT AGA CAA CCA GAA TTT GTC TAT CTA TCG TAT CAT GTC GAG ACA ATC ATC ACA GAA TAT GAG ACA AAG ACC CAT GGT AGA CCA TGC TCC TTC ATT ATT ACT AAT GGG GAC AAA ACT CAT AAT GCA AAT GAG AAT TCC AAA ATA GCT ATT AGT AGA 
Cgla                            CAT GGT TTT ATC CCT TCA ATA CAC GAC AGC ACC GAG GGT ATA ACA CCC TAC ACC CTG TCT CAG ATT GCG TTC GTT CTG CTG GAC GGT AAC ATC GGT AAC GTA GTC AAC GGT AAC CTG CAT TTG AAT GAA AAG CAG ATC TTC ACC TTC AAC ACT CAG GTC ACA GGT TCC TCC GTG GGG GGA GTT GAG GGT GCA GAG CAA TCC AAC GGT GTA GAA AGA ATG AGA TTT TCA ACT TTG GCG GCC AAC TAC ATC CAA CAT GAA CCA GCC TTC AAT TTG GAT ATC CCC GAG TAT ATC TCA GAA AAG GAT TCC ATT AGA ATA GAA GCA GAC GGC TTG GAA TTG GAA GTT GGT CAA ATG CAG ACT GAC GAA GAC GAC GAT GAG CAT GGT CTG TCT GCC ACC ACT GGG GGT GAC GAC ACG GGC GGT GGT GCA GCC CAC ATA GAC ACC GGT CAC CGG CGG AAC AGA TTC CCC GCA TTC AAG CTG GAG GGT GAA CAC GAC ACA GTA GGT GAT GAT AAA GGT GTT CCT GAG CAA ATT ATC ATC AGA TCA GAT GAC AAC GAC AAG CAG TCA GAT TAC TAC AAG GCT GAA ATC ACT CAA AAG ATT TGT GAT GAG GAT GGA ATG GTG TTG AGA GGT GCT ATT AAA CAT AAA TAC ATT GGT GCG TTG GAC ATC GAC TCA TAC GGT ATC CAA GAT AAA GGT TTC TCT TTG GAG GGA TTG TTG TTA ACT CCC CAG TCA ACT CTG AAG CAG GAA GGT CGA GCC GAC AAG ACA TCT ATG GGT GTA GGT GGG CGT AGG TCA GCT CTG CTG GCA AGG ATT ATG CGC TTG TTG CAG TGT CTG CAA CTA GAT TTT GAG TTG TCG TTC CTA AAA TTC TTC CAG CGG AGA GTT AAG GTC TCT TGG ATC TGT TTT ATA TTG AAT TAC TAC GAA TTT AAG TTC AGA GTA GAC ACC GGT GCT AGA AAG GCA AGG ACC CAG TTT GTC TTA GAA GCT GCG CTG AAC GTT CCT GCG CCT ATC GTC TAC ACT GCA TTC GGA CAA GGT CAG CCA CAC GGT AGG CAA GCG GAG TTC GTT TAT CTG TCA TAT CAC GTG GAA ATT ATC ATC ACC GAG TAC GGA ACT AAG ACT CAC GGT AGG CCT TGT TCC TTT ATT ATA ACG AAT GGT GAT AAA ACC CAC AAT GCG AAC GGA AAC TCC AAA ATC GCT ATT ACC CGT 
Agos                            CAT GGT TTT ATC CCG ACC ATG CAC GAT AGC CCG CAG GGT ATG ACA CGC TTT ACG TTG TCT CAG ATA GCG CAG GTC TTG CTC GAC GGC AGT ATC GGC AGT GTG GTT CGT GGT AAC CTA CAT CTT AAC GAG AAG CAA ATA TTC ACA TAC AAC GTG CAG CTT ACC GGC TCG TCG GTG GGC GGC GTT GAG GGA GCA GAG CAG ACG AAC GGT GTG GAA CGC ATG CGC TTT TCG ACA CTA GCG GCG AAC TTT ATC CAG CAT GAG CCG GCC TTT AAC GTC GAT ATT CCG GAG TAC CTA ACC GAA AAG GAG GCT ATA AAG ATC GAA GCG GAC TCG CTA GAG TTG GAG GTA GGT CAA ATG CAA ACC AAC GAG GAC GAC GAC GAG CAT GGC TTG ACC GCA ACT ACT GGT GGC GGC GAC ACG TCG GGT GGT GCG GCA CAC ATC GAC CCG GGG AAT GCG CGC TCA CGC TTC CCG GCT TTC AAG CTC CAG GGG GAG CAC GAC ACA GTG GGC GAT GAC AAG GGG GTA CCG GAG CAA ATT ATC ATC CGC TCG GAC GAC AAC GAC AAG CAG TCG GAC TAT TAC AAG GCG GAG ATC ACC CAG AAG ATC TGT GAA CAG GAC GGC ATG GTG CTA AAG GGG GCC ATT AAG CAC AAG TAC ACG GGG CCG CTG GAC ATT GAC ACC TAC GGT ATA CAG GAT AAG GGG TAC TCC CTA GAA GGC CTG CTG CTA ACC CCG CAG ACC ACG CTC AAG CAG GAG GGG CGT GCG GAC GCA ACA TCT ATG GGT GTG GGG GGC CGC CGC TCG GCG CTC CTC GCG AAA ATA ATG CGC CTG CTT CAA TGC CTG CAA TTG AGC TTC GAC CTG TCG TTC TTG AAG TTT TTC CAG GCG CGC GTT AAG CTT TCT TGG ATC TGT TTT ATC CTC AAC TAC TAC GAG TTC AAG TTT CGC GTG AAC CCG GGT GCC CGG AAA GCG CGC TCT CAG TTT GTT CTA GAG GCG ACG CTG AAC GTA CCG ACG CCC CTA CTT TAC ACT GCG TAC GGC CAG GGA CAG CCG CAC GGC CGC CAG CCG GAG TTT GTT TAC CTC ACC TTC CAC GTG GAG ACG ATT ATT ACG GAG TAC GAG ACT AAG ACA CAC GGC AAA CCG TGT GCT TTC ATT ATC ACG AAC GGT GAC AAG ACT CAC AAC GCA AAC GAG AAC TCT AAG ATC GCC ATC ACA CGC 
Klac                            CAT GGT TTT ATA CCT TCG TTG CAC GAC AGT CCT GAG GGT TTG ACC AAG TAT ACT TTA TCC CAA ATT GCA ACT GTC TTG TTG GAT GGT TCG ATA GGT TCG GTT GTT AAG GGT AAC CTT CAT TTG AAT GAG AAA AGA ATC TTC ACT TAC AAT ACC CAA TTG ACA GGT TCG TCG GTC GGA GGA GTG GAG GGC GCC GAA CAG ACC AAC GGT GTG GAG AGA ATG CGT TTC TCA ACT TTA GCA GCC AAT TAT ATA CAA CAC GAA CCA GCA TTT AAC GTA GAT ATC CCA GAA TAT TTG TCG GAG AGA GAG GCA ATT AAG ATC GAG GCA GAT AAC TTA GAA TTG GAA GTG GGT CAA ATG CAA ACT GAC GAA GAT GAC GAT GAG CAT GGT TTG ACA GCC ACC ACT GGG GGT GGA GAT ACT AAC GGT GGT GCA GCA CAT ATC GAT CCT GGT AAC TCC AGG GCT AGA TTC CCA GCT TTC AAA TTG AAT GGT GAA CAT GAT ACC GTT GGT GAT GAT AAG GGT GTG CCT GAG CAA ATT ATT ATT CGT TCA GAT GAT AAC GAC AAA CAA TCA GAT TAC TAC AAG GCC GAA ATT ACC CAA AAA ATT TGT GAG AAT GAT GGT ATG GTC TTA AAG GGT GCT ATT AAG CAT AAA TAC ACG GGT CCT CTA GAT ATC CAG TCG TAC GGT ATC CAG GAT AAG GGT TAC TCC TTA TCT GGA TTA TTA CTT ACC CCC CAA TCG ACT TTG AGA CAA GAG GGT AGA GCC GAC ACG ACC TCC ATG GGT GTT GGT GGG AGA CGT TCA GCC TTG TTG GCT AAG ATT ATG AGA TTG TTG CAG TGT TTA CAA TTG GAT TTC GAG CTC TCT TTC TTG AAA TTC TTT CAA TCC AGA GTG AAG TTG TCT TGG ATT TGT TTC ATC TTA AAC TAC TAC GAG TTC AAA TTC AGA GTT GAC CCT GGT GCT AGT AAG GCA CGT TCG CAA TTC GTT CTT GAA GCC ACC TTA AAC GTG CCA ACC CCT TTG TTG TAC ACT GCA TAC GGT AGG GGC CAA CCA CAC GGT AGA AGG CCT GAG TTT GTG TAT TTG TCG TAT CAT GTG GAG ACG ATC ATC ACT GAG TAC CAA ACT AGA ACT CAT GGT AGA CCA TGT GCA TTC ATT ATC ACT AAT GGT GAT AAA ACC CAC AAT GCA AAC CAA AAC TCT AAG ATT GCT ATT ACT AGA 
Calb                            CAT GGT TTC ATT CCC ACT ATG CAT GAT TCA CCA GAA GGT ATG ACT AAA TAT ACA TTG GCC CAA ATT GCC AAT GTT TTA TTG GAT GGT AAC ATT GGT AAC GTT GTT GTT GGT AAT TTG CAT TTA AAC GAA AAA CAA ATT TTT ACG TTC AAC GAA AAG TTG ACT GGA TCA TCA GTA GGA GGA TTA GAG GGT GCC GAA CAA ACT AAT GGT ATT GAA AGA ATG AAA TAT AGT ACC TTA GCT GCT AAC TAT ATT CAA CAT GAA CCT GCT TTC AAT ATT GAT ATT CCA GAA TAT ATT ACT GAA AAA GAA GCT ATT GAG ATT GAA GCT GAT CCA TTA GAG TTA GAA ATT GGT CAA ATG CAA ACG GAT GAA GAT GAT GAT GAA CAT GGA TTA ACA GCC ACG ACT GGA GGT GAT GAT ACA CCA GGA GGT GCC TCA CAT ATT GAT CCA GGA AAT AAT AGA ACC AGA TTC CCA GGA TTC AAA TTG GAA GGA GAA CAC GAT ACT GTT GGT GAT GAT AAG GGT ATT CCA GAA CAA ATT ATA ATT AAA AGT GAT GAT GGT GAT AAA CAT AGT GAT TAT TAT AAA GAT CAA ATA ACC AAA AAA GTT TGT GAA GAA GAT GGT ATG GTA TTA GAG GGT TCC ATT AAA CAT AAA TAC ACT GGA CCA ATT GAT ATT CGT ACT TAC GGA ATT CAA GAT AAA GGT TTC TCA TTA CAA GGA TTG ATC CTC ACC CCG AAG ACT GAT TTG AAA CAG GAA GGT AGA GCG GAT CAA ACT GCC ATG GGT GTT GGA GGA CGA AAA AGT GAT TTG TTG GCT AGA ATT ATG AAA TTG TTA CAA TGT TTG CAA TTG GAA TTT ATA CTT TCA TTC TTG AGA TTC TTT CAG AAT AGA TTA AAA TTG TCT TGG GTG TGT TTT ATT TTA AAT TAC TAT GAA TAT AAG TTC AGA GTT GAT CCA GGT TCC ACT AAA GCT AAA TCC CAT TTT GTT CTC CAA GAT ATT TTG GGT ATT CCA ATT CCA ATT TTG TAC ACT GCT TTC GGT AAA GGT AAG CCC CAT GGT AGA AAA CCA GAG TTT TTA TAT TTG ACT TTT CAT GTA GAG ACT ATT ATT ACA GAA TAT TCC ACT AAA ACC CAT GGT AGA CCT TGT GCT TAT ATT ATT GCA AAC GGT GAT AGA ACG CAT AAC GCA AAC TCC AAT TCA AAA GTG TCC GTT ACG CGA 



Printing out site pattern counts


         9        708  P

Scer                            AAA AAA AAA AAA AAA AAA AAC AAC AAC AAC AAC AAG AAG AAG AAG AAG AAG AAG AAG AAT AAT AAT AAT AAT AAT AAT AAT ACA ACA ACA ACA ACA ACC ACC ACG ACG ACG ACG ACT ACT ACT ACT AGA AGA AGA AGA AGA AGC AGG AGG AGG AGT ATA ATA ATA ATA ATC ATC ATC ATC ATG ATG ATG ATT ATT ATT ATT ATT ATT ATT CAA CAA CAA CAA CAA CAA CAA CAC CAC CAG CAG CAG CAG CAG CAT CAT CAT CAT CAT CAT CAT CCA CCA CCA CCA CCC CCC CCC CCC CCT CCT CGA CGC CGT CGT CTA CTA CTA CTG CTG CTT GAA GAA GAA GAA GAA GAA GAA GAA GAA GAA GAA GAA GAA GAA GAC GAC GAC GAC GAC GAC GAG GAG GAG GAG GAG GAT GAT GAT GAT GAT GAT GAT GAT GAT GAT GCA GCA GCA GCA GCC GCC GCC GCG GCT GCT GCT GCT GCT GCT GCT GCT GGA GGA GGA GGA GGA GGA GGG GGG GGT GGT GGT GGT GGT GGT GGT GTA GTC GTG GTG GTG GTG GTT GTT TAC TAC TAC TAC TAT TAT TAT TAT TAT TCC TCC TCC TCC TCG TCG TCG TCG TCT TCT TCT TGC TGG TGT TGT TTA TTA TTA TTA TTA TTA TTC TTC TTC TTC TTG TTG TTG TTG TTG TTG TTG TTG TTG TTT TTT TTT TTT TTT TTT TTT TTT 
Sbay                            ... ... ... ..G ..G ..G ... ..T ..T ..T .G. ..A ..A ... ... ... ... ... ... ..C ..C ..C ... ... ... ... ... ... ... ... ... ..T ..A ..T ... ... ... ..T ..C ... ... ... ... ... ... ... ... .AT ..A ... ... ..C ... ... ... ... ... ... ... ... ... ... ... ..C ..C ..C ..C ... ... ... ... ... ... ..G ..G ..G ..G ... ..T ..A ... ... ... ... ..C ..C ... ... ... ... ... ... ... ... ..C ... ... ... ... ... ... A.. ... ..G ... ... ..G T.. T.A T.A ... ... ... ... ... ... ... ... ... ... ... ..G ..G ..G ..G ... ... ... ..G ..T .T. ..A ... ... ... ... ..C ..C ..C ..C ..C ..C ... ... ... ... AT. ... ... ..T ... ... ..T ..T ..A ..C ..C ... ... ... ... ... ... ... ..C ..T ..T ..T ..A ... ..C ..C ..G ... ... ... ... ... ... ..C ... ... ... ..C ... ... ... ... ..T ..C ..C ..C ... ... A.. ..A ... ..G ..A ..A ... ... ..C ..C ... ... ... ... ... C.G ... ... ... ... ..G ... ... ... ... C.A C.. C.. ..A ... ... ... ... ... ..C ..C ..C ..C ..C ..C ..C ... 
Smik                            ... ... .GG ... ..G ..G .GT ... ... GGG ..A ..A ... ... ... ... .T. G.. TCT ..C ... ... ..C ... ... C.A TTA ... ... ... ..G ..G ..G ..A ... ... ... ... ... ..C ..G ... ... ... ... ..G ..G .AT ... ..A ... ... ... ... ... G.G .CT ... ... ..T ... ... ... ... ... C.G G.A ... ... GAA ... ... ..G ... ... ..G ..G ... ..T ... ... ... ... G.A ... ... ..C ... ... ... ... ... ... ... ..C ..A ... ... ..T ... ... ... ... ... ..C A.G ... T.C ..T T.A ..C ... ... ... ... ... ..G ..G ..G ..G .C. A.T C.. ... ... ... ... ... ..A ..T .GT ... ..A ... ... ... ..C ..C ... ... ... ... ... ... ... ... .A. ... T.T ..T ..A ... ..A ... ... .A. ..C AA. ... ... ... ... ..C ..T ..G ..G ..T TCC ..A ... ACC ... ..A ... ... ... ... ... ... ..T A.T ... ..T ... A.. ... ... ..T ..T ..C ..C ... ... ... ... ... ... ..G AA. .TT ..A ... ..C ..C GGG ... ... ... ... ..G C.. ... ... ... ..G A.A ... ... ... C.A C.. ..A .AC ..A ..A ... ... ... ..C ..C ..C ... ... ... ... ..C 
Spar                            ... ... ... ... ... ..G ... ... ... ..T .G. ... ..A ... ... ... ... .G. ..A ... ..C ... ... ... ... ..C ... ... ... ..T ... ..G ..A ... ..A ..A ... ..A ... ... ... ... ... ... ... ... ... ..T ... ..A ... ... ... ... ... ... ..T ... ..T ... ... ... ... ... ... ..C ... ... ... ... ... ... ..G ... ... ... ... ... ... ... ... ... ... ... ... ... ... ... ... ... ... ... ... ... ... ... ... ..G ... ... ... ... ... ... ... ... ... ... ..A T.A ... ... ... ... ... ... ... ... ... ... ... ... ... ... ... ... ... ... ... ... .GT ..A ... ..A ... ... ..C ..C ..C ... ... ... ... ... ... ... ..C ... ... ... ... ... ... ... ..C ... ..C ... ... ... ... ... ..G ... ... ... ..T ..G ... ... ... ... ..C ... ... ... ... ..T ... ... ... ... ... ..C ... ... ... ... ... ..C ... ..C ... ... ... ... ... ..G ... ... ..A ... ..C ... ..A ... ... ... ... ... ... ... ... ... ... ..T ... ... ..T ..A ... ... ... ..A ... ..A ... ... ..C ..C ... ... ... ... ... ... 
Ncas                            ... ... ..G ... ... ... ... ..T C.A ... G.. ... ..A ..A ... ... ... G.A ..A ... ..C ..C ... ... ... ... ... ..T GT. ..T ... ..C ..A ..T ..A ..A ... ..T C.C ... ... ... ... ... ... ..G ..G .AT ..A ..A ..A ... ... ... ..T T.G ..T ... ... ..T ... TCA TC. ..C ... ... G.A ... ... ..A ... ..G ... ... ... ... ... ..T ..T ... ..A ..A ... A.A ... ... ... ..C ... ... ... ... ... ..T ... ..A ... ... ... ..A ... AA. ..T ... ... T.. T.. ..G T.A T.A ... ... ... ... ... TCT ... ... ... ... ... ..G ..G A.. ... ... ..T ..T ..A ..T .T. ..A ..A ..A ..A ..A ... ... ..C ..C ..C ... ... ... ... ... .A. ..T ..G A.T ..T ..T ..T ..A ..C ..G ... ..A ..A ... ... ... ..T ..G ... ..T ..T ..C ... ..A ..G ..A ... ..G ... ... ... ..G ... ... ..C ..T ... ..C ..G ... ..T ..T ..T ... ... ..C ... ... ... ... ..T ... ... AGT ..C ..C AG. ... ... ..T ... ..C ... C.. C.. C.C ... ..G ... ... ... ..T ... ..A ... ... ..A C.A ..A ... ..A ..A ..C ... ..C ..C ... ... ... ..C 
Cgla                            ... ..G ..G ..G ..G CCC C.. ... C.A ... G.. ..A ... ..A ... ... ... G.T ..A ..C ..C ..C ..C ..C ... ... ... ..T G.G ..T ... ..T ..T ..T ..C .TT ... ..A ..C ..G T.. ..C ... ... C.T ... C.. G.. ... ... C.. ..C ..C ..C ..T ..C ..A ..A ... ... ... T.C TCA ..C ..C ... .C. ..A ... ..C ..G ... ... ..G ..G ... ..G ... ... ... ..A ... ... AG. ..C ... ... ... ..C ..C ... ... ..C ..T ..T ..T ..T ..A ... G.G ... AAG A.A ..C A.G ..G T.G T.G ... T.. T.G ... ... ... ..G CGG ... ... ..G ..G ... ... .G. A.C ..T ... ... ..T ..G ..T ..G ... ..A ..A ... ... ..C ... ..C ..C ... ..C ..C ..C ... ... .AT ..G ... ..T ... ..G ... ..C ..A ..A ..A ..C ..G ..A ..C ... ..T ..T ..G ..T ... .AC ..A ... ... ... ... ... ..G ... ... ..T ..A ... ..T ..A ..C ..G ... ... ... ... .T. ..C ... ..C ..C ... ... ... ..T ..G A.C A.C ..C ..C ... ... ..A ..T ... ... ... G.C C.G C.G C.. C.G C.G ..T ... ... ..T ... ..A ... ... C.. ... ... ... ... ... ... ..C ... ..C ..C ..C ..C 
Agos                            ..G ..G ... GC. ..G CGC ..T ... C.G ... G.. ... ... ... ... ... ... G.. ... ..C .G. TCA ..C ..C ..C ..C ..C ..G ..G ..C ..C ... ..T ... ... ... ... ..A C.G ..G ..C ... C.C C.G C.C C.C C.T TCG .AA C.C C.C ..C ... ..C ... C.. ..G ... ..T ... ... CA. .CC ... ..C ... G.G ..C ..C ..C ... ..G ..G ... ..G ..G ..G ... ... ..A ..A ... ... A.A ..C ..C ... ... ..C ..C ... ..G ..G ..C ..G ..G ..G ..G ..G ..G ..G AAG AAG ..C ..C ... ..G ..G ... ... ..A ..G ..G ..G ... .CG ... ..G C.G ..G ..G ..G ..G CGT ... ... ... ... ... ..T ..G ... ... ... C.. ... ..C ... ..C ..C ..C A.C ..C ... ..C ... AGC ..G ... ..G ..G ..G ..A ..C ..G ... ..G ..A ..A ..G ..G ..C ..G ..C ..C ..G ..C ..C ..C ..C ..A ... ..G ... ... ..C ... ..C ..G ... ..T ... ..T ..G ..A ... ... ... ... ..C .TC ... .T. ..C A.G ..T ... ..G ..T A.A ... G.T ... ... ..G ..T ... ... ..C C.T ..G ..G ..G ..G C.C ... ... ..T ..T G.C C.A ... C.. C.C C.T C.. C.A C.C ... ... ..C ..C ..C ..C ... ... 
Klac                            ..G ... ..G .CG ... ..G ... ... C.A ... C.G ... ..A ..A ..A .GA ... G.. ..A ... TCG GC. ..C ..C ..C ... ... ..T ..C ..T ... ..T ..T ... ..T ... ..T ..C C.. ... ..A ..C ... ..T ... C.T ... .A. ..A ..A ... ... ..C ..T ..T T.G T.G ... ... ..T ... .CT TC. ..C ... ... .CC ..C ... ..A ... ..G ... ..G ... AGG ... ... ..T AGA ..A ..A ..A A.. ... ... ... ..C ..C ... ... ... ..C ..T ... ..T ..T ..A ..A ... ..A A.. AAG A.A ... ..T T.G ..C T.A ..A T.A ... ... ..G TCT TCC ..G ..G ..G ... ... ..G C.. A.G ..G ..T ..T ..T ..G ..T ..G ... ..A ..A A.T ... ... ... ... ... ... ..C ..C ..C ... ... .AT ... ..C ..C ... ..A ... ..A ..A ... ..A ..A ..A ... ..C ... ..T ..T ... ..T ..T ... ..A ... ..C ... ... ... ..G ... ... ..C ..G ..C ... ..T ..T ..G ..G ... ... ... ... ..C ... ..C ... ... A.. ..T ... ..T ... A.T ... G.A ..C ... ..A ..T ... ... ... ..G ..G ..G ..G ... ..G ... ... ..T ..T G.A C.T ... ..A ... ... ..A ..A ..A ..C ..C ..C ..C ..C ... ... ..C 
Calb                            ... ... ... C.. ... ... ..T ... ..A GGT CGT ... ..A ..A ... ..A ..A G.A .GA ..C ..C .CC ... ... ... ..C ..C GAT .TT ..G ..T ..C ..T ... ..A ..T ..A ..T C.A G.A ..A ..G ... .CT C.. .A. ... CCA ..A ..A ..A TCA ..T G.G ..T ..T ..G ..T ..T ..T ... .AT .CT ... ..A ... GAA ... G.. ... ... ... ... ... A.G A.. ..G ..T ... ..A ..A ..A ..T AGA ... ... ... ... ... ... ... ..T ..G ... ..T ..A ... ... ..A ..A ..A AA. GAG AAA AAA T.G T.G ..T T.. A.T T.A C.. ... ... C.. A.T ... ... ... ... ... ..G TCC .TT ... ..T ..T ..T ATA ..T ..A ... ..A ... ..A ..A ... ... ... ... ... ... ... ... ... ... .A. ..C ..C .AT ..G ..T ... ..T ..C .GA ... T.A ..A ... ... T.C ..T ... ... ..T ..T .AT ..A ..A ... ..A ..A ... ..A ... ... ..T A.T ..A T.A ..T ..T ..A A.. ... ..T ... .T. ... .T. ... ... ... A.T ..A ..A ..A ..C A.. ..A G.T G.C ... AG. ..T ... ... ... ..G ... ... ..G ..G ..G ..T ... ... ... A.T C.C ..A A.C ... ..A ... ..A ..A ... .A. ..C .A. ... ... ... ..C 

    3    2    1    1    1    1    1    1    1    2    1    1    1    1    1
    2    2    1    2    2    2    1    1    2    2    2    1    1    2    1
    1    2    3    2    2    2    1    3    3    1    1    2    4    1    2
    2    1    2    1    1    1    1    2    2    3    2    2    2    3    1
    5    1    5    1    2    3    1    2    2    3    1    2    1    1    3
    2    2    1    1    1    3    1    2    1    1    1    2    1    2    2
    1    1    1    1    1    1    1    1    2    2    1    1    2    1    2
    1    1    1    2    1    2    2    2    1    1    2    3    2    1    2
    1    1    2    1    1    1    1    1    1    1    1    2    1    1    2
    2    1    1    3    2    3    2    3    1    2    1    1    1    1    3
    1    1    1    1    1    1    3    1    1    1    1    3    2    2    1
    2    2    1    2    1    2    2    4    8    1    6    1    1    1    2
    3    4    2    1    3    1    1    3    3    2    1    1    2    2    1
    1    1    1    1    2    2    2    2    1    4    2    1    1    1    3
    1    1    2    1    1    1    1    1    1    1    2    1    1    5    2
    1    2    1    2    1    2    2    1    1    1    2

CODONML (in paml version 4.9j, February 2020)  temp.nuc
Model: One dN/dS ratio, 
Codon frequency model: Fequal
ns =   9  ls = 393

Codon usage in sequences
--------------------------------------------------------------------------------------------------------------------------------------
Phe TTT  12   2   7  11   5   7 | Ser TCT   7   4   3   1   8   5 | Tyr TAT   8   7  11   5  14   3 | Cys TGT   2   2   2   2   3   4
    TTC   4  14  11   5  11  13 |     TCC   4   4   7   5   7   6 |     TAC   8   9   6  11   2  10 |     TGC   2   2   2   2   1   0
Leu TTA   9  10  14  17  15   2 |     TCA   0   4   2   6   1   9 | *** TAA   0   0   0   0   0   0 | *** TGA   0   0   0   0   0   0
    TTG  16  12   8   9   7  14 |     TCG   7   5   3   6   6   1 |     TAG   0   0   0   0   0   0 | Trp TGG   1   1   1   1   1   1
--------------------------------------------------------------------------------------------------------------------------------------
Leu CTT   2   2   2   2   2   0 | Pro CCT   3   3   5   3   2   5 | His CAT  10   9   9  10  11   5 | Arg CGT   3   2   1   3   5   2
    CTC   0   0   2   0   1   0 |     CCC   5   6   3   4   7   4 |     CAC   2   3   3   2   1   8 |     CGC   2   2   4   2   0   1
    CTA   3   2   3   5   9   2 |     CCA   4   3   4   4   6   2 | Gln CAA  12   5  11  11  15   9 |     CGA   1   0   1   1   0   1
    CTG   3   7   5   0   1  12 |     CCG   0   0   0   1   0   0 |     CAG   8  15  12   9   5  11 |     CGG   0   1   0   0   0   3
--------------------------------------------------------------------------------------------------------------------------------------
Ile ATT  14   7  14  16  15  10 | Thr ACT   7  11   7   8  14  10 | Asn AAT  13  14  11  11  13   5 | Ser AGT   1   0   2   3   5   0
    ATC   8  15   5   6   6  16 |     ACC   5   4   3   2   2  10 |     AAC   6   6   5   7   6  12 |     AGC   2   2   0   1   0   1
    ATA   9  10   8   9   7   6 |     ACA   7   8   6  14   8   4 | Lys AAA   9   8   8  11  15   7 | Arg AGA  10  12   8  11  10   9
Met ATG  11  11  14  11   5   5 |     ACG   8   5  15   3   1   2 |     AAG  11  12   8   8   7  12 |     AGG   3   2   6   3   3   5
--------------------------------------------------------------------------------------------------------------------------------------
Val GTT   4   3   5   4   4   7 | Ala GCT  12  12  10   8  12   6 | Asp GAT  19   8  19  14  14  12 | Gly GGT  24  21  23  23  18  29
    GTC   1   5   1   2   6   5 |     GCC   3   6   4   8   1   5 |     GAC   6  15   5  10  10  16 |     GGC   0   5   2   4   1   2
    GTA   1   1   2   0   3   5 |     GCA   6   3   4   5   3   7 | Glu GAA  22  19  17  25  27  14 |     GGA  10   6   6   5   4   6
    GTG  11   9   6  11   8   3 |     GCG   1   0   1   1   2   7 |     GAG   8  12  16   5   3  12 |     GGG   3   5  10   6  14   3
--------------------------------------------------------------------------------------------------------------------------------------

--------------------------------------------------------------------------------------
Phe TTT  10   4   7 | Ser TCT   5   4   1 | Tyr TAT   1   5  11 | Cys TGT   3   4   4
    TTC   9  12  10 |     TCC   1   5   6 |     TAC  12  11   4 |     TGC   1   0   0
Leu TTA   0  10  13 |     TCA   1   4   7 | *** TAA   0   0   0 | *** TGA   0   0   0
    TTG   6  21  17 |     TCG   9  10   0 |     TAG   0   0   0 | Trp TGG   1   1   1
--------------------------------------------------------------------------------------
Leu CTT   5   3   1 | Pro CCT   0   8   2 | His CAT   4   8  13 | Arg CGT   2   4   1
    CTC   7   1   2 |     CCC   1   1   2 |     CAC   8   4   1 |     CGC  14   0   0
    CTA   9   1   0 |     CCA   0   6  12 | Gln CAA   6  16  14 |     CGA   0   0   2
    CTG   7   0   0 |     CCG  14   0   1 |     CAG  18   4   2 |     CGG   1   0   0
--------------------------------------------------------------------------------------
Ile ATT   7  13  30 | Thr ACT   5  14  16 | Asn AAT   1   7   9 | Ser AGT   2   2   4
    ATC  14  10   1 |     ACC  10  11   5 |     AAC  15  11   8 |     AGC   2   0   0
    ATA   5   3   3 |     ACA   7   2   4 | Lys AAA   3   8  23 | Arg AGA   0  14  11
Met ATG   7   5   7 |     ACG  10   3   5 |     AAG  19  12   5 |     AGG   0   3   0
--------------------------------------------------------------------------------------
Val GTT   5   6  10 | Ala GCT   3   6   9 | Asp GAT   4  18  28 | Gly GGT  12  29  25
    GTC   2   3   0 |     GCC   4   7   6 |     GAC  19   6   0 |     GGC  15   2   0
    GTA   3   1   3 |     GCA   5  11   2 | Glu GAA   5   9  22 |     GGA   2   4  14
    GTG   9   8   2 |     GCG  14   0   1 |     GAG  21  16   6 |     GGG   8   2   0
--------------------------------------------------------------------------------------

Codon position x base (3x4) table for each sequence.

#1: Scer           
position  1:    T:0.20356    C:0.14758    A:0.31552    G:0.33333
position  2:    T:0.27481    C:0.20102    A:0.36132    G:0.16285
position  3:    T:0.35878    C:0.14758    A:0.26209    G:0.23155
Average         T:0.27905    C:0.16539    A:0.31298    G:0.24258

#2: Sbay           
position  1:    T:0.19338    C:0.15267    A:0.32316    G:0.33079
position  2:    T:0.27990    C:0.19847    A:0.36132    G:0.16031
position  3:    T:0.27226    C:0.24936    A:0.23155    G:0.24682
Average         T:0.24852    C:0.20017    A:0.30534    G:0.24597

#3: Smik           
position  1:    T:0.19593    C:0.16539    A:0.30534    G:0.33333
position  2:    T:0.27226    C:0.19593    A:0.35878    G:0.17303
position  3:    T:0.33333    C:0.16031    A:0.23919    G:0.26718
Average         T:0.26718    C:0.17388    A:0.30110    G:0.25785

#4: Spar           
position  1:    T:0.20611    C:0.14504    A:0.31552    G:0.33333
position  2:    T:0.27481    C:0.20102    A:0.35369    G:0.17048
position  3:    T:0.31552    C:0.18066    A:0.31552    G:0.18830
Average         T:0.26548    C:0.17557    A:0.32824    G:0.23070

#5: Ncas           
position  1:    T:0.20611    C:0.16539    A:0.29771    G:0.33079
position  2:    T:0.26718    C:0.20356    A:0.36387    G:0.16539
position  3:    T:0.36896    C:0.15776    A:0.31298    G:0.16031
Average         T:0.28075    C:0.17557    A:0.32485    G:0.21883

#6: Cgla           
position  1:    T:0.19084    C:0.16539    A:0.29008    G:0.35369
position  2:    T:0.27226    C:0.21120    A:0.34606    G:0.17048
position  3:    T:0.27990    C:0.27735    A:0.21120    G:0.23155
Average         T:0.24767    C:0.21798    A:0.28244    G:0.25191

#7: Agos           
position  1:    T:0.15013    C:0.24427    A:0.27226    G:0.33333
position  2:    T:0.26718    C:0.22646    A:0.34606    G:0.16031
position  3:    T:0.17557    C:0.34097    A:0.11705    G:0.36641
Average         T:0.19763    C:0.27057    A:0.24512    G:0.28668

#8: Klac           
position  1:    T:0.23155    C:0.14249    A:0.30025    G:0.32570
position  2:    T:0.25700    C:0.23410    A:0.34351    G:0.16539
position  3:    T:0.34351    C:0.21374    A:0.22646    G:0.21628
Average         T:0.27735    C:0.19678    A:0.29008    G:0.23579

#9: Calb           
position  1:    T:0.20611    C:0.13486    A:0.33333    G:0.32570
position  2:    T:0.26972    C:0.20102    A:0.37150    G:0.15776
position  3:    T:0.43511    C:0.11450    A:0.33079    G:0.11959
Average         T:0.30365    C:0.15013    A:0.34521    G:0.20102

Sums of codon usage counts
------------------------------------------------------------------------------
Phe F TTT      65 | Ser S TCT      38 | Tyr Y TAT      65 | Cys C TGT      26
      TTC      89 |       TCC      45 |       TAC      73 |       TGC      10
Leu L TTA      90 |       TCA      34 | *** * TAA       0 | *** * TGA       0
      TTG     110 |       TCG      47 |       TAG       0 | Trp W TGG       9
------------------------------------------------------------------------------
Leu L CTT      19 | Pro P CCT      31 | His H CAT      79 | Arg R CGT      23
      CTC      13 |       CCC      33 |       CAC      32 |       CGC      25
      CTA      34 |       CCA      41 | Gln Q CAA      99 |       CGA       6
      CTG      35 |       CCG      16 |       CAG      84 |       CGG       5
------------------------------------------------------------------------------
Ile I ATT     126 | Thr T ACT      92 | Asn N AAT      84 | Ser S AGT      19
      ATC      81 |       ACC      52 |       AAC      76 |       AGC       8
      ATA      60 |       ACA      60 | Lys K AAA      92 | Arg R AGA      85
Met M ATG      76 |       ACG      52 |       AAG      94 |       AGG      25
------------------------------------------------------------------------------
Val V GTT      48 | Ala A GCT      78 | Asp D GAT     136 | Gly G GGT     204
      GTC      25 |       GCC      44 |       GAC      87 |       GGC      31
      GTA      19 |       GCA      46 | Glu E GAA     160 |       GGA      57
      GTG      67 |       GCG      27 |       GAG      99 |       GGG      51
------------------------------------------------------------------------------


Codon position x base (3x4) table, overall

position  1:    T:0.19819    C:0.16257    A:0.30591    G:0.33333
position  2:    T:0.27057    C:0.20809    A:0.35623    G:0.16511
position  3:    T:0.32033    C:0.20469    A:0.24965    G:0.22533
Average         T:0.26303    C:0.19178    A:0.30393    G:0.24126

Codon frequencies under model, for use in evolver (TTT TTC TTA TTG ... GGG):
  0.01639344  0.01639344  0.01639344  0.01639344
  0.01639344  0.01639344  0.01639344  0.01639344
  0.01639344  0.01639344  0.00000000  0.00000000
  0.01639344  0.01639344  0.00000000  0.01639344
  0.01639344  0.01639344  0.01639344  0.01639344
  0.01639344  0.01639344  0.01639344  0.01639344
  0.01639344  0.01639344  0.01639344  0.01639344
  0.01639344  0.01639344  0.01639344  0.01639344
  0.01639344  0.01639344  0.01639344  0.01639344
  0.01639344  0.01639344  0.01639344  0.01639344
  0.01639344  0.01639344  0.01639344  0.01639344
  0.01639344  0.01639344  0.01639344  0.01639344
  0.01639344  0.01639344  0.01639344  0.01639344
  0.01639344  0.01639344  0.01639344  0.01639344
  0.01639344  0.01639344  0.01639344  0.01639344
  0.01639344  0.01639344  0.01639344  0.01639344


TREE #  1:  (((((1, 4), (3, 2)), 5), 6), ((7, 8), 9));   MP score: 1288
This is a rooted tree.  Please check!
lnL(ntime: 16  np: 18):  -6447.076924      +0.000000
  10..11   11..12   12..13   13..14   14..1    14..4    13..15   15..3    15..2    12..5    11..6    10..16   16..17   17..7    17..8    16..9  
 0.135545 0.125019 0.526721 0.129499 0.154705 0.143098 0.000004 1.016435 0.310330 0.563657 1.110853 0.102799 0.081205 1.759917 0.693187 2.476762 1.824128 0.040490

Note: Branch length is defined as number of nucleotide substitutions per codon (not per neucleotide site).

tree length =  9.329737

(((((1: 0.154705, 4: 0.143098): 0.129499, (3: 1.016435, 2: 0.310330): 0.000004): 0.526721, 5: 0.563657): 0.125019, 6: 1.110853): 0.135545, ((7: 1.759917, 8: 0.693187): 0.081205, 9: 2.476762): 0.102799);

(((((Scer: 0.154705, Spar: 0.143098): 0.129499, (Smik: 1.016435, Sbay: 0.310330): 0.000004): 0.526721, Ncas: 0.563657): 0.125019, Cgla: 1.110853): 0.135545, ((Agos: 1.759917, Klac: 0.693187): 0.081205, Calb: 2.476762): 0.102799);

Detailed output identifying parameters

kappa (ts/tv) =  1.82413

omega (dN/dS) =  0.04049

dN & dS for each branch

 branch          t       N       S   dN/dS      dN      dS  N*dN  S*dS

  10..11     0.136   854.6   324.4  0.0405  0.0060  0.1484   5.1  48.1
  11..12     0.125   854.6   324.4  0.0405  0.0055  0.1369   4.7  44.4
  12..13     0.527   854.6   324.4  0.0405  0.0233  0.5766  20.0 187.1
  13..14     0.129   854.6   324.4  0.0405  0.0057  0.1418   4.9  46.0
  14..1      0.155   854.6   324.4  0.0405  0.0069  0.1694   5.9  54.9
  14..4      0.143   854.6   324.4  0.0405  0.0063  0.1566   5.4  50.8
  13..15     0.000   854.6   324.4  0.0405  0.0000  0.0000   0.0   0.0
  15..3      1.016   854.6   324.4  0.0405  0.0451  1.1127  38.5 361.0
  15..2      0.310   854.6   324.4  0.0405  0.0138  0.3397  11.8 110.2
  12..5      0.564   854.6   324.4  0.0405  0.0250  0.6170  21.4 200.2
  11..6      1.111   854.6   324.4  0.0405  0.0492  1.2160  42.1 394.5
  10..16     0.103   854.6   324.4  0.0405  0.0046  0.1125   3.9  36.5
  16..17     0.081   854.6   324.4  0.0405  0.0036  0.0889   3.1  28.8
  17..7      1.760   854.6   324.4  0.0405  0.0780  1.9265  66.7 625.0
  17..8      0.693   854.6   324.4  0.0405  0.0307  0.7588  26.3 246.2
  16..9      2.477   854.6   324.4  0.0405  0.1098  2.7112  93.8 879.6

tree length for dN:       0.4135
tree length for dS:      10.2130


Time used:  0:09
