      9   1176

Scer                            ATG TTT TCT ACT AGG TCA AGA CGT CTG TCT TCA TTA ATT GAT GAG CCC GCT CCT AAC GAC GAA TAT CTT CCC ATT CAT GAA TCC AGG GAA GTT TTA GAG CAA CAA GCT GCT AAA TTA TAT AGA GTC AGA ATA ACG TCG GTG CCA AGA TTT ACA GAT ATG ATT TAT TTG TAT TTC GAC AAA CAT TAT GTG CTT AAT GTC ACG TCA GGT GAT TCC GGT GAA AAG CAA ATT GGT GCT AAA TCG CCC CAA TAC AAG AAT ACT ACG AAG GAC GAT GAA GAT AAT TCT TAT ACA AGA GAA GGA AAT TTA TCC GAA GCT GTC GGT AAT CAG TCG TCA TAC GTG TCA CCA CAT CAT GAA CTT ACC GAG ATC CTT GGG GTG AAT GAA TTT TTT CCC GTT AAG TGG TTA AAA GAA AGA TTC TAT GAC AAT AGG AAA CAA CGT GCA CTT AGA TTA CAA TTT GAC CAT GAA GAA ACA CGG AAC GAT TAT GAA GAT AAC AAA ATG TAT GAA CAA TCA GAA GGA GGT TTG AGA AGA GAT GAC CAA TCG GAG CTG TCA ATT TCC ATG GTG TTG GAT AGA GTC AAA CAA AAC GTG AAA AGT AAA AGA GAA CCT GTC GAT TCA CAA TTA AAA GAA ATA TAT AAA CAG ACA GAG TTG ATC TGC CCA GAT TAC AAA CAA TAT AGA TAC ATG GGG AAA GAA CTT GAA ACT AAA ATC GAG ACA TAC CTG ACT ATA AAA CAA AGA GAG TTG ATC CCA AAC CCT TTG CTG TTA GAG GAA TAT TAC AGA GAA GTT AAA TAT CCC ACT TCC ATC GAC GAT GAA ACA GAA GTT TGG GAA TAT TCT AGT GAT CGT TTT CAT GAT GGT GAG TAT GAA CAA CAA AAT AGA CAG TAT TTG TCA CAA GAA TGT GAA AAC GAA CAA AAG TAC AAA TCA ATT TCC TTA ACT GAC AGA GAT TTA TCA TTT ACA TCC GTC AAA AAT TAT AAC CAT GAG TCT CCT CGT AAA TCC CAA TAT GAC GCT AAG TTT AGA GAT AAG ACT GTG GAT TTA GGA AAA CCA TTG AAG ACG TAT GCT TCC ACG GCC GAG GAG GCT ACG CAA GAA AGT AAC TCA ATA AAA GGT ATT AAA GAG CGT TAT GAA CAT GAA ATC AAA ATG CAG ATT AAA GTG CGG GAT CCT ACG GCC GAA CGT GAT ATT CAA GAA CAA TCC TTG GTG 
Sbay                            TTG TTT TCA GAT CAG TCA CGT CGT TTG TCC TCA TTG ATA GAT GAA CCT GCT CCT AAT GAC GAG TAT CTG CCC ATA CAT GAA TCT AGG GAA GTC CTG GAG CAA GAA GCT GCC AAA TTG TAC CGT GTC AGA ATA ACA TCA GTC CCA AGG TTC ACA GAC ATG ATC TAT CTG TAC TTC GAT AAA CAT TAC GTG CTG GAT GTT ACA TCA GGC GAC ACC GGC GAA CGA CAG ATC GGC GCT AAG TCA CCA CAA TAC AAG AAC ACT ACC AAG GAT GAC GAA GAT AAT CCC TAC ACA CGC GAA GGG AAT TTG ACC GAG GCT GTC GGT AAC CAA TCA TCA TAC GTC TCA CCA CAC CAT GAA CTG AGC GAG ATC TTA GGG GTC AAT GAA TTT TTT CCC GTC AAA TGG CTA AAA GAA CGC TTC TAC GAT AAT AGA AAA CAA CGT GCA CTA CGC TTA CAA TTC GAC CAT GAA GAA ACA AGG AAC GAC TAT GAA GAC AAT AAA TTG TAC GAA CAA TCA GAA GGC GGT TTA CGT GAA GAT GAT CAA TCG GGT CTG TCT ATC ACC ATG GTG TTG GAC AGA GTT AAG CAG AAC GTG AAA AGC AAA CGC GAA CCC GTT GAC TCT CAA TTG AAA GAA ATA TAC AAA CAA AGT GAG CTG ATC TGT CCA GAT TAC AAA CAA TAC AGA TAC ATG GGG AAA GAA TTA GAA GAT AAA ATC GGT ACC TAT TTG ACT ATA AAA CAA AGG GAG CTG ATC CCA AAC CCC TTG TTG TTA GAG GAA TAC TAC AGA GAA GTC AAA TAT CCT ACT TCT ATT GAC GAC GAA ACA GAA GTT TAC GAA TAC TCC AGC GAC CGG TTT CAC GAC GGC GAG TAT GAA CAA CAA AAT AGA CAA TAC TTG TCA CAG GAA TGC GAG AAC GAA CAG AAG TAT AAA TCA ATC TCC CTA ACT GAT CGC GAC CTA TCA TTT AGT ACC GTC AAA AAT TAC AAC CAT GAG TCG CCC CGG AAA TCT CAA TAC GAT GCT AAA TTC CGC GAT AAG ACT GTG GAC TTG GGC AAA CCT TTA AAG ACA TAC GCC TCT ACC GCG GAG GAG GCA ACC CAA GAA AGC AAC TCA ATA AAA GGC ATT AAA GAG CGT TAT GAG CAT GAA ATC AAA ATG CAG ATC AAA GTG AGG GAT CCC ACC GCG GAA CGT GAC ATC GAA GAA CAA TCC TTG GTC 
Smik                            TTG TTC TCC GAT CGG TCT AGA CGC TTG TCT TCA TTG ATA GAT GAG CCC GCT CCA AAC GAC GAG TAT CTT CCT ATA CAT GAA TCC AGA GAA GTC TTA GAG CAA CAG GCC GCT AAA TTG TAT CGT GTC AGA ATA ACT TCG GTG CCA AGA TTC ACC GAT ATG ATT TAT TTG TAT TTC GAT AAG CAT TAT GTA CTT AAT GTC ACT TCT GGC GAT TCC GGT GAA AAG CAG ATC GGC GCT AAA TCG CCT CAA TAC AAG AAT ACT ACC AAG GAT GAT GAA GAA AAT CCT TAC ACA AGA GAA GGA AAT CTA TCC GAA GCT GTT GGT AAT CAG TCG TCA TAC GTG TCT CCA CAC CAT GAA CTT AGC GAA ATC CTG GGC GTG AAT GAA TTT TTT CCT GTC AAA TGG TTA AAA GAA AGA TTC TAT GAT AAT AGG AAA CAA CGT GCT TTA AGA TTG CAA TTT GAT CAT GAA GAA ACT AGG AAC GAT TAT GAA GAC AAC AAA TTG TAT GAA CAA TCA GAA GGC GGT TTG CGT CAG GAT GAC CAG TCT GAA CTG TCT ATC TCC ATG GTG TTG GAC AGA GTT AAG CAA AAT GTG AAA AGC AAG AGA GAA CCC GTC GAT TCT CAA CTA AAA GAG ATA TAT AAA CAG AGT GAA TTG ATC TGT CCA GAT TAC AAG CAA TAC AGA TAC ATG GGC AAG GAG CTG GAA GAT AAG ATC GAA ACA TAT TTG ACT ATA AAG CAA AGA GAG TTG ATC CCA AAT CCC TTG TTA TTA GAG GAA TAT TAC AGA GAA GTC AAA TAT CCC ACT TCT ATC GAT GAT GAA ACC GAA GTT TAT GAA TAT TCT AGC GAT AGA TTT CAC GAC GGT GAA TAT GAA CAA CAA AAT AGA CAG TAT CTG TCT CAA GAA TGC GAG AAC GAA CAG AAG TAT AAA TCT ATC TCC TTA ACT GAT AGA GAT TTA TCC TTT AGT TCC GTC AAA AAT TAT AAC CAT GAG TCT CCC AGA AAA TCT CAA TAT GAT GCT AAA TTC AGA GAT AAA ACT GTG GAT CTA GGC AAA CCA TTG AAG ACT TAT GCT TCC ACC GCC GAG GAG GCA ACG CAG GAA AGC AAC TCA ATA AAA GGT ATT AAA GAA CGT TAT GAA CAT GAA ATC AAG ATG CAG ATT AAA GTG AGG GAT CCC ACG GCC GAA CGC GAC ATT CAG GAA CAA TCC TTA GTG 
Spar                            TTG TTC TCT GAT AGG TCT AGG CGT TTG TCT TCT TTA ATA GAT GAG CCC GCT CCG AAC GAC GAA TAT CTT CCC ATA CAT GAA TCC AGG GAA GTC TTG GAA CAA CAA GCC GCT AAA TTA TAT CGT GTC AGA ATA ACA TCA GTG CCA AGA TTT ACC GAT ATG ATC TAT TTG TAT TTT GAC AAG CAT TAT GTG CTT AAT GTC ACA TCT GGC GAT TCC GGT GAA AAG CAG ATT GGC GCT AAA TCA CCA CAA TAC AAG AAT ACT ACA AAG GAC GAT GAA GAA AAC CCT TAT ACA AGG GAA GGA AAT TTA TCC GAA GCT GTC GGC AAT CAG TCA TCT TAC GTG TCT CCA CAC CAT GAA CTT AGT GAG ATC TTG GGT GTG AAT GAA TTT TTT CCC GTC AAA TGG TTA AAA GAA AGG TTC TAC GAC AAT AGG AAA CAA CGT GCT TTA AGG TTG CAG TTT GAC CAT GAA GAA ACA CGG AAT GAT TAT GAG GAC AAC AAA TTG TAT GAA CAA TCT GAA GGC GGT TTA CGT CAA GAT GAC CAA TCT GAG CTG TCT ATT TCC ATG GTG TTG GAC AGG GTT AAA CAA AAC GTG AAA AGT AAG AGG GAG CCT GTC GAT TCT CAA TTA AAA GAA ATA TAC AAA CAG AGT GAG TTA ATC TGT CCA GAT TAC AAA CAA TAT AGG TAC ATG GGT AAA GAA TTG GAA GAT AAG ATC GAG ACA TAC TTG ACT ATA AAA CAA AGA GAG TTG ATC CCT AAC CCT TTG TTA TTA GAG GAA TAT TAC AGA GAA GTC AAA TAT CCC ACT TCC ATC GAC GAC GAA ACC GAA GTT TAT GAA TAT TCT AGT GAT AGA TTT CAT GAC GGT GAG TAT GAA CAG CAG AAT AGG CAG TAT CTA TCT CAA GAA TGC GAA AAC GAA CAG AAA TAC AAA TCT ATT TCC TTA ACT GAT AGG GAT TTG TCC TTT AGT TCC GTC AAA AAT TAC AAT CAT GAA TCT CCT AGA AAA TCC CAA TAT GAC GCT AAG TTT AGG GAT AAG ACG GTG GAC TTA GGC AAA CCA TTG AAG ACA TAT GCT TCC ACA GCC GAG GAG GCT ACG CAG GAA AGT AAC TCA ATA AAA GGT ATT AAA GAG CGT TAT GAA CAT GAG ATC AAA ATG CAG ATC AAA GTG CGG GAT CCT ACG GCC GAA CGT GAC ATC CAA GAA CAA TCC TTG GTG 
Ncas                            ATG TTC TCC ACT GAA TCA AGG CGT TTA AGT TCA TTG ATT GAT GAA CCT GCT GAT ACA GAT GAA TAT CTA CCA ATT AAT GAA TCA AGA GAA GTT CTT GAA CAA AGA GCT GCT AAG TTG TAC CGT GTG AGG ACA ACT TCA GTG CCA AGA TTT ACG GAT ATG TTA TAT TTG TAC TTG GAT AAA CAT TAT GTG CTA AAC GTG ACT TCT GGG GAT ACT GGT GAG CAA CAA ATT GGG GCT AGA TCA CCG CAA TAT AAG AAT ACT CCA AAG GAT GAT GAA GAT ACG TCC TAT ACG AGA GAG GGT AAT TTA ACT GAA GCT ATT GGT AAT CAA TCA TCA TAT GTG TCA CCA CAT CAT GAA CTA GCC GAA ATT TTG GGT GTG GTA GAA TTC TTT CCA GTT AAA TGG TTA AAT GAA AGA TTT TAT GAT AAT AGA AAA CAG CGT GCC TTA AGA TTA CAA TTC AAT AAT GAA GAA ACT AAG AAT GAT TAT GAA GAT ACA AAG ATG TAT GAA CAA TCA GAA GGG GGT TTA CGT AGA GAT GAT CAA TCA TCC TTG TCG ATT ACT ATG GTT ATG GAT AGA GTA AAG AGA AAC GTT AAT GCC AAA AGA GAA CCA GTG GAT TCG CAA TTA AAA GAA ACA TAT AAA CAA ACT GAA GTG ATT TGT CCA GAT TAT AAA CAA TAT AGA TAT ATG GGT AAG GAA TTG GAT ACT AAA ATT TCC ACC TAC TTA ACT ATT AAG CAG AGA GAG TTG ATT CCC AAC CCA ATG CTT CTT GAG GAA TAT TAT ACG GAA GTT AAA TAT CCT ACT TCT ATT AAT GAT GAT ACG GAA ATT TGG GAT TAC TCA GCC GAT AGA TTT CAT GAT GGT GAA TAT GAA CAA CAA AAT AGA CAA TGG TTA TCA CAA GAA TGT GAA AGT GAA CAA AAG TAC AAA TCA ATT TCT TTA ACT ACT AGA GAT TTA TCT TTC ACT ACT GTG AAA AAT TAT AAT AAT GAA TCA CCA AGA AAT TCT CAA TAC GAT GCT AAG TTT AGA GAT AAG ACT GTT GAT TTA GGG AAG CCA TTA AAG ACT TGG GCT TCA CCA GCA GAG GAG GCA ACT CAA GAA GCC AGT TCA ATT AAA GGT ATT AAA GAA CGT TAC GAA CAT GAA ATT AAG ATG CCC TTA AAG GTT AAG GAT CCA ACT GCA GAA CGT GAT TTA AGA GAA CAG TCT TTA GTG 
Cgla                            ATG TTC TCA ACA AAG TCA AGA AAG CTC AGA TCA CTG ATC GAT AAC CCC GCA GAA ACC GAC GAA TAT CTG CCG ATC CAT GAA TCA AGA GAA GTT CTA GAG CAT AGG GCC GCT AAA CTG TAT CGA GTT AGA ACT ACC TCA GTG CCA AGG TTC ACT GAC ATG GTG TAT TTG TAT TTC GAT AAA AAC TAC GTA CTG AAT GTA ACC TCA GGG GAC AGT GGG GAG CAG CAG ATC GGG GCA AAG TCA CCA CAG TAC AAA AAT ACA CCA AAG GAT GAC GAG GAT GAT GGA TAT GAG CGC GAA GGG AAT TTG AGT GAT GCA GTC GGT AAT CAA TCA TCA TAC GTG TCA CCA CAT CAC GAA CTG GCA GAA ATT CTA GGT GTG TCT GAA TTC TTC CCG GTT AAG TGG TTA AAA GAA CGC TTC TAC GAT AAT AGA AAA CAA CGT GCA TTA CGC CTA CAA TAT AAC CAT GAA GAA ACC AGA AAT GAC TAT GAA GAC ACC AAA ATG TAC GAA CAG TCA GAG GGG GGA TTA CGA AGG GAT GAT CAA ACA TCC TTG TCA ATC AGT ATG GTG ATG GAC AGA GTT AAA CAA AAT GTG AAA GCA AAA CGC GAA CCT GTA GAT TCA CAA TTG AAA GAA ACT TAC AAG CAA ACT GAA CTG ATA TGT CCA GAT TAT AAA CAG TAT AGA TAC ATG GGT AGG GAA CTA GAG ACA AAA ATA TCC ACG TAT CTC ACC ATC AAA CAA AGG GAA TTG ATA CCA AAT CCT ATG CTT CTA GAA GAA TAC TAT ACT GAA GTT AAA TAT CCC ACC TCT ATT AAC GAT GAG ACT GAA ATC TGG GAG TAT TCT GCA GAC AGG TTT CAC GAC GGG GAA TAT GAG CAA CAA AAT AGA CAA TGG TTG TCA CAG GAA TGT GAA TCT GAA CAG AAG TAT AAG TCA ATC TCA TTA ACA ACA CGC GAC TTG TCT TTC ACT AGT GTT AAG GAT TAC AAT CAT GAA ACA CCT AGG AAA TCT CAG TAT GAT GCA AAA TTC CGC GAT AAG ACT GTG GAT TTG GGG AAG CCT TTA AAG ACC TGG GCT TCA CCA GCA GAA GAA GCA ACG CAA GAA GCA TCT TCT ATC AAG GGG ATT AAG GAA CGT TAT GAT AAC GAA ATT AGG ATG TCT GTG AAA GTG AGA GAT CCT ACG GCA GAA AAG GAC GTG AGG GAA CAA TCA ATG GTG 
Agos                            TTG TTC AGC GAC CAG GCC CGG CGG CTG TCT TCT CTA ATC GAC GAG CCA GCT CCG AAC GAC GAG TAC CTC CCT ATC AAC GAA TCA CGA GAA GTC CTA GAG CAG AAG TCT GCA AAA CTA TAC AGA GTC CGG ATG ACG ACC GTT CCG AGA TTC ACA GAT ATG ATT TAC CTG TAC TTT GAC AAG CAC TAC ATT CTC GAT GTT ACG TCG GGT GAT TCG GGC GAG CGG CAG GTC GGT GCA AAA ACC CCC CAG TAC AAA AAC ACG ACA AAG GAC GAT GAG GAA CAG GCT TAT CTG CGC GAG GGG AAC CTG TCG GAT GCT GTG GGT AAC CAG ACC TCT TAC GTT GCC CCG CAT CAT GAA CTC AGC GAG ATC TTA GGT GTT AAG GAG TTC TTT CCT GTC AAA TGG CTG AAG GAA CGC TTT TAC GAC AAT CGG AAA CAA CGC GCC CTG CGC CTC CAG TTT AAT AAC GAA GAA ACG CGT AAC GAC TAC GAA GAC AAC AAG TTG TAC GAA CAG TCT GAA GGT GGC CTG AGA AAG GGC GAC CAA TCG CAT ATA TCT GTC TCG ATG GTT TTG GAC CGG GTG AAG CAA AAC GTT AAC AGC AAG CGC GAA CCT GTT GAT TCT CAA CTG AAA GAA ATG TAC AAA CAG AGC GAG CTG ATT TGC CCG GAC TAC AAG CAG TAT CGG TAC ATG GGT AAA GAA TTA GAG GAC AAG ATT CAT ACC TAT CTG ACC ATC AAG CAA AGA GAT CTG ATT CCC AAC CCT TTG TTA CTA GAT GAG TAC TAC ACG GAA GTC AAG TAC CCA ACC TCA ATT AAT GAT GAG ACA GAG GTC TAC GAG TAC TCG AGC GAC AGG TTC CAC GAC GGC GAG TAC GAG CAG CAG AAC CGG CAG TAC CTT GCC CAG GAG TGC GAG GAC GAA CAG AAA TAT AAG GCC GTC TCG CTG ACG GAC CGC GAT TTA TCC TTC AGC TCG GTC AAG AAC TAC AAC AAC GAG TCG CCT AGG AAG TCA CAG TAC GAC GCT AAG TTC CGC GGC AAA ACC GTT GAT CTG GGT AAG CCC TTG AAG ACG TAC GCA TCA ACA AGT GAT GAT GCA ACG CAA GAG AGC GAC TCT ATC AAG GGC ATC AAG GAG CGC TAT GAT CAC GAA ATC AAA ATG GAG ATT AAA GTT CGT GAC CCT ACG AGT GAA CGG GAC ATT AAG GAG CAA TCG GTC GTT 
Klac                            TTG TTC TCG GAT GCC GCT AGG AGA TTG AAC TCT TTG ATC GAT GAA CCG GCT CCT AAC GAT GAG TAT TTG CCT ATC AAT GAG TCT AGA GAA GTT CTA GAG CAA CAA GCC GCC AAA TTG TTC CGT GTC AGA ATG ACA ACA GTG CCT AGA TTT ACT GAT ATG ATT TAT CTA TTC TTC GAC AAA CAT TAC ATC TTG GAT GTG ACA TCT GGT GAT TCC GGG GAA AGG CAA ATT GGT GCT AAA ACA CCA CAA TAT AAG AAT ACC ACA AAG GAC GAT GAA GTT CAA GCT TAC TCT AGG GAG GGC AAC CTA TCC GAA GCT GTT GGC AAT CAA ACA TCT TAT GTG GCT CCT CAT CAT GAG TTG AGC GAA ATT ATT GGA GTG AAC GAA TTC TTC CCT GTT AAA TGG CTC AAA GAA AGG TTC TAC GAC CAT AGG AAA CAG AGA GCT CTC AGG CTA AAG TTC AAC AAT GAA GAG ACA AGA AAT GAT TAT GAA GAC AAC AAG TTG TAC GAA CAA TCT GAA GGT GGT TTG CGT CAA AAT GAT CAA TCT AGC CTA TCG ATT TCC ATG GTT TTG GAC AGA GTA AAA CAA AAT GTT AAC AGC AAA AGG GAA CCA GTG GAT TCG CAA CTA AAA GAA ATG TAC AAA CAA AGT GAA TTG ATC TGT CCT GAT TAT CGT CAA TAC AGA TAT ATT GGA AAA GAA ATT GAA GAT AAA ATC AGC ACC TAC TTG ACT ATC AAA CAG AGA GAA CTA ATC CCC AAT CCA TTG TTA TTA GAA GAA TAC TAT ACG GAA GTT AAA TAC CCG ACT TCA ATT AAC GAC GAA ACT GAA GTA TAC GAA TTC TCA AGC GAT AGA TTT CAT GAC GGG GAA TAC GAA AAG AAG AAC AGA CAA TAC TTG GCT CAA GAA TGT GAG AAC GAA CAA AAG TAC AAA GCT ATT TCT CTC ACC GAT AGG GAT TTA TCG TTC AGT TCC GTC AAA AAT TAC AAT AAT GAG TCT CCA AGA AAA TCA CAA TTC GAC GCT AAA TTT AGG AAT AAA ACA GTT GAC CTA GGT AAG CCT CTT AAG ACA TAC GCC TCT ACA TCT GAA GAA GCA ACG CAA GAA AGC AAC TCC ATC AAA GGG ATT AAA GAA AGA TAC GAA CAT GAA ATT AAA ATG GAA ATT AAA GTT AGA GAT CCA ACG TCT GAG AGA GAC ATT CAA GAA CAG TCT ATA GTG 
Calb                            ATG TAT TCC GAT CAA TCA AGA AAA TTG GAT TCT TTA ATT GAT CAA CCA GCT CAA ACT GAC GAA TAT TTA CCG ATT TCA GAC TCA AGA GAA GTT TTG GAA CAA CAA GCA TCA AAG TTA TTC CGA GTG AAA CAA ACT AGT GTC CCT AGA TTT ACC GAT ATG GTT TAT CTT TTC TTT GAT AAA CAT TAC GTT TTA ACA ATT ACT GGG GGT GAT TCA GTA GAG CGA CAA ACA GGT GCA AAA AGT CCA CAA TAT CGA AAT ACT CCA AAA GAT GAT GAA TCG CCG GCT TAT AAC AAC GAA AGT AAC TTA TCA ATT GCT AAG TCT AAT CAA AGT TCT TAT GTC TCA CCT CAT CAA GAC TTA GCA GAA ATC GTT GGG GTC AGT GAA TTT TTT CCG GTT AAA TTC TTA AAA GAG AAC TAT TAT GAT AAT AGA AAG AAC AGA GCT TTA AAC TTA CAA TAT AAT TCA GAG GAC ACT AGG GCC GAT TAT GAA GAT ACT AAA ATG TAC GAA CAA TCT GAA GGT GGA TTG CGA CAA CCT GAT CAA TCA AAA ATA AGT ACA TCA ATG GTT ATG GAT AGA GTC AAA AAG CAG GTT AAG GCA AAA AAC GAA CCA ATT GAT AGT CAA TTA AAG GAA CAA TAT AAA CAA ACT GAA AGA ATC TGT CCT GAT TAC CGT CAA TAT AGA TAT ATG GGG AAA GAA GTT GAA GAT AAA ATC AAA ACA TAT TTG ACA ATT AAG AAC AGA GAA CTT ATC CCT CAG CCA ATG TTA TTG GAA GAA TAC TAC TAT GAG GTT AAG TAT CCA ACA CCA ATT AAT GAT GAA ACC GAA GTG TAT GAA TTC TCA GCA GAT AGA TTT CAT GAT GTA GAA TAT GAA CAA CAA AAC AGA CAA TAT TTA TCA CAA GAA TGC GAA AAT GAA CAA AAA TAT AAA TCA ACA GCA TTA ACT GAT AAC GAT TTA TCA TTT ACT TCA GTG AAA GAT TAT GCC TCA GAA TCA CCA AGA AAA CCA CAA TTC GAT GCT AAG TTT AAC CCT AAA ACA GTT GAT TTA GGT AAA CCA TTG AAA ACT TAT TCA TCA CCA GCC GAA GAA GCA ACT CAA GAA GCA AAT TCC ATT AAA GTA ATT AAA GAA AGA TAT ATT CAT GAA ATC AAA ATG GAG GTT AAG GTT AGG GAT CCA ACT GCC GAC AAA GAT GTT CAA GAA AAC GCA GTC GTC 



Printing out site pattern counts


         9        645  P

Scer                            AAA AAA AAA AAA AAA AAA AAA AAA AAA AAA AAA AAA AAA AAA AAA AAC AAC AAC AAC AAG AAG AAG AAG AAG AAG AAG AAT AAT AAT AAT AAT AAT AAT ACA ACA ACA ACA ACA ACC ACG ACG ACG ACT ACT ACT ACT AGA AGA AGA AGA AGA AGA AGA AGA AGG AGG AGG AGT ATA ATA ATC ATC ATC ATG ATG ATG ATT ATT ATT ATT CAA CAA CAA CAA CAA CAA CAA CAA CAA CAA CAA CAG CAG CAT CAT CAT CAT CAT CCA CCA CCA CCC CCC CCC CCT CCT CGG CGT CGT CGT CTG CTG CTG CTT CTT CTT GAA GAA GAA GAA GAA GAA GAA GAA GAA GAA GAA GAA GAA GAC GAC GAC GAC GAC GAG GAG GAG GAG GAG GAG GAT GAT GAT GAT GAT GAT GAT GAT GCA GCC GCT GCT GCT GCT GCT GGA GGA GGG GGT GGT GGT GGT GTC GTC GTC GTC GTG GTG GTG GTT GTT TAC TAC TAC TAT TAT TAT TAT TAT TAT TAT TAT TCA TCA TCA TCA TCA TCA TCC TCC TCC TCC TCG TCG TCT TCT TCT TCT TCT TGC TGG TGG TGT TTA TTA TTA TTA TTA TTA TTA TTC TTC TTG TTG TTG TTG TTG TTG TTG TTT TTT TTT TTT TTT TTT 
Sbay                            ... ... ... ... ... ... ... ... ... ... ... ... ... ..G ..G ... ... ... ..T ..A ..A ... ... ... ... CGA ..C ... ... ... ... ... G.. ... ... ... ..C .GT .G. ..A ..C ..C ... ... ... GA. ... ... ... ..G C.C C.T C.T GA. ..A ... CA. ..C ... ... ... ... ..T ... ... T.. ..A ..C ..C ... ... ... ... ... ... ... ... ..G ..G ..G G.. ..A ... ..C ..C ... ... ... ... ... ..T ..A ... ..T ..C ... A.. ..G ... ... ... T.. T.. ..A ..G T.A ... ... ... ... ... ... ... ... ... ... ... ..G ..G ... ... ..T ..T ..T ..A ... ... ... ... .GT ..C ..C ..C ..C ..C ... ... ... ... ..G ..A ..C ... ... ... ..C ..G ... ..C ..C ... ... ... ... ..T ..T ..C ... ... ..C ... ... ... ..T ..C ..C ..C ..C ..C ... ... ... ... ... ... ... ... ..T A.. ... ..T ..T ..A ... C.C ..A ..C ..C ..G ..T .AC ... ..C C.. C.. C.G ... ... ..G ..G ... ... C.. C.. ..A ..A ... ... ... ..C ..C ... ... ... ... 
Smik                            ... ... ... ... ... ... ... ... ... ..G ..G ..G ..G ... ..G ... ... ..T ... ..A ..A ..A ... ... ... ... ... ... ... ... ... ... ... ... ..C ..T ... .GT .G. ..T ..C ... ... ... ... GA. ... ... ... ... ... ... C.T CAG ... ..A C.. ..C ... ... ... ... ... ... ... T.. ..A ..C ... ... ... ... ... ... ... ..G ..G ... ... ..G ..G ... ... ..C ..C ... ... ... ... ... ... ..T ..T ... ..C ..A A.. A.A ..C ... ... T.A T.. T.A ... ..G ... ... ... ... ... ... ... ... ... ... ..G ... ..G ... ..T ... ..T ..T ... ..A ... ... ... ..A ..C ... ... ... ... ..A ... ... ..T ... ..A ... ..C ... ... ..C ... ..C ..C ... ... ... ... ..T ... ..T ... ..A ... ..C ... ... ... ..T ..C ... ... ... ... ... ... ... ... ... ..C ..T ..T ..T ... ... ... ..T ... ..T C.. ..C ... ... ... ..T .AT ... ..C ... ... ... ... ..G C.. ..G ... ... ... ... ... ... C.. ..A ... ..C ... ..C ... ... ... 
Spar                            ... ... ... ... ... ... ... ... ... ... ... ... ..G ... ... ... ..T ... ... ..A ... ... ..A ... ... ... ... ..C ... ... ... ... ... ... ..C ... ... .GT .GT ..A ..A ... ..G ... ... GA. ... ... ..G ... ..G ..G C.T CA. ... ... ... ... ... ... ... ... ... ... ... T.. ..A ... ..C ... ... ... ... ... ..G ... ..G ... ... ..G ... ... ... ..C ... ... ... ... ... ..T ... ..A ... ... ... ..G ... A.A ... ... ... T.A T.. T.A ... T.G ... ... ... ... ... ... ... ... ... ..G ... ... ... ... ... ... ... ..T ... ... ..A ..A ... ... ..C ..C ... ... ... ..A ... ... ..T ... ... ... ..C ... ... ..C ... ..T ..C ... ..C ... ... ... ... ..T ... ... ... ..C ... ... ... ... ... ..C ... ... ... ... ... ... ... ..T ..C ..T ..T ..T ... ... ... ... ..A ..T C.. ... ... ... ... ..T .AT ... ..C ... ..G ..G ... ..G ... ... ... ..T ..A ... ..A ... C.A ... ... ... ... ..C ... ... ... 
Ncas                            ... ... ... ... ..G ..G ..G ..T ..T ... ..G ..G ... .G. ..G .GT ..T ... .CA ..A ... ... ... ... ... C.A ... .CG ... ... ... GTA ..C ..G ..G ..T ..C ..T G.. ..T C.A ..T ... ... ... ... .CG ..G ... ... ... ..G C.T ... ..A ..A GAA GCC .C. ..T ..T ..T ..T ... ... ... ... ... T.A ... ... ... ... ..G ... ... ... AG. ... ... AG. ..A .CC ... ... A.. ... ... ... ..C ... ..G ..A ..T ..A GA. AA. A.A ... ... T.. ..T T.A T.A ..A T.G ... ... ... ... ... ... ..G ..G ..T ... ... ... ... ..T A.T ..T ..T ACT ..A ..A ..A ..A ... TCC ... ... ... ... ... ... ... ... ..C ..A ..A ... ... ... ... ..G ..T ..T ..G ... ... ... ..G A.T ..G ..A ... ... ..T ... A.. ..T ..T ... ... ... ..C ... .GG ..C ... ... ... ... ..T ... ..T ..G A.T ..T ..A ..T ..A ..A ..C ..C AG. ..A ..A ..T ... ... ... ... ... C.T C.T ... ... ..G ..T ..G G.. ... ..A ..A ..A ..A A.. ... ..C ..C ..C ... ... 
Cgla                            ... ... ..G ..G ... ... ..G ... ... ... ... .GG ... ..G ... TCT ..T ..T .C. ... ..A ... ... ..A ... C.. ... G.. ... ... G.. TC. ... GAG ..T ..C ..G ..T G.A ..C C.A ... ... ..A ..C ..A .CT ... ... ..G C.C ... C.. ..G ..A ..A .A. GCA .CT ..C ..A ..T ..T ... ... ... ..C ..C G.G ... ... ..G ..T ... ... ... ... ... ..G ..G AGG ..A TCT ... ..C ... A.C ..C ... ... ..T ..A ..G ... ... GAA A.A A.G AAG ... T.. ..T ..C T.A ..G ..A ... ... ... ... ..G ..G ... ..G ..G ... ... ..T ... ... A.. ..T ..T ACA A.C ..A ..A ... ..A TCC ..C ... ..C ..C ... ... ... ... ... ..A ..A ... ..C ..A ..A ..G ..G ..T ..G ..G ... ..A ..T ... ..A ..T ... ..A ... ... A.C ... ..T ..T ... ..C ... ..C .GG ... ... ... ..T ... ..T ... ... ... AGT ..A ..A ..T ..A A.A GGA ..A AGA ... A.A ..T ... ... ... ... ..G C.. C.. C.. ..G C.G ... ... C.. ... ..A ..A ... A.. A.. ..C .A. ..C ..C ..C ... 
Agos                            ... ..G ... ..G ... ..G ..G ..C ..G ..G ..G ... ..G ... ..G G.. ... ... ... ..A ... ..A ..A ..A ... CG. ..C C.G ..C ... ..C ..G G.. CTG ... ..G ..C .GC .G. ... ..A ... ..C ..G ..C GAC .CG C.G C.G ... C.C C.G ... .AG C.. C.A CA. ..C ..G ..C ..T ... ..T ... ... T.. ..C G.C ... ..C ... ..G ..G ... ..G ... ... ... ..G ..G A.G ... G.. ... ..C A.C ..C ... ..G ..C ..C ... ..T ..A ... ..G ..T A.G ..G ..C A.A T.A ... ..G ..C T.A ... ... ... ..G ... ..G ..G ..G ..G ... ... ..T ..G ... A.T ... ... ... ... ... ... ... ..T C.T ..C ... ..C ... ... ..A ..C .GC ..C AGT ..A ..A T.. ..A ... ..T ..G ..T ... ..C ... ..C ... ..G ..T ..G ..T A.T ..T ..C ..C ... ... ..T ... ..C ..C ..C ..C ... ..C ..C ..T ..T ..C G.C ..G ..T ..G ..G ..A ..A A.C ... G.. AGC ... ..G ..G ... .AC ... ..C C.G ... C.. C.. C.C C.G C.. ..T ..T C.. C.. C.. ... C.T G.C ... ..C ... ..C ..C ... ..C 
Klac                            ... ... ... ... ... ..G ..G ..C ... CGT ... ... ... ... ... ... ..T ..T ... ..A ..A ..A ... ... ... .G. ... C.A ..C C.. ... ..C G.. T.T ..T ... ..C .GT .G. ..A ..A ... ..A ..C ... GA. .CG ... ... ... ..G ..G C.T CA. ... ..A GCC ..C ..G ..C ... ..T ..T ... ..T T.. ..C ... ... ... ... ... ... ..G A.G ... ... ... ... ... ... ..A G.A ... ... A.. ... ... ..T ..C ..T ..A ..T ..G ..A ... A.A A.A A.A A.A ..A T.A T.. ..C T.G A.. ... ... ..G ... ... ... ..G ... ... ... ... ... ..G ..T A.. ..T ... ..T ..A ..A ... ... ..A AGC ..C ..C ... ... ... .T. ... A.. ..T T.T ..A ..C ..C ... ... ..T ..C ..A ... ..G ..C ... ... ..T ..G ..A ... A.C ..T ... ..A ..T ..T ... ..C ..C .TC ..C ..C ..C ..C ... ..C ..T ..G G.T ..T ..G ... ..T ..T ..A A.A ..T G.. ..G AAC ..A ... ..T .AC ... ... C.C ... C.. ... C.. C.. ..G ... ... ... C.A ... C.T ... A.A ... ... ..C ..C ..C ..C ... 
Calb                            ..G ..G ... ... ..G ... ... ..G ... CGT ..G ... ... ... ... ..T GC. C.G .CT ..A ... ..A ..A CGA ..A CGA ... CCG ..C ... G.. .G. .CA .AC ..C ..T ... ..T G.A ..T C.A ..T ..A ... ..A GA. TAT .A. ... ... .AC ... C.. CA. ..A ..A CAA GCA CA. ..T ... ... ..T ... ... ... ... .CA G.. ... ... ... ... A.C ... ... ... A.G ... ... ... ..A G.. ... ... TCA ... ..A ..T ..T ... ..A ..G ..A ..A .AA A.. A.A AAA A.A A.A T.A T.. T.A T.A G.. ... ..G ..C ... ... ... ... ..G ... ... ... ATT ... ... A.T ..T ..T ..T C.A ..A ..A ..A ..A A.A ... ... ... ... ... TCG ... CC. ..T ... ..A T.A ..A ..A ... ..T A.T ... ... .TA TC. ..A ..G AAG A.T ... ..C ..T ..T ... ..G ..T ... ..T ... ... .TC ..C ... ... ... ... ..C ..T ... ... GGG AGT ..A G.A ..A C.A AGT ..A G.. ..C GA. ..A ..A ..T .AT .TC ..C ... ... ..G ..G ... ... ... .AT ..T AGA C.T ... ... ..A G.C A.. ... .A. .A. ... ... ... 

    2    1    1    4    2    1    1    1    2    1    1    2    3    1    1
    2    2    2    2    1    1    1    1    1    2    1    2    1    2    1
    1    1    1    1    2    1    1    2    1    3    2    2    1    2    2
    2    1    1    3    2    6    1    2    1    1    1    1    3    2    2
    3    2    1    3    1    2    2    3    3    1    1    4    1    3    3
    1    1    1    1    2    2    3    1    1    1    3    2    1    3    1
    1    1    2    2    4    1    2    2    2    2    1    1    2    1    3
    2    3    3    4    6    1    2    1    1    3    3    2    2    2    1
    2    1    4    1    1    4    1    1    4    2    4    2    2    4    1
    1    3    2    1    2    1    2    1    1    3    2    1    2    2    3
    1    1    2    1    2    1    4    1    4    3    1    3    2    2    2
    3    4    3    2    1    2    3    1    3    1    4    1    2    4    2
    2    2    3    1    1    1    1    1    1    1    1    1    1    2    1
    1    1    1    3    2    1    1    1    2    1    1    1    1    2    2
    1    1    2    1    1

CODONML (in paml version 4.9j, February 2020)  temp.nuc
Model: One dN/dS ratio, 
Codon frequency model: Fequal
ns =   9  ls = 392

Codon usage in sequences
--------------------------------------------------------------------------------------------------------------------------------------
Phe TTT   8   5   5   8   5   1 | Ser TCT   5   6  13  15   6   9 | Tyr TAT  20   8  21  18  18  17 | Cys TGT   1   1   1   1   2   2
    TTC   2   5   5   2   4   8 |     TCC  10   4  10  11   4   2 |     TAC   7  20   7  10   7   9 |     TGC   1   1   1   1   0   0
Leu TTA  11   6   8  12  17   5 |     TCA  12  14   4   4  16  18 | *** TAA   0   0   0   0   0   0 | *** TGA   0   0   0   0   0   0
    TTG   9  14  14  15   8   8 |     TCG   4   2   3   0   2   0 |     TAG   0   0   0   0   0   0 | Trp TGG   2   1   1   1   4   4
--------------------------------------------------------------------------------------------------------------------------------------
Leu CTT   6   0   3   3   3   1 | Pro CCT   5   4   4   6   2   5 | His CAT   8   6   6   7   5   5 | Arg CGT   6   7   4   6   6   2
    CTC   0   0   0   0   0   2 |     CCC   5   7   6   4   2   2 |     CAC   0   2   2   1   0   2 |     CGC   0   6   2   0   0   6
    CTA   0   4   3   1   3   5 |     CCA   5   5   6   5  12   7 | Gln CAA  20  17  14  15  18  13 |     CGA   0   1   0   0   0   2
    CTG   4   8   4   1   0   6 |     CCG   0   0   0   1   1   2 |     CAG   4   6  11  10   3   8 |     CGG   2   2   1   2   0   0
--------------------------------------------------------------------------------------------------------------------------------------
Ile ATT   9   2   4   4  16   4 | Thr ACT   7   5   9   4  20   8 | Asn AAT   9   8  11  10  16  10 | Ser AGT   3   2   2   6   3   4
    ATC   6  11   9   9   0   8 |     ACC   1   9   4   2   1   8 |     AAC   8   8   6   7   3   5 |     AGC   0   4   4   0   0   0
    ATA   4   6   6   6   0   3 |     ACA   7   7   2   8   4   7 | Lys AAA  24  24  19  23  13  17 | Arg AGA  17   6  17   6  20  10
Met ATG   6   4   4   4   8   9 |     ACG   7   0   2   3   5   3 |     AAG   8   7  13   9  16  15 |     AGG   3   5   3  13   2   9
--------------------------------------------------------------------------------------------------------------------------------------
Val GTT   4   4   3   2   7   6 | Ala GCT   8   5   7   8   7   2 | Asp GAT  19  15  23  15  29  18 | Gly GGT   7   4   5   6   8   3
    GTC   6  10   7   8   0   1 |     GCC   2   2   3   3   5   1 |     GAC   9  16   6  14   0  11 |     GGC   0   7   6   5   0   0
    GTA   0   0   1   0   2   3 |     GCA   1   2   1   0   3  12 | Glu GAA  33  33  36  33  36  34 |     GGA   3   0   1   1   0   2
    GTG   9   5   8   9  10  11 |     GCG   0   2   0   0   0   0 |     GAG  13  14  11  14   6   9 |     GGG   2   3   0   0   4   8
--------------------------------------------------------------------------------------------------------------------------------------

--------------------------------------------------------------------------------------
Phe TTT   4   3   7 | Ser TCT   8  13   4 | Tyr TAT   5   8  23 | Cys TGT   0   2   1
    TTC   6  11   5 |     TCC   1   5   2 |     TAC  23  16   5 |     TGC   2   0   1
Leu TTA   4   3  15 |     TCA   4   3  19 | *** TAA   0   0   0 | *** TGA   0   0   0
    TTG   5  14   6 |     TCG  10   4   1 |     TAG   0   0   0 | Trp TGG   1   1   0
--------------------------------------------------------------------------------------
Leu CTT   1   1   2 | Pro CCT   6   7   6 | His CAT   4   6   4 | Arg CGT   2   3   1
    CTC   4   3   0 |     CCC   3   1   0 |     CAC   3   0   0 |     CGC   8   0   0
    CTA   4   8   0 |     CCA   2   5  12 | Gln CAA   7  19  26 |     CGA   1   0   4
    CTG  13   0   0 |     CCG   4   2   3 |     CAG  16   3   2 |     CGG   9   0   0
--------------------------------------------------------------------------------------
Ile ATT   8  13  10 | Thr ACT   0   4  12 | Asn AAT   3  12   7 | Ser AGT   2   2   7
    ATC   7   8   5 |     ACC   7   3   2 |     AAC  15  11  12 |     AGC   7   6   0
    ATA   1   1   1 |     ACA   4  10   8 | Lys AAA  12  23  26 | Arg AGA   4  15  13
Met ATG   6   5   8 |     ACG   9   3   0 |     AAG  22   9  10 |     AGG   2   9   2
--------------------------------------------------------------------------------------
Val GTT  10   9  13 | Ala GCT   4  10   5 | Asp GAT  14  16  26 | Gly GGT   7   5   4
    GTC  10   2   6 |     GCC   5   4   4 |     GAC  20  10   5 |     GGC   6   2   0
    GTA   0   2   3 |     GCA   4   1   9 | Glu GAA  17  36  33 |     GGA   0   2   1
    GTG   2   6   3 |     GCG   0   0   0 |     GAG  23   9   5 |     GGG   1   3   3
--------------------------------------------------------------------------------------

Codon position x base (3x4) table for each sequence.

#1: Scer           
position  1:    T:0.23469    C:0.16582    A:0.30357    G:0.29592
position  2:    T:0.21429    C:0.20153    A:0.46429    G:0.11990
position  3:    T:0.31888    C:0.14541    A:0.34949    G:0.18622
Average         T:0.25595    C:0.17092    A:0.37245    G:0.20068

#2: Sbay           
position  1:    T:0.22194    C:0.19133    A:0.27551    G:0.31122
position  2:    T:0.21429    C:0.18878    A:0.46939    G:0.12755
position  3:    T:0.20918    C:0.28571    A:0.31888    G:0.18622
Average         T:0.21514    C:0.22194    A:0.35459    G:0.20833

#3: Smik           
position  1:    T:0.23724    C:0.16837    A:0.29337    G:0.30102
position  2:    T:0.21429    C:0.18878    A:0.47449    G:0.12245
position  3:    T:0.30867    C:0.19898    A:0.30102    G:0.19133
Average         T:0.25340    C:0.18537    A:0.35629    G:0.20493

#4: Spar           
position  1:    T:0.25000    C:0.15816    A:0.29082    G:0.30102
position  2:    T:0.21429    C:0.18878    A:0.47449    G:0.12245
position  3:    T:0.30357    C:0.19643    A:0.29082    G:0.20918
Average         T:0.25595    C:0.18112    A:0.35204    G:0.21088

#5: Ncas           
position  1:    T:0.23724    C:0.14031    A:0.32398    G:0.29847
position  2:    T:0.21173    C:0.22959    A:0.43367    G:0.12500
position  3:    T:0.39031    C:0.06633    A:0.36735    G:0.17602
Average         T:0.27976    C:0.14541    A:0.37500    G:0.19983

#6: Cgla           
position  1:    T:0.21173    C:0.17347    A:0.30612    G:0.30867
position  2:    T:0.20663    C:0.21939    A:0.44133    G:0.13265
position  3:    T:0.24745    C:0.16582    A:0.35204    G:0.23469
Average         T:0.22194    C:0.18622    A:0.36650    G:0.22534

#7: Agos           
position  1:    T:0.18622    C:0.22194    A:0.27806    G:0.31378
position  2:    T:0.21684    C:0.18112    A:0.46939    G:0.13265
position  3:    T:0.19898    C:0.32398    A:0.16327    G:0.31378
Average         T:0.20068    C:0.24235    A:0.30357    G:0.25340

#8: Klac           
position  1:    T:0.21173    C:0.14796    A:0.34184    G:0.29847
position  2:    T:0.22704    C:0.19133    A:0.45408    G:0.12755
position  3:    T:0.29082    C:0.20918    A:0.32653    G:0.17347
Average         T:0.24320    C:0.18282    A:0.37415    G:0.19983

#9: Calb           
position  1:    T:0.22704    C:0.15306    A:0.31378    G:0.30612
position  2:    T:0.21429    C:0.22194    A:0.46939    G:0.09439
position  3:    T:0.33673    C:0.11990    A:0.43367    G:0.10969
Average         T:0.25935    C:0.16497    A:0.40561    G:0.17007

Sums of codon usage counts
------------------------------------------------------------------------------
Phe F TTT      46 | Ser S TCT      79 | Tyr Y TAT     138 | Cys C TGT      11
      TTC      48 |       TCC      49 |       TAC     104 |       TGC       7
Leu L TTA      81 |       TCA      94 | *** * TAA       0 | *** * TGA       0
      TTG      93 |       TCG      26 |       TAG       0 | Trp W TGG      15
------------------------------------------------------------------------------
Leu L CTT      20 | Pro P CCT      45 | His H CAT      51 | Arg R CGT      37
      CTC       9 |       CCC      30 |       CAC      10 |       CGC      22
      CTA      28 |       CCA      59 | Gln Q CAA     149 |       CGA       8
      CTG      36 |       CCG      13 |       CAG      63 |       CGG      16
------------------------------------------------------------------------------
Ile I ATT      70 | Thr T ACT      69 | Asn N AAT      86 | Ser S AGT      31
      ATC      63 |       ACC      37 |       AAC      75 |       AGC      21
      ATA      28 |       ACA      57 | Lys K AAA     181 | Arg R AGA     108
Met M ATG      54 |       ACG      32 |       AAG     109 |       AGG      48
------------------------------------------------------------------------------
Val V GTT      58 | Ala A GCT      56 | Asp D GAT     175 | Gly G GGT      49
      GTC      50 |       GCC      29 |       GAC      91 |       GGC      26
      GTA      11 |       GCA      33 | Glu E GAA     291 |       GGA      10
      GTG      63 |       GCG       2 |       GAG     104 |       GGG      24
------------------------------------------------------------------------------


Codon position x base (3x4) table, overall

position  1:    T:0.22421    C:0.16893    A:0.30300    G:0.30385
position  2:    T:0.21485    C:0.20125    A:0.46117    G:0.12273
position  3:    T:0.28940    C:0.19019    A:0.32256    G:0.19785
Average         T:0.24282    C:0.18679    A:0.36224    G:0.20814

Codon frequencies under model, for use in evolver (TTT TTC TTA TTG ... GGG):
  0.01639344  0.01639344  0.01639344  0.01639344
  0.01639344  0.01639344  0.01639344  0.01639344
  0.01639344  0.01639344  0.00000000  0.00000000
  0.01639344  0.01639344  0.00000000  0.01639344
  0.01639344  0.01639344  0.01639344  0.01639344
  0.01639344  0.01639344  0.01639344  0.01639344
  0.01639344  0.01639344  0.01639344  0.01639344
  0.01639344  0.01639344  0.01639344  0.01639344
  0.01639344  0.01639344  0.01639344  0.01639344
  0.01639344  0.01639344  0.01639344  0.01639344
  0.01639344  0.01639344  0.01639344  0.01639344
  0.01639344  0.01639344  0.01639344  0.01639344
  0.01639344  0.01639344  0.01639344  0.01639344
  0.01639344  0.01639344  0.01639344  0.01639344
  0.01639344  0.01639344  0.01639344  0.01639344
  0.01639344  0.01639344  0.01639344  0.01639344


TREE #  1:  (((((1, 4), (3, 2)), 5), 6), ((7, 8), 9));   MP score: 1260
This is a rooted tree.  Please check!
lnL(ntime: 16  np: 18):  -6485.898715      +0.000000
  10..11   11..12   12..13   13..14   14..1    14..4    13..15   15..3    15..2    12..5    11..6    10..16   16..17   17..7    17..8    16..9  
 0.232148 0.000004 0.666668 0.115581 0.327291 0.185180 0.000004 0.176136 0.650153 0.915817 1.672312 0.178199 0.687576 1.655555 0.557619 3.120433 1.328846 0.035807

Note: Branch length is defined as number of nucleotide substitutions per codon (not per neucleotide site).

tree length = 11.140676

(((((1: 0.327291, 4: 0.185180): 0.115581, (3: 0.176136, 2: 0.650153): 0.000004): 0.666668, 5: 0.915817): 0.000004, 6: 1.672312): 0.232148, ((7: 1.655555, 8: 0.557619): 0.687576, 9: 3.120433): 0.178199);

(((((Scer: 0.327291, Spar: 0.185180): 0.115581, (Smik: 0.176136, Sbay: 0.650153): 0.000004): 0.666668, Ncas: 0.915817): 0.000004, Cgla: 1.672312): 0.232148, ((Agos: 1.655555, Klac: 0.557619): 0.687576, Calb: 3.120433): 0.178199);

Detailed output identifying parameters

kappa (ts/tv) =  1.32885

omega (dN/dS) =  0.03581

dN & dS for each branch

 branch          t       N       S   dN/dS      dN      dS  N*dN  S*dS

  10..11     0.232   865.4   310.6  0.0358  0.0095  0.2664   8.3  82.7
  11..12     0.000   865.4   310.6  0.0358  0.0000  0.0000   0.0   0.0
  12..13     0.667   865.4   310.6  0.0358  0.0274  0.7650  23.7 237.6
  13..14     0.116   865.4   310.6  0.0358  0.0047  0.1326   4.1  41.2
  14..1      0.327   865.4   310.6  0.0358  0.0134  0.3756  11.6 116.7
  14..4      0.185   865.4   310.6  0.0358  0.0076  0.2125   6.6  66.0
  13..15     0.000   865.4   310.6  0.0358  0.0000  0.0000   0.0   0.0
  15..3      0.176   865.4   310.6  0.0358  0.0072  0.2021   6.3  62.8
  15..2      0.650   865.4   310.6  0.0358  0.0267  0.7461  23.1 231.7
  12..5      0.916   865.4   310.6  0.0358  0.0376  1.0510  32.6 326.4
  11..6      1.672   865.4   310.6  0.0358  0.0687  1.9191  59.5 596.1
  10..16     0.178   865.4   310.6  0.0358  0.0073  0.2045   6.3  63.5
  16..17     0.688   865.4   310.6  0.0358  0.0283  0.7890  24.4 245.1
  17..7      1.656   865.4   310.6  0.0358  0.0680  1.8998  58.9 590.1
  17..8      0.558   865.4   310.6  0.0358  0.0229  0.6399  19.8 198.8
  16..9      3.120   865.4   310.6  0.0358  0.1282  3.5809 111.0 1112.2

tree length for dN:       0.4578
tree length for dS:      12.7846


Time used:  0:09
