      9   1179

Scer                            GAT ACT GGT GGA GAC CTA AAC AGT GAA TTG CTA TCC TTA GAT AGA TTT TAC AAC AGA GAT TTC AGA ATT GCG ACA CTA GTC GAT GTG ACT ACC ACA AAA GCT TCC GAA CGA TTC AAC CTA ACA CCT TTC TTT ATG ATC AAG GGT AAG TAC AAG AAA TCC CAT AAT AAA TTC TTA AAG TCG GTA GAT GTA AGA GGA GTT AAG GGT GGC GCG GGA GAA ACG CAT CAA CAC TTG AAG AAC ACA CGG TTG TTT TAC ATT GAA TCT TAT ACT TCG GGT GTT AGA AAG GAT AGA TTA GTC GCG AAT AAC ATG GAA AAG AAG TAC AAC ACG TCC AAG AAG ATT TTC TTC GAC AGA GAT CAA CCT GAT TTC ACG GAC TAC CTA CAA AGA ACC GAC AGA GAT GTA CGA AGA ATG TCT ACC TAC GAT AAA AGA CAT AGG GAT GCG TAC CCT GTC GTG CTT CAT AAT CTG TAC GAA TCC ACA CTT CTA GTT GTT TTA GAA CAA TAT TCC AGA TGG GAA TTG TTG GAA GAT AAG CAT GGT AAT GGA AAC ACT AGA AAT GAA TTT AAG AAC GTT GTG ACT TCT AAA AGT TTT GTC GAA GAA ACT AAG GGT AGA CGA TCT ATG TCC ACT ACC ACC AAA TCA TAC AGT GAA TAC ATC AAA ATC TAT CTG TTC GAT ACT AGA AAT GTT TGG TCC CAA CGA AAG AAG AAA TTG AAG GAC GAT GAT TGG ACT ATT TGT GGT AGT AAA ACT TTG AAT GGA ATA AAC ATC ATT GAT TCC GAT GGT CCT TCT CCA CCT GGT CAA ACT ACC GAT CTG ACA AAG GAT GGT AAG AAA GAC ACT AAC GAA TCT AAA TCT ACT TTA CTA TTT AGA ATT CTA CGA TTG GAC AGT AGA GGT ATT AAC GTT CCT ACT CCA CAA GAT AGT GGA ATT CAA TCC AAG AAC AAG AGT GGA GTT CAT ACA GTC GAA GTA AGT TGG ATA AGC GTC GGC ATT AGA TTA ACG TTG CAA AAC AGG AAG TTC GTT GTC TCA ATA AGT TGT GAA GAC CGT TAT GTT CTG GGC CTA ACT CCA AAA ATT ATG TCC GAT GAG GAT GCC TAT GTT CTT GGT ACT ACT GAT TTC TTC GAA GAC TTA TTG AAC AGC AAG TTT AGA GAT ACT TTA GCC GAT TAC ACA ACT TGT AGA AGT ACC AAT ACC TTG TAC GTC TAT TAT TTT 
Sbay                            GAT ACT GGT GGA GAC TTA AAC AGT GAA TTG CTG TCC TTA GAT AGA TTT TAC AAT AGA GAT TTT AGA ATC GCT GCG CTA GTC GAT GTA ACT ACC ACG AAA GCT TCC GAA CGA TTC AAC TTA ACA CCT TTC TTT ATG ATC AAA GGT AAA TAC AAG AAA TCC CAT AAC AAA TTC TTA AAG TCG GTC GAT GTA AGA GGG GTT AAG GGT GGT GCG GGG GAG ACT CAT CAA CAC CTG AAG AAC ACT CGG TTA TTT TAC ATC GAA TCC TAT ACT TCG GGT GTC AGA AAG GAT AGA TTA GTC GCG AAT AAC ATG GAA AAA AAG TAC AAC ACG TCC AAG AAG ATT TTC TTC GAC AGG GAT CAA CCC GAC TTC TCA GAT TAC TTA CAA AGA ACC GAC AGA GAT GTA CGG AGA ATG TCG ACC TAC GAC AAA AGA CAT AGA GAT GCG TAC CCC GTC GTA CTT CAC AAC CTG TAC GAA TCC ACA CTT TTA GTA GTG TTA GAA CAA TAC TCT AGA TGG GAA CTG TTG GAA GAT AAG CAT GGT AAT GGG AAC ACT AGA AAC GAG TTT AAG AAC GTT GTA ACT TCT AAA AGT TTT GTC GAA GAG ACG AAG GGT AGG CGG TCT ATG TCT ACT ACC ACC AAA TCA TAC AGT GAG TAC ATC AAA ATC TAC CTG TTC GAC ACT AGA AAT GTC TGG TCC CAA CGA AAG AAA AAA CTG AAG GAC GAT GAC TGG ACT ATT TGT GGT AGT AAA ACT TTG AAC GGG ATA AAC ATC ATC GAT TCT GAT GGC CCC TCT CCA CCC GGT CAA ACT ACC GAT CTG ACA AAG GAT GGT AAG AAA GAC ACG AAC GAA TCT AAA TCC ACT TTG TTA TTT AGA ATC TTA CGG TTA GAC AGT AGA GGT ATT AAT GTG CCT ACG CCA CAA GAT AGC GGA ATC CAA TCC AAG AAC AAG AGT GGG GTT CAC ACT GTC GAG GTC AGT TGG ATC AGC GTC GGT ATC AGG TTG TCA TTA CAA AAC AGA AAA TTC GTT GTC TCA ATA AGT TGT GAG GAC CGT TAT GTT CTG GGT TTA ACC CCA AAA ATT ATG TCT GAC GAG GAC GCT TAC GTT CTT GGA ACG ACT GAT TTC TTC GAG GAT TTA TTA AAC AGT AAG TTT AGA GAT ACT TTA GCT GAT TAC ACG ACT TGT AGA AGT ACC AAT ACC TTG TAC GTC TAC TAC TTC 
Smik                            GAT ACT GGT GGA GAC CTA AAC AGT GAA TTA CTA TCC TTA GAT AGA TTT TAC AAC AGA GAT TTC AGA ATT GCG ACA CTA GTC GAT GTA ACT ACA ACG AAA GCT TCC GAA CGG TTC AAC CTA ACA CCT TTC TTT ATG ATT AAG GGT AAG TAT AAG AAG TCT CAT AAT AAA TTC TTA AAG TCG GTA GAT GTG AGA GGA GTT AAG GGC GGT GCG GGG GAA ACG CAT CAA CAC TTA AAG AAC ACA CGG TTA TTT TAC ATC GAA TCT TAC ACT TCG GGT GTT AGA AAG GAT AGA TTA GTC GCG AAT AAT ATG GAA AAA AAG TAC AAC ACG TCC AAG AAG ATT TTC TTC GAT AGA GAT CAG CCT GAT TTC TCT GAC TAC TTG CAA AGA ACC GAT AGA GAT GTA CGG AGA ATG TCC ACC TAC GAT AAG AGA CAT AGA GAT GCG TAC CCT GTT GTA CTT CAT AAT CTG TAC GAA TCC ACA CTT TTG GTT GTG TTA GAA CAA TAC TCT AGA TGG GAA TTA TTG GAA GAT AAG CAT GGT AAT GGA AAT ACT AGA AAT GAA TTT AAG AAC GTT GTA ACT TCT AAA AGT TTT GTG GAA GAA ACT AAA GGC AGG CGG TCT ATG TCC ACT ACC ACC AAA TCA TAC AGT GAA TAC ATC AAG ATC TAC TTG TTC GAT ACT AGA AAT GTC TGG TCC CAA CGG AAG AAG AAG TTA AAG GAC GAT GAT TGG ACT ATT TGT GGT AGT AAG ACT TTG AAT GGA GTA AAC ATC ATC GAT TCC GAT GGC CCT TCT CCT CCT GGT CAG ACG ACC GAT TTG ACA AAG GAT GGT AAG AAG GAC ACT AAC GAA TCT AAA TCT ACT TTG TTA TTC AGA ATT TTA CGG TTA GAT AGT AGA GGT ATT AAC GTG CCT ACT CCT CAA GAT AGT GGA ATT CAA TCC AAG AAC AAG AGT GGG GTT CAT ACA GTT GAA GTA AGT TGG ATA AGC GTG GGC ATC AGG TTG TCT TTG CAA AAC AGG AAA TTC GTT GTG TCA GTA AGT TGT GAG GAC CGT TAT GTT TTG GGT TTG ACT CCA AAG ATT ATG TCT GAC GAG GAT GCT TAT GTT CTT GGC ACT ACT GAT TTC TTC GAA GAC TTG CTG AAC AGT AAG TTT AGA GAT ACT TTA GCC GAT TAC ACG ACT TGT AGA AGT ACC AAT ACA TTG TAC GTG TAT TAC TTC 
Spar                            GAT ACT GGT GGA GAC CTA AAC AGT GAA TTG CTA TCC TTA GAT AGA TTT TAC AAT AGA GAT TTC AGA ATT GCG ACG CTA GTC GAT GTT ACT ACC ACG AAA GCT TCC GAA CGA TTC AAC CTA ACA CCT TTC TTT ATG ATC AAG GGT AAA TAT AAG AAG TCG CAT AAT AAG TTC TTA AAG TCG GTG GAT GTA AGA GGG GTT AAG GGT GGT GCG GGA GAA ACG CAT CAA CAC TTA AAG AAT ACA CGG TTA TTT TAC ATC GAA TCT TAT ACT TCG GGT GTT AGA AAG GAT AGA TTA GTC GCG AAT AAT ATG GAA AAG AAG TAC AAC ACG TCC AAG AAG ATT TTC TTC GAC AGA GAT CAA CCT GAT TTC ACG GAC TAC CTG CAA AGA ACC GAC AGA GAT GTT CGA AGA ATG TCT ACC TAC GAT AAA AGA CAT AGG GAT GCG TAC CCT GTC GTG CTT CAT AAT CTG TAC GAA TCC ACA CTT CTG GTT GTA TTA GAA CAA TAT TCC AGA TGG GAA TTA TTG GAA GAT AAG CAT GGT AAT GGG AAT ACT AGA AAT GAA TTT AAG AAT GTT GTG ACT TCT AAG AGT TTT GTC GAA GAA ACT AAA GGT AGA CGA TCT ATG TCT ACT ACC ACT AAA TCA TAC AGT GAA TAC ATC AAA ATC TAT CTG TTC GAT ACT AGA AAT GTG TGG TCC CAA CGA AAG AAA AAA TTA AAG GAC GAT GAT TGG ACT ATT TGT GGT AGT AAA ACT TTG AAT GGG ATA AAT ATC ATC GAT TCT GAT GGC CCT TCT CCA CCT GGT CAA ACT ACT GAT CTG ACA AAG GAT GGT AAG AAG GAC ACT AAC GAA TCT AAA TCT ACT TTA CTA TTT AGA ATT CTA CGA TTA GAC AGT AGA GGT ATT AAC GTT CCT ACT CCA CAA GAT AGT GGA ATT CAA TCC AAG AAC AAA AGT GGG GTT CAT ACA GTC GAA GTG AGT TGG ATA AGC GTC GGT ATC AGA TTA ACG TTG CAA AAT AGG AAG TTC GTT GTC TCA ATA AGT TGT GAA GAC CGT TAT GTT TTG GGT CTG ACT CCA AAG ATT ATG TCC GAT GAG GAT GCC TAT GTT CTT GGT ACT ACT GAT TTC TTC GAA GAC TTA TTG AAC AGC AAA TTT AGA GAT ACT TTA GCC GAT TAC ACG ACT TGT AGA AGT ACC AAT ACC TTG TAC GTC TAT TAT TTT 
Ncas                            GAT ACC GGT TCC TTG CTA GGA TCC GAA CTA CTA TCC TTA GAT AGA TTT TAT AAC AGA GAA TTT AGA ATT GCT ACA CTA GTA GAA ATC ACA ACT ACC AAA GCA TCA GAA AGA TTA AAC CTA ACT CCT TTA TTT ATG ATC AAA GGT AAG TAT AAA AAA TCC CAT AAT AAA TTT TTG AAG TCG GTA GAT GTA AGG GGA GTT AAG GGT GGG GCC GGT GAA ACC CAT CAA CAT TTA AAG AAT ACT CGT TTA TTT TAC ATC GAA TCT TAT ACA TCT GGT GTT AGA AAG GAC AGA TTA GTC GCC AAC ACG ATG GAA AAA AAA TAC AAC TCA TCT AAG AAA GTA TTT TTC GGT AGA GAC CAG CCA GAT TTC AGT GAT TAT TTA CAA AGA ACT GGT AGA GAT GTT CGG AGA ATG TCT ACA TAC GAC AGA AGG CAT AAA GAT GCC TAC CCC GTT ATG CTA CAT AAT TTA TAT GAA TCT ACT CTA TTA GTT GTC TTG GAA CAA TAT TCT AGA TGG GAA TTA TTG GAA GAT AAG AAC GGT AAC GGA ACG ACA CAA AAT GAA TTC AAG AAT GTC ATG ACT TCT AAA AGT TTT GTT GAA GAA ACA AAA GGT CGT CGG TCT ATG TCA ACT ACT ACT AAA TCT TAC TCC GAA TAC ATC AAG ATC TAT CTG TTC GAT ACC AGA AGT GTC TGG TCC CAA AGA AAG AAG AAG TTA AAA TTG GAT GAC TGG ACA GTA TGT GGT TCC AAG ACA TTG AAT GGA ATA AAT ATC ATC GAT TCA GAT GGA CCA TCT CCT CCC GGT CAG ACT ACT GAT CTG TCA AAG GAT GGT AAG AAA GAT ACC AAC GAG TCT AAA TCT ACA TTA CTA TTT AGA ATC CTA CGG ATA GGT AGT AGA GGT ATA AAT ATC CCT ACA CCT CAA GAT AAT TCC ATC CAA TCC AAA AAT AAA TCC GGG GTC CAT ACT GTC GAA GTA TCC TGG ATA AAT GTC GGC ATC CGT TTA AGT TTG CAA AAT AGA AAA TTT GTC GTT TCC ATA TCC TGT GAG TTG CGT TAC GTT CTT GGG TTA ACA CCC AAA GTA ATG TCT GAT GAA GAT GCT TAT GTT CTA GGA ACA ACA GAC TTT TTT GAA GAT ATG CTA TCC AGC AAA TTT AGA GAT ACA TTG GCT GAT TAT ACC ACA TGT CAA TAC ACT AGT ACT TTG TAC GTT TAT TAT TTC 
Cgla                            GAC ACT GGT CAC GAT GTC AAC ACT GAA CTA CTG TCT CTC GAC AGA TTC TAC AAC AGA GAG TTC AGA ATT GCA ACA CTT GTG GAG ATC ACC ACT ACG AAG ACT TCC GAA AGA TTC AAC GTC ACA CCA TTC TTC ATG ATC AAA GGT AAG TAC AAA AAG TCT CAC AAT AAA TTC TTG AAG TCT GTC GAT GTG AGA GGC GTC AAG GGT GGC GGT GAA GAA ACA CAC CAA CAC CTA AAG AAT ACT CGT TTG TTT TAC ATC GAA TCC TAT TCT AAC GGT GTC AGA AAG GAT AGA CTC GTC GGT AAC ACT ATG GAA AAG AAG TAC AAC ACT ACC AAG AAG GTC TTT TTC GAG CGG GAT CAA CCC GAG TTC TCC GAT TAC CTA CAG AGA ACC GAG AGA GAT GTC CGG AGA GCG TCA ACC TAC GAT AAG AGA CAC AAG GAT GGT TAC CCG GTT CTG CTT CAG AAT TTG TAC GAG ACC ACA CTT CTA GTT ATT TTG GAT CAG TAC TCA AGA TGG GAG CTA TTG GAG GAT AAG TAT GGT AAC GGC ACT ACT CAA AAT GAA TTC AAG AAT GTC CTG ACA TCT AAA TGC TTC GTT GAA GAG ACT AAG GGT AGG CGG TCC ATG TCA ACA ACC ACC AAG TCT TAC ACT GAA TAC ATA AAG ATC TAC CTG TTC GAG ACT AGA AAT GTG TGG TCT CAA AGA AAG AAG AAG CTA AAG GAT GAT GAT TGG ACT GTC TGC GGT ACT AAG TCT TTG AAT GGC GTC AAT ATC ATC GAT TCA GAT GGA CCC TCT CCA CCG GGT CAA ACC ACC GAC CTG AGC AAG GAC GGT AAG AAG GAC ACT AAC GAT TCT AAG TCT ACT TTA TTG TTT AGA ATT TTG CGG TTA GAG TCG AGA GGT ATA AAC ATT CCA ACT CCA CAA GAC GAC CAC ATT CAG TCT AAG AAT AAG ACT AGC GTT CAG ACT GTT GAA GTC ACT TGG ATT AGC GTT GGG ATC AGG TTA TCC CTG CAA AAT CGT AAG TTC GTT GTT TCG GTC ACT TGT GAG GAT CGT TAC GTC CTG GGC CTA ACG CCA AAG GTC ATG TCA GAC GAG GAC GCC TAC GTC CTT GGG ACT TCT GAT TTC TTC GAA GAT ATG TTA TCG AGC AAG TTT AGA GAC ACT TTG GCC GAC TAT ACG ACT TGT CAA AGC ACC AAT ACT TTG TAC GTT TAC TAC TTT 
Agos                            GAC ACC GGT CCC GAT TTG GGG ACG GAG TTG CTG TCG GTG AGC AGA TTT TAT AAC AGG GAG TTC AGG ATC GCG TCC CTC GTC GAG GCC ACC AAG ACC AAG ACC TCG GAG AGA CTC AAC TTG ACG CCA CTC TTT ATG ATC AAG GGC AAG TAC AAA AAG TCG CAG AAC AAG ATC TTG AAG TCA CTG GAC GTC CGT GGC GTG AAG GGC GGC GCG AGT GAG ACC CAG CAG CAC CTC AAG AAC ACC CGG TTA TTT TAC ATC GAG TCC TAC ACG GAG GGT GTG AGA CAG GAC AGA GTG GTT GCG AAC CGG ATG GAG AAG CGG TAT AAC GTG TCC AAG CGG TGC TTC TTC GCG CGA GAC GCG CCC GAC TTC AGC GAC TAT CTA CGG AGA ACT GCG AGA GAT TTC CGC CGT GTG TCG ACG TAT GAC AAG CGT CAG CGC GAT GCG TAC CCG GTC ATA CTG CAG AAC CTG TAT GAT TCC ACG CTG CTA GTT GTC TTG GAG CGG TAT TCT AGA TGG GAT CTC TTG GAT GAC AGC AAG GGC AAC GGC CGG ACC CAC AAC GAG TTC AAG AAC GTC ATA ACC TCC AAG AGC TTT GTG GAG GAG ACG AAG GGC CGC CGC TCA ATG TCG ACC ACT ACG AAG TCG TAC ACG GAG TAC ATA AAG ATC TAT CTC TTC GAC ACC AGA GGT ATA TGG TCG CAG AGA AAG AAG AAG CTC CGG GAT GAC GAC TGG ACC TGC TGT GGT ACG AAG ACG TTG AAC GGC CTG AAC ATC ATC GAC TCG GAT GAA CCC TCC CCA CCG GGT GCG ACT ACG GAC CTC ACC AAG GAC GGT AAG AAG GAC ACG AAC GAG TCC AAG ACG ACC CTC TTG TTC AGA ATT TTG CGC GTG GCG AGT AGA GGT GTG AAT GTG CCA ACG CCA CAA GAT AAC CCC ATT GAG TCG CGG AAC CAC ACG ACC GTT CAG ACC GTT GAG CTG ACG TGG GTG GGT GTT GGC ATC CGC CTC AGC TTA CAG AAC CGC AAG ATC GTT GTG TCG CTG ACG TGT GAG GAT AGA TAT GTG CTC GGC CTA ACG CCG AAG TGC ATG TCT GAC GAG GAC AGC TAC GTG CTG GGC ACG ACG GAC ATC TTC GAG GAC ACG CTT AGC AGC CAC TTT AGA GAC ACA TTG GCC GAC TAC ACC ACA TGT CAC AAC ACT GGT AAG TTG TAC GTG TAC TAT TTC 
Klac                            GAC ACG GGT GCC ACA CTT GAC ATT GAA TTA TTG GCA TTA AAA AGA TTT TAC AAT AGA AAT TTT AGA ATT ATG GAA CTT GTG AAT ATC ACT AAA ACA AAG CCG TCT GAA ATT TTG AAC CTT ACC CCT TTG TTT TTG ATC AAG GGT AAG TAC AAA AAA ACT CAT AAC AAG TAC TTG AAG TCT CTA GAT GTG AAG GCA GTC AAG GGT GGA TCA AAC GAA ACA CAT CAA CAT TTA AAG AAC ACG CGT CTT TTT TAC ATC GAA TCC TAT ACG CAT GGT GTC AGA AGA GAT AGA TTA GTT TCA AAC TCT ATG GAA GAT AAG TAC AAC TCC TCT AAG AAG ACG TTT TTT AAT AGA GAT CCA CCG GAT TTC ACA AAC TAC TTG CAA AGA ACC AAT AGA GAT GTG AGA AGA GAG TCG ACG TAC GAT AAT AAG CAT AAA GAC TCA TAC CCT GTT ATT GTC CAA AAC TTG TAC GAA TCT ACC GTC TTG GTA GTA TTG GAT CAA CAC TCT AGA TGG GAA TTA TTG GAA GAT AAA ATC GGT AAC GCA TCT ACT CAA AAC GAA TTT AAG AAC GTC ATT ACT TCT AAG AGT TTT GTT GAA GAA ACA AAA GGT CGA AGA TCC ATG TCG ACT ACC ACT AAG AAC TAC ATT GAA TAC GTT AAA ATC CAC TTG TTC GAT ACG AGA AAT GTG TGG GCA CAA ATT AAG AAG AAA TTA AAG ACA GAT GAT TGG ACT ACG TGT GGT ATT AAG ACG TTG AAC GCA ATA AAC ATC ATC GAT TCG GAT GGC CCG TCT CCA CCT GGT CCA ACT ACT GAA TTG ATA AAG GAC GGT AAG AAA GAT ACC AAC GAC TCT AAG TCA ACT TTA CTA TTG AGA ATC CTA AGA ATA AAT TCT AGA GGT GAG AAT ATA CCT ACA CCA CAA GAT AAC GCC ATC CAT GCA AAG AAT AAG ATT TCC GTA CAA ACG GTT GAA CTA ATT TGG TTT TCG GTC GGG ATC CGA TTA ACA TTA CAA AAC AGA GAT ATC GTA GTT TCG ATA ATT TGT GAA ACA AGA TAT GTC CTT GGA TTG ACG CCA AAA ACG ATG TCT GAT GAG AAA TCT TAT GTC GTC GGG ACA ACG GAT TAC TTC GAG GAT GCT CTA AGT AGT AAG TTT AGA GAC ACT TTG GCC GAA TAT ACA ACT TGT CAA GCT ACC AAT AAA TTG TAC GTT TAT CAC TAC 
Calb                            GAT ACA GGT TAC GTG ACT GAT GCT GAA TTG TTG TGC TTA CTT AGA TTT TAT AAT AGA ATG TTT AGA ATT TTG CAA TTA ACA ATG GTT ACA AGA ACT AAA ACA TCT GAA AAT TTA AAT ACT ACC CCA TTA TTT TAT ATC AAA GGT AAA TAC AAG ACA CAA CAT AAT AAA TGT TTG AAA TCA GTA GAT GTA AAA GGT GTT AAA GGT GGT TCT TAT GAA CAA CAT CAA TAT CTT AAG AAT CGA CGA TTA TTT TAC ATT GAA TCT TAT GCC GGA GGT GTT AGA AAA GAT AGA TTA GTT TCT AGT AGT ATG GAA AAC AAT TAT AAC ACT CCT AAG AAT CTA TTA TTC GAT AGA GAT CCA CCC CAA TTC ACC GAT TAT TTA CAA AGA ACC GAT AGA GAT GTG AAG AGA AAA TCT ACC TAT GAC AAA AAA CAT TCA GAT TCT TAC CCT GTT ATT TTG ATA AAT TTG TAT GAA CCT ACC TTG TTA GTT ATT TTG GAA CAA TAT GCT AGA ATG GAA CTT TTG GAA GAT AAG GAA GGT AGT GGT AGT GTT AGA AAT GAA TTT AAG AAT GTT ATT ACT TCT AAA TGT TTT ATG GAA GAA TCA AAA GGT CGA AAG TCA ATG GCC ACT ACC ACT AAA TCC TAC GCT GAA TAC ATT AAT ATC TAT GTT TTT CAA ACA AGA AAT AAC TGG TGC CAA AAT AAG AAA AAT CTT AAT GTG GAT GAT ATG GTT CTA ACG GGT GCT AAA GCC TTG AAT GGT ATA AAT ATT ATT GAT GCC GAT GGA CCC TCT CCA CCT GGT CCA ACC ACT AAT GTT TAT AAG GAT GGT AAA ACA GAT ACA AAC GAA TCT AAA GAT GTT TTG TTG TTA AGA ATT TTG AAG ACT GAT GCT AGA GGT CAG AAT GTT CCA TCA CCA GGG GAT TCC TAC ATT GAA TGC AAT CAT AAA GCT GAA GTC ATA CGA GTT GAA GTA GCT ATG CTT TCG GTT GAT ATT CGA TTG ACC TTG CAA AAT AGG AAC TAC GTC ATG TCT ATA GCT TGT GAA GTG AGA TAT GTC TTT GGT TTA GCG CCA ACA CTA ATG GCT GAT ATA AAG TCT TAT GTT TTG TCT TCA GCC GAT TGT TTT GAA GAT ACT TTA TCC AGT AAA TTT AGA GAT ACT TTG GCT AAT TAT ACT ACT TGT AGA AAC ACC AAT AGA TTG TAC ATG TAT TAT TTT 



Printing out site pattern counts


         9        675  P

Scer                            AAA AAA AAA AAA AAA AAA AAC AAC AAC AAC AAC AAC AAC AAC AAC AAG AAG AAG AAG AAG AAG AAG AAG AAG AAG AAG AAT AAT AAT ACA ACA ACA ACA ACA ACC ACC ACC ACC ACG ACG ACG ACT ACT ACT ACT ACT ACT ACT ACT ACT ACT AGA AGA AGA AGA AGA AGA AGA AGC AGC AGG AGG AGT AGT AGT AGT AGT ATA ATA ATC ATC ATC ATC ATG ATG ATG ATT ATT ATT ATT ATT CAA CAA CAA CAA CAA CAC CAT CAT CAT CCA CCA CCT CCT CCT CGA CGA CGG CGT CTA CTA CTA CTA CTA CTG CTG CTG CTT GAA GAA GAA GAA GAA GAA GAA GAA GAC GAC GAC GAC GAC GAG GAT GAT GAT GAT GAT GAT GAT GAT GAT GAT GAT GAT GAT GAT GCC GCC GCG GCG GCT GGA GGA GGA GGA GGC GGC GGT GGT GGT GGT GGT GTA GTA GTA GTC GTC GTC GTC GTC GTC GTG GTG GTT GTT GTT GTT GTT GTT GTT GTT GTT TAC TAC TAC TAC TAC TAT TAT TAT TAT TCA TCA TCC TCC TCC TCC TCC TCC TCG TCG TCT TCT TCT TCT TCT TGG TGG TGT TGT TTA TTA TTA TTA TTC TTC TTC TTC TTC TTC TTC TTC TTC TTG TTG TTG TTG TTG TTG TTG TTT TTT TTT TTT TTT 
Sbay                            ... ... ... ... ... ... ... ... ... ... ... ... ... ..T ..T ..A ..A ..A ... ... ... ... ... ... ... ... ..C ... ... ... ... ..G ..T G.G ... ... ... ... ... ..T T.A ..C ..G ..G ... ... ... ... ... ... ... ... ... ... ... ... ..G ..G ... ..T ..A ..A ..C ... ... ... ... ... ..C ... ... ... ... ... ... ... ..C ..C ..C ... ... ... ... ... ... ... ... ..C ... ... ... ... ..C ..C ... ... ..G ... ... ... ..G T.. T.. T.. ... ... ... ... ... ... ... ... ..G ..G ..G ..G ... ... ... ..T ..T ... ..C ..C ..C ..C ..C ... ... ... ... ... ... ... ... ... ..T ..T ... ..T ... ... ..G ..G ..G ..T ..T ..A ..C ... ... ... ... ... ..C ... ... ... ... ... ... ..A ..A ..A ..C ..C ..G ..G ... ... ... ... ... ... ... ... ... ..C ..C ... ... ... ... ... ... ... ... ..T ..T ... ... ..C ..C ..G ... ... ... ... ... ... ... ... ... ..G ... ... ... ... ... ... ... ... ..T C.. ..A ..A ..A ..A ... ... ..C ... ... ... ... 
Smik                            ... ... ..G ..G ..G ..G ... ... ... ... ... ... ..T ... ... ..A ... ... ..A ... ... ... ... ... ... ... ... ... ... ... ... ..G ... ... ..A ... ... ... ... ... T.T ... ... ... ..G ... ... ... ... ... ... ... ... ... ... ... ... ..G ... ..T ..A ... ... ... ... ... ... G.. ... ... ... ... ..T ... ... ... ..C ... ... ... ... ... ... ... ... ..G ... ... ... ... ... ..T ... ... ... ..G ..G ... ... ... ... ... T.. T.G ... T.. T.. ... ... ... ... ... ... ... ... ..G ... ... ..T ... ... ... ..C ... ... ... ... ... ... ... ... ... ... ... ... ... ... ..T ... ... ... ... ... ..G ..G ... ..T ..C ..C ..C ... ... ... ..G ... ... ... ..G ..G ..T ..T ..A ..A ... ..C ... ..G ..G ... ... ... ... ... ... ... ... ..T ..C ... ..C ... ... ... ... ... ... ..T ... ..T ... ... ... ... ..C ... ... ... ... ... ... ... ... ..G ..G ... ... ... ... ... ... ... ... ... ..A C.. ..A ..A ... ..A ... ..C ..C ... ... ... 
Spar                            ... ..G ... ... ... ..G ... ... ... ... ... ..T ..T ... ..T ... ..A ... ..A ..A ... ... ... ... ... ... ... ... ... ... ... ..G ... ..G ... ... ... ..T ... ... ... ... ... ... ... ... ... ... ... ... ... ... ... ... ... ... ... ... ... ... ... ... ... ... ... ... ... ... ... ... ... ... ... ... ... ... ..C ... ... ... ... ... ... ... ... ... ... ... ... ... ... ... ... ... ... ... ... ... ... ... ... ... ... ..G ... ... T.. ... ... ... ... ... ... ... ... ... ... ... ... ... ... ... ... ... ... ... ... ... ... ... ... ... ... ... ... ... ... ... ... ... ... ... ..G ... ..G ..T ..T ... ..C ... ... ... ..T ... ..G ... ... ... ... ... ... ... ..T ... ..G ... ..A ... ... ... ... ... ... ... ... ... ..T ... ... ... ... ... ... ... ... ... ..G ..T ... ... ... ... ... ... ... ... ... ... ... ... ... ... ... ... ... ... ... ... ... ... ... ... ... ..A ... ..A ..A ... ... ... ... ... ... ... ... 
Ncas                            ... ... ..G ..G .G. ... ... ... ..T GGA TC. ..T .CG ..T ... ..A ... ..A ..A ..A ..A ..A ... ... ... ... ... ..C .G. ..T T.. ..C ..T ... ..T ..A ..T ..T T.A ..C .GT ..A ..A ..C ... ..A ..A ..A ..A ..C ... ... ... ... ..G CA. ... C.T .AT ... .AA ..A .A. ... ... TAC TCC ... ... ... ... ... ... ... ... ... ..C ..C ... ..A G.A ... ... ... ... ..G ..T ... A.C ... ..C ..T ..A ..C ... A.. ..G ..T ... ... ... ... ... T.. T.A ... ..T ..A ... ... ... ..G ... ... ... ..G ..T TTG .GT ..T ..T ..A ... ..C ..C ... ... ..A ..C ... ... ... ... ... ... ... ..T ..T ..C ..T ..A TCC ... ..T ..G ... ..G ..A ..A ... ... ... ..T ... ... ..A ... ... ..T ... ..T A.. A.C ... ..C ... ..C A.C ..C ..C ... ... ... ... ..T ..T ..T ... ... ... ..C ..C ..T ..A ... ..T ... ..A ..T ... ..T ... ... ... ... ... ... ... ... ... ... ..G A.G ... ..A ... ... ... ..T ..T ..T ..T ..T ..A C.A A.A ..A ... C.A ... ..C ... ..C ... ... 
Cgla                            ..G ... ..G ..G ..G ..G ... ... ..T ... TCG ..T .CT ... ... ... ... ..A ... ... ..A ... ... ... ... ... ... ..C ... ... .GC ..G ..T ... ..T ... ... ... ..T ..A T.C ..G ... ... ..C ..C ... ... T.. ... ..A ... ... ... ... CA. C.G ..G ... ... .A. C.T GAC TCG T.C ..C .C. G.C ..T ..A ... ... ... ... ... GC. ..C ... ... ..A G.C ... ... ..G ..G ... ... ..G T.. ..C ... ... ..C ..G ..A A.. ..G ..T ... ..T ..G G.C T.G ... T.. ... ... ... ... ..G ..T ..T ... ... ..G ..G ... ..T ..G ..T ..T ... ..C ... ... ..C ..G ..G ... ..C ..C ..C ..C ... ... ... ... ... .GT ..A A.. CAC ..C .A. A.C ..G ... ..G ..A ... ... ... ..C ..G ..C ..G ... ..T ..T ..T ..T C.. A.C ... ..G ..C A.. A.. ..C ... ..C ..C ... ... ... ..T ... ..C ..C ... ..C ..G ..T ... ..T A.. ..T ..A ..A ..T AAC ..C ... ..A ..C ... ... ... ..C ... C.C ..G A.G ... ... ... ... ... ... ... ... ..T ... C.A ..A ..A ... C.. C.A ... ... ... ..C ..C ... 
Agos                            ..G ..G ..G ..G ..G ..G ... ... ... GGG .G. ... CGG ..T ... ... ... ... ... C.C ..A CG. ... ... .GC C.. ..C ..C GG. ..G ..C ..C ..C T.C .AG ..G ..T ..G GT. ..C .GC ..G ..G ..G ... ..C ..A ..C ..G ..C ..C ... ..G C.T C.T CAC C.. C.C G.T ... C.C C.C .AC ... ..C .AC .CG C.G G.G ..A ... ... ... ... ... G.. ..C ... ..C G.G TGC ... ..G .GG G.G GCG ... ..G A.G ..G ..G ... ..C ..G ..A A.. ..C ... A.A ..C ..G T.G T.G ... ... ..C ..C ..G ..G ..T ..G ..G ..G ..G ..G ..G ... ..T .CG ... ... ... ..C ..C ..C ..C ..C ..G ..C AGC ..C ..C ... ..C ... ... ... AG. ... ... A.C CCC ..C A.T ACC ... ... ..C .AA ..C ..C ... T.C ..C C.G ... ..T ..T ..G ..T ... A.A .CC ... A.A ..G ..C ..G ..C ... ..G ..G ... ..T ..T ... ... ... ..C ..C ... ..G ..G ..G ..G ... ..G ..G ..T ..A GA. ..C A.G ..G ..A ..C ... ... ... ... G.G ..G ACG C.C C.. ... ... ... A.. A.. ... ... ... C.C C.T G.. ..A ..A ... ... ..C ..C ..C ... ... 
Klac                            ..G ..G ... ..G ..T ... ... ... ..T G.. .GT ... TCT ..T ..T G.T ... ... ..A ... ..A ... ... ... ..A .GA ..C ..C ... ..C .T. ... ..G GA. .AA ..G ... ..T T.C ..A ..A ..G ..A ..C ... ... ... ... ..G ..G ... ... ... ... .AG CA. ... C.. TCG ..T .AA ..A .AC TC. ... GC. .T. ... T.T G.T ... ... ... ... T.. GA. ..C ..C ... GAG .CG ... ... ... ..T .C. ..T ..A ATC ... ... ... ..G ... ... ATT A.. ..T A.A ..T T.G ..T ... T.G T.. T.. ..T G.C ... ... ..T ..C ... ..G ... ... ..T ACA A.T A.. ..T ... ... ... ... A.A ... A.. ... A.A ..A ..C ... ... ..C ... ... T.T T.A AT. C.G .CC .C. AAC TCC ..G ..A ..G ..C ... ... ... ..G ..G C.. ..G ..T ... ..T ..T ..T A.T A.C ..A ..G ..C ..A A.A ..C ..A ..C ..C ... ... ... ..T ... C.C ... ... ... ..G AAC ..T G.A ..T A.T ..G ..T ..T CAT ..C ..A ..G ..C ... ... ... ... ... ... ..G GCT ... ..G ... ... ..T A.. .A. ... ..T ..T ..A C.A A.A C.T ..A ..A ... .AC ..G ... ... ... 
Calb                            ... ... ..T ... ... .C. ... ..T C.T G.T TC. ..T .GT ..T ..T ..C ..A ..A ..A ..A ... ..T ..A ... ... ..A ... .G. ... ..C TAT ..T CG. CA. .GA ... ... ..T ..T CAA ..C G.G T.A ..A ..C ..A ... GT. G.C ..A ... ... ... ... .A. ... ... C.. TCG ..T TCA ... TCC GC. T.. .AC GC. ... C.T ..T ... ..T ... ... TAT .AA ... ... ... CAG C.A GGG ... ... G.. .C. T.T ATA G.A ... ... ... ..C ... ..A AAT AAG ..A A.A T.. T.G ACT T.G T.. T.. G.T T.T T.G ... ... ... ... ... ... ... ... ..T .TG ..T ..T ..T ATA ... ..C ... A.G C.A ATG ... CT. A.. ... ... ... ... ... ..T T.T T.T TT. A.A TAC ..T TAT .A. .AT ..T TC. ..A ... ... ... ..G ... ... ACA ..T ..T A.G ..T ..T A.T ..T ... AAC ... A.. ... ... ..C ..C ... ... ..T ..T ..T ... ... ... ... ... ..T ..C ..T .G. C.T CAA G.. G.T ..A GGA ... GA. ... ..A ... AT. ... ACG ... ... ..G ACT ..G ..A ... ..T ... .A. .GT ..T ..A ..T C.T ..A ACT ..A ... ... ... ... ..A ... ... ... 

    3    2    2    1    1    3    2    1    1    1    1    4    2    1    1
    2    2    1    1    2    1    4    3    5    1    1    4    2    2    2
    1    2    2    1    2    1    3    2    1    1    2    1    3    1    1
    1    2    3    3    2    2   10    2    1    2    2    1    2    1    1
    1    1    1    1    1    1    6    2    1    1    1    1    1    3    1
    1    3    2    1    1    3    1    3    2    1    2    1    2    1    3
    1    2    2    2    2    2    3    1    1    1    1    2    2    3    1
    2    1    3    5    3    1    1    4    1    1    1    1    3    3    1
    1    1    1    1    1    1    2    2    3    1    2    3    1    4    1
    2    1    1    3    1    1    2    3    1    1    1    2    1    1    2
    2    6    1    1    2    1    1    1    3    1    1    2    1    1    1
    1    1    1    1    2    1    2    5    2    3    1    1    3    2    1
    1    1    1    1    3    2    1    2    2    1    1    1    1    1    1
    3    3    1    1    2    2    3    1    2    2    1    1    1    1    2
    1    1    1    3    1    1    1    1    1    3    1    1    1    3    2


CODONML (in paml version 4.9j, February 2020)  temp.nuc
Model: One dN/dS ratio, 
Codon frequency model: Fequal
ns =   9  ls = 393

Codon usage in sequences
--------------------------------------------------------------------------------------------------------------------------------------
Phe TTT   8   8   6   8  12   5 | Ser TCT   7   8  11   9  13  13 | Tyr TAT   7   2   4   8  11   3 | Cys TGT   3   3   3   3   3   2
    TTC  11  11  13  11   5  14 |     TCC  11   9   9   8  14   5 |     TAC  12  17  15  11   9  17 |     TGC   0   0   0   0   0   2
Leu TTA   8  17  13  13  14   4 |     TCA   2   4   2   2   5   5 | *** TAA   0   0   0   0   0   0 | *** TGA   0   0   0   0   0   0
    TTG  11   6  13   7  10  10 |     TCG   2   3   2   3   1   3 |     TAG   0   0   0   0   0   0 | Trp TGG   4   4   4   4   4   4
--------------------------------------------------------------------------------------------------------------------------------------
Leu CTT   3   3   3   3   1   4 | Pro CCT   6   2   8   6   4   0 | His CAT   6   4   6   6   6   0 | Arg CGT   1   1   1   1   4   3
    CTC   0   0   0   0   0   2 |     CCC   0   4   0   0   3   2 |     CAC   1   3   1   1   0   6 |     CGC   0   0   0   0   0   0
    CTA   9   1   4   6  11   7 |     CCA   3   3   1   3   2   5 | Gln CAA   9   9   7   9   9   8 |     CGA   5   2   0   5   0   0
    CTG   4   8   2   6   2   7 |     CCG   0   0   0   0   0   2 |     CAG   0   0   2   0   2   5 |     CGG   1   4   6   1   3   4
--------------------------------------------------------------------------------------------------------------------------------------
Ile ATT  10   4   8   7   1   6 | Thr ACT  19  17  18  21  14  25 | Asn AAT   8   6  10  15  12  11 | Ser AGT  10  10  11  10   6   0
    ATC   4  11   6   7  11   7 |     ACC   8   9   6   6   6  10 |     AAC  14  16  12   7   7   9 |     AGC   2   2   1   2   1   5
    ATA   3   2   1   3   5   2 |     ACA   8   3   8   5  15   6 | Lys AAA  12  17   8  12  20   4 | Arg AGA  20  19  19  20  18  17
Met ATG   5   5   5   5   8   5 |     ACG   4   7   5   7   2   3 |     AAG  23  18  27  23  15  32 |     AGG   2   3   3   2   2   2
--------------------------------------------------------------------------------------------------------------------------------------
Val GTT  11   6  10  11  10   9 | Ala GCT   1   4   2   1   3   0 | Asp GAT  25  21  27  25  21  19 | Gly GGT  12  13  10  14  14  13
    GTC   8  12   3   8   8  16 |     GCC   2   0   1   2   3   2 |     GAC   9  13   7   9   5  11 |     GGC   3   1   5   1   1   5
    GTA   4   6   8   2   7   0 |     GCA   0   0   0   0   1   1 | Glu GAA  17  10  16  17  18  11 |     GGA   7   3   5   3   6   1
    GTG   3   2   7   5   0   3 |     GCG   4   4   4   4   0   1 |     GAG   1   8   2   1   2  13 |     GGG   0   5   2   4   3   2
--------------------------------------------------------------------------------------------------------------------------------------

--------------------------------------------------------------------------------------
Phe TTT   5  10  11 | Ser TCT   2  13  12 | Tyr TAT   9   5  17 | Cys TGT   3   3   5
    TTC  10   3   2 |     TCC   7   4   3 |     TAC  10  14   9 |     TGC   3   0   3
Leu TTA   2   9  12 |     TCA   2   4   6 | *** TAA   0   0   0 | *** TGA   0   0   0
    TTG  11  17  18 |     TCG  10   5   1 |     TAG   0   0   0 | Trp TGG   4   4   1
--------------------------------------------------------------------------------------
Leu CTT   1   5   5 | Pro CCT   0   4   4 | His CAT   0   6   4 | Arg CGT   3   1   0
    CTC  11   0   0 |     CCC   4   0   2 |     CAC   5   3   0 |     CGC   7   0   0
    CTA   3   5   3 |     CCA   4   5   7 | Gln CAA   1  10  10 |     CGA   1   2   5
    CTG   9   0   0 |     CCG   3   3   0 |     CAG   9   0   1 |     CGG   9   0   0
--------------------------------------------------------------------------------------
Ile ATT   2  11  11 | Thr ACT   4  12  13 | Asn AAT   1  11  23 | Ser AGT   2   3   5
    ATC  10  11   2 |     ACC  16   6   9 |     AAC  17  17   6 |     AGC   8   0   0
    ATA   4   5   5 |     ACA   2  11   9 | Lys AAA   1  13  20 | Arg AGA  13  20  19
Met ATG   4   4  11 |     ACG  21  12   1 |     AAG  29  25  11 |     AGG   2   0   1
--------------------------------------------------------------------------------------
Val GTT   6   7  16 | Ala GCT   0   2  10 | Asp GAT  10  20  25 | Gly GGT   9  10  15
    GTC   5   9   3 |     GCC   2   3   5 |     GAC  21   6   1 |     GGC  11   1   0
    GTA   0   4   3 |     GCA   0   6   0 | Glu GAA   1  17  20 |     GGA   0   2   2
    GTG  15   4   4 |     GCG   9   0   1 |     GAG  19   4   0 |     GGG   1   2   1
--------------------------------------------------------------------------------------

Codon position x base (3x4) table for each sequence.

#1: Scer           
position  1:    T:0.21883    C:0.12214    A:0.38677    G:0.27226
position  2:    T:0.25954    C:0.19593    A:0.36641    G:0.17812
position  3:    T:0.34860    C:0.21628    A:0.27226    G:0.16285
Average         T:0.27566    C:0.17812    A:0.34182    G:0.20441

#2: Sbay           
position  1:    T:0.23410    C:0.11196    A:0.37913    G:0.27481
position  2:    T:0.25954    C:0.19593    A:0.36641    G:0.17812
position  3:    T:0.28499    C:0.27481    A:0.24427    G:0.19593
Average         T:0.25954    C:0.19423    A:0.32994    G:0.21628

#3: Smik           
position  1:    T:0.24173    C:0.10433    A:0.37659    G:0.27735
position  2:    T:0.25954    C:0.19593    A:0.36641    G:0.17812
position  3:    T:0.35115    C:0.20102    A:0.23410    G:0.21374
Average         T:0.28414    C:0.16709    A:0.32570    G:0.22307

#4: Spar           
position  1:    T:0.22137    C:0.11959    A:0.38677    G:0.27226
position  2:    T:0.25954    C:0.19593    A:0.36641    G:0.17812
position  3:    T:0.37659    C:0.18575    A:0.25445    G:0.18321
Average         T:0.28584    C:0.16709    A:0.33588    G:0.21120

#5: Ncas           
position  1:    T:0.25700    C:0.11959    A:0.36387    G:0.25954
position  2:    T:0.26718    C:0.21883    A:0.34860    G:0.16539
position  3:    T:0.34351    C:0.18575    A:0.33333    G:0.13740
Average         T:0.28923    C:0.17472    A:0.34860    G:0.18745

#6: Cgla           
position  1:    T:0.22137    C:0.13995    A:0.36641    G:0.27226
position  2:    T:0.25700    C:0.21120    A:0.37913    G:0.15267
position  3:    T:0.28753    C:0.28753    A:0.18066    G:0.24427
Average         T:0.25530    C:0.21289    A:0.30874    G:0.22307

#7: Agos           
position  1:    T:0.19847    C:0.17812    A:0.34606    G:0.27735
position  2:    T:0.24936    C:0.21883    A:0.33842    G:0.19338
position  3:    T:0.14504    C:0.37405    A:0.08651    G:0.39440
Average         T:0.19763    C:0.25700    A:0.25700    G:0.28838

#8: Klac           
position  1:    T:0.23155    C:0.11196    A:0.40967    G:0.24682
position  2:    T:0.26463    C:0.22901    A:0.38422    G:0.12214
position  3:    T:0.31298    C:0.19593    A:0.28753    G:0.20356
Average         T:0.26972    C:0.17897    A:0.36047    G:0.19084

#9: Calb           
position  1:    T:0.25445    C:0.10433    A:0.37150    G:0.26972
position  2:    T:0.26972    C:0.21120    A:0.37405    G:0.14504
position  3:    T:0.44784    C:0.11450    A:0.30789    G:0.12977
Average         T:0.32400    C:0.14334    A:0.35115    G:0.18151

Sums of codon usage counts
------------------------------------------------------------------------------
Phe F TTT      73 | Ser S TCT      88 | Tyr Y TAT      66 | Cys C TGT      28
      TTC      80 |       TCC      70 |       TAC     114 |       TGC       8
Leu L TTA      92 |       TCA      32 | *** * TAA       0 | *** * TGA       0
      TTG     103 |       TCG      30 |       TAG       0 | Trp W TGG      33
------------------------------------------------------------------------------
Leu L CTT      28 | Pro P CCT      34 | His H CAT      38 | Arg R CGT      15
      CTC      13 |       CCC      15 |       CAC      20 |       CGC       7
      CTA      49 |       CCA      33 | Gln Q CAA      72 |       CGA      20
      CTG      38 |       CCG       8 |       CAG      19 |       CGG      28
------------------------------------------------------------------------------
Ile I ATT      60 | Thr T ACT     143 | Asn N AAT      97 | Ser S AGT      57
      ATC      69 |       ACC      76 |       AAC     105 |       AGC      21
      ATA      30 |       ACA      67 | Lys K AAA     107 | Arg R AGA     165
Met M ATG      52 |       ACG      62 |       AAG     203 |       AGG      17
------------------------------------------------------------------------------
Val V GTT      86 | Ala A GCT      23 | Asp D GAT     193 | Gly G GGT     110
      GTC      72 |       GCC      20 |       GAC      82 |       GGC      28
      GTA      34 |       GCA       8 | Glu E GAA     127 |       GGA      29
      GTG      43 |       GCG      27 |       GAG      50 |       GGG      20
------------------------------------------------------------------------------


Codon position x base (3x4) table, overall

position  1:    T:0.23099    C:0.12355    A:0.37631    G:0.26915
position  2:    T:0.26067    C:0.20809    A:0.36556    G:0.16568
position  3:    T:0.32202    C:0.22618    A:0.24456    G:0.20724
Average         T:0.27123    C:0.18594    A:0.32881    G:0.21402

Codon frequencies under model, for use in evolver (TTT TTC TTA TTG ... GGG):
  0.01639344  0.01639344  0.01639344  0.01639344
  0.01639344  0.01639344  0.01639344  0.01639344
  0.01639344  0.01639344  0.00000000  0.00000000
  0.01639344  0.01639344  0.00000000  0.01639344
  0.01639344  0.01639344  0.01639344  0.01639344
  0.01639344  0.01639344  0.01639344  0.01639344
  0.01639344  0.01639344  0.01639344  0.01639344
  0.01639344  0.01639344  0.01639344  0.01639344
  0.01639344  0.01639344  0.01639344  0.01639344
  0.01639344  0.01639344  0.01639344  0.01639344
  0.01639344  0.01639344  0.01639344  0.01639344
  0.01639344  0.01639344  0.01639344  0.01639344
  0.01639344  0.01639344  0.01639344  0.01639344
  0.01639344  0.01639344  0.01639344  0.01639344
  0.01639344  0.01639344  0.01639344  0.01639344
  0.01639344  0.01639344  0.01639344  0.01639344


TREE #  1:  (((((1, 4), (3, 2)), 5), 6), ((7, 8), 9));   MP score: 1154
This is a rooted tree.  Please check!
lnL(ntime: 16  np: 18):  -6437.843739      +0.000000
  10..11   11..12   12..13   13..14   14..1    14..4    13..15   15..3    15..2    12..5    11..6    10..16   16..17   17..7    17..8    16..9  
 0.077792 0.077479 0.410547 0.065041 0.062886 0.091141 0.046216 0.143804 0.265486 0.610722 0.653735 0.093571 0.048185 1.555533 1.065165 2.195595 1.841434 0.076866

Note: Branch length is defined as number of nucleotide substitutions per codon (not per neucleotide site).

tree length =  7.462898

(((((1: 0.062886, 4: 0.091141): 0.065041, (3: 0.143804, 2: 0.265486): 0.046216): 0.410547, 5: 0.610722): 0.077479, 6: 0.653735): 0.077792, ((7: 1.555533, 8: 1.065165): 0.048185, 9: 2.195595): 0.093571);

(((((Scer: 0.062886, Spar: 0.091141): 0.065041, (Smik: 0.143804, Sbay: 0.265486): 0.046216): 0.410547, Ncas: 0.610722): 0.077479, Cgla: 0.653735): 0.077792, ((Agos: 1.555533, Klac: 1.065165): 0.048185, Calb: 2.195595): 0.093571);

Detailed output identifying parameters

kappa (ts/tv) =  1.84143

omega (dN/dS) =  0.07687

dN & dS for each branch

 branch          t       N       S   dN/dS      dN      dS  N*dN  S*dS

  10..11     0.078   854.2   324.8  0.0769  0.0060  0.0783   5.1  25.4
  11..12     0.077   854.2   324.8  0.0769  0.0060  0.0780   5.1  25.3
  12..13     0.411   854.2   324.8  0.0769  0.0318  0.4132  27.1 134.2
  13..14     0.065   854.2   324.8  0.0769  0.0050  0.0655   4.3  21.3
  14..1      0.063   854.2   324.8  0.0769  0.0049  0.0633   4.2  20.6
  14..4      0.091   854.2   324.8  0.0769  0.0071  0.0917   6.0  29.8
  13..15     0.046   854.2   324.8  0.0769  0.0036  0.0465   3.1  15.1
  15..3      0.144   854.2   324.8  0.0769  0.0111  0.1447   9.5  47.0
  15..2      0.265   854.2   324.8  0.0769  0.0205  0.2672  17.5  86.8
  12..5      0.611   854.2   324.8  0.0769  0.0472  0.6147  40.4 199.7
  11..6      0.654   854.2   324.8  0.0769  0.0506  0.6580  43.2 213.7
  10..16     0.094   854.2   324.8  0.0769  0.0072  0.0942   6.2  30.6
  16..17     0.048   854.2   324.8  0.0769  0.0037  0.0485   3.2  15.8
  17..7      1.556   854.2   324.8  0.0769  0.1203  1.5656 102.8 508.5
  17..8      1.065   854.2   324.8  0.0769  0.0824  1.0721  70.4 348.2
  16..9      2.196   854.2   324.8  0.0769  0.1699  2.2099 145.1 717.8

tree length for dN:       0.5774
tree length for dS:       7.5114


Time used:  0:11
