      9   1179

Scer                            GAT CAT AAA ACC CGT GAA ATC TAC CAT GCC GTC ACG GAC AAC ATG TGG CAA TTA TAC AAA GGA AAG TCT ATG TAC TCA TCT ATT GAC AAG GAC ACT GGT AAC ACT TTG GAA ATC GTG TAT CAG GCT GAA CTA AAG AAA GCG AGA ATT AAG CAT TAT ATT ATT ATT AAA TAT ATC GAC CCA ATT AAG AGA TGG GGA CGT CCT GTG AGC GCA CAA ATT GTT CAA GAT AAA TGG GAT GTC TTC AAT TTT CTG GAT TTT CGT GCT ACT CCC TAT TAT GTT AAA TAC AAG CCC GGA AAA TTA GTT CTA GAG AAC TGG CCA ACT CGT ATT GTT CCA AAA ATG ACT GCT GCT CAT AAA GGC GAC TTG AAG TTT GAA ATG CTG CAA GGT GTC TCT GTT TGG TTA CAA CAT TAC AGA TGG TTT TCT ATA ATT AAA CAA GAT CAT TTT AGA ATT TCA ACT CAT GTA TTA TAC AAA TTC GGC AAA TTC GCC CGT GCA TAT TTA AGC CCA GAA CCA AGC CTT AAA ATA TCC GAA CCA GAA GCT TCT AAA GTT CAA AGA TAC AGA ATT ACC GAT AGA ATG GGT CAT GTT GAT AAG GAA CAT CAG ACA TGG GTC AAC GTA ATT GTG CTG GCT TTT TAC ACT GGT AGG TAT CAA AAC ATG ATT ATG GAT CTG CAC TTA GAA ATT TTA GCT GAA TCC GCC GGT GTC AAG AAG CCA AGA AGA GAC TGG TCC CTA ACA AAC GAA ACA TCG GGC GAG CAT ATT GTT TTT TTT TAT AAG CTG GCC CAA TCT CTA ACT AAT GAT AGT CCA AAG CAT GCC ATT AAA TTA AGA GAC GGT GGT GGT TAC GTT GGT GGC GGC CCA AAG AGC TTA TTG CAA AGA GTT ACC ATA TAT GAT AAG GCG TCT GAT TAC TCA GAG CAT TTG AAC AAA CTT AAT GCA GGT GAC AAG AAA AAA AAA ACT GCC CCA GGT ATG TTA AAA TAC AGA CAT TTC TTG AGA GCC ATT AGT GGT GAT TGG AAC TCA GAA TGT GAA GAA TCT GGT TCG AAC ACT ACG GAT TTC TCA ACT CAA GAC TTA ACC TTG CAT GAT TAT TTC AAG TAC GCT AAG TAC TCC GAA CCA GAC ACG GCG CTG AGA AAG CTA GCG ACC ATC TTG TAC AAT GTT ACA AGG TTC GAA GAA CAT CAC GAT ACT AAC CCA CAT ATG GCC AAA TGT 
Sbay                            GAT CAT AAG ACC CGT GAA GTT TAC CAT CCC GTT ACA GAC AAT ATG TGG CAA TTG TAC AAA GGG AAA TCC ATG TAC TCA TCT GTT GAC AAA GAC ACC GGA AAC ACT TTG GAG ATC ATT TAT CAA GCC GAA TTA AAG AAA GCG AGA ATT AAG CAT TAT ATT ATT ATC AAG TAT ATC GAC CCC ATC AGG AGA TGG GGG CGT CCT GTA AGC GCG CAG ATT GTT CAG GAT AAA TGG GAT GTC TTC AAT TTC CTG GAT TTT AGA GCC AGT CCT TAT TAT ACG AAA TAC AAG CCT GGT AAG TTA GTC TTG GAG AAT TGG CCC GAT CGT ATT GTT CCA AAG ATG ACC GCT GCG CAT AAG GGT GAA TTG AAA TTT CAA ATG CTG CAA GGT GTC TCT GTC TGG TTA CAA CAT TAC AGG TGG TTC TCT ATA ATT AAG CAA GAC CAT TTT AGA ATC TCA ACT CAT GTG CTA TAC AAA TTT GGC AAG TTC GCT TCT GCA TAT TTA AAC CCC GAA CCC AAC CTT AAG ATA TCC GAA CCC GAA GCG TCC AAG ACG CAA AGA TAT AGA ATC ACC GAC AGG ATG GGT CAT GTT GAT AAG GAG CAT CAA ACT TGG GTC AAC GTG ATT GTG TTG GCT TTT TAC ACT GGT AGA TAT CAA AAT ATG ATC ATG GAC TTG CAC TTA GAA ATT TTA GCG GAG TCG CCC GGT GTT AAG AAA CCA AGA AGA GAA TGG TCC CTG ACC AAC GAA ACT TCG GGA GAG CAT ATC GTC TTT TTT TAT AAG TTG GCT CAA TCT TTA ACT AAT GAT AGT CCC AAG CAT GCT ATT AAA TTA AGA GAC GGT GGA GGT TAC GTC GGT GGG GGC CCA AGA AGC CTA TTG CAA AGG GTT ACC ATA TAT GAC AAG GCG TCT GAC TAC TCA GAG CAT CTC AAT AAG CTT AAC GCT GGT GAC AAG AAG AAA AAA ACT GCT CCA GGT ATG TTG AAG TAT AGA CAC TTT TTG AGA GCG ATT AGT GGT GAC TGG AAT TCT GAA TGT GAA GAA TCT GGT TCG AAC ACT ACA GAC TTC TCT ACT CAA GAC CTA ACC TTG CAT GAC TAT TTC AAG TAC GCG AAG TAC TCT GAG CCC GAC ACA GCC TTG AGA AGG TTG GCC ACT ATC CTC TAC AAC GTT ACT AGG TTC GAA GAA CAT CAC GAT ACC AAC CCA CAT ATT CCC AAA TGT 
Smik                            GAC CAT AAG ACC CGT GAA GTG TAT CAT CCA GTC ACC GAC AAT ATG TGG CAA TTA TAC AAG GGG AAA TCT ATG TAC TCG TCT GTT GAT AAA GAT ACC GGG AAC ACT CTA GAA ACT ATG TAT CAA GCT GAA CTG AAG AAA GCG AGA ATT AAA CAC TAT ATT ATC ATA AAG TAC ATT GAC CCT ATA AGG AGA TGG GGG CGT CCC ATC AGC GCA CAA ATT GTT CAA GAT AAA TGG GAT GTC TTC AAC TTT CTG GAC TTC AGA GCT AGT CCT TAT TAT ATT AAA TAC AAG CCT GGT AAA TTA GTT GTG GAA AAC TGG CCA GGT CGT ATT GTT CCA AAA ATG ACC GCA GCA CAC AAG GGT GAA TTG AAA TTT CGG ATG CTG CAA GGT GTT TCT GTT TGG TTA CAA CAT TAC AGG TGG TTT TCT ATA ATC AAG CAA GAC ATG TTC AGA ATT TCG ACT CAC GTC CTA TAT AAA TTC GGC AAG TTC GCC TCT GCA TTC TTA AAT CCA GAA CCA AAT CTA ATG CTG TCC GAA CCT GAA GCA TCT AAG ATT CAG AGA GTA AGA ATT ACC GAC AGA ATG GGT CAT GTT GAC AAG GAA CAT CAA ACA TGG GTT AAC GTC ATT GTG TTG GCT TTC TAC ACT GGT TCT TAT CAA AAC ATC ATT ATG GAC TTG CAC TTA GAA ATC TTA GCA AGT TCC CCA GGT GTC AAG AAG CCA AGA AGA GAA TGG TCT CTG ACT AAC GAA ACA TCA GGT GAG CAT ATT GTT TTC TTC TTC AAG TTG GCC CAA TCT CTG ACT AAC GAT GAG CCT AAG CAC GCC ATT AAA TTA AGA GAC GGT GGG GGT TAC GTG GGC CAG GGA CCA AGG AGC TTG TTG CAA AGG GTG ACC TGC TAT GAT AAG GCG TCT GAT TAT TCG GAA CAC TTG AAC AAG CTT GAT GCA GGT GAC AAG AAA AAA AAA ACT GCC CCA GGT ATG TTA AAA GTA AGA CAT TTC CTA AGA GCA ATT AGT GGT GAC TGG AAC TCA GAA TGC GAA GAA TCT GGT TCA AAC ACT ACT GAC TTC TCA ACT CAA GAC TTA CCC TTA CAT GAT TAT TTC CAA TAC GCA AAG TAC TCT GAA CCT GAT ACC GCC TTG AGA AAG GTG GCC ACA ACT CTG TAC GAT GTT ACA AGG TTC GAA GAA CAT CAC GAT ACC AAC CCA CAC ATT CCA CAA TGT 
Spar                            GAT CAT AAG ACC CGT GAA GTC TAC CAT CCA GTC ACT GAC AAC ATG TGG CAA TTA TAT AAA GGA AAG TCT ATG TAC TCA TCT GTT GAT AAG GAC ACT GGG AAC ACT TTG GAA ATC ATG TAT CAG GCC GAA CTG AAG AGA GCG AGA ATT AAG CAT TAT ATT ATT ATC AAA TAT ATT GAC CCT ATC AGA AGA TGG GGA CGT CCT GTG AGC GCA CAA ATC GTT CAA GAT AAG TGG GAT GTC TTC AAC TTT CTG GAT TTC CGA GCC AGT CCA TAT TAT GTT AAG TAT AAG CCA GGG AAG TTA GTT TTA GAA AAC TGG CCT GAT CGT ATC GTT CCA AAA ATG ACT GCT GCC CAC CAG GGG GAA TTG AAG TTT CAA ATG CTG CAA GGT GTT TCT GTT TGG TTA CAG CAT TAT AGA TGG TTT TCT ATA ATT AAA CAA GAC CAT TTC AGA ATT TCA ACT CAT GTA CTA TAC AAA TTC GGC AAA TTC GCC CGT GCA TAT TTA AAT CCT GAA CCT AAT CTT AAA ATA TCC GAA CCT GAA GCC TCC AAA GTT CAA AGA TAT AGA ATT ACC GAT AGA ATG GGA CAT GTT GAT AAG GAA CAT CAG ACT TGG GTT AAC GTA ATT GTG CTG GCC TTC TAC ACT GGT AGG TAT CAA AAC ATG ATT ATG GAC CTG CAC TTA GAA ATT TTA GCT GAA TCC CCA GGT GTC AAG AAG CCA AGG AGA GAA TGG TCC CTA ACT AAC GAA ACT TCG GGT GAA CAT ATT GTT TTT TTT TAT AAG CTG GCC CAA TCT CTG ACT AAC GAT AGT CCT AAG CAC GCC ATT AAA TTA AGA GAC GGT GGG GGT TAC GTT GGT GGC GGC CCG AGA AGC TTA TTG CAA AGA GTT ACC ATA TAT GAT AAG GCG TCT GAT TAC TCA GAA CAC TTG AAC AAG CTT AAT GCG GGT GAC AAG AAA AGA AAG ACT GCC CCG GGT ATG TTA AAA TAT AGG CAT TTC TTG AGA GCA ATT AGT GGT GAC TGG AAC TCA GAA TGC GAG GAA TCT GGT TCG AAC ACT ACA GAT TTT TCA ACT CAA GAC TTA ACC TTG CAT GAT TAT TTT AAG TAC GCT AAG TAC TCT GAA CCT GAT ACT GCG CTG AGG AAG TTA GCG ACA ATC TTG TAT AAT GTT ACT AGG TTT GAA GAA CAT CAC GAT ACT AAC CCA CAT ATT CCA AAA TGT 
Ncas                            GAC CAC AAG ACA CGT GAG ATG TAC CAC CCA GTC ACT GAT AAC ATG TGG CAA TTA TAT AAA GGT AAA GCA ATG TAT TCA TCT ATC GAT AAA GAT ACT GGG AAC ACA TTG GAG ATT TTG TAT CAA GCT GAT CTA AAG AAA GCT AGA ATC AAA CAT TAT ATC ATT ATC AAG TAC ATA GAC CCA ATC CTA CGT TGG GGT CGT CCC ATA TCT GCA CAA ATT ATT CAA GAT AAA TGG GAT GTC TTT AAC TTC TGT GAC TTT CGT GCT ACT CCA TAC TAT GTG AAA TAT AAG CCA GGC AAG TTG GTT CTG GAA AAC TGG CCA AAT CGT ATT ATT CCA CAT ATG ACT GCT ATA CAT CAA GGC GAA TTG AAA TTC GCC ATG TGT CAA GGG GTC TCC GTT TGG CTA CAA CAT TAT AGA TGG TTC TCA ATT ATT AAG CAA GAC CAC TTT AGA ATT TCA ACA CAT ATT CTA TAC AAG TTC GGG AAG TTC GCT AAT GCA TAC TTA AAT CCA CAA CCA AAT TTA AAA ATT TCA GAA CCT GAA ATA TCC AAG GTG CAA AGA TAT AGA ATT ACA GAT AGA ATG GGG CAT GTC GAC AAA GAG CAT CAA GTT TGG GTC AAC ATT ATA GTC CTC GCC TTT TAT ACC GGG AGA TAT CAA AAC ATG ATT ATG GAC CTC CAC CTA GAA ATT TTG GCA GAA TCT CCA GGT GTC AAG AAG CCA CGT AGA GAA TGG TCA TTA ACC AAC GAA GTT TCA GGG GAA CAT ATT GTG TTC TTC TAC AAA CTC GCT CAA TCA CTA ACA AAC GAT AGT CCT AAA CAT GCT ATC CCA TTA AGA GAC GGT GGG GGT TAT GTT GGT GGT GGT CCT AGA TCT TTG TTG CAA AGA GTT ACA ATA TAT GAT AAG GCT TCA GAC TAT TCA GAA CAT ATC AAC AAG TTG AAT GCA GGG GAT AAG CAT AAA AAA ACA GCT CCT GGG ATG TTA AAA TAT CGT CAT TTC TTG AGG GCC GTC AGT GGT GAC TGG AAC TCA GAA TGT GAA GAA TCA GGA TCA AAC ACT ACG GAT TTC TCA ACA CAA GAT TTC GCA TTG CAC GAC TTT TTC AAA TAT GCA AAA TAC TCC GAG CCT GAT ACT GCC CTT CGT AAG CTG GCC ACC ATT CTG TAT AAT GTC GTT AAG TTC GAA GAA CAT CAC GAC ACT AAC CCA CAT ATG CCA AAA TGT 
Cgla                            GAC CAT AAG ACT CGT GAG GTG TAC CAT CCT GTT ACT GAT AAC TTA TGG CAG CTA TTC AAA GGT AAG GTA ATG TAC TCC TCA ATC GAT AAG GAT ACC GGT AAC ACC TTG GAG ATC AGT TAC CAA GCT GAG TTG AAG TCA GCG AGA ATC AGA CAT TAT ATC ATC ATC AAG TAC GTG GAA CCA ATC GCA CGT TGG GGT AGG CCT ATC AGC GCT CAA ATT GTT CAA GAC AAG TGG GAC GTT TTT AAT TTT TTG GAC TTT CGT GCT ACT CCC TAT TAC ACA AAG TTC AAG CCC GGT AAG TTA GTC CTG GAG AAT TGG CCA CCG CGT ATT GTT CCA GAG TTA ACT GCA AGT CAT CAA GGC CAG TTG AAA TTT GCT ATG TTG CAA GGG GTC TCT GTC TGG CTG CAA CAC TTC AGG TGG TTT TCC ATG ATC AAG CAG GAT CAT TTT AGA ATC TCG ACC CAT GTA CTA TAC AAG TTT GGT AAG TTT GCT TCT GCC TTC TTG AAT CCA CGT CCA AAT TTA AAA CTA TCT GAG CCA GAG AGT TCG AAG ACA CAA CGC TAT AGA ATC ACT GAC AGG ATG GGT CAT GTC GAC AAG GAA CAT CAA ACA TGG GTC AAC GTA ATT GTC TTA GCT TTT TAC ACT GGT AGA TAC CAA AAT TTG ATA ATG GAT TTA CAC CTG GAA ATC TTA GCT GAG TCT CCT GGT GTT AAG AAA CCA CGA AGA CAG TGG TCT TTA ACC AAC GAG ACA TCC GGT GAA CAT ATA GTC TTT TTT TTC AAG TTA GCT CAG TCC TTG ACC AAT GAC AGT CCA AAG CAC GCT ATC CCA TTG AGA GAA GGT GGT GGG TAC GTG GGT GGA GGT CCT AGA AGC TTG TTG CAA AGG GTG ACT ATC TAC GAC AAA GCG TCC GAT TAT TCG GAG CAT GTG AAT AAA TTA AAT GCT GGG GAT AAA GAG TCA AAG ACC GCT CCT GGG ATG CTG AAG TAT CGA CAC TTT TTG AGA GCT GTA AGT GGG GAT TGG AAT TCC GAA TGT GAG GAG TCC GGT TCC AAC ACA ACC GAC TTC TCC ACC CAA GAT TTC GCT CTA CAT GAT TAT TTC AAC TAC GCT AAG TAC TCC GAA CCA GAT ACT GCG TTG CGA AAG CTG GCG ACC ATC TTG TTC AAT GTG ACA GTC TTC GAG GAG CAT CAC GAT ACC AAC CCA CAT ATG CCT AAG TGT 
Agos                            GAT CAC TCG TTG CGC GAG CGG TAC CAC CCG GTG ACG GAT AAC ATG TGG CAG CTA TAC ACC GGT AAA GGC ATG TAC TCT TCT GTC GAC AAA GAC ACC GGG AAC ACG TTG GAG ATT GTG TAC CAG TCT GAG CTC AAG AGA GCG CGC ATC AAG CAC TAC ATC ATT ATC AAG TAC GTT GAC CCC ATC GCA CGG TGG GGG CGG CCG GTA ACA CAA CAG TTG TCG CAG GAC AAG TGG GAC GTC TTT AAC TTC CGG GAT TTT CGC TCT TCT CCT TAC TAC ACG AAG TAC AAG CCT GGC AAG CTC GTG CTG GAG AAC TGG CCC TTA CGC TTG TCG CCA CAG ATG ACA GCG TCT CAT CGC GGG GAG TTG AAG TTT GCG ATG CGG CAA GGC GTG TCG GTG TGG CTA CAG CAC TAC CGC TGG TTC TCC ATG ATT AAG GGC GAC CAC TTT CGC ATC TCA ACG CAC ATA TTG TAC AAG TTT GGC AAG TTC GCC AGC GCG TAC TTG AAC CCC GGA CCC AAC CTC AAG ATC TCA GAG CCC GAG TCT TCG AAG ACG CAG CGC TAT CGG ATC TTG GAC AGG ATG GGC CAC GTT GAT AAG GAG CAC CAG GCT TGG GTG AAC ATA ATC GTA CTA GCC TTT TAT ACG GGT AGA TAC CAG AAC ATG GTA ATG GAC CTA CAC CTA GAG ATT CTC GCT GAA TCC CCG GGC GTG AAG AAA CCA CGT CGC GAG TGG TCC CTA ACG AAC GAG GCT TCT GGC GAG CAC GTA GTG TTC TTC TAC AAG CTA GCC GGC TCC CTC ACG AAC GAC TCC CCC AAC CAC GCA ATC CCC TTG CGG GAC GGG GGG GGT TAC GTA GGA GGT GGC CCA CGC ACA TTA TTG CAA CGC GTG TTG ATT TAC GAT AAG GCG TCC GAT TAC TCA GAG CAT CTG AAC AAG GTA AAC GCG GGC GAT AAG CAG AGA AAG ACG GCC CCA GGC ATG TTA AAG TAT CGT CAT TTT TTG AGG GCG CTC AGT GGT GAC TGG AAC TCC GAG TGC GAG GAG TCC GGC TCT AAC ACC TCG GAC TTC TCC ACG CAG GAT CTG GCG CTC CAC GAT TAC TTC AGA TAC GCT AAG TAC GCG GAG CCC GAC ACG GCC CTC CGT AAG CTG GCC ACG ATT TTG TAC AAC GTG GCT CGA TTC GAG GAG CAC CAC GAC ACC AAC CCA CAC ATG CCG GTT TGC 
Klac                            GAC CAT AAA ATG CGT GAA ATG TAC CAT GCT GTT ACT GAC AAT ATG TGG CAA CTA TAT ACT GGT AAA AAC ATG TAC TCT TCT ATC GAT AAA GAT ACA GGC AAC ACT TTG GAA ATT GGT TAC CAA TCT CAA CTA AAG TCT GCT AGA ATC AAG CAC TAT ATC ATC ATC AAG TAC GTC GAC CCA ATC CTC CGC TGG GCG CGT CCT GTG TCA GCC CAG CTT GCT CAG GAT AAG TGG GAT GTC TTC AAC TTC CGG GAC TTT CGT TCT ACT CCG TAC TAC GTC AAG TAT AAG CCG GGT AAA TTG GTT CTC GAG AAT TGG CCA AAT CGT CTT GCT CCA AAG ATG ACT GCA ACT CAT CAA GGA GAT TTG AAG TTT GCT ATG CGG CAA GGT GTT GCC GTT TGG CTA CAA CAT TAT AAA TGG TTC TCG ATG ATC AAG GTA GAT CAT TTT AGA ATC AGT ACC CAC ATT CTA TAC AAG TTT GGT AAG TTT GCT AAT GCC TAT TTG AAC CCA GCA CCA AAC CTT AAA CTC TCT GAA CCA GAA ACT TCT AAG GTC CAA CGA TAC AGA ATC ATG GAT AGG TTC GGT CAT GTG GAC AAG GAA CAT CAA ACC TGG GTT AAC ATT ATC GTT ATC GCT TTT TAT ACC GGT AAG TAC CAA AAT ATG ATT ATG GAT ATC CAC CTA GAA ATC TTG GCT GAA TCT GCT GGT GTT AAG AAA CCA AGA AGA GAT TGG TCG TTA ACT AAC GAA ACC TCT GGT GAA CAT ATT GTA TTC TTC TAT AAG ATC GCT GTA TCA CTA ACT AAC GAT GCG CCA AAC CAC GCT ATC CCT TTG AGA GAC GGT GGC GGT TAC GTG GGT GGC GGA CCG AGA TCA TTA TTG CAA AAA GTG ATG GTA TAC GAT AAG GCT TCA GAC TAC AGT GAG CAT GCA AAT AAG ATA AAC GCA GGT GAC AAG AAG TCT AAG ACT GCT CCG GGT ATG TTG AAA TAC AGA CAC TTT TTG AGA GCT ATA AGT GGT GAT TGG AAT TCC GAA TGT GAG GAA TCA GGA TCT AAC ACA TCA GAT TTC TCC ACC CAA GAC TAC ACA TTG CAT GAC TAT TTC AAG TAC GCT AAG TAC TCA GAA CCA GAT ACT GCC TTG AGA AAG CTC GCC ACT ATT TTG TAT AAC GTT ACC AAG TTC GAA GAA CAT CAC GAT ACA AAC CCA CAC ATG GCT GTT TGT 
Calb                            GAT CAT AAA ACC AGA GAA CGG TAC CAT TCT GTT ACT GAT AAC TTG TGG CAG TTG TAT AAA GGT AAA TTT ATG TAT TCA GCG ATT GAT AAA GAT ACT GGT AAC ACT TTG GAA ATA AAC TAT CAA GCT GAA CTA AAA AAA GCT AGA ATT AAG CAC TTT ATC ATC ATT AAG TAC ATA GAT CCA ATT TTG AGA TGG GGA AGA CCG ATT AAA GAG CAA TTG GCA CAA GAC AAA TGG GAT GTT TTT AAC TTT TGC GAT TTT AGA GCT TCC CCA TAT TAT TCC AAA TAT AAA CCA GGT AGT TTA GTT ATG GAA AAC TGG CCA GAT AGA TTG GCA CCA CAA TTG ACT GCG AAC CAA CAA AAA TCA TTG AAG TTT GAA ATG TGC CAA GGG GTC AAA GTT TGG TGT CAA CAT TAT AAA TGG TTT TCT TTA ATC AAG TTG GAT CAT TTT AGA ATT CTG ACT CAC ATC TTA TAC CAA TTT GGT AAG TTC GCC AAC GCT TTC TTG AAT CCA AGG CCA AAT TTA AAA TTG TCA GAA CCA GAA AAC TCG AAG TCC CAA AGA TAT AAA ATT ACC GAT AGA ATG GGT CAC GTC GAT AAA GAG CAC CAA TCG TGG GTC AAC ATC ATT GTT ATA GCT TTT TTT ACT GGT AGG TAT CAA AAC TTG ATC ATG GAT ATA CAC TGT GAA ATC TTA GCT GAA TCC TCT GGT GTT AAA AAG CCA GAA AGA TCA TGG TCG TTA ACC AAC GAA TCG TCG GGT GAA CAT ATC GTT TTT TTT TTC AAA ATA GCC TTG TCT CTA ACT AAC GAT TCC CCA AAT AAT GCT ATC CCA TTG AAA GAT GGT GGT GGT TAC GTG GGG GGG GGC CCC AAG AAA CTT TTG CAA AAA GTC ACC ATT TAT GAT AAA GCT TCT ACA TAT CTG GAA CAA ATT AAC ACT GTT AAC GCA GGG GAT AAA CAA AAA AAA ACT GCC CCC GGG ATG CTC AAA TAT GAA CAT TTT TTG AGA GCT TTG AGT GGT GAT TGG AAC AGT GAA TGT GAA GAA TCT GGT TCG AAC ACT ACC GAT TTC AGT ACT CAA GAT TTA GCA TTG CAT ACA TAT TTC AAT TAC GCT AAA TAC TCC GAG CCA GAT ACT GCG TTG GAA AGA ATG GCG ACT ATA TTA TAT AAC GTT TCG AAA TTC GAA GAA CAC CAC GAA ACT AAC CCA CAC ATG TCT AAA TGT 



Printing out site pattern counts


         9        723  P

Scer                            AAA AAA AAA AAA AAA AAA AAA AAA AAA AAA AAA AAA AAA AAA AAC AAC AAC AAG AAG AAG AAG AAG AAG AAG AAG AAG AAG AAG AAG AAT AAT ACA ACA ACC ACC ACC ACG ACG ACT ACT ACT ACT ACT ACT ACT ACT AGA AGA AGA AGA AGA AGA AGA AGA AGC AGC AGG AGG AGT AGT ATA ATA ATA ATC ATC ATC ATG ATG ATG ATG ATG ATT ATT ATT ATT ATT ATT ATT ATT ATT ATT CAA CAA CAA CAA CAA CAA CAA CAC CAG CAT CAT CAT CAT CAT CAT CAT CAT CAT CCA CCA CCA CCA CCA CCC CCT CGT CGT CGT CGT CTA CTA CTA CTG CTG CTG CTT CTT GAA GAA GAA GAA GAA GAA GAA GAA GAA GAA GAC GAC GAC GAC GAC GAG GAG GAT GAT GAT GAT GAT GAT GAT GAT GCA GCA GCA GCC GCC GCC GCC GCG GCG GCT GCT GCT GCT GCT GGA GGA GGA GGC GGC GGC GGC GGC GGT GGT GGT GGT GGT GGT GGT GGT GGT GTA GTC GTC GTC GTG GTG GTG GTT GTT GTT GTT GTT GTT GTT GTT TAC TAC TAC TAC TAC TAC TAC TAC TAT TAT TAT TAT TAT TAT TCA TCA TCA TCC TCC TCC TCC TCG TCT TCT TCT TCT TCT TCT TGG TGT TGT TTA TTA TTA TTA TTA TTA TTA TTA TTC TTC TTC TTC TTG TTG TTG TTG TTG TTT TTT TTT TTT 
Sbay                            ... ... ... ... ... ... ..G ..G ..G ..G ..G ..G ..G ..G ... ..T ..T ..A ..A ..A ... ... ... ... ... ... .GA .G. .G. ..C ... ..C ..T ... ... ..T ..A ..A ..C ..C ... ... ... ... .G. GA. ... ... ... ... ... ... ..G ..G .A. ... ..A ... ... ... ... ... ... ... ... G.T ... ... ... ... ..T ..C ..C ..C ... ... ... ... ... ... G.. ... ... ... ... ... ... ..G ... ..A ..C ... ... ... ... ... ... ... ... ... ... ..C ..C ..C ..T ... A.A ... ... TC. ..G T.. T.G ... T.. T.. ... ... C.. ... ... ... ... ... ... ..G ..G ..G ..A ... ... ... ... ... ... ..C ..C ..C ..C ... ... ... ... ... ..G ..T C.. ..G ..T ..T ..C ... ..C ..G ..G ... ... ..G ..G ..T ..A ... ... ..G ..T ..A ... ... ... ... ... ... ... ... ..G ... ... ..T A.T ..A ... ACG ..C ..C ..C ... ... ... ... ... ... ... ... ... ... ... ..T ... ... ... ... ... ... ... ... ..T ... ... ..G ..T ... ..C ..C ... ... ... ... ... ... ... C.. C.. C.. ... ... ... ..G ..G ... ... ... ..T C.C C.C ... ... ... ..C ... ... ... 
Smik                            ... ... ... ... ..G C.. ... ... ... ..G ..G ..G ..G .TG ... ... ..T ..A ..A ... ..A ... ... ... ... C.A .G. ... .G. G.. ..C ..T ... ... C.. ..A ..C ..T ..C ..C ... ... ... ... .G. GG. ... ... ... ... ... ... ... ..G .AT ... TCT ... ... GAG ... C.G TGC .CT ..T G.G ..C ... ... ... ..T ..A ... ... ..C ... ... ... ... ... G.. ... ... ... ... ... ..G ... ... ..A ... ATG ..C ..C ..C ... ... ... ... ... ... ... ..T ..T ..T ..C A.A ... ... TC. ..G ..G G.G ... T.. T.. ..A ... CGG ... ... ... ... ... ... AGT ... ... ..A ... ... ..T ..T ..A ... ..C ..C ... ... ..C ... ... ... ... ... ... C.A ..A ... ... ..C ... ... ..A ..A ..A ... ..G ..G ..T ..T ..A ... CAG ..T ..G ..C ... ... ... ... ... ... ... ..C ... ..T ... A.. A.C ... A.. ..G ... ... ..G ... ... ... ... ... ... ... ... ..T ..T GTA ..C ... ... ... ... .TC ..G ..G ... ... ..T ... ..T ..A ... ... ... ... ... ... ... ..C ... C.. ... ..G ... ... ... ... ... ... ... ... ... C.. ... C.A ..A ... ... ..C ..C ... 
Spar                            ... ... ..G .G. ... ... ... ... ..G ... ..G ..G C.G ... ... ... ... ... ... ... ... ... ... ... ... ... .GA ... .GA ... ..C ..T ..T ... ... ..A ..T ..A ... ... ... ... ... ... .G. GA. ... ... ... ... ... ..G ... ... .AT ... ... ... ... ... ... ... ... ... ..T G.. ... ... ... ... ..T ..C ... ... ... ..C ... ... ... ... G.. ... ... ... ... ..G ... ... ... ... ... ... ..C ..C ... ... ... ... ... ... ..G ..T ..T ..T ..A ... ..A ... ... ... ... ..G T.. ... ... ... ... ... C.. ... ... ... ... ... ..G ... ... ... ..A ... ... ... ..T ..A ..A ..C ... ... ... ... ... ... ... ... ... ..G C.A ..A ... ... ... ... ..C ..C ... ... ..C ... ... ..G ..T ... ... ... ..G ..G ... ..A ... ... ... ... ... ... ... ... ..T ... A.. ... ... ... ... ... ... ... ... ... ... ... ... ... ... ..T ... ... ..T ... ... ... ... ... ... ... ... ... ... ... ... ..T ... ..C ... ... ... ... ... ... ..C ... C.. ... ... ... ... ... ... ... ... ... ..T ... ... ... ... ... ... ... ..C ... ... 
Ncas                            ..G CC. ... ... ... ... ... C.T ..G ..G ..G ..G C.. ... ... ... ... ..A ..A ... ..A ..A ..A ... ... ..A .GA ... CTA ... ..C ..C GTT ..A G.A ... ..T ... ... ... ..A ..A ..C ... ... .A. ... ... ... ..G C.T C.T ... ... .AT TCT ..A .A. ... ... ..T ..T ... ..T ..A ..G ... ... ... ... ... ..C ... ... ... ... ..A ..C ..C G.C ..C ... ... ... ... ... ... ... ... ..A ... ..C ... ... ... ..C ... ... ... ... ..T ... ... ..T ..A ..C ... ... ... AA. T.. ... ..G TGT ..C ..T T.A T.G .CC C.. ... ... ..G ..T ... ... ..G ..G ..A ... ..T ..T ..T ..A ..A ..C ... ..C ... ..C ..C ... ... ... ... ... C.A ... ..T ..T ..C ..T ... ATA ..A ... ..C ..T ..T ..C ..G ..T ..G ..T ... ..G ... ..G ..A ..G ..G ... ... ... A.T ... ... ... T.. A.A ..C ..G ... ..G ... ... A.. ..C ..C ... ..T ..T ..T ..T ... ..T ..T ..C ..C ... ... .T. ..C ... ... ... ..A ..A ..T ... ..A ..C G.A ..A ..A ..C ... ... ... ... C.. ..C ..G C.. ... ..G ... ... ... ..T ... ... C.. A.C ... ... ... ..C ... ..C ..C 
Cgla                            ..G CC. ..G TC. ... ..G ..G G.G ..G ..G ... ..G C.. ... ... ..T ... ..A ... ..A .GA ... ... ..A ... ..C .GA ... GCA ... ... ..C ... ..T G.T ... ..T ..C ..C ... ..C ..C ... ..A ... C.G ... ... C.C ... C.T C.. ..G ..G .AT ... ..A GTC ... ... ..G C.. ..C ... G.G G.G T.. ... ... T.A ... ..C ..A ..C ..C ... ... ..C ..C G.A ..C ... ... ..G ..G ... ... ... ... ..A ..C ... ..C ... ... ... ..C ... ... ... ..T ... ... ... ... ... ... A.G ... TC. T.. T.G ..G T.. T.A T.. T.A T.A .CT CGT ... ..G ..G ..G ..G ..G ... ..G C.G ..A ..T ..T ..T ... ..A ... ..C ... ..C ..C ... ..C ..C ..C ..T ..T C.T ..T ..T ..T ... ... ... AG. ... ..A ... ..T ..T ..T ..T ..T ..T ..A ... ... ... ... ... ..G ... ..G ... ... ... ..T ... ..T AGT A.C ..C ACA ..G ..C ..C ..G ... ..C ..G ... ... ... ... .T. ... ..T ..T ..C ... ..C ... ... .TC ..C ..G ..C ..T ..T ..T ... ..C ..G GTA ..C ..C ... ..A ... ... ... C.. ..C ..G C.G ..G ... C.. C.G ..T ..T ... ..T ... G.. ... C.A ... ... ... ... ... 
Agos                            ..G CCC ..G .G. .CC GTT ..G C.G ..G ..G ..G TCG CGC ..G ... ... ... ... ..A ..A ... ..C ... ... ... .GA CGC ... GCA ..C ..C ..G G.T TTG G.G ..G ... T.. ..C ..A ..G ..G ..G ..C T.. TTA C.C C.G C.C ..G C.G C.T ..G C.C .A. .CA ..A C.A ... TCC ..G ..C ..T ..T G.T CGG ... ... ... ... ... ..C G.A ..C ... T.G ..C ..C ..C C.C G.C ... ..G ..G GGC ..G ..G ..G ... ... ... ..C ..C ... ..C ..C ..C ..C ..C ... ... ..C ..C ..C ..T ..G ..C ..G ..C A.C ... ..C ..G .G. ..A ..C ..C G.A .CG .G. ..G ..G ..G ..G ..G ... ..G ..G ..G ... ..T ... ... ... ... ..C ..C ... ... ... ..C ..C ..C ..G CA. ..G C.G ..G ..A ... ..C ... T.. T.. ... ..G ..C ..G ..T ..C ... ... ... ..T ..G ..G ..A ..C ..C ..C ... ... ..C ..G A.. ... ..G ..G ... ..A ..A ACG ..A ..G ..G ..G TCG ... ..G ... ... ... ..T ... ... ... ..T ..C ..C ..C ..C ..C ..C ..T ... ..C ..A ... ... G.G ..T ..G GGC ..C ..C ..G ... ... ..C ..C ..G C.G ... C.. ..G C.C C.. ... ... ..T ... ..T ... C.. ... C.C ... ..C ... ..C ... 
Klac                            ..G CCT ..G TCT .CT GTT ... ..G ... ..G ..G ... C.. ... ... ..T ..T ... ..A ..A ... ..C ... ... ... ... .GA ... CTC ..C ..C ..T ..C .TG ..A ..T ..T T.A ..A ... ..C ... ..C ..A ... .A. ... ... C.. ... C.C ... ..G .A. .A. TCA .A. .A. ... GCG ..G C.C G.. ..T G.. ..G ... ... T.C ... ... ..C ... ..C ..C C.. ..C ..C ..C ..A ..C ... ... ... GT. ... ... ..G ... ..A ..C ... ..C ... ..C ... ... ... ... ... ..G ... ... ... ..G ... ... ... ... AA. T.. ... ..C .G. A.C T.. ... A.A .CT .C. ... ... ... C.. ..G ... ... ... ..T ... ... ..T ..T ... ..A ... ... ..C ... ..C ... ... ... ..C ..C ... ..T ..T ..T ..T ..C ..T T.. A.. ... ..A ... .CG ..T ..T ..T ..A ..T ... ..A ..C ... ... ..A ... ... ... ... ... A.T ... ..T ..T .GT ... ..T ..C ..G ..A ... ..G .C. ..G ... ... ... ... ..T ..T ... ... ... ..C ..C ..C ... ... ... ..T AGT ..C ..T ..G ..T ..A ..T ... AAC ..A ..G G.C ... ... ... ... C.. .AC ... C.. ..G ..G C.. ..G ..T ... ... ..T ... GCA ... ... ... ..C ... ..C ... 
Calb                            C.. CC. ... ... ... ... ... C.. .GT ..G .CT ... C.. ... ... ... ... ... ..A ... ... ..T ..A ..A ..A ..T ... .GA TT. ..C ..C ..C T.G ... G.A ..T ..T ..C ... ... ... ... ... ... T.C GA. ... .A. ... ... ... GA. ... .A. .AT .AA ... .AA ... TCC T.. T.G ..T ..A ..A CGG T.. ... ... T.. ... ... ..C ... ..C T.G ... ..C ... T.G ... ... ... ..G TTG ... ... ... ... ..A ... ... A.. ..A ..C ... ... ..C ... ... ..C ... ... ... ..A ..G A.A A.A A.A AAC T.. ... A.G TGC A.A T.. T.A G.. ... AGG ... ... ... ... ... ... ..G ... TCA ..T ..T ..T ..T ..A ..A ... ... ACA ... ... ..A ..C ... ..T .AG ... T.T ..T ..T ... ... ..T ... AAC ... ..G ... ... ..T ..T ..T ... ..T ..G AAA ... ..G ... ... ..G ... ... ... ... A.C ..T ... ..T AAC A.T ..T TCC ..G ... ... ..C .CA ..C ... ... ... ..T .TT ..T ... ..T ..T ..C ... ... .T. ... .TC ... CTG AGT ..A ..G ... ... ... ..G .T. ... ... AAA G.G ... ... ... ... ... C.T .GT ..G ... ..G C.C ... ..T ... ..T ..A A.T ... ... ... ... ... ... ... 

    1    1    3    2    1    1    1    2    1    4    1    1    1    1    5
    4    1    1    2    1    1    1    3    2    3    1    1    1    1    2
    2    1    3    3    1    1    2    1    2    1    2    3    1    1    1
    1    3    2    1    1    1    3    1    2    2    2    1    1    1    1
    1    1    1    2    1    1    1    4    1    2    1    2    2    2    3
    2    1    2    1    1    1    2    2    1    2    1    1    2    2    2
    1    1    1    2    3    3    1    3    1    3    2    3    1    3    2
    1    1    1    2    1    1    2    2    2    3    1    1    1    1    1
    2    6    1    1    1    1    2    1    2    2    3    1    2    2    1
    3    2    2    1    3    1    1    2    1    1    1    3    1    1    3
    2    2    2    2    2    1    1    1    1    1    1    1    1    1    1
    2    1    1    1    3    1    2    1    1    2    1    2    2    1    1
    1    2    1    1    2    1    2    1    1    1    2    1    1    4    2
    1    2    1    1    4    1    1    2    1    2    2    1    1    1    1
    2    1    1    3    1    1    1    9    1    1    1    1    1    2    2
    2    1    1    1    1    3    2    1    1    2    1    2    2    3    2
    1

CODONML (in paml version 4.9j, February 2020)  temp.nuc
Model: One dN/dS ratio, 
Codon frequency model: Fequal
ns =   9  ls = 393

Codon usage in sequences
--------------------------------------------------------------------------------------------------------------------------------------
Phe TTT   8   8   3   8   5  12 | Ser TCT   8  10  12   8   4   5 | Tyr TAT  10  12  10  16  16   6 | Cys TGT   2   2   1   1   4   2
    TTC   7   7  14   7  12  10 |     TCC   4   4   2   4   3  10 |     TAC  14  12  10   8   7  12 |     TGC   0   0   2   1   0   0
Leu TTA  11   8  10  12   6  10 |     TCA   5   3   4   5  13   3 | *** TAA   0   0   0   0   0   0 | *** TGA   0   0   0   0   0   0
    TTG   7  13   8   7  10  14 |     TCG   2   3   3   2   0   3 |     TAG   0   0   0   0   0   0 | Trp TGG   9   9   9   9   9   9
--------------------------------------------------------------------------------------------------------------------------------------
Leu CTT   2   2   1   2   1   0 | Pro CCT   1   3   6   8   5   6 | His CAT  16  15   9  13  14  13 | Arg CGT   5   3   3   4   8   5
    CTC   0   2   0   0   3   0 |     CCC   2  10   2   0   1   2 |     CAC   2   3   8   5   6   5 |     CGC   0   0   0   0   0   1
    CTA   5   3   4   2   6   4 |     CCA  12   5  11   8  13  11 | Gln CAA  11  12  14  11  15  11 |     CGA   0   0   0   1   0   3
    CTG   6   3   7   8   3   5 |     CCG   0   0   0   2   0   1 |     CAG   2   2   2   4   0   5 |     CGG   0   0   1   0   0   0
--------------------------------------------------------------------------------------------------------------------------------------
Ile ATT  17  12  15  14  17   3 | Thr ACT  12  11  11  16   7   8 | Asn AAT   4   7   3   4   6  10 | Ser AGT   2   3   3   3   2   5
    ATC   4   9   5   6   7  15 |     ACC   5   8   8   4   3  10 |     AAC  10   9  11  12  12   7 |     AGC   4   2   2   2   0   2
    ATA   3   3   3   3   6   2 |     ACA   4   3   4   2   8   6 | Lys AAA  21  13  15  12  18   7 | Arg AGA  14  14  13  15  11   9
Met ATG   9   8  10   9  10   7 |     ACG   3   2   0   0   1   0 |     AAG  18  23  19  22  16  22 |     AGG   2   6   5   5   1   4
--------------------------------------------------------------------------------------------------------------------------------------
Val GTT  11   9  10  14   7   5 | Ala GCT   8   7   3   3   9  14 | Asp GAT  15   8  12  15  13  12 | Gly GGT  13  13  14  11   9  14
    GTC   5   7   5   4   9   8 |     GCC   8   4   6   9   5   1 |     GAC  10  16  13   9  11   9 |     GGC   5   2   2   3   2   1
    GTA   2   1   2   2   0   4 |     GCA   3   1   9   3   7   2 | Glu GAA  17  14  19  20  15   7 |     GGA   3   3   1   3   1   1
    GTG   3   3   6   2   3   6 |     GCG   4   8   2   5   0   4 |     GAG   3   7   2   1   4  15 |     GGG   0   3   4   4   9   5
--------------------------------------------------------------------------------------------------------------------------------------

--------------------------------------------------------------------------------------
Phe TTT   7   7  14 | Ser TCT   9  11   7 | Tyr TAT   3   9  14 | Cys TGT   0   2   4
    TTC   8   9   6 |     TCC   9   2   6 |     TAC  21  16   6 |     TGC   2   0   2
Leu TTA   3   2   8 |     TCA   3   7   4 | *** TAA   0   0   0 | *** TGA   0   0   0
    TTG  13  12  19 |     TCG   6   2   7 |     TAG   0   0   0 | Trp TGG   9   9   9
--------------------------------------------------------------------------------------
Leu CTT   0   3   1 | Pro CCT   2   2   0 | His CAT   3  11   7 | Arg CGT   3   4   0
    CTC   8   4   1 |     CCC   8   0   2 |     CAC  15   7   8 |     CGC  11   1   0
    CTA   7   6   2 |     CCA   5  10  13 | Gln CAA   3  11  16 |     CGA   1   1   0
    CTG   4   0   2 |     CCG   4   4   1 |     CAG  11   2   1 |     CGG   7   2   1
--------------------------------------------------------------------------------------
Ile ATT   6   6  10 | Thr ACT   0  12  14 | Asn AAT   0   7   5 | Ser AGT   1   3   4
    ATC   9  15   9 |     ACC   4   6   5 |     AAC  17  13  18 |     AGC   1   0   0
    ATA   2   2   6 |     ACA   3   4   2 | Lys AAA   3   9  29 | Arg AGA   4  10  12
Met ATG  10  13   8 |     ACG  12   0   0 |     AAG  23  25   8 |     AGG   2   1   2
--------------------------------------------------------------------------------------
Val GTT   3   9   9 | Ala GCT   5  16  10 | Asp GAT   9  15  20 | Gly GGT   5  15  13
    GTC   2   4   4 |     GCC   6   5   3 |     GAC  14  10   1 |     GGC  13   3   1
    GTA   6   4   0 |     GCA   2   4   4 | Glu GAA   1  14  21 |     GGA   2   3   1
    GTG  10   4   1 |     GCG   9   2   4 |     GAG  19   3   3 |     GGG   5   0   5
--------------------------------------------------------------------------------------

Codon position x base (3x4) table for each sequence.

#1: Scer           
position  1:    T:0.22137    C:0.16285    A:0.33588    G:0.27990
position  2:    T:0.25445    C:0.20611    A:0.38931    G:0.15013
position  3:    T:0.34097    C:0.20356    A:0.28244    G:0.17303
Average         T:0.27226    C:0.19084    A:0.33588    G:0.20102

#2: Sbay           
position  1:    T:0.23155    C:0.16031    A:0.33842    G:0.26972
position  2:    T:0.24936    C:0.20865    A:0.38931    G:0.15267
position  3:    T:0.31807    C:0.24173    A:0.21120    G:0.22901
Average         T:0.26633    C:0.20356    A:0.31298    G:0.21713

#3: Smik           
position  1:    T:0.22392    C:0.17303    A:0.32316    G:0.27990
position  2:    T:0.26209    C:0.21120    A:0.37405    G:0.15267
position  3:    T:0.29517    C:0.22901    A:0.27735    G:0.19847
Average         T:0.26039    C:0.20441    A:0.32485    G:0.21035

#4: Spar           
position  1:    T:0.22392    C:0.17303    A:0.32824    G:0.27481
position  2:    T:0.25445    C:0.20102    A:0.38677    G:0.15776
position  3:    T:0.35623    C:0.18830    A:0.25191    G:0.20356
Average         T:0.27820    C:0.18745    A:0.32231    G:0.21204

#5: Ncas           
position  1:    T:0.22646    C:0.19084    A:0.31807    G:0.26463
position  2:    T:0.26718    C:0.20102    A:0.38931    G:0.14249
position  3:    T:0.32316    C:0.20611    A:0.30280    G:0.16794
Average         T:0.27226    C:0.19932    A:0.33673    G:0.19169

#6: Cgla           
position  1:    T:0.24427    C:0.18321    A:0.29771    G:0.27481
position  2:    T:0.26718    C:0.21883    A:0.35878    G:0.15522
position  3:    T:0.30534    C:0.23664    A:0.20356    G:0.25445
Average         T:0.27226    C:0.21289    A:0.28668    G:0.22816

#7: Agos           
position  1:    T:0.23664    C:0.23410    A:0.24682    G:0.28244
position  2:    T:0.24936    C:0.22137    A:0.36132    G:0.16794
position  3:    T:0.14249    C:0.37659    A:0.11450    G:0.36641
Average         T:0.20950    C:0.27735    A:0.24088    G:0.27226

#8: Klac           
position  1:    T:0.22392    C:0.17303    A:0.32061    G:0.28244
position  2:    T:0.25445    C:0.22137    A:0.38677    G:0.13740
position  3:    T:0.33588    C:0.24173    A:0.22137    G:0.20102
Average         T:0.27142    C:0.21204    A:0.30958    G:0.20696

#9: Calb           
position  1:    T:0.26972    C:0.13995    A:0.33588    G:0.25445
position  2:    T:0.25445    C:0.20865    A:0.39949    G:0.13740
position  3:    T:0.33588    C:0.18321    A:0.30025    G:0.18066
Average         T:0.28668    C:0.17727    A:0.34521    G:0.19084

Sums of codon usage counts
------------------------------------------------------------------------------
Phe F TTT      72 | Ser S TCT      74 | Tyr Y TAT      96 | Cys C TGT      18
      TTC      80 |       TCC      44 |       TAC     106 |       TGC       7
Leu L TTA      70 |       TCA      47 | *** * TAA       0 | *** * TGA       0
      TTG     103 |       TCG      28 |       TAG       0 | Trp W TGG      81
------------------------------------------------------------------------------
Leu L CTT      12 | Pro P CCT      33 | His H CAT     101 | Arg R CGT      35
      CTC      18 |       CCC      27 |       CAC      59 |       CGC      13
      CTA      39 |       CCA      88 | Gln Q CAA     104 |       CGA       6
      CTG      38 |       CCG      12 |       CAG      29 |       CGG      11
------------------------------------------------------------------------------
Ile I ATT     100 | Thr T ACT      91 | Asn N AAT      46 | Ser S AGT      26
      ATC      79 |       ACC      53 |       AAC     109 |       AGC      13
      ATA      30 |       ACA      36 | Lys K AAA     127 | Arg R AGA     102
Met M ATG      84 |       ACG      18 |       AAG     176 |       AGG      28
------------------------------------------------------------------------------
Val V GTT      77 | Ala A GCT      75 | Asp D GAT     119 | Gly G GGT     107
      GTC      48 |       GCC      47 |       GAC      93 |       GGC      32
      GTA      21 |       GCA      35 | Glu E GAA     128 |       GGA      18
      GTG      38 |       GCG      38 |       GAG      57 |       GGG      35
------------------------------------------------------------------------------


Codon position x base (3x4) table, overall

position  1:    T:0.23353    C:0.17670    A:0.31609    G:0.27368
position  2:    T:0.25700    C:0.21091    A:0.38168    G:0.15041
position  3:    T:0.30591    C:0.23410    A:0.24060    G:0.21939
Average         T:0.26548    C:0.20724    A:0.31279    G:0.21449

Codon frequencies under model, for use in evolver (TTT TTC TTA TTG ... GGG):
  0.01639344  0.01639344  0.01639344  0.01639344
  0.01639344  0.01639344  0.01639344  0.01639344
  0.01639344  0.01639344  0.00000000  0.00000000
  0.01639344  0.01639344  0.00000000  0.01639344
  0.01639344  0.01639344  0.01639344  0.01639344
  0.01639344  0.01639344  0.01639344  0.01639344
  0.01639344  0.01639344  0.01639344  0.01639344
  0.01639344  0.01639344  0.01639344  0.01639344
  0.01639344  0.01639344  0.01639344  0.01639344
  0.01639344  0.01639344  0.01639344  0.01639344
  0.01639344  0.01639344  0.01639344  0.01639344
  0.01639344  0.01639344  0.01639344  0.01639344
  0.01639344  0.01639344  0.01639344  0.01639344
  0.01639344  0.01639344  0.01639344  0.01639344
  0.01639344  0.01639344  0.01639344  0.01639344
  0.01639344  0.01639344  0.01639344  0.01639344


TREE #  1:  (((((1, 4), (3, 2)), 5), 6), ((7, 8), 9));   MP score: 1188
This is a rooted tree.  Please check!
lnL(ntime: 16  np: 18):  -6385.143847      +0.000000
  10..11   11..12   12..13   13..14   14..1    14..4    13..15   15..3    15..2    12..5    11..6    10..16   16..17   17..7    17..8    16..9  
 0.087677 0.155307 0.572718 0.035374 0.220193 0.172538 0.106587 0.486904 0.356158 0.500835 0.905366 0.071954 0.240268 1.344553 0.589326 1.512382 1.661194 0.053064

Note: Branch length is defined as number of nucleotide substitutions per codon (not per neucleotide site).

tree length =  7.358140

(((((1: 0.220193, 4: 0.172538): 0.035374, (3: 0.486904, 2: 0.356158): 0.106587): 0.572718, 5: 0.500835): 0.155307, 6: 0.905366): 0.087677, ((7: 1.344553, 8: 0.589326): 0.240268, 9: 1.512382): 0.071954);

(((((Scer: 0.220193, Spar: 0.172538): 0.035374, (Smik: 0.486904, Sbay: 0.356158): 0.106587): 0.572718, Ncas: 0.500835): 0.155307, Cgla: 0.905366): 0.087677, ((Agos: 1.344553, Klac: 0.589326): 0.240268, Calb: 1.512382): 0.071954);

Detailed output identifying parameters

kappa (ts/tv) =  1.66119

omega (dN/dS) =  0.05306

dN & dS for each branch

 branch          t       N       S   dN/dS      dN      dS  N*dN  S*dS

  10..11     0.088   858.5   320.5  0.0531  0.0050  0.0941   4.3  30.2
  11..12     0.155   858.5   320.5  0.0531  0.0088  0.1667   7.6  53.4
  12..13     0.573   858.5   320.5  0.0531  0.0326  0.6148  28.0 197.1
  13..14     0.035   858.5   320.5  0.0531  0.0020  0.0380   1.7  12.2
  14..1      0.220   858.5   320.5  0.0531  0.0125  0.2364  10.8  75.8
  14..4      0.173   858.5   320.5  0.0531  0.0098  0.1852   8.4  59.4
  13..15     0.107   858.5   320.5  0.0531  0.0061  0.1144   5.2  36.7
  15..3      0.487   858.5   320.5  0.0531  0.0277  0.5227  23.8 167.5
  15..2      0.356   858.5   320.5  0.0531  0.0203  0.3824  17.4 122.6
  12..5      0.501   858.5   320.5  0.0531  0.0285  0.5377  24.5 172.3
  11..6      0.905   858.5   320.5  0.0531  0.0516  0.9720  44.3 311.5
  10..16     0.072   858.5   320.5  0.0531  0.0041  0.0772   3.5  24.8
  16..17     0.240   858.5   320.5  0.0531  0.0137  0.2579  11.8  82.7
  17..7      1.345   858.5   320.5  0.0531  0.0766  1.4434  65.8 462.7
  17..8      0.589   858.5   320.5  0.0531  0.0336  0.6327  28.8 202.8
  16..9      1.512   858.5   320.5  0.0531  0.0862  1.6236  74.0 520.4

tree length for dN:       0.4192
tree length for dS:       7.8993


Time used:  0:07
