      9   1179

Scer                            GTC GTC ACT AGT CCA GAA GGC TCC ACT GAT TAC CAA TGG TTG CCA GCT GCT TAT GTC AGA GTT GTC GAA GTG GAG GAC TTG TAC GGC AAG AGA AGA GTT CAT GTT CCA ATT GAG CCA AAA CAT TGT AGA GCT AAT ACA TTA TTC AAA GGT GTT AGG TTC AAA TTC AGG CAA CAA TAT ACC GGT ACT ATT CCA ATT CAA TAC GAA CAA TAT ATG TGT GTC TTA AAC TTC ATT TCA ATG GAC GAG AAA TAC TTG CCC GCT AGA GCA GAA AGA AAA TTA AAT ACT GAG CCA CAC ATC AAA TTG AAA ACA TGT ACA GGG TAC GAT AAT TGG TCC AAG AAC ATG AGC TAC ATT TTT GTT AAG CAT TAT CAG TAC AGA TTT ATG TTA CAG TGG CGT TCC GTT AAG AGA CCT CAA GGT ACT TCA AAC GCT GAT AGG CTA TAC TTG ACT GAT TAC TTT CTG CAA AAG GAT GGG AAG GGT CAA GAC ACT TAT AAA AAT TTT AGC AAG GAT AGA GAC GGT AAG AAG GCT AAA AAC AGA AAG AAA CCA AAC TCC CGT CAA AGG TCA GGT GAA AAG TCT AGA AGA AAT AGA TTT CCA TAT CTT GAT CCA TCC CTA ACC TAC CAC GCT GGT GCT TCA TTG AAG CCA AAC GAA TAT TAT CAA GGT AAA GTT CAG TGC GGG TCG CAA CAA AAA GAT AGA GCT TTA GGT AGG GGC TTG TCC AGA ACT TTA GCT AAG AAA AAG GAA CCA GAA TAT ATG TAT TCT GAG TAC TTG TTA TAC AGA AAC GGT ATT GCT ATT AGA AGC ATT AGA ATC GGC GCT TAT GGT CTG ACA ATC AAC TTT AAC GGT CGT GCT ACT CCA TCT AAA ACA GGC AAG CTC ATC GAG TTA TTT GAG CGT AGA AAG GTC GTT TTT GCT GCC TCG GAT CTA AGG TTG AGA AGC GAT ATC AGG GAA GAA CTA TCT AAG CTA AAG TCC GAA CTG GTT GAA CAC AGA TAT GTC CCA AAA CAT GAC AAG GCC TTT GGC GTT GGT AGA AAC AGA GAG AAT AGG TAC GAT ACA GAA TGG GAC GAG TTA GAG TCC GGT TTC ATG ATC AAG AGA AAA CAA TTG GCT TCC AGA GAA TGG GCC TTT ACC GAT TTG ACA AAG TTT TTA CAA TTT AGA AGA GAT AAA AGA TGG CCT ACT AGA CAC AAG ATT AAG ATG GAC TCA GGC 
Sbay                            GTT GTT ACC AAC CAA GAA GGT TCA ACC GAC TAC CAA TGG TTG CCA GCT GCT TAT GTC AGA GTC GTG GAG GTG GAG GAC CTA TAC GGC AAG AGA AGA GTC CAT GTC CCA ATC GAG CCA AAA CAC TGT AGA GCT AAC ACA TTA TTT AAA GGT GTC AGA TTC AAA TTC AGA CAA CAG TAT ACT GGT ACT ATC CCA AGT CAA TAT AAA CAA TAC ATG TGT GTC TTG AAC TTC GTC TCA ATG GAC GAG AAG TAT TTG CCA GCT AGG GCA GAA AGA AAG TTA AAC ACT GAA CCA TAT ATC AAG TTG AAG ACA TGT ATG GGA TAC GAT AAT TGG TCT AAG AAC ATG AGC TAC GTC TTT GTT AAG CAT TAC CAA TAC AGG TTT ATG TTG CAA TGG AGA TCA GTC AAA AGA CCT CAA GGT ACA TCC TCT GCT GAC AGA TTG TAT TTG ACT GAC TAT TTC CTT CAA AAG GAT GGG AAG GGT CAA GAC ACT TAC AAG AAT TTC AGC AAG GAC AGA GAC GGT AAG AAG GCC AAA AAT AGG AAG AAG CCA GGT TCC CGT CAG AGA TCC GGT GAA AAG TCT AGA AGA AAC AGA TTC CCA TAT CTG GAT CAA TCC CTA ACT TAT CAT GCT GGT GCT TCA CTA AAG CCA AAC GAG TAC TAT CAA GGA AAA GTT CAA TGC GGA GCT CAG CAA AAG GAT AGA GCA TTG GGT AGA GGC TTG TCC AGA ACT CCA GCC AAG AAG AAA GAG CCA GAA TAT ATG TAT TCT GAG TAC TTG CTA TAC AGG TCT GGT ATT GCT ATC AGG AGC ATC AGA ATC GGC GCT TAT GGT CTG ACA ATT TCT TTC AAC GGT CGT GCT ACA CCA TCG AAG ACA GGC AAG CTA ATC GAG CTA TTC GAG CGT AGA AAG GTC GTC TTC GCA GCC GCT GAC CTA AGG TTG AGG AGC GAC ATT AGA GAA GAA CTA TCG AAA CTA AAA TCT GAT CTG GTT GAA CAT CGT TAT GTT CCA AAA CAT GAC AAG GCC TTC GGT GTC GGT AGA TCT AGG GAG AAC AGA TAT GCG ATG GAG TGG GAC GAG TTG GAG TCC GGT TTC ATG ATT AAG AGG AAG CAA TTG GCC TCC AGA GAA TGG GCT TTT ACT GAC TTG ACA AAG TTT CCA CAG TTC AGG CGG GAC AAG AAA TGG CCT ACC AGA TAT AAG ATC AAG ATG GAC TCA GGC 
Smik                            GTC GTC ACC AGT CCG GAG GGT TCC ACC GAC TAC CAA TGG TTG CCA GCT GCT TAT GTC AGA GTT GTG GAA GTG GAT GAT CTA TAC GGC AAG AGG AGG GTT CAT GTT CCG ATT GAA CCG AAA TAC TGT AGA GCT AAC ACA TTG TTC AAA GGT GTT AGA TTC AAA TTT AGA CAA CAA TAT ACT GGT ACT ATT CCA ATT CAA TAT GAA CAA TAT ATG TGT GTC CTA AAC TTC ATC TCT ATG GAC GAG AAA TAC TTG CCA GCT AGA GCA GAA AGA AAG TTG AAT ACC GAA CCA CAT ATC AAG TTG AAG ACA TGT ATG GGT TAC GAT AAT TGG TCC AAG AAC ATG AGC TAC ATC TTT GTT AAG CAT TAT CAA TAC AGA TTT ATG CTA CAA TGG CGT TCC GTT AAA AGA CCT CAG GGT ACA TCA AAT GCT GAC AGA TTG TAC CTA ACC GAT TAT TTT CTT CAG AAG GAT GGG AAG GGT CAA GAC ACT TAC AAA AAT TTT AGC AAG GAT AGA GAT GGT AAG AAG GCC AAA AAC AGA AAG AAA CCA AAC TCT CGT CAA AGA TCA GGT GAA AAG TCT AGA AGA AAC AGA TTT CCA TAT TTA GAT CCG TCT TTA ACT TAT CAC GCC GGT GCT TCA CTA AAG CCG AAC GAA TAT TAT CAA GGT AAG GTT CAA TGT GGT TCA CAA CAA AAA GAT AGA GCA CTA GGT AGA GGT CTA TCC AGA ACT TTG GCT AAG AAA AAA GAA CCA GAG TAT ATG TAT TCT GAA TAC TTG CTA TAC AGG AAT GGT ATT GCT ATT AGA AGC ATT AGA ATT GGC GCT TAT GGT CTG ACA ATT AAT TTT AAC GGT CGT GCT ACA CCA TCA AAG ACA GGC AAG CTT ATC GAG CTA TTT GAA CGT AGA AAG GTC GTT TTT GCT GCC TCA GAC TTA AGG TTG AGG AGC GAC ATC AGA GAA GAG TTA TCA AAA TTA AAA TCC GAA CTG GTT GAA CAC AGA TAT GTC CCA AAA CAT GAC AAA GCT TTT GGT GTT GGT AGA AAT AGG GAG AAT AGA TAT GAT ATG GAA TGG GAC GAT CTA GAA TCC GGT TTT ATG ATT AAG AGG AAG CAA TTG GCT TCC AGA GAA TGG GCC TTT ACT GAC TTG ACT AAA TTT TTG CAA TTC AGG AGA GAC AAA AGA TGG CCT ACT AGA CAT AAG ATT AAA ATG GAC TCG GGT 
Spar                            GTC GTC ACT AGT CCA GAA GGT TCC ACT GAC TAT CAA TGG TTG CCA GCT GCT TAT GTC AGA GTT GTC GAA GTG GAG GAC TTA TAT GGC AAG AGA AGA GTT CAT GTT CCA ATT GAA CCA AAG CAT TGT AGA GCT AAC ACA TTA TTC AAA GGT GTT AGA TTC AAA TTT AGA CAA CAG TAT ACT GGT ACT ATT CCA ATT CAA TAT GAA CAA TAT ATG TGT GTC TTA AAC TTC ATC TCT ATG GAC GAG AAA TAC TTG CCA GCT AGA GCA GAA AGA AAA TTA AAT ACC GAA CCA CAC ATC AAA TTG AAA ACA TGT ACA GGG TAC GAT AAT TGG TCT AAG AAC ATG AGC TAC ATC TTT GTT AAG CAT TAT CAA TAT AGA TTT ATG TTA CAA TGG CGT TCC GTT AAA AGA CCT CAG GGT ACA TCA AAT GCT GAT AGA CTG TAC TTG ACC GAT TAT TTT CTT CAG AAG GAT GGG AAG GGT CAA GAC ACT TAC AAA AAT TTT AGT AAG GAT AGA GAC GGT AAG AAG GCC AAA AAC AGG AAG AAA CCA AAC TCC CGT CAA AGA TCA GGT GAA AAG TCT AGA AGA AAC AGA TTT CCA TAT CTA GAT CCA TCC CTA ACT TAC CAC GCC GGT GCT TCA TTA AAG CCA AAC GAA TAT TAT CAA GGT AAA GTT CAA TGC GGG TCG CAA CAA AAA GAT AGA GCT TTA GGT AGA GGC TTG TCC AGA ACT TTG GCT AAG AAA AAG GAA CCA GAA TAT ATG TAC TCT GAA TAT TTG CTA TAC AGA AAT GGT ATC GCT ATT AGA AGT ATT AGA ATC GGC GCT TAC GGT CTG ACA ATT AAT TTT AAC GGT CGT GCT ACA CCA TCT AAA ACA GGC AAG CTT ATC GAG CTA TTT GAG CGT AGA AAG GTC GTT TTT GCT GCA TCG GAT CTA AGG TTG AGA AGT GAC ATC AGA GAA GAA CTA TCT AAG CTA AAA TCC GAA CTG GTT GAA CAC AGA TAT GTC CCA AAA CAT GAC AAA GCC TTT GGT GTT GGT AGA AAT AGA GAG AAT AGA TAC GAT ACA GAA TGG GAC GAG TTA GAA TCC GGT TTT ATG ATT AAG AGA AAA CAA TTG GCT TCC AGA GAA TGG GCC TTT ACT GAT TTG ACT AAA TTT TTG CAA TTC AGA AGA GAT AAA AGA TGG CCT ACT AGA CAC AAG ATT AAG ATG GAC TCA GGC 
Ncas                            GTC GTC ACT AGT CCA GAA GGT TCT ACT GAT TAC CAA TGG TTG CCA GCA GCT TAC GTC AGA GTT GTT GAA GTC GAA GAT TTG TAT GGG AAG AGA AGA GTT CAT GTT CCT ATT GAA CCT AAA CAT TGT AGA GCC AAT ACT TTA TTT AAA GGA GTT AGA TTC AAG TTC AGA CAA CAG TAT ACT GGG ACA ATT CCA ATC CAA TAT GAA CAA TAT ATG TGT GTC TTA AAT TTC ATC TCA ATG GAC GAA AAG TAT CTA TTA GCA AGA GCG GAA AGG AAG TTA AAT ACA GAA CCA CAT ATC AAG TTG AAG ACA TGT TTA GGG TAC GAT AAT TGG TCC AAA AAC ATG AGT TAT ATC TTC ATG AAG CAT TAT CAA TAC AGA TTC ATG TTA CAA TGG CGT TCT GTT AAA AGA CCT CAA GGG ACT TCA TCC GCA GAT AGA CTA TAT TTG ACA GAT TAT TTT CTA CAA AAG GAT GGG AAA GGC CAA GAC ACA TAT AAA AAT TTC GAT AAG GAT AGG GAT GGC AAG AAA GCT AAG AAT AGA AAA AAG CCA AAC TCA CGT CAA AGA TCA GGT GAA AAA TCT AGA AGA AAT AGA TTC CCA TAC TTA GAT CCA TCT TTA ACT TAC CAC GCA GGT GCC TCT TTG AAG CCT AAT GAA TAT TAC CAA GGT AAA ATG CAA TGT GGG CCA CAA CAA AAA GAT AGA GCA TTG GGT AGA GGG TTG TCC AGA ACA CTT ACT AAG AAA AAG GAA CCA GAA TAC ATG TAC TCT GAA TAC CTA CTA TAC AGA TCC GGT ATC GCA ATT AGA GAT ATT AGG ATC GGG GCC TAC GGT TTG ACA GTT TCC TTC AAT GGT CGT GCC ACT CCA TCA AAG ACA GGG AAA TTG ATT GAG CTA TTC GAA CGT AGA AAA GTC GTT TTC GCC GCG CCA GAT TTA AGG CTA AGA GAT GAT ATT AGA GAA GAA CTC TCA AAG CTC AAA TCG GAT TTG GTG GAA CAC AGA TAC GTC CCA AAA AGC GAC AAG GCC TTT GGT GTT GGG AGA TCC AGA GAA AAT AGA TAC GAT TTA GAA TGG GAT GAA TTG GAA TCT GGT TTC ATG GTT AAG CGT AAG CAA CTA ACT TCT AGA GAG TGG GCT TTC ACT GAT TTG ACT AAG TTC CTT CAA TTT CGT AGA GAT AGA AGA TGG CCA ACT AGA CAT AAA ATT AAG ATG GAC TCA GGG 
Cgla                            GTT GTT ACT AGT CCA GAG GGC TCT ACT GAT TAT CAA TGG TTG CCA GCC GCT TAT GTC AGA GTG GTC GAG GTG GAG GAC CTA TAC GGT AAG AGA AGA GTC CAT GTC CCA ATT GAA CCA AAA CAC TGT AGA GCT AAT ACA TTA CTG AAG AAG GTC AGA TTT AAA TTT AGA CAA CAA TAC ACT GGC ACT ATC CCA ATC CAA TAT GAA CAA TAT ATG TGT GTC TTG AAA TTT GTC TCA ATG GAT GAA AAG TAT CTG CCT GCT AGA GCA GAG AAA AAG TTA AAT ACA GAA CCA TAC ATC AAG TTG AAG ACG TGT TTA GGT TAC GAT AAT TGG TCT AAG AAC ATG AGT TAC GTC TTC GTT AAG CAT TAT CAG TAC AGA TTC ATG TTG CAG TGG CGT TCT GTC AAG AGA CCA CAG GGC ACT TCG GCA GCT GAT GAT TTA TAT CTG ACA GAT TAT TAC TTA CAG ACG GAC GGT AAG GGT CAA GAC ACA TAC AAG AAT TTC CAA ACG GAC AAA GAC GGT AAG AAG GCT AAA AAC CGC AAG AAG CAA AAC TCC CGT CAA AGA TCG GGT GAG AAG TCC CGT AGA AAT AGA TAT CCA TAC TTA GAT CCA TCT TTG ACT TAT TAC GCT GGT GCT TCT CTA AAT CCA AAC GAG TAT TAC CAA GGT AAG GTT CAG TGT GGT CCT CAG CAG AAG GAT AGA GCA TTG GGT AGA GGT CTG GCC AGA ACA CTT ACA AAG AAG AAG GAG CAA GAG TAT ATG TAC TCC GAA TAT TTG CTA TAC CGT GCA GGT ATC GCC ATT AGG CAA ATC AGG ATA GGT GCT TAC GGT CTA ACG GTG GCA TAT AAT GGT CGT GCT ACT CCA TCC AAG ACG GGT AAG TTG ATT GAG CTA TTC GAG CGT AGA AAG GTC GTG TTC GCA GCG CCT GAT TTG AGA TTG AGA CAA GAT ATT AGA GAA GAG CTG TCC AAG CTG AAG TCC GAT CTA GTC GAA TAC AGG TAC GTT CAA AAG CAT GAC AAA GCT TAC GGC GTG GGC AGA GCA AGA GAA AAC AGA TAT GAT TTA GAG TGG GAC GAG TTG GAA GCC GGT TTT ATG GTG AAT AGA AAG CAA CTG ACA GCC AGA GAG TGG GCC TTC ACT GAT TTG ACT AAA TTC CTT CAG TAC AGA AGG GAT AAG CGA TGG CCT ACC AGA TAC AAG ATT AAG ATG GAT TCC GGT 
Agos                            GTG GTG ACA AGT CCA GAG GGT TCC ACA GAC TAC CAG TGG TTG CCT GCG GCC TAC GTG CGC GTG GTC GAA GTT GAT GAC CTG TAC GGG AAG CGC CGC GTG CAC GTG CCG ATC GAG CCG AAG CAG TGC CGG GCC AAC ACG CTG TTC AAG AGC GTG CGC TTC AAA TTC AGG CAG CAG TAT ACG GGC ACC ATC CCT ATT CAG TAC GAG CAG TAC ATG TGC GTG CTG AAC TTC ATC GCC ATG GAT GAG AAG TAC CTC CCA GCG CGC GCG GAG CGG AAG CTG AAC ACG GAG CCT CAT ATC AAG TTG AAG ACT TGC CTG GGC TAC GAT AAC TGG TCC AAG AAC ATG AGC TAC ATC TTC ATC AAG CAT TAC CAA TAC CGC TTC ATG CTG CAA TGG CGT TCC GTG AAG AGA CCG CAG GGC ACG TCG GCA GCG AGC CGC CTT TAC CTT ACG GAC TAC TAC CTG CAG AAG GAC GGT AAG GGC CAG GAC ACG TAC AAG AAC TTC CAG AAG GAC CGG GAC GGC AAG AAG GCT AAA AAC CGT AAG AAG CCG AAC TCG CGG CAA AGG TCG GGT GAG AAG TCG CGG AGA AAC CGG TTT CCA TAC CTG GAC CCA TCC CTG ACG TAC CAC GCC GGC GCA TCG CTG AAC CCG AAC GAG TAT TAC CAG GCA AAG ATC CAA AGC GGC CCA CAG CAA AAG GAC CGT GCA TTG GGC AGG GGG CTT GCG CGG ACG CTT GCG AAG AAG AAG GAA CCG GAG TAT ATG TAC TCG GAG TAC CTG TTG TAC CGT GCA GGC ATC GCC ATC AGA CAG ATC CGC ATC GGG GCC TAC GGG CTC ACT ATT GCA TTT GCG GGC CGG GCC ACG CCC TCA AAG ACT GGG AAG TTG ATC GTC TTG TTC GAG CGG CGT AAG GTG GTG TTC GCC GCG CCA AGC CTG CGC CTG AGA CAG GAC ATT AGG GAA GAG CTG TCA AAG CTG AAG TCG GAA CTC GTA GAG CAC CGT TAC GTG CCG AAG CAT GAC CAG GCC TAC GGT GTG GGC CGG GCA AGA GAG AAC CGG TAT GAT CTG GAA TGG GAC GAT TTG GAG GCG GGG TTC ATG ATT AAC CGG AAG CAG CTC GCG GCG CGG GAG TGG TCT TTC ACG AGC TTG ACT CAG TTC CTT CAG TAC CGG AGG AGC AAA CGT TGG CCG ACG CGC CAT AAG ATC AAG ATG GAT TCC GGG 
Klac                            GTT GTT ACT AGC CCT GAA GGT TCG ACT GAA TAC CAA TGG TTG CCA GCC GCT TAT GTC AGA GTA GTC GAA GTG GAT GAT TTG TAT GGT AAG AGA AGA GTT CAT GTT CCA ATC GAG CCA AAG TAC TGC AGA GCC AGT ACA TTG TTC AAG GCA GTT AGA TTC AAG TTT AGG CAA CAG TAC ACT GGG ACC ATC CCA ATT CAA TAC GAA CAA TAT ATG TGC GTC CTA AAC TTC ATC GCT ATG GAT GAA AAG TAC CTA CCT GCA AGG GCT GAA AGA AAG TTG AAC ACT GAA CCA TAC ATT AAG TTG AAG ACG TGT CTC GGA TAT GAT AAT TGG TCC AAA AAC ATG ACT TAC ATC TTT GTT AAG CAT TAT CAG TAC AGG TTC ATG CTA CAG TGG CGT TCG GTT AAG AGA CCT CAA GGG GAA TCA GAG GCA AAC AGG CTA TAC TTA ACT GAT TAC TAT TTA CAA AAG GAT GGG AAG GGT CAA GAC ACT TAC AAA AAT TTT TCT AAG GAC AGA GAT GGT AAG AAG GCC AAG AAC AAG AAA AAG CCA AAC TCG AGA CAA AGG TCA GGT GAA AAG TCT CGT AGA AGT AGA TTC CCA TAT CTT GAT CCT TCT CTG ACT TAT CAT GCT GGT GCA TCA TTG AAC CCA AAC GAG TAC TAT CAA GCT AAG GTT CAG AGT GGA CAA CAA CAA AAA GAT AGA GCA TTG GGT AGG GGT TTA GCT AGA ACT TTA TCT AAG AAA AAG GAA CCA GAA TAC ATG TAT TCT GAG TAC CTT CTA TAT AGA GAG GGT ATC GCG ATC AGA TCT ATC AGA ATC GGT GCC TAT GGT ATA ACG ATT GAG TTC AAC GGT AGA GCC GAA CCA TCG AAG ACG GGT AAG CTC ATC GAA CTA TTT GAA AGA AGA AAA GTC GTA TTT GCT GCC CAA AAC CTG AGA CTT AGG TCT GAA ATT AGG GAA GAA CTA TCG AAG CTA AAG TCC GTT ATA GTT GAA CAT AGA TAT GTT CCA AAG CAT GAC CAG GCC TAT GGT GTA GGG AGA GAG AGG GAA AAC AGA TAC GAT CTC GAA TGG GAC GAT TTG GAG TCG GGT TTT ATG ATT AAC AGA AAG CAA CTA TCT TCG AGA GAA TGG GCC TTT ACT AAC TTG ACA CAG TTC TTA CAA TTC AGA AGA AAC AAA AGA TGG CCA ACT AGA TAC AAG ATC AAG ATG GAT TCT GGT 
Calb                            GTT GTT ACT AGT CCA GAA GGT TCA ACT GAT TAT CAA TGG TTA CCA GCC GCT TAT GTT CGT GTT GTC CAA GTC GAT GAC TTG TAT GGT AAG AGA AGA GTT CAT GTT CCG ATT GAA CCG AAA TTG TGT AGA GCT AAT ACA TTA TTC AGA TCT GTT AGA TTC CAA TTT AGA CAA CAA TAT ACT GGA ACT ATT CCA ATT CAA CAA GAA CAA TTC ATG TGT GTT TTA AAT TTC ATA TCA ATG GAT GAA AAG TAT TTG CCA GCA AGA GCA GAA AGA AAG TTA AAT ACA GAA CCA CAT ATC AAG TTA AAG TCA ATT TTG GGT TAC GAT AAT TGG TCC AAA AAC ATG ACA TAC ATA TTC AAA AAA CAT TTC CGA TAC AGA TTT ATG TTA CGA TGG CGT TCA GTT AAA AGA CCT CAA GGA ACT GGA GAA GCA ACA AGA ATG TAT TTG ACA GAT CAA TTC TTA CAA AGA GAT AAC AAA GGT CAA GAT ACA TTT AAA AAT TTC AAA AGA GAT AGA GAG GGT AAA AAA GCT CAA AAT AAA AAA AAG CCA AAT ACT ACG CAA AGA GGA GGG GAA AAA TCC AGA AGA AAT AGA TAT CCC TAT TTG GAT CCA AGT TTA ACT TAT TAT GCT GGT GCT TCT TTG GAA CCG AAT GAA TAT TAT CAA GCT AAA AAA CGA GCT GGT CAA AAA CAA AAA GAT AGA GCA TTA GGT AGA TCT TTG GGA AGG ACA TTA ACC AAA AAA AAG CAA CCA GAA TAT ATG TAT TCC GAA TAT TTG TTA TAT CGA GAA GGT ATT GCT TTA AGA AAA ATT AGA ATC GGT GCT TAT GGT TTG TCA ATT GAA TAT AAT GGT ACG GCT ACT CCA AGT AAG TCA GGT AAA TTA ATC TAT TTA TTC GAA ACG AGA AAA GTT GTT TTC GCT GCT CAA ACA TTA AGA TTG AGA AAA GAT ATT AGA GAA GAA ATG AGT AAG ATG AAA TCT TCG TTG GTT GCA TAT AAG TAT GTT CCA AGA CAT GAT AAA GCT TTC GGT GTT GGA AGA GAA AGA GAA AGC AGA TAT GAT TTG CAA TGG GAT GAT TTA GAA GCT GGA TTT ATG ATT GAA CGT AAG CAA TTG ACC GCT AGA GAA TGG GCA TTC ACT ACA TTA ACA AAA TTT TTA AAA ATA CGT AGA ACA AAA AGA TGG CCT ACT AGA CAT AAA TTA CGT ATG GAT TCT TCT 



Printing out site pattern counts


         9        687  P

Scer                            AAA AAA AAA AAA AAA AAA AAA AAA AAC AAC AAC AAC AAC AAC AAC AAG AAG AAG AAG AAG AAG AAG AAG AAG AAG AAT AAT AAT AAT ACA ACA ACA ACA ACC ACT ACT ACT ACT ACT ACT AGA AGA AGA AGA AGA AGA AGA AGA AGA AGA AGA AGA AGA AGA AGA AGA AGA AGA AGA AGC AGC AGG AGG AGG AGG AGG AGT ATC ATC ATC ATC ATC ATG ATT ATT ATT ATT ATT ATT CAA CAA CAA CAA CAA CAA CAC CAC CAG CAT CAT CAT CAT CCA CCA CCA CCA CCA CCA CCC CCT CCT CGT CGT CTA CTA CTA CTC CTG CTG CTT GAA GAA GAA GAA GAA GAA GAA GAA GAA GAC GAC GAC GAC GAC GAG GAG GAG GAG GAG GAG GAT GAT GAT GAT GAT GAT GAT GAT GCA GCC GCC GCC GCT GCT GCT GCT GCT GCT GCT GCT GCT GCT GCT GGC GGC GGC GGG GGG GGT GGT GGT GGT GGT GGT GGT GGT GTC GTC GTC GTG GTT GTT GTT GTT TAC TAC TAC TAC TAC TAC TAC TAC TAC TAC TAT TAT TAT TAT TAT TAT TAT TAT TCA TCA TCA TCA TCC TCC TCC TCC TCC TCC TCC TCG TCT TCT TGC TGG TGT TGT TTA TTA TTA TTA TTA TTC TTC TTC TTG TTG TTG TTG TTG TTT TTT TTT TTT TTT TTT 
Sbay                            ... ... ... ... ..G ..G ..G ..G ... ... ... ... ..T GGT TCT ..A ..A ... ... ... ... ... ... ... ... ..C ..C ..C ... ... ... ... .TG ..T ..A ..C ..C ... ... ... .A. ... ... ... ... ... ... ... ... ... ... ..G ..G ..G ..G ..G ..G C.G C.T ... ... ..A ..A ..A ..A ... .AC ... ... ... ..T ..T ... .G. ..C ..C ..C ... G.C ... ... ... ..G ..G ..G ..T T.T ..A ..C ... ... ... .A. ... ... ... ... ... ..A ... ... A.A ... ... ... T.G ..A ... ..T ..G A.. ... ... ... ... ... ..G ..G ..T ... ... ... ... ... ..A ... ... ... ... ... ..C ..C ..C ..C ... ... ... .CG ... ... ... ..T ..A ..A ..C ..C ... ... ... ... ... ... ... ... ... ..T ..A ... ..A ... ... ... ... ... ... ... ... ..G ..T ... ..C ..C ... ... ... ... ... ... ... ... ..T ..T ..T ..T ..C ..C ..C ... ... ... ... ... ... ... ... ..C ..A ... ... ... ... ..T ..T G.T ..G ... ... ... ... ... CC. C.. ... ..G ..G ... ... ..T C.A ... ... ... ... ..C ..C ..C ..C ... ... 
Smik                            ... ... ... ..G ... ... ... ..G ... ... ... ... ... ... ..T ..A ..A ..A ..A ... ... ... ... ... ... ..C ... ... ... ... ... ..T .TG ..T ..A ..C ... ..C ... ... ... ... ... ... ... ... ... ... ... ... ..G ... ... ... ..G ..G ..G ... ... ... ... ..A ..A ..A ..A ... ... ... ... ..T ... ..T ... ... ... ... ... ... ..C ... ... ..G ... ... ... ... ..T ..A T.C ... ... ... ..G ... ... ... ... ..G ..A ... ... ... ... T.. T.. T.G ..T ... ..T T.A ... ... ... ... ... ..G ... ... ... ... ... ... ..T ..T ..A ..A ..A ... ... ..T ..C ..C ... ... ... ... ... ... ... ... ..T ... ..A ... ..C ... ..C ... ... ... ... ... ... ... ..T ..T ..T ... ... ... ... ... ... ... ... ... ... ..G ... ... ... ... ... ... ... ... ... ... ... ... ... ..T ..T ..T ..C ... ... ... ... ... ... ... ... ..G ..T ... ... ... ... ..T ..T ... ... ..A ..A ... ..T ... ... ... ..G C.. ..G C.. C.. ... ..T ... C.A C.A ... ... ... ..C ... ... ... ... ... 
Spar                            ... ... ..G ... ... ... ... ... ... ... ... ... ... ... ..T ..A ... ..A ... ... ... ... ... ... ... ..C ... ... ... ... ... ..T ... ..T ..A ... ... ..C ... ... ... ... ... ... ... ... ... ... ... ... ... ... ... ..G ... ... ... ... ... ... ..T ..A ..A ..A ..A ... ... ... ... ... ... ..T ... ... ... ... ... ..C ..C ... ... ..G ... ... ..G ... ... ..A ... ... ... ... ... ... ... ... ... ... ..A ... ... ... ... ... ... ..G ..T ... ..T ..A ... ... ... ... ... ... ... ... ... ... ... ... ... ... ..A ..A ... ... ... ... ..C ... ... ... ... ... ... ... ... ..A ... ... ... ... ..C ... ..C ... ... ... ... ... ... ... ... ..T ... ... ... ... ... ... ... ... ... ... ... ... ... ... ... ... ... ... ... ... ... ..T ..T ..T ... ... ... ..T ..C ... ... ..C ... ... ... ... ... ... ..T ... ... ... ... ... ... ... ..T ... ... ... ... ... ... ... ..G C.. ... ... ... ... ..T ... ..A ... ... ... ... ..C ... ... ... ... ... 
Ncas                            ... ..G ... ... ... ..G .G. ..G ... ..T ..T ..T ..T ... TC. ..A ... ... ... ..A ..A ... ... ... ... ... ... ... ... ... ..T ..T TT. ..T ... ... ... ..A ..A ..A ... ... ... ... ... ... ... ... ..G ..G ... ... ... ... ... ... C.T ... ... ..T GAT ..A ..A ..A ..A ... ... ... ..T ... ..T G.T ... ..C ... ... ... ..C ..C ... ... ... ... ... ..G ... ..T ..A ... AGC ... ... ... ... ... ... ... ..T TTA ..A ... ... ... ..C T.. ... T.G T.. ..A T.A ... ... ... ... ..G ... ... ... ..T ... ... ..T ..T ..T ..A ..A ..A ..A ... ..A ... ... ... ... ... ... ... ... ..G ..G ... ..T ..A ..C ... A.. ..A ..A ..A ..A ..C ..C ... ..G ..G ..T ... ... ... ..A ..C ..G ... ... ... ... ... ..T ... ..C ... ... A.G ..G ... ... ..T ... ... ..T ..T ... ... ..T ... ... ... ..C ..C ..C ..C ... ..T ... ... ... ..T ... ..T ..A ..T ..G ... C.A ..A ... ..T ... ... ... C.T C.. ... ... ..G ... ... ..T ... ... C.A C.A ... ... ..C ..C ... ..C ..C 
Cgla                            ..G ... ... ..G ..G ..G ..G ..G ... ..A ... ..T ... ... GCA ... ... ..A ... ... ... ... ... ..T .C. ... ..C ... ... ..G ... ..T TT. ..T ... ... ..C ..A ..A ... C.. ... ... ... ... ... ... C.T .A. ..G ... ... ..G C.C ... C.T ... ..G ..G ..T CAA ..A ..A ..A GAT ..A ... ... ..T ..A ..T G.G ... ..C ..C ... ... ..C G.C ... ..G ..G ... ..G ... T.. T.. ... ..C ... ... ... ... .A. ... ... ... ... ..T ... ..A ... ... ..G T.G T.. T.G ..A T.A T.A ... ... ... ..G ..G ..G ..G ..G ..T ... ..T ... ... ... ..A ..A ... ..A ... ... ... ... ..C ... ..C ... ... ... ... ..G ..T ... ..A ..A ... A.A ... ..C ..C ... ... ... ... ..T ..T ... ..T ..T ... AAG ... ..C ... ... ... ... ... ... ..T ... ..C ..G ... ..C ... ... ... ... ..T ... ..T ..T ..T ..T ..C ... ... ..C ..C ... ... ..C ..T ..C ... ..G ..T G.. G.. ... ..T ... ..T C.T ..C ..C ..T ... ... ... C.T C.. ... ..G ..G ..T ..T C.G C.A C.. C.. ... ... .AC .A. ..C .AC ..C ..C 
Agos                            ..G ... ..G ..G ..G ..G ... ..G ... ... ... GCG ... ... GCA ... ... C.. ... ... ... ... ... ..C ... ..C ..C ..C ..C ..T ..G ..T CTG ..G ..G ..A ..G ..G ..G ..C C.T ... C.C C.C C.G C.G C.T C.G C.G C.C C.C C.C ... C.T ... C.T C.G ..G C.T ... CAG ... C.C C.. C.C C.C ... ... ... ... ..T ..T ... ... ..C ..C ..C ..C ..C ..G ... ..G ... ..G ..G ... ..T ..A ..G ... ..C ... ... ..G ... ..C ..T ..G ..A ..G ..G ... ..G ..G ..G ..T T.G ..C ... ..G ..G ... ..G ..G ..G ..G ... ..G ... ... ..T ... ... ... ... ... ... ... .TC ..T ..C AGC ..C ..C ..C ..C ... ... ..G ..G ... T.T ..A ..C ... ..G ..C ..C ..G ..G ..A ..C ..C ..G ..G ..T ..C ..T .CA A.C ..C ..C ..C ..G ..G ... ..G ... ..G ..T ..G ..G A.C ..A ... ... ... ... ... ... ... ... ..T ... ..C ..C ... ..C ..C ..C ... ... ..G ..C G.C ..G ... G.G G.G ..G ... ..G ... C.A ..A ..G A.. ... ..C ..C C.T ..G C.G C.G ..G ... ... ... C.. C.T C.C C.. ... .AC ... ..C .AC ..C ..C 
Klac                            ..G ..G ..G ..G ... ..G ... ..G ... ... ... ... ... ... G.G ... ... C.. ... ..A ... ... ... ..C ... .G. ..C ..C ... ..G ... ... CTC ..T GAA ... ... ... ... ..C ... ... ... ... ... ... ... C.T ... ... ... ..G ... .AG ..G ... ... ... ... .CT TCT ... ..A ..A ... ..A ..C ..T ... ... ..T ..T ... ... ..C ..C ..C ..C ..C ... ... ... ... ... ..G ..T T.. ... T.C ... ... ... ..T ... ... ... ... ... ..T ..A ... ... A.A ... ..G ... ... A.A T.A ... ... ... ... ... ... ... ... ..G .TT ... ..T ... ..T ..T ..A ... ..A ..A ..A ..T ..A A.C ..C ... ... ... ... ... ..T ... ... ... ..A ... ..C T.. ... ..G ..C ..A ..A ..C ... ..T ..T ..T ..A ... .C. .CA ... ..G ... ... ... ... ... ... ..T ... ... ..A ... ... ..T ..T ... ... ... ..T ... ..T ... ... ..C ... ..C ... ... ... ..C ..C ... ..T G.T ... ..G G.T ..G ..G ..T ... ... CAA ..G ... A.T ... ..C ... ... C.. ..G C.. ..G ... ..T ... ... ..A C.A C.T ... ..C ..C ... .A. ..C ... 
Calb                            .G. C.. ... ... ... ..G ... ..G ... ..T ..T ..T ..T ..T G.A ..A ... ..A CGT ..A ..A ..A ... G.A .GA ... .GC ... ... T.. ... ... TTG ..T ... ... ... ..A ..A ... ... ... ... C.T ... ..G ... ... ... ... ... ... ... .A. ... C.. C.T ... .AG .CA .AA ..A ..A ..A ..A ..A ... ... ... ... ..T ..T ... ... ... ... T.A ... ..A ... ... ... ... A.. ... T.T ..T .GA TTG ... ... ... ... ... ..C ... ... ..G ..A ... ... ... ACG A.G T.. A.G T.A T.. T.A T.G ... ... .C. ... ... ... C.. ... TCG ..T ..T ..T ... ..G ..A ..A ..A ..A T.T ..T ... ACA ... ... ... ... ... ... ... ..T ..T ..A ..A ... ... A.C ... ... ..C ..A ... ... ... ..T TCT ..T ..T AAC .C. TC. ... ..A ... ..A ... ..G ..T ... ..T ..C ... ... AAA ... ... ..T ... ... ..T ..T ..T ..T ..T C.A .T. .TC ... ... ... ... ... ... ..T ..T ... GG. ..A GGA G.T A.T AGT ..T ... CAA AG. ..C GCT ... ... AT. ... ... ... ... ... ... ..T ... ... ... ... ... ..A A.A .A. ..C ..C ... ..C 

    2    2    1    1    3    2    1    5    1    1    1    1    1    1    4
    2    2    2    1    3    5    3    1    2    2    2    1    1    2    3
    1    1    2    3    2    2    1    2    2    1    1    2    1    1    4
    1    2    1    2    1    2    2    1    1    2    1    2    1    1    1
    3    4    1    1    1    1    1    1    1    1    1    2    7    1    2
    1    2    1    2    7    1    2    1    2    1    2    2    3    1    1
    1    1    2    3    1    1    3    3    1    1    1    1    3    2    2
    1    1    2    1    1    1    1    1    2    1    3    3    1    1    2
    2    1    1    1    1    3    1    2    1    2    2    4    1    1    1
    2    1    1    1    1    1    1    1    1    1    2    1    1    1    2
    1    3    1    3    2    2    2    1    1    1    2    3    4    1    1
    1    3    1    3    1    4    3    2    1    1    1    1    1    2    1
    2    1    1    2    1    2    1    2    3    1    1    1    1    1    1
    2    2    1    2    1    1    1    1    2    2    2    1    6    2    1
    2    2    2    2    2    2    2    1    2    2    2    2    3    1    2
    3    2    2    2

CODONML (in paml version 4.9j, February 2020)  temp.nuc
Model: One dN/dS ratio, 
Codon frequency model: Fequal
ns =   9  ls = 393

Codon usage in sequences
--------------------------------------------------------------------------------------------------------------------------------------
Phe TTT  12   5  13  13   4   4 | Ser TCT   4   8   5   6   8   5 | Tyr TAT  12  16  15  15  11  15 | Cys TGT   3   3   4   3   4   4
    TTC   5  12   4   4  13   7 |     TCC   9   7   7   8   6   7 |     TAC  13  11  11  10  14  19 |     TGC   1   1   0   1   0   0
Leu TTA  10   2   5   8  10   7 |     TCA   5   5   7   4   7   1 | *** TAA   0   0   0   0   0   0 | *** TGA   0   0   0   0   0   0
    TTG  11  14  12  11  12  12 |     TCG   2   2   1   2   1   2 |     TAG   0   0   0   0   0   0 | Trp TGG   6   6   6   6   6   6
--------------------------------------------------------------------------------------------------------------------------------------
Leu CTT   1   1   2   2   2   2 | Pro CCT   2   2   2   2   4   4 | His CAT   4   5   5   4   5   3 | Arg CGT   4   4   4   4   6   6
    CTC   1   0   0   0   2   0 |     CCC   1   0   0   0   0   0 |     CAC   4   1   2   4   2   1 |     CGC   0   0   0   0   0   1
    CTA   5   9  10   7   8   6 |     CCA  13  14   9  14  13  11 | Gln CAA  14  15  15  14  16  15 |     CGA   0   0   0   0   0   1
    CTG   3   3   2   3   0   7 |     CCG   0   0   5   0   0   0 |     CAG   3   4   2   3   1   8 |     CGG   0   1   0   0   0   0
--------------------------------------------------------------------------------------------------------------------------------------
Ile ATT   9   4  10   8   7   5 | Thr ACT  10   8   8  10  12   9 | Asn AAT   6   3   8   8  10   8 | Ser AGT   1   1   1   4   2   2
    ATC   6   8   5   7   6   5 |     ACC   3   3   4   2   0   1 |     AAC  10   9   8   8   2   5 |     AGC   4   4   4   1   1   0
    ATA   0   0   0   0   0   1 |     ACA   7   7   6   8   8   7 | Lys AAA  17  12  18  20  17   8 | Arg AGA  29  25  29  35  32  26
Met ATG   7   9   9   7   9   7 |     ACG   0   0   0   0   0   5 |     AAG  23  30  22  20  22  32 |     AGG   8  10   8   2   4   4
--------------------------------------------------------------------------------------------------------------------------------------
Val GTT  10   6  10  10  10   5 | Ala GCT  15  13  13  13   3  10 | Asp GAT  13   5  11  11  20  15 | Gly GGT  14  16  20  16  10  18
    GTC   7  12   6   7   7  11 |     GCC   3   5   4   4   6   6 |     GAC   7  15  11   9   4   7 |     GGC   7   5   3   5   2   5
    GTA   0   0   0   0   0   0 |     GCA   1   3   2   2   6   7 | Glu GAA  14   9  16  18  21   9 |     GGA   0   3   0   0   1   0
    GTG   1   2   2   1   1   6 |     GCG   0   1   0   0   2   1 |     GAG  10  13   6   6   2  14 |     GGG   3   1   1   3  11   0
--------------------------------------------------------------------------------------------------------------------------------------

--------------------------------------------------------------------------------------
Phe TTT   2   7   5 | Ser TCT   1   9   6 | Tyr TAT   4  14  22 | Cys TGT   0   1   2
    TTC  12   8  12 |     TCC   5   2   3 |     TAC  24  16   3 |     TGC   3   2   0
Leu TTA   0   5  19 |     TCA   2   3   6 | *** TAA   0   0   0 | *** TGA   0   0   0
    TTG   8   9  14 |     TCG   7   7   1 |     TAG   0   0   0 | Trp TGG   6   6   6
--------------------------------------------------------------------------------------
Leu CTT   5   3   0 | Pro CCT   3   4   2 | His CAT   4   5   5 | Arg CGT   7   2   5
    CTC   4   3   0 |     CCC   1   0   1 |     CAC   3   0   0 |     CGC  10   0   0
    CTA   0   9   0 |     CCA   6  12  10 | Gln CAA   5  15  21 |     CGA   0   0   4
    CTG  16   2   0 |     CCG   8   0   3 |     CAG  18   6   0 |     CGG  14   0   0
--------------------------------------------------------------------------------------
Ile ATT   4   5   9 | Thr ACT   4  11  10 | Asn AAT   0   2  10 | Ser AGT   1   3   4
    ATC  13  10   3 |     ACC   1   1   2 |     AAC  13  14   2 |     AGC   7   1   1
    ATA   0   2   3 |     ACA   2   2  11 | Lys AAA   3   7  29 | Arg AGA   5  29  34
Met ATG   7   7  10 |     ACG  11   3   3 |     AAG  33  30  11 |     AGG   5   9   1
--------------------------------------------------------------------------------------
Val GTT   1  11  14 | Ala GCT   1   7  15 | Asp GAT   6  12  16 | Gly GGT   4  16  14
    GTC   2   4   2 |     GCC   9   8   1 |     GAC  12   4   1 |     GGC  11   0   0
    GTA   1   3   0 |     GCA   7   5   6 | Glu GAA   5  21  22 |     GGA   0   2   7
    GTG  13   1   0 |     GCG  11   1   0 |     GAG  16   8   1 |     GGG   7   4   1
--------------------------------------------------------------------------------------

Codon position x base (3x4) table for each sequence.

#1: Scer           
position  1:    T:0.23664    C:0.13995    A:0.35623    G:0.26718
position  2:    T:0.22392    C:0.19084    A:0.38168    G:0.20356
position  3:    T:0.30534    C:0.20611    A:0.29262    G:0.19593
Average         T:0.25530    C:0.17897    A:0.34351    G:0.22222

#2: Sbay           
position  1:    T:0.23410    C:0.15013    A:0.33842    G:0.27735
position  2:    T:0.22137    C:0.19847    A:0.37659    G:0.20356
position  3:    T:0.25445    C:0.23664    A:0.26463    G:0.24427
Average         T:0.23664    C:0.19508    A:0.32655    G:0.24173

#3: Smik           
position  1:    T:0.22901    C:0.14758    A:0.35623    G:0.26718
position  2:    T:0.22901    C:0.18575    A:0.38168    G:0.20356
position  3:    T:0.33333    C:0.17557    A:0.29771    G:0.19338
Average         T:0.26378    C:0.16964    A:0.34521    G:0.22137

#4: Spar           
position  1:    T:0.23155    C:0.14504    A:0.35623    G:0.26718
position  2:    T:0.22392    C:0.19084    A:0.38168    G:0.20356
position  3:    T:0.32824    C:0.17812    A:0.33079    G:0.16285
Average         T:0.26124    C:0.17133    A:0.35623    G:0.21120

#5: Ncas           
position  1:    T:0.24427    C:0.15013    A:0.33588    G:0.26972
position  2:    T:0.23155    C:0.19338    A:0.37405    G:0.20102
position  3:    T:0.30025    C:0.16539    A:0.35369    G:0.18066
Average         T:0.25869    C:0.16964    A:0.35454    G:0.21713

#6: Cgla           
position  1:    T:0.22646    C:0.16539    A:0.31807    G:0.29008
position  2:    T:0.21628    C:0.19338    A:0.40458    G:0.18575
position  3:    T:0.29262    C:0.19084    A:0.25191    G:0.26463
Average         T:0.24512    C:0.18321    A:0.32485    G:0.24682

#7: Agos           
position  1:    T:0.18830    C:0.26463    A:0.27735    G:0.26972
position  2:    T:0.22392    C:0.20102    A:0.37150    G:0.20356
position  3:    T:0.11959    C:0.33079    A:0.09160    G:0.45802
Average         T:0.17727    C:0.26548    A:0.24682    G:0.31043

#8: Klac           
position  1:    T:0.22646    C:0.15522    A:0.34606    G:0.27226
position  2:    T:0.22646    C:0.19084    A:0.39186    G:0.19084
position  3:    T:0.28499    C:0.18575    A:0.29262    G:0.23664
Average         T:0.24597    C:0.17727    A:0.34351    G:0.23325

#9: Calb           
position  1:    T:0.25191    C:0.12977    A:0.36387    G:0.25445
position  2:    T:0.23155    C:0.20356    A:0.36387    G:0.20102
position  3:    T:0.35369    C:0.07888    A:0.43766    G:0.12977
Average         T:0.27905    C:0.13740    A:0.38846    G:0.19508

Sums of codon usage counts
------------------------------------------------------------------------------
Phe F TTT      65 | Ser S TCT      52 | Tyr Y TAT     124 | Cys C TGT      24
      TTC      77 |       TCC      54 |       TAC     121 |       TGC       8
Leu L TTA      66 |       TCA      40 | *** * TAA       0 | *** * TGA       0
      TTG     103 |       TCG      25 |       TAG       0 | Trp W TGG      54
------------------------------------------------------------------------------
Leu L CTT      18 | Pro P CCT      25 | His H CAT      40 | Arg R CGT      42
      CTC      10 |       CCC       3 |       CAC      17 |       CGC      11
      CTA      54 |       CCA     102 | Gln Q CAA     130 |       CGA       5
      CTG      36 |       CCG      16 |       CAG      45 |       CGG      15
------------------------------------------------------------------------------
Ile I ATT      61 | Thr T ACT      82 | Asn N AAT      55 | Ser S AGT      19
      ATC      63 |       ACC      17 |       AAC      71 |       AGC      23
      ATA       6 |       ACA      58 | Lys K AAA     131 | Arg R AGA     244
Met M ATG      72 |       ACG      22 |       AAG     223 |       AGG      51
------------------------------------------------------------------------------
Val V GTT      77 | Ala A GCT      90 | Asp D GAT     109 | Gly G GGT     128
      GTC      58 |       GCC      46 |       GAC      70 |       GGC      38
      GTA       4 |       GCA      39 | Glu E GAA     135 |       GGA      13
      GTG      27 |       GCG      16 |       GAG      76 |       GGG      31
------------------------------------------------------------------------------


Codon position x base (3x4) table, overall

position  1:    T:0.22986    C:0.16087    A:0.33871    G:0.27057
position  2:    T:0.22533    C:0.19423    A:0.38083    G:0.19960
position  3:    T:0.28584    C:0.19423    A:0.29036    G:0.22957
Average         T:0.24701    C:0.18311    A:0.33663    G:0.23325

Codon frequencies under model, for use in evolver (TTT TTC TTA TTG ... GGG):
  0.01639344  0.01639344  0.01639344  0.01639344
  0.01639344  0.01639344  0.01639344  0.01639344
  0.01639344  0.01639344  0.00000000  0.00000000
  0.01639344  0.01639344  0.00000000  0.01639344
  0.01639344  0.01639344  0.01639344  0.01639344
  0.01639344  0.01639344  0.01639344  0.01639344
  0.01639344  0.01639344  0.01639344  0.01639344
  0.01639344  0.01639344  0.01639344  0.01639344
  0.01639344  0.01639344  0.01639344  0.01639344
  0.01639344  0.01639344  0.01639344  0.01639344
  0.01639344  0.01639344  0.01639344  0.01639344
  0.01639344  0.01639344  0.01639344  0.01639344
  0.01639344  0.01639344  0.01639344  0.01639344
  0.01639344  0.01639344  0.01639344  0.01639344
  0.01639344  0.01639344  0.01639344  0.01639344
  0.01639344  0.01639344  0.01639344  0.01639344


TREE #  1:  (((((1, 4), (3, 2)), 5), 6), ((7, 8), 9));   MP score: 1090
This is a rooted tree.  Please check!
lnL(ntime: 16  np: 18):  -5805.867223      +0.000000
  10..11   11..12   12..13   13..14   14..1    14..4    13..15   15..3    15..2    12..5    11..6    10..16   16..17   17..7    17..8    16..9  
 0.095310 0.220411 0.333533 0.073827 0.213720 0.026109 0.046439 0.162191 0.514347 0.475771 0.604506 0.089056 0.077190 1.554240 0.668880 1.745091 2.556567 0.044416

Note: Branch length is defined as number of nucleotide substitutions per codon (not per neucleotide site).

tree length =  6.900621

(((((1: 0.213720, 4: 0.026109): 0.073827, (3: 0.162191, 2: 0.514347): 0.046439): 0.333533, 5: 0.475771): 0.220411, 6: 0.604506): 0.095310, ((7: 1.554240, 8: 0.668880): 0.077190, 9: 1.745091): 0.089056);

(((((Scer: 0.213720, Spar: 0.026109): 0.073827, (Smik: 0.162191, Sbay: 0.514347): 0.046439): 0.333533, Ncas: 0.475771): 0.220411, Cgla: 0.604506): 0.095310, ((Agos: 1.554240, Klac: 0.668880): 0.077190, Calb: 1.745091): 0.089056);

Detailed output identifying parameters

kappa (ts/tv) =  2.55657

omega (dN/dS) =  0.04442

dN & dS for each branch

 branch          t       N       S   dN/dS      dN      dS  N*dN  S*dS

  10..11     0.095   840.6   338.4  0.0444  0.0044  0.0997   3.7  33.7
  11..12     0.220   840.6   338.4  0.0444  0.0102  0.2305   8.6  78.0
  12..13     0.334   840.6   338.4  0.0444  0.0155  0.3488  13.0 118.1
  13..14     0.074   840.6   338.4  0.0444  0.0034  0.0772   2.9  26.1
  14..1      0.214   840.6   338.4  0.0444  0.0099  0.2235   8.3  75.6
  14..4      0.026   840.6   338.4  0.0444  0.0012  0.0273   1.0   9.2
  13..15     0.046   840.6   338.4  0.0444  0.0022  0.0486   1.8  16.4
  15..3      0.162   840.6   338.4  0.0444  0.0075  0.1696   6.3  57.4
  15..2      0.514   840.6   338.4  0.0444  0.0239  0.5380  20.1 182.1
  12..5      0.476   840.6   338.4  0.0444  0.0221  0.4976  18.6 168.4
  11..6      0.605   840.6   338.4  0.0444  0.0281  0.6323  23.6 214.0
  10..16     0.089   840.6   338.4  0.0444  0.0041  0.0931   3.5  31.5
  16..17     0.077   840.6   338.4  0.0444  0.0036  0.0807   3.0  27.3
  17..7      1.554   840.6   338.4  0.0444  0.0722  1.6256  60.7 550.1
  17..8      0.669   840.6   338.4  0.0444  0.0311  0.6996  26.1 236.8
  16..9      1.745   840.6   338.4  0.0444  0.0811  1.8252  68.1 617.7

tree length for dN:       0.3206
tree length for dS:       7.2175


Time used:  0:08
