      9   1173

Scer                            ATT GAC CTA GAA GTT TTT AGG GTG GAT TAT GAA TTC ATT TGT TAT TTA AGA GTT TCT TAC AGG CTT GTT CAG AAG GAT CAA TTC ATG TTA AAT GAT GTT TCT AGA TCA ATG GGT ACC TTA GGT CGT TCT ACC GAA GTT GTC ATT GAC AAA TTA TTG GCT ATC GAA GTT TTA GTT ATC AAG ACG GAC GTA ATC GGA AAG CAG ACA GTC TAT GTC GGT GTC TCC ATC CCA GAA TTC CCT GAA AAG AAG GAT TTA GTT AAA TTA TTT GAG ATA AAG ATT ATT CAA TTG GGT TTC ACC AAT AGG ATG AAT CTA TGT TAC GCT TTA ATT ATG ACA TAC GCC GTG ATT TCC AAA GCT GTT CAA GTC TCT ATC ATC TTT GGT GAT GAT GAC ATA AAG ACT GTC AGA CTG GGT GCC TGC TTT CCA GAT ATC TTA ATT GTA GCG TTT AGT GAG ATC GAC GAA GAT ATT GAT GAG GTC CTG GAA CAA AGT TTT ATT TTA GGT AAG TCC CAG AAG TGT TCC GTC CCT AAC GAA TCA TTG GTT AAA TCT GTA CTG CCA TTG GAA GTT CAA GTT TAT TTT GGC GAT AGA AGA ATC GTG AAC GTT GCT GGT TTG ACT GCT ATG ATC CAC ATC AAG TCA GAA TCC ACC GTA GTT GAC CAT TTA GGT CCA TTT TCC ACT TTG ACC AAG GAT AGC AAA TTT CAG GAT TTG TTG CAA GAT TTC GAA GTC GGT ATT GTT GAT GGG GGT TAT CAT CAA ACC TTG ATT GAA GAC GAA ACC ATC GCC GAT CAA TCT GGT GGT ATG TGT GAA ACG AGG GGT ATC AGA GAC AGG CGT TAC TTC GAC TAT AGC GTT GAT CGT TAT TTA ATG AAA ATT ACG CCA GAA GAT CAC AAA TTC ACT TTA GAC ATT GCT GTG GAT TCC TTA GTC ACT TCT TCT GAA GCC CAA GAA ATT TGT GTC AGG GTT TCC CAT TTG AGA TGT TTT TTA GGT TTC TTT GTC GAT CCA ATT GTT TCC AAG GAA GTT ATT ATC TTG GCC ATG GAA GTT GAT GGT GAT GTC GCC GAC TTG GAG GCC AAA GTC ACC ACG AAG CAA TTG CAC TTC CAT TCC CCA GAT GTT GGT TTT GGT GGC TTA TAC GTT GAC CCC TAC ATT TTG GGT GGT CAA CTT AGT GCC TTT GAT AGA TTT AAG AAG ATC TAT CAA TCT ATT 
Sbay                            ATC GAT TTA CAA GTC TTT AAA GTA GAC TAT GAA TTC ATG TGT TAT TTG AGG ATT TCT TAC AGA TTG GTC AAG CAA GAT CAA TTC ATG TTA AAT GAG GTT ACT AGA TCA ATG GGT ACC TTG GGT CGT TCT ACA GAA GTC GTT ATT GAT AAA GTG TTA GCC ATT GAA GTT TCA ATC ATT CAA ACA GAT GTA ATT GGA CAA CAA ACC GTT TAT GTT GGC GTT TCC ATT CCA GAT TTC CCT GAA AAG AAG GAT CTA GTC AAA TCA TTC GAG ATA CAA ATT ATC CAG TTG GGT TTC ACC AAT AAA ATG AAT TTA TGT TAT GCT TTA ATT ATG ACC TAC GCC GTA ATT TCT AAA GCT GTC CAG ATA TCT ATC ATT TTC GGT GAC GAC GAT ATA AAG ACT GTT AGG CTG GGT GCC TGT TTT CCC GAT ATT TTA ATT GTA GCT TTC AGT GAA ATC GAT GAA GAT ATT GAT GAA GTC TTG GAA CAA AGT TTT ATT TTG GGT AAA TCT CAA AAA TGT TCC GTT CCT AAT GAA TCA CTT GTC AAA ACT GTA TTG CCA TTG GAA GTC CAG GTT TAC TTT GGT GAC AGG AGG TTC GTA AAC GTC GCC GGT TTG ACG GCC ATG ATT CAC ATC AAA TCG GAA TCC ACC GTA GTT GAT AAC TTA GGT CCA TTT TCT ACG TTG ACC AGA GAT AGT AAA ATG CAA GAT TTG CTT CAA GAT TTC AAA GTT GGT ATT GTC GAC GGA AAA TAT CAC CAA ACC TTG ATC GAA GAT GAA ACT TTC GCC GAT CAA TCT GGT GGT ATG TTT GAA ACT CGA GGT ATT AGA GAT AAA CGT TAC TTC GAT TAT AGT GTC GAC CGT TAC TTA ATG AAG ATT ACA CCA GAA GAT CAC AAG TTT ACG TCA GAC ATT GCT GTA GAC TCT TTG ATA ACT TCT TCT GAA GCC CAG GAT ATC TGC GTT AAA GTT TCT CAC TTG AGA TTT TTT CTA GGT TTC TTC GTT GAT CCG ATT GTC TCT AAG GAA GTT ATT ATT TTG GCC ATG GTA ATC GAC GGT GAT GTT GCC GAT TTG GAA GCT AAG GTC ACT ACT AAA CAA TTG CAC TTC CAC TCT CCA GAC ATC GGT ATG GGT GAA TTA TAC GTT GAC CCT AAG ATT TTA GGT GGT CAA TTG AGT GCC TTT GAT AGA TTC AAA AAG ATC TAT CAA TCT ATG 
Smik                            ATC GAT CTT GAA GTT TTC AGA GTG GAT TAT GAA TTC GTA TGT TAT TTA AGA GTT TCT TAC AGA TTA GTG AGA AAG GAT CAA TAT ATG TTG AAT GAC GTT TCT AAA TCA ATG GGC ACT TTA GGC CGT TCG ACG GCA GTC GTT ATC GAC AAA CTT TTG GCA ATC GAA GTT TTG GTT ATC AAG ACG GAT GTA ATC GGA AAG CAA ACA GTT TAT GTC GGA GTC TCT ATC CCA GAT TTC CCT GAA AAG AAG GAC CTA GTC AAA TTG TTC GAG GTA AAG ATT ATT CAG TTG GGT TTC ACC AAT AGA ATG AAC CTT TGT TAC GCC TTA ATT ATG ACA TAC GCC GTG ATT TCT AAA GCC GTC CAG ATA TCT ATA ATT TTC GGT GAT GAT GAT GTA AAG ACT GTT AGA TTG GGT GCC TGT TTC CCG GAT ATT TCA ATT GTA GCT TTC AGT GAG ATA GAC GAA GAT ATT GAC GAA GTT CTT GAA CAA AGT TTT ATT TTA AAG AAA TCC CAA AAG TGT TCT GTT CCT AAT GAA TCA CTA GTT AAA TCT GTA CTT CCA TTG GAA GTG CAG GTT TAT TTT GGC GAT AGA AGA ATC GTG AAC GTC GCA AAG TTG ACG GCA ATG ATC CAT ATC AAG TCA GAA TCC ACT GTA GTT GAC CAT TTA GGT CCG TTC TCT ACG TTG ACC AAA GAT AGT AAA TTT CAA GAT TTG CTA CAA GAT TTC GAA GTT GGT ATC GTT GAT GGA AAA TAC CAC CAA ACC CTA ATT GAA GAC GAG ACC ATC GCC GAT CAA TCT GGT GGT ATG TGT GAA ACT AGG GGT ATC AAA GAC AGA CGT TAC TTT GAC TAT AGT GTC GAC CGT TAT TTG ATG AAG ATT ACG CCA GAA GAT CAT AAG TTT ACG TTG GAT ATT GCC GTG GAC TCT TTA ATA ACT TCT TCT GAA GCC CAG GAT ATC TGC GTT AGA GTT TCC CAC TTG AGA TGT TTT CTA GGT TTC TTC GTT GAT CCA ATT GTC TCT AAG GAA GTT ATT ATT TTG GCT ATG GAA GTA GAC GGT GAT GTC GCT GAT TTG GAG GCC AAA GTT ACG ACT AAG CAA TTG CAT TTC CAC TCT CCA GAC GTA GGT TTT GGT GAG TTG TAC GTT GAC CCT TAC ATC CTG GGT GGT CAA TTA AGT GCC TTT GAT AGA TTT AAG AAG ATT TAT CAA TCT GTA 
Spar                            ATT GAT CTA GAA GTT TTT AGG GTG GAT TAT GAA TTC ATA TGT TAT TTT AGA GTT TCT TAC AGA TTA GTG AAA AAG GAT CAA TTC ATG TTA AAT GAC GTT TCT AGA TCA ATG GGT ACC TTA GGT CGT TCT ACT GAA GTC GTT ATC GAC AAA CTG TTG GCT ATT GAA GTT TTA GTT ATT AAG ACG GAT GTA ATC GGA AAG CAA ACA GTT TAT GTC GGT GTC TCA ATC CCA GAC TTC CCT GAA AAG AAA GAT TTA GTC AAA TTA TTC GAG ATA AAG ATT ATC CAA TTG GGT TTC ACC AAT AGG ATG AAT CTA TGT TAC GCC TTA ATT ATG ACA TAC GCC GTA ATT TCT AAA GCC GTT CAA GTC TCC ATA ATT TTT GGT GAT GAT GAT ATA AAG ACC GTC AGA CTG GGT GCC TGC TTT CCA GAT ATC TTA ATT GTA GCT TTC AGT GAG ATA GAC GAA GAT ATT GAT GAA GTC TTG GAA CAA AGT TTT ATT TTT GAT AAG TCC CAA AAG TGT TCA GTC CCT AAC GAA TCA CTG GTT AAA TCT GTA TTG CCA TTG GAA GTG CAA GTT TAT TTC GGC GAT AGA AGA ATC GTG AAC GTT GCT GAT TTG ACA GCT ATG ATT CAC ATT AAG TCA GAA TCT ACC GTA GTT GAT CAT TTA GGT CCA TTT TCT ACA TTG ACC AAA GAT AGT AAA TTT CAA GAT TTG CTG CAA GAC TTC GAA GTT GGT ATC GTT GAT GGA AAA TAT CAT CAA ACC TTG ATC GAA GAC GAA ACC ATC GCC GAT CAA TCT GGT GGC ATG AGT GAA ACT AGG GGT ATC AGA GAC AGG CGT TAC TTC GAC TAT AGT GTT GAT CGT TAT TTA ATG AAG ATT ACG CCA GAG GAT CAC AAG TTT ACA TTA GAT ATT GCC GTA GAC TCT TTT GTC ACC TCT TCT GAG GCC CAA GAC ATT TGC GTC AGG GTT TCC CAT TTG AGA AGT TTT TTA GGT TTC TTC GTT GAT CCA ATT GTT TCT AAG GAA GTT ATT ATT TTG GCC ATG GAA GTT GAT GGT GAT GTC GCC GAT TTG GAG GCC AAA GTC ACA ACT AAG CAA TTG CAC TTT CAT TCT CCA GAC GTT GGC TTT GGT GGG TTA TAC GTT GAT CCT TAC ATC TTG GGT GGT CAA TTA AGT GCC TTT GAT AGA TTT AAG AAG ATC TAT CAA TCT ATA 
Ncas                            ATT GAT CAT GAG GTC TTT AAA GTC GAT TAT CGT TAC ATT ACT TAT CTT GTC ATT TGC TAC TCG TTG GTA GAG AAG GAC CAA TCA ATG CTC GAT GAT ATT GCT AGA AGA ATG GAA ACA TTG GAA CGT AAG ACT CCT GTC GTG ATT GAT TAC TTG TTG ACT ATT GAA GTT GAC ATG ATT AAG ACC GAT ATC ATT GGA AAG CAT TCA GTT TAT TCT GGC GTT TCC ATT CCA GAA TTC GAA GGA AAG AAA GAT CAA GTC CGT GAC TTC CAT GTA AAG ATT ATT AAG TTA GGT TTC ACC GAT AAA ATG AAT CAT ACT TAT GTT TTA ATT ATG TCA TAT CCA ATT ATG TCC AAG GAT GTG AAG GTT ACA ATT GTT ATG GGT GAT GAT GAT GTA AAG ACT ATC GTC TTC GGT GGT TGC TTT CCT GAC ATC AGT GTG ATC GCC TTC GAA AAA ATT GAT GAA GAC ATT CAT GAA ATT GCT GAA GAA AAA TTT ATT CTT ATT CAA ATC CAA AAA TGT TCC GTG GAA GGT GAA AGA CTT GTC TAC GCT ATC GCT CCT TTA GAA GTA AAG CAA GCA TTT GGT GAT AGA GTC ATG GTC AAC GTT ACT ATT TTA GTT ACT ATG ATT CAT ATT AAG CAA GAA TCA ACT TAT ATT GAT AGC TTA GGT CAA TTG TCC GTT TTG AAC AAA GAT GCC GAT TTT CAT GAC TTG CTT CAA GAT TAC ATG GTT GGT ATT TGT GAA GGG AAA TAT CAT CAA ACA TTG ATT GAA GAT GAA ACT ATG GGT GAA CAA TCT GGT GGT ATG CCG GAA ATG AGG GGT ATT AGA GAT AAA CGT AAG TTC GAT ACT GCC ATC CCG CGT TAC CTC GTT AAG ATT ACC CCT GAG GAC CAT AAG TTC GTT GAC GAT ATT GAT ATT GAC TCC CTT GTT ACC TGC TCT GAG CCA CAA GAA ATT TCA ATC AAA ATT ATC CAT TTG AGA CCG TAT CAA GGT TAC TAT GTT GAT CCT ATT GTG TCC AAG GAA GTC ATG ATT TTG GCT ATG ACG CTT CCG GGT GAA TCT GCT GAT TTG AAA GCT AAA ATT ACT ATG AAA CAA TTA CAT TTC CAT TCC CCT GAT CTT GGT TTT GGT GAG CTC AAG GTC GAC CCA TCA ATT TTA GGG GGG GAA TTG AAA CCA TTT CGT AGA TTC CGG TTG ATT TAT CAA TCA ATT 
Cgla                            GTT GAT TTG GAG GTC TTC GGG GTG GAC TAC GAA TTC GAC TGC TAC CTC AAG GTC GCC TAT AGA TTG GTC GTG AAG GAT CAA TCG ATG CTG AAT GAC GTT AAG AGA AGT ATG GGT ATA TTA GGT CGT TCT ACC AAC GTT GTC ATC GAT AAA ATA CTA TGT ATT GAC GTT GAG GTA ATT AAG ACC GAT ATC ATC GGT AAG CAA ACA GTC TAC ATT GGT GTC TCT ATC CCC GAC TTC CCT GAA AAG CAA GAT CCA GTT AAG GAG TTC GAA GTG AAG ATC ATT CAG TTG GGT TTC ACG AAT GGG ATG CAC TTG TGC TAC GCC TTG ATC ATG ACA GAG TCA GTG ATT TCC AAG GCC GTT CAG GTC GCA ATC ATT TTT GGA GAC GAC GAT GTG AAG AAG ATA AAG TTG GGT GCC TGC TTC CCA GAT ATC GGC ATT ATC GCT TTC ACA GAG ATC GAT GAG GAT ATT GAC GAG GTC CTT GAA CAG GGC TTC ATC CTC TAT AAA TCG CAG AAG TGT TCT GTC CCT AAC GAG AGT TTA GTC AAA AAG ATC CTT CCA TTG GAG GTC CAG ATT TAC TTC GGG GAC AGA AAG ATC GTG AAC TCG TGT TAT TTG ACA TGT ATG ATT CAC ATC AAG GGG GAA TCA ACT GTC GTT GAC AAC TTG GGT CCA TTT TCC ACA TTG ACG GGT GAT AGT AAG ATG CAA GAT TTG TTA CAA GAC TTC GAC GTC GGT ATC GTA GAT GGC GGT TAT CAT CAA ACA TTG ATT GAA GAC GAG ACT ATC GCC GAC CAA TCC GGT GGT ATG CGT GAG ACA AAG GGT ATC AGA GAT GGG AGA TAT TTT GAT TTC AGT GTT GAC CGT TAT CTG ATG AAG ATT ACC CCA GAA GAT CAC AAG TTT ACA GAG GAC ATC GCC GTG GAC TCC CTC GTC ACT GCC TCA GAA TCA CAA GAC GTT TGC ATA GGG GTT TCG CAT TTG CGT CGT TAC CCA GGT TTC TAC GTC GAT CCC ATT GTT TCC AAG GAG GTC ATT ATC TTG GAC ATG CCT ACA GAC GGT GAC ATT GAC GAT TTG GAG GCT AAG GTC ACC ACA AAG CAA TTG CAC TTT CAT TCC CCA GAT ACA GGT ATG GGT AAG CTG TAT GTC GAC CCA TCT ATC TTG GGT GGT CAG TTG GGC TCA TTC GAT AGA TTC CGT AAA ATT TAC CAG TCT GAC 
Agos                            ATC GAT CGG GAC GTG TTC AAG GTC GAC TAC AGT TAC TTA TCC TAC CTT ATC CAG GCA TAC GAC CTG GTC CAG AAG GAT CAG GCT ATG CTT GAT GAT ATT CAA AGA AGA ATG GAG ACC TTG GAG CGT AAA ACT CCC GTG GTG GTG GAT TAC CTA CTC ACA ATT GAG GTG CGC ATG ATT AAG ACA GAT GTC ATC GGA AAG CAT TCT GTG TAC TCA GGG GTC TCC ATC CCC GAC TTT GAA TTC AAG CAG GAT CAA GTG AAG CGC TTC CAT GTT AAG ATT ATA CAG CTG GGT TTT ACC GAT AAG ATG CAT CGG TCC TAC GTG CTG GTT ATG TCT TAC CCA CTA ATG TCG CAA GAC GTT CAG CCT ACT ATC ATC ATG GGC GAT GAC GAT GTT AAG ACG ATA ATC TTC GGT GGC TGC TTC CCA GAT ATC TCA GTT GTC GCG TTC GAG GAA ATC GAT GAG GAT ATT TAT GAG ATC GCA GAG GAA AGC TTT ATT CTT ATT CAA GTA CAG AAG TGC TCC GTC GAA GGA GAG AGA CTT GTG TAC CAA GTC GCA CCA CTG GAG GTC CAG GCG GCT TTC GGG GAT AGA ATC ATT GTC AAC GTT ACA ATT CTG GTG ACA ATG ATT CAT ATT AAG GTC GAA TCC ACC TAC ATT GAC CAT CTG GGT CAG CTA TCG GTG TTA CAG AAT GAC GCG GAT ATG CAT GAT TTG CTT CAA GAC TAC CCG GTG GGC GTG TGC GAG GGG AAG TAC CAT CAA ACT TTG ATA GAG GAC GAG ACG ATT GGC GAG GAG TCG GGT GGG ATG TCG GAG ATG CGC GGA ATC AGA GAT AAG CGT AAG TTC GAT TCC GCG ATT CCT CGT TAT CTT GTC AAG ATT ACA CCA GAG GAT CAT AAG TTC GTG CGC GAC GTT GAC CTA GAC TCG CTT CCT ACC GCA TCT GAG CCA CAG GAC ATC TGT ATA AAG ATT GTA CAT TTA AAG TCG TAT CAA GGT TAC TAC GTG GAC CCG ATT GTT TCG AAG GAG GTT ATG ATT TTG GAG ATG GGG GTG CCT GGC GAG TCA GAG GAT TTG GAA GCC AAA ATC ACG ATG AAG CAA CTG CAT TTT CAT TCG CCA GAC GTG GGG ATG GGT GAA CTT AAG GTT GAC CCT TCT GTG CTG GGT GGT GAA CTG AGC CCA TTT CGT AGA TTC AGA CTG GTC TAC CAG GCC TTA 
Klac                            ATT GAT CTT GAA GTC TTC ACG GAC GAC TAC GAA TTC TTC ACC TAC TTG AGA AGG GTT TAC AGA TTG GTC AAC CAA GAT CAA TCA ATG TTA AAT GAT ATA AAA AGA TCA ATG GGG ACA CTT GGG CGT TCA ACC AAA GTT GTT ATT GAT AAA GTA CTT TCG ATT GAA GTT GCA GTT ATT CAA AAG GAT ATC ATC GGG CAA CAA ACT GTT TAC GTC GGA GTC TCC ATC CCA GAA TTC CCT GAA AAG AGC GAT AAG GTT AAG GCA TTC GAA GTT CAA ATC ATT CAA TTA GGT TTC ACC AAT ACG ATG CCA CTT ACC TAC GCA TTG GTC ATG ACT TAT GCT CGT ATT TCC AAA GCT GTT CAA TTG TCC ATC ATT TAC GGT GAC GAC GAT GTT AAG ACT GTC AGA TTA GGT GCG TCG TTC CCT GAT ATC CTA ATC ATC GCA TTC GAA GAA ATC GAT GAA GAT ATT GAC GAA GTT TTG GAA CAG CAG TTC ATC TTG GAG AAG GAA CAA AGG TGT TCC GTT CCT AAT GAA TCA TTG GTC AAA AAA ATC TTG CCA TTA GAA GTC CAA GTT TAC TTC GGC GAC AGA AGA ATC GAC AAC GTT TCG GAG TTA ACT TCG ATG ATT CAC ATC AAG AGT GAA TCA ACT GTT ATA GAT CAA TTG GGT CCA TTT TCC ACT TTG GTG AAT GGA TGT AAA TAC CAA GAT TTG TTG CAA GAT TTC ATA GTT GGT ATT GTG GAC GGT AAC TAT CAT CAA ACA TTG ATT GAA GAC GAA ACC ATC GCG GAC CAA TCT GGT GGT ATG CAG GAA ACC AGG GGT ATC AGA GAT ACG CGT TAC TTC GAT TAC TGT GTG GAC CGT TAC TTA ATG AAA ATT AAG CCA GAA GAT CAC AAA TTT ACT GCA GAC GTC GCT CGT GAC TCC TTG TTG ACT GTT TCA GAA GCT CAA GAA ATT TGT GTC ACG ATA GAA CAT TTG AAG CAG GTA AAG GGT TTC TAC GTT GGA CCC ATT GTT TCC AAG GAA GTT ATT ATC TTG GAA ATG CCC GTG GAC GGT GAC GTC GAA GAT TTG GAA GCT AAA GTT ACT ACC AGG CAA TTA CAC TTC CAT TCC CCA GAT GTG GGT TAC GGT GAG TTA TAC GTT GAC CCC CGT ATT TTA GGT GGT CAG TTG CAG GCT TTT GAT AGA TTC AGA AAT GTC TAC CAA TCT TTC 
Calb                            ATT GAT TAC TCT GTG TTT AGA GCA GAT TAT GAA TTC ATG AAT TAT TTT AGA ACG TTG TAC AGA TTG ATA CAA AAA GAC TTG TAC ATG ATA AAC GAT GTT CGG AGA AGT ATG GGA ACT TTG GGA AGA GAA ACC GAT TTG GTC ATT GAC AAG TTT TTG GCA ATT TAT ATA AAT GTT ATT AAA AAG GAT TTT TAT GGT AAA CAG ACA GTT TCG ATT GGA CAT AGC TAT CCA GAA TTT CCT GAA AAG GAC GAC AAG TTG CAC AAT TTT GAA ACA AAA GTT TAT CAA ACC GGA TTT ACC AAC AGA ATG AAT TAC AAT ATA GCT CTT GTT ATG ACA TAT GGT AAG ATT TCT AGA AAA GTC CAA TTG ACC ATT ATC AAT CAT GTT GAT GAT ACA AAG ACC GTG AGA TTG GGT GCA ATG TTT CCA GAC ATC GAA ATC TTT GCT TTT CCT GAA ATT GAC GAG GAC ATC GAT GAA GTT TAT GAA CAA AAC TTT GTT TTT GTT AAA GAA CAG GCC TGT AGC GTT CCT AAT GAG AGT TTA GTG AAG CGG TTT TAT CCA ACC GAA ATA CAA GTT TAT TTT GGG GTT CGG AGA TTA GCA AAC ATT GCA GTT ACC ACT GCA ATG ATT CAT ATT AAG AGC GAA TCT ACT GTT GTT GAT TCC CTT GGT CCA TTC TCT ACT TTG GAG GAT ATC TCT AAA TTG CAG GAC TTG TTA CAA GAT TTC AAA GTT GGT ATT ATT AAC GGT GAA TAT CAT CAA ACA TTG TAT GAA GAT GAA ACC TTA GCA GAT CAG TCT GGT GGA ATG AAT GAA ACA GGA GGT TAT AGA GAC AGA AGA TTC TTC GAC TAT TCT GTT GAA CGT TAT ATA ATG AAA ATC AAG CCA GAA GAC CAT AAA TTC ACT AAT GAC GTT AAA AAG GAT TCT TTT TTG ACT TTG TCA GAA GGT CAA GAA ATT CAT GTG AGA GTT GAA CAT TTG AAA AAT TAT AAG GGA TTC CAC GTT ATC CCA ATC GTC TCT AAG GAG GTT ATT ATT TTG GAA ATT GAA CAA GAA GGT GAT ATT GAA GAT TTG GAA GCC AAG GTT ACT ACA GCC CAA ACC CAT TTT CAT TCT CCA GAT CAA GGA TTG GGT GCA ATA TTC GTT GAT CCA CGT ATT TTA GGT GGT CAA TTG AAC GGT TTC GAT AGA TTC CGT AAT GTC TAT CAA TCC ATG 



Printing out site pattern counts


         9        720  P

Scer                            AAA AAA AAA AAA AAA AAA AAC AAC AAG AAG AAG AAG AAG AAG AAG AAG AAG AAT AAT ACA ACC ACC ACC ACC ACC ACC ACC ACC ACG ACG ACT ACT ACT AGA AGA AGA AGA AGA AGC AGG AGG AGG AGT AGT ATA ATC ATC ATC ATC ATC ATC ATC ATC ATC ATG ATG ATG ATT ATT ATT ATT ATT ATT ATT ATT ATT CAA CAA CAA CAA CAA CAA CAA CAC CAG CAG CAG CAT CAT CCA CCA CCA CCA CCA CCC CCT CGT CGT CGT CTA CTG CTG CTT GAA GAA GAA GAA GAA GAA GAA GAA GAA GAA GAA GAA GAA GAA GAC GAC GAC GAC GAC GAC GAG GAG GAG GAT GAT GAT GAT GAT GAT GAT GAT GAT GAT GAT GAT GAT GAT GCC GCC GCC GCC GCG GCT GCT GCT GGA GGC GGC GGG GGT GGT GGT GGT GGT GGT GGT GGT GGT GGT GGT GTA GTA GTC GTC GTC GTC GTC GTC GTC GTC GTG GTG GTT GTT GTT GTT GTT GTT GTT GTT GTT GTT GTT GTT GTT GTT TAC TAC TAC TAC TAC TAT TAT TAT TAT TAT TAT TCA TCA TCC TCC TCC TCC TCT TCT TCT TCT TCT TCT TCT TGC TGT TGT TGT TGT TTA TTA TTA TTA TTA TTA TTA TTA TTC TTC TTC TTC TTC TTC TTG TTG TTG TTG TTG TTG TTG TTT TTT TTT TTT TTT TTT TTT TTT TTT TTT TTT 
Sbay                            ... ... ... ... ..G ..G ... ..T ..A ..A ..A ..A ... ... ... .GA C.A ... ... ..C ..A ... ... ... ... ... ..T ..T ..A ..T ..G ... ... ... ... ... ..G ..G ..T .AA ..A C.A ... ... ... ... ... ... ..T ..T ..T ..T ..T T.. ... ... ... ..C ..C ..G ... ... ... ... ... ... ... ... ... ... ... ..G ..G ... A.. ..A ..A A.C ..C ... ... ... ..C ..G ..T ... ... ... ... T.. ... T.. T.G A.. C.. ... ... ... ... ... ... ... ... ... ... ..T .T. ... ... ..T ..T ..T ..T ..A ..A ... ..C ..C ..C ..C ..C ..C ..G ... ... ... ... ... ... ... ... ... ... ..T ..T ..C ... ... ... .AA ..T ..A AAA ..C ... ... ... ... ... ... ... ... ... ... ... A.A ... ..T ..T ..T ..T ..T ..T ..A ..A A.C A.C A.. ..C ..C ..C ..C ..C ..C ..C ... ... ... ... A.G ... ... ... ..T ..C ..C ... ... ... ... ... ..G ... ... ..T ..T A.. ... ... ... ... ... ... ..T ..C ... ... .T. C.. G.G .C. ... ... ... ..G ..G ... ... ... ... ... ..T C.T ..A ..A ... ... ... ... A.G ..C ..C ..C ..C ... ... ... ... ... ... 
Smik                            ... ... ... ... ... ..G ... ..T ..A ... ... ... ... ... ... ..A ... ..C ... ... ..G ... ... ... ..T ..T ... ..G ... ..T ..G ... ... .A. ... ... ... ... ..T ..A ..A ... ... ... G.. ..A ... ..T ... ... ..T ..T ..T ... ... ... ... ..C ... G.A ..C ... ... ... ... ... ... ... ... ... ... ..G ..G ..T AGA ..A ..A ... ..C ... ... ..G ..G ... ..T ... ... ... ... ..T T.. ..T T.A ... ... ... ... ... ... ... ... ... ... ..G .C. ..T ... ... ..T ... ... ... ..T ..A ... ... ..C ..C ..C ... ... ... ..C ..C ..C ... ... ... ... ... ... ... ..T ... ..T ..A ..C ..C ... .AG ... ..A AAA ..A AAG ..C ... ... ... ... ... ... ... ... ... A.A ..T ... ... ..T ..T ..T ..T ... ... ..A ... ... ..C ..C ..C ..C ..G ... ... ... ... ... ... ... ... ... ... ... ... ... ..C ... ... ... ... ... ... ..T ... ..T ... ..G ... ... ... ... ... ..T ..C ... ... ... C.. C.T ..G .C. ... ..G ... ... .AT ... ... ... ..T ..T C.A C.. ... C.A ... ... ... ... ..C ..C ..C ... ..C ..C ... ... ... ... 
Spar                            ... ... ... ... ... ..G ... ... ... ... ... ... ..A ... ... ..A ... ... ... ... ..T ... ... ... ... ... ... ..A ... ..T ..A ..C ..C ... ... ... ... ... ..T ... ..A ... ... ... ... ..A ..T ... ... ..T ... ..T ..T ... ... ... ... ... ..C ..A ..C ... ... ... ... ... ... ... ... ... ... ... ... ... A.A ..A ..A ... ... ... ... ... ... ... ..T ... ... ... ... ... ... T.. T.A ... ... ... ... ... ... ... ... ... ..G ... ... ..C ... ..T ..T ... ... ..T ..T ..A ... ... ..C ..C ... ... ... ... ..C ... ... ..C ... ... ... ... ... ... ... ... ..T ... ..C ..C ... ..G ... ..A AAA ... .A. ... ..C ... ... ... ... ... ... ... ... ... ... ... ... ... ... ..T ..T ..A ... ... ... ... ..C ... ... ... ..G ... ... ... ... ... ... ... ... ... ... ... ... ... ... ... ... ... ... ... ..T ..A ... ..T ... ... ..C ... ... ... ... ... ..C ... ... A.. ... C.G ... ... ... ... ... ..T ... ... ... ..T ... ..T C.. ... ... ... ... ... ... ... ..C ..C ... ... ... ... ..C ... ... ... 
Ncas                            ..G CGT G.T T.C ... ..G ... GGT C.A ..A ... CG. ..A ... TT. ..A ... ... G.. T.. ..T .A. ..A ... ..A ..T ..T ..T ..C .T. GT. ..C ... ... ... ... ... GTC GC. .AA TC. ... .AA GAA G.. ..T ..T ..T ..T ..T ... ..T G.T ..G ... ... G.T ... ... ... ... ..G ... ... ... G.G ... ... ... ... G.. A.G ... ..T G.. ..A ..T AGC ... ... ..T .A. ..T ..T ..A GAA ... ... ... .AT T.C GCT T.G ATG ..G CGT ... ... ... ... ... .G. ..G ... CCT ... ACG ... ..T ..T ..T ..T ..T ..A A.A C.T ..C ... CCG ..A ... ... ... C.. ... ... CG. ..A ..C ... C.A .GT ..T ..T ..C A.. .A. .T. ... .AG ..T ... AAA ..C AT. .AA ... ..G ... ... ... ... ... A.C TAT ..T A.T ..T TCT A.. ..G ..G ..T A.T ..C C.. A.G A.. ..C A.C ..G ... ..A ..C TG. A.. CAA ..C ... .CA A.G ... ..T ..T GCA ..C ... AC. ... ... AG. CA. ..A ... AT. ... G.. AAG A.A ..A ... ... .GC ... .CA AC. ... CCG CA. ..G GAC AGT ... C.C ..G C.T .CA .A. ... ... ... ... C.T ..A ... ... ..A ... ... ... .A. ..C A.G ..C ..G ... ... .A. ... ... 
Cgla                            ..G ..G ..G ... ..G ..G ... ... ..A ... ... CGT C.A ... ..A GGT ... C.C ... ... ... ..G ..A ..G .TA ..T ..T ... ..C ..A ..A ... .AG ... ... C.T ... .AG ..T G.. ..A .A. G.C .CA G.G ... ... ..T ... ..T ... ... ..T ... ... ... ... G.. ... GAC ..C ... ..C ..C ... ... ... ... ... ..G ..G ..G ... ... GT. ... ..A A.C ... ..C ... ... ... ..C ..A ... A.A ... ... T.G T.. ..T T.G ..C ..G ... ... ... ..C ..G ..G ... ... ..G A.C ..C CCT ... ... ... ..T ... ..T ... ... ..A ..C ... ..C ... ..C ..C ..C ..C ... ..C ... ..C ... ... T.A ... .A. ..T ..T TG. ..C ..C ..T AAG ..G ..C ... ... TA. ... ... ... ..A ... ... ... ... A.C ..C ... ... ... A.T A.A ... ... ... ... ... ACA ..A ..C ... ... ... TCG ..C ..C ..A ... A.. ..C ... .CT ..T ..T G.G ... ..C ... ... .TC ..C ..C AGT GGG ..A ..T ..G ... AAG ... G.A ... ..A ..C G.C ... ..C ..C ... C.. CC. A.. GAG GGC ..G C.G ... C.C .CG ... ... ..T ..T ..T ..A ... C.A ... ... ... ... A.G .AC ..C ... ..C ... ..C ..C .AC ..C ..C 
Agos                            C.. ..G G.T T.C ... ..G ... GGA C.A ... ... .GA C.. ... CT. ..T ... C.. G.. T.T ..T CAG ..T ... ... ... ..G ..G ..A .T. GTG ..C ..G ... ... .AG ... .TC GCG .A. GAC C.C ..C GAG G.T ... ..T G.. ... ..T ... ..T ... ..T ... ... G.C ..C ..A T.A G.G ..G ... G.. ... G.. ... ..G G.G ..G G.. ..G ..G ..T ... ... ..T ... ... ..C ... .AG ... ..G ..T GAA ... ... ... .GG T.C GCA ..G CCG ..C AGT ... ..G ..G ..G ..G TTC ..G ..G CCC ..C .GG ... ... ... ..T ... ..T ... ..A C.T ..C ..C CC. ..G ..C ... ... T.. ... ..C CG. ..G ... ..C C.A .G. .AG ... ... A.A .AC .TG ... .AA ..G ... AAG ..G AT. .AG ..G ... ..C ..A ..C ... ... ..C TAC CCT A.. ... TCA A.A ... ..G ..G C.A ..C ..G A.G CAG ..G A.. ... ... ..C ..G TGC A.. .CG ... ..G .CT A.G ... ... ... GC. ... ..C .CC ..C ..C AG. GTC ... ... GTA ..G CAA AAA A.. G.C ... ..G G.A ... ... .CC ..C .CG CA. C.. CGC .C. C.G C.T ..G C.T GCT .A. ..T ..T ... ... C.T C.. C.C ... C.. ..A ... A.G .AC ..C A.G ..C C.A ..C ..C .A. ... ... 
Klac                            ... ..G ... ... ... ... ... ..T ... .G. ... .GA .GC ... ..T ..T C.A CCA ... ..T ... GTG ..A ... ..A ..T ... ..T .A. ..C ... ... ... ... ... .AG ... ... T.T .C. ..A ... CAG GAA G.T ... ... G.. ... ..T ... ... ..T ... ... ... ... ... ... T.C ... ... ..C G.C ... ..C ... ... ... ... ..G ... ... ... A.C ..A ..A ..A ... ... ... ... ..T ..C ... ... ... ... ... ..T T.A T.. T.G AT. ... ... ... ... ... ... ... ... ... ... A.. ... CCC ... ... ... ..T ..T ..T ..A ..A ..A ..C ... ..C ..C ..C ..C ... ..C ... ... ... ..C ... .GA ..T ..G .AA ..T ..A T.G ... ..A ..G .AG ... ..T AAC ..A .AG ..G ... ... ... ... ... ... ... A.C ..T T.G ..T ... ... ... ..T ..T ..T CGT .AC ..G ... AGG ... ..G ... ... ..C ..C ..G A.A ... ... ... CGT ... ... ..T ... ..C ..C ... ..C ..C ..C ... AGT ..A ... GAA ... AAA ..A ..C ... ..A ... GT. .CG ... ACC ... CAG AAG G.. GC. C.. ..G ... C.T ..G .CA ... ... ... ... ..T ... ..A C.T ... ..A ... ... .AC .AC ..C .AC ..C ... ..C ..C G.A ..C ... 
Calb                            .G. C.C ... ..G ..G ... ... ..T ..A GCC ... CGT G.C ... ..T G.T ..A ... ..C ... ... GAG ..A ... ..T ..T ... ..T .A. ..A ... ... ..C ... ... .A. C.G ... TCT ..A ..A G.A .AC CC. .C. ..T ..T G.. TAT ..T ... ..T ... T.A ... ..T ... ... TA. ..G ... ... G.. G.. ..C ..C ... TTG ..G ... ... ... ... ..T ..A ... ... TCC ... ... ... ... ... ... ..A ... A.A A.A ... TAC T.. TAT T.G A.. TCT ... ... ... T.T ... ..G ... ... ... ..T ... ... ..T ... ..T ... ..T ..T ..A ..A ..A ... ... ..A A.C ... .T. ... ... ..C ... ... ... ..C ATC .GT ..A .AA ... ..T ..A AAA ... ..T .CA ..G ..T .AA ..A .T. ..A ..A ... CA. ... ... ..A ... T.T ..T T.G ..T CAT A.T ..G ..T ... ..T AA. .CA CAA ... ACG T.G ... ..C A.. A.A ..G A.. ... ... ... A.A CGT .T. ... ..T ATA ... ... ... ... ... .CG AGT AGC ..T AG. GAA ..T CGG GAA A.C ..C ..A ... .TG ATG CA. AA. ... AA. AAG ..T AAT GA. C.T A.. ..G ..T .A. ... ..T ..T ... ... ..A ..A ... ... ACC ... ... ..G CAC ... AA. ..C ..C ... ... .A. ... ..C 

    1    1    1    2    1    2    1    1    1    2    1    1    1    3    1
    1    4    1    2    2    1    1    1    1    1    1    1    1    2    2
    3    1    1    2    1    1    1    3    2    4    1    1    2    1    2
    2    1    1    3    3    1    1    1    2    6    1    1    2    2    2
    3    2    2    2    3    1    3    1    1    1    2    3    1    3    1
    1    2    1    3    1    3    1    1    1    1    2    1    1    1    2
    1    2    2    1    1    1    1    2    1    2    3    1    2    1    1
    2    1    1    1    1    4    1    4    1    2    1    1    1    2    1
    2    2    1    1    1    1    1    2    5    2    3    2    2    1    1
    3    2    1    1    1    1    1    1    1    2    2    2    2    1    1
    2    2    4    3    1    2    2    1    2    2    1    1    3    2    2
    2    1    1    2    1    2    1    2    2    1    3    1    2    1    1
    2    1    1    1    1    1    1    1    3    1    2    1    1    2    2
    5    2    1    1    1    1    1    2    1    1    2    1    2    2    1
    3    1    2    3    1    3    1    3    2    1    1    1    2    1    1
    1    4    2    3    2    1    2    1    1    1    2    1    1    1    1


CODONML (in paml version 4.9j, February 2020)  temp.nuc
Model: One dN/dS ratio, 
Codon frequency model: Fequal
ns =   9  ls = 391

Codon usage in sequences
--------------------------------------------------------------------------------------------------------------------------------------
Phe TTT  14  10   9  15   7   5 | Ser TCT   9  14  15  14   4   5 | Tyr TAT   8   7   8   8  10   7 | Cys TGT   6   4   6   3   2   4
    TTC   9  15  13  11   9  14 |     TCC  10   3   3   3   7   6 |     TAC   6   6   7   6   7   8 |     TGC   1   1   1   2   3   4
Leu TTA  16  10   8  14   7   3 |     TCA   3   5   4   5   7   5 | *** TAA   0   0   0   0   0   0 | *** TGA   0   0   0   0   0   0
    TTG  14  18  17  14  13  18 |     TCG   0   1   1   0   1   4 |     TAG   0   0   0   0   0   0 | Trp TGG   0   0   0   0   0   0
--------------------------------------------------------------------------------------------------------------------------------------
Leu CTT   2   2   5   0   7   2 | Pro CCT   2   3   3   3   6   3 | His CAT   4   0   4   4  12   3 | Arg CGT   3   3   3   3   6   6
    CTC   0   0   0   0   3   3 |     CCC   1   1   0   0   0   2 |     CAC   3   6   3   3   0   4 |     CGC   0   0   0   0   0   0
    CTA   2   2   5   2   0   1 |     CCA   7   5   5   7   5   8 | Gln CAA  12  16  11  15  14   9 |     CGA   0   1   0   0   0   0
    CTG   3   1   1   4   0   3 |     CCG   0   1   2   0   4   0 |     CAG   4   4   4   0   0   7 |     CGG   0   0   0   0   1   0
--------------------------------------------------------------------------------------------------------------------------------------
Ile ATT  19  23  16  18  37  16 | Thr ACT   5   8   6   3  11   3 | Asn AAT   3   4   3   3   1   2 | Ser AGT   3   5   5   7   1   4
    ATC  15  11  14  12   9  20 |     ACC   8   7   4   8   4   4 |     AAC   2   2   2   2   2   4 |     AGC   2   0   0   0   1   0
    ATA   2   4   4   6   0   4 |     ACA   2   3   2   6   3  11 | Lys AAA   8  16  11  10  14   4 | Arg AGA   8   6  12   9   7   6
Met ATG   8  12   8   8  16  10 |     ACG   4   3   7   2   1   2 |     AAG  15  10  17  15  17  24 |     AGG   6   4   1   5   1   0
--------------------------------------------------------------------------------------------------------------------------------------
Val GTT  22  17  21  22  14  11 | Ala GCT   6   5   3   4   7   2 | Asp GAT  23  25  23  28  26  19 | Gly GGT  20  19  14  15  16  19
    GTC  14  13   9  12  11  18 |     GCC   8  10   9  11   3   7 |     GAC  12  11  14  11  10  24 |     GGC   2   1   3   3   1   4
    GTA   4   9  10   6   4   2 |     GCA   0   0   4   0   1   1 | Glu GAA  20  19  17  17  23   8 |     GGA   1   2   3   2   2   1
    GTG   4   1   6   4   5   7 |     GCG   1   0   0   0   0   0 |     GAG   4   2   5   5   5  14 |     GGG   1   0   0   1   3   6
--------------------------------------------------------------------------------------------------------------------------------------

--------------------------------------------------------------------------------------
Phe TTT   5   3  16 | Ser TCT   4   2  10 | Tyr TAT   3   2  17 | Cys TGT   1   4   1
    TTC  10  16  10 |     TCC   6   8   2 |     TAC  15  15   4 |     TGC   3   0   0
Leu TTA   4   9   5 |     TCA   3   6   1 | *** TAA   0   0   0 | *** TGA   0   0   0
    TTG   5  19  20 |     TCG   8   4   1 |     TAG   0   0   0 | Trp TGG   0   0   0
--------------------------------------------------------------------------------------
Leu CTT   8   4   2 | Pro CCT   5   3   3 | His CAT  11   3   9 | Arg CGT   4   6   3
    CTC   1   0   0 |     CCC   2   3   0 |     CAC   0   3   2 |     CGC   4   0   0
    CTA   4   1   0 |     CCA   7   6   8 | Gln CAA   9  18  13 |     CGA   0   0   0
    CTG  10   0   0 |     CCG   2   0   0 |     CAG  12   6   4 |     CGG   2   0   3
--------------------------------------------------------------------------------------
Ile ATT  18  16  19 | Thr ACT   3   9   7 | Asn AAT   1   5  11 | Ser AGT   1   1   2
    ATC  14  16   8 |     ACC   4   7   9 |     AAC   1   3   6 |     AGC   2   1   3
    ATA   4   4   7 |     ACA   5   2   7 | Lys AAA   2  10  12 | Arg AGA   7   9  14
Met ATG  15   8  10 |     ACG   3   4   1 |     AAG  21  11  13 |     AGG   0   4   0
--------------------------------------------------------------------------------------
Val GTT  10  22  23 | Ala GCT   2   6   2 | Asp GAT  20  19  19 | Gly GGT   8  15  14
    GTC  12  12   4 |     GCC   2   0   3 |     GAC  17  16  12 |     GGC   5   1   0
    GTA   2   2   0 |     GCA   4   5   8 | Glu GAA   8  26  26 |     GGA   3   3   8
    GTG  18   5   4 |     GCG   4   2   0 |     GAG  21   3   4 |     GGG   6   3   1
--------------------------------------------------------------------------------------

Codon position x base (3x4) table for each sequence.

#1: Scer           
position  1:    T:0.24552    C:0.10997    A:0.28133    G:0.36317
position  2:    T:0.37852    C:0.16880    A:0.31714    G:0.13555
position  3:    T:0.38107    C:0.23785    A:0.21739    G:0.16368
Average         T:0.33504    C:0.17221    A:0.27195    G:0.22080

#2: Sbay           
position  1:    T:0.24041    C:0.11509    A:0.30179    G:0.34271
position  2:    T:0.37852    C:0.17647    A:0.32737    G:0.11765
position  3:    T:0.38107    C:0.22251    A:0.25064    G:0.14578
Average         T:0.33333    C:0.17136    A:0.29327    G:0.20205

#3: Smik           
position  1:    T:0.23529    C:0.11765    A:0.28645    G:0.36061
position  2:    T:0.37340    C:0.17391    A:0.32992    G:0.12276
position  3:    T:0.36829    C:0.20972    A:0.24552    G:0.17647
Average         T:0.32566    C:0.16709    A:0.28730    G:0.21995

#4: Spar           
position  1:    T:0.24297    C:0.10486    A:0.29156    G:0.36061
position  2:    T:0.37852    C:0.16880    A:0.32481    G:0.12788
position  3:    T:0.38363    C:0.21483    A:0.25320    G:0.14834
Average         T:0.33504    C:0.16283    A:0.28986    G:0.21228

#5: Ncas           
position  1:    T:0.19693    C:0.14834    A:0.31969    G:0.33504
position  2:    T:0.36317    C:0.16368    A:0.36061    G:0.11253
position  3:    T:0.42711    C:0.17903    A:0.22251    G:0.17136
Average         T:0.32907    C:0.16368    A:0.30094    G:0.20631

#6: Cgla           
position  1:    T:0.21228    C:0.13043    A:0.29156    G:0.36573
position  2:    T:0.35038    C:0.16113    A:0.35038    G:0.13811
position  3:    T:0.28389    C:0.31202    A:0.16113    G:0.24297
Average         T:0.28218    C:0.20119    A:0.26769    G:0.24893

#7: Agos           
position  1:    T:0.17136    C:0.20716    A:0.25831    G:0.36317
position  2:    T:0.35806    C:0.16368    A:0.36061    G:0.11765
position  3:    T:0.26598    C:0.25064    A:0.15857    G:0.32481
Average         T:0.26513    C:0.20716    A:0.25916    G:0.26854

#8: Klac           
position  1:    T:0.22506    C:0.13555    A:0.28133    G:0.35806
position  2:    T:0.35038    C:0.17136    A:0.35806    G:0.12020
position  3:    T:0.30691    C:0.25831    A:0.25831    G:0.17647
Average         T:0.29412    C:0.18841    A:0.29923    G:0.21824

#9: Calb           
position  1:    T:0.22251    C:0.12020    A:0.32992    G:0.32737
position  2:    T:0.32737    C:0.15857    A:0.38875    G:0.12532
position  3:    T:0.40409    C:0.16113    A:0.27877    G:0.15601
Average         T:0.31799    C:0.14663    A:0.33248    G:0.20290

Sums of codon usage counts
------------------------------------------------------------------------------
Phe F TTT      84 | Ser S TCT      77 | Tyr Y TAT      70 | Cys C TGT      31
      TTC     107 |       TCC      48 |       TAC      74 |       TGC      15
Leu L TTA      76 |       TCA      39 | *** * TAA       0 | *** * TGA       0
      TTG     138 |       TCG      20 |       TAG       0 | Trp W TGG       0
------------------------------------------------------------------------------
Leu L CTT      32 | Pro P CCT      31 | His H CAT      50 | Arg R CGT      37
      CTC       7 |       CCC       9 |       CAC      24 |       CGC       4
      CTA      17 |       CCA      58 | Gln Q CAA     117 |       CGA       1
      CTG      22 |       CCG       9 |       CAG      41 |       CGG       6
------------------------------------------------------------------------------
Ile I ATT     182 | Thr T ACT      55 | Asn N AAT      33 | Ser S AGT      29
      ATC     119 |       ACC      55 |       AAC      24 |       AGC       9
      ATA      35 |       ACA      41 | Lys K AAA      87 | Arg R AGA      78
Met M ATG      95 |       ACG      27 |       AAG     143 |       AGG      21
------------------------------------------------------------------------------
Val V GTT     162 | Ala A GCT      37 | Asp D GAT     202 | Gly G GGT     140
      GTC     105 |       GCC      53 |       GAC     127 |       GGC      20
      GTA      39 |       GCA      23 | Glu E GAA     164 |       GGA      25
      GTG      54 |       GCG       7 |       GAG      63 |       GGG      21
------------------------------------------------------------------------------


Codon position x base (3x4) table, overall

position  1:    T:0.22137    C:0.13214    A:0.29355    G:0.35294
position  2:    T:0.36203    C:0.16738    A:0.34641    G:0.12418
position  3:    T:0.35578    C:0.22734    A:0.22734    G:0.18954
Average         T:0.31306    C:0.17562    A:0.28910    G:0.22222

Codon frequencies under model, for use in evolver (TTT TTC TTA TTG ... GGG):
  0.01639344  0.01639344  0.01639344  0.01639344
  0.01639344  0.01639344  0.01639344  0.01639344
  0.01639344  0.01639344  0.00000000  0.00000000
  0.01639344  0.01639344  0.00000000  0.01639344
  0.01639344  0.01639344  0.01639344  0.01639344
  0.01639344  0.01639344  0.01639344  0.01639344
  0.01639344  0.01639344  0.01639344  0.01639344
  0.01639344  0.01639344  0.01639344  0.01639344
  0.01639344  0.01639344  0.01639344  0.01639344
  0.01639344  0.01639344  0.01639344  0.01639344
  0.01639344  0.01639344  0.01639344  0.01639344
  0.01639344  0.01639344  0.01639344  0.01639344
  0.01639344  0.01639344  0.01639344  0.01639344
  0.01639344  0.01639344  0.01639344  0.01639344
  0.01639344  0.01639344  0.01639344  0.01639344
  0.01639344  0.01639344  0.01639344  0.01639344


TREE #  1:  (((((1, 4), (3, 2)), 5), 6), ((7, 8), 9));   MP score: 1338
This is a rooted tree.  Please check!
lnL(ntime: 16  np: 18):  -7747.621696      +0.000000
  10..11   11..12   12..13   13..14   14..1    14..4    13..15   15..3    15..2    12..5    11..6    10..16   16..17   17..7    17..8    16..9  
 0.130057 0.089984 0.402963 0.028078 0.237007 0.097209 0.084206 0.245076 0.447704 1.869938 0.801015 0.124325 0.000004 2.076850 0.612117 1.869351 1.868557 0.125458

Note: Branch length is defined as number of nucleotide substitutions per codon (not per neucleotide site).

tree length =  9.115883

(((((1: 0.237007, 4: 0.097209): 0.028078, (3: 0.245076, 2: 0.447704): 0.084206): 0.402963, 5: 1.869938): 0.089984, 6: 0.801015): 0.130057, ((7: 2.076850, 8: 0.612117): 0.000004, 9: 1.869351): 0.124325);

(((((Scer: 0.237007, Spar: 0.097209): 0.028078, (Smik: 0.245076, Sbay: 0.447704): 0.084206): 0.402963, Ncas: 1.869938): 0.089984, Cgla: 0.801015): 0.130057, ((Agos: 2.076850, Klac: 0.612117): 0.000004, Calb: 1.869351): 0.124325);

Detailed output identifying parameters

kappa (ts/tv) =  1.86856

omega (dN/dS) =  0.12546

dN & dS for each branch

 branch          t       N       S   dN/dS      dN      dS  N*dN  S*dS

  10..11     0.130   849.2   323.8  0.1255  0.0148  0.1182  12.6  38.3
  11..12     0.090   849.2   323.8  0.1255  0.0103  0.0818   8.7  26.5
  12..13     0.403   849.2   323.8  0.1255  0.0459  0.3662  39.0 118.5
  13..14     0.028   849.2   323.8  0.1255  0.0032  0.0255   2.7   8.3
  14..1      0.237   849.2   323.8  0.1255  0.0270  0.2154  22.9  69.7
  14..4      0.097   849.2   323.8  0.1255  0.0111  0.0883   9.4  28.6
  13..15     0.084   849.2   323.8  0.1255  0.0096  0.0765   8.2  24.8
  15..3      0.245   849.2   323.8  0.1255  0.0279  0.2227  23.7  72.1
  15..2      0.448   849.2   323.8  0.1255  0.0510  0.4068  43.3 131.7
  12..5      1.870   849.2   323.8  0.1255  0.2132  1.6992 181.0 550.1
  11..6      0.801   849.2   323.8  0.1255  0.0913  0.7279  77.5 235.6
  10..16     0.124   849.2   323.8  0.1255  0.0142  0.1130  12.0  36.6
  16..17     0.000   849.2   323.8  0.1255  0.0000  0.0000   0.0   0.0
  17..7      2.077   849.2   323.8  0.1255  0.2368  1.8872 201.1 611.0
  17..8      0.612   849.2   323.8  0.1255  0.0698  0.5562  59.3 180.1
  16..9      1.869   849.2   323.8  0.1255  0.2131  1.6986 181.0 549.9

tree length for dN:       1.0392
tree length for dS:       8.2833


Time used:  0:08
