      9   1179

Scer                            GCC AAA AGA GTC CCA ACG CAA ACC TCT GAT GAC GCA GAT AGA AAC GAT CAA GAT GCT ACT ACG GAC GCT ATC GAC TTG AGG GTC CTA GCT GCA AGA GTT GAA TCA GCA GGT CAA GAA TTC ATT AGT AGA GAA GTC ATC CAA CGT AAA CAT TAT AGA GAT GAT ATG TTG GAG ACT ACT CAA TAT GGT TCT CTC GGT GCC ATT TTG ATG GAA TCG TTT TCG ATG CCT GCC TCG ACT TCT ACT TCT AAA ATT ACT GAA ATT GAG CCT CAA AAG CAA GAA TCA GAA GAA AAG AAG TTG AAA CAA GTT TCT TCC TTA ATC TCC GAA GAG GAA AAG ATG CAA ACT CTA CCA ACC GAC GGT GAG CTC ACT CCA ACT AAG TTT GAA TTT GAA GCA GAT GCT AGA TTG AAA TCC TTT AAC GAC GAA ACT AGA GTT GAG GTT GCT GAA GAT GAC GTT ACC TTG ATT ATT AAG CTC GAC CTA ATT GCC GTC GGT AGA GAA GAA GCC GAA GAT AGA CGT TAT TTA GAA AGA AAA AAT GAT GCC CTA TAT TAC GAG TTA GTT GCC GAA TCT CAA CCT AGA GAG GAA CAG GGT TTA GGT GGC AAA TTG GTT GAC CCT AGT ATT ATT GAC AAA GAA CAT ACA GTC GAG AGA GAG CCA AGA AAG TTA GAA AAG AAG GAC TTG TCT GAA AGA ACC GAT AGG GAC AGG AAT ACC CAA ATT GGT CGT GGT TTA GAA CAA TTA AAA AAG TAT ATT CGT AAT GAG AAT CCA ATC AAT AGT GCT GCT AGA AGA CCC GAA AGT TTG ACT CCA CGT CAG ATC TTC AGA AAA ATT ATT GAA AGT GAG ATT TAT CTC GAA TAT CCA CAA CAG GAC GCT CCT GAT TTC GCC TAT GCC CTT TAC CTT AGA GGT TTG AAA GAA GAT AAC GAA ACT AAG CCT GGT TTA GAG TCA TTC TCT ACC ACG AAC TTC AAT CTG TTC AGA GTT GCT CCA GAC AAG TCT GAT GGT TTC AGA AAA AAT GCT GCA TCT GAT GCC GAA AAA GGT GAA TCA GAA GCC CAA GCT GAA GCT CCT ACA GCC ATT TTG CCT AGA CCT GTC ACC AGA GAA ACA ACA ACT AGA GAA CAA AAC GTC AGT AAG TCC TTT AAA AAA GAG GAT TCT CCT CAT CTT CCA GAA CTA GAG GAA ATT TCT GTC GCT CTG GAA CAT TAT GGT AAA 
Sbay                            GCC AAA AGA GTC CCA ACG CTA ACG GAC GAC GAA GCC GAC AGA TTT GAT AGA GAC GCA ACA ACG GAC GCT GTC GAT TTG AGA GTT CTA GCT GCT AGA GTG GAA TCC GCA GGT CAA TCA TTC ATT AAC AGA GAC GTC GTC CAA CGT AAA CAT TAC AGA GAT GAT ATG TTG GAG ACT ACA CAA TAC GGT TCG CTT GGT AAC ATT CTA ATG GAG TCG TTT TCC ATG CCT GCC TCC ACA TCT ACT TCT AAA ATT ACC GAA AGA GAA CCT AGA AAA AGA GAA TCT GAA GAA AAG AGA CTA AAG TCA GTC TCT CAA TTG ATT TCT AAA ACC GAA TAC ATG CAA GCT TTG CCA TCT GAT GGT GAG CTC ACA GCT ACC AGA TTT GAA TTC AAA GCA GAT GCC AGA TTG AAA ACA TTT AAT GAC GAA ACC AGA GTT ACC GTC GCT AAA GAT GAT GTC ACT TTG ATC ATC AAG CTC GAC TTG ATC GCT GTC GGT AGA GAA GAA GCC GAA GAC AGA GAG TAC TTA AAG AGA AAA AAC GAT GCC CTA TAT TAC GAA TTA GTC GCC TCT TCA CAA CCC AGA GAG TCT CAA GGT TTA GGT GGT GAG TTG GTC AAC CCT AGC ATC ATT GAT AAA GCT CAT ACA GTC TTC AGA GAG CCA AGA AAG TTA CAA TCA TAC GAT CTA TCT TAC AGA ACG GAT AGA GAC AGA AAT ACC TCA ATC GGT CGT GGC TTG GAA CAA TTG AAA AGA TAT ATT CGT AAT GAC AAT GCT GTC AAC AGT GCA GCT AGA AGA CCC GAA AGC TTG ACT CCG AAT CAG ATT TTC AGA AAA TTG ATT GAA AAC GAA ATT TAC CTC GAG TAC CCA CAA CAA GAC GCC CCT GAC TTC GCC TAT GCT CTC TAT CTG AGA GGC TTA AAA GAA GAT AAT TCA GCT AGA CCC GGT TTG GAA TCT TTC TCT ACG ACG TTT CTA AAC CTA TTC AGA GTC GCT CCT GAT AAG TCT GAC GGT TTC AGA AAA AAT GCC GCA GAC GAC AAC GAG AAA GGT GAA TCT GAA GCC CAA GCC GAA GCC CCT ACA AAA ATT TTG CCT AGA CCC GTC ACC AGA GAA ACA ACA ACC AGA GAA CAA AAT GTC AGT AAG TCT TTT AAG AAA TTC GAC TCT CCT CAT CTC CCA GAA CTG TTC GAA ATT TCA ATT GCC CTA GAA CAT TAC GGT AAG 
Smik                            GCC AAG AGA GTC CCA ACA CTG ACC GAC GAC GAA GCT GAT AGA TAC GAT AGA GAT GCC ACT ACA GAC GCT ATT GAC TTG AGA GTC CTA GCT GCT AGA GTA GAA TCT GCG GGT CAG TCC TTC ATT AAT AGA GAC GTC ATT CAA CGT AAA CAT TAC AGA GAT GAT ATG TTA GAG ACT ACT CAA TAC GGT TCT CTC GGT TCT ATT TTG ATG GAA TCA TTT TCC ATG CCT GCC TCC ACA TCT ACT TCT AAA ATA ACA GAA AGA GAA CCT AGA AAG AGA GAA TCT GAA GAA AAG AGA TTG AAG TCT GTT TCT CAA TTG ATT TCT AAG ACT GAA TAC ATG CAG GCT TTA CCA TCA GAC GGT GAG CTT ACT GCT ACA AGA TTC GAA TTC AAG GCG GAT GCC AGA TTG AAA ACA TTC AAC GAT GAA ACT AGA GTA ACT GTT GCC AAG GAC GAT GTT ACT TTA ATT ATT AAA CTT GAC TTA ATC GCT GTC GGT AGA GAA GAA GCC GAA GAT AGG GAA TAC TTA AAG AGG AAG AAT GAT GCC CTA TAT TAC GAA TTA GTC GCC TCA TCT CAA CCC AGA GAG TCA CAG GGT TTA GGT GGC GAT TTA GTT AAC CCT AGT ATT ATA GAC AAA GCC CAT ACA GTC CAC AGA GAG CCA AGA AAG TTA ACC TCC TAC GAC TTG TCT TAC AGA ACC GAC AGG GAC AGA AAT ACC TCT ATC GGT CGT GGC TTG GAA CAA TTG AAA AGA TAT ATT CGT AAT GAG AAT GCT ATT AAT AGT GCC GCT AGA AGA CCA GAA AGT TTG ACT CCA AAC CAA ATT TTC AGA AAA TTG ATT GAA AAT GAA ATT TAC CTT GAA TAT CCA CAA CAG GAT GCT CCT GAC TTC GCC TAT GCT CTC TAC CTT AGA GGC TTG AAA GAA GAT AAC TCC GCT AGA CCC GGT TTG GAA TCT TTC TCT ACC ACA TAC ATC AAT CTG TTC AGA GTT GCT CCA GAC AAG TCT GAC GGT TTC AGA AAA AAT GCC GCG GAC GAC TCT GAA AAG GGT GAA TCT GAA GCT CAA GCT GAA GCT CCT ACA AAG ATA TTG CCT AGA CCC GTC ACC AGG GAA ACA ACC ACC AGA GAG CAA AAC GTC AGC AAG TCT TTT AAG AAG CAC GAT TCT CCT CAT CTC CCA GAA TTG CAC GAA ATA TCT ATC GCC CTG GAA CAT TAT GGT AAG 
Spar                            GCC AAA AGA GTT CCA ACG CTA ACC GAC GAT GAA GCA GAT AGA TAC GAT AGA GAT GCC ACT ACG GAC GCT ATT GAC TTG AGA GTC TTA GCT GCT AGA GTA GAA TCC GCA GGT CAA GCC TTC ATT AAC AGA GAC GTC ATT CAA CGT AAA CAT TAC AGA GAT GAT ATG TTG GAG ACT ACT CAA TAC GGT TCT CTC GGT TCT ATT TTG ATG GAA TCG TTT TCG ATG CCT GCC TCG ACC TCT ACT TCT AAA ATT ACT GAA AGA GAA CCT AGA AAG AGA GAA TCT GAA GAA AAG AGA TTG AAA TCC GTT TCT CAA TTG ATC TCT AAG ACT GAA TTC ATG CAA GCT CTA CCA TCC GAC GGT GAG ATC ACT GCT ACT AGA TTC GAA TTC AAG GCA GAT GCC AGA TTG AAA ACT TTC AAC GAC GAA ACT AGA GTT ACT GTT GCT AAG GAT GAC GTT ACT TTG ATT ATA AAA ATC GAC CTA ATC GCC GTC GGT AGA GAA GAA GCC GAA GAT AGG GAA TAC TTA AAG AGG AAA AAT GAT GCC TTA TAT TAC GAA TTA GTC GCC TCC TCT CAA CCT AGG GAG TCC CAG GGT TTA GGT GGC GAC TTG GTT AAC CCT AGT ATT ATT GAC AAA GCC CAT ACA GTC CAT AGA GAG CCA AGA AAA TTA ACC TCC TTC GAC TTG TCT TAC AGA ACC GAT AGG GAT AGA AAT ACC TCC ATC GGT CGT GGC TTG GAA CAA TTG AAA AGA TAT ATT CGT AAT GAG AAT GCT ATT AAT AGT GCC GCT AGA AGA CCC GAG AGT TTG ACT CCA AAT CAG ATC TTC AGA AAA TTG ATT GAA AAC GAA ATT TAC ATC GAA TAT CCA CAA CAG GAC GCC CCT GAT TTC GCC TAT GCC CTT TTC CTT AGA GGC TTG AAA GAA GAT AAC GCC GCT AGA CCT GGT TTG GAA TCT TTT TCT ACC ACG TAC ATC AAT CTG TTT AGA GTT GCT CCA GAC AAA TCT GAT GGT TTC AGA AAA AAT GCC GCA GAC GAT TCT GAA AAG GGT GAA TCT GAA GCT CAA GCC GAA GCT CCT ACA AAG ATT TTG CCT AGA CCT GTC ACT AGA GAA ACA ACC ACT AGA GAA CAA AAC GTC AGC AAG TCT TTT AAA AAA CAT GAT TCT CCT CAT CTT CCA GAG CTA CAT GAA ATT TCT ATC GCC CTG GAA CAT TAT GGT AAA 
Ncas                            GCT AAA AGA GTT CCA ACC GTC ACC AGT GAT GAA GCC GAT GCT CAT GAT AAG GAT GCT ACT ACC GAT GCT ATT GAC TTG AGA GTT CTA GAA GCT AAA GTC GAA TCT GCT GGT CAA AAA TTT ATT AGC AGA GAT GTA ATT CAA CGT AAG CAT TAT AGA GAT GAT ATG TTG GAA TCA ACT CAA TAT GGT TCT TTA GGG GAT ATT CTA ATG GAA TCC TTC GCC ATG CCT GCC GCC ACA TCA ACT TCA AAG ATC ACA GAA CGT GAA CCT AAG AAA AAG GAG TCG GAG GAA AAG AAG CTA AAG AAC GTT TCC TCT TTG ATC ACA AAG TCC GAA TAT ATG CAA ATG TTG CCA CGT GAT GGT GAG CTA ACT GCT ACA AAA TTT GAA TTT AAG GCT GAC GCT AGA TTG AAG ACA TTT AAT GAC GAA ACT AGA GTT TCC GTT GCC AAG GAT GAC GTT TCC TTG ATT ATT AAA CTA GAT TTG ATC TAC GTC GGA AGA GAA GAA GCT GAA GAT AGA ACC TAT TTG AAG AGA AAA AAT GAT GCT CTA TAT TAT GAA ATG GTT GCT CGT AGT TCT CCT AGA GAG CGT CAA GGT TTA GGT GGG GAA TTG GTC GAT CCT AAT ATT ATC GAC AAG GCT CAT ACA GTC CAA AAA GAA CCA AGA CAA ATG GAT ACT TAT GAT CTA TCT AGT AGA ACC GAT AGA GAT AGA AAT ACA AAC ATC GGA CGT GGG TTG GAG CAA TTG AAG AAG TAT ATC CGT AAC AAC AAC GCT ATT AAT AGC GCT GAA AGA AAA CCC GAA AAT TTG ACT CCA AAC CAA ATC TTT AAA AAG TTG ATT GAG AGC GAA ATT TAT CTA GAA TAC CCA CAA CAA GAC GCT CCT GAT TTT TCA TAT TAC TTG TAT CTA AGA GGG TTA AAG GAA GAT AAT AAA ATG AAG CCA GGA TTG GAA TCG TAT TCC ACC ACC CAT TTA AAT TTG TAT AAA GTT GCT CCA GAC CAA AGT GAT GGT TTC AAA AAG AAT GCT GCT AGT GAT GAT GAA AAA GGA GAA TCG GAA GCC CAA GCT GAA GCT GCT ACA AGA ATC TTG CCT AAA CCT GTC ACA AGA GAA ACA ACG AGA AAA GAA CAA AAT GTC AGT AAG ACA TTT AAA AAA CAA GAT TCA GCT CAT TTG CCA GAA CTA CAA GAG ATC AAA ATC GCT TTG GAA CAT TAC GGT AAG 
Cgla                            GCA AAA AGA GTG CCA ACC GCC ACC GAC GAC GAG GCC GAT AGG AGC GAT GAG GAT GAT ACC ACC GAC GCT ATC GAT TTG AGA GTC CTG GCT GCA AGA GTT GAA TCA GCC GGT CAG AAT TTC ATT AGC AGG GAT GTG ATC CAA CGT AAG CAC TAC AGA GAT GAC ATG TTG GAG TCG ACC CAA TAC GGT TCT CTG GGT GAC ATC CTA ATG GAA AGT TTC GCC ATG CCA GCC GCC ACT TCC ACC TCA AAA ATC ACT GAA ATT GAT CCA GAG AAG GAG GAA TCA GAA GAA AAG AGA CTA AAG ATC GTC TCC GAG TTG ATC ACA GCA GAT GAA TTT ATG CAA TCT CTA CCA TCA GAT GGT GAG CTG ACC AGA ACT AAG TTC GAA TTC GCA GCC GAT GCC AGA TTG AAA ACA TTC AAC GAC GAA ACC AGG GTC GAT GTC GCC GCA GAT GAT GTC GCT TTG ATC ATC AAG CTG GAT CTA ATC TAC GTC GGT AGA GAG GAA GCA GAA GAT AGA CAA TAC CTG GGT AGA AAA AAT GAT GCC CTG TAC TAC GAG ATG GTT GCA AGT CAT CAA CCA AGA GAG AGT CAA GGT TTA GGT GGT AAG TTG GTG AAC CCA CAT ATC ATC GAT AAG GAG CAC ACG GTC CAT AGA GAG CCA AGA AAG ATG CTC AAG TTT GAT CTA TCT TAC AGA ACC GAT AGA GAC AGA AAT ACC ATC ATC GGT CGT GGT TTG GAG GAA TTG AAG AGA TAT ATC AGA AAC AAC AAC AGA ATC AAT AGC GAT GCT AGA AGA CCA GAA CAT TTG ACC CCA CGA CAG ATC TTC AGA AAG TTG ATC GAA AGC GAG ATC TAC CTG GAA TAC CCA CAG CAA GAC GCC CCA GAC TTC GCG TAT TAC CTG TAT TTG AGA GGT TTG AAA GAA GAT AAC AAT TCT AGA CCT GGT TTG GAT TCA TAC TCC ACC ACC AGC ATC AAC TTG TAC AGA GTC GCT CCT GAT AAG TCT GAC GGT TTT AGA AAG AAT GCC GCC GAC GAT GAC GAA AAA GGT GAA TCA GAA GCT CAG GCC GAA GCC CCT ACG CTG ATC TTG CCA AGA CCA GTC ACT CGG GAA ACG ACT ACT AGA GAG CAA AAC GTC AGC AAG ACA TTT AAA AAA CAT GAT TCA CCT CAC CTG CCT GAA CTC CAT GAA ATC TCT GTT GCC TTG GAG CAC TAC GGT AAG 
Agos                            GCG AAG AGA GTG CCA ACG CTG ACG GAC GAC GAG GCT GAT AGG TTC GAC AGA GAT GCT ACT ACG GAC GCT GTT GAT TTG AGA GTC CTA GCT GCG AGA GTG GAG TCC GCG GGT CAG GCC TTC ATC TCG CGC GAC GTG GTT CAA CGC AAG CAC TAC AGA GAC GAC ATG TTG GAG TCG ACT CAA TAC GGT TCC CTG GGT CAG ATT TTG ATG GAG TCC TTC GAG ATG CCG GCC GAG ACG TCC ACC TCC AAG ATC ACC GAG AGG GAG CCT AGA AAG AGA GAG TCT GAG GAG AAG CGC TTG AAG GCT GTG TCT CAG TTG ATC ACT AAG GCC GAG TTC ATG CAG TCG CTA CCA TCT GAC GGT GAG CTG ACT GCC ACC AGA TTC GAG TTC AAG GCG GAT GCT AGA TTG AAG ACC TTC AAC GAC GAG ACC AGA GTG GCC GTG GCC AAG GAC GAC GTG GCC TTG ATC ATC AAG CTG GAC CTA ATT CAC GTC GGG AGA GAG GAA GCG GAG GAT CGA GAG TAC TTG AAG CGA AAG AAT GAC GCC CTA TAC TAC GAG ATG GTC GCA TCT TCC CAG CCT CGC GAG TCT CAG GGT TTG GGT GGA GAA TTG TCG AAC CCT AGC ATC ATC GAT AAG GCC CAC ACG GTC CAC AGA GAG CCA AGA AAG ATG CAG TCC TTC GAC TTG TCT TAC CGG ACG GAC CGC GAC AGA AAC ACA GCT ATT GGG CGC GGT TTG GAG CAA TTG AAG CGC TAC ATT CGT AAC AAC AAC GCC GTT AAT AGC GCT GCT AGA AGA CCA GAG AGC TTG ACC CCG AAC CAG ATC TTC CGT AAG CTC ATT GAG TCG GAG ATT TAC CTG GAG TAC CCA CAA CAG GAC GCA CCG GAC TTC GCC TAC CAC CTG TTC TTG AGA GGT TTG AAG GAG GAT AAC GCC TCG CGG CCT GGG TTG GAG TCT TAC TCT ACG ACG TTC ATC AAC CTG TAC AGA GTG GCT CCA GAT AAG TCC GAC GGT TTT CGT AAG AAC GCT GCG GAC GAC CAG GAG AAG GGG GAG TCT GAA GCT CAA GCA GAG GCC CCT ACG AAG ATC TTG CCT CGT CCT GTC GCA AGA GAG ACG ACA ACT AGA GAG CAA AAC GTC AGC AAG ACT TTT AAA AAG CAC GAT TCC CCT CAC CTG CCA GAG CTG CAC GAG ATC TCT ATC GCT CTG GAG CAC TAC GGA AAG 
Klac                            GCT AAG AGA GTG CCT TCG AAA ACA GAC GAC GAA GCC GAC AGA AGC GAT GAA GAC GTA ACT TCG GAT GCC GTC GAC TTG AGA GTC TTA GCA ACA AGA GTG GAA TCC GCA GGT CAA GAT TTC ATT TCT AGA GAT GTA GTC CAG AGA AAG CAT TAC AGA GAT GAT TTA TTG GAA TCT ACT CAG TAC GGT TCT TTG GGT AAA ATT TTG ATG GAA TCA TTC GCT ATG CCA GCC GCT ACT TCC ACC TCA AAG ATT ACA GAA ATC GAT CCT GAA AAA GAA GAA TCG GAA GAA AAG AGA TTG AAG ATT GTT TCC GAA TTG ATT ACT GAA AGG GAA TAC ATG CAG GCT TTG CCA TCC GAT GGT GAA TTG ACT GCA ACA ACT TTT GAA TTT GAA GCA GAT GCT AGA TTG AAG AAA TTT ACA GAT GAA ACC AGG GTC AGG GTT GCC GAA GAT GAT GTT ACT TTG ATC ATC AAG TTG GAC TTG ATT TTC GTT GGA AGA GAA GAT GCT GAA GAC AGA AAA TAC TTG CAG AGA AAG AAT GAT GCT TTA TAC TAC GAG ATA GTT GCT AAT CAT CAA CCC AGA GAA AAT CAA GGT TTG GGT GGA TCA TTG GCT AAC CCT GCA ATC ATT GAC AAG GAG CAT ACT GTC TAC AGA GAA CCA AGA AAG ATA GTG CCA TAC GAT TTG TCT TAC AGA ACA GAT AGG GAT AGA AAC ACG ATT ATT GGA CGT GGT TTG GAA CAA TTG AAG AGA TAC ATT CGT AAC CAA AAC GCA GTC AAT AGT GTA GCA AGA AGA CCA GAA GCA TTG ACC CCA AGA CAG ATT TTC AGA AAG TTG ATT GAG TCT GAG ATT TAC TTG GAA TAC CCT CAG CAA GAT GCT CCA GAC TTC GCG TAC TTC CTA TAT TTG AGA GGT TTG AAG GAA GAT ACA GAT GCT AGA CCT GGA TTG GAT TCG TAT TCC ACA TCG AGC TTA AAC CTT TAT AGA GTT GCC CCT GAC AAG TCT GAC GGT TTC AGA AAG AAC GCT GCA GAC AAT AAA GAA AAG GGA GAA TCG GAA GCT CAG GCT GAA GCT CCT ACT ATC ATT TTG CCT AGA CCC GTT GCT AGA GAA ACT ACT ACT AGA GAA CAA ACA GTT AGT AAG ACT TTT AAA AAG TAC GAC TCA CCT CAT CTA CCA GAA CTT TAC GAG ATT TCT GTT GCT CTT GAA CAC TAC GGT AAG 
Calb                            GCT AAG AGA GTG CCA AAT GCT ACC GAC GAT GAA GCT GAT AGA TAC GAT AGA GAT GCC ACC AAT GAT GCC GTC GAT TTG AGA GTC ATA GCT GTA AGA GTG GAA TCC GCC GGT CAA GCT TTC ATT GGA AGA GAC GTG GTC CAA AGA AAA CAT TAC AGA GAT GAT TTA TTG GAA CCA ACC CAA TAC GGT TCC TTG GGT GGT ATT TTG ATG GAA AAT TTC GCT ATG CCA GCC GCT ACC TCC ACT TCT AAA ATT ACC GAA AGA GAA CCA AGA TCT AGA GAA AGT GAA GAA AAG AGA TTG AAG TCT GTT TCT CAA TTG ATA ACT AAG ACT GAA TTC ATG CAA GCT TTG CCT TCA GAT GGT GAA GAA ACC GCT ACC AGA TTT GAA TTT AAG GCC GAA GCC AGA TTG AAA ACC TTT AAC GAT GAA ACT AGA GTG ACT GTT GCT AAG GAT GAT GTT ACT TTG ATC ATT AAG GAA GAT TTG ATA CAC GTT GGA AGA GAC GAA GCT GAA GAT AGA GAA TAC TTA AAG AGA AAG AAT GAT GCT ATA TAC TAT AAT GTT GTT GCT TCA TCT CAA CCA CGT GAA TCA CAA GGT TTG GGT GGG GAA TTG GAT AAC CCA GGG ATC ATT GAT AAA GCT CAT ACT GTC TTC AGA GAA CCT AGA AAA GTT CAA TCA TTC GAT TTG TCC TAC AGA ACC GAT AGA GAC AGA AAT ACT TCT ATA GGA AGA GGT TTG GAA CAA TTG AAA AGA TAT ATT CGT AAC AAC AAC GCT GTC AAT AGT GCC GCT AGA AGA CCA GAA GGG TTG ACT CCT AAT AAT ATA TTC AGA AAA TTG ATT GAA GGA AAT ATT TAC GAA GAA TAT CCA CAA CAA GAT GCC CCA GAT TTC GCC TAT CAC TTA TTC TTG AGA GGT TTG AAA GAA GAT AAC GCT GCT AGA CCT GGA TTG GAA AGT AAA TCT ACC AAT TAC ATC AAT TTG AAA AGA GTT GCC CCA GAT AAA TCT GAT GGT TTT AGA AAA AAT GCC GCC GAC GAC GGT GAA AAA GGA GAA AGT GAA GCT CAA GCC GAA GCT CCA ACT AAG ATT TTG CCA AGA CCA GTT GCT AGA GAA ACT ACC ACT AGA GAA CAA AAC GTT AGT AAG ACT TTT AAA AAG TTC GAT TCT CCA CAT TTA CCA GAA TTA TTC GAA ATT TCT ATC GCC TTG GAC CAT TAT GGT AAG 



Printing out site pattern counts


         9        666  P

Scer                            AAA AAA AAA AAA AAA AAA AAA AAC AAC AAG AAG AAG AAG AAG AAG AAG AAG AAG AAT AAT AAT AAT ACA ACA ACC ACC ACC ACC ACC ACG ACT ACT ACT ACT ACT ACT ACT ACT AGA AGA AGA AGA AGA AGA AGA AGA AGA AGA AGG AGG AGT AGT AGT AGT ATC ATC ATG ATG ATT ATT ATT ATT ATT ATT ATT ATT ATT CAA CAA CAA CAA CAA CAA CAA CAA CAA CAA CAG CAG CAT CAT CCA CCA CCA CCA CCA CCA CCC CCT CCT CCT CCT CCT CGT CGT CGT CGT CGT CTA CTA CTA CTC CTC CTG CTT CTT GAA GAA GAA GAA GAA GAA GAA GAA GAA GAA GAA GAA GAA GAA GAA GAA GAA GAA GAC GAC GAC GAC GAC GAC GAC GAC GAC GAG GAG GAG GAG GAG GAG GAG GAT GAT GAT GAT GAT GAT GAT GAT GCA GCA GCA GCC GCC GCC GCC GCC GCC GCC GCC GCC GCT GCT GCT GCT GCT GCT GCT GGC GGT GGT GGT GGT GGT GTC GTC GTC GTC GTC GTC GTT GTT GTT GTT GTT TAC TAC TAT TAT TAT TAT TCA TCA TCC TCC TCC TCG TCG TCT TCT TCT TCT TCT TCT TCT TCT TCT TTA TTA TTA TTA TTC TTC TTC TTC TTG TTG TTG TTG TTT TTT TTT TTT 
Sbay                            ... ... ... ... ..G ..G G.G ..T TTT ..A ... ... ... .GA .GA .GA T.C TCA ..C ..C ... ... ... ... ... ... ..G ..T T.T ... ..A ..A ..C ..C ..C ... ... G.. ... ... ... ... ... ... ... ... ... ... ..A ..A .AC ..C ... ... ..T G.. ... ... .GA ..C ..C ..C ... ... ... ... T.G AG. ... ... ... ... ... ... ... .T. TC. ..A ... ... ... ... ... ... ..G ..T G.T ... ..C ..C ... ... ... AA. ... ... ... GAG ... ..G T.G ... ..T ..A ..C ..G A.. A.G C.. ... ... ... ... ... ... ... ... ... ..C ..G .CT T.C TC. TCT A.. ..A ... ... ... ... ..T ..T ..T ACC ..A ..A ..C ... ... TTC ..C ..C ..C ... ... ... ... ... ... ..C ..T AAA AA. ... ... ... ... ... ... ..T ..A ..C ..C ..C ... ... ... ..T ..C ... ... ... ... A.T ... ... ... ... ..T ..C ..C ..C ..G ... ... ..T ..C ..C ... ... ..C ..T A.A CAA ..T ..C ... GAC ..A ..A ..G ... ... ... ... ... ... ... ... ..G C.A ... ... ... C.A ..A ... ... ..C ... ... ... 
Smik                            ... ... ..G ..G ..G ..G G.T ... T.. ... ..A ... ... .GA .GA .GA T.C TCC ... ... ... ... ... ..C ... ... ... ..T T.A ..A ..A ... ..A ..C ... ... ... G.. ... ... ... ... ... ... ... ... ..G ..G ..A ... .A. ... ..C ... ..T ..T ... ... .GA ..C ... ... ..A ... ... ... T.G AG. ... ... ... ... ... ..G ..G .TG TCT ... ..A ... ... ... ... ... ... ... G.T ..A ..C ..C ... ... ... AAC ... ... ... GAA ... T.G T.. ..T ... ... ..C ... A.G A.G ACC ... ... ... ... ... ... ... ... ..G ..C ... .CC T.C TCC TC. A.. ..A ... ... ... ..T ... ... ..T ACT ..A ..A ... ... ... C.C ..C ..C ... ..C ... ... ... ... ..G ..T ..T AAG T.T ... ... ... ... ... ..T ..T ..C ..C ... ... ..C ... ... ... ..C ... ... ... ... A.. ... ... ... ... ... ..C ... ... ..A ..A ... ... ..C ... ... ... ..T ..T A.A CAA ..T ..C ..A GAC ... ... ... ... ... ... ... ... ... ... ... ..G A.. ... ... ... ... ... ..A ... ..C ..C ... ... 
Spar                            ... ... ... ..G ... ... G.C ... T.. ... ..A ..A ... .GA .GA .GA TTC TCC ... ... ... ... ... ..C ... ..T ... ..T T.. ... ..C ... ... ... ... ... ... G.. ... ... ... ... ... ... ... ..G ... ..G ..A ... .AC ... ..C ... ... ..T ... ... .GA ..C ..A ... ... ... ... ... T.G AG. ... ... ... ... ... ... ... .T. TCC ... ... ... ... ... ... ... ... ... G.T ... ... ... ... ... ... AA. ... ... ... GAA T.. ... ... A.. ... ... ... ... A.G A.G ACC ... ... ... ... ... ... ... ..G ... ..C ... .CC T.C .CC TCC A.. ..A ... ... ..T ... ... ... ... ACT ..A ..A ... ... ... C.T ... ... ... ... ... ... ... ... ... ... ..T AAG T.T ... ... ... ... ... ..T ... ..C ..C ..C ... ... ... ... ... ..C ... ... ... ... A.. ... ... ... ..T ... ..C ... ... ..A ... ... .T. ..C ... ... ... ..C ..T A.T CAA ..T ... ... GAC ... ... ... ... ... ... ... ... ... ... ... ..G A.. ... ... ..T ... ... ... ... ..C ..C ... ... 
Ncas                            ..G ..G ... ... ... ..G G.. ..T C.T ..A ..A C.A ... ..A ... ... T.T .CT ... ... ..C ... ... ..G ..A ..A ... T.. CGT ..C ..A ... ..A .GA ... ... T.A .TG .A. .A. ... ... ... ... GCT ... ... ... ..A ..A ..C .A. ... ..C ... ..T ... ... CG. ..C ... ... ..C ..C ... ... T.G A.G ... ... ... ... TCT ... ... GTC A.C ..A ..A ... ... ... ... ... ... ... G.T ... ..A ... ... ... G.. AAC ... ... ... ACC ... ... T.G ..A T.A T.. T.G ..A A.G A.G ..T ... ... ... ... ..G ..G ..G ... ... ..T ... .CT AGT A.. CGT ..T ..A ..T ..T ..T ... ... ..T ... TCC ..A ..A A.C ..A ... C.A ... ... ... ... ..C ... ... ... ..T ..C ..T AGA .AT ... ..T ..T ..T T.A ... TA. ... ... ... ... ..C .AA ... ..G ..G ..A ..G ... ... A.. ..A ... ... ..T ..T ... ..C ... ..C ... ..T ..T ... ..C ... ... ..T ..G A.A ..T A.A G.C ..C AG. AAA AG. ... AG. ..A ..A ..C ... A.G ... ..G ..G ..A ... ..T .AT C.A ..A ... ... ... ... ..C ... 
Cgla                            ... ..G ... ... ... ..G ..G ... .G. ... ... ... ... ... .GA .GA TTT ... ..C ... ..C ... ..G ..T ... ..T ... G.T T.A ..C ... ..C ... ... ..C ..C T.G T.. ... ... ... ... ..G ..G ..G ... C.G ... ..A ..A ..C CA. ..C ..C ... ... ... ... ... ..C ..C ..C ..C ..C ..C ... T.G G.G ... ... ..G G.. ... ... ..G GCC ATC ..A ... ..C ..C ... ... ..T ... ..T AG. ..A ... ..A ..A ..A ... ..A A.A ... ... .AA ..G ..C ... ..G ..G T.. ..G T.G .C. .GT CTC ... ... ... ..G ... ... ..G ... ..G ..T ... ..G T.C A.T AGT A.. ..G ... ..T ... ... ..T ..T ..T ..T ... ..T A.C ... ... C.T ..C ... ... ... ... ..C ... ... ..C ..C ... CTG .A. ... ..A ..A ... ..G ..T TA. .A. ..C ..C ..C ..C ... ... ..T ... ... ... ... ... ..T ..G ... ... ..G ... ... ..G ..C ... ..C ... ..T ..C ..C ..C ... ... ... A.A GAG A.A G.C AGT GAC ... CA. ... ... ..A ..C ..C ... A.G ... C.G ..G A.. ..T ... .A. C.A ... ... ... ..C ..C ..C ... 
Agos                            ..G ..G ..G ..G ... ..G G.. ... TT. ... ... ... ... .GA CGC CG. TTC TCC ..C ... ..C ..C ..G ... ..A G.A ..G G.. T.T ... ..G ... ..C ... ..C ..C T.G T.G ... C.T ... C.G ... C.C ..G C.C ... C.. ..A C.C TCG ..C ..C ..C ... G.T ... ... .GG ... ..C ..C ..C ... ... ..C C.C AG. ... ... ... ... ..G ..G ..G .TG GCT ... ... ..C ..C ... ... ... ..G ... G.C ..A ... ... ..G ... ... AAC ... ..C ..C GAG ... ..G ... ..G ..G ... ..G T.G A.G A.G C.G ... ... ..G ..G ..G ..G ..G ..G ..G ..C ..G .CC T.C .CC TCT A.. ..G ... ... ... ... ..T ... ... .CC ... ... A.C ... ... C.C ..C ..C ... ..C ... ..C ..C ... ..G ..T ..G AAG CAG ... ..A ..G ... ... ..T CA. ... ... ..A ..C ..C ... ... ..A ... ..G ... ..A ... A.. ..G ... ... ..G ... ..C TCG ..G ..G ..G ... .T. ..C ..C ..C ..C ..C ..T A.. CAG A.T GA. ..C GAC ... ..C ..C ..C ..C ..C ... ... A.G ..G ..G ..G A.. ..T ... .A. ... ... ... ... ..C ..C ..C ... 
Klac                            ..G ..G ..G ..G ... ..G TC. .CA .G. ..A ... ... ... .CT .GA .GA T.C CCA ..C ... ..C ..C ..T ..T ..G G.T ..A ..T T.. T.. ... ... ..A ... ..C ..C T.. G.. ... ... ... ... ..G ... ... ... ... ... ..A ... TC. GCA ... ... ..T G.. ... T.A ..C ... ..C ..C ... ... ... ... T.G G.. ... ..G ..G ... ... ..G ... A.. ATT ..A ... ..C ... ... ..T ... ... ..T G.. ..A ... ..C ..A ... ... A.A ... A.A ... AAA T.. ..T T.G T.G T.G ..T ..A T.G ... C.G .TG ... ..T ... ... ... ..G ... ... ... ..T ... ..G T.C ..T A.T A.. ..A ..T ... ..T ..T ... ..T ..T AG. ... ..T C.A ..A ..A T.C ..C A.. ..C ... ... ... ... ... ... ..C A.. AT. AAA ... ..T ..T ..T ..G ..T TT. .TA ... ... ... ..C ..A ..C ..A ... ..A ... ... ... ..T ..A ... ..T ..G ... ... .C. ... ..G ..C ... ..T ..C ..C ..C ..C ..C ..G AAA GAA A.T G.T ..A GAC ... CA. ... ... ..A ..C ..C ... A.. ..G ..G ..G ..A ... ... .AT ... ... ... ... ... ... ..C ... 
Calb                            ... ... ..G ... ... ..G G.. ... T.. TCT ... ..A ... .GA .GA .GA TTC TCA ... ... ..C ... ..T ..C ..T G.T ... ..T T.A .AT ..C ..C ..C ... ... ... C.A G.. ... ... ... ... ... ... ... C.T ... ... ..A ..A G.A G.G ... ... ..A G.. ... T.A .GA ..A ... ..C ... ... ... ... T.G AG. ... ... ... ... ... ... ... GCT TCT ..A A.T ... ... ..T ... ... ..T ... G.T ..A ... ..A ..A ..A ..A AA. ... A.A A.A GAA A.. T.. T.G GAA T.G T.. T.A T.G A.G A.G C.. ... ... ... ..C ... ... ... ... ... ..C ... .CT T.C .CT TC. A.. ..A ..T ..T ... ..T ..T ..T ..T ACT A.T ..A A.C ..A ..A TTC ... ..C ... ... ..A ... ... ... ..C ..T .T. AAG .GT ... ..T ..T ..T ... ..T CA. ..C ..C ..C ... ... ... ..C ..G ... ..A ... ... ... A.. ..G ... ..T ..G ... ... .A. ... ..G ..G ..T .T. ..C ... ..C ... ..C AGT A.. CAA A.T G.T AAT GAC ... ... ..C ... ... ..C ... ..C G.T ..G ... ..G A.. ..T ... AAA ... ... ... ... ... ... ..C ... 

    3    5    3    1    1    2    1    3    2    1    1    2    2    1    2
    1    2    1    1    2    2    2    3    1    1    1    3    1    1    3
    1    3    2    1    1    2    1    2    5    3    7    1    1    1    1
    1    1    2    2    1    2    2    1    1    2    3    3    1    1    2
    1    2    4    1    3    1    1    3    1    2    2    1    1    1    1
    1    2    2    1    1    3    2    2    1    1    1    2    1    1    2
    2    3    2    1    1    1    1    1    2    1    2    3    1    2    2
    1    3    1    1    1    1   11    2    2    2    1    2    1    1    3
    1    1    2    2    1    1    1    1    1    2    3    2    1    2    2
    2    1    2    2    3    3    1    4    2    1    1    3    1    3    1
    1    1    2    1    1    2    1    1    1    2    2    3    2    1    1
    2    2    1    2    4    1    1    6    1    1    1    3    1    1    1
    1    4    1    1    1    1    4    2    1    2    1    3    1    1    2
    2    1    2    1    1    1    1    2    1    2    1    2    1    1    4
    1    1    3    2    3    1    3    4    1    2    1    1

CODONML (in paml version 4.9j, February 2020)  temp.nuc
Model: One dN/dS ratio, 
Codon frequency model: Fequal
ns =   9  ls = 393

Codon usage in sequences
--------------------------------------------------------------------------------------------------------------------------------------
Phe TTT   5   6   2   4   7   4 | Ser TCT  12  15  20  17   5   6 | Tyr TAT   9   4   5   5  13   3 | Cys TGT   0   0   0   0   0   0
    TTC   7  10   9  10   2   7 |     TCC   4   3   5   7   6   3 |     TAC   2  10  11   8   4  13 |     TGC   0   0   0   0   0   0
Leu TTA   8   5   9   6   4   1 |     TCA   4   7   4   0   5   7 | *** TAA   0   0   0   0   0   0 | *** TGA   0   0   0   0   0   0
    TTG  11  14  14  16  19  16 |     TCG   3   2   0   3   3   1 |     TAG   0   0   0   0   0   0 | Trp TGG   0   0   0   0   0   0
--------------------------------------------------------------------------------------------------------------------------------------
Leu CTT   3   1   4   3   0   0 | Pro CCT  10   8   7  10   7   5 | His CAT   4   4   4   7   6   6 | Arg CGT   5   3   3   3   7   2
    CTC   4   5   3   1   0   2 |     CCC   1   4   3   1   1   0 |     CAC   0   0   3   0   0   4 |     CGC   0   0   0   0   0   0
    CTA   5   9   2   4  10   5 |     CCA   9   5   8   7   8  13 | Gln CAA  15  13   9  10  16   8 |     CGA   0   0   0   0   0   1
    CTG   2   2   3   2   0  10 |     CCG   0   1   0   0   0   0 |     CAG   3   1   4   3   0   4 |     CGG   0   0   0   0   0   1
--------------------------------------------------------------------------------------------------------------------------------------
Ile ATT  16  12  13  14  10   2 | Thr ACT  13   4  10  15   7   6 | Asn AAT   7   8   9   8  10   6 | Ser AGT   6   2   3   3   6   3
    ATC   5   5   4   9  10  21 |     ACC   7   8   8   7   7  13 |     AAC   5   8   5   6   6   8 |     AGC   0   2   1   1   3   6
    ATA   0   0   4   1   0   0 |     ACA   4   9  10   3  11   3 | Lys AAA  16  17   9  17  19   8 | Arg AGA  23  34  30  30  19  28
Met ATG   4   4   4   4   8   6 |     ACG   3   6   0   3   1   3 |     AAG  13   9  17   9  22  16 |     AGG   3   0   4   4   0   3
--------------------------------------------------------------------------------------------------------------------------------------
Val GTT   8   2   5   7   8   3 | Ala GCT  13  13  16  12  24   6 | Asp GAT  16  14  14  17  25  26 | Gly GGT  14  13  12  12   7  16
    GTC   8  15   8   7   7  10 |     GCC  12  14  13  18   6  16 |     GAC  13  17  17  14   7  12 |     GGC   1   2   3   3   0   0
    GTA   0   0   2   1   1   0 |     GCA   5   5   0   4   0   7 | Glu GAA  38  28  31  30  31  23 |     GGA   0   0   0   0   4   0
    GTG   0   1   0   0   0   3 |     GCG   0   0   3   0   0   1 |     GAG  14   9   6   7   7  16 |     GGG   0   0   0   0   4   0
--------------------------------------------------------------------------------------------------------------------------------------

--------------------------------------------------------------------------------------
Phe TTT   2   4   5 | Ser TCT  10   7  10 | Tyr TAT   0   3   5 | Cys TGT   0   0   0
    TTC  12   7  10 |     TCC   9   5   4 |     TAC  13  16   8 |     TGC   0   0   0
Leu TTA   0   4   5 |     TCA   0   4   4 | *** TAA   0   0   0 | *** TGA   0   0   0
    TTG  18  25  23 |     TCG   6   6   0 |     TAG   0   0   0 | Trp TGG   0   0   0
--------------------------------------------------------------------------------------
Leu CTT   0   3   0 | Pro CCT   8   9   4 | His CAT   0   4   4 | Arg CGT   4   2   2
    CTC   1   0   0 |     CCC   0   2   0 |     CAC   9   1   2 |     CGC   7   0   0
    CTA   4   2   0 |     CCA   7   8  15 | Gln CAA   6   7  13 |     CGA   2   0   0
    CTG  10   0   0 |     CCG   3   0   0 |     CAG  10   7   0 |     CGG   2   0   0
--------------------------------------------------------------------------------------
Ile ATT   6  15  10 | Thr ACT   6  13  13 | Asn AAT   2   5  13 | Ser AGT   0   2   5
    ATC  12   5   4 |     ACC   6   3  11 |     AAC  11   6   7 |     AGC   4   2   0
    ATA   0   2   6 |     ACA   2   9   0 | Lys AAA   1   7  14 | Arg AGA  20  29  35
Met ATG   6   3   3 |     ACG  10   1   0 |     AAG  25  19  13 |     AGG   2   4   0
--------------------------------------------------------------------------------------
Val GTT   3   9  10 | Ala GCT  13  17  21 | Asp GAT   9  21  25 | Gly GGT   9  10  12
    GTC   6   6   5 |     GCC  13   5  14 |     GAC  21  13   7 |     GGC   0   0   0
    GTA   0   3   1 |     GCA   4   9   0 | Glu GAA   3  35  37 |     GGA   2   5   6
    GTG   8   3   4 |     GCG   6   1   0 |     GAG  36   5   0 |     GGG   4   0   3
--------------------------------------------------------------------------------------

Codon position x base (3x4) table for each sequence.

#1: Scer           
position  1:    T:0.16539    C:0.15522    A:0.31807    G:0.36132
position  2:    T:0.21883    C:0.25445    A:0.39440    G:0.13232
position  3:    T:0.35878    C:0.17557    A:0.32316    G:0.14249
Average         T:0.24767    C:0.19508    A:0.34521    G:0.21204

#2: Sbay           
position  1:    T:0.19338    C:0.14249    A:0.32570    G:0.33842
position  2:    T:0.23155    C:0.26463    A:0.36132    G:0.14249
position  3:    T:0.27735    C:0.26209    A:0.33588    G:0.12468
Average         T:0.23410    C:0.22307    A:0.34097    G:0.20187

#3: Smik           
position  1:    T:0.20102    C:0.13486    A:0.33333    G:0.33079
position  2:    T:0.21883    C:0.27226    A:0.36641    G:0.14249
position  3:    T:0.32316    C:0.23664    A:0.30025    G:0.13995
Average         T:0.24767    C:0.21459    A:0.33333    G:0.20441

#4: Spar           
position  1:    T:0.19338    C:0.12977    A:0.34097    G:0.33588
position  2:    T:0.22646    C:0.27226    A:0.35878    G:0.14249
position  3:    T:0.34860    C:0.23410    A:0.28753    G:0.12977
Average         T:0.25615    C:0.21204    A:0.32909    G:0.20271

#5: Ncas           
position  1:    T:0.17303    C:0.13995    A:0.35369    G:0.33333
position  2:    T:0.21883    C:0.23155    A:0.42239    G:0.12723
position  3:    T:0.36132    C:0.15013    A:0.32570    G:0.16285
Average         T:0.25106    C:0.17388    A:0.36726    G:0.20780

#6: Cgla           
position  1:    T:0.15522    C:0.15522    A:0.33588    G:0.35369
position  2:    T:0.22901    C:0.22901    A:0.38931    G:0.15267
position  3:    T:0.23919    C:0.29262    A:0.26463    G:0.20356
Average         T:0.20780    C:0.22561    A:0.32994    G:0.23664

#7: Agos           
position  1:    T:0.17812    C:0.18575    A:0.28753    G:0.34860
position  2:    T:0.22392    C:0.26209    A:0.37150    G:0.14249
position  3:    T:0.18321    C:0.31552    A:0.12977    G:0.37150
Average         T:0.19508    C:0.25445    A:0.26293    G:0.28753

#8: Klac           
position  1:    T:0.20611    C:0.11450    A:0.31807    G:0.36132
position  2:    T:0.23155    C:0.25191    A:0.37913    G:0.13740
position  3:    T:0.31552    C:0.18066    A:0.31552    G:0.18830
Average         T:0.25106    C:0.18236    A:0.33757    G:0.22901

#9: Calb           
position  1:    T:0.18830    C:0.10178    A:0.34097    G:0.36896
position  2:    T:0.21883    C:0.24427    A:0.37659    G:0.16031
position  3:    T:0.35369    C:0.18321    A:0.34606    G:0.11705
Average         T:0.25360    C:0.17642    A:0.35454    G:0.21544

Sums of codon usage counts
------------------------------------------------------------------------------
Phe F TTT      39 | Ser S TCT     102 | Tyr Y TAT      47 | Cys C TGT       0
      TTC      74 |       TCC      46 |       TAC      85 |       TGC       0
Leu L TTA      42 |       TCA      35 | *** * TAA       0 | *** * TGA       0
      TTG     156 |       TCG      24 |       TAG       0 | Trp W TGG       0
------------------------------------------------------------------------------
Leu L CTT      14 | Pro P CCT      68 | His H CAT      39 | Arg R CGT      31
      CTC      16 |       CCC      12 |       CAC      19 |       CGC       7
      CTA      41 |       CCA      80 | Gln Q CAA      97 |       CGA       3
      CTG      29 |       CCG       4 |       CAG      32 |       CGG       3
------------------------------------------------------------------------------
Ile I ATT      98 | Thr T ACT      87 | Asn N AAT      68 | Ser S AGT      30
      ATC      75 |       ACC      70 |       AAC      62 |       AGC      19
      ATA      13 |       ACA      51 | Lys K AAA     108 | Arg R AGA     248
Met M ATG      42 |       ACG      27 |       AAG     143 |       AGG      20
------------------------------------------------------------------------------
Val V GTT      55 | Ala A GCT     135 | Asp D GAT     167 | Gly G GGT     105
      GTC      72 |       GCC     111 |       GAC     121 |       GGC       9
      GTA       8 |       GCA      34 | Glu E GAA     256 |       GGA      17
      GTG      19 |       GCG      11 |       GAG     100 |       GGG      11
------------------------------------------------------------------------------


Codon position x base (3x4) table, overall

position  1:    T:0.18377    C:0.13995    A:0.32824    G:0.34804
position  2:    T:0.22420    C:0.25360    A:0.37998    G:0.14221
position  3:    T:0.30676    C:0.22561    A:0.29206    G:0.17557
Average         T:0.23824    C:0.20639    A:0.33343    G:0.22194

Codon frequencies under model, for use in evolver (TTT TTC TTA TTG ... GGG):
  0.01639344  0.01639344  0.01639344  0.01639344
  0.01639344  0.01639344  0.01639344  0.01639344
  0.01639344  0.01639344  0.00000000  0.00000000
  0.01639344  0.01639344  0.00000000  0.01639344
  0.01639344  0.01639344  0.01639344  0.01639344
  0.01639344  0.01639344  0.01639344  0.01639344
  0.01639344  0.01639344  0.01639344  0.01639344
  0.01639344  0.01639344  0.01639344  0.01639344
  0.01639344  0.01639344  0.01639344  0.01639344
  0.01639344  0.01639344  0.01639344  0.01639344
  0.01639344  0.01639344  0.01639344  0.01639344
  0.01639344  0.01639344  0.01639344  0.01639344
  0.01639344  0.01639344  0.01639344  0.01639344
  0.01639344  0.01639344  0.01639344  0.01639344
  0.01639344  0.01639344  0.01639344  0.01639344
  0.01639344  0.01639344  0.01639344  0.01639344


TREE #  1:  (((((1, 4), (3, 2)), 5), 6), ((7, 8), 9));   MP score: 1114
This is a rooted tree.  Please check!
lnL(ntime: 16  np: 18):  -6620.972068      +0.000000
  10..11   11..12   12..13   13..14   14..1    14..4    13..15   15..3    15..2    12..5    11..6    10..16   16..17   17..7    17..8    16..9  
 0.014350 0.006960 0.334030 0.034391 0.559859 0.085946 0.047876 0.149209 0.402875 0.924032 0.779580 0.055831 0.067107 0.646601 0.790715 0.622100 2.023120 0.104147

Note: Branch length is defined as number of nucleotide substitutions per codon (not per neucleotide site).

tree length =  5.521460

(((((1: 0.559859, 4: 0.085946): 0.034391, (3: 0.149209, 2: 0.402875): 0.047876): 0.334030, 5: 0.924032): 0.006960, 6: 0.779580): 0.014350, ((7: 0.646601, 8: 0.790715): 0.067107, 9: 0.622100): 0.055831);

(((((Scer: 0.559859, Spar: 0.085946): 0.034391, (Smik: 0.149209, Sbay: 0.402875): 0.047876): 0.334030, Ncas: 0.924032): 0.006960, Cgla: 0.779580): 0.014350, ((Agos: 0.646601, Klac: 0.790715): 0.067107, Calb: 0.622100): 0.055831);

Detailed output identifying parameters

kappa (ts/tv) =  2.02312

omega (dN/dS) =  0.10415

dN & dS for each branch

 branch          t       N       S   dN/dS      dN      dS  N*dN  S*dS

  10..11     0.014   850.3   328.7  0.1041  0.0014  0.0135   1.2   4.4
  11..12     0.007   850.3   328.7  0.1041  0.0007  0.0066   0.6   2.2
  12..13     0.334   850.3   328.7  0.1041  0.0328  0.3146  27.9 103.4
  13..14     0.034   850.3   328.7  0.1041  0.0034  0.0324   2.9  10.6
  14..1      0.560   850.3   328.7  0.1041  0.0549  0.5273  46.7 173.3
  14..4      0.086   850.3   328.7  0.1041  0.0084  0.0809   7.2  26.6
  13..15     0.048   850.3   328.7  0.1041  0.0047  0.0451   4.0  14.8
  15..3      0.149   850.3   328.7  0.1041  0.0146  0.1405  12.4  46.2
  15..2      0.403   850.3   328.7  0.1041  0.0395  0.3794  33.6 124.7
  12..5      0.924   850.3   328.7  0.1041  0.0906  0.8703  77.1 286.1
  11..6      0.780   850.3   328.7  0.1041  0.0765  0.7342  65.0 241.4
  10..16     0.056   850.3   328.7  0.1041  0.0055  0.0526   4.7  17.3
  16..17     0.067   850.3   328.7  0.1041  0.0066  0.0632   5.6  20.8
  17..7      0.647   850.3   328.7  0.1041  0.0634  0.6090  53.9 200.2
  17..8      0.791   850.3   328.7  0.1041  0.0776  0.7447  65.9 244.8
  16..9      0.622   850.3   328.7  0.1041  0.0610  0.5859  51.9 192.6

tree length for dN:       0.5416
tree length for dS:       5.2002


Time used:  0:10
