      9   1179

Scer                            ATT ATG TAC CGT TGT CCA TCT GAA GAG GCC TCT AAT CAC TAT CGT ATC AAG GAA GGT GTT TTC CTA CGT CGT CGT GCT ACT GGT GAA ATT CTG GCA ATC ATT GCT TCT GGC GCT AAA AGT AAA GTC CAA TCT AAT CCA GAT GAA GGA GAA GGC GTC GTG TAC TCA CTA AGT AAT AGA GAG GCA CCT CAG GAA GAG ATT CCA GAT GCA ACA CCA GAA AAG GAT AAT CTG GAT TAC CAG AGA GCT CTC GTG GAT CTA TCT ATG GAT CCC CAA CAG CAC AAT AAA TGG AAC ATT ATT AAG ATT GAA TTC AGA GGT GTG ATG GCA ATT GAA GAA ATG ACT GAT TTA TAT TAT GCG TTA TAC GGT CCG GAA GTA GGT TTA AGA CCG TTG GCA TTG TTG AGA ACA GGT TGT CCT ATA CCT ACA AAG TTG GAT ATT GAG GGT ATT AGA AAC GAT CTA ACT TTG TGG TCT TAT ACT CCA CAT GCG TAT AAA GCA AAT AGT TGT AGA CAG GTT AAT CCA TTT GGT AAG GAA CAA CAG TGG ACT ATG ACT GCT AAT ATT GAA AGT ATT GTG ATG ATT CCT GCA TTG CAC GAA ATT TGT AGA GAT GCA AGA TCC ACA CAA CCT CAC ACT AAG CCG AAT ATG GAT TCC GGT CTA GCT TTT GTG TTA CCA TCT ATT ATT GAA ATT ATT TCT GTA ATT CTA AGA TCC ATA CGT TTG CCT CAT GCT TTA TCT GGT GCT GGT TCA AAA ACG TAT ACA TTC AGT GAC TTC CAT GAT AAG TTT GGT CAG ACT GAA CCA CCA ATT GTT TTC TAT GAA GCT GCC GGT GCA ATG CCA GGA TAT TTG CAA GCC CAA CAA ATT TCC AAG CAA ACT AAG TTG GCC ATT AAA ACT CTA ATT CCT AGT ACT GAC TGT TAC GCC GCT GTT ACC ATG AAT TTA TGG GCC AGT GAC GAA CCA AAT AAG ATT GTC GTC ATC GAA GCC TAT TAT GCT TTC GAA CGT GTC GTC TTG ACA TGT CGT GCA ATT GCA ATT GAG GCC ATT CAT ATT ATT TAC GCC TAT AAA AGA ATT AGA GAA AAC TAT TCT GAC TTG TAT CAT CGT TAT ATG GGT ATT ACT TAT ACT GTC CAT TGT CAT GAG GAC TTG GGT CGT GGT GAA TTC GGC TCC AAG GAA TTG TTC TAC CCA TAT ATG AGA CGT GAA TTG CGT ATT GGT 
Sbay                            ATT ATG TAC CGT TGT CCT TCC GAA GAA GCC TCG AAT ATA TTT CGT ATC AAA CAA GGG GTG TTC TTA CGT CGT CGT GGT ACC GGT GAA ATC CTA GCG ATC TTG GCT CGC GGC GCT AAA AGT GAA GTG AGT TCG AAT CCA GAT GAA GGC GAA GGT CTA GCA TAC TCT TTT AGT AAC CAA GAA GTC CCC CAG GAG GAG ATT CCA GAC GTC ACG CCT GAG AAA GAT AAT CTG GAT TAC CAG AGA AAG TTA AAA GAC TTT AAT ATG GAT CCT CAA CAA GAC AAC AAA TGG AAT ATC ATT AAA ATC GAA TTT AGA GGT AAA ATG GAT ATT CAT GAA ATG ACT GAT TTG TAT TAC GGT TTA TAC GGT CCA CAT GAA GGT TTA CGT CCA TTG GCA CTA TTG AGG TCA GGT TCA CCC ATG CCC AGT AAG ATA GAT ATT AAC GGT ATC GAT TTT GAT TTA GTT TTG TGG CGC TAT ACC CCA CAC GGT TAT GGT GCT AAC AGC TGT AGA CAA GTG TCA CCA ATG GGA AAA GAA GAA CAG TGG ACG GCA GTT AAG AAT GTC GAG AGT ATT GTC ATG TTG CCT GCA TTG GAC CAT ATC TGT TCA GAC GCT AGA TCT TAC GAA CCC GAC ACC AAG CCA AAT ATG GAT TCC GGC ATG GCT AAA GCA CTG CCA AAT ATT ATC GAG GTC ATT TCA GTA ATT TTA CAA TCC CAA TCA TTG CCC CAC GCA CTT GCC GGT GCC GGG TCT TGT ACG TAC ATT TTC AGC TTA TTC CAC GAT AAG TTC GGT CAA ACC TTA CCA CCA TCA ATG CAC ACT GAG GCT GCA GGT GCT ATG CCT GGG TAC CTA CAG TAC GAA AGT TCA TCC AAA CAA CAA AAG ATG TAC ATC AAG CAA TTG TGT CCC AGT ACC GAC TGT TAT GCC GCC GTG ACA ATG CCT ATG TTC GCT AGT ATG GAA CCA TTC AAG TCA GTG GTC CTA GAA TAC TTT GTC GGT TTC GAG CGT CTA CTA ATG TAC TGT GTC GCG ATC GCT TCA GAG GCT ATC ATA ATT ATC TAC GCC TAC GGT AGA ATC AGG GAT AAT TAT TCT ATG CTA ACT CAC AGA GTC ATG GGT ATC CAA TAC ACT GTC TAT TGT CAC GAG TTA TTG GGT TCA GGT GAA TTC GGT TCC AAG GAA CTA TTT TAT CCT TAT ATG CAA AAA CAA CTA GCA TCA GGT 
Smik                            ATT ATG TAC CGT TGT CCA TCG GAG GAG GCG TCC AAT CAC TAC CGT ATC AAA GAA GGT GTT TTC CTA CGT CGT CGT GCT AGT GGC GAA ATT CTG GCA ATC ATT GCT TCC GGG GCA AAA AGT AAA GTC CAA TCG AAT CCA GAT GAG GGT GAA GGC GTC GTG TAC TCA CTG AGT AAC AGA GAA GCA CCA CAG GAA GAG ATT CCA GAC GCA ACG CCA GAA AAG GAT AAT CTA GAT TAT CAG AGA GCT CTT GTC GAT CTG TCC ATG GAT CCT CAA CAG CAC AAT AAA TGG AAT ATC ATT AAA ATC GAA TTT AGA GGT GTC ATG GCA ATT GAA GAA ATG ACT GAT CTA TAT TAC GCT TTG TAT GGT CCA GAA GTG GGT TTG AGA CCA CTA GCA TTA CTA AGA ACT GGT TGT CCT ATT CCT ACA AAG TTA GAT ATT GAA GGT ATT AGA AAC GAT CTG ACT TTA TGG TCC TAT ACT CCA CAT GCT TAT AAA GCG AAC AGC TGT AGA CAG GTT AAT CCA TTC GGT AAA GAA CAA CAG TGG ACT ATG ACT GCT AAT ATT GAG AGT ATT GTT ATG ATT CCT GCA TTA CAC GAA ATT TGT AGA GAT GCG AGA TCA ACT CAA CCT CAC AGT AAG CCA AAT ATG GAT TCT GGC CTA GCT TTT GTG TTG CCA TCC ATT ATT GAA ATT ATT TCC GTA ATT CTA AGA TCC ATA CGT CTA CCT CAT GCC TTA TCT GGT GCA GGA TCA AAG ACA TAT ACA TTC AGC GAT TTC CAT GAT AAG TTT GGT CAG ACT GAA CCA CCA ATT GTG TAC TAT GAA GCA GCC GGT GCG ATG CCA GGA TAT CTG CAA GCC CAA CAA ATT TCT AAA CAA ACT AAG TTG GCC ATC AAG ACT CTA ATT CCT AGT ACC GAT TGT TAC GCC GCT GTT ACC ATG AAT TTA TGG GCG AGT GAC GAA CCA AAT AAG ATT GTC GTC ATC GAA GCC TAC TAT GCT TTC GAA CGT GTC GTC TTG ACT TGT CGT GCA ATT GCT ATT GAA GCG ATT CAT ATC ATT TAT GCC TAT AAA AGA ATC AGG GAA AAC TAT TCT GAC TTG TAT CAT CGT TAT ATG GGT ATT ACT TAC ACT GTC CAT TGT CAT GAA GAT CTA GGT CGT GGT GAA TTC GGC TCC AAG GAA TTG TTT TAC CCA TAT ATG AGA CGT GAA TTA CGT ATT GGC 
Spar                            ATT ATG TAT CGT TGT CCA TCT GAA GAG GCC TCT AAT CAC TAT CGT ATC AAA GAA GGT GTT TTC CTA CGT CGT CGT GCT ACT GGG GAA ATT CTG GCA ATC ATT GCT TCT GGC GCT AAA AGT AAA GTG CAA TCG AAT CCA GAT GAA GGT GAA GGT GTC GTG TAT TCA CTG AGT AAT AGA GAG GCA CCA CAG GAA GAG ATT CCA GAC GCA ACG CCA GAA AAA GAT AAT CTG GAT TAC CAG AGA GCT CTT GTG GAT CTG TCC ATG GAT CCT CAA CAG CAC AAT AAA TGG AAC ATT ATT AAA ATT GAA TTC AGA GGT GTG ATG GCA ATT GAA GAA ATG ACT GAT TTA TAT TAT GCA TTA TAC GGC CCA GAA GTA GGG TTA AGA CCA TTG GCA TTA TTG AGA ACG GGT TGT CCT ATC CCT ACA AAG TTG GAT ATT GAA GGT ATT AGA AAT GAT CTA ACT TTG TGG TCT TAT ACT CCA CAT GCA TAT AAA GCA AAT AGT TGT AGA CAG GTT AAC CCA TTT GGT AAA GAA CAA CAG TGG ACT ATG ACT GCT AAT ATT GAA AGT ATT GTT ATG ATT CCT GCA TTG CAC GAA ATT TGT AGG GAT GCA AGA TCG ACA CAA CCT CAC ACT AAG CCA AAT ATG GAT TCC GGT CTA GCT TTT GTG TTA CCG TCC ATC ATT GAA ATT ATT TCT GTA ATT CTA AGA TCC ATA CGT TTG CCT CAT GCC TTA TCT GGG GCC GGT TCA AAG ACA TAT ACA TTC AGT GAC TTC CAT GAT AAG TTT GGT CAG ACT GAA CCA CCA ATT GTT TAC TAC GAA GCT GCC GGT GCA ATG CCA GGT TAT TTG CAA GCC CAA CAA ATT TCC AAA CAA ACT AAG TTG GCC ATT AAG ACT CTA ATT CCT AGT ACC GAT TGC TAC GCC GCT GTT ACC ATG AAT TTA TGG GCC AGT GAC GAA CCA AAT AAG ATT GTG GTC ATC GAA GCC TAT TAT GCT TTC GAA CGT GTC GTC TTG ACA TGT CGT GCA ATT GCA ATT GAG GCC ATT CAT ATT ATT TAC GCC TAT AAA AGA ATT AGG GAA AAC TAT TCT GAC TTG TAC CAT CGT TAT ATG GGT ATT ACT TAT ACT GTC CAT TGC CAT GAG GAC TTG GGG CGT GGT GAA TTT GGT TCC AAG GAA TTG TTC TAC CCA TAT ATG AGA CGT GAA TTA CGT ATT GGG 
Ncas                            ATA ATG TAC CGT TGT CCA TCT GAA GAG TCC GCT AAT ATT TTC CGT ATC AAA CAG GGG GTC TTC CTT CGT CGT CGT GGT CAC GGA GAA ATT TTA GCT ATC CTA GCC CGC GGC GCA AAG AGT GAA GTT AAC TCC AAT CCT GAT GAA GGG GAA GGT TTA GCG TAC TCA TTT GCT AAC CAA GAA GTT CCT CAG GAA GAG ATA CCA GAT GTT ACT CCA GAA AAA GAT AAC CTT GAC TAT CAG AGA ACG TTG AAG GAT TTT AAT ATG GAT CCA CAA CAA GAA AAC AAG TGG AAT ATC ATT AAG ATC GAA TTT AGA GGT AAG ATG GAC ATA CAT GAA ATG ACT GAT TTA TTT TAT GGT CTA TAT GGT CCA CAT GAA GGT CTA CGT CCA CTA GCC CTA CTA AGG GCC GGG TCT CCA ATG CCG AAT AAG ATT GAT ATT GAC GGG ATT GAT TTC GAT CTA GTT CTA TGG CGC TTT ACC CCA CAT GGT TAT GGC GCA AAC CCT TGT AGA CAA GTC TCT CCT AGC GGT AAA GAA GAA CAG TGG ACA ATG GTT ACG AAT GTT GAA AGT ATT GTT ATG CTA CCT GCC CTA GAA CAT ATT TGT GCC AAT GCA AGA TCT TAC GAG CCG GAA CAC AAG CCA AAC ATG GAT TCT GGT ATG GCC AAG GCG TTA CCA AAT TTT ATT GAA GTT ATA TCT GTG ATA CTT CAA TCC AGA TCT CTA CCA CAT GCA TTG GCC GGT GCT GGC TCA TGT ACG TAT ATT TTC CCT TTG TTC CAT GAT AAG TTT GGG CAA ACC CTA CCT CCT TCT ATG TAT ATA GAA GCA GCA GGT GCA ATG CCA GGA TAT TTG CAA TTC GAA AAC TCT TCT AAG CAA CAA GAA ATG TTC ATC AAG CAA CTA TGC CCG AGT ACT GAT TGT TAT GCC GCT GTT ACT ATG CCT ATG TTT GCA AGT ATG GAA CCT TTT GAA TCT GTT GTT CTG GAA TTC TTC GTT GGT TTC GAA CGT TTA TTA ATG TAC TGT GTT GCT ATA GCA TCT GAT GCA ATA ATA ATT ATT TAT GCC TAT GGC AGA ATC AGG GAG AAT TAT AAT ATG TTA ATA CAT AGA GTT ATG GGG ATA CAA TAT ACT GTT TAT TGT CAT AAA TTG CTA GGT TCT GGG GAA TTC GGT TCC AAG GAA TTA TTT TAT CCA TAT ATG CAA AAA CAA CTA GCC TCT GGA 
Cgla                            GTT ATG TAC CGT TGT CCA TCT GAA GAA TCA TCA AAT ATT TTC CGT ATC AAG CAA GGT GTT TTC TTG CGT CGT CGT GGT TTG GGT GAA ATC TTA GCA ATC TTG GCA AAG GGC GCG AAA ACC GAA GTC AAT TCC AAT CCA GAT GAA AGC GAA GGT CTA GCT TAC TCG TTT GCC AAC CAA GAA GTT CCA CAG GAA GAC GTT CCT GAC GTT ACC CCA GAA AAG GAT AAT TTG GAT TAT CAG AGA GAA TTA AAA GAC TTT AAT ATG GAT CCC CAG CAG CAC AAC AAG TGG AAC ATT GTT AAG ATT GAA TTC AGA GGT AAA ATG GAT GTT CAC GAA ATG ACT GAT CTG CAC TAC GGT TTG TAT GGT CCA CAC GAA GGT TTG CGT CCA TTG GCT CTG TTG CGG GAC GGT TCT CCA ATG CCT AAC AAG ATT GAT ATT GAC GGT ATT GAT TTT GAT TTG GTT CTC TGG AAG CAC ACT CCT CAC GGT TAC GGT GCA AAT CAG TGT AGA CAG GTT TCT CCA ATT GGT AAG GAA GAA CAG TGG ACA ATG GTT GAA AAT GTC GAG AGT GTT GTG ATG TTG CCA GCT CTC CAC CAC ATC TGT ACA TCT GCA AGA TCC TAC GAG CCT CAC TTG AAA CCA AAT ATG GAT TCA GGT ATG GCA AAA GCT CTA CCA AAT TTC ATT GAG GTC GTT TCA GTT GTT TTG CAA TCC AGA TCT TTG CCA CAC GCT CTA GCC GGT GCC GGA TCG TGT ACC TAT ATT TTC CAG TTA TTC CAC GAT AAG TTC GGT CAG ACT TTA CCC CCA GAT ATG TAT ATA GAA GCG GCG GGT GCA ATG CCA GGT TAT TTG CAA TAT GAA AAT GAT TCA AAG CAG CAA CCT ATG TAT ATT AAG CAA TTG TGT CCT ACC ACA GAT TGT TAT GCC GCC TGT ACA ATG CCT ATG TTT GCG ACC ATG GAA CCA TTT CCT GAT GTC GTG CTT GAA TAT TTC GTA GGT TTC GAA CGT CTA CTA ATG TAC TGT GTA GCA ATA GCA GAT GAG GCG ATT ATT ATT ATT TAT GCC TAT GGT AGA ATT AGA GAG AGT TAC CAG ATG TTA ATA CAC AGA GTA ATG GGT ATA CAA TAT ACT GTG TAC TGT CAC GAA TTA TTG GGT TCT GGA GAG TTT GGT TCC AAG GAA TTA TTC TAT CCA TAC ATG CAA CAA CAC CTG GCA GAT GGT 
Agos                            GTT ATG TAC CGC TGT CCA TCG GAA GAA TCC TCT AAT ATC TTC CGC ATC AAG CAG GGC GTG TTC TTG CGC CGC CGC GGT TTT GGC GAA ATT CTG GCT ATC CTA GCG AGA GGC GCT AAA AGC GAG ATC AAT TCC AAC CCC GAC GAA GGC GAG GGT TTG GCA TAC TCC TTT TGT AAT CAG GAA GTT CCT GAG GAG GAG GTT CCG GAT GTT ACG CCA GAG AAG GAC AAC CTG GAT TAC GAG AGA ACA CTA AAA GAC TTT AAT ATG GAC CCC CAG GTC GAG AAC AAA TGG AAC ATC ATT AAG ATC GAG TTC CGC GGA AAA ATG GAT GTT CAC GAG GTG ACT GAC TTG CAC CTG GGC TTG TAC GGG CCA CAC GAA GGT TTG CGC CCA CTG GCC TTG CTG CGC GGT GGC TCC CCC ATG CCG AAT AAG GTT GAT ATT CGG GGC ATT GAT TTC GAC TTA GTC CTC TGG AGA CAC ACG CCG CAT GGC TAC GGT GCA AAC CCG TGT CGG GTC GTG TCC CCC ACT GGT AAG GAG GAA GAG TGG ACA ATG GTC ACA AAC GTT GAC AGC ATT GTG GTG CTA CCT GCC CTC GAG CAC ATT TGT ACC GGG GCA CGT TCA TAC GAA CCG GAG TTT AAG CCA AAC ATG GAC TCC GGA ATG GCG AAG GCA TTA CCC AAT TTC GTG GAA GTT GTT TCA GTG GTT TTG CAG TCC AGA TCT CTG CCC CAT GCA TTG GCT GGT GCA GGG TCC TGT ATG TAC ATT TTT CCG TTA TTC CAT GAC AAG TTT GGC GTC ACG CTC CCC CCC AGT ATG CAC ATT GAG GCT GCC GGT GCA ATG CCA GGC TAC TTG CAA TAC GAA AAT AGT TCC AAG CAG CAA AAG ATG TAC ATC AAG CAA CTG TGT CCG AGC ACG GAC TGT TAC GCC GCC TGC ACG ATG CCC ATG TTC GCC AGC ATG GAA CCC TTT AAG AGT ATC GTG CTA GAA TAC TTC GTC GGT TTT GAG CGT TTG TTG ATG TAC TGT GTC GCT GTC GCG AGT AAG GCC ATC ATA CTT ATT TAC GCC TAC GGT CGG ATC CGC GAC AAC TAC GCG ATG CTT ATT CAT AGA GTC ATG GGC GTC CAA TAC ACT GTG TAT TGT CAT GAG TTA CTG GGT TCT GGC GAG TTC GGT TCC AAG GAG CTT TTC TAC CCA TAC ATG CAG CAG CAA TTG GCA AGT GGC 
Klac                            ATT ATG TAT CGT TGT CCG TCA GAA GAG CAA TCA AAT CAT TAT CGT ATT AAG GAA GGG GTC TTC CTT CGT CGT CGT GCC TTT GGT GAA ATC TTG GCT ATT ATT GCT ACT GGC GCG AAA TCA AAA GTT CAA TCA AAT CCA GAT GAA GGA GAG GGT GTT GTT TAT TCA TTA TGT AAC ACA GAA GCT CCT GTT GAG GAC ATT CCA GAC GCT ACC CCG GAG AAG GAT AAT TTA GAC TAT GTT AGA GCT CTT GTC GAT TTA TCT ATG GAT CCA CAA GTT GAA AAT AAA TGG AAC ATT GTG AAG ATT GAA TTT CGT GGT GTC ATG GCT ATT GAA GAG ATG ACC GAC CTC TAC TAT GCC TTG TAT GGT CCT GAA GCT GGT TTG AGA CCT CTC GCG TTA CTC CAA ATT GGT TGC CCA ATT CCT ACC AAA TTG GAT GTT CGT GGT ATT AGA AAT GAC TTG ACT CTT TGG ACT TAC ACA CCA CAC GCC TTC AAG GCT AAT CCG TGT AGA GTT GTC AAT CCA TTC GGT AAG GAG CAA GTT TGG ACT ATG ACT GCT AAT ATC GAG AGT GTG GTG ATG ATT CCT GCG CTT GAA GAA ATC TGT AGG GAT GCT AGA TCA ACG CAA CCT GAA TTT AAG CCT AAT ATG GAT TCA GGA CTA GCT TTC GTT TTA CCA TCT ATC ATT GAA ATC ATT TCC GTT ATT CTT ACA TCA ATT CGT CTC CCA CAC GCA CTA TCC GGT GCG GGA TCA AAG ACA TAT ACA TTC CCG GAT TTC CAC GAT AAA TTC GGT GTT ACA GAA CCT CCA ATT GTA GCT TAC GAG GCG GCG GGT GCT ATG CCG GGT TAT TTG CAA GCC CAA CAA ATT TCA AAG CAA ACG AAG CTG GCC ATT AAG ACG CTA ATT CCT TCA ACA GAC TGT TAT GCT GCC GTA ACT ATG AAT TTG TGG GCA TCA GAT GAA CCA AAT AAG ATT GTT GTA ATT GAA GCC TAT TAC GCC TTC GAA CGT GTT GTT CTG ACG TGT CGT GCT ATA GCA ATT CAG GCA ATA CAC ATT ATT TAT GCT TAC AAG AGA ATT AGG GAG ACC TTC ACA GAT CTA TAC CAC AGA TAC ATG GGT ATA ACG TAT ACC GTA CAC TGT CAC GAA GAT CTC GGT CGT GGT GAA TTT GGT TCA AAA GAA CTA TTT TAT CCG TTC ATG ACA CGC GAA TTA CGT ATT GGT 
Calb                            ATA ATG TAC AGA TGT CCA TCA GAA GAG TCA TCA AAT CAT TAC AGA ATC AAA GAA GGT GTT TTC CTA AGA AGA AGA GCT TAT GGG GAA ATT TTA GCA ATC ATC TCT ACG GGA GCT AAA GAA AAA ATC CAA TCA AAC CCA GAT GAA TCA GAA GGT GTG GTG TAC TCC TTG TCA AAT CAC GAA TCA CCG AGT GAA GAA ATA CCA GAC TCA ACT CCA GAA AAA GAT AAT TTG GAC TAT AGT AGA GCT TTG GTA GAA TTG TCA ATG GAC CCA CAA AGG GCC AAC CAA TGG GGA ATT ATT AAG ATT GAA TTT CGT GGT GTA ATG GCA ATA GAA GAA ATG ACG GAT ATA AAT AAT TCG ATT TAT GGA CCA GAA ACC GGT ATT AGA CCA TTA GCA GTG TTA ATG ACA GGT TGT CCA ATC CCA ACT AAA TTA GAT ATT CGT GGT ATT CGT GAT GAT TTG ACT TTG TGG ACG AAT ACC CCA CAC TCG GGA AAA GCC CAA GAA TGC AGA AGG GTT AAT CCA TAC GGG AAA GAA ACA AGT TGG ACT ATG ACT GCT AAC ATT GAT TCA ATT ATA ATG ATC CCT GCA TTG GCC GAA ATT TGT CGA ACA GCC AGA TCC ACC CAA CCA GCC TAT AAA CCA AAT ATG CAA TCT GGT TTG TCT TTT GTG TTG CCG TCA TTC GTA GAA ATT ATA TCT GTT ATA CTA CAC TCA ATA AGA TTA CCA CAC GCT ATT TCC GGT GCT GGA TCC AAA GTT TAT ACC TTC GAA GAT TTC CAC GAC AAA TTT GGT AGG ACC GAA CCA CCA ATT GTC GAA TAT GAA GCT GCT GGT GCC ATG CCA GGA TAT TTA CAA AGA ACA CAA ATT TCT AAG CAA ACA AAA TTG AGA ATT AAA ACA TTG ATT CCA GAA ACT ATT TGT TAT GCC GCT GTT ACT ATG AAT TTA TGG GCA GAA GAA GAA CCA TCT AAA ATT ATC GTA ATT GAA AGA TAC TAT GCT TTC GAA CGT GTG GTG TTG ACC TGT AGA GCA GAT GCA ATT AAT GCA ATA CAC ATC ATT TAT GCC TAT AAA AGA ATT AGA GAA TCA GGA ACA GAA ATG TAT CAC AGA TAT ATG GGT GAT ACA TAT ACG GTA CAT TGT CAC GAA GAT TTA GGT AGA GGG GAA TTT GGT TCA AAA GAA ATG TTT TAT CCA GGA ATG CAC AGA GAA GTG AAG ATT GGG 



Printing out site pattern counts


         9        717  P

Scer                            AAA AAA AAA AAA AAA AAA AAC AAC AAC AAG AAG AAG AAG AAG AAG AAT AAT AAT AAT AAT AAT AAT AAT AAT ACA ACA ACA ACA ACA ACC ACG ACT ACT ACT ACT ACT ACT ACT AGA AGA AGA AGA AGA AGA AGA AGA AGA AGA AGT AGT AGT AGT ATA ATA ATC ATC ATG ATG ATG ATT ATT ATT ATT ATT ATT ATT ATT ATT ATT ATT ATT ATT ATT ATT CAA CAA CAA CAA CAA CAC CAC CAG CAG CAT CAT CAT CCA CCA CCA CCA CCA CCC CCG CCT CCT CCT CCT CGT CGT CGT CGT CGT CGT CGT CTA CTA CTA CTA CTA CTC CTG CTG GAA GAA GAA GAA GAA GAA GAA GAA GAA GAA GAA GAA GAA GAA GAC GAC GAC GAG GAG GAG GAG GAG GAG GAT GAT GAT GAT GAT GAT GAT GAT GAT GCA GCA GCA GCA GCA GCA GCC GCC GCC GCC GCC GCG GCT GCT GCT GCT GCT GCT GCT GGA GGA GGC GGC GGT GGT GGT GGT GGT GGT GGT GGT GGT GGT GGT GTA GTA GTC GTC GTC GTG GTG GTG GTT GTT GTT TAC TAC TAC TAT TAT TAT TAT TAT TAT TAT TAT TAT TCA TCC TCC TCC TCT TCT TCT TCT TCT TCT TCT TCT TGG TGG TGT TGT TGT TGT TTA TTA TTA TTA TTA TTC TTC TTC TTC TTC TTG TTG TTG TTG TTG TTG TTG TTT TTT TTT 
Sbay                            ... ... ..G G.. GGT TGT ..T ..T TTT ..A ..A ..A ... ... ... ..C ..C ..C ... ... ... CC. TCA TTC ..G .GT .TT TAC T.. ..A ... ..C ..C ..C ..G ... CAA GT. ... ... ... ... ..G ..G CA. C.T GAT TC. ..C ... ... ... ..G CA. ... C.A ... ... GCA ..C ..C ..C ..C ..C ..C ... ... ... ... ... G.C TCA TG. T.G AGT ... ..G G.. G.. ATA G.. ..A ... ATA ..C T.. ... ... ... ... ..T ..T ..A ..C ..C ..C ... AAA A.A ... ... GCA GTC TCA A.G T.. T.. T.G T.T T.A ..A ... C.. C.. C.T ... ... ... ... ... ..G ..G ..G ..G ..T TT. ATG ... TTA A.C ..A ..A ... ... ... ..C ..C ..C ... ... ... ... ... ... .AT ... ..G ..T ..T .TC ..A ... ... ..T TA. .GT AAG ..A ..C ..C ... ... .G. ..C ..G ... ..T ..A ..C ..G ..G ... ... ... ... ... ... ... .A. ... C.A ... ..G AAA .CA ..C A.G ..G ..G ... ... ..T AC. GTC ..C ..C ..C ..C ... ... .T. ..T ... ... ..T AA. CGC G.C ..A ..C ..G ..G ... ... .TC .CA ... ... ... A.G C.G C.T ... ..G CA. ... ... ... ..T A.A A.. C.A C.A C.A ... ... AAA A.G ..C 
Smik                            ... ... ..G ... ... ..G ... ..T ... ..A ..A ... ... ... ... ..C ..C ... ... ... ... ... ... ... ..G ... ... ..T ..T ... ..A ..C ... .G. ... ... ... ... ... ... ... ... ... ..G ... ... ... ... ..C ... ... ... ..T ... ... ... ... ... ... ..C ... ... ... ... ... ..C ... ... ... ... ... ... ... ... ... ... ... ... ... ... ... ... ... ... ... ... ... ... ... ... ... ..T ..A ..A ... ... ... ... ... ... ... ... ... ... ... ... ..G ... ..G ..T ... ..A ... ... ... ... ... ... ... ..G ... ... ... ..G ... ... ... ..T ..T ..A ..A ... ..A ..A ... ..C ... ... ... ... ... ... ... ... ... ... ... ..G ..T ... ... ... ..G ..G ... ..T ... ..C ..A ... ..A ... ... ..T ... ..G ... ... ..C ..A ... ..C ... ... ... ... ... ... ..G ... ... ... ... ..C ... ..T ..G ... ... ... ..T ... ... ... ..C ..C ... ... ... ... ..C ... ... ..T ..A ..C ..C ... ..C ..G ..C ..G ... ... ... ... ... ... ... ... ..G ... ..G C.. .A. ... ... ... ..T ..A ... C.. ..A ... C.A ..A ... ..C ... 
Spar                            ... ... ..G ... ... ..G ... ... ..T ..A ..A ..A ... ... ... ... ... ... ... ... ... ... ..C ... ..G ... ... ... ..G ... ..A ..C ... ... ... ... ... ... ... ... ... ... ... ..G ... ... ... ..G ... ... ... ... ..C ... ... ... ... ... ... ... ... ... ... ... ... ... ..C ... ... ... ... ... ... ... ... ... ... ... ... ... ... ... ... ... ... ... ... ... ... ..G ... ..T ..A ..A ... ... ... ... ... ... ... ... ... ... ... ... ... ... ..G ..T ... ... ... ... ... ... ... ... ... ... ... ... ... ... ... ... ... ..T ... ..A ... ... ... ... ... ..C ... ... ... ... ... ... ... ... ... ... ... ... ... ... ... ... ... ... ... ..A ... ..C ..C ... ... ... ... ..T ..T ... ..T ... ... ... ... ..G ..C ..G ... ... ... ... ... ... ... ... ..G ... ... ..T ... ... ... ..T ... ... ..C ... ... ... ... ... ... ... ... ... ... ... ..G ..C ... ... ... ... ... ..G ... ... ... ... ..C ... ... ... ... ... ... ... .A. ... ... ..T ... ... ... ... ..A ... ... ... ... ... ... 
Ncas                            ..G ..G ..G G.. GGC TGT ..T ..T TT. ..A ... ..A ... ... G.A ..C ..C ..C ..C ... ... CC. TC. TT. ..T .AT .TT TAC G.C ..T ... ... ..C CAC ..A ... CAA GT. ... ... ... ... ..G ..G CA. C.T GAT GCC CC. ... ... GC. ..G .G. ... C.G ... ... ... ..C ..A ..A ... ... ... ... T.. ..A ... ... G.. TC. TGC C.A A.C ... ... G.. G.G ATT G.A ..A ... ATA ... T.. ... ..T ..T ... ... ..A ..A ... ..A ..G ... AAA A.A ... ... GCC GT. TC. A.G ..T ... ... T.T T.G T.A ..T C.. C.G C.T ... ... ... ... ... ... ... ... ... ..G CT. ATG ..T TTG ..C ..A ... A.A ..T ... ... A.. ... ..C ... ... ... ... ... .AC ..C ..T ... ... .TT ..A ... T.. ..A TT. .GT A.G ..A ... ... ..A ..C .G. ..G ... ... ..T ... ... ..C ..G ..A ... ... ..G ..G ... ... .A. ..G T.A ..T ..T AA. .C. ..T A.G ..C ... ... ..T ..T ATA GT. ... ... ... ... ... .T. .TC ... ... ..T ..T AA. CGC G.C ... ... G.. ..C AA. ... .TT .C. ... ... ... A.G ... ..G C.. ... .AT ... ... ... ..T A.T A.. ... C.A ..A C.A C.A AAG AGC ... 
Cgla                            ... ..G ..G G.. GGT TGT .GT ... TTT ... ... ... ..A ... CCT ..C ... ..C ... ... ... CC. TC. TT. ..C .AC .TT TAC GAC ..A ..C ..A ... TTG ..A ... CAA GT. ... ... ... ... C.G ... CA. C.T GAT .C. CAG .CC ... GCC ..G .G. ... C.T ... ... ... ... ..A ... ..C ... ... ... T.C G.. ... G.. G.C GA. TG. T.G A.T ..G ... G.. G.G ATT ... ... ... AT. ..C T.C ..T ... ..C ... ... ... ..A ..A ..A ... ..A .AA A.A ... ... GCA GTA TC. A.G T.G T.G T.G T.T T.A T.A T.. C.C C.. C.C ... ... ... ..G ... ... ... ..G ..G ..G TT. ATG ..T TTA ..C ..A ..A ..A ... ..C ..C TC. ..C ... ... ... ... ... ... .AT ..T ... ... ... .TT ..G ... T.A ..G TAT .GT .AA ... ..C ..C ..G ..A .G. A.C ..T ... ..T ... ... ..A ... ... ... ... ..A ... ... ... .A. ..T C.A ..G ... AAA .CT ... A.G ... TG. ... ..T ..T ATA GTA ..C ... ... ... ..C C.C .TC ..G ... ..A ... AA. AAG G.C ..A ... ..A ..C CAG ... .TT .C. ... ... ... A.G C.. C.. ..G C.G .AT ... ... ..T ... A.T A.. ... C.. ..A ... C.C AAA A.. ..C 
Agos                            ... ... ..G G.G GGT TGT ... ... TT. ... ... ... ... ... ... ... ..C ..C ..C ..C ... CCC TCC TT. ..G .AT .TT TAC GGT ..G .T. ..G ..G TT. ..A ... CAA GTC ... C.C C.G C.T C.C C.C CAG C.C GAT .CC CCG ..C ..C T.. ..G .G. ... C.A ... G.. ... ..C G.C ..C ... ... G.G C.. T.C G.. ... ... G.. .G. TG. C.A A.T ..G ... G.. G.. AT. G.G GTC G.. ATA ... T.. ..G ..C ..C ..C ... ... ..A ... ..C ..G ... .AG A.A ..C ... GCA GTC TC. A.G T.G T.. ..G T.T ..A ... ... C.. C.G C.C ... ..G ..G ..G ... ..G ..G ... ..C ..C CTC ATG ... TTA CG. ..A ..A ... A.. ... ... .GG ..C ... ..C ..C ..C ..C ... .AT ..C ..T ... ..G .TT ... ... T.. ... TA. .GC A.A ..A ..A ..C ... ..G .G. ..C ..C ... ..T ... ..A ..G ..C ..C ..G ... ..C ..C ..A ... .A. ..G T.G ..G A.. AAA .CA ... A.G ..G TGC ... ... ... AT. GTC CTG ..C ..C ..C ..C C.C .TC ..C ... ... ..A AA. AGA G.. ..A ..G ... ..C G.G ... .TC .CC ... ... ... A.G ... ..G ..G ..G CA. ... ..T ... ... G.T A.. ... ... C.T C.. C.C AAG AC. ... 
Klac                            ... ... ..G ... ..G ..G .C. ... ..T ... ... ... ... ..A ... ..C ... ... ... ... ... ... ... ... ..C ..C ... ..G .TT ..T ..A ..A ..A TT. ... ..C ..G ... ... C.T ... ... CA. ..G .C. ... ... ..G CCG TCA ... T.. ..T ..T ..T ..T ... ... ... ... ..A ..A ..C ... ... ... ..C ... G.. G.G ..C ... ... ... ... ... ... ... ... ..T G.A GTT GTT ..C ..C ..C ... ... ..T ... ..G ..A ..T ... ..A ... ... ..C A.A ... ... ... ... ... ... ..T T.G ... T.. ..T T.. T.A ... ... ... ... ... ..G ... ... ... ..G ... ..G ..G ... ..T ... ..T CGT ..A ... ..A C.. ..C ..C ... ... ..C ..C ... ... ... ... ..T ..G ..T ..T ... ..T ..G ..T CAA ..A ... ..C ... ..A ..G ..C ..G ... ..C ... ..T ... ..T ... ..A ..A ..G ... ... ... ... ... ... ... .CT ..T ..T ..A ..T ..C ..T ... ..A ..C ..A ..T ..T ..T ..C ..C ... ... ..C ... .TC ..C ... ... ..A ..A ..A ... A.. ..C ..C ..A ..A ..A A.A ... ... ..C ... ... ... ..G ... C.. ..G C.C GCT ... ... ..T ..T ... C.. ... ..A C.A C.C C.T ..C ..C ..C 
Calb                            ... C.. ... ... ... ... TCA GGA G.T ..A ... ..A ..A ..A ..A ... C.A ..C ... ..C ... ... ... TC. ..T ..T ..C ..C ... ..T GTT ... ..C TA. ... ..G ..A ... ... C.T ... ... .TG ... CAC ... C.T C.. GAA GAA TCA TCA ..C ... ... ..T ... ... ... ... GA. ..A ... ... G.A ..C T.C ..A ... ... ... ... ... ..C ... ... ... AC. ... ..T GC. AG. AGT ..C ..C ... ... ... ... ..G ... ..A ..A ..G ..A ..A ... A.A A.A A.A ... AAG A.A A.A T.G ... T.G T.G T.G T.G T.A T.. ... ... ... ... ... ... ... ... ... ... ... ..T ... ... ..A ATT ..T CGT ..A ... ..A A.T ..A ..C ACA ..A ..C ... C.A ..C ... ... ... ... ... ..C ... T.. ..T ... T.A ..A AGA T.. ... ... ... ... ... T.. ... TC. ... ..A ..T ..G ... ..A ... ..G ..A ... ..G ... ... ... ACC ..T ..G ..A A.. ..A ... A.A ..C ... ... ... ..T ..T ... ... A.. ... ... ... GGA A.. ..C ..C ..A ..T ... ..A A.G ..C ... ..A ..A ..A A.A ... ... ... ... ..C ... ... ..G A.T A.T A.. GAA ... ... ..T ..T ..A ... ..A G.. A.. ..A ... ... .AC ... 

    1    1    1    1    2    1    1    1    1    2    2    1    1    3    2
    1    1    1    2    2    1    1    1    1    1    1    1    2    1    1
    1    1    2    2    1    2    3    2    1    1    2    1    1    1    3
    1    1    1    2    3    1    1    1    1    2    1    8    2    1    4
    2    1    2    2    1    1    1    5    1    2    2    5    1    2    2
    2    1    2    1    1    3    3    3    1    5    1    2    4    1    1
    4    1    3    1    2    3    1    1    1    5    1    1    1    2    1
    2    1    1    2    1    1    1    1    1    3    3    2    3    1    2
    1    3    1    1    1    1    2    1    2    1    1    1    1    1    1
    1    1    1    1    2    1    2    2    1    1    2    2    3    1    2
    1    2    1    2    3    2    2    1    1    1    2    2    2    1    1
    1    2    1    1    1    1    2    1    3    1    4    1    1    1    1
    3    2    2    2    2    1    1    2    1    2    3    2    2    2    1
    1    1    2    3    2    2    2    2    2    1    2    2    1    1    1
    1    1    1    3    1    1    2    1    3    1    1    1    2    1    1
    2    2    1    2    1    2    1    2    2    4    2    1    1    1

CODONML (in paml version 4.9j, February 2020)  temp.nuc
Model: One dN/dS ratio, 
Codon frequency model: Fequal
ns =   9  ls = 393

Codon usage in sequences
--------------------------------------------------------------------------------------------------------------------------------------
Phe TTT   3   7   4   4  10   6 | Ser TCT  10   4   4   7  14   6 | Tyr TAT  16   8  15  16  15  13 | Cys TGT   7   8   7   5   7   9
    TTC   8   8   6   6  11  10 |     TCC   5   5   8   6   4   4 |     TAC   7  15   9   8   4   9 |     TGC   0   0   0   2   1   0
Leu TTA   6   9   7   8   8   7 |     TCA   2  12   3   2   2   5 | *** TAA   0   0   0   0   0   0 | *** TGA   0   0   0   0   0   0
    TTG  14  10   7  12   5  16 |     TCG   0   2   2   2   0   2 |     TAG   0   0   0   0   0   0 | Trp TGG   4   3   4   4   3   3
--------------------------------------------------------------------------------------------------------------------------------------
Leu CTT   0   1   1   1   3   1 | Pro CCT   7   7   7   7  10   8 | His CAT   7   3   7   7   8   0 | Arg CGT  12   7  12  12   7   7
    CTC   1   0   0   0   0   2 |     CCC   1   6   0   0   0   2 |     CAC   4   6   4   4   2  14 |     CGC   0   2   0   0   2   0
    CTA   7  10  10   5  15   5 |     CCA  12  11  16  15  13  16 | Gln CAA   8  14   8   8  13   9 |     CGA   0   0   0   0   0   0
    CTG   2   2   5   4   1   3 |     CCG   3   0   0   1   3   0 |     CAG   6   4   6   6   4  11 |     CGG   0   0   0   0   0   1
--------------------------------------------------------------------------------------------------------------------------------------
Ile ATT  32  11  28  31  12  15 | Thr ACT  13   4  13  12   5   4 | Asn AAT  11   9  10  11  10  10 | Ser AGT   7   8   7   7   4   2
    ATC   3  14   8   5   6   4 |     ACC   1   5   2   2   2   5 |     AAC   3   4   4   3   7   4 |     AGC   0   2   2   0   1   1
    ATA   2   3   1   1  11   4 |     ACA   6   1   3   5   1   4 | Lys AAA   7  11   9  10   5   5 | Arg AGA  13   6  12  11   7   8
Met ATG  11  19  11  11  19  19 |     ACG   1   3   1   2   3   0 |     AAG  11   9   9   8  12  12 |     AGG   0   2   1   2   2   0
--------------------------------------------------------------------------------------------------------------------------------------
Val GTT   4   2   4   5  15  14 | Ala GCT  11  10  10   9   6   5 | Asp GAT  12  12  14  12  13  17 | Gly GGT  17  21  14  15  14  24
    GTC   7  10   9   5   2   4 |     GCC   9   6   7  11  10   6 |     GAC   5   7   3   5   3   5 |     GGC   3   3   5   2   4   1
    GTA   2   1   1   2   0   3 |     GCA  11   8  10  13  10   9 | Glu GAA  24  18  25  25  27  23 |     GGA   2   1   2   0   3   2
    GTG   5   5   4   6   1   3 |     GCG   2   2   6   0   2   5 |     GAG   6   9   5   5   4   6 |     GGG   0   3   1   5   7   0
--------------------------------------------------------------------------------------------------------------------------------------

--------------------------------------------------------------------------------------
Phe TTT   8   5   5 | Ser TCT   3   2   6 | Tyr TAT   1  13  15 | Cys TGT   9   7   6
    TTC  10  10   5 |     TCC  10   2   4 |     TAC  19   7   5 |     TGC   1   1   1
Leu TTA   4   6   8 |     TCA   2  13  14 | *** TAA   0   0   0 | *** TGA   0   0   0
    TTG  12   7  12 |     TCG   1   0   2 |     TAG   0   0   0 | Trp TGG   3   4   4
--------------------------------------------------------------------------------------
Leu CTT   3   5   0 | Pro CCT   2   9   1 | His CAT   5   1   2 | Arg CGT   2  12   4
    CTC   3   5   0 |     CCC  10   0   0 |     CAC   6   7   9 |     CGC   9   1   0
    CTA   4   5   2 |     CCA   7  10  20 | Gln CAA   5  10   9 |     CGA   0   0   1
    CTG   8   2   0 |     CCG   7   6   2 |     CAG   7   1   0 |     CGG   3   0   0
--------------------------------------------------------------------------------------
Ile ATT  10  27  24 | Thr ACT   3   6   7 | Asn AAT   7  11  10 | Ser AGT   5   1   3
    ATC  10   5   8 |     ACC   1   5   6 |     AAC   8   2   3 |     AGC   4   0   0
    ATA   1   3   9 |     ACA   3   9   8 | Lys AAA   4   6  15 | Arg AGA   5   7  19
Met ATG  18  11  14 |     ACG   5   5   4 |     AAG  14  12   3 |     AGG   0   2   3
--------------------------------------------------------------------------------------
Val GTT  10  15   5 | Ala GCT   5  16  10 | Asp GAT   5  12  11 | Gly GGT  12  17  13
    GTC  10   4   1 |     GCC   8   8   8 |     GAC  11   6   4 |     GGC  13   1   0
    GTA   0   4   5 |     GCA   8   4   8 | Glu GAA  12  21  35 |     GGA   2   3   8
    GTG   9   3   7 |     GCG   4   6   0 |     GAG  19   9   1 |     GGG   3   1   4
--------------------------------------------------------------------------------------

Codon position x base (3x4) table for each sequence.

#1: Scer           
position  1:    T:0.20865    C:0.17812    A:0.30789    G:0.30534
position  2:    T:0.27226    C:0.23919    A:0.32316    G:0.16539
position  3:    T:0.43003    C:0.14504    A:0.25954    G:0.16539
Average         T:0.30365    C:0.18745    A:0.29686    G:0.21204

#2: Sbay           
position  1:    T:0.23155    C:0.18575    A:0.28244    G:0.30025
position  2:    T:0.28499    C:0.21883    A:0.32824    G:0.16794
position  3:    T:0.31043    C:0.23664    A:0.26718    G:0.18575
Average         T:0.27566    C:0.21374    A:0.29262    G:0.21798

#3: Smik           
position  1:    T:0.19338    C:0.19338    A:0.30789    G:0.30534
position  2:    T:0.26972    C:0.23410    A:0.32570    G:0.17048
position  3:    T:0.39949    C:0.17048    A:0.27226    G:0.15776
Average         T:0.28753    C:0.19932    A:0.30195    G:0.21120

#4: Spar           
position  1:    T:0.20865    C:0.17812    A:0.30789    G:0.30534
position  2:    T:0.26972    C:0.23919    A:0.32570    G:0.16539
position  3:    T:0.40967    C:0.15013    A:0.26718    G:0.17303
Average         T:0.29601    C:0.18914    A:0.30025    G:0.21459

#5: Ncas           
position  1:    T:0.21374    C:0.20611    A:0.27226    G:0.30789
position  2:    T:0.30280    C:0.21628    A:0.32316    G:0.15776
position  3:    T:0.38931    C:0.15013    A:0.29262    G:0.16794
Average         T:0.30195    C:0.19084    A:0.29601    G:0.21120

#6: Cgla           
position  1:    T:0.22901    C:0.20102    A:0.24682    G:0.32316
position  2:    T:0.29517    C:0.20611    A:0.35115    G:0.14758
position  3:    T:0.35878    C:0.18066    A:0.25445    G:0.20611
Average         T:0.29432    C:0.19593    A:0.28414    G:0.22561

#7: Agos           
position  1:    T:0.21120    C:0.20611    A:0.24936    G:0.33333
position  2:    T:0.30534    C:0.20102    A:0.31298    G:0.18066
position  3:    T:0.22901    C:0.33842    A:0.14504    G:0.28753
Average         T:0.24852    C:0.24852    A:0.23579    G:0.26718

#8: Klac           
position  1:    T:0.19593    C:0.18830    A:0.28499    G:0.33079
position  2:    T:0.29771    C:0.25700    A:0.30025    G:0.14504
position  3:    T:0.40458    C:0.16285    A:0.25700    G:0.17557
Average         T:0.29941    C:0.20271    A:0.28075    G:0.21713

#9: Calb           
position  1:    T:0.22137    C:0.12723    A:0.34606    G:0.30534
position  2:    T:0.26718    C:0.25445    A:0.31043    G:0.16794
position  3:    T:0.31043    C:0.13740    A:0.40967    G:0.14249
Average         T:0.26633    C:0.17303    A:0.35539    G:0.20526

Sums of codon usage counts
------------------------------------------------------------------------------
Phe F TTT      52 | Ser S TCT      56 | Tyr Y TAT     112 | Cys C TGT      65
      TTC      74 |       TCC      48 |       TAC      83 |       TGC       6
Leu L TTA      63 |       TCA      55 | *** * TAA       0 | *** * TGA       0
      TTG      95 |       TCG      11 |       TAG       0 | Trp W TGG      32
------------------------------------------------------------------------------
Leu L CTT      15 | Pro P CCT      58 | His H CAT      40 | Arg R CGT      75
      CTC      11 |       CCC      19 |       CAC      56 |       CGC      14
      CTA      63 |       CCA     120 | Gln Q CAA      84 |       CGA       1
      CTG      27 |       CCG      22 |       CAG      45 |       CGG       4
------------------------------------------------------------------------------
Ile I ATT     190 | Thr T ACT      67 | Asn N AAT      89 | Ser S AGT      44
      ATC      63 |       ACC      29 |       AAC      38 |       AGC      10
      ATA      35 |       ACA      40 | Lys K AAA      72 | Arg R AGA      88
Met M ATG     133 |       ACG      24 |       AAG      90 |       AGG      12
------------------------------------------------------------------------------
Val V GTT      74 | Ala A GCT      82 | Asp D GAT     108 | Gly G GGT     147
      GTC      52 |       GCC      73 |       GAC      49 |       GGC      32
      GTA      18 |       GCA      81 | Glu E GAA     210 |       GGA      23
      GTG      43 |       GCG      27 |       GAG      64 |       GGG      24
------------------------------------------------------------------------------


Codon position x base (3x4) table, overall

position  1:    T:0.21261    C:0.18490    A:0.28951    G:0.31298
position  2:    T:0.28499    C:0.22957    A:0.32231    G:0.16313
position  3:    T:0.36019    C:0.18575    A:0.26944    G:0.18462
Average         T:0.28593    C:0.20008    A:0.29375    G:0.22024

Codon frequencies under model, for use in evolver (TTT TTC TTA TTG ... GGG):
  0.01639344  0.01639344  0.01639344  0.01639344
  0.01639344  0.01639344  0.01639344  0.01639344
  0.01639344  0.01639344  0.00000000  0.00000000
  0.01639344  0.01639344  0.00000000  0.01639344
  0.01639344  0.01639344  0.01639344  0.01639344
  0.01639344  0.01639344  0.01639344  0.01639344
  0.01639344  0.01639344  0.01639344  0.01639344
  0.01639344  0.01639344  0.01639344  0.01639344
  0.01639344  0.01639344  0.01639344  0.01639344
  0.01639344  0.01639344  0.01639344  0.01639344
  0.01639344  0.01639344  0.01639344  0.01639344
  0.01639344  0.01639344  0.01639344  0.01639344
  0.01639344  0.01639344  0.01639344  0.01639344
  0.01639344  0.01639344  0.01639344  0.01639344
  0.01639344  0.01639344  0.01639344  0.01639344
  0.01639344  0.01639344  0.01639344  0.01639344


TREE #  1:  (((((1, 4), (3, 2)), 5), 6), ((7, 8), 9));   MP score: 1323
This is a rooted tree.  Please check!
lnL(ntime: 16  np: 18):  -7941.009289      +0.000000
  10..11   11..12   12..13   13..14   14..1    14..4    13..15   15..3    15..2    12..5    11..6    10..16   16..17   17..7    17..8    16..9  
 0.153177 0.000004 2.541695 0.037554 0.107542 0.076123 0.000004 0.224956 2.768133 0.613137 0.739222 0.089795 0.048820 0.751415 2.907270 4.252921 1.184742 0.069655

Note: Branch length is defined as number of nucleotide substitutions per codon (not per neucleotide site).

tree length = 15.311768

(((((1: 0.107542, 4: 0.076123): 0.037554, (3: 0.224956, 2: 2.768133): 0.000004): 2.541695, 5: 0.613137): 0.000004, 6: 0.739222): 0.153177, ((7: 0.751415, 8: 2.907270): 0.048820, 9: 4.252921): 0.089795);

(((((Scer: 0.107542, Spar: 0.076123): 0.037554, (Smik: 0.224956, Sbay: 2.768133): 0.000004): 2.541695, Ncas: 0.613137): 0.000004, Cgla: 0.739222): 0.153177, ((Agos: 0.751415, Klac: 2.907270): 0.048820, Calb: 4.252921): 0.089795);

Detailed output identifying parameters

kappa (ts/tv) =  1.18474

omega (dN/dS) =  0.06966

dN & dS for each branch

 branch          t       N       S   dN/dS      dN      dS  N*dN  S*dS

  10..11     0.153   872.2   306.8  0.0697  0.0114  0.1638   9.9  50.3
  11..12     0.000   872.2   306.8  0.0697  0.0000  0.0000   0.0   0.0
  12..13     2.542   872.2   306.8  0.0697  0.1893  2.7174 165.1 833.8
  13..14     0.038   872.2   306.8  0.0697  0.0028  0.0401   2.4  12.3
  14..1      0.108   872.2   306.8  0.0697  0.0080  0.1150   7.0  35.3
  14..4      0.076   872.2   306.8  0.0697  0.0057  0.0814   4.9  25.0
  13..15     0.000   872.2   306.8  0.0697  0.0000  0.0000   0.0   0.0
  15..3      0.225   872.2   306.8  0.0697  0.0168  0.2405  14.6  73.8
  15..2      2.768   872.2   306.8  0.0697  0.2061  2.9594 179.8 908.1
  12..5      0.613   872.2   306.8  0.0697  0.0457  0.6555  39.8 201.1
  11..6      0.739   872.2   306.8  0.0697  0.0550  0.7903  48.0 242.5
  10..16     0.090   872.2   306.8  0.0697  0.0067  0.0960   5.8  29.5
  16..17     0.049   872.2   306.8  0.0697  0.0036  0.0522   3.2  16.0
  17..7      0.751   872.2   306.8  0.0697  0.0560  0.8033  48.8 246.5
  17..8      2.907   872.2   306.8  0.0697  0.2165  3.1082 188.8 953.7
  16..9      4.253   872.2   306.8  0.0697  0.3167  4.5469 276.2 1395.2

tree length for dN:       1.1403
tree length for dS:      16.3700


Time used:  0:10
