      9    906

Scer                            TAC ATC AGA AAG TCC AGG AAA GTC AAG AAA TCC AAT TCT GAA CAG GGT AAA GAC AAT AAG TAC GAA AAG AAG GAT GGT GTC AAG GAT AAG GAT GAT GAA ACA GTG GAA AAT AAC GGT AAC GAA GAT GAA AAC CAG CCT GTA TTA CCA GAA CAA CAG AAG AAT CAG GCA TCT AAG TAC GCA AGG AAT CGT CGT AAA AAA TAC AAC ATA AAT CAA AAG GAA TAT AGG GAT AAA AAA AAG GCA GCT AAC TAT ACG GAT ATA AAT CAG CGG CAC TCC GGG TTC AAG TAT CCA GGA GAA TCC GCC TTT GAT AGG AGA AAG GAA GAT AAG TCT GTT GAA CGT AAT TAT AAG GGT GAT CAG AAG ACC AAG GAA AAG GGA GCT AGA ATC CAA GAC GAA CCT AAG AAG GGT GAG AAC AGA CGT GGT GCT ACG CCT GCA TAT GAA GAA CCT GTT TTA GAA GGT ACT AAC CAA TTA GAA ACC ACC AAA AGA TCC GTA AGA TTT GAA AAT GAA CGT CCT GAA CCA TTA GAA AAA AAC AAC AGA CCT AAG GGT AAT ACT GAT GAA TCC AGT GCC AAA ACA AGG GAA AAA ACA AGG GTG AGA CAG GCT TAT TTA AAA ACA GAG GAT TCT CGA GGT AAG AAG ACG GCT GAA GCC GAG CTT AAC AAT AAG AAT TTA AAG TCT AAG GTA GAG AAA AAG TCT CAG GAG AGA GAC GGG AAG GGT GAA GAT AAG AGA CCT AAA AAG CGT AAG GAC AAC AAG AAA GCC AAG GAG AAC CAC GAG AGT GTT AAT AAC ACT AAA CCA GAG AAA TCT ATG TCC AAA AGA AGC CAA AAG AAA AAA AAC CAA GGA GAT AAG AAG TCT AGA GCC GAA AGA AAG AAC GAT AAG GGG GAT CGT AAG GAT CGT CAA GTT GAA TCC TCT AAA AAG CGT 
Sbay                            TAC ATC AGA AAG CAA AGA AAA GTC AAG AAA TCT AAT TCT GAA CAG GGT AAA GAC AAT AAA TAC GAA AAG AAG GAG GGA GTC AAG GAC AAG GAT GAT GAA ACA GTA GAT GCC GGC GGT AAC GAA GAT GAG GGC CAG CCG GTC TTA CCT AAC CAA CAA AAA AAC CAA GCA TCT AAG TAC GCA AGG AAT CGT CGT AAA AAG TAC AAC ATA AAC CAA AGG GAA TAC AGG GAT AAA AAA AAA GCA GCT AAG TAC ACC GAC ATA AAT CAG ACT GAC TCT GGT TTT AAA TAC CCA GGA GAA CAA GCC TTC GAG AGA AGA AGG GAT GAC CAC TCT GCT GAA CGT AAT TAC AAA GGC GAT CAA AAG ACC AAG AAC AAG GGA GCT AGA ATC CAA GAC GAA CCT AAG CAA GGT GAT AAC AGA CGT GGT AGC ACA CCT GCA TAC GAA GAG CCG GCT TTA GAA GGT ACT AAC CAA TTA GAG TCT ACT AAA AGA CAA GTC AGG TTC GAA AAT GAA CGT CCT GAA CCA TTG GAT AAA AAC AAG AGA CCG AAG GGT AAT ACA GAC GAA CAA AGT GCC GAT ACA AGG GAA GAT ACA AGA GTA AGA CAG GCT TAC GTT AAG ACA GAA GAT TCT AGA GGT AAA AAG ACG GCT GAA GCA GAA CTT AAC AAC AAG AAC TTG CAC TCT AAG TTG GAA AAG AAG TCT CAA GAT AGA GAA GGT AAA GGT GAA GAT AAA AGA CCG AAA AAA CGT AAG GAT AAG AAG AAA GCA AAG GAA AAC GAC GAT GAT GTT AAT AAC ACC AAA CCA GAA AAG TCT ATG TCT AAG AGA AGC CAA AAA AAA AAA AAC CAA GGA GAT AGG AAG TCT AGA GCA GAA AGA AAG AAC GAT AAG GGT GAT CGT AAA GAT CGT CAA GCT GAA TCT TCT AAA AAA CGT 
Smik                            TAC ATC AGA AAG TCC AGG AAA GTC AAG AAA TCC AAT TCT GAA CAG GGG AAC GAT AAT AAG TAC GAA AAG AAG GAG GGA GTC AAG GAT AAG GAT GAT GAA ACA GTT GAT GCT AAC GGT AAT GAA GAT GAG AAC CAG CCT GTA CTA CCA GAT CAA CAA AAG AAT CAA GCA TCC AAG TAC GCA AGG AAT CGT CGT AAG AAA TAC AAC ATA AAT CAA AAA GCA TAT AGG GAT AAA AAG AAA GCA GCT AAA TAT ACG GAC ATA AAT CAG CAA CAC TCC GGT TTC AAG TAT CCA GGA GAA TCC GCC TTC GAG TCT AGA AAA GAT GAT AAA TCT GCT GAA CGT AAT TAC AAG AAC GAC CAA AAG ACT AAG GAT AAG GGA GCT AGA ATC CAG GAT GAA CCT AAG AAG GGT GAG AAC AGA CGT GGT AAC ACA CCT GCA TAC GAA GAG CCT GCT CTA GAA GGG CAA AAC CAA CTA GAA TCA ACT AAC AGA TCC GTA CGA TTC GAA GCC GAA CGT GAT GAA CCA CGT GAT AAA AAC AAA AGA CCT AAG GGG AAT ACA GAT GAA TCC AGC GCC GAA ACA AGG GAA GAA ACA GGT GTT AGA CAG GCT TAC TTA AAA ACA GAA GAT TCT CGA GGT AAG AAG ACG GCT GAA GCT GAA CTA AAC AAC AAG AAC CGT AAA TCT AAG GTC GAA AAG AAA TCT CAA GAG AGA GAA GGT AAG GGT GAA GAT AAG AGA CCT AAA AAG CGT AAG GAT AAA AAG AAA GCT AAG GGG AAC CAC GAG GAA TTA AAT AAT ACT AAA CCA GAA AAA TCT ATG TCC AAA AGA AGC CAA AAG AAC AAA AAC CAA GGA GAT AAA AAG TCC AGA GCT GAA AGA AAA AAC GAC AAG GGT GAT CGT AAG GAT CGT CAA GCT GAA TGC TCT AAG AAG CGT 
Spar                            TAC ATC AGA AAG TCC AGG AAA GTC AAG AAA TCC AAT TCT GAA CAG GGT AAC GGA AAT AAG TAC GAA AAG AAG GAG GGT GTC AAG GAT AAG GAT GAT GAA ACA GTG GAC GAT AAC GGT AAC GAA GAT GAG AAC CAG CCT GTA CTA CCA GAT CAA CAA AAG AAT CAA GCA TCT AAG TAC GCA AGG AAT CGT CGT AAA AAA TAC AAC ATA AAT CAA AAG GAA TAT AGG GAT AAA AAG AAG GCA GCC AAC TAT ACG GAT ATA AAT CAG AGG CAC TCC GGG TTC AAG TAT CCA GGA GAA TCC GCC TTC GAG AGG AGA AAG GAC GAT AAG TCT GCT GAA CGT AAC TAT AAG AAC GAC CAA AAG ACT AAG GAT AAG GGA GCT AGA ATC CAA GGA GAA CCT AAG AAG GGT GAG AAC AGA CGT GGT GCC ACA CCT GCA TAT GAA GAA CCT GCT TTG GAA GGT AGG AAC CAA CTA GAA ACA ACC AAC AGA TCC GTA CGA TTC GAA AAT GAA CGT GAT GAA CCA TTG GAC AAA AAC AAC AGA CCT AAG GGT AAT ACG GAT GAA TCC AGT GCC AAA ACA AGG GAA AAA ACA AGA GTG AGA CAG GCC TAT TTA AAA ACA GAA GAT TCT CGA GGT AAG AAG ACG GCC GAA GCC GAG CTT AAT AAC AAG AAC TTG AAG TCT AAG GTT GAG AAG AAG TCT CAA GAG AGA GAC GGG AAG GGT GAA GAT AAG AGA CCT AAA AAG CGT AAG GAC AAC AAG AAA GCC AAG GAG AAC CAC GAG GCC TTA AAT AAC ACC AGA CCA GAG AAA TCT ATG TCC GAA AGA AGC CAA AAG AAC AAA AAC CAA GGA GAC AAG AAG TCT AGA GCC GAA AGA AAG AAC GAC AAG GGG GAT CGT AAG GAT CGT CAA GCT GAA TCC TCT AAA AAG CGT 
Ncas                            TAC ATC AGA AAG ACC AGA AAA GTT AAG CCA TCA GTA TCA GAG AAT GGC AAC GAG GAT AAG TAC GAA AAG AAG GAT GGA GTC AAG GAC AAG GAC GAC GAA ACC ACT GAA CCT GGT GGA AAT GAA GAT GAG GGT AAT CCA GTG TTA CCT GAG GCA CAA AAA CAA CAA GCC AAT AAG TAC GCC AGA AAC CGT CGT GAA AAA TAC AAC ACA CAA GAA AAA CCT TAC AGA GAT AAG AAA AAG GCC GCC GAC TAC ACC GAT ACA GAT CCC ACC GAA TCA GGG TTT AAG TAT CCA GGT GAA ACC CCA TTT GAT AGA AGA AAA GAA AAT AAG TCT GCT GAA CGT AAC TAT AAG GGT GAC CAA AAG ACG AAG GAG AAG GGT GCT AGA ATC CAG GAG GAA CCA AAG AAG GGT GAT AAC AGA CGT GGT CCC ACG CCA GCC TAT GAA GAG CCA GCT TTA GAA GGT ACC AAC CAA TTA GAA ACA ACT AAC AGA ACC GTG AGA TTT CAA AAC GAA CGT GCA GAG CCA ACA GAA AAG AAC GAC AGA CCA AAG GGC GAT ACA GAC CAA ACC AAT CCA GAT ACC AGA GAA GAT GTA AGA ACT AGA CCA GCC TAC GTT AAA ACC GCT GAA TCA AAA GGT AAG AAG ACC GCC CAA GCA AAA TTA AAC AAG AAG AAG ACA AAG TCT AAG ATA GAA AAG AAA TCA CAA GAT AGA GAT GGG AAG GGT GAA GAC AAG AGA CCA AAG AAG CGT AAG GAA GAC AAG AAG GCA CAT GAA AAC GAA GAT CCC GTT GAT AAT ACG AAA CCA AAA AAA TCT ATG TCA AAG AGA GTT CAA AAG AAC AAA AAC GCA GGT GAT AAA AAG AAT AGA GCA AAG AGA AAA AAC GAC AAG GGG GAT CGT AAG GAC CGT CAG GCT GAT AAT TCT AAA AAA CGT 
Cgla                            TAC ATT AGA AAG GTC AGG AAG GTA AAG CCA GCT TCT TCT GAC CAA GGT AAG GAC GAC AAA TAC GAG AAG AAG GAA GGG GTT AAG GAT GAC GAC GAC GAA ACT GAA GAC AAG AAC GGT AAT GAG GAT GAT AAC CAA CCA GTC CTA CCA GAG CAA CAG AAG AAT CAG GCG GAA AAG TAC GCG AGA GGT CGT CGT AAT AAG TAC AAC ACT AAT GAG AAG AAC TAT AGA GAT GAA AAG AAG GCG GCT GAT TAT ACC GAC ACT AAT TCT ACA CAC GCT GGC TTT AAG TAT CCA GGT GAG GTC TCA TTC GAA AGA AGA AAG GAC TCT CAA TCT GCT GAA CGT AAC TAT AAA AAC GAC CAG AAG ACT AAG GAG AAG GGT GCT AGA ATT TTA GAC GAA CCT AAG AAG GGT GAG AAC AGA CGT GGT CCT ACC CCT GCG TAT GAA GAG CCA GCT CTA GAA GGA ACA AAC CAG CTA GAA GAC ACA AAG AGA GTC GTC CGT TTC AGC AAT GAG CGT CCT GAC CCA ATC GAC AAG AAC GAT AGA CCA AAG GGT AAT ACA GAT AGC GTC AAT TCA GAA ACT AGA GAA GAA GCG AGG GAA AGA GAG GCT TAC GTT AAG ACT GAC GAA TCT AAG GGT AAG AAG ACG GCT AGC GCT GAA TTA AGT AAG AAG AAG ATC CAA CCT AAG TTG AAG AAG AAA TCT CAG GAG AGA GAA GGC AAG GGT GAA GAC AAA AGA CCA GAA AAG CGT AAG GAC GAT AAG AAG GCT AAC GAG AAC CAC GAG GCC GTT AAT AAT ACT TCA CCA GAA AAG CCT ATG GCT AAG CGT CAA CAG AAG AAG AAG AAC CAA GGT GAT AAG AAG GAA AGA GCT CAA AGA AAA AAC GAC AAG GGC GAT CGT AAG GAT CGT CAA GCT GAA GAC CCT AAA AAG CGT 
Agos                            TAT ATA CGG AAG GCC AAA AAG GTG AAG CCC TCT AAG TCG GAG CAC GGG AGA GAA GAC AAG TAT GAG AAG AAG GAC GGC GTC AAG GAT GCA GAC GAC GAG ACA ACG GAC AAG GGG GGG AAC GAG GAC TCG GGG CAC CCT GTC TTG CCT GGA AGC CAG AAG AAC CAG GCT AAT AAG TAT GCT CGT GGC CGG CGC AGA AAG TAT AAC ATG AAC GAG AAG CCC AAC CGT GAC AAA AAG AAG GCT GTG AGC AAC ACA GAC ATG GAA GAG ACC GAG TCT GGC TTT AAG TAT CCA GGC GAG GCC CCA TTC GAC AGA CGC AAG GAC GGG CCG TCC ACC GAG CGC AAT TAT AAG GGG GAC CAG AAG ACA AAG GGA AAG GGC ACC CGG ATA CGT GAA GAG CCA AAG AAG GGT GAG AAT CGA CGG TAC CAC ACC CCA GCT TAT GAG GAG CCT ACC TTG GAG GGT ACC AAT CAG TTG GAA AGC ACG AGA CGG GCC GTC CGC TTC GAC AAT GAG CGC CCC GAG CCA ATT GAC AAG AAT AGC AGG CCT AAG GGG GAA ACC GAT GAC GCC CCC CCA GGA ACA CGT GAG GGA ACG CGT ACG CGC CCG GTG TAC GTT AAG ACA GAG GAA TCG AAG GGT AAG AAG ACA GTG GAC AGT ATT CTC AGT AAG AAG AAG ATT CCG TCC AAG GCC CAG AAG AAA TCG CAG GAG CGC GAT GGC AAG GGT GAG GAC AAG AGA CCT AAA AAG CGC AAG GAC AGC AAG AAG AGT TCG GAG AAT GAG GAG GAG GTT GAA AAC ACA AGA CCA ATT AAG TCC CTG TCT CGG CGG GAG CAG AAG AGA AAG AAT AGC GGC GAC AAG AAG AAT CGA AGT AGC CGA AAA AAT GAC AAG GGC GAC CGT AAG GAC CGT CAA ACC GAC GCC TCC AAG AAG CGT 
Klac                            TAC TTA AGA AAG GTG AGA AAG GTT AAG CCT ACC AAC TCC GAC CAA GGG AAA GAA GAT AAG TAC GAA AAG AAG GAT GGT GTC AAG GAT GAG GAT GAT GAA ACG CAA GAA AAG GGT GGT AAT GAA GAT TTC GGT CAA CCA GTG CTA CCT GAT ACT CAA AGA GAC CAA GCT GAA AAG TAC GCT AGA GAC AGA CGT AAC AAA TAC AAC ATG GAC GAA AAA AAA TAT AGA GAT AAG AAA AGA GCT GTG GAT TAT ACT GAT ATG GAA GAA ACC GAA ACC GGG TTT AAG TAT CCA GGA GAA GTG GCT TTT GAT AAG AGA AAA GAA GAT AAG TCT GCT GAA CGT GAC TAC AAG GGT GAT CAA AAG ACT AAA GAT AAG GGA GCT AGA TTA CTT GAA GAA CCA AAG AAG GGT GAC AAC AGA CGT GGT GCA ACT CCA GCT TAC GAA GAA CCA GCT TTA GAA AAC ACC AAC CAA CTA GAA GCT ACA AAA AGA GTG GTG AGA TTT AAC AAT GAA CGT GAC GAC CCA ATT GAA AAG AAC GAT AGA CCA AAG GGG GAA ACT GAT AAC GTG AAT GCT GAT ACG AGA GAA GAT ACC AGA CAA AGA CCA GTG TAC TTA AAA ACG GAA TCA TCC AGA GGT AAG AAG ACT GTG AAC GCT ATA CTT AAC AAG AAG AAG ATT AAG TCC AAG GTT GAT AAG AGA TCC CAA GAC AGA GAA GGG AAG GGT GAA GAT AAG AGA CCA AAG AAG CGT AAG GAA GAT AAG AAG GCT TCT GAA AAC GAA GAC AAG TTA GAA AAT ACT TCT CCA ATA AAA TCC GTG ACC AAA AGA GTT CAA AAA AAA AAG AAC ACT GGA GAT AAA AAG GAA AGA GCT GCC AGA AGA AAC GAT AAA GGG GAT CGT AAA GAT CGT CAG GCT GAC ATT TCC AAA AGA CGT 
Calb                            TAT TTA AGA AAG AAA AGA AAA ATC AAG CCA AGA AGT AAT CAA AAA GGC AAA GAA TCC AAA TAT GAT AAA AAG AAT GGA GTT AAG GAC GAA GAT GAT GAA ACT AAC GAA AAA GGT GGA AAT GAT GAT GAC GGT AAA CCA ATT TTG CCA GAT AAA CAG AGA AAC CAG TCT AAT AAG TAT TCT AGA GTG AGA CGT CTG AAA TAT AAC CAA AAC ACT AAA GAT TAT AGA GAT CAG AAG GCT TCT TTG AAA TAT ACT GAT CAA GAT GAG GTA GCC AGA GGT TTT CAA TTT CCA AAT GAT AAA GGT TTT AAT AGG AGA AAA GAA ACA GAA TCT GCT GAA CGT AAT TAT AAA GGT GAA CAG AAG ACT AAA GAT AAG AAT GCT AGA TTA CAA GAA GAA CCA AAG TTG GGT GCT AAT CGT AGA TAT GTT ACT CCA TCT TAT GAA GCC CCA GCT TTA GAA AAT GTA AAT CAG TTG CCT ACA ACA AAA AGA AAA ATT AAA TTT AAT AAT GAA CGT GAA CAA CCA GCT GAA AAA GAT AAA AAG CCA AAG GGC GAT ACA GAC AAT AAA AAC GGT TCT ACT AGA GAA TCT ATT AGA AAC AGA GAA TTG TAC ATT AAA ACT GCC GAA AAT AAA GGT CAA AAG ACG TTG AAT TCA ATT TTA AAA AAC AAG AAC GCT GAA AGC AAA GTC CAA AAA AAA AAT CAG GCT AGA GAT GGT CAA AGC GAA GAT AAA AGA CCA CAG CAA CGT AAA GAA AAA AAG AAA TCA GAA GAG AAT GCC GCT ACG ATT GAT AAT ACT AAA CCA ATT AAA AGC CAA AGA AAA AAA GAA CAG AAG AAA AAA GAT AAA AAT GAT AAA AAG AAT CGT TCA AAC CGT AAA AAT GAA AAA GGT GAT ACT AAG AGC ACT TCA GCT AAT AAA AGC AAA AGA ACT 



Printing out site pattern counts


         9        495  P

Scer                            AAA AAA AAA AAA AAA AAA AAA AAA AAA AAA AAA AAA AAA AAC AAC AAC AAC AAC AAC AAC AAG AAG AAG AAG AAG AAG AAG AAG AAG AAG AAG AAG AAG AAG AAT AAT AAT AAT AAT AAT AAT AAT AAT ACA ACA ACC ACC ACC ACG ACG ACG ACT ACT ACT AGA AGA AGA AGA AGA AGA AGA AGC AGG AGG AGG AGG AGT AGT ATA ATC ATG CAA CAA CAA CAA CAA CAC CAG CAG CAG CAG CCA CCA CCT CCT CCT CGA CGG CGT CGT CGT CGT CTT GAA GAA GAA GAA GAA GAA GAA GAA GAA GAA GAA GAA GAA GAC GAC GAC GAG GAG GAG GAG GAG GAT GAT GAT GAT GAT GAT GAT GAT GAT GAT GCA GCC GCC GCT GCT GCT GGA GGG GGT GGT GGT GGT GGT GGT GGT GGT GTA GTA GTC GTC GTG GTT GTT TAC TAT TAT TAT TAT TCC TCC TCC TCT TCT TCT TCT TTA TTA TTA TTA TTC TTT 
Sbay                            ... ... ... ... ... ... ... ... ... ..G ..G ..G G.T ... ... ... ... ... ..G GG. ..A ..A ..A ..A ..A ... ... ... ... ... ... .G. C.A C.C ..C ..C ... ... ... ... ... ... GCC ... ... ... ..T T.T ..A ..C ... ..A ..C ... ... ... ... ... ... ... ..G ... ..A ..A ..A ... ... GA. ... ... ... ... ... ... ... ... G.. ..A ... ... ... ... ..T ..G ... ... A.. ACT ... ... ... ... ... A.C ... ... ... ... ... ... ... ... ..G ..G ..G ..T ..A ... ..T ..A ..A ..A ..A ..T ..C ..C ..C ..G ... ... ... ... ... ... ... ..A ... AGC ... ... ... ..T ..A ..C ... ... ... ... ... ... ..C T.G ... ... ..A .C. ... ... ..C ..C ..C ..C CAA ..T ..T ... ... ... ... G.T ... ... ..G ..T ..C 
Smik                            ... ... ... ... ... ..C ..G ..G ..G ... ... ..G G.. ... ... ... ... ..T ..A ... ..A ... ... ... ... ..A ... ... ... ... ... ..A ... ..A ..C ... ... ... ... ... ... GCC GC. ... ... ..T ..T T.A ..A ... ... ..A ... CAA ... ... ... ... ... ... C.. ... ... G.T TCT ... ..C GAA ... ... ... ... ... ... ... ..G ... ..A ... ... ... ... ... ... ... GA. ... .AA ... ... ... ... ..A ..T ... ... ... ... ... ... ... .C. ... ..G ..G ..T ..A ..T ..T ..A ..A ..A .G. ... ..C ... ... ..G ..C ... ... ... ... ... ... ..T ... AAC ... ... ... ..T ..A AAC ..G ..G ... ... ... ... ... ..C ... ... ..T .C. T.A ... ..C ..C ... ... ... ... .G. ..C ... ... ... ... C.. C.. CGT ... ..C 
Spar                            ... ... ... ... .G. ..C ... ... ..G ... G.. ..G ... ... ... ... ..T ... ... ... ... ... ... ... ... ... ... ... ... ... ... ... ... ... ..C ... ..C ... ... ... ... ... G.. ... ... ..T ... ..A ..A ... ... ..G ..C .GG ... ... ... ... ... ... C.. ... ... ..A ... ... ... GCC ... ... ... ... ... ... ... ... ... ..A ... ... ... ... ... ... ... GA. ... A.. ... ... ... ... ... ..T ... ... ... ... ... ... ... ... ... ... ..G ..C ... .GA ... ..A ... ... ... ... ... ... ... ..G ..C ..C ... ... ... ... ... ... ... ..C ..C ... ... ... ... AAC ... ... ... ... ... ... ... ..T ... ... ... .C. T.A ... ... ... ... ... ... ... ... ... ... ... ... ... C.. ..G ..G ... ..C 
Ncas                            ... ..G ..G CC. ... ..C ... G.. ... ... ..G ..G G.T ... ... ... ... ..T G.. GGT ... ..A ... ... ... ..A ... ... ... ... C.T ..A ... ... ..G C.A ..C ..C G.. G.. GTA ..C CC. ..C GT. ..G ..T ..A ... ..C ..C ..A ..G ..C ... ... ... ... ... ... ... GTT ..A ..A ..A ..A .A. CCC .C. ... ... ... ..G G.. GC. ..G G.A ..A A.T .CA .CC ... ..T ..A ..A G.A AA. ACC ... ... ... ... T.A ..G A.G C.. ... ... ... ..G ..T CCT ... ..G ..G ... ..T ..G ..A .CT A.A ..A ..A ..T ... A.. ..C ... ..C ... ..A ..C ..C ... ..C ..A C.A C.C ..C ... ..T ... ..A ... ..C ... ..A ... ... ... ..G A.. ... ..T ACT .C. ... ... ..C ... ..C ... A.. ..A AAT AA. ..A ... ... G.T ... ... AC. ..T ... 
Cgla                            ..G ..G G.. CC. TC. ..G ... ..T ..G ..G ..G ..G G.. ... ... ... .GT ..T G.T ... ... ... ..A ... ... ..A ... ... ... G.C ..C ... ... C.A ..G ... ..C GG. ... G.C TC. ... ..G ..T G.G ..T ..A GA. ..C ..C ... ..A ... ..A ... ... ... ... ... C.T C.T CAA ... ... ..A ..A .A. GCC .CT ..T ... ..G ... G.G ... TT. ... ... ..A G.. TCT ... ... ..A ... ... AAG ACA ... ... ... ... T.A ..G C.. AGC ... ..G ..G ..C ... A.C ... ..G ..T ..C ..A ... ... ..C ..A A.. ... ... ..C TC. ... ..A ..C ... ..A ..C ... ... ..G ..T T.A C.. ... ... ..T ..C ..G AAC ... ..A ... ... ... ... ..C T.G ..T ..A .AA .C. ... ... ..C ... ... ... GT. G.T GA. GAA ... C.. ... G.T C.. C.. A.C ..T ..C 
Agos                            ..G ..G ... CCC .G. .G. ..G .G. ..G ..G CGG ..G GG. ... ..T ..T .GT ... .G. GGG ... ... ... ... ... ..A ... ... ... GCA TC. ... ... CC. ..G ..C ... GGC G.A G.C ..G ... ..G ... ..G ..A ..G .G. ..C ..A ..A ..C ..A ..C ... ..G C.. C.C C.G C.G C.C GAG .AA C.T ..A C.T CCC GAG ..G ..A C.. ..G ... G.G AGC .GT G.G ... ..C .C. G.. ... ..T ... ..A ..C AAG ACC ..C ..G ..G ... ..C .G. AGC ..C ..G ..G ..G ..G ..C CCC ... ..G TCG ..C ..T ..A ... ... ATT C.. ... ... ..C .GG ... ..C ..C ..C ..A ..C ..C ..C ..T AGT C.A CAC .TG A.C ..C ..C ..C ..G ..G ... ..G ... ... TAC ..C .CC ... ..G AC. ACC ... ..T ..C ... A.C ... G.. ..T G.. AA. ..G ..C ..C G.T ..G ..G A.T ..T ..C 
Klac                            ..G ..G ..G CCT TCT ... ... ..C ... ... ... ..G G.T ... ... ... ... ..T G.T GGT .GA .GA ... ..A ... .GA ..A ... ... G.. TCT ..A ... ... ..G G.C G.C G.C G.A G.. ..C ... ..G ..G ..C ..T ..A G.T ..T ..T ..T ... ... ..C ... ... ... ... ... ... ... GTT ..A ..A .A. ..A .A. .AG ..G T.A G.. ... ..G G.. ACT .TT G.A ..A ..A .CA G.A ... ..T ..A ..A GAC A.. ACC ... A.A ... ... ... ..T .CC A.C ... ... ... ..C ..C A.. ... ... TTC ... ..A ..A ..A ..A ATA ..T ..A ..C ... ... ... ... ... ... TCA ... ... ... ..T ..T ..T ..A .TG ... ... ... ... ... ..G AAC ... ... ... ... ..G ..T ... ..T CAA .C. T.A ... ..C ..C ... ... GTG A.. ATT GAA ..C ..C ... ... C.. ... A.T ..T ... 
Calb                            ... ... C.G CC. ... ... ... CTG ..G ... ... ... TCT ... ..T G.T ..A ..T ..A GGT GCT .GA ..A ... C.A ..A ..A ..A ... G.A G.A ..A TT. G.A ..C ..C ... GTG G.. TCC .G. ... ..A ..T .TT ..T ..A ..A ..T ..T ... ..A ... GTA ... .AG C.T ... ... .A. .A. GAA ..A ..A ... ..A .AC .CG CA. T.A CAA ..G TC. ACT A.. ... GC. ... A.A G.A G.. ... ... ..A ..A GAA AA. GTA ... A.A A.A AC. T.A ..T A.C A.T ... ... ..T C.. A.T ..T CCT .CC ..C ... ..T ..A ..A .CC ATT C.A ... .CT ... ACA ..C A.. ..A ... ..A ... AGC ... T.T T.A .GT .T. TTG ... AAT ..T ..A ... ..C AA. ..A A.C ... TA. A.T ..C ..T A.. AAC .C. A.. ..T ..C ... ... .T. AAA AGA AAA AA. AA. AGC ... A.T ..G ... GCT ..T ... 

    2    2    2    1    1    3    1    1    1    3    1    1    2    1    4
    2    1    2    3    2    1    2    3    2    4    2    2    3   13    1
    1    3    1    2    2    2    1    1    3    1    1    1    1    3    1
    1    1    1    1    1    1    1    1    1    1    1    3    3    3    1
    1    1    1    1    1    3    1    1    2    2    1    2    1    1    2
    1    2    4    2    1    1    3    1    4    2    1    1    1    4    1
    1    3    1    2    1    3    7    1    3    2    1    1    1    1    1
    3    1    2    1    1    2    1    1    3    1    1    2    2    2    1
    1    3    1    3    4    3    2    1    3    1    3    3    1    1    2
    1    1    1    2    1    2    1    1    1    2    3    1    4    1    2
    2    1    4    3    1    2    3    3    1    1    2    1    2    1    2


CODONML (in paml version 4.9j, February 2020)  temp.nuc
Model: One dN/dS ratio, 
Codon frequency model: Fequal
ns =   9  ls = 302

Codon usage in sequences
--------------------------------------------------------------------------------------------------------------------------------------
Phe TTT   2   1   0   0   3   1 | Ser TCT   9  14   8   9   4   7 | Tyr TAT   6   0   3   6   3   5 | Cys TGT   0   0   0   0   0   0
    TTC   1   2   3   3   0   2 |     TCC   8   0   9   8   0   0 |     TAC   4  10   7   4   7   5 |     TGC   0   0   1   0   0   0
Leu TTA   6   3   2   2   4   2 |     TCA   0   0   1   0   6   3 | *** TAA   0   0   0   0   0   0 | *** TGA   0   0   0   0   0   0
    TTG   0   3   0   3   0   1 |     TCG   0   0   0   0   0   0 |     TAG   0   0   0   0   0   0 | Trp TGG   0   0   0   0   0   0
--------------------------------------------------------------------------------------------------------------------------------------
Leu CTT   1   1   0   1   0   0 | Pro CCT   7   4   6   6   3   7 | His CAT   0   0   0   0   1   0 | Arg CGT   9   9  11   9   9  11
    CTC   0   0   0   0   0   0 |     CCC   0   0   0   0   3   0 |     CAC   2   2   2   2   0   2 |     CGC   0   0   0   0   0   0
    CTA   0   0   4   2   0   3 |     CCA   4   3   4   4  13   9 | Gln CAA   7  16  12  11  11   9 |     CGA   1   0   2   2   0   0
    CTG   0   0   0   0   0   0 |     CCG   0   4   0   0   0   0 |     CAG   8   4   5   4   2   6 |     CGG   1   0   0   0   0   0
--------------------------------------------------------------------------------------------------------------------------------------
Ile ATT   0   0   0   0   0   2 | Thr ACT   3   3   3   1   3   7 | Asn AAT  13   8  11  10   9  10 | Ser AGT   2   1   0   1   0   1
    ATC   2   2   2   2   2   2 |     ACC   3   3   0   2  11   2 |     AAC  15  16  17  21  14  13 |     AGC   1   2   2   1   0   3
    ATA   2   2   2   2   1   0 |     ACA   4   6   6   6   6   4 | Lys AAA  21  26  23  14  18   6 | Arg AGA  13  16  12  14  19  15
Met ATG   1   1   1   1   1   1 |     ACG   3   1   2   3   3   1 |     AAG  40  30  36  42  41  49 |     AGG   6   7   4   7   0   2
--------------------------------------------------------------------------------------------------------------------------------------
Val GTT   4   2   2   1   4   3 | Ala GCT   5   7  11   4   5  13 | Asp GAT  17  21  21  16  18  11 | Gly GGT  10  11   9   9  11  11
    GTC   2   4   3   2   1   6 |     GCC   5   3   3  10   7   1 |     GAC   4   8   3   8  11  19 |     GGC   0   3   0   0   2   3
    GTA   3   2   2   2   2   1 |     GCA   4   7   5   4   6   0 | Glu GAA  27  25  27  23  23  23 |     GGA   3   4   4   5   2   1
    GTG   2   0   0   2   2   0 |     GCG   0   0   0   0   0   5 |     GAG   8   5   7  10   8  13 |     GGG   3   0   4   3   3   1
--------------------------------------------------------------------------------------------------------------------------------------

--------------------------------------------------------------------------------------
Phe TTT   1   3   4 | Ser TCT   3   3   7 | Tyr TAT   7   3   9 | Cys TGT   0   0   0
    TTC   2   1   0 |     TCC   4   6   1 |     TAC   2   7   1 |     TGC   0   0   0
Leu TTA   0   5   4 |     TCA   0   1   4 | *** TAA   0   0   0 | *** TGA   0   0   0
    TTG   3   0   6 |     TCG   5   0   0 |     TAG   0   0   0 | Trp TGG   0   0   0
--------------------------------------------------------------------------------------
Leu CTT   0   2   0 | Pro CCT   5   2   1 | His CAT   0   0   0 | Arg CGT   8   8   7
    CTC   1   0   0 |     CCC   4   0   0 |     CAC   3   0   0 |     CGC   8   0   0
    CTA   0   2   0 |     CCA   7  10  11 | Gln CAA   1  10  11 |     CGA   3   0   0
    CTG   1   0   1 |     CCG   3   0   0 |     CAG   7   1   8 |     CGG   7   0   0
--------------------------------------------------------------------------------------
Ile ATT   4   3   7 | Thr ACT   0   8  11 | Asn AAT  10   4  23 | Ser AGT   4   0   1
    ATC   0   0   1 |     ACC   8   6   0 |     AAC   7  14   9 |     AGC   7   0   5
    ATA   2   2   0 |     ACA   7   1   4 | Lys AAA   5  17  44 | Arg AGA   7  25  19
Met ATG   2   2   0 |     ACG   4   3   2 |     AAG  49  38  17 |     AGG   1   0   1
--------------------------------------------------------------------------------------
Val GTT   2   3   2 | Ala GCT   4  14  10 | Asp GAT   3  25  20 | Gly GGT   4   9  10
    GTC   3   1   1 |     GCC   6   1   4 |     GAC  22  11   3 |     GGC   8   0   2
    GTA   0   0   2 |     GCA   1   1   0 | Glu GAA   7  31  24 |     GGA   4   3   2
    GTG   4  10   1 |     GCG   0   0   0 |     GAG  25   1   2 |     GGG   7   5   0
--------------------------------------------------------------------------------------

Codon position x base (3x4) table for each sequence.

#1: Scer           
position  1:    T:0.11921    C:0.13245    A:0.42715    G:0.32119
position  2:    T:0.08609    C:0.18212    A:0.56954    G:0.16225
position  3:    T:0.29139    C:0.15563    A:0.31457    G:0.23841
Average         T:0.16556    C:0.15673    A:0.43709    G:0.24062

#2: Sbay           
position  1:    T:0.10927    C:0.14238    A:0.41060    G:0.33775
position  2:    T:0.07616    C:0.18212    A:0.56623    G:0.17550
position  3:    T:0.27152    C:0.18212    A:0.36424    G:0.18212
Average         T:0.15232    C:0.16887    A:0.44702    G:0.23179

#3: Smik           
position  1:    T:0.11258    C:0.15232    A:0.40066    G:0.33444
position  2:    T:0.06954    C:0.19205    A:0.57616    G:0.16225
position  3:    T:0.28146    C:0.17219    A:0.35099    G:0.19536
Average         T:0.15453    C:0.17219    A:0.44260    G:0.23068

#4: Spar           
position  1:    T:0.11589    C:0.13576    A:0.42053    G:0.32781
position  2:    T:0.07616    C:0.18874    A:0.56623    G:0.16887
position  3:    T:0.24172    C:0.20861    A:0.30132    G:0.24834
Average         T:0.14459    C:0.17770    A:0.42936    G:0.24834

#5: Ncas           
position  1:    T:0.08940    C:0.13907    A:0.42384    G:0.34768
position  2:    T:0.06623    C:0.23179    A:0.54967    G:0.15232
position  3:    T:0.24172    C:0.19205    A:0.36755    G:0.19868
Average         T:0.13245    C:0.18764    A:0.44702    G:0.23289

#6: Cgla           
position  1:    T:0.08609    C:0.15563    A:0.39073    G:0.36755
position  2:    T:0.07947    C:0.19536    A:0.56623    G:0.15894
position  3:    T:0.29470    C:0.19205    A:0.25166    G:0.26159
Average         T:0.15342    C:0.18102    A:0.40287    G:0.26269

#7: Agos           
position  1:    T:0.08940    C:0.19205    A:0.38742    G:0.33113
position  2:    T:0.08278    C:0.20199    A:0.49007    G:0.22517
position  3:    T:0.18212    C:0.28146    A:0.14570    G:0.39073
Average         T:0.11810    C:0.22517    A:0.34106    G:0.31567

#8: Klac           
position  1:    T:0.09603    C:0.11589    A:0.40728    G:0.38079
position  2:    T:0.11258    C:0.18543    A:0.53642    G:0.16556
position  3:    T:0.28808    C:0.15563    A:0.35762    G:0.19868
Average         T:0.16556    C:0.15232    A:0.43377    G:0.24834

#9: Calb           
position  1:    T:0.11921    C:0.12914    A:0.47682    G:0.27483
position  2:    T:0.09603    C:0.18212    A:0.56623    G:0.15563
position  3:    T:0.37086    C:0.08940    A:0.41391    G:0.12583
Average         T:0.19536    C:0.13355    A:0.48565    G:0.18543

Sums of codon usage counts
------------------------------------------------------------------------------
Phe F TTT      15 | Ser S TCT      64 | Tyr Y TAT      42 | Cys C TGT       0
      TTC      14 |       TCC      36 |       TAC      47 |       TGC       1
Leu L TTA      28 |       TCA      15 | *** * TAA       0 | *** * TGA       0
      TTG      16 |       TCG       5 |       TAG       0 | Trp W TGG       0
------------------------------------------------------------------------------
Leu L CTT       5 | Pro P CCT      41 | His H CAT       1 | Arg R CGT      81
      CTC       1 |       CCC       7 |       CAC      13 |       CGC       8
      CTA      11 |       CCA      65 | Gln Q CAA      88 |       CGA       8
      CTG       2 |       CCG       7 |       CAG      45 |       CGG       8
------------------------------------------------------------------------------
Ile I ATT      16 | Thr T ACT      39 | Asn N AAT      98 | Ser S AGT      10
      ATC      13 |       ACC      35 |       AAC     126 |       AGC      21
      ATA      13 |       ACA      44 | Lys K AAA     174 | Arg R AGA     140
Met M ATG      10 |       ACG      22 |       AAG     342 |       AGG      28
------------------------------------------------------------------------------
Val V GTT      23 | Ala A GCT      73 | Asp D GAT     152 | Gly G GGT      84
      GTC      23 |       GCC      40 |       GAC      89 |       GGC      18
      GTA      14 |       GCA      28 | Glu E GAA     210 |       GGA      28
      GTG      21 |       GCG       5 |       GAG      79 |       GGG      26
------------------------------------------------------------------------------


Codon position x base (3x4) table, overall

position  1:    T:0.10412    C:0.14386    A:0.41611    G:0.33591
position  2:    T:0.08278    C:0.19352    A:0.55408    G:0.16961
position  3:    T:0.27373    C:0.18102    A:0.31862    G:0.22664
Average         T:0.15354    C:0.17280    A:0.42961    G:0.24405

Codon frequencies under model, for use in evolver (TTT TTC TTA TTG ... GGG):
  0.01639344  0.01639344  0.01639344  0.01639344
  0.01639344  0.01639344  0.01639344  0.01639344
  0.01639344  0.01639344  0.00000000  0.00000000
  0.01639344  0.01639344  0.00000000  0.01639344
  0.01639344  0.01639344  0.01639344  0.01639344
  0.01639344  0.01639344  0.01639344  0.01639344
  0.01639344  0.01639344  0.01639344  0.01639344
  0.01639344  0.01639344  0.01639344  0.01639344
  0.01639344  0.01639344  0.01639344  0.01639344
  0.01639344  0.01639344  0.01639344  0.01639344
  0.01639344  0.01639344  0.01639344  0.01639344
  0.01639344  0.01639344  0.01639344  0.01639344
  0.01639344  0.01639344  0.01639344  0.01639344
  0.01639344  0.01639344  0.01639344  0.01639344
  0.01639344  0.01639344  0.01639344  0.01639344
  0.01639344  0.01639344  0.01639344  0.01639344


TREE #  1:  (((((1, 4), (3, 2)), 5), 6), ((7, 8), 9));   MP score: 978
This is a rooted tree.  Please check!
lnL(ntime: 16  np: 18):  -5798.936763      +0.000000
  10..11   11..12   12..13   13..14   14..1    14..4    13..15   15..3    15..2    12..5    11..6    10..16   16..17   17..7    17..8    16..9  
 0.164912 0.144096 0.612456 0.056010 0.170210 0.110450 0.079837 0.258918 0.490379 0.580219 0.820653 0.080006 0.072380 1.354211 0.580524 2.063041 1.475929 0.144926

Note: Branch length is defined as number of nucleotide substitutions per codon (not per neucleotide site).

tree length =  7.638301

(((((1: 0.170210, 4: 0.110450): 0.056010, (3: 0.258918, 2: 0.490379): 0.079837): 0.612456, 5: 0.580219): 0.144096, 6: 0.820653): 0.164912, ((7: 1.354211, 8: 0.580524): 0.072380, 9: 2.063041): 0.080006);

(((((Scer: 0.170210, Spar: 0.110450): 0.056010, (Smik: 0.258918, Sbay: 0.490379): 0.079837): 0.612456, Ncas: 0.580219): 0.144096, Cgla: 0.820653): 0.164912, ((Agos: 1.354211, Klac: 0.580524): 0.072380, Calb: 2.063041): 0.080006);

Detailed output identifying parameters

kappa (ts/tv) =  1.47593

omega (dN/dS) =  0.14493

dN & dS for each branch

 branch          t       N       S   dN/dS      dN      dS  N*dN  S*dS

  10..11     0.165   663.4   242.6  0.1449  0.0213  0.1470  14.1  35.7
  11..12     0.144   663.4   242.6  0.1449  0.0186  0.1285  12.4  31.2
  12..13     0.612   663.4   242.6  0.1449  0.0791  0.5461  52.5 132.5
  13..14     0.056   663.4   242.6  0.1449  0.0072  0.0499   4.8  12.1
  14..1      0.170   663.4   242.6  0.1449  0.0220  0.1518  14.6  36.8
  14..4      0.110   663.4   242.6  0.1449  0.0143  0.0985   9.5  23.9
  13..15     0.080   663.4   242.6  0.1449  0.0103  0.0712   6.8  17.3
  15..3      0.259   663.4   242.6  0.1449  0.0335  0.2309  22.2  56.0
  15..2      0.490   663.4   242.6  0.1449  0.0634  0.4372  42.0 106.1
  12..5      0.580   663.4   242.6  0.1449  0.0750  0.5173  49.7 125.5
  11..6      0.821   663.4   242.6  0.1449  0.1060  0.7317  70.4 177.5
  10..16     0.080   663.4   242.6  0.1449  0.0103  0.0713   6.9  17.3
  16..17     0.072   663.4   242.6  0.1449  0.0094  0.0645   6.2  15.7
  17..7      1.354   663.4   242.6  0.1449  0.1750  1.2074 116.1 292.9
  17..8      0.581   663.4   242.6  0.1449  0.0750  0.5176  49.8 125.6
  16..9      2.063   663.4   242.6  0.1449  0.2666  1.8394 176.9 446.2

tree length for dN:       0.9870
tree length for dS:       6.8104


Time used:  0:07
