      9   1179

Scer                            CTC ACT AAG CCT TCA CAG CCC ATC ACC CTA AAG TAT AGG ATT ATC GGT AAT TAC AAA CCT GGC CGT AAT AAA ATG CGT AGC TTG CCT AAT GTG GAA AGG CCA GAT CGT AAT GAA GGT AAT TCT TCT GGT GCT GCT AGG GTT TAC AAC AAT ACG GAC AAC AAA GGT TGG GGT TTC ACT GAA CGT TTA CAG GAA GGG CCT ACT TAC AAC TTA AAC GGT TCC AAA ATT GAC GAT AAT GAG CGT AAA ATG AGA GAT GAA GAG GAA CCC GCC GGT CTG GAT TCA ATC CCT GGT GTG ATT ATT GAA AAA TCT CAT ATT ACC CCT TGG AAC TAT GAA ATT ATT TTT AGC GGT AAT GGA AGA GAT AAA CAA AGG CTG TAT AGG CCC ACC AAC AAG GTG GAC GTC AAA TCT AAC CAG TAT TTT AAA GGA CTA CAC TAC AAC GTG CCC GAA AAA GCC AAT GTT GGT AGA GTG ACT AAA AGG CGT ATG TTT TAT TTA GAC AAG AGA GCT AGC GAA GAT GCT AAA AAC GTG ACT AAC GAG TTA GAA AAC GAC ATT TTG GAA AGA CCT CCT GAA TTC GAA TTC TCA TCA GAA GCT AAC GAA GTT GAT ACA AAC ATG AAT CTA GCT AAC TCA ACT TTC AAG TTA ACC AAA GAA GAA TAT ATT ATT CGT CGT GTG ACA TGC ATG TAC GTT CAT GAC GGT GGC ATT AAA GAA CAA CCA CGT ACT AAC AAA ACT GCT GCC TAC TTG TAT GGT GAA ACT CAA GAA CTT GAT GAT ATT GGT TGG AAA TGG AAA AAC GCT AGG CGT AAC AGG TCT GAA AAC GAT TTA GCC AAA GAT TGG GAA ATT AAA AAC TAT TGG GCT AAT CTA GAA CGT GAT AGA AGG ACC GAA ATG ATT TTA ACG GCT AAC ATT TTG TTT GAC TCC AAA TTA AGA GGT AAT AAC CAA TTG ACT TAC GGT CTA GAC GGT TTA TTC GCT GTG CAA AAG AAG AAT AAA GAA GCC GTC TGG CTT TTC AAA ACC GCT CCT AAC ATG GGT AGA AGG CCA CCC AAG GCT GAG AAC GAT AAG GAA GAA GAA TCT GAT AGG AAC TTC AGG ATG CCC GAT GAA GAA GAT GAC GAT ATC GCC CCT ATC GTT TGG AAG ACC GGG ATC TTA GAA AAA GAA ATG GAA ACT GAA GAT GAA ACT ACT GAA ATG AAG CGT GGT AAA AGA TTC 
Sbay                            CTA ACT AAG CCA TCT CAG CCC ATA ACT TTA AAG TAC AGA ATC ATT GGT ATG TAC AAA CCC GGT CGT AAT AAA ATG CGT CAT CTC CCC AAT GTG GAA AGG CCT GAT CGT AAT GAA GGT AAC GAC TCT GGT GCT GCT AGG GTC TAC AAC AAC ACA GAC AAT AAA GGT TGG GGT TTC ACT GAA CGT TTA CAG GAA GGG CCC ACG TAC AAT TTA CAA GGT TCC AAG ATC GAC GAC AAT GAA CGT AAG ATG AGA GAT GAA GAA GAA CCC GCT GGT TTG GAC TCA ATT CCC GGT GTG ATC ATT GAA AAC TCT CAT ATC ACC CCT TGG AAC TAC GAA ATC ATC TTA CAT GGT AAT GGC AGA GAT AAG CAA AGA TTG TAT AGA CCT ACA CAA AGA GTC GAC GTC AAA TCT AAC CAG TAC TTT AAG GGC TTG CAC TAC AAC GTG CCC GAA AAA GCC AAC GTC AGT AGA GTG ACT AAA AGA CGT ATG TTT TAT TTA GAC CAA AGA GCC CAT GAA GAT TCT AAG AAC GTG ACT AAC GAA TTA GAG AAC GAC GTT TTG GAA AGG CCC CCC GAG TTC GAA TTC TCC TCA GAG GCC AAC GAA GTT GAT ACG AAT ATG AAT TTG GCC CAC TCA ACT TTC AAG TTG ACC AAG GAA GAG TAC ATT ATC CGT CGT GTT ACA TGC TTG TAC GTT CAT AAT GGG GGC ATC AAA GAA CAG CCA CGT ACT AAC AAG ACT GCT GCT TAC TTG TAT GGT GAA ACT CAA GAA CTT GAC GAT ATT AGT TGG AAC TGG AAG AAC GCC AGA CGT AAC AGA TCT GAA AAC GAT TTA GCC AAA GAT TAC GAA ATT AAA AAC TAC TGG GCC AAT CTG GAA CGT GAT CGT AGA ACC GAA TTG ATC CTA ACA TCT AAC ATT CTA TTT AAT TCC AAG TTA AGA GGT AAC AAT CAA TTG ACG TAC GGT CTA GAC GGT TTA TTC GCT GTG CAG AAA AAG AAC AAA GAA GCT GTC TGG TTA TTT AAG ACG GCT CCC CAC ATG GGG AGA AGG CCA CCT AAG TCT GAA AAT GAT AAG GAA GAA GAA TCT GAT AGG AAC TTC AGA ATG CCC GAC GAA GAA GAC GAC GAT ATA GCT CCA ATA GTT TGG AAG ACC GGG ATC TTA GAA AAG GAA ATG GAA ACC GAA GAT GGA ACT ACT GAA ATG AAG CGT GGG AAA AGA TTC 
Smik                            CTA ACT AAG CCT TCT CAG CCC ATA ACC TTG AAG TAC AGG ATC ACT GGT AAT TAC AAA CCT GGT CGT AAT AAA ATG CGT AGC TTG CCT AAT GTA GAA AGA CCA GAT CGT AAT GAA GGT AAC TCT TCC GGT GCT GCT AGG GTC TAC AAT AAC ACA GAT AAC AAA GGT TGG GGT TTC ACA GAC CGT TTA CAG GAA GGA CCT ACG TAC AAC TTA AAC GGT TCT AAA ATT GAC GAT AAT GAA CGT AAG ATG AGA GAT GAA GAA GAA CCC GCT GGT CTT GAT TCG ATC CCT GGT GTG ATC ATT GAA AAG TCT CAC ATT ACC CCT TGG AAC TAT GAA ATT ATC TTT AGC GGT AAT GGA AGG GAT AAG CAG AGG CTT TAT AGG CCC ACC AAC AAG GTG GAT GTA AAA TCT AAC CAG TAC TTT AAA GGT TTA CAC TAC AAC GTG CCC GAA AAA GCT AAC GTC AGT AGA GTA ACT AAA AGA CGT ATG TTT TAT TTG GAT AAA AGA GCT AGC GAA GAT GCT AAG AAT GTA ACT AAT GAG TTA GAG AAT GAT ATT TTA GAA AGA CCT CCT GAA TTC GAA TTC TCA TCA GAA GCA AAC GAG GTT GAT ACA AAC ATG AAT TTA GCC AAT TCA ACA TTC AAA CTT ACC AAG GAA GAA TAC ATT ATC CGT CGT GTT ACA TGC TTG TAC GTC CAT GAC GGG GGT ATT AAA GAA CAA CCA CGT ACT AAC AAA ACT GCT GCA TAC TTA TAT GGT GAA ACT CAA GAA CTC GAT GAT ATT AGT TGG AAG TGG AAA AAC GCA AGG CGT AAT AGA TCC GAA AAT GAT TTG GCC AAA GAT TAC GAA ATT AAA AAC TAT TGG GCC AAT CTA GAA CGT GAT AGA AGA ACT GAG TTG ATT CTA ACA GCT AAC ATT CTT TTT GAC TCC AAG TTA AGG GGT AAC AAC CAA TTA ACG TAC GGT CTA GAT GGT TTA TTC GCT GTG CAA AAG AAG AAC AAA GAA GCT GTA TGG CTT TTC AAG ACG GCT CCT AAT ATG GGT AGA AGG CCA CCC AAG GCT GAG AAC GAT AAG GAG GAG GAA TCT GAT AGG AAC TTC AGG ATG CCC GAT GAA GAA GAT GAT GAT ATA GCT CCT ATA GTT TGG AAG ACC GGA ATC CTA GAA AAG GAA ATG GAG ACC GAA GAT GAG ACT ACA GAG ATG AAA CGT GGG AAG AGG TTC 
Spar                            CTC ACT AAG CCT TCA CAG TCA ATT ACC CTA AAG TAT AGG AAG ATC GGT AAT TAC AAA CCT GGC CGT AAT AAA ATG CGT AGC TTG CCT AAT GTG GAA AGG CCA GAT CGT AAT GAG GGT AAT TCT TCT GGT GCC GCT AGG GTT TAC AAC AAC ACA GAC AAT AAA CCA TGG GGT TTC ACT GAA CGT TTA AGA GAG GGG CCT AAA TAC AAT TTA AAC GGT TCC AAA ATT GAC GAC AAT CCT CGT AAA ATG AGG GAT GAA CCT GAA TCA GCT GGT TTG GAT TCA ATC CCT GGA GTG ATT ATT GAA AAA TCT CAT ATT ACC CCT TGG AAT TAT GAG ATT GTT TTT AGC GGT AAT GGA AGA GAT AAG CAA AGG TTG TAT AGG CCC CCA AAC AAG GTG GAC GTT AAA TCT AAC AGA TAT TTT AAG GGC CTA CAG TAC AAC GTG TCA GAG AAA GCC AAC GTT AGT AGG GTG ACT AAA AGA CGT ATG TTT TAT TTA GAC AAG AGA GCT AGC GAA GAT GCT AAA AAC GTG ACT AAC GAG TTA GAA AAC GAC ATT TTG GAG AGG CCT CCT GAA TTC GAG ATG TCA TCA GAA GCA AAC GAA GTT GAT TTG AAC ATG AAT CTA GCT AAC TCA ACT TTC AGA TTG ACC AAA GCT GAA TAT ATC GTT CGT CGT GTG ACT TGT ATG TAC GTT CAT GAC GGG GGT ATT AAA GAA AAA CCA CGT ACT AAC AAA ACT GCC GCG TAC TTG TAT GGT GAA ACC CAA GAA CTT GAT GAT ATT AGT TGG AAA TGG AAA AAC GCA AGG CGT AAC AGA TCT GAA AAC GAT TTA GCC AAA GAT TGG GAG ATT AAG AAT TAT TGG GCT AAT CTA GAA CGT GAT AGA AGA ACC GAA ATG ATT TTA ACA GCT AAC ATT CTG TTT GAC AAC AAG TTA AGA GGT AAC AAT CAA TTG AAA TAC GGT CTA GAC GGT TTG TTC GCT GTG AAA CTA AAG AAC AAA GAA GCT GTT TGG CTT TTC AAG ACG GCT CCT AAC ATG GGT AGA AGG CCA CCC AAG GCT GAG AAC GAT AAG GAA GAA GAA TCT GAT AGG AAT TTC AGG ATG AGT GAT GAG GAG GAT GAC GAT ATT GCT CCT ATT GTT TGG AAG ACC GGG CCA TTA GAG AAG GAA ATG GAA ACT GAA GAT GAA ACT ACT GAA ATG AAG CGT GGG AAA AGA ATG 
Ncas                            CTT AAT AAG CCT TCC AAG CCC ATT ACT CTA AAG TAT AGA ACG AGG GGG AAC TAT AAG CCA GGT CGT AAT AAA ATG CGT AGT CTA CCA AAT GTC GAT AGA CCA GAC CGT AAC GAA GGT AAT ACC ACC GGT GCT TCG AGG GTC TAC AAT AAT ACT GAT AAC AAG GGT TGG GGT TTC ACT ACA CGT TTG CAA GAA GGG CCA ACG TAT AAC GTG GGG GGC TCT AAA ATT AAT GAT AAT GAG CGT AAA ATG CGG GAT GAA GAG GAG CCC GCA GGG TTG GAT TCA ATC CCA GGT AAG ATT CTT GAA AAA TCT CAT ATT ACC CCA TGG AAT TAT GAG ATT ATT TTC AGT GGG AAT GGG CGA GAT AAG CAA AGA TTG TAT AGA CCA ACT GGG AAA GTT GAT GTT AAG TCT AAC CAA TTT TTT AAA GGA TTA CAT TAC AAC GTG CCC GAG AAA GCC GAG GTT GCA CGG GTC ACT AAA CGA CGT ATG TTT TAT TTA GAT AAG AGA ACT AGT GAA GAT GCC AAG AAT GTC AAT AAT GAA TTG GAA AAT GAT ATT CTT GAA AGA CCA CCT GAA TTT GAA TTC TCT AGT GAA GCA AAT GAA GTG GAT ACC AAC ATG AAC TTA GCA CCC AGT ACT TTT AAA TTG ACC AAA GAA GAA TTT ATC ATT CGT CGT GTG ACT TGC ATG TAT GTT CAT GAT GGG GGT ATT AAG GAG CAA CCA CGT ACT AAC AAA ACA GCT GCT TAC CTT TAC GGT GAG ACT AGA GAA GCG GAT GAC ATT GCA TGG AAA TGG AAA AAT GCA AGA CGT AAT CGA ACC GAA AAT GAT TTA GCT AAG GAT TAT AAT CTT GAA AAT TTT TGG GCA CGA TTG GAA CGT GAT AGA AGG ACA GAA ATG ATC TTA ACT GCC AAC CTT ATT TAC GAT TCT AAG GTG CGA GGT AAT AAC AGA CTT ACG TAC GGG CTA GAT GGT CTA TTC GCC AAG CAA AGG AAG GAG AAG GAT GCA GTT TGG TTG TTC AAG ACT TCG CCA CCC ATG GGT AGA AGG CCA CCA AAG GCC GAA AAT GAT AAG GAA GAA GAA AGT GAT AGA AAT TTT AGA ATG CCA GAT AAT GAG GAT GAT GAT ATT GCA CCT ATT GTG TGG AAG ACT GGG ATT CTG GAG AAG GAA ATG GAA ACT GAA GAT AAC ACT ACT GAA CTG AAG CGT GGG AAA CGA TTC 
Cgla                            TTG ACT AAG CCT TCC CGT CCC ATC ACT CTA AAG TAC AGA ATC GTG GGT AAC TAC AAA CCA GGT CGT AAT AAA ATG CGT CAT CTA CCT GTG GTG GAG AGG CCA GAC CGT AAT TCT GGT AAC GAT TCC GGT GCT GCT AGA GTT TAC AAC AAC ACA GAT AAC CAA GGT TGG GGT TTC ACT GAA CGT ATG CAG GAA GGT CCA ACC TAT AAC GTC GGT GGT TCC AAG ATT GAG GAT AAT GAC CGT AAG ATG AGA GAC GAA GAC GAG CCC GCC GGT CTA GAC TCC ATC CCA GGT GTC GTT CTA GAA AAC TCT CAT ATC ACC CCT TGG AAC TAT GAG ATC ATT TTC CAT GGT GTG GGC AGA GAT AAG CAA AGA CTA TTC AGA CCA ACT GGT AAA GTT GAT GTG CAA TCT AAC CAG TAC TTT AAA GGT CTA CAC TAC AAT GTG CCC GCA AAA GCT AAC TCG GAG AGA GTG ACC AAA AGA CGT ATG TTC TAC TTA GAT AAG AGA ACA CAT GAA GAT GCT AAG AGT GTG ACT AAT GAG ATG GAG AAC GAC ATT CTG GAA AGA CCA CCT TAC TTT TCT TTT TCA AAT GAG GCT AAC GAA GTT GAT ACG AAC ATG AAT CTA TCA CCG AAT ACC TTC AAG TTG ACC AAG GAG GAG TAC ATC ATT CGT CGT GTT ACC TGC TTG TAT GTT CAT GAT GGT GGT ATT AAA GAG CAA CCA CGT ACT AAC AAG ACT GCC GCG TAC CTG TAT GGT GAG AAG CAA GAA CCA GAT GAT GCA GAG TGG AAC TGG CTG AAC GCT AGA CGT AGT AGA TCC GAA AGT GAT TTA GCT AAA GAT TAC AAC CTA GAG AAC TAC TGG TCA AAT CTT GAG CGT GAT CGT AGA ATA GAA TTG ATC TTG ACA GCT AAC CTA ATT TTC GAT TCC AAG GTC AGG GGT AAC AAC CAA CTG ACC TAC GGT CTA GAC GGT CTA TTC GCT GTC CAA CAG AAG AAC AAG GAA GCC GTG TGG TTG TTC AAG ACT GCT CCA CCG ATG GGT AGA AGA CCC CCA AAG GCT GAG AAT GAT AAG GAA GAG GAG AAA GAT AGA AAC TTC AGA CTT CCT GAT AAC GAG GAT GAC GAT ATC GCC CCT ATC GTT TGG AAG TTG GGT ATC CTG GCA AAG GAA ATG GAG ACT GAA GAT AAA ACC ACC GAG ATG AAG CGT GGT AAA AGA TTT 
Agos                            CTC AAC AAG CCG TCC GAG CCG ATT ACG TTG AAG TAC AGG CTG GTG GGA AAT TAC AAA CCA GGA CGT AAC AAG ATG CGT AGC ATT CCT CAG GTG GAG AAG CCC GAC CGC AAT GAA GGG AAC AAT CGG GGC GCC TCG CGC GTA TAC AAT AAC ACC GAC AAC AGA GGC TGG GGC TTC ACA ACG CGC CTG CAG GAA GGT CCA ACG TAC AAC GTG AAC GGC TCG AAG ATC GAC GAC AAC GAG CGC AAG ATG CGG GAC GAG GAG GAG CCG GCC GGA CTG GAC TCC ATT CCA GGC GTC ATC ATT GAA AAG TCC CAT ATA ACG CCT TGG AAT TAC GAG ATA ATC TTC AGC GGT CAG GGT AGG GAC CAG CAA AGG CTG ATC AGG CCA ACA AAC ATT GTG GAC GTC AGA TCC AAC CAG TTT CTG CGC GGC CTG CAC TAC AAC GTC CCG GAG GTG GCC AAC GTT GAA CGG GTG ACT CGG CGG TCC ATG TTC TAT CTG GAC AAG CGC GCG AGC GAG GAC GCC AAG AAC GTG AAC AAC GAG CTG GAA AAT GAC ATG TTG GAG AGG CCA CCC GAG TTC GAA TTT TCA AAG GAG GCT AAT GAA GTC TCA ACG AAC ATG AAT CTG TCT CCT AAG ACC CTA AAG TTG ACG AAG GAG GAG TTT ATT ATC CGT TCC GTG ACT TGC ATG TAC GTG CAC GAC GGT GGG ATC AAA CAG CAG CCC CGC ACG AAC AAG ACC GCG GCG TAC TTG TAC GGC CAG ACG CAG GAG AGA GAC GAC ATC GAA TGG AAG TGG CAG AAT GCT AGG CGT AAC CGG CGG GAG AAC GAC CTG GCG AAA GAC TAC AAC ATT AAC AAT TAC TGG TCT AAC CTG GAG CGC GAC CGT AGG ACC GAG ATG TTA CTC ACC GCC AAC ATT GCG CAC GAC GCG CAG GTG CGG GGG AAC AAC CAG TTG ACG TAC GGA CTG GAC GGG TTG TTC GCC GTC CAG CGG AAG AAC AAA GAC GCC GTC TGG CTG TTT CAG ACG TCG CCA CCT TGC GGT CGC AGA CCC CCA AAA GCC GAG AAC GAC AAG GAG GAG GAG CGC GAC AGG AAT CTA CGG CTA CCC GAC AAC GAG GAC GAC GAT ATT GCC CCG ATT GTC TGG AAA ACT GGT GTG CTA GAG CAG GAG ATG GAG AAG GAG GAC GAG ACT ACC GAG ATG AAG CGC GGT AAG AGG TTT 
Klac                            CTG ACT AAG CCA TCT GAG CCG ATT ACA CTA AAG TAT AGA ACT ACG GGT AAC TAC AAG CCT GGT CGT AAT AAG ATG CGT AGT ATT CCT CAG GTG GAA AAA CCA GAT CGT AAT GAT GGT AAC GAT AAG GGT GCC TCC AGA GTG TAC AAC AAC ACC GAT AAC AGA GGA TGG GGT TAC ACT GAT CGT TTG CAG GAA GGT CCT ACG TAC AAC GTG ACC GGT TCC AAA ATT GAT GAT AAT GAT CGT AAA ATG AGA GAT GAA GAT TAC CCG GCA GGT CTT GAC TCT ATC CCT GGT GTT ATT ATC GAA ACA AGT CAT ATT ACA CCA TGG AAT TAC GAA ATT ATC TTC AGT GGT CAG GGT AGA GAT AAG CAA AGA CTT TAC AGA CCT ACT ACC AAA GTT GAT ATC AGA AGT AAC CAG TAT TTC AAA GGT TTG CAC TAC AAT GTT CCG GAG AAC GCC AAT GTT GAG AGA GTG ACC AGA CGA CGT ATG TTC TAC TTG GAT AAG AGA TCT AGT GAA GAC GCT AAG AAT GTG ACT AAC GAA TTG GAA AAC GAT GTT TTG GAA AGA CCT CCA GAA TTC GAT TTC TCC AAG GAG GCC AAC GAA GTG AGA CAA AAT ATG AAT TTG TCA TCT AAG TCT TTG AAA TTG ACA AAA GAG GAG TAT ATC ATC CGT CGT GTT ACT TGT ATG TAC GTT CAT GAT GGG GGT ATT AAG GAA GAG GCA CGT ACT AAC AAA ACC GCT GCA TAC TTG TAT GGT GAA ACT CAA GAG CTC GAT GAT ATT GAG TGG ACA TGG AAG AAC GCC AGA CGT AAT CGA AAG GAG AAT GAT TTG GCT AAG GAC TGG AAC ATC AAT AAT TAC TGG TCA AAT TTA GAG CGT GAT AGA CGT ACA GAA ATG ATC TTG ACC GCT AAC ATC GCC CAT GAT TCT AAG GTG CGG GGT AAC AAC CAA TTG ACG TAC GGT TTG GAT GGT CTA TTC GCC GTT GAG AGA AAG AAT GAA GAT GCA ATC TGG TTA TTT AAG ACC TCC CCT TCT TTT GGA AGA AGA CCA CCT AAG GCT GAA AAC GAC AAG GAA GAG GAG AGG GAT AGG AAT TTG AGA ATG CCT GAT AAC GAA GAT GAC GAT ATT GCA CCA ATT GTG TGG AAG ACT GGT ATT CTA GAG AAG GAG ATG GAG AAG GAG GAT GAA ACC TCT GAG ATG AAG CGT GGG AAG AGA TTC 
Calb                            CTT AAA AAA CCA TCA GAA CCA ACT ACT GTT AAA TAT AGA TCA TAT GGT AAT TAT CTG CCT GGA AGA AGT AAA ATG AGA AAA ATC CCA CAA ATT GAT AAG CCA GAC CGT AAT GAT GGA AAT GAT AGC GGG GCT TAT AGA ATG TAT GGT TCA ACT GAT AAC AAA GGG TAC GGG TTT AAT AAT CGT GAA CAA GAA GGG CCT AAG TAC AAC GGT AAG GGT TCA AAA ATA AAC CAA AGT GAA CGT AAA ATG TTA GAT GAA GAA ATA CCA GCT GGT TTT GAT TCT ATT CCT GGT AAT ATT TTG GAA ACC TCT CAT ATT ACC CCA TAT AAC TAT GAA ATT ATC TTT AAA GGT CAA GGT CGT GAT AAA AGT AGA TTT GAT AGA CCC ACT AAG AAA GTG GAT GTT AAA TCT AAT CAA TAC TTT GAG GGC TTG CAT TAT AAT GTT CCA GAA CCA GCT AAT ATT GCT TTA ATT ACG AGA AGG AAG ATG TTC TAT TTA GAT AAG AGA ACC AAA AAA GAT GCA AAT TAT ATT AAA AAT GAA GAA GAA GGT GAC ATT TTA GAA GGT CCT CCC GAA TTC GAT TAC TCA AAT GAA GCT AAT GAA GTG GCC GAT AAT ATG AAT TTG AAA GAA AAT TCA TTT AAA TTA ACC AAA GAA GAA TAC ATT ATC AGA AAG GTC ACT TGT CTA TAC GTT CAT CAA GGT GGT ATA CTG GAA CAA CCT AGA ACT AAC AAA ACT GCC GCA TAT TTA TAT GGG GAA ACC CCT GAA AAA GAT GAT ATT GCT TGG ACC TGG AAA AAT GCT AGA CGT TAT AGG AGC GAA TAT GAT TTA GCC CTG GAT AAT GAT TTG GGG AAC TTC TAC AAA TTT ATT GAA AGA GAT AGA AAG ACT ACC CTA ACT TTG ACT GCA AAT TTG AAT TAC CAA CCT AAA GGT AGA GGT TCA AAC CCT TTA AAG TAT GGT TTA GAC GGA TTA TTT GCT AAT CAA GTA AAA AAT AAA GAT GCT GTT TGG TTG TTT AAA AAT TAT CCT GAA AAA GGG AGA AGA CCA CCC AAA GCA GAA AAT GAT AAA ACC GAA GAA GTG GAT AGA AAC TTT CGT TTA CCA GAT GAT GAA GAT GAT GAT ACT GCT CCA ACT GTG TGG AAA ACT GGG CCT ATT GAA AAA GAA ATG GAA CGT GAA GAT AAC ACG TCA GAA GGA AAG CGT GGT AAA CGT TAC 



Printing out site pattern counts


         9        753  P

Scer                            AAA AAA AAA AAA AAA AAA AAA AAA AAA AAA AAA AAA AAA AAA AAA AAC AAC AAC AAC AAC AAC AAC AAC AAC AAC AAC AAC AAC AAG AAG AAG AAG AAG AAG AAG AAT AAT AAT AAT AAT AAT AAT AAT ACA ACA ACC ACC ACC ACC ACC ACC ACG ACT ACT ACT ACT ACT ACT ACT ACT ACT AGA AGA AGA AGA AGA AGA AGC AGG AGG AGG AGG AGG AGG AGG AGG ATC ATC ATC ATC ATG ATG ATG ATG ATG ATT ATT ATT ATT ATT ATT ATT ATT ATT ATT CAA CAA CAA CAC CAG CAG CAT CAT CCA CCA CCA CCC CCC CCC CCT CCT CCT CCT CCT CGT CGT CGT CGT CGT CTA CTA CTA CTA CTC CTG CTT CTT GAA GAA GAA GAA GAA GAA GAA GAA GAA GAA GAA GAA GAA GAA GAA GAA GAA GAA GAA GAA GAA GAA GAA GAA GAC GAC GAC GAC GAC GAG GAG GAT GAT GAT GAT GAT GAT GAT GAT GAT GAT GCC GCC GCC GCC GCT GCT GCT GCT GCT GCT GCT GCT GGA GGA GGC GGC GGG GGT GGT GGT GGT GGT GGT GGT GGT GGT GGT GGT GTC GTG GTG GTG GTG GTG GTT GTT GTT GTT TAC TAC TAC TAT TAT TAT TAT TAT TAT TAT TCA TCA TCA TCA TCC TCC TCT TCT TCT TCT TGC TGG TGG TGG TGG TTA TTA TTA TTA TTA TTA TTA TTC TTC TTC TTC TTC TTC TTG TTG TTG TTT TTT TTT TTT 
Sbay                            ... ... ... ... ... ... ... ... ..C ..G ..G ..G ..G ..G ..G ... ... ... ... ... ... ... ... ..T ..T ..T C.A C.. ..A ... ... ... ... .GA C.A ..C ..C ..C ... ... ... ... .TG ... ..G ..A ... ... ... ..G ..T ..A ..C ..G ... ... ... ... ... ... ... ... ... ... ... ..G C.T CAT ..A ..A ..A ..A ... ... ... ... ..A ... ..T ..T ... ... ... ... T.. ..C ..C ..C ..C ..C ..C ... ... ... G.. ... ... ..G ... ... ... ... ... ... ... ..T ... ... ..T ..A ..C ..C ..C ... ... ... ... ... ... ... ..G T.. T.G ..A T.. ... T.A ... ... ... ... ... ... ... ... ... ... ... ... ... ... ... ... ... ... ... ... ..G ..G ..G .G. A.T ... ... ... ... ..A ..A ..C ..C ..C ... ... ... ... ... ... ... ... ... ..T ..T ..C ..C ..C ... ... ... ... T.. ..C ..C ... ..T ... A.. ..G ..G ... ... ... ... ... ... ... ... ... ..C ... ... ... ..T ..C ..C ... ... ... ... ... ..C ..C ..C ..C ... ... ... ... ... ..C ..T ... ... GAC ... ... ... ... .AC ... ... ... C.. ... ... ... ... ... ..G ... ... ... ... ... ..T C.A C.C ... ..A ... ... ... 
Smik                            ... ... ... ... ... ... ... ..G ..G ... ... ... ..G ..G ..G ... ... ... ... ... ..T ..T ..T ... ... ... ... ..T ... ..A ..A ... ... ... ..A ..C ..C ..C ... ... ... ... ... ... ... ... ... ... ..T ..G ... ..A ..C ..G ..A ..A ... ... ... ... ... ... ... ..G ..G ... ... ... ..A ..A ... ... ..A ... ... ... ..A ... .CT ... ... ... ... ... T.. ..C ..C ..C ... ... ... ... ... ... ... ... ..G ... ... ... ... ..C ... ... ... ... ... ... ... ... ... ... ... ... ... ... ... ... ... ... ... T.G T.. ..A ..T ..C ... ... ... ... ... ... ... ... ... ... ... ... ... ... ... ... ... ..C ..G ..G ..G ... ... ..G ..G ... ... ..T ..T ..T ..A ... ... ... ... ... ... ... ... ... ... ... ... ..T ..A ..T ..A ..C ... ... ... ... ... ... ... ..T ..T ..T ..A A.. ..G ... ... ... ... ... ... ... ... ... ..A ... ..A ... ... ..T ..C ..C ..C ... ... ... ... ..C ..C ... ... ... ... ... ... ..G ... ..T ... ..T ... ..C ... ... ... .AC ... ... ... C.. C.. ... ... ... ..G C.T ... ... ... ... ... ... C.T ... ..A ... ... ... ... 
Spar                            ... ... ... ... ... ... ..G ... ... ... ... ..G ... ... ..G ... ... ... ... ..T ... ... ... ... ... ..T ... ... CTA ... .GA ... ... ... ... ..C ..C ... ... ... ... ... ... ..T TTG C.A ... ... ... ..G ... ..A ... .AA ... ... ..C ... ... ... ... ... ..G ... ... ..G ... ... ..A ..A ... ... ... ... ... ... ..T CCA ... ... ... ... ... ... ... .AG ... G.. ... ... ... ..C ... ... ... ... ... A.. ..G AGA ... ... ... ... ... ... AGT T.A ... ... ... ... ... ... ... ... ... ... ... ... ... ... ... ... T.. ... ... ... ... ... ... ... ... ... ... ... ..G ..G ..G ..G ..G ..G .CT ... ... ... ... ... ... ... ... ... ... ... ... ... CCT ... ..C ... ... ... ... ... ... ... ... ... ... ... ..G ..T ..A ... ... ..C ..C ... ... ... ... ..C ..T ... ... A.. ..G ... CCA ..A ... ... ... ... ... ... ..T ... ... ... ... ... ... ... ... ... ... ... ... ... ... ... ... ... ... ... ... ... ... ... AA. ... ... ... ... ... ..T ... ... ... ... ... ... ... ... ..G ... ..G A.G ... ... ... ... ... C.. ... ... ... ... ... ... 
Ncas                            ... ... ... ..G ..G ..G G.. ... ... ... ... ... ... ..G ..G ... ... ... ..T ..T ..T ..T ..T ... ..T ... GGG CC. .G. ... ..A ... ... ..A ... ... G.G ... ..C ... ... CGA ..C ..T ..C ..T ... ..T ..A ..T ..T ..T ... ..G ... ... ... .A. ..A ... ... ... C.G C.. C.. ... ... ..T ... C.A ..A ..A ..A ..A ... ... ..T ..T .GG ... ... ... ... C.. ... .CG ... ... ..C ... ... ..C ... C.. ... AG. ... ... ..T ..A A.. ... ... ... ... ... ..A ... ..A ... ..A ..A ... ..A ... ... ... ... ... ... T.G ... T.. ..T T.. GCG T.G ... ... ... ... ... ..G ..G ..T ..T A.T ... ... ... ..G ..G ... AC. ... ... ... ... ... ... A.C ..T A.T ..T ..T ..T ... ..A ... ... ... ..C ..C ... ... ... ... ... ..T ... ..T ..A ..A ..A A.. ... ... ..C T.G ..C ..G ... ..T ..T ... .CA ..G ... ... ... ..C ..G ..G ... ... ... ..T ..T ..C AA. ... ... ..C ... ... ..G ... ..T ..T ... .T. ... .T. ..C ... ... AGT ... ..T ..C ..T ..T A.C A.C AG. ... ... .AT ... ... ... ... C.G G.G ..G C.. ... ..G ... ... ... ..T ..T ... A.T C.A C.T ..C .AC ... ... 
Cgla                            ... ... ... ... ..G C.. G.G ... ..C ..G CTG ... ..G ..G ..G ... ... ..T ... ... ... ..T .GT ... ..T ... GGT CCG C.. ... ... ... ... ..A ... ..C ..C ..C ... ... GTG ... ..C ..C ..G ..T ... TTG .TA ..T ..T ..A ... ..C ..C ... .AG ... ... ..C ... ... ... ... ..G ... C.T CAT ..A ..A ..A ..A ... ..A ..A ..A ... ... G.G ... ... ... C.T ... T.. ..C G.. ... ..C ..C ... ..C GCA C.A ... ... ... ... ... ... .GT ... ... ... ..C ... ..T ... ..A ... ..A ... ... ... ... ... ... ... ... ... ..T ... ... T.G ..A .CA T.G ... ... ... ... ..G ..G ..G ... ..G A.C ... ... TCT ..G .C. ..G ... ... ... ..G ..G T.C ..G A.. ..T ..G ... ... ..T ..C ... ... ..C ... ..C ... ..C ... ... ... ... ..T ..T ..G ... ... T.A A.A ..C ... ... ... ... ..C ..T ..T ..T ..T .AG ... ... ... ... ... ... ... ... ... ... ..G ..T ... ..C ... ..T ... TCG ... ... ... ... ..T ..C ..C ... ..C ... ..C .TC AAT ..C ... ..C ... ... GA. ..C AAA ... ... .AC ... ... ... ..G C.G G.C A.G C.. ... ..G ..T ... ... ... ..T ... A.T C.A C.. ..C ..C ..C ... 
Agos                            ..G CGG GTG ... ... .G. ..C ..G ..G ..G C.G CGC ..G ..G C.G ... ... ... ..T ..T ..T ... ... ... ... ... ... CCT CG. ... ... ..A ... .TT ... ..C ..C ..C ... ..C C.G ..C ... ..T ..G ..A ..G ..T ... ..G ..G ..C .AG ..G ..C ..A ..G .AC ..C ... ..G C.C C.G ..G C.G ..G C.T ... ... C.. ... C.. .A. ... ..A C.C ..T G.G G.G ..T ... TGC C.A ... ... C.G ..C ..C T.A ..A ..C ... ..C ... ..G ..G ... ..G ... ... G.. ... ..C ..C ..C ..C ... ..G ..A ..G ..A ... ..C ... ..C ..C ... ... TCC ..G ..G T.G ..G ... ... AGA ..G ... ..G ..G ..G ..G C.G ..G ..C ..G A.C ... ..G ... ..G ..G ..G ACG ... ..G ..G ..G ..G ... ..G ... ... ... ... ... ... ... ..C ..C ..C ..C ..C ..C ..C ..C ... TCA ..G ... ..G ... ... T.. ..G ..G ..C ..C T.G ..C ..T ..C ..G ..A ..T .AA ... ... ..C ..C ..C ..A ... ..C ..G ..G ... ... ... ..C ..C ... ..A ... ..G ..C ... ... ... ..C .T. ..C ..C ..C ... ATC AAG ..C ... ..C G.G ..G AA. CGG CGC ..C ... .AC ... ... ... C.C C.. G.G C.G ..G C.G ..G ..T ... ... C.A ... ..T GC. A.T ... ..C CAC ..C C.G 
Klac                            ..G .G. ..C ..G G.. .G. ..T ..G .C. ... ..G ... ... ..G ..G ... ... ..T ... ..T ... ... ..T ..T ... ... .C. TCT .GA ... ..A ... ... ..A ... ..C ... ..C ... ... C.G ... ..C ..T CA. ..T ..A ..T ..A ... ..A ..C .AG ..G T.. ... ... ... ..C ..C ... ... ... ... C.G ... ... ..T C.T C.A ..A ..A .AA ... ..A ..A ..T ..T .CG ... ... T.T ... ... ... .C. ... ..C ..C ... ... ..C ... ..C G.. ... ... G.G ... ... G.. ... ... G.. ... ... ..T ..G ..T ..A ... ... ..A ..A ... ... ... ... ... T.G T.. ... T.G ..G ..T ..C T.A ... ... ... ..G ..G ... T.C ..T ... A.C ... ... ..T ... ..G ..G ..T ... ... ..G ..G ... ... ... ..T ..T ... ..T ..T ..T ..A ... ..C ... ... ... ... ..C ... ... AGA ..T ... ..A ..A ..C T.A T.. ... ..C ..C T.C ... ..T ..T ..T ..T ..T .AG ..G ..A ..A ... ... ... ... ... ... ... A.. ..T ... ..T ..T ..T ..G ... ... ..G ... ... ... ... ... ..C ..C ... ..C ..C AAG ..T ..C ..T ..T ... GA. AAG AGG AG. ..T ... ... ... ... ..G C.. G.G ..G C.. ..G ..G ... .A. ... ..G ... ..T GCC A.T ... ..C CA. ..C ..C 
Calb                            ... .G. CC. CTG ... ... GGG ... .CC ... ... G.G ... ..T ... ... ..T ..T ..T ... GGT ..T T.T ..T ..T ... ..G G.A GTA ... ..A ..A ..A ..A ... TCA ... ... ... .G. C.A TT. ... ..T GAT ..T ... ..T ..T .AT ..T ..T CG. .AG T.A .A. ..C .AA ... ..G ... ... TT. C.T ... G.T ... .AA .A. ... ..A C.T .A. ..A ..A ..A .CT CCT TAT ..T ... .AA T.A GGA C.A TCA ... ..C .C. ... ..A ... ... T.G ... .CT AGT ... ..T ..A G.A ... ... ..T ... ... ..A ..A ... ..A ... ..A ..C ..A A.A ... A.A ... AAG T.. A.T G.T T.G ..T T.T AAA T.G ... A.. ... ... ... ... AT. ..T ..T ..T ... ... ..T ... ... ... A.T ... ACC ... ... ... ... A.C C.A A.. ..T ... ..T ..A ..A C.A ... ... ..C ... ... ... ... ... .CC ... ..T ..A ..T ... AAA A.C ..C ... ... TA. ..A ..T ..C ..T ..A ... .C. ... ..G ..G ... ... ... ... ..G ..A ... ..T ... A.T AAT ..T ..C A.G A.. ... ..G ..T ..T ... ... ..C ... .TC ... ... G.. AAT ..T ... ... C.T ..A GA. AGC GTG ... ..T AAT .AC .AT ... ..G A.T GGT GA. ... ... ... .A. ..T ..T ..T ... ..T AAT A.C ..A ... .AC ..C ... 

    1    1    1    3    1    2    1    1    2    2    1    1    2    1    4
    1    2    1    2    3    2    1    3    1    1    3    2    2    1    1
    1    2    4    1    1    2    2    1    2    2    2    1    1    1    1
    1    2    1    1    1    1    2    1    2    2    1    1    2    1    2
    1    2    2    2    1    1    1    3    1    2    4    1    1    1    1
    1    3    1    1    1    5    1    1    1    2    1    1    2    1    2
    2    1    1    3    1    2    1    2    1    2    1    1    1    1    1
    1    1    3    2    2    5    1    1    1    2    4    3    1    2    1
    1    1    2    1    2    1    1    1    1    1    4    2    2    1    1
    1    2    1    1    2    2    2    1    1    1    2    3    2    1    1
    1    2    1    1    2    3    2    2    1    1    3    1    1    1    3
    5    1    1    1    1    1    3    2    2    1    1    1    1    2    3
    1    1    1    1    2    2    2    1    1    1    1    3    1    3    2
    1    2    1    3    2    1    1    1    1    1    2    4    1    2    1
    2    1    1    1    1    1    2    1    1    1    1    1    1    2    1
    2    1    1    2    1    4    1    1    2    2    1    2    1    2    1
    1    2    1    1    1    1    3    1    1    1    1

CODONML (in paml version 4.9j, February 2020)  temp.nuc
Model: One dN/dS ratio, 
Codon frequency model: Fequal
ns =   9  ls = 393

Codon usage in sequences
--------------------------------------------------------------------------------------------------------------------------------------
Phe TTT   4   4   4   4   8   4 | Ser TCT   6   9   6   6   5   4 | Tyr TAT   8   3   5   8   8   4 | Cys TGT   0   0   0   1   0   0
    TTC   8   7   8   6   6   9 |     TCC   2   3   3   1   1   6 |     TAC   7  13  11   7   6  12 |     TGC   1   1   1   0   1   1
Leu TTA  10  11  10   8   5   2 |     TCA   5   3   3   8   1   3 | *** TAA   0   0   0   0   0   0 | *** TGA   0   0   0   0   0   0
    TTG   5  10   6   9   7   7 |     TCG   0   0   1   0   2   1 |     TAG   0   0   0   0   0   0 | Trp TGG   8   7   7   8   7   7
--------------------------------------------------------------------------------------------------------------------------------------
Leu CTT   2   1   5   2   7   2 | Pro CCT  10   4  10  12   3   6 | His CAT   2   5   1   2   3   5 | Arg CGT  12  13  12  12  12  14
    CTC   1   1   1   1   0   0 |     CCC   6  11   6   2   5   4 |     CAC   1   3   2   0   0   1 |     CGC   0   0   0   0   0   0
    CTA   5   4   5   6   4  11 |     CCA   3   4   3   6  13  10 | Gln CAA   5   6   4   3   5   7 |     CGA   0   0   0   0   6   0
    CTG   2   1   0   1   2   5 |     CCG   0   0   0   0   0   2 |     CAG   3   5   4   2   0   3 |     CGG   0   0   0   0   2   0
--------------------------------------------------------------------------------------------------------------------------------------
Ile ATT  15   7  11  14  14   6 | Thr ACT  13  11   9  11  16   9 | Asn AAT  13  14  16  15  24  10 | Ser AGT   0   2   2   3   6   3
    ATC   6  10   6   3   3  10 |     ACC   7   5   6   6   6   9 |     AAC  24  22  21  23  12  24 |     AGC   3   0   3   3   0   0
    ATA   0   3   3   0   0   1 |     ACA   2   4   7   2   3   3 | Lys AAA  24  12  17  22  14  11 | Arg AGA   9  16  10  12  13  18
Met ATG  10   9   8  12   9   9 |     ACG   2   4   3   1   3   1 |     AAG  11  19  18  16  22  20 |     AGG  12   5  11  12   5   2
--------------------------------------------------------------------------------------------------------------------------------------
Val GTT   5   5   3   9   5   7 | Ala GCT  13   9  13  13   4  11 | Asp GAT  18  13  24  17  26  21 | Gly GGT  18  14  17  13  11  23
    GTC   2   5   3   0   4   4 |     GCC   6   7   3   4   5   4 |     GAC   9  13   4  10   2   8 |     GGC   2   3   0   2   1   1
    GTA   0   0   5   0   0   0 |     GCA   0   0   3   2   9   3 | Glu GAA  37  36  30  26  27  14 |     GGA   2   1   3   2   1   0
    GTG   8   6   4   8   6   9 |     GCG   0   0   0   1   1   1 |     GAG   4   4  10  12  11  21 |     GGG   2   5   2   4  11   0
--------------------------------------------------------------------------------------------------------------------------------------

--------------------------------------------------------------------------------------
Phe TTT   5   2  10 | Ser TCT   2   8   3 | Tyr TAT   1   4  16 | Cys TGT   0   1   1
    TTC   5   7   3 |     TCC   6   4   0 |     TAC  12  13   9 |     TGC   2   0   0
Leu TTA   1   2  11 |     TCA   2   2   8 | *** TAA   0   0   0 | *** TGA   0   0   0
    TTG   6  14   7 |     TCG   3   0   0 |     TAG   0   0   0 | Trp TGG   7   8   4
--------------------------------------------------------------------------------------
Leu CTT   0   2   1 | Pro CCT   4   9  10 | His CAT   1   3   3 | Arg CGT   5  13   9
    CTC   2   1   0 |     CCC   5   0   3 |     CAC   3   1   0 |     CGC  11   0   0
    CTA   4   3   2 |     CCA   7   6  11 | Gln CAA   1   4   9 |     CGA   0   2   0
    CTG  13   1   3 |     CCG   5   3   0 |     CAG  15   4   0 |     CGG  10   1   0
--------------------------------------------------------------------------------------
Ile ATT  10  11  13 | Thr ACT   4   9  13 | Asn AAT  11  16  24 | Ser AGT   0   5   3
    ATC   7  10   3 |     ACC   6   8   8 |     AAC  28  19   9 |     AGC   3   0   2
    ATA   2   0   3 |     ACA   2   6   0 | Lys AAA   6   8  32 | Arg AGA   4  20  17
Met ATG   9   9   6 |     ACG  10   3   2 |     AAG  20  24  10 |     AGG   9   2   2
--------------------------------------------------------------------------------------
Val GTT   1   8   5 | Ala GCT   2   5  10 | Asp GAT   1  28  28 | Gly GGT   7  18  16
    GTC   7   0   1 |     GCC   9   6   3 |     GAC  26   5   3 |     GGC   7   0   1
    GTA   1   0   1 |     GCA   0   5   4 | Glu GAA   8  19  34 |     GGA   4   2   4
    GTG  11   8   4 |     GCG   6   0   0 |     GAG  30  19   1 |     GGG   4   2   8
--------------------------------------------------------------------------------------

Codon position x base (3x4) table for each sequence.

#1: Scer           
position  1:    T:0.16285    C:0.13232    A:0.38422    G:0.32061
position  2:    T:0.21120    C:0.19084    A:0.42239    G:0.17557
position  3:    T:0.35369    C:0.21628    A:0.25954    G:0.17048
Average         T:0.24258    C:0.17981    A:0.35539    G:0.22222

#2: Sbay           
position  1:    T:0.18066    C:0.14758    A:0.36387    G:0.30789
position  2:    T:0.21374    C:0.18830    A:0.42748    G:0.17048
position  3:    T:0.29008    C:0.26463    A:0.25445    G:0.19084
Average         T:0.22816    C:0.20017    A:0.34860    G:0.22307

#3: Smik           
position  1:    T:0.16539    C:0.13486    A:0.38422    G:0.31552
position  2:    T:0.20865    C:0.19338    A:0.42494    G:0.17303
position  3:    T:0.35115    C:0.19847    A:0.26209    G:0.18830
Average         T:0.24173    C:0.17557    A:0.35708    G:0.22561

#4: Spar           
position  1:    T:0.16794    C:0.12468    A:0.39440    G:0.31298
position  2:    T:0.21120    C:0.19084    A:0.41476    G:0.18321
position  3:    T:0.36132    C:0.17303    A:0.24682    G:0.21883
Average         T:0.24682    C:0.16285    A:0.35199    G:0.23834

#5: Ncas           
position  1:    T:0.14504    C:0.15776    A:0.38168    G:0.31552
position  2:    T:0.20356    C:0.19593    A:0.40712    G:0.19338
position  3:    T:0.38677    C:0.13232    A:0.25700    G:0.22392
Average         T:0.24512    C:0.16200    A:0.34860    G:0.24427

#6: Cgla           
position  1:    T:0.15267    C:0.17812    A:0.34606    G:0.32316
position  2:    T:0.21883    C:0.19593    A:0.40967    G:0.17557
position  3:    T:0.32824    C:0.23664    A:0.21120    G:0.22392
Average         T:0.23325    C:0.20356    A:0.32231    G:0.24088

#7: Agos           
position  1:    T:0.13232    C:0.21883    A:0.33333    G:0.31552
position  2:    T:0.21374    C:0.18575    A:0.41476    G:0.18575
position  3:    T:0.13740    C:0.35369    A:0.10687    G:0.40204
Average         T:0.16115    C:0.25276    A:0.28499    G:0.30110

#8: Klac           
position  1:    T:0.16539    C:0.13486    A:0.38168    G:0.31807
position  2:    T:0.19847    C:0.18830    A:0.42494    G:0.18830
position  3:    T:0.36132    C:0.18830    A:0.20102    G:0.24936
Average         T:0.24173    C:0.17048    A:0.33588    G:0.25191

#9: Calb           
position  1:    T:0.18321    C:0.12977    A:0.37405    G:0.31298
position  2:    T:0.18575    C:0.19084    A:0.45293    G:0.17048
position  3:    T:0.41985    C:0.11450    A:0.34606    G:0.11959
Average         T:0.26293    C:0.14504    A:0.39101    G:0.20102

Sums of codon usage counts
------------------------------------------------------------------------------
Phe F TTT      45 | Ser S TCT      49 | Tyr Y TAT      57 | Cys C TGT       3
      TTC      59 |       TCC      26 |       TAC      90 |       TGC       7
Leu L TTA      60 |       TCA      35 | *** * TAA       0 | *** * TGA       0
      TTG      71 |       TCG       7 |       TAG       0 | Trp W TGG      63
------------------------------------------------------------------------------
Leu L CTT      22 | Pro P CCT      68 | His H CAT      25 | Arg R CGT     102
      CTC       7 |       CCC      42 |       CAC      11 |       CGC      11
      CTA      44 |       CCA      63 | Gln Q CAA      44 |       CGA       8
      CTG      28 |       CCG      10 |       CAG      36 |       CGG      13
------------------------------------------------------------------------------
Ile I ATT     101 | Thr T ACT      95 | Asn N AAT     143 | Ser S AGT      24
      ATC      58 |       ACC      61 |       AAC     182 |       AGC      14
      ATA      12 |       ACA      29 | Lys K AAA     146 | Arg R AGA     119
Met M ATG      81 |       ACG      29 |       AAG     160 |       AGG      60
------------------------------------------------------------------------------
Val V GTT      48 | Ala A GCT      80 | Asp D GAT     176 | Gly G GGT     137
      GTC      26 |       GCC      47 |       GAC      80 |       GGC      17
      GTA       7 |       GCA      26 | Glu E GAA     231 |       GGA      19
      GTG      64 |       GCG       9 |       GAG     112 |       GGG      38
------------------------------------------------------------------------------


Codon position x base (3x4) table, overall

position  1:    T:0.16172    C:0.15098    A:0.37150    G:0.31580
position  2:    T:0.20724    C:0.19112    A:0.42211    G:0.17953
position  3:    T:0.33220    C:0.20865    A:0.23834    G:0.22081
Average         T:0.23372    C:0.18358    A:0.34398    G:0.23871

Codon frequencies under model, for use in evolver (TTT TTC TTA TTG ... GGG):
  0.01639344  0.01639344  0.01639344  0.01639344
  0.01639344  0.01639344  0.01639344  0.01639344
  0.01639344  0.01639344  0.00000000  0.00000000
  0.01639344  0.01639344  0.00000000  0.01639344
  0.01639344  0.01639344  0.01639344  0.01639344
  0.01639344  0.01639344  0.01639344  0.01639344
  0.01639344  0.01639344  0.01639344  0.01639344
  0.01639344  0.01639344  0.01639344  0.01639344
  0.01639344  0.01639344  0.01639344  0.01639344
  0.01639344  0.01639344  0.01639344  0.01639344
  0.01639344  0.01639344  0.01639344  0.01639344
  0.01639344  0.01639344  0.01639344  0.01639344
  0.01639344  0.01639344  0.01639344  0.01639344
  0.01639344  0.01639344  0.01639344  0.01639344
  0.01639344  0.01639344  0.01639344  0.01639344
  0.01639344  0.01639344  0.01639344  0.01639344


TREE #  1:  (((((1, 4), (3, 2)), 5), 6), ((7, 8), 9));   MP score: 1206
This is a rooted tree.  Please check!
lnL(ntime: 16  np: 18):  -6677.097364      +0.000000
  10..11   11..12   12..13   13..14   14..1    14..4    13..15   15..3    15..2    12..5    11..6    10..16   16..17   17..7    17..8    16..9  
 0.102105 0.096849 0.462742 0.051883 0.086661 0.338235 0.080099 0.227749 0.414568 0.624954 0.688256 0.084787 0.246413 1.249243 0.432153 2.793019 1.735208 0.069600

Note: Branch length is defined as number of nucleotide substitutions per codon (not per neucleotide site).

tree length =  7.979715

(((((1: 0.086661, 4: 0.338235): 0.051883, (3: 0.227749, 2: 0.414568): 0.080099): 0.462742, 5: 0.624954): 0.096849, 6: 0.688256): 0.102105, ((7: 1.249243, 8: 0.432153): 0.246413, 9: 2.793019): 0.084787);

(((((Scer: 0.086661, Spar: 0.338235): 0.051883, (Smik: 0.227749, Sbay: 0.414568): 0.080099): 0.462742, Ncas: 0.624954): 0.096849, Cgla: 0.688256): 0.102105, ((Agos: 1.249243, Klac: 0.432153): 0.246413, Calb: 2.793019): 0.084787);

Detailed output identifying parameters

kappa (ts/tv) =  1.73521

omega (dN/dS) =  0.06960

dN & dS for each branch

 branch          t       N       S   dN/dS      dN      dS  N*dN  S*dS

  10..11     0.102   856.7   322.3  0.0696  0.0073  0.1051   6.3  33.9
  11..12     0.097   856.7   322.3  0.0696  0.0069  0.0997   5.9  32.1
  12..13     0.463   856.7   322.3  0.0696  0.0331  0.4761  28.4 153.5
  13..14     0.052   856.7   322.3  0.0696  0.0037  0.0534   3.2  17.2
  14..1      0.087   856.7   322.3  0.0696  0.0062  0.0892   5.3  28.7
  14..4      0.338   856.7   322.3  0.0696  0.0242  0.3480  20.8 112.2
  13..15     0.080   856.7   322.3  0.0696  0.0057  0.0824   4.9  26.6
  15..3      0.228   856.7   322.3  0.0696  0.0163  0.2343  14.0  75.5
  15..2      0.415   856.7   322.3  0.0696  0.0297  0.4266  25.4 137.5
  12..5      0.625   856.7   322.3  0.0696  0.0448  0.6430  38.3 207.3
  11..6      0.688   856.7   322.3  0.0696  0.0493  0.7082  42.2 228.3
  10..16     0.085   856.7   322.3  0.0696  0.0061  0.0872   5.2  28.1
  16..17     0.246   856.7   322.3  0.0696  0.0176  0.2535  15.1  81.7
  17..7      1.249   856.7   322.3  0.0696  0.0895  1.2854  76.6 414.3
  17..8      0.432   856.7   322.3  0.0696  0.0309  0.4447  26.5 143.3
  16..9      2.793   856.7   322.3  0.0696  0.2000  2.8738 171.3 926.3

tree length for dN:       0.5714
tree length for dS:       8.2105


Time used:  0:13
