      9   1182

Scer                            GAA AGG AGA AGA AGA GAA GTA GAT GAA TAT TTC TTT CCA CGT TCA GCT TTA TTA AAA GTA CCG GAC TCA TTA AGA AAC GAT ATT GCA ACC TAC TAC GGC TCT AGG CAG TCA AGC ATT TAC GGT CAT CAC ACA GGC GTC GAG TTG AGA TAT AAA ATT ATT ATC CCA CAA AGC AAT AGA CAA AAA ACT AGG GCC CAC GAA TTA CCC GGT GAG TCT AGA TAC GCT CTA TAT ATT AAA TAC AGA GGG AGA GAG ATC GGG GTC TTG ACT TCT GAC TTA AGA CAA TAC TAC AAA TCC AAA ATT TCC GAA AGA TCC TAT GAG GGT CAA GGT GTT GAG ACT TCT TAC ATT TTG GGT AAG AGG GAG ACT TTA ATT AAT AAA AGC AGA AGA GGT AGT GCC GCA TTA TCT GAG GAT GAT GAC AAG GAA GAG ATT GAC CCG TCA ACA TTT GAT AAA TTC GGT AAC ACT GTA AAG AGA TTC AGG CAA ACT TAC GGT TAC AAC AGA GAC ACC GAA GAA TAT TTT GAC CAA GCA CAA GGT ATC GTA GCC ATT AAG CAT TAC TCC GTC GGG AGA CCT TCC GCA TCT ACC CAA TAC TCT AAA ACT GAG TAC CCT TCC GTT GAA TTA GAC AAG GAG ATG TTA GAA CCA TTG AGA CTA AGA GGT CAA AGA TCC GTC TTA AAG ATA AAC CAT AGG TCA CAC TAT GAT ACA GAA ATT TCT GAA TTC AAA ACA GCT TTA ACG AAT AGG GTC ACA TGT GCT GCT AGA GTT ACT AAC TAC CAT GAA CAT GTT GCT GAT AGA AAA CCA TCT GAA TTA TTA AAA GGT GAT AGA GTT GCG ATC GCG CAA GAG ACC CAA ATT ATT ACG CAT GGT ACC TTT GAA GGT GAC AAT CCC ACC AGA TCA GGT GGA AGA GGC GAC AGA ATC CCA TTT ATT ATC CAA AAC TAC ACC GAT GAC TCT AGC AAT GGG GTA AAC AAT GAC TTA TTA CAG GCT TCC CAA TTT TCC ATT GGT TAC GGT GAT CGT CAT GAT GAT CAA AAA CAT TAC GAC AGA ATT ACT ATT ATG ATT GCT ATT ACT TAC TTA TAT TAT GCG GTT TCC GAT GCC AGG CCG TTA TTA GCA TAT TAT GCG AGA CAA GGT GGG ATA AGA TCT TTT GAA TTA GAC CAC CAT GAA TTG GGT AGA GCC CAA ATT GCC GCA ATG TCA GGT TCC GGT TTG GAC 
Sbay                            GAA AGA AGA AGA AGA GAA GTT GAT GAA TAT TTT TTT CCC CGT GCA GCT TTA TTA AAG GTT CCA GAC TCA ATA AGA AAT GAC ATT GCC ACA TAC TAT GGA TCT AGA CAA TCC TCT ATC TAT GGT CGC CAC ACC GGA GTA GAG TTG AGA TAT AAA ACT ATT ATC CCA CAA TCT AAT AGA CAG AAG ACC AGA GCC CAC AGT ATA CCT GGT GAA TCT AGA TAC GCC CTT TAC ATC AAC TAC AGA GGG AGA GAA ATC GGG GTA AAA ACT TCT GAC CTA AGA CAA TAT TAC GAA TCT AAC ATT TCC GCT AGA TCA TAC GAA GGT CAA GGA GTC GAA CCA TCT TAT GTT CGT GGT AAG AGA GAA ACC TTG ATT AAT AAA TCT AAG AGA GGT AGT GCC GCC TTA GCT GAA GAT GAT GAC AAG GAA GAA ATT GAC CCA TCC ACA TTC GAT AAA TTT GGT AAC ACT ATC AAG AGA TTT AGA CAA ACC TAT GGT TAT AAT AGG GAC ACG GAA GAA TAC TTC GAC CAA GCC CAA GGT GTT GCT GCC ATC AAG CAT TAC TCT GTA GGG TCC CCT TCT GCG TCT ACT CAA TAT TCT AAA ACT GAA TAT CCT TCG GTC GAA TTA GAT AAG GAA ATG TTG GAA CCA TTG AGA TTA AGA GGT CAA AGA TCC GTA TTG AAG ATA AAC CAT AGA TCC CAC TAT GAT ACA AGA ATT TCC GAA TTT AAA ACA GCC TTA ACA AAC AGA GTC ACA TGC GCT GCT AGA GTC ACT AAT TAC CGC GAA CAT GTC GCT GAC AAG AAG CCA TCC GAG TTA TTA AAA GGT GAT AGA GTG TCC TAC TCC CAA GAA ACA CAA ATC ATT ACA CAT GGT ACT TTT GAG GGT GAC AAT CCT ACC AGA TCA GGT GGC AGA GGA GAC GGC GTT CCA TTC ATT ATC CAA GGT TAC ACA GAT GAC TCT TCT AAT GGG GCT AAC AAT GAT TTA ATA CAA GCT TCT CAA TTT TCC ATC GGT TAC GGT GAC CGT CAT GAT GAT CAA GAA CAC TAT GAC AGA ATT ACT ATT GCT ATT GCT ATC ACT TAT TTA TAC TAT TCC GTC TCT GAT GCC AGA CCA ATA TTG GCC TAT TAC GCG AGA CAG GGT GGG ATA AGA TCT TTC GAA TTA GAC CAC CAT GAG TTG GGT AAG GCG CAA ATC GCA GCT TAC TCA GGT TCT GGT TTG GAC 
Smik                            GAA AGA AGA AGA AGA GAA GTA GAT GAA TAT TTC TTT CCA CGT TCA GCT TTA CTA AAA GTA CCG GAC TCA TTA AGA AAT GAT ATG GCC ACT TAC TAC GGT TCT AGA CAA TCG AGC ATC TAT GGT CGC CAC ACA GGT GTT GAG TTG AGA TAT AAA ATT ATG ATT CCA CCA AGC AAT AGA CAA AAA ACT AGA GCT CAT GAA TTA CCC GGT GAG TCT AGA TAC GCT CTT TAC ATT AAG TAC AGA GGC AGA GAA ATC GGC GTG TTA ACT TCT GAC TTA AGA CAA TAT TAC AAA TCA AAG ATG TCA GAA AGA TCC TAT GAA GGT CCA GGT GTT GAA ACT TCT TAT ATC TTG GGT AAG AGA GAA ACT TTA ATT AAC AAA AGC AGA AGA GGT AGT GCC GCC CTA TCT GAA GAT GAT GAC AAA GAA GAA ATT GAC CCA TCG ACC TTT GAT AAA TTC GGT AAT ACT GTC AAG AGA TTC AGA CAA ACA TAT GGT TAT AAT AGA GAC ACC GAA GAA TAT TTC GAC CAA GCC CCA GGT ATC GTA GCT ATT AAG CAT TAC TCA GTG GGC GGA CCT TCA GCA TCT ACA CAG TAT TCT AAA ACT GAG TAT CCT TCT GTT GAA TTA GAT AAA GAA ATG TTA GAA CCA TTG AGG TTA AGG GGT CAA AGA TCT GTT TTA AAG ATA AAT CAT AGA TCG CAC TAT GAT ACA GAA ATC TCT GAA TTC AAA ACC GCT TTA ACG AAT AGA GTT ACA TGC GCT GCT AGG GTT ACT AAT TAC CGC GAA CAT GTT GCT GAT AGA AGA CCA TCT GAA TTA TTA AAA GGT GAT AGG GTT GCC ATC GCC CAG GAG ACC CAA ATT ATT ACG CAT GGT ACA TTT GAA GGT GAC AAT CCT ACG AGA TCA GGT GGT AGA GGT GAC AGA ATC CCA TTT ATC ATT CAG AAC TAC ACT GAT GAC TCT AGC AAC GGG GTA AAC AAC GAC TTA TTA CAA GCT TCT CAA TTT TCA ATT GGT TAC GGC GAT CGT CAT GAC GAT CAA AAA CAT TAT GAC AGA ATG ACT ATC ATG ATG GCT ATC ACT TAT TTA TAT TAT GCC GTT TCA GAT GCC AGA CCA TTA TTA GCC TAT TAT GCG AGA CAA GGT GGC ATA AGA TCT TTT GAA TTA GAC CAT CAC GAA TTG GGT AGA GCC CAA ATT GCC GCA ATG TCA GGC TCA GGT TTG GAC 
Spar                            GAG AGA AGA AGA AGA GAA GTA GAT GAA TAT TTT TTT CCA CGT TCA GCT TTA CTA AAA GTA CCG GAC TCA TTA AGA AAT GAT ATT GCA ACT TAC TAC GGT TCT AGA CAA TCG AGC ATC TAC GGT CAT CAC ACA GGT GTC GAG TTG AGA TAT AAA ATT ATT ATT CCA CAA AGC AAT AGA CAG AAA ACT AGA GCT CAT GAA TTA CCT GGT GAA TCT AGA TAC GCT CTT TAT ATT AAG TAT AGA GGG AGA GAA ATC GGG GTG TTG ACT TCT GAT TTA AGA CAA TAT TAC AAA TCC AAG ATT TCC GAA AGA TCC TAT GAG GGT CAA GGT GTT GAA ACC TCT TAC ATT TTG GGT AAG AGA GAA ACT TTA ATT AAT AAA AGC AGA AGA GGT AGT GCC GCA CTA TCT GAG GAT GAT GAC AAG GAA GAG ATT GAC CCG TCG ACA TTT GAT AAA TTT GGT AAC ACC GTC AAG AGA TTT AGA CAA ACT TAT GGT TAT AAT AGA GAC ACT GAA GAA TAT TTC GAC CAA GCA CAA GGT ATT GTA GCT ATT AAG CAT TAC TCC GTG GGG AGA CCT TCC GCA TCT ACC CAA TAT TCT AAA ACT GAA TAC CCT TCC GTT GAA TTA GAT AAA GAG ATG TTA GAA CCA TTG AGG CTA AGG GGT CAA AGA TCC GTC TTA AAG ATA AAC CAT AGA TCG CAC TAT GAT ACA GAA ATT TCG GAA TTT AAA ACA GCT TTA ACG AAT AGA GTC ACG TGT GCT GCT AGA GTT ACT AAT TAC CAT GAA CAT GTT GCT GAT AAG AAA CCA TCG GAG TTA TTA AAA GGT GAT AGG GTT GCC ATC GCC CAA GAA ACC CAA ATT ATT ACG CAT GGT ACC TTC GAG GGT GAC AAT CCC ACA AGA TCG GGT GGA AGA GGT GAC AGA ATC CCA TTT ATT ATT CAA AAC TAC ACT GAT GAC TCT AGC AAT GGG GTA AAC AAT GAC TTA TTA CAA GCT TCC CAA TTT TCC ATT GGT TAC GGT GAT CGT CAT GAT GAT CAA AAA CAT TAT GAT AGA ATT ACT ATT ATG ATT GCT ATC ACC TAC TTA TAT TAT GCC GTT TCC GAT GCC AGA CCG TTA TTA GCA TAT TAT GCG AGA CAG GGT GGG ATA AGA TCT TTT GAG TTA GAC CAT CAT GAG TTG GGT AGA GCC CAA ATT GCC GCA ATG TCA GGT TCC GGT TTG GAC 
Ncas                            GAA AGA AGA AGA AGG GAA GTT GAT GAA TAT TTC TTC CCA CGT GCT GCT TTA TTG AAA GTT CCA GAT TCT TTA AGA AAC GAC ATT GCG ACA TAC TAC GGT TCA AGA CAA TCT GGT GTG TAT GGT CAT CAC ACA GGT GTG GAA TTG AGA TAT AAA ACT ATT TTA CCA AAG GGT AAT AGG CAA AAA ACC AGA GCC CAT AGT TTA CCA GGT GAA TCA AGA TAC GCT CTA TAT ATT AAC TAT AGA GGG AGG GAA ATT GGG CTT GAT ACT TCA GAT TTA AGA CAG TAT TAC AAG TCT AAC ATT TCG GCT CGA TCC TAT GAA GGT AAG GGG GTG GAA CCA TCA TAT GTT CGT GGT AAA AGA GAA ACC CTT ATA AAT AAA GGT AAG AGA GGT AGT GCC GCG TTG TCA GAA GAT GAT GAT AAA GAG GAA ATA GAT CCA TCT ACC TTT GAT AAA TTC GGT AAT ACT ATT AAG AGG TTC AGA CAG ACT TAT GGT TAT AAC AGA GAT ACC GAA GAA TAT TTC GAT CAA GCA AAG GGT GTT GCT GCC ATT AAA CAC TAC TCT CTT GGG CAA CCT TCT GCA TCA ACT CAA TAT TCA AAG ACA GAA TAT CCT TCT GTG GAA TTA GAT AAA GAA TTG TTA GAA CCA TTG AGA TTA AGA GGT CAG AGA TCT GTG CTC AAA CTT AAT CAT AGA TCT CAC TAT GAT ACA AGA ATC TCC GAA TTC AAG ACC GCT TTA ACC AAT AGA GTG ACT TGT GCC GCT CGT GTC ACA AAC TAT CAT GAA CAT GTG TCT GAC AAA AGA CCA TCC GAT TTG TTA AAA GGT GAT AGA GTT TCC TTC TCC CAA GAA ACA AAG ATT ATA ACC CAT GGT ACT TTT GAT GGT GAT AAT CCT ACC AGA TCA GGT GGC AGA GGT GAT GGT GTC CCA TTT ATC TTA CAA GGT TAT ACA GAT GAT TCA GGT AAT GGG GCT AAC AAC GAT TTA TTA CAA GCC TCT CAA TTC TCG ATT GGT TAT GGA GAC AGA CAT GAC GAT CAA AAG CAT TAT GAT AGA ATT ACT ATC GCC ATT TCT GTG ACT TAT TTA TAT TAT TCC GTG TCT GAT GCC AGA CCC TTA TTA GCG TAT TAT GCC AGA CAA GGT GGG ATA AGA TCT TTT GAA TTA GAT CAT CAC GAT TTG GGT AAG GCT CAA ATT GCT GCA TAC TCT GGA TCT GGT TTG GAT 
Cgla                            GAA AGA GGT AGA AGA GAA GTC GAT GAG TAT TTT TTC CCA AGA TCG GCC TTG CTA AAG GTC CCT GAT TCA TTG AGA AAT GAT ATA GCT ACA TAC TAC GGT TCG AGA CAA TCG ACT TTA TAC GGT CAC CAC ACC GGT GTT GAA CTA AGA TAT AAG ACT ATA ATC CCT CAA ACT AAT AGA CAG AAG ACC AGG GCC CAC AGT TTG CCA GGT GAA TCG AGA TAC GCC CTA TAC ATC AAC TAC AGA GGA AGA GAA ATG GGA GTT AAG ACT TCG GAC TTA AGG CAA TAC TAC CAA TCC AAC ATA TCA GCT AAG TCC TAC GAA GGT CAA GGT GTC GAA GCT TCG TAC GTT CGT GGT AAA AGA GAA ACC CTC ATT AAC AAA ACT AAG AGA GGT AGT GCA GCT CTA TCG GAG AAC AAC GAT AAG GAA GAA ATT GAT CCA TCG ACC TAC GAT AAA TTT GGT AAC ACT ATC AAG AGA TTT AGG CAA ACA TAC GCT TAC AAC AGA GAT ACC GAA GAA TAC TTC GAT CAA GCT CAA GGT GTT GCT GCC ATC AAA CAT TAC TCC GTT GGA TCT CCA TCC GCA TCG ACT CAG TAC TCG AAA ACA GAA TAC CCA TCC GTC GAC TTG GAT AAA GAG ATG CTA GAA CCT CTA AGA CTA AGA GGT CAA AGA TCA GTT TTA AAG CTT AAC CAT AGA TCG CAC TAC GAT ACC AGA ATT TCT GAA TTT AAG ACC GCT TTG ACA AAT AGG GTC ACC TGT GCT GCC CGC GTG ACA AAT TAC CAC GAA CAT GTC TCT GAT AAA AAG CCT TCT GAT CTC CTA AAA GGT GAT AGG GTT TCT TAC TCT CAG GAA ACG AGT ATC ATT ACA CAT GGT ACT TTT GAT GGT GAT AAT CCA ACA AGA TCA GCT ACA AGA GGT GAT GGT GTT CCT TAC ATT ATC CAG GAA TAC ACA AAC GAT TCG ACT AAC GGT GCT AAC AAT GAT CTA TTG CAA GCT TCT CAA TTC TCA ATC GGT TAC GGT GAT AGA CAT GAT GAT CAA CAA CAC TAC GAC AGA ATA ACT ATT GCT ATA GCT TTA ACT TAC TTG TAC TAC TCT GTC TCC GAT GCA AGG CCA TTG CTA GCT TAC TAC GCC AGA CAG GGT GGA ATC AGA TCT TAC GAA CTA GAT CAC CAC GAT CTA GGT AAG ACT CAG ATC GCC GCT TAC TCC GGT TCC GGT CTA GAT 
Agos                            GAA CGC CGC CGT AAG GAA GTG GAC GAC TAC TTC TTC CCA CGG TCG GCG CTG CTG AAG GTG CCC GAC TCT CTG AGA AAC GAC ATC GCG ACC TAT TTC GGG TCC CGC CAA TCC ACC CTG TTC GGT CAC CAC ACT GGG GTG GAA CTA CGC TAC AAG ACT ATC ATA CCA GAC ACC AGT AAG AGC AAG ACG CGC GCC CAC GAA CTG CCA GGC GAA TCG AGA TAT GCG CTA TGG CTG AAG TAC AGA GGG CGC GAG ATG GGG GTT CTG ACT TCG GAC CTG CGC ACG TAC TAT CAG TCC AAG ATC TCC GAA AGA TCC TAT GAA GGT GAC GGC GTC GAG ACC TCC TAC ATC TTG GGC CGT CGC GAG ACG CTA ATA AAC AAG ACC AGA CGT GGT TCC GCG GCG CTG GCA GAG AAT AAT GAC AAG GAA GAA ATA GAC CCC TCC ACC TAC GAC AAG TTC GGT AAC ACG ATC AAG AAG TTC CGC ACG ACT TAC GGC TAC AAC CGC GAT ACG GAG GAA TAT TTC GAT CAG GCA GAC GGC ATT ATA GCC CTG CGT CAT TAC TCC GTT GGG CAA CCT TCC GAG TCC ACG CAA TAC TCG AGA ACT GAA TAC CCT TCT GTC GAG CTG GAT AAG GAG GTC CTT GAA CCA CTA CGA CTC CGA GGC CAG CGT ACT GTG CTG AAG TTG AAC CAC CGC TCC CAC TAC GAC ACT GAG ATA TCG GAA TTC AAG ACC GCC CTG ACA AAC CGC CAG ACG TGC GCG GCG CGG GTG ACT AAC TAC CAC GAA CAC GTC AAC GAC AAG CGG CCA TCG GGC TTG CTC AAG GGC GAC AGG GTC GCT GTC GCT CAA GAA ACT CAG CTG ATA ACA CAC GGC ACG CAA GGC GGC GAT AGT CCA ACC AGA TCC GGC AGC CGC GGG CAT AGA ATC CCA TAC ATA ATA CAA AAC TAC ACC AAT GAC TCG ACC AAC GGG ATA AAC AAC GAC CTC CTG CAA GCG TCC CAG TTC TCC CTG GGT TAC GGC GAC AGG CAC GAC GAC CAG CAG CAC TAC GAT AGA ATC ACG ATA ATG ATC CCG CTG ACG TAC CTG TAT TAC GCT GTC TCC GAC GCG CGC CCG CTG CTT GCG TAC TAT GCG AGA AGC GGC GGG ATC AGA TCG TAC GAA CTC GAC CAC CAT GGC CTA GGC AGA ACA CAA CTG GCG GCG ATC TCG GGC TCC GGT CTA GAC 
Klac                            GAA AGA AGA AGG AAG GAA GTA GAT GAT TAC TTC TTC CCT CGT TCG GCG TTA TTG AAA GTA CCC GAT TCT CTA AGA AAC GAT ATT GCG ACT TAC TTC GGT TCT AGA CAA TCC ACC TTA TTC GGT CGT CAC ACC GGT GTA GAG CTA AGA TAC AAG ACA ATT ATT TCT GAG ACC AGT AAG ACA AAA ACA AGA GCT CAT CAA CTA CCT GGT GAA TCT AGA TAC GCT CAA TGG CTA AAG TAT AGA GGT AGA GAA ATG GGT GTT TTG ACC TCT GAT CTT AGA GTA TAC TAC CAA TCA AAG ATT TCA GAA AGA TCC TAC GAA GGT GAG GGG GTA GAA ACC TCT TAT ATC CTC GGT AAG AGA GAA ACA TTA ATA AAT AAA ACC AGA AGA GGT AGT GCT GCG TTG GCC GAA AAT AAT GAT AAA GAA GAA ATA GAT CCA TCC ACC TTT GAT AAA TTC GGT AAC ACT ATC AAA AAG TTC AGA GTA ACT TAC GGT TAC AAC AGA GAT ACT GAA GAA TAC TTT GAT CAA GCC GAG GGT ATC GTC GCT CTA AAG CAT TAC TCA GTT GGT CAA GAG TCA CAA TCT ACC CAG TAC TCT AGG ACC GAA TAT GAG TCA GTA GAA TTA GAT AAG GAA TTA CTA GTG CCT CTA AGA TTG AGA GGT CAA AGA TCT GTA TTG AAG TTG AAC CAT AGA TCC CAC TAT GAT ACT GAA ATT TCA GAA TTC AAA ACC GCA TTA ACT AAT AGA GAA ACC AAT GCT GCG AGA ATT ACC AAC TAT CGT GAA CAT GTA AAC GAT AAA CTA CCT TCA GAA CTG TTA AAA GGG GAT AGA GTT TCT ATT TCT CAG GAA ACT CAT CTA ATA ACT CAT GGT ACC CAA GAA GGT GAT AGT CCA ACT AGA ACT GGT GGT AGA GGT GAT CGT ATC TCT TTT ATT ATT CAG ACC TAT ACT AAT GAT TCT ACC AAT GGT GTC AAT AAT GAT TTA CTA CAA GCT TCA CAA TTC TCA CTA GGT TAT GGT GAT AGG CAT GAT GAT CAG CAA CAC TAC GAT AGA ATT ACT ATT ATG ATT GCT TTA ACT TAT TTA TAC TAT TCT GTA TCA GAT GCT AGA CCA CTA CTA GCG TAT TAC GGA AGA ACA GGT GGT GTT AGA TCA TTT GAA TTA GAT CAT CAT GAA CTA GGT AGA TCA CAG CTA GCT GCG ACA TCT GGT TCA GGT CTA GAT 
Calb                            GAA AGA CAT AGA AAA GAA ATA GAT GGC TAT ACA TTT GCA AGA AGT GCT CTC ATT AAA ATA CCA GAT TCA TTG AGA AAT GAT ATG GCA ACT TAT TAC GGT TCT AGA CAA AGT TCG TTA TTC GGT AAA CAT ACT GGT GTT GAA TTG AGA TAT CAA ATT ATG ATC CCA GCC TCG TCC AAA AAC AAA ACT AGA GCC CAT GAT TTG CCA TTC GAG TCT AGA TAT GCT ATG TGG CTT GCT TAT AGA GCA AGA GAT ATT GCA TCA TTG ACT TCT GAT TTA AGA CAC TAC TAT CGT TCT GCT ATG TCT GAA AAA TCA TAT GAA GGT GCC GGA GTT GAT ACA TCT TAT ATT CTT GGT AAG AGA GAT ACT ACA CTA GAT AAA TCG AGA AGA GGT AGT GCC GCA ATT GCT GAA AAT AAT GAT AAG GAA GAA CTA GAT CCT AGT ACC TTT GAT AAA ACA GGT AAT ACA AAT AAG AAA ACA AGA CAC ACT TAC TCT TAC AAG AGA GAT ACA GAA GAA TAT TTT GAT CAA GCT GCC GGT ATT GTT GCC CTT AAG CAT TAC TCT TCA GCA CAA AAG TCT GGT TCT AAT CAA TAC TCT CAA ACC GAG TAT AAG TCT GTT GAA CTC AAT AAA GAA GTT CTA GCC CCA TTG AGA TTG AGA GGT CAA AGA TCA GTT TTA AAA ATT AAT CAT AGA AGT CAT GAC GAT ACC GAA ATT TCA GAA ACA AAG ACC GGT TTA ACT ACT AGA AGT TCT TGT GCA GCT AGA ATT ACC AAT TAC AAA GAA CAT GTT AAA GAT AAA ACG CCA TCA GAT TAT TTG AAA GGT GAT AGA GTT TCA ATT TCA CAA GAG ACC AAG CTT CTA ACT CAT GGT AAT GAT GAT GGT GAT TCC CCT ACC AGA TCA TCT GGA AGA GGT AAA AGA GTT CCA TTT ATT ATC CAA GAT TAC ACT AAT GAT TCT TCG GAT GGT GTT AAT AAT GAT TTG TTG CAA GCA TCA CAA TTT TCT CTT GGT TAC GGT GAT CGT CAT GAT GAT CAA CGT CAT TAC GAT AGA ATG ACT ATT ATG ATG GCT TTA ACA TAT TTA TAT GAC TCA GTT TCT GAT GCC AGA ACA TTG CTA GCA GAC TAT TTA AGA AAC AAT GCA ATC AGA ACT TTT GAA TTG GAT CAT CAT GAT TTG GGT AGA GCT CAG CTT GCA GCA CAA GCT GGT TCT GGT TTG GAT 



Printing out site pattern counts


         9        654  P

Scer                            AAA AAA AAA AAA AAA AAA AAA AAA AAC AAC AAC AAC AAC AAG AAG AAG AAG AAG AAT AAT AAT AAT ACA ACA ACA ACA ACC ACC ACC ACC ACC ACG ACT ACT ACT ACT ACT ACT ACT AGA AGA AGA AGA AGA AGA AGA AGA AGA AGA AGA AGA AGA AGA AGA AGA AGA AGC AGG AGG AGT ATA ATA ATC ATC ATC ATC ATC ATG ATG ATG ATT ATT ATT ATT ATT ATT ATT CAA CAA CAA CAA CAA CAA CAA CAA CAA CAC CAC CAG CAT CAT CAT CAT CAT CCA CCA CCA CCC CCC CCG CCG CCG CCT CGT CGT CTA CTA GAA GAA GAA GAA GAA GAA GAA GAA GAA GAA GAA GAC GAC GAC GAC GAC GAC GAC GAG GAG GAG GAG GAG GAT GAT GAT GAT GCA GCA GCA GCA GCC GCC GCC GCC GCG GCG GCT GCT GCT GCT GCT GCT GGA GGC GGG GGG GGT GGT GGT GGT GGT GGT GGT GGT GTA GTA GTA GTC GTC GTC GTT GTT GTT TAC TAC TAC TAC TAC TAC TAC TAC TAT TAT TAT TAT TCA TCA TCA TCA TCA TCC TCC TCC TCC TCC TCC TCT TCT TCT TCT TCT TGT TTA TTA TTA TTA TTA TTA TTA TTA TTA TTA TTC TTG TTG TTG TTT TTT TTT TTT 
Sbay                            ... ... ... ... ..C ..G ..G G.. ... ... ..T ..T GGT ... ... ... ... ... ..C ... ... ... ... ... ... ..C ..A ..A ... ..G ..T ..A ..C ..C ... ... ... ... C.A .AG .AG ... ... ... ... ... ... ... ... ... ... ... ... ..G G.C TCC TCT ..A ..A ... ... ... ... ... G.T G.T TA. ... GCT TAC .C. ..C ..C ... ... ... G.. ... ... ... ... ... ... ... ... ..G ... ... ..A ..C ... ... ... .GC ... ... ..C ..T ..T ..A ..A ..A ... ... ... ..T T.. AG. AGT ... ... ... ... ... ... ... ..G .CT ... ... ... ... ... ..T ..T ..A ..A ..A ..A ... ..C ... ... ... ..C ..C ..G ..T ..A ... ... ..G ... T.C ..C ..C ... ... ... ... ..C ..A ... ... ..A ... ... ... ... ... ... ... A.C .CT ..T ..A ..A ... ..C ..C ..G ... ... ... ... ..T ..T ..T ..T ..C ..C ... ... G.. ... ... ... ..C ..A ... ... ..G ..T ..T G.. ..C ... ... ... ..C A.. C.. ... ... ... ... ... ..G ..G ..G ..T AAA CGT ... ..C ..C ... ... 
Smik                            ... ... ... ... ..G ... .G. ... ... ..T ..T ..T ... ..A ..A ... ... ... ... ..C ..C ... ... ... ..C ... ... ..T ..G ... ..A ... ..A ... ... ... ... ... ... ... ... ... ... ... ... ... ... ... ... ... ..G ..G ..G ... ... G.. ... ..A ..A ... ... ... ... ..T ... ... ... ... ... ... ... ..C ... ..C ..G ... ..C ... ... ... ... ... ... ..G .C. ... ... ..T ..A ... ..C ... ... .GC ... ... ... ... ..T ..A ..A ... ... ... ... ..T T.. ... ... ... ... ... ... ... ... ... ... ... ... ... ... ... ... ... ..T ..A ..A ..A ... ... ... ..C ... ... ..C ..C ... ... ... ... ..T ... ... ..C ... ... ... ... ... ... ..T ..T ..C ... ... ..C ... ... ... ... ... ... ..C ... ... ..G ..T ..T ... ... ... ... ... ... ... ... ..T ..T ..T ..C ... ... ... ... ... ... ... ..G ... ..A ..T ..T ..A ..T ... ... ... ... ... ..C ... ... C.. ... ... ... ... ... ... ... ... ..A ... ... ..C ... ... ... 
Spar                            ... ... ... ... ..G ... ... ... ... ... ..T ..T ... ..A ... ... ... ... ... ... ... ... ... ..G ... ... ... ..T ..A ..T ... ... ... ... ..C ... ... ... ..C .AG ... ... ... ... ... ... ... ... ... ... ... ..G ..G ... ... ... ... ..A ..A ... ... ... ... ..T ... ..T ... ... ... ... ... ..C ... ... ... ... ... ... ... ... ... ... ... ... ... ..G ... ..T ..A ... ... ... ... ... ... ... ... ..T ... ... ... ... ... ... ... ..T ... ... ... ... ... ... ... ... ... ..G ..G ... ... ... ... ..T ..T ... ..T ..A ... ... ..A ... ... ... ... ... ... ... ... ... ... ... ..T ... ... ..C ... ... ... ... ... ... ... ..T ... ... ... ... ... ... ... ... ... ... ..C ... ... ..G ... ... ... ... ... ... ... ... ..T ... ... ... ..T ... ... ... ... ... ... ... ..G ..G ... ... ... ... ... ... ... ..G ... ... ... ... ... ... C.. ... ... ... ... ... ... ... ..T ... ... ... ..C ... ..C ... 
Ncas                            ... ... ..G ..G ..C ... .G. ..G ... ..T ... ... GGT ..A ..A ..A ..A ... ... ..C ... ... ... ..T ..C ... ..A ..A ... ... ..T ..C ... ..C ... ..A ... ... C.A .A. .AG ... ... ... ... ... ... ..G ..G C.. C.T ... ... ... G.T CA. G.T ..A ..A ... ... C.T ..T T.A G.. G.T T.. T.. GCC TAC .C. G.G ... ..C ... ..A G.. A.G ... ... ... ..G ..G ... A.G ... ... ..T ..A ... ..C ..C ... ... ... ... ... ..A ..T ..A ..C ..A ... A.A ... ... T.. AG. AGT ... ... ... ... ... ..G ... ..T .CT ..T ..T ..T ..T ..T ..T ..T ..A ..A ..A ..A ..A ..C ..C ... ... ... ..G ... ... ..T ... ... ..T ..C T.C ... ... ..C ... T.. T.. ..C ..T ... ... ..G ..A ... ... ... ... ... ... A.T .CT ..T C.T ..G ..G ..C ..G ... ... ... ..T ..T ... ..T ..T ..T ... ... ... ... G.T ..T ..T ... ..T ... ..G ..T ..T ..T ..T ..A ..C ..A ..A ... ... ... ... ..G ... ... ... ..G C.C C.T ... ... GAT CGT ... ..C ... ... ..C 
Cgla                            ... ..G ... ..G ..C ..G ..G C.. ... ... ... ..T G.A ..A ... ..A ... ... ... ... ..C ... ..C ..C ..C ..C ..G ..A ..A ... ..T ..A ..A ..C ... ..A ... ... G.. .A. .AG ... ... ... ... ..G G.T ... ... .AG C.C ... ..G ... G.T TCT .CT ..A ... ... ..C C.T ..G ... G.T G.T TA. ... GCT TAC .C. T.A ..C ... ..A ... G.. AGT ... ... ..G ... ... ..G ... ..G ... ... ..A ..C ..C ... ... ..C ..T ..T ... ..A ..A ..A ..A ..T ..A A.A A.A ... ... AG. AGT ... ... ... ..C ..G ... ... ..T .CT ..T ..T ..T ... ... ..T ..T ..A ..A ... ..A ..A ... ... A.C ... ..T ..T ... ..T ... ..A ... A.T ..C T.T ..C ... ... ..C ... T.. AC. ..T ..A ..T ... ... .C. ... ... ... ... ... A.C .CT ..C ..T ..T ... ..G ..C ... ... ... ... ... ... ... ... ... ..C ..C ..C ... ..G ... ..C ... ..G ... ..A ..A ... ... ..T ..G ... ..G ..G ... ... ..G ... C.. C.. ..G ..G C.C ... C.C C.. ..T AA. CGT C.A ..C .AC ... ..C 
Agos                            ..G ..G .G. ..G ..G ..G CGG C.G ... ... ... ... ... ... ... CGT ... ... ..C ..C ..C .G. ..T ..G ..C ..T ..T ... ... ..G ..G ..A ... ..G ..G ... ..G ... ..C .AG ... ... C.C C.T C.T C.C C.C .AG C.C ... C.G C.. ..G C.C ... CA. .C. C.C C.C TCC ..C T.G ..G ..A ... ..T G.. G.C ... ..C .C. C.G C.G ..A ..C ..A ..C ..G ..G ..G ... ACG ..G ... G.C AGC ... ... ..A ..C ... ... ..C ..C ... ... ... ..A ..A ..C ... ..C ... A.G ..G ... ..C ..G ... ... ... ..G ..G ..C ... ... .GC ... C.T ... ..T ... ..T ... ..T ... ..A ... ..A ..A ..C ..C A.. ..C ... ..G .AG ..G ..G ..G ... A.A ... ..T ..G ..C ..G ..G C.G AAC A.C ..G ... ... ..C ..C ..C ..C ..C ..C ..C ... A.C A.. ..G ..T ..G CAG ..G ..C ..C ... ..T ... ... .T. ... .T. ... .GG ... ..C ..C ..G ..T ..G ..C ..C ... ... A.T ..T ... ... G.A ..G ..C ..G ..G ..C C.G C.G C.G C.C C.G C.G ..G C.G C.. C.T ... C.. ... C.A ..C .AC CAA ..C 
Klac                            ... ..G .GG ... ..G ... CT. C.. ..T ... ... ... .C. ... ..A ... ... ..A ... ... ... .G. ..T ..C ..C ..C ..T ..T ..T ..T ... ..T ... ..A ... ..C ... ..C ..C .A. ... ... ... ... ..G ... ... .AG ... ... ... ... ... ... C.T CA. .C. ..A ..A ... G.T T.G ..G ..T ... ... ..T T.A ... .CA .CA T.A C.A ... ... ..A ..C ..T ... ..G ..G GT. ... ..G G.G AC. ... ..T ..A ..C ... ... ... .G. ..T T.T ..T ..T ..A ..A ..A ..C GAG A.G ... .A. T.G ... C.. ... .TG ... ... ..T ... ... ... ... ..T ..T ..T ..T ..T ..T ..T ..A ..A ..A ..A ... ... ... A.. ... ..C ..G CA. ..G ..T ..T ..T T.A .GA T.T ... ..A ... ..G ... AAC ..T ..T ..T ..T ..G ... ... ..G ... ... ... ... A.C ..C ... ..T ..A .AA A.. ..A ... ... ... ..T ..T .T. ..T .T. ... .GG ..C ... ..C ..G ..T ..T A.T ..C ... ..A ..T ..A ..A ..A G.C ..A ... ... ..A AA. C.. C.T ..G ... ... ... C.G ..G ... C.. ... ... C.C C.A ... ... CAA ..C 
Calb                            ... C.. C.. ..G GCT ... .CG CGT ..T ..T ..G ..T G.T ..A ... ... ..A ... .C. ... G.. TCC ..C T.T ..C ..T ... ..T ... ..A .AT ..T ... ... ..A ..C ... ... ..A .A. ... ... ... ... ... ... CAT .A. ... .A. ... ... ... ... ... CA. TCG ..A ..A ... ..C ..T ..T ... G.T ..T ..T G.T ... CAA ... T.A C.. ... ..G C.A ... A.G ... ... ..G ..C ... ... GCC A.C ..T ..T ..A ... ... ... ... A.A ... ... G.. ..A ..T ..T A.A ..A AAG ... A.A A.G T.G ... ..T ... .CC ... ... .GC ... ... ..T ... A.A ..T ..T ..T ..T ..T A.T ..T ..A ..A ... ..A ... ... A.. ... ..T ... .GT ... ..A ... ... ..T TTA T.A ... .G. ..A ... ... AAA ... ..T .CA ..T ..A ... TC. ... AA. ... TTC ... AAT ..T A.. TCA ..T AGT A.. ... ... ... ..T ... ..T ... ..T .T. ... .GG ... G.C ... AGT ... G.T ... AGT ..A ..T ..A ..T ..T ..A G.. ..A ... ... A.. ... ..G ... A.T ..G C.C ... .AT ... AC. C.. ACA ... C.T ... ... ... GA. ... 

    3    1    1    1    2    2    1    2    1    2    1    2    1    1    1
    2    1    1    1    1    2    2    1    1    2    1    1    2    1    1
    2    2    1    2    2    2    1    1    1    1    2    7    2    2    1
    1    1    3    1    1    1    2    1    1    1    1    4    4    4    1
    1    1    1    2    1    1    1    1    1    1    1    2    5    3    5
    3    1    1    2    1    1    2    1    3    3    2    2    2    2    1
    1    1    4    2    2    2    1    1    1    1    1    1    2    1    1
    1    1    1    1    4    1    1    1    1    1    2    3    1    1    6
    3    1    1    1    1    3    2    2    3    1    3    1    3    6    1
    3    1    1    1    2    2    1    1    3    1    1    2    2    1    1
    1    3    4    1    1    2    2    1    1    6    1    6    1    2    2
    2    2    1    1    4    1    1    3    3    1    1    3    1    5    1
    4    3    2    1    1    1    1    3    1    2    1    1    5    1    1
    2    3    4    1    1    4    1    2    3    2    2    1    1    1    2
    4    1    1    4    1    3    1    2

CODONML (in paml version 4.9j, February 2020)  temp.nuc
Model: One dN/dS ratio, 
Codon frequency model: Fequal
ns =   9  ls = 394

Codon usage in sequences
--------------------------------------------------------------------------------------------------------------------------------------
Phe TTT   7   7   6   9   4   5 | Ser TCT  11  18  14   9  16   9 | Tyr TAT  10  15  18  16  23   2 | Cys TGT   1   0   0   1   1   1
    TTC   4   4   5   2   8   3 |     TCC  11  12   1  11   6   8 |     TAC  18  15  10  12   6  31 |     TGC   0   1   1   0   0   0
Leu TTA  19  11  19  17  17   4 |     TCA   7   4  11   3   9   5 | *** TAA   0   0   0   0   0   0 | *** TGA   0   0   0   0   0   0
    TTG   6   8   5   6   8   8 |     TCG   0   1   3   6   2  12 |     TAG   0   0   0   0   0   0 | Trp TGG   0   0   0   0   0   0
--------------------------------------------------------------------------------------------------------------------------------------
Leu CTT   0   1   1   1   4   1 | Pro CCT   2   4   3   3   3   5 | His CAT   9   6   8  11   9   5 | Arg CGT   2   3   2   2   3   1
    CTC   0   0   0   0   1   2 |     CCC   2   1   1   1   1   0 |     CAC   4   5   3   2   4   8 |     CGC   0   2   2   0   0   1
    CTA   2   1   2   3   1  13 |     CCA   5   8  10   5   9   7 | Gln CAA  16  16  12  16  12  13 |     CGA   0   0   0   0   1   0
    CTG   0   0   0   0   0   0 |     CCG   3   0   1   3   0   0 |     CAG   2   2   3   2   3   6 |     CGG   0   0   0   0   0   0
--------------------------------------------------------------------------------------------------------------------------------------
Ile ATT  20  11  11  21  12   6 | Thr ACT  10   9  11  10   9  12 | Asn AAT   6   8   8   9   7   6 | Ser AGT   1   2   1   1   2   3
    ATC   6  11  10   5   3   9 |     ACC   7   5   4   6   8   8 |     AAC   7   6   5   4   7  11 |     AGC   4   0   4   4   0   0
    ATA   2   6   2   2   4   5 |     ACA   5   9   6   5   7   9 | Lys AAA  13   7  12  12  12   8 | Arg AGA  29  32  33  33  29  26
Met ATG   3   1   8   3   0   2 |     ACG   2   1   3   3   0   1 |     AAG   6  12   6   8  11  12 |     AGG   8   1   4   3   4   6
--------------------------------------------------------------------------------------------------------------------------------------
Val GTT   6   5   9   6   5   8 | Ala GCT   8  12  10  10  10  16 | Asp GAT  13  12  13  16  27  25 | Gly GGT  20  20  22  23  26  24
    GTC   5   6   1   4   2   7 |     GCC   6  10  11   7   8   7 |     GAC  14  15  14  11   4   3 |     GGC   3   2   6   0   1   0
    GTA   5   4   4   4   0   0 |     GCA   6   2   2   6   3   3 | Glu GAA  17  23  24  18  21  19 |     GGA   1   4   1   1   2   4
    GTG   0   1   2   2   9   1 |     GCG   4   3   1   1   3   0 |     GAG  11   4   4  10   1   3 |     GGG   5   5   1   5   6   0
--------------------------------------------------------------------------------------------------------------------------------------

--------------------------------------------------------------------------------------
Phe TTT   0   4   6 | Ser TCT   2  15  18 | Tyr TAT   7  10  14 | Cys TGT   0   0   1
    TTC   9   8   2 |     TCC  17   4   2 |     TAC  21  15  10 |     TGC   1   0   0
Leu TTA   0  11   7 |     TCA   0  13  12 | *** TAA   0   0   0 | *** TGA   0   0   0
    TTG   3   6  13 |     TCG   9   1   4 |     TAG   0   0   0 | Trp TGG   1   1   1
--------------------------------------------------------------------------------------
Leu CTT   2   1   6 | Pro CCT   2   4   2 | His CAT   3   9  12 | Arg CGT   5   4   3
    CTC   4   1   2 |     CCC   2   1   0 |     CAC  11   3   2 |     CGC  14   0   0
    CTA   6  16   5 |     CCA   7   3   6 | Gln CAA   8  12  13 |     CGA   2   0   0
    CTG  20   1   0 |     CCG   2   0   0 |     CAG   8   5   1 |     CGG   3   0   0
--------------------------------------------------------------------------------------
Ile ATT   1  12  12 | Thr ACT   9  13  12 | Asn AAT   3   9  14 | Ser AGT   2   3   6
    ATC  10   4   3 |     ACC  10  15   7 |     AAC  12   6   2 |     AGC   3   0   0
    ATA  10   3   2 |     ACA   3   6  10 | Lys AAA   0   9  16 | Arg AGA  12  30  31
Met ATG   2   2   7 |     ACG  11   0   1 |     AAG  17  10   9 |     AGG   2   3   0
--------------------------------------------------------------------------------------
Val GTT   2   4  11 | Ala GCT   3   9  10 | Asp GAT   5  25  33 | Gly GGT   6  27  21
    GTC   7   2   0 |     GCC   3   2   8 |     GAC  22   0   3 |     GGC  17   0   1
    GTA   0  10   0 |     GCA   2   1  12 | Glu GAA  16  25  16 |     GGA   0   1   2
    GTG   5   1   0 |     GCG  13   6   0 |     GAG   9   6   3 |     GGG   8   2   0
--------------------------------------------------------------------------------------

Codon position x base (3x4) table for each sequence.

#1: Scer           
position  1:    T:0.23858    C:0.11929    A:0.32741    G:0.31472
position  2:    T:0.21574    C:0.22589    A:0.37056    G:0.18782
position  3:    T:0.31980    C:0.23096    A:0.32234    G:0.12690
Average         T:0.25804    C:0.19205    A:0.34010    G:0.20981

#2: Sbay           
position  1:    T:0.24365    C:0.12437    A:0.30711    G:0.32487
position  2:    T:0.19543    C:0.25127    A:0.37056    G:0.18274
position  3:    T:0.33756    C:0.24112    A:0.32234    G:0.09898
Average         T:0.25888    C:0.20558    A:0.33333    G:0.20220

#3: Smik           
position  1:    T:0.23604    C:0.12183    A:0.32487    G:0.31726
position  2:    T:0.21574    C:0.23350    A:0.35533    G:0.19543
position  3:    T:0.34772    C:0.19797    A:0.35025    G:0.10406
Average         T:0.26650    C:0.18443    A:0.34349    G:0.20558

#4: Spar           
position  1:    T:0.23350    C:0.12437    A:0.32741    G:0.31472
position  2:    T:0.21574    C:0.22589    A:0.37310    G:0.18528
position  3:    T:0.37563    C:0.17513    A:0.31726    G:0.13198
Average         T:0.27496    C:0.17513    A:0.33926    G:0.21066

#5: Ncas           
position  1:    T:0.25381    C:0.12944    A:0.29188    G:0.32487
position  2:    T:0.19797    C:0.23858    A:0.37310    G:0.19036
position  3:    T:0.40863    C:0.14975    A:0.32234    G:0.11929
Average         T:0.28680    C:0.17259    A:0.32910    G:0.21151

#6: Cgla           
position  1:    T:0.22335    C:0.15736    A:0.31472    G:0.30457
position  2:    T:0.18782    C:0.25888    A:0.38579    G:0.16751
position  3:    T:0.32741    C:0.24873    A:0.29442    G:0.12944
Average         T:0.24619    C:0.22166    A:0.33164    G:0.20051

#7: Agos           
position  1:    T:0.17766    C:0.25127    A:0.27157    G:0.29949
position  2:    T:0.20558    C:0.24112    A:0.36041    G:0.19289
position  3:    T:0.13198    C:0.41371    A:0.16751    G:0.28680
Average         T:0.17174    C:0.30203    A:0.26650    G:0.25973

#8: Klac           
position  1:    T:0.22335    C:0.15228    A:0.31726    G:0.30711
position  2:    T:0.21827    C:0.23604    A:0.36548    G:0.18020
position  3:    T:0.37817    C:0.15482    A:0.35533    G:0.11168
Average         T:0.27327    C:0.18105    A:0.34602    G:0.19966

#9: Calb           
position  1:    T:0.22843    C:0.13198    A:0.33503    G:0.30457
position  2:    T:0.19289    C:0.26396    A:0.37563    G:0.16751
position  3:    T:0.45939    C:0.10660    A:0.33503    G:0.09898
Average         T:0.29357    C:0.16751    A:0.34856    G:0.19036

Sums of codon usage counts
------------------------------------------------------------------------------
Phe F TTT      48 | Ser S TCT     112 | Tyr Y TAT     115 | Cys C TGT       5
      TTC      45 |       TCC      72 |       TAC     138 |       TGC       3
Leu L TTA     105 |       TCA      64 | *** * TAA       0 | *** * TGA       0
      TTG      63 |       TCG      38 |       TAG       0 | Trp W TGG       3
------------------------------------------------------------------------------
Leu L CTT      17 | Pro P CCT      28 | His H CAT      72 | Arg R CGT      25
      CTC      10 |       CCC       9 |       CAC      42 |       CGC      19
      CTA      49 |       CCA      60 | Gln Q CAA     118 |       CGA       3
      CTG      21 |       CCG       9 |       CAG      32 |       CGG       3
------------------------------------------------------------------------------
Ile I ATT     106 | Thr T ACT      95 | Asn N AAT      70 | Ser S AGT      21
      ATC      61 |       ACC      70 |       AAC      60 |       AGC      15
      ATA      36 |       ACA      60 | Lys K AAA      89 | Arg R AGA     255
Met M ATG      28 |       ACG      22 |       AAG      91 |       AGG      31
------------------------------------------------------------------------------
Val V GTT      56 | Ala A GCT      88 | Asp D GAT     169 | Gly G GGT     189
      GTC      34 |       GCC      62 |       GAC      86 |       GGC      30
      GTA      27 |       GCA      37 | Glu E GAA     179 |       GGA      16
      GTG      21 |       GCG      31 |       GAG      51 |       GGG      32
------------------------------------------------------------------------------


Codon position x base (3x4) table, overall

position  1:    T:0.22871    C:0.14580    A:0.31303    G:0.31246
position  2:    T:0.20502    C:0.24168    A:0.36999    G:0.18331
position  3:    T:0.34292    C:0.21320    A:0.30964    G:0.13424
Average         T:0.25888    C:0.20023    A:0.33089    G:0.21000

Codon frequencies under model, for use in evolver (TTT TTC TTA TTG ... GGG):
  0.01639344  0.01639344  0.01639344  0.01639344
  0.01639344  0.01639344  0.01639344  0.01639344
  0.01639344  0.01639344  0.00000000  0.00000000
  0.01639344  0.01639344  0.00000000  0.01639344
  0.01639344  0.01639344  0.01639344  0.01639344
  0.01639344  0.01639344  0.01639344  0.01639344
  0.01639344  0.01639344  0.01639344  0.01639344
  0.01639344  0.01639344  0.01639344  0.01639344
  0.01639344  0.01639344  0.01639344  0.01639344
  0.01639344  0.01639344  0.01639344  0.01639344
  0.01639344  0.01639344  0.01639344  0.01639344
  0.01639344  0.01639344  0.01639344  0.01639344
  0.01639344  0.01639344  0.01639344  0.01639344
  0.01639344  0.01639344  0.01639344  0.01639344
  0.01639344  0.01639344  0.01639344  0.01639344
  0.01639344  0.01639344  0.01639344  0.01639344


TREE #  1:  (((((1, 4), (3, 2)), 5), 6), ((7, 8), 9));   MP score: 1204
This is a rooted tree.  Please check!
lnL(ntime: 16  np: 18):  -6553.727617      +0.000000
  10..11   11..12   12..13   13..14   14..1    14..4    13..15   15..3    15..2    12..5    11..6    10..16   16..17   17..7    17..8    16..9  
 0.208188 0.155454 0.396553 0.050246 0.187091 0.073925 0.023940 0.209417 0.647956 0.572268 0.760381 0.241940 0.148006 1.443496 0.431796 1.768886 1.696713 0.063635

Note: Branch length is defined as number of nucleotide substitutions per codon (not per neucleotide site).

tree length =  7.319542

(((((1: 0.187091, 4: 0.073925): 0.050246, (3: 0.209417, 2: 0.647956): 0.023940): 0.396553, 5: 0.572268): 0.155454, 6: 0.760381): 0.208188, ((7: 1.443496, 8: 0.431796): 0.148006, 9: 1.768886): 0.241940);

(((((Scer: 0.187091, Spar: 0.073925): 0.050246, (Smik: 0.209417, Sbay: 0.647956): 0.023940): 0.396553, Ncas: 0.572268): 0.155454, Cgla: 0.760381): 0.208188, ((Agos: 1.443496, Klac: 0.431796): 0.148006, Calb: 1.768886): 0.241940);

Detailed output identifying parameters

kappa (ts/tv) =  1.69671

omega (dN/dS) =  0.06363

dN & dS for each branch

 branch          t       N       S   dN/dS      dN      dS  N*dN  S*dS

  10..11     0.208   859.8   322.2  0.0636  0.0138  0.2176  11.9  70.1
  11..12     0.155   859.8   322.2  0.0636  0.0103  0.1625   8.9  52.4
  12..13     0.397   859.8   322.2  0.0636  0.0264  0.4145  22.7 133.6
  13..14     0.050   859.8   322.2  0.0636  0.0033  0.0525   2.9  16.9
  14..1      0.187   859.8   322.2  0.0636  0.0124  0.1956  10.7  63.0
  14..4      0.074   859.8   322.2  0.0636  0.0049  0.0773   4.2  24.9
  13..15     0.024   859.8   322.2  0.0636  0.0016  0.0250   1.4   8.1
  15..3      0.209   859.8   322.2  0.0636  0.0139  0.2189  12.0  70.5
  15..2      0.648   859.8   322.2  0.0636  0.0431  0.6773  37.1 218.2
  12..5      0.572   859.8   322.2  0.0636  0.0381  0.5982  32.7 192.7
  11..6      0.760   859.8   322.2  0.0636  0.0506  0.7948  43.5 256.1
  10..16     0.242   859.8   322.2  0.0636  0.0161  0.2529  13.8  81.5
  16..17     0.148   859.8   322.2  0.0636  0.0098  0.1547   8.5  49.9
  17..7      1.443   859.8   322.2  0.0636  0.0960  1.5089  82.6 486.2
  17..8      0.432   859.8   322.2  0.0636  0.0287  0.4514  24.7 145.4
  16..9      1.769   859.8   322.2  0.0636  0.1177  1.8490 101.2 595.8

tree length for dN:       0.4869
tree length for dS:       7.6510


Time used:  0:12
