      9   1182

Scer                            GGT TAT GTC GAC GAT CGT GCT GAT ATC TTG AAG GGA GAT GAC CAT GAT AGG TGG TCT GAT GGC AGA GTG GTT ATT TTT CTG GTT ATT AAA CAT GGG GAT TAT CCA GCG AGT ATT CTA AAC AAG AAT ATC GAT CAT ACT TTC ACC GAA TAC ATT CCA AAA GCC ACT GAC GCA TTT ACA CAA GAG GGT CAA GCA GGT GAT GAG TTT TTC GAG ATT AGA ACT GGT TTC GTA CTT GAA ACA GTG TTA ACT GTA AAG CGT CAA GAT GAA AAT TAC AGG ATT GAA ATA TCC GCT TGG ATT ATA AAA AAT CAG CCC TGC GCC GAG CAT CCA CCA CAA GAT TTT AAT GGT GCA TCC TTG GTC GAC GTT ACC GCT ATG CCA TTG CCA GAC AGT GCG AGT GAG TTG GAC TAC CCA GTA CTG CAT GGT GTT ATC GTA GAT ACT CCT ATG GGT CAA GCT CCT CTT ACC CCT GTA AAA TAT ATG AGA TAT GAC TGG TCC AAT ATT AAA GTG ACT CCC GTT AAA CCA CGT GAC TTT GGT ATC ATC TTC CTT AAT CTA TAC CGT CCC CTT AAA GAT CAA AGA AAG ATG TTG CCT GAC GAC GTT ATT ATG GTT AGA ATT ATC ATG AAA GAT ATC ATG CGT AAG ATC TTT AAG AGA GTT GTG AGG TTT GTT ATT GTC TGG GAT ATG GAG TTG GGT AGA ATC TTA AAG ATT GGT TTC GTT AAG GCC CCA TAC GAT TGC TTC CAA AAA AAA GAG ATC TCT AAA TTC CAA AGA CCC AGA GAG AAC GAA TAC ATT AAC AGA CAA CCA CTT AGA GAC ACC CTA GCC GGT AAT AGC AAG ATG AGA CTT ACG GAC CTT TTG GAC CAA GAA GGT ATC TGC ACG GCT TCT TAC TCC GCT GTT ATT GCA GAC GTT CAA AAC GAC ATG TTT GGT TGT AGA CCC GCA TTC TTT CAA TTA TCT GTG CAT AAG TTA ATC CGT ACC AGA AGA CGT TAT TAC AAT CAA CCC AGA CAT GTA TAC AGA CAA ATG TCT AAA CAT GTT CCT ATT CAT TGC CCT GCT GAT TCT ACA CCA GAC TCA GAG GAT TGG ATG ATG GTT GCA AAA ATA GGT TAT GGT CAG ATA ATG ATC ATC TAC CTA CTA CGT GCC GCA GTT TCT GGT AAG CAA AGA AGA TAT ATC ATT GAC TTA AGA AGA AAT CCC TTT CCC AAA TAT ATT TTG 
Sbay                            GGT TAC GTT GAC GAT CGT GCG GAC ATC TTG AAA GGG GAC GAT CAC GAT AGG TGG TCC GAT GGT AGG GTG GTT ATC TTT CTG GTT ATT CAA CAT GGT GAT TAT CCA GCA AAC ATC CTG AAC AAG AAT ATC GAT TAT ACT TTC ACC GCA TAC ATC CCG AAA GCC ACT GAC GCA TTT ACA CAA GAA GGT CAA GCA GGT GAT GAG TTC TTC GAG ATT AGA ACT GGT TTT GTA CTG GAA ACC GTG CTA ACC GTA AAA CGT CAA GAT GAG AAC TAC AGG ATT GAA ATT TCC GCC TGG ATC ATA AAG AAC CAG CCC TGC GCC GAA CAC CCC CCG CAA GAT TTC AAT GGT GCA TCC TTG GTC GAC GTT ACC GCT ATG CCG TTA CCG GAC AGT GCA AGT GAG TTG GAC TAC CCG GTA CTG CAT GGT GTT ATC GTA GAT ACT CCC ATG GGT CAA GCT CCT CTT ACC CCA GTA AAG TAT ATG AGG TAT GAC TGG TCC AAC ATT AAA GTG AAT CCG GTT AAA CCA CGT GAC TTC GGT ATC ATC TTC CTT AAC CTG TAC CGT CCT CTT AAG GAT AAA AGA AAG ATG TTA CCT GAT GAC GTT ATT ATG GTT AGG ATT ATC ATG AAA GAT ATC ATG CGT AAA ATC TTC AAA AGA GTT GTG AGG TTT GTG ATT GTT TGG GAT ATG GAA TTA GGT AGA ATC TTA AAG ATC GGT TTC GTT AAG GCT CCA TAT GAT TGT TTC CAA AAA CAA GAG ATC TCC AAA TTC CAA AGA CCT AGA GAA AAC GAA TAC ATC AAC AGA CAG CCA CTT AGA GAT ACT CTG GCC GGT AAT AGC AAG ATG AGA CTT ACG GAT CTT TTG GAC CAA GAG GGT ATC TGT ACC GCT TCT TAC TCC GCT GTT ATC GCA GAT GTT CAA AAC GAC ATG TTC GGT TGT AGA CCC GCC TTC TTC CAG TTA TCT GTG CAT AAG TTA ATC CGT ACC AGA AGA CGT TAT TAC AAT CAA CCC AGA CAT GTA TAC AGA CAA ATG TCT AAA TAT GTT CCC ATC CAC TGT CCA GCT GAT TCT ACA CCA GAT TCT GAA GAT TGG ATG ATG GTT GCC AAA ATA GGT TAC GGT CAA ATT ATG ATC ATC TAC TTG TTG CGT GCC GCA GTT TCT GGT AAA CAA AGA AGA TAT ATC ATC GAC CTA AGA AGA AAC CCG TTT CCT AAA TAT ATC TTG 
Smik                            GGT TAT GTT GAC GAT CGT GCT GAT ATT CTG AAG GGG GAT GAC CAT GAT AGA TGG TCT AAT GGT AGA GTG GTT ATC TTT CTG GTT ATT AAA CAT GGT GAT TAT CCA GCA AAT ATT CTG AAC AAG AAT ATT AAT TAC ACT TTT ACT GAA TAC ATT CCG AAA GCT ACT GAC GCA TTT ACA CAA GAT GCT CAA GCA GCT AAT GAG TTC TTC GAG ATT AGA ACT GGT TTT GTA CTT GAA ACG GTG CTA ACT GTA AAA CGT CAG GAT GAG AAC TAC AGG ATT GAA ATA TCC GCC TGG ATC ATA AAG AAT CAG CCC TGC GCT GAA CAT CCC CCG CAG AAT TTC AAT GGT GCA TCT CTG GTC GAC GTT ACC GCT ATG CCG TTG CCG GAC AGT GCA AGT GAG TTG GAC TAC CCG GTA CTG CAT GGT GTT ATC GTA AAT ACT CCG ATG GGT CAA GCT CCT CTT ACA CCT GTA AAA TAT ATG AGA TAT GAC TGG TCC AAT ATT AAA GTG TCC CCA GTT AAA CCA CGT GAC TTC GGT ATC ATT TTC CTT AAT CTG CAC CGT CCT CTT AAG GAT CAA AGA AAG ATG TTG CCT GAT GAC GTT ATT ATG GTC AGA ATT ATT ATG AAA GAT ATC ATG CGT AAG ATC TTC AAG AGA GTT GTG AGA TTT GTG ATT GTT TGG GAT ATG GAT TTG GGT AGA ATC TTA AAA ATT GGT TTC GTC AAG GCT CCA TAT GAC TGT TTC CAA AAA AAA GAG ATC TCT AAA TTC CAA AGA CCT AGA GAA AAC GAA TAT ATT AAC AGA CAA CCA CTT AGA GAC ACC CTG GCT GGT AAT AGT AAG ATG AGA CTT ACC GAT CTT TTG GAC CAG GAA GGT ATT TGT ACG GCT TCT TAC TCC GCT GTT ATT GCA GAC GTC CAA AAC GAC ATG TTC GCT TGT AGA CCC GCA TTC TTC CAG TTA TCT GTG CAT AAG TTG ATC CGT ACC AGA AGA CGT TAT TAC AAT CAA CCC AGA CAT GTA TAC AGA CAA ATG TCT AAA TAC GTT CCG ATT CAT TGT CCT GCT GAT TCT ACA CCA GAC TCA GAA GAC TGG ATG ATG GTT GCA AAA ATA GGT TAT GGT CAA ATA ATG ATT ATT TAC CTA CTG CGT GCC GCA GTT TCT GGT AAA CAA AGA AGA TAT ATC ATT GAC CTA AGG AGA AAT CCA TTT CCT AAA TAT ATT TTG 
Spar                            GGT TAT GTT GAC GAT CGT GCT GAT ATC TTG AAG GGG GAT GAC CAT GAT AGG TGG TCT GAT GGT AGA GTG GTT ATC TTC CTG GTT ATT AAA CAT GGC GAT TAT CCA GCG AAC ATT CTA AAC AAG AAT ATT GAT CAT ACT TTC ACG GAA TAC ATT CCG AAA GCC ACT GAC GCA TTC ACA CAA GAG GCT CAA GCA GCT GAT GAG TTC TTT GAG ATT AGA ACT GGT TTT GTA CTT GAA ACA GTG CTA ACC GTA AAA CGT CAA GAT GAA AAT TAC AGA ATT GAA ATA TCC GCT TGG ATC ATA AAG AAT CAG CCC TGC GCC GAA CAC CCA CCG CAA GAT TTT AAT GGT GCA TCC TTG GTC GAC GTT ACC GCT ATG CCG TTG CCG GAC AGT GCG AGT GAG TTG GAC TAC CCG GTA CTG CAC GGT GTT ATC GTA GAT ACT CCT ATG GGT CAA GCT CCT CTT ACC CCT GTA AAA TAT ATG AGA TAT GAC TGG TCC AAT ATT AAA GTG ACT CCA GTT AAA CCA CGT GAC TTC GGT ATC ATC TTC CTT AAT CTA TAC CGT CCC CTT AAG GAT CAA AGA AAA ATG TTG CCT GAT GAC GTT ATT ATG GTT AGA ATT ATC ATG AAA GAT ATC ATG CGT AAG ATT TTC AAG AGA GTT GTG AGG TTC GTA ATT GTT TGG GAT ATG GAG TTG GGT AGA ATC TTA AAG ATT GGT TTC GTT AAG GCT CCA TAC GAT TGT TTT CAG AAA AAA GAA ATC TCT AAA TTC CAA AGG CCC AGG GAA AAC GAA TAC ATT AAC AGA CAA CCA CTT AGA GAC ACC CTA GCC GGT AAT AGC AAG ATG AGA CTT ACA GAT CTT CTG GAC CAA GAA GGT ATT TGT ACG GCT TCT TAC TCC GCT GTT ATC GCA GAC GTT CAA AAC GAC ATG TTC GCT TGC AGA CCC GCA TTT TTC CAG TTG TCT GTG CAT AAG TTA ATC CGT ACT AGA AGA CGT TAT TAC AAT CAG CCC AGA CAT GTA TAC AGA CAA ATG TCT AAA CAT GTT CCT ATC CAC TGT CCT GCT GAT TCT ACA CCT GAC TCT GAA GAT TGG ATG ATG GTT GCA AAA ATA GGT TAT GGT CAG ATA ATG ATC ATT TAC CTG TTA CGT GCC GCA GTT TCT GGT AAG CAA AGA AGA TAT ATC ATC GAC CTA AGA AGA AAC CCA TTT CCC AAA TAT ATC CTG 
Ncas                            GGT TAT GTT GAT GAT CGT GCC GAG GTT TTA AAA GGA GAG GAT CAT GAT AGA TGG GCA GAT GGG AGG GTT GTC GTC TTT CTG GTG ATA AAG CAT GGT GAT TAT CCA GCT AGT ATC CTA AAC AAG AAT ATC GAT TTT ACC TTC ACC GAA TAT ATC CCT AAG GCA ACC GAT GCA TTT ACT CAG GAT GGG CAG GCT GGG GAT GAA TTC TTT GAA ATT AGA ACA GGA TTC GTT TTG GAA TCA GTC CTT ACC ATT AAG CGT CAA GAT GAG AAT TAT AGA ATT GAA TTG TCT TCC TGG GTC GTC AAG AAC CAA CCT TGT GCA GAG GAT CCA CCT CAA GAT TTT AGT GGT GCA TCT TTA GTT GAT GTG ACC GCC ATG CCT TTA CCT GAT AGT GCT AGT GAG GTG GAT TAC CCT ATT TTA CAT GGT ATT ATC ATT GAT ACC CCT ATG GGT CAA GCC CCC GTT ACC CCT GTT AAA TAC ATG AGG TAT GAT TGG TCT AAT ATT AAG GTT AAT CCT GTT AAA CCA CGT GAT TTC GGT ATC ATT TTC TTG AAC CTA TGT CGT CCT TTG AAG GAT AAG AGA AAG ATG TTA CCC GAT GAC GTG ATT ATG GTC AGG ATA GTT ATG AAA GAC ATC ATG CGT AAA ATT TTC AAA AGA GTA GTT AGA TTT GTC ATA GTT TGG GAC ATG GAT TTA GGA AGA ATC ATG AAG ATC GGT TTT GTC AAA GCT CCA TAT GAT TGT TTT CAA AAA AAG GAT ATT GCA AAA TTC CAA AGA CCT AGA GAG AAT GAA TAC ATC AAC AGA CAA CCA CTA AGA GAT ACT CTA GCC GGT AAT GGG AAG ATG AGA TTG ACC GAT TTG TTA GAT CAA CAA GGT ATC TGT ACT GCA TCA TAT TCT GCC ATT ATC GCT GAC GTA CAA AAC GAT ATG TTC GGG TGT AGA CCT GCT TTT TTT CAA TTG TCA GTT CAT AAG TTA ATT CGT ACC AGA AAA AGA TAT TAT AGT CAA CCA AGA CAT GTT TAT AAA CAA ATG ACT AAG TTT GCT CCT ATC GAT TGT CCT GCT GAT TCG ACT CCA GAC TCC GAG GAT TGG ATG ATG GTT GCT AAA ATA GGA TAT GGA CAA TTG ATG ATT GTG TAC ATC CTT AGA GCT GCA GTT TCA GGG ATG AAA AGA AGA TAT ATT ATC GAT CTT AGA AGA AAT CCT TTC CCT AAA TAT ATC TTA 
Cgla                            GGA TAT GTT GAC GAC CGT GCT GAA GTG TTG AAG GGT GAA GAT CAC GAC AGG TGG GCG GAT GGT AGA GTC GTA GTT TTT TTA GTT ATA AAG CAT GGC GAC TAT CCA GCA AAC ATC CTT GAT AAA AAT ATC GAT TAC ACT TTT ACT GAA TAC ATC CCT AAG GCC ACT GAC GCA TTT ACT CAA CCT GGT CAA GCC GGT GAT GAA TTC TTC GAA ATT AGG ACA GGC TTC ATT CTG GAA TCT CTA TTG ACG GTT AAA CGT CAG GGC GAA GAG TAC AGA ATT GAA ATT TCC GCT TGG GTT ATC GAG AAC CAA CCA TGC GCC GAA CAC CCA CCT CAG GAT TAC AGC GGT GCA TCC TTG GTA GAC GTT ACC GCT ATG CCT TTA CCT GAC AGT GCA AGT GAG ACC GAC CAC CCT GTT CTG CAC GGT GTA ATT GTT GAT ACT CCT ATG GGA CAA GCG CCG ATT ACG CCA ATT AAG TAC ATG AGA TAC GAC TGG TCC AGT ATT AAG GTC GAT CCT GTT AAG CCA CGT GAC TTC GGT GTT ATT TTC CTG AAC CTT TAC AAG CCT CTG GAG GAC AAA AGG AAG ATG TTA CCG GAC GAC GTT ATC ATG GTC AGA ATA GTG ATG AAG GAT GTT ATG AAG AAG ATA TTC AAG AGG GTT GTC AGG TTT GTT ATA GTT TGG GAT ATG CCT TTA GGC AGA ATC ATG AAG ATC GGT TTC GTC AAA GCC CCA TAC GAC TGT TTC CAA AAG AAG GAC ATA GCG AAG TTC CAG AGA CCT AGA GAA TCT GAA TAC ATC GAT AGG CAG CCA CTA AGA GAT ACT CTT GCG GGT AAT AGC AAG ATG AGA CTG ACA GAC CTG TTG GAT CAG AAG GGA ATC TGT ACT GCC TCG TAC ACA GCG GTA ATC GCC GAC GTC CAA GAT GAT ATG TTC GGT TGT AGA CCA GCC TTC TTT CAG CTG TCG GTC CAT AAG TTG ATA AAG ACC AGA AGA CGT TAT TAC AGC CAA CCT AGA CAT ATT TAC AGA CAA ATG ACC AGT TAC GTC CCT ATA CAC TGT CCA GCA GAT TCT ACT CCT GAT TCA GAA GAC TGG ATG ATG GTT GCC AAA ATT GGC TAT GGC AAA ATT ATG ATT GTG CAC TTA CTA CGT GCT GCA GTT TCA GGC AAA AAG AGG AGA TAC ATA ATA GAC TTG AGA AGA AAC CCT TAT CCT AAA TAT ATC TTG 
Agos                            GGA TAC GTC GAC GAC CGT GCG GAC GTG CTA AAG GGG GAC GAC CAC GAC CGC TGG GCA AAT GGC CGT GTG GTC GTG TTT CTG GTT ATT GAT CAC GGC GAC TAC CCT GCT ACT ATC CTC AAT AAG AAC ATC AAT TAC ACG TTT ACG GAA TAC ATC GTC AAG GCG ACG GAC GCT TTT ACG CAG AGT GCT TCG GCG GCT AAT GAA TAT TTT GAA ATT AGG ACT GGG TTC GTC CTG GAG ACG ACG CAG ACA CTT AAG CGT CAG GAC GAG CAT TAC CGC ATT GAG ATG TCG GAA TGG GTG GTC GCG AAC CTA CCG GTC GCG GAG AGC CCC GTC CAG AAT TTT AAC GGC GCT TCT CTA GTG GAT GTT ACC GCC ATG GTC TTG GTC GAC AGC GCT AGC GAG CTG GAC TGG GTC CTT CTG CAC GGC TGC ATC CTT AAT ACG CCT GTC GGA CAA GCG GCT ATG ACC CCT GTC AAG TAC ATG CGT TAC GAC TGG TCG AAT ATT CGC GTG AGC CCA CTT AAA CCA CGT GAC TAT GGC ATT ATC TTC TTG AAC CTC CAT CGG CCT TTG GCG GAC AAA CGT AAG ATG TTG GCT GAC GAC GTT ATT ATG GTG CGT ATT GTG ATG AAA GAT ATT CTT CGG AAG ATC TAT CGG AGG ATG GTG CGC TTT GTC ATT GTC TGG GAT ATG AGT TTG GGG AGA ATC ATG AAG ATC GGC TTC GTG AAG GCG CCG TAC GAC TGC TTT CAG CGC GAT GAG ATA GCA CGC TTC CAG AGA CCT AGA GAG AAC GAG GTG ATC AAT CGT CAG CCC CTG AGG GAC ACC CTC GCG GGC AAC GGC AAG AAA AGG TTG ACG GAC TTG CTC GAC CAG CAA GGA ATC TGC AAC AAC TCG TAC ACC GCG TGC ATC GCG GAC GTC CAG AAT GAC ATG TAT GCT TGC AGA CCG GCA TTT TTT CAG CTC TCG GTG CAT AAG TTG ATT CGG ACC CGG AGA AGA TAC TAC AAC CAG CCA AGA CAC GTC TAC AGA CAA CTT AGC AAG TAC GTC CCT ATT AGC TGC CCT ACA GAG TCC ACG CCC GAC TCT GAG GAC TGG ATG ATG ATG GCA AAA ATC GGG TAC GGG TCG ATG ATG ATC GTG TGG TTT CTA AGA GCC GCT CTT TCG GGA AAG AAG AGG AGA TAC ATA ATT GAC CAG AGG AGA AAC CCA TTT CCT AAA TAC ATC CTC 
Klac                            GGT TAT GTC GAT GAT AGG GCG GAC GTG CTG AAT GGT GAC GAT CAT GAT AGA TGG GCT GGT GGG AGA GTG GTT GTG TTT CTA GTT ATT GAA CAC GGT GAT TAT CCA GCT AAT ATC TTA AAC AGA AAC ATT GGT TAC ACT TAT ACC GAG TAT ATA ACT AAG TCC ACT GAC GCA TTT ACT CAA GAG GGT TCA GCA GGT GGT GAA TTT TTT GAA ATT AGA ACT GGC TTC GTT TTG GAA TCC GTA CAG ACT ATC AAA AGG CAA GAT GAA CTA TAT CGG ATT GAA ATG TCT GAA TGG GTG ATG TCG AAC ACA CCT GTG TCC GAA AAC CCA ACT CAA GGT TTC AAC GGT GCA TCC CTG GTT GAT GTT TCC GCT ATG ACT CTT ACT GAC AGT GCT AGT GAA AAG GAT TGG ACT ATC TTG CAT GGT AGT TTG ATC GGT ACT CCA ATG GGT CAA GCA CCT CTT ACC CCT GTT AAT TAC ATG AGA TAT GAC TGG TCT AAT ATT AAG GTG ACT GCG GTT AAA CCA AGA GAC TTT GGT ATA ATT TTC TTG AAC TTA TTT AGG GCT TTG TCG GAT AAG AGA AAG ATG CTT CCT GAT GAC GTT ATT ATG GTT AGA ATT GTG ATG AAA GAT ATA ATT AGG AAT ATT TTT AGA AGA ATG GTG AGA TTT GTG ATT GTC TGG GAT ATG GAG CTT GGC AGA ATT ATG AAG ATC GGT TTC GTT AAG GCT TCT TAC GAT TGC TTT CAA AAA GAA GAA ATT GCT AAA TTC CAG AGG GCT AGG GAA AAC GAA ATC ATC AAC AGA CAA CCA TTG AGA GAT ACT TTA GCA GGT AAC AGT AAG ATG AGA TTG ACG GAT TTG CTT GAT CAA CAA GGT ATT TGC AAT ACT TCA TAT TCC GCA AGT ATT GCA GAT GTT CAA AAC GAT ATG TTT GGT TGT AGA CCT GCT TTT TTT CAA TTG TCA GTG CAT AAG CTA ATC AGG ACC AGA AGA CGT TAT TAT AAC CAA CCG AGA CAC GTT TAT AGA CAA ATT ACT AAG TAC GTT CCA ATT AAC TGC CCT GCT GAC TCT ACT CCA GAC TCT GAA GAT TGG ATG ATG ATA GCT AAA ATA GGC TAT GGC CAA ATG ATG ATT GTA TGG TTT CTG CGT CCT GCA GTT TCT GGA AAA AAA AGA AGA TAC ATT ATT GAT CAG AGA AGA AAT GCG TTT GCT AAA TAT ATT CTT 
Calb                            GGT TAC GTT GAC GAT AAG GTG GAA GTG TTG AAA GGA GAA GAT CAT GAT AAA TGG GCT GAG GGA AGA GTC GTC ACA TTT TTA GCT TTT TCT TGC GGT GAT TAT CCA ACA TTA ATC CTT GAT AAA AAT ATC GAG CAT ACA AAT ACC TAT TAC ATT CCT AAG GCC ACA GAT GCA TTT ACC TCG GAC GGT GTT GCT GGT GAG GAA TCT TTT GAA ATA AGA ACT GGA TTT ATA TTG GAG AGA AAA TTA AGT ATG AAA AAG CAA GAT GAA AAC TAC ACT ATA GAA ATG TCA AAT TGG ACA GCC AAA AAT GTG CCA GCT GCC GAA TCA AAT CCT CAA GAG TTT AAT GGC GCA TCT TTG ATC GAA GCT ACT GCC ATG CCT TTG CCT GAT CCA ACA CCA GAA ATA GAC GAC CCT ATG TTA TTT GGC CAA ATA ATG GAG ACA CCT TTG GGT CAG GCA TAT TTG ACC CCT ATA AAT TAT ATG AGA CAT GAT TGG TCA GCC ATA AGA GTC AAG GGA GTT AAA CCA AGA GAT TCT GGT CTT GTT TTC TTA AAT CTT ACC ACA GCT TTA AAA TCA AAA AGA AAA ATG TTG TAT GAT GAC GCT ATT ATG GTT AGA TTT GTG ATG AAA GAT CTT GTG ACA AAA ATC TCT CAA AGA ATC GTC AAA TTT GTA TTT GTT TGG GAT ATG GAC TTG GGA AGA ATA TTA AGA ATC GGG TTC GTT AAA GCT AGA TAC GAT TTG TTT CAA GCA TCT GAA ATT GCT GCA TTC TCC AGA GCT AGA GAA AAC GAA TTA ATC GAT AGA CAA CCA TTG AGA GAT ACT CTT GCA GGT AAT CAA AAG AAA AGA TTA ACA GAT TTA TTA GAT CAA CAA GGT ATC TTG AAT AGT TCA TAC TCT GCA CAA ATC GCT GAT ATT CAG GAT GAT ATG TCT GGT TCA AGA CCA GCA TTT TTT CAA TTG TCA GTC CAT AAA TTG ATT ACA ACT AGA AGA AGA TAT TAC AAT CAA TCC AGA TGC ATA TAC AGA CAG GTG CAC ACC CAT GTA CCT ATC TCA TTG CCT GCC GAT TCT ACC CCT GAC TCT GAA GAT TGG ATG ATG ATT GCA ACG TTC GGA TAC GGA TGT ATG ATG GTT GTT GAC TTA CTT AGA TCC GCA GTT TCA GCA AAA AAG AGA AGA TAT ATT ATC GAC TTA CGA AGA AAT GGA TTT GCT ACG TAC ATC TTA 



Printing out site pattern counts


         9        702  P

Scer                            AAA AAA AAA AAA AAA AAA AAA AAA AAA AAC AAC AAG AAG AAG AAG AAG AAG AAG AAG AAG AAG AAT AAT AAT AAT AAT AAT ACA ACA ACC ACC ACC ACC ACC ACG ACG ACT ACT ACT ACT AGA AGA AGA AGA AGA AGA AGA AGA AGA AGC AGG AGG AGT AGT ATA ATA ATA ATC ATC ATC ATC ATC ATC ATC ATC ATC ATC ATG ATG ATG ATG ATT ATT ATT ATT ATT ATT ATT ATT CAA CAA CAA CAA CAA CAA CAA CAA CAA CAA CAA CAG CAG CAT CAT CAT CAT CAT CAT CCA CCA CCA CCA CCA CCA CCA CCC CCC CCC CCC CCT CCT CCT CGT CGT CGT CGT CTA CTA CTA CTG CTG CTT CTT CTT CTT GAA GAA GAA GAA GAA GAC GAC GAC GAC GAC GAC GAC GAC GAC GAG GAG GAG GAG GAG GAT GAT GAT GAT GAT GAT GAT GAT GCA GCA GCA GCC GCC GCC GCC GCG GCT GCT GCT GCT GCT GCT GGA GGC GGG GGT GGT GGT GGT GGT GGT GGT GTA GTA GTC GTC GTG GTG GTT GTT GTT GTT GTT GTT GTT GTT GTT GTT TAC TAC TAC TAC TAC TAT TAT TAT TAT TAT TAT TCA TCC TCC TCC TCT TCT TCT TCT TCT TGC TGC TGG TGT TTA TTA TTA TTA TTC TTC TTC TTC TTC TTG TTG TTG TTG TTT TTT TTT TTT TTT 
Sbay                            ... ... ... ... ... ... ..G ..G C.. ... ... ..A ..A ..A ..A ... ... ... ... ... ... ..C ..C ..C ..C ... ... ... ..C ... ... ... ... ..T ..C ... .A. ..C ... ... ... ... ... ... ... ... ... ... ..G ... ... ... .AC ... ... ... ..T ... ... ... ... ... ... ... ... ... ... ... ... ... ... ..C ..C ..C ..C ..C ... ... ... A.. ... ... ... ... ... ... ... ... ..G ..G ..A ... ..C ..C ... ... ... T.. ... ... ... ... ... ..C ..G ... ... ..G ..T ..A ..C ... ... ... ... ... ..G T.G T.G ... ... ..G ... ... ... ... ... ..G ..G .C. ... ... ... ... ... ..T ..T ..T ..T ..A ..A ... ... ... ..C ... ... ... ... ... ... ... ... ... ..C ... ... ... ..T ..A ..C ..G ... ... ... ... ..G ..T ..T ... ... ... ... ... ... ... ... ... ... ..T ... ... ..G ... ... ... ... ... ... ... ... ... ... ... ... ... ..T ..C ... ... ... ... ... ..T ... ... ... ..C ... ... ... ... ... ..T ... ... C.. ... ... ... ... ... ... ... ..T ..A ... ... ... ..C ..C ..C ... ... 
Smik                            ... ... ... ... ... ... ... ..G ... ... ... ..A ..A ... ... ..A ... ... ... ... ... ..C ... ... ... ... ... ... ..G ..A ... ... ..T ... ... ..C T.C ... ... ... ... ... ... ... ... ... ... ..G ... ..T ..A ... .A. ... ... ... ... ... ... ... ... ... ... ..T ..T ..T ..T ... ... ... ... ..C ... ... ... ... ... ... ... ... ... ... ... ... ... ... ... ..G ... ..G ..A ... ... ... ... ... ... T.C ... ... ... ... ... ..C ..G ... ... ..A ..T ... ..G ... ... ... ... ... ..G ... ..G ... ... ... ... ... ... ... ... ... ..G ... ... ... ... ... ... ... ... ... ..T ..A ..T ... ... ... ... A.. ..C ... ... ... ... ... ... ... ... ... ..T ..T ..T ..A ..C ... ... ... ... ... ..G ..T ..T .C. ... ... ... ... ... ... ... ... ... ..T ... ... ..G ..C ..C ... ... ... ... ... ... ... C.. ... ... ..T ..T ... ... ... ... ... ... ... ... ... ..T ... ... ... ... ... ... ..T ... ... C.. ... ... ..G ... ... ... ..T ..T ... C.. ... ... ..C ..C ..C ... ... 
Spar                            ... ... ... ... ... ... ... ..G ... ... ... ..A ... ... ... ... ..A ... ... ... ... ... ..C ... ... ... ... ... ... ... ... ..T ..G ... ... ..A ... ..C ... ... ... ... ... ... ... ... ..G ... ... ... ... ..A .AC ... ... ... ... ... ... ... ... ... ..T ... ... ..T ..T ... ... ... ... ..C ..C ..C ... ... ... ... ... ... ... ... ... ... ... ... ..G ... ... ..G ... ... ..C ... ..C ... ... ... ... ... ... ... ..T ... ..G ... ... ..A ... ... ... ... ... ... ... ... ... ..G T.. ... ... ... ... ... ... ... ... ... ... ... ... ... ... ... ... ... ... ... ..T ..A ... ..A ... ... ... ... ... ... ... ... ... ... ... ... ... ... ... ... ..T ... ... ... ... ... ... ... ..G ..T ..C .C. ... ... ... ... ... ... ... ... ... ..T ... ... ..A ... ... ... ... ... ... ... ... ... ... ... ... ... ... ... ... ... ... ... ... ..T ... ... ... ... ... ... ... ... ... ..T ... ..C C.. ... ..G ... ... ... ..T ... ..T ... ... C.. ... ..C ..C ... ..C ... 
Ncas                            ... ... ... ..G ..G ..G ... ..G ..G ... ..T ... .T. ..A ..A ... ... ..A ... ... ... ... ... ..C ... ... .G. ..T T.. ... ... ... ... ..T ..T ..C .A. ..C ..A ..C .A. ... ... ... ... ... ... ... ..G G.G ..A ..A ... ... ... G.C T.G ... ... ... ..T ..T ..T ..T G.T ... G.G ... ... ... ... G.C ..C ..C ..C ..C ..A ... ... A.G A.. ... ... ... ..G ..G ... ... ... ... ..A ..A G.. ... ... ... ... TT. ... ... ... ... ... ... ..T ..A ..T ..T ..T ... ... ..C A.A ... ... ... ... A.C ..T ... T.A T.G ..A G.. T.G ... ... C.. ..G ... ... ..T ..T ..T ..T ... ... ..T ..T ... ..T ..T ..A ... ..G ... ... ..C ... ... ... ... ... ..T ..T ..T ..A ... ..T ..T T.C ..C ..A ..C ..C ... ... ..G ..T ..G ..A ..G ... ... ... ... A.T ..T ..T ..T ..C ..T ..C ..A ..C A.. .C. ..A ..C ..G ... ... .GT ... ..T ... ..T ... ..C ... ... ... ... ..C ..T ..T ..T G.A A.. ..A ..A ..G ..T ..T ... ... C.T A.G ..G ... ... ..T ..T ... ... ..A ..A ..A G.. ..C ... ... ... ..C 
Cgla                            ... ..G ..G ..G ..G .GT ..G G.G ..G G.T TCT ..A ..A ... ... ... ... ..A ..A ... ... G.G ..C ..C .G. ... .GC ..T T.T ..G ... ... ..T ..T ..T ..A GA. ..G ..A ... ... ... ... ... ..G ..G ... ... ... ... ... ..A .AC ... ..T ..C ..T ... ..T G.T ..A ..A ..A ..T G.G ... G.G ... ... ... ... G.. ..A ..C ..C ..C ..A ..C ... A.. A.G ... ... ..G ... ... ... ..G ..G ..G A.A ..A ..C ..C ..C ... ... T.C ... ... ... ... ..T ... ..T ..T ..A ..T ..T ..A ... ..G ... AAG ... ... ..T T.. ... T.A ... ..G ..A A.. ..G ... ... A.G ... ... ... ... ... ... ..T ... ..T ..T ... ..A CCT ..C ..A ... ..A ... ..C ... ..C ..C ... .GC ... ..C ..C ..T ... ..G ... ..A ... ... ..C ..G ... ..A ..T ..T ..C ... ..C ..C ..A ... ... ... ..T A.T ..A ..T C.A ..C ... ..C ..C ..A ..C ... ..A ... ... ... ... C.. ... ... ... ... ..C ..C ..C ... ... ... A.A ... ... G.G A.C ..A ..G ... ... ..T ... ... ..G A.G C.G ..G ... ... ... ..T ... ..A ... ... ACC ..C ... .AC ... .A. 
Agos                            ... ... CGC ..G CGC ..G ..G GCG G.T ..T ... ... ... ... CG. ... ... ... ... ... ... C.. ..C ..C ... ..C ..C ..G ..G ... ... ... ..G ... .AC ... .GC ..A ... ..G ... ... ..G C.G ..G C.T ... ..G C.T G.. C.C C.C .C. ..C ..C G.C ..G ... ... ..T ..A ..T ... ... G.G ... G.G .AA ... C.T G.C G.G ... ..C ..C ..C ... ... ... A.. A.G ... ..G ..G ..G TCG ..G ..G ..G ..G TC. .TA AGC ..C ..C ..C ... T.C ... ..C ..G ..T ..C ..C GTC ..A ..G ..A ..T ... ... G.. A.A ..G ... ... ..C T.T ... ... ... ..G ..G A.G T.G ..G ..G C.. ..G ... ... ... ... ..T ... ... ... ... ... ... AGT ... ..A ... ..C A.. ..C ... ..C ..C ..G ..C ..T ..G ... ... ..G ..G ..G ..T .AA ..G AAC ..G ..C A.A ..G ... ..C .C. ..G ..A ..A ..C ..C ..C C.T ..C ..G ... AC. ... ..C ..C ..G TGC ..C A.G ..C ... A.G C.. C.T .GG ... GTG ... ..C ..C ..C ..C ..C ..C ..T A.. ..G ..T G.A AGC ..G ..G ..C GT. ... ... ..C CAG A.G C.C ..G ... ... ..T ..T ... ... C.A C.C C.. .A. ... ... ... ... 
Klac                            ... ... ... ..G ..G ..G ..T TCG G.. ... ... ..A ..A ..T .GA ... ... ... .GA ... ... CTA ... ..C ... ..C ..C ..T T.C ... T.. ... ... ..T .AT ... ... ... ... ... ... ... ... ... ... ... ..G ... ... ..T ..A C.. .A. ... ... ..G ..G ..T T.G ..A ..T ... ..T ..T G.G ..T G.A ... ... ..T ... G.G ... ... ..A ..C ... ... ... A.G A.. ... ... ..G ... TC. ... ... ... ... ..A ACA A.C ... ... ..C ... T.C ... ... T.T ... ... ... A.T ..G ..T G.G G.T ... ..A ... ... A.G A.A A.G T.. T.T ..G ..A T.. T.G T.G ... T.G ... ... C.. ... ..G ... ... ..T ..T ..T ..T ... ..T ..T ..A ... ..A ..A ..A ..C .G. ... ... ... ... ..C ... ... ... ..T C.T T.. ..A ..T ..T .AA ..G A.. ..A ... ... ..T ..G ..T ... ..C ..A ... ... ... ... A.C ..T ..T ... ..A ... ..G ... ... AG. ... A.G ... ... A.A ... .TT .GG ..T AT. ... ... ..C ..C ... ... ... ..T ... ..T ... G.. A.. ... ..A ... GTG ... ... ... CAG A.G ..G C.. ... ... ..T .AT ... C.T C.. C.T AA. ... ... ..C ... ... 
Calb                            .CG ... GC. ..G .G. .CC ..T ... TCT G.T ... ..A ..A ..A C.A .GA ..A ..A ..A ..A ... ..C ... ... GCC ... ... ..C .G. ... ..T ..T ... ..T .AT ..A .AG .G. ... ..A ... ... ... ... ... ... ... C.. ... CAA .AA .CT TTA CCA T.C GCC ..G ..A ..A C.T ..T ..T ... G.T G.G ... G.T .AA ... G.. T.. .CA ..C ..C ... ..C T.. ... ..A A.. A.G ..G ..G TCC TCG GTT ... ... ... ... TGT GT. TCA ... TT. TGC ... ... ... ... AG. ... ..T AAT ..T T.. ..A GGA G.T ... ... TA. A.A ACA A.A AAG ..T T.. ..T T.A T.A T.G T.G T.G T.A ... ..G C.. ... T.T ... ..T ... ..A ..T ..T ... ..T ..T ..A ..C ..A ..A ..A ..A ..G ... ... ... TCA ... ... ... ..T ... T.. ... ..A ..T A.A AA. .TG AG. ..A ..C ..C ... ..A ..T ... ..A .CA ... ..C ..G ... A.G A.. A.. ..T AAA ..C ..A A.. ... CAA ..A A.C ..C .C. A.. ... AC. G.. ... .TA ... ..C ... ... C.. ..C ... ..T ..T ..A ..T G.. CAC ..A ..A ... GCT .TG ... .CA ... ... ..G ..G ... ... ..T AAT ..T ... ... ..A A.A .C. ... ... ... ... 

    2    2    2    1    1    1    1    2    2    3    1    1    1    2    1
    1    1    1    1    1    1    1    1    2    1    2    2    2    1    1
    1    1    1    1    1    1    1    1    1    3    2    5    2    1    3
    2    2    1    3    1    2    1    1    2    1    1    2    1    1    2
    2    1    1    2    2    2    1    1   10    2    1    2    2    2    1
    3    3    1    3    1    1    2    1    1    1    1    2    3    1    1
    1    1    2    1    1    2    1    2    1    1    1    1    1    1    5
    1    2    2    3    2    2    2    2    3    1    2    3    1    1    1
    1    1    1    1    4    2    1    1    1    1    1    4    3    1    2
    1    1    2    2    3    2    1    2    1    2    5    2    2    3    1
    1    1    3    2    2    1    2    1    1    2    1    1    1    2    1
    1    1    1    1    3    4    1    3    2    1    2    3    3    1    2
    1    4    1    1    2    2    1    1    1    3    1    2    1    2    5
    1    1    2    1    1    1    1    2    1    1    2    1    2    1    1
    2    1    1    3    5    1    2    1    1    1    2    1    3    1    1
    3    2    2    1    4    1    1    3    1

CODONML (in paml version 4.9j, February 2020)  temp.nuc
Model: One dN/dS ratio, 
Codon frequency model: Fequal
ns =   9  ls = 394

Codon usage in sequences
--------------------------------------------------------------------------------------------------------------------------------------
Phe TTT  10   5   6   6  11   5 | Ser TCT   7   6   8   8   4   3 | Tyr TAT   8   9  10   8  13   6 | Cys TGT   1   4   4   3   6   4
    TTC   8  13  12  12   9  11 |     TCC   4   6   4   4   2   3 |     TAC  10  11   9  10   4  14 |     TGC   4   1   1   2   0   1
Leu TTA   5   6   2   3   9   5 |     TCA   1   0   1   0   4   2 | *** TAA   0   0   0   0   0   0 | *** TGA   0   0   0   0   0   0
    TTG   8   7   7   7   8   7 |     TCG   0   0   0   0   1   2 |     TAG   0   0   0   0   0   0 | Trp TGG   5   5   5   5   5   5
--------------------------------------------------------------------------------------------------------------------------------------
Leu CTT   7   6   7   7   3   3 | Pro CCT   6   5   7   7  16  16 | His CAT   9   4   7   6   5   3 | Arg CGT   8   8   8   8   6   5
    CTC   0   0   0   0   0   0 |     CCC   8   6   4   6   2   0 |     CAC   0   3   1   3   0   6 |     CGC   0   0   0   0   0   0
    CTA   5   2   3   5   4   3 |     CCA  11   7   7   7   7   9 | Gln CAA  15  15  12  12  14   8 |     CGA   0   0   0   0   0   0
    CTG   2   6   8   5   1   7 |     CCG   0   7   7   5   0   2 |     CAG   2   3   5   5   2   6 |     CGG   0   0   0   0   0   0
--------------------------------------------------------------------------------------------------------------------------------------
Ile ATT  17   9  22  15  15  13 | Thr ACT   6   5   6   6   5   8 | Asn AAT   9   5  14   8   7   2 | Ser AGT   3   2   3   2   5   4
    ATC  15  25  10  17  15  11 |     ACC   5   7   4   4   9   4 |     AAC   4  10   5   6   5   4 |     AGC   1   1   0   1   0   3
    ATA   4   2   4   4   4   9 |     ACA   3   2   3   4   1   3 | Lys AAA  14  15  15  14  14   8 | Arg AGA  21  18  22  20  21  17
Met ATG  14  14  14  14  16  15 |     ACG   2   1   2   2   0   2 |     AAG  11   9  10  11  14  21 |     AGG   3   6   2   4   3   7
--------------------------------------------------------------------------------------------------------------------------------------
Val GTT  15  16  13  16  16  17 | Ala GCT   7   6  13  11  10   4 | Asp GAT  17  21  14  19  32  17 | Gly GGT  16  18  15  14   9  10
    GTC   3   1   4   1   8   8 |     GCC   5   7   2   4   5   8 |     GAC  17  13  17  15   5  19 |     GGC   1   0   0   1   0   7
    GTA   6   6   6   7   2   4 |     GCA   7   8   9   7   8   6 | Glu GAA   6   8   8  10   6  12 |     GGA   1   0   0   0   5   3
    GTG   5   6   6   5   5   3 |     GCG   2   1   0   2   0   5 |     GAG   9   6   5   5   7   4 |     GGG   1   1   1   1   6   0
--------------------------------------------------------------------------------------------------------------------------------------

--------------------------------------------------------------------------------------
Phe TTT  11  14  14 | Ser TCT   2   6  10 | Tyr TAT   4  12   7 | Cys TGT   0   1   1
    TTC   4   5   4 |     TCC   1   6   3 |     TAC  16   5   9 |     TGC   6   3   2
Leu TTA   0   3  14 |     TCA   0   3   9 | *** TAA   0   0   0 | *** TGA   0   0   0
    TTG   8   9  14 |     TCG   7   2   1 |     TAG   0   0   0 | Trp TGG   7   7   5
--------------------------------------------------------------------------------------
Leu CTT   7   6   6 | Pro CCT   8   7  10 | His CAT   3   3   5 | Arg CGT   8   2   0
    CTC   6   0   0 |     CCC   3   0   0 |     CAC   4   2   1 |     CGC   6   0   0
    CTA   4   3   0 |     CCA   4   7   7 | Gln CAA   3  13  12 |     CGA   0   0   1
    CTG   5   3   0 |     CCG   3   1   0 |     CAG  12   3   3 |     CGG   5   1   0
--------------------------------------------------------------------------------------
Ile ATT  12  21   7 | Thr ACT   2  16   5 | Asn AAT   9   7  12 | Ser AGT   2   5   2
    ATC  14   8  12 |     ACC   5   3   6 |     AAC  10  12   2 |     AGC   6   0   0
    ATA   2   5   9 |     ACA   2   1  11 | Lys AAA   6   9  17 | Arg AGA  11  24  27
Met ATG  16  17  15 |     ACG   9   1   2 |     AAG  14  10   6 |     AGG   6   7   0
--------------------------------------------------------------------------------------
Val GTT   3  14  10 | Ala GCT  10  12  12 | Asp GAT   5  20  23 | Gly GGT   0  18   9
    GTC  17   2   5 |     GCC   2   0   6 |     GAC  25   9   9 |     GGC   8   4   2
    GTA   0   2   2 |     GCA   4   8  11 | Glu GAA   4  14  13 |     GGA   4   1   8
    GTG  13  10   6 |     GCG  11   3   0 |     GAG  10   3   6 |     GGG   5   1   1
--------------------------------------------------------------------------------------

Codon position x base (3x4) table for each sequence.

#1: Scer           
position  1:    T:0.18020    C:0.18528    A:0.33503    G:0.29949
position  2:    T:0.31472    C:0.18782    A:0.33249    G:0.16497
position  3:    T:0.37056    C:0.21574    A:0.25127    G:0.16244
Average         T:0.28849    C:0.19628    A:0.30626    G:0.20897

#2: Sbay           
position  1:    T:0.18528    C:0.18274    A:0.33249    G:0.29949
position  2:    T:0.31472    C:0.18782    A:0.33503    G:0.16244
position  3:    T:0.32741    C:0.26396    A:0.22589    G:0.18274
Average         T:0.27580    C:0.21151    A:0.29780    G:0.21489

#3: Smik           
position  1:    T:0.17513    C:0.19289    A:0.34518    G:0.28680
position  2:    T:0.31472    C:0.19543    A:0.33503    G:0.15482
position  3:    T:0.39848    C:0.18528    A:0.23350    G:0.18274
Average         T:0.29611    C:0.19120    A:0.30457    G:0.20812

#4: Spar           
position  1:    T:0.17259    C:0.19289    A:0.33503    G:0.29949
position  2:    T:0.31472    C:0.19543    A:0.33503    G:0.15482
position  3:    T:0.36548    C:0.21827    A:0.23604    G:0.18020
Average         T:0.28426    C:0.20220    A:0.30203    G:0.21151

#5: Ncas           
position  1:    T:0.19289    C:0.15228    A:0.34010    G:0.31472
position  2:    T:0.31980    C:0.18782    A:0.32487    G:0.16751
position  3:    T:0.41371    C:0.16244    A:0.25127    G:0.17259
Average         T:0.30880    C:0.16751    A:0.30541    G:0.21827

#6: Cgla           
position  1:    T:0.17259    C:0.17259    A:0.33249    G:0.32234
position  2:    T:0.30711    C:0.19543    A:0.32995    G:0.16751
position  3:    T:0.30457    C:0.25127    A:0.22589    G:0.21827
Average         T:0.26142    C:0.20643    A:0.29611    G:0.23604

#7: Agos           
position  1:    T:0.16751    C:0.20558    A:0.31980    G:0.30711
position  2:    T:0.30964    C:0.18528    A:0.31726    G:0.18782
position  3:    T:0.21827    C:0.33756    A:0.11168    G:0.33249
Average         T:0.23181    C:0.24281    A:0.24958    G:0.27580

#8: Klac           
position  1:    T:0.19289    C:0.12944    A:0.37056    G:0.30711
position  2:    T:0.30964    C:0.19289    A:0.30964    G:0.18782
position  3:    T:0.41624    C:0.14975    A:0.23604    G:0.19797
Average         T:0.30626    C:0.15736    A:0.30541    G:0.23096

#9: Calb           
position  1:    T:0.23604    C:0.11421    A:0.33756    G:0.31218
position  2:    T:0.29949    C:0.23604    A:0.31726    G:0.14721
position  3:    T:0.33756    C:0.15482    A:0.35787    G:0.14975
Average         T:0.29103    C:0.16836    A:0.33756    G:0.20305

Sums of codon usage counts
------------------------------------------------------------------------------
Phe F TTT      82 | Ser S TCT      54 | Tyr Y TAT      77 | Cys C TGT      24
      TTC      78 |       TCC      33 |       TAC      88 |       TGC      20
Leu L TTA      47 |       TCA      20 | *** * TAA       0 | *** * TGA       0
      TTG      75 |       TCG      13 |       TAG       0 | Trp W TGG      49
------------------------------------------------------------------------------
Leu L CTT      52 | Pro P CCT      82 | His H CAT      45 | Arg R CGT      53
      CTC       6 |       CCC      29 |       CAC      20 |       CGC       6
      CTA      29 |       CCA      66 | Gln Q CAA     104 |       CGA       1
      CTG      37 |       CCG      25 |       CAG      41 |       CGG       6
------------------------------------------------------------------------------
Ile I ATT     131 | Thr T ACT      59 | Asn N AAT      73 | Ser S AGT      28
      ATC     127 |       ACC      47 |       AAC      58 |       AGC      12
      ATA      43 |       ACA      30 | Lys K AAA     112 | Arg R AGA     181
Met M ATG     135 |       ACG      21 |       AAG     106 |       AGG      38
------------------------------------------------------------------------------
Val V GTT     120 | Ala A GCT      85 | Asp D GAT     168 | Gly G GGT     109
      GTC      49 |       GCC      39 |       GAC     129 |       GGC      23
      GTA      35 |       GCA      68 | Glu E GAA      81 |       GGA      22
      GTG      59 |       GCG      24 |       GAG      55 |       GGG      17
------------------------------------------------------------------------------


Codon position x base (3x4) table, overall

position  1:    T:0.18613    C:0.16977    A:0.33869    G:0.30541
position  2:    T:0.31162    C:0.19600    A:0.32628    G:0.16610
position  3:    T:0.35025    C:0.21545    A:0.23660    G:0.19769
Average         T:0.28267    C:0.19374    A:0.30053    G:0.22307

Codon frequencies under model, for use in evolver (TTT TTC TTA TTG ... GGG):
  0.01639344  0.01639344  0.01639344  0.01639344
  0.01639344  0.01639344  0.01639344  0.01639344
  0.01639344  0.01639344  0.00000000  0.00000000
  0.01639344  0.01639344  0.00000000  0.01639344
  0.01639344  0.01639344  0.01639344  0.01639344
  0.01639344  0.01639344  0.01639344  0.01639344
  0.01639344  0.01639344  0.01639344  0.01639344
  0.01639344  0.01639344  0.01639344  0.01639344
  0.01639344  0.01639344  0.01639344  0.01639344
  0.01639344  0.01639344  0.01639344  0.01639344
  0.01639344  0.01639344  0.01639344  0.01639344
  0.01639344  0.01639344  0.01639344  0.01639344
  0.01639344  0.01639344  0.01639344  0.01639344
  0.01639344  0.01639344  0.01639344  0.01639344
  0.01639344  0.01639344  0.01639344  0.01639344
  0.01639344  0.01639344  0.01639344  0.01639344


TREE #  1:  (((((1, 4), (3, 2)), 5), 6), ((7, 8), 9));   MP score: 1153
This is a rooted tree.  Please check!
lnL(ntime: 16  np: 18):  -6221.397423      +0.000000
  10..11   11..12   12..13   13..14   14..1    14..4    13..15   15..3    15..2    12..5    11..6    10..16   16..17   17..7    17..8    16..9  
 0.110549 0.000004 0.543734 0.060308 0.140010 0.103766 0.000004 0.181400 0.191493 0.580803 0.857162 0.110824 0.353371 1.651836 0.509790 3.077374 2.334969 0.058384

Note: Branch length is defined as number of nucleotide substitutions per codon (not per neucleotide site).

tree length =  8.472430

(((((1: 0.140010, 4: 0.103766): 0.060308, (3: 0.181400, 2: 0.191493): 0.000004): 0.543734, 5: 0.580803): 0.000004, 6: 0.857162): 0.110549, ((7: 1.651836, 8: 0.509790): 0.353371, 9: 3.077374): 0.110824);

(((((Scer: 0.140010, Spar: 0.103766): 0.060308, (Smik: 0.181400, Sbay: 0.191493): 0.000004): 0.543734, Ncas: 0.580803): 0.000004, Cgla: 0.857162): 0.110549, ((Agos: 1.651836, Klac: 0.509790): 0.353371, Calb: 3.077374): 0.110824);

Detailed output identifying parameters

kappa (ts/tv) =  2.33497

omega (dN/dS) =  0.05838

dN & dS for each branch

 branch          t       N       S   dN/dS      dN      dS  N*dN  S*dS

  10..11     0.111   846.5   335.5  0.0584  0.0066  0.1131   5.6  38.0
  11..12     0.000   846.5   335.5  0.0584  0.0000  0.0000   0.0   0.0
  12..13     0.544   846.5   335.5  0.0584  0.0325  0.5565  27.5 186.7
  13..14     0.060   846.5   335.5  0.0584  0.0036  0.0617   3.1  20.7
  14..1      0.140   846.5   335.5  0.0584  0.0084  0.1433   7.1  48.1
  14..4      0.104   846.5   335.5  0.0584  0.0062  0.1062   5.2  35.6
  13..15     0.000   846.5   335.5  0.0584  0.0000  0.0000   0.0   0.0
  15..3      0.181   846.5   335.5  0.0584  0.0108  0.1857   9.2  62.3
  15..2      0.191   846.5   335.5  0.0584  0.0114  0.1960   9.7  65.8
  12..5      0.581   846.5   335.5  0.0584  0.0347  0.5945  29.4 199.5
  11..6      0.857   846.5   335.5  0.0584  0.0512  0.8773  43.4 294.4
  10..16     0.111   846.5   335.5  0.0584  0.0066  0.1134   5.6  38.1
  16..17     0.353   846.5   335.5  0.0584  0.0211  0.3617  17.9 121.4
  17..7      1.652   846.5   335.5  0.0584  0.0987  1.6907  83.6 567.3
  17..8      0.510   846.5   335.5  0.0584  0.0305  0.5218  25.8 175.1
  16..9      3.077   846.5   335.5  0.0584  0.1839  3.1497 155.7 1056.8

tree length for dN:       0.5063
tree length for dS:       8.6716


Time used:  0:19
