      9   1548

Scer                            TCG GAC AAA CGA CAA GAA ACA GGC GAT AGA AGG CAA AAC TCA AGA TTG AAA AAC GAT CGT AAA AAA CTT AGA GGA ACA AGT AGA AGA GGA AGA TAC CTT AAA ACG ACC GCT GAC GAA GGA ATT CAT AAG GGA AAA AAT GAA AAG AAC GCA GAC GGT GCA AGA GAT GCC AAA AAG GGT TAC CAA GAT GAT CGT AAA AAG AAC ACT GGT AAT GGT CAT AGA AAA AAC AAT AAA CCA GAC GAT CAG GGA GCT AAA AGA ACG CTG AAT AAC ACC AGT AAT ATA TCG TTG TTG GAT GAT GGT ACC CCT CGT GAG GAA TCT GGT ACT AGG GAA AGA AAT AAA ATG AGA GAT CCC TAC TAC ACA ACA AAT GAC GAT CAA AAA AAG GGT CAG AAA CAG GAG GAA GAC GGA ACA CAA GAA GAT AGG TCC AGA AAG CGT AAC CAA GAC GAC GAT GCC GAG AGG ACT ATT AAA ACG ACA GAT ATC CAA GAA GAT ATT AGG TAC CCA AGA TAT GGT CCA AAG TAT AGA AAA AAA GAA GAA GAT GGT AGA AGA CCA CCA AAC GAA GAC AGG GAC TGC TGC AAG AAA CAC CAA ATT AAT AGA TAC CAC TCG ACA GTC TTC TCT AAA CCA CAC AGA AAA GTT GAC GGT GCC CAA AGA TCT AAA GAT CGC GCT AAT ATT CGT AAG AAT GAT GAA AGA CAA AAA GAA GGC GGC ATA AGT AAA AAT TTG TAC AAT GAT GGC AGA ACC AGC CAA AGA CAT AGC TAC AAT ACA GCC GGC GAC CAG GGC TCC GGT GAA TTG GAT CAA AAG CAG AGA GAA GAA CAA AGT GGC CGT GCT TCG GGT GAA AGC GAC GAC ACT GGA AAA GAA AAT GAA GAA AAA GAA CAT GAT AGC CCA ATT GAC GCC AGG ACT GAT AGG CCT CAG GAA AGA GCA GAG AGA AAG ACC AAC GGG GAT GGT GAA GAA TTG GAC TAC AAT TAT GAC AGA GAG CAG GAT TAC TTG AAA AAT GAA ACA TGG CAG ACA AAA TCT GAA GGC TTA CAA GAG TCC GAT AAA AAA AAA CCA AAG AAA GAC GAG GAT AGA AAT GAA CAA GCG AAA AGT AAA AAT AGA CGT GGA CCC GAA AAA AAT AAG TCT AGA GGC GAT GAT AAA AGA CCC TCC CTT GAT GAT ACG GAT AAA GAT ATT CCG AGA AAG ACC TCT AGG AAA TCC CAG GGT GAT TCC AGA GAT AAA GAT GAT CAA GAC AAG CAC CTT GAA CGT GAT ACA ATG AGG GAT GAA AGG AGA GAC CTC GTT AAT GGT AAC GAA CAA GGC AAG ATT AGA AAT CGT CAA GGG AGC AGA GGT AAA CAA AAA GCT AAT GTT CCA AGT CCT TCC GAT ACA GAC GAC CGT TCG AGA GCT CCA GGC GGA GAT GAA AAA AAA GAG AAG GGA CCC AAC TCT AGA AAG CAA AAA GTC GAA AAT AAA TTC CCG TGC TCT CAA TAC GGC GAA GAT AGA CGT GAT GTC GAT GGT CAA CAG TAC AGA CCC CGC CAG AAT AGA GGC AAT GAA TTG TCA AAG ACC CCC AAC TAC TTC AGA GAT GAT GGT GGA CCC GAA 
Sbay                            TCA GAT AAG CGC AAG GAA ACA GGC GAT AGA AGA CAA AAC TCA AGA TTA AAA AAT GAT CGT AAA GAA CTC AGA GGG ACA AGT AGA AGA GGC AGA TAT CTT AAA ACT ACA GCT GAC GAA GGC ATT CAC AGT GGG AAG AAT GAA AGG AAT GCA GAC GGT GCG AGA AAT GGC AAG AAA GGT TAC CAA GAC GAT CGC AAG AAG TTT ACT GGT GAT GGC CAT AGA GAA AAT GAT AAG CCA GAT GCG CAG GGC GCC AAA AGA ACA CTT AAT AAT ACT AGC AAT GTA TCA TTA TTG GAT GAT GGT ACA CCT CGC GAT GAA TCT GGC ACT AGA GAG AGA AAT AAG ATG AGA GAC CCT TAC TAT ACG ACA AAT GAT GAT CCT AAA AAG GGT CAA AAG CAG GAA GAA GAG GGC ATT AAG GAA GAT AGA TCT AGA AAG CGT TTC CAA GAC GAC GAC GCT GAA AGG ACT ATT AAG ACG ACT GAC ATT CCT AAG GAC ATT AGA TAC CCA AGA TAC GGT CCA AAG TAC AGA AAA AAG GAG GAC AAT GGT AGA AGA CCA CCA AAC GAA GAG AGA GAT TGT TGT AAG AAG CAT CAA ATT AAT AGA TAT CAA AAT ACA GTC TTC TCT AAG CCT CAA AGA AAG GCC GAT GGT GCT CAA AGA TCC AAA GAT CGC GCT AAT ATT CGT AAG AAT GCG GAA AGA CAA AAA GAG GGC GGC GAG AAT AAA AAT TTA TAT AAT GAT GGG AGA ACA AGC CAA AGA CAT AGC TAC AAT ACA GCT GGT GAC CAG GGC TCC GGC GAG CTG GAC CAA AAA CAG AGA GAA GAG CAA AGC GGT CGC GCT TCA GGT GAA AGC GAT GAT ACT GGC AAA GAA AAC GAT GAA AAA GAG CAC GAT AGC CCA ATT GAC GGC AGA GAT GAC AGA CCT CAA GAA AGA GCA GAA AGA AAG ACA AAC GGG GAC GGG GAG GAA TTA GAC TAC AAC TAC GAC AGA GAA CAG GAT TAT TTA AAA AAC GAA ACA TGG CAG ATT AAA TCT GAG GGT TTA CAA GAA TCC GAC AAG AAA AAG CCA AAG AAA GAC GAA GAG AGA GGC GAA CAA GCT AAA AGT AAG AAT AGA CGT GGT CCT GAG AAA AAT AAA TCC AGA AAT GAT GAT AAG AGA CCT TCC CTC GAT GAG ACG GAT AAA GAT ATT CCA AGA AAG ACC TCC AGA AAA TCT CAG GGT GAC TCT AGA GCG AAA GAG GAC CAA GAC AAA CAT CTC AAG CGC GAT ACT ATG AGG GAC GAA AGA AGA GAC TTG GCC AAT GGT TTC GAA CAA GGC AAA ATT AGA AAT CGC CAA GGG AGC AGA GGT AAA CAA AAG GCT AAT GCC CCA AAT CCT TCT GAT ACA GAT GAG CGT AAT AGA GCT CCA GGC GGT GAT GAA AAA GAA GAA AAG GGT CCT AAT TCT AGA AAG CAA AAA GTC GAG AAT AAG TTC CCA TGT TCC CAA TAC GGT GAT GAT AGA CGT GAT GTT GAC GGT CAA CAG TAT AGA CCT CGC CAG AAC AGA GGC AAT GAA TTA TCG AGG ACC CCT AAC TAT TTC AGA GAT GAC GGT GGT GCC GAA 
Smik                            TCT GAC AAA AGA CAA GAA ACA GGT GCC AGA AGG CAA AAC TCT AGA TTG AAG AAT GAT CGT AAA AAA CTT AGA GGG ACA AGT AGA AGA GGT AGA TAT CTC AAA ACT ACT GTT GAC GAA GGA TTA CAT AGG GGG AAA AAT GAA AAG AAT GCA GAT GGT GCA AGA GAC GGA AAA AAG GGT TAC CAA GAT GAT CGC AAA AAA AAC TCT GGT AAT GGT CAT AAA AAA AAC AAT AAA CCA GGT GAT CAA GGA GCT AAA AGA ACG CTG AAC AAC ACC AGT AAT GTA TCT TTG TTG GAT GAT GGT ACT CCA CGT GAG GAA TCA GGT TCT AGA GAG AGG AAT AAA ATG AGA GAC CCT TAC TAC ACA ACA AAT GAC GAT CCA AAA AAG GGT CAA AAA CAA GAA GAA GAG GGA ACC CAA GAA GAT AGG TCC AGA AAG CGT TTT CAA GAC GAC GAC GCC GAG AGG ACT ATT AAG ACG ACA GAT ATT CCA GAG GAC ATT AGG TAC CCA AGA TAC GGT CCG AAG TAC AGA AAA AAA GAG GAA GAC GGT AGA AGA CCA CCA AAC GAA GAT AGA GGT TGC TGC AAG AAA CAT CAA ATT AAC AGA TAC CAC TCT ACA GTT TTC TCT AAA CCC CAC AGA AAA GCT GTC GGT GCT CAA AGA TCC AAA GAT CGC GCC AAT ATT CGT AAG AAT GAT GAA AAA CAA AAA GAG GGA GGT ATA AGT AAA AAT TTG TAT AAT GAT GGT AGA ACT AGT CAA AGA CAT AGT TAC AAT ACA GCT GGC GAC CAA GGC TCC GGT GAA TTG GAC CAA AAA CAA AGA GAA GAC CAA AGC GGC CGC GCT TCT GGT GAA AGT GAC GGT TCT GGA AAA GAA AAT GAA GAA AAG GAA CAC GAT AGC CCA ATT GAA GGA AGA GGT GAC AGA CCA CAA GAA AGA GCA GAG AGA AAG ACT AAC GGG GAC GGT GAA GAA TTG GAC TAC AAT TAC GAC AGA GAT CAA GAT TAC TTG AAG AAT GAA ACA TGG CAA ACC AAA TCA GAG GGC TTA GAA GAG TCC GAT AAA AAA AAA CCA AAG AAA GAC GAA GAC AGA AGC GAA CAA GCA AAA AGC AAA AAT AGA CGT GGT CCA GAG AAA AAT AGG TCC AGA GGG AAT GAT AAA AGA CCC TCC CTT GAT GAC ACG GAT AAA AAT ATT CCA AGA AAG ACC TCC AGG AAA TCT CAA GGT GAC TCC AGA GAT AAA GAC GAC CAA GAC AGG CAT CTT GAG CGT GAT ACA ATG AGG GAT GAA AGA AGA GAT CTA GCT AAT GGT TTT GAA CAA GGA AAA ATT AGA AAT CGT CAA GGG AGC AGA GGT AAA CAA AAA GCC AAT GCT CCA AGT CCT TCT GAT ACA GGT GAT CGT TCT AGA GTT CCA GGA GGT AAT AAA AAA AAA GAT AAG GGT CCT AAT TCT AGA AAG CAA AAA GTT GAG AAT AAA TTC CCA TGC TCC CAA TAC GGC GAA GAT AGA AGG GAT GTT GAT GGT GAA CAA TAC AGA CCC CGC CAA AAT AGA GGA AAT GAA TTG TCT AAG ACC CCA AAC TAC TTC AGA GAT GAC GGT GGT CCG GAA 
Spar                            TCA GAT AAG AGA CAA GAA ACA GGC GCC AAA AGG CAA AAT TCA AGA TTG AAG AAC GAT CGT AAA AAA CTT AGA TCA ACA AGT AGA AGA GGT AGA TAT CTT AAA ACT ACC GCA GAC GAA GGA TTA CAT TAT GGA AAA AAT GAA AAG AAT GCA GAC GGT GCA AGG GAC GGA AAA AAG GGT TAC CAA GAT GAT CGT AAG AAG AAT ACC GGC AAC GGT CAT AGA AAA AAC GAT AAG CCA GAC GAT CAG GGA GAT AAG AGA ACG CTG AAT AAC ACT AGT AAT GTA TCA TTG TTG GAA GAT GGT ACC CCG CGT GAG GAA TCC GGC ACC AGA GAA AGA AAT AAG ATG AGA GAT CCT TAC TAC ACG ACA AAT GAT GAT CCG AAA AAG GGT CAA AAA CAG GAA GTA GAG GGA ACA CAA GAA GAT AGG TCC AGA AAG CGT TTT CAA GAC GAC GAT GCC AAG AGG CCA ATT AAA ACG ACA GAT ATT CCG GAA GAT ATT AGG TAC CCA AGA TAT GGT CCA AAG TAT AGA AAA AAG GAA GAA GAC GGT AGA AGG CCA CCA AAC GAA GAC AGA GAC TGC TGC AGG AAA CAT CAG ATT AAT AGA TAC CAT TCT ACA GTC TTC TCT AAA CCC CAT AGA AAA GCT GCC GGT GCC CAA AGA TCT AAA GAT CGC GCT AAT ATT CGT AAG AAT GAT GAA AGA CAA AAA GAG GGC GGC ATA AGT AAA AAT TTG TAT AAT GAT GGT AGG ACC AGT CAA AGA CAT AGT TAT AAT ACA GCC GGT GAC CAG GGC TCC GGT GAA TTG GAT CAA AAG CAG AGA GAA GAA CAA AGT GGT CGT GCT TCA GGT GAA AGT GAT GAC ACC GGA AAA GAA AAT GAA GAA AAA GAA CAT GAT AGT CCA ATT GAC GGA AGA GAT GAT AGA CCG CAA GAA AGA GCA GAG AGA AAG ACC AAC GGA GAT GGT GAA GAA TTG GAC TAC AAT TAT GAC AGA GAG CAG CCA TAT TTG AAA AAT GAA ACA TGG CAG ACA AAA TCC GAG GGT TTA CAA AAG TCC GAT AAA AAA AAA CCA AAG AAA GAC GAG GAC AGA AGC GAA CAA GCT AAA AGC AAA AAT AGA CGT GGA CCG GAG AAA AAT AAA TCT AGA AAC GAT GAT AAA AGA CCC TCC CTT GAT GAC ACG GAT AAA GAT ATT CCA AGA AAG ACC TCT AGG AAA TCT CAG GGT GAT TCC AGA GAT AAA GAC GAC CAA GAC AAA CAT CTT GAA CGT GAT ACA ATG AGG GAT GAA AGA AGG GAC CTA GCT AAT GGT TTT GAA CAA GGC AAG ATT AGA AAT CGT CAA GGA AGT AGA GGT AAA CAA AAA GCT AAT GCT CCA AGT CCT TCT GAT ACA GAC GAC CGT TCT AGA GCA CCA GGC GGA GAT GAA AAA AAA GAG AAG GGA CCT AAC TCT AGA AAG CAA AAA GTC GAA AAT AAA TTC CCA TGC TCT CAA TAT GGT GAA GAT AGA CGT GAT GTT GAT GGT CAA CAG TAC AGA CCC CGT CAG AAT AGA GGC AAT GAA TTG TCG AAG ACC CCG AAC TAT TTC AGA GAT GAC GGT GGA CCC GAA 
Ncas                            AAC GAT AAG AGA AAA GAA ACA GGT GCA AAG AGA AGA GGT TCA AGA TTA AAA AAA GAT CGT AAA AAG CAA AGA AAT ACT AGT AGA AAA GGG AGA TAT GCG AGA ACT GTG GCT GAT GAG GGC TTG CAT AAA GGT AAG AAC GAG GAA CCT GCA GAT GGT TCC CGT GAT GGC AAA AAA GGT CTA CAA GAC GAT CGT AAG AAG TTC ACT GGT TCT GGT CAT AAG AAG AAC GAT AAG CCA GAT GAT CAG GGC CCT CGT CGT ACG CTA AAC AAC ACC AAT AAT GTG AAC TTA CTA GAT GAT GGT GTG GAT CAT GAT GAT GCA GGA ACT AGA GAG AGA AAT AAG ATG AGA GAC CCA TAT TAT AGT GTC GTA GAT GAT GAT AAA AAG GGT GAT AAG AAC GAA GAA GAT GGC TCA AAA GAA GAT AGA TCA AGG AAA CGT AAT AGA GAC GAT GAC GCT GAG AGA ACA GAA AAA ACT ACT GAT ATT GAT AAG GAT ATC AGA CTA CCA AAA TAC GGT CCA AAG TAC AGA AAA AAG GAG GAA GAT GGT AGA CGT CCA CCA AAC GAG GAA AGA GAT TGT TGT AAA AAA CAT CAG GAA AAC AGA TAT CAC TCA ACA GTG TTC TCG ACG CCC CAC AGA ACG ACA GAG GGT GCT CAA AGA TCT AAG GAT CGT GCC AAC ATT CGT AAG AAT GAT CGT AGA CAA AAG GAG GGT GGT GTC GCT AAG AAC CTA TAT TAT GAT GGG AAT GTG TAC CAA AGA CAT TAC TAT AAT ACA GCT GGT GAA AAC GGC TCC GGT GAT TTG GAT CAA AAG AAC AGA GAA GAT CAA CAG GGT CGT GCG AAC GGT CGT TAC GAT GAT ACT GGC AAG GAG AAT GAA GAA AAA AAG CAC AAT GAT CCA ATT GAT GGC AGA AAT GAC AGA GAT GAT CGT AGA GCA GAA AGA AAG GTG AAT GGT GAT GGT AAG GAA CTA GAC TAC AAT TAC GAT AGA GAT AAT GAT TAT TTA AAA AAT GAA ACA TGG CAG TCA AAG GCA GAG GGT TTA GAG GAG TCC GAT AAA AAG ACG CCA AAG AAA GAC GAA GAT AGA AAT GAA CAA GCA AGA AGT AAA AAT AGA CGT GGT GAT GAG AAG AAT AGC TCA AGA GGT GAC GAT AAA AGA CCA TCC CAA GAT GAT ACT AAT AAA GAT ATT CCA AGA AAG ACC TCT AGA AAG TCT AAT GGT GAC TCA AGA GAT AAG GAT GAT CAA GAC AGC CAT CAA AAG AGA AAT ACT ATG AGA GAT GAA AGA CGT GAT TTG ACA GTA GGC AAT GAA CAA GGT AAG ATT AGA AAT CAT AGA GGT GAT AGG GGT AAG CAA AAG GCC AAC ACA CCA GCT TCT TCT GAT ACA GAT GAA CGT TCA AAA GCT CCA GGT GGT GAC GAG AAA AAG GAT AAG GGT CCA AAA CAA CGT AAA CAA AGA GTG GAG AAT ACG TTC CCA TGT TCA CAA TAT GGT GAA GAT AGA AGA GAT GTC GAT GGT GAG AAT TAT AGA CCA AAA CAG AAT AGA GGT AAC GAA CTA TCT GAA ACA GAT AAC TAT TTT AGA GAT GAT GGT GGT TTA GAA 
Cgla                            AGC GAT AAG CGG AAG GAA ACA GGT GAA AAA AGG CAG AAC TCT AGA CTG AAA TCA GAT CGT AAA AAG AAG AGA GGA ATA AGT AGA AGA AGC AGA TAT CCA AAA ACT AAC GCA GAT GAG AAC ATT GGT CAT GGT GAG AAT GAG GCT GGT GCG GAC GGT TCA CGA AAC AAC AAG AAA GGT TAT CAA GAT GAT CGC AAG AAG TTT ACT GGT TCG GAA CAC AAA AAG AAT AAC AAG CCA ACA GAT AGG GGG AAG AAA AGA ACT CTA AAC AAT GAG GAC AAT TTG AGC CTG TTG GAT GAT GGT AAC GAA AGA GAG GAT GAG GGT ACT GAT GAA CGG AAT AAG ATG AGA GAC ACT TAC TAC CAA AAG TCT GAT GAT GAA AAA AAG GGT AAG AAG AAA GAA GAA GAC AAC GCT AAG GAA GAT AGG TCT AGA AAG AGG GAC CAG GAT GAT GAC GCC GAA CGG ACT GAG AAA ACC ACA GAC ATT GAA AGT GAT ATC AGG TAT CCG AGA TAT GGT CCT AAG TAC AGA AAA AAG GAA GAC AAC GGT AGA CGA CCA CCA AAC GAG GAT AGA ACA TGT TGT AAA AAA CAC CAG GAG AAC AGG TAC CAT GCC GGT GTC TTC TCA AAG CCT CAT AGG AAG ACT GAC GGT GCT CAG AGA AGC AAG GAT CGT GCT CAA ATT CGT AAG AAT GAT AAT AGA CAA AAA GAG GGA GGT TTG CCT AAG AAT CTG TAT AAT GAC GAA AGA AAC AAC CAG AGA CAC AAC TAT AAT ACA GCT GGC GCT AAA GGG TCT GGT GAC CTT GGC CAA AAG AAA AGA GAA GAC CAA AAG GGT CGC GCT AGC GGT AAT AAC GAT ACA ACT GGG AAA GAG AAC GAC GAG AAA AAG CAT AAC GAT CCG ATT GAT AAC AGA CCG GAC AGA GAA AAG AAT AGA GCG GAG AGA AAG AAC ACC GGT GAT GGC AAG GAA CTG GAT TAC AAC TAT GAG AGA CCT AAC GAC TAC CTG AAA AAC GAG ACA TGG AGG GCT GAA GAG GAG GGT CTG GAG GAA TCA ACA AAA GAA AAG CCG AAG AAG GAT GAA GAC AGA ATA GAA CAA GCA AAA AGC AAA AAC AGA CGA GGT GAA GAG AGG AAT AAT TCA AGA GGA GAT GAT AAA AGA CCT TCT AAG GAT GAC ACC AAC AAA AAC ATT CCG AGA AAG AGC AGC AGG AAG TCT AAC GGA GAC TCA AGA GAT AAG GAC GAT CAA GAT AAT CAT AAG AGT AGA AAC ACA ATG CGG GAT GCT AGA CGA GAC TTG ACT TCT GGT GAC GAA CAG GGA AAA ATC AGA AAT AGA CAG GGT GAT AGA GGT AAA CAG GAG GCT CAA ACT CCA CCT GGT TCT GAT GGT ACA GAT CGT GCC AGA GCA CCA GGA GGT GAT GAT AAA AAG CCT AAG GGT ACT TCA AAC AGA AAG CAA AAA GTC GAA AAC AAG TTC CCG TGT TCA CAA TAT GGT GAC AAC AGA CGT GAT GTT GAT GGT GAG AAC TAC AGA CCT AAG AGG AAC AGA GGA AAT GAA CTG TCG GCT ACT GAA AAC TAC TTC AGA GAT GAT GGT GGT CCA GAA 
Agos                            GTG GAT AAG CGC AAG GCA ACG GGC GAT AGG CGT CAG AAA TCC CGG TTG AAG CTC GAC CGT AAA AAT GAC CGG AAG GTG TCG AGA AGA GGC AGA TAC AGA CGC ACT ACC GCA GAC GAG GGG GTG CCT AGG GGT GAG AAC GAG AAG AAT GCG GAC GGT TCT CGT AAC GGG AAG AAG GGT TTC CAG GAG GAT CGC AAG AAA TTC TCG GGA GCG GGA CAT AAG AAT AAC GAT AAA CCC GAG GAT CGG AAC AAG CGA CGT ACG CTG AAC AAC GAG AAC AAC CTG GTG TTG CTG GCG GAC GGT ACC CCG CGG GAG GAC GCA GGC TCG CGC GAG AGA AAT AAG ATG AAG GAC CCG TAC TAC CCG AAG AAG GAT GAT CCG AAA AAG GGT AAC AAA GCG GAG GTT GAT GGG ACG AAG GAA GAT CGT TCC AAA GAC CGG ATT CAG GAC GAC GAC GCC GAC CGC AAG CTC AGA ATG ACG GAC ATT CCG AAA AGC GTA CGT TTC CCG AGA TAC GGT CCT AAG TAC CGG CAG AAG GAG GAC AAC GGT CGG CGT CCT CCC AAC GAG GAC CGC GAG TGC TGC AAG CGC CAT CAG CTC AAC AGG TAC CAC TCA TCG CAG TTC TCG AAA CCC CAC AGG AAA GGG GAG GGT GCG CAC AGA TCC AAG GAT AGG TTG AAG ATT CGG AAG AGG GAT TCC AGA CAG AAA ACA GGA GGC GTG TCG AAG AAC CTC TAC TTC GAT GGC CGG ACC CCT CAA AGA CAT CCT TAC AAC ACG GCG GGG GAC GCG GGG TCT GGT GAC CTC GAT CAG AAG GCG AGG GAG GAT CAG GAA GGT CGC ACG GTG GGT TCC CCT GAT GAG TCG AAC AAG GAG AAC AAC GAG ACC CAG CAC ACC ATG GCG ATT GAG GGG CGG TTA GAC CGG CCG AAC TCC CGG GCG GAC AGA AAG ACC ACG GGT AGC GGT CAG GAG CTC GAC TAC AAC TAC GCT CGG AGT AAG GAC TAC TTG ACC AAC GAC ACG TGG CGG ACG TTG GCA ACA GGT CTG GAC GAC TCC GAT CGC TTG AAA CCG AAA AAA GAC ATG GAT AGA TCG GAG CAG GCG CGC AGC AAA TCT AGG CCC GGT CCG ACA AAA AAC CTG TCG AGA GGA GAC GAC CGC AGA CCA TCT GAC GAT GAT ATG ACC AAA GAT ATT CCA AAG AAG ACC TCC CGT AAG TCG AAG GGA GAC TCA CGG GAT AAG GAT GAC CAG GAC CTG ACT GAC AAA CGG ACC ACG ATG CGC GAT GAC CGG CGT GAC CTG GGG AAG GGC ATT GAC CAC GGA AGG ATT CGG AGG CGG CAG GGT ATG AAA GGC AAG CAG GAG TTG AAG GGG CCA TCG GCG TCG GAC TCG GAG GAC CGT TCA AGA GCA CCC GGA GGT GAC GAG AAA AAT AGT AAG GGT CCG CTC AAC CGT GAC CAG AAG CAG GAG TCT AAA TTC CCA TGC TCG CAG TAC GGT AAC AAT AGA CGT GAT ATC GAC GGT GAC AAG TAC CGG CCA GCG CGG AAC AGA GGA AAC GAA CTC TCG AAG TCC CCG AAC TAC TTT CGG GAT GAC GGT GGT CAG GCA 
Klac                            AAC GAT AAG AGA CAA GAT ACT GGT GAC AAA AGA CAA AAG CCA AGA TTA AAG GCT GAT CGT AAA AAG CAG AGA GCC GTC AGT AGA AGA GGA AGA TAC CTC AGG ACT ACT GCT GAT GAA AGA ATA CAG AGG GGT AAG AAC GAA CTA GGC GCT GAC GGT AGT AGA AAC AGA AAA AAG GGT TTT CAA GAA GAT CGC AAC AAG AAT ACA GGT GGA GAG CAT AGA AAG AAC AGC AAA GCA GAT GAT CCT GGC AAG AGA CGA ACG CTT AAT AAC GAA AAC AAT ACC AAC TTA TTG GAC GAT GGT ACT CCT ACG GAC GAA CAA GGA ACA AGG GAA AGA AAC AAG ATG AGA GAT CCG TAC TAC TCA AAG AAC GAT GAT CCT AAA AAG GGT ACA AAA GGG GAA GTG GAT AGA ATG CAA GAA GAT AGA TCT AGT AAA CGT GAT CAA GAT GAT GAT GCC AAG AGG AAA TTG AAG ACA ACT GAC ATT CCT AAA AAC ATA AGA TTT CCA AGA TAT GGT CCC AAG TAT AGA AAA AAG GAA GAT AAC GGT AGA AGA CCT CCA AAC GAA GAA AGG GAT TGT TGT AAG AAA CAT CAA TTG AAT AAG TAC CAT AAC AGT GAA TTC TCT AAA CCG CAT AAG AAA TCA GAA GGT GCT CAA AGA TCA AAG GAT CGT GTG AGT ATT CGT AAA AAA GAT AAA AGA CAA AAA GAA GGC GGT GTT ACT AAG AAC TCC TAC TAC GAT GAG CGG ACT ACA CAA AGA CAT ACA TAT ATC ACT GCT GGT GAT GGG AGT TCT GGT GAT TTG GAT CAA AAG GGG AGG GAA GAT CAA AAA GGC CGC AAC AAC GGT AAA ACA GAT GAT ACA GGC AAG GAA AAC GAT GAA ACT CAG CAC TTG ATG CCA ATT GAT AGA AGA AAT GAT AGA CCT ACA AAA AGA GCT GAA AGA AAG ACT ACC GGT AAC GGT CAG GAA TCC GAT TAC AAC TAT CAA AGA GAG CAA GAT TAT TTA ACT AAC GAT ACT TGG CCT ATG GTC CAA GAA GGC TTA GAA AAG TCT GAC AAA GTC AAA CCA AAA AAA GAT GAA GAT AGA GTA GAA CAA GCT AGG AGT AAG TCT AGG GGA GGA CCT GAA CGG AAT GCC GCC AGA GGT GAC GAT AAA AGA CCC TCT CAG GAT GAT ACA TTG AAA AGC ATT TCA AGA AAG ACC TCA AGA AAG TCT CAA GGG GAT TCT AGA GAT AAG GAT GCA CAA GAT GCC AAT CAG AAA AGA TTG ACT ATG AGG GAT GGT AGA AGA GAT TTG TCA AAC GGG GAT GAA CAA GGC CAA ATA AGA AAA ACG CAA GGT ATG AGT GGT AAG CAA AAG GTG AGT TCA CCA ACT CCT TCT GAT AGT GAT GAA CGT AAC AGA GCT GCA GGC GGA GAC AAT AAA AAG GAG AAA GGA CCG GCT TCT CGA AAA CAA AGA GAA GAA TCT AAA TTC TCA TGT GCC CAA TAT GGC GAT AAT AGA AGA GAT GTT GAT GGT GAA CAA TAC AGA CCC AAA CCT AAC AGA GGC AAC GAA TCC TCA CTA AAC CCT AAC TAT TTC AGA GAT GCA GGT GGA GAT GAT 
Calb                            GAG GAT AAG CGT CAA GAT ACA AAA GAA AGA AAA CAA GAA TCT AGA TTG AAA GAG GAA CGT AAA CAA ATT AGA ACA GTC AGT AGA AGA TCA AGA CAA AAA AGA CAA CCA GCA AAC GAA GGA ATC ACT TTT GGC ACA AAT GAA CAA AAT GCT GAC GGT TCT GAA AAT GGA AAA CAA GGT TTT CAA AAT GAT AGA GAA AAA GAT ACT GGG AAT GGT CAC AAA CAA AAT ACT CAT CCT TCA GAT AAA AGT AAA AAA AGA TCC TTG AGT AAT CCT TCC AAT TTG GAG TTG TTA GAC GAT GGT CCA CAA CAT GCT CCA CAA CAT ACT AGA GAT AGA AAT AAG ATG AAA GAT GAT TAC TAT ACT TCC AGT GAT GAT CAA AAA AAA GGT GGA ATA GAT CAA GGA GAA GGA GGA CAA CAT GAA AAA TCG AAA CCA AGA GAT CAA GAT AAC GAT GCC GAA AGA AAG ATA AAA ACA ACT GAT ATC CAA TCC ACA TCA AAA TTT CCT AGA TAT GGT CCA AAA TTC AGA AAA AAG GAT GAC AAT GGT AGA GAA CCA CCA AAC GAA CAA AAG TCA TGC TGC ATA AAA CAC AGA ATA AGT AAA TAT CAC AAT AAT AGT TTT GAT AAA CCC CAC AAA AAA GAT CCC GGT GCT TCC AGA GGT AAA GAT AGA ACA AAA ATC CGA AAA CAA GAT GGA AGA CAA AAA GCC AAT AAA ACT TCA AAA AAT GTT CAA AGC GAT AAA AAA CCA GAA CAA AGA CAC GAA ACG AAT ACA GCT GGT GAT GAT GGA TCT GGG GAC AAA GAT CAA AAG GAT CGA CCA GAT CAA CCT GGA AGA GGG GAG GGT GGA GAA GAT TCA ACT AGT ATT GAA AAC GAA GAC AAA AAA CAC ATT AAT ATC ATC CCA GGA AGA GAT GAT AGA CAA GGA GGA AGA GCT GAC AGA AAA CCA ACT GGC ACA GGT AAA CCA GTT GAT TAT AAC TAT GAT AGA GAC GGA GAT CAT TTG AAA AAC GAC ACA TGG AAA GGA ACG CAA GCC GGA CTT TCT GAA TCC GAT AAA ACG AAA CCT AAG AAA GAT GAA GAT AGA GAT GAA CAA GCT AGA AGT AAA GGT CGA TCT GGT CAA GCC CGT AAT AAT TCA AGA AAC GAC GAT AAA AGA CCT TCT ATT GAT GAT ACA ATT AAA ACT ATC TCT AAA AAA TCC GGT AAA AAA TCA GGA GGT GAT TCA AGA GAT AAA GAT AAA CAA GAT AAT AAC ATT TCC AGA ATT ACT ATG AGA GAA AAA AGA GAA AAC AAA GAT AGT GGA GAT GAA TCC AAT ATA AGT AGA CAA CAT CAA GGC AAT AAA GGT ATT GAG ACA ACA AAA GAT CCA TCA AAT TCA GAA AAT TCA CAA CGT AAT AGA GCA CCT AAT GGT GAC GAA AAA CAA GAC AAA GGT GAT GAG CAG AGA CCA CAA CCC AGT GAT GGT AAA TTT TCT TGC TCA CAA ACG GGA GAA AAT AGA AGA GAT GTT GAC GGT TCT GGA TAT AGA CCT GAT AAA AAC AGA AAT AAT GAT GTT AGT CAA AAA CAA AAC CAT TAT AGA GAT AAA GGT GGT CCT GAT 



Printing out site pattern counts


         9        873  P

Scer                            AAA AAA AAA AAA AAA AAA AAA AAA AAA AAA AAA AAA AAA AAA AAA AAA AAA AAA AAA AAA AAA AAA AAA AAA AAC AAC AAC AAC AAC AAC AAC AAC AAG AAG AAG AAG AAG AAG AAG AAG AAG AAG AAG AAG AAT AAT AAT AAT AAT AAT AAT AAT AAT AAT AAT AAT AAT AAT ACA ACA ACA ACA ACA ACA ACA ACC ACC ACC ACC ACG ACG ACG ACT ACT ACT AGA AGA AGA AGA AGA AGA AGA AGA AGA AGA AGA AGA AGA AGA AGC AGC AGG AGG AGG AGG AGG AGT AGT AGT AGT AGT ATA ATA ATC ATG ATT ATT ATT ATT ATT CAA CAA CAA CAA CAA CAA CAA CAA CAA CAC CAC CAC CAG CAG CAG CAG CAT CAT CAT CCA CCA CCA CCA CCA CCA CCA CCA CCC CCC CCC CCC CCG CCT CCT CGA CGC CGC CGT CGT CGT CGT CGT CGT CGT CGT CTC CTG CTT CTT GAA GAA GAA GAA GAA GAA GAA GAA GAA GAA GAA GAA GAA GAA GAA GAA GAA GAA GAA GAA GAA GAA GAC GAC GAC GAC GAC GAC GAC GAC GAC GAC GAC GAC GAG GAG GAG GAG GAG GAG GAT GAT GAT GAT GAT GAT GAT GAT GAT GAT GAT GAT GAT GAT GAT GAT GAT GAT GAT GAT GAT GAT GAT GAT GCA GCA GCC GCC GCC GCG GCT GCT GCT GCT GGA GGA GGA GGA GGA GGA GGC GGC GGC GGC GGC GGC GGC GGG GGT GGT GGT GGT GGT GGT GGT GGT GGT GTC GTC GTT TAC TAC TAC TAC TAC TAC TAC TAT TAT TCA TCA TCC TCC TCC TCC TCC TCG TCG TCT TCT TCT TCT TCT TGC TGG TTA TTC TTC TTG TTG TTG TTG 
Sbay                            ... ... ... ... ... ... ... ... ... ... ... ... ... ..G ..G ..G ..G ..G ..G ..G ..G ..G ..G G.. ... ... ... ..T ..T ..T TT. TTT ..A ..A ..A ..A ... ... ... ... ... ... .G. .GT ..C ... ... ... ... ... ... ... ... ... ... G.. G.. GGC ... ... ... ... ..G ..T .TT ..A ... ... ..T ..A ... ..T ... ... GA. ... ... ... ... ... ... ... ... ... ... ... ... ... ... ... ... ..A ..A ..A ..A ... .A. ..C ..C ... ... GAG G.. ..T ... ... ... ... ... ... A.G ... ... ... ... ... ... ... .CT ..A ..T ..T ..A ... ... ... ..C ..C ... ... ... ... ... ... ... ... ..T ..T ..T ..T G.. ..A ... ... ..C ... ... ..C ..C ..C ... ... ... ... ... T.G ..T ..C ... A.G ... ... ... ... ... ... ... ... ... ... ... ... ... ... ..C ..G ..G ..G ..G ..G ..T ... ... ... ... ... ... ... ..G ..G ..T ..T ..T ..A ..A ..A ..A ..A ..T A.. ..C ..C ..C ..C ..C ..C ..C ..C ..C ..G ... ... ... ... ... ... ... ... ... ... ... ... .CG ... ..G ..T ..T .G. ..T ..C ... ... ... ..C ..C ..C ..G ..G ..T AAT ... ... ... ..G ..T ..T ... ..C ..C ..C ..G ... ... ... ... ... ... ..T .CC ... ... ... ... ..T ..T ..T ..C ..C ... ..G ... ... ..T ..T ..T AAT ..A ..C ..C ... ... ... ..T ... ... ... ... C.. ..A ..A ... 
Smik                            ... ... ... ... ... ... ... ... ... ... ... ..G ..G ... ... ... ... ... ... ... ... ... ..G ... ... ... ... ... ..T ..T TTT ... ..A ..A ... .G. ..A ... ... ... ... ... ... .G. ... ..C ... ... ... ... ... ... ... ... ... ... ... .GC ... ... ... ... ... ... ..C ..T ... ... ... ... ... ..T ... T.. GG. .A. .A. ... ... ... ... ... ... ... ... ... ... ... ..G ... ..T ..A ..A ..A ... ... ... ..C ... ..C ... ... G.. ..T ... ... ... ... ... T.A ... ... ... ... ... ... ... G.. .C. ... ..T ..T ..A ..A ..A ..A ..C ... ... ... ... ... ... ... ... ..G ..C ..A ... ..T ..G ..A ..A ... A.. ... ... ..C ... ... A.G ... ... ... ... ..A ... ... ..C ..G A.. ... ... ... ... ... ... ... ... ... ... ... ... ... ... ... ... ..C ..G ..G ... ..A ... ... ... ... ..T ..T ..G ..T ... .GT .T. ..A ..A ... ... ..T ... ..C ..C ..C ..C ..C ... ... ... ... ... ..C A.. A.. ... ... ... ... ... ... ... ... ... .CC ... ... ... ... ..T .GA ..A ... ..C ... .T. ... ... ..T ..G ..G ..T ..G ..A ... ..T ..T ... ... ... ... ... ... ... ... ... ... ... ... ..T ..T .C. ... ... ... ... ... ... ..T ..C ..C ..T ..T ... ... ... ... ..T ..T ..T ..C ..C ..A ... ... ... ... ... ... ... ... ... ... ... 
Spar                            ... ... ... ... ... ... ... ... ... ... ..G ... ..G ... ... ... ... ... ... ..G ..G ..G ... ... ... ... ..T ... ... ..T TTT ..T ... ... ... ..A ... ... ... ... ... .G. ... T.T ... ... ... ... ... ... ... ... ... ... ... ..C G.. .GC ... ... ... ... ..G ... ... ... ... ... ..T ... ... ..T C.A ..C GA. ... ... .A. ... ... ... ... ... ... ... ... ..G ..G ... ..T ..T ..A ..A ..A ... ... ... ... ... ..C ... ... G.. ..T ... ... ... ... ... T.A ... ... ... ... ... ... ..G ... .CG ..T ..T ..T ..A ... ... ... ... ... ... ... ... ... ... ... ... ... ..C ..G ... ..T ... ..A ..G ... A.. ... ..T ... ... ... ... ... ... ... ... ..A ... ... ... ... ... ... ... ... ... ... ... ... ... ... ... ... ... .T. ... ... ... ... ... ..G ... ... ... ... ... ... ... ... ..G ... ..T ... .C. ..A ... A.. ... ... ... ..C ..C ... ... ... ... ... ... ... ... ..C ... ... CCA ..A ... ... ... ... ... ... ... .CC ... ... ... ... ... .GA ..T .A. ... ... ..A ... ... ..T ... TC. ... AA. ... ... ... ..T ..T ..T ..A ..C ... ... ... ..C ... ... ... ... ... ..T .C. ... ... ... ..T ... ..T ..T ... ... ... ..G ... ... ... ... ..T ..T ..A ... ... ..C ... ... ... ... ... ... ... ... ... ... ... 
Ncas                            ... ... ... ..G ..G ..G ..G ..G .G. .G. CGT ... ... ... ... ... ..G ..G .CG ..G ..G ..G ... ..G ... ..T GGT ... ..A CCT ..T TT. ... ... ..A .GC ... ..A ... ... ... ..A G.A ..A ... ..C ..C ..C ... ... ... ... ... GTA T.. TC. G.. ... ... ... ..T GTC .GT ..T T.. GTG ..A ... ... ... ..T ..T ..A ... .A. .AG ... .AG .A. ... ... ... ... ... ..G C.T .AT C.T ... GAT TA. ..A ..A ..A ..A ..A GC. CAG .A. ... ... G.C G.G ..T ... ..C ... ... GAA T.G A.. AG. ... ... ... ... ..G G.G G.T ... ..T ..T G.T A.C A.T ... ..C ... ... ... ... ... ... ... ... ... ..C GAT ..A ..A TTA ..A GA. T.. A.. ..T AAA ... A.A .A. A.A ... ... ... ... T.G ..A .AA GCG A.G ..G CGT ... ... ... ... ... ... ... ... ... ..G ..T ... ... A.G ..T ..T ..G ..G ... ..T ..A ... ..T ..T ..T ..T ..T ..A ..T ..T ..G ..A ..A ... ..A ..T ..T ... ... ..C ... ... ..C ... ... ... ... ... ..C ... ... ... A.. ... ... ... ... ... ... .CA ... ... T.C ..T ..T .G. ..A C.. ..C ..G ... ..C ..C ..G ..T AAT ..T ..T ..T ... ..T ..G ..T ..T ..T ..A ... ... ... ... ..C ... ... ... ..G ... ACA CTA ... ..T ..T ..T ..T ..T ..C ..C ... ..T ... ... ..A ..A ..T ..A AAC ..A ... G.A CAA ..G ..T ... ... ... ..T ... C.A ..A C.A 
Cgla                            ... ... ..G ... ... ..G .GG G.. ... ... ... ... ... ... ... ..G ..G G.G ..G ..G ..G ..G ... ..G ... .C. ... ..T TCA GGT G.. TTT ..A ... ..A ..T ... ... ... ... ... ..A GCT C.T ..C ..C ... C.A ..C ... ... ... ... TC. ... TCG ..C .TA ... GGT .T. .AG CA. ... G.T .A. ..T .G. GAG ..T ..C ..T ... ... C.G .A. ... .A. ... ... ... ... ... ..G ... ... ... C.. C.G GAT .A. ..A ..A GAT ... C.. CC. .AG GAC ..C ... T.G T.G ..T ... ..C ..C ... GAG ... A.G ..G ... ..G ..G ..G ..G G.G G.. ..T ... ..T A.. A.A A.C AG. ... GG. ..C ... ... ... ... ..G ..G ..T ..T GAA ..T A.T ..A ... GAA GG. ..G ..T AAG ..C A.A A.A ... A.G ..A ... ... T.G ..A AAG .CA AGT ..T A.T ... ... ... ... ... ... ..G ..G .CT ..G ..T ... ..C A.G ..C ..C ... ..G ..C ..T .CT ..T ..G ..T ... ... ... ..T ..T ACA ... ..A ..A ..A ... CCT ... A.C ... ..C ... .GC ... ACA ..C ... ... ..C ... A.C ..C ... A.C A.C ..C ... ... ... ... ..A ... ..G T.. ... ..T AA. ..A AAG ... ... ..A AAC ..G A.C ..T ... ..T ..A ..A ..G ..T .AA ... ..T ..T ... .AA ... ..C ... ... ..A ... ... ... ..T AC. ..T ... ... ..T ... ... ..T ..C ... ..T ..G ..A ..T ..A ..T ..T G.C AGC ..A AGC GAG AAC ..A ..T ... C.G ... ... C.T C.. C.. ... 
Agos                            ... C.G ... ... ..G ..G ... TTG ..G CGC CG. .CC ..G ... CGC ..G ... G.G ... ... ..G ..G .G. ..T ... .CG ..A ... CT. ..T .TT TT. .G. ... ... CT. ..A G.C ..A ... ... ... ... .G. ..C ..C ..C ..G TC. ..C ..C ... .GG ..G TTC GCG G.. TCG ..G T.G GTG .AG C.G ..G ..G ... T.. ... GAG ... .T. ..T .AG T.G TTA .AG ... ..G ... .AG ... ..G C.G ..G .A. C.T C.G C.T ... .TG CCT C.C C.. C.C C.T C.C TCG GAA .AC ..C TCG G.G C.G ..T ... G.A ... ... C.C G.G A.G ..G ..G ... ..C ..G ..G G.C .CG ... ..T ACT A.C GC. A.. .G. ..C .C. ... ... ..C ..C ..T ..G G.G ..T ..C ..G ..A ..G .AG ..A ..G G.G ..C A.G GCG ..C ..G ..G ... ..G .CC ..G ... ..G ... GAC AGA A.. ..G TCC ... ... ..C ..G ..G .C. ..C ..G ..C ..G ..C .TT ..C C.G ..C ..T ..G AC. A.C ..G ... ... .CT ... ... ... ..T ... ..T ..G ..G ... AT. ..C ..C AGT ... A.C ..C ..C AGC ... ..G ... ..C ..C ... ... ..C ... ..C .CG ACC A.. ... ..C ..C ... ... ... ... ..G T.T ... ..G .GG ... AAG TTG A.G ..A ..G AAC ..C ..T AAG ..T ..A ..A ..G ... ... ..G ..T ..T ..C ..A ... ... ..A ..C ..A ..C ... CAG A.. .GG .T. ... ... ... ... ... ... ..C ..C ..C ..G ... ..T ..A ... ..G ..A GT. ..G ..C G.A AAC ..G ... ... C.G ... ..T C.C C.C ... C.. 
Klac                            ... ... ... ... ..G ..G CGG GTC .G. .GG .G. .CT ..G ..G ... ... ... ..G ... ... ..C ..G ..G ..G ... .C. ..G ... GCT GG. G.T ..T C.A ... ... GCC ... ..A ..A ..A ... ... CTA .G. ..C ... ..C .G. TC. ... .TC ..C ..A ..C T.C GGA .GC GTA ..T .GT GTC .AG T.. ..T .TG ..T .A. ... GAA ... ..A ..T .AA ..A .A. ... ... .A. ... ... ... ..G ... .AG ..T C.. C.G ... ... .TG .CA ... ..A ... ..A ... .C. .AA .AC ... ... G.T .CC ..T ... ..A ..A ... T.G ..A ... ... ... ... ... ... ... G.. .CT ..T ..T A.T ACA GG. ..A .CT ..C ..G ... ... ... G.. ..T ... ... ..C ..G ..T ... ..G GAT T.A ... ... A.. ..T AAA ..C A.A ACG A.A ... G.A ... ... T.G ..T .AG ..C A.. A.T A.. ... ... ... ... ... ..T ..T ... .GT ... ... .TG ..T C.G ..T ..T ... ... ..T ..T ..T ..T C.A ..T ... ..T ..T ..A ..T ..T ..A ..A ..A A.. ..A ... ..C A.C .CA ... A.C ... ..A ..C ..C ... ... ... ..C AGC ... ..C TTG A.. ... ... ... ... ... ..C ... ..T AGT ... ..T AGA ..T AAG .TG AAC ... A.. ..C ... ..T .CC ... ..T ... A.T ..T .AG ..T ... ..T ..A .AG ... ... ... ..G ..G ... ... .AA ..T TCA .TT ... ... ..T ... ..T ... ... ... C.. ... ..T ..T ..T ..T ..T AAC AAC G.C ..A CAA ... ... ..T ... ... ... ... ... .CC ..A ... 
Calb                            ... ... ... ... .TT ... CGT .CG CCC .G. ... ... ... ... ... ... .T. .C. ... C.T G.. ..G ... C.. ... .CT G.A ..T G.G ..T G.T G.T .TA ... C.A ..T ..A CCA ... ..A ..A .TA C.A TTT ..C .G. ... ..A GG. ... ... ... C.A .G. .GC ... .C. G.. ... .AT GTC T.C ..T ..T GG. C.A .AA T.. C.T T.C ..A CAA .AG ... GA. .A. ... ... ... .A. ... C.. ... .A. .A. ... .A. GA. ... .AT GAA .A. ..A ..A .AA ..A TCA CC. TCC ... ... .CT T.G ... ... TCA .G. ..C ..A ..C ... ... ... ... TCC G.G AG. TCT ... ... ... A.. GGA G.T GGA A.A ..C AC. ..C ... ... ..T ... ..T ATC ... ..C .AA ..T GAT ..T T.T .AA AA. ..T A.A GAT A.A A.A .A. A.A A.A TC. ..A ... AAA T.. A.. AAA TCC ... .G. C.T ..T ... CC. ... ..T ..C ..C A.. ... CC. .G. ..C A.. ..C ..T ..T .CC ... CCA ..T ..T ..T A.. ... A.. ..A C.A ..T TCA CC. C.A ..A ..A ..C ..C .CT A.. A.A ... ACA ... A.. ... ... ..C ..A ... ..C AC. ... ..C AT. A.. ... ..A ... ..A ... ..A ... ..T T.T ... ..T .GA ..T AAA A.A .GG ..A ... A.T TC. ..C AC. ..T AA. AAT ..A AAA AAA ..T ..A ..C CA. ... ..G ... ..G ..A ... ... ... AGT ..T .A. .TT ..T ... ACG ..T C.T C.A .TC ... ..T AGT ... ..T ..A ..G ..A AAT GA. ..A GG. CAA CAG GA. ... ... C.T ..T .AT AAA G.T ... ..A 

    4    1    1    1    2    4    1    2    1    2    1    2    1    1    3
    1    1    2    4    1    1    3    1    3    2    1    1    2    2    1
    2    1    1    1    1    2    1    2    1    2    4    1    2    1    4
    2    3    2    2    2    1    1    2    2    1    1    1    1    3    2
    1    1    1    2    2    4    1    1    1    1    2    1    1    3    1
    1    1    1    3    2   10    2   10    2    2    2    1    3    1    2
    3    1    3    1    4    2    2    1    1    1    1    1    1    1    2
    1    1    3    2    1    2    3    8    1    2    1    1    2    2    2
    1    1    2    3    3    3    1    1    2    1    1    2    1    2    1
    1    1    2    2    2    1    2    2    1    1    1    1    2    1    2
    1    1    1    1    2    1    1    3    1    2    1    3    1    1    1
    2    1    2    1    1    1    4    1    1    1    2    1    1    3    3
    2    1    1    4    1    2    1    1    1    2    3    4    1    1    1
    2    1    2    1    2    2    4    2    1    1    1    1    1    1    3
    2    1    1    1    3    1    1    2    2    1    6    1    3    2    1
    1    2    2    1    1    2    1    2    2    2    1    1    1    4    1
    4    1    2    1    1    3    2    1    1    1    1    1    1    1    1
   10    2    1    3    2    1    1    2    3    2    2    1    2    1    1
    1    2    1    1    2    2    3    2    2    2    1    1    3    1    1
    2    1    1    3    3    1

CODONML (in paml version 4.9j, February 2020)  temp.nuc
Model: One dN/dS ratio, 
Codon frequency model: Fequal
ns =   9  ls = 516

Codon usage in sequences
--------------------------------------------------------------------------------------------------------------------------------------
Phe TTT   0   1   2   2   1   1 | Ser TCT   8   8  14  10   7   8 | Tyr TAT   3   7   2  10  11   8 | Cys TGT   0   3   0   0   3   3
    TTC   3   5   3   3   3   3 |     TCC   7   7   9   7   4   0 |     TAC  13   9  14   7   7   8 |     TGC   3   0   3   3   0   0
Leu TTA   1   7   2   2   5   0 |     TCA   2   4   2   5   9   8 | *** TAA   0   0   0   0   0   0 | *** TGA   0   0   0   0   0   0
    TTG   8   2   8   8   3   4 |     TCG   5   1   0   1   1   2 |     TAG   0   0   0   0   0   0 | Trp TGG   1   1   1   1   1   1
--------------------------------------------------------------------------------------------------------------------------------------
Leu CTT   4   2   3   4   0   1 | Pro CCT   3  12   3   3   2   8 | His CAT   4   4   5   8   7   5 | Arg CGT  11   6   8  12  17   5
    CTC   1   3   1   0   0   0 |     CCC   7   0   3   4   1   0 |     CAC   4   2   3   0   3   3 |     CGC   2   8   4   1   0   2
    CTA   0   0   1   1   7   1 |     CCA  10  11  16  13  15   7 | Gln CAA  22  22  29  21  16  11 |     CGA   1   0   0   0   0   4
    CTG   1   1   1   1   0   7 |     CCG   2   0   2   6   0   6 |     CAG  11   9   0  10   5   8 |     CGG   0   0   0   0   0   4
--------------------------------------------------------------------------------------------------------------------------------------
Ile ATT   8  11   8   8   5   5 | Thr ACT   5   8   6   2   9  12 | Asn AAT  25  30  28  25  26  17 | Ser AGT   6   3   7  10   3   3
    ATC   1   0   0   0   1   2 |     ACC   7   2   5   9   2   3 |     AAC  12   8   9   9  17  34 |     AGC   5   7   5   2   2   8
    ATA   2   0   1   1   0   2 |     ACA  12  12  10  11  10  10 | Lys AAA  44  28  46  40  28  28 | Arg AGA  41  50  44  42  48  40
Met ATG   2   2   2   2   2   2 |     ACG   4   3   3   4   5   0 |     AAG  19  33  17  24  37  43 |     AGG  11   4  11  11   2  11
--------------------------------------------------------------------------------------------------------------------------------------
Val GTT   3   1   5   1   0   1 | Ala GCT   6   9   7   7   7  11 | Asp GAT  44  36  32  40  64  41 | Gly GGT  18  22  31  22  35  32
    GTC   3   2   1   2   3   2 |     GCC   5   5   4   5   2   3 |     GAC  22  26  26  24  11  22 |     GGC  13  18   5   9   8   3
    GTA   0   1   1   2   2   0 |     GCA   3   2   4   5   6   3 | Glu GAA  36  31  31  34  25  27 |     GGA  11   0  10  13   1   7
    GTG   0   0   0   0   7   0 |     GCG   1   4   0   0   2   2 |     GAG   8  17  13   9  16  21 |     GGG   2   6   5   0   2   3
--------------------------------------------------------------------------------------------------------------------------------------

--------------------------------------------------------------------------------------
Phe TTT   1   2   5 | Ser TCT   5  11   9 | Tyr TAT   0   7   7 | Cys TGT   0   3   0
    TTC   6   3   1 |     TCC   9   3   9 |     TAC  14   8   1 |     TGC   3   0   3
Leu TTA   1   4   1 |     TCA   3   9  13 | *** TAA   0   0   0 | *** TGA   0   0   0
    TTG   7   8   5 |     TCG  15   0   1 |     TAG   0   0   0 | Trp TGG   1   1   1
--------------------------------------------------------------------------------------
Leu CTT   0   1   1 | Pro CCT   6  11   9 | His CAT   3   5   7 | Arg CGT  12   5   4
    CTC   8   1   0 |     CCC   5   3   3 |     CAC   5   1   6 |     CGC  12   2   0
    CTA   0   2   0 |     CCA   5   6  14 | Gln CAA   1  25  36 |     CGA   1   2   3
    CTG   7   0   0 |     CCG  11   3   0 |     CAG  19   6   1 |     CGG  22   2   0
--------------------------------------------------------------------------------------
Ile ATT   7   4   8 | Thr ACT   2  14  11 | Asn AAT   6   9  28 | Ser AGT   2  10  12
    ATC   1   1   6 |     ACC  10   3   0 |     AAC  26  27  11 |     AGC   3   2   1
    ATA   0   3   5 |     ACA   3  10  12 | Lys AAA  21  33  62 | Arg AGA  17  47  43
Met ATG   7   6   2 |     ACG  10   3   4 |     AAG  40  32   7 |     AGG  10   9   0
--------------------------------------------------------------------------------------
Val GTT   1   2   4 | Ala GCT   1   9   6 | Asp GAT  25  54  54 | Gly GGT  22  22  23
    GTC   0   3   1 |     GCC   1   6   4 |     GAC  42   8  12 |     GGC   7  10   3
    GTA   1   1   0 |     GCA   6   4   2 | Glu GAA   3  30  26 |     GGA   8   8  20
    GTG   6   3   0 |     GCG  13   0   0 |     GAG  24   4   6 |     GGG   9   5   3
--------------------------------------------------------------------------------------

Codon position x base (3x4) table for each sequence.

#1: Scer           
position  1:    T:0.10465    C:0.16085    A:0.39535    G:0.33915
position  2:    T:0.07171    C:0.16860    A:0.51744    G:0.24225
position  3:    T:0.28682    C:0.20930    A:0.35853    G:0.14535
Average         T:0.15439    C:0.17959    A:0.42377    G:0.24225

#2: Sbay           
position  1:    T:0.10659    C:0.15504    A:0.38953    G:0.34884
position  2:    T:0.07364    C:0.17054    A:0.50775    G:0.24806
position  3:    T:0.31589    C:0.19767    A:0.32558    G:0.16085
Average         T:0.16537    C:0.17442    A:0.40762    G:0.25258

#3: Smik           
position  1:    T:0.11628    C:0.15310    A:0.39147    G:0.33915
position  2:    T:0.07558    C:0.17054    A:0.49419    G:0.25969
position  3:    T:0.31202    C:0.18411    A:0.38178    G:0.12209
Average         T:0.16796    C:0.16925    A:0.42248    G:0.24031

#4: Spar           
position  1:    T:0.11434    C:0.16279    A:0.38760    G:0.33527
position  2:    T:0.07171    C:0.17829    A:0.50581    G:0.24419
position  3:    T:0.31783    C:0.16473    A:0.36822    G:0.14922
Average         T:0.16796    C:0.16860    A:0.42054    G:0.24289

#5: Ncas           
position  1:    T:0.10659    C:0.14147    A:0.38178    G:0.37016
position  2:    T:0.07558    C:0.15891    A:0.52907    G:0.23643
position  3:    T:0.38178    C:0.12403    A:0.33333    G:0.16085
Average         T:0.18798    C:0.14147    A:0.41473    G:0.25581

#6: Cgla           
position  1:    T:0.08915    C:0.13953    A:0.42636    G:0.34496
position  2:    T:0.06008    C:0.16085    A:0.53488    G:0.24419
position  3:    T:0.31202    C:0.18023    A:0.28682    G:0.22093
Average         T:0.15375    C:0.16021    A:0.41602    G:0.27003

#7: Agos           
position  1:    T:0.12597    C:0.22674    A:0.31977    G:0.32752
position  2:    T:0.10271    C:0.20349    A:0.44380    G:0.25000
position  3:    T:0.18023    C:0.29457    A:0.13566    G:0.38953
Average         T:0.13630    C:0.24160    A:0.29974    G:0.32235

#8: Klac           
position  1:    T:0.11434    C:0.14535    A:0.41279    G:0.32752
position  2:    T:0.08527    C:0.18411    A:0.48256    G:0.24806
position  3:    T:0.32752    C:0.15698    A:0.35659    G:0.15891
Average         T:0.17571    C:0.16214    A:0.41731    G:0.24483

#9: Calb           
position  1:    T:0.10853    C:0.16279    A:0.41085    G:0.31783
position  2:    T:0.07558    C:0.18798    A:0.51163    G:0.22481
position  3:    T:0.36434    C:0.11822    A:0.45930    G:0.05814
Average         T:0.18282    C:0.15633    A:0.46059    G:0.20026

Sums of codon usage counts
------------------------------------------------------------------------------
Phe F TTT      15 | Ser S TCT      80 | Tyr Y TAT      55 | Cys C TGT      12
      TTC      30 |       TCC      55 |       TAC      81 |       TGC      15
Leu L TTA      23 |       TCA      55 | *** * TAA       0 | *** * TGA       0
      TTG      53 |       TCG      26 |       TAG       0 | Trp W TGG       9
------------------------------------------------------------------------------
Leu L CTT      16 | Pro P CCT      57 | His H CAT      48 | Arg R CGT      80
      CTC      14 |       CCC      26 |       CAC      27 |       CGC      31
      CTA      12 |       CCA      97 | Gln Q CAA     183 |       CGA      11
      CTG      18 |       CCG      30 |       CAG      69 |       CGG      28
------------------------------------------------------------------------------
Ile I ATT      64 | Thr T ACT      69 | Asn N AAT     194 | Ser S AGT      56
      ATC      12 |       ACC      41 |       AAC     153 |       AGC      35
      ATA      14 |       ACA      90 | Lys K AAA     330 | Arg R AGA     372
Met M ATG      27 |       ACG      36 |       AAG     252 |       AGG      69
------------------------------------------------------------------------------
Val V GTT      18 | Ala A GCT      63 | Asp D GAT     390 | Gly G GGT     227
      GTC      17 |       GCC      35 |       GAC     193 |       GGC      76
      GTA       8 |       GCA      35 | Glu E GAA     243 |       GGA      78
      GTG      16 |       GCG      22 |       GAG     118 |       GGG      35
------------------------------------------------------------------------------


Codon position x base (3x4) table, overall

position  1:    T:0.10960    C:0.16085    A:0.39061    G:0.33893
position  2:    T:0.07687    C:0.17593    A:0.50301    G:0.24419
position  3:    T:0.31094    C:0.18109    A:0.33398    G:0.17399
Average         T:0.16581    C:0.17262    A:0.40920    G:0.25237

Codon frequencies under model, for use in evolver (TTT TTC TTA TTG ... GGG):
  0.01639344  0.01639344  0.01639344  0.01639344
  0.01639344  0.01639344  0.01639344  0.01639344
  0.01639344  0.01639344  0.00000000  0.00000000
  0.01639344  0.01639344  0.00000000  0.01639344
  0.01639344  0.01639344  0.01639344  0.01639344
  0.01639344  0.01639344  0.01639344  0.01639344
  0.01639344  0.01639344  0.01639344  0.01639344
  0.01639344  0.01639344  0.01639344  0.01639344
  0.01639344  0.01639344  0.01639344  0.01639344
  0.01639344  0.01639344  0.01639344  0.01639344
  0.01639344  0.01639344  0.01639344  0.01639344
  0.01639344  0.01639344  0.01639344  0.01639344
  0.01639344  0.01639344  0.01639344  0.01639344
  0.01639344  0.01639344  0.01639344  0.01639344
  0.01639344  0.01639344  0.01639344  0.01639344
  0.01639344  0.01639344  0.01639344  0.01639344


TREE #  1:  (((((1, 4), (3, 2)), 5), 6), ((7, 8), 9));   MP score: 1759
This is a rooted tree.  Please check!
lnL(ntime: 16  np: 18): -10227.008029      +0.000000
  10..11   11..12   12..13   13..14   14..1    14..4    13..15   15..3    15..2    12..5    11..6    10..16   16..17   17..7    17..8    16..9  
 0.114960 0.143330 0.585484 0.107764 0.199660 0.166212 0.000004 0.238580 0.467270 0.767199 1.018351 0.054745 0.272856 1.669594 0.831540 2.661868 1.674970 0.121547

Note: Branch length is defined as number of nucleotide substitutions per codon (not per neucleotide site).

tree length =  9.299418

(((((1: 0.199660, 4: 0.166212): 0.107764, (3: 0.238580, 2: 0.467270): 0.000004): 0.585484, 5: 0.767199): 0.143330, 6: 1.018351): 0.114960, ((7: 1.669594, 8: 0.831540): 0.272856, 9: 2.661868): 0.054745);

(((((Scer: 0.199660, Spar: 0.166212): 0.107764, (Smik: 0.238580, Sbay: 0.467270): 0.000004): 0.585484, Ncas: 0.767199): 0.143330, Cgla: 1.018351): 0.114960, ((Agos: 1.669594, Klac: 0.831540): 0.272856, Calb: 2.661868): 0.054745);

Detailed output identifying parameters

kappa (ts/tv) =  1.67497

omega (dN/dS) =  0.12155

dN & dS for each branch

 branch          t       N       S   dN/dS      dN      dS  N*dN  S*dS

  10..11     0.115  1126.7   421.3  0.1215  0.0129  0.1063  14.6  44.8
  11..12     0.143  1126.7   421.3  0.1215  0.0161  0.1325  18.1  55.8
  12..13     0.585  1126.7   421.3  0.1215  0.0658  0.5412  74.1 228.0
  13..14     0.108  1126.7   421.3  0.1215  0.0121  0.0996  13.6  42.0
  14..1      0.200  1126.7   421.3  0.1215  0.0224  0.1846  25.3  77.8
  14..4      0.166  1126.7   421.3  0.1215  0.0187  0.1536  21.0  64.7
  13..15     0.000  1126.7   421.3  0.1215  0.0000  0.0000   0.0   0.0
  15..3      0.239  1126.7   421.3  0.1215  0.0268  0.2205  30.2  92.9
  15..2      0.467  1126.7   421.3  0.1215  0.0525  0.4319  59.2 182.0
  12..5      0.767  1126.7   421.3  0.1215  0.0862  0.7092  97.1 298.8
  11..6      1.018  1126.7   421.3  0.1215  0.1144  0.9413 128.9 396.6
  10..16     0.055  1126.7   421.3  0.1215  0.0062  0.0506   6.9  21.3
  16..17     0.273  1126.7   421.3  0.1215  0.0307  0.2522  34.5 106.3
  17..7      1.670  1126.7   421.3  0.1215  0.1876  1.5433 211.3 650.2
  17..8      0.832  1126.7   421.3  0.1215  0.0934  0.7686 105.3 323.8
  16..9      2.662  1126.7   421.3  0.1215  0.2991  2.4605 337.0 1036.6

tree length for dN:       1.0448
tree length for dS:       8.5958


Time used:  0:13
