      9   1179

Scer                            GAA CCA AAA AAC AAA GAT AGC GGT GAA GTA ATT ATG CAA ACT AAA ATC TTG ACA CAG AAC TTC TAC TAC AGA GTG GGA TTT ATC GAT AGA GAA TTA CAG TCG GGT TGG CAT ATT TTG GAT GAA CAG GTT AAA AAC CAA TAC GTT AGC TAC GAA AAA AAA CAC TAC AGT GAC AAA AAT TAC ATG AAA CCA AAA AAA AAG GAG GAG CAA CTG CAA ATG TAT TAT TAC CTG AAG CCA GCT AAT TTA AGG GAA CAT GGT AAG CAC TAC TTC CCA TCC ACT TAC ACT TAC GCC CTG TAT GCT TCC CAA GAA AAC ATG TAC AAC GAA TAC ATT TTA AGG AAC ATT TCG CAA AGT AAC GGG TTA AAT GTA GAA CTT TTT AAC GAT CAG ACT AAA TCC CAG ACG TTT TGG CAG CAT AAG AGA ACG ATC TAC TAC ACT GGT GTT TGG AAT TAC ACC TAT GAA GCG CAG CAG AAG AGA GTC CAA CCT GAA TGG AAA TTC GGT TCC AAT GAT GTC CAA ATG TAC TCA AAA GAA TCC TCC GAT GAA CAG TGG TAC CAA GAT TTC GTC AAG GGT AAC CAG ACA GAT AAA AAG AAA AAG CAG CCA AAC GGT TAC AAC TCC ACT GCG AGG GAT AAG GAT GAT TTT GCG TCT TAT GCA AAC TGG TAT ATG GAT AAG ATA GGT GAC GAA AGT AAT ATC ATT AAG TTG GAT GAT TTT CCA TCC TAT AAT GTG GAA ATT TTG GAA GAT GAT AGA GCT CTT AAT CAG CAG CAA TTG ACG ACC GGT TTC ATG AAC ATG AAG TAC GAG TTG AAG ATT TCC TCG CAA TAC TTC CAG GCC CAG TTG AAC GCT GGA GAA GAA GAA CAT GAT CTT TAC GAT ATT GGC TGC CAC GGT GAA CTG CAC GAA AAT ACC TAC GGT GCC CTA GGG ACC ACT TAC TTC ATT GAT GTG TCC GAT GAC ATC AGA TGG TTG GCG CCA CAG TCG AAC GTG TTA AAT TTC AAA AAT GAA AGA TAT ATC ACC ATT GAC ACT CCA GAC TTG GAA GTG ACT AAA GAA TGG ACC GCA AAG GAA TCC TAT ACT TCT AGA AAA AAT TGG AAT TTG TGG TAC AAT CAA AAG GGA AGA TTG TCG TGG AAC TTT TTA CCA GAG ACA CAG AGT TTT AGA TAC ACC TTG AGA CAG TCC CTG AGC TGG CTA ATT AAC GGT TCC ATT TTG 
Sbay                            GAG CCT AAA AAT AAA GAC AGC GGT GAA GTA ATT ATG CAA ACA AAG ATC CTA ACA CAG AAC TTC TAC TAC AGA GTG GGG TTC ATC GAC AGA GAG TTA CAG TCT GGT TGG CAC ATT TTA GAT GAA CAG GTT AAG AAC CAA TAC GTC AGT TAC GAG AAA AAG CAT TAC AGT GAC AAG AAC TAC ATG AAG CCT AAG AAA AAG GAG GAG CAA CTG CAA ATG TAC TAC TAC CTG AAG CCT GCT AAT CTA AGA GAA CAT GGT AAG CAC TAT TTC CCA TCT ACT TAT ACT TAC GCC TTG TAC GCT TCC CAA GAA AAC ATG TAC AAC GAG TAC ATG TTG AGG AAC ATT TCG CAA AGT AAC GGA TTA AAC GTG GAA CTT TTC AAC GAT CAG ACT AAG TCT CAA ACG TTC TGG CAG CAC AAG AGA ACG CTC TAC TAC ACT GGT GTT TGG AAC TAC ACT TAC GAG GCG CAG CAG AAG AGA GTT CAA CCT GAG TGG AAA TTC GGT TCC AAT GAT GTC CAG ATG TAC TCG AAA GAA TCC TCC GAC GAA CAG TGG TAC CAA GAC TTT GTC AAG GGT AAC CAG ACA GAT AAA AAA AAA AAG CAG CCT AAC GGT TAC AAC TCC ACC GCG AGG GAC AAA GAT GAC TTT GCG TCT TAC GCA AAC TGG TAC ATG GAC AAG ATA GGT GAC GAA AGT AAC ATC ATT AAG CTG GAC GAT TTT CCA TCC TAC AAT GTG GAA ATT CTA GAA GAC GAC AGA GCT CTT AAT CAG CAA CAG TTG ACG ACT GGT TTC ATG AAC ATG AAA TAC GAG CTA AAA ATT TCC TCG CAA TAC TTC CAG GCT CAG TTG AAC GCT GGG GAG GAA GAA CAT GAC CTT TAC GAT ATT GGC TCC CAT GGT GAG CTG CAC GAG AAC ACT TAC GGT GCC CTA GGA ACG ACG TAC TTC ATT GAT GCG TCC GAC GAC ATT AGA TGG TTG GCG CCA CAG TCT AAT GTG TTG AAC TTT AAA AAT GAG AGG TAT ATT ACT ATT GAT ACG CCT GAT CTA GAA GTG ACC AAA GAG TGG ACT GCA AAG GAA TCC TAT ACG TCT AGA AAA AAC TGG AAC TTG TGG TAC AAC CAA AAG GGC AGA TTG TCG TGG AAC TTC TTA CCA GGT ACA CAG AGT TTT AGA TAC ACG TTG AGG CAG TCC CTG AGT TGG CTC ATT AAC GGT TCT ATC CTA 
Smik                            GAA CCT AAG AAC AAG GAT AGC GGT GAA GTA ATT ATG CAA ACG AAG ATA CTG ACA CAA AAC TTC TAC TAC AGA GTG GGA TTT ATA GAC AGA GAA TTA CAG TCT GGT TGG CAT ATT TTA GAT GAA CAG GTT AAA AAC CAG TAT GTT AGC TAC GAA AAG AAA CAT TAC AGC GAT AAG AAT TAT ATG AAG CCA AAG AAG AAG GAG GAG CAA CTG CAA ATG TAT TAT TAT CTG AAG CCA GCC AAT CTA AGA GAA CAT GGT AAG CAC TAT TTT CCA TCC ACT TAT ACT TAC GCT TTA TAT GCC TCC CAA GAA AAT ATG TAC AAC GAA TAC ACT TTA AGA AAC ATT TCG CAA AGC AAC GGG TTA AAT GTC GAA CTT TTT AAC GAT CAG ACT AAG TCC CAA ACA TTT TGG CAG CAT AAG AGA ACA ATC TAC TAC ACT GGT GTT TGG AAT TAC ACT TAT GAG GCG CAG CAG AAG AGA GTC CAA CCT GAG TGG AAG TTT GGA TCA AAT GAT GTC CAA ATG TAC TCA AAA GAA TCC TCC GAC GAA CAG TGG TAC CAA GAT TTC GTC AAG GGT AAC CAG ACA GAT AAG AAA AAG AAG CAG CCT AAC GGT TAT AAC TCC ACT GCT AGA GAC AAA GAT GAC TTT GCT TCT TAT GCA AAC TGG TAT ATG GAT AAG ATA GGT GAC GAA AGT AAT ATA ATT AAG CTG GAT GAT TTT CCA TCC TAT AAT GTG GAG ATC TTG GAA GAT GAT AGA GCC CTT AAT CAG CAA CAA TTG ACG ACT GGT TTT ATG AAC ATG AAG TAC GAG TTG AAG ATT TCC TCG CAA TAC TTT CAG GCA CAG TTA AAC GCT GGA GAA GAA GAA CAC GAC CTT TAC GAT ATC GGC TGC CAT GGT GAA CTG CAC GAA AAT ACG TAC GGT GCT CTA GGG ACC ACT TAC TTC ATT GAT GTG TCA GAC GAT ACT AGA TGG TTA GCT CCA CAG TCT AAC GTG TTA AAT TTC AAA AAT GAA AGA TAC ATT ACG ATT GAC ACT CCA GAT CTG GAA GTG ACT AAG GAA TGG ACG GCA AAA GAA TCC TAC ACT TCC AGA AAA AAC TGG AAT TTA TGG TAC AAC CAA AAG GGT AGA TTG TCG TGG AAC TTT TTA CCA GAT ACA CAG AGT TTT AGA TAC ACA TTG AGA CAG TCT CTG AGC TGG CTC ATC AAC GGT TCC ATT TTG 
Spar                            ACA CCA AAA AAC AAA GAT AGC GGT GAA GTA ATT ATT CAA ACC AAA ATC TTG TTG CAA AAC TTC TAT TGG GAC GTG GGT TTT ATC GAT AGA GAA TTA CAG TCT GGT TGG CAA GTT TTG GAC GAA CAG GTT AAA AAT CAA TAC GTT AGC TAC ACA AAA AAA CAT TAC TCA GAC AAA AAT TAC ATG AAA CCA AAA AAG AAG AGC AGC CAA CTG GAG ATG TAC TAC TAC CTG AAG CCC GCT AAT CTA AGA GAA CAT GGT AAG CAC TAC TTC CCC TCT ACT TAC ACT TGG GCC ATG TAT GCT TCA CAA GAA AAC ATG GCC AAC GAA TAT ATT TTA AGG AAC ATT TCA CAA TCA AAC GGA TTA AAT GTC GAA TTA TTT AAT GAT CAG CCA AAA TCC CAA ACA TTT TGG CAG CAA AAG TTT ACA ATC TAC GCC ACT GGT GTT TGG AAT TTT ACT TAT GAG GCG CAG CAG AAG AGA GTC CAA CCC GAG TGG AAG TTC GGC TTT GAT GAT GTC CAA ATG TAC TCA AAA GAA GCA TCA GAT GAA CAG TGG TAT CAA GAT TTC GTC AAG GGT AAC CAG TTG GAC AAA AAG AAA AAG CAG CCA AAC GGT TAC AAT TCT ACT GCA AGG GAT AAG GAA GAT TTT GCA TCT TAT GCA AAT TGG TAT AAA GAT AAG ATA GGT GAC GAA AGT AAT ATC ATT AAG TTA GAT GAC TTT CCC TCA TAC AAT GTT GAA ATC TTG GAA GAC GAC AGA GCT TTA AAT CAG CAA AGT TTG ACG ACT GGT TTC ATG AAT AAA AAG TAC GAG TTG AAG ACT TCT TCA CAA TTT TTC CAG GGC CAG CTG AAC GCT GGT AAA GAA GAA TCT GAT TTA TAC TCT ATC GGC TGC CAT GGT GAA CTG CAC GAA AAT CTT TAC GGT GCC TTG GGA ACC ACT TAC TTC TTA CCA GTA TTT GAT GAC ATC TTT TGG CTG GCA CCA CAG TCT AAC GTT TTA AAT TTC AAA AAT GAA AGG TAC ATT CTT ATT GAT ACT CCC GAT TTG GAA GTT ACT AAA GAG TGG CTT GCA AAA GAA TCC TAC ACT TCT AGA AAA AAC TGG AAT CTG TGG TAC AAC TCA AAG GGC AGG TTG TCA TGG AAT TTT GTT CCC GAT TTG CAG AGT TTT TTT TTT ACG TTG AGG CAG TCC CTG AGC TGG TTC ATC AAC GGT TCT ATT TTG 
Ncas                            GAA CCT AAA TCA CCT TGT CAA GGT GAA GTT GTC ATG CAA ACC AAG ATC TTA ACG CAA AAT TTC TAT TAC AGA GTC GGA TTC ATC GAT AGA GAA GTG CAA TCG GGT TGG CAT ATT TTA GAT GAG CAA GTG AAG AAT CAA TAT GTT AGT TTC GAA CCT AAA CAT TTC AGT GAT AAG TCT TAT ATG AAG CCA AAG AAG CAA GAG GAG AAG ATG CAA TTA TAT TAC TAC TAT AAG CCA GCT AAT CTA AGA ACT CAT GGG AAG CAC TAT TAC CCA TCC ACT TAT GCT TAC GCT TTA TAT GCT TCT CAA GAA AAT ATG TAT AAT GAA TAT ATA TTA CGT AAT ATC TCG CAA AGT AAT GGT CTA TCT ATT GAG TTA TTT AAT GAT CAG ACA AAG TCC CAA ACG TTC TGG CAA CAT AAA AGG ACG GTG TAC TAT GCT CCG GTG TGG TCT TAT ACT TAT CAA GCC CAA CAG AAG AGA GTC CAA CCA CAA TGG AAG TAC GGA TCA AAT GAT GTC GAA ATG TAC TCC AAA CAA TCC TCT GAT GAA CAA TGG TAT CAA GAT TTC GTC AAA GGT AAC AAG ACG GAT CCT AAG CCT AAA CAG CCT AAC GGT TAT AAC TCT ACT GCA CGT GAT AAG GAT GAT TTT GCA AGT TAT GCT AAT TGG TAT ATG TGT AAG ATT GGT GAT GAT ACC AAT ATC GTC AAA TTA TGT GAT TTT CCA TCT TAT TTG GTT GAA ATC TTG GAA GAT GAT AGA GCT TTA AAT CAA CAA CAA TTA ACT ACT GGT TTT ATG AAC ATG AAG TAC GAG TTG AAG ATT TCT TCG CAA TAT TTC CAA GCA CAA GAA AAC GCT GGA GAG GAT GAA CAT GAT TTA TAC GAT ATC GGC TGT CAT GGA GAG TAT CAT GAA TCT ACT TAC GGT GCC CTT GGT ACA ACA TAC TAT ATC GAT AAA TCA GAT GAT AGG AGG TGG GAA GCA CCC CAA TCG AAC GTT TTA TCT TTC AAA AAT GAA AGA TAT ATG ACT CTA GCT ACA CCA GAT TTA GAG GTT ACT CCT GAA TGG ACT GCT AAA GAA TCC TAT ACA TCT AGA AAA GAG TGG AAT GAA TGG TAC GAG CAA AAG GGA AGA TTG TCG TGG AAT TTT TTA CCA AGT ACG CAA ACC TTT AGG TAT AGT TTA AGA CAA TCT TAT AGT TGG TAC ATC AAT GGT TCC GTG TTG 
Cgla                            GAG CCA AAG CAC GAA GGC TCT GGT GAA GTT GTA TTA CAA ACG AAG ATC ATG ACT CAG AAC TTT TAC TAC AGA GTG GGT TTC ATC GAT AGA GAG GTC CAA TCT GGT TGG CAT ATA CTG GAT GAG CAA GTC AAA AAC CAG TAC GTC AGC CAC GAG GAA AAG CAC CAC AGT GAC AAG AAT TAC ATG AAG CCA AAG AAA AAG GAA GAA GAC CTA CAG ATG TAC TAC TAT CTG AAG CCA GCC AAT CTA AGA GAG CAT GGT AAG CAC TAT TTC CCA TCT ACG TAT ACA TAC GCT TTG TAC GCC GCT CAA GAA AAC ATG TAC AAC GAG TAC GTC TTA AGG AAC ATC TCG CAA AGT AAC GGT CTG AAT ATT GAG CTA TTT AAC GAT CAG ACT AAG TCA CAA ACT TTC TGG CAA CAT AAG AGA ACT ATG TAT TAC ACA GGC GTC TGG AAT TAC ACT TAC GAA GCC CAA CAG AAG AGA GTT CAG CCA GAA TGG AAA TTC GGA TCG AAT GAT GTC CAA ATG TAC TCT AAG CAA TCT GCT GAC GAA CAA TGG TAC CAG GAT TTT GTC AAG GGT AAC CGT ACT GAT GAA AAG GAA AAG CAG CCA AAC GGT TAC AAC TCT ACA GCG AGG GAC AAG GAT GAT TTC GCG AAA TAC CCA AAC TGG TAC ATG GGC AAG GTC GGT GAG GAA AGT AAT ATC GTA AAA TTG GGC GAT TAT CCA GCT TAC GCC GTC GAA ATC ATG GAA GAT GAT AGA GCC CTA AAT CAA CAA CAA TTG ACA ACT GGT TTC ATG CAC ATG AAA TAT GAA ATG AAA ATT TCT TCG CAG TAC TTT CAA GCA CAA GAA AAC GCT GGT GAG GAA GAA TAC GAT CTA TAC GAT ATC GGG TGT CAC GGT GAG CTG CAC GAG AAT ACG TAC GGT GCT TTG GGT ACA GCA TAC TAC ATG GAC CAA TCG GAC GAC GTG AGA TGG GAA GCG CCT CAA TCT AAC GTC TTA AAT TTT AAG AAT GAG AGA TAC ATA ACG ATA GAT GCA CCA GAC ATG GAA GTC ACA GAA GAA TGG ACG CCA AAG GAG GCC TAC GCA TCG AGA AAG AAC TGG AAT GAA TGG TAC AAC CAG AAG GGT CGT TTG TCG TGG AAC TTT TTG CCA GAT ACT CAA AGT TTC AGA TAC TCT TTG AGA CAA TCC CTG AGC TGG CTA ATC AAC GGT TCT ATC ATG 
Agos                            GAG CCA AAG AGC AGT GGC GCG GGC GAG GTG CTT ATG CAG ACA AAG TCG CTA ACA CAA AAC TTC TAC TAC AGA GTT GGG TTC TCG GAC CGT GAA GTG CAG TCG GGT TGG CAC ATC CTG GAT GAG CAG ATT AAA AAC CAG TAC GTG AGC TAC GAG AGT AAG CTA TAC AGC GAC AAG TCA TAC ATG AAG CCC CAG CGT AAG GAG GAG GAG GTG CAG CTG TAC TAC CAC GTG AAG CCG GCG AAC TTG CGC GTG CAT GGG AAG CAC TAT TTC CCG TCC ACT TAC GCG TAC GCG CTG TAT GCG GCT CAG GAC AAT ATG TAT AAC GAA TAC ATC TTA CGC AAC ATC TCG CAG AGC AAC GGT TTG TCA GTG GAG CTG TTT AAC GAC CAG AAG CAG TCT CAA ACG TTC TGG CAG CAC AAG CGG ACG ATG TAC TAT GCG GGA GTC TGG TCA TAC ACG TAC GAA GCG CAG CAG AAG CGC GTG CAG CCA GAA TGG CGT TTC GGA TCC AAC GAC GTC CAG ATG TAC TCC AAG GCC TCC GCT GAC GAG CAA TGG TAC CAG GAT TTC TTC AAG GGG AAC GAG ACA GAT AGT AAG AGT AAG CAG CCA AAC GGT TAC AAC TCC ACG GCG CGC GAC AAG GCG GAC TAC GCG CGC TAT GTG AAC TGG TAC ATG GGC AAG ATA GGC GAG GAC TCA GAT TCG CTT AAG CTG GGC GAT TTT CCG GCT TAC GGG GTG GAA ATC TTG GAG GAC GAC CGC GCG CTG AAC CAG CAA CAG TTG ACT ACG GGT GAC ATG CAG ATG AAG TAC CGC TTG AAG ATT TCC TCG CAG TAC TTC CAG GCA CAG AAG AAC GCC GGG GAG GAC GAG CAC GAC CTG TAC GAC ATC GGG TGC CTA GGT GAA GTG CAC GAA TCA AGC TAC GGT GCC CTG GGT AAC ACC TAC TAC GTG GAC AAG TCC GAC GAC GTG CGG TGG AAG GCG CCT CAA TCG TCA GTG TTA TCA TTC AAG AAC GAA AGG TAC GTG AGC GTC GAG ACC CCG GAC CTA GAA GTG ACG AGT GAG TGG AGC GTG AAG GAG GCG TAC ACC TCC CGT AAG AAC TGG GAT AAG TGG TAC AAC CAG AAG GGC CGG TTG TCG TGG AAC TTT TTG CCG GAG ACA CAG TCA TAC CGG TAC AGC TTG AGG CAG TCG GTG AGC TGG CAG ATC AAC GGG TCC ATA TTG 
Klac                            GAA CCA AAG AAC GAA GGA CAA GGT GAA GTT GTA ACC CAA ACG AAG GTA CTA ACA CAA AAC TTC TAT TAT AGA GTG GGA TTT GTA GAT AGA GAG GTG CAA TCT GGT TGG CAT ATT TTA GAT GAA CAA ATT AAG AAC CAA TAC GTT AGC TAC GAA GAA AAA TTA TAC TCG GAT AAG GAT TAC GCT AAG CCA AAA AAG AAA GAG GAG GGT ATG CAA ATT TAC TAT TAC TTA AAA CCT GCT AAC CTA AGA GAA CAT GGT AAA CAC TAC TTT CCA TCC ACT TAC ACC TAT GCC TTA TAT GCT GTG CAA GAA AAC ATG TAT AAC GAG TAT ATT TTA GTT AAC ATC TCG CAA TCG AAC GGT TTG GAT ATC GAA CTA TTT AAC GAT CAG AAA AAA TCT CAG ACT TTT TGG CAA CAT AAA AGA ACT TTA TAC TAT ACC GGA GTC TGG GAT TAC ACT TAT GAA GCT CAA CAG AAA AGA GTT CAA CCA GAA TGG AAG TTT GGG TCG AAT GAC GTC GGC ATG TAT TCT AAG ACT TCC GTG GAT GAA CAA TGG TAT CAA GAT TTC GTC AAA GGT AAC GAG ACA GAT GAA AAG GAA AAA CAG CCA AAC GGT TAC AAC TCG ACA GTA GTT GAT AAG GAC GAT TTT GTA AGG TAT GAA AAT TGG TAC ATG GGA AAA ATC GGT GAA GAT AGC GAT GTA GTA AAG TTG GGA GAT TTT CCA GTG TAC GCA GTG GAA ATC TTG GAG GAT GAT AGA GCT CTA AAC CAA CAG CAG CTA ACA ACT GGT TTA ATG CAA ATG AAG TAC AAG TTG AAG ATT TCG TCG CAA TAC TTT CAA GCT CAA GAT AAC GCC GGA GAA GAT GAA CAT GAT CTA TAT GAT ATC AGT TGC TTA GAT GAG TTA CAT GAG GAT AGT TAT GGT GCC TTA GGT AAC ACA TAT TTC ATG GAT AAG TCG GAT GAT ACG AGA TGG GAT GTA CCT CAA TCT GCT GTG TTA GAT TTC AAG AAC GAG AGA TAT ATA AGT GTT GAA ACA CCT AAC CTA GAA GTG ACA GAA GAA TGG AGT GAA AAG GAA GCT TAT ACA TCA AGA AAG AAT TGG GAT GAT TGG TAT AAT CAA AAA GGT AGA TTG TCG TGG AAC TTT TTG CCA GAC ACA CAA AGC TAT AGA TAC AGT CTA AGA CAA TCC TTA AGC TGG TCA ATC AAC GGT TCC ATA TTG 
Calb                            GAA CCC AAA AGT CAA GAA AAA GGT GAA GTT GAT AAG CAA ACC AAG CCA TTG ACC CAG AAC TTC TAT TAC AGA GTC GGT TTC CCA GAT AGA CAG GGT CAA TCT GGT TGG AAT ATT TTG GAC GAA CAA ATT AAA AAT AAG TAT GTT AGT CAC GAA CAA AAA TAT CAC TCC GAC AAG GAG TAT TTC AAG CCA CAG GAT GAA GAA GAA CAA ATA AAG ATC CAT TTT TAT TAT AAA CCT GCT CAT TTA AGA GAG CAT GGG AAA CAC TTA TTT CCA TCC ACT TAT TCT TAC GCT ATG TAT GCT GCC CAA GAA AAT ATG TAT AAC CAG TAT TAT TTA CTT AAC ATC TCG CAA TCC AAC GGT TTA GAG ATC GAA TTG TTT AAT GGT CAG AAG CAG TCT CAA ACC TTC TGG CAA AAT AAA AGA ACC ATG TAC TAT TCT TCA GTA TGG GAG TTC ACT AAA GAA GCT CAA CAG AAG CGT GTT CAA CCA GAA TGG GAT TTT GGG TCA AAT CAG GTT AGT ATG TAT TCA AAA GAT GCC GCC GAT GAA CAA TGG TAT CAA GAA TTC CAA AAA GGT AAC GAA ACC GAC CAA AAG CAA AAA CAG CCC AAC GGT TAT ATC TCA AAA CTA CTT GAT AAG GAC GAT TTT CTA GTG TAT ATG ACT TGG TAT TTA GAA AAG ATT GGT CAA GAT TCT GAT CCA GAT GAT TTG GAA GAC TTT CCA GCC CAT AAT GTC GAA TTG CAA GAA CAA CAA CGT GCT TTG CAT CAA CAA CAA TTG ACT ACT GGT CAT ATG CAA TTA AAG TAC ACG CAA AAG ATT TCA TCG CAA TTC TTT CAA ATG CAA AGA AAC GTT GGT GAA GAT GAG CAT GAT TTG TAT GAT TTG GGA GCA TAT GGT GAG TAT CAT CAG GAG GCT TAC GGG GCT TTA GGT AAT ACC TAT TTT ATG GAT TTT TCA GAC GAC TAT AGA TGG AGA CTA CCT CAA TCT ACC GTC TTA GAG TTC AAA CAT CAG GGT TAC TTG GCT GTA GAT ACC CCT AAT TTG GAA GTC AAA CAA GAA TGG GCT ATG AAA GAA GGA TAC ACC TCA AGA AAA AAT TGG GAT AGA TGG TAC AAT GAT AAG GGC AGA TTA TCG TGG AAT TTT TTG CCA TCT ACC CAA TCT TAT AGA TTC CAA TTG GGT CAA TCA TAT AGT TGG CGG TTG AAC GGT TCC ATT CAA 



Printing out site pattern counts


         9        690  P

Scer                            AAA AAA AAA AAA AAA AAA AAA AAA AAC AAC AAC AAC AAC AAC AAC AAC AAC AAG AAG AAG AAG AAG AAG AAG AAG AAT AAT AAT AAT AAT AAT ACA ACC ACC ACC ACC ACG ACG ACT ACT ACT ACT ACT ACT AGA AGA AGA AGA AGA AGA AGC AGC AGG AGG AGT AGT ATA ATC ATC ATC ATC ATG ATG ATG ATG ATG ATT ATT ATT ATT ATT ATT ATT ATT ATT CAA CAA CAA CAA CAA CAA CAA CAA CAC CAC CAC CAG CAG CAG CAG CAG CAG CAT CAT CAT CCA CCA CCA CCA CCA CCT CTA CTA CTG CTG CTG CTT GAA GAA GAA GAA GAA GAA GAA GAA GAA GAA GAA GAA GAA GAA GAA GAA GAA GAC GAC GAC GAC GAG GAG GAG GAT GAT GAT GAT GAT GAT GAT GAT GAT GAT GAT GAT GCA GCC GCC GCC GCG GCG GCT GCT GGA GGA GGC GGG GGT GGT GGT GGT GGT GGT GGT GGT GTA GTA GTC GTC GTC GTG GTG GTG GTT GTT GTT TAC TAC TAC TAC TAC TAC TAC TAC TAC TAC TAC TAC TAT TAT TAT TAT TAT TAT TCA TCC TCC TCC TCC TCC TCC TCC TCC TCG TCG TCT TCT TGC TGG TTA TTA TTA TTA TTA TTC TTC TTC TTC TTC TTC TTG TTG TTG TTG TTG TTG TTG TTT TTT TTT TTT TTT 
Sbay                            ... ... ... ... ..G ..G ..G ..G ... ... ... ... ... ... ... ..T ..T ..A ..A ... ... ... ... ... ... ..C ..C ..C ... ... ... ... ..G ..G ..T ..T ... ... ..A ..C ..G ... ... ... ... ... ... ... ... ..G ... ..T ..A ... ... ... ... ... ..T ..T C.. ... ... ... ... ... ..C ..G ... ... ... ... ... ... ... ... ... ... ... ... ... ..G ..G ... ... ..T ..A ... ... ... ... ... ..C ... ... ... ... ..T ..T ..T ... ... ..C ... ... T.. ... ... ... ... ... ... ... ... ... ... ... ... ..G ..G ..G ..G ..G ..G ... ... ..T ..T ... ... .GT ..C ..C ..C ..C ..C ..C ... ... ... ... ... ... ... ... ... ..T ... ... ... ... ..C ..G ... ..A ... ... ... ... ... ... ... ... ... ..G ... ... ..T .C. ... ... ..C ... ... ... ... ... ... ... ... ... ... ... ... ..T ..T ..C ..C ..C ..C ..C ... ..G ... ... ... ... ... ... ..T ..T ... ..T ... ... .C. ... C.. ... ... ... ..G ... ... ... ... ... ..T C.A C.A C.. ..A ... ... ... ..C ..C ... ... ... 
Smik                            ... ..G ..G ..G ... ... ..G ..G ... ... ... ... ... ... ..T ... ... ..A ... ..A ... ... ... ... ... ..C ... ... ... ... ... ... ..A ... ..G ..T ..A ... ..G ... ... ... ... ... ... ... ... ... ... ... ... ... ..A ..A ..C ... ... ..A .CT ..T ... ... ... ... ... ... ... .C. ..C ... ... ... ... ... ... ... ... ... ... ... ..G ... ... ... ... ..T ..A ..A ... ... ... ... ... ..C ... ... ... ... ... ..T ... ... ..C ... ... T.A ... ... ... ... ... ... ... ... ... ... ... ..G ... ... ... ... ... ..G ... ..T ... ..T ... ... ..T ..C ..C ..C ... ... ... ... ... ... ... ... ... ... ..T ..T ..A ... ..T ..C ... ..T ... ... ... ..A ... ... ... ... ... ... ... ... ..C ... ... ... ... ... ... ... ... ... ... ... ... ... ... ... ... ... ..T ..T ..T ..T ... ... ... ... ... ..C ... ..A ... ... ... ... ..T ... ... ... ..T ..C ... ... ... C.. ... ... ... ... ... ... ..T ..T ..T ... C.. ... C.. ..A ..A ... ... ... ... ... ... ... 
Spar                            ... ... ... ..G ... ... ... ... ... ... ..T ..T ..T ..T ... ... ... ... ... ..A ... ... ... ... ... ..C ... ... ... ... G.. TTG ..G ... CTT ..T ..A ... ..C ... ... ... ... C.A ... ... ..G GAC TTT ..G ... ... ..A ... TCA ... ... ... ... ..T ... .AA ... ... ... ..T ... ... ..C .C. ... ... ... G.. T.A ... ... ... G.G TC. ... AGT ... ... ... ..T ..A ..A ... ... ... ... ..A TC. ... ... ..C ... ..C ... ..C T.G T.C ... ... A.. T.A ... ... ... ... ... ... ... ... ... ... ... A.. AC. ... ... ..G ..G ... ... ..T ..T AGC ... ..T ... ... ... ..C ... ... CCA ..A ..C ... ... TC. ... ... ... .G. ... ..A ... ... ..C ..T ... ..A ..C ... ... ... ... ... ... ... ... ..C ... ... ... ..A ... ..T ... ... ... GC. ... ... ... ... ..T .GG .TT ... ... ... ... ..C ..C ... ... ... ..C ... .TT G.A ..A ... ..T ... ... ..T ..A ..T ... ... ... ... C.. G.T ... ... ... ... ... ... ... ... ... ... ... ..A ... C.. ... ... ... ... ... ... ... 
Ncas                            ... ... CCT ..G ... ..G ..G ..G ... ..T ... ... ..T ..T ..T ... TCA ... ... ..A ..A ..A ... ... C.A G.G ... TC. ... TTG ... ..G .GT ..A ..T ..T ... ..T ..C ... ..A ... G.. ..A ... ... ... ... ..G ... CAA ..T ..A C.T ... .CC ..T ... .GG ..G G.G ... ... ... T.A ... G.G ..A ..C ... ..C C.A G.C ... ..C A.G ... ... ... ... ... ... G.. ... ..T ..T ..A ..A A.. ..A ..A ... ... ... ... ..C ... ... ... ..T ..A ..T TAC A.. TAT T.A T.A ACT C.. ... ... ... ... ... ..G ..G ..T ... ..G ... ... ..G ... C.. ..T ..T .CT ..T ... ... AGT ... ... ... ... ... TG. ... ... ... ... ... ... ..T ... ..T ..A ..C ..A ... ... ... ... ... ..T ..A CCG ..A ..G ... ... ... ... ..T A.T ... ... ... AAA ..C ..T ... ..G ..G ..T ... ... ... .T. ..T ... ..T ... ..T ..T ..T ..C ... ... ... ... ... ..C ..A ... ..T ... ..T ..T ... ... ... ... ... AG. ..T ... C.. ... C.. G.G ... .AT ... .A. ... ..T ... ..A ... ..A ..A GAA ..A ... ..C ... ... ... ... 
Cgla                            ..G ..G G.. ... ..G ... ..G ..G ... ... ... C.. ... ... ... ... C.. ... ..A ... ..A ... ... ... ... ..C ... ... ... GCC ... ..T T.T ..A ..G ..T ..T ..A ..G ..A G.A ..G ..A ... ... ... C.T ... ... ... TCT ... ..A ... ... ... G.C ... G.G ..A ..G ... ... ... ... T.A ..C G.C ..C ... ..C ..A G.A ..A ..G G.C ... ..G ..G ..G ..G ... ... ... ... ... ..A ... .GT ..A ..A ... ... T.C ... ..T ... ... ... ... ..A T.G ... ..A ... T.. ..A ..G C.. ... ... ... ... ..G ... ..G ... ... ..G ..G ..G ..G ... ... ..G ... ..T ... ..A ..A ..T ..C ..C ... ... ... .GC ..C ... ... ... ... ... C.. ..T ..T ..A ..C ... ..C ... ..T ..T ..G ..T ..A ..C ... ... ... ... ... ... ..T A.T ... ... ..T CAA ... ..C ..C ..C ..C ... ... ... ..T C.. ... ... ... ..T ... ..T ..T ..C ..C ..C ..C ..C ..C ..T ..G ..T G.T G.. ..T ... ..A ..T ... ..T ..G AAA ..T ... C.. ..G C.G G.C ... .A. ..T ... ..T ... ..T A.. A.. ... C.. GAA ... ... ..C ... .A. ..C ..C 
Agos                            ..G ..G .GT CGT ..G ... ..G C.G ... ... ... C.G ... ... ..T TCA .G. ... ... ... ... ... ... ... ... ..C G.. TCA ..C GGG ..C ... .G. .A. .G. ..G ... ..T ..A ..G ..C ... G.G .AG C.C C.T C.G ... C.G ..G GCG ... C.C C.C ..C TCA ... TCG G.G G.G ..G ... ... ... C.. ... ..A ..C ..C ... ..C G.C C.. ..C G.G G.G ..G ..G ..G ..G ..G ..G ..G ... ... .TA ..A ..A G.. ..A ... ... ..C ..C ... ..T ..G ..C ..G ... ..A ..G .AG G.. G.. ... ..G .TG .CC ..C ..G ..G ..G ..G ... ..G ..C ... ..G ..G ... ... ..G ... ..G ... ..G ... ... CGC ... ..C ..C ..C ..C ... .GC ..C .CG ... ..C ..C ..C .TG ... ..G ..A ... ... ..G ..C ..C ..G ..G ..T ..A ..A ... ..G ..C ..G ... ... ..G ..G ... T.. ..G AA. ..T ... ..G A.. ..C ..T ... ... ... ... ... ... ... C.. ... ... ..T ..C ..C ..C ..C ... ..C ..C ... ... G.T G.G ... ..G ..T ... ... ... ..C CGC ... ... ..G ..G ..G G.G ... .A. ... ... ... GA. ... C.A ... C.. C.. AA. ... ... ..C ... ... .AC .AC 
Klac                            ..G ..G G.. ..G ... ..G ..G ... ... ... ... C.A ... ..T ... GCT ... ... ... ... ... ..A ..A ..A ..A ... G.. G.. ..C GCA ... ... .GT .A. .GT ..T ..T ..A ..G ..A ..A ... ..C .AA ... ... ... ... ... ... CAA ... ..A GTT TCG ..C ..C G.A .CG ..A T.A ... ... GCT ..T .CC ..A ... ..C ... ..C G.. G.A ... ..G GGT ... ... ... ... ... ..G GGC ... ..T TTA ... ..A G.. ..A ..A ... ... ... ... ..T ... ... ..T ... ..A T.. TC. A.. T.A T.A ..A ... ACT ... ... ... ..G ... ... ... ..T ... ... ... ..G ..G ... ... ..A ..T ..A A.. ... A.. ..C ... ... ... ... ... .GA ... ..C ... ..C ... ... .A. ... ... ..T ..T .TA ... ..C ..T ... A.T ..T ..G ..A .A. ... ... ... ... ... ..T A.C ... ... ..T AA. ... ... ... A.. ..C ..T ..T ..T ... ... ..T ..T ... ... ... ... ... ... ..C ..C ... ... ... ..T ..G ... GTG G.T ..G ... ..T ... ... ..T ..A AGG ... ... C.. ..G ..G G.G ... ... ... ..T ..T ..A ... C.A ... ... ..A GAT C.A ... ... ... ... .A. ... 
Calb                            ... ... C.. G.T ... ... ..G C.G ... ... .T. C.A ..T .CT ..T .C. .GT ... ... ..A G.T ..A ..A ... G.A ... G.. G.G C.. ... ... ..C CAA .AT G.T ..T ..C ..T ..C .AA ..C ... T.. .AG C.T ... ... ... ... G.T .AA ..T ..A CTT TCC TC. ..T CCA TAT T.G ..G T.A ... T.C ..C .A. ... TA. T.G ... ..C G.A GA. ... ..G ... ... ... A.G G.T A.G ... AGT ... ..T T.T ..A ... G.A ..A ..A ... A.. ... ... ..T ... ... ..T ..C ..A T.. .GG A.A TAT A.. T.G ..G ..T ... ... ..G ... ... ... ... ..T ... ... ... C.G ..G ... ... C.A ... ..T A.T ..A AC. TCT ..C ... ... C.A ..A ..A ... ..C ..C C.G .G. ... ATG ..T ..T ATG ..T CTA ... .T. ..C ..T ..A ..T ..G TCA ... ..G ... ... ..G ... ..T A.C ..T CAA ..T T.T ..C ..C ... A.. ..A ..T ... ..T ... C.. ..T ... .T. ..T ..T ..T .TA .T. C.. ... A.A ... ..C ... ..A G.. G.. GGA ..A ..A ..T ... ... ..T ..A GTG GCA ... ... ..G ... GGT ... ..T ... ..T ..T CAT ... ... CAA ... ... AGA ... ..A ..C ... ... .A. ... 

    3    1    5    2    1    1    3    2    3    5    1    1    3    1    1
    1    1    2    2    1    1    3    2    3    1    2    2    5    3    1
    1    3    1    1    3    2    2    1    1    2    3    1    2    1    2
    2    1    1    3    2    1    2    1    2    2    2    1    3    1    1
    1    2    3    1    1    1    1    1    3    1    1    1    2    1    1
    1    3    3    1    1    1    1    1    1    1    2    2    1    1    2
    9    3    2    1    1    1    3    1    2    2    1    1    1    1    3
    1    3    1    1    1    2    1    1    1    1    2    2    1    1    2
    4    1    1    2    1    2    1    1    2    1    1    1    2    3    2
    1    3    1    1    3    1    1    1    2    1    1    1    1    3    3
    1    1    2    1    2    1    1    1    1    2    2    1    3    1    1
    1    1    1    1    1    3    1    1    1    2    2    3    2    2    3
    2    3    1    3    1    1    1    2    1    1    2    2    1    2    1
    3    1    2    1    1    2    3    2    1    1    1   12    1    1    1
    1    2    1    1    2    1    1    2    2    3    1    1    3    2    1
    2    2    1    1    1

CODONML (in paml version 4.9j, February 2020)  temp.nuc
Model: One dN/dS ratio, 
Codon frequency model: Fequal
ns =   9  ls = 393

Codon usage in sequences
--------------------------------------------------------------------------------------------------------------------------------------
Phe TTT   7   5  11  15   6   6 | Ser TCT   2   7   4  10  12  10 | Tyr TAT   9   4  13   7  25   6 | Cys TGT   0   0   0   0   4   1
    TTC   8  10   4   9   8   7 |     TCC  13  11  11   3   6   1 |     TAC  25  30  21  20  14  29 |     TGC   1   0   1   1   0   0
Leu TTA   6   4  10   9  14   3 |     TCA   1   0   3  10   3   1 | *** TAA   0   0   0   0   0   0 | *** TGA   0   0   0   0   0   0
    TTG  13   9   6  13   5   7 |     TCG   5   4   3   0   5   6 |     TAG   0   0   0   0   0   0 | Trp TGG  12  12  12  14  12  12
--------------------------------------------------------------------------------------------------------------------------------------
Leu CTT   3   3   3   3   1   0 | Pro CCT   1   6   3   0   7   1 | His CAT   4   4   5   3   7   3 | Arg CGT   0   0   0   0   2   2
    CTC   0   2   1   0   0   0 |     CCC   0   0   0   6   1   0 |     CAC   4   4   3   2   1   8 |     CGC   0   0   0   0   0   0
    CTA   2   7   2   1   3   6 |     CCA   9   4   7   6   7  11 | Gln CAA  12  12  14  14  29  20 |     CGA   0   0   0   0   0   0
    CTG   5   5   7   7   0   5 |     CCG   0   0   0   0   1   0 |     CAG  18  18  16  15   3  10 |     CGG   0   0   0   0   0   0
--------------------------------------------------------------------------------------------------------------------------------------
Ile ATT  12  12   9   8   4   2 | Thr ACT  10   9  13  11  10   8 | Asn AAT  14   7  13  17  16  11 | Ser AGT   4   6   2   3   7   4
    ATC   6   4   4   8   8   8 |     ACC   7   2   1   2   3   0 |     AAC  17  24  18  13   6  17 |     AGC   3   1   5   5   0   2
    ATA   1   1   4   1   1   3 |     ACA   3   4   6   4   5   6 | Lys AAA  18  15   8  20  11   7 | Arg AGA  11  10  14   5   9  11
Met ATG   8   9   8   6   9  14 |     ACG   3   8   5   2   5   5 |     AAG  15  18  25  16  19  22 |     AGG   3   4   0   5   4   2
--------------------------------------------------------------------------------------------------------------------------------------
Val GTT   3   3   3   8   5   2 | Ala GCT   4   5   6   4  10   6 | Asp GAT  20  10  18  16  23  15 | Gly GGT  12  13  12  13  10  15
    GTC   3   3   4   4   6  11 |     GCC   3   2   3   4   2   6 |     GAC   5  15   8   9   0   8 |     GGC   1   2   1   4   1   4
    GTA   2   1   1   2   0   2 |     GCA   2   2   3   6   4   4 | Glu GAA  25  14  22  20  18  23 |     GGA   3   2   3   2   5   1
    GTG   5   5   5   1   5   2 |     GCG   4   5   1   1   0   3 |     GAG   4  14   6   5  10  13 |     GGG   2   2   2   0   1   1
--------------------------------------------------------------------------------------------------------------------------------------

--------------------------------------------------------------------------------------
Phe TTT   3   9  10 | Ser TCT   1   4   8 | Tyr TAT   5  19  24 | Cys TGT   0   0   0
    TTC   9   4   9 |     TCC   9   4   4 |     TAC  31  16   8 |     TGC   1   1   0
Leu TTA   2  12   9 |     TCA   8   2   8 | *** TAA   0   0   0 | *** TGA   0   0   0
    TTG   9   7  14 |     TCG   9   9   3 |     TAG   0   0   0 | Trp TGG  12  12  12
--------------------------------------------------------------------------------------
Leu CTT   2   0   2 | Pro CCT   1   3   3 | His CAT   1   5   9 | Arg CGT   4   0   2
    CTC   0   0   0 |     CCC   1   0   2 |     CAC   6   1   3 |     CGC   7   0   0
    CTA   4   8   3 |     CCA   3   7   8 | Gln CAA   5  23  35 |     CGA   0   0   0
    CTG   8   0   0 |     CCG   5   0   0 |     CAG  27   6  11 |     CGG   4   0   1
--------------------------------------------------------------------------------------
Ile ATT   2   5   5 | Thr ACT   2   6   5 | Asn AAT   1   4  12 | Ser AGT   5   5   4
    ATC   6   6   4 |     ACC   3   3  10 |     AAC  20  19   8 |     AGC   9   4   0
    ATA   2   2   1 |     ACA   4   9   0 | Lys AAA   1  13  16 | Arg AGA   1  12  11
Met ATG   8   7   9 |     ACG   6   2   1 |     AAG  28  18  14 |     AGG   2   1   0
--------------------------------------------------------------------------------------
Val GTT   1   6   5 | Ala GCT   3   8   9 | Asp GAT   6  30  19 | Gly GGT   7  13  16
    GTC   3   3   4 |     GCC   3   3   4 |     GAC  19   3   7 |     GGC   6   1   1
    GTA   0   8   2 |     GCA   1   1   1 | Glu GAA   9  25  23 |     GGA   2   6   2
    GTG  18   8   1 |     GCG  13   0   0 |     GAG  18   9   8 |     GGG   7   1   3
--------------------------------------------------------------------------------------

Codon position x base (3x4) table for each sequence.

#1: Scer           
position  1:    T:0.25954    C:0.14758    A:0.34351    G:0.24936
position  2:    T:0.21374    C:0.17048    A:0.48346    G:0.13232
position  3:    T:0.26718    C:0.24427    A:0.24173    G:0.24682
Average         T:0.24682    C:0.18745    A:0.35623    G:0.20950

#2: Sbay           
position  1:    T:0.24427    C:0.16539    A:0.34097    G:0.24936
position  2:    T:0.21120    C:0.17557    A:0.48092    G:0.13232
position  3:    T:0.23919    C:0.27990    A:0.19338    G:0.28753
Average         T:0.23155    C:0.20696    A:0.33842    G:0.22307

#3: Smik           
position  1:    T:0.25191    C:0.15522    A:0.34351    G:0.24936
position  2:    T:0.20865    C:0.17557    A:0.48346    G:0.13232
position  3:    T:0.29262    C:0.21628    A:0.24682    G:0.24427
Average         T:0.25106    C:0.18236    A:0.35793    G:0.20865

#4: Spar           
position  1:    T:0.28244    C:0.14504    A:0.32061    G:0.25191
position  2:    T:0.24173    C:0.17557    A:0.45038    G:0.13232
position  3:    T:0.30025    C:0.22901    A:0.25445    G:0.21628
Average         T:0.27481    C:0.18321    A:0.34182    G:0.20017

#5: Ncas           
position  1:    T:0.29008    C:0.15776    A:0.29771    G:0.25445
position  2:    T:0.19084    C:0.20611    A:0.46310    G:0.13995
position  3:    T:0.37913    C:0.14249    A:0.27735    G:0.20102
Average         T:0.28668    C:0.16879    A:0.34606    G:0.19847

#6: Cgla           
position  1:    T:0.22646    C:0.16794    A:0.31043    G:0.29517
position  2:    T:0.19847    C:0.17303    A:0.48855    G:0.13995
position  3:    T:0.23410    C:0.25700    A:0.24936    G:0.25954
Average         T:0.21968    C:0.19932    A:0.34945    G:0.23155

#7: Agos           
position  1:    T:0.25191    C:0.19847    A:0.25445    G:0.29517
position  2:    T:0.19593    C:0.18321    A:0.45038    G:0.17048
position  3:    T:0.11196    C:0.33842    A:0.10687    G:0.44275
Average         T:0.18660    C:0.24003    A:0.27057    G:0.30280

#8: Klac           
position  1:    T:0.25191    C:0.13486    A:0.29517    G:0.31807
position  2:    T:0.21628    C:0.15522    A:0.48601    G:0.14249
position  3:    T:0.29771    C:0.17303    A:0.32570    G:0.20356
Average         T:0.25530    C:0.15437    A:0.36896    G:0.22137

#9: Calb           
position  1:    T:0.27735    C:0.20102    A:0.25445    G:0.26718
position  2:    T:0.19847    C:0.16794    A:0.50127    G:0.13232
position  3:    T:0.33842    C:0.16285    A:0.30280    G:0.19593
Average         T:0.27142    C:0.17727    A:0.35284    G:0.19847

Sums of codon usage counts
------------------------------------------------------------------------------
Phe F TTT      72 | Ser S TCT      58 | Tyr Y TAT     112 | Cys C TGT       5
      TTC      68 |       TCC      62 |       TAC     194 |       TGC       5
Leu L TTA      69 |       TCA      36 | *** * TAA       0 | *** * TGA       0
      TTG      83 |       TCG      44 |       TAG       0 | Trp W TGG     110
------------------------------------------------------------------------------
Leu L CTT      17 | Pro P CCT      25 | His H CAT      41 | Arg R CGT      10
      CTC       3 |       CCC      10 |       CAC      32 |       CGC       7
      CTA      36 |       CCA      62 | Gln Q CAA     164 |       CGA       0
      CTG      37 |       CCG       6 |       CAG     124 |       CGG       5
------------------------------------------------------------------------------
Ile I ATT      59 | Thr T ACT      74 | Asn N AAT      95 | Ser S AGT      40
      ATC      54 |       ACC      31 |       AAC     142 |       AGC      29
      ATA      16 |       ACA      41 | Lys K AAA     109 | Arg R AGA      84
Met M ATG      78 |       ACG      37 |       AAG     175 |       AGG      21
------------------------------------------------------------------------------
Val V GTT      36 | Ala A GCT      55 | Asp D GAT     157 | Gly G GGT     111
      GTC      41 |       GCC      30 |       GAC      74 |       GGC      21
      GTA      18 |       GCA      24 | Glu E GAA     179 |       GGA      26
      GTG      50 |       GCG      27 |       GAG      87 |       GGG      19
------------------------------------------------------------------------------


Codon position x base (3x4) table, overall

position  1:    T:0.25954    C:0.16370    A:0.30676    G:0.27000
position  2:    T:0.20837    C:0.17586    A:0.47639    G:0.13938
position  3:    T:0.27340    C:0.22703    A:0.24427    G:0.25530
Average         T:0.24710    C:0.18886    A:0.34247    G:0.22156

Codon frequencies under model, for use in evolver (TTT TTC TTA TTG ... GGG):
  0.01639344  0.01639344  0.01639344  0.01639344
  0.01639344  0.01639344  0.01639344  0.01639344
  0.01639344  0.01639344  0.00000000  0.00000000
  0.01639344  0.01639344  0.00000000  0.01639344
  0.01639344  0.01639344  0.01639344  0.01639344
  0.01639344  0.01639344  0.01639344  0.01639344
  0.01639344  0.01639344  0.01639344  0.01639344
  0.01639344  0.01639344  0.01639344  0.01639344
  0.01639344  0.01639344  0.01639344  0.01639344
  0.01639344  0.01639344  0.01639344  0.01639344
  0.01639344  0.01639344  0.01639344  0.01639344
  0.01639344  0.01639344  0.01639344  0.01639344
  0.01639344  0.01639344  0.01639344  0.01639344
  0.01639344  0.01639344  0.01639344  0.01639344
  0.01639344  0.01639344  0.01639344  0.01639344
  0.01639344  0.01639344  0.01639344  0.01639344


TREE #  1:  (((((1, 4), (3, 2)), 5), 6), ((7, 8), 9));   MP score: 1181
This is a rooted tree.  Please check!
lnL(ntime: 16  np: 18):  -6714.856022      +0.000000
  10..11   11..12   12..13   13..14   14..1    14..4    13..15   15..3    15..2    12..5    11..6    10..16   16..17   17..7    17..8    16..9  
 0.165570 0.108496 0.417859 0.021502 0.093747 0.777778 0.032865 0.230557 0.353553 0.946877 0.569472 0.143917 0.062323 1.448854 0.594906 2.402508 1.664900 0.074152

Note: Branch length is defined as number of nucleotide substitutions per codon (not per neucleotide site).

tree length =  8.370782

(((((1: 0.093747, 4: 0.777778): 0.021502, (3: 0.230557, 2: 0.353553): 0.032865): 0.417859, 5: 0.946877): 0.108496, 6: 0.569472): 0.165570, ((7: 1.448854, 8: 0.594906): 0.062323, 9: 2.402508): 0.143917);

(((((Scer: 0.093747, Spar: 0.777778): 0.021502, (Smik: 0.230557, Sbay: 0.353553): 0.032865): 0.417859, Ncas: 0.946877): 0.108496, Cgla: 0.569472): 0.165570, ((Agos: 1.448854, Klac: 0.594906): 0.062323, Calb: 2.402508): 0.143917);

Detailed output identifying parameters

kappa (ts/tv) =  1.66490

omega (dN/dS) =  0.07415

dN & dS for each branch

 branch          t       N       S   dN/dS      dN      dS  N*dN  S*dS

  10..11     0.166   858.4   320.6  0.0742  0.0126  0.1693  10.8  54.3
  11..12     0.108   858.4   320.6  0.0742  0.0082  0.1110   7.1  35.6
  12..13     0.418   858.4   320.6  0.0742  0.0317  0.4274  27.2 137.0
  13..14     0.022   858.4   320.6  0.0742  0.0016  0.0220   1.4   7.1
  14..1      0.094   858.4   320.6  0.0742  0.0071  0.0959   6.1  30.7
  14..4      0.778   858.4   320.6  0.0742  0.0590  0.7955  50.6 255.0
  13..15     0.033   858.4   320.6  0.0742  0.0025  0.0336   2.1  10.8
  15..3      0.231   858.4   320.6  0.0742  0.0175  0.2358  15.0  75.6
  15..2      0.354   858.4   320.6  0.0742  0.0268  0.3616  23.0 115.9
  12..5      0.947   858.4   320.6  0.0742  0.0718  0.9684  61.6 310.5
  11..6      0.569   858.4   320.6  0.0742  0.0432  0.5824  37.1 186.7
  10..16     0.144   858.4   320.6  0.0742  0.0109  0.1472   9.4  47.2
  16..17     0.062   858.4   320.6  0.0742  0.0047  0.0637   4.1  20.4
  17..7      1.449   858.4   320.6  0.0742  0.1099  1.4818  94.3 475.1
  17..8      0.595   858.4   320.6  0.0742  0.0451  0.6084  38.7 195.1
  16..9      2.403   858.4   320.6  0.0742  0.1822  2.4571 156.4 787.8

tree length for dN:       0.6348
tree length for dS:       8.5610


Time used:  0:11
