      9   1170

Scer                            AGG AAT TCT GAA CAA TGG AAG GAC AAG GTC GGG AAG TTG TCC TAT TTC TGC GTG TTG GTT ATG TTT TCC GAT CAG TAT TAT CTC AAA AGT GTG AAG CTA CGT AAT AGA TAT TAC GCA GTC GAT ACG GAA GAC AGT GAA TCT GAC TAC AAG GAT CAG AAT TCC AGT CAA GAG GAG TCC GCT CAG TTC GAC TCA GAA TTG TCT CGT GAA ACT GCT TAC GAA ACC TGC ATG GCT TCT GAA TTT CCA TCG AGC GAC AAG GTG CCA GCC GTG ATG GCT TTT CAA GAT TAT AAG GAA AGA AGT CGT GCT CCA TAT TTC GAA AGT AGA GTT GAG CAA ACC TGT GAG GAA TTA CAG CTA ATC ACC TTT AAC ATT GCG GGT GAT AGA AGA AAC CAT GAA GAG AAT AAT GAC ATC GAA CCA TAC AGA TAC AAG GCT TAT AGA GAC ACC TGT AAT ATG CAA TTT GAT GAA ATT AAG ATC AGT TTT TGT AAC AAG AAA ACC GGT CAA AGA ATC TCC TTC TAT GAG CTT CAA TTC ATT ATG GAG AAG TAT CCA TGC CGT TTC GAT GGC TGC CTC GGT CAC GTG ACT AAA GGT CAG ACT AAT ACT CAT AAG GAG AGA GAC GTG AGC AAT GGA GAT TTC GAA TCT CGT AAC ACT AAT AAA CTG TAT CTA AAA GAT GTG TTG ACA CGT TTA CTT GAG AGA AAA GAA AAA GAT CAC AAC AGA TGG CTG ATT AGA TTC AAG ATG GCT AGA GAA GGC ATC GAA CTC ATC AAG GAT GAT AGT ACT GAT CGT ATT TTA ACA AAG CAG TTG CTG GAT ATT CGT GAC AGA AAG TCC CCT GTG ACT GAA ACC GCA AAG AAG TAC GGT TCC TCT TGT ATG CGA GAG ATC CAA TCC CTA AGA GCC CAG TTT ATT ATA AGT CAT GCG TTG AGA TTA TTT ATG CAC CAT GTC ATT TTG GCT ACC CTC TCC AGT TTC AAG CAA TAT AAC AAG GGT GCG GCA AGT ATT CCA GAA TTT AAC GAA CAT ATT AGA CCC CAG GGA GTC GTA GGC TTT GTT CAA CAA CCA TTT AGA GAT CTA GAT AAG CAG TGG GAA ACT ACC ATG GAT AAG GAC GAG ACT AAG CAT ACC TAC CCA AAC CTG GAA AAG TGC AAC AGA AAG GCA GGT TCA GTT AGG TTG GAC GAG ATT GAA CAG TTC ACA TAC GAC 
Sbay                            AGA AAC TCT GAG CAA TGG AGG GAT AAG GTG GGC AGG TTA TCC TAC TTC TGT GTG CTG GTC ATG TTT TCC GAC CAG TAC TAT CTT AAA AGT GTG AAG CTA CGT AAC AGG TAT TAT GCG GTC GAC ACG GAG GAT AGT GAA TCG GAC TAT AAG GAC CAA AAT TCC AGT CAA GAG GAG TCC GCT CAA TTC GAC TCG GAA TTG TCT CGT CAG ACC GCT TAC GAA TCC TGC ATG GCT TCT GAA TTC CCT TCT AGC GAT AAA GTA CCA GCT GTG ATG GCT TTT CAA GAC TAC AGG GAA AGA AGT CGT GCT CCA TAT TTC GAG AGT AAG GTC GAG CAA ACC TGT GAG GAG TTA CAA CTA ATC TCC TTC AAC ATT GCA GGC GAT AAG AGA AAC CAC GAA GAG AAT AAC GAT ATC GAA CCA TAC AGA TAT AAG GCC TAT AGA GAC ACG TGT AAT ATG CAG TTT GAT GAA ATA AGG ATC AGT TTT TGT AAC AAG AAG ACC GGC CAA AGA ATC TCC TTC TAT GAG CTT CAA TTC ATC ATG GAG AGG TAT CCT TGC CGT TTC GAT GGC TGT CTT GGC CAT GTG ACC AAG GGT CAG ACC AAC ACC CAT AGG GAG AGA GAC GTA AGC AAC GGG GAT TTC GAA TCT CGT AAC ACC AAT AAG CTG TAT CTA AAA GAT GTG TTG ACG CGT TTG CTT GAG AGA AAG GAA GAA GAT CAC AAC AGA TGG CTA ATC AAA TTC AAG ATG GCT AGA GAA GGC ATC GAG CTT ATC AGG GAC GAC AGT ACT GAT CGT ATA TTG ACG AAG CAG TTG TTA GAT ATC CGT GAT AAG AAA TCC CCT GTG ACC GAG ACC GCG AAG AAG TAC GGC TCC TCT TGT ATG AGA GAG ATC CAA TCC CTG AGG GCT CAG TTT ATC ATA AGT CAT GCC TTG AGA TTG TTT ATG CAT CAC GTC ATA TTA GCT ACT CTC TCC AGT TTC AAG CAA TAT AAC AAG GGT GCA GCA AGT ATA CCT GAA TTT AAC GAA CAC ATT AGA CCC CAG GGT GTC GTA GGC TTC GTC CAG CAA CCA TTT AGA GAC CTA GAT AAG CAA TGG GAA ACC TCC ATG GAT AAG GAT GAG ACT AAG CAC ACC TAC CCT AAC CTG GAA AAG TGT AAC AGA AAG GCA GGC TCG GTG AGG CTA GAC GAG ATC GAA CAG TTC ACT TAT GAC 
Smik                            AGA AAT TCT GAA CAA TGG AAG GAT AAG GTC GGA AAG TTA TCC TAT TTC TGT GTG TTA GTC ATG TTT TCC GAT CAG TAC TAT CTT AAA AGT GTT AAG CTC CGT AAT AGA TAT TAT GCG GTT GAT ACG GAA GAT AGT GAA TCT GAC TAT AAA GAT CAA AAT TCC AGC CAA GAA GAG TCC GCT CAG TTC GAC TCA GAA TTG TCT CGT AAG ACT GCA TAT GAA ACC TGC ATG GCT TCT GAA TTC CCC TCG AGC GAG AAG GTG CCA GCC GTG ATG GCC TTT CAG GAT TAT AAG GAA AGA AGT CGT GCC CCA TAT TTT GAA AGC AGG GTC GAG CAA ACC TGT GAG GAA TTA CAG CTA ATC ACC TTC AAT ATT GCA GGT GAT AGG AGG AAC CAT GAA GAG AAT AAC GAT ATC GAA CCA TAC AGG TAT AAG GCT TAT AGA GAC ACC TGT AAT ATG CAG TTT GAC GAA ATT AAG ATT AGT TTT TGT AAC AAG AAA ACT GGT CAG AGA ATT TCT TTC TAT GAG CTT CAG TTT ATC ATG GAG AAG TAT CCG TGC CGC TTT GAC GGC TGT CTC GGA CAC GTG ACC AAA GGT CAG ACC AAT ACT CAT AAG GAG AGG GAC GTG AGC AAC GGA GAC TTC GAA TCT CGT AAC ACT AAT AAA CTA TAT CTA AAA GAT GTC TTG ACA CGC TTG CTT GAG AGA AAG GAA AAA GAT CAC AAC AGG TGG CTG ATT AGG TTC AAG ATG GCC AGA GAA GGC ATC GAA CTT ATC AAG GAT GAT AGT ACT GAC CGT ATT TTA ACA AAG CAG TTG CTG GAT ATC CGT GAT AGG AAG TCC CCT GTG ACC GAA ACC GCG AAG AAG TAC GGT TCC TCT TGT ATG CGA GAG ATC CAA TCC TTA AGG GCC CAA TTT ATT ATA AGT CAT GCA TTG AGG TTG TTT ATG CAC CAT GTC ATT TTA GCA ACC CTG TCT AGC TTT AAG CAG TAT AAT AAG GGT GCG GCA AGT ATT CCC GAA TTT AAC GAA CAT ATT AGG CCC CAG GGT GTT GTT GGC TTC GTT CAA CAA CCA TTT AGG GAT CTA GAT AAG CAG TGG GAA ACC ACC ATG GAC AAG GAT GAG ACT AAG CAT ACC TAC CCG AAT CTG GAA AAG TGT AAC AGA AAG GCA GGT TCA GTT AGG TTG GAC GAA ATT GAA CAA TTC ACA TAT GAC 
Spar                            AGA AAT TCT GAA CAA TGG AAG GAC CAT GTC GGT AAG TTA TCC TAT TTC TGC GTG TTA GCA CTA TTT TCC CAG CAG TAC TAT CTC AAA AGA GTG CAT CTG CGT AAT AGA TAT TAT GCA GTA GAT ACG GAA GAC AGA GAA TCA GAC TAT AAG GAT CAA AAT GAA CAT CAA AAG GAG TCC GCT CAG ATG GAT TAC GAA TAT GGT CGT GGT GAC GCC TAC GAA GCG TGC ATG GCT GGT GAA TTC CCA TCT AGT GAC AAG GTA CCG GCC AAT ATG GCT TTT CAA CAG TAC GAG GAA AGA AGT AGA GCT CCA TAT TTC GAA CAT GAA GCA GAG CAA ACC TGT GAG GAA TTA CAG CTA ATT GCG TTC AAC ATT GCG TTC GAC GAA AGA AAC CAT GAA GAG GAC AAC GAC ATC AAA CCG CAA AGA TAT AAG ATA TAT AGA GAC ACC TGT AAT ATG CAG TTC GAT GAA AAT GAG TAT AGT TTC TCC AAC CAT AAA ACC TTC CAG AGA TAT GCA TTC TAT AGA CTT CAG TTC ATT ATG AGT GAG TAT CCC TGC CGT TTC GAT GGC TGC CTT GGT GAT AAT ACC AAA GGT GAT ACC AAT GCT CAT GAG AGA AAA GAA GTA AGC AAC GGA GAT TTC GAA TCT CGT CGT GCT AAT AAA ACT TAT CTA AAA GAC AGG TAT ACA CGT TTA CTT AGA AGA AAG GAA AAA GAT CAC AAC AGA TGG CTG ATT AGG TTT CAT ATG GCT AGA GAA GGC ATT GAA CTC GTT AAG GAT CAG AGA ACT GAT AGA AAT TTA ACA AAA CAG ACA TTT GAT ATC CGT GAT GAA AAG GGT CCT GTG CTG CAC ACC GCA AAG CAT TAC TTC GGT GGT TCC ATG CGC GAG GTT CAA GAA TCA AGA GCC CAG TTC ATT ATA AGT CAT GCA TAT AGA TTA TTT ATG GAT CAT GTC AAT TTA GCC ACC AAT GCA CAT TTC AGT TTA TAT AAC TAC GGT GCG GCG AGT AAT CCA GAA TTT CGT GAA GAT ATT AGA CCC GAT GGA GTA GTG GGC TTC GTT CAA CAA CCA TTT AAA GAT CTA GAT AAG CAG TGG GAA CTG GCG ATG GAT TAC GAC GAG ACT TAC CAT ACC CAA CCC AAC CTG GAA TAC TGC AAC AGA GAT GCG TTC TAC GTT GAT TTG GAT AAG ATT GAA CAG TTC ACA TAT GAC 
Ncas                            AGA AAC ACC GAA CAA TGG AAG GAT AAA GTC GGA AAG TTG TCA TAC TTT TGT ATC CTT GTA ATG TTT TCA GAT CAA TAT TAC CTA AAA AGT GTA AAA ATA CGT AAC CGC TAT TAT GCA GAA GAT ACT GAA GAT AGT GAG TCA GAT TAT AAG GAG CAA AAC TCT ACG CAA GAA GAA TCA GCT CAA TTT GAT TCC GAA CTA TCA CGT AAA ACA GCT TAC GAA ACA TGT ATG GCT TCA GAA TTT CCA TCG AGT AAC AAA GTC CCA GCT GTA ATG GAG CTA CGA GAT TAT AAG GAA CGT AAT CGT GAG CCA TAT TTT GAA ACG AGA GTA GAA CAA ACT TGT GAA GAA TTA CAA CTA ATC ACA TTT AAT ATC GCA GGT GAT AGA AGA AAT CAT GAG GAA AAT AAT GAT ATC GAG CCA TAT AGA TAT AGA GCT TAT AGA GAA ACA TGT GAA ATG AAC TTT GAT GAA ATT AAG ATT AAT TTT TGT AAC AAA AGA ACA GGT CAA AGA ATT TCT TTC TAT GAA TTA CAA TTT ATC ATG GAA AAG TAC CCA TGT CGT TTT GAT GGT TGT TTA GGT CAT GTA ACT AGA GGT CAA ACT AAC ACT CAT AAG GAA AGA GAT GTC AGT AAT GAA GAT TTC GAA ACC CGT AAT ACT GAA AGA CTA TAT CTG AAA GAT GTG CTA ACT CGT TTA CTA GAA CGT AAA GAG AAG GAT CAC AAC AGA TGG TTA GTC CAT TTC AAA TTA GAG CGT GAA GGT ATC GAA CTA ATC AAG GAG GAT AGT ACT GAT AGA ATT TTA ACT AAG CAA TTA TTG GAT ATC AGA GAC AGA AAA ACG CCT GTG ACT GAA AAT GCA AGA AAA TAT GGT ACG TCA TGT ATG ATA GAA ATC AAG TCT CTT AGG GCT TCC TTT GTC ATC AAT TAC TCG CTA AGA TTA TTT TTA CAT CAT GTT ATT TTG GCT ACT TTA TCT ACG TTT AAG CAA TAT AAT AAT GGT CAA GCT AAT ATT CCA GAG TTT AAT GAG CAT ATC AGA CCC CAA GGG GAA GTT GGT TTT GTC GAC CAA CCA TTT AGA GAT CTA GAC AAA CAA TGG GAG ACT ACA ATG GAT AAT GAT GAA ACT AAT CAT ACT TAT CCA AAT TTA GAG AAT TGT AAC AGG AAA GCT GGT TCC ATC AGA TTG GAT GAA GTA GAG TCC TTC ACT TAT GAT 
Cgla                            AGA GAT GGC GAG CAA TGG AAA GAC AAG GTC GGC AAA TTG TCC TAC TTT TGT GTT CTT GTC ATG TTT TCC GAT CAG TAC TTC TTG AAT AGT GTG AAG ATG CGT GAT AGA TAC TAC GCA AAG GAT ACC GAG GAC AGT GAG TCG GAT TAC AAG GAG CAG AAC TCA AGC CAG GAA GAG TCC GCG CAA TTT GAC TCC GAG CTA TCT CGT AAG ACT GCC TAC GAG ACT TGC ATG GCC TCT GAG TTC CCA TCA AGC AAA AAG GTT CCA GCC GTT ATG GAA TTG CAC GAT TAT AAG GAG AGA AGC CGT GAA CCA TAT TTT GAA AGC AGA GTC GAG CAA ACG TGT GAG GAG CTT CAA CTG ATC ACT TTC AAC ATT GCT GGT GAC AGA AGA AAC CAC GAG GAG AAT AAT GAC GTG GAA CCA TAT AGA TAC AAG GCC TTC AGA GAC ACC TGT GAA ATG GCT TTC GAT GAG ATT AAG ATT AGC TTC TGT AAC AAG AAA ACC GGT CAA AGA ATT TCA TTT TAT GAA TTG CAA TTC ATT ATG GAA AAG TAT CCA TGC CGT TTT GAT GGG TGT CTA GGT AAT GTT GAG AAA GGT CAA GAG GAT ACA CAT AAG GAA AGA GAC GTT AGC AAT GGG GAT TTC GAG GGC CGT AAT ACA GAA AAA CTG TAC TTA AAT GAC GTG CTA ACA CGT TTA CTT GAA AGA AAA GAA AAG GAC CAC AAC AGA TGG TTG ATT TAC TTC AAG TTA GAA AGA GAG GGG ATC GAA TTG ATT AAA GAG GAT AGT ATT GAT CGT ATT ATG ACA AAA CAA CTA TTA GAC ATT AGA GAT AGA AAG TCA CCA GTC ACT GAA GCT GCA AAG AAG TAT GGT TCA TCT TGT ATG CGG GAG ATT CAG TCA CTT AGG GCC CAA TTC ATT ATT AGC TAC GCA CTA AGA TTA TTT TTA AAT CAT GTG ATT TTG GCC ACC CTG TCA AGC TTC AAG CAA TAC AAC AAT GGT AAT GCA AGC ATT CCA GAG TTT AAT GAA CAT ATT AGA CCA CAA GGT AAG GTC GGG TTC GTT GGT CAG CCA TTT AGA GAT CTG GAC AAA CAA TGG GAG ACT ACT ATG GAT AAT GAC GAG ATT AAT CAT ACG TAT CCA AAC TTG GAG AAT TGT AAC AAG AGG GCA GGT TCC ATC AGA TTG GAC GAA ATT GAG CAA TTT ACA TAC GAT 
Agos                            AAG AAC ATG GAG CAA TGG AAG GAC AAG GTA GGG AAG CTG ACC TAC TTT TGC ATG CTG GTT ACC TTT ACC GAC CAG TAC TTC TTG AAG TCC GTC AAG ATG CGC AAC CGG TAC CAC GCG GAG GAC ATG GAG GAC TCC GAG TCG GGC CAC AAG GAC CAG AAC TCC AGC CAG GAG GAG ACC GCG GCC TTC GAT TCG GAG CTG TCT CGG CGG ACC GCA TAC GAG ACC AGC ATG GCC TCT GAG TTC CCG TCC AGC GGG AAG GTC CCT GCG GTG ATG GAC TTT AAA GAC TAC AAG GAG AGA AGC CGT GAC CCG TAC TTC GCG AGC CGC GTT GAG CAA ACT TGC GAG GAG CTA GCC CTG ATC ACC TTC AAC ATG GCG GGA GAC CGC CGC AAC CAC GAG GAG CAC AAC GAC ATT GAG CCT TAC CGC CAC AAG GCG TAC AGA GCG ACG TGC GAG ATG CAC TTC GAC GAG ATC AAG ATC AGC TTC TGT AAC AAG CGG ACA GGA CAG AGA ATC TCC TTC TAC GAG CTG CAG TTC ATT ATG GAG AAG TAC CCA AGC CGT TTC GAC GGC TGC CTC GGC AAC GTG ACG CGG GGC CAG ACG AAC ACG CAT AAG GAG CGG GAA GTC AGC AAC TCC GAC TTC GAG ATG AGA AAC ACG GAG CGG TTG TAC CTA AAG GAC GTT CTG ACC CGT CTC CTG GAG AGA AAA GAG AAT GAT CAC AAC CGC TGG CTC GTC CGC TTC AAG ATG GAC AGA GAG GGC ATC GCG TTG ATC AAG GAC GAC TCC ATC GAC CGC ATC CTG ACC AAG CAC CTG CTG GAT GTT CGC GAC CGC AAG ACC CCT GTC ACA GAG TCG GCG AAG AAG TAT GGA ACC TCT TGT ATG CGC GAG ATC CAG TCC CTG CGG GCG CAG TTC GTC ATC AGC TAT GCG CTG CGG CTC TTT ATG AAC CAC GTG ATC CTG GCA ACC CTT TCC AGC TTC AAA CAG TAC AAC CGG GGC AAC GCG AGC ATC CCG GAG TTT AAC GAG CAC ATG CGC CCG CAG GGC GAG GTT GGC TTC GTG TCC CAG CCG TTT CGG GAC CTG GAC AAG GCC TGG GAG ACA ACC ATG GAC CGG GAC GAG ATC CGG CAC ACT TAC CCA AAC CTG GAG CGG TGC AAC CGT CAG GCG GGA TCG GTG CGG CTG GAT GAG ATG GAG CAG TTT ACG CAC GGC 
Klac                            AGG GAT TCA GAA CAA TGG AAA GAC AAG GTC GGA AAA CTA TCA TAC TTC TGT GAG CTA GTA ACA TTT TCA GAT CAG TAC TAC TTG AAG TCA GTG AAG ATG AGA GAT CGT TAC TAC GCC GAA GAC ACA GAA GAC TCA GAG TCG GAT TAC AAA GAG CAG AAT TCT ACA CAA GAA GAA TCA GCC CCT TTC GAT TCA GAA TTG TCT AGA AAA CTT GCA TAT GAA ACT ACT ATG GCA TCT GAA TTC CCA GCC AGC GAA AAG GTT CCC GCC GTC ATG GAG TTC AAG GAT TAT AAG GAA AGA AGC CGT GAG CCT TAC TTT GAG ACA AAA GTA GAA CAA ACG TGT GAA GAA CTA CCT TTA ATC ACT TTC AAT ATT GCT GGT GAC AAA CGT AAC CAT GAG GAA AAT AAC GAC ATC GAG CCC TAC CGT TAC AAT GCA TAT AGA ACC ACA TGT GAG ATG TAC TTC GAC GAA ATC AAG ATT AGC TTC TGT AAC AAG AGA ACA GGT CAA AGA ATT TCA TTT TAC GAA TTA CAA TTC ATC ATG GAG AAG TAC CCA ACT CGT TTT GAT GGA TGT TTG GGG CAT GTC ACC AGA GGT CAA ACC GAT ACT CAT AAG GAA AGG GAT GTT AGC AAC TCC GAT TTT GAA TCA CGT AAC ACT GAG AGA CTT TAC TTA AAG GAC ATC TTG ACT CGT TTA CTA GAA AGA AAG GAA AAG GAC CAT AAC CGT TGG CTT GTT CAT TTC AAG TTG GAG AGA GAA GGA ATC GAG TTG ATC AAA GAG GAT TCA ATT GAT AGA ATC TTG ACT AAG CAG TTA CTA GAC ATC AGA GAT AAA AAG TCA GCA GTT ACG GAG TCT GCC AAT AAG TAT GGT TCA TCT TGT ATG AGA GAA ATC AAA TCT TTA AAG GCC CAA TTC GTT ATT AGC CAT CAA TTG AGA TTA TTC TTG CAT CAT GTT ATC CTA GCA ACT CTT TCA ACA TTT AAA CAG TAC AAT AAT GGT AAT GCA AGC ATC CCA GAA TTT AAC GAA CAC ATT CGT CCA CAG GGT GAA ATT GGA TTC ATA TCC CAA CCT TTT AGG GAC TTA GAT AAA CCT TGG GAG ACG ACT CTA GAC AAT GAC GAA ATT AAT CAT ACG TAC CCA AAT TTG GAA AAT TGT AAC CGT AGG GCA GGT TCA ATC AGA CTA GAT GAA ATA GAG CAA TTT ACT TAC GAT 
Calb                            AAA AAT TCA GAA CAG TAT GGG GAT AAA GTA GGT GGG TTA TCA TAC TTC TGC ATT ATA GTT ACT TTT TCA GAT CAA GTT TTT TTA AAA AGT GAT AAA TTA CGT AAT CGA TAT TAT GGA GAA GAT ACA GAA GAT AGT GAA TCA GAT TAT AAA GAA CAA AAT AGT TCA CAA GAA GAG TCA GCC AAA TAT GAT TCG GAA TTA TCA AGA AAA ATT GCT TAT GAA ACT ATA CAA GCT TCA GAA TTT CCT AGT CCC AAA AAA GTG CCA GCT GTG ATG TCT TTT ATT GAT TAT AAA GAA AGA TCA AGA TCT CCT TAT TTT GGT TCA AGG GTT GAG CAA ACA TGT GAG GAA TTA AAA TTG ATC ACT TTT ACT ATG GCA GGA GAT AGG CGT AGT CAT GAA GAG AGT AAT GAT TTG GAA CCA TAT CGT TAT AAA GCA TTG AGA GAA ACA TGT GAT ATG AAT TTT GAC GAA ATT AAA ATT TCA TTT TGT AAT AAA AGA ACT GGA AAT AGA ATT AGT TTT TAT TTT TTA CAG TTT ATT ATG GAA AAA TAT CCT ATA AGA TTT GAT GGA TGC TTG GGG AGT GTG TCA AGA GGT CAA TCA AAT ACT CAT AAA TTT AGA GAT GTG ACA AAT AAT GAT TTT GAA TCA CGA AAT ACT GAT AGA TTA TAT TTA AAA GAT ATT TTA ACT AGA TTG TTA TTT AGA AAA GAA CAA GAT CAC AAT CGT TGG TTG ATC AGA TTC AAA TTG TCT AGA GAA GGA ATC GGT TTA ATT GGG GAA GAT AGT ATT GAT AGA ATT ATT ACT AAA CAT TTA TTA GAT ATT GGA TAT AGG AAA GAT CCA GTT ACT GAA CGA GGA AAA AAA TAT GGA GAT TCA TGT ATG CGA GAG ATT GAA AGT CTT CAA GCT AAT TTT ATC ATA TCA TAT TAC TTA AGA TTG TTT TTG AGT CAT GTT ATT TTA GCT ACA TTA AGT TCA TTT AAA CAA TAT ACT AAT GGT GAG GCA TCA ATT CCT GAA TTT AAT GAT GAA ATG CGT CCG CAA GGC GAA ATT GGA TTT GTT CAA TCA CCT TTT AGA GAT TTG GAT AAA AAA TGG GAA ACT ACT ATT GAC AAT GAT GAG ATT AAT CAT ACA TAT CCT ACT TTA GAA AAT TGC AAT GAG CGA GCA GGA TCG GTG CGT TTA GAT GAA GTG GAA AAT TTT ACT TAT GAT 



Printing out site pattern counts


         9        696  P

Scer                            AAA AAA AAA AAA AAC AAC AAC AAC AAG AAG AAG AAG AAG AAG AAG AAG AAG AAG AAG AAT AAT AAT AAT AAT ACA ACA ACC ACC ACC ACC ACC ACC ACG ACT ACT ACT ACT ACT AGA AGA AGA AGA AGA AGA AGA AGA AGA AGA AGC AGC AGG AGG AGT AGT AGT ATA ATC ATC ATC ATC ATG ATG ATG ATG ATG ATT ATT ATT ATT ATT ATT CAA CAA CAA CAA CAA CAA CAA CAA CAA CAA CAA CAC CAC CAG CAG CAG CAG CAG CAG CAG CAT CAT CAT CAT CAT CCA CCA CCA CCA CCC CCT CGA CGT CGT CGT CGT CGT CGT CGT CTA CTA CTA CTA CTC CTC CTC CTG CTG CTG CTG CTT CTT GAA GAA GAA GAA GAA GAA GAA GAA GAA GAA GAC GAC GAC GAC GAC GAC GAC GAG GAG GAG GAG GAT GAT GAT GAT GAT GAT GAT GAT GCA GCA GCC GCG GCG GCG GCT GCT GCT GCT GCT GGA GGA GGC GGG GGT GGT GGT GTA GTC GTC GTC GTG GTG GTG GTG GTG GTG GTT GTT GTT TAC TAC TAC TAC TAT TAT TAT TAT TAT TAT TAT TAT TCA TCC TCC TCC TCC TCG TCT TCT TCT TGC TGC TGG TGG TGT TGT TTA TTA TTA TTC TTC TTC TTC TTC TTC TTC TTC TTC TTG TTG TTG TTG TTG TTT TTT TTT TTT TTT 
Sbay                            ... ..G ..G G.. ... ... ... ... ..A ... ... ... ... ... ... ... ... .G. .G. ..C ..C ... ... ... ..G ..T ... ... ... ..G ..T T.. ... ..C ..C ..C ..C ... .A. .AG ... ... ... ... ... ... ..G ..G ... ... ..A ... ... ... ... ... ... ... ... ... ... ... ... ... ... ..A ..C ..C ..C ..C ... ... ... ... ... ... ... ... ... ... ..G ..G ... ..T ..A ..A ... ... ... ... ... ..C ..C ..C ... ... ... ... ..T ..T ... ... A.. ... ... ... ... ... ... ... ... ... ... ..G ... ..T ..T ..A ... ... T.A ... ... C.G ... ... ... ... ... ... ..G ..G ..G ... ... ... ... ..T ..T ..T ... ... ... ... ..C ..C ..C ... ... ... ... ... ... ..G ..T ..A ..A ..C ..C ... ... ... ... ..G ..T ... ..C ..C ..C ... ... ... ... ..G ..A ... ... ... ... ... ..C ..C ..G ... ... ... ..T ..C ..C ..C ... ... ... ... ... ..G ... ... ... ... ..T ..G ... ... ... ..T ... ... ... ... ... ..G ..G ... ... ... ... ... ... ... ... ... C.A C.. ..A ... ... ..C ... ... ... ... 
Smik                            ... ... ..G ... ... ... ... ..T ... ..A ... ... ... ... ... ... ... ... ... ..C ... ... ... ... ... ... ... ... ..T ... ... ... ... ..C ..C ... ... ... ..G ..G ... ... ... ..G ..G ..G ... ..G ... ... ..A ... ..C ... ... ... ... ... ... ..T ... ... ... ... ... ... ..C ..C ... ... ... ... ... ... ... ... ..G ..G ..G ..G ... ..G ... ... ..A ... ..A ... ... ... ... ... ... ... ... ... ... ... ..C ..G ... ... ... ..C ... ... ... ... ... ... ... ... ..C T.. ..G ... ..T ... ..A ... ... ... ... A.G ... ... ... ... ... ... ... ... ... ... ... ... ... ..G ..T ..T ..A ... ... ... ... ... ... ..C ..C ... ... ... ... ..G ... ..A ... ..A ... ..A ..C ... ... ... ..T ... ..A ..A ... ... ..T ... ..T ... ... ..C ... ... ... ..T ..C ... ... ... ... ..T ..T ..C ... ... ... ... ... ... ... ... ... ... ... ..T ... ... ... ... ... ..T ... ... ... ... ... ... ..G ... ... ... ... ... ... ..T ..T ..T ... ..A ..A ... ... ..C ... ... ... ... 
Spar                            ... ... ..G ... ... ... CGT ... ... ... ..A ... ... .GT C.T G.T T.C ... G.. ..C ... ... ... G.C ... ... ... ... ... ... ... G.G ... ..C CTG GAC G.. ... ..G GA. ... ... ... .A. ... ... ... ... ... ..T ..A GAT CA. ..A ... ... ... ..T G.T TAT ... ... ... ... C.A .A. ..C ... ... ... ... ... ... ... ... ... ... ..G ..G TT. ... ..G ... G.T ..A ... ... ... ... G.T G.T ... ... G.. ... ... ... ..G ... ..C ... ... ..C ... A.A A.A ... ... ... ... ... ... ..G TC. AAT ..T ... ... ACT ... T.T ... ... .GT A.. ... ... ... ... ... C.C ... ... ..A ... ... ..T ... ... ..T A.. AGA AGT ... C.G ... ... ... ... ..C ... ... ..G ... ... ... ... ..A ATA ..C ... ... ... ... ... ... ..T ... TTC ... ..G ... ..A ... ..A AG. AAT ... ... ... .CA ... ... C.A ... ... ..T ..C ..C ... ... ... ... ... ... .AC GAA GGT ... G.A ..T ..A GG. ... ... ... ... ... .CC ... ... ... ... A.G ... ... ... ... ..T ... ... ... ... ..A ..A ACA .AT ..C ..C ... ... ... 
Ncas                            ... .G. ... ..G ... ..T ..T ..T ..A ... ... ..A .GA ... ..A ..A ..T ... ... ... ..C ..C G.A ... ..T ..T .AT ..T ..A ..A ..T ..A ..T ... ... ..A ... ... CAT ... ... ..G C.T ... ... ... C.C ..G ..T ..T ..A ..A .CG ... .A. ..C ... ... ... ..T ... ... ... T.A ... ... ..C ..C G.A G.C ..C A.G ... ... ... ... .G. ... ... ... G.C A.C ... ..T ..A ..A TCC ..A ..A ..A ..A ... ... ... ... T.C ... ... ... ... ... ... AT. ... A.A ... A.A ... ... ... ... ..G A.. ..T T.A T.A ..A T.A ..A T.A T.. ..A T.A A.. ..G ... ..G ..G ..G ..G ... ... ... ..T ..A ..T ..T A.. ..T ... ..A ..A ..A ..A ... ..G ... ... ... ... ..C ... ..T ... ..T ..A CAA T.. ... ... .AG ... ... .A. ..G ..T ..A ... ... ... ..T ..T .AA ... ..C ... ..A A.C ... ..A ..A ..C A.C ..T ..T ... ..T ... ... ..C ..C ..C ... ... ... ..C ..T A.G ..A ..T ... ..A ..A A.C ..T ..T ... ... ... ... ... ... ... ..T ... ... ... ..T ... ..T ..T ..T ... C.T ... ..A C.A ... ... C.A ... ... 
Cgla                            ..T ... ... ..G ... ... ..T ... ... ... ..A ..A ... ... ... .G. ..T ..A ... ... G.. ..C G.A ... ... ... G.T ..G ... ... ... ..T ..C GAG ... ... ..A .T. TAC ... ... .AG ... ... ... ... ... ..G ... ... ..A ..A ..C ... ..C ..T G.G ... ..T ..T ... ... ... T.A ... ... ... ... ... ... ... ..G ... ... ..G ..G ..C ... ... ... GGT GCT ... A.T ... ..A ..A ..A ... ..A ..A ..C ... ... ... T.C ... ... ... ... ..A ..A ..G ... ... ... A.A ... ... ... ..G T.. A.G ..T ..G ..A T.G T.. ... T.. T.A ... T.G A.G ... ..G ... ... ..G ..G ... ... ..G ... ... ..T ... A.A ... ..T ..A ..A ..A ... ... ..G ... ... ... ..C ..C ..C ... ... ... ..T AAT ..A ..C ..C .AA ..C ..G ..G ..T ..G ..C ... ... ... ..C ..G AAG ... ..T ... ..T ..T ..C ... ..C ... A.C ..T ..T ... ... ..C ... ..C ... .TC ..C ... .TC ..C ..A ..A ... ..A ..A ..G ... GGC ... ..T ... ... ... ... C.T A.G ... ..T ... ..T ..T ..T ... ... ... ..T ... C.T ... C.A C.A ..C ..C ..G ... ... 
Agos                            ..G CGG ... ..T ... ... ... ... ... ... ... ... ... ..A ... C.. CG. ... ... ..C ..C ..C G.G C.C ..C ..G T.G ..T ..A ..G ... ... .T. ..G ..A ..C ..G .TC C.C C.C ... C.T ... C.G C.C C.G C.G C.G ... ... .A. C.. ..C TCC ..C ..C ..T ... ... ... ... ... ... ... .CC ..C G.. ... ..G G.C ..G ..G ... ... ..G ..G A.. ..G ..G ..G TCC ..C ... A.. ... GCC ... ..C ... ... ... ..C ..C ..C ... T.. ..G ..T ..G ... ..G ... ..C ... ..C ... ..C A.A ..C ..G ..G ... A.G ..G ..T ... T.G ..C T.. ... ... ..G ..G CGG ..G ..G ..G ..G ..G ..G ..G .CG ..G ..A .CG .G. ..T .GG ... ... ... ... ... ... ..C ..C ..C ..C ..C ..C ..C ... ..G ..G ..G ... AAC ... ..G ..A .AC ..C ..G TCC ..C ... ... ..C ..A ..C ..T ..G .AG ..A ..C ..T ... A.. ..C ..C ... ..G ..G ... ..T ... C.. ..C ..C ..C ..C .TC ..C ..C ..C ..G ... A.. A.. ... ..C ..G ... ATG A.. ... ... ... ... ..C C.. C.G C.C ... ... ... ..T ..T ... ... ... ... C.. C.. C.. C.. C.. ..C ..C ... ... ... 
Klac                            ..G .G. ..G ..G ... ... ... ..T ... ..A ... ..A ..T ..A ... .G. ..T ..A ... ..C G.. ... G.G ... ..T ..T T.T ..G ..A ..A ..T ..T ..A ..C ..G CT. ... .T. CAT .A. ... C.T ... ..G C.T ... C.T .AG ... ... ... ..A .CA TCA ..C ..T ... ... ... ..T ... ... C.A T.. .CA ..C ..C ..C ..A G.. ... A.. ... ... ... ... A.G ... ... ..G TCC T.C ..T ..T ... .CT ..A ... ... ..A ... ... ... ..C ... ... ..T ..C ... ... ..A G.A A.. ... A.A ... A.A ... A.A A.A T.. T.. A.G T.. ..T T.G T.G ..T ..T T.. ..A ..A T.A A.. ..G ... ... ... ... ..G ..G ..G ... ..T AC. ..T ..T ..A ... ..T ..A ..A ... ..A ... ..G ..C ..C ... ..C ... ..C ... ..C ... ..T AAT CAA ..A ..A .AG ..A ..C TCC ..T ..A ..A ..G ... ... A.T ..T .AA ... ..T A.C ..C .A. ..T ... ..A A.A A.C ... ..T ..T ... ..C ... ..C ..C ..C ..C ..C ... ... ..T ..A ..A ..A G.C ..G ... ..A ACT ..T ... ... ... ... C.. ..G ... ... ..T ..T ..T ... ... ... ..T ..T C.A C.A C.A ..A ... ..C ..C ..C ..C ... 
Calb                            ... .G. ... C.. ..T .GT ..T .CT ..A ..A ..A ..A ..A ..A ..A CGA ..T GG. ..A ... ... ... G.. .G. ..T ..T CGA ..A ..T ..A ..A ..T ..A T.A ... .T. ... .T. ... ..G ... GAG ... ... C.T ... C.. CA. .CA CC. .AA C.T TCA ... TCA ... T.G ... ..T ..T ... CAA ..T T.. .CT ... ... ... G.G ..C ..G G.. ... ..G ... TC. ATT A.T ..G ... ... A.T ... AGT ..A A.A A.T ..T ..A ..A ..A ... ... G.A ... T.. ..T ... ..T ..T ..G ..A ... A.A A.A A.A G.A ..A ... A.A T.G T.. T.. ..T T.A T.G T.A T.. T.A T.A T.A T.A T.A A.. ... ... ... ..T ... ... ... .GT ... ..T ..A ..T ..T A.A ..T T.T ..A TTT ..A ... ... ..A ... ..C ... ... ... ... ... .G. ..T ..A .A. TAC ..A ... T.. ... ..C AAT ..C ..A ..T ..G ..A ... A.T ..T .AA ..A ... A.T ... A.T ..T .AT ... ... ..G ..T ..T ..T ..T GT. ... ..C ... .T. ... ... .TG ..G AGT GAT ..A AGT AGT ..A ..A ..A ATA ... .AT ... ... ... ... A.T ..G .AT ..T ..T ..T ... ... ..T ..T ..T ..A A.A ..A ..A ..A ... ... ... ... ... 

    2    3    1    1    3    1    2    3    2    1    1    1    2    1    5
    1    4    3    4    2    3    1    2    1    2    1    1    2    1    1
    1    3    1    2    2    1    2    2    1    3    2    1    3    2    4
    1    1    1    1    1    1    1    3    3    4    1    1    2    2    2
    4    1    1    2    1    4    1    1    1    2    2    1    1    1    1
    1    1    1    1    1    1    1    1    2    1    3    2    1    1    1
    1    1    2    1    1    1    2    2    2    2    1    1    1    2    1
    1    1    1    1    1    2    1    1    1    1    1    2    1    1    1
    1    1    1    1    1    7    1    1    2    4    1    2    3    1    1
    2    2    1    4    1    2    3    1    6    3    2    2    2    3    2
    1    2    2    2    2    1    1    1    1    2    3    1    1    1    1
    3    1    1    4    2    1    1    2    1    2    1    2    1    1    1
    2    1    1    2    1    1    4    1    1    1    1    1    3    2    1
    2    2    2    3    2    1    1    3    2    2    3    1    2    2    2
    1    1    2    1    1    1    1    1    1    1    1    2    1    1    2
    1    3    3    3    1    1    3

CODONML (in paml version 4.9j, February 2020)  temp.nuc
Model: One dN/dS ratio, 
Codon frequency model: Fequal
ns =   9  ls = 390

Codon usage in sequences
--------------------------------------------------------------------------------------------------------------------------------------
Phe TTT  11   8  12   7  16  10 | Ser TCT   6   6   8   3   4   3 | Tyr TAT  11  12  15  18  15   7 | Cys TGT   4   7   7   2   9   7
    TTC  10  13   9  18   4  12 |     TCC   9  12   7   5   4   5 |     TAC   8   7   4  10   5  12 |     TGC   5   2   2   5   0   2
Leu TTA   4   4   6   8  12   6 |     TCA   2   0   2   2   7   7 | *** TAA   0   0   0   0   0   0 | *** TGA   0   0   0   0   0   0
    TTG   8   7   7   1   4   9 |     TCG   1   3   1   0   2   1 |     TAG   0   0   0   0   0   0 | Trp TGG   3   3   3   3   3   3
--------------------------------------------------------------------------------------------------------------------------------------
Leu CTT   2   5   4   3   2   4 | Pro CCT   1   5   1   1   1   0 | His CAT   6   4   6  13   8   4 | Arg CGT   8   8   6   8   9   7
    CTC   4   1   2   2   0   0 |     CCC   1   1   3   3   1   0 |     CAC   3   5   3   2   1   3 |     CGC   0   0   2   1   1   0
    CTA   5   6   4   4  10   5 |     CCA   8   4   4   4   8  10 | Gln CAA  11  13   9  10  16  13 |     CGA   1   0   1   0   1   0
    CTG   4   4   4   5   1   4 |     CCG   0   0   2   2   0   0 |     CAG  10   9  12  13   0   5 |     CGG   0   0   0   0   0   1
--------------------------------------------------------------------------------------------------------------------------------------
Ile ATT  11   2  11   8   6  18 | Thr ACT   9   4   6   3  15   6 | Asn AAT   9   4  10  13  18  14 | Ser AGT  10  10   7   7   5   3
    ATC   7  12   7   2  12   3 |     ACC   9  11  12   8   2   4 |     AAC   9  14   8   9   9   8 |     AGC   2   2   5   1   0   9
    ATA   1   5   1   2   2   0 |     ACA   3   0   3   4   6   5 | Lys AAA   7   5   7  10  13  10 | Arg AGA  19  15   8  22  21  19
Met ATG   9   9   9   9   7   9 |     ACG   1   4   1   1   5   2 |     AAG  25  23  26  12  12  20 |     AGG   2  10  13   2   2   2
--------------------------------------------------------------------------------------------------------------------------------------
Val GTT   4   0   6   4   2   6 | Ala GCT   8   9   3   7   9   3 | Asp GAT  17  16  17  22  23  16 | Gly GGT   7   3   7  10  10   9
    GTC   4   6   5   2   6   5 |     GCC   2   2   5   4   0   6 |     GAC  12  13  11  12   3  13 |     GGC   3   9   3   3   0   3
    GTA   1   3   0   4   6   0 |     GCA   4   4   6   7   3   5 | Glu GAA  23  17  24  26  31  17 |     GGA   2   0   3   2   1   0
    GTG   8   8   6   4   2   4 |     GCG   3   2   3   7   0   1 |     GAG  12  18  11  10  14  26 |     GGG   1   1   0   0   1   4
--------------------------------------------------------------------------------------------------------------------------------------

--------------------------------------------------------------------------------------
Phe TTT   7   9  22 | Ser TCT   3   6   3 | Tyr TAT   2   4  19 | Cys TGT   2   7   4
    TTC  15  12   2 |     TCC  10   2   0 |     TAC  13  16   2 |     TGC   5   0   3
Leu TTA   0   8  18 |     TCA   0  14  19 | *** TAA   0   0   0 | *** TGA   0   0   0
    TTG   3  10  10 |     TCG   4   1   2 |     TAG   0   0   0 | Trp TGG   3   3   2
--------------------------------------------------------------------------------------
Leu CTT   1   4   1 | Pro CCT   3   5   6 | His CAT   1   9   5 | Arg CGT   4  10   6
    CTC   4   0   0 |     CCC   0   2   1 |     CAC  12   1   1 |     CGC  12   0   0
    CTA   2   8   0 |     CCA   2   5   3 | Gln CAA   2  10  11 |     CGA   0   0   5
    CTG  16   0   0 |     CCG   5   0   1 |     CAG  13   5   2 |     CGG  15   0   0
--------------------------------------------------------------------------------------
Ile ATT   2   8  19 | Thr ACT   2  11  15 | Asn AAT   1  12  20 | Ser AGT   0   0  12
    ATC  13  13   4 |     ACC  13   3   0 |     AAC  18   8   0 |     AGC  11   6   0
    ATA   0   2   4 |     ACA   3   7   6 | Lys AAA   3  11  26 | Arg AGA   6  15  17
Met ATG  16   6   6 |     ACG   6   4   0 |     AAG  22  18   0 |     AGG   0   4   3
--------------------------------------------------------------------------------------
Val GTT   5   6   6 | Ala GCT   0   1   5 | Asp GAT   4  16  28 | Gly GGT   0   7   5
    GTC   6   3   0 |     GCC   4   6   1 |     GAC  23  12   2 |     GGC   9   0   1
    GTA   1   2   1 |     GCA   2   7   4 | Glu GAA   1  28  29 |     GGA   4   4  10
    GTG   5   1   6 |     GCG  13   0   0 |     GAG  36  17   8 |     GGG   2   1   4
--------------------------------------------------------------------------------------

Codon position x base (3x4) table for each sequence.

#1: Scer           
position  1:    T:0.21026    C:0.16410    A:0.34103    G:0.28462
position  2:    T:0.23846    C:0.17179    A:0.41795    G:0.17179
position  3:    T:0.31795    C:0.22564    A:0.23333    G:0.22308
Average         T:0.25556    C:0.18718    A:0.33077    G:0.22650

#2: Sbay           
position  1:    T:0.21538    C:0.16667    A:0.33333    G:0.28462
position  2:    T:0.23846    C:0.17179    A:0.41026    G:0.17949
position  3:    T:0.26410    C:0.28205    A:0.19487    G:0.25897
Average         T:0.23932    C:0.20684    A:0.31282    G:0.24103

#3: Smik           
position  1:    T:0.21282    C:0.16154    A:0.34359    G:0.28205
position  2:    T:0.23846    C:0.17179    A:0.41795    G:0.17179
position  3:    T:0.32308    C:0.22564    A:0.20000    G:0.25128
Average         T:0.25812    C:0.18632    A:0.32051    G:0.23504

#4: Spar           
position  1:    T:0.21026    C:0.18205    A:0.28974    G:0.31795
position  2:    T:0.21282    C:0.15641    A:0.46154    G:0.16923
position  3:    T:0.33077    C:0.22308    A:0.26923    G:0.17692
Average         T:0.25128    C:0.18718    A:0.34017    G:0.22137

#5: Ncas           
position  1:    T:0.21795    C:0.15128    A:0.34615    G:0.28462
position  2:    T:0.23590    C:0.17179    A:0.43077    G:0.16154
position  3:    T:0.38974    C:0.12308    A:0.35128    G:0.13590
Average         T:0.28120    C:0.14872    A:0.37607    G:0.19402

#6: Cgla           
position  1:    T:0.21538    C:0.14359    A:0.33846    G:0.30256
position  2:    T:0.24359    C:0.14872    A:0.43077    G:0.17692
position  3:    T:0.30000    C:0.21795    A:0.24872    G:0.23333
Average         T:0.25299    C:0.17009    A:0.33932    G:0.23761

#7: Agos           
position  1:    T:0.17179    C:0.23590    A:0.29744    G:0.29487
position  2:    T:0.24615    C:0.17949    A:0.38718    G:0.18718
position  3:    T:0.09487    C:0.43077    A:0.06667    G:0.40769
Average         T:0.17094    C:0.28205    A:0.25043    G:0.29658

#8: Klac           
position  1:    T:0.23590    C:0.15128    A:0.32821    G:0.28462
position  2:    T:0.23590    C:0.18974    A:0.42821    G:0.14615
position  3:    T:0.29487    C:0.21538    A:0.31026    G:0.17949
Average         T:0.25556    C:0.18547    A:0.35556    G:0.20342

#9: Calb           
position  1:    T:0.27179    C:0.10769    A:0.33846    G:0.28205
position  2:    T:0.25385    C:0.16923    A:0.39231    G:0.18462
position  3:    T:0.45128    C:0.04359    A:0.39231    G:0.11282
Average         T:0.32564    C:0.10684    A:0.37436    G:0.19316

Sums of codon usage counts
------------------------------------------------------------------------------
Phe F TTT     102 | Ser S TCT      42 | Tyr Y TAT     103 | Cys C TGT      49
      TTC      95 |       TCC      54 |       TAC      77 |       TGC      24
Leu L TTA      66 |       TCA      53 | *** * TAA       0 | *** * TGA       0
      TTG      59 |       TCG      15 |       TAG       0 | Trp W TGG      26
------------------------------------------------------------------------------
Leu L CTT      26 | Pro P CCT      23 | His H CAT      56 | Arg R CGT      66
      CTC      13 |       CCC      12 |       CAC      31 |       CGC      16
      CTA      44 |       CCA      48 | Gln Q CAA      95 |       CGA       8
      CTG      38 |       CCG      10 |       CAG      69 |       CGG      16
------------------------------------------------------------------------------
Ile I ATT      85 | Thr T ACT      71 | Asn N AAT     101 | Ser S AGT      54
      ATC      73 |       ACC      62 |       AAC      83 |       AGC      36
      ATA      17 |       ACA      37 | Lys K AAA      92 | Arg R AGA     142
Met M ATG      80 |       ACG      24 |       AAG     158 |       AGG      38
------------------------------------------------------------------------------
Val V GTT      39 | Ala A GCT      45 | Asp D GAT     159 | Gly G GGT      58
      GTC      37 |       GCC      30 |       GAC     101 |       GGC      31
      GTA      18 |       GCA      42 | Glu E GAA     196 |       GGA      26
      GTG      44 |       GCG      29 |       GAG     152 |       GGG      14
------------------------------------------------------------------------------


Codon position x base (3x4) table, overall

position  1:    T:0.21795    C:0.16268    A:0.32849    G:0.29088
position  2:    T:0.23818    C:0.17009    A:0.41966    G:0.17208
position  3:    T:0.30741    C:0.22080    A:0.25185    G:0.21994
Average         T:0.25451    C:0.18452    A:0.33333    G:0.22764

Codon frequencies under model, for use in evolver (TTT TTC TTA TTG ... GGG):
  0.01639344  0.01639344  0.01639344  0.01639344
  0.01639344  0.01639344  0.01639344  0.01639344
  0.01639344  0.01639344  0.00000000  0.00000000
  0.01639344  0.01639344  0.00000000  0.01639344
  0.01639344  0.01639344  0.01639344  0.01639344
  0.01639344  0.01639344  0.01639344  0.01639344
  0.01639344  0.01639344  0.01639344  0.01639344
  0.01639344  0.01639344  0.01639344  0.01639344
  0.01639344  0.01639344  0.01639344  0.01639344
  0.01639344  0.01639344  0.01639344  0.01639344
  0.01639344  0.01639344  0.01639344  0.01639344
  0.01639344  0.01639344  0.01639344  0.01639344
  0.01639344  0.01639344  0.01639344  0.01639344
  0.01639344  0.01639344  0.01639344  0.01639344
  0.01639344  0.01639344  0.01639344  0.01639344
  0.01639344  0.01639344  0.01639344  0.01639344


TREE #  1:  (((((1, 4), (3, 2)), 5), 6), ((7, 8), 9));   MP score: 1297
This is a rooted tree.  Please check!
lnL(ntime: 16  np: 18):  -6844.180372      +0.000000
  10..11   11..12   12..13   13..14   14..1    14..4    13..15   15..3    15..2    12..5    11..6    10..16   16..17   17..7    17..8    16..9  
 0.107875 0.152474 0.733799 0.036283 0.000004 3.069857 0.123172 0.224392 0.412548 0.860785 0.558298 0.069486 0.438402 1.665054 0.725956 3.185683 1.902568 0.047723

Note: Branch length is defined as number of nucleotide substitutions per codon (not per neucleotide site).

tree length = 12.364068

(((((1: 0.000004, 4: 3.069857): 0.036283, (3: 0.224392, 2: 0.412548): 0.123172): 0.733799, 5: 0.860785): 0.152474, 6: 0.558298): 0.107875, ((7: 1.665054, 8: 0.725956): 0.438402, 9: 3.185683): 0.069486);

(((((Scer: 0.000004, Spar: 3.069857): 0.036283, (Smik: 0.224392, Sbay: 0.412548): 0.123172): 0.733799, Ncas: 0.860785): 0.152474, Cgla: 0.558298): 0.107875, ((Agos: 1.665054, Klac: 0.725956): 0.438402, Calb: 3.185683): 0.069486);

Detailed output identifying parameters

kappa (ts/tv) =  1.90257

omega (dN/dS) =  0.04772

dN & dS for each branch

 branch          t       N       S   dN/dS      dN      dS  N*dN  S*dS

  10..11     0.108   846.3   323.7  0.0477  0.0055  0.1156   4.7  37.4
  11..12     0.152   846.3   323.7  0.0477  0.0078  0.1633   6.6  52.9
  12..13     0.734   846.3   323.7  0.0477  0.0375  0.7861  31.7 254.4
  13..14     0.036   846.3   323.7  0.0477  0.0019  0.0389   1.6  12.6
  14..1      0.000   846.3   323.7  0.0477  0.0000  0.0000   0.0   0.0
  14..4      3.070   846.3   323.7  0.0477  0.1569  3.2886 132.8 1064.4
  13..15     0.123   846.3   323.7  0.0477  0.0063  0.1319   5.3  42.7
  15..3      0.224   846.3   323.7  0.0477  0.0115  0.2404   9.7  77.8
  15..2      0.413   846.3   323.7  0.0477  0.0211  0.4419  17.8 143.0
  12..5      0.861   846.3   323.7  0.0477  0.0440  0.9221  37.2 298.5
  11..6      0.558   846.3   323.7  0.0477  0.0285  0.5981  24.2 193.6
  10..16     0.069   846.3   323.7  0.0477  0.0036  0.0744   3.0  24.1
  16..17     0.438   846.3   323.7  0.0477  0.0224  0.4696  19.0 152.0
  17..7      1.665   846.3   323.7  0.0477  0.0851  1.7837  72.0 577.3
  17..8      0.726   846.3   323.7  0.0477  0.0371  0.7777  31.4 251.7
  16..9      3.186   846.3   323.7  0.0477  0.1629  3.4126 137.8 1104.6

tree length for dN:       0.6321
tree length for dS:      13.2449


Time used:  0:27
