      9   1173

Scer                            GGT GGA GAA GCT GAC TGC GAT TCC GAA AAC AAG GAA TAT TCA CAA CGA GAA TTT GTC GGC AAT TCA GGC TTA ACC CTT GTT AAA GAC TTA TTA ATG AAT TTT CCA CTG ACA GCA AGA AGT GCA CGT GAA AAG CAA AAG GAA GCT GGT GCG TTT AGA GAC TCT ATG TCC TTA AAA ACG GGT GAT TTA GAT ACA GAC GGT CCA TAC ATA CAA TTC GGT CCC TCG GTA AAT CGT ACG TAT ACA TTT GAA GGA AAG AAT ATC AGA ATT AAC TGT TTC GAA GAC ACG TTA GAG AGA GAA GAT GAT GAA AGA CTC GTT AAA TTG CCC ATA TAT GTC ATT GAG AAA GGC ATC GAC GAC GAA TTT CTT GAT GGC CTA GCT AAT TTA TCT CAA CCA GAT TTA GAA TCT TCT GGT GAA GAC TTC GTA ATG CCA TAT GAA GTT CAA ATA AAA CAG CAA CAA GAG AAA TAC GCA GTG AGA ATC GAA AGG GTA AAA AGC TGT CAC GAT CAC CCT GAT CCT AAG CAC GAT TCG ATG TAC GAT GAA TTT AGT GAA AAA GAA GAA GGT AGT AAT CAA TTT GTT CTC TAT ATG TGC CAA TCG GCA CAA CAA ACT AAG GGT CAA AAC GGT AAC TTA CCC TCT AAC GGT AAG TTC TTT GTC AAA GAA CTT CTT ATA AAT AAA GAC GTC GAT TTA GGG TAT GTA TCA GAG CCC AAG GGT GAC GTT ATC GAC TTT GAA GAA CAA TTC GTT CAA CAA CTT GTC GAA CAA TGC AGT TTT GAG CTA TCT TTT AAA ATA TGC GAA AAG CAA GAC GAT CTT GGT ATC GGT GGC ACT CAG CCA CTG ACT GGT CGT GAA TTA CAC TCT TTT ATA CAA TTT GTA GAA CTG CTG GGT GTT TTA CAA ATG GAT ATC TTC AAA CTA GAA TGC TCT GGG GGT GAC ATA CAG AAT TAT ACA CAA TAT AAA GAA ACA TAT GAG CGG ATA AAA TTA ATA TTA GAC GAA GAT AAG TCT CTA CTT TGC CAA TCA CAA GAA CGT TCA TCA GCA GTA TAT TCT TAC TTG GGT GGT CCT ATG GAA CCA GGT GTA CGT CCA CGT AAG CTT CAG AAA AAA ATA TTA CAC ATG GCA TTT GGT CTT TCT GCC AAA TCC CTT AAA ATT GTC CCC GAA TAC AGG GAC TTT TTA CTA CAG GGT CTG CAC AAG TGC GGC TCT 
Sbay                            GGT GGT GAA GCT GAC TGC GAT TCA GAA AAC AAG GAA TAT TCT CAA CGA GAG TTC GTC GGG AAT TCT GGT CTG ACC GTT GTC AAG GAC CTA TTA CTG AAT TTC CCA TTA ACT GCA AGA AGT GGA CGT GAA AGA CAG AGA GAA GCT GGC GCG TTT AGA GAC TCC ATG TCT CTG AAA ACA GGT GAT CTG GAT ACT GAT GGT CCT TAT ATA CAA TTC GGG CCT TCG GTC AAT CGT ACG TAC ACG TTT GAA GGT AGA AAT ATT AAA ATC AAT TGC TTC GAG GAC ACG TTA GAA AGA GAA GAT GAC GAA AGA CTA GTC AAA TTG CCT ATA TAC GTC ATT GAG AAG GGG ATT GAC GAT GAG TTT CTT GAT GGT CTG GCT AAC TTA TCT CAG CCT GAT CTA GAG TCT TCT GGT GAA GAT TTT GTG CTG CCA TAT AAG GTG CAA ATA AAG CAA CAG CAA GAG AAA TAC GGA GTG CGA GTC GAA AGA GTA AAA AAC TGT CAC GAT CAC CCT GAC CCT AAG CAC GAT TCG ATG TAC GAT GAG TTT GGT GAA AAG GAA GAG GGC GGT AAT CAG TTC GTT CTA TAT ATT TGT CAA TCT GCC CAG CAG ACC AGA GGT CAA AAT GGT AAC TTA CCT TCT AAT GGT AAA TTC TTT GTC AAA GAA CTA TTG ATA AAT AAA GAT GTC GAT CTA GGG TAT GTA TCT GAG CCT AAA GGT GAC GTC ATC GAC TTC GAG GAA CAA TTT GTT CAA CAG GTT GTC GAG CAA TGT GGT TTC GAG CTA TCC TTT AAA ATA TGC GAA AAG CAA GAT GAT CTT GGT ATT GGC GGC ACA CAA CCT TTG ACC GGT CGT GAA TTA CAC TCT TTT ATA CAG TTC GTC AAG TTG TTG GGT GTC CTG CAA ATG GAT ATT TTT AAA TTG GAG TGC TCT GGG GGT GAC ATA CAA AAC TAT ACT GAA TAT AAG GAG ACT TAT GAG CGC ATT AAG CTA ATT CTG GAC GAA GAT AGA TCC CTG TTA TGC CAA TCG CAA GAG CGT TCA TCG ACA GTG TAT TCC TAC TTG GGC GGT CCT ATT GAA CCA GGT GTC CGT CCT CGT AGA TTA CAA AAA AAA ATA CTA CAC ATG ACA TTC GGT GTT TCC GCT AAA TCT TTA AAA ATT GTT CCT GAA TAC AGA GAT TTT CTA CTG CAG GGT TTG CAT AAG TGC GGG TCC 
Smik                            GGT GGA GAA GCT GAT TGC GAT CGT GAA AAC AAA GAG TCT TCC GAA CGA GAG TTC GTC GGC AAT TCC TTC CTG ACC ATT GTT AAA GAT TTA TTA CTG AAC TTT CCA TTG TTT GCA AGA AGT GGA CGT GAA AGG CAA AGG CAG GCT GGT GCG TTT AGA GAT TCC ATG TCT TTA AAA ATT GGT GAT TTA GAT ACC GAT GGT CCA CAA ATA AGA TTT GGG CCA TCC GCA AAC AGA ACA TAT ACG TTT GAA GGG AGG AAT ATT AAA ATT AAT TGT TTC GAA GAT ACA TTA AAA CGT GAA GAA GAC GAA AGA CTC GTT AAG TTG CCA ATA TAT GTT ATT GAG AAG GGC ATC GAC GAT GAA TTT CTT GGG TTC CTA GCT AAT CTA TCT CAA CCA GGG TTA GAG TCT TCT GGT GAA GAT CTG GTG CTG CCA TAT GAG GTT GAA ATA AAA CAG CAA CAG GAG AAA TAC GGA GTG AAG ATT GAA AGA GTA AAA AGT TGC CAC GAT CAC CCT GAT CCT AAA CAC GAT TCA ATG TAC GAT GAG TTT GTC GAA AAG GAA GAA GGT GTC AAC CAA TTC ACA CTC TAT ATA TGT GAA AAC GCC CAA CAA ACT AGG GGT CAG ACA GGC AAC TTA CCA TCT AAT GGT AGG TTT TTT GTC AAA GAG CTA TTA ATA AAT AAG GAT GTT GAT TTA GGA TAC GTA TCC GAG CCA AAA GGT GAT GTT ATC GAT TTC GAG GAA CAG TTC ACA CAA TTA ATT GTT GAG CAA TGT GTC TTT GAA CTT TCC TTT AAA ATA TGT CAG AAA CAA GAT GAT CTT GGT ATC GGT GGC ACT CAG CCA TTG ACT GGT CGT GAA CTA CAC TCT TTT CAC CAA TTC CGT GAG CTG TTG GGT GTC TTA CAG ATG GCA ATT TTT AAA CTC GAA TGC TCT GGA GGT GAC CAC CAG AAT TCT TTT CAA TCT AAG GAA ACC TAC GAG CGT ATT AAA TTA ATT CTG GAT GAA GAT AGG TCC CTA CTT TGT CAG TCC CAA GAG CGT TCC TCC GCC GTG TAC ACA TAT TTG GGT GGT GAT ATA GAA CCA GGT TAT CGT CCC AGA AGG CTT CAG AAA AAA ATA TTA CAC GTT GCC TTT GGT ATT ACA GCC AAA TCT CTT AAA ATT GTT CCA GAA TAC AGA GAT TTT TTA CTA CAG GGC TTG CAT AAA TGT GGT TCC 
Spar                            GGT GGA GAA GTT GAC TGC GAC CGT GAA AAC AAG GAA TCT TCT GAA CGG GAG TTC GTC GGT AAT TCT TTC TTG ACC CTT GTT AAA GAT TTG TTA TTG AAT TTT CCA TTG TTT GCA AGA AGT GGA CGT GAA AGA CAA ATA CAA GTT GGT GCG TTT AGA GAT TCA ATG TCT TTG AAA ATT GGT GAT TTG GAT ACT GAT GGT CCA CAA ATA AGA TTT GGT CCG TCG GCA AAT AGA ACG TAT ACG TTC GAA GGA ATA AAC ATT AAA ATT AAT TGT TTC GAA GAC ACG TTA AAA CGT GAA GAA GAC GAA AGA CTC GTT AAA TTG CCG ATA TAT GTT ATT GAG AAA GGT ATC GAC GAT GAA TTC CTT GGG TTC CTA GTT AAT CTG TCT CAA CCA GGG TTG GAG TCT TCT GGT GAA GAT CTG GTA TTG CCA TAT GAA GTT GAA ATA AAA CAG CAA CAA GAG AAA TAC GGA GTG AAG ATC GAA AGA GTA AAA AGC TGT CAC GAC CAT CCT GAC CCC AAG CAC GAT TCG ATG TAC GAC GAG TTC GGT GAA AAA GAA GAA GGT GGT AAT CAA TTC ACA CTC TAT ATA TGC GAA AAC GCC CAA CAA ACT AGA GGT CAG ACA GGG AAC TTA CCG TCT AAT GGT AAA TTT TTT GTC AAA GAA CTT TTA ATA AAT AAA GAT GTT GAT TTA GGG TAT GTA TCT GAG CCG AAA GGT GAT GTT ATC GAT TTC GAA GAG CAA TTC ACA CAA TTA CTT GTT GAG CAG TGC GGT TTT GAA CTA TCA TTC AAA ATA TGC CAA AAG CAA GAT GAT CTT GGT ATC GGT GGC ACA CAG CCA TTG ACT GGT CGT GAA CTG CAC TCT TTT CAC CAA TTT CGT GAA CTG TTG GGT GTC TTA CAA ATG GCA ATT TTT AAA CTA GAA TGC TCT GGG GGT GAC CAC CAG AAT TCT TTT CAA TCT AAA GAA ACT TAT GAG CGG ATT AAA TTG ATT TTG GAT GAA GAT AGA TCA CTA CTT TGC CAA TCT CAG GAA CGT TCT TCT GCG GTA TAT ACA TAT TTG GGT GGT GAT ATA GAG CCA GGT TAT CGT CCC AGA ATA CTT CAG AAA AAA ATA TTA CAT GTC GCG TTT GGT CTT ACA GCC AAA TCT CTT AAA ATT GTT CCG GAG TAC AGA GAT TTT TTG CTA CAA GGT TTG CAT AAG TGC GGT TCA 
Ncas                            GGT GGT GAA GCC GAT TGT GAT TCT ACC AAT AAG GAA TAT TCT CAG AAT GAA TTC GTG GGT AAC TCT GGA TTG ACC CTG GTC AAG GAC TTA TTG GGT AAT TTC CCA TTA ACC AGT AGA AAC GCA CGT GAA AAG CAA CAA AGA GCC GCA GCC TTC AGA GAT AGT ATG TCT TTG GAG ACT GGT ACT TTG GAT CCA GAT GGG CCT TAT ATT CAA TTT GGG GAT TAT GTT AAT CGT ACT TAT ACT TTG GAA GGT CAA AAC ATA TCT TTG AAT TGT TTC GAA GAT ACT TTG GAA AGA GAG GAC GAA ACC AGA CTG GTT AGC TTA GAT ATT TAC GTC ATT GAG AAG GGT CCA GAT GAC GAA TTG AAT GAT GGA TTA GCC AAC TTA TCA CAT CCT GAT TTA GAA ACG TCA GGT GAA GAT TTT GTC GGT CCT CCA AAG GTT CAG ATT AAG CAA CAT CAA GAG AAA TAC GCA GTG CAA GTT GAA AGA GTT AAA AAT TGT CAC GAT CAT CCA GAT CCA AAG CAC GAT TCC TTA TAT GAT GAA TTG GTT GAA AAG GAA GAA GCA GTT TCT CAA TTC GTC CTG TAT ATG TGC CAG TCC GGG CAT CAA ACA AAG GGG CAA AAT GGA AGT TTG GAT TCT AAT GGT AGC TTT TTC GTG AAA GAA CTA CTT GTA AAT AAG GAT GTC ACT TTA GGA TAT GTT TCT GAG GAT AAA GGT GAT GTT ATC GAT TTC GAA GAA CAA TTC GTC CAA CAA CTG GTC GAA AAT TGC GTT TTC GAC TTA AGT TTG AAA ATT TGC AGA AAG CAG GAT GAT ATA GGT CCA GCA GGG ACT CAA CCT CTA ACA GGT CGT GAA TTA CAC ACG TTC ATT CAA TTT GTT AAG GTG CTA GGT GTC CTT CAA ATG GAC ATA TTT AAA CTT GAA TGT TCA GGA GGT GAT ATT CAA AAT TAT ACC ACC TAT AAG GAA CCA TAT GAG CGT ATT AAG TTA ATT TTG GAT GAG GAT AAG AGT TTA TTC TGC CAA GCT AAT GAA CGT TCC GCT CAA GTC TAC TCA TGG TTA GCA GGG GCA ATG GAA CCA GGT GTT CGT CCT CGT CAA TTC CAA AAG AAA GTA TTA CAT ATG CAA TTC GGT CTG TCA GCT AAA TCT TTC AAA CCA ATT GAT GAA TAT AGA GAC TTC TTA TTA GAA GGT CTA CAC AAG TGC GGG AGT 
Cgla                            GGT GGT GAA TCA CTA TGT GAT TCT GAG AAC AAG GAA TAT CAA CAA GAC GAT TTC GTT GGT AAT CAA GGT CTA ACG GGT GCT AAG GAC TTG TTG TCT GAC TTT CCA CTA ACG GCC AGG GAT ATG CGT GAA AAA CAA AAA AGG TCA GAA GCC TTC AGA GAT GCT ATG TCC TTG GAA ACT GGT ACA TTG GAC ACC GAT GGA CCA TAT ATC CAA TTC GGT GAA GAC GTT GAC CGT ACT TAC ACC TTA GAA GGA AAA AAT ATA CCT GTG AAC TGT TTC GAA CTA ACT TTG GAA AGA AAG GAC GAA GAG AGG CTT GTA AGA TTG GAA ATC TTT GTC ATC GAA AAA GGT GTG GAC GAT GAA TTA ATA GAC GGT CTG TCA AAT TTA TCT GAG CCA GAC TTG GAT TCT TCT GGT GAG GAT TTT GTC TCT AAC CAA AGT TGT CAA ATC AAG CAA GAG CAA GAG AAG TAT ATG GTT CAG CTG GAA AAG GTT AAG AAT TGC CAT GAT CAC CCC GAT TCA AAG CAT GAT TCT ATA TAC GAT GAT TTA CAG GAA AAA GAA GAA GAA CAG TCT CAA TTC ACT CTT TAC CTG TGT CAA TCT GCC GAG CAG GTT AAA GGT CAA AAT GGT AAC TTG GAA TCT AAC GGA AAT TTC TTT GTT AAA GAA CTA TTA ATT AAT AAA GAT GTC ACA TTA GGA TAC GTT CAA GAG GAA AAG GGT GAC GTA ATT GAC TTC GAA GAA CAA TTT ACT CAG CAA GGT GTC GAT CAA TGT CAG TTT CAA ATT GCT TTA AAG ATC TGC AGG AAG CAA GAT GAT CTT GGT GTG GAA GGG ACC CAA CCA TTG GTT GGT CGT GAG TTA CAT TCT TTC ATT CAG TTC GTA AGT GTC TTG GGT GTA CTA CAA ATG GAT ATA TTC AAG CTA GAA TGT TCT GGA GGT GAC ATT CAA AAC TAT ACG GGT TAT AAA GAA ACC TAC GAG CGC ATT AAG TTG ATT CTA GAT GAT AAG AAA GCT CTG TTG TGC CGT TCA CAA GAA AGG TCA TCA CAG GTC TAC TCA TGG TTG GAA GGA CCT CTG GAA CCA GGT GTA CGT CCC CGT AAA TTG CAA AAG AAG ATT TTA CAC TTG CAG TTT GGT GGT TCA GCA AAA TCC TTG AAA TTT ATC GAA GAA TAC AAG GAT TTC TTG CTG CAG GGT TTG CAT AAG TGC GGT GCT 
Agos                            GGT GGT GAG GCG GAC TGC GAC TCT ACT AAC CGT GAA TAT TCG CAG TCG GAT TTT GTC GGT AAC TCG GGC TTA ACC GTG GTC AAG GAC TTA TTG GAG AAT TTC CCG CTC ACT GCG CGT CAA GCT CGT GAT AAG CAA AAG AAG GCG AGC GCA TTC CGC GAC CTG ATG TCC TTG CAG ACT GGC GAC TTG GAC ACG GAC GGC CCT TAT ATC CAG TTT GGT CCG TAT GTT AAT CGC ACG TAC ACG TTA GAG GGC AAG CAG ATT CAA GTG AAT TGC TTT GAG GAC ACG TTG GAG AGA GAG GAT GAT ACT CGT CTG GTT CGC CTA CCG ATC TAC GTG ATT AGT AAG GGT CCA GAC GAT GAG TTA GGA GAT GGC CTC GCG AAC TTG TCA CGT CCT GAT TTA GAT ACG TCC GGT GAG GAC TTT GTA GAG CCA CTT AAA TGC CAG ATC AAG CAG CGT CAG GAA AAA TAC GCT GTC CGG ATC CAA CGT GTT AAA CAA TGT CAC GAC CAC CCC GAT CCA CGT CAC GAC TCC TTT TAC GAT GAT TTA CAT CAA AAG GAG GAG AGC CAT GAT CAG TTT GTT CTG TAT TTG TGC CAG TCC GCT CGT CAA ACG AAG GGC CAA AAT GGC AAC TTG CCG TCC AAC GGA CTG TTT TTT GTC AAG GAA CTG CTG ATT AGC AAA GAC GTG GAC CTG GCA TAC GTT TCG GAA CCG AAG GGT GAC GTT ATT GAT TTT GAG GAG CAG TTT GTT CAG CAA GTG GTG GAT TTA TGC CAT TTC GAC ATG CTG TTA AAA ATC TGC AAG CGT GAG GAC GAT CTG GGT CCA AGC GGT ACG CAG CCT TTG ACG GGG CGT GAG TTG CAC ACG TTC ATC CAA TTC GTC AAA ATG TTG GGT GTG ATG CAG ATG GAT ATT TTT AAA CTT GAG TGC TCC GCA GGT GAC ATC CAG AAT TAT ACT CAG TAT AAG GAG ACG TAC GAA GCC ATT AAG TTA ATT TTA GAT CAG TCA AAG CTG CTC CTG TGC AAG TCT TTA GAG CGC AGC TCT GAG GTA TAT TCT TAC CTA AGC GGC CCC TTG GAG CCG GGC GTC CGT CCA CGC AAG CTG CAG AAG AAA ATT CTG CAC ATG GAG TTC GGC GTG TCT GCG AAG TCC CTG AAG TCC GTC CCG GAG TAC CGT GAT TTC TTA CTC CAG ACT TTG CAT CGT TGC GGA CTG 
Klac                            GGT GGT GAA GCA GAC TGT GAC CGT ACT AAC AAA GAA TCT TCT GAA AAT GAA TTC GTC GGA AAC TCT TTC TTA ACA GTT GCT AAA GAC TTA TTA AAA ACT TTC CCA CTA TTC GCA CGT GAA GCT CGT GAA AGA CAA AAA CAA GCA GAT GCT TTC AGA GAC TCG ATT TCT TTA CAA ATT GGT GAT TTA GAT ACA GAT GGT CCA CAA ATC ACA TTC GGT CCT TAC GCT ACT AGA ACC TAC ACC CTT GAA GGA AAA CAG ATC AGA GTC AAC TGT TTC GAA GAC ACC TTA AAA AGA GAG GAA GAT ACT CGT CTC GTT AGA CTA CCT ATC TTT GTT ATC TCT AAA GGA CCA GAC GAC GAA CTT TCA GGT TTC CTT GCA AAC CTA TCC CGA CCA GGT TTA GAA ACT TCT GGT GAA GAT TTA GTA AAA AAC AAT AAA GTA GAA ATC AAG CAA CGA CAA GAG AAA TAT GCT GTA AGG ATT GAA AGT GTA AAA CAA TGT CAT GAC CAT CCA GAT CTA AAA CAT GAT TCT CTT TAT GAT GAA CTT ATG GAA AAA GAA GAA GAT ATG AAT AGA TTC ACC CTC TAT TTA TGC GAA AAC GCT CGA CAA ACG AGA GGT CAA ACA GGT AAC TTA CCT TCA AAT GGT GCC TTC TAT GTC AAG GAA CTT TTG GTG AGC AAA GAT GTT GAT CTC AAC TAC GTA TCT GAG CCT AAA GGT GAT GTT ATA GAT TTC GAG GAA CAA TTT ACC CAA TTG GTT GTT GAA ACA TGC ATG TTC GAT GCA TCG CTT AAA ATC TGT CAA AAA GAT GAT GAT CTA GGT CCA GAT GGT ACA CAA CCA TTA ACG GGT CGT GAA CTA CAT ACT TTC CAT CAA TTT CGT AAA ATG TTA GGT GTA ATG CAA ATT GCT ATC TTC AAA TTG GAA TGT TCT AAC GGT GAC CAT CAA CAC TCT TTC CAA TCT AAA GAA ACA TAC GAG AAG GTT AAA TTA GTT TTA GAT GAT AAG AGA TCG CTT TTG TGT AAA TCA ACA GAG CGT TCG TCA CAA GTA TAT ACT TAC CTA GAT GGT GAC TTA GAA CCA GGT TAC CGT CCG AGA AAA TTG CAA AAG AAG GTG CTC CAT GTC CAA TTC GGT GTT ACT ACG AAG TCT TTG AAG ATT GTA CCT GAA TAT AGT GAC TTC TTA CTT GAA ACC TTA CAC AAA TGT GGC TCG 
Calb                            GGT GGA GAA CAG TAT TGT GAT AGA CAA AAT ATC GAT TCA TCT GAA AAA GAA TTT GTG GGG AAT TCT TTC TTA ACT AGG GCT AAG GAC TTA TTA TTA GGC TTC CCA TTA TTT GCG ACC CAG GAC CGT CAT AGA CAA AAA CAA CAG CAT GCC TTT AGA TCT GAA GTA AGT TTG GAA ATT GGT GAT TTG GAT ACT GAC GGG CCT CAA ATT CAC TTT GGT CAA GAA TCA GGC AGA ACA TAT ACT TAC GAA GGT AAA TTG ATT CGT ATC AAT TGT TTC GAA TAT ACA TTA AAA AGA GAA GAA TTA CAA ACC ATT GTT GCT TTG CAA ATT TAC GTG ATC GAC AAA GGG ATA GAT GAC GAA TAC TTT GGG TTC TTA CAG AAT TTT TCA AAA CCT GGG TTA GAA ACT TCA GGT GAA GAC TTG ATT TTA GGA AAT TCC GTT GAA ATT AAT CAG AAA CAA GAA AAA TAT GAC GTT CGA ATT AAA GAT GTT AAA AGA TGT CAT GAT CAT CCA GAT CAA ATC CAT GAT TCT CTA TAT GAT GAA TAC CGC AAA AAA GAA GCA CAT CGC CTT CAA TTT ACC ATT CAA ACA TGT GAA AAT GGA AAA CAA GAT AGA GGT CAA ACA GGG AGA TTA CAA AGT AAT GGG AAT TTT TGT GTG AAA GAA CTT TTA ACG AAT ACC GAT GTG GAT TTA ATA TAT GTT TCT GAA CAA AAA GGT GAT GTT GTA GAT TTT GAA GAA CAA CTT ACC CAA TCT AGG GTG GAA GAT TGT CGC TTC GAT TTA GAA TAC AAA ATT TGT CAA ATC AAG GAC GAT ATA GGT ATA CAT GGT ACT CAA CCT TTA GAT GGT CGT GAA TTT CAT ACT TTT CAT CAA TTT AGA TCC AGG TTA GGT GTA TTA CAA ATG GCA ATT TTT AAA TTG GCA TGT TCA ATA GGT GAT CAT CAG AAT TCA TTT AAA TCA AAA GAA ACT TAT GAA AGA ATT AAG TTA ATT TTA GAT TCG GAT AGA GAA TTA TTA TGT CCT TCA GAT GAA AGA TCC TCA ATT ATT TAT ACT TAT TTG CAT GGG GAA ACA GAA CCA GGT TAT CGT CCA AGA AAA TTA CAA AAA AAG ACG TTA CAT GTC ATT TTC GGT AGG ACT GCC AAA AGT TTA AAA ACA GTG CAA GAA TAT GAT GAC TTT TTA TTA CCA ATA TTA AAC ATC TGT GGT GAA 



Printing out site pattern counts


         9        708  P

Scer                            AAA AAA AAA AAA AAA AAA AAA AAA AAA AAA AAC AAC AAC AAC AAC AAG AAG AAG AAG AAG AAT AAT AAT AAT AAT AAT AAT ACA ACA ACA ACC ACG ACG ACT ACT AGA AGA AGA AGA AGA AGC AGG AGT AGT ATA ATA ATA ATA ATC ATC ATC ATC ATG ATG ATG ATG ATG ATG ATT ATT ATT CAA CAA CAA CAA CAA CAA CAA CAA CAA CAA CAA CAA CAA CAA CAC CAC CAC CAG CAG CAG CCA CCA CCA CCA CCC CCT CCT CCT CGA CGG CGT CGT CGT CTA CTA CTA CTC CTG CTG CTG CTT CTT CTT CTT CTT CTT GAA GAA GAA GAA GAA GAA GAA GAA GAA GAA GAA GAA GAA GAA GAA GAA GAC GAC GAC GAC GAC GAC GAC GAC GAC GAC GAG GAG GAG GAG GAT GAT GAT GAT GAT GAT GAT GAT GAT GAT GAT GAT GCA GCA GCA GCA GCC GCG GCT GGA GGA GGC GGC GGC GGC GGG GGT GGT GGT GGT GGT GGT GGT GGT GGT GGT GTA GTA GTA GTA GTA GTC GTC GTC GTG GTT GTT GTT GTT GTT TAC TAC TAC TAC TAT TAT TAT TAT TAT TAT TAT TCA TCA TCA TCC TCC TCG TCG TCG TCT TCT TCT TCT TCT TCT TGC TGC TGC TGT TGT TTA TTA TTA TTA TTA TTA TTA TTC TTC TTC TTC TTC TTG TTT TTT TTT TTT TTT TTT 
Sbay                            ... ... ... ... ... ... ... ..G ..G ..G ... ... ..T ..T ..T ..A ..A ... .GA .GA ..C ..C ... ... ... ... ... ..G ..T ..T ... ..A ... ..A ..C .A. ... ... ... C.. .A. ..A ... G.. ... ... ... ..T ... ..T ..T G.. ... ... ... ... ..T C.. ..C ... ... ... ... ... ... ... ... ... ... ..G ..G ..G ..G ..G G.. ... ... ..T ..A ..A ... ... ... ..T ..T ..T ... ... ... ... ..C ... ... ... ... ..G T.G ..A T.A T.. T.. ..A ... ... G.. T.A T.G A.G ... ... ... ... ... ... ... ... ... ... ... ..G ..G ..G ..G ... ... ... ... ... ... ... ..T ..T ..T ..A ... ... ... ..C ..C ... ... ... ... ... ... ... ... ... ... A.. ... ..C .G. ..T ... ... ..T ..T ... ..G ..G ..T ... ..C ..G ... ... ... ... ... ... ... ... ... ..C ..C ..C ..G ... ... ..T ... ..C ..C ..C ..G ... ... ... ... ..T ..C ..C ... ... ... ... ... ... ..G ..T ..A ..T ... ... ..T ..C ..C ... ... ... ... ... ... ..T ..C ... C.. C.. C.G C.G C.G ... ... ... ... ..T ..T ..T ... ..C ..C ..C ... ... ... 
Smik                            ... ... ... ... ... ..G ..G ... ... ..G ... ... ..T ..T .CA ..A .G. ..A .G. .G. ... ... ..C ..C ... ... ... ..G ..C TTT ... .TT ..A ... ... .A. ... ... C.T .AG ..T ..A ... GTC ... ... CAC ..T ... ... ..T ..T ... ... ... G.T ..A C.. ... ... ... AG. ... ... ... ..G ..G ..G G.. ... ... ... ... TT. ... ... ... ..T ... ... ... ... ... ... ..C ..A ... ... GA. ... ..T A.A ... ... ..T ... ..C ... T.. ... T.. ..A ... ... A.. ... T.A ..G C.G ... ... ... ... ... ... ... ... ..G ..G ... ... ..G ..G ... ..T ..T ..T ..T ..T ..T ..T ..T ..T A.A ..A ... ... ..C ... ..A ... ... ... ... ... ... ... .CA .GG ..C ... ..C .G. ... ... ... ... ..G ... ... ..T TT. ..A ... ..G ..C ..C ... ... ... ... ... ... ... CGT .C. TAT ..G ... ..T ..T ... ..C ... ... ... ACA ... ... ..T C.A ... ... ..C ..C ... ... .C. ..C ..C ..C CGT ..T ..A ..C AAC A.A ..C ... ... ... ... ... ..T ..T ... ..C ... ... C.G ... ... C.. ... ... ..T C.G ... ..T ... ..C ..C ... ... ... ... 
Spar                            ... ... ... ... ... ... ... ... ... ... ... ... ..T ..T .CA ..A ..A ... .GA .TA ... ... ... ... ..C ... ... ..G ..T TTT ... .TT ... ..A ... .A. ... ... C.T .AG ... ..A ... G.. ... ... CAC ..T ... ... ..T ... ... ... ... G.C ..A T.. ... ... ... AG. ... ... ..G ... ... ..G G.. ... ... ... ... TT. ... ... ..T ..T ... ... ..A ... ... ... ..C ..G ..C ... GA. ..G ... A.A ... ... ... ... ... ... T.. ... T.. ... ... ... ... ... T.A ... C.. ... ... ... ... ... ... ... ..G ... ... ... ... ... ..G ... ... ..T ..T ..T ..T ..T ..T ..T ..T A.A ..A ... ... ..C ..C ..A ..C ..C ... ... ... ... ... .CA .GG ..G ... ..C .G. ... ... .T. ... ... ... ..T ..T TT. ... ... ... ..G ... ... ... ... ... ... ... ... CGT .C. TAT ... ... ..T ..T ... ..C ... ... ... ACA ... ... ..T C.A ... ... ... ... ... ... .C. ..T ..T ..T CGT ..T ... ... AAC A.A ..A ... ... ... ... ... ... ... ... ... ... ..G ..G ... ..G C.G ... ... ..T C.G ... ..T ... ..C ... ... ..C ... ... 
Ncas                            ... ... ... ..G G.G ..G .GC ..G ..G ..G ..T .GT ..T ..T ..T ..A .GC ... ... C.A ..C ... ... TC. ..C ..C ... ..T C.. ..C ... ..T ..T ... ..A TCT ... ... ... CA. .AT ..A .AC GT. ..T G.. ..T ..T ... CCA ..A G.T ... ... T.A ... ... GGT T.G ... CCA ... ... ..G A.T ... ... ... ..G ... ... ... ..T ... ACC ... ..T ... ..A ..A G.A ... ..T ..T ..T GAT ..A ..A G.A AAT ..T ... ... ... T.. T.. ..T ..G T.A G.. ..A ..A AA. A.A ..G T.C ... A.G AG. ACC ... ... ... ... ..G ..G ... ... ... ... ... ... ... ..T ..T ... ..T ..T ..T ..T ... ..T ..T ..A ..C ... ... ..A ... ..C ... ... AC. ... ... ... ... ..C ... CA. AGT .GG ... ..T ..C ..C ..T ..T ..G ..T ..G ..A ..A .CA ..G ..A ... ..G ..G ... ... ... ... ..T ..T ..T ..T ..C ..G ... A.T ... ..C ..C ... ... ..C ... ..T .GG ..T ..C ... ..C ... CCA ... ... ..C G.T ..T ..T ..T ..C .AT ..C ..A AG. A.G ..A ..A ... ..T ... ... ... ... ... ... ..G C.T ..G ... ..G ... ..T ..T ... ..T ..A ..C ... ..C ..G ..C ..C 
Cgla                            ... ..G ..G ..G G.. ... .G. ..G ..G ... ... ... ... ... ..T ... ..T ... ..A ..A ... ..C G.C TC. ... ... ... ..C ..C ..G ..G ..T ..T ..C GT. CCT ... ..G ... CAG .AT .A. GA. CAG ..C ..T ..T ..T ..T G.G ..A C.G ... ... ..A T.. C.. TCT G.G ..C T.. ... ..G ... ... ... .GT ... ... ... ... ..G G.G ... GGT ..T ... ..T ..A ..A ... ... AAC ... ..C GAA T.A ..C ... GAC ..C ... A.G ... A.T ..G ... ..T ..A G.C T.. ..A A.A ... GG. T.G T.A AGT AGG ..G ... ... ... ..G A.G ..T ... ... ... ... ... ... ..T ... CTA ... ... ... ..T ..T ..T ..T ..T ..A C.A ..A ... ..A ... ..C ... ... ACA A.G ..C ... ... ... ..C CAG ..C ..C ATG ..A ..C T.A ..T ... ..G ..T ..T ..T ..A .AA ... ... ... ..A ... ..A ... ... ... ..T ... ..T ... ..C ..T ... A.. ..T ..A .C. ..A TG. AC. ..T ... .GG ..T .T. ..C ..C ..C C.A ..C ... ... ... CA. ..T ... ..T GAC ..T ..A G.. ... ... ... ... ..T ... ..T ... ..C ... ..G C.. C.. ..G ... ..G ... ... ..T ..T ... ... ..C ..C ... ..A ..C ... 
Agos                            ..G ... ... ..G C.G ... CGC ..G ..G ..G ... ... ... ..T ..T ... CT. CGT ... ... ..C ... ... G.. C.G ..C .GC ..G ..G ..T ... ..T ... ..G ..G CA. C.C C.T ... C.G CAA C.T CAA CA. ..C ..T ..C ..T ..T CCA ..T ... ... ... T.T ... T.. GA. G.G ... TCC ..G ..G G.G TT. ..G A.G ... ..G ... ..G ... .GT ... ..G ... ... ..T ... ... ... ..G ... ..T ... ..G ..A ..C ..C TCG GCC ..C ..C ... A.G ..C ..T ..G ..C A.. T.. ..G GGA ..G G.G ..G ..G A.. A.G ACT C.. ..G ..T ..G ..G C.G ..G ... ... ..G ..G ..G ..T ... ... ... ... ..T ... ..T ..T ... ... ... ..C AGT ..A ... ... ... ..C ... ..C TCA ..C ..C ... ... ... .AG ..G ..T ..T ..G ..A ..G ..T ..C ..T ..T ..A ... .CA A.C ... ..C AC. ..C ..C ..A ..C ..G ... ..T ..C ..T ..C ... ... ..G ... ..C ..G ..C ... TGC ... ... ... ... ..T ..C ..C ... ..C CT. ... ... AGC ..T ..G ..T ... ..C .AT ..C ... CTG A.G ..A ..C ..C ... ... ... ..C ... C.G ... ... A.G ..G ..G ..G ..T ..T ..T ..T ..T C.A ... ..C ..C ..A ..C ... 
Klac                            ..G ... ..G ..G C.. ... .G. ... ..G ... ... ... ..T ... .CA ..A GCC ..A .GA ..A ..C C.C .C. ... C.G ..C .GC ..C ... TTC ..A .TT ..C ..A ..G ... ... C.T ... ..G CAA ..T GAA .TG ..C G.G CAT G.T ..A CCA ... ..T ..T ..T C.T G.C T.A .AA G.C ..C ... AC. ... G.T AC. ... A.. ... G.. ... AG. ... .G. TTG ... ..T ..T ... ..A ..A G.A ... AAC ... ..G ..T .TA ..A GAC AAT AA. A.A ... ... GC. ..T T.G ... ..A A.. T.A ... TCA ..A G.. T.G T.G A.. C.. ACT ... ... ... ... ..G ..T ... ... ... ... ... ..G ... ... ... ... ..T ..T ... ..T ... ..T ..T A.A ..T TCT ... ... ... ..A ..C ... ... A.G ... ... ... .C. .G. CA. ... ..T ..T A.G ..T ..A ..T ... ..T ..A ... TT. AAC .A. ... ... ACC ... ... ... ... ... ... ... CGT .CT TAC ... ... ..T ..A ..A ..A .C. ... ..A ACC ..T ..T ... C.A .T. ..C ... ..C A.. ... .C. ..G ... ..T CGT ..T ..T .AC AAC A.. ..G A.. ..C ... ..A ..T ..T ... ... ... C.C ... ... A.G ... C.. ... ... ... ..A ..T ... C.A ..C ... ..C C.. ..C .A. 
Calb                            ... ... ..G ... G.. .CC GCT ..G ..T ... ..T .GA ..T ..T .CA ..A ..T .TC .GA ..A ... ... GGC CT. TTG ... ... ..T ..T TTT ..T .TT ..A ... GA. C.T ... .CC ... C.. ..A GAT CAG C.C ..T .CG CAT ..T G.A ..A ..T ..T ... G.A C.A G.C .CA T.A ..C ..C .CA ..C ... A.G G.T ... .CT ... G.. ... ... ... A.. TCT A.. ..T ..T A.. ..A ... .CA ... GG. ..T ... .AA .AA ..A GAA AA. A.A A.A A.A ... T.. T.. T.G A.T T.A AG. T.A ... T.. A.A AGG T.A T.A TCC C.. C.. A.. ... C.T ... ... TCG ... ... ..T ... .C. ... ... ..T T.T ... ..T ..T TCT ..T ... ... ..T A.A ..T ..C ..A TTA ... ..A ... ... ... ... ... ... ... .CA .GG ATT ..G .G. .AC ... ..C CAG ... ..T ..T ..G ..T TT. ATA CA. ... ..G ATA ..G ... ..G ... ... ... ..T AG. TC. TAT A.T ..G ..G ..G ..T ..A .C. ... ... ACC ..T ..T ..T C.A ..C ... ... ... A.. C.A .CA ..C ... ..T AGA AGT ..T GAA AAT A.. GAA A.. ..A ..A AG. ..T ..T ..T ... ... ... ... ... ... ..G ..T ... ... ..T ..G C.T ..T ... ... ... ..C .AC ... .G. 

    3    4    1    1    1    1    1    2    1    3    1    1    1    1    1
    1    1    4    3    3    1    1    2    1    1    1    1    1    2    2
    1    1    2    1    2    1    1    2    1    1    1    2    1    3    4
    2    2    2    1    2    2    1    1    1    1    1    2    2    1    1
    1    1    1    1    2    3    1    1    3    1    1    2    3    1    1
    3    2    1    2    2    1    2    1    3    1    5    1    1    1    1
    1    2    1    3    1    3    1    2    1    1    3    1    1    1    3
    3    1    2    2    2    2    3    1    2    1    1    3    1    1    3
    2    2    4    2    2    1    1    1    1    1    2    3    1    1    1
    1    3    1    1    1    2    1    2    1    1    1    1    1    2    2
    1    1    2    1    1    3    1    1    1    2    1    2    2    4    1
    1    1    2    1    1    3    1    6    2    1    1    1    2    2    3
    1    1    1    1    2    1    2    1    2    1    1    1    1    1    2
    1    1    3    1    2    3    1    2    1    1    1    2    4    2    1
    2    1    2    3    2    1    1    2    4    2    1    2    2    3    1
    2    1    1    1    2    3    1    3    4    3    1

CODONML (in paml version 4.9j, February 2020)  temp.nuc
Model: One dN/dS ratio, 
Codon frequency model: Fequal
ns =   9  ls = 391

Codon usage in sequences
--------------------------------------------------------------------------------------------------------------------------------------
Phe TTT  15  11  16  13   5   8 | Ser TCT  12  12  11  17   9  12 | Tyr TAT  10   9   6   9  11   5 | Cys TGT   2   3   6   2   4   6
    TTC   6  10   8  11  15  11 |     TCC   3   6  11   0   3   2 |     TAC   5   6   6   3   3   7 |     TGC   7   6   3   7   5   4
Leu TTA  16   9  14   8  16   9 |     TCA   6   2   1   4   5   9 | *** TAA   0   0   0   0   0   0 | *** TGA   0   0   0   0   0   0
    TTG   2   8   6  16  12  18 |     TCG   3   4   0   2   0   0 |     TAG   0   0   0   0   0   0 | Trp TGG   0   0   0   0   1   1
--------------------------------------------------------------------------------------------------------------------------------------
Leu CTT  10   2   6   9   3   3 | Pro CCT   3  12   2   1   5   2 | His CAT   0   1   1   3   5   4 | Arg CGT   6   6   8   7   7   6
    CTC   2   0   3   2   0   0 |     CCC   5   0   1   2   0   2 |     CAC   6   5   7   5   4   2 |     CGC   0   1   0   0   0   1
    CTA   5  10   6   5   4   8 |     CCA   7   3  11   6  10   5 | Gln CAA  22  17  13  18  22  23 |     CGA   1   2   1   0   0   0
    CTG   5  10   6   4   5   6 |     CCG   0   0   0   5   0   0 |     CAG   5   9  12   7   4  10 |     CGG   1   0   0   2   0   0
--------------------------------------------------------------------------------------------------------------------------------------
Ile ATT   3  10  12   8  10   8 | Thr ACT   3   4   3   4   7   5 | Asn AAT   8   9   7   9  13   7 | Ser AGT   4   1   2   1   6   2
    ATC   6   2   3   4   1   6 |     ACC   1   3   3   1   6   4 |     AAC   5   5   6   4   4   6 |     AGC   1   0   0   1   2   0
    ATA  10   8   8  11   3   4 |     ACA   5   4   7   6   2   2 | Lys AAA  18  15  20  22   9  13 | Arg AGA   6  12   8  11   8   3
Met ATG   8   4   3   3   5   4 |     ACG   3   3   1   3   2   3 |     AAG  12  12   6   5  17  18 |     AGG   2   0   7   0   0   5
--------------------------------------------------------------------------------------------------------------------------------------
Val GTT   7   6   9  11  12   8 | Ala GCT   3   4   3   0   3   5 | Asp GAT  15  19  24  18  27  21 | Gly GGT  21  23  19  26  18  24
    GTC   6  13   6   4   9   6 |     GCC   1   1   4   2   4   3 |     GAC  15  11   3   9   6  13 |     GGC   6   5   5   1   0   0
    GTA   7   2   2   4   2   5 |     GCA   6   1   3   3   7   1 | Glu GAA  32  21  25  28  27  31 |     GGA   2   2   5   4   5   6
    GTG   1   4   3   1   4   3 |     GCG   1   1   1   3   0   0 |     GAG   6  16  14  11   7  10 |     GGG   2   6   4   5   7   1
--------------------------------------------------------------------------------------------------------------------------------------

--------------------------------------------------------------------------------------
Phe TTT  11   3  15 | Ser TCT   5  12   6 | Tyr TAT   7   6  11 | Cys TGT   1   7  10
    TTC   7  17   6 |     TCC   8   1   3 |     TAC   8   6   5 |     TGC   9   2   0
Leu TTA  12  17  27 |     TCA   2   4   9 | *** TAA   0   0   0 | *** TGA   0   0   0
    TTG  12   6   7 |     TCG   4   5   1 |     TAG   0   0   0 | Trp TGG   0   0   0
--------------------------------------------------------------------------------------
Leu CTT   2   9   3 | Pro CCT   3   5   4 | His CAT   4   7  12 | Arg CGT  14   8   4
    CTC   4   4   0 |     CCC   2   0   0 |     CAC   5   2   1 |     CGC   5   0   3
    CTA   2   7   1 |     CCA   5   8   5 | Gln CAA  10  20  23 |     CGA   0   3   1
    CTG  15   0   0 |     CCG   7   1   0 |     CAG  18   1   6 |     CGG   1   0   0
--------------------------------------------------------------------------------------
Ile ATT   8   5  16 | Thr ACT   6   8   9 | Asn AAT   5   4  11 | Ser AGT   1   2   3
    ATC   7   7   6 |     ACC   1   6   5 |     AAC   5   9   1 |     AGC   6   1   0
    ATA   0   1   6 |     ACA   0   8   6 | Lys AAA   8  24  23 | Arg AGA   1  10  13
Met ATG   6   5   1 |     ACG  10   3   2 |     AAG  20   8   4 |     AGG   0   1   4
--------------------------------------------------------------------------------------
Val GTT   7  10   6 | Ala GCT   3   7   2 | Asp GAT  18  22  24 | Gly GGT  11  20  15
    GTC   7   4   1 |     GCC   1   1   2 |     GAC  18  11   9 |     GGC  10   1   2
    GTA   2   8   3 |     GCA   3   5   3 | Glu GAA   5  28  33 |     GGA   3   3   3
    GTG   8   2   6 |     GCG   5   0   1 |     GAG  22   6   0 |     GGG   1   0   8
--------------------------------------------------------------------------------------

Codon position x base (3x4) table for each sequence.

#1: Scer           
position  1:    T:0.22251    C:0.19949    A:0.24297    G:0.33504
position  2:    T:0.27877    C:0.15857    A:0.40665    G:0.15601
position  3:    T:0.31202    C:0.19182    A:0.36573    G:0.13043
Average         T:0.27110    C:0.18329    A:0.33845    G:0.20716

#2: Sbay           
position  1:    T:0.21995    C:0.19949    A:0.23529    G:0.34527
position  2:    T:0.27877    C:0.15345    A:0.39642    G:0.17136
position  3:    T:0.33760    C:0.18926    A:0.27621    G:0.19693
Average         T:0.27877    C:0.18073    A:0.30264    G:0.23785

#3: Smik           
position  1:    T:0.22506    C:0.19693    A:0.24552    G:0.33248
position  2:    T:0.28389    C:0.15857    A:0.38363    G:0.17391
position  3:    T:0.34527    C:0.17647    A:0.31714    G:0.16113
Average         T:0.28474    C:0.17732    A:0.31543    G:0.22251

#4: Spar           
position  1:    T:0.23529    C:0.19437    A:0.23785    G:0.33248
position  2:    T:0.29156    C:0.15090    A:0.38619    G:0.17136
position  3:    T:0.35294    C:0.14322    A:0.33248    G:0.17136
Average         T:0.29327    C:0.16283    A:0.31884    G:0.22506

#5: Ncas           
position  1:    T:0.22762    C:0.17647    A:0.24297    G:0.35294
position  2:    T:0.27110    C:0.16113    A:0.40665    G:0.16113
position  3:    T:0.37084    C:0.15857    A:0.30691    G:0.16368
Average         T:0.28986    C:0.16539    A:0.31884    G:0.22592

#6: Cgla           
position  1:    T:0.23529    C:0.18414    A:0.23018    G:0.35038
position  2:    T:0.27366    C:0.14066    A:0.43478    G:0.15090
position  3:    T:0.32225    C:0.17136    A:0.30435    G:0.20205
Average         T:0.27707    C:0.16539    A:0.32310    G:0.23444

#7: Agos           
position  1:    T:0.21995    C:0.24808    A:0.21483    G:0.31714
position  2:    T:0.28133    C:0.16624    A:0.39130    G:0.16113
position  3:    T:0.27110    C:0.26343    A:0.13555    G:0.32992
Average         T:0.25746    C:0.22592    A:0.24723    G:0.26939

#8: Klac           
position  1:    T:0.21995    C:0.19182    A:0.26087    G:0.32737
position  2:    T:0.26854    C:0.18926    A:0.39386    G:0.14834
position  3:    T:0.34527    C:0.18414    A:0.37340    G:0.09719
Average         T:0.27792    C:0.18841    A:0.34271    G:0.19096

#9: Calb           
position  1:    T:0.25575    C:0.16113    A:0.28133    G:0.30179
position  2:    T:0.26598    C:0.14834    A:0.41688    G:0.16880
position  3:    T:0.38619    C:0.11253    A:0.39898    G:0.10230
Average         T:0.30264    C:0.14066    A:0.36573    G:0.19096

Sums of codon usage counts
------------------------------------------------------------------------------
Phe F TTT      97 | Ser S TCT      96 | Tyr Y TAT      74 | Cys C TGT      41
      TTC      91 |       TCC      37 |       TAC      49 |       TGC      43
Leu L TTA     128 |       TCA      42 | *** * TAA       0 | *** * TGA       0
      TTG      87 |       TCG      19 |       TAG       0 | Trp W TGG       2
------------------------------------------------------------------------------
Leu L CTT      47 | Pro P CCT      37 | His H CAT      37 | Arg R CGT      66
      CTC      15 |       CCC      12 |       CAC      37 |       CGC      10
      CTA      48 |       CCA      60 | Gln Q CAA     168 |       CGA       8
      CTG      51 |       CCG      13 |       CAG      72 |       CGG       4
------------------------------------------------------------------------------
Ile I ATT      80 | Thr T ACT      49 | Asn N AAT      73 | Ser S AGT      22
      ATC      42 |       ACC      30 |       AAC      45 |       AGC      11
      ATA      51 |       ACA      40 | Lys K AAA     152 | Arg R AGA      72
Met M ATG      39 |       ACG      30 |       AAG     102 |       AGG      19
------------------------------------------------------------------------------
Val V GTT      76 | Ala A GCT      30 | Asp D GAT     188 | Gly G GGT     177
      GTC      56 |       GCC      19 |       GAC      95 |       GGC      30
      GTA      35 |       GCA      32 | Glu E GAA     230 |       GGA      33
      GTG      32 |       GCG      12 |       GAG      92 |       GGG      34
------------------------------------------------------------------------------


Codon position x base (3x4) table, overall

position  1:    T:0.22904    C:0.19466    A:0.24354    G:0.33276
position  2:    T:0.27707    C:0.15857    A:0.40182    G:0.16255
position  3:    T:0.33816    C:0.17675    A:0.31230    G:0.17278
Average         T:0.28142    C:0.17666    A:0.31922    G:0.22270

Codon frequencies under model, for use in evolver (TTT TTC TTA TTG ... GGG):
  0.01639344  0.01639344  0.01639344  0.01639344
  0.01639344  0.01639344  0.01639344  0.01639344
  0.01639344  0.01639344  0.00000000  0.00000000
  0.01639344  0.01639344  0.00000000  0.01639344
  0.01639344  0.01639344  0.01639344  0.01639344
  0.01639344  0.01639344  0.01639344  0.01639344
  0.01639344  0.01639344  0.01639344  0.01639344
  0.01639344  0.01639344  0.01639344  0.01639344
  0.01639344  0.01639344  0.01639344  0.01639344
  0.01639344  0.01639344  0.01639344  0.01639344
  0.01639344  0.01639344  0.01639344  0.01639344
  0.01639344  0.01639344  0.01639344  0.01639344
  0.01639344  0.01639344  0.01639344  0.01639344
  0.01639344  0.01639344  0.01639344  0.01639344
  0.01639344  0.01639344  0.01639344  0.01639344
  0.01639344  0.01639344  0.01639344  0.01639344


TREE #  1:  (((((1, 4), (3, 2)), 5), 6), ((7, 8), 9));   MP score: 1455
This is a rooted tree.  Please check!
lnL(ntime: 16  np: 18):  -8099.808840      +0.000000
  10..11   11..12   12..13   13..14   14..1    14..4    13..15   15..3    15..2    12..5    11..6    10..16   16..17   17..7    17..8    16..9  
 0.107298 0.072339 0.473197 0.000004 0.352042 0.438600 0.023569 0.541227 0.483091 1.093847 1.356204 0.037326 0.349328 1.186674 1.119482 2.619423 1.442110 0.100003

Note: Branch length is defined as number of nucleotide substitutions per codon (not per neucleotide site).

tree length = 10.253650

(((((1: 0.352042, 4: 0.438600): 0.000004, (3: 0.541227, 2: 0.483091): 0.023569): 0.473197, 5: 1.093847): 0.072339, 6: 1.356204): 0.107298, ((7: 1.186674, 8: 1.119482): 0.349328, 9: 2.619423): 0.037326);

(((((Scer: 0.352042, Spar: 0.438600): 0.000004, (Smik: 0.541227, Sbay: 0.483091): 0.023569): 0.473197, Ncas: 1.093847): 0.072339, Cgla: 1.356204): 0.107298, ((Agos: 1.186674, Klac: 1.119482): 0.349328, Calb: 2.619423): 0.037326);

Detailed output identifying parameters

kappa (ts/tv) =  1.44211

omega (dN/dS) =  0.10000

dN & dS for each branch

 branch          t       N       S   dN/dS      dN      dS  N*dN  S*dS

  10..11     0.107   859.9   313.1  0.1000  0.0105  0.1051   9.0  32.9
  11..12     0.072   859.9   313.1  0.1000  0.0071  0.0709   6.1  22.2
  12..13     0.473   859.9   313.1  0.1000  0.0464  0.4636  39.9 145.2
  13..14     0.000   859.9   313.1  0.1000  0.0000  0.0000   0.0   0.0
  14..1      0.352   859.9   313.1  0.1000  0.0345  0.3449  29.7 108.0
  14..4      0.439   859.9   313.1  0.1000  0.0430  0.4297  37.0 134.5
  13..15     0.024   859.9   313.1  0.1000  0.0023  0.0231   2.0   7.2
  15..3      0.541   859.9   313.1  0.1000  0.0530  0.5302  45.6 166.0
  15..2      0.483   859.9   313.1  0.1000  0.0473  0.4733  40.7 148.2
  12..5      1.094   859.9   313.1  0.1000  0.1072  1.0716  92.2 335.5
  11..6      1.356   859.9   313.1  0.1000  0.1329  1.3287 114.3 416.0
  10..16     0.037   859.9   313.1  0.1000  0.0037  0.0366   3.1  11.4
  16..17     0.349   859.9   313.1  0.1000  0.0342  0.3422  29.4 107.2
  17..7      1.187   859.9   313.1  0.1000  0.1163  1.1626 100.0 364.0
  17..8      1.119   859.9   313.1  0.1000  0.1097  1.0968  94.3 343.4
  16..9      2.619   859.9   313.1  0.1000  0.2566  2.5663 220.7 803.5

tree length for dN:       1.0046
tree length for dS:      10.0456


Time used:  0:15
