      9   1173

Scer                            CAT AAT GTC GGT CAA AGG AGA AAT AGA GCT AAA CTC AGA AAT CGT ATA ACA GAA AGT GCT AAA GCG GGT CTT TCA CAC CTT TTC GTT AGT TTG AAT AGT TTC AAG AGA ACA TAT TTG ATT ATC CTT GAT GAA AAT ACC TAT AGA CTC AGT ATT ACA CGT GCC GAT AGA TTG AAT ATC GTG GAA ATG TCA ACC CCA AAC TTC AGT AAG CAA ATC TTA CTA GTT GAA CCA ACC GAA AAC ATT GGT AAG AAA ACC ACA AAC ATC ATG TTC CAT CCA ATC ACT ACA CCT TTA TAC GCC TGT GAT ACC GAA TTG GAA GGT AGT ACT TCT GAT AAA GAG TAT GTT ATT GAT GAA GCG ATC GGT GAA CTA GAG TTA TGG TTG GAA AGA AAC CAG CTA CAA ACC ACT TCA AAG AAC AAT ACC TGG AAT ACT AGA CCA TGG GAT TGG TGT AAG GAT ATC GTA CCT GAA AAT AGT CCA GTA TAT AAT ACC TTC CAT GAA AGA GAA GAA AGT CCT TTT GCT TTC CAA CTG CCG GCT ACC CAT CTT AGA TCC AAA TAC AGA ATA AGT AGA AAT GGT CTG CCA GGT ATC GAA TTA AAC ACC GCT AGT TTC GCC TGT CAA GTA CAT TCT TAT AAT GGT CCT GTC GCG TGG GGT GAT AGA CAC GAA AAT GAA ATT ATT AGT AGA TTC AAT TAT ACC AGC CCT TTC ATG TAT CAC CTG GGT GAA ACC GCT GCT GAA AGA ATT TTT AGT ACC TAT GCT AGG ACC ATG ACC AGA CTG GAT AAT AGT CTA AGA GGT GGC GGT AGA AGA AGA GCT CCA ATT GAA ATG TGC CCA CAA AGT GGT CTC CTA TTG TGT ATC AAG CTT TAT GCG TCA TCT TTC ATC GAA AAT TCT CTG CAT ACT GAA AGA ATT GTT AAT AAC TTA ACA TCT CGT CGT AGA GCG TTA TAT TTA AAA GAA GAA AAG TGG ATT TAC CAG GAC AGC GCG ATC GAT TTT TTG TTG CAA TTG CGT TCT CCA GCT GCT ATT CAC AAA ACC GAA GAA CTG GTT AAG AAA GGT AAA AAA AAC TCT CTT ATC GAA GAA CGG AGA TTT GCT CCC TCC CTC TTA TGG CAA TAC GGT TTG GCC AGT TTT GGT AAA AGA AGA ATC GTT AAT ATT GCC GCT AGG ATC TCA TGT GCT AAT GGA ACA CTA GCT TTA CAA AAG GAA 
Sbay                            CAC AAT GTC GGT CAA AGA AGA AAC AGG GCT AAG CTT AGA AAC CGT ATA ACA GAA AGT GCC AAA GCG GGT CTT TCG GAC TTG TTC GTC AGT TTG AAT AGT TTC AAG AGA ACA TAC TTA ATC ATC CTT GAC GAA AAT ACT TAC AGA CTT AGT ATC ACA CGT GAC GAT AGG TTA AAC ATC GTA GAA ATG TCA ACC CCT GGT TTC AGT AAG CAA ATT CTA CTA ATT GAA CCA ACT GAA AAT ATC GGC AAG AAA ACC ACA AAC ATC ATG TTC CAT CCT ATC ACT ACG CCT TTA TAC GCA TGC GAC ACC GAA TTA GAA GGT AGT ACT TCA GAC AAA GAA TAC GTT ATC GAC CAA GCA ATC GGT GAG CTA GAA TTG TGG TTG GAA AGA AAT CAA TTA CAA ACC ACG TCA AAG AAT AAT ACC TGG AAT ACC AGA CCT TGG GAC TGG TGC AAG GAT ATC GTG CCT GAA AAT AGT CCA ATA TAC AAT ACC TTC CAT GAA AGA GAA GAA AGT CCC TTT TCC TTC CAA CTC CCA GCG ACC CAT CTT AGA TCC AAA TAC AGA ATT AGT AGA AAT GGT TTG CCA GGT ATC GAA CTA AAC ACC GCT AGT TTT GCT TGC CAA GTG CAT TCC TAC AAT GGC CCT GTT GCG TGG GGT GAC AGA CAC GAA AAT GAG ATT ATC AGT AGA TTC AAC TAC ACC AGC CCT TTC ATG TAC GAC CTG GGT CAA ACC GCC GCT GAG AGG ATT TTT AGT ACC TAC GCC AGA ACC GCA ACT AGA TTG GAT AAT AGT TTA AGA GGT GGC GGT AGA AGA AGA GCT CCT ATT GAG ATG TGT CCA CAA AGT GGT CTT CTA TTG TGT ATT AAA TTG TAC GCG TCA TCC TTT ATC GAA AAC TCT CTC CAT ACT GAA AGA ATT GTT AAC AAC CTA ACA TCC CGT CGT AGA GCG TTA TAT TTG AAA GAA GAG AAG TGG ATC TAC CAG GAC AGC GCA ATC GAC TTT TTG TTG CAA TTG CGT TCC CCA GCC GCG ATT CAC AAG ACC GAA GAA CTC GTC AAG AAG GGT AAG AAG AAT TCT CTC ATT GCT GAA CGG AGA TTT GCC CCC TCC CTT TTA TGG CAA TAC GGT TTA GCA AGT TTT GGT AAG AGA AGA ATC GTC AAC ATT GCA GCT AGG ATT TCA TGT GCT AAT GGG ACA CTA GCC TTA CAA AAG GAA 
Smik                            CAC AAT GTG GGT CAG TCT AGA AAT AGG GCT AAG CTC AGA AAT CGT ATA ACA GAA ACT GCC AAA GCG GGT CTT TCA CAC CTT TTC GTG AGT TTG AAT AGT TTC AAG CGC ACA TAC TTG ATT ATT CTT GAT GAA GCC ACT TAC AGA CTC AGT ATT ACG CGT GAT GAT AGA TTG AAT ACT ATC GAA ATG TCA ACT CCA AGC TTT AGT AAG CAA ATC TTA TTA GTC GAA CCA ACG GAA AAT ATT GGT AAG AAA ACC ACG AAT ATT ATG TTC CAT CCA ATT ACT ACG CCT TTA TAC GCC TGT GAT CCC GAA TTG GAA GGG AGT ACT TCT GAT ACG GAA TAC CTG ATT GAT CAA GCC ACT GGT GAA CTA GAA AGC TGG TTG GAA AGA AAT CAA TTA CAA ACC ACT TCA AAG AAT GCC ACT TGG ACT ACT AGA CCA TGG GAT TGG TGT AAG GAT ATT GTA CCT GAA AAT AGT CCA GTA TAC GCC ACC TTC CAT GAA AGA GAA GAA AGT CCT TTT GCC TTC CAA CTA CCA GCA ACT CAT CTT CGC TCC AAG TAC AGA ATC AGT AGA AAT GGT TTG CCA GGT ATT GAA TTA AAT ACC GCT AGT TTT GCC TGT CAA GTA CAT TCG TAT AAT GGT CCT GTT GCG TGG GGT GAT AGA CAC GAA AAT GAA ATT ATT AGT CGC TTC AAT TAT CCC AGT CCT TTC ATG TAC CAC CTG GGT CAA ACC GCC GCT GAA AGA ATT TTT AGT ACT TAT GCC AGA ACC ATG ACG AGA TTG GAT AAT AGT TTA AGA GGC GGC GGG CGC AGA AGA GCT CCA ATT GAA ATG TGC CCA CAG AGT GGT CTC CTA CTG TGT ATA AAA CTT TAC GCG TCA TCG TTT ATT GAG AAT TCT CTA CAT ACT GAA AGA ATT GTT AAT AAT TTA ACA TCT CGT CGT AGA GCG TTA TAT TTG AAA GAA GAA AAG TGG ATT TAT CAG GAC AGC GCA ACT GAT TTT CTG TTG CAA TTG CGT TCT CCA GCT GCA ATT CAC AAA ACT GAG GAA CTA TGT AAG AAA GGT AAG AAA AAT TCT CTA GTT GCC GAA CGG CGC TTT GCT CCA TCC CTC TTA TGG CAA TAC GGG TTG GCC AGT TTT GGT AAG AGA AGG ATT TGT AAT ATT GCC GCT AGA GTT TCA TGT GCT GCC GGG ACA CTA GCC TTA CAG AAG GAA 
Spar                            CAC AAT GTC GCT CAA AGG AGG AAT AGG GCT AAA CTC AGA AAT CGT ATA ACA GAG AGT GCT AAA GCG GGT CTT TCA CAC CTT TTC GTT AGT TTG AAT AGT TTC AAA AGA ACT TAT TTG ATT ATT CTT GAT GAA AAT ACC TAT AGA CTC AGT ATT ACG CGT GAT GAT AGA TTG AAT ATC GTG GAA ATG TCA ACC CCC AAC TTC AGT AAG CAA ATC TTA CTA GTC GAA CCA ACC GAA AAC ATT GGT AAG AAA ACC ACG AAC ATT ATG TTC CAT CCA ATC ACC ACA CCT TTA TAT GCC TGC GAT ACC GAA TTG GAA GGT AGT ACC TCT GAT AAA GAG TAT GTT ATT GAT CAA GCG ATC GGT GAA TTA GAA TTA TGG TTG GAA AGA AAC CAG CTG CAA ACC ACT TCA AAA AAT AAT ACC TGG ACT ACT AGG CCC TGG GAC TGG TGC AAA GAT ATT GTA CCT GAA AAT AGT CCA GTA TAT AAT ACC TTC CAT GAA AGG GAA GAA AGT CCT TTT GCC TTC CAA CTG CCA GCT ACC CAT CTT AGA TCC AAG TAT AGA ATA AGT AGA AAT GGT CTG CCG GGT ATT GAA TTA AAT ACC GCT AGT TTC GCC TGC CAA GTA CAT TCT TAT AAT GGT CCT GTT GCG TGG GGT GAC AGA CAC GAA AAT GAA ATT ATT AGT AGA TTC AAT TAT ACC AGT CCT TTC ATG TAT CAC CTG GGT CAA ACC GCT GCC GAA AGA ATT TTT AGT ACC TAT GCT AGA ACC ATG ACC AGA CTG GAC AAT AGT CTG AGA GGT GGC GGT AGA AGA AGA GCT CCA ATT GAA ATG TGC CCA CAA AGT GCT CTC TTA TTG TGT ATC AAA CTT TAT GCG TCA TCT TTC ATC GAA AAT TCT CTG CAT ACC GAA AGA ATT GTG AAT AAT TTA ACA TCT CGT CGT AGA GCG TTA TAT TTA AAA GAA GAA AAG TGG ATT TAC CAG GAC AGC GCA ATC GAT TTT TTG TTG CAA TTG CGT TCT CCA GCT GCT ATT CAC AAA ACT GAG GAA CTG GTT AAG AAA GGT AAA AAA AAC TCT CTT ATT GCC GAA CGG AGA TTT GCT CCC TCC CTC TTA TGG CAA TAT GGT TTG GCC AGT TTT GGT AAA AGA AGA ATT GTT AAT ATT GCC GCT AGA ATT TCA TGT GCT AAT GGG ACA TTA TCT TTA CAA AAG GAA 
Ncas                            CAT AAC GTT GCT CAA AGA AGA AAC AGA GCT AAG TTA AGA AAT AGA ATC ATT GAG TCA GCC AAA GCA GGA TTG TCG GAA TTA TTC GTT TGT TTG AAT TGT TTC AAG AGG ACA TAT CTG GTA ATC TTG GAT GAA AAC ACT TAT AAT TTA GCT GTA ACT CGT GAA GAT AGA TTA AAC ATT ATA AGA ATG TCA ACT CCT ATT TTC AGT AAA CAA ATT CTA TTA TGT GAA CCA ACC GAA AAT ATT GGA AAG CAA ACT ACT AGT ATC ATG TTC CAT CCA ATA GCA ACC CCA TTG TAC CAA TGT GAT GCA GAA TTA AGA GGC GCT ACA TCG GAT AAG GAA TAT GTC ATT GAC CAA GCA ATT GGT GAA TTG GAA GTG TGG CTA GAA AGG AAT CAG TTG CAA ACC GCG GGT AAG AAC AAC ACA TGG AAT ACC AGA CCT TGG GAC TGG TGT AAG GAC ATC GTG CCA GAG GAT AGT CCA CTT TAT AAC ACC TTC AGC AGA AGA GAA GAG AAC CCT TTC GCA TTC CAA TTA CCA GTG ACT CAT TTG AGG TCC ACA TAC AGA ATT GCT AGA AAC GGT TTA CCT GGT ATC GAA CTA AAT ACC GCT AGT TTC GCT TGT CAA GTG AGC TCT TAC AAC GGA CCA GTT GCA TGG GGT GAC AAT CAT GAA AAT GAA ATT ATT TGT AGG TTC AAC TAC GCA TAC CCA TTC TTG TAT GAA TTG GGT CAA ACA GCC GCC GAA AGA ATT TTC GCT ACT TAC GCC AAA GCT ATG ACC AGA TTA GAT AAT AAC TTG AGA GGT GGA GGC AGG AGA AGA TCT CCA ATG GAA ATG TGT CCA CAA GCT GCT TTA TTG TTG TGT ATT AAA CTA TAT GCA TCA TCT TTC ATA CTA AAC TCT TTA CAT GCA GAA AGA ATT ATC AAT AAT CTA ACT TCA AGA CGT AGG GCA ATG TAT TTA AAA GAG GAA AAG TGG ATT TAC GCA GAT TCA GCA ATT GAT TTT TTG CTA CAA TTA AGA TCA CCG GCT GTG GTT TAT AAG ACT GAG GAA TTA ACT AAG AAA GGT AAG AAA AAT TCT GTG ATA GCT GAA AGA AGG TTC GCC CCT TCT TTA TTG TGG CAA TAC GGC CTG CAA AGT TTC GGT AAG AGA AGA ATC ACT AAC ATG CAA GCT AGG ATA TCA TGT TCT AAC CAG ACA TTG TCC ATG CAA AAG GAA 
Cgla                            CAC AAT GTT GCT CAA AGA AGA AAT AGA GCT AAA CTT AGA TAC AGA ATA ACA GAA TCA GCA AAG GCT GGT CTG TCT CAC TTG TTC GTG TCC TTG AAT TCC TTC AAG CGA ACT TAC CTA ATA GTC CTG GAT GAG AAT ACT TAC AGA CTT GCC ATA ACT CGT GAA GAC AGA ATC AAC ATC ATC GCC ATG TCT ACT CCA GGA TTC AGT AAG CAA ATT TTA TTA TGC GAA CCT ACT GAG AAC ATT GGA AAG GCT ATA ACT GAG ATT ATG TTC CAT CCC ATC AGC ACA CCA TTG TAC CTA TGC GAT GCT GAG ATC GCC GGT GCC AAG TCA GAT AAA GAA TAC GTT ATC GAT GAG GCA ATC GGT GAA CTA GTA CTA TGG CTA GAA AGG AGC CAA CTA CAG ACG GCC AAT AAG AAT AAT TTG TGG GCT ACT AGA CCA TGG GAA TGG TGC AAG GAT ATT GTC CCT GAG AAT AGT CCA CTG TAC AAT ACC TTC AAC GCC AGA GAA GAA AAT CCT TTT TCT TTC CAG CTT CCG GTT ACT CAT CTG CGA TCC AAG TAC AGA ATC GCC AGA AAT GGA TTA CCA GGT GTC GAG TTA AAC ACG GCT AGT TTT GCT TGC CAG GTC AAC TCT TAT AAT GGA CCT GTT GCT TGG GGT GAA AGA CAC GAA AAT GAG ATT ATT TCC CGA TTC AAC TAT GCT AAC CCA TTC ATG TAT CAC CTG GGT GAG ACG GCA GCT GAA AGA ATT TTT GCC ACT TAT GCA AAA ACT ATG ACT AGA TTA GAT AAT AAT CTA AGA GGT GGT GGT CGA AGA AGA TCT CCC ATC GAA ATG GTG CCA CAA GCC GCT CTT CTA TTG TGT ATG AAG TTG TAT GCT TCT TCT TTT ATC AAG AAT TCT CTT TAT AGC GAA AGA GTT GTT TAC AAC TTA ACC TCT AGA CGT AGG GCT TTG TAC TTG AAG GAG GAA AAA TGG ATC GAG GAA GAC TCC GCT ATC GAC TTT TTG CTA CAG TTG AGA TCT CCA GCC GTT ATA CAC AAG ACC GAA GAA CTT ACT AAG AAG GGA AAA AAG AAC TCT GTG ATC GAG GAA AGA CGA TTT GCT CCA TCC CTT TTG TGG CAG TAC GGT CTA CTA AGT TTT GGT AAA AGA AGA GTC ACT AAT ATC CTA GCT AAG ATC TCT TGT TCT AAT GGC ACT CTA CAG TTG CAA AAG GAA 
Agos                            CAC AAC GTG GGT CAG AGA AGA AAC AGG GCG AAG CTT AAA ACC CGG CTA ACC GAG TCG GCC AAG GTT GGT CTC TCT GAG GTT TTC GTA TCT TTG AGC TCT TTC AAG CGG ACA CAC CTA ATC GTC CTC GAC GAG AAT ACG CAC CGT CTT TGT ATC TCC CGG GAC GAC CGT TTC AAC ATT GTA AGC GTC TCG ACT CCT AAC TTT AGT CGC CAA ATC CTG CTC TGC GAG CCC ACG GAG AAT ATC GGG AAG CGG ACC TCC AGC CTG GTC TTC CAC CCC ATT TCG ACA CCT TTG TAC CAG TGT GAC GCG GAC TTC AGC GGG TGT ACG TCT GAC AAG ATG CAC GTA ATT GAC CAG GCT ATT GGG GAG CTG GAG CTT TGG CTA GAG AAG AGC CAG CTA CAG ACC GTG AGT AAG AAC AAT ACT TGG GAC ACC AGA CCT TGG GAG TGG TGT AAG GAT CTG GTG CCG GAA AAC AGC CCA GAC CAC AAT ACG TTC TCC AGC AGA GAG AGC AAT CCC TAC GCT TTC CAG CTT CCA GTG ACT CAC CTC CGG TCT AAG TAC CGC ATC TGT AGA AAC GGT ATG CCC GGG GTC GAC CTG AAC ACC GCC AGC CGC GCC TGT CAG GTG TCC TCG TAC AAC GGG CCG GTG GTT TGG GGT GAG CGT CAC GAG AAT GAA ATC ATC TCT CGG TTC AAC TAC GCG CCT CCG TTC TTT TAC GAG GTT GGG CAG ACG GCC GTG GAG CGT ATC TAC TGT ACT TAC GCC CAC GCC ATG ACG CGC ATG GAT AAT AAT CTA CGC GGC GGC GGG CGG AGA CGC TCA CCC ATT GAG GTC TGT CCA CAG TGT GGT CTT CTG TTG TGC GTC AAG CTC TAC GTT TCG TCG CGC ATT GCG AAC TCC CTT CAC TCG GAA CGC ATC GTG ACC AAC CTG ACC GCT CGG CGG AAG GTT TTG TGG CTA AAG GAA GAG AAG TGG ATC TAC GCA GAC TCC GCG ATT GAC TTC TTG CTA CAG TTG CGG GCT CCA GCC GTG TTG CAC AAG ACC GAG GAG CTT GTT AAG AAG GGT AAG AAG AAT TCC TGC GTC GCC GAG CGG CGG TAC GCG CCA TCG CTT TTG TGG CAG TAC GGG CTA CAG AGT TAC GGT AAG CGC CGG GTC GTT AAC ATT CAG GCC CGG GTC TCG TGC TCA AAT GGA ACC CTG CAC TTG CAG AAG GAG 
Klac                            CAC AAT GTT GCA CAA AAG AGA AAC AGA GCT AAG CTA CAA GCG CGG ATA ACT GAA TCC GCC AAG GCT GGT TTG TCA GAA GTT TTC GTG ACC CTA AGT ACC TTC AAG AGG ACT AAA CTA GTG ATT TTG GAT GAG AAT ACT AAA AGA CTA TGT GTG TCG AGA GAC GAT AGA TTC AAT ATT GTG GCT TTG TCT ACA CCA GCT TTC AGT ACC CAA ATC TTG CTC TGT GAG CCT ACT GAG AAT ATT GGT AAG ATG ACA TCG CAT TTG TTG TTC CAT CCA ATC GCC ACC CCA TTG TAT ACT TGT GAT ACA GAA TTC GCT GGG TGT ACT AGC GAT AAA GAA AAA ATA ATC GAT GAG GCA ATT GGT GAG ATG GAG GTA TGG TTG GAA AGA ACT CAG TTG CAA ACC GCT TCT AAG AAT AAT ACT TGG GAT ACT AGA CCA TGG GAA TGG TGT AAG GAT TTG GTA CCT GAA AAC AGT CCT TTG AAA AAT ACC TTC TCA GCT AGA GAA GAA AAT CCT TTC GCT TTC CAA TTG TCA GTA ACA CAT TTG AGG TCT AAG TAT AGA GTG TGT AGA AAT GGA TTA CCT GGT ATT GAA TTG AGC ACC GCC AGT TTC GCT TGT CAG GTA TCA TCA TAC AAT GGT CCT GTG GCT TGG GGT GAA AGA CAC GAA AAT GAA ATC ATT ACC AGG TTC AAT TAC ACA ACA CCT TTC CTT TAT GAA GTC GGT GAG AAG GCC GTG GAA AGA ATC TTC TGT ACA TAC GCC GCC GCT ATG ACT AGA TTA GAT AAT AAT TTG CGT GGT AGT GGG AGG AGA AGA TCT CCA ATT GAA TTG ACA CCT CAA TGT GCA CTA ATG TTG TGT GTC AAG CTC TAT GCT TCT TCA TTC ATC AGA AAC TCT TTG CAT GCC GAA AGA ATT GTC GCG AGC TTG ACT GCT CGG AGA AGA GCT TTA TGG CTA AAG GAA GAA AAA TGG ATT TAT GCT AAT TCA GCA ATT GAT TTC TTG TTG CAG TTG CGG GCT CCA GCC GTA ATG TAC AAA ACA GAA GAG TTG GTT AAG AAG GGA AAG AAG AAT TCT TTA AGA GAG GAA AGA AGG TTC GCT CCA TCC CTA TTG TGG CAG TAT GGG CTA ACT AGT TTC GGT CAT CGT AGA ATT GTT AAC ATT ACT GCC AGA AGA TCT TGT TCT AAT GGG ACC ATG GCT TTA CAA AAG GAA 
Calb                            CAC GAA ATG GCT CAA AGG AGA GGT AGA GCT AAG TTA AAG TCA AGG GAC ACT GAA AAC GCC AAA ATT GGT TTG GCA GCC ATT TTC GTG ACT ATA GAT ACT TTC AAG CGT ACC TTC TTA ATT GTC TTG GAT GAA AAT ACT TTC AGA TTA TCA ATT ACC CGT GAC GAT AGA ATC AAT ATA ATT GAA TTG TCT ACT CCA CCT TTT AGT ATA CAA ATT TTG TTG GTT GAA CCG ACT GAA AAT ATT GGT AAG CAT ACT ACC AAC TTG TTG TTC CAT CCA ATT ATA ATA CCA TTG TAC ACG TGT GAT GCA GAC ATC GAA GGC TCA ACC AGT GAT AAA GAA TTC ATC ATT GAC CAA GCC ATA GGT GAA ATT GAA TTA TGG TTA GAA AAA TCG AAC TTG CAA ACC GTT ACC AAG AAT AAT ACT TGG GAC ACC AGA CCA TGG GAT TGG TGT AAG GAT TTG ATC AAA GAG AAT AGT CCA ATT TTC AAT ACT TTC ATC GAA AGA GAA GAA TCG CCG TTT GCT TTC CAA TTA TCT GTA ACT CAT TTG CGT TCA AAA TAC CGT ATC TCA AGA GAA GGT TTG CCA GGT GTC GAC TTG AAT ACC GCT AGT TAC GCT TGT CAA ATC ATC TCA TAT GAA GGT AAA GTT ATT TGG GGT GAT AGA CAT GAA AAT GAA ATT ATT ACT CGT TTC AAC TAT GCA GAA GAA TTC ATG TAT GCC GAA GGT CAA GAG GCC TTG GAG AGA ATT TTT TCA ACT TAT GCC AAA ACT ATG ACT AGA TTG GAC AAT TCG TTG CGT GGT GGT GGC CGT AGA AGA AGT CCA ATC GAG TTG TTT CCA CAA TCA GCT TTA ATT TTG TGT GTC AAA ATG TAT ATT TCT TCA TAC ATT CAA GGT TCT TTA AAC ATA GAA CGT ATT TGT TCA AAT TTG ACT GCT AGG CGT AAA ATT TTG TGG TTA AAA GAG GAG AAG TGG ATT TAT GAA GAT AGT GCT ATA GGA ATT TTG TTA CAA TTA AGG GCT AGA GCT GTA TAC TCA ACT ACT GAA GAA TTA GTG AAG AAA GGT AAG AAA AAT TCT TGT AAT GCT GAA AGA CGT TTT GCT CCT TCT TTA TTG TGG GCC TAC GGC TTA ACG AGT TTT GGT AAA CGT AAT GTC GTG GGT ATC ACG GCT GAC AAT TCT TGT AGT AAT GGC ACT ATT GCC TTG CAA AAG GAA 



Printing out site pattern counts


         9        690  P

Scer                            AAA AAA AAA AAA AAA AAA AAA AAA AAC AAC AAC AAC AAC AAC AAG AAG AAG AAG AAG AAT AAT AAT AAT AAT AAT AAT AAT AAT AAT ACA ACA ACA ACA ACA ACA ACC ACC ACC ACC ACC ACC ACC ACC ACC ACC ACC ACT ACT ACT ACT AGA AGA AGA AGA AGA AGA AGA AGA AGA AGA AGA AGA AGC AGC AGG AGG AGG AGT AGT AGT AGT AGT AGT ATA ATA ATC ATC ATC ATC ATC ATC ATC ATG ATG ATG ATT ATT ATT ATT ATT ATT ATT ATT CAA CAA CAA CAA CAA CAC CAC CAC CAG CAG CAT CAT CAT CAT CCA CCA CCA CCA CCA CCA CCC CCG CCT CCT CCT CCT CGG CGT CGT CTA CTA CTA CTC CTG CTG CTG CTT CTT CTT CTT GAA GAA GAA GAA GAA GAA GAA GAA GAA GAA GAA GAA GAA GAA GAA GAA GAC GAG GAG GAT GAT GAT GAT GAT GAT GAT GCC GCC GCC GCG GCG GCG GCT GCT GCT GCT GCT GCT GCT GCT GCT GCT GGA GGC GGT GGT GGT GGT GGT GGT GGT GGT GTA GTA GTC GTC GTG GTT GTT GTT GTT GTT TAC TAC TAT TAT TAT TAT TCA TCA TCA TCC TCC TCT TCT TCT TCT TGC TGG TGT TGT TTA TTA TTA TTA TTA TTC TTC TTC TTG TTG TTG TTG TTG TTG TTT TTT 
Sbay                            ... ... ... ... ..G ..G ..G ..G ... ... ..T ..T ..T GGT ..A ... ... ... ... ..C ..C ..C ..C ... ... ... ... ... ... ... ... ... ... ... ..G ... ... ... ... ... ... ... ... ... ..T ..T ..C ..G ... ... ... ... ... ... ... ... ... ... ... ... ..G ..G ... ... ..A ..A ... ... ... ... ... ... ... ... ..T ... ... ... ... ..T ..T ..T ... ... GCA ..C ..C ..C ..C ... ... ... ... ... ... ... ... ... ... ... G.. ..A ... ..C ... ... ... ... ... ... ... ..T ..T ... ..A ..C ... ... ... ... ... ... ... ... T.. ..T ..C ... T.. ..C ... T.G T.G C.. ... ... ... ... ... ... ... ... ... ... ... ..G ..G ..G .CT ... ..A ..A ..C ..C ..C ..C ... ... ... .A. ..A ..T ..A ..A ... ..C ..C ..C ..C ..G ... ... ... ... T.C ..G ... ..C ... ... ... ... ... ... ... A.. ..G ... ..T ..A A.. ..C ..C ... ... ... ... ..C ..C ..C ... ... ... ..G ... ... ..A ..C ..C ... ..T ... ..C ... C.. ... ... ..G ..G ... ... ..T ..A ..A ... ... ... ... ... ... 
Smik                            ... ... ..G .CG ... ... ..G ..G ..T ..T ..T ..T ..T .G. ..A ... ... ... ... ... ... ... ... ... ... ... ... .C. GCC ... ... ... ... ..G ..G ... ... ... ... ... ..T ..T ..T C.. ..G ..T ... ... ... ... ... ... ... ... ... ... ... ... ..G C.C ... ..G ... ..T ..A TCT ..A .C. ... ... ... ... ... ... ..C .CT ..T ..T ..T ..A ... G.T ... ... ... ... ... ... ... ... ... ... ... ... ... ... ... ..G ... ... ... ..A ... ..C ... ... ... ... ... ... ... ... ... ..A ..A ... ... ... ... ... ... ... ... T.. T.. ... ..A ... T.. ..A ... ... ... C.. ... ... ... ... ... ... ... ... ... ..G ..G ... ... ... .CC ... ..A ..A ... ... ... ... ... ... ... .AT ... ... ..A ..C ... ..C ..C ... ... ..A ... ... ... ... ..C ..G ... ... ..C ..G ... ... ... ... ... ... ... ..G ..T A.C ..C ..G TG. C.G ... ... ..T ..C ..C ... ... ... ... ... ... ... ... ..G ... ... ... ... ... ... ... ... ... AGC ..G ... ..T ..T ... ... C.. ... ... ... ... ... 
Spar                            ... ... ..G ... ... ... ... ... ... ..T ... ... ..T ... ..A ..A ... ... ... ... ... ... ... ... ... ... ... .C. ... ... ... ... ..T ..G ... ... ... ... ... ... ... ... ..T ... ... ... ... ... ..C ..C ... ... ... ... ... ... ... ..G ... ... ... ..G ... ..T ..A ... ..A ... ... ... ... ... ... ... ... ... ... ..T ..T ... ... ..T ... ... ... ... ... ... ... ... ... ... ... ... ... ... ... ... ... ... ... ... ... ..C ... ... ... ... ... ... ..G ... ..C ... ..A ... ... ... ... ... ... ... T.. ... ..G ... ... ... ... ... ... ... ... C.. ... ... ... ... ... ... ... ... ..G ... ..G ... ... ... .CC ... ..A ... ..C ... ... ... ..C ... ... .AT ... ... ..A ... ... ... T.. ... ... ... ..C ... ... ... ..C ..G ... ... ... ... .C. ... ... ... ... ... ... ... ..T ... ..C ... ... ... ..G ..T ... ... ... ... ... ... ... ... ... ... ... ... ... ... ... ... ..C ... ... ... ... ... ... ... ... ... ... ... ... ... ... ... ... ... 
Ncas                            ... C.. .C. ..G ... ..G ..G ..G .GT ..T ..T ..T ... .TT ..A ... ..A ... ... ..C ..C ..C ... ..C ... ... G.. ... ..C ... ..T .TT ... ..T ..C ..A ... ... ..T G.T ..A ..T ..T G.A ... ..T ..C G.G ..A G.A .AT ... ... ... ... ... ..G ... ... ..G ... ... TCA TA. .AA ..A ... TCA .AC ... ... GC. T.. ..C ..T ..T ..A ... ... ..T ..T ..A ... T.. ... ... ... ... G.A ..G ... ... G.. ... ... ... ... ... ..T T.T G.A ... GCA ... AGC ... ... ... ... ..G ..T ... ..T ..T ..A ... ..A ..A ..A A.A A.A ... T.G T.. T.G T.A T.A T.. T.A G.G T.G ..A T.A C.. AG. ... ... ... ... ... ..G ..G ..G CT. ..G ... ... ... .CT ..T ..A ..A ..C ..C ... ... ... ..C ... .AA CAA ..T ..A ..A ..A ..C T.C ..C ... .TG ..C ... ... T.. ..A CAG ..A ..A ... ..C .C. ..A ... ... ... C.T ..G ..T ..T A.A TG. ... AC. ..C A.C ... ... ... ... ..C ... GGT ... ..G ... ..T ..G ... ..A ... ..T ... ... ... C.. A.G ..G G.G ... ... ... ... C.. ..A ... C.A ..A ... ..C ... 
Cgla                            ..G GCT ..G ... ..G ..G ... ... G.G ... ... .G. ..T GGA ... ... ... ..A ... ..C ..C ... T.C ... ... ... ... GC. ... ..T ..C ... ..T ..T ... ..G ... ..G .TA ..T TTG ..T ... G.T ..T ..T ... G.C .AG .GC ... ... ... ... ... ... ..G ... ... C.. ... ... TC. .A. .AA ..A .A. TCA .A. ... ... GCC TCC ... ..C ... ... ..T G.. ..G ..T ... ... ... ... ..C ..C ... ..A ..C ... G.. ..A ... ..G ..G ..G ... ... ... ... ..A G.A ..C A.C ... T.. ... ..T ... ... ..C ... ..A ... ... ..A ..A ... A.A A.A ... ... T.. ... ..T ..T ... T.A G.G ..G T.G T.G ..G .CC ... ... ... ..G ..G ... ..G ... A.G ... ... ... ..G ..G ... .TA ..A ..A ... ..C ... ... ... ..C .AA CTA ..T ..T ..A ..T ..A CAG ... ..C .T. ... ... ... T.. T.. ..C ..T ..A ... ... .C. ... ..A ... ... C.G ..C ..T ..T A.C TGC ..G AC. ... ... ... G.G ..C ... ... ..C AAT ..T ..T ... ... ..A ... ... ... GTG ... ..C ... ... ..G ..G C.. ..G ... ... ..T C.A A.C ... C.A ... ... ... ... 
Agos                            ..G CGG ..G ..G ..G ..G ..G ..G .G. ... ..T .G. ... ... ... ... CGC ... ... ..C ..C ..C .CC ..C ... .GC ..C G.C ... ..C ..C ..C ... T.C ... ..G ..G ... ... G.. ..T ..T ... G.G ..G ..G ..C GTG ..G T.G C.T .A. ... C.C C.C C.C .AG ... C.G C.G C.T ..G TC. CCT CAC ..A C.. TCG .A. ..C ... T.. TC. C.. ..C ..T ..T C.G G.. G.. ... G.. G.C T.T ... ..C ... ..C ..C ... ..C ..C T.G ... ..G ..G ..G ..G ... ... G.G ... GCA ..C TCC ..C ..C ... ..C ... ..C ..C ..T ..A ..A ..C ..G ... ..G ... ..G ..G ..G ..C ... ..T ..T G.T A.. TGC ..C ..C G.. C.G AGC ... ..G ..G ..C ..G AGC ... ..G .CG ..G ..G ..G ... .CC ... ... AT. ..G ..C ..C ..C ... ... ..C .A. CAG ... ... ..T .TT ..C CAC ..G ..C .TG .TG ..C ..G T.A ... ... ... ..G ..C ..G ... ... ... ..G ... .AC ..G ..G ..G ..A TGC ..A ... ..A ..G ... ... C.C ..C ..C .GG AGT ..G ..T ..T ..G ... ..G G.. ..C ..T ... ... ..C C.G ..G ..G C.T C.. ... ..T CG. C.A ..C ... C.A ... ... .AC ..C 
Klac                            ..G .TG ..G ... ..G ... ..G C.T C.T .G. ..T .CT ..T GCT ... ... .CC ..A ... ... ... ..C GCG ... ... .G. ..C G.. ... ..C ..T ..T ..T T.G ..C .AG ... ... ..A G.T ..T ..A ..A ..A ..T ..T ... G.. ... G.C ... CA. ... ... ... C.T ... ... ... ..G ... ... TCA .CA GCC .A. ..A TCC .A. ... ... T.. .CC ... G.G ..T ... T.G ..T G.. ... .GA T.. C.T ... ... ..C ... G.G ... ..C ... ..G ... ... ..G ..G ... ... T.. G.A ... GCT ..C TCA ... ... ..T ..T ... ..T ... ... ..A T.A ... ... ..A ... A.A ..G A.A A.G ..C T.G ..A T.. G.C T.A T.A T.G ..C G.. ..G .CT ... ... ..G ... ..G ... ... ... AG. ... ... ..G ... ..G A.T ... ..A ..A ... ... ... ... ... ... .A. A.T ..T ..A ..A ..T ..C ... ... ..C .TA .TG ..C ... T.. ... ..G A.T ... ... ..G .CA ... ..A ... ... T.G ... ..T ..G ... TG. ..G ... A.A ..C ..T ..T A.A ... ..C .GG ..T ..T ... ..T ... AGC ..A G.. ... ACA ... ... ... ..G ... ..G G.. C.. ... ... ... C.A ..C ... ... ... C.A ..C ..C 
Calb                            ... C.T ... ... ... .CT ..G ... ... ..T ..T TCG ..T CCT ..A ... .TA ... ... ..C ... GG. TCA G.A ... G.. ... G.C ... ..T ..T ..T ..C ..C .T. GAG ..T ... ..T ..T ..T ..T ..T G.A ..T ..T ..C GT. ..C .TA ... .AG ... ... C.T C.T .A. ... .AT C.T ... ... ..T GAA .AA ... GAC .AC TCG ... ... TCA .C. GAC ..C ..A ..T T.G G.. G.. ..T .AT T.. ... ... ... ... ... ... ..C ... ... TAC ... ... ... GCC ... ..T TCA GC. A.C G.A ..C ATC ... A.C ... ..G AG. ... ... ... ..T T.T ..G GAA ..A AAA A.A A.G ... A.T T.G T.G T.A T.A GAA T.. TG. T.G A.G A.. C.. ... ... ... ... ..C ... ... ..G ... C.. ... ..G ... ... .CT ..T ..A ..A ... ..C .GA ... ..C ... ... .A. A.G ..T ..T ..C ATT ..C ..C ... ... .TA TTG ... ... AG. ... ..C ..T ... ... ..C .C. ... ... ... ... A.T A.C A.G ..T A.T ... ..G ..G A.C TG. ... ..T .TC ... ... .GG A.C ..T G.. ..A ..T AG. ..A G.. ... .TT ... ... ... ..G ..G ..G ... ... ... ..T .A. ..A A.C ... ..A ..A A.A ... A.. 

    2    1    1    1    2    1    2    1    1    2    2    1    1    1    1
    3    1    1    3    1    1    3    2    3    2    1    1    1    4    1
    1    1    1    2    1    1    1    2    1    1    1    3    1    2    2
    1    1    1    1    2    2    1    2    2    2    2    2    3    1    5
    2    1    1    1    1    1    1    1    2    2    2    5    3    1    1
    3    2    2    3    1    1    2    3    1    1    1    1    2    2    2
    2    1    1    1    2    2    1    3    1    1    2    1    1    1    2
    2    1    2    1    1    1    2    2    1    1    1    1    1    2    1
    3    2    3    1    2    4    3    1    2    1    3    1    1    2    3
    1    5    2    2    2    1    2    1    1    1    3    1    1    1    1
    1    1    2    1    1    3    1    1    1    1    3    1    1    1    4
    3    1    1    1    2    1    2    1    2    1    1    1    2    1    3
    2    1    2    3    2    1    2    1    1    1    1    1    2    1    1
    3    1    4    2    3    1    1    3    1    1    1    1    2    2    2
    1    7    3    2    3    2    2    1    1    7    1    2    2    2    2
    2    1    1    4    1

CODONML (in paml version 4.9j, February 2020)  temp.nuc
Model: One dN/dS ratio, 
Codon frequency model: Fequal
ns =   9  ls = 391

Codon usage in sequences
--------------------------------------------------------------------------------------------------------------------------------------
Phe TTT   5   7   8   5   1   7 | Ser TCT   7   2   6   8   7  13 | Tyr TAT  10   1   5  13   8   6 | Cys TGT   5   3   7   2  10   2
    TTC  10   8   7  10  14   8 |     TCC   2   7   2   2   2   6 |     TAC   4  13   9   1   8  10 |     TGC   1   3   1   4   0   4
Leu TTA   9  10  10  12  15   6 |     TCA   5   5   5   5   7   2 | *** TAA   0   0   0   0   0   0 | *** TGA   0   0   0   0   0   0
    TTG  10  12  11  10  15  12 |     TCG   0   1   2   0   2   0 |     TAG   0   0   0   0   0   0 | Trp TGG   7   7   7   7   7   7
--------------------------------------------------------------------------------------------------------------------------------------
Leu CTT   6   7   5   6   1   7 | Pro CCT   5   8   5   5   5   4 | His CAT   6   5   5   5   5   2 | Arg CGT   5   5   5   5   2   2
    CTC   4   4   4   4   0   0 |     CCC   1   2   2   3   0   2 |     CAC   4   3   5   5   0   5 |     CGC   0   0   5   0   0   0
    CTA   6   7   7   1   7  13 |     CCA   9   6  11   7  10   9 | Gln CAA   9  12   9  11  15   5 |     CGA   0   0   0   0   0   5
    CTG   6   1   4   8   2   5 |     CCG   1   0   0   1   1   1 |     CAG   2   1   4   2   2   6 |     CGG   1   1   1   1   0   0
--------------------------------------------------------------------------------------------------------------------------------------
Ile ATT  12  12  19  19  15   7 | Thr ACT   5   6  16   5  11  14 | Asn AAT  19  16  21  21  13  18 | Ser AGT  15  15  15  16   5   4
    ATC  14  16   3   7   7  15 |     ACC  16  14   6  18   7   3 |     AAC   8  10   0   5  15   9 |     AGC   2   2   3   1   2   3
    ATA   2   2   2   2   5   5 |     ACA   7   6   4   4   6   2 | Lys AAA  11   6   7  14   7   6 | Arg AGA  25  24  20  23  24  23
Met ATG   5   4   5   5   8   6 |     ACG   0   2   6   2   0   3 |     AAG   9  14  12   6  12  17 |     AGG   3   4   2   5   8   2
--------------------------------------------------------------------------------------------------------------------------------------
Val GTT   6   3   4   5   4   7 | Ala GCT  15   8   8  14  14  17 | Asp GAT  10   3  11   8   8   6 | Gly GGT  16  15  12  14   9  11
    GTC   2   4   1   2   1   5 |     GCC   5   6  15   7   5  10 |     GAC   1  11   1   4   4   3 |     GGC   1   3   2   1   3   1
    GTA   3   1   3   3   2   1 |     GCA   0   6   3   1  12   4 | Glu GAA  29  23  26  25  22  20 |     GGA   1   0   0   0   4   5
    GTG   1   2   2   2   6   3 |     GCG   6   6   4   5   1   0 |     GAG   2   5   2   3   5  12 |     GGG   0   1   4   1   0   0
--------------------------------------------------------------------------------------------------------------------------------------

--------------------------------------------------------------------------------------
Phe TTT   2   0   6 | Ser TCT   6   9   7 | Tyr TAT   0   6   6 | Cys TGT   9  11   7
    TTC  10  17  11 |     TCC   7   2   0 |     TAC  13   4   6 |     TGC   4   0   0
Leu TTA   0   5  14 |     TCA   2   7  11 | *** TAA   0   0   0 | *** TGA   0   0   0
    TTG   9  24  23 |     TCG   9   2   3 |     TAG   0   0   0 | Trp TGG   8   8   8
--------------------------------------------------------------------------------------
Leu CTT   8   1   0 | Pro CCT   4   8   2 | His CAT   0   5   4 | Arg CGT   4   2  11
    CTC   5   2   0 |     CCC   5   0   0 |     CAC  12   2   1 |     CGC   9   0   0
    CTA   8   8   0 |     CCA   5   7   8 | Gln CAA   1   7  11 |     CGA   0   0   0
    CTG   8   0   0 |     CCG   3   0   2 |     CAG  14   4   0 |     CGG  14   3   0
--------------------------------------------------------------------------------------
Ile ATT   8  12  23 | Thr ACT   4  13  18 | Asn AAT  10  17  16 | Ser AGT   3   6   8
    ATC  10   6  10 |     ACC  10   9   8 |     AAC  13   4   5 |     AGC   9   3   0
    ATA   0   2   8 |     ACA   2   9   0 | Lys AAA   1   7  13 | Arg AGA   6  24  14
Met ATG   4   6   4 |     ACG   6   0   3 |     AAG  20  16  10 |     AGG   1   5   4
--------------------------------------------------------------------------------------
Val GTT   8   4   3 | Ala GCT   4  18  13 | Asp GAT   2   9   9 | Gly GGT   7   9  15
    GTC   9   3   4 |     GCC   9   9   8 |     GAC  12   1   8 |     GGC   2   0   4
    GTA   3   5   2 |     GCA   1   4   3 | Glu GAA   4  22  27 |     GGA   1   2   1
    GTG   9   7   3 |     GCG   6   2   0 |     GAG  20   9   6 |     GGG   8   4   0
--------------------------------------------------------------------------------------

Codon position x base (3x4) table for each sequence.

#1: Scer           
position  1:    T:0.19182    C:0.16624    A:0.39130    G:0.25064
position  2:    T:0.25831    C:0.21483    A:0.31714    G:0.20972
position  3:    T:0.37596    C:0.19182    A:0.29668    G:0.13555
Average         T:0.27536    C:0.19096    A:0.33504    G:0.19864

#2: Sbay           
position  1:    T:0.20205    C:0.15857    A:0.39130    G:0.24808
position  2:    T:0.25575    C:0.21739    A:0.31458    G:0.21228
position  3:    T:0.29668    C:0.27110    A:0.27621    G:0.15601
Average         T:0.25149    C:0.21569    A:0.32737    G:0.20546

#3: Smik           
position  1:    T:0.20460    C:0.18414    A:0.36061    G:0.25064
position  2:    T:0.24297    C:0.24297    A:0.29923    G:0.21483
position  3:    T:0.38875    C:0.16880    A:0.27366    G:0.16880
Average         T:0.27877    C:0.19864    A:0.31117    G:0.21142

#4: Spar           
position  1:    T:0.20205    C:0.16368    A:0.39130    G:0.24297
position  2:    T:0.25831    C:0.22251    A:0.31458    G:0.20460
position  3:    T:0.38619    C:0.18926    A:0.27621    G:0.14834
Average         T:0.28218    C:0.19182    A:0.32737    G:0.19864

#5: Ncas           
position  1:    T:0.24552    C:0.12788    A:0.37084    G:0.25575
position  2:    T:0.26343    C:0.23018    A:0.31714    G:0.18926
position  3:    T:0.30179    C:0.17391    A:0.34783    G:0.17647
Average         T:0.27025    C:0.17732    A:0.34527    G:0.20716

#6: Cgla           
position  1:    T:0.21228    C:0.16880    A:0.35038    G:0.26854
position  2:    T:0.27366    C:0.23018    A:0.31969    G:0.17647
position  3:    T:0.32481    C:0.21483    A:0.27110    G:0.18926
Average         T:0.27025    C:0.20460    A:0.31373    G:0.21142

#7: Agos           
position  1:    T:0.20205    C:0.25575    A:0.27366    G:0.26854
position  2:    T:0.25831    C:0.21228    A:0.31202    G:0.21739
position  3:    T:0.20205    C:0.35550    A:0.08696    G:0.35550
Average         T:0.22080    C:0.27451    A:0.22421    G:0.28048

#8: Klac           
position  1:    T:0.24297    C:0.12532    A:0.35550    G:0.27621
position  2:    T:0.26087    C:0.25320    A:0.28900    G:0.19693
position  3:    T:0.33248    C:0.15857    A:0.27877    G:0.23018
Average         T:0.27877    C:0.17903    A:0.30776    G:0.23444

#9: Calb           
position  1:    T:0.26087    C:0.09974    A:0.36829    G:0.27110
position  2:    T:0.28389    C:0.21995    A:0.31202    G:0.18414
position  3:    T:0.37852    C:0.16624    A:0.28645    G:0.16880
Average         T:0.30776    C:0.16198    A:0.32225    G:0.20801

Sums of codon usage counts
------------------------------------------------------------------------------
Phe F TTT      41 | Ser S TCT      65 | Tyr Y TAT      55 | Cys C TGT      56
      TTC      95 |       TCC      30 |       TAC      68 |       TGC      17
Leu L TTA      81 |       TCA      49 | *** * TAA       0 | *** * TGA       0
      TTG     126 |       TCG      19 |       TAG       0 | Trp W TGG      66
------------------------------------------------------------------------------
Leu L CTT      41 | Pro P CCT      46 | His H CAT      37 | Arg R CGT      41
      CTC      23 |       CCC      15 |       CAC      37 |       CGC      14
      CTA      57 |       CCA      72 | Gln Q CAA      80 |       CGA       5
      CTG      34 |       CCG       9 |       CAG      35 |       CGG      21
------------------------------------------------------------------------------
Ile I ATT     127 | Thr T ACT      92 | Asn N AAT     151 | Ser S AGT      87
      ATC      88 |       ACC      91 |       AAC      69 |       AGC      25
      ATA      28 |       ACA      40 | Lys K AAA      72 | Arg R AGA     183
Met M ATG      47 |       ACG      22 |       AAG     116 |       AGG      34
------------------------------------------------------------------------------
Val V GTT      44 | Ala A GCT     111 | Asp D GAT      66 | Gly G GGT     108
      GTC      31 |       GCC      74 |       GAC      45 |       GGC      17
      GTA      23 |       GCA      34 | Glu E GAA     198 |       GGA      14
      GTG      35 |       GCG      30 |       GAG      64 |       GGG      18
------------------------------------------------------------------------------


Codon position x base (3x4) table, overall

position  1:    T:0.21824    C:0.16113    A:0.36147    G:0.25916
position  2:    T:0.26172    C:0.22705    A:0.31060    G:0.20063
position  3:    T:0.33191    C:0.21000    A:0.26598    G:0.19210
Average         T:0.27063    C:0.19939    A:0.31268    G:0.21730

Codon frequencies under model, for use in evolver (TTT TTC TTA TTG ... GGG):
  0.01639344  0.01639344  0.01639344  0.01639344
  0.01639344  0.01639344  0.01639344  0.01639344
  0.01639344  0.01639344  0.00000000  0.00000000
  0.01639344  0.01639344  0.00000000  0.01639344
  0.01639344  0.01639344  0.01639344  0.01639344
  0.01639344  0.01639344  0.01639344  0.01639344
  0.01639344  0.01639344  0.01639344  0.01639344
  0.01639344  0.01639344  0.01639344  0.01639344
  0.01639344  0.01639344  0.01639344  0.01639344
  0.01639344  0.01639344  0.01639344  0.01639344
  0.01639344  0.01639344  0.01639344  0.01639344
  0.01639344  0.01639344  0.01639344  0.01639344
  0.01639344  0.01639344  0.01639344  0.01639344
  0.01639344  0.01639344  0.01639344  0.01639344
  0.01639344  0.01639344  0.01639344  0.01639344
  0.01639344  0.01639344  0.01639344  0.01639344


TREE #  1:  (((((1, 4), (3, 2)), 5), 6), ((7, 8), 9));   MP score: 1215
This is a rooted tree.  Please check!
lnL(ntime: 16  np: 18):  -6885.255016      +0.000000
  10..11   11..12   12..13   13..14   14..1    14..4    13..15   15..3    15..2    12..5    11..6    10..16   16..17   17..7    17..8    16..9  
 0.208439 0.112094 0.583623 0.093730 0.068487 0.134977 0.000004 0.353962 0.355909 0.743059 0.662873 0.161082 0.305100 1.263720 0.722397 1.449349 1.741934 0.087042

Note: Branch length is defined as number of nucleotide substitutions per codon (not per neucleotide site).

tree length =  7.218804

(((((1: 0.068487, 4: 0.134977): 0.093730, (3: 0.353962, 2: 0.355909): 0.000004): 0.583623, 5: 0.743059): 0.112094, 6: 0.662873): 0.208439, ((7: 1.263720, 8: 0.722397): 0.305100, 9: 1.449349): 0.161082);

(((((Scer: 0.068487, Spar: 0.134977): 0.093730, (Smik: 0.353962, Sbay: 0.355909): 0.000004): 0.583623, Ncas: 0.743059): 0.112094, Cgla: 0.662873): 0.208439, ((Agos: 1.263720, Klac: 0.722397): 0.305100, Calb: 1.449349): 0.161082);

Detailed output identifying parameters

kappa (ts/tv) =  1.74193

omega (dN/dS) =  0.08704

dN & dS for each branch

 branch          t       N       S   dN/dS      dN      dS  N*dN  S*dS

  10..11     0.208   852.2   320.8  0.0870  0.0180  0.2063  15.3  66.2
  11..12     0.112   852.2   320.8  0.0870  0.0097  0.1110   8.2  35.6
  12..13     0.584   852.2   320.8  0.0870  0.0503  0.5777  42.8 185.3
  13..14     0.094   852.2   320.8  0.0870  0.0081  0.0928   6.9  29.8
  14..1      0.068   852.2   320.8  0.0870  0.0059  0.0678   5.0  21.8
  14..4      0.135   852.2   320.8  0.0870  0.0116  0.1336   9.9  42.9
  13..15     0.000   852.2   320.8  0.0870  0.0000  0.0000   0.0   0.0
  15..3      0.354   852.2   320.8  0.0870  0.0305  0.3504  26.0 112.4
  15..2      0.356   852.2   320.8  0.0870  0.0307  0.3523  26.1 113.0
  12..5      0.743   852.2   320.8  0.0870  0.0640  0.7355  54.6 236.0
  11..6      0.663   852.2   320.8  0.0870  0.0571  0.6561  48.7 210.5
  10..16     0.161   852.2   320.8  0.0870  0.0139  0.1594  11.8  51.2
  16..17     0.305   852.2   320.8  0.0870  0.0263  0.3020  22.4  96.9
  17..7      1.264   852.2   320.8  0.0870  0.1089  1.2508  92.8 401.3
  17..8      0.722   852.2   320.8  0.0870  0.0622  0.7150  53.0 229.4
  16..9      1.449   852.2   320.8  0.0870  0.1249  1.4346 106.4 460.3

tree length for dN:       0.6219
tree length for dS:       7.1453


Time used:  0:09
