      9   1179

Scer                            GTA GGG GGG ATC CCT CTC ATC TTG ATT CAA AGA ATA GTG ACC ATG TTA GAA AGT AGA AAA CGT GCC CAG GTG ATA ATA TAT ATC ATT AGG GAC ACT TAC TCG TGG TTG ACG TTA TGT ATG CTA GTG CGT AAA CGT TTC AAA ATT TCA AAT CGT GGT GTG AAT GTT AAG GCG AGA TCG GGT GCA CGT AGA AAT AGT GCT ATT CTA TAC GTT TTG ACC TAT AAT TCC GTT GGT GAA ACT TAT CTA ATC GAG CTA GAG ATT CAT AAG TAC TCC GGT ACC GGT AGA AAT TAC GAG CTA TAC CCC CGT CAA GCA GGT TCT AAC AAA GAA ATT GAC AAG CAA AAT ATT GTA TAT AAT TCC CGT TTC GCA CAG GGT ATA ATA CGT TTA AGA GAC ACT AAA CAA ATC GCA AAG GAG ATG GAT GCG GTT TTA GAT AAA AAA CAA GTT GAT AGA AGC AGA TTG CAA TTA AGA ATT GAT AAA GAG GTG GAC ATG TTA CGT TCA GTA ACT ACC TAT ATT TAC GAC GAT GAA TAT CGT CCA CTA TCC GCT AAA CCT AAC AAG GGT GGT ATT CTA GGT TTT AAA ACC ATG GAA GGG AGT GTG AAT ACT AGA TTA GGT TCA TCT GTC GAA AGA AAC ATT GAA CAA CCT ATC GGT GAA ATC CTG TCC TTC AAT AAT AAG TAT AGG GAA ACT AAG CGT GGT AAC GAC GTG CAT GAT CAG AGA TAC ACC TCA GAG AAC TTA GAA AAG GTT TCG AGG GAG TCA GCA GCT ATT TCG GAG CCA TCC CTA GAA GCC CGT ATC TTG ATA CCA TCC GAA ATG TTG GAC GCT GAC TTG CTC AAA TAC GTA CCA GAC GTA GAA AAA GAC AAG AAA ATC ACA AAA TAC TCG TCC GTT TTA GCA GTG GTC ATT AGT GAC AAC GTT ATT TTC GGG GAA TAC AGA TTG GGT TAT ATT CGT CAT GAG GCA TTC GTA CAA ATC GTT TAC AAG AGA AGT TTG CCC ATG CTG AAG TTC GAG CAG ACG GCC GAC TTA CTG ACG GAG GTC AGA TTA ACT GAC AAC CGT GAT GTA GTT AAT GAA GTG CAA ACC GGT CAA TTT GCG GAT CGT AGA ATC ATT AGA AAG TTG GGG TCC ATT GGT AGA GAC CAT TAT GAC GAA CTA AAA CTA AAA CAA AAT GTG AAT GGT CTC GAG CTA GTC CCT AAG TTA GTT GTC TTT 
Sbay                            GTT GGT GGG ATC CCT CTT ATC TTG ATT CAT AGA ATA GTA ACC ATG TTG GAG AGT AGA AAG CGT GCC CAA GTG ATA ATA TAT GTC ATT AGG GAC ACT TAC TCG TGG TTA ACT TTA TGT ATG TTG GTA CGT GAT CGT TTC AAA ATT TCT AAT CGT GGT GTA AAC GTC AAG GCA AGG TCG GGT GCT CGT AGA AAC AGT GCC ATT TTG TAT ATA TTG ACT TAC AAT TCA GTC GGT GAA ACT TAT CTA ATC GAG CTT GAA ATC CAC AAG TAT TCC GGT ACC GGT AGA AAT TAC GAA TTG TAC CCA CGG CAA GCA GGT TCT AAT AAG GAA ATC AGC GAT CAA AAC ATC GTG TAT AAT TCC CGT TTC GCA CAA GGT ATA ATA CGT TTA AGA GAC ACC AAG CAA GTC GCA AAG GAT ATG GAC GCG GTT TTA GAC AAG AAG CAA GTT GAC AGG AGT AGG CTG CAA TTG AGG ATC GAT AAA GAG GTG GAC ACG TTA CGT TCA GTT ACC GCC TAC ATC TAC GAC GAC GAA TAC CGT CCA TTG TCC GCT AAG CCT AAC AAG GGT GGT ATC CTA GGT TTT AAG GCC ATG GAG GGG AGT GTG AAT ACT AGA TTG GGT TCA TCT GTC GAA AGG AAT ATT GAA CAT CCT ATC GGT GAA ATC TTG TCT TTC AAC AAT AAG TAC AGA GAA ACT AAG CGT GGT AAC GAT GTT CAC GAT CAA AGA TAC ACC TCA GAG AAT TTG GAA AAG GTC TCG AGG GAG TCA GCT GCC ATT TCG GAA CCA TCC CTA GAA GCC CGT ATC TTA ATA CCT TCC GAA ATG TTA GAC GCT GAC TTA CTT AAA TAC GTG CCA GAC GTT GAA GAT GAT AAG AAG ATC ACT AAA TAT TCG TCC GTT TTG GCA GTA GTC ATC AGT GAC AAT GTC ATT TTC GGT GAG TAT AGA CTA GGC TAC ATT CGT CAC GAG GCT TTC GTG CAA ATC GTT TAT AAG AGG AGT TTG CCC ATG TTG AAG TTC GAG CAA ACG GCC GAT TTG CTG ACG GAG GTC AGA TTA ACG GAC AAC CGT GAT GTG GTT AAT GAA GTT CAG ACT GGT CAA TTC GCC GAT CGT AGA ATT ATC AGA AAG TTG GGC TCA ATT GGT AGG GAC CAT TAT GAC GAG CTA AAG CTA AAG CAA AAT GTG AAT GGT CTT GAG TTG GTC CCC AAG TTG GTT GTC TTT 
Smik                            GTT GGA GGA ATC CCT CTC ATC TTG ATC CAA AGA ATA GTA ACT ATG TTG GAG AGT AGA AAA CGT GCC CAA GTT ATA ATA TAT ATC ATT AGG GAC ACC TAC TCG TGG TTG ACT TTA TGT ATG TTA GTA CGT AAG CGT TTC AAA ATT TCA AAT CGT GGT GTA AAT GTT AAG GCG AGA TCA GGT GCA CGT AGA AAT AGT GCT ATC TTA TAT GTT TTG ACT TAC AAT TCT GTT GGT GAA ACC TAT CTA ATC GAG CTT GAA ATT CAC AAG TAT TCC GGT ACC GGT AGA AAT TAC GAA TTA TAT CCG CGT CAA GCA GGC TCT AAC AGA GAA ATT GAT AAG CAA AAC ATC GTG TAT AAT TCC CGT TTC GCA CAA GGT ATA ATA CGT TTA AGA GAT ACG AAG CAA ATC GCG AAG GAC ATG GAT GCG GTT TTA GAT AAG AAA CAG GTT GAT AGA AGT AGA CTG CAA TTG AGA ATC GAT AAA GAG GTG GAC ATG CTC CGT TCA GTT ACG ACC TAC ATT TAC GAT GAT GAA TAC CGT CCA TTA TCC GCT AAG CCT AAC AAG GGT GGT ATT TTA GGT TTT AAG ACC ATG GAA GGT AGT GTG AAC ACT AGA TTG GGT TCT TCA GTC GAA AGA AAT ATT GAA CAA CCT ATC GGT GAA ATC CTA TCT TTC AAT AAC AAG TAC AGG GAA ACC AAG CGT GGT AAC GAT GTT CAC GAT CAA AGA TAC ACC TCA GAA AAT TTG GAA AAG GTT TCA AGG GAG TCA GCA GCT ATT TCA GAA CCA TCC TTA GAG GCC CGT ATC TTG ATA CCA TCC GAA ATG CTG GAC GCT GAC CTG CTC AAA TAT GTG CCA GAC GTG GAA AAG GAT AAG AAG ATC ACA AAA TAC TCG TCC GTT TTG GCA GTA GTC ATT AGT GAC AAT GTT ATC TTC GGA GAA TAC AGA TTA GGT TAC ATT CGT CAC GAG GCT TTC GTG CAA ATC GTT TAT AAA AGA AGT TTG CCT ATG CTG AAA TTC GAG CAA ACA GCC GAT TTG TTG ACA GAG GTC AGA TTA ACT GAC AAC CGT GAT GTG GTT AAT GAA GTG CAA ACT GGT CAG TTC GCG GAC CGT AGA ATC ATC AGA AAG TTG GGA TCT ATC GGT AGA GAC CAT TAT GAT GAG TTA AAG TTA AAG CAA AAT GTT AAT GGT CTC GAG TTA GTC CCT AAG TTG GTT GTC TTT 
Spar                            GTT GGG GGG ATC CCT CTC ATC TTG ATT CAA AGA ATA GTG ACC ATG TTG GAA AGT AGA AAA CGT GCC CAG GTG ATA ATA TAT ATC ATT AGG GAC ACC TAC TCG TGG TTG ACA TTA TGC ATG CTG GTA CGT AAG CGT TTC AAA ATT TCA AAT CGT GGT GTG AAT GTT AAG GCA AGA TCG GGT GCA CGT AGA AAT AGC GCT ATT CTG TAC GTT TTG ACC TAC AAT TCC GTT GGT GAA ACC TAT CTA ATC GAG CTT GAG ATT CAC AAG TAC TCC GGT ACC GGT AGA AAT TAC GAG CTG TAC CCA CGT CAA GCA GGT TCT AAC AAA GAA ATT GAC AAG CAA AAT ATC GTA TAT AAT TCT CGT TTC GCA CAG GGT ATA ATA CGT TTA AGA GAT ACC AAA CAA ATC GCA AAG GAC ATG GAT GCG GTT TTA GAC AAG AAA CAA GTT GAT AGA AGC AAA TTG CAA TTA AGA ATC GAC AAA GAA GTG GAC ATG TTA CGT TCA GTT ACC ACC TAT ATT TAC GAT GAT GAA TAT CGT CCA CTG TCT GCA AAA CCA AAC AAG GGT GGT ATT TTA GGT TTT AAA ACC ATG GAA GGA AGT GTG AAC ACT AGA TTA GGT TCA TCT GTC GAA AGA AAC ATT GAA CAA CCT ATC GGT GAA ATT CTG TCG TTC AAT AAC AAG TAC AGG GAA ACT AAG CGT GGT AAC GAT GTG CAC GAT CAG AGA TAC ACC TCA GAA AAT TTG GAA AAG GTT TCG AGG GAA TCA GCA GCA ATT TCG GAG CCA TCT TTA GAA GCC CGT ATC TTG ATA CCA TCC GAA ATG TTG GAT GCT GAC TTG CTC AAA TAC GTA CCA GAC GTG GAA AAG GAT AAG AAG ATC ACA AAA TAC TCG TCC GTT TTA GCA GTA GTC ATT AGC GAC AAC GTT ATT TTC GGG GAA TAC AGA CTA GGT TAC ATT CGT CAC GAG GCA TTC GTA CAA ATC GTT TAC AAG AAA AGT TTG CCC ATG CTG AAG TTC GAG CAA ACA GCC GAT TTA CTG ACA GAG GTC AGA TTA ACC GAT AAT CGT GAT GTA GTT AAT GAA GTG CAA ACC GGT CAA TTC GCG GAC CGT AGA ATT ATC AGA AAG TTG GGA TCT ATT GGT AGA GAC CAT TAT GAT GAA TTA AAA TTA AAA CAA AAT GTG AAT GGT CTC GAA CTG GTC CCT AAG TTA GTT GTC TTT 
Ncas                            GTG GGT CAA ATC CCT TTA ATT CTA ATC GAT AGA CTT GTT ACA GTA TTA GAT AGT AGG AAA CGT CTT CAA GTG ATT ATT TAC ATA ATT AGG GAT ACC TAT TCG TGG CTT ACT TTA TGT ATG TTG GTA CGT AAC CGT TTC AAA ATT TGT AAT CGT GGT GTT AAT GTA AAG GCA CGT TCA GGT GCC CGT AGA AAT AGT GCT CTT TTG TAT TTA ATG ACA TTC AAT TCC GTA GGT GAA ACC TAT CTT ATT GAG CTA GAA ATT CAT AAA TAT TCC GGC ACT GGT AGA AAC TAT GAA TTG TAC CCA CGT CAA GCT GGT TCA AAT AAG GAA ATT GAC AAG CAA AAT GTG GTT CTA AAC TCC CGT TTC GCT CAA GGC ATA CTT AGA TTG AGA GAT ACT GAA CAA ATA GCA AAG GAT ATG GAT GTT GTT TTA GAC AAA AAA CAA GTC GAC AGA AGT AAA CTG CAA TTA CGT GTG GAT AAG GAA GTT GAT TCC CTT CGT TCA GTG ACT GCT TAT ATT TAT GAT GAT GAA TAT CGT CCG TTG TCC GCC AAG CCT AAT AAG GGT GGT ATA TTA GGT TTT GAA GCT ATT GAG GGG AGT GTT AAT ACG AGA TTA GGT GCT TCT GTT GAA AGA AAT GTG GAA GAT CCT ATC GGT GAA ATT ATG TCG TTC AAT AAT AAG TTC AGA GAA ACC AAG CGT GGT AAT GAC GTG CAT GAC CAA AGG TAC ACT TCA GAA AAT TTA GAA AAG GTA TCA AGG GAA TCA GCC GCT ATC TCC GAA CCA TCC TTA GAA CGC CGT ATT TTA ATA CCA TCC GAA ATG TTA GAC GCG GAT TTA TTA AAG TAC GTT CCG GAT GTT GAA AAC GAC AAA AAA ATT ACA AAA TAT TCG ACG CAT TTG GCT GTA GTG ATT AGT GAT AAT GTA ATT TTC GGT GAG TAT AGA TTG GGT TTC ATT CGT CAT GAG GCT TTT GTT CAG ATT GTC TAT AAG AAA AGT TTA CCG ATG TTG AAG TAT GAC CAA ACC CGC GAC TTG TTA ACC GAC GTT AGG TTA ACA GAC GGT CGT GAT GTT CAT AAT GAA GTC CAA ACA GGT CAA TTT GCC GAT CGT AGG ATT GTG CGT AAG CTA TCT TCT ATT GGT CGT GAT CAT CTA GAT GAT TTA AAG TTA AAG CAA AAT GTG AAT GGT TTA GAG TTG GTG CCA AAG TTG GTT GTT TTT 
Cgla                            GTC GGT GAT ATC CCT TTA ATC TTG ATC GAT CGT TTG GTA ACC GTC TTG GAC AGC AGG AAG CGT ATC CAG GTG ATC ATC TAC GCC ATC CGG GAC ACT TAC GCG TGG CTG ACG CTG TGT TTG CTG GTG CGT AAG CGT TTT AAA ATC TCC AAC CGT GGT GTA AAC GCG AAG GCA AGG TCT GGT GCT CGT AAG AAC ACC TGC GTG CTG TAC GTG ATC ACC TTT AAC TCT GCG GGT GAA ACT TAC CTG ATT GAG AAG GAG ATT CAC AAG TAC TCT GGC ACT GGT AGA AAC TAC GAG CTG TAC GCG CGT CAG GCC GGC TCG AAC AAA GAG ATC CAG AGG CAG AAC ATT GTG TTC AAC TCC CGC TTC TGC CAG GGC ATA TTG AGG TTG AGA GAC ACT GAG CAA GCC GCT CGC GAG ATG GAC CTG GTG CTG GAC AAG AAG CAG GTT GAC AGA AGC AAG CTA CAA TTG AGG ATT GAT AAG GAA GTG GAC ACT CTA CGT TCC GTC ACT GCC TAC ATT TAC GAT GAC GAG TAC CGT CCT CTG TCC GCG AAG CCA AAT AAG GGT GGT ATA TTG GGT TTT GAG GCC ATG GAG GGC AGC GTG AAT ACT AAG TTG GGT GCT TCC GTC GAG AGA AAC ATT GAG GAT CCT ATC GGT GAA ATC CAC TCG TTT AAC AAT AAG TTT AAG GAA ACC AAG CGC GGT AAT GAC GTG CAT GAT CAG AGG TAC ACT TCC GAC AAC TTG GAA AAG GCG TCT CAG GAA TCC GCT GCG ATC TCT GAG CCT TCC TTG GAG GCG CGT ATC CTG ATA CCA TCT GAG ATG CTG GAT GCC GAC CTG TTA AAG TAC GTG CCT GAC ATA GAG AAG GAC AAG AAG ATC ACG AAG TTC GCG AGC GTG CTA GCC GTG GTC ATT ACC GAC AAC GCG ATA TTT GGT GAG TTC CGG TTA GGT TTT ATC CGT CAT GAG GCG TTT GTG CAG ATC GTT TAC AAG AAG AGC TTG CCG ATG TTA AAG TTC GAA CAG ACG GCG GAC CTA TTG ACG GAA GTT AGG CTG ACG GAT AAC CGT GAC GTG GTG AAC GAG GTG CAG ACC GGT CAA TTC GCG GAC CGC AGG ATT ATT AGA CGC TTG GGT TCC ATT GGT AGG GAC CAC TTC GAC GAC TTG AAG TTG AAG CAG AAT GTG AAC GGT TTA GAT CTG GTC CCC AAG CTA GTG GTT TTC 
Agos                            GTC GGT GAG ACT CCA TTG ATC CTG ATC GCG AGA ATC GTG ACG ATT CTA AAC AGT AGG AAA CGT GCG CAA GTG ATC ATT TAC GCC ATC CGG GAC ACA TAC TCG TGG CTA ACG TTG TGC ATG TTG GTC CGT TCT CGT TTT AAA ATC TCC AGC CGT GGT GTG AAC GCG AAG GCA CGC GTG GGT GCG CGT TCC AAC AGT ACG ATG TTG TAC GTC CTC ACC TTC AAT TCG GCG GGT GAG ACA TAC CTC ATC GAG CTG GAG ATT CAC CGT TAC TCC GGA ACC GGT CGC AAT TAC GAG TTG TAC TCG CGG CAG GCC GGC TCG AAC CTG GAA GTG GAA AAA CAG AAC ATC GTG TAC AAT TCC CGT TTT GCG CAA GGA ATA ATC CGC TTG CGC GAC ACG CGC CAG GCC GCT AAG GAC ATG GAT TTG GTG TTG GAT AAG AAA CAA GTG GAC CGC AGT AAA CTC CAG TTA CGC ATC GAT AAA GAG GTG GAC TCG CTA CGG TCG GTC ACG GCG TAC ATT TAC GAC GAT GAA TAC CGT CCG TTG TCC GCG AAG CCT GTG AAG GGT GGT ATC CTT GGC TTT CGC GCG ATG GAG GGG AGT GTT AAC ACA TCC TTA GGT GAG TCA GTA GAA CGC AGC GTT GAA GCG CCA ACT GGC GAG ATT CTG TCG TTT AAC AAC AAG TTC CGC GAA ACC AAG CGT GGT GTG GAC GTT CAT GAC CAA AGG TAC ACC TCG GAC AAC CTA GAA AAG GCG GTG CGC GAG TCG GCG GCG ATT TCT GAG CCA TCC CTT GAA CAA CGT ATC TTG ATA CCA TCC GAA ATG CTC GAC GCA GAC CTC TTG AAA TAC GTG CCG GAC GTC GAA TCT GAC CGG AAG ATC ACG AAG TAC TCG GCC ATG TTG GCC GTC GTC ATT AGT GAC AGC GCG ATA TTT GGT GCT TAC AAG CTT GGC TTC ATC CGT CAT GAG GCT TTC GTG CAG ATC GTG TAC AAG AAA AGT CTG CCG ATG TTA AAG ACC GAG CAG ACC CAA GAC TTG CTG ACC GAG GTC AGG TTG ACC GAC AAA CGT GAC GTG ATG AAT GAA GTG CAG ACC GGT CAA TTC GCG GAC CGT AGG CTG ATC AGA AAG CTG GCG TCC ATT GGT CGC GAC CAT TAC GAC AAC CTT AAG CTT AAG CAG AAC GTG AGC GGT TTG GAA TTG GTC CCG AAG TTG GTG GTC TTT 
Klac                            GTT GGT AGC ACT CCT TTG ATC TTG ATC TCG AGA CTT GTG ACC CTC TTG AAT AGT AGA AAA CGT GCT CAA GTC ATT ATC TAC GAA ATT AGA GCT ACT TAT TCA TGG TTA ACA TTG TGT ATG CTA GTG CGT CCT CGT TTT AAA ATT TGT AAT CGT GGT GTG AAC GTG AAG GCA AGG GTG GGT GCT CGT AAG AAC AGT ACA ATC CTA TAC GTC TTG ACC TTC AAT TCC GTG GGT GAG ACT TAC CTG ATC GAG TTG GAA ATT CAC AAA TAC TCT GGA ACT GGT AGA AAC TAC GAA CTA TAC GCT CGT CAA GCC GGT TCC AAT TTA GAG GTT AGT GAA CAA TCA ATT GTA TAC AAC TCC CGT TTC GCG CAA GGA ATC CTT AGA TTA AGA GAT ACT CTG CAA GAA TCG AGA GAT ATG GAC GCA GTC TTG GAC AAA AAA CAA GTC GAT AGA AGT AAA CTT CAA TTG AGG ATT GAT AAA GAA GTT GAC GCT CTT CGT ACC GTT ACT ACC TAT ATT TAT GAT GAC GAG TAT CGT CCT CTA TCC GCA AAG CCA AAC AAG GGT GGT ATC CTG GGT TTC CTG ACC ATG GAA GGT AGT GTA AAC ACG AAG TTG GGT TCT TCT GTA GAG AGA AAC ATT GAA TCG CCT ACT GGT GAA ATT TTA AGT TTT AAC AAC AAG TTC AGG GAA ACG AAG CGC GGT AAC GAC GTC CAT GAT CAA AGA TAC ACT ACC GAA AAC TTG GAA AAG GTG GTG AGA GAA ACC GCT GCT ATC TCT GAA CCT TCC CTG GAG GAT CGT ATC CTA ATC CCC TCT GAA ATG TTA GAA GCA GCT TTA TTG AAA TAC GTA CCT GCT GTT GAA CCT GAC AAA AAA ATC ACA AAA TAT TCA GCA CAT CTA GCC GTG GTC ATT AGT CAA AAC GTG ATC TTT GGT AAG TAT AAG TTG GGT TTC ATT CGT CAT GAC GCA TTT GTA CAA ATT GTC TAC AAA AAA AGT TTG CCA ATG TTA AAA ATT GAT CAA ACA GAT GAC CTA TTG ACA GAT GTT AGA TTG ACT GAA AAG CGT GAC GTA CAT AAC GAA GTT CAA ACC GGT CAG CAC GCC GAT CGC AGA CTT ATT CGT AGA TTG TCT TCT ATC GGT AGG GCT CAT TAC GAT AAT CTG AAG CTG AAG CAA AAT GTC AAT GGT TTG GAA CTA GTC CCT AAG CTA GTC GTT TTT 
Calb                            GTT GGT GAA AAA CCA CTT ATT TTA ATT GAT AGA ATT GTG ACA GTC TTG GAT TCA AAG AAA CGT GCA CAG ATT ATA ATT TAT GCC ATT AGA GCT ACT TAT AGC TGG TTG ACA TTG TGT ATG TTG GTA AGA GAA CGT TTT AAA ATT TGT TCA AGA GGT GTG AAC ATT AAG GCT CGT GTG GGT TCC AGA GGC AAT TCA ACT ATG TTG TAC ATT TTA ACT TTT AAT ACT ATT GGT GCA ACT TAC TTA ATT GAA TTA GAG ATT CAT AAA TAC ACT GGC CAA GGT AGA AAT TAT GAG TTG TAC CCA AGA CAA CCA GGT TCA AAC AAA AAG GTT CAA GAA TTA AAT ATT GTG TAC AAT TCT AGA TTC TGT CAG GGC ATT ATT AAA TTA AGA GAT ACT ATT CAA GCC GCT AAA GAG ATG GAT CTC GTG TTG GAC AAG AAA CAG GTT GAT CGT ACT AAA TTA CAA TTG CGT ATT GAC AAA GAA GTG GAT AGC CTT CGT AGT GTT ACT GCT TAT ATT TAT GAT GAT AAG TAT AGA CCC TTG TCT GCT AAG CCA ACA AAA GGT GGT ATC GGT GGT TTT ATT GCT ACT GAA GGT TCA GTT AAC ACT GGC TTG GGT GGT AGT GTA AAG CGT AAT ATT GAA GAT CCA AAA GGT GAA ATG GAT TCA TTT AAT AAC AAG TTT AGT GAA ACA AAA CGT GGT ACA GAT GTT CAC GAT CAG AAG TAC CAA AGT GAA AAC TTG GAA AAG ATT GTG TCA GAA AGT TCC GCC GCA TCT GAG CCC TCT GGT GAG GAA CGT ATT ATG ATT CCA ACT GAG ATG TTG GAT GCC GCT TTG CTT AAA TAC GTG CCC GCT GTC GAA GAA GAT AGA AAG ATT TCA AAA TAT AGC TCG AAA ATG CCA GTA GTT ATT TCA GAC AAT ATT ATA TTT GGT GAA TAT GAG TTG GGT TTT ATT AGA CAC TCA GCC TTT GTG CAA ATC GTT TAC ACA AAA TCA TTA CCT ATG TTG ACA TAT GAT CAA ACA GAA GAT ATG CTT ACA GAT GTC AAG TTG TCT GAT GAA AGA GAC GTG AAA AAT GAA CAA CAA ACT GGT CAA TAT GCT GAT CGT AAG ATT ATT AGA AAA TTA TAC AGC ATT GGT CGT GCT CAT TAC GAT GAT GGT AAG GGT AAG CAA TTA ATT TCA GGT CTT GCC TTG GTT CCT AAA ATG GTG GTC TTT 



Printing out site pattern counts


         9        726  P

Scer                            AAA AAA AAA AAA AAA AAA AAA AAA AAA AAC AAC AAC AAC AAC AAG AAG AAG AAG AAG AAG AAG AAT AAT AAT AAT AAT AAT AAT AAT AAT ACA ACC ACC ACC ACC ACG ACG ACT ACT ACT ACT ACT AGA AGA AGA AGA AGA AGA AGA AGA AGA AGC AGG AGG AGG AGT AGT ATA ATA ATA ATA ATC ATC ATC ATC ATC ATC ATC ATG ATG ATG ATG ATG ATT ATT ATT ATT ATT ATT ATT ATT ATT ATT ATT CAA CAA CAA CAA CAA CAA CAA CAA CAG CAG CAT CAT CAT CCA CCA CCA CCC CCC CCT CCT CCT CGT CGT CGT CGT CGT CGT CGT CTA CTA CTA CTA CTC CTG CTG CTG GAA GAA GAA GAA GAA GAA GAA GAA GAA GAA GAC GAC GAC GAC GAC GAC GAC GAC GAG GAG GAG GAG GAG GAG GAG GAG GAT GAT GAT GAT GAT GAT GAT GCA GCA GCA GCA GCA GCC GCC GCG GCG GCG GCT GCT GCT GCT GGG GGG GGG GGG GGT GGT GGT GGT GGT GTA GTA GTA GTC GTC GTC GTG GTG GTG GTG GTG GTG GTG GTT GTT GTT GTT GTT TAC TAC TAC TAC TAC TAC TAT TAT TAT TAT TAT TCA TCA TCA TCC TCC TCC TCC TCC TCC TCG TCG TCG TCT TCT TGG TGT TTA TTA TTA TTA TTA TTA TTC TTC TTC TTC TTG TTG TTG TTG TTG TTG TTG TTG TTT TTT TTT 
Sbay                            ... ... ... ..G ..G ..G ..G ..G G.T ... ... ..T ..T ..T ... ... ... ... ... ... G.T ..C ..C ..C ... ... ... ... ... ... ..T ... ... ..T G.. ... ..T ..C ..G ... ... ... ... ... ... ... ... ... ..G ..G ..G ..T ..A ... ... ... ... ... ... ... ... ... ... ... ... ... ..T G.. .C. ... ... ... ... ..C ..C ..C ..C ... ... ... ... ... ... ... ... ... ... ... ... ... ..G ..T ..A ..A ..C ..C ... ... ... ..T ..A ... ..C ... ... ..G ... ... ... ... ... ... ... ... ..T T.G ..T ... T.. T.. ... ... ... ... ... ... ... ..G ..G ..G AG. ... ... ... ... ... ... ..T ..A ... ... ... ... ... ... ..T ..C ..C ..C ... ... ... ... ... ... ... ..T ..T ... ... ..A ..C ... ..C ..C ... ... ..C ... ... ..T ..C ... ... ... ... ..G ..T ..T ... ... ... ..A ..A ... ... ... ..T ..T A.A ..C ... ... ... ... ... ... ... ..T ..T ..C ..C ... ... ... ... ... ..T ..A ..A ... ... ... ..T ... ... ... ... ... ... ... ... ... ... ..G ..G ..G ... ... ... ... C.A C.. ..A ..A ..A ... ... ... ..C ... ... 
Smik                            ... ... ... ... ..G ..G ..G .G. ..G ... ... ... ..T ..T ..A ... ... ... ... ... ... ..C ... ... ..C ... ... ... ... ... ... ... ..T ..T ... ..A ..T ..G ... ..C ..C ... ... ... ... ... ... ... ... ... ... ..T ... ... ... ... ... ... ... ... ... ... ... ... ... ... ... ... ... ... ... ... ... ..C ... ... ... ..C ..C ..C ..C ... ... ... ... ... ... ... ..G ..G ... ... ..A ..A ..C ..C ... ... ... ... ..G ..T ... ... ... ... ... ... ... ... ... ... ... T.. ..T T.. ... T.. ..A ... ... ... ... ... ... ... ..G ... ... ..G ..T ... ... ... ... ..T ..T ..T ..A ..A ... ... ... ... ... ..C ... ... ... ..C ... ... ... ... ... ..G ... ..T ... ... ... ... ... ... ... ... ... ..A ..A ..T ..A ... ..C ... ... ... ..G ..G ..T ... ... ... ..A ..A ... ... ..T ... ..T ... ... ... ... ... ... ... ... ..T ... ..T ..C ..C ... ... ... ... ..T ... ..T ..T ... ... ... ..T ..A ..A ... ..A ... ... ... C.C ... ... ..G ..G ..G ... ... ... ... ..A C.. C.. ... ... ... ... ... ..C ... ... 
Spar                            ... ... ... ... ... ... ..G ... ..G ... ..T ... ... ..T ... ... ... ... ... ... ... ... ... ... ..C ... ... ... ... ... ... ... ... ... ... ..A ..A ..C ..C ..C ... ... ... ... ... ... ... ... .A. ... ... ... ... ... ... ..C ... ... ... ... ... ... ... ... ... ..T ..T ... ... ... ... ... ... ..C ... ... ... ... ... ... ... ... ... ... ... ... ... ... ... ... ... ... ..A ... ..C ..C ... ... ... ... ..A ... ... ..A ... ... ... ... ... ... ... ... ... T.. ..T ..G ... ... ... ... ... ... ... ... ... ... ... ... ... ... ... ... ... ... ..T ..T ..T ..T ... ..A ..A ..A ... ... ... ..C ..C ... ... ..C ..C ... ... ... ... ... ... ... ... ... ..A ... ... ..A ... ..A ... ..A ... ..A ... ... ... ... ... ... ... ..G ..T ... ... ... ..A ... ... ... ... ... ... ... ... ... ... ... ... ... ... ... ... ... ..C ... ... ... ... ... ... ... ... ..T ... ... ..T ..G ... ... ... ... ... ... ..C ... ... ... ... ... ..G ... ... ... ... C.A ... ... ... ... ... ... ... ..C ... ... 
Ncas                            ... ... ..G ... ..G G.. ... ..G ..C ..T GGT ..T ..T ..T ... ..A ..A ... ... ... ... ... ... ... ... ..C ... ... ... ... ... ..T ..A ..A G.T ..C ..T ... ..A ..C ..C ..G ... ... ... ... ..G C.T .A. ... C.T ..T ..A ... ... ... ... ... ..T ..T C.T ... ..T ..T ..T ..T ..T ..A TCC ... ... ..T G.A G.G ..A ... ... ..C ... ... C.. ..C ... G.G ... ... ... ..G ... ... ... G.T ..A ..A ... ... ... ... ..G ... ..A ..G ..A ... ... ... A.A ... ... ... ... ... ..T T.. ... T.G T.A T.A A.. T.. ... ... ... ... ... ... ... ..G ..G ..T ... ..T ..T ..T ... ..T ..T ... ..A ..A ..A ... ..C ... ... ..T ..C ..C ... ... ... ..C ... ..T ..T ... ..C ..T CG. CTT ..A ..C .TT ... ... ..C ..G TCT CAA ... ..T ... ... ..C ... ... ..T ..T ..G ..G ..T ..T ..A ..T ..T ..T ... ..C ... T.A ..A CA. ..C ... ... ..T ..T ... ..T ..T .TC ... CTA ..C ... ... G.T .GT ... ..T A.G ... ... ..G ..A ..C ... ... ..A ... ... C.T ... ..G ... ..G ... .AT ... ... ..T ... C.. ..A C.T ..A A.. C.A ..A ... ... ... 
Cgla                            ... ..G ..G ..G ..G G.G ..G ... ..G ..T ... ... ... ... ... ... ... ... ... CGC .G. ..C ..C ..C ... ..C ..C ..C ..C ... ..G ..T ... ... G.. ... ... ... ..G ... ..C ... .AG ... C.G C.T ..G ... .AG ... ..G ... .A. CA. C.. .CC ..C ... ..C ..C T.G ... ... ... ..T ... ..T GC. .CT ... T.. ... G.C ... ..A ..C ... ..C ..A ... G.G ..C ..C ... ... ..G ..G ..G ... ..G ..G G.T ... ... ..C ... ..C ..T ..T ... G.G ..G ..C ..A ... ... A.G ..C ..C ... ... ... ..G T.G AAG ..G T.A T.. .AC T.A ... ... ... ..G ..G ..G ..G ..G ..G ..C C.G ... ... ... ..T ... ..T ... ... ..C ..A ..T ..A ... ... ... ..C ..C ..C ..C ... ... ..C ..C TGC ..T ..T ..G ..G AT. ..A ... CT. ..G TGC ..G ..C ..T .AT ..C ..T ... ..C ..C ... ... ..G A.. ..C ... ... ..T ... ..A ... ... ... ... ... ..G .CG ..G ... ..G ... ... ... ... .T. ... .T. ..C .TC ..C ..C ..C G.T ..C ..T ... AG. ..T ... ..G ..T ..T G.. ..C ..G ... ... C.. C.G ..G ..G C.. ..G ... ... ..T ..T ..A C.A C.. C.. C.. A.C ... ... ..C ..C ... 
Agos                            ... ..G ... ... ..G CGC ..G CTG TCT GTG ..A ... .G. ... ... CG. CGT ... ... ... ..A ..C ..C ..C ..C ... ... ... .GC ..C ..G ... ..G ... G.G ..C ... ..G ..C ..A ..C ..A TCC C.C .AG ... ..G ... .A. C.C C.C ..T C.C C.C C.. ... ... ... ..C ..T ..C .CT ... ... ... ..T C.G GC. TC. ... ... ... ..T ..C ..C G.G ... ..C ..A ... ..G ... ..C G.. ..G ..G ..G ..G ... ... ..G GCG ... ..A ..C ... ... ... ..G ... T.G ..G ..G ... ..A ..G ..C ... ... ..G ... ... ..C ..T ..G T.G T.G ... ... T.A ... ..G ..G ... ... ... ... ..G .CT A.C ..A ... ... ... ... ... ... ... ... ..C ... ..A ... ... ... ..C ... ..C ... ..C ... ..C ..C ..C ..G ..T ..G ..T CAA ..G ..A ... TT. ..G A.G ..G ..A .C. .A. ... ..T ..C ..C ..A ..C ... ..G ..C ..C ... ..A ... ..C ... ... ..T ... ... ..T ..C .CG A.G ..G ..G ... ... ... ... ... ... .TC ..C ..C ..C ..C ..G GAG ..C ..G ... G.. ... ... ..G GT. ..T ... ..A ..G ... ..C C.. ..G ..G ... ..G C.. AC. ..T ..T ... C.T C.C C.C C.A ... C.C C.. C.. ..C ... ... 
Klac                            ... ... ... ... ..G CTG ... TT. CCT ... ..G ..T ... ... ..A ..A ..A ... ... .GA G.A TCA ..C ..C ..C ..C ..C ... ... ... ... ..T ... ... ... ..A ..A ... ... ... ..G ..G .AG ... .AG ... ... C.T .A. ... ..G ..T ... ..A ..A ... ... ..C ..T ..C C.T .CT ... ..T ... ..T C.T GAA GCT ... ... ... C.C ... ..C G.. ... ..C ..C ..C ..C ..C ... ... ... ... ... ... ..G ... ... TCG ..A ..A ..C ... ... ..T ..T ..C G.T ..A ... ..A ... ... A.A ..C ... ... ... ... ..G ..G T.G ... T.G T.. T.A T.A ... ... ..G ... ... ..G ..G ... A.G A.T AGT C.A ... .CT ..A ..T ..T ... ..A ..A ..A ..A ..T ..C ... ..T ..C ... ..C ... ... ... ..C ..C ..G T.G ..T ... .AT ..T ..A ..C ..A ... A.A ..A ..A TCT A.C ..T ..T ... ... ..A ... ... ... ..T ..T ... ..A ..T ... ... ..T ..A ..C ..T ..C ..C ..G CA. ..C ..C ... ... ..T ... ..T ... .TC ... ..C ..C ..C A.C ..T .GT ... ..T G.A ..T ... AGT GT. ..T ..A ... ..C ... ... C.T ..G ... ..G C.. ..G A.T ... ..T ..T ... C.T ..A ..A C.A ... ... ... CAC ... ..C 
Calb                            ... ... ... ... ..G .TT ..G ... G.. .CA G.A ... ..T ... .CA .GA ..A ..A ... ..A G.A ... ..C ... ..C ... ... ... TCA TTA T.. CAA ..A ..T G.T ..A ..A ... T.. ... ..A ... G.C ... GAG ... .AG ... .A. C.T C.T .CT ..T TCA ..A TCA TCA ..T ... ..T ..T .AA ..T ... ..T ..G ..T GC. .GC ... ... .CT G.C ... ..C G.. ... ... ..A ... ..G GCA ... ... ... ... TT. ... ... ..G ... G.T ..A ... ... ..C ... ..C ..C ... ..A ..T ... ..A ..A A.A AAA ... A.A ... A.A ... T.. GGT T.. T.G ..T ..T GAT T.. ... ... .C. ... ..G A.G ..G ... ... ..T C.A ... ..T .CT ..T ..T ..T ..T ... ..A ..A .CC ..T TCA ..A ... ..C ... ... ... ..C ... ..C C.. TGT ..T T.C ..C .AA ..A ..T ..T CTC ..C A.. ... ..C TAC .AA ..T ..T ... ... ..C ... ... ..G ..C ..T ..T ..A ... ..A ... ... ..T A.T CAA ..T A.. A.. AAA ... ..G ... ..T ..T ... ..T ... .T. ... ..C ... ..C AGT GGT .GT A.T AG. ..G A.T ..T ..A GT. ..T AGC AG. ..A ... ... C.T ..G ... ..G A.G ..G .AT ... ..T ..T ... ..A ... ... A.. ..A ..A ..A .A. ... ... 

    1    1    2    2    3    2    2    1    2    2    1    1    2    1    2
    1    1    3    3    2    1    1    1    2    2    2    1    1    2    1
    1    2    1    2    2    2    1    2    1    2    1    1    2    2    1
    1    4    1    2    2    3    1    1    1    1    2    3    2    1    1
    2    2    3    1    1    1    1    2    1    3    1    1    1    3    1
    1    3    1    1    1    1    1    3    1    2    2    1    1    1    1
    1    2    1    3    1    2    1    1    2    1    1    1    1    1    2
    1    1    2    1    1    6    3    1    4    1    5    3    1    1    1
    2    1    1    3    1    3    1    1    1    2    1    1    1    4    2
    2    1    3    3    1    2    1    2    1    1    1    1    1    2    1
    1    1    1    2    1    1    2    1    2    1    1    1    1    1    1
    1    1    1    1    1    2    1    1    2    2   11    4    1    2    2
    1    2    2    2    1    1    2    1    1    1    4    2    2    2    1
    1    2    2    2    3    3    2    2    1    1    3    1    1    1    1
    1    2    3    1    2    1    2    1    1    1    1    1    3    1    2
    3    2    1    1    3    1    1    1    2    1    1    1    2    1    1
    1    1

CODONML (in paml version 4.9j, February 2020)  temp.nuc
Model: One dN/dS ratio, 
Codon frequency model: Fequal
ns =   9  ls = 393

Codon usage in sequences
--------------------------------------------------------------------------------------------------------------------------------------
Phe TTT   3   2   2   2   4   8 | Ser TCT   2   4   5   6   3   6 | Tyr TAT   9   9   9   6  12   0 | Cys TGT   1   1   1   0   2   1
    TTC   6   7   7   7   7   8 |     TCC   9   6   6   4   8   9 |     TAC  11  11  11  14   4  13 |     TGC   0   0   0   1   0   2
Leu TTA  12   9  14  14  20   5 |     TCA   5   6   8   5   6   0 | *** TAA   0   0   0   0   0   0 | *** TGA   0   0   0   0   0   0
    TTG  10  18  14  11  11  16 |     TCG   5   5   2   6   3   2 |     TAG   0   0   0   0   0   0 | Trp TGG   1   1   1   1   1   1
--------------------------------------------------------------------------------------------------------------------------------------
Leu CTT   0   4   1   1   7   0 | Pro CCT   4   4   5   3   3   5 | His CAT   4   3   1   1   6   2 | Arg CGT  15  14  15  15  18  12
    CTC   3   0   4   3   0   0 |     CCC   2   2   0   1   0   1 |     CAC   0   3   3   3   0   3 |     CGC   0   0   0   0   2   5
    CTA  11   6   2   2   5   5 |     CCA   4   4   4   6   4   2 | Gln CAA  11  12  13  12  13   3 |     CGA   0   0   0   0   0   0
    CTG   3   2   4   8   1  14 |     CCG   0   0   1   0   3   1 |     CAG   4   1   2   3   1  12 |     CGG   0   1   0   0   0   2
--------------------------------------------------------------------------------------------------------------------------------------
Ile ATT  17  10  10  16  19  10 | Thr ACT   7   8   6   2   5   8 | Asn AAT  13  13  13  13  17   5 | Ser AGT   5   6   6   3   6   0
    ATC  11  16  18  12   4  17 |     ACC   7   5   7  12   5   6 |     AAC   7   7   7   7   4  15 |     AGC   1   1   0   3   0   5
    ATA   6   7   6   6   5   5 |     ACA   1   0   3   4   5   0 | Lys AAA  16   4   8  14  10   2 | Arg AGA  18  12  19  16  10   5
Met ATG   7   6   7   7   6   4 |     ACG   3   4   2   0   2   5 |     AAG  13  22  20  17  17  28 |     AGG   3   9   3   3   6   9
--------------------------------------------------------------------------------------------------------------------------------------
Val GTT  11  11  16  13  15   4 | Ala GCT   4   5   5   2   9   4 | Asp GAT   8  11  14  13  19   9 | Gly GGT  17  18  17  17  18  17
    GTC   5  11   5   5   3   6 |     GCC   3   8   3   3   4   7 |     GAC  15  15  10  11  11  20 |     GGC   0   2   1   0   2   4
    GTA   7   4   4   6   7   2 |     GCA   7   5   5  10   2   1 | Glu GAA  16  15  17  20  20   8 |     GGA   0   0   4   2   0   0
    GTG  10   8   8   9  11  18 |     GCG   3   1   4   2   1  13 |     GAG  12  12  10   7   5  18 |     GGG   5   2   0   3   1   0
--------------------------------------------------------------------------------------------------------------------------------------

--------------------------------------------------------------------------------------
Phe TTT   6   5   9 | Ser TCT   3   7   5 | Tyr TAT   0   6  10 | Cys TGT   0   2   3
    TTC   5   5   1 |     TCC   9   5   2 |     TAC  17  11  10 |     TGC   1   0   0
Leu TTA   3   7  10 |     TCA   1   3  12 | *** TAA   0   0   0 | *** TGA   0   0   0
    TTG  17  17  17 |     TCG  10   3   1 |     TAG   0   0   0 | Trp TGG   1   1   1
--------------------------------------------------------------------------------------
Leu CTT   5   5   5 | Pro CCT   1   8   2 | His CAT   3   5   2 | Arg CGT  13  13  11
    CTC   5   1   1 |     CCC   0   1   3 |     CAC   1   2   2 |     CGC  12   2   0
    CTA   4   9   0 |     CCA   4   2   7 | Gln CAA   7  13  12 |     CGA   0   0   0
    CTG   8   7   0 |     CCG   4   0   0 |     CAG   8   1   4 |     CGG   4   0   0
--------------------------------------------------------------------------------------
Ile ATT   8  14  31 | Thr ACT   2   9  13 | Asn AAT   4   7   9 | Ser AGT   6   8   5
    ATC  16  13   2 |     ACC   9   8   0 |     AAC  11  13   5 |     AGC   4   1   4
    ATA   3   0   2 |     ACA   3   5   9 | Lys AAA   9  14  20 | Arg AGA   2  14  14
Met ATG   8   5  10 |     ACG   6   2   0 |     AAG  17  14  15 |     AGG   4   4   0
--------------------------------------------------------------------------------------
Val GTT   3   8   9 | Ala GCT   3  10  10 | Asp GAT   4  12  21 | Gly GGT  13  18  23
    GTC  10  10   4 |     GCC   5   3   6 |     GAC  20   9   4 |     GGC   4   0   4
    GTA   1   6   3 |     GCA   2   6   3 | Glu GAA  12  20  19 |     GGA   2   2   0
    GTG  19  10  11 |     GCG  16   1   0 |     GAG  14   6   7 |     GGG   1   0   0
--------------------------------------------------------------------------------------

Codon position x base (3x4) table for each sequence.

#1: Scer           
position  1:    T:0.18830    C:0.15522    A:0.34351    G:0.31298
position  2:    T:0.31043    C:0.16794    A:0.35369    G:0.16794
position  3:    T:0.30534    C:0.20356    A:0.29008    G:0.20102
Average         T:0.26802    C:0.17557    A:0.32909    G:0.22731

#2: Sbay           
position  1:    T:0.20102    C:0.14249    A:0.33079    G:0.32570
position  2:    T:0.30789    C:0.17048    A:0.35115    G:0.17048
position  3:    T:0.31298    C:0.23919    A:0.21374    G:0.23410
Average         T:0.27396    C:0.18405    A:0.29856    G:0.24343

#3: Smik           
position  1:    T:0.20356    C:0.13995    A:0.34351    G:0.31298
position  2:    T:0.31043    C:0.16794    A:0.35115    G:0.17048
position  3:    T:0.32061    C:0.20865    A:0.27226    G:0.19847
Average         T:0.27820    C:0.17218    A:0.32231    G:0.22731

#4: Spar           
position  1:    T:0.19593    C:0.14758    A:0.34351    G:0.31298
position  2:    T:0.31043    C:0.16794    A:0.35878    G:0.16285
position  3:    T:0.28753    C:0.21883    A:0.29771    G:0.19593
Average         T:0.26463    C:0.17812    A:0.33333    G:0.22392

#5: Ncas           
position  1:    T:0.20611    C:0.16031    A:0.30789    G:0.32570
position  2:    T:0.31807    C:0.16031    A:0.35369    G:0.16794
position  3:    T:0.41476    C:0.13740    A:0.27226    G:0.17557
Average         T:0.31298    C:0.15267    A:0.31128    G:0.22307

#6: Cgla           
position  1:    T:0.18066    C:0.17048    A:0.31552    G:0.33333
position  2:    T:0.31043    C:0.17812    A:0.35115    G:0.16031
position  3:    T:0.23155    C:0.30789    A:0.09669    G:0.36387
Average         T:0.24088    C:0.21883    A:0.25445    G:0.28584

#7: Agos           
position  1:    T:0.18575    C:0.20102    A:0.28499    G:0.32824
position  2:    T:0.30789    C:0.19847    A:0.32316    G:0.17048
position  3:    T:0.18830    C:0.32824    A:0.13486    G:0.34860
Average         T:0.22731    C:0.24258    A:0.24767    G:0.28244

#8: Klac           
position  1:    T:0.18321    C:0.17557    A:0.33333    G:0.30789
position  2:    T:0.31043    C:0.18575    A:0.33842    G:0.16539
position  3:    T:0.34860    C:0.21374    A:0.25700    G:0.18066
Average         T:0.28075    C:0.19169    A:0.30958    G:0.21798

#9: Calb           
position  1:    T:0.20611    C:0.12468    A:0.35369    G:0.31552
position  2:    T:0.29262    C:0.18575    A:0.35623    G:0.16539
position  3:    T:0.42748    C:0.12214    A:0.28244    G:0.16794
Average         T:0.30874    C:0.14419    A:0.33079    G:0.21628

Sums of codon usage counts
------------------------------------------------------------------------------
Phe F TTT      41 | Ser S TCT      41 | Tyr Y TAT      61 | Cys C TGT      11
      TTC      53 |       TCC      58 |       TAC     102 |       TGC       4
Leu L TTA      94 |       TCA      46 | *** * TAA       0 | *** * TGA       0
      TTG     131 |       TCG      37 |       TAG       0 | Trp W TGG       9
------------------------------------------------------------------------------
Leu L CTT      28 | Pro P CCT      35 | His H CAT      27 | Arg R CGT     126
      CTC      17 |       CCC      10 |       CAC      17 |       CGC      21
      CTA      44 |       CCA      37 | Gln Q CAA      96 |       CGA       0
      CTG      47 |       CCG       9 |       CAG      36 |       CGG       7
------------------------------------------------------------------------------
Ile I ATT     135 | Thr T ACT      60 | Asn N AAT      94 | Ser S AGT      45
      ATC     109 |       ACC      59 |       AAC      76 |       AGC      19
      ATA      40 |       ACA      30 | Lys K AAA      97 | Arg R AGA     110
Met M ATG      60 |       ACG      24 |       AAG     163 |       AGG      41
------------------------------------------------------------------------------
Val V GTT      90 | Ala A GCT      52 | Asp D GAT     111 | Gly G GGT     158
      GTC      59 |       GCC      42 |       GAC     115 |       GGC      17
      GTA      40 |       GCA      41 | Glu E GAA     147 |       GGA      10
      GTG     104 |       GCG      41 |       GAG      91 |       GGG      12
------------------------------------------------------------------------------


Codon position x base (3x4) table, overall

position  1:    T:0.19452    C:0.15748    A:0.32853    G:0.31948
position  2:    T:0.30874    C:0.17586    A:0.34860    G:0.16681
position  3:    T:0.31524    C:0.21996    A:0.23523    G:0.22957
Average         T:0.27283    C:0.18443    A:0.30412    G:0.23862

Codon frequencies under model, for use in evolver (TTT TTC TTA TTG ... GGG):
  0.01639344  0.01639344  0.01639344  0.01639344
  0.01639344  0.01639344  0.01639344  0.01639344
  0.01639344  0.01639344  0.00000000  0.00000000
  0.01639344  0.01639344  0.00000000  0.01639344
  0.01639344  0.01639344  0.01639344  0.01639344
  0.01639344  0.01639344  0.01639344  0.01639344
  0.01639344  0.01639344  0.01639344  0.01639344
  0.01639344  0.01639344  0.01639344  0.01639344
  0.01639344  0.01639344  0.01639344  0.01639344
  0.01639344  0.01639344  0.01639344  0.01639344
  0.01639344  0.01639344  0.01639344  0.01639344
  0.01639344  0.01639344  0.01639344  0.01639344
  0.01639344  0.01639344  0.01639344  0.01639344
  0.01639344  0.01639344  0.01639344  0.01639344
  0.01639344  0.01639344  0.01639344  0.01639344
  0.01639344  0.01639344  0.01639344  0.01639344


TREE #  1:  (((((1, 4), (3, 2)), 5), 6), ((7, 8), 9));   MP score: 1182
This is a rooted tree.  Please check!
check convergence..
lnL(ntime: 16  np: 18):  -6421.161609      +0.000000
  10..11   11..12   12..13   13..14   14..1    14..4    13..15   15..3    15..2    12..5    11..6    10..16   16..17   17..7    17..8    16..9  
 0.105577 0.157425 0.438445 0.155126 0.164941 0.081881 0.000004 0.147315 0.326975 0.777582 0.977592 0.122525 0.229776 1.074478 0.991858 3.317025 2.185768 0.049403

Note: Branch length is defined as number of nucleotide substitutions per codon (not per neucleotide site).

tree length =  9.068525

(((((1: 0.164941, 4: 0.081881): 0.155126, (3: 0.147315, 2: 0.326975): 0.000004): 0.438445, 5: 0.777582): 0.157425, 6: 0.977592): 0.105577, ((7: 1.074478, 8: 0.991858): 0.229776, 9: 3.317025): 0.122525);

(((((Scer: 0.164941, Spar: 0.081881): 0.155126, (Smik: 0.147315, Sbay: 0.326975): 0.000004): 0.438445, Ncas: 0.777582): 0.157425, Cgla: 0.977592): 0.105577, ((Agos: 1.074478, Klac: 0.991858): 0.229776, Calb: 3.317025): 0.122525);

Detailed output identifying parameters

kappa (ts/tv) =  2.18577

omega (dN/dS) =  0.04940

dN & dS for each branch

 branch          t       N       S   dN/dS      dN      dS  N*dN  S*dS

  10..11     0.106   847.1   331.9  0.0494  0.0055  0.1110   4.6  36.8
  11..12     0.157   847.1   331.9  0.0494  0.0082  0.1655   6.9  54.9
  12..13     0.438   847.1   331.9  0.0494  0.0228  0.4610  19.3 153.0
  13..14     0.155   847.1   331.9  0.0494  0.0081  0.1631   6.8  54.1
  14..1      0.165   847.1   331.9  0.0494  0.0086  0.1734   7.3  57.6
  14..4      0.082   847.1   331.9  0.0494  0.0043  0.0861   3.6  28.6
  13..15     0.000   847.1   331.9  0.0494  0.0000  0.0000   0.0   0.0
  15..3      0.147   847.1   331.9  0.0494  0.0077  0.1549   6.5  51.4
  15..2      0.327   847.1   331.9  0.0494  0.0170  0.3438  14.4 114.1
  12..5      0.778   847.1   331.9  0.0494  0.0404  0.8175  34.2 271.4
  11..6      0.978   847.1   331.9  0.0494  0.0508  1.0278  43.0 341.2
  10..16     0.123   847.1   331.9  0.0494  0.0064  0.1288   5.4  42.8
  16..17     0.230   847.1   331.9  0.0494  0.0119  0.2416  10.1  80.2
  17..7      1.074   847.1   331.9  0.0494  0.0558  1.1297  47.3 375.0
  17..8      0.992   847.1   331.9  0.0494  0.0515  1.0428  43.6 346.2
  16..9      3.317   847.1   331.9  0.0494  0.1723  3.4875 145.9 1157.6

tree length for dN:       0.4710
tree length for dS:       9.5346


Time used:  0:13
