      9   1038

Scer                            AAG GGT CAA ATA GCA CAA AAC ACG TTC TTA TGG CGA CCT AAG TAC CCT GTC ACT GCT TAC GGT CTA AAT GAG GCA CCA CCT ACA GCA CCT GTG ACT GAA ACG CCT GCT GCT GAT CAG TAT CAC ACG GTA TTA AAC ACA ATC TGG CCT TTG TAC GTC TCA GGC ACC TAC ATT ACA ACT GGT GGT AAG GTA CGT GGT TTG TTG GCA AAA ATA GAG CCT CCT GGT AAT TTC GGT GCT ACG GCT TTC TTC TAC GTT GTT AGA AGT GAA GCA AGT GAG AGA CAT AGA TGG CCT TTG GGC GTA GTA TAT GGT CCT CTA AAA TCT GGT CAA TTC ATC GCC AAT CCC GTT TGG GCC GGT GCC TTT GAT GGT ACC AAT GCT CAG CTA GAT AAT AAG CAC GGT GTA GAA TTC GAT TAC GCT GGG GAT CCA TTA GAC GCT ACA TCT GAA GCT GGT GAG GAA TCA ATC GGT AAG CTG AAC GCA ATT AAG GGT ATC CAA CGA GGT GGT ACT AAT GCC GTC GCA AGA GCC CAG TAC GAA CCA CAG TAT ACT CAA GAA GGC TCT GCC GGT ACA CCC GTG TCT GAT ACA GCT CCA AAG GCC TAT ATT CCA GAC ACA GGT ATC GAA GCA GCA GAA TTA CCT GAT ACA TTA GTG ACC GGT GCC GAA ATT ACC TAC TCT CAT TTG GGT GAT TTT CAT CTT GCT GGT TTT TGT TTA ACC ATT GCA GGT GAC GCA CCA ATT GCA TTA GGG GAC GCT TAC TTG AAG GTC GCA CAG GTT TAT ATG AGT CTG GTG ACT GCC GGT ACT TTA TTA GTG ATG TGG AAA TCA GGT TGG ATT GCT GAC GGA TAC GGT CCC AAT GCA TTG ATC CAA ACT GTG GAC CAA ATG AAT TAC GGT CAT TTT GGT TTA CAG CAA GCC AGT GTG ACA GCT GCT TCA ATC CAT AAT AAC TTC ATT GTA CTT GCA AAA ATT CCT GCT GGG ATG ACA GTT TAT GTG AAT CCG CAG GAA GTG CAA CTA AAT GCT GTG AAT AAT TTG TTA ACG ACC TCT GTG GTG TCG TAC AAT CTT GCA 
Sbay                            AAG GGT CAA ATA GCA CAA AAC ACA TTC TTG TGG CGA CCT AAA TAC CCT GTC ACC TCT TAC GGT TTG AAC GGT GCA CCA CCT ACA GCT CCT GTA ACC GAA ACC CCT GCT GCC GAT CAA TAC CAC ACA GTA TTA AAC ACA GTT TGG CCT TTG TAC GTC TCT GGC ACC ATC ATT ACA ACC GGT GGA AAA GTG CGT GGT TTG CTA GCA AAG ATA GAA CCC CCT GGT AAT TTC GGT GCA ACT GCC TTC TTC ATC ATT GTC AGA AGT CAA GCG AGT GAA AGA CAT AGA TGG CCT TTG GGT GTG GTC TAT GGT CCT TTG GAT TCC GGT CAA TTC ATC GCC AAT CCC GTC TGG ATA GGT GCC TTT GAT GGT ACC AAT GCC ATT TTG GAT AAC AAG CAC GGC GTC CAA TTC GAT TAC GCT GGG GAT CCA TTA GAC TCT ACA TCT GAA TCT GGA GAA CAA TCT ATC GGA AAG CCC AAC GCA CTA AAA GGT ATC CAA CGA GGT GGT ACT AAA GCC GTC GCA AGA GCC CAA ATC GAA CCA ATT TAT GTG CAA CAA GGC TCT GCC GGT ACA CCC ATA TCC GAT AGT GCC CCA AAA GCC TAC ATC CCA GAC ACA GGT GTT GAA GCG GCA GAA TTA CCT GAT ACA CTG ATC ACC GGT GCC GAA ATC ACG TAC TCT CAA CTA GGT GAT TTT CAA CTT GCA GGT TAC TGC CTA ACC ATC GCA GGT GAC GTC CCA ATT GCT TTG GGT GAC GCA ATC TTG AAG GTC GCA CAA ATT TAT ATG AGT CTG ATC GTG ATA GGT ACA CTG TTA GTG ATG TGG AAA TCA GGT TGG ATT GCT GAC GGT TAC GGT CCC AAC GCA TTG GTT CAA ACT ATA GAC CAA ATG AAC TAC GGT CAT TTT GGT CTA CAA CAA GCC AGT GTG ACA GCT GCT TCT GTT CAT AAC AAC TTC ATT GTC CTT GCT AAA ATT CCC TCC GGG ATG ACA GTT TAT GTG AAC CCC CAA GAG GTC CAA TTG AAA GCT ATC AAT AAT CTA CTA ACC ACC TCC ATC GTA TCT TAC AAT CTT GTC 
Smik                            AAG GGT CAA ATA ACA CAG AAC ACT TTC TTA TGG CGA CCT AAG TAC CCT GTT ACT GCT TAC GGT TTA AAT GAT GCA CCA CCT ACA GCT CCT GTC ACT GAG ACA CCT GCT GCT GAC CAA TAT CAC ACG GTC TTG AAC ACA ATT TGG CCT TTG TAC GTC TCG GGC ACA TAC ATT ACA ACT GGT GGG AAG GTG CGT GGT TTA CTG GCA AAA ATT GAA CCT CCT GGT AAT TTC GGT GCA ACC GCT TTC TTC TAC ATC GTT AGA AGT CAA GCT AGT GAA AGA CAT AGA TGG CCT TTG GGC GTG GCA TAT GGT CCT TTA GAT TCT GGT CAG TTC TAC GCC AAC CCC TGT TGG ATT GGT GCT TTT GAT GGT ACT AAC GCT ATT TTA GAC AAT AAG TTC GGC GCA CAA TTC GAC TAC GCT GGA GAC CCA TTA GAC GCT ACA TCT GAG GCT GGG GAA CAA TCG ATC GGG AAG CCA AAC ACA ATT AAG GGT TAC CAA CGA GGT GGT ACT AAC GCC GTC GCA AGA GCT CAG TAC GAA CCA ATT TAT ACT CAA CAA GGT TCT GCT GGT ACA CCA GTA TCT GAC AGT GCT CCA AAG GCT TAC GTG CCA GAC ACA GGT ATT GAG GCA GCA GAA TTA CCT GAT ACA TTA GTG ACT GGT GCT GAA ATT ACT TAC TCT CAC CTG GGT GAT TTT CAC CTT GCA GGT TTT TGC CTA ACT ATC GCA GGT GAC GCA CCA ATT GCT TTA GGT GAC GCA TAC TTA AAG GTC GCA CAA ATC TAT ATG AGT CTA GTG ACT ATT GGT ACA TTA TTA GTG ATG TGG AAG TCA GGT TGG ATT GCT GAC GGG TAC GGT CCA AAT GCA TTA ATT CAG ACT GTA GAC CAA ATG AAT TAC GGT CAT TTC GGT CTA CAA CAA GCC AGT GTG ACT GCT GCT TCG ATT CAC AAT AAC TTC ATT GCA CTT GCT AAG ATA CCT GCT GGG ATG ACA GTT TAT GTG AAT CCC CAA GAG GTT CAA TTA AAC GCT GTG AAT AAT CTG CTA ACA ACT TCT GTG GTC TCG TAC AAC CTT GCA 
Spar                            AAG GGT CAA ATA GCA CAG AAC ACC TTC TTA TGG CGA CCT AAG TAC CCT GTC ACT GCT TAC GGT TTA AAC GAT GCG CCA CCT ACA GCA CCT GTG ACC GAA ACG CCT GCT GCT GAT CAA TAT CAC ACG GTG TTA AAC ACA ATC TGG CCT TTG TAC GTC TCG GGT ACA TAC ATT ACA ACC GGT GGG AAG GTG CGT GGT TTA TTG GCG AAA ATA GAA CCT CCT GGT AAT TTC GGT GCT ACG GCT TTC TTC TAC GTC GTT AGA AGT GAA GCA AGT GAA AGA CAT AGA TGG CCT TTG GGC GTG GCA TAT GGT CCT TTA GAT TCT GGT CAA TTC TAC GCC AAT CCC GTT TGG ATA GGT GCC TTT GAT GGT ACC AAT GCT ATT TTA GAT AAC AAG CAC GGT GCA GAA TTC GAT TAC GCT GGG GAT CCA TTA GAC GCT ACA TCT GAA GCT GGG GAA GAA TCG ATC GGG AAG CCC AAC GCA ATT AAG GGT TAC CAA CGA GGT GGT ACT AAT GCC GTC GCA AGA GCT CAG TAC GAA CCA ATT TAT ACT CAA GAA GGC TCT GCT GGT ACA CCC GTA TCT GAT AGT GCT CCA AAG GCT TAC GTG CCA GAC ACA GGT ATC GAA GCC GCA GAA TTG CCT GAT ACA TTG GTG ACC GGA GCT GAA ATC ACC TAC TCT CAC TTG GGT GAT TTT CAC CTT GCT GGT TAC TGT TTA ACC ATC GCA GGT GAC GCA CCG ATT GCA TTA GGT GAC GCT TAC TTA AAG GTC GCA CAA GTC TAT ATG AGT CTG GTG ACT ATA GGT ACA TTG TTA GTG ATG TGG AAG TCA GGT TGG ATT GCT GAC GGT TAC GGA CCC AAT GCG TTA ATC CAG ACT GTA GAC CAA ATG AAC TAC GGA CAT TTC GGT TTA CAA CAA GCC AGT GTG ACC GCT GCT TCG ATC CAT AAT AAC TTC ATT GCA CTT GCA AAG ATT CCT GCT GGG ATG ACA GTT TAT GTG AAT CCG CAA GAA GTT CAA TTA AAT GCT GTG AAT AAT TTG TTA ACG ACC TCT GTG GTG TCG TAC AAT CTT GCA 
Ncas                            AAG GGT CAA ATT GCG CAA AAT ACT TTC TTA TGG AGA CCC AAG TAT CCC ATT ACT GCC TAC GGT TTA AAT AGT GCT CCT CCT ACT GCT CCC ATT ACT GAG ACC CCT GCT GCA GAT CAA TAC CAC ACC ATT TTA AAT ACT ATT TGG CCT CTA TAC GTC TCT GGT ACA GTT ATC ACT ACC GGT GGG AAG GTC AGA GGG TTG CTA GCT GCG ATT GAA CCC CCC GGT AAC TTC GGT GCA ACG GCA TTC TTT GTT ATC GTT AGA ACT CAA GCT AAT GAA AGA CAT AGA TGG CCT CTA GGG GTC GTT TAT GGT CCC TTA GGG GGT GGT CAA TTC GTT GCT AAT CCA ACT TGG GCC GGT GCA TTT GAT GGT ACT AAT GCA CAA TTA GAT AAT AAG CAT GGT GTT CAA TTC GAT TAT GCT GGG GAT CCA CTT GAC GCC ACC GCA GAG GCC GGG GAA CAA TCT ATC GGG AAG CTA AAC GCG ATT AAG GGT GTT CAA AGA GGG GGT ACT AAT GCA GTC GCT AGA GCC CAA GTT GAA CCA CAA TAT ACT CAA CAA GGC TCC GCC GGT ACT CCC GTT GGT GAT ACT GCT CCA AAG GCC TAC ATC CCA GAC ACT GGG ATT GAG GCC ACC GAA TTG CCT GAT ACT CTT GTC ACT GGC GCC GAA ATC ACC TAT TCC CAA CTA GGT GAT TTT CAA TTA GCA GGT TTT TGC CTA ACC ATT GCT GGT GAC GTT CCA ATC GCT TTA GGG GAC GCA GTT TTG AAG GTC GCT CAA ATC TAT ATG ACT CTT ATC ACT GCC GGT ACT CTT CTT GTC ATG TGG AAG TCT GGT TGG ATT GCT GAC GGT TAT GGC CCC AAT GCT TTA ATT CAA ACT GTT GAC CAA ATG AAT TAT GGC CAT TTT GGT CTA CAA CAA GCT AAT GTC ACT GCT GCC TCT ATT AAT AAT AAC TTT ATA GTT TTA GCT AAG CTG CCC GCT GGG ATG ACT GTG TAT GTC AAT CCC CAA GAA GTC CAA TTA AAT GCT ATC AAC AAC CTA CTA ACC ACT GGT GTC ATT TCT TAT AAT TTA GTT 
Cgla                            AAG GGT CAA ATC ACT CAG AAC ACC TTC TTG TGG AGA CCA AAA TAC CCA GTC ACC GCT TAC GGG TTG AAC GAT GCA CCT CCG ACC GCG CCA ATC ACA GAG ACT CCG GCA GCT GAT CAA TAT CAC ACC ATC TTA AAT ACC ATC TGG CCG CTT TAC GTC TCC GGT ACC GTC ATC ACC ACT GGG GGT AAG GTG AGA GGT TTG TTG GCA AAA ATA GAA CCT CCA GGT AAT TTC GGT GCA ACA GCT TTC TTT GTC ACA GTT AGA ACT CAA GCT AAA GAA AGA CAC AGA TGG CCG TTA GGT GTG GTT TAT GGG CCA TTG AAA GGT GGT CAA TTC GTC GCA CAC CCA ACT TGG GCT GGT GCG TTC GAT GGT ACT CAC GCT CAA TTG GAT AAC AAG CAC GGT GTT CAA TTC GAT TAC GCA GGG GAT CCA TTG GAC GCT AGT GCC GAG GCT GGT GAA CAA TCC ATT GGT AAG CTG AAT ACT ATC AAG GGT GTC CAG AGA GGA GGT ACT GGT GCG GTC GCA AGA GCC CAG GTC GAA CCA CAA TAT ACA CAG CAA GGG TCT GCA GGT ACC TCG GTT GGT GAT ACT GCT CCA AAG GCA TAT ATC CCA GAC ACC GGA ATC GAG GCC GCT GAA TTG CCG GGG ACC CTA ATT ACT GGC GCC GAA ATC ACT TAC TCT CAG TTG GGT GAT TTC CAG CTA GCA GGT TAC ATG TTG ACT ATA GCA GGT GAC GTT CCA ATT GCG TTG GGT GAC GCA GTC TTG AAG GTC GCA CAA ACA TAT ATG ACT TTG ATC ACA GCT GGC ACT CTA TTG GTT ATA TGG AAA TCC GGG TGG ATT GCA GAC GGT TAC GGC TCG AAC GCA TTA ATC CAG ACT GTT GAC CAG ATG AAC TAC GGC CAC TTT GGT TTG CAA CAG GCA AAA GTT ACC GCA GCT TCC ATC AAT AAC AAT TTT CTC GTT CTA GCG AAA TTG CCT GCT GGT ATA ACC GTC TAT GTT AAC CCA CAA CAG GTC CAA TTG GGT GCT ATC AAT AAT TTG TTG ACT ACT GGT ATT ATC TCC TAC CAC CTA GTT 
Agos                            AAG GGC CAG ATC GCC CAG AAC ACG TTC TTG TGG AGG CCG AAC TAC CCG GTG ACG GCC TAT GGG TTG AAC GAG GCG CCT CCA ACC GCT CCG GTC ACA GAG ACT CCA GCT GCG GAC CAG TAC CAC ACA GTC TTG TCA ACC AGC TGG CCT CTT TAT GTT TCC GGT ACT GTG ATC ACC ACC GGG GGG AAG GTG CGC GGT TTG TTG GCG GCG ATC GAG CCG CCG GGC AAC TTC GGT GCA ACA GCG TTC TTC GTG CAG GTC CGT AGC CAG GCA AAG GAG CGT CAC AGG TGG CCT CTG GGT GTG GTT TAT GGG CCG TTG GAT GGC GGC CAA TAC GTG GCT CAT CCC GTT TGG GCC GGC GCG TTT GAT GGC ACG CAT GCG CAA TTG GAC AAC AAG CAC GGT GTT CAG TTC GAC TAC GCT GGA GAC CCT TTG GAC GCC TCC ACG GAG GCC GGG GAG CAG TCC GTG GGG AAG CTG AAT GCC ATC AAG GGC GTG CGG AGG GGC GGC ACG AAT GCG GTT GCA CGT GCC CAG GTG GAG CCC CAA TAT ACG CGG CAG GGC TCT GCC GGT ACC CTG ATT GGC GAC AGC GCT CCT AAG GCC AAA GTC CCT GAC ACC GGC AGC GAG AGT GCG GAA CTC CCA GAT ACC CTA ATT ACG GGT GCC GAA ATC ACT TAC TCT CAA TTG GGC GAT TTT CAA CTG GCA GGC TTT TGT CTC ACC ATC GCA GGC GAC GTT CCT ATC GCT TTG GGC GAC GCA GTG TTG AAG GTT GCA CAG CAG TAT ATG AGC CTC GTC ACG GCC GGC ACT CTA TTG GTT ACG TGG AAG TCT GGG TGG ATT GCT GAC GGC TAC GGT CTG AAT GCG CTG AGC CAG ACG ATT GAC CGG ATG AAC TAC GGT CAC TTT GGT CTC CAG CGG GCT AAG GTT ACG GCT GGC TCC AGC CAC AAT AAC TTC GTC GTT CTG GCT AAG ATT CCG GCT GGT ACG ACC GTC TAT GTT AAT CCG CAG CAG GTT CAG TTG AAT GCG GTC AAC AAC TTG CTC ACT ACG GGC ATT GTC TCC TAC CAT CTG GTT 
Klac                            AAG GGT CAA ATC GCG CAA AAC ACC TTC CTA TGG AGA CCA AAT TAT CCA GTT ACT GCT TAC GGT CTA AAT GAC GCA CCA CCT ACT GCA CCA GTC ACA GAA ACA CCT GCC GCA GAT CAA TAC CAC ACG GTC TTA ATC ACT ATT TGG CCA CTA TAC GTT TCT GGT ACC GTT ATC ACT ACT GGT GGC ACG ATC AGA GGT TTG CTA GCA GAA ATA GAA CCC CCA GGT AAC TTC GGT GCA ACG GCA TTC TAT GTT ACA GTT CGT AGT CAG GCA CGT GAA CGT CAC AGA TGG CCA TTG GGT ATC GCT TAT GGT CCA CTA AAG GGT GGT CAA TAC GTT GCC CCA CCC GTT TGG GCA GGT GCA TTC GAT GGT ACT CCA GCA CAA CTA GAT AAT AAG CAC GGT GCT CAG TTC GAT TAT GCC GGT GAT CCA TTA GAC GCT AGT TCA GAA GCT GGC GAA CAG TCT ATT GGC AAG CTA AAC GCG ATT ACG GGT GTT CAA AGA GGT GGT ACC AAC GCA GTT GCT CGT GCT CAA GTT GAA CCA CAA TAT ACT CAA CAG GGG TCT GCC GGT ACT TTG ATT GGT GAT AGT GCT CCA ACG GCC AAA GTT CCA GAC ACT GGT ATT GAA AGT GCA GAA TTG CCT GAC ACT CTA ATT ACT GGT GCT GAA ATC ACA TAT TCT CAA CTA GGT GAT TTC CAA TTA GCA GGT TAC GCA CTA ACT ATC GCT GGT GAC GCT CCC ATT GCA CTA GGT GAC GCA GTT TTG AAG GTT GCT CAA ACA TAT ATG AGT TTA GTT ACT GCA GGA ACT CTA TTA GTC ATG TGG AAG TCT GGT TGG ATC GCC GAC GGA TAT GGT TTG AAC GCA CTA ATT CAA ACC ATT GAC CAA ATG AAT TAT GGT CAC TTT GGT CTA CAA CAA GCC CGT GTC ACC GCC GCC TCT ATT AAC AAC AAC TAT ATT GCT TTA GCA AAG TTC CCC GCT GGG ATG ACT GTC TAT GTC AAC CCT CAA GAG GTT CAG CTA AAC GCT GTT AAC AAC CTA CTA ACA ACT GGT ATT GTC TCT TAT CCA TTA GCT 
Calb                            AAA GGT CAA ATT CGT CAA AAC ACC TTC TTG TGG AGA CCA AAA TTT CCA AAG ACT GCA TAC GGC TTG ACA TCT GCA CCA CCA ACT GCC CCA ATT ACT GAG ACT CCA GCT CCT GAT CAA TAT CAT ACT ATT TTG AAT ACT TGT TGG CCT TTA TAC GTT TCT GGT ACT GTT ATC ACT ACT GGC GGT AAA ATA CGT GGT TTG TTG GCA ATA AGT CTA CCT CCA GGT AAT TTC GGT GCA ATT CCT TTG TTT GTT AAA GTG AGA ACT CAA GCT AGA CTA AGA CAC AGA TGG CCT CTA GGG ATA TCA TAT GGC CCA TTG GAT GGA GGT CAA ATG GTT GCT AAT CCG GTG TGG GGG GGT GCT TTC GAT GGT ACA AAT CCT CAA TTG GAT ACA AAA CAT GGT TCA CAA TTC GAT TTT GCT GGA GAT CCA TTA GAT GCA GTT TCT GAG GCA GGT CTA CAA TCT GTA GGT AAA TTG AAT CGT ATC AAA GGT GTT CAA AGA GGG GGT ACT AAT GCT GTT GCT AGA GCC CAA GTT GAA CCT CAA TAT ACT CAA CAA GGA GCA GCC GGT ACT TTA GTT GGA GAT ACT GCT CCA AAA GCC TAC GTT CCA GAT ACT GGG TGT GAG TCT CCA GAA TTA CCA GGA ACT TTG ATA ACA GGT GCC GAA ATT ACA TTT GCA CAA TTG GGT GAT TTC CAA TTT GCA GGT TAC ATC TTG ACT ATT GCT GGT GAT TCA CCA CTA GCC TTG GGT GAT GCA GTT TTG AAA GTT GCT CAA AAA TAT ATG ACT TTG GTT ACT GGG GGT ACT TTG TTA GTC AAC TGG AAA TCA GGC TGG ATT GCT GAT GGC TTT GGT TTA AAT GCA TTA TGT CAA ACT GTT GAT CAA ATG ACA TTT GGT CAC TTC GGT TTG CAA CAA GCT AGA GTC ACC GCT GCC TCT TGT AAC AAT AAT TTT CTT TCA TTT GCC AAA TTG CCT GCC TCA AAC ACT GTA TAT GTC AAT CCA CAA GAA GTG CAG TTG AAT TCA GTT AAT AAT TTG TTG ACT ACA GGA ATA ATT TCT TTT AAT TTT TCA 



Printing out site pattern counts


         9        537  P

Scer                            AAA AAA AAA AAC AAC AAC AAC AAG AAG AAG AAT AAT AAT AAT AAT ACA ACA ACA ACA ACC ACC ACC ACC ACG ACG ACG ACG ACT ACT ACT ACT ACT ACT AGA AGA AGT AGT ATA ATA ATC ATC ATC ATG ATG ATT ATT ATT ATT ATT ATT ATT ATT ATT CAA CAA CAA CAA CAA CAC CAC CAG CAG CAG CAT CAT CAT CCA CCA CCA CCA CCC CCC CCG CCT CCT CCT CCT CGA CGT CTA CTG CTG CTT GAA GAA GAA GAA GAA GAC GAG GAG GAT GAT GAT GCA GCA GCA GCA GCA GCA GCA GCA GCC GCC GCC GCC GCC GCC GCT GCT GCT GCT GCT GCT GCT GCT GGA GGC GGC GGC GGG GGG GGG GGT GGT GGT GGT GGT GGT GGT GGT GGT GTA GTA GTA GTC GTC GTG GTG GTG GTG GTG GTG GTT GTT GTT GTT TAC TAC TAC TAT TAT TAT TCA TCA TCG TCT TCT TCT TGG TGT TTA TTA TTA TTA TTA TTA TTC TTC TTC TTC TTG TTG TTG TTG TTG TTT TTT TTT 
Sbay                            ... ..G G.T ... ... ... ... ..A ..A ... ..A ..C ..C ... ... ... ... ... .GT ... ... ... ..G ..A ..A ..C ..T ..A ..C ..C ..C ... GTG ... ... ... ... ... ... ... ... G.T ... ... ..C ..C ..C ... ... ... ... ... C.A ... ... ... ... ... ... ... ATT ..A ..A ..A ... ... ... ... ... ... ... ... ..C ..C ... ... ... ... ... T.G .CC ... ... C.. ... ... ... ..G ... ..A .GT ... ... ... ... ... ... ... ..G ..G ..T .TC ATA ... ... ... ... ... ..A ..C ..C ... ... ... T.C T.. ..T ... ... ..T ... ... ..T ..A ..C ... ... ... ... ... ... ... ... ..C ..G ... ... A.A A.C A.C ..A ..C ... A.. ..C ..C ... AT. ... ... ..C ..C ... ... ..T ..T ..C ... ... ... ..C C.. C.G ... ... ... ..G ... ... ... ... C.A ... ... ... ... .AC ... ... 
Smik                            ..G ... G.T ... ... ... ... ... ... ... ..C ... ... ..C ... ... ... ..T .GT ..A ..T ..T ..T ... ..T ..A ..C ..A ... ... ... ... ... ... ... ... ... ... ..T ... TA. ..T ... ... ..C ... G.G ..A ... ... ... ... ... ... ... ... ..G ..G ... TT. ATT ..A ... ..C ..C ... ... ... ... ... ..A ... ..C ... ... ... ... ... ... T.. .CA ..A ... C.. ... ... ..G ..G ... ..A ..T ..C ... ... A.. ... ... ... ... ..T ..T ... ATT ... ... ..T ..T ..T ..A ... ... ... ... ... ... ... ..G ... ..T ... ..A ... ..T ..G ..C ... ... ... ... ... ... ... ..C .C. ..G ... ..T ..A ... ... ..C ..T ... A.C ... TG. ... ... ... ... ..C ... ... ... ..G ... ... ... ... ... ..C C.. ... ... ... ..G ... ... ... ... ... C.. ..A ..A ... ... ... ..C ... 
Spar                            ..G ... G.T ... ... ... ... ... ... ... ... ..C ... ... ... ... ... ..C .GT ..A ... ... ... ... ..C ... ... ..A ..C ..C ... ... ... ... ... ... ... ... ... ... TA. ... ... ... ..C ..C G.G ... ... ... ... ... ... ... ... ... ... ..G ... ... ATT ..A ... ..C ... ... ... ... ... ..G ... ... ... ... ... ... ... ... ... T.. .CC ... ... ... ... ... ... ... ... ..A ..T ... ... ... ... ... ... ..G ..C ... ... ... ATA ... ... ... ..T ..T ... ... ... ... ... ... ... ... ..T ..T ... ... ... ... ..T ..G ... ..A ... ... ... ... ... ... ..G .C. ..G ... ... ..A ... ... ... ..T ... ..C ... ... ... ... ... ... ..C ... ... ... ..G ... ... ... ... ... ... ... ..G ... ..G ... ... ... ... ... ... ... ..A ..A ... ... .AC ..C ... 
Ncas                            ..G GCG GGG ... ... ..T ..T ... ... ... ... ... ... ... ..C ..C ..T ..T ..T ..A ... ..T ... ..C ..T ..C ... ... ..C ... ... ... ... ... ... .A. .C. ..T ..T ... G.T ..T ... ... ... ..C ..C C.G ..A ..C ..C ... ... ... ... ... ... ... ... ..T ..A ..A ..A ..A A.. ... ... ... ..T ... ... ..A ..C ..C ..C ... ... A.. A.A T.. ..A ..T T.A C.. ... ... ..G ... ... ..A AGT ... ... ... ..G A.C ..T ..T ..C ..T ..T .TT ... ..A ..T ..A ... ... ..A ..A ... ..C ... ... ... ..C ..T ..T ... ..G ... ... ... ..G ... ..C ..G ..G ... ... ... ... A.T ..T ..C ... A.T ..T A.C ..C A.T ..C ..C A.C ... AC. ..G GTT ... ..T ..C ..C ... ..T ..T ..T GG. G.A ..C ... ..C C.. C.T C.T ..G ... ... ... ... ... ..T C.A ..A ... C.A C.A ... ... ... 
Cgla                            ... ... ... ..T ..T ... ..T ..A ... ... GG. ..C ..C C.C ... .GT ..C ..C ..T ... ..T ..T ..T ..C ..C ..T ..A ... ... ..A ..C ... ..A ... ... .AA .C. ..C ... ..T G.. ... ..A ... ..A ..C ..C T.G C.C ..C ... ... ..C ... ... ..G ... ..G ... ... ..A ..A ... ..G A.. ..C ... ... ..T ... T.G ..A ..A ... ..A ..G ..G A.. A.A T.G ... T.. ..A C.. ... ... ..G C.G ... ..A ..T ... ... .GG A.T ..T ... ... ..C ..T ..G .TT ..T ..G ..A ..G ..A ... ..A ... ... ... ..A ... ... ... ..T ..T ..G ..T ... ..T ..T ... ... ..C ..A ... ..C ..G ... ... A.C ..T ..G ... ... ..T A.C A.T A.C ..C ..T ACA ... AC. ..C GT. ... ... ... ... ... ..C ..C ..C GG. G.C ... ... ATG ..G C.. ..G ..G ... ..G ... ... ... ..T ... ..A ... C.T ..A .AC ... ..C 
Agos                            ..G GCG G.T ... ..T ... TCA ..C ... ... ... ..C ... C.. ..C T.C ..C ..G .GC ..T ... ..G ..T ..A ... ..T ..A ... ..C ..A ..G ..G ..G ..G C.T .AG ..C ..C ..C G.G G.G .G. .C. ... ..C ..C G.C ... G.C ..C ..C ... ..C ..G ..G .GG ... ..G ... ... ..A ... ... ..A ..C ..C ..C ..T ..T ..T .TG ... ... ..G ..G ..A ... A.G ..C T.G ... ..C ..G C.G ... ..G ..G C.G ... ... ... ..C ... ... ..C ..G ... ..G AGT ... ..T .TT ... ..G ..T ..G ... ... ..A ..G ... .GC ... ..G ... ..C ..C ..T ... ..T ..A ..T ..C ..G ... ... ..C ... ..C ..G ..C ... ..C ..T ..G ..T ..G A.T ..C A.T ..C ..T ..T CAG ..C ... ..C GTG ..T ... A.A ..C ... ..T ..C ..C GGC A.G ... ... ... C.C C.. ..G C.C ..G ..G .A. ... ... ... ... C.. ... C.T C.. ... ... ... 
Klac                            ..G G.. ..G ... ... ... .T. ..T .C. ... ..C ... ..C CCA ..C .GT ..T ..C .GT ... ..T ..T ..A ... ..C ..A ... ... ... ..A ... ..C ... ... C.T C.. ... ..C ... ..T G.T ..T ... ... ..C ..C G.. T.C ... ..C ... ..C ... ... ..G ... ... ... ... ... ..A ..A ..A ..A A.C ..C ... ... ... ..C TTG ... ..T ..C ..A ... ..A A.. A.A ... ..A T.A T.A C.G ... ... ... ..G ... ..A ..C ... ... ..C ..G ... ..T ... AGT ... ... ..T ..A ..A ... ..A ... ..T ..A ..A ... ..C ..C ... ... ... ... ..T ..G ..T ..T ... ..T ..C ... ... ... ... ..A ... ... ... ..C .CT A.C ..T ..T A.T ..T A.T ..C ..T ..C ACA ... ... ..C GTT ... ..T A.A ..C ... ..T ..T ..T GG. ..A ... ... GCA C.. C.. ... ..G ... C.. .A. ... ... .AT C.A C.A ... C.A ... .AC ... ..C 
Calb                            ... .T. G.T ..T ..T ... ..T ..A ..A ..A ... .CA ... ... ... GTT ..T ..C ..T ..T ..T ..A ..A ..T ..C ..T .TT ... ... ... ... ... ... ... ... ..A .C. ..T .GT G.A G.T TGT .AC ... ... ... G.. T.G C.. ..C C.A ... ..C ... ..G ... ... ... ..T ..T ..A ..A ..A ..A A.C ..C ..T ... ... ... TTA ..G ..A ... ..A ..A ... A.. ... T.G T.. T.. T.. C.. ... ... ..G ... ..T CTA TCT ... ... .GA CGT C.. ..T ... T.T ..T ..C T.. .GG ..T ..T ..T ... ... ..A C.. ... ..C ... T.A ..C ..A ..C ..T ..A ..G ..A TCA ..T ... ... ... ..G ... ... ..C ... ... A.T TC. A.. ..T AAG ..T ..T A.A A.T ... ..C AAA ..G ..G ..A GTT ... .TT ..C ... ... ... ..T ..T GGA ... G.A ... ATC ..G ..G ... ... ..G ..G A.G ... ..G ..T ... ..A ... ..A C.A .AC ..C ..C 

    2    1    1    1    1    1    1    1    3    4    2    3    3    3    3
    1    7    1    1    1    1    3    1    1    1    2    1    1    1    1
    1    2    2    1    3    2    2    1    1    1    2    4    2    2    1
    1    1    1    1    1    1    1    1    1    1    4    1    2    1    1
    2    4    1    2    1    2    1    3    1    1    2    1    1    2    5
    3    2    2    1    4    1    1    3    4    2    1    3    1    6    3
    1    5    2    1    2    1    3    3    1    1    3    2    2    1    2
    1    2    2    3    3    1    1    4    1    1    3    1    1    1    1
    1    1    1    3    1    3    2    1    1    4   10    3    1    3    2
    3    1    2    2    2    2    1    3    2    1    1    1    4    2    6
    1    1    4    1    3    1    3    1    2    6    1    3    2    2    1
    1    2    1    3    1    2    3    1    2    1    1    1    1    2

CODONML (in paml version 4.9j, February 2020)  temp.nuc
Model: One dN/dS ratio, 
Codon frequency model: Fequal
ns =   9  ls = 346

Codon usage in sequences
--------------------------------------------------------------------------------------------------------------------------------------
Phe TTT   4   3   3   2   6   3 | Ser TCT   6  10   6   6   5   2 | Tyr TAT   6   4   5   5  10   6 | Cys TGT   1   0   1   1   0   0
    TTC   7   7   9   8   5   7 |     TCC   0   4   0   0   2   5 |     TAC  12  11  15  16   4   9 |     TGC   0   1   1   0   1   0
Leu TTA  11   4  14  15  11   3 |     TCA   4   1   1   1   0   0 | *** TAA   0   0   0   0   0   0 | *** TGA   0   0   0   0   0   0
    TTG   8  11   3   8   3  19 |     TCG   1   0   4   4   0   2 |     TAG   0   0   0   0   0   0 | Trp TGG   6   6   6   6   6   6
--------------------------------------------------------------------------------------------------------------------------------------
Leu CTT   3   3   3   3   5   1 | Pro CCT  12  10  12  12   6   3 | His CAT   5   3   2   3   3   0 | Arg CGT   1   1   1   1   0   0
    CTC   0   0   0   0   0   1 |     CCC   3   7   2   4  10   0 |     CAC   2   2   4   4   1   7 |     CGC   0   0   0   0   0   0
    CTA   4   7   4   0   9   5 |     CCA   6   6   9   5   6  12 | Gln CAA   9  20  14  11  22  13 |     CGA   2   2   2   2   0   0
    CTG   2   3   3   1   1   1 |     CCG   1   0   0   2   0   5 |     CAG   7   0   4   3   0  10 |     CGG   0   0   0   0   0   0
--------------------------------------------------------------------------------------------------------------------------------------
Ile ATT   9   9  15   8  13   5 | Thr ACT   8   3  14   5  23  17 | Asn AAT  14   6   9  11  16   7 | Ser AGT   4   5   5   5   1   1
    ATC   7  14   4   7   9  14 |     ACC   6  10   1   9   8  12 |     AAC   4  10   9   7   5   7 |     AGC   0   0   0   0   0   0
    ATA   2   6   2   4   1   4 |     ACA  10  12  14  10   1   6 | Lys AAA   4   8   1   1   0   7 | Arg AGA   4   4   4   4   7   7
Met ATG   4   4   4   4   4   3 |     ACG   5   1   1   4   1   0 |     AAG   8   5  10  10  10   7 |     AGG   0   0   0   0   0   0
--------------------------------------------------------------------------------------------------------------------------------------
Val GTT   5   5   4   4  14  11 | Ala GCT  17   9  23  21  19  14 | Asp GAT   8   9   5  10   8   8 | Gly GGT  28  28  26  25  24  28
    GTC   4  12   6   6  11  12 |     GCC  10  12   3   5  11   4 |     GAC   6   6  11   6   6   6 |     GGC   3   3   3   2   4   4
    GTA   6   3   2   2   0   0 |     GCA  16  12  16  15   9  17 | Glu GAA  11   9   6  14   7   6 |     GGA   1   3   1   3   0   2
    GTG  12   7  10  13   1   2 |     GCG   0   2   0   3   3   5 |     GAG   4   1   4   0   3   3 |     GGG   3   2   5   5  11   7
--------------------------------------------------------------------------------------------------------------------------------------

--------------------------------------------------------------------------------------
Phe TTT   4   1  11 | Ser TCT   3   7   7 | Tyr TAT   6  12   5 | Cys TGT   1   0   4
    TTC   6   7   6 |     TCC   5   0   0 |     TAC   8   5   4 |     TGC   0   0   0
Leu TTA   0   7   7 |     TCA   1   1   8 | *** TAA   0   0   0 | *** TGA   0   0   0
    TTG  14   6  21 |     TCG   0   0   0 |     TAG   0   0   0 | Trp TGG   6   6   6
--------------------------------------------------------------------------------------
Leu CTT   1   0   1 | Pro CCT   7   4   8 | His CAT   3   0   2 | Arg CGT   3   5   3
    CTC   5   0   0 |     CCC   2   4   0 |     CAC   5   4   2 |     CGC   1   0   0
    CTA   2  17   5 |     CCA   3  15  15 | Gln CAA   5  17  21 |     CGA   0   0   0
    CTG   8   0   0 |     CCG   8   0   1 |     CAG  16   5   1 |     CGG   4   0   0
--------------------------------------------------------------------------------------
Ile ATT   6  12   8 | Thr ACT   5  16  23 | Asn AAT   6   4  14 | Ser AGT   1   5   1
    ATC   7   8   3 |     ACC   9   5   2 |     AAC   9  12   4 |     AGC   7   0   0
    ATA   0   1   5 |     ACA   3   6   7 | Lys AAA   1   1  12 | Arg AGA   0   4   8
Met ATG   2   4   3 |     ACG  13   5   0 |     AAG  11   7   1 |     AGG   3   0   0
--------------------------------------------------------------------------------------
Val GTT  13  16  15 | Ala GCT  11  16  13 | Asp GAT   4   7  14 | Gly GGT  11  31  24
    GTC   9   7   3 |     GCC  11   9   9 |     GAC  11   8   0 |     GGC  20   3   5
    GTA   0   0   2 |     GCA   7  19  11 | Glu GAA   2  10   4 |     GGA   1   2   6
    GTG  10   0   3 |     GCG  11   2   0 |     GAG   8   1   3 |     GGG   7   2   5
--------------------------------------------------------------------------------------

Codon position x base (3x4) table for each sequence.

#1: Scer           
position  1:    T:0.19075    C:0.16474    A:0.25723    G:0.38728
position  2:    T:0.25434    C:0.30347    A:0.28902    G:0.15318
position  3:    T:0.37861    C:0.18497    A:0.26012    G:0.17630
Average         T:0.27457    C:0.21773    A:0.26879    G:0.23892

#2: Sbay           
position  1:    T:0.17919    C:0.18497    A:0.28035    G:0.35549
position  2:    T:0.28324    C:0.28613    A:0.27168    G:0.15896
position  3:    T:0.31214    C:0.28613    A:0.28035    G:0.12139
Average         T:0.25819    C:0.25241    A:0.27746    G:0.21195

#3: Smik           
position  1:    T:0.19653    C:0.17341    A:0.26879    G:0.36127
position  2:    T:0.24855    C:0.30636    A:0.28613    G:0.15896
position  3:    T:0.38728    C:0.19653    A:0.26012    G:0.15607
Average         T:0.27746    C:0.22543    A:0.27168    G:0.22543

#4: Spar           
position  1:    T:0.20809    C:0.14740    A:0.25723    G:0.38728
position  2:    T:0.24566    C:0.30636    A:0.29191    G:0.15607
position  3:    T:0.35260    C:0.21387    A:0.25145    G:0.18208
Average         T:0.26879    C:0.22254    A:0.26686    G:0.24181

#5: Ncas           
position  1:    T:0.15318    C:0.18208    A:0.28613    G:0.37861
position  2:    T:0.26879    C:0.30058    A:0.27457    G:0.15607
position  3:    T:0.44220    C:0.22254    A:0.21098    G:0.12428
Average         T:0.28805    C:0.23507    A:0.25723    G:0.21965

#6: Cgla           
position  1:    T:0.17919    C:0.16763    A:0.28035    G:0.37283
position  2:    T:0.26301    C:0.30058    A:0.27746    G:0.15896
position  3:    T:0.30636    C:0.25434    A:0.23699    G:0.20231
Average         T:0.24952    C:0.24085    A:0.26493    G:0.24470

#7: Agos           
position  1:    T:0.15607    C:0.21098    A:0.23988    G:0.39306
position  2:    T:0.25145    C:0.28613    A:0.27457    G:0.18786
position  3:    T:0.24566    C:0.33237    A:0.07225    G:0.34971
Average         T:0.21773    C:0.27649    A:0.19557    G:0.31021

#8: Klac           
position  1:    T:0.15029    C:0.20520    A:0.26012    G:0.38439
position  2:    T:0.24855    C:0.31503    A:0.26879    G:0.16763
position  3:    T:0.39306    C:0.20809    A:0.28902    G:0.10983
Average         T:0.26397    C:0.24277    A:0.27264    G:0.22062

#9: Calb           
position  1:    T:0.22832    C:0.17052    A:0.26301    G:0.33815
position  2:    T:0.26879    C:0.30058    A:0.25145    G:0.17919
position  3:    T:0.44220    C:0.10983    A:0.32081    G:0.12717
Average         T:0.31310    C:0.19364    A:0.27842    G:0.21484

Sums of codon usage counts
------------------------------------------------------------------------------
Phe F TTT      37 | Ser S TCT      52 | Tyr Y TAT      59 | Cys C TGT       8
      TTC      62 |       TCC      16 |       TAC      84 |       TGC       3
Leu L TTA      72 |       TCA      17 | *** * TAA       0 | *** * TGA       0
      TTG      93 |       TCG      11 |       TAG       0 | Trp W TGG      54
------------------------------------------------------------------------------
Leu L CTT      20 | Pro P CCT      74 | His H CAT      21 | Arg R CGT      15
      CTC       6 |       CCC      32 |       CAC      31 |       CGC       1
      CTA      53 |       CCA      77 | Gln Q CAA     132 |       CGA       8
      CTG      19 |       CCG      17 |       CAG      46 |       CGG       4
------------------------------------------------------------------------------
Ile I ATT      85 | Thr T ACT     114 | Asn N AAT      87 | Ser S AGT      28
      ATC      73 |       ACC      62 |       AAC      67 |       AGC       7
      ATA      25 |       ACA      69 | Lys K AAA      35 | Arg R AGA      42
Met M ATG      32 |       ACG      30 |       AAG      69 |       AGG       3
------------------------------------------------------------------------------
Val V GTT      87 | Ala A GCT     143 | Asp D GAT      73 | Gly G GGT     225
      GTC      70 |       GCC      74 |       GAC      60 |       GGC      47
      GTA      15 |       GCA     122 | Glu E GAA      69 |       GGA      19
      GTG      58 |       GCG      26 |       GAG      27 |       GGG      47
------------------------------------------------------------------------------


Codon position x base (3x4) table, overall

position  1:    T:0.18240    C:0.17855    A:0.26590    G:0.37315
position  2:    T:0.25915    C:0.30058    A:0.27617    G:0.16410
position  3:    T:0.36224    C:0.22319    A:0.24245    G:0.17213
Average         T:0.26793    C:0.23410    A:0.26151    G:0.23646

Codon frequencies under model, for use in evolver (TTT TTC TTA TTG ... GGG):
  0.01639344  0.01639344  0.01639344  0.01639344
  0.01639344  0.01639344  0.01639344  0.01639344
  0.01639344  0.01639344  0.00000000  0.00000000
  0.01639344  0.01639344  0.00000000  0.01639344
  0.01639344  0.01639344  0.01639344  0.01639344
  0.01639344  0.01639344  0.01639344  0.01639344
  0.01639344  0.01639344  0.01639344  0.01639344
  0.01639344  0.01639344  0.01639344  0.01639344
  0.01639344  0.01639344  0.01639344  0.01639344
  0.01639344  0.01639344  0.01639344  0.01639344
  0.01639344  0.01639344  0.01639344  0.01639344
  0.01639344  0.01639344  0.01639344  0.01639344
  0.01639344  0.01639344  0.01639344  0.01639344
  0.01639344  0.01639344  0.01639344  0.01639344
  0.01639344  0.01639344  0.01639344  0.01639344
  0.01639344  0.01639344  0.01639344  0.01639344


TREE #  1:  (((((1, 4), (3, 2)), 5), 6), ((7, 8), 9));   MP score: 1023
This is a rooted tree.  Please check!
lnL(ntime: 16  np: 18):  -5702.611741      +0.000000
  10..11   11..12   12..13   13..14   14..1    14..4    13..15   15..3    15..2    12..5    11..6    10..16   16..17   17..7    17..8    16..9  
 0.000004 0.190529 0.735528 0.111936 0.253739 0.072076 0.000004 0.192623 0.478799 0.292384 0.633923 0.000004 0.221442 1.058655 0.392054 1.158087 2.214066 0.079762

Note: Branch length is defined as number of nucleotide substitutions per codon (not per neucleotide site).

tree length =  5.791786

(((((1: 0.253739, 4: 0.072076): 0.111936, (3: 0.192623, 2: 0.478799): 0.000004): 0.735528, 5: 0.292384): 0.190529, 6: 0.633923): 0.000004, ((7: 1.058655, 8: 0.392054): 0.221442, 9: 1.158087): 0.000004);

(((((Scer: 0.253739, Spar: 0.072076): 0.111936, (Smik: 0.192623, Sbay: 0.478799): 0.000004): 0.735528, Ncas: 0.292384): 0.190529, Cgla: 0.633923): 0.000004, ((Agos: 1.058655, Klac: 0.392054): 0.221442, Calb: 1.158087): 0.000004);

Detailed output identifying parameters

kappa (ts/tv) =  2.21407

omega (dN/dS) =  0.07976

dN & dS for each branch

 branch          t       N       S   dN/dS      dN      dS  N*dN  S*dS

  10..11     0.000   745.3   292.7  0.0798  0.0000  0.0000   0.0   0.0
  11..12     0.191   745.3   292.7  0.0798  0.0149  0.1872  11.1  54.8
  12..13     0.736   745.3   292.7  0.0798  0.0576  0.7227  43.0 211.5
  13..14     0.112   745.3   292.7  0.0798  0.0088  0.1100   6.5  32.2
  14..1      0.254   745.3   292.7  0.0798  0.0199  0.2493  14.8  73.0
  14..4      0.072   745.3   292.7  0.0798  0.0056  0.0708   4.2  20.7
  13..15     0.000   745.3   292.7  0.0798  0.0000  0.0000   0.0   0.0
  15..3      0.193   745.3   292.7  0.0798  0.0151  0.1893  11.3  55.4
  15..2      0.479   745.3   292.7  0.0798  0.0375  0.4704  28.0 137.7
  12..5      0.292   745.3   292.7  0.0798  0.0229  0.2873  17.1  84.1
  11..6      0.634   745.3   292.7  0.0798  0.0497  0.6228  37.0 182.3
  10..16     0.000   745.3   292.7  0.0798  0.0000  0.0000   0.0   0.0
  16..17     0.221   745.3   292.7  0.0798  0.0174  0.2176  12.9  63.7
  17..7      1.059   745.3   292.7  0.0798  0.0830  1.0401  61.8 304.5
  17..8      0.392   745.3   292.7  0.0798  0.0307  0.3852  22.9 112.8
  16..9      1.158   745.3   292.7  0.0798  0.0908  1.1378  67.6 333.1

tree length for dN:       0.4539
tree length for dS:       5.6905


Time used:  0:08
