      9    552

Scer                            CCC ACT GCC TTA GGT TTA TCA TGT ACT AGA AGA GGT GTC CCT AAT TCC AGA GCG CCA GGG GGT TTT GCT ACT ATC TCT GCA GCT ATG GGT TAC TTA GGT GGA ACT CCA GTT CCA TTA GTT GCT TCT GCA GCT GGT GGT GGT GCT CAC TCT AGA GTC TTA CCA GTT GCT AGA AGA GCT GGT TTT GTC GCT GTT GGT TCT GCT GGT AAG AAG TTT AAG GCA ACC TCT ACC ATC ATT CCT GGA GTT GGT AGA GGA GTG CTA GGT GCT GTC TTG ATT AGA ACA GCT TGC TTA CAT GCA GGT GGT CCA GCT GGA GGT CCA CCA GCC AAT GTC TAT AAG AGA ACC CCA CAT TTA CAT TTA TCT CAC CCA AAC GGT GGA GCC GGT TAT GTG ATT GCA ACA CTA GCG GTC TTA ACA TTA GGT GCC CCA TTG GGA GCT CCA GGT GTC CTA GTA GTG TGT ATC ATC GTC CCA TTT ATC TTG CCC CCG GGT ATC TTT GTG GTG TAC AGA CCC TTG GCT CTC GGT GGT GGT ACA CTG GTC AGA GGT AGA GTG AGA GCT GTG GGT 
Sbay                            CCC ACT GCC TTG GGT TTG TCA TGT ACC AGA AGG GGT GTC CCG AAC CCA AGA GCG CCA GGT GGT TTC GCT ACT ATC TCT GCC GCC ATC GGT TAC TTG GGT GGA ACC CCA GTT CCA TTG GTT GCC TCT GCG GCA GGT GGT GGT GCT CAT TCT AGA GTC TTG CCA GTT GCT AGG AGA GCA GGT TTC GTC GCA GTC GGT TCT GCA GGT AAA AAA TTC AAA GCC ACT TCC ACC ATC ATT CCT GGT GTC GGT AGG GGT GTC TTG GGT GCT GTC CTT ATC AGA ACA GCA TGC TTG CAC GCG GGT GGA CCA GCA GGA GGT CCA CCA TGT AAT GTC TAC AGG AGG ACT CCC CAC TTG CAC TTG TCT CAT CCA AAT GGT GGA GCC GGT TAT GTG ATT GCA ACT TTG GCG GTC TTG ACT TTG GGT GCC CCA TTG GGG GCT CCA GGT GTC TTG GTC GTG TGT ATC ATC GTC CCA TTT ATC TTG CCA CCG GGC ATC TTC GTG GTG TAT AGA CCC TTG GCT CTC GGT GGC GGT ACT CTG GTC AGA GGT CGG GTG AGA GCA GTT GGA 
Smik                            CCA ACT GCC TTG GGT TTG TCT TGT ACT AGA AGA GGT GTC CCT AAC TCG AGA GCA CCG GGC GGT TTC GCA ACT ATT TCC GCT GCC ATG GGT TAT TTG GGA GGA ACT CCA GTT CCA TTG GTT GCC TCC GCG GCT GGT GGT GGA GCA CAT TCT AGA GTC TTG CCG GTT GCA AGA AGA GCT GGT TTC GTC GCT TGT GGA TCC GCT GGT AAG AAA TTC AAA GCT ACC TCT ACT ATG ATA CCT GGG TGT GGA AGA GGG GTG TTA GGA GCA GTC TTG ATT AGA ACA GCT TGC TTG CAT GCG GGT GGG CCA GCA GGT GGA CCG CCA TCA AAT GTC TAT AAG AGA ACA CCC CAT TTG CAT TTG TCT CAT CCG AAT GGT GGT GCC GGT TAT GTG ATA GCA ACA TTG GCA GTC TTG ACA TTG GGT GCC CCA TTG GGA GCA CCA GGA GTC TTG GTC GTA TGT ATC ATT GTC CCA TTT ATG TTG CCA CCG GGT ATG TTT GTA GTG TAT AGA CCA TTG GCA CTC GGA GGT GGA ACA CTG GTC AGA GGT AGG GTG AGA GCA GTG GGG 
Spar                            CCC ACC GCT TTA GGC TTA TCG TGC ACT AGA AGA GGT GTC CCT AAT CCT AGA GCG CCA GGA GGT TTT GCC ACT ATT TCT GCC GCC ATC GGT TAC TTA GGT GGA ACT CCA GTT CCA TTA GTT GCC TCT GCA GCC GGT GGT GGT GCT CAC TCT AGA GTC TTA CCA GTT GCC AGA AGA GCC GGT TTT GTC GCC GTT GGT TCT GCC GGT AAA AAG TTT AAG GCC ACC TCT ACT ATC ATT CCT GGA GTT GGT AGA GGA GTG TTA GGT GCC GTC TTG ATT AGA ACA GCC TGC TTA CAT GCA GGC GGG CCA GCA GGG GGT CCA CCA GCC AAT GTC TAC AAG AGA ACA CCG CAT TTA CAT TTA TCT CAC CCA AAC GGC GGG GCC GGT TAT GTG ATT GCA ACG TTG GCG GTC TTA ACA TTA GGT GCC CCA TTG GGG GCC CCA GGT GTC TTG GTG GTA TGC ATC ATT GTC CCA TTT ATC TTG CCA CCG GGT ATC TTT GTA GTG TAT AGA CCC TTG GCT CTC GGT GGT GGT ACG CTG GTC AGA GGT AGG GTG AGA GCA GTG GGG 
Ncas                            CCC GGT GCC TTA GGT TTA TCC TGT TGC AGA AGA GGT GTC CCT AAC CCC AGA GCG CCT GGC GGT TTC GCT ACT ATT TCA GCT GCT ATG GGT TAC TTA GGT GGT ACT CCT GTG CCT TTA GTG GCT TCA GCA GCT GGT GGT GGT GCA TTA TCT AGA GTC TTA CCT GTG GCT AGA AGA GCT GGT TTC GTC GCT ACT GGT TCA GCT GGT AAA AAG TTC AAG GCT ACT TCT ACT ATG ATC CCC GGT ACT GGT AGA GGT GTT TTA GGT GCT GTC TTG ATT AGA GTT GCT TGT TTA CAT GCA GGT GGG CCA GCT GGG GGT CCT CCA TCA AAC GTC TAC AAG AGA ACT CCA CAT TTA CAT TTA TCT TTA CCT AAC GGT GGG GCT GGT TAT GTC ATC GCT ACC TTG GCG GTC TTA ACT TTA GGT GCT CCA TTG GGA GCT CCT GGT GTC TTG GTT GTT TGT ATT ATT GTC CCA TTT ATG CTA CCT CCT GGT ATG TTT GTT GTC TAT AGA CCC CTA GCA CTA GGT GGT GGT ACC TTG GTC AGA GGT AAA GTC AGA GCT GTG GGG 
Cgla                            TCG ATG GCT TTA GGT TTA TCC TGT ACT AGA AGA GGT GTT CCA AAC TCA AGA GCT CCA GGT GGA TTC GCC ACT ATA TCT GCC GCT ATG GGT TAC TTA GGT GGC ACA CCC GTG CCC TTA GTG GCT TCT GCT GCT GGA GGT GGT GCG AGA GCA AGA GTC TTA CCA GTG GCC AGA AGA GCT GGT TTC GTT GCT ACT GGT TCT GCT GGC AAG AAG TTC AAG GCC ACT TCC ACA ATG ATC CCT GGT ACT GGT AGA GGT GTT TTG GGT GCC GTC CTG ATT AGA ACT GCT TGC TTA CAT GCT GGT GGT CCA GCC GGT GGT CCA CCA GCA AAT GTC TAC AGA AGA ACC CCT CAT TTA CAT TTA GCA AGA CCA AAT GGT GGT GCT GGT TAT GTA ATC GCC ACT TTG GCT GTT TTA ACC TTA GGC GCT CCA TTG GGC GCC CCC GGT GTC TTG ATT GTA TGT ATC ATA GTC CCA TTT ATG TTA CCT CCA GGT ATG TTT GTA GTA TAT AGA TCG TTA GCG ATG GGT GGT GGT ACT TTG GTC AGA GGT ATG GTA AGA GCC GTG GGT 
Agos                            CTG AAT GCC CTC GGG CTC TCT TGC AGC AGA AGG GGC GTG CCT AAT CCA CGG GCA CCG GGC GGC TTT GCA ACG ATA TCG GCG GCT ATG GGT TAC CTC GGT GGT ACA CCA GTG CCA CTC GTG GCT TCG GCG GCC GGC GGT GGC GCT CAT TCT AGA GTT CTC CCG GTG GCA AGG AGA GCC CAT TTT GTG GCC GTT GGT TCG GCC GGC AAG AAG TTT AAG GCG ACC ACG ACA ATG ATA CCT GGA GTT GGT AGG GGA GTG TTG GGT GCA GTT CTC ATC CGG CTC GCC TGC CTC CAC GCG GGG GGG CCA GGC GGC GGC CCG CCA TCC AAT GTT TAC CGC AGG ACC CCT CAC CTC CAC CTC TCT CAT CCG AAC GGG GGC GCG GGT TAT GTG ATA GGC ACG CTA GCA GTG CTC ACC CTC GGC GCG CCA GTG GGC GCA CCA GGT GTT CTA GTT GTA TGC CTG ATA GTT CCA TTC ATG TTG CCT CCC GGC ATG TTT GTA GTG TAC AGA CTG TTG GCT ATG GGT GGC GGT ACG ATA GTT AGA GGC GCG GTG AGA GGC GTG GGG 
Klac                            TTG ATG GCA TTA GGT TTA TCC TGT ACT AGA AGG GGT GTT CCG AAC GCG AGA GCT CCC GGC GGT TTT GCA ACC ATC TCA GCC GCC ATG GGT TAT TTA GGT GGT ACT CCT GTT CCT TTA GTT GCC TCA GCG GCC GGT GGT GGT GCG CAT TCT AGA GTT TTA CCC GTT GCA AGG AGA GCC GGT TTT GTT GCC GTT GGT TCA GCC GGA AAA CCC TTT CCC GCC ACT AGT ACT ATG ATA CCT GGT GTT GGT AGG GGT GTT CTA GGT GCA GTT TTG ATT AGA TTG GCC TGT TTA CAC GCG GGT GGC CCA GCT GGA GGT CCC CCA TCA AAT GTT TAT AGA AGG ACC CCA CAC TTA CAC TTA TCT CAT CCC AAT GGT GGA GCA GGT TAC GTT ATA GCT ACT TTG GCT GTT TTA ACC TTA GGA GCA CCA ATG GCA GCA CCT GGT GTT TTG GTC ACA TGT TTA ATC GTT CCA TTC ATG TTA CCA CCC GGT ATG TTT ACA GTT TAT AGA TTG TTA GCG ATG GGT GGT GGT ACT CTA GTT AGA GGT CTA GTT AGA GCT GTT GGC 
Calb                            TTA TCC GCC TTG GGT TTG TCT TGT TCA AGA AGA GGT GTC TCT AAT AAT AGA GCG CCA GGA CAT TTC GCT TCT ATC AGT GCA GCT GCT GGT TAC TTG GGT GGA ACT CCA GTC CCA TTG GTC GCT AGT GCG GCT CAT GGT GGT GCT ATT TCT AGA GTT TTG CCA GTC GCT AGA AGA GCT TGT TTC GTC GCT GTG GGT AGT GCT GGT AAA CCA TTC CCA GCA ACT AGT ACT GCT GTG CCA GGT GTG GGT AGA GGT GTG TTG GGT GCT GTT TTA ATT AGA GAT GCT TGT TTG CAT GCG GGT GGT CCA GCA GGA GGT CCA CCA GCT AAT GTT TAC TTA AGA ACT CCT CAT TTG CAT TTG TCT ATT CCA AAC GGT GGA GCA GGT TAT GTG GTG GCA ACT TTG GCG GTC TTG ACT TTG GGT GCA CCA ACA GGT GCT CCA GGT GTT TTG GTT GTT TGT TTA ATC GTT CCA TTT GCT TTA CCA CCT GGT GCT TTT GTT GTG TAT AGA TTA TTA GCT TTG GGT GGT GGT ACT ATA GTT AGA GGT CAA GTG AGA GCA GTT GGT 



Printing out site pattern counts


         9        285  P

Scer                            AAC AAG AAG AAG AAT AAT ACA ACA ACA ACC ACC ACC ACT ACT ACT ACT AGA AGA AGA AGA ATC ATC ATC ATG ATT ATT CAC CAT CCA CCA CCA CCA CCC CCC CCG CCT CCT CTA CTA CTC CTG GCA GCA GCA GCC GCC GCC GCG GCT GCT GCT GCT GCT GGA GGA GGA GGA GGG GGT GGT GGT GGT GGT GGT GGT GGT GGT GGT GTA GTC GTC GTG GTG GTG GTG GTT GTT TAC TAC TAT TAT TCA TCC TCT TCT TCT TGC TGT TTA TTG TTG TTG TTT TTT TTT 
Sbay                            ..T ..A ..A .G. ..C ... ... ..T ..T ... ..T ..T ..C ..C ... ... ... ... ..G C.G ... ... ... ..C ..C ... ..T ..C ... ... ... ..C ..A ... ... ..G ... T.G T.G ... ... ... ..C ..G ... ... TGT ... ..A ..A ..C ... ... ... ... ..G ..T ..T ..A ..C ... ... ... ... ... ... ... ... ..C ... ... ..C ... ... ..T ..C ... ... ..T ..C ... ... C.A ..C ... ... ... ... ..G C.T ... ... ..C ..C ... 
Smik                            ..T ..A ... ... ..C ... ... ... ... ..T ..A ... ... ... ... ... ... ... ... ..G ... ..G ..T ... ... ..A ..T ... ... ... ..G ..C ..A ..A ... ... ... T.. T.G ... ... ... ..T ..G ... ... T.A ..A ..A ... ..C ..A ..A ... ..T ... ..G ..C ..G ... ..A ..A ... ... ... ... ... ... ..C ... ... ... ..A ... ... TG. ... ..T ..T ... ... ..T ..G ... ..C ... ... ... ..G ... ... ... ..C ... ... 
Spar                            ... ... ..A ... ... ... ... ... ..G ..T ..A ... ... ... ..C ... ... ... ... ..G ... ... ..T ..C ... ... ... ... ... ... ... ..G ..A ... ... ... ... T.. T.G ... ... ... ..C ... ... ..T ... ... ..A ..C ..C ..C ... ... ..G ..G ... ..A ..G ... ... ... ..C ... ... ... ... ... ..G ... ... ... ..A ... ... ... ... ... ..T ..C ... ..G C.T ... ... ... ... ..C ... ... ... ... ... ... ... 
Ncas                            ... ... ..A ... ..C ..C GTT ..T ..C ..T ..T ..T ... TGC GG. ... ... ... ... .A. ..T ..G ..T ... ... ..C TTA ... ... ..T ..T ... ..T ... ..T ... ..C T.. T.G ..A T.. ..T ..T ... ..T ... T.A ... ... ... ... ... ..A ..T ..G ... ..T ..C ..G ... ... ... ... ... ... ... ... ... ..T ... ... ..T ..T ..C ... AC. ..G ... ..T ..C ... ..C C.. ... ..A ... ..T ... ... ... C.A ... ..C ... ... 
Cgla                            ..T ... ... .GA ..C ... ..T ..C ..T ..A ... ..T ..A ... .TG ... ... ... ... .TG ... ..G ..A ... ... ..C AGA ... ... ..C ... ..T ..T T.G ..A ..A ... T.G T.G A.G T.. ..C ..C ..T ..T ..T ..A ..T ..C ... ... ..C ..G ..C ..T ..C ..T ..T ... ... ... ... ... ..A ..C ... ... ... A.T ... ..T ..T ..A ..A ... AC. ..G ... ..T ..C ... ..C ..A ..C ... G.A ... ... ... C.. ..A ... ..C ... ... 
Agos                            ... ... ... CGC ... ... CTC ..C ..G ..A ... ... ..A .GC .A. ..G ... C.G ..G GCG C.G ..G ..A ... ..C ..A ..T ..C ... ... ..G ..T ..T .TG ..C ... ... T.G ... A.G A.A .GC ..G ..G ..G ... T.. ..A .GC ..C ... ..A ... ..T ..C ..C ... ..C ..G ..C ..C ... ..G ..C ..C CA. ..C ... ..T ..T ..G ... ..A ... ... ... ..G ... ... ..C ... ..T C.A A.G ..G ... ... ..C C.C C.C ... G.. ... ... ..C 
Klac                            ..T CCC ..A .GA ..C ... TTG ..C ..T ..T ... ..T ... ... .TG ..C ... ... ..G CT. T.A ..G ... ... ... ..A ..T ..C ... ..T ..C ... ..A TTG ..C ..G ... ... T.G A.G ..A ..T ..C ..G ..A ..A T.A ..T ... ..C ..C ..A ..G ..T ... .C. ..T ..C ..C ... ... ... ... ... ..A ... ... ... ..C ..T ..T ..T ACA ..T ..T ... ... ..T ..T ... ..C ..C G.G AG. ..A ... ..T ... ... ... ..A A.. ... ... ..C 
Calb                            ... CCA ..A TTA ... ... GAT ..T ..T ..T ..T ..T ... T.A T.C T.. ... ... ... CA. T.A GCT ... GCT ... G.G ATT ... ... ... ... ..T ..A TTA ..T T.. ..A T.G T.G T.G A.A ... ... ..G ..A ... ..T ... ..A ... ... ... ... ... ... ..T ..T ..A ... ... ... ... ... CA. ... T.. ... ... ..T ..T ... ... ..T ... ..T ..G ..C ... ..T ..C ... ..T AAT AG. AG. ... ..T ... ..G ..A ..A ACA ..C ... ... 

    1    2    1    1    1    1    1    1    2    1    1    1    1    1    1
    1    6    2    4    1    1    3    2    1    1    2    2    3    4    3
    4    1    1    2    1    1    1    1    2    1    1    1    2    2    2
    1    1    2    2    5    2    4    2    1    2    1    2    1    2    2
    2    7    3    2    2    1    2    3    1    6    3    1    2    3    1
    2    3    1    1    1    1    1    1    1    3    2    1    2   10    1
    2    1    3    1    1

CODONML (in paml version 4.9j, February 2020)  temp.nuc
Model: One dN/dS ratio, 
Codon frequency model: Fequal
ns =   9  ls = 184

Codon usage in sequences
--------------------------------------------------------------------------------------------------------------------------------------
Phe TTT   5   1   2   5   2   2 | Ser TCT   6   5   4   6   3   3 | Tyr TAT   2   2   4   2   2   2 | Cys TGT   2   3   4   0   3   2
    TTC   0   4   3   0   3   3 |     TCC   1   1   3   0   1   2 |     TAC   2   2   0   2   2   2 |     TGC   1   1   1   3   1   1
Leu TTA  10   0   1  11  13  12 |     TCA   1   1   1   0   4   1 | *** TAA   0   0   0   0   0   0 | *** TGA   0   0   0   0   0   0
    TTG   4  16  16   6   5   5 |     TCG   0   0   1   1   0   2 |     TAG   0   0   0   0   0   0 | Trp TGG   0   0   0   0   0   0
--------------------------------------------------------------------------------------------------------------------------------------
Leu CTT   0   1   0   0   0   0 | Pro CCT   2   1   2   3  10   3 | His CAT   3   2   5   3   3   3 | Arg CGT   0   0   0   0   0   0
    CTC   1   1   1   1   0   0 |     CCC   3   3   1   2   4   3 |     CAC   2   3   0   2   0   0 |     CGC   0   0   0   0   0   0
    CTA   3   0   0   0   3   0 |     CCA  12  13  10  12   5  10 | Gln CAA   0   0   0   0   0   0 |     CGA   0   0   0   0   0   0
    CTG   1   1   1   1   0   1 |     CCG   1   2   5   2   0   0 |     CAG   0   0   0   0   0   0 |     CGG   0   1   0   0   0   0
--------------------------------------------------------------------------------------------------------------------------------------
Ile ATT   3   2   3   5   4   2 | Thr ACT   4   7   5   4   8   8 | Asn AAT   2   2   2   2   0   2 | Ser AGT   0   0   0   0   0   0
    ATC   6   8   1   5   2   3 |     ACC   3   3   1   2   2   2 |     AAC   1   1   1   1   3   1 |     AGC   0   0   0   0   0   0
    ATA   0   0   2   0   0   2 |     ACA   4   1   5   3   0   2 | Lys AAA   0   3   2   1   2   0 | Arg AGA  13   8  12  12  12  15
Met ATG   1   0   4   0   4   7 |     ACG   0   0   0   2   0   0 |     AAG   4   0   2   3   3   3 |     AGG   0   5   1   1   0   0
--------------------------------------------------------------------------------------------------------------------------------------
Val GTT   5   4   3   5   5   4 | Ala GCT  15   6   7   3  18  14 | Asp GAT   0   0   0   0   0   0 | Gly GGT  26  25  17  21  28  27
    GTC   9  13  10   9  12   6 |     GCC   4   7   5  16   1   9 |     GAC   0   0   0   0   0   0 |     GGC   0   2   1   3   1   4
    GTA   1   0   2   2   0   5 |     GCA   5   8  11   5   4   3 | Glu GAA   0   0   0   0   0   0 |     GGA   6   5  11   4   1   2
    GTG   7   5   5   6   4   4 |     GCG   2   4   2   2   2   2 |     GAG   0   0   0   0   0   0 |     GGG   1   1   4   5   4   0
--------------------------------------------------------------------------------------------------------------------------------------

--------------------------------------------------------------------------------------
Phe TTT   4   4   2 | Ser TCT   3   2   5 | Tyr TAT   1   3   2 | Cys TGT   0   3   4
    TTC   1   1   3 |     TCC   1   1   1 |     TAC   3   1   2 |     TGC   3   0   0
Leu TTA   0  13   7 |     TCA   0   4   1 | *** TAA   0   0   0 | *** TGA   0   0   0
    TTG   3   6  14 |     TCG   3   0   0 |     TAG   0   0   0 | Trp TGG   0   0   0
--------------------------------------------------------------------------------------
Leu CTT   0   0   0 | Pro CCT   4   4   2 | His CAT   3   2   5 | Arg CGT   0   0   0
    CTC  12   0   0 |     CCC   1   7   0 |     CAC   3   3   0 |     CGC   1   0   0
    CTA   2   3   0 |     CCA   8   6  15 | Gln CAA   0   0   1 |     CGA   0   0   0
    CTG   3   0   0 |     CCG   4   1   0 |     CAG   0   0   0 |     CGG   2   0   0
--------------------------------------------------------------------------------------
Ile ATT   0   1   3 | Thr ACT   0   6   7 | Asn AAT   3   2   3 | Ser AGT   0   1   4
    ATC   1   2   2 |     ACC   3   3   0 |     AAC   1   1   1 |     AGC   1   0   0
    ATA   5   2   1 |     ACA   2   2   1 | Lys AAA   0   1   1 | Arg AGA   6   9  12
Met ATG   5   7   0 |     ACG   4   0   0 |     AAG   3   0   0 |     AGG   4   4   0
--------------------------------------------------------------------------------------
Val GTT   9  19  10 | Ala GCT   4   5  18 | Asp GAT   0   0   1 | Gly GGT  11  25  26
    GTC   0   1   6 |     GCC   6   9   1 |     GAC   0   0   0 |     GGC  17   3   0
    GTA   2   0   0 |     GCA   6   8   7 | Glu GAA   0   0   0 |     GGA   2   4   4
    GTG  12   0   8 |     GCG   7   5   4 |     GAG   0   0   0 |     GGG   5   0   0
--------------------------------------------------------------------------------------

Codon position x base (3x4) table for each sequence.

#1: Scer           
position  1:    T:0.18478    C:0.15217    A:0.22283    G:0.44022
position  2:    T:0.30435    C:0.34239    A:0.08696    G:0.26630
position  3:    T:0.40761    C:0.17935    A:0.29891    G:0.11413
Average         T:0.29891    C:0.22464    A:0.20290    G:0.27355

#2: Sbay           
position  1:    T:0.19565    C:0.15217    A:0.21739    G:0.43478
position  2:    T:0.30435    C:0.33696    A:0.08152    G:0.27717
position  3:    T:0.33152    C:0.26630    A:0.21196    G:0.19022
Average         T:0.27717    C:0.25181    A:0.17029    G:0.30072

#3: Smik           
position  1:    T:0.21739    C:0.13587    A:0.22283    G:0.42391
position  2:    T:0.29348    C:0.34239    A:0.08696    G:0.27717
position  3:    T:0.31522    C:0.15217    A:0.30978    G:0.22283
Average         T:0.27536    C:0.21014    A:0.20652    G:0.30797

#4: Spar           
position  1:    T:0.19565    C:0.14130    A:0.22283    G:0.44022
position  2:    T:0.30435    C:0.34239    A:0.08696    G:0.26630
position  3:    T:0.32065    C:0.25000    A:0.27174    G:0.15761
Average         T:0.27355    C:0.24457    A:0.19384    G:0.28804

#5: Ncas           
position  1:    T:0.21196    C:0.13587    A:0.21739    G:0.43478
position  2:    T:0.30978    C:0.33696    A:0.08152    G:0.27174
position  3:    T:0.46739    C:0.17391    A:0.23913    G:0.11957
Average         T:0.32971    C:0.21558    A:0.17935    G:0.27536

#6: Cgla           
position  1:    T:0.20109    C:0.10870    A:0.25543    G:0.43478
position  2:    T:0.30435    C:0.34783    A:0.07065    G:0.27717
position  3:    T:0.39130    C:0.19565    A:0.28261    G:0.13043
Average         T:0.29891    C:0.21739    A:0.20290    G:0.28080

#7: Agos           
position  1:    T:0.11957    C:0.23370    A:0.20652    G:0.44022
position  2:    T:0.32065    C:0.30435    A:0.09239    G:0.28261
position  3:    T:0.22826    C:0.29348    A:0.17935    G:0.29891
Average         T:0.22283    C:0.27717    A:0.15942    G:0.34058

#8: Klac           
position  1:    T:0.20652    C:0.14130    A:0.22283    G:0.42935
position  2:    T:0.32065    C:0.34239    A:0.07065    G:0.26630
position  3:    T:0.41848    C:0.17391    A:0.28261    G:0.12500
Average         T:0.31522    C:0.21920    A:0.19203    G:0.27355

#9: Calb           
position  1:    T:0.22283    C:0.12500    A:0.19022    G:0.46196
position  2:    T:0.30435    C:0.33696    A:0.08696    G:0.27174
position  3:    T:0.50000    C:0.08696    A:0.27174    G:0.14130
Average         T:0.34239    C:0.18297    A:0.18297    G:0.29167

Sums of codon usage counts
------------------------------------------------------------------------------
Phe F TTT      27 | Ser S TCT      37 | Tyr Y TAT      20 | Cys C TGT      21
      TTC      18 |       TCC      11 |       TAC      16 |       TGC      11
Leu L TTA      67 |       TCA      13 | *** * TAA       0 | *** * TGA       0
      TTG      75 |       TCG       7 |       TAG       0 | Trp W TGG       0
------------------------------------------------------------------------------
Leu L CTT       1 | Pro P CCT      31 | His H CAT      29 | Arg R CGT       0
      CTC      16 |       CCC      24 |       CAC      13 |       CGC       1
      CTA      11 |       CCA      91 | Gln Q CAA       1 |       CGA       0
      CTG       8 |       CCG      15 |       CAG       0 |       CGG       3
------------------------------------------------------------------------------
Ile I ATT      23 | Thr T ACT      49 | Asn N AAT      18 | Ser S AGT       5
      ATC      30 |       ACC      19 |       AAC      11 |       AGC       1
      ATA      12 |       ACA      20 | Lys K AAA      10 | Arg R AGA      99
Met M ATG      28 |       ACG       6 |       AAG      18 |       AGG      15
------------------------------------------------------------------------------
Val V GTT      64 | Ala A GCT      90 | Asp D GAT       1 | Gly G GGT     206
      GTC      66 |       GCC      58 |       GAC       0 |       GGC      31
      GTA      12 |       GCA      57 | Glu E GAA       0 |       GGA      39
      GTG      51 |       GCG      30 |       GAG       0 |       GGG      20
------------------------------------------------------------------------------


Codon position x base (3x4) table, overall

position  1:    T:0.19505    C:0.14734    A:0.21981    G:0.43780
position  2:    T:0.30737    C:0.33696    A:0.08273    G:0.27295
position  3:    T:0.37560    C:0.19686    A:0.26087    G:0.16667
Average         T:0.29267    C:0.22705    A:0.18780    G:0.29247

Codon frequencies under model, for use in evolver (TTT TTC TTA TTG ... GGG):
  0.01639344  0.01639344  0.01639344  0.01639344
  0.01639344  0.01639344  0.01639344  0.01639344
  0.01639344  0.01639344  0.00000000  0.00000000
  0.01639344  0.01639344  0.00000000  0.01639344
  0.01639344  0.01639344  0.01639344  0.01639344
  0.01639344  0.01639344  0.01639344  0.01639344
  0.01639344  0.01639344  0.01639344  0.01639344
  0.01639344  0.01639344  0.01639344  0.01639344
  0.01639344  0.01639344  0.01639344  0.01639344
  0.01639344  0.01639344  0.01639344  0.01639344
  0.01639344  0.01639344  0.01639344  0.01639344
  0.01639344  0.01639344  0.01639344  0.01639344
  0.01639344  0.01639344  0.01639344  0.01639344
  0.01639344  0.01639344  0.01639344  0.01639344
  0.01639344  0.01639344  0.01639344  0.01639344
  0.01639344  0.01639344  0.01639344  0.01639344


TREE #  1:  (((((1, 4), (3, 2)), 5), 6), ((7, 8), 9));   MP score: 536
This is a rooted tree.  Please check!
lnL(ntime: 16  np: 18):  -3000.054905      +0.000000
  10..11   11..12   12..13   13..14   14..1    14..4    13..15   15..3    15..2    12..5    11..6    10..16   16..17   17..7    17..8    16..9  
 0.120848 0.078068 0.198245 0.079265 0.141462 0.159216 0.070299 0.369506 0.321535 0.366694 0.469837 0.116802 0.061358 1.173376 0.498973 0.958468 1.975768 0.061842

Note: Branch length is defined as number of nucleotide substitutions per codon (not per neucleotide site).

tree length =  5.183951

(((((1: 0.141462, 4: 0.159216): 0.079265, (3: 0.369506, 2: 0.321535): 0.070299): 0.198245, 5: 0.366694): 0.078068, 6: 0.469837): 0.120848, ((7: 1.173376, 8: 0.498973): 0.061358, 9: 0.958468): 0.116802);

(((((Scer: 0.141462, Spar: 0.159216): 0.079265, (Smik: 0.369506, Sbay: 0.321535): 0.070299): 0.198245, Ncas: 0.366694): 0.078068, Cgla: 0.469837): 0.120848, ((Agos: 1.173376, Klac: 0.498973): 0.061358, Calb: 0.958468): 0.116802);

Detailed output identifying parameters

kappa (ts/tv) =  1.97577

omega (dN/dS) =  0.06184

dN & dS for each branch

 branch          t       N       S   dN/dS      dN      dS  N*dN  S*dS

  10..11     0.121   398.6   153.4  0.0618  0.0077  0.1249   3.1  19.2
  11..12     0.078   398.6   153.4  0.0618  0.0050  0.0807   2.0  12.4
  12..13     0.198   398.6   153.4  0.0618  0.0127  0.2048   5.0  31.4
  13..14     0.079   398.6   153.4  0.0618  0.0051  0.0819   2.0  12.6
  14..1      0.141   398.6   153.4  0.0618  0.0090  0.1462   3.6  22.4
  14..4      0.159   398.6   153.4  0.0618  0.0102  0.1645   4.1  25.2
  13..15     0.070   398.6   153.4  0.0618  0.0045  0.0726   1.8  11.1
  15..3      0.370   398.6   153.4  0.0618  0.0236  0.3818   9.4  58.6
  15..2      0.322   398.6   153.4  0.0618  0.0205  0.3322   8.2  51.0
  12..5      0.367   398.6   153.4  0.0618  0.0234  0.3789   9.3  58.1
  11..6      0.470   398.6   153.4  0.0618  0.0300  0.4854  12.0  74.5
  10..16     0.117   398.6   153.4  0.0618  0.0075  0.1207   3.0  18.5
  16..17     0.061   398.6   153.4  0.0618  0.0039  0.0634   1.6   9.7
  17..7      1.173   398.6   153.4  0.0618  0.0750  1.2123  29.9 186.0
  17..8      0.499   398.6   153.4  0.0618  0.0319  0.5155  12.7  79.1
  16..9      0.958   398.6   153.4  0.0618  0.0612  0.9903  24.4 152.0

tree length for dN:       0.3312
tree length for dS:       5.3559


Time used:  0:05
