      9   1182

Scer                            AAG GGC AAC CAA AGA GCC ATC ACT TTA GAC AGA TTG ATC GAT GAA GAA TCC ACC CAA AGA GAA AAT GAT TCT ATG TTA TCT TTA TAC TCT GAT ATA TTA AAA AAC CAA CAA CCT TCC GCT TTG CAT ACT GTA TTA TAT GAA GCA GAC AGA AAT GAC TCT AGT GGT CCA GAC GAG ACC CCA CTT TTA CAA CCA AGT AGA AAC GAA TTG ACA TTG TAC TCT TTG AGG AAC CTT AGA CAT AAC AGA AAT TTA GGT TCG GAG TCT GCA TCC ACA TTA AGG CTT TTT TGG AAT GCC GAC ATC GTT TCC TAT TTC AAT GGT GTG CGG AGA AGA AGA CCT ATG GAA ACG AAC GCA GCC CAA TTT AAA ATG GTG GAA GGA GAA TTG ACA GTT TCA GGA GAG GAC CAA ATG TTA TTA CTT GTC AGG TCC CAA GAT TTG GAC TTG GAC TTT TGG AAC ACA GAT CGG TTA GAT ATG CTA CCT GAT ATT TCG GTC CAA TTT AGA CCA CTT GCA AAG GGC TTT GAT CAG ATT AAC TAT CAT AGA AGT GAC TCC ACA CAA CAA CAA TCC AAC AAC CAA ATC AAT TTT CAA TGC GGT AAC TTA TAT ATT ACA AAT TTG AAT GGT TTA ATT TCC ACC ACT TGG GAT ACA GCT GAG AAT CCA GAT AGG CAA TTA GTT ACA GAT ACC CAT GCC GAT GCC ACT TCA CTT GAC AGG GAC TCC ACC ACC GGT CCC CTT AGG TTT TTG CCA CTT ACC CCT TTG CCT CAA GTT ATT AAT GAC CAT GCC GAT CAA TTA AGT ACG CTA AAC GTT CTT CCT GTC ATC AGA TCA TTT TCT AAG AAC AGA CCT CAA GAT GGC TTA TTT AAC TTC GAG AGA AGG GAA AGA GAA GGT TCT AAG ACG TTT ACG TAT ACC AGA CCA CAA AGA CAA GAT ATG TTT TCT AAA GCT CAG CAA AAT GTA AAG TCG GCA ATT AGG GAA AAA CAA TCC CAT TTG TTA ATT AAG AGG ATT ATC AAT GGC AAG TCA CAA CGC GAT AGA TCT AGG TTA ACA GAT CAA GCT AAA AAA TTG TCT CCT TTT ACA AAG GAA ACG ACT GAT GAG AGA GTC GTC GTG GCA TTG GAA CCA GAA GAG GGT CCA ACG GAA GTG GTG TGT TCC AGA TAT CCA AGG GGT GAA CAA TTG GGT TAC CAA GAA CTT ATG CTT CAA TAC GGT TTT GTT 
Sbay                            AAG GGA AAT CAG AGA GCC ATT ACC TTA GAC AGA TTG ATT GAC GAA GAA TCC ACG CAA AGA GAA AAT GAT TCT ATG TTG GCC TTA TAC TCG GAT ATA TTG AAG AAC CAA CAA CCT TCC GCT CAA CAT ACT GTC TTG TAC GAA GCA GAC AGA AAC GAC TCT AGC GGT CCA GAC GAA ACT CCA CTT TTG CAA CCA AGT AGA AAC GAA TTA TCT TTA TAC TCG CAA AGA AGC CTT AGA CAT AAC AGA AAC CTG GGT TCG GAG TCA GCC TCC ACA CTA AGG CTT TTC TGG AAT GCT GAC ATT GTT TTC TAC TTT AAC GGT GTG AGA AGG AGA AGA CCC ATG GAG ACA AAC GCC GCC CAA TTT AAG ATG GTT GAA GGG GAA TTG ACA GTC TCG GGG GAG GAC CAA ATG CTA TTG CTT GTC AGG TCT CAG GAT CTT GAC TTG GAT TTC TGG AAC ACA GAT AGA CTA GAT ATG CTA CCT GAT ATG TCC GTG CAA TTT AGA CCA CTT GCA AAG GGC TTT GAT CAA ATT AAC TAT CAT AGA AGT GAC TCT ACA CAG CAG CAA TCA AAT AAC CAA ATC AAT TTT CAG TGT GGT AAC TTG TAT ATT ACA AAC TTG AAC GGC TTG ATT TCC ACC ACT GGG GAT ACA GCG GAA AAC CCA GAC AGG CAA TTG GTT ACA GAT ACT CAT GCC GAC GCC ACT TCG CTT GAC AGA GAT TCT ACG ACT GGC CCT CTT CGT TTT TTA CCG CTT ACG CCT CTG CCT GAA GTT ATT AAC GAT CAC GCC GAC CAA TTA AGT ACA TTA AGC GTC CTT CCC GTC ATT AGA TCG TTC TCG AAG AGC AGG CCC CAA GAT GGG TTA TTC AAC TTC GAG AGA AGA GAA AGA GAA GGT TCA AAG ACA TTT ACT TAC ACT AGA CCA CAA AGA CAT GAT ATG TTT TCC AAA GCG CAG CAA AAT GTA AAG TCC GCA ATT AGG GAA AGA CAA TCT CAT CTG TTG ATT AAG AGG ATT ATC AAT GGC AAG TCA CAA CGT GAC AGA TCA AGG TTG ACG GAT GAA GCT AAA AGA CTA TCA CCC TTT ACC AAG GAA ACA ACT GAT GAG AGA GTA GTG GTG GCC CTG GAA CCA GAA GAA GGC CCA ACA GAA GTA GTT TGT TCC AGA TAT CCG AGG GGT GAA CAG TTA GGT TAC CAG GAA CTT ATG CTT CAG TAC GGC TTC GTT 
Smik                            AAG GGC AAT CAA AGG GCC ATA ACC TTA GAC AGA TTG ATT GAT AAA GAA TCA ACG CAG AGA GAA AAT GAT TCT ATG TTG TCA TTA TAC TCA GAT ATA TTG AAA AAC CAA CAA CCT TCC GTT CTG CAT ACT GTA TTG TAT GAA CCA GAC AGA AAC GAC TCT AGC GGG CCA GAC GAA ACT CCA CTT TTA CAA CCA AGT AGA AAC GCC TTG TCC TTA TGC TCT CTG CGT AGT TTG AGA CAT AAC AGA AAT TTA GGT TCT GAG TCC GCA TCA ACA TTA AGA CTT TTC TGG AAC GCC GAC ATT GTT TCA TAC TTC AAC GGT GTG AGA CGA AGA AGA CCT ATG GAA ACG AAC GCA GCC CAA TTT AAG ATG GTA GAA GGT GAA TTG ACA GTT TCA GGT GAG GAT CAG ATG TTA TTG CTT GTC AGG TCC CAA GAT TTG GAC TTG GAT TTC TGG AAC ACA GAT AGA TTA GAT ATG CTA CCA GAT ATG TCG GTC CAA TTT AGA CCT CTT CCA AAG GGT TTT GAT CAA ATT AAC TAT CAT AGA AGT GAC TCC ACA CAA CAA CAG TCA AAT AAC CAG ATC AAC TTT CAA TGT GGT AAC TTA TAT ATT ACA AAC TTA AAT GGC TTA ATC TCA ACT ACT TCA GAT ACA GCC GAA AAT CCA GAC AGG CAA TTA GTT ACA GAA ACC CAT GCC GAC GCC ACT TCA CTT GAT CGT GAT TCC ACG ACT GGC CCC CTT AGA TTT TTG CCC CTT ACC CCT TTG CCT CAG GTT ATT AAT GAC CAT GCC GAT CAA TTA AGT ACG CTA AGT GTT CTT CCT GTC ATT AGA TCA TTT TCA AAG AAC CGA CCT CAA GAT GGT TTA TTC AAC TTC GAG AGA CGT GAA AGA GAA GGT TCC AAA ACG TTT ACT TAT ACT AGG CCA CAA AGA CAA GAT ATG TTT TCC AAA GCC CAG CAA AAC GTA AAG TCG CCA ATC AGA GAA AAA CAA TCC CAT TTG TTG ATC AAG AGA ATT ATC AAC GGT AAA TCA CAA CGT GAT AGA TCC AGA TTG ACA GAT CAG GTT AAA AAA TTA TCC CCT TTT ACC AAG GCC ACT ACT GAT GAG AGG GTG GTC GTG GCA TTG GAA CCA AAT GAA GGT CCA ACT GAA GTG GTA TGT TCC AGG TAT CCC AGA GGT GAG CAA TTG GGT TAT CAA GAA CTT ATG CTT CAA TAT GGT TTC GTT 
Spar                            AAG GGC AAC CAA AGA GCT ATC ACC TTA GAC AGA TTG ATC GAT AAG GAA TCC ACA CAG AGG GAA AAT GAT TCT ATG TTA TCT TTA TAC TCA GAC ATA TTG AAA AAT CAA CAA CCT TCC GTT TCG CAT ACT GTA TTG TAC GAA CCA GAC AGA AAC GAC TCT AGT GGC CCA GAC GAA ACC CCA CTT TTG CAA CCA AGT AGA AAT GCC TTG ACT TTA TAC TCC TCG CGT AGT TTG AGA CAT AAC AGA AAC TTG GGT TCG GAA TCT GCT TCT ACA TTG AGA CTT TTC TGG AAT GCC GAC ATC GTT TCA TAC TTC AAC GGT GTG AGG AGA AGA AGA CCT ATG GAG ACG AAC GCT GCT CAA TTT AAA ATG GTG GAA GGT GAA TTG ACA GTT TCA GGT GAA GAT CAA ATG TTG TTG CTT GTC AGG TCC CAA GAC TTG GAC TTG GAT TTC TGG AAC ACA GAT AGG TTA GAT ATG CTA CCG GAT ATG TCG GTC CAG TTT AGA CCA CTT CCA AAG GGT TTT GAT CAA ATT AAC TAT CAT AGA AGT GAC TCC ACA CAA CAA CAA TCG AAC AAC CAG ATC AAT TTT CAA TGT GGT AAT TTA TAT ATT ACA AAC TTG AAC GGC TTA ATT TCT ACC ACT TGG GAT ACA GCT GAA AAT CCA GAT AGG CAA TTA GTT ACA GAA ACC CAT GCC GAT GCT ACT TCA CTT GAC CGT GAT TCT ACA ACC GGC CCC CTT AGG TTT TTG CCA CTT ACC CCT TTG CCT CAA GTT ATT AAT GAC CAT GCT GAT CAA TTA AGT ACG CTA AGT GTT CTT CCT GTC ATC AGA TCA TTT TCA AAG AAT AGA CCT CAA GAT GGT TTA TTT AAC TTC GAA AGA CGT GAA AGA GAA GGT TCT AAA ACG TTT ACG TAT ACC AGA CCA CAA AGA CAA GAT ATG TTT TCT AAA GCT CAG CAG AAT GTA AAG TCG CCA ATT AGG GAA AAA CAA TCT CAT TTA TTG ATT AAG AGG ATT ATC AAT GGT AAA TCG CAG CGG GAT AGA TCT AGA TTA ACA GAT CAA GTT AAA AAA TTG TCT CCT TTT ACC AAG GCC ACA ACT GAT GAA AGA GTG GTC GTG GCT TTA GAA CCA AAT GAA GGT CCA ACA GAA GTG GTG TGT TCC AGA TAT CCA AGG GGT GAA CAA TTG GGT TAC CAA GAA CTT ATG CTT CAA TAC GGT TTT GTT 
Ncas                            AAG GGG AAT CAA CGT ACT TTC ACT CTG GAT AGA ATG ATC GAT AAG GAA ACT ACA CAA AGA GAA AAT ATT TCT ATG TTA TTG CTG TAT TCA GAT ATT TTA AAG AAT CAA CAG CCT TCC GTC GTA CAT ACG ATC TTA TAT GAA CCA GAT AGG GAC GAT ACA GCC GGA CCA GAT GAG ACT CCA TTG TTG CAA CCA ACT AGA AAT GCC TTA GCG TTG AAC TCC GTA CGT GAT TTG AGA CAT AAC AGA AAC CTT GGC GCA GAA TCC CAA TCG ACA TTA AGA TTG TTC TGG AAC GCT GAC ATC ATT TCC TAT TTT GAC GGT GTG CGT AAT AGA AGA CCT ATG GAG ACG AAT CAA ACT CAA TTC AAG ATG TTG GAA GGT GAA TTG ACC GTC TCA GGT GAA GAC CAA ATG TTA TTA TTG GTG AGG TCG CAA GAT GAA GAT TTC GAT TTC TGG AAC ACA GAT CGT TTA GAT ATG CTA GAT ATT GTG TCT GTG CAA TTT AGG CCG TTG CCA AAG GGT TTC GAT CAA ATA AAC TAC CAT AGG AGC GAT TCG ACT CAA CAA CAA TCT AAT AAT CAA ATT AAT TTC AAG TGT GGT AAT TTA TAT ATC ACC GAC TTG AAC GGG TCA ATC TCG ACT ACG GCC GAT ACT GCC GAG AAT CCA GAT AGG CAA TCA GTT ACT GAA ACT CAT GCT GAT ACT GAA TCA CTC GAT CGT GAA TCC ACA ACT GGG CCT TTG AGG TTC TTA CCC TTG ACA CCA CTG CCA AGA GTT ATA AAT GAC CAT ACT GAT CAA CTG ACT ACG TTG GAT GTA TTG CCT GTG ATC AGA TCA TTC TCA CAA GAT AAT CCT CAA GAT GGG CTG TTT AAC TTT GAA AGA CGT GAG AGA GAA GGT TCC AAA ACG TTC ACT TGG ACT CGT CCA CAA AGA GAC ATT ATG TTC TCC AAG GCC CAA CAA AAT GTG CAA TCT CCA ATC AGA GAA AAT CAA TCC CAT CTG TTA ATC CAA AGA ATT ATT AAT GGT AAA TCC CAA CGT GAG AGA TCC AGA TTA ACG GAT AGA GTC AAG AAT ATT TCC CCT TTC ACT AAG GCC ACT ACT GAT GAA CGT GTC GTG GTG CAA CTG GAG CCA AAC GAG GGC CCA ACT GAG GTG TTG TGT TCC CGT TAC CCC AGA GGT AAA CAA TTA GGC TAT CAA GAA TTG ATG TTG CAA TAC GGC TTT GTT 
Cgla                            AAG GGT AAC CAG AGA CCA ATG ACA CTT GAC AGA ATG ATC GAC GGG GAA TCA AGC CAA AGA GAG AAC CAT CCT ATG TTA CGT CTT TAC TCT GAT ATC CTA AAA AAT CAG CAG CCT GCT ATT ACT CAC ACA GTC CTA TAT GAA AGA GAC AGG AAC GAC AAC GCA GGG CCA GAC GAG ACA CCA CTG TTA CAG CCA ACT AGA AAT GAC CTA ACA CTG TAT TCT ACT CGA GAC ATT AGA CAC AAC AGA AAC CTT GGT GCA GAA TCA GAA TCT ACT TTG AGG CTG TTC TGG AAT GCT GAT ATC ATC TCC TAC TTC AAC GGT GTA AGA CAA AGA AGA CCA ATG GAG ACT AAC GAA CCA CAA TTA AAG ATG GTG GAA GGA GAG TTG ACA GTC GAG GGA GAG GAC CGT ATG TTG CTA TTG GTT AGA TCC CAG GAT CAA GAC GTA GAT TTC TGG AAC ACT GAT AGA TTA GAT ATG CTG GAA CAT CTA AGT GTC CAG TTC AGG CCT CTG AGA AAG GGT TTC GAT CAG ATC AAC TAT CAC AGA AGT GAC TCC ACC CAG CAG CGT TCA AAC AAC CAA GTC AAT TTT AAG TGT GGT AAT CTT TAT ATT ACA AAC TTG AAC GGG GCA ATC TCT ACA ACA GGC GAT ACC TCT GAG AAC CCA GAC AGA CAG GCA GTT ACC GAT ACT CAC GCT GAC CCA GAG GAG TTA GAT CGA GAC TCC AGC ACA GGG CCC TTG AGA TTT CTA CCA TTG ACA CCT TTG CCT AGG GTT ATT AAC GAC CAC CCA GAC CAG CTT ACT ACT CTA GAC ATC CTG CCA GTT ATC CGT GAG TTC TCT AAA TCG CAA CCA CAA GAT GAA CTT TTC AAC TTT GAG AGA CGA GAA AGA GAG GGT TCA AAG ACT TTA ACT TGG ACA AGA CCA CAG AGA CAA CAT ATG TTT AAC AAA TCT CAA CAG AAT GTA AAA AGT AGA ATC AGA GAA ACC CAA TCC CAC CTA CTA ATC AAA AGA ATT GTC AAT GGT AAG TCT CAG CGC GAC AGA TCA AGG TTA ACA GAT AGG ATT AAA ACC CTT TCA CCA TTT ACA AAA GAC ACC ACC GAT GAA AGA GTG GTC GTG GAA CTA GAA CCA AGC GAG GGT CCA ACC GAA GTG GTG TGT GCT AGA TAT CCA AGA GGT AAG CAG CTA GGT TAC CAG GAA CTG ATG TTG CAG TAT GGT TTC GTT 
Agos                            AAG GGG AAT CAG CGG GCC ATG ACC CTC GAT CGG TTG ATC GAT GAA GAG TCC AGC CAA AGA GAA AAC GCG TCC ATG CTG GCT CTC TAC TCG GAC ATC CTT AAA GGC CAG CAG CCG GCC CAC GTT CAC ACG GTG CTT TAC GAA GCC GAC CGG AAC GAC TCG AGC GGC CCG GAC GAG ACG CCA ATG CTT CAG CCA AGC CGC GGC GAC CTC AGC CTG CAC ACG GTT CGG CAG CTA CGG CAC AAC AGA AAT CTA GGT TCA GAG AGC TCG TCT ACC TTA CGG ATG TTC TGG CAC GCC GAC ATC GTC AAC TAC TAC AAC GGT GTG CGG GTG CGG CGG CCG ATG GAA ACG AAC TCG GCC CAG TTC AAG ATG GCG GAG GGA GAA TTG ACG GTG TCG GGA GAG GAC ATA ATG TTA CTT CTT GTC CGC TCG GAG GAC CAG GAT TTC TCG TTC TGG AAC ACC GAC CGG CTG GAT ATG CTG CCG GCG GTT AGC GTG CAA TTC CGG CCG CTT GCC AAG GGC TTC GAC CAG TTC AAC TAT CAC CGG TCA GAC TCG ATC CAG CAG ATA TCC AAT AAC CAA ATG AAC TTT AGA TGC GGT GGC CTG TAC ATC ACG AAC CTG AAT GGT TCC ATA TCT ACT ACG GCG GAC ATC GCC GAG AAC CCG GAC CGC CAG TCC GTG ATC GAA ACG CAC GCC GAC GCC GAG TCG TTG GAC CGG AAC TCC AGC ACG GGT CCA CTT CGG TTT CTC CCG CTT ACG CCG CTG CCG AAG GTG GTC AAC GAC CAC GCC GAT CAG CTC AGC ACG CTG CAG ATC CTT CCG GTC ATC AAG TCG TTC TCG AAG GCG GTG CCG CAA GAC GGC CTC TTC AAC TTC GAG AGA CGG GAG CGG GAA GGC AGC AAG ACG TTC ACC TAC ACG CGG CCA CAG CGG CGA GCG ATG TTT GAC AAG GCC AAG CAA AAC GTG AAG AGC GCC ATA CGG GAG ATT CAG TCC CAC CTC CTT ATA AAG CGG ATC ATG AAC GGC AAG TCC CAA AGG CGC CGG AGC CGG CTG ACG GAC AAG CAC AAG ATT CTG AGC CCA TTT ACG CGG GAC ACG ACA GAC GAG CGG GTG GTG GTG TCG CTC GAG CCG AAC GAG GGG CCA ACG GAG GTG GCG TGC GCC CGG TAT CCG CGG GGT CGC CAA CTC GGT TAC CAG GAG ATG ATG CTT CAA CAT GGG TTC GTG 
Klac                            AAA GGT AAT CAA AGA GCC ATA ACA TTA GAT AGA TTG ATC GAT GAG GAA ACT AGC CAA AGA GAA AAT AAG TCC ATG TTA AAG TTA TAT TCA GAT ATC CTA AAG AAT CAA CAG CCT GCC CTA GTC CAC ACC GTG CTA TAT GAG GCA GAC AGA AAC GAC TCC AGC GGA CCT GAT GAG ACA CCA TTG TTA CAA CCA AGT CGA AAT AAA CTA ACT TTG CGA TCT GTC AGA CAG TTA CGT CAT AAC AGA AAT CTT GGT TCA GAA TCG TCC TCT ACA TTA AGA TTG TTC TGG AAC GCT GAT ATC GTA AAC TAT TTT AAC GGT CTT AAA GTG CGT AGA CCA ATG GAG ACG AAT TCC GCC CAG TTT AAA ATT CCA GAA GGA GAA TTG ACC GTC GCT GGA GAA GAT TTA ATG TTA CTA TTG GTC AGA TCG AGA GAT GAT GAT TTC TCG TTC TGG AAC ACA GAT AAA CTC GAT ATG TTA CCT AAG ATG AGT GTT CAA TTT AGA CCA TTA GCA AAA GGT TTC GAT CAA TTC AAC TAC CAT AGA TCT GAC TCG ATC CAG CAA TTA TCT AAT AAT CAA ATC AAC TAC AAA TGT GGT AAT TTG TAT ATC ACC AAC TTG AAT GGT TCC ATC TCT ACT ACC GAA GAT ATC TCT GAG AAC CCT GAT AGA CAA TCC GTT ATC GAT ACC CAC GCT GAT GCC CAA GCT CTA GAT AGA GAT TCC AGC ACA GGT CCG TTG AGG TAC CTA CCT TTG ACG CCT TTG CCT CAA GTT ATA AAC GAT CAT GCC GAT CAA TTA AGT ACG TTA CAG GTC TTA CCA GTC ATC AAG GCT TTC TCA GAC AGT GTG CCA CAG GAT GAG TTA TTT AAC TTC GAA AGA AGA GAA CGT GAA GGT TCG AAA ACG TTT ACA TAC ACA AGA CCA CAA CGT GAG AAG ATG TAC AAC AAG TCT CAA CAA AAC GTT GAC AGT GCA ATC CGT GAA TCT CAA TCC CAT TTA CTA ATC GAC CGT ATA ATC AAC GGT AAA TCT CAA AAG GCC AGA TCG AGA TTA ACT GAT CAA CTA AAG TCT ATC TCG CCC TAC TCT AAG AAA ACA ACT GAT GAA AGA GTT GTT GTG TCC TTA GAA CCT GAA GAG GGA CCA ACA GAA GTG CCA TGT GCC AGA TAC CCT CGT GGT AGA CAG CTA GGT TAT CAG GAA TTG ATG TTG CAG TAC GGA TTT GTT 
Calb                            AAG GGT AAT CAA AGA GTT TGT ACA TTG GAC AGA ATG ATC GAT GAA GTT TCT TCA CAA AGA GAA AAT AGT AGC ATG TTA AAA TTG TAT TCT GAT ATT TTG AAA AGT GAA CAA CCA TCC GTA ACC CAC ACC GTT TTG TAC GAA CCT GAT AGA AAC GAT ACT GCA GGC CCT GAT GAA ACA CCA TTG GTT CAA CCA ACT CGA AGT AAT TTA ACT TTG TAT ACC ACC AGA CCA TTA CGA CAT AAC AGA AAT TGT GGT TCA GAG TCC TTA TCT GAA TTA CGT TTG TTC TGG AAT GCC GAT ATC GTG GCA TAC TTT AAC GGT GTA AGA CCA CGA AGA CCA ATG GAA TCC AAT TTA GTT CAA TTT AAA ATG ATA GTT GGC GAA TTG ACA GTG TCA GGC GAG GAC TTC ATG TTA TTG TTG GTG AGA AGT CAG GAT AAA GAC AGT CAA TTC TGG AAC GAA GAT AGA TTA GAC ATG TTG CAA AGT TTA AGT GTA CAA TTT AGA CCT TTG CCT AAA GCA TTT GAT CAG TTA AAC TAT CAT AGG TCT GAT AGT GTT CAA CAA TTC AGT AAT AAT CAA ATC GCA TTT CAA TGT GGT AGT TTG TAT ATA ACA AAC AAA AAT GGT GCA ATT TCT TCT ACC AAA GAT GTT GCT GAA AAT CCT GAT AGA GAA GCA ATT GTT GAA ACC CAC AGT GAT GTT ACC TCA GTG GAT AGA GAT AGC TCA ACA GGT CCA TTG AGA TTT TTA CCA TTG ACT CCA TTG CCA CAA ATT ATC AAT GAT CAC GTT GAT CAA TTG ACT TCC TTA CCA GTT TTG CCA GTG ATC AAA TCA TTC TCT TCT AAA CCA CCA CAA GAT AAA TTG TTT AAC TTT GAG AGA AGA GAA CGA GAA GGT TCC AAA TCC TTT ACA TAT ACA AGA CCA GAA CGA CAA AGT ATG TTT CAA AAA GCT TCT CAA GCA GTT TCT AGT CCT ATT CGT GAA CAA CAA AGC CAT TTA TTG ATT TCT CGT ATT ATC GCA GCA AAA TCA CAA TCT GTT AGA TCC CGT TTA ACA GAT CAA GTA AAA CAA TTA TCC AAC TTT ACC AAA AAT ACT ACT GAT GAG AGA GTT GTA GTT TTA TTA GAA CCT AAT GAA GGT CCA ACT GAA GTT ATA TGT TCC AGA TAT CCA CGT GGT AAA CAG TTA GGT TAT CAA GTT TTG ATG TTG CAG TAT GGT TTT ATT 



Printing out site pattern counts


         9        687  P

Scer                            AAA AAA AAA AAA AAC AAC AAC AAC AAC AAC AAG AAG AAG AAG AAG AAT AAT AAT AAT AAT AAT ACA ACA ACA ACA ACA ACA ACC ACC ACC ACC ACC ACG ACG ACG ACT ACT ACT ACT AGA AGA AGA AGA AGA AGA AGA AGA AGA AGA AGG AGG AGG AGG AGG AGT AGT AGT ATA ATC ATC ATC ATG ATG ATT ATT ATT ATT ATT ATT CAA CAA CAA CAA CAA CAA CAA CAA CAA CAA CAA CAA CAA CAA CAA CAA CAG CAG CAT CAT CAT CCA CCA CCA CCA CCC CCT CCT CCT CCT CCT CGC CGG CTA CTA CTT CTT CTT CTT CTT GAA GAA GAA GAA GAA GAA GAA GAA GAA GAA GAC GAC GAC GAC GAC GAC GAC GAC GAC GAG GAG GAG GAT GAT GAT GAT GAT GAT GAT GAT GCA GCA GCC GCC GCC GCT GCT GGA GGC GGC GGC GGT GGT GGT GGT GGT GGT GTA GTA GTC GTC GTC GTG GTG GTG GTG GTT GTT GTT GTT TAC TAC TAC TAC TAT TAT TAT TAT TAT TCA TCA TCC TCC TCC TCC TCC TCC TCC TCG TCG TCT TCT TCT TCT TCT TCT TCT TGC TGG TGG TGT TTA TTA TTA TTA TTA TTA TTA TTA TTA TTC TTC TTG TTG TTG TTG TTG TTG TTG TTG TTG TTG TTG TTT TTT TTT TTT TTT TTT TTT 
Sbay                            ... ..G ..G .G. ... ... ... ..T .G. .G. ... ... ... ... ... ..C ..C ..C ... ... ... ... ... ... ..C ..G T.T ... ..G ..G ..T ..T ..A ..A ..T ..C ... ... ... ... ... ... ... ... ... ... ... ... ..G ..A ... ... ... C.T ..C ... ... ... ... ..T ..T ... ... ..G ... ... ... ... ... ... ... ... ... ... ... ... ... ... ..G ..G ..G ..G ..G ..T G.. ..A ... ..C ... ... ... ... ... ..G ..T ..C ..C ... ... ... ..T A.A ... T.. ... ... ... ... ... ... ... ... ... ... ... ... ... ... ..G ... ... ... ... ... ... ..T ..T ..T ..A ... ... ..C ..C ..C ... ... ... ... ... ... ..C ... ... ..T ..G ... ..G ..A ... ..G ..C ..C ... ... ... ... ... ..C ..A ... ..G ..A ... ... ..T ..C ..C ... ... ... ... ... ... ..C ..C ..C ... ... ... ..G ..A ... ... ... ..T ..T .T. ..C ... G.C ..A ..C ..G ..G ... ... ..T G.. ... ... C.. C.. C.G ... ..G ..G ..G ..G ..G ... ..T CAA C.A C.. C.. C.T ..A ..A ... ... ... ... ..C ..C ..C ... ... ... ... 
Smik                            ... ... ..G ... ... ... ... ..T ... .GT ..A ... ... ... ... ..C ... ... ..C ..C ... ... ... ... ..C ... T.C ..T ... ..G ... ..T ... ..T ..T ..C ... ... ... ... ... ... ... ... ... ... ... ..G C.. C.T ..A ..A ... ..A ..C ... ... ... ... ..A ..T ... ... ..G ..C ... ... ... ... ... ... ... ... ... ... ... ..G ..G ... ... ... ... ... ... ..G ..A ... ... ... ... ... ... ..T ..C ... ... ... ..A ... ... ..T A.A ... ... ... ... ... ... T.G A.. A.T ... ... ... ... ... ..G .CC ... ... ... ... ... ..T ..T ... ..T ..T ..A ... ... ..C ... ... ..A ... ... ... ... C.. ... ... ... ... ..C .T. ..T ... ..T ..T ..C ... ..G ... ... ... ... ... ..G ... ... ... ... ... ..A ... ... ... ... ... ..T ..T .G. ..C ... ... ... ... ... ... ..A ..A ..A ... ... ... ..A ... ..T ..A ..C ..C ..A ... ... ... ..T .CA ... ... ... ... ... ... ... ... ... ..G ..G ... ... C.. ..A ... ... ... ..A ... ..A ... ... ... ..C ..C ... ... ... ... ... 
Spar                            ... ... ... ... ... ... ..T ... ..T .GT ..A ... ... ... ... ..C ..C ... ... ... ... ... ... ... ..C ... ..T ... ... ..A ... ... ... ..A ... ..C ... ... ... ... ... ... ... ... ... ... ..G ... ... C.T ..A ... ... ... ... ... ... ... ... ... ... ... ... ..G ... ... ... ... ... ... ... ... ... ... ... ..G ... ..G ... ... ... ... ... ... ... ..A ... ... ... ... ... ... ... ... ... ... ... ..G ... ... ..G A.. ... ... ... ... ... ... T.G A.G A.T ... ... ... ... ... ... .CC ..G ... ... ... ... ... ..T ... ..T ..T ..A ..A ..A ... ... ... ..A ..C ... ... ... C.. ..T ... ..T ... ... .T. ..T ... ..T ..T ..C ... ..C ... ... ... ... ... ..G ... ... ... ... ... ... ... ... ... ... ... ... ... ... ..C ..C ... ... ... ..G ... ..G ... ..T ... ... ..T ..A ... ... ... ... ... ..A ..C ... ... ..T ... ... ... ... ..G ..G ... ... ... ..G ... ..G ... ... .C. ... ..A ... ... ..A ... ... ... ... ... ..C ... ... ... ... ... ... 
Ncas                            ..G ..G ..G ..T ... ..T ..T ..T G.T G.T ..A ... ... ... C.A G.C ..C ... ..C ... ... ... ..C ..T ..T ..G G.G ..T ..A ..A ..T ..T ... ..T ..T ... ..G ... GAA ... ... ... ... ... ..G ..G ... C.T .AT C.T ..A ..A ... ... GCC .C. ..C ..T ..T T.. ... ... ... G.G ..C ..A ..A ..C ... ... ... ... ... ... ..G ... ... ... A.G ... ... ... ... G.C AG. ..A ..A ... ... ... ... ... ..G ..C ..T ... ... GA. ..A ... ..T ..T ... T.G ..C T.G T.G T.G T.G A.G A.C ... ... ... ... ..G A.. .CC ..G ... ..T ..T ..T ..T ... ... ..A ..T ... ..A ..A ... ..G ... ..A ... AT. ... ... C.. CA. ..T A.T ..T ..C .TC ..T ..G ..T ..G ..G ..C ..A ..C ... ... ..G A.C ... ..G ..G ... ... ... T.. ..A ..C A.. ... ..T ... ..T A.. ... ... .GG ..C ... ..C ... ..T A.T ..G ... ..G ... ... ..T G.A .TG ..C ..C ..A ..C A.A ... ..T GCC ... ... ... ... C.T C.G .C. ... ..G ... ... ..T ..T G.A A.T C.. C.. GAA ... ..A ... A.. ..C ... ..C ... ..C ..C ..C ..C ... 
Cgla                            ... ... ..G .CC ... ... ..T ... TCG G.. ... ..A ... ... ..A ..C ..C ..C ... ... ..C ..T ... ..C ... ... ... ..A ..A .G. ..T ..A ..T ..C ..T ..A ..A ..C GAG ... ... ... ... C.T ... ..G ... ... CA. C.A ... ..A ..A ..A GCA .C. ... ..C G.. ..G ... ... ... C.A ..C ..C ... ... ... ... ... ... ..G ..G ..G ..G .GT ... A.G ..G ..G ..G ..G ... AGG ... ..A ..C ..C ..C ... ... ..T ... ... ..A ..A GAA ... ... ... A.A ..G ... T.A ..G ..G T.G A.. .GG AGC ... ... ... ..G ... A.G ..C ..G ..T ... ... ... ..T ... ... ... ..T ... ..A ... ..C ..C ..C ... ... C.. ... ... AG. .A. ..T C.A ..T T.. AT. ... ..T ..T .AA ..G ... ..G ... ... ... ... ..C ..G ..T ... ... ..A ... ... A.C ..C A.C ... ... ..T ... ..T ..C ... .GG ... ... ..T GAG ..A ..A ..T G.T ... ... ... AGT G.A CG. ..A AAC ... ... AAC C.. ..T G.C ... ... ... ..G C.T C.T GC. C.T ... ... C.. ..T ... ACT C.T C.A ... CAA C.. C.A ... A.. G.A ... ..C ..C ..C ..A ..C ... ..C 
Agos                            ..G ... ..G .TT ... ... GG. ..T GCG C.G ... CG. ... ... ... ..C ... ..C C.C ..C ..C ..C ..G .TC ..G ..G .GC ..T ..G .G. ..G ..G ... ... ..C ..C ..G ..A GAG ... C.C C.G C.G .AG C.G C.G ... C.G GTG C.. C.. C.. C.C C.. ..C ..C TCA ..C ..G ..G ... ... ... G.. ..A T.C G.C ..C ..C ... ..G ..G ..G ..G ..G ... AT. ... AG. ... ..G ..G G.G .G. A.G ... A.. ..C ..C ..C ... ..G ..G ..G ..A ..A ..G ..G ..G ..G A.G ... ..G ..G T.G A.G ... ... ..A ... A.C ... ..G ..G ... ..G CGC ..C ... ... ... ... ..T ... ... ... A.. TCG ... ... ... ..C CGC ... ..A ..C .CG ..C ... ..C T.G ... ... ... ..C CAC ... ..G ... ... ... ..G ..C ... ..C ... ..G ..G ..G ... ..G ... ... ... .C. A.C ..G ..C ..G ... C.T ... C.. ..C ..C ..C ... ..C ..C ..G ... ... ..T G.. ..G ... AA. AGC ..A G.. AGC GAC ..G A.G ..G ..C ... GC. ... ..C C.G ... C.. C.C .CC C.G C.T C.G C.T ... .A. G.T C.. C.C C.. CA. C.. C.C C.. ... ..C ... ..C ..C ..C ..C ..C ... ..C 
Klac                            ..G ..G ... TCT ... ..T ..T ..T .GT C.G ..A ... ..A ..A G.C ..C ... ..C ..C ..C ... ... ..C .TC T.T ..T ..T ..T ..G .G. ... ..A ... ..A ..A ..A ..C ... CAA ... C.. ... C.T .AG ... ... ... ... GTG ..A ..A C.T ..A ... ..C ... TC. ..C ... ..A ... ... ..T ..G ..C T.C ..A ..C ..A ..G ... ..G ... ... ..G ... TT. ... A.. ..G ... ..G AG. G.G ... ..A ..A ... ..C ... ... ..T ... ..T ..G ..C ..A ... ... ... AAG AAA T.. T.. ..A T.G T.A T.G T.A ..G ... ..G ... ... ... ... AG. A.. ..G ..T ... ..T ..T ..T ..T ..T ..T TCG ... ..A ..A ... .CC ... ... ... A.G ... ... ... T.C ..T ... ..T T.. CTA ... ..T ..T .AG ... ..A ..A ... ... ... ..T ..G ..T ... ..T ... C.T ... CCA ..C ..C ..A ... ..T ... ..T CGA ... ... ..C ..C ... ..T G.T ..T A.T ..T G.. ..G ... AA. AGT ..A AAG ..G AAC ..A ... ..C ..C ..T GAA ... ... C.C ... C.T ... .CC ..G ... ... C.. ... ..T G.C A.C ..A ... GAT ... C.A ... ... ..C ... ..C ... ..C ... ..C .AC ... 
Calb                            ... ... ... C.. ... ..T .GT ..T ..A CCA ..A ..A ..A ... TCT ..C ... ... ... GCA ... GA. ... GTT ..C ... ..T T.T ..T T.A ... ..A T.C ..T ..A ..A ..C ... ..C ... C.. ... C.. .A. ..G ... ... ... CC. ..A C.T C.T ..A ..A GCA .C. TC. ..T ... TGT ... ... ... T.A ... T.A ..C ..A ... ... ... ... ... G.. ... ... TTC ... ... ..G ... ... ..G ... ... ... TCT ..C ..C ... ... ..T ..T ... ..A AAC ..A .AA ..A ..A TCT A.A T.G T.. G.G T.G T.G T.G T.A ... A.T ... ... .TT ... ... A.. A.T ... ..T ..T ..T ... ..T ... ..T ..T C.A ..A ... ... ... .T. ... ..A ... AG. ... ..C C.T TT. AGT .TT ... ... .TA ..C ..T .CA AAA ... ... ..C ... ... ... ..T ..T ..T ..G ..A ..T ..A ..T A.A ... ..G ..G A.. ..T ..T ..T ..T ..C ..C ... ... ... ... ... AGT ..T ..T ... AGT AG. G.A AGT ..A AAA ..C CAA ... A.C A.. AGC ..T AAA ... ... ... ... .GT ..G GC. ..G G.T ... ..G ..T ..T ACC ..A ..A ... AAA ... ..A AAA A.. AGT ... ..C ... ..C ... ... ... ... 

    2    1    1    2    4    2    3    2    1    2    2    1    1    1    3
    3    2    2    1    3    1    2    2    3    1    1    1    1    1    2
    1    3    3    2    1    1    2    1    1    2    1    3    4    1    1
    2    1    4    2    3    2    3    2    1    1    2    1    1    2    1
    3    6    1    1    3    1    1    1    1    1    1    1    2    3    1
    3    2    2    1    2    2    2    1    1    2    1    1    1    2    3
    4    3    1    2    1    1    3    1    2    1    1    2    1    1    1
    3    2    4    1    1    1    1    1    3    3    3    1    2    1    1
    3    1    2    1    1    1    1    1    3    2    2    2    1    2    1
    2    3    6    1    3    3    1    4    1    2    2    2    1    2    1
    2    2    1    2    1    3    1    1    1    2    2    1    1    1    2
    1    1    1    3    1    1    1    1    1    1    1    2    1    1    3
    1    1    2    2    2    2    1    2    1    1    4    1    2    1    1
    1    1    1    2    1    1    2    1    4    2    1    1    2    4    1
    1    2    1    2    1    1    1    3    1    1    1    1    2    2    1
    2    1    4    1

CODONML (in paml version 4.9j, February 2020)  temp.nuc
Model: One dN/dS ratio, 
Codon frequency model: Fequal
ns =   9  ls = 394

Codon usage in sequences
--------------------------------------------------------------------------------------------------------------------------------------
Phe TTT  13   9   9  11   5   5 | Ser TCT  11   7   4  12   4   8 | Tyr TAT   6   3   7   4   5   6 | Cys TGT   1   2   2   2   2   2
    TTC   2   7   6   4  12   8 |     TCC  11   8  12   6  12   5 |     TAC   4   7   2   6   3   3 |     TGC   1   0   1   0   0   0
Leu TTA  18   9  15  13  13   7 |     TCA   4   6  13   6   7   6 | *** TAA   0   0   0   0   0   0 | *** TGA   0   0   0   0   0   0
    TTG  15  14  17  19  18   9 |     TCG   3   7   2   7   4   1 |     TAG   0   0   0   0   0   0 | Trp TGG   3   2   2   3   3   3
--------------------------------------------------------------------------------------------------------------------------------------
Leu CTT  11  12  10  10   1   7 | Pro CCT   8   5   8   7   6   5 | His CAT   6   6   6   6   6   3 | Arg CGT   0   2   4   3  10   4
    CTC   0   0   0   0   1   0 |     CCC   1   4   3   1   2   1 |     CAC   0   1   0   0   0   6 |     CGC   1   0   0   0   0   1
    CTA   2   5   2   2   1  11 |     CCA  10   8  11  13  12  17 | Gln CAA  27  19  22  23  30  10 |     CGA   0   0   2   0   0   3
    CTG   0   4   2   0   7   7 |     CCG   0   2   0   1   1   0 |     CAG   2   9   7   6   1  17 |     CGG   2   0   0   1   0   0
--------------------------------------------------------------------------------------------------------------------------------------
Ile ATT   8  11   7   7   9   6 | Thr ACT   5   9  11   5  21  11 | Asn AAT  12   7   8  12  17   7 | Ser AGT   4   3   5   6   0   3
    ATC   6   2   5   6   8  10 |     ACC   8   3   4   8   2   8 |     AAC  14  16  17  13   9  18 |     AGC   0   4   1   0   1   3
    ATA   1   1   2   1   2   0 |     ACA  10  12   8  12   6  13 | Lys AAA   6   2   8   8   3   7 | Arg AGA  21  26  23  22  19  27
Met ATG   7   8   8   8   8   9 |     ACG   6   4   5   4   6   0 |     AAG   8  10   7   7   9   7 |     AGG  11   9   6   9   6   6
--------------------------------------------------------------------------------------------------------------------------------------
Val GTT   6   6   8   8   3   5 | Ala GCT   4   3   0   9   2   4 | Asp GAT  18  16  19  18  25  13 | Gly GGT  11   7  13  13   8  11
    GTC   5   5   4   4   4   6 |     GCC   6   9  10   4   6   0 |     GAC  12  14  10  11   7  18 |     GGC   4   6   3   4   4   1
    GTA   2   3   4   2   3   3 |     GCA   6   3   3   0   1   4 | Glu GAA  17  21  16  20  16  15 |     GGA   2   1   0   0   1   2
    GTG   5   4   4   6   9   5 |     GCG   0   2   0   0   1   0 |     GAG   7   5   5   1   8  13 |     GGG   0   4   1   0   4   4
--------------------------------------------------------------------------------------------------------------------------------------

--------------------------------------------------------------------------------------
Phe TTT   4   6  12 | Ser TCT   2  11  12 | Tyr TAT   2   5   8 | Cys TGT   0   2   4
    TTC  12   7   5 |     TCC   8   9   9 |     TAC   7   8   2 |     TGC   2   0   0
Leu TTA   2  18  18 |     TCA   2   3   7 | *** TAA   0   0   0 | *** TGA   0   0   0
    TTG   3  13  22 |     TCG  12   7   0 |     TAG   0   0   0 | Trp TGG   2   2   2
--------------------------------------------------------------------------------------
Leu CTT  11   2   0 | Pro CCT   0   9   7 | His CAT   1   4   3 | Arg CGT   0   7   5
    CTC   9   1   0 |     CCC   0   1   0 |     CAC  10   2   3 |     CGC   5   0   0
    CTA   2  10   0 |     CCA   6  10  17 | Gln CAA   8  18  24 |     CGA   1   2   5
    CTG  10   0   0 |     CCG  13   1   0 |     CAG  16   9   4 |     CGG  26   0   0
--------------------------------------------------------------------------------------
Ile ATT   2   1   8 | Thr ACT   1   5   8 | Asn AAT   4  10  13 | Ser AGT   0   5  13
    ATC  10  14   6 |     ACC   4   5   8 |     AAC  18  15   8 |     AGC  12   3   3
    ATA   5   3   3 |     ACA   1   9   8 | Lys AAA   1  10  16 | Arg AGA   4  22  20
Met ATG  13   7   8 |     ACG  17   4   0 |     AAG  14  10   1 |     AGG   1   1   1
--------------------------------------------------------------------------------------
Val GTT   3   7  18 | Ala GCT   1   5   2 | Asp GAT   5  23  20 | Gly GGT   7  11  11
    GTC   4   6   0 |     GCC  13   7   1 |     GAC  21   6   4 |     GGC   8   0   3
    GTA   0   1   5 |     GCA   0   3   9 | Glu GAA   7  16  19 |     GGA   2   5   0
    GTG  14   5   5 |     GCG   7   0   0 |     GAG  16   8   4 |     GGG   3   0   0
--------------------------------------------------------------------------------------

Codon position x base (3x4) table for each sequence.

#1: Scer           
position  1:    T:0.23350    C:0.17766    A:0.32234    G:0.26650
position  2:    T:0.25635    C:0.23604    A:0.35279    G:0.15482
position  3:    T:0.31472    C:0.19036    A:0.31980    G:0.17513
Average         T:0.26819    C:0.20135    A:0.33164    G:0.19882

#2: Sbay           
position  1:    T:0.20558    C:0.19543    A:0.32234    G:0.27665
position  2:    T:0.25381    C:0.23350    A:0.34518    G:0.16751
position  3:    T:0.27411    C:0.21827    A:0.29442    G:0.21320
Average         T:0.24450    C:0.21574    A:0.32064    G:0.21912

#3: Smik           
position  1:    T:0.23350    C:0.19543    A:0.31726    G:0.25381
position  2:    T:0.26142    C:0.23858    A:0.34010    G:0.15990
position  3:    T:0.30711    C:0.19797    A:0.32741    G:0.16751
Average         T:0.26734    C:0.21066    A:0.32826    G:0.19374

#4: Spar           
position  1:    T:0.23604    C:0.18528    A:0.32487    G:0.25381
position  2:    T:0.25635    C:0.24112    A:0.34264    G:0.15990
position  3:    T:0.33756    C:0.17005    A:0.30964    G:0.18274
Average         T:0.27665    C:0.19882    A:0.32572    G:0.19882

#5: Ncas           
position  1:    T:0.22335    C:0.19797    A:0.31980    G:0.25888
position  2:    T:0.26396    C:0.23604    A:0.35279    G:0.14721
position  3:    T:0.31472    C:0.18020    A:0.28934    G:0.21574
Average         T:0.26734    C:0.20474    A:0.32064    G:0.20728

#6: Cgla           
position  1:    T:0.15990    C:0.23350    A:0.34264    G:0.26396
position  2:    T:0.24873    C:0.21066    A:0.36294    G:0.17766
position  3:    T:0.25381    C:0.22335    A:0.31726    G:0.20558
Average         T:0.22081    C:0.22250    A:0.34095    G:0.21574

#7: Agos           
position  1:    T:0.14721    C:0.29949    A:0.27157    G:0.28173
position  2:    T:0.26396    C:0.22081    A:0.32995    G:0.18528
position  3:    T:0.10914    C:0.36294    A:0.10406    G:0.42386
Average         T:0.17343    C:0.29442    A:0.23519    G:0.29695

#8: Klac           
position  1:    T:0.23096    C:0.19289    A:0.31472    G:0.26142
position  2:    T:0.25635    C:0.22589    A:0.36548    G:0.15228
position  3:    T:0.28680    C:0.21320    A:0.32995    G:0.17005
Average         T:0.25804    C:0.21066    A:0.33672    G:0.19459

#9: Calb           
position  1:    T:0.25635    C:0.17259    A:0.31472    G:0.25635
position  2:    T:0.27919    C:0.22335    A:0.32741    G:0.17005
position  3:    T:0.36548    C:0.13198    A:0.38325    G:0.11929
Average         T:0.30034    C:0.17597    A:0.34179    G:0.18190

Sums of codon usage counts
------------------------------------------------------------------------------
Phe F TTT      74 | Ser S TCT      71 | Tyr Y TAT      46 | Cys C TGT      17
      TTC      63 |       TCC      80 |       TAC      42 |       TGC       4
Leu L TTA     113 |       TCA      54 | *** * TAA       0 | *** * TGA       0
      TTG     130 |       TCG      43 |       TAG       0 | Trp W TGG      22
------------------------------------------------------------------------------
Leu L CTT      64 | Pro P CCT      55 | His H CAT      41 | Arg R CGT      35
      CTC      11 |       CCC      13 |       CAC      22 |       CGC       7
      CTA      35 |       CCA     104 | Gln Q CAA     181 |       CGA      13
      CTG      30 |       CCG      18 |       CAG      71 |       CGG      29
------------------------------------------------------------------------------
Ile I ATT      59 | Thr T ACT      76 | Asn N AAT      90 | Ser S AGT      39
      ATC      67 |       ACC      50 |       AAC     128 |       AGC      27
      ATA      18 |       ACA      79 | Lys K AAA      61 | Arg R AGA     184
Met M ATG      76 |       ACG      46 |       AAG      73 |       AGG      50
------------------------------------------------------------------------------
Val V GTT      64 | Ala A GCT      30 | Asp D GAT     157 | Gly G GGT      92
      GTC      38 |       GCC      56 |       GAC     103 |       GGC      33
      GTA      23 |       GCA      29 | Glu E GAA     147 |       GGA      13
      GTG      57 |       GCG      10 |       GAG      67 |       GGG      16
------------------------------------------------------------------------------


Codon position x base (3x4) table, overall

position  1:    T:0.21404    C:0.20558    A:0.31669    G:0.26368
position  2:    T:0.26001    C:0.22955    A:0.34659    G:0.16385
position  3:    T:0.28483    C:0.20981    A:0.29724    G:0.20812
Average         T:0.25296    C:0.21498    A:0.32017    G:0.21188

Codon frequencies under model, for use in evolver (TTT TTC TTA TTG ... GGG):
  0.01639344  0.01639344  0.01639344  0.01639344
  0.01639344  0.01639344  0.01639344  0.01639344
  0.01639344  0.01639344  0.00000000  0.00000000
  0.01639344  0.01639344  0.00000000  0.01639344
  0.01639344  0.01639344  0.01639344  0.01639344
  0.01639344  0.01639344  0.01639344  0.01639344
  0.01639344  0.01639344  0.01639344  0.01639344
  0.01639344  0.01639344  0.01639344  0.01639344
  0.01639344  0.01639344  0.01639344  0.01639344
  0.01639344  0.01639344  0.01639344  0.01639344
  0.01639344  0.01639344  0.01639344  0.01639344
  0.01639344  0.01639344  0.01639344  0.01639344
  0.01639344  0.01639344  0.01639344  0.01639344
  0.01639344  0.01639344  0.01639344  0.01639344
  0.01639344  0.01639344  0.01639344  0.01639344
  0.01639344  0.01639344  0.01639344  0.01639344


TREE #  1:  (((((1, 4), (3, 2)), 5), 6), ((7, 8), 9));   MP score: 1291
This is a rooted tree.  Please check!
lnL(ntime: 16  np: 18):  -6951.886737      +0.000000
  10..11   11..12   12..13   13..14   14..1    14..4    13..15   15..3    15..2    12..5    11..6    10..16   16..17   17..7    17..8    16..9  
 0.166521 0.226747 0.585483 0.034742 0.246743 0.137701 0.054405 0.180741 0.531155 0.733840 1.034685 0.188011 0.413514 1.619566 0.651862 1.841069 1.682122 0.061868

Note: Branch length is defined as number of nucleotide substitutions per codon (not per neucleotide site).

tree length =  8.646783

(((((1: 0.246743, 4: 0.137701): 0.034742, (3: 0.180741, 2: 0.531155): 0.054405): 0.585483, 5: 0.733840): 0.226747, 6: 1.034685): 0.166521, ((7: 1.619566, 8: 0.651862): 0.413514, 9: 1.841069): 0.188011);

(((((Scer: 0.246743, Spar: 0.137701): 0.034742, (Smik: 0.180741, Sbay: 0.531155): 0.054405): 0.585483, Ncas: 0.733840): 0.226747, Cgla: 1.034685): 0.166521, ((Agos: 1.619566, Klac: 0.651862): 0.413514, Calb: 1.841069): 0.188011);

Detailed output identifying parameters

kappa (ts/tv) =  1.68212

omega (dN/dS) =  0.06187

dN & dS for each branch

 branch          t       N       S   dN/dS      dN      dS  N*dN  S*dS

  10..11     0.167   860.1   321.9  0.0619  0.0108  0.1749   9.3  56.3
  11..12     0.227   860.1   321.9  0.0619  0.0147  0.2382  12.7  76.7
  12..13     0.585   860.1   321.9  0.0619  0.0381  0.6150  32.7 198.0
  13..14     0.035   860.1   321.9  0.0619  0.0023  0.0365   1.9  11.7
  14..1      0.247   860.1   321.9  0.0619  0.0160  0.2592  13.8  83.4
  14..4      0.138   860.1   321.9  0.0619  0.0089  0.1446   7.7  46.6
  13..15     0.054   860.1   321.9  0.0619  0.0035  0.0572   3.0  18.4
  15..3      0.181   860.1   321.9  0.0619  0.0117  0.1899  10.1  61.1
  15..2      0.531   860.1   321.9  0.0619  0.0345  0.5580  29.7 179.6
  12..5      0.734   860.1   321.9  0.0619  0.0477  0.7709  41.0 248.1
  11..6      1.035   860.1   321.9  0.0619  0.0672  1.0869  57.8 349.8
  10..16     0.188   860.1   321.9  0.0619  0.0122  0.1975  10.5  63.6
  16..17     0.414   860.1   321.9  0.0619  0.0269  0.4344  23.1 139.8
  17..7      1.620   860.1   321.9  0.0619  0.1053  1.7013  90.5 547.6
  17..8      0.652   860.1   321.9  0.0619  0.0424  0.6848  36.4 220.4
  16..9      1.841   860.1   321.9  0.0619  0.1197  1.9340 102.9 622.5

tree length for dN:       0.5619
tree length for dS:       9.0831


Time used:  0:08
