      9   1182

Scer                            AAC CAA GAA GTC ACC ACT TCT TCT TGG CGT AAA GTG CAA CTG CTT GAT TTC CAG CAA AGA TAT TCC GGT TGG AAA GAA CAG TAT AAT GAA GAC GGA ACG GGA ACA AAG TCT CTG CTT AGC ACA GAA CAA TTC AAA CCA ACA TTT GGT AAG CCA AGG CTG TTC GTC TTG TTA CAA TGG CCA CTA GCC CTT TTG GAT GAC ACA AAG AGT GTC TGT GCT AGC TTG GTG CCT ATG GTT ATT GGG GCA GGT TGC TTG GAA TGG AAA TTA CAA TAC TGG CAA ACT AAC AAG TAC GGT ATG GGG ATG ATG CTC GAC TGC TGC AAA AGG GAA CCA ACG ATA CAG ACC GAG CCA GGA GCG AAT GAG TCC AGG TCT TTC ATT GTT CGA GCC TAC GCC TTA GGG ATT AGC TCT TTT CAG AAA AAG GGT CAA AAA TTG AAC TGT TTG CGT GCC ACT TCT TTA TCC GAG GGC GTT ACA TCA CCA CGA TTG AAT AAT ATT TGT TTC TTC CAA GAG TTA AAT CAG TTC CCA AGG TCT AGA CCT GCC GCC CCA ATT AAC ACT CCA GAC AAG GAT AGT TGG TAC GTT AGA GAC CGT TTA TTA ACT TTA GAG ACA TGT CTA GAC ACA TGT TTT CAG GAT GAA TCT TTA GCC CTG GGA TTA AAG ATT TAT GAA ATG GAA CAC AGG AAA AAC TTC GAG GAT CCA GAC AAT AAC GTC GGT ATG TCA CTC ACT TTC GGT AAG ATT TAC CTG ATT AGC ATT TTC GAG ATC ATC AAA TCA AGC CAG GCA TTG GGT TTG GTG GTT TGC GAT ACT TAT GTA CTT TAT TCT TCT TGG TCC CCA CAA GGG GTG CAT GTT AAC CCA GAG TTC ATG ATC GGA CAC TTC AAG AAA TTA AGC ATT AAG TGC TAT GGG TAC TTT CAA CCA ACG AGA CAA CTA TCA GCA TCT TGG TTT GTG CCC GCC GAG CCA CAA AAA TAC CCT CCA AAG TGC TCT GAC AAC AAA GAG GAG AAA CAA GGT ATT GAA GCT GAT ACC CTA GAG GAC ATG TGG GAA GAT GCT GGT CCA CCA AAG GAA AGA GAG AGA AAG TCT TTA ACC AGA GAA TTC GGA CAC CGT AAC GCA GAA TCC GAG AGA CCA GAC CCT GCC TGG GTT TAC GTG ACT GAT ACA CGT ATG TTA TCC CCT ACG ATT TAT GGG AGA CAC AGC TCT ACA CTC GGG GAG 
Sbay                            AAC CAA GAG GTT ACC ACC TCA TCT TGG CGT AAA GTG CAG CTG CTC GAT TTC CAG CAA AGA TAT TCA GGT TGG AAA GAA CAA TAT AAT GAA GAC GGC ACG GGC ACC AAG TCC TTG CTT AGT ACC GAG CAA TTC AAG CCA ACT TTT GGT AAA CCA AGA CTG TTC GTC TTA TTA CAA TGG CCG CTA GCC CTG CTG GAC GAA ACT AAG AGT GTT TGT GCT AGC TTG GTG CCC ATG GTT ATA GGA GCA GGT TGT TTG GAA TGG AAG TTA CAA TAT TGG CAA ACC AAT AAG TAT GGT ATG GGA ATG ATG CTG GAC TGC TGC AAG AGG GAA CCA ACA ATC CAA ACC GAG CCC GGT GCC AAT GAA TCA AGG TCC TTC ATT GTC AGA GGT TAT GCT TTA GGG ATA AGC TCC TTT CAG AAA AAG GGT CAA AAA CTG AAC TGC TTG CGT GCT ACC TCT CTT TCT GAG GGT GTT ACA TCT CCG AGA TTA AAC AAC ATT TGC TTT TTC CAA GAA TTG AAC CAA TTT CCA AGG TCT AGA CCT GGT GCT CCA ATA AAC ACT CCA GAT AAG GAT AGC TGG TAT GTT AGG GAC CGT TTG CTT ACC TTA GAG ACC TGC CTA GAC ACC TGC TTT CAG GAT GAA TCT TTA GCC CTA GGC TTA AAA ATT TAC GAA ATG GAG CAC AGA AAG AAC TTC GAA GAC CCA GAC AAT AAC GTA GGT ATG TCA CTG ACC TTC GGT AAG ATC TAC CTG ATT AGT ATC TTT GAG ATC ATC AAA TCG AGT CAA GCA TTG GGT TTG GTG GTT TGC GAC ACC TAC GTC CTT TAT TCT TCT TGG TCT CCA CAA GGT GTG CAC GTC AAC CCA GAA TTC ATG GTC GGG CAC TTC AAA AAG TTA AGC ATT AAG TGC TAT GGT TAC TTT CAA CCA ACG AAG CAG TTG TCC GCA TCT TGG TTT GTG CCT GCT GAG CCA CAA AAA TAC CCC CCA AAG TGT TCC GAC AAC AAA GAA GAA AAA CAA GAC ATC GAA GCT GAC ACT CTA GAA GAC ATG TGG GAG GAT GCC GGT CCA CCA AAG GAA AGA GAA AGA AAG TCT TTA ACT AGA GAG TTC GGG CAC CGT AAC TCA GAG TCT GAG AGA CCC GAT CCG GCC TGG GTT TAT GTG ACC GAC ACG CGT ATG TTG TCC CCT ACA ATC TAT GGA AGA CAC AGT TCA ACG CTG GGG GAG 
Smik                            AAC CAA GAA GTC ACC ACT TCA TCC TGG CGT AAA GTG CAG CTG CTT GAT TTC CAG CAA AGA TAC TCC GGT TGG AAA GAA CAG TAC AAT GAA GAC GGA ACG GGA ACG AAG TCT TTG CTT AGT ACT GAA CAA TTC AAA CCA ACC TTT GGT AAG CCA AGA CTG TTC GTC TTA CTA CAA TGG CCA TTA GCG CTT TTG GAC GAT ACC AAG AGC GTC TGT GCT AGC TTA GTA CCC ATG GTA ATA GGA GCA GGT TGC TTA GAA TGG AAA TTA CAA TAC TGG CAG AGT AAC AAG TAT GGT ATG GGA ATG ATG CTC GAC TGT TGT AAA AGG GAA CCA ACA ATT CAG ACA GAA CCC GGG GCT AAT GAA TCC AGA TCC TTC ATT GTC AGA GGT TAC GCT CTA GGG ATA AGC TCC TTC CAG AAA AAG GGT CAA AAA TTG AAC TGT TTG CGT GCT AGT TCT TTA TCA GAG GGC GTA ACA TCT CCA AGA TTA AAC AAC ATT TGT TTT TTC CAA GGG TTG AAC CAG TTT CCA AGG TCT AGG CCT GGT GCT TCC ATA AAT ACT CCA GAT AAG GAC AGT TGG TAC GTA AGA GAC CGT TTA TTA ACT CTA GAG ACG TGC TTA GAC ACG TGT TTC CAG GAT GAA TCT CTA GCG CTG GGA TTA AAG ATT TAC GAA ATG GAA CAC AGA AAA AAC TTC GAA GAT CCA GAC AAC AAC GTG GGT ATG TCA CTC ACT TTC GGT AAG ATT TAC CTG ATA AGC ATT TTT GAA ATC ATT AAA TCT AGC CAA GCA TTG GGT TTG GTG GTC TGT GAT ACT TAC GTC CTT TAT TCT TCC TGG TCC CCA CAG GGT GTG CAT GTC AAT CCA GGG TTC ATG ATC GGG CAC TTC AAG AAA CTA AGC ATT AAG TGC TAC GGT TAC TTC CAA CCA ACG AAA CAA CTA TCC GCA TCT TGG TTT GTG CCT GCA GAA CCA CAA AAA TAC CCC CCA AAG TGC TCC GAT AAC AAA GAA GAG AAA CAA GGT ATT GAA GCT GAT ACT TTA GGG GAT ATG TGG GAA GAT GCC GGT TCC CCA AAG GAA AGG GAA AGA AAG TCT TTA ACT AGG GAG TTC GGA CAC CGT AAC AGT GAG TCT GAG AGG CCC GAT CCA GCG TGG GTC TAC GTC AGT GAC ACA CGT ATG TTG TCT CCT ACA ATT TAC GGA AGG CAC AGC TCA ACG CTC GGG GAG 
Spar                            AAT CAA GAA GTC ACC ACT TCT TCC TGG CGT AAA GTG CAA CTG CTT GAT TTC CAG CAA AGA TAT TCC GGT TGG AAA GAA CAA TAT AAT GAA GAC GGA ACG GGA ACA AGG TCT TTG CTT AGT ACT GAA CAA TTC AAA CCA ACA TTT GGT AAG CCA AGA CTG TTC GTC TTA TTA CAA TGG CCA CTA GCC CTT TTG GAT GAC ACA AAA AGT GTC TGT GCT AGC TTG GTA CCC ATG GTT ATA GGA GCG GGT TGT TTG GAA TGG AAA TTA CAA TAC TGG CAG ACA AAC AAG TAC GGT ATG GGA ATG ATG CTC GAC TGC TGT AAG AGG GAA CCA ACA ATA CAA ACT GAG CCC GGT GCG AAT GAA TCC AGA TCT TTC ATT GTC AGA GGT TAC GCT TTA GGA ATA AGC TCT TTT CAG AAG AAA GGT CAA AAG TTG AAC TGT TTG CGT GCT ACA TCT TTA TCC GAA GGT GTT ACA TCC CCA AGA TTA AAC AAC ATT TGT TTC TTC CAA GAG TTA AAT CAA TTC CCA AGG TCT AGG CCT GGT GCT CCA ATA AAC ACT CCA GAT AAG GAT AGT TGG TAC GTT AGA GAC CGT TTA TTA ACT TTA GAA ACA TGT CTA GAC ACA TGT TTT CAG GAT GAA TCT TTA GCC TTG GGA TTA AAG ATT TAT GAA ATG GAA CAC AGA AAG AAC TTC GAG GAT CCA GAC AAT AAC GTC GGT ATG TCA CTC ACT TTC GGT AAA ATC TAC CTG ATT AGT ATC TTC GAG ATC ATC AAA TCG AGC CAA GCA TTG GGT TTG GTG GTT TGC GAT ACT TAT GTC CTT TAT TCT TCC TGG TCC CCA CAA GGT GTG CAT GTT AAC CCA GAG TTC ATG ATC GGG CAC TTC AAG AAG TTA AGC ATT AGG TGC TAT GGT TAT TTT CAA CCA ACG AAA CAA CTA TCT GCG TCT TGG TTT GTA CCT GCC GAG CCA CAA AAA TAC CCC CCA AAG TGT TCT GAC AAC AAA GAG GAG AAA CAA GGT ATT GAA GCT GAT ACC CTA GAG GAC ATG TGG GAA GAT GCC GGT CCA CCA AAG GAA AGA GAG AGA AAA TCT TTA ACC AGA GAA TTC GGA CAC CGT AAC GCA GAA TCC GAG AGG CCC GAT CCC GCC TGG GTT TAC GTG ACA GAT ACA CGT ATG TTA TCC CCT ACA ATT TAT GGA AGA CAC AGC TCT ACG CTC GGA GAG 
Ncas                            AAT CAA GAA GTA ACC ACC GCT TCC TGG CGT AAG GTA CAA CTG CTC GAT TTT CAG CAA AGG TAC TCG GGT TGG AAG GAA TCC TAC AAT GAG GAT GGC ACC GGC ACT AAA TCA TTG GTG AGT ACG GAA GAA TAC AAG CCT ACG TTT GGT CAG CCT AGA CTG TTT GTT CTT CTA CAA TGG CCA TTG GCT TTG TTG GAC GGA ACG AAG AGT GTA TGT GCG ACG TTG GTG CCC ATG GTG ATT GGA GCA GGG TGT TTG GAG TGG AAG CTT CAA TAC TGG CAA AAC AAT AAG TAT GGT ATG GGA ATG ATG CTA GAT TGT TGC AAA AGA GAA CCA AAT GTG TCC TCT GAA GCC GGA GCT GAC GAG TCG AGG TCT GTT ATA ATT AGA GGT TAC GCG CTA GGG ATT AGT TCT TTT CGA CAA AAG GGT CAA CAA TTG AAT TGT TTA CGT GCG AAC ACC TTA TCA GAG GGC GTG ACT TCT CCA AGA CTT AAT AAC CTT TGT TTC TAC CAA GAA TTA ACT TCC TTC CCT AGA TCG AGG CCT GGT GCG GCT ATT AAT ACC CCA GAC AAG GAT AGT TGG TAC GTG AGA GAT CGT CTA TTA GTG CTA GAG ACT TCA TTG GAC ACT TGT TTT CAG GAT GAA TCG CTA GCT GTC GGC CTT CAG CTT TAT GAG ATG GAA CAT AGA AAA AAT TAC GAA GAT CCT GAT AGC AAC GTG GGA ATG GCA CTA ACC TTT GGA AAG GCG TAT CTG ATT GGT ATC TTC GAA ATA ATC AAA TCT GGG CAG GCC TTA GGT TTG GTA GTC TGT GAT ACC TAT GTC GTG TAC ACC TCC TGG TCC CCA CAA GGG GTG CAT GTG AAT CCA GAA TTT ATG GTC GGC AAT TTT AAG AAA CTA ACG ATT AAA TGT TAC GGG TAC TTT CAA CCT ACC AAG CAA CTT TCA GCA ACC TGG TTT ATC CCA GCT GAA CCT CAA AAA TAC CCC CCA AAA TGT TCT GAT AAT AAA GAA CGT AAA CAA GAA ATC GAA GCG GAT ACC TTG GAA GAT ATG TGG GAA GAT GCA GGA GCT CCA AAG GAG AGA GAA AGG AAG TCG TTG ACC AGA GAG TTC GGA CAT CGT AAC TCC GAG TCC GAA AGG GCC GAC CCC GCT TGG GTC TAC GTT AAC GAT ACA CGT ATG TTA TCC CCC ACT ATT TAT GGA AGA CAT GGG GCT ACA CTA GGG GAA 
Cgla                            AAT CAA GAA GTC ACT ACA TCG TCA TGG CGT AAG GTG CAG TTA TTG GAC TTT CAG CAG CGG TAT TCA GGT TGG AAG GAA TCT TAT AAC GAA GAC GGG GCA GGG TCT AAA TCG ATG CTT AGC ACT GAA GAG TTC AAG CCG ACG TTT GGT GAA CCG AGA TTA TTT GTA CTT CTT CAG TGG CCA CTA GCT CTG TTG GAT GAT ACG AAG AGC GTC TGC AGT ACA ACC GTC CCT ATG GTC ATC GGA GCT GGT TGC ACC GAG TGG AAG CTT CAA TAC TGG CAA GCA AAC AAG TAC GGT ATG GGA ATG ATG TTA GAC TGC TGT AAG AGG GAA CCA ACA ATA TCT CAA GAG CCA GGT GCG AGA GAA TCA AGA TCC TTT ATA ATC AGA GGT TAC GCT CTT GGT ATC AGT TCC TTC CAA AAG AAG GGT CAG AAG TTG AAC TGC TTG AGA GCT GCA TCT TTA GAC GAG GGA GTC ACT TCA CCA AGA CTT AAT AAC ATC TGC TTC TTC CAA GAG CTG AGA TCT TTC CCG AGG TCC AGA CCG GGT GCT ACC ATC AAC TCC CCA GAC AAG GAC AGC TGG TAC GTC AGA GAT CGT CTA TTA GTA CTT GAG TCT TCT CTA GAC TCT TGC TTC CAG GAC GAA TCC CTT GCC TTA GGG CTT GAA ATC TAC GAG ATG GAG CAC AGA AAA AAA TTC GAA GAT CCA GAC AAT AAC GTC GCT ATG GCC TTA ACA TTT GCT AAG GGC TAC TTA GTT TCG ATA TTC GAG ATA ATT AAG TCG GGA CAG AAT TTG GGT CTA GTG GTC TGC GAT ACA TAC GTT CTT TAC TCT TCA TGG TCT CCA CAG GGT GTA CAT GTC AAC CCA GAG TTT ATG GTA GGC AAC TTT AAG AAG CTT ACA ATA AAA TGC TAT GGT TAT TTC CAA CCA GCA AAT CAA CTA TCC GCA TCT TGG TTT ATA CCG GCC GAG CCA CAG AAG TAT CCT CCA AAA TGC TCC GAT AAT AAG GAA CAC AAG CAA AAG ATC GAA AGT GAT ACC CTA GAG GAT ATG TGG GAA GAC GCT GGC ACC CCA AAG GAA AGA GAA AGG AAG TCA CTA ACC AGA GAG TTC GGT CAC CGT AAC TCG GAG TCG GAA AGA CCA GAC CCT GCC TGG GTC TAC GTC GCA GAT TCT AGA ATG CTG TCA CCA ACT ATA TAC GGA CGT CAC GGA TCG ACA TTA GGT GAG 
Agos                            AAC CAG GAA GTG ACC ACC AGT TCG TGG CGC AAG GTG CAG CTG CTT GAT TTT CAG CAG AAG TAC TCA GGC TGG AAG GAA CAG TAC AAC CGC GAT AAC GCA AAC AGC AAG TCC CTA ACA AGC ACT GAA CAG TTT AAG CCG GCA TTC GGC GAG CCG CGC CTG TTT GTG CTG ATA CAG TGG CCT CTG GCG CTG TTG GAC GAT GCA ACT TCG GTG TGC AAT ACG CTC GTT CCG ATG GTG ATC GGG GCA GGT GCC CTC GAG TGG AAG CTA CAG TAC TGG CAA TCA AAC AAG TAC GGT ATG GGG ATG ATG CTA GAT TGT TGC AAG AGA GAG CCA ACG ATT CAG TCC GAG CAG GGG GCG TTC GAG TCA CGC TCG ATG ATT ATC CGG GGC TAC GCG ATA GGC ATC AGC TCG TTC CAG CAG AAG GGC CAG CAG TTG AAC TGC TTG CGG GCG TCA TCC CTA ACT GAG GGC GTG ACC TCT CCT CGG CTG AAT AAC GTG TGC TTC TTT CAA GAG TTG GGG CAG TTC CCG AGA TCT CGT CCA GGC GCG TCG ATC AAC GCG CCA GAC AAG GAC TCT TGG TAC GTG CGT GAC CGC CTG CTA ATA ATA GAG AGC TCG CTG GAC AGC TGC TTC CAG GAC GAG TCT ATA GCC CTC AAC CTA GAG GTG TAT GAG ATG GAA CAC CGC AAG CAC TTT GAG GAC CCG GAT AAC AAT GTC GCT ACT GCT CTA ACC TTT GCT AAG ATC TAC CTG ATT AGC ATT TTC GAG GTA ATC AGG TCG GGG CAC TCA CTG GGT CTG GTG GTG TGT GAC ACC TAT GCC ACA TAT TCC TCG TGG TCG CCT CAG GGC GTG CAT GTT AAC CCA GAG TTT ATG GTG GGT CAG TTC AAG AAG ATA ACG ATA AAG TGC TAC GGC TAC TTC CAG CCA GCA AAA AGA CTC TCC GCG TCC TGG TTT GTG CCC GCC GAG CCA CAG AGG TAT CCG CCT AAG GCC TCG GAC AAC AGG CAA AAG AGG CAG GAA ATC GAG AAT GAC ACC CTG GAG GAC ATG TGG GAA GAC GCC GGA TCG CCT AAG CGC AGA CAA CGT AAG TCC CTG ACC AGA GAG TTC GGG CAC CGC AAC GCG GAG TCG GAA CGT CAG GAC CCT GCC TGG GTG TAC GTC TCA GAT AGC CGG ATG TTG CCG CCA ACT GTG TAC GGG AGG CAC GGG AGT ACT CTA GGC GAG 
Klac                            AAT CAG GAA GTT ACC ACT AGT TCT TGG CGT AAA GTT CAG CTA TTG GAT TTC CAG CAA AGG TAT TCC GGT TGG AAA GAA CAA TAT GAT AAG GAT GGC ACA GGC ACC AAG TCG CTG ACG AGT ACT GAA GAA TTC AAG CCC TCT TTT GGT GAA CCC AGG CTA TTC GTT CTA ATA CAA TGG CCA TTA GCT TTG TTG GAT GAA TCT AAG GCA GTT TGT GAA ACA AAG GTT CCA ATG GTC ATC GGA GCT GGT GCA AAG GAA TGG AAG CTA CAG TAC TGG CAA GGT AAT AAA TAC GGT ATG GGA ATG ATG TTA GAT TGT TGC AAG AGA GAA CCA ACA GTG CAA TCT GAA CCA GGC GCT GAC GAA TCC AGA TCC TTA ATC ATC AGA GGT TAC GCT ATA GGT ATC AGC TCC TTC CAA AAG AAG GGT CAA AAG TTG AAC TGT TTG AGA GCT GGT TCG TTA TTT GAA GGG GTC ACG TCT CCA AGA CTA AAT AAT ATG TGT TTC TTC CAA GAA CTA GGA CAA TTC CCC AGA TCT AGA CCT GGT GCT CAA ATC AAC TCA CCA GAT AAA GAC TCA TGG TAC GTC AGA GAT CGT CTT TTA GTC ATA GAA ACC TCG TTA GAC ACC TGT TTC CAG GAT GAG TCT ATA GCC TTA GGC CTA GAA ATG TAT GAA ATG GAA CAT AGG AAA AAC TTC GTT GAT CCA GAC AAT AAC GTG GCA ACG CCA TTA ACT TTC GCA AAG ATT TAT CTA TTG AAT ATT TTC GAA GTA ATC AAA TCA GGT CAG TCT CTG GGT TTA GTT GTT TGT GAT ACT TAT GTC ACG TAC TCG TCT TGG TCT CCT CAA GGT GTG CAC GTT AAC CCA GAA TTC ATG GTT GGT AGA TTC AAG AAG ATA ACA ATT AAG TGT TAT GGT TAT TTC CAA CCA ACA AGA AAG TTG TCT GCA TCG TGG TTT ATT CCA GCC GAA CCA CAA AAA TAT CCA CCT AAA GCA TCA GAT AAT AAA CAA AAG AAA CAA GAA ATA GAA GAA GAC ACT TTA GAA GAT ATG TGG GAA GAT GCT GGG CAA GCA AAA AAG AGA CAA AGG AAG TCC TTG ACT AGA GAA TTC GGT CAT CGT AAC TCC GAA TCC GAA AGA CCA GAT CCA GCC TGG GTT TAC GTT GGT GAT CTT AGA ATG CTA CCA CCT ACA GTG TTT GGA AGA CAT GGT AGT ACG TTA GGT GAA 
Calb                            AAT CAG GAA GCT ACT ACT TCT GAA TGG AGA AAG GTA CAA TTA TTG GAT TAT TGT CAA AAA TAT TCA GGT TGG AAG GAA GTT TAT AAT AAA GAA AGT CCA AGT ACT ATA GCC TTG ATC AAT ACT GAA ACA GCC AAA CCA ACA TTT GGA GAA CCA AAG TTA TAT ATC TTA TTA CAA TAT CCA TTA GCT TTG TTG GAC AGC ACA GCA GCA GCT TGT GGA AGT CTT GTT AGT ATG GTT TTA GGT GCT GGA GCT CTT GAT TGG AAA TTA CAG TAC TAT CAA GTT AAT AAA TAC GGT ATG GGT ATG ATG CTA GAA TGC TGT AAG CGA GAA CCA ACT TTT GTT TCG GAA CCA GGT GGT AAA GAA TCA CGT TCT ATA ATA ATT AGA GCT TAC GCT TTA GGG TTA TCC TCT TTT CGT CGA AAA GGT CAA CGA TTG AAC GCT TGT AGA GCT GTT TCT TTG TTT GAA GGA GTT ACA TCA CCA AGA TTA CAG AAC GAA GCT CAC GCC GCG GAG TTG AGT GTT CAC CCA CGA TCT AGA CCA GCT GCT GCC TTA AAT AGT CCA GAT AAG GAT AGT TGG TAC GTT AGA GAT AGA TTA TTG GTA TTA GAA ACT ACT TTA GAT ACT GCT TTT TGT GAT GAA TCT TTA ACT TTT AGT TTA GAA GAA TAT GAT ATA GAT CAT AAG AAA AAC GCC GAA GAT CCT AAT AAA GGA GTG GCT ATA GAA CTA ACT TAT GCT AAA ATC TAC TTA ATC AAG ATC CAC GAA ATA TTA CGT AGT TCT GAT AGC TTG GGT GTA GTA GTT TGC GAT ACT TAT ATC ATC TAC TCT GAA TGG TCA CCA CAA GGT GTT CAC CCA AAT CCA GAG TAT ATG GTT GGT GGA TTT AAG AAG TTA AGT GTG ATA TGT TAT GGT TAC TTT CAA CCA CCA CAA CGA TTA TCT GCT TCT TGG TAC GTA CCC TCA GAA CCA CAA CGT TAC AGT CCA AAG GCT TCA GAT AAT CGT AAT CAA CGT CAA CAG ATT GAA GGA GAT ACT TTA GAG GAT ATG TAT GAA GAT GCC GCT GCC TCA AAG AAA AGA AAT AGA AAA TCA TTA ACT AGA GCC TTC GGA CAC AGA AAC AGT GCC TCA GAA AGA CCA GAT CCT ACT TAT GTT TAC GTT GTT GAT TCA AGA ATG TTG CCA CCA TCA ATA TAC GGT AAA CAC TCT TCT CAA CTA GGG GAA 



Printing out site pattern counts


         9        741  P

Scer                            AAA AAA AAA AAA AAA AAA AAC AAC AAC AAC AAC AAC AAC AAC AAG AAG AAG AAG AAG AAG AAG AAG AAT AAT AAT AAT AAT AAT ACA ACA ACA ACA ACA ACA ACC ACC ACC ACG ACG ACG ACT ACT ACT ACT AGA AGA AGA AGA AGA AGA AGA AGC AGC AGC AGC AGC AGG AGG AGG AGT AGT ATA ATC ATC ATC ATG ATG ATG ATT ATT ATT ATT ATT ATT ATT ATT ATT CAA CAA CAA CAA CAA CAA CAA CAA CAA CAC CAC CAC CAG CAG CAG CAG CAT CCA CCA CCA CCA CCA CCA CCA CCA CCA CCC CCT CCT CCT CCT CGA CGT CGT CTA CTA CTC CTG CTG CTG CTT CTT CTT GAA GAA GAA GAA GAA GAA GAA GAA GAC GAC GAC GAC GAC GAC GAC GAG GAG GAG GAG GAG GAG GAG GAG GAG GAT GAT GAT GAT GAT GAT GAT GCA GCA GCA GCA GCC GCC GCC GCC GCC GCG GCT GCT GGA GGA GGA GGA GGC GGG GGG GGG GGT GGT GGT GGT GGT GGT GGT GTA GTC GTC GTC GTG GTG GTG GTG GTG GTT GTT GTT GTT TAC TAC TAC TAC TAC TAT TAT TAT TAT TCA TCA TCA TCA TCC TCC TCC TCC TCC TCT TCT TCT TCT TCT TCT TCT TCT TGC TGC TGC TGC TGG TGG TGT TGT TGT TTA TTA TTA TTA TTA TTA TTC TTC TTC TTC TTC TTC TTG TTG TTG TTG TTG TTG TTT TTT TTT 
Sbay                            ... ... ... ..G ..G ..G ... ... ... ... ... ... ... ..T ..A ..A ... ... ... ... ... ... ..C ..C ..C ... ... ... ... ..C ..C ..G ..G ..T ... ... ..T ..A ..A ... ..C ..C ..C ... .AG ... ... ... ... ... ..G ... ... ..T ..T ..T ..A ... ... ..C ... ..C ... ... G.. ... ... ... ..A ..C ..C ..C ..C ... ... ... ... ... ... ... ... ... ... ... ..G ..G ... ... ... ..A ..A ... ... ..C ... ... ... ... ... ... ... ..C ..G ..T ..C ..G ... ... A.. ... ... ... T.G ..G ..A ... T.. ..C ..G ... ... ... ... ... ... ..G ..G ..G ..A ... ... ... ... ... ..T ..A ..A ..A ..A ..A ... ... ... ... ..C ..C ..C ..C ... ... ... ... ... ... T.. ... ... ..T ..T .GT ..C ..C ... ..C ..G ..G ..T ..T ..A ... ..T .AC ... ... ... ... ... ... ..C ..A ... ..T ... ... ... ... ... ..C ..C ... ... ... ... ... ..T ..T ..C ... ... ... ... ..C ..G ..T ..A ... ..T ..T ..T ..A ..C ..C ..C ... ... ... ... ... ... ... ..T ... ... ..C ..C ... C.T ... ... ... ..G ..G ... ... ... ... ... ..T C.. ..A ... ... ... ... ... ... ... 
Smik                            ... ... ... ... ... ... ... ... ... ... ... ... ..T ... ... ... ... ... ... ... ... ... ..C ..C ..C ..C ... ... ... ..G ..T ... ..G ..C ..A ... ..T ..A ..A ... ... ... .G. ... .A. ... ... ..G ..G ..G ... ... ... ... ... ..T ..A ..A ... ... ..C ..T ... ..T ... ... ... ... ..A ... ... ... ... ..A ... ... ... ... ... ... ... ... ..G ..G ... ..G ... ... ... ..A ... ... ... ... ... ... ... ... ... ... T.C ..C ... ..T ..C ..A ... ... A.. ... ... T.. ... ... ... ... T.. ... ... ... ... ... ... ... ... ... ... ..G ..T ... ... ... ... ..T ..T ..A ..A ..A ... .G. ..A ... ... ... ..C ..C ... ... ..C ... ... ... ... ... AGT ..G ..G ..A ..T .GT ..T ..C ... ... ... ..G ..G ... ..A ... ..T ... ... ... ... ... ... ... ..C ..G ... ... ..A ..C ... ... ... ..C ..C ..A ..C ... ... ... ... ..T ..C ..C ..C ... ... ..C ..T ..T ... ..T ..A ... ..T ..A ..C ..C ... ..C ... ... ... ... ..T ..T ... ... ... ..C ... ... ... C.. ... ... ... ..G ... ... ... ... ... ..T ... ..A ..A ... ... ... ..C ... ... 
Spar                            ... ... ..G ... ..G ..G ... ... ... ... ... ..T ... ... ... ... ..A ..A ... ... ... .G. ..C ..C ... ... ... ... ... ... ..T ... ..G ... ..T ... ... ..A ..A ... ... ... ..A ... .A. ... ... ... ... ..G ... ... ... ... ..T ..T ..A ..A ... ... ... ... ... ... ... ... ... ... ..A ..C ..C ... ... ... ... ... ... ... ... ... ... ... ... ..G ... ... ... ... ... ..A ..A ... ... ... ... ... ... ... ... ... ... ..C ... ..T ..C ..C ... ... A.. ... ... ... ... ... T.. ... T.. ... ... ... ... ... ... ... ... ... ... ... ... ... ... ... ... ... ..T ..A ... ... ... ... ... ..A ... ... ... ... ... ... ... ... ... ... ..G ..G ... ... ... ... ..T .GT ... ..C ... ... ... ..G ..T ..T ..A ..A ..T ... ... ... ... ... ... ... ..C ... ... ... ..A ... ..A ... ... ..C ... ... ... ... ... ..T ... ... ... ... ... ... ... ..T ..G ..C ... ... ... ... ... ... ... ... ... ..C ... ... ... ... ... ..T ..T ... ... ... ... ... ... ... ... ... ... ... ... ... ... ... ... ... ... ..A ... ... ... ... ... ... ... 
Ncas                            ... ..G C.. ..G ... ... ... ... ..T ..T ..T ..T ..T ..T ... C.. ... ... ..A ... ... ..A ..C ... .C. .GC ... G.C ..T ..T ..G ... ... ..G T.T ... ... .AT ..T ..C ..C GTG .AC ..C .AG ..G ..G ... ... ..G ... .CG ..T G.G G.T ..T ..A ... ..A ... ... G.G ..A ... G.. ... ... ... ... ..C GCG ..C ... ... ..A ... C.. ... ... ... ... G.. ... ... ... ... A.T ..T ..T ... TCC ... .GA ... ... ... ... ..T ..T ..T G.T G.C ... ..A ..C ..C ..C ... A.. ... ... T.G ..T ..A G.C ... T.. ..C T.G G.G ... ... ... ..G ..G ... ... ..G .GA ... ..T ..T ..T ..T ... ... ..A ..A CGT ..A ..A ... ..A ..A ..C ... ... ... ... ... ... ..C ... ... T.C ..T ..T ..T ..G .GT ..T ..A ..G ..C ... ..C ... ... ..A ... ... .AA ..A ..A ..G ... ... ... ..C ..G ..T ..A ... ..T A.C ..A ... A.. ..G ..G ..C ... ..T ... ... ..T ... ..C ... ..C G.. ... ..T ..T ..G ... ..A ... ... G.. ... ... ..A ..C A.C ..G ..G ..T ..T ... ..T ... ... .CA ... ... ... C.. C.T ..G C.. ... G.T .A. ... ..T ..T ... ... C.T ... ..A ..A ... ... ... ... 
Cgla                            ..G ..G ..G ..G ... ..G ... ... ..A ... ..T ..T ... ... ... G.A ... ... ..A ... ... ..A ..C ... .GA ... ..C .GA ..T T.T ..T T.T ... ..G CAA ..T ... ..A ..T G.A ..A GTA G.A T.C .AT ..G C.G ... C.T ... ... .CA ..T G.A TCG ... ..A ..A ... ..C ..C ... ..A ..T G.A ... ... ... ..C ..A GGC ..C ..A G.. ..A ..A ..C ... ... ... ..G G.G ..G ... ... ..G A.. ... ... ... TCT ... ..A ... ... ... ... ... ... ..G A.C ... ... ..G ... ... ..A ..G A.. A.A ... ... ... T.A T.A T.A A.. T.G ..G ... ... ... ... ... ..G ... ..G ..G ..T ... ... ... ..T ..T ... ..A ..A ..A C.C ... ... ... ..A ... ... ... ... ... ..C ..C ..C AAT ... ..T T.G ... ..T ... ..T .GT ... ... AG. ..G ..T ..C ..T ..A ..A ..T ..T AAG .C. ..C ... ... ... ... ..T ... ..A ... ..C ..C A.A ... ..A A.C ..C ..C ..C ..T ... ..T ... ... ..C ... ..C ..C G.C ..C ..G ... ..A ..A GA. ..T ..G ..G ..C ..C ..G ..A ... ..A ..C ... ... ..T ... ... ... .C. ..C ..C ... C.T C.T C.. C.. C.G ..T ... ... ..T ..T ... ... C.T ACC ... ... C.A ..C ... ... 
Agos                            .GG ..G C.G ..G ..G ..G ... ..T C.. ... ... ... ... ... ... G.. ... .CT ... ... ... ... ..C ... GGG ..C ..C TTC ..C .GC ..T .GC ..T G.. T.. ... ... ... ..T G.A ..C .TA T.A G.G .A. C.T .AG ... ..G C.T C.T .CG ... G.G ... ... C.C C.C ..A TC. TCG ..T G.A ... G.G .CT ... ... ..C ... ..C ..C G.G ... ... ..A G.G ... ..G ..G ..G ..G ..G ... AG. ..G ..G ... ... ..C ... ... ... ... ... ..T ..T ... ..G ..G T.G .AG ..T ... ..G ... ..A ..A ..G ..G ..C ..G ..C ..A ..C ... ..A ... ..G ACA ... ..G ..G CGC ..G ... ... ..G ..T ... ..T ..T ... ... ... ... C.A ... A.. ... ... ... ..A ... ..C ... ..C ..C ..C ..C ... T.. ..G ... ..G ... ..G ... ..G .G. ... ..C AA. AAC ..G ..T ..G ... ... ..C ..C .AA .C. ..A ... ..C ..C ... .CC ... ..G ..G ..T ..C ... ... ... A.C ... ..G ..G ..T ... ... ... ... ... ..C ..C ... G.T ..C ..G ..T ..A C.G A.T ..G ..G AG. ..G ..G ..C ..G ..C ..C ... ... ..T ... GC. ... ... .CG ..C ..C C.. A.. C.. C.G C.G ..G A.G ..T ... ... ..T ... ... C.. C.C C.. ... C.. ..C ..C ... 
Klac                            ... ... ..G ..G ... ..G ... ... ... ... ..T ..T ... ..T ... G.A ... ... ..A ..A ..A ... ... ... GGA ... G.. G.C ..G ..C ..T CTT ..G T.T T.T ... ..T ..A ..A ..A ... GTC GG. T.A ... ..G ..G ... ... ... ... .CA ... G.T .AT ..T ... ..A ..A TCA GCA G.G G.A ... G.T .C. ... ... ..C ... ... ..A G.G T.G ..C ... ..G ... ... ..G ... G.. ... ... A.G ..G AGA ..T ..T ... ..A ... ..A ..C ... ..T G.. ... ... ..C .A. ... ... ..A ..A ..A ... ... A.. A.A ... T.. T.G T.A T.A ..A ... T.G T.G ACG ... ... ..G A.G ... ... ... ... ..A ... ... ..T ..T ..T ..T ..A C.A .TT A.. ..A ..A ..A ..A ..A ... ... ..C ... ..C ... ... T.T ... ..T T.C ... ..T ... ..T .GT ..T ... .AA ..C ..T ..T ..C ..G ..A ..T ..T .AA .CA ..G ... ... ... ... ..C ..G ..T ..T ..T ..T A.T ..T ... A.C ... ..C ... ..T ..T ..T ... ... ... ... .T. ..C C.. ..T ... ..T ... C.A .TT ..T ... AG. ..A ..C ..G ... ..G ..C ... ..T ..T ... GCA ... ... .CG ... ... ... A.. C.. ..G C.T C.. ..A ... ... ... ... ... ... C.A AA. C.. ... ..A ..C ... ... 
Calb                            CGT ..G CG. ... ... ..G ... GGA ... ... ..T ..T ..T ..T ... G.A ..A GCA ... ..A ... .TA ..C C.G .G. ..A ... ..A ... ..T ..T T.. CA. ... T.G ..T ..T ..T T.A C.A ... GTA GT. .G. CA. ... .A. ... .A. ... ... ..T TC. TCT .AG .AT .A. C.T C.A ... GCA T.T ..A T.A G.T ..A ..A ... T.A ..C ..C ... ..A ..C ..A G.G GAA GCG ... ..G ... AC. ... ... .G. ... GGA ... ..T G.T GTT TGT .GT ..C ... ... T.. ... ..T ... G.C ... ... ... AG. ... ..A ..A A.. A.A A.A T.. T.. ..A T.T T.A T.. T.G T.G A.C ... ... ... A.. ..T ... ..T .CC AG. ..T A.T ..A ..T ..T ..T ..A A.T ..A C.A ... ..A ..A ..A ..A ..C ... ... ... ... ... ... AGC ..T ..T AGT A.T ..T T.A ..T ..T .GT ..C .GA A.T ... ..T ..T ..A ..T ... ..T CAG .C. .C. ..A ..A ... ... A.C ..G A.. .CT ..T ..T ..A ..A ..T A.. CCA ... ... ... ... ... ... ... ... ... ..C ..C GA. ..T AGT ... ..A C.A .TT ..A ..A ... ..A ... G.C GAA ... ..A ... ..T ... ..T GCT .AT ... AC. GC. ... ..G ... ... ... ... ..G A.A GC. ... ..T .AT CA. ... ..A C.T ... .GT G.A ... ... .AC 

    4    2    2    2    1    2    1    1    1    1    1    1    2    1    1
    2    3    1    1    1    2    2    1    1    1    1    1    1    1    3
    1    1    1    2    1    1    2    1    1    2    3    1    3    1    1
    1    1    2    1    2    1    2    1    2    1    1    2    1    2    1
    1    1    1    1    1    1    1    7    3    1    1    1    1    1    1
    1    2    1    2    2    4    1    1    1    1    1    1    2    1    1
    3    2    1    1    3    2    1    2    1    3    2    2    2    1    2
    1    1    1    2    2    3    3    1    3    1    3    1    1    1    2
    1    2    1    2    2    3    1    2    1    1    1    2    1    2    2
    1    2    1    1    3    3    2    1    1    1    1    1    2    1    2
    1    1    1    1    1    2    1    1    3    2    1    1    2    3    1
    1    1    1    3    2    2    1    2    1    1    1    2    2    1    1
    1    2    1    1    1    2    1    1    1    3    2    1    1    1    4
    1    2    3    1    1    1    1    1    1    2    1    1    1    1    2
    1    2    1    2    3    1    2    1    2    1    2    4    6    1    3
    1    2    5    2    1    1    2    1    3    1    1    4    3    2    2
    2    1    1    1    3    1    1

CODONML (in paml version 4.9j, February 2020)  temp.nuc
Model: One dN/dS ratio, 
Codon frequency model: Fequal
ns =   9  ls = 394

Codon usage in sequences
--------------------------------------------------------------------------------------------------------------------------------------
Phe TTT   5   8   5   5  10   8 | Ser TCT  14  12  11  13   6  12 | Tyr TAT   7  10   2   8   5   5 | Cys TGT   5   3   7   8   9   1
    TTC  13  10  13  13   4  10 |     TCC   6   6  11   9   9   7 |     TAC   8   5  13   7  13  10 |     TGC   6   8   4   3   1   9
Leu TTA  13  10  13  15   6   9 |     TCA   4   6   4   1   4   7 | *** TAA   0   0   0   0   0   0 | *** TGA   0   0   0   0   0   0
    TTG   9  10   8   9  11   5 |     TCG   0   1   0   1   5   7 |     TAG   0   0   0   0   0   0 | Trp TGG  10  10  10  10  10  10
--------------------------------------------------------------------------------------------------------------------------------------
Leu CTT   4   4   4   4   7  11 | Pro CCT   5   3   3   3   7   3 | His CAT   1   0   1   1   4   1 | Arg CGT   5   5   5   5   6   4
    CTC   3   1   3   3   1   0 |     CCC   1   4   4   5   4   0 |     CAC   4   5   4   4   0   4 |     CGC   0   0   0   0   0   0
    CTA   4   4   6   4   9   7 |     CCA  18  14  15  16   9  14 | Gln CAA  14  16  12  17  15   9 |     CGA   2   0   0   0   1   0
    CTG   5   9   4   3   3   3 |     CCG   0   3   0   0   0   5 |     CAG   7   5   9   4   5   9 |     CGG   0   0   0   0   0   1
--------------------------------------------------------------------------------------------------------------------------------------
Ile ATT  12   5  10   7   7   1 | Thr ACT   8   5   8   7   6   4 | Asn AAT   6   4   4   5  11   6 | Ser AGT   2   5   6   4   4   3
    ATC   3   7   2   5   4   7 |     ACC   4  13   3   3  12   6 |     AAC   9  11  11  10   6   9 |     AGC   7   4   7   5   1   3
    ATA   1   3   4   4   2   7 |     ACA   9   3   5  12   2   7 | Lys AAA  13  11  14  13  10   5 | Arg AGA   9  11   8  11  10  14
Met ATG   9   9   9   9   9  10 |     ACG   4   4   6   3   5   2 |     AAG  13  16  13  12  13  21 |     AGG   5   4   7   6   5   3
--------------------------------------------------------------------------------------------------------------------------------------
Val GTT   7   7   0   6   3   2 | Ala GCT   3   6   6   5   9   8 | Asp GAT   9   6  11  11  14   9 | Gly GGT  10  15  14  16   8  14
    GTC   4   5   9   6   5  11 |     GCC   9   5   1   5   3   4 |     GAC  10  13   8   8   5  11 |     GGC   1   3   1   0   5   3
    GTA   1   1   4   2   4   4 |     GCA   4   3   4   2   4   6 | Glu GAA  14  17  19  17  21  16 |     GGA   6   3   7   9   9   6
    GTG   6   6   5   4  11   2 |     GCG   1   0   3   3   6   1 |     GAG  15  13   7  12   9  15 |     GGG   7   4   7   1   7   3
--------------------------------------------------------------------------------------------------------------------------------------

--------------------------------------------------------------------------------------
Phe TTT   8   4   8 | Ser TCT   4  11  12 | Tyr TAT   4   8  13 | Cys TGT   2   7   6
    TTC  10  15   1 |     TCC   7   7   1 |     TAC  11   6  11 |     TGC   6   1   2
Leu TTA   0  11  22 |     TCA   6   4  11 | *** TAA   0   0   0 | *** TGA   0   0   0
    TTG   5   8  10 |     TCG  12   5   1 |     TAG   0   0   0 | Trp TGG  10  10   6
--------------------------------------------------------------------------------------
Leu CTT   1   2   2 | Pro CCT   6   4   2 | His CAT   1   3   1 | Arg CGT   4   3   6
    CTC   4   0   0 |     CCC   1   3   1 |     CAC   5   1   6 |     CGC   8   0   0
    CTA   8   9   3 |     CCA   7  16  20 | Gln CAA   4  17  12 |     CGA   0   0   5
    CTG  13   2   0 |     CCG   7   0   0 |     CAG  22   6   4 |     CGG   4   0   0
--------------------------------------------------------------------------------------
Ile ATT   4   4   2 | Thr ACT   6   6  14 | Asn AAT   4   7  10 | Ser AGT   2   3  12
    ATC   7   6   7 |     ACC   7   4   0 |     AAC  13   6   4 |     AGC   7   1   2
    ATA   7   6   8 |     ACA   2   6   4 | Lys AAA   1  11  13 | Arg AGA   5  15  13
Met ATG   9  10   7 |     ACG   3   5   0 |     AAG  19  19  11 |     AGG   5   4   0
--------------------------------------------------------------------------------------
Val GTT   2  12  15 | Ala GCT   3   7  18 | Asp GAT   6  15  18 | Gly GGT   4  19  12
    GTC   2   5   0 |     GCC   7   3   9 |     GAC  13   5   1 |     GGC  10   4   0
    GTA   1   1   5 |     GCA   5   7   2 | Glu GAA   7  29  25 |     GGA   1   4   8
    GTG  16   4   2 |     GCG   8   0   1 |     GAG  20   1   3 |     GGG   8   2   2
--------------------------------------------------------------------------------------

Codon position x base (3x4) table for each sequence.

#1: Scer           
position  1:    T:0.25381    C:0.18528    A:0.28934    G:0.27157
position  2:    T:0.25127    C:0.22843    A:0.32995    G:0.19036
position  3:    T:0.26142    C:0.22335    A:0.28426    G:0.23096
Average         T:0.25550    C:0.21235    A:0.30118    G:0.23096

#2: Sbay           
position  1:    T:0.25127    C:0.18528    A:0.29188    G:0.27157
position  2:    T:0.25127    C:0.22335    A:0.33503    G:0.19036
position  3:    T:0.24873    C:0.25381    A:0.25888    G:0.23858
Average         T:0.25042    C:0.22081    A:0.29526    G:0.23350

#3: Smik           
position  1:    T:0.25635    C:0.17766    A:0.29695    G:0.26904
position  2:    T:0.25127    C:0.21320    A:0.32487    G:0.21066
position  3:    T:0.24619    C:0.23858    A:0.29188    G:0.22335
Average         T:0.25127    C:0.20981    A:0.30457    G:0.23435

#4: Spar           
position  1:    T:0.25888    C:0.17513    A:0.29442    G:0.27157
position  2:    T:0.25127    C:0.22335    A:0.32741    G:0.19797
position  3:    T:0.27411    C:0.21827    A:0.31218    G:0.19543
Average         T:0.26142    C:0.20558    A:0.31134    G:0.22166

#5: Ncas           
position  1:    T:0.23604    C:0.18020    A:0.27157    G:0.31218
position  2:    T:0.24365    C:0.23096    A:0.33249    G:0.19289
position  3:    T:0.29442    C:0.18528    A:0.26904    G:0.25127
Average         T:0.25804    C:0.19882    A:0.29103    G:0.25212

#6: Cgla           
position  1:    T:0.25381    C:0.18020    A:0.27411    G:0.29188
position  2:    T:0.24619    C:0.23604    A:0.32995    G:0.18782
position  3:    T:0.23350    C:0.23858    A:0.28173    G:0.24619
Average         T:0.24450    C:0.21827    A:0.29526    G:0.24196

#7: Agos           
position  1:    T:0.21574    C:0.24112    A:0.25635    G:0.28680
position  2:    T:0.24619    C:0.23096    A:0.32995    G:0.19289
position  3:    T:0.15482    C:0.29949    A:0.13706    G:0.40863
Average         T:0.20558    C:0.25719    A:0.24112    G:0.29611

#8: Klac           
position  1:    T:0.24619    C:0.16751    A:0.28680    G:0.29949
position  2:    T:0.25127    C:0.22335    A:0.34010    G:0.18528
position  3:    T:0.29188    C:0.17005    A:0.34518    G:0.19289
Average         T:0.26311    C:0.18697    A:0.32403    G:0.22589

#9: Calb           
position  1:    T:0.26396    C:0.15736    A:0.27157    G:0.30711
position  2:    T:0.23350    C:0.24365    A:0.33503    G:0.18782
position  3:    T:0.38325    C:0.11421    A:0.38325    G:0.11929
Average         T:0.29357    C:0.17174    A:0.32995    G:0.20474

Sums of codon usage counts
------------------------------------------------------------------------------
Phe F TTT      61 | Ser S TCT      95 | Tyr Y TAT      62 | Cys C TGT      48
      TTC      89 |       TCC      63 |       TAC      84 |       TGC      40
Leu L TTA      99 |       TCA      47 | *** * TAA       0 | *** * TGA       0
      TTG      75 |       TCG      32 |       TAG       0 | Trp W TGG      86
------------------------------------------------------------------------------
Leu L CTT      39 | Pro P CCT      36 | His H CAT      13 | Arg R CGT      43
      CTC      15 |       CCC      23 |       CAC      33 |       CGC       8
      CTA      54 |       CCA     129 | Gln Q CAA     116 |       CGA       8
      CTG      42 |       CCG      15 |       CAG      71 |       CGG       5
------------------------------------------------------------------------------
Ile I ATT      52 | Thr T ACT      64 | Asn N AAT      57 | Ser S AGT      41
      ATC      48 |       ACC      52 |       AAC      79 |       AGC      37
      ATA      42 |       ACA      50 | Lys K AAA      91 | Arg R AGA      96
Met M ATG      81 |       ACG      32 |       AAG     137 |       AGG      39
------------------------------------------------------------------------------
Val V GTT      54 | Ala A GCT      65 | Asp D GAT      99 | Gly G GGT     112
      GTC      47 |       GCC      46 |       GAC      74 |       GGC      27
      GTA      23 |       GCA      37 | Glu E GAA     165 |       GGA      53
      GTG      56 |       GCG      23 |       GAG      95 |       GGG      41
------------------------------------------------------------------------------


Codon position x base (3x4) table, overall

position  1:    T:0.24845    C:0.18331    A:0.28144    G:0.28680
position  2:    T:0.24732    C:0.22814    A:0.33164    G:0.19289
position  3:    T:0.26537    C:0.21574    A:0.28483    G:0.23407
Average         T:0.25371    C:0.20906    A:0.29930    G:0.23792

Codon frequencies under model, for use in evolver (TTT TTC TTA TTG ... GGG):
  0.01639344  0.01639344  0.01639344  0.01639344
  0.01639344  0.01639344  0.01639344  0.01639344
  0.01639344  0.01639344  0.00000000  0.00000000
  0.01639344  0.01639344  0.00000000  0.01639344
  0.01639344  0.01639344  0.01639344  0.01639344
  0.01639344  0.01639344  0.01639344  0.01639344
  0.01639344  0.01639344  0.01639344  0.01639344
  0.01639344  0.01639344  0.01639344  0.01639344
  0.01639344  0.01639344  0.01639344  0.01639344
  0.01639344  0.01639344  0.01639344  0.01639344
  0.01639344  0.01639344  0.01639344  0.01639344
  0.01639344  0.01639344  0.01639344  0.01639344
  0.01639344  0.01639344  0.01639344  0.01639344
  0.01639344  0.01639344  0.01639344  0.01639344
  0.01639344  0.01639344  0.01639344  0.01639344
  0.01639344  0.01639344  0.01639344  0.01639344


TREE #  1:  (((((1, 4), (3, 2)), 5), 6), ((7, 8), 9));   MP score: 1259
This is a rooted tree.  Please check!
lnL(ntime: 16  np: 18):  -6521.149812      +0.000000
  10..11   11..12   12..13   13..14   14..1    14..4    13..15   15..3    15..2    12..5    11..6    10..16   16..17   17..7    17..8    16..9  
 0.263981 0.243283 0.598615 0.054864 0.206984 0.086917 0.038668 0.312858 0.351458 1.065128 1.099773 0.055986 0.682387 1.872798 0.662199 5.622519 2.174812 0.036735

Note: Branch length is defined as number of nucleotide substitutions per codon (not per neucleotide site).

tree length = 13.218419

(((((1: 0.206984, 4: 0.086917): 0.054864, (3: 0.312858, 2: 0.351458): 0.038668): 0.598615, 5: 1.065128): 0.243283, 6: 1.099773): 0.263981, ((7: 1.872798, 8: 0.662199): 0.682387, 9: 5.622519): 0.055986);

(((((Scer: 0.206984, Spar: 0.086917): 0.054864, (Smik: 0.312858, Sbay: 0.351458): 0.038668): 0.598615, Ncas: 1.065128): 0.243283, Cgla: 1.099773): 0.263981, ((Agos: 1.872798, Klac: 0.662199): 0.682387, Calb: 5.622519): 0.055986);

Detailed output identifying parameters

kappa (ts/tv) =  2.17481

omega (dN/dS) =  0.03673

dN & dS for each branch

 branch          t       N       S   dN/dS      dN      dS  N*dN  S*dS

  10..11     0.264   849.4   332.6  0.0367  0.0105  0.2859   8.9  95.1
  11..12     0.243   849.4   332.6  0.0367  0.0097  0.2635   8.2  87.6
  12..13     0.599   849.4   332.6  0.0367  0.0238  0.6483  20.2 215.6
  13..14     0.055   849.4   332.6  0.0367  0.0022  0.0594   1.9  19.8
  14..1      0.207   849.4   332.6  0.0367  0.0082  0.2242   7.0  74.6
  14..4      0.087   849.4   332.6  0.0367  0.0035  0.0941   2.9  31.3
  13..15     0.039   849.4   332.6  0.0367  0.0015  0.0419   1.3  13.9
  15..3      0.313   849.4   332.6  0.0367  0.0124  0.3388  10.6 112.7
  15..2      0.351   849.4   332.6  0.0367  0.0140  0.3807  11.9 126.6
  12..5      1.065   849.4   332.6  0.0367  0.0424  1.1536  36.0 383.7
  11..6      1.100   849.4   332.6  0.0367  0.0438  1.1911  37.2 396.1
  10..16     0.056   849.4   332.6  0.0367  0.0022  0.0606   1.9  20.2
  16..17     0.682   849.4   332.6  0.0367  0.0271  0.7391  23.1 245.8
  17..7      1.873   849.4   332.6  0.0367  0.0745  2.0284  63.3 674.6
  17..8      0.662   849.4   332.6  0.0367  0.0263  0.7172  22.4 238.5
  16..9      5.623   849.4   332.6  0.0367  0.2237  6.0896 190.0 2025.3

tree length for dN:       0.5259
tree length for dS:      14.3165


Time used:  0:12
