      9   1179

Scer                            AAC GAA ATG GAA CGT GCA CCG AGA AAG TCT CCA AGG GAA GGC GGT TTA CCA CGC CAC GAA AAT GAG CAG TTC GCC CAG ACT GAA GAA TTA GCT GAC AGA ACC TGG CTT GAA AGA TCT GTT CTA AAG AAA GAT GGT CAA TTA CTT GCT GGT ATC TCC GAT TGC ACA ATC AGA AAT GAA GAG TAT TTC CAA ATC TGC CGT GGT AAT GAT ATT ACG GAA GGT GCT CTT TCA GAT TGC CGT AAC CAA ATC GTC AAG TTC ATC AAT AAG TCT GGT AGA AAG TTA TTG AGA CGT ATG GCG GCA GAA GAA AGG AGA CTT AAG CCT ATC AGA GAG TAC GAG CGT AAG TTC GCA ATC GCT GGT GTC TTA GAC GAT AAA TCC AAC CTT ATT AGG ATT AGG GCT GAT TTC GCT AGA CTT CAA CTT GCT ATG CAG GAA ACA TTA TTC CTT AAT AAC AAT AAG AGG CAA ATC ACA TTC CAA GGT TGG GAA GAT TTC CAT AAA ATC GTT ATG GAA AAG CCT AAG TTC GAA TTA TAT CTT GAA TCT CCT CAA TTA ATC TTC ACT GCT AAG ATT CAA TTG GAA CCA CCC CCA ACT AAT GAT GTT ATT TTC CCT TCA TCC GGT TCT TTC GAA ATT CCA CCA TAC GAG TTG GAC GTT CGT ATG TAC GAA CTG TCT CAG TTG CCA GAA AAT AAG CAA GTT CAA CAA GAC ATC AAC GTT GTC TAT TCT CCT AAG GTC CAA GAT CGT GCT GGT AAA TAC TAC AGA GAT GCA GCC GTT ATT GTC TAC ATG GAA GCC CCT GTT AAA TTG GAA TTC ATG TCC ATG ATC ACT TTT CGC TTC GCT GAT ATC GAA GTT GAG ATG AGA GCA TTC CTA GCT ATG TGC CAA ATG CGT GTC GCC CAA GTA GGT TTT CCA GCC GCT AGA ATC GCC GAA ATT CCG TTC ATT AGA ATC ACC GCT AGA AGA GAA GCC AAA GAA AAA GTG GTT CTA CAA CTT GTT AGA ATC GAC ACA CGT GAG GTA CCT TTC AAT TTT AGA CTT GCA TCT GTT ACT GGT AGC GCT AAA TTT TCG GAA GTG ATT CTA AAT GCT GGT GAT AGA GAC GTG GCT TTC ATC GAA GCC AGA TTA TTC GAA GTC GAA CTA GTT TCT AAG ACG TTG GCT GCG CAA CTT GAT AAA CCA GCT AAA GCA GAA AAG GGT CAA TTG GAC GAT TCC ACG 
Sbay                            AAC GAA ATG GAA CGC GCC CCA AGA AAG TCC CCA AGA GAA GGT GGT TTG CCC CGT CAC GAA AAT GAA CAA TTC GCT CAA ACT GAA GAA TTG GCT GAC AGA ACC CGG CTT GAA AGA TCA GTT TTG AAG AAG GAC GGT CAA TTG CTT GCT GGT ATT TCT GAT TGT ACG ATT AGA AAT GAA GAA TAC TTC CAA ATC TGC CGT GGT AAT GAT ATT ACA GAA GGT GCT CTT TCC GAT TGT CGC AAC CAA ATT GTC AAG TTC ATC AAT AAG TCC GGT AGA AAG TTA TTG AGA CGT ATG GCC GCT GAA GAA AGA AGA CTG AAG CCT ATC AGA GAA TAC GAG CGT AAG TTC GCT ATC GCC GGT GTC TTG GAC GAC AAA TCC AAC CTG ATA AGA ATT AGG GCT GAT TTC GCT AGA CTG CAA CTT GCC ATG CAA GAA ACG TTG TTC CTT AAT AAC AAT AAG AGA CAA ATC ACT TTC CAA GGT TGG GAA GAT TTC CAT AAG ATC GTT ATG GAA AAG CCT AAG TTC GAA TTG TAT CTT GAA TCC CCT CAA TTG ATT TTC ACC GCT AAG ATA CAA TTA GAA CCA CCC CCA ACC AAT GAC GTC ATT TTC CCT TCC TCC GGT TCT TTC GAA ATT CCA CCA TAC GAA TTA GAC GTT CGT ATG TAC GAG CTA TCC CAA TTG CCC GAA AAT AAG CAA GTT CAA CAA GAC ATT AAC GTT GTC TAT TCT CCT AAG GTC CAA GAT CGT GCT GGT AAA TAC TAT AGA GAT GCA GCC GTT ATT GTC TAT ATG GAA GCC CCA GTT AAA CTG GAA TTC ATG TCT ATG ATC ACT TTC CGT TTC GCT GAT ATC GAA GTC GAA ATG AGA GCT TTC TTG GCT ATG TGT CAA ATG CGT GTC GCC CAA GTG GGT TTC CCA GCT GCC AGA ATC GCC GAA ATC CCA TTT ATC AGA ATC ACT GCC AGA AGA GAA GCC AAA GAA AAA GTG GTT CTA CAA CTT GTT AGA ATC GAC ACA CGT GAA GTG CCT TTC AAC TTC AGA CTT GCT TCC GTT ACT GGT AGC GCC AAA TTT TCT GAA GTG ATT TTG AAT GCC GGT GAT AGA GAC GTG GCT TTC ATT GAA GCC AGA CTA TTC GAA GTC GAA CTG GTT TCT AAG ACA TTG GCT GCC CAA CTT GAT AAA CCA GCC AAA GCT GAA AAG GGT CAA TTA GAC GAC TCT ACA 
Smik                            AAC GAA ATG GAA CGT GCA CCA AGA AAG TCT CCA AGA GAA GGA GGC TTA CCG CGT CAC GAA GAC GAG CAG TTC GCA CAG ACT GAA GAA TTG GCC GAA AGA ACC TGG TTG GAA AGA TCA GTC CTA AAG TAC GAT GGC CAG TTG TTG GCA GGG ATT TCC GAT TGT ACA ATT AGA AAC GAA GAG TCA TTC CAA ATC TGC AGA GGT AAC GAT ATT ACA GAA GGT GCA CTT TCG GAT TGT CGT AAC CAA ATC GTC AAG TTC ATC GAC AAG TCT GGT AGA AAG TTA TTG AGA CGT ATG GCT GCA GAG GAA AGA GAC CTT AAG CCT ATC AGA GAG TAT GAG CGT AAG TTC GCT GTA GCC GGT GTA TTA GAC GAT AAA TCC AAT CTT ATA AGA ATT AGA GCT GAT TTC GCC AGA CTT CAA TTG GCT ATG CAG GAA ACA TTA TTC CTT AAT AAC AAT AAG AGA CAA ATC ACT TTC CAA GGC TGG GAA GAT TTC CAT TAC ATC GTT ATG GAA AAG CCT AAG TTT GAA TCA TAT CTT GAA TCT CCT CAA TTA ATC TTC ACT GCT AAG ATA CAA TTG GAG CCA GGG CCA ACT AAT GAC GTT ATT TTT CCT GTA TCC GGT TCT TTC GAA ATT CCA CCA TAT GAA TTG GAC GTT CGT ATG TAC GAG CTA TCC CAG TTG CCG GAA AAC AAG CAG GTG CAA CAA GAC ATT AAT GTT GTC TAT TCT CCT AAG GTC CAA GAT CGT GCT GGT AAA TAC TAT AGA GAT GCA GCT GTT ATT GTC TAT ATG GAA GCT CCA GTT AAG TTA GAA TTC ATG TCC ATG ATC ACT TTT CGT TTC GCC GAT ATT GAA GTT GAG ATG AGA GCA TTC CTA GCT ATG TGT CAA ATG CGT GTC GCC CAA GTT GGT TTC CCA GCA GCT AGA ATC GCT GAA ATT CCA TTC ATT AGA ATC ACT GCT AGA GAC GAA GCT AAA GAA AAA GTG GTT CTA CAG CTC GTT AGA ATT GAT ACA CGT GAG GTT CCT TTC GAC TTT AGA CTT GCA TCT GTT ACT GGT AGT GCC AAA TTC TCA GAA GTT ATT CTA AAT GCT GGT GAT AGA GAC GTT GCT TTC ATT GAA GCT GAC TTA TTC GAA GTC GAA CTG GTT TCT AAG ACA TTG GCT GCT CAG CTC GAT AAA CCA GCT AAA GCT GAA AAG GGT CAA TTG GAA GAC TCC ACA 
Spar                            AAC GAA ATG GAA CGC GCA CCA AGA AAG TCT CCA AGA GAA GGC GGC TTA CCG CGT CAC GAA GAC GAG CAG TTC GCT CAG ACC GAA GAA TTG GCT GAA AGA ACC TGG CTA GAA AGA TCC GTT CTG AAA TAC GAC GGC CAA TTG CTA GCT GGT ATT TCC GAT TGT ACA ATT AGA AAC GAA GAG GCA TTC CAA ATC TGC AGA GGT AAT GAT ATT ACG GAA GGT GCT CTT TCC GAT TGT CGC AAC CAA ATC GTC AAG TTC ATC GAC AAG TCT GGT AGA AAG TTA TTG AGA CGT ATG GCC GCG GAG GAA AGA GAC CTT AAG CCT ATT AGA GAA TAC GAG CGT AAG TTC GCA GTA GCC GGT GTT TTA GAC GAC AAA TCC AAT CTT ATA AGA ATT AGG GCT GAT TTC GCT AGA CTT CAA CTA GCC ATG CAG GAA ACA TTA TTC CTT AAT AAC AAT AAG AGA CAA ATC ACT TTC CAA GGT TGG GAA GAC TTC CAC TAC ATC GTT ATG GAA AAG CCT AAG TTC GAG TCC TAT CTT GAA TCT CCT CAG TTA ATC TTC ACT GCT AAG ATA CAA TTA GAA CCA GGG CCA ACC AAT GAC GTT ATT TTC CCT GTG TCC GGT TCT TTC GAA ATT CCA CCA TAC GAA TTA GAC GTT CGT ATG TAC GAA CTA TCA CAG TTG CCG GAA AAC AAG CAA GTA CAA CAA GAC ATC AAC GTT GTC TAT TCT CCT AAG GTC CAA GAT CGT GCG GGT AAA TAC TAT AGA GAT GCA GCC GTT ATT GTC TAT ATG GAA GCC CCA GTT AAA TTG GAA TTC ATG TCC ATG ATC ACT TTT CGT TTC GCT GAT ATT GAG GTT GAG ATG AGA GCG TTC CTA GCT ATG TGT CAA ATG CGT GTC GCC CAA GTC GGT TTT CCA GCT GCC AGA ATT GCC GAA ATC CCG TTC ATT AGA ATC ACT GCC AGA GAC GAA GCC AAG GAA AAA GTG GTT CTA CAA CTT GTT AGA ATC GAC ACA CGT GAA GTC CCT TTT GAT TTT AGA CTT GCG TCC GTT ACT GGT AGC GCC AAA TTT TCA GAA GTT ATT CTA AAT GCC GGT GAT AGA GAC GTT GCT TTC ATC GAA GCC GAC TTA TTC GAA GTC GAA CTA GTT TCT AAG ACG TTG GCT GCC CAA CTT GAC AAA CCA GCC AAA GCA GAA AAG GGT CAA TTA GAA GAC TCC ACG 
Ncas                            AAT GAG ATG GAA CGT GCC CCA AGG AAG TCT CCC AGA GAA GGT GGT CTT CCT CGT CAC GAG CAG GAA CAA TTC GCA CAA ACA GAA GAA TTG GCT CAA AGA ACC TGG CTT GAA AGA TCG GTC CTT AAG TAC GAT GGT CAA CTA CTT GCT GGA ATT TCC GAT TGT ACA ATT AGA AAT GAA GAA TCT TTC CAA ATT TGT AGA GGT CAA GAT ATT ACA GAG GGT GCT CTA TCC GAT TGT CGT AAC CAA ATC GTC AAG TTC ATT CAG AAG TCT GGT AGA AAG TTA CTA AGA CGT ATG GCA GCT GAG GAA AGA GAT TTG AAG CCA ATT AGG GAA TAT GAA CGT AAG TTC GCC GTC GCC GGT GTC TTA GAC GAT GAT TCA AAT TTG ATT AGA ATT AGA GCC GAT TTC GCT AGA TTG CAA CTT GCC ATG CAA GAA ACC TTA TTC CTA AAC AAT AAC AAG AGA CAA ATT ACA TTT CAA GGC TGG GAA GAC TTC CAT TAC ATT GTT ATG GAA AAG CCT AAG TTT GAG TCA TAT CTA GAA TCT CCT CAA CTT ATC TTC ACT GCT AAG ATT CAA TTA GAA CCA AGT CCA ACC AAT GAC GTT ATT TTT CCA GTT TCA GGT TCT TTC GAA ATT CCA CCA TAT GAG TTA GAT GTA CGT ATG TAT GAG CTT TCT CAA CTA CCT GAA AAT AAG CAA GTG CAA CAA GAT ATC AAT GTT GTT TAT TCT CCA AAG GTC CAA GAC CGT GCA GGT AAG TAT TAT AGA GAT GCA GCA GTC ATT GTT TAT ATG GAA GCA CCA GTC AAG TTA GAA TTC ATG TCC ATG ATT ACC TTC CGT TTC GCT GAT ATT GAG GTT GAA ATG AGA GCT TTC TTA GCC ATG TGT CAA ATG CGT GTC TCC CAA ATT GGT TTT CCA GCA GCA AGA ATT GCA GAA ATC CCG TTT ATC AGA ATT ACA GCC AGA GAT GAA GCC AAA GAA AAG GTT GTT TTA CAA CTT GTC AGA ATC GAT ACT CGT GAA ATT CCT TTC GAT TTC AGA CTA GCT TCC GTC ACT GGT AGT GCC AAG TTC TCA GAA GTT ATC TTA AAT GCC GGT GAT AGA GAC GTT GCT TTC ATC GAA GCC GAT TTA TTC GAA GTT GAA CTA GTC TCT AAA ACA CTA GCT GCA CAA CTT GAC AAG CCA GCC AAG GCC GAA AAA GGT CAA TTA CAA GAC TCC ACA 
Cgla                            AAC GAA ATG GAA AGG GCC CCT AGA AAG TCC CCA AGA GAA GGT GGT TTG CCA CGT CAC GAA GAG GAT CAA TTT GCA CAA ACA GAG GAA TTG GCC GAT AGA ACC CGG TTA GAG AGA TCA GTC TTG AAG AAG GAT GGT CAG TTG TTA GCC GGT ATT TCC GAC TGT ACC ATT AGA AAT GAG GAT TAT TTC CAA ATC TGC AGA GGT AAT GAT ATC ACT GAA GGT GCC TTG TCT GAT TGT AGG AAC CAA ATC GTC AAG TTC ATC GAG AAG TCC GGT AGA AAG TTG TTG AGA CGT ATG GCA GCG GAG GAA AGA AGA CTG AAG CCG ATA AGA GAA TAC GAA CGT AAG TTC GCA GTT GCT GGT GTT TTG GAC GAT GCT TCT AAC CTG ATC AGA ATT AGG GCC GAC TTC GCC CGT CTG CAA TTA GCG ATG CAA GAA TCT TTG TTC TTG AAC AAC AAC AAG AGA CAA ATC ACA TTC CAA GGT TGG GAA GAC TTC CAC AAG ATA GTT ATG GAA AAG CCT AAG TTT GCA TTA TAT TTG GAA TCC CCT CAG TTG ATC TTC ACT GCC AAG ATC CAA TTG GAG CCA CCC CCA ACG AAT GAC GTT ATT TTT CCG ACA TCT GGT TCA TTC GAA ATT CCA CCA TAC GAA TTG GAC GTT CGT ATG TAC GAA CTT GGT CAA TTG CCA GAA AAT AAG CAG GTA CAA CAA GAT ATC AAC GTT GTC TAC TCT CCT AAG GTC CAA GAT CGT GCT GGT AAG TAC TAC AGA GAC GCA GCT GTT ATT GTA TAC ATG AAC GCT CCA GTT AAG CTA GAG TAC ATG TCC ATG ATC ACT TTC CGT TTC GCC GAT ATC GCA GTT GAT ATG AGA GCG TTC CTA GCC ATG TGT CAA ATG CGT GTC GCA CAA GTT GGT TTC CCA GCA GCG AGA ATA GCT GAG ATA CCT TTT ATC AGA ATA ACC GCG AGA AGA GAA GCA AAA GAA AAG GTT GTT CTT CAG TTG GTT AGA ATC GAC ACT CGT GAA GTT CCT TTC CAG TTC AGG TTG GCG TCC GTT ACT GGT AGT GCT AAA TTC TCA GAA GTT ATT CTA AAT GCG GGT GAT AGA GAC GTT GCT TTC ATC AAC GCA AGA TTA TTC GAA GTA GAA CTT GTT TCT AAG ACT TTG GCC GCA CAG TTG GAC AAA CCA GCG AAA GCA GAA AAG GGT CAA TTG GAT GAC TCC ACT 
Agos                            AAC GAG ATG GAG CGG GCG CCC CGT AAG TCC CCA CGC GAG GGC GGT TTG CCG CGC CAC GAG GAG GAG CAA TTT GCA CAA ACT GAA GAG CTG GCG AGC AGA ACC CGG CTA GAA AGA TCC GTG CTG AAG TAC GAT GGT CAG TTG CTA GCG GGC ATT TCC GAC TGT ACA ATT AGA AAC GAG GAG TCT TTC CAG ATC TGC CGT GGT GCG GAC ATC ACT GAG GGC GCG TTA TCC GAC TGT CGG AAC CAG ATC GTC AAG TTC ATC GAG AAG TCG GGT AGA AAG TTG CTA AAG CGC ATG GCC GCG GAG GAA CGC GCT CTG AAG CCG ATC AGG GAG TTC GAA CGT AAG TTC GCA GTG GCT GGT GTC TTG GAG GAT GCG TCC AAC CTG ATC CGC ATA CGC GCC GAC TTC GCG CGT CTG CAG CTA GCC ATG CAA GAA AGC CTA TTC TTA AAT AAC AAT AAG CGC CAG ATC ACC TTT CAG GGC TGG GAG GAC TTC CAT TAC ATT GTG ATG GAG AAG CCA AAG TTC GAG TCG TAC TTA GAG TCC CCA CAG TTG ATC TTC ACT GCT AAG ATC CAG TTG GAG CCG GGG CCT ACA AAC GAG ACC ATA TTC CCG ATC TCC GGC GCC TTC GAG ATC CCA CCC TTC GAG TTG GAT GTT CGG ATG TAC GAG CTG GCG CAA CTA CCG GAA AAC AAG CAG GTC CAG CAG GAC ATT AAC GTT GTG TAT TCT CCA AAG GTG CAG GAC CGC GCA GGT AAA TAC TAC AGA GAC GTG GCC GTA ATA GTG TAC ATG GTT GCC CCG GTG AAG CTG GAG TTT ATG TCC ATG ATC ACT TTC CGC TTC GCG GAT ATT GAG ACC GAG ATG AAG GCG TTC CTG GCC ATG TGT CAG ATG CGG GTC TCG CAG ATT GGT TTT CCT GCA GCC AGG ATC GCC GAA ATT CCT TTC ATC AGA ATT ACA GCC AGA GCT GAG GCG AAG GAG AAA GTC GTG ATG CAG CTA GTG CGC ATC GAC ATC CGT GAG ATT CCA TTC GAC TTC CGT TTA GCG TCT GTA ACT GGT TCG GCT AAA TTT AGC GAA GTT ATA CTG AAC GCC GGT GAC AGA GAC GTT GCC TTC ATT GTT GCG GCT CTA TTC GAA GTG GAG CTC GTG TCG AAA ACT CTA GCT GCC CAG CTA GAC AAA CCA GCC AAA GCA GAG AAG GGT CAG TTG AGC GAG TCC ACT 
Klac                            AAC GAA ATG GAA CGT GCT CCT AGG AAA TCA CCA AGG GAA GAT GGC TTG CCA CGT CAC GAA GAA GAA CAG TTT GCA CAG ACC GAA GAA TTG GCT TGT AGA ACC CGG CTA GAA AGA TCC GTT CTT AAG TAC GAT GGC CAA TTG CTA GCA GGT ATC GCT GAA TGT ACA ATC AGA AAC GAA GAA GCT TTC CAA ATC TGT CGT GGT AAG GAT ATT ACT GAA GGT GCA GTC TCA GAT TGT CGT AAC CAA ATC GTC AAA TTC ATT GAA AAA ACA GGT AGA AAG TTG TTG AAG CGT ATG GCA GCA GAA GAA AGG TCC TTG AAG CCT ATT AGA GAA TTC GAA CGT AAG TTC GCT GTT GCC GGT GTC TTG GAC GAT GAT TCT AAC TTG ATC AGG TTC AGA GCC GAA TTC GCT AGA TTG CAA CTA GCA ATG CAG GAG ACC TTG TTC GTC AAC AAC AAC AAG AGA CAA ATT ACT TTC CAA GGA TGG GAA GAC TTC CAT TAC ATC ATA ATG GAA AAG CCA AAG TTC GAG TCT TAT GTC GAA TCA CCA CAA TTG ATC TTC ACT GCT AAG ATC CAA TTA GAA CCA GGT CAA ACT AAC GAT ACG TTC TTC CCT GTT TCT GGT GCC TTC GAA ATC CCA CCA TTC GAA TTA GAT GTT CGT ATG TAC GAA CTT GCA CAG TTG CCA GAA AAC AAG CAA GTG CAA CAA GAT ATC AAC GTT GTC TTC TCC CCA AAA GTT CAA GAT CGT GCT GGT AAG TAC TAC AGA GAA GCT GCC GTT TTC GTT TAC ATG GTC GCC CCT GTG AAA TTG GAG TTC ATG GCT ATG ATT ACT TTC CGT TTC GCT GAC ATT GAG ACG GAA ATG AAG GCA TTC TTG GCC ATG TGT CAA ATG CGT GTC GCT CAA GTT GGT TTC CAA GCA GCG AGA ATT GCC GAA ATT CCT TTC ATA AGA ATC ACT GCA AGA TCC GAA GCC AAA GAA AAG GTC ATA TTG CAA TTG GTG CGT ATC GAT AAC AGA GAA GTT CCA TTT GAT TTC AGA GTC GCA TCT GTT ACT GGT GCC GCC AAA TTC AGC GAG GTC ATT TTG AAC GCA GGT GAT AGA GAC GTC GCT TTC ATC GTC GCC TCC TTT TTC GAA GTT GAA TTA GTG TCT AAG ACT TTG GCT GCA CAA TTG GAC AAA CCA GCA AAA GCT GAA AAG GGT CAA TTA TGT GAT GCT ACT 
Calb                            AAC GAA ATG GAA AGA GCC CCT AGG AGA TCC CCA AAG GAA GGC GGT TTT CCA CGT CAT GAA GAC GAA CAG TTT GCC CAG ACA GAA GAA TTG GCT GCT AGA ACC TGG CTT GAA AGA TCA GTT TTA AAA CAG GAT GGT CAA TTA CTT GCT GGT ATT CAA GAT TGC TCT ATT CAA AAT GAA GAA TTT TTC CAA ATG TGT AGA GGT AAA GAT ATT ATC GAA GGT GCT TTA TCA GAT TGC AGA TCT CAA ATC TTA AAA GCC ATT GAC AGA TCA GGT AGA AAA TTA TTG AGA AGA ATG GCT GCA GAA GAA AAG AGA TTG AAA CCT ATC AGA GAA TTT GAG AAA AAG TTC GCT GTC GCC GGT GTT TTA GAA GAT GAA GCT AAT TTG TTA AAG ATT AAA GCT GAT TTT GCT AGA TTG CAA CTT GCT ATG CAG GAA ACT TTA TTC TTA AAT AAC AAT AAA AGA CAA ATT ACT TTC CAA GGT TTA GAA GAT TTC CAT CAG ATT GTT ATG GAA AAA CCA AAA TTC GAA AGT TAT TTA GGT TCC CCA CAA TTT ATT TTC ACT TGT AAA TTA CAA TTG GAA CCT AAA CCA AGT AAT GAA ACT ATT TTC CCT ATT GCT GGT TCA TTC GAA ATT CCG CCA TTT GAA TTG GAA GTA AGA ATG TAC GAA TTA ACA CAG TTG CCA GAA AAT AAA CAA GTA CAA CAA GAT ATT AAT GTG GTT TAT TCT CCA AAA GTC CAA GAT AGA GCA GGT AAA TAC GTG AGA GAT GCC GCC GTT ATT ATC GTG ATG CAA GCC CCA GTA AAA TTA GAG TTC ATG CAA ATG ATT ACT TTT CGT TTC GCT GAT ATT GAA ACT GAA ATG AGA GCA TTT TTA GCT ATG TGC CAA ATG AGA TTA TCA CAA GTT GGT TTT CCA GCC GCT AGA ATC GCC GAA ATC CCA TTT ATT AGA ATT ACT GCT AGA AGA GAA GCT AAA GAA AAA GTC GTT TTA CAA TTG GTA AGA ATT GAT ACG AGA GAA GTT CCA TTC AAT TTT AGA TTA GCA GCC GTT ACT GGT AAC GCC AAA TTT TCA GAA GTT ATT TTA AAT GCT GGT GAT AGA GAC GTT GCC TTT ATT CAA GCT AGA TTG TTC GAA ATC GAA CTT GTA TCT AAA ATC TTG TGT GCT CAA TTG GAT AAA CCG GCT AAA GCT GAA AAA GGT CAA TTG GCT GAA CAA ATC 



Printing out site pattern counts


         9        657  P

Scer                            AAA AAA AAA AAA AAA AAA AAC AAC AAC AAC AAG AAG AAG AAG AAG AAG AAG AAT AAT AAT AAT AAT AAT ACA ACA ACA ACA ACC ACC ACG ACT ACT ACT ACT ACT AGA AGA AGA AGA AGA AGA AGA AGA AGA AGA AGC AGG AGG AGG ATC ATC ATC ATC ATC ATC ATC ATC ATC ATC ATC ATG ATT ATT ATT ATT ATT ATT ATT CAA CAA CAA CAC CAG CAT CCA CCA CCA CCA CCA CCA CCC CCG CCG CCT CCT CCT CCT CGC CGT CGT CGT CGT CGT CGT CTA CTA CTA CTA CTG CTT CTT CTT CTT GAA GAA GAA GAA GAA GAA GAA GAA GAA GAA GAA GAA GAA GAC GAC GAC GAC GAC GAC GAG GAG GAG GAG GAT GAT GAT GAT GAT GAT GAT GCA GCA GCA GCA GCC GCC GCC GCC GCG GCT GCT GCT GCT GCT GCT GCT GCT GCT GGC GGT GGT GGT GGT GGT GTA GTC GTC GTC GTC GTC GTG GTG GTT GTT GTT GTT GTT GTT GTT GTT TAC TAC TAC TAT TAT TAT TCA TCA TCC TCC TCG TCT TCT TCT TCT TCT TCT TCT TCT TGC TGC TGG TGG TTA TTA TTA TTA TTA TTA TTA TTA TTC TTC TTC TTC TTC TTC TTC TTC TTC TTG TTG TTG TTT TTT TTT 
Sbay                            ... ... ... ... ... ..G ... ... ... ... ... ... ... ... ... ... ... ..C ... ... ... ... ... ... ..G ..G ..T ... ..T ..A ..C ..C ... ... ... ... ... ... ... ... ... ... ... ... ... ... ..A ..A ... ... ... ... ... ... ... ... ..T ..T ..T ..T ... ..A ..C ..C ... ... ... ... ... ... ... ... ..A ... ... ... ... ... ... ..C ... ..A ..A ..A ... ... ... ..T ..C ... ... ... ... ... ... ..G T.G T.G ..A ..G ... ... ... ... ... ... ... ... ... ... ... ... ... ... ... ..G ... ... ... ... ... ... ..A ..A ..A ... ..C ..C ... ... ... ... ... ... ..C ..T ..T ... ... ... ..T ..C ..C ..C ..C ... ... ... ... ... ... ..T ... ... ... ... ... ..G ... ... ... ... ... ... ... ..C ... ... ... ... ... ... ... ... ... ..T ..C ... ... ..C ..C ... ..T ..T ..A ..C ..C ..C ..C ... ... ... ... ..T C.. ... C.. ... ..G ..G ..G ..G ..G ..G ... ... ... ... ... ... ... ... ..T C.. ..A ... ..C ..C ... 
Smik                            ... ... ... ... ..G T.C ... ... ..T ..T ... ... ... ... ... ... ... G.C ..C ..C ... ... G.C ... ... ... ..T ... ..T ..A ... ... ... ... ... ... ... ... ... ... ... ... ... ... GAC ..T ..A ..A ..A ... ... ... ... ..T ..T G.A ... ... ..T ..T ... ..A ... ... ... ... ... ... ... ... ..G ... ... ... ... ... ... ... ... ..G GGG ..A ..A ..A ... ... ... ..T ... A.A ... ... ... ... ... ..G ... ... ..A ... ..C ... T.G ... ... ... ... ... ... ... ... ... ... ..G ..G ..G ..A ... ... ... ... ..T ..A ... ... ... ..C ... ... ... ... ... ... ... ... ... ..T ... ..T ..T ..A ..T ..C ... ... ..A ..C ... ... ... ... ..A ..C ..C ..G ... ... ..T ..A ... ... ... ... ... ..T ... ..C ..G ... ... ... ... ... ... ..T ..T .CA ... ... GT. ..G ... ... ..A ..A ..C ... ... ... ... ... ... ... ..T ... ... ... ... .C. ... ... ... ..G ..G ... ... ... ... ... ... ... ..T ... ..A ... ... ..C ... ..C 
Spar                            ... ... ... ..G ... T.C ... ... ... ..T ..A ... ... ... ... ... ... G.. ..C ... ... ... G.C ... ... ... ..T ... ..T ... ..C ... ..C ... ... ... ... ... ... ... ... ... ... ... GAC ... ..A ..A ... ... ... ... ..T ... ..T G.A ... ... ... ..T ... ..A ..C ... ... ... ... ... ... ..G ... ... ... ..C ... ... ... ... ... ..G GGG ..A ... ..A ... ... ... ..T ..C A.A ... ... ... ... ... ... ... ..G ..A ... ... ... ..A ... ... ... ... ... ... ... ... ... ..G ... ..G ... ..A ... ... ... ... ... ..A ..A ... ... ..C ..C ..C ... ... ... ... ... ... ..G ... ... ... ... ..T ..C ..C ..C ..C ... ... ..G ... ... ... ... ..C ... ... ... ... ..C ..T ... ... ... ... ... ..T ... ... ..A ... ... ... ... ... ... ... ..T GCA ... ... GTG ..C ... ... ..A ..C ..A ..C ... ... ... ... ... ... ..T ... ... ... ... .CC ... ... ... ..G ..G ... ... ... ... ... ... ..T ... ... ... ..A ... ... ... ... 
Ncas                            ..G ..G G.T ... ..G T.C ... ..T ..T ..T ... ..A ..A ... ... ... ... G.. ... C.A ..C ... C.G ..T ... ..C ... ... ..A ..A ..C ... ..A ..C ... ... ... ... ... ... ... ... ..G ..G GAT ..T ..A ..A ..A ..T ..T ..T ..T ... ..T G.. ... ... ... ..T ... ... ..C ..C ..C ... ... ... ... ... ... ... ..A ... ... ... ... ... ..C ..T AGT ..A ... ..A ..A ..A ... ..T ... A.A ... ... ... ... T.. ... T.. ..T ..T T.G ... ..A ... ... ... ... ... ... ... ... ... ..G ..G ... ..G ..G C.A ... ... ..T ..T ..T ... ..A ..A ..A ..C ... ..C ..C ... ... ... ... ..C ..T ..C T.. ..A ... ..A ..A ..C ..A ..C ... ... ..A ..C ... ... ..T ... ..C ..A ... ... A.T ... ... ... ..T ..T ..T ..T ... ..C ..G ..A ..C ..C ... ... ..T ..T ..T .C. ... ... GTT ..C ..A ... ..A ..G ... ..C ... ... ... ... ... ..T ..T ... ... ... ... .C. C.T ... ... C.. ..G ... ... ... ... ... ..T ... ..T ..T ..A ..A C.A ... ..C ..C 
Cgla                            ... ..G GCT ... ..G ..G ... ... ... ... ... ... ... ... ... ... ... C.G ... ... ..C ... G.G ..T ..C T.T ... ... ... ..T ..G ... ..A ... ... ... ... ... ... ... ..G C.T ... ... ... ..T ..A ..A ... ..A ... ... ..A ... ... G.T ... ... ... ..T ... ..C ..A ..C ... ..C ... ... ... ..G ..G ... ..A ..C ... ... ... ... ... ... ... ..T ..T ..A ..G ... ... ..T A.G A.A ... ... ... ... ..T ..T ... T.G ..T ..G T.G T.G T.A A.C ... ... ... ... ..G ..G ..G ... .C. ..G ..G ... ..T ... ... ... ..T ... ..A ..A ..T ..A ..C ... ..C ... ..C ... ... ... ..C ..G ... ..A ..T ..A ..A ..A ... ..G ..G ..C ..C ... ..C ..C ... ..T ... ... ... ... ... ..T ..T ... ... ..A ... ..T ..T ... ..C ..A ... ... ... ... ... ... ... ... ... ..C ... A.. ..T ..T ... ..A ..A GG. ..C ..C ..C ..A ... ... ... ..T C.. ... ... ..G ... ..G ..G ..G ..G ..G .A. ... ... ... ..T ... ... ..T ..T C.A ... ... ..C ..C ..C 
Agos                            ... ... GCG ..G ..G T.C ... ... ... ... ... ..A ... ... ... ... ... G.C ..C GCG ... ..C G.G .TC ... .GC ..C ... ..A ..T ..A ... ... ... ... .AG ... ... ..G C.C C.T C.T ..G C.T GCT TCG C.C C.C C.C ..T ... ... ... ... ..T G.G ... ... ..T ..T ... ..C ... ..C ..A ..C ..A ..C ..G ..G ..G ... ..A ... ... ..C ..G ..T ... ..G GGG ..C ..T ..G ..G ..A ..A ... ..G ... ..C ..G ... ... A.G ..C ..G ..G ... ..G ..A T.A ..A .TT ... ... ..G ..G ... ..G ..G ..G ..G ..G ..G ..G AG. ... ..G ..T ... ... ... ... ... ..A ..G ... ..C ..C ..C ..C ... .TG ..G ..G ... T.G ... ..G ..A ..C ... ..C ..C ..G ..G ..A ..C ... ..C ... ... ..C ..C ..C ... A.T ... ... ..G ..G ..G ..C ..T ACC ..G ..C ... ..A ..G ..G ... ... .T. ... .C. ... ..C ATC ..C ... ... AGC ..C G.G ... ..C ..G G.C ..G ... ... ..T C.. ... C.. ..G .CG ..G C.. ..G ..G C.G ..T ... ... ... ..T ..T ... ... ... C.. ... C.A ... ..C ... 
Klac                            ... ..G G.T ... ... T.C ... ... ... ... ... ... ... ..A ..A ... ... G.. ..C ..G ..C ..C G.A .AC ... ..C ..T ... ..T ..T ... ... ..C ... ... .AG ... ... ... C.T ... ... ... ..G TCC GC. ..A ... ..A ... ... ..T ..T ... ..T G.T ... ... ... ... ... ..C ... ..A ... ... T.C ..C ... ... ... ... ... ... ... ... ... .A. ... ... GGT ..T ..T ... ... ..A ..A ..T ... ... ... ... A.A ... T.G T.. T.G ..T ..T T.G T.G G.C ..A .TC ... ..G ... ... ... ... ..G ... ..G ... ... ... TGT ... ... ..T ..T ..T ..A ..A ..A ..A ... ... ..C ... ..A ... ..C ..T ..T ... ..T ..T ... ... ..A ..A ..C ..G ..A ..A ... ... ..C ... ... .AT ..C ..A ... ... ... ..T ... ... ..T ..T ... ..C ..C ACG ... ..G ... ... ..G A.A ... ... .T. ... GC. .TC ... GTT ... ..T G.T AGC ..C G.A ... ..A A.A G.C ... ..C ..T ..T C.. ... ..T ..G .CT ..G ..G ..G ..G ..G ... ... ... ... ..T ... ..T ... ... ... ..A ... ..C ..C ..C 
Calb                            ... ... G.. ... ... C.G TCT ... ..T ..T ..A ..A ..A ..A .GA ..A ... ... ... ..A ... ... G.C ..G T.T ..T ..T ... ..T .TC .G. ... ..A ... ... ... ... CA. ... ... ... ... ... ..G ... .A. ..A .A. .AA ..T ..G ..T ... ..T ..T G.. ... ..T ..T ..T ... T.A ..C ... ... ... ... ... ... ... ... ..T ... ... ..G ... ..T ... ... ... AAA ..T ..A ..A ... ..A ..A ..T A.A A.A A.A A.A A.A AAA T.. ..T T.. T.. T.A T.G T.G T.A ... C.. ... ... ... .GT ... ... ..G ... ... ... ... ... .CT ... ..A ..A ..T ..T ..A ..A ..A ... ..A ... ... ... ... ... ... ..C ..C ... ..T T.A ... ..T ... ..T ..C ... ... ... ... ..A ... TG. ..C ... ... ... ... ... ... ..T ..T T.A ... A.. ..T ..C ..T AC. ... ..A ..A ... ..A ... ..G ... .TT GTG .T. ... ... ATT ... G.T CAA ..A ..A A.A G.C ..C ..A ..A ... ... ..T ... ... .TA ..G ... AGT ..T ... ... ... ..G ... GC. ... ..T ..T ... ... ... ..T ..A ... ... ... ... ... 

    3    2    1    1    1    2    1    2    1    1    1    1    1    2    2
    7    1    1    2    1    2    2    2    1    1    1    1    1    1    3
    1    1    1    1    1    2    7    1    1    1    1    1    1    1    3
    1    1    3    1    2    1    3    2    1    1    1    1    1    2    2
   11    2    1    1    1    1    3    1   12    1    4    1    4    1    2
    1    1    2    1    2    1    1    1    1    2    1    3    2    2    1
    2    2    1    1    1    1    2    1    1    3    2    4    3    2    3
    2   10    1    3    1    1    3    2    1    1    1    2    1    1    1
    1    1    1    2    3    1    2    2    2    1    3    3    1    1    1
    3    2    1    3    2    2    2    2    1    4    2    3    1    2    2
    1    1    2    1    1    2    8    2    1    2    1    2    1    1    2
    2    1    1    1    2    3    2    1    2    2    2    1    1    1    1
    1    2    3    1    1    1    1    2    1    1    1    1    1    3    1
    1    1    1    1    2    1    1    1    1    1    1    8    3    1    1
    1    2    1    1    3    3    1    2    1

CODONML (in paml version 4.9j, February 2020)  temp.nuc
Model: One dN/dS ratio, 
Codon frequency model: Fequal
ns =   9  ls = 393

Codon usage in sequences
--------------------------------------------------------------------------------------------------------------------------------------
Phe TTT   4   2   4   5   5   4 | Ser TCT   9   7   7   6   8   6 | Tyr TAT   3   4   6   4   8   2 | Cys TGT   0   3   3   3   4   3
    TTC  19  21  19  18  18  18 |     TCC   5   9   6   9   6   7 |     TAC   6   5   4   6   2   8 |     TGC   4   1   1   1   0   1
Leu TTA   9   4   7   9  11   5 |     TCA   2   1   4   2   4   3 | *** TAA   0   0   0   0   0   0 | *** TGA   0   0   0   0   0   0
    TTG   7  13  11   6   4  20 |     TCG   1   0   1   0   1   0 |     TAG   0   0   0   0   0   0 | Trp TGG   2   1   2   2   2   1
--------------------------------------------------------------------------------------------------------------------------------------
Leu CTT  12   9   7   9   9   3 | Pro CCT   7   6   6   6   5   6 | His CAT   1   1   1   0   1   0 | Arg CGT   9   9  10   8  10   9
    CTC   0   0   2   0   0   0 |     CCC   1   3   0   0   1   1 |     CAC   1   1   1   2   1   2 |     CGC   2   2   0   2   0   0
    CTA   5   3   5   8   9   3 |     CCA   9  10  10   9  11  10 | Gln CAA  17  21  13  16  24  16 |     CGA   0   0   0   0   0   0
    CTG   1   5   1   1   0   3 |     CCG   2   0   2   3   1   2 |     CAG   4   0   8   5   2   6 |     CGG   0   1   0   0   0   1
--------------------------------------------------------------------------------------------------------------------------------------
Ile ATT  10  12  14  12  20   7 | Thr ACT   5   5   7   5   3   7 | Asn AAT  10   9   6   6   8   5 | Ser AGT   0   0   1   0   2   1
    ATC  17  13  10  12   8  14 |     ACC   2   3   1   3   4   3 |     AAC   5   6   6   6   3   9 |     AGC   1   1   0   1   0   0
    ATA   0   2   2   2   0   5 |     ACA   4   4   6   3   7   3 | Lys AAA  10   8   7   8   3   4 | Arg AGA  19  23  22  21  20  22
Met ATG  11  11  11  11  11  11 |     ACG   3   2   0   3   0   1 |     AAG  15  17  16  15  19  20 |     AGG   5   1   0   1   2   4
--------------------------------------------------------------------------------------------------------------------------------------
Val GTT  13  11  15  15  12  18 | Ala GCT  18  18  20  12  11   8 | Asp GAT  14  10  13   9  17  13 | Gly GGT  14  15  10  12  13  16
    GTC   7   9   7   8  11   5 |     GCC   8  16   6  15  13  10 |     GAC   7  11  12  16   7  11 |     GGC   1   0   3   3   1   0
    GTA   2   0   3   2   1   3 |     GCA   7   1   9   5  10  12 | Glu GAA  31  36  31  33  30  24 |     GGA   0   0   1   0   1   0
    GTG   3   5   2   2   1   0 |     GCG   2   0   0   4   0   8 |     GAG   7   2   9   7   8   9 |     GGG   0   0   2   1   0   0
--------------------------------------------------------------------------------------------------------------------------------------

--------------------------------------------------------------------------------------
Phe TTT   5   3  14 | Ser TCT   3   5   4 | Tyr TAT   1   1   2 | Cys TGT   3   6   3
    TTC  20  27  13 |     TCC   9   5   2 |     TAC   7   6   2 |     TGC   1   0   3
Leu TTA   4   4  19 |     TCA   0   3   6 | *** TAA   0   0   0 | *** TGA   0   0   0
    TTG   8  19  13 |     TCG   5   0   0 |     TAG   0   0   0 | Trp TGG   1   1   1
--------------------------------------------------------------------------------------
Leu CTT   0   2   4 | Pro CCT   3   5   4 | His CAT   1   1   2 | Arg CGT   6  11   2
    CTC   1   0   0 |     CCC   2   0   0 |     CAC   1   1   0 |     CGC  10   0   0
    CTA  10   3   0 |     CCA   7  11  12 | Gln CAA   4  19  23 |     CGA   0   0   0
    CTG   9   0   0 |     CCG   6   0   2 |     CAG  17   4   6 |     CGG   5   1   0
--------------------------------------------------------------------------------------
Ile ATT  10   9  20 | Thr ACT   7   9   8 | Asn AAT   2   0   9 | Ser AGT   0   0   2
    ATC  16  13   9 |     ACC   4   3   1 |     AAC   9  12   3 |     AGC   4   1   0
    ATA   4   3   0 |     ACA   3   2   2 | Lys AAA   6   9  23 | Arg AGA   8  15  28
Met ATG  12  11  12 |     ACG   0   2   1 |     AAG  18  16   4 |     AGG   2   4   1
--------------------------------------------------------------------------------------
Val GTT   6  12  11 | Ala GCT   7  16  22 | Asp GAT   4  14  14 | Gly GGT  10  12  15
    GTC   5  13   3 |     GCC  14  11  12 |     GAC  13   5   3 |     GGC   5   2   1
    GTA   2   0   5 |     GCA   5  14   4 | Glu GAA   9  36  38 |     GGA   0   1   0
    GTG  12   4   3 |     GCG  14   1   0 |     GAG  32   5   2 |     GGG   1   0   0
--------------------------------------------------------------------------------------

Codon position x base (3x4) table for each sequence.

#1: Scer           
position  1:    T:0.18066    C:0.18066    A:0.29771    G:0.34097
position  2:    T:0.30534    C:0.21628    A:0.33333    G:0.14504
position  3:    T:0.32824    C:0.21883    A:0.29262    G:0.16031
Average         T:0.27142    C:0.20526    A:0.30789    G:0.21544

#2: Sbay           
position  1:    T:0.18066    C:0.18066    A:0.29771    G:0.34097
position  2:    T:0.30534    C:0.21628    A:0.33333    G:0.14504
position  3:    T:0.30789    C:0.25700    A:0.28753    G:0.14758
Average         T:0.26463    C:0.21798    A:0.30619    G:0.21120

#3: Smik           
position  1:    T:0.19084    C:0.16794    A:0.27735    G:0.36387
position  2:    T:0.30534    C:0.21628    A:0.33842    G:0.13995
position  3:    T:0.33079    C:0.19847    A:0.30534    G:0.16539
Average         T:0.27566    C:0.19423    A:0.30704    G:0.22307

#4: Spar           
position  1:    T:0.18066    C:0.17557    A:0.27735    G:0.36641
position  2:    T:0.30534    C:0.21628    A:0.33842    G:0.13995
position  3:    T:0.28499    C:0.25954    A:0.30025    G:0.15522
Average         T:0.25700    C:0.21713    A:0.30534    G:0.22053

#5: Ncas           
position  1:    T:0.18575    C:0.18830    A:0.27990    G:0.34606
position  2:    T:0.30534    C:0.21628    A:0.33842    G:0.13995
position  3:    T:0.34606    C:0.19084    A:0.33333    G:0.12977
Average         T:0.27905    C:0.19847    A:0.31722    G:0.20526

#6: Cgla           
position  1:    T:0.19847    C:0.15776    A:0.29517    G:0.34860
position  2:    T:0.30280    C:0.22137    A:0.32824    G:0.14758
position  3:    T:0.27481    C:0.22646    A:0.27990    G:0.21883
Average         T:0.25869    C:0.20187    A:0.30110    G:0.23834

#7: Agos           
position  1:    T:0.17048    C:0.20865    A:0.26718    G:0.35369
position  2:    T:0.31552    C:0.22646    A:0.31552    G:0.14249
position  3:    T:0.17303    C:0.30789    A:0.15776    G:0.36132
Average         T:0.21968    C:0.24767    A:0.24682    G:0.28584

#8: Klac           
position  1:    T:0.20356    C:0.14758    A:0.27735    G:0.37150
position  2:    T:0.31298    C:0.22137    A:0.32824    G:0.13740
position  3:    T:0.26972    C:0.25191    A:0.30534    G:0.17303
Average         T:0.26209    C:0.20696    A:0.30365    G:0.22731

#9: Calb           
position  1:    T:0.20865    C:0.13995    A:0.31298    G:0.33842
position  2:    T:0.32061    C:0.20356    A:0.33333    G:0.14249
position  3:    T:0.34606    C:0.13232    A:0.40712    G:0.11450
Average         T:0.29177    C:0.15861    A:0.35115    G:0.19847

Sums of codon usage counts
------------------------------------------------------------------------------
Phe F TTT      46 | Ser S TCT      55 | Tyr Y TAT      31 | Cys C TGT      28
      TTC     173 |       TCC      58 |       TAC      46 |       TGC      12
Leu L TTA      72 |       TCA      25 | *** * TAA       0 | *** * TGA       0
      TTG     101 |       TCG       8 |       TAG       0 | Trp W TGG      13
------------------------------------------------------------------------------
Leu L CTT      55 | Pro P CCT      48 | His H CAT       8 | Arg R CGT      74
      CTC       3 |       CCC       8 |       CAC      10 |       CGC      16
      CTA      46 |       CCA      89 | Gln Q CAA     153 |       CGA       0
      CTG      20 |       CCG      18 |       CAG      52 |       CGG       8
------------------------------------------------------------------------------
Ile I ATT     114 | Thr T ACT      56 | Asn N AAT      55 | Ser S AGT       6
      ATC     112 |       ACC      24 |       AAC      59 |       AGC       8
      ATA      18 |       ACA      34 | Lys K AAA      78 | Arg R AGA     178
Met M ATG     101 |       ACG      12 |       AAG     140 |       AGG      20
------------------------------------------------------------------------------
Val V GTT     113 | Ala A GCT     132 | Asp D GAT     108 | Gly G GGT     117
      GTC      68 |       GCC     105 |       GAC      85 |       GGC      16
      GTA      18 |       GCA      67 | Glu E GAA     268 |       GGA       3
      GTG      32 |       GCG      29 |       GAG      81 |       GGG       4
------------------------------------------------------------------------------


Codon position x base (3x4) table, overall

position  1:    T:0.18886    C:0.17190    A:0.28697    G:0.35228
position  2:    T:0.30874    C:0.21713    A:0.33192    G:0.14221
position  3:    T:0.29573    C:0.22703    A:0.29658    G:0.18066
Average         T:0.26444    C:0.20535    A:0.30516    G:0.22505

Codon frequencies under model, for use in evolver (TTT TTC TTA TTG ... GGG):
  0.01639344  0.01639344  0.01639344  0.01639344
  0.01639344  0.01639344  0.01639344  0.01639344
  0.01639344  0.01639344  0.00000000  0.00000000
  0.01639344  0.01639344  0.00000000  0.01639344
  0.01639344  0.01639344  0.01639344  0.01639344
  0.01639344  0.01639344  0.01639344  0.01639344
  0.01639344  0.01639344  0.01639344  0.01639344
  0.01639344  0.01639344  0.01639344  0.01639344
  0.01639344  0.01639344  0.01639344  0.01639344
  0.01639344  0.01639344  0.01639344  0.01639344
  0.01639344  0.01639344  0.01639344  0.01639344
  0.01639344  0.01639344  0.01639344  0.01639344
  0.01639344  0.01639344  0.01639344  0.01639344
  0.01639344  0.01639344  0.01639344  0.01639344
  0.01639344  0.01639344  0.01639344  0.01639344
  0.01639344  0.01639344  0.01639344  0.01639344


TREE #  1:  (((((1, 4), (3, 2)), 5), 6), ((7, 8), 9));   MP score: 1010
This is a rooted tree.  Please check!
lnL(ntime: 16  np: 18):  -5684.942944      +0.000000
  10..11   11..12   12..13   13..14   14..1    14..4    13..15   15..3    15..2    12..5    11..6    10..16   16..17   17..7    17..8    16..9  
 0.050032 0.080557 0.180771 0.000068 0.285468 0.140215 0.000004 0.251792 0.333042 0.448058 0.531574 0.039342 0.246827 0.905492 0.491268 1.104599 2.009274 0.052020

Note: Branch length is defined as number of nucleotide substitutions per codon (not per neucleotide site).

tree length =  5.089108

(((((1: 0.285468, 4: 0.140215): 0.000068, (3: 0.251792, 2: 0.333042): 0.000004): 0.180771, 5: 0.448058): 0.080557, 6: 0.531574): 0.050032, ((7: 0.905492, 8: 0.491268): 0.246827, 9: 1.104599): 0.039342);

(((((Scer: 0.285468, Spar: 0.140215): 0.000068, (Smik: 0.251792, Sbay: 0.333042): 0.000004): 0.180771, Ncas: 0.448058): 0.080557, Cgla: 0.531574): 0.050032, ((Agos: 0.905492, Klac: 0.491268): 0.246827, Calb: 1.104599): 0.039342);

Detailed output identifying parameters

kappa (ts/tv) =  2.00927

omega (dN/dS) =  0.05202

dN & dS for each branch

 branch          t       N       S   dN/dS      dN      dS  N*dN  S*dS

  10..11     0.050   850.6   328.4  0.0520  0.0027  0.0528   2.3  17.3
  11..12     0.081   850.6   328.4  0.0520  0.0044  0.0849   3.8  27.9
  12..13     0.181   850.6   328.4  0.0520  0.0099  0.1906   8.4  62.6
  13..14     0.000   850.6   328.4  0.0520  0.0000  0.0001   0.0   0.0
  14..1      0.285   850.6   328.4  0.0520  0.0157  0.3010  13.3  98.9
  14..4      0.140   850.6   328.4  0.0520  0.0077  0.1479   6.5  48.6
  13..15     0.000   850.6   328.4  0.0520  0.0000  0.0000   0.0   0.0
  15..3      0.252   850.6   328.4  0.0520  0.0138  0.2655  11.7  87.2
  15..2      0.333   850.6   328.4  0.0520  0.0183  0.3512  15.5 115.3
  12..5      0.448   850.6   328.4  0.0520  0.0246  0.4725  20.9 155.2
  11..6      0.532   850.6   328.4  0.0520  0.0292  0.5606  24.8 184.1
  10..16     0.039   850.6   328.4  0.0520  0.0022  0.0415   1.8  13.6
  16..17     0.247   850.6   328.4  0.0520  0.0135  0.2603  11.5  85.5
  17..7      0.905   850.6   328.4  0.0520  0.0497  0.9549  42.2 313.6
  17..8      0.491   850.6   328.4  0.0520  0.0269  0.5180  22.9 170.1
  16..9      1.105   850.6   328.4  0.0520  0.0606  1.1648  51.5 382.6

tree length for dN:       0.2792
tree length for dS:       5.3665


Time used:  0:11
