      9   1182

Scer                            ATG GTC TTT ATT AGT CTA TGG TTA AGA AGG GAA AAC AAG ATG AAG TTT ATT AGA ACA TTA TAT CAA TGG ATT GTG TGG CAA GCG TTC TTA GCT TAT GGG TAC AGA AAA GAA GAA ATA AAT AGA ATC CCG GAG CAA ACA AAA GTT ATT ATC TTT TCC TTA TAT TAT TTG AAA ACC AGA GTT AGA GAG TAT ACC ACA AAG ATC ATT TCT TTG CAA ATA TTG TTT ATC CAG TTA GCA GCA GCA GAC AAC GAC GAG AGA GCT ATT CTT CAG AGA GAT ATT AAA CCC TTA AGA ACT ACC TAT TAC GCC ACC CAA GTT AGT ATT TTG AAG CAA AAA GAA TTG TGG AGA AAC TCT TCT ATT AGA TGT AAG CAG GCT TCT CCG AGA TAT TAT CGT GAC GCA TTG AAT GAT GAA AGA ATC TTT AAG AAA TAT ATT GTC ACG GAA AAT TAT ATC CAG GCT TCT ATC GAC TAT AGA GTA GCT TTT GAC AAA AAA GAA AAT AAC AAT GTC CCA ATT GAC AGA GAC CAA CAA GCT ATG GCG ACT GTT TTG AAC CAG TCT CAA GGG AAA TTT TTA CTA GAA GTT TGC GGT AAA CCC ATA AAT GCA GGT TCT GTT CCC CGT ATC TCT AGT GAA ACA GAA GAG AGA ACT CAA AAC GAA CCA GAT GCA TGT GAA TTA GGA ATA AAG GAA CCG GAA ATT AGA GGA GAT TCG GTT TAT TTA TTA GAC CGT TAT TCT TTC TTG ATT AAG GCA TTC CAC AAA TTG GTA GTT GAA TGT CGG ATT TAT AGC AAT TAT CCG GAA GTA AGC GGT AAC ACC ATC GTC ACA TTG ATC AGC GTC TTA AGG GAA ATT TAC TGT TAT GCT CAA CAC ATA TTT GGT ACT ATT TAT GGT TCA GAA AGA AAG TCA GAA AAA CGT AGA ATG AAA TAT ATC TGT GCT AGA GCC AAC GCC GAA TCA ATG GCT TCC CAA AAA TTA TCC AAA GCA TTA AGA CCG AGA GCA GCT GCA CGT GAA CAC ATT GGC GGA CCC ACG TTA GAC AGA CTT CTG AGT CGG TAT ACT GAT GAA AAA CTG GAC CCA GAA CAA AGA CAA CCG GGT ATT TCA TCC GAA ATC AGG ATC TCT CGT ACC ATT AAA TTA TCT GGC TAT CAA TCC TGT TGT TCT GAA TTC TTG ACT AAA ATT GAC AAA GCG ATC GTT TCA CAA GTT CCG AAC ATT GAA 
Sbay                            ATG GTC TTT ATT AGT GCC TGG TTA AGA AGA GAA AAT AAG ATG AAA TTT ATT AGA ACC TTG GAT TCA TGG ATC GTG TGG CAA GCC TTC TTG GCT TAT GGA TAC ACT AAA GAA GAG ATT AAC AGA ATC CCG CAA CAA ACA AAA GTA ATT ATC TTC TCC TTA GAT TAC TTG AAA ACA AGA GTT AGA GAA GAT ACT ACA AGA ATC ATC TCC TTA CAA ATA CTA TTT ATC CAA TTA GCA GCA GCA GAT AAT GAC GAA AGA TCC ATC CTT CAA AGA GAT ATC AAA CCT TTA AGA ACA ACT TAC TAC GCC ACC CAA GTT AAC ATC TTG AAG CAA AAA GAA TTA TGG AGA AAT TCT TCT ATC AGA TGT AAG CAA GCA TCA CCG AGG TAT TAT CGT GAT GCA TTG AAC GAT GAA AGA ATC TTC AAA AAG TAC ATA GTC ACA GAA AAT TAT ATT CAG GCA TCT ATC GAT TAT AGA GTG GCC TTT GAC AAA AAA GAA AAT AAT AAC GTC CCC ATT GAT ACT GAC TCA CAG AGA ATG GCC ACT GTC TTA AAC CAG GCG CAG GGA AAA TTC TTG CTA GAG GTT TGC GGT AAG CCC ATA AAT GCA GGT TCC GTC CCT TCT ATC TCC AGT ACT ACA GAA GAG AGA GCA CAG AAC GAA CCC GAT GCT TGT ACT TTG GGT ATT AAG GAG CCA GAG ATT AGA GGT GAT TCA GTT TAT TTG TTG GAC CGT TAT TCA TTC TTG ATC AAG TCG TTC CAC AAG TTG GTG GTC GAA TGT CGG ATC TAC GGC AAT TAT CCG GAA GTG ATT GGT AAT TCA ATC GTC ACA TTG ATT ATT GTC TTG AGA GAG ATC TAC TGT TAC GCA CAA CAT ATA TTT GGT GCA ATT TAC GGC TCA GCG ACT AAG TCA GAG AAA CGT AGA ATG AAA TAT ATC TGT GCA AGA ACC AAC ACC GCG TCA ATG GCA TCC TCA AAG TTA TCC AAG GCA TTA AGA CCG AGA GCA TCC GCA TCT GAA CAC ATT GGC GGT CCT ACG TTG GAC AGA CTT CTG AGT CGG TAT ACT GAG GAG AAG CTG GAC CCA GAG CAG AGA CAA CCA GGT ATC TCA TCC GAA ATT AGA ATC TCC TCT ACT ATC AAA TTA TCT GGC TAT CAA TCC TGT TGT TCC GAA TTC TTG GCA AAA ATA GAC AAA GCC ATC GTC TCT CAA GTC CCA AAT ATT GAA 
Smik                            ATG GTC TTC ATT AGT GCT TGG TTA AGA AGA GAA AAC AAG ATG AAG TTT ATT AGA ACT TTG AGT TCC TGG ATC GTA TGG CAA GCC TTC TTG GCT TAC GGA TAT ACC AAG GAA GAA ATC AAT AGA ATT CCA CAG CAA ACA AAA GTA ATT ATT TTC TCG TTA AGT TAT TTG AAA ACA AGA GTT AGA GAA AGT ACT ACA AGA ATT ATT TCT TTG CAA ATA TTG TTT ATT CAA TTA GCA GCA GCA GAT AAT GAC GAG AGA GCC ATC CTT CAA AGA GAT ATC AAA CCC TTA AGA ACA ACT TAC TAT GCC ACC CAA GTT AAT ATC TTG AAG CAA AAA GAA TTG TGG AGA AAC TCC TCC ATC AGA TGT AAA CAG GCC TCC CCA AGA TAT TAT CGT GAT GCA TTG AAC GAT GAA AGA ATT TTC AAG AAA TAC GTT GTC ACA GAA AAT TAT ATT CAG GCT TCC ATT GAC TAC AGA GTA GCC TTT GAC AAA AAA GAA AAT AAT AAT GTC CCA ATT GAC ACC GAC TCC CAG AGA ATG GCC ACT GTG TTG AAC CAG GCG CAG GGA AAA TTC TTG CTA GAG GTT TGC GGT AAA CCA ATA AAT GCA GGT TCT GTT CCC TCA ATT TCC AGC ACT ACA GAA GAG AGA TCT CAG AAC GAA CCA GAT GCA TGT ACT TTG GGC ATT AAA GAA CCA GAA ATT AGA GGG GAT TCA GTT TAC TTA TTA GAC CGT TAT TCC TTC TTA ATC AAG TCA CTT CAC AAA TTG GTA GTG GAA TGT CGG ATC TAT AGC AAT TAC CCA GAG GTA ATC GGT AAT TCC ATT GTC ACA TTG ATT ATC GTC TTG AGA GAG ATC TAT TGT TAT GCC CAA CAT ATA TTT GGT TCT ATT TAT GGT TCT GCA ACC AAG TCA GAA AAA CGT AGA ATG AAA TAC ATT TGT GCC AGA ACT AAC ACT GCA TCA ATG GCC TCT TCC AAA TTA ACC AAA GCA TTA AGA CCA AGA GCA GCC GCA TCA GAA CAC ATT GGC GGC CCT ACA TTG GAC AGA CTT TTG AGT CGG TAT ACT GAC GAA AAA TTG GAC CCA GAA CAG AGA CAA CCA GGT ATT TCT ACC GAA ATC AGA ATC TCT TCA ACT ATC AAA TTA TCT GGC TAC CAA TCC TGT TGT TCC GAA CTT TTG TCT AAA GTT GAC AAA GCC ATT GTT TCA CAA GTT CCA AAT ATT GAA 
Spar                            ATG GTC TTT ATC AGT GCT TGG TTG AGA AGA GAA AAC AAG ATG AAG TTT ATC AGA ACC CTG TAT TCT TGG ATC GTG TGG CAA GCC TTC CTG GCT TAT GGA TAT ACT AAA GAA GAA ATT AAT AGA ATC CCA CAG CAA ACA AAA GTT ATC ATC TTC TCC TTG TAT TAC TTG AAA ACT AGA GTT AGA GAA TAT ACT ACA AGA ATC ATT TCT TTG CAA ATA TTA TTT ATT CAG TTA GCA GCA GCA GAC AAT GAC GAG AGA GCC ATC CTT CAG AGA GAT ATC AAA CCT TTG AGA ACC ACT TAT TAT GCT ACC CAA GTT AAC ATC TTG AAG CAA AAA GAA TTG TGG AGA AAC TCT TCT ATC AGA TGC AAG CAG GCC TCT CCA AGA TAT TAT CGT GAC GCA TTG AAC GAT GAG AGG ATT TTC AAG AAA TAT GTT GTC ACG GAA AAT TAT ATC CAG GCC TCT ATC GAT TAT AGA GTA TCT TTT GAC AAA AAA GAA AAT AAT AAT GTC CCT ATT GAT ACT GAC TCT CAA AGA ATG GCC ACT GTG TTG AAC CAG GGC CAA GGA AAA TTC TTA CTA GAG GTT TGC GGT AAA CCC ATA AAT GCA GGT TCT GTC CCT TCC ATT TCC AGT ACT ACA GAA GAG AGA TCC CAA AAC GAA CCA GAT GCA TGC ACT TTA GGA ATA AAG GAA CCG GAA ATC AGG GGA GAT TCA GTT TAT TTA TTA GAC CGT TAT TCT TTC TTA ATC AAG GCA TTC CAC AAA TTG GTA GTG GAA TGT CGA ATC TAT AGC AAT TAT CCA GAG GTA AGC GGT AAT TCC ATT GTC ACA TTG ATC AGC GTC TTA AGA GAG ATC TAT TGT TAC GCT CAA CAT ATC TTT GGT TCC ATT TAC GGT TCA GAA ACT AAG GCT GAA AAA CGT AGG ATG AAA TAT ATT TGT GCC AGA ACT AAC ACT GAA TCA ATG GCC TCG TCT AAA TTA TCC AAA GCA TTA AGA CCA AGA GCA GCC GCA TCC GAA CAC ATT GGT GGA CCT ACG TTA GAC AGA CTT TTG AGT CGA TAT ACT GAT GAA AAA TTG GAC CCA GAA CAA AGA CAA CCG GGT ATT TCA TCC GAA ATC AGA ATT TCC TCC ACT ATC AAG TTG TCT GGT TAT CAA TCC TGT TGC TCC GAA TTC TTG TCC AAA GTT GAC AAA GCC ATT GTC TCA CAA GTT CCG AAC ATT GAA 
Ncas                            ATG GTA TTC ATA TGT TTG TTG TTG AGA AGG GAA AAT AAG CAG GAA TTT ATA AGA ACC TTA GGA CAA TGG ATT GAA TGG CAA GCT TTC TTA TCT TAT GGA TAT AGA AAA GAA GAA ATT AAT AAA ATA CCA CAA CAA ACT AAA GTG ATA ATA TTT CCA TTG GGA TAT TTT AAG ACA AGA GTT AGA GAA GGA ACA ATT AAA ATA ATT TCT TTA CAA ATT CTG TTT ATT CAG TTG GCC GCC GCC GAT CCT GAT GAG AGA GCA ATC CTT CAG AGA GAC ATT AAA CCA TTG GAA TCA ACA TAC TAT GCC ACT CAA GTC AGC ATC TTG AAG GAA AAG GAA TTA TGG AGA AAT AAT GCC ATC AGA TGT AAA CAG GCT GTC CCA AGA TAT TAT CGT GAT GCC TTG AAT GAT GAG AGA ATT TTT GAA AAG TAC ATT GTC AGT GAA AAT TAT ATC CAG GCT GCC ATA GAA TAT AGA GTG TCC TTC GAT AAG AAG GAA TCC CCT AAT GTA CCA ATT GAA AGA GAT CAA GAG GCT ATG GCT ACT ATA TTA AAT CAG TCG GAG GGA AAA TTT TTA CTA GAG GTC TGT GGT AAA ATC ATT GAT GCC GGA TCT GGA CCA CGT ATT TCC AGT GAA ATT AGA GAA AGA TTA GAG AAC GAA CCC GAT GCA TGT GAA TTA GAT ATC AAA GAA CCG GAA ATA AGA GGT GAC TCC GTC TAT CTG CTG GAC CGT TAT GTC TTC CTA ATT AAG TCC TTA CAT AAG TTG GTG ATA GAA TGT TCA ATC TAC ACA GAT TAT CCA GAA GTG TCT GGG CCT ACT ATT GTT ATT TTT ATC TCT GTA TTA AGG GAG ATC TAT TGC TAT ATC AGG CAG ATC TTT GGT TTA ATT TAT TGT GCT AAT AGA AAG TCC GAA AAA CGT AGA TTG AAA TAC ATT TGC GCT AAA TCC AAT TCC AAT ACA TTG GCT TCC CAA AAA TTG TCT AAA GCC TTG AGA CCA AGA GCC GCA GCC CGT GAA CAT ATT GGT GAT CCA ACC TTA GAC AGA CTT ATC TGT TCA TAT ACT GAA GAA AAA ATC GAC CCG GAA GAG AGA GAA CCG GGT ATA GCT TCT GAA TTT AGG ATC ACT CGT ACA ATC AAA TTG GCT GGT TAC CAA TCA TGT TGT TCC AGA TTA TTG TTA AAA ATT GAT AAG GCT ATT GGA TCA AGG GTC CCG AAC ATT GAA 
Cgla                            ATG GTG TTC ATC TCC GCT TGG TTG AGA AGA GAA TCC AAG GTT GAA TTT ATC AGA ACC TTA AGC TCT TGG ATT GTT TGG CAG GCT TTC TTA TCT TAT GGA TAC ACT AAA GAA GAA TTA AAT AAA ATC CCT CAA CAA ACC AAG GTA ATC ATC TTC GCA TTG AGC ATT ATG AAA ACT AGA GTC AGA GAA AGC ACT ACA AGA ATC TTA TCC TTG CAG ATT CTT TTT ATT CAA TTG GCG GCA GCG GAT GGT GAT GAA AGA TCT ATC ATG CAA AGA GAT ATT AAA CCT TTG GAG AAT ACT TAT TAT GCA ACC CAA GTC AGC ATC TTG AAG GAA AAA GAG TTG TGG AGA TCC GAA AAT ATC AGA TGC AAG CAG GCC AAG CCT AGA TAT TAC CGT GAT GCC TTG ACC GAC GAA AGA ATT TTC GAA AAG TAT ATT GTC AGT GAA AAC TAT ATC CAA GCT AAT ATC GAG TAT AGA GTC CAG TTT GAC AAA AAA GAA CAA GGT AAT GTG CCA ATC GAG ACT GAT TCT GAG AGG ATG GCT ACT GTG TTG AAT CAA AAT GAG GGA AAG TTC TTA CTT GAA GTC TGC GGT AAG ATC ATT AAT GCC GGT TCC GTT CCT TCA ATT TCC GGT ACT ACA GCC GAA AGA ATG GAG AAC GAA CCG GAT GCA TGC ACT TTA AAT ATC AAG GAA CCT GAA ATC AGA GGT GAT TCT GTC TAT CTG CTG GAC CGC TAT AAG TTC CTG ATT AAG TCG CTA CAC AAG TTG GTC GTG GAG TGC AAA ATC TAC AAT AAT TAT CCT GAA GTC ACA GGG GGT TCT ATT GTC ACA ATG ATC ACA GTG TTA AGA GAA ATC TAT TGC ATT GCT GAA AAA ATA TTT GGT ATG ATC ATT GGT TCG TTA ACT AAG GCT GAA AAA CGT AGA ATG AAA TAT ATT TGC GCC AAA GCT AAT GCT TTA TCC ATG GCC TCT TCT AAG CTT ACA AAG GCC CTT AGA CCT AGA GCA TCT GCG TCA GAA CAC ATC GGA AAT TCA ACC TTA GAC AGA ATG CTT TCC AAA TAT ACT GAT GAA AAG CTT GAC CCA GAT GAG AGA GAA CCT GGT ATT TCG ACA GAA ATT AGA ATC TCA TCA ACT ATC AAG TTG GCC GGA TAT CAG TCT TGC TGC TCC GCC CTA TTG ATG AAA ATT GAT AAA GCT ATT GTT TCC GAA GTT CCT AAC ATC GAA 
Agos                            ATG GTG TTC ATA TCT TCG TGG CTG CGC CGA GAG AAT AAG CCG CCT TTC ATA AGA ACA ATG CGC TCT TGG ATC GTG TGG CAG GCC TTC ATG TCA TAC GAC TAC ACT ACC GAA GAC ATT AAC CAC ATT GCA CAA CAG ACC AAG GTG ATA ATT ATG GCA CTG CGC CAT CTT AAG ACC CGT GTG CGC GAG CGC ACA ACC CGT ATT ACC TCC CTC CAG ATC CTC TTC ATC CAG TTG GCT GCG GCT GAT AAT GAC GAG CGC GCT ATC CTG CAG AGA GAC ATC AAG CCC CTG GAA TCC ACA TTC TAC GCC ACT CAG GTC TCG ATC TTG AAG GAG AGG GAG CTC TGG AGA AAT AAT TGC ATC CGT TGC AAG CAG GCT CTG GCA CGT TAC TAT AGA GAT GCG TTG AAC GAT GAG AGA ATC ATG CCT AAG TTC ATC GTT TCT GAG AAT TAC ATC CAG GCC TGC ATT GAT TAC CGC GTG CAC GTG GAC AAG AGG GAG ACG AAT AAC GTG CCC ATC GAT ACT GAC TCT AGG AGG ATG GCC ACG ATA CTC AAT CAG CTG AGG GAC AAG ATG CTC CTC GAG GTC TGT GGT AAG GCC ATC AAC GCG GGT TCC GTC CCC TCT ATC TCT TCC ACC ACC AGC GAG AGA CAG AGG AAC GAG CCA GAC GCA TGC ACC CTC GGC ATT AAG GAG CCC GAG ATA AGA GGA GAC TCG GTC TAC TTG TTG GAC AGG TAC CTG TTC CTG ATC AAG AGC TAC CAC AAG TTG GTG ATA GAG TGC CAA ATC TAC CGC AAC TAC GCA GAG GTG GCG GGA AAT TCC ATC GTG ACC CTT ATC GCG GTG CTC CGA GAG ATC TAC TGT CAT GCC GTG TTC ATC TTC GGT CAG ATC CAT GGC TCG CAG ACT AAG GCC GAC AAG CGT AGA TTT AAG TAC ATC TGT GCT CAC GCC GCT GCC CAG TCT TTT GCT TCG TCT AAG CTG ACC AAG GCG CTG CGT GCA CGT GCG GCT GCT TCT GAG CAC ATC GGA GGC AGC ACG CTC GAC AGA CTG TTA TCT CAA TAC ACG GAG GAG AAG TTA GAC CCA CAC AGG CGC GAG CCC GGC ATC TCG ACC GAG TTT CGA ATC CAC TCT ACA ATC AAG CTG GCG GGA TAC CAG TCT TGC TGC TCT AGC TAC TTG CAG AAA ATC GAC AAG GCC ATC GTC TCC GTG GTT CCC AAC ATC GAG 
Klac                            ATG GTA TTC ATT ACC GGT TGG ATG AGA AGA GAA AGC AAG AGC TAT TTT ATT AGG ACC TTA AAG TCC TGG ATC GTT TGG CAA GCG TTC TTA TCT TTC GGA TAT ACT ACT GAA GAC ATT AAT GCC ATC CCA CAG CAA ACT AAA GTT ATT ATC ATG GCA ATG AAG CAT AAG AAA ACA AGA GTC AGA GAA AAG ACT ACT AGA ATC GCA TCC TTG CAA GTA TTG TTC ATT CAG TTG GCT GCT GCT AGT GGC GAC GAA AGA GCT ATC TTA CAG AGA GAA ATC AAA CCC ATG GAA TCC ACT TAT TAT GCC ACC CAA GTC TCT ATC TTG AAG GAA AAA GAA TTG TGG AGG AGC GAA TGT ATC AGA TGT AAA CAG GCT TCA CCA AGA TAC TAC CGT AGT GCA TTG AAT GAT GAA AGA ATT ATG TAT CGC TAT ATC GTT AGT GAA AAT TAC ATT CAG GCT TGT ATC GAA TTC AGA GTA GCT ACA GAT AAA AAA GAA TCA GGC AAT GTA CCA ATT GAA ACT GAC TCC CAT AGA ATG GCG ACT CTA TTG AAT CAG TCT CAT GGA AAA ATG TTA CTT GAG GTC TGT GGT AAG TTC GTA AAC GCA GGT TCC GTT CCC TCC ATT TCT TCT ACT ACT GCT GAG AGG CTT CAT AAT GAA CCT GAT GCC TGT ACT TTA GAT GTA AAA GAA CCA GAA ATT AGA GGT GAA TCG GTC TTC TTA TTA GAT CGA TAT TCA TTC CTA ATC AAG TCG ACT CAC CGC TTG GTA CTA GAA TGC GTT ATC TAC TCC AAC TTC CCA GAA GTA GCT GGA GGC TCT ATT GTG ACT AAG ATT GCT GTA TTA AGA GAG ATC TAT TGT CAT GCA CAA GGT ATT TTT GGT CTT ATT CAT GGT TCC CAA ACT AAG TCT GAC CAG CGT AGA CTT CAG TAT ATT TGT GCT GCC ACT CAA ACT CAA TCG CTT GCT ACT TCC AAG TTA ACT AAG GCA TTA AGA CCA AGA GCT GCT GCT TCC GAA CAC ATT GGC GAT CCA TCG TTA GAT AGA TTA CTT ACC GTT TAT ACT GTC GAA AAG CTT GAT CCA TTA CAT AGA GAA CCA GGT ATT TCC ACT GAA TAT AGA ATC CAT TCC ACT ATC AAG ATG GCT GGC TAT CAA TCA TGC TGT TCT GCT ACT TTG CTT AAA ATC GAC CAT GCG ATT GTT TCC CAA GTG CCA AAC ATT GAA 
Calb                            TTA GTG TTT ATT ACT GCT TGG AAT AGA CGT GAA AAT AAA CAA AAG TTT ATT AGA ACG TTG TCT TCT TGT ATT GTT TGG CAA TCA TTC TTG AGT TTT GGT TAT ACT AAA GAA GAT GTC AGT AAA ATT CAT CAA CAA ACT CGA GTC ATT ATT TTT AAT AAT TCT TTT ATT AAA ACC AGA GTT AGA CTA TCT ACT ACT AGA ATT ATT TCT ATC CAA ACT TTG TAT ATT CAA TTG TCT GCT TCT GAT AAT GAT GAA AGA GCT ATT TTA CAA AGA GAT ATT AAA CCA AAT CAA ACT ACT TAC TAT GCC ACC CAA GTT GGA ATT TTG AAA CAA ATT GAA ATC TGG AGA AAT AAT TTT ATT AGA TGT AAA CAA GCC ATG CAT AGA TAT TAT CGT GAT GCA TTG TGT GAT GAA AGA ATT TTT AAG AAG TAC ATT GTT TCT GAA AAT TAT ATA CAA GCC TTT ATT GAA TTT AGA ATC GCC TCT GAT AAA ATT GAA AGT AAT AGT GTG CCA TTA GAA ACT GAT TCT AAA AGA ATG TCA ACT GAT ATC GAT CAA ACT AAA GGT CGA TTT TTG TTA GAA GTT TGT GGT AAA TTA ACT AAT GCA GGT TCT GTC CCA TCA ATT TCA TCT ACT ACT GAA GAA AGA ACT AAA AAT GAA CCG GAT GCT TGT ACT TTG AAT GTT AAA GAA CCA GAA ATT AGA GGT GAT TCA GTT TTT TTG TTG GAT AAA TTT ATG TTC ATT ATT AAG AAT AAA CAC AAG TTG ATC GAT GAA TGT GAA ATT TAT AAT AAT TTT CAT GAA ATC GGT TCA AAT TCA ATT GTC ACT ATT ATA GGT GTG TTG CGT GAA ATT TAT AAT TTT GCA AAT CAT AAT TTT GGT ACT TTA TTT GGT TCA TCA ACT CGT GCT GAT AAA CGT AGA ATG AAA TAT ATT AAT GCC AAA ACT TCA ACT TCA AGT ATG GCC CAA TCT AAA TTA ACC AAA GCA TTA AGA CAT AGA GCT GCT TCT TCA GAA CAC TTA GGT AAT TCG AAT TTG GAT AGA TTA TTA ACT GAA TTT ACT GAA GAA AAA TTA GAT AGA ATT AAA CGT CAA CCA GGT ATT TCA ACC GAA TAT CGT ATC ACA TCA ACT ATT AAA AAT GCT GGT TAT CAA TCA TGT TGT TCA GAA AAA TTG ACT AAA ATT GAT TAT TCA ATT GTC AGT AAT GTT CCA AAT TTA GAA 



Printing out site pattern counts


         9        651  P

Scer                            AAA AAA AAA AAA AAA AAA AAA AAA AAA AAA AAA AAC AAC AAC AAC AAC AAC AAG AAG AAG AAG AAG AAG AAT AAT AAT AAT AAT ACA ACA ACA ACC ACC ACC ACC ACG ACG ACT ACT ACT AGA AGA AGA AGA AGA AGA AGA AGA AGA AGA AGC AGC AGG AGT AGT AGT ATA ATA ATA ATA ATC ATC ATC ATC ATC ATG ATG ATG ATG ATT ATT ATT ATT ATT ATT ATT CAA CAA CAA CAA CAA CAA CAC CAC CAG CAG CAG CCA CCA CCA CCC CCC CCC CCG CCG CGG CGT CGT CGT CGT CTA CTA CTG CTT GAA GAA GAA GAA GAA GAA GAA GAA GAA GAA GAA GAA GAC GAC GAC GAC GAC GAG GAG GAG GAG GAT GAT GAT GAT GCA GCA GCA GCA GCA GCC GCC GCG GCT GCT GCT GCT GCT GCT GCT GGA GGA GGC GGG GGT GGT GGT GGT GGT GTA GTC GTC GTC GTG GTT GTT GTT GTT GTT GTT TAC TAC TAT TAT TAT TAT TAT TAT TAT TAT TAT TCA TCA TCA TCA TCC TCC TCC TCC TCG TCT TCT TCT TCT TCT TCT TCT TCT TGC TGG TGG TGG TGT TGT TGT TTA TTA TTA TTA TTA TTA TTC TTC TTG TTG TTG TTG TTG TTT TTT TTT TTT TTT 
Sbay                            ... ... ... ... ... ... ... ... ... ..G ..G ... ... ... ..T ..T ..T ..A ... ... ... ... .GA ..C ..C ... ... ... ... ... ..C ..A ... ..T T.A ..A ... ..A ... G.A .CT ... ... ... ... ... ... ... ... ..G .TT G.. ..A .AC ... ... ... ... ..T ..T ... ... ... ..T ..T ... ... ... ... ..A ..C ..C ..C ..C ... ... ... ... ... ... ..G TC. ... ..T ..A ..A ... ... ..C ..C ... ..T ..T ..A ... ... ... ... ... TC. ... GCC ... ... ACT ... ... ... ... ... ... ..G ..G ..G ..G .CG ... ... ... ..T ..T C.A ..A ..A ... ..G ... ... ... ... ... ... ..T T.G A.. ... ..C AGA ..A ..A ..A ..C ... T.C ..T ..T ... ..A ..C ... ... ... ... ..G ... ... ... ... ..A ..C ..C ..C ... ... ... ... G.. ..C ..C ..C ... ... ... ... ... ... ... ... ..T ... ... ... ... ..A G.G ..A ..C ..C ..C ... ... ... ... ... ... ... ... ... ... ... ... ... ..G ..G ..G ... ... C.A ..A ... ... ... ..C ... ... ... ... 
Smik                            ... ... ... ... ... ... ... ... ..G ... ... ... ... ... ... ..T ..T ... ..A ... ... ... .GA ..C ... ... ... ... ... ... ..T ..A ... ..T T.. ..A ..A ..A ... T.. .CC ... ... ... ... ... ... ... ... ... .T. ... ..A .A. ..C ... ... ... ..C ..T ... ..T ..T ... ..T ... ... ... ... G.. ..C ..C ... ... ... ... ... ... ... ... ..G TCC ... ..T ..A ... ... ... ... ... ..A ... ..T ..A ..A ... ... ... ... TCA ... GCT T.. ... ACT ... ... ... ... ... ..G ... ... ... ..G .C. ... ... ... ... ..T C.. ..A ... ... ..C ... ... ... ... ... ... ... T.. A.T ... ..C AGA ..C ..C ... ..C ... ..C ..C ..G ... ..A ... ... ... ... ... ... ... ... ... ..A ..A ..G ... ... ... ... ..T ..T AG. ..C ... ... ..C ..C ... ... ... ... ... ..T ... A.. ... ..G ..T ..A G.G ..C ..C ... ... ..C ..C ... ... ... ... ... ... ... ... ... ... ... ... ..G ..G C.T ... ... ... ..A ... ... ..C ..C ... ... ... 
Spar                            ... ... ... ... ... ... ... ..G ... ... ... ... ... ... ... ... ..T ... ... ... ... ... .GA ..C ... ... ... ... ... ... ..C ..T ... ..T T.. ... ... ..C ... T.C .CT ... ... ... ... ... ... ... ..G ... ... ... ..A .AC ... ... ... ..C ..T ... ..T ... ..T ... ... ... ... ... ... G.. ..C ..C ... ... ..C ... ... ... ... ... ... TCT ... ..T ... ... ... ... ... ..T ... ..T ..T ... ..A ..A ... ... ... TCC ... GCT T.. ... ACT ... ... ... ... ..G ..G ... ... ... ..G ... ... ... ... ..T ... C.. ..A ... ... ... ... ... ... ... ... ... ... ... A.T ..T ..C AGA ..C ... ..C T.. ... ..C ... ... ..T ..A ... ... ... ... ... ... ... ... ... ... ... ..G ..C ... ... ... ..T ..T ... ... ..C ... ... ... ... ... ... G.T ... ... ... ... ... ... ..G ..A GGC ... ..C ..C ... ... ... ... ... ... ... ... ..C ... ... ... ... ..G ... C.G ... ... ... ..A ... ..A ... ... ..C ... ... ... ... 
Ncas                            ... ... ... ... ..G ..G ..G ... ... ... ..G ... ..T ..T ..T ... CCT G.A ..A ... ... ... ..A ... ... ... G.. TCC ..T .TT ..C ..A ..T ..A ..T .GT ..C T.A ... TTA ... .A. ... ... ... ... ... GA. ... ... TCT .CA ... ..C ... T.. ..T ..C ..T ..C ... ..A ..T T.T ... ... ... CA. T.. ... ..C ... ..A ... ..A ... AGG ... ... G.. G.G ... ..T ..G ... ... ... ..G ..C ... AT. ..A ..A ... ..A TCA ... ... ... ... ... T.G A.C ... ... AG. ... ... ... ..G ... ... ... ... ..G A.T ... ..T ..T ..A ..T C.A ..A ... ..A ..A ..C ... ... ..C ..C ..C ... T.C T.. ... ..T ... ... ATC ... T.C T.. ..A .AT ..T ..T ..A T.. ..A ..G ... ... ..G ..A ... ..T .AA ..G A.A .GA ..C ..C ... ..T ..T GGA ..C ... ..C ..C ... ... ... ... ..C A.. G.T ... ..T ..A C.A ... ..C ..G GTC ..C A.. ... AA. G.C G.. ..T ... ... .T. ... ..C ... ..G ..G ..G C.G ... ... ..A ... C.. ..A C.A ... ..T ... ..C ..C ... ... 
Cgla                            ... ... ... ..G ... ... ... ..G ... ..G ..G ... ..T ..T TC. ... GGT G.A ... ... ... ... .GA .CC ... ..C ... C.A ..C ... ..C ..T ... ..T T.T .GT ..C .A. ... .TG .CT .A. ... ... ... ... ... GAG ... ... .CA .AT ..A ..C G.. TCC ..T ... T.. ..C ... ... ..T ..T ... ... ... G.T ... ... ..C ... ... T.A ..C ..C G.. ... ..G G.. G.G TCT ... A.A ..A ... ..A ... ..G ... AT. ..T T.A ..T ..T AAA ..C ... ... TCA ..T GCT ..T A.G ACT .CC ... ... ..G ... ... ... ... ..T ... TT. ... ... ..T ..G ..T C.A ..A ..A ..A ... ... ..C ... ... ..C ..G ... T.G ..T ..A ..T AGG ..C ... ... CAG T.. T.. AAT ..T ..A ..A ... ... ..G ... ... ..C ..G ... ... ..T ..A ..G ... ... ..C ..C ... ..T AGC ... AT. ..C ... ... ..C ... ... G.T ..C ..G ..C A.A ..T G.A ..T ..T AA. AAG ..C ..A ..C GAA AA. G.C ... ... ... ... ..C ..C ..C C.T ..G ..G C.G ... ... C.A ... C.T ... C.. ... A.. ..C ..C ... ... ... 
Agos                            ... ..G ..G ..G ..G ..G .GG ..G .CC ..G ..G ... ..T GCT ..T ... ..T CCT ... ... ... ... CGT ..C ..C ... ..C .CG ..C ..C ... ... ..T ..A T.. T.T ... T.C ..G CAG .CT CAC ... ... C.C C.C C.T GA. ... C.T GCG C.. C.A TCG TCC TC. ..C ..C ..T ..T ... ..T ... T.T ... ... ... CC. T.T ..C ..C ..C ..C .CC ..A ..C GTG ..G ..G G.G AGG TCT ... TT. ... ... ... ... ... ..C G.. ... AG. ..C G.A .AA A.G A.A ... TC. ..C TCG T.A ..G ACC AGC ... ..G ..G ..G ..G ..C ..G C.C ..G C.G ... ... ... ..T ..T C.A ... ... ... ..G ..C ... ..C ..G ..G ..T ... AGC ... ... ..C AGG ... ..C ..C CAC T.A ... ..C ... ..A .AC ..C ... ..A ..C ... ..G ..G ..T ..G ... ..G A.A ..C ... ..C ..G ... ... CGC .TC C.. ..C ..C ..C ... ..C ..C G.C ..T ..G ..C A.. ..T G.A ..G ... CTG CTG ... CAC ..C AA. .GC G.G ..T ... ... ... ..C ... ..C C.G ..G C.G ..G A.G C.C .A. ... C.C C.C C.. ... C.T A.G ..C G.G ..C ..C 
Klac                            ... ... C.G ... ... C.T ... ..G .CT ..G CGC ..T ..T C.A .G. ... GG. T.T ..A ... ... ... .GA ... ... ... ..C TCA ..T ..T ..C ..A ... ..T T.T .GT T.. T.C ... CT. .CT GCC ... ..G ... ... ... GA. ... ... GCT TC. ..A TC. TC. .CC G.. ..T ..T G.. ... ... ..T TAT ..T ... ... .GC C.T ..C ..C ..C ... GCA ... ... ... ... ... G.. ..T TCC ... GGT ... ... ... ... ..T ... TT. ... ..A ..A ..A GTT ..A ... ... TCC ..T GGT ..T T.A ACT .CT ... ... ... ... ... ..C ... TT. ..G C.. ..T ..T ... ..A AGT C.. ..A ..A ... .TC ..A ... ... ..T ... ..T ..C T.G A.T ... ... AGA ... ..A ... ... T.. ... .AT ..T ... ..A ... ... ..A ... ... ... ..A ..T ..G ..T ... C.A ... ..G ..C ..C ..T ..T A.G ... C.. ..C ... .TC ..C ..C ... ..T ..G ..C ..C A.T ..A G.A A.T ... ... ..A ... CA. ..C GAA .G. G.. ..T ... ... ... ... ... ..C ... ..G A.G ... ... ... ACT ... ... ... C.A ... AA. A.G ..C ACA ..C ... 
Calb                            ... ... ... CG. ... T.T .TT ... ... ... ..G ..T G.T TCA ..T ..T ..T ... ..A ..A ... CGT .GA TG. .G. ... ... .G. ..T ..T ..G ... ... ..T T.A T.T .AT ... ... ... .CT .A. ... ... ... C.T ... CA. ... ... G.T .AT C.T G.A TC. .C. .CT .AT G.C G.T ... ..T ..T TAT ..A ... T.A CAA ... ... ... ... ... ... ... T.A A.T ... ... ... A.. TCT ... ..T ..A ..A ..A AG. ..G ... TTA ..A T.G ..A .AT GAA AAA ... ... TCA T.. GCT T.A T.A ACT ... ... ... ... ... ... ..T ... ATT ... TC. ..T ..T ..T ..A ..T C.A CTA ..A ..A ..A ... ... ... ..T ... T.T ..T AAT A.T ... T.A AGA ..C ..A ..C ..C AG. ... AAT ..T ..T ..T ... ... TCA ... ... A.C ..G ..T ... ..T ..C .A. ..C ... ... ... ..T ..T .C. ..C .T. ... ... .T. ... ... .T. G.T AGT ... AGT A.. ..A AAT CAA ..A A.. ATG ..A A.A ... AA. .T. G.. ..T ... ..T ... ... AA. ... ... ..G AAT ..G ..G ..G AAA ... ... A.C A.T ... A.T ... ... .C. .A. ... 

    1    1    2    2    2    1    2    1    1    4    2    1    1    1    2
    1    3    2    2    2    1    1    1    1    2    1    2    1    1    3
    1    1    1    3    1    1    1    1    2    3    3    2    2    3    4
    1    4    1    3    1    2    1    3    1    1    2    2    1    1    1
    1    4    6    1    2    1    1    1    2    2    6    3    1    1    4
    4    2    2    3    2    4    3    2    1    2    1    2    1    1    1
    1    2    1    3    4    2    1    1    1    3    1    1    2    2    2
    2    1    7    2    1    1    2    3    1    2    2    3    1    3    2
    2    1    1    1    1    1    2    1    1    2    3    3    1    1    2
    1    3    1    3    1    1    1    1    2    2    1    2    2    1    1
    1    1    2    3    3    1    1    1    1    2    2    1    3    1    1
    2    3    2    3    1    2    4    1    2    2    1    1    2    1    2
    1    1    1    1    1    2    2    1    2    1    2    1    1    2    1
    1    3    2    2    2    1    4    2    2    4    2    2    1    3    1
    4    2    3    1    1    1    2

CODONML (in paml version 4.9j, February 2020)  temp.nuc
Model: One dN/dS ratio, 
Codon frequency model: Fequal
ns =   9  ls = 394

Codon usage in sequences
--------------------------------------------------------------------------------------------------------------------------------------
Phe TTT   8   5   4   5   9   4 | Ser TCT  12   8  10  12   7  10 | Tyr TAT  20  11  12  20  15  14 | Cys TGT   7   7   7   4   9   0
    TTC   4   7   6   7   4   6 |     TCC   5  12  12  14  10  10 |     TAC   3   9   8   3   5   3 |     TGC   1   1   1   4   2   8
Leu TTA  15  10  10  11  14  10 |     TCA   5  11   8   5   5   5 | *** TAA   0   0   0   0   0   0 | *** TGA   0   0   0   0   0   0
    TTG  11  15  18  15  15  12 |     TCG   1   1   1   1   1   3 |     TAG   0   0   0   0   0   0 | Trp TGG   4   4   4   4   3   4
--------------------------------------------------------------------------------------------------------------------------------------
Leu CTT   2   2   4   2   2   6 | Pro CCT   0   3   1   4   3   9 | His CAT   0   1   1   1   2   0 | Arg CGT   6   3   3   3   6   2
    CTC   0   0   0   0   0   0 |     CCC   4   3   2   1   1   0 |     CAC   3   2   2   2   0   2 |     CGC   0   0   0   0   0   1
    CTA   2   2   1   1   2   2 |     CCA   3   4  11   6   9   2 | Gln CAA  16  13  11  13   9   8 |     CGA   0   0   0   2   0   0
    CTG   2   2   0   2   3   3 |     CCG   7   4   0   3   4   1 |     CAG   5   6   8   6   7   5 |     CGG   2   2   2   0   0   0
--------------------------------------------------------------------------------------------------------------------------------------
Ile ATT  21  15  23  14  22  18 | Thr ACT   6  10  10  13   6  11 | Asn AAT   7  10  11   9  11  13 | Ser AGT   4   3   5   3   2   1
    ATC  14  22  14  21  15  23 |     ACC   6   4   6   3   2   5 |     AAC   9   7   6   8   2   3 |     AGC   3   0   2   3   1   4
    ATA   5   5   3   3  11   1 |     ACA   5   7   8   4   6   7 | Lys AAA  19  15  20  18  17  15 | Arg AGA  24  25  26  23  23  22
Met ATG   5   5   5   5   2  11 |     ACG   2   1   0   2   0   0 |     AAG   9  12   7   9  11  17 |     AGG   3   1   0   3   5   1
--------------------------------------------------------------------------------------------------------------------------------------
Val GTT  10   4   9   8   2   5 | Ala GCT  10   2   3   5  11   9 | Asp GAT   5  11   6   7  12  10 | Gly GGT   6   8   6   8   6  10
    GTC   5  10   5   7   7   9 |     GCC   3   6  11   9  11   9 |     GAC  11   7  10   9   5   5 |     GGC   2   4   4   1   0   0
    GTA   3   1   5   3   3   1 |     GCA  10  16  11  10   3   5 | Glu GAA  26  16  20  21  30  27 |     GGA   3   2   2   5   8   4
    GTG   1   4   2   3   4   5 |     GCG   3   3   1   0   0   3 |     GAG   4  10   5   6   8   9 |     GGG   2   0   1   0   1   1
--------------------------------------------------------------------------------------------------------------------------------------

--------------------------------------------------------------------------------------
Phe TTT   3   2  17 | Ser TCT  13   8  14 | Tyr TAT   1  12  12 | Cys TGT   3   8   8
    TTC   9   9   2 |     TCC   6  13   0 |     TAC  16   4   2 |     TGC   7   2   0
Leu TTA   2  13  13 |     TCA   1   4  17 | *** TAA   0   0   0 | *** TGA   0   0   0
    TTG   7   9  14 |     TCG   6   4   1 |     TAG   0   0   0 | Trp TGG   4   4   3
--------------------------------------------------------------------------------------
Leu CTT   2   8   0 | Pro CCT   2   1   0 | His CAT   3   9   5 | Arg CGT   7   2   7
    CTC   9   0   0 |     CCC   6   2   0 |     CAC   7   2   2 |     CGC   9   2   0
    CTA   0   3   1 |     CCA   2  10   6 | Gln CAA   3  10  16 |     CGA   3   1   2
    CTG  12   0   0 |     CCG   1   0   1 |     CAG  15   8   0 |     CGG   0   0   0
--------------------------------------------------------------------------------------
Ile ATT   6  19  33 | Thr ACT   4  22  25 | Asn AAT   8   6  26 | Ser AGT   0   3   6
    ATC  28  16   7 |     ACC  11   4   4 |     AAC   7   3   0 |     AGC   4   3   0
    ATA   6   0   2 |     ACA   4   2   1 | Lys AAA   1  10  25 | Arg AGA   9  20  20
Met ATG   7   9   5 |     ACG   4   0   1 |     AAG  21  14   5 |     AGG   8   3   0
--------------------------------------------------------------------------------------
Val GTT   2   7   8 | Ala GCT   9  17   8 | Asp GAT   5   8  18 | Gly GGT   3   8  12
    GTC   5   5   5 |     GCC  10   4   6 |     GAC  14   5   0 |     GGC   4   5   0
    GTA   0   9   0 |     GCA   6   6   4 | Glu GAA   2  25  26 |     GGA   4   3   1
    GTG  13   2   3 |     GCG   8   3   0 |     GAG  22   3   0 |     GGG   0   0   0
--------------------------------------------------------------------------------------

Codon position x base (3x4) table for each sequence.

#1: Scer           
position  1:    T:0.24365    C:0.13198    A:0.36041    G:0.26396
position  2:    T:0.27411    C:0.20812    A:0.34772    G:0.17005
position  3:    T:0.31472    C:0.18528    A:0.34518    G:0.15482
Average         T:0.27750    C:0.17513    A:0.35110    G:0.19628

#2: Sbay           
position  1:    T:0.25635    C:0.11929    A:0.36041    G:0.26396
position  2:    T:0.27665    C:0.24112    A:0.32995    G:0.15228
position  3:    T:0.26142    C:0.23858    A:0.32234    G:0.17766
Average         T:0.26481    C:0.19966    A:0.33756    G:0.19797

#3: Smik           
position  1:    T:0.25635    C:0.11675    A:0.37056    G:0.25635
position  2:    T:0.27665    C:0.24112    A:0.32234    G:0.15990
position  3:    T:0.29188    C:0.22589    A:0.34518    G:0.13706
Average         T:0.27496    C:0.19459    A:0.34602    G:0.18443

#4: Spar           
position  1:    T:0.26650    C:0.11675    A:0.35787    G:0.25888
position  2:    T:0.27157    C:0.23350    A:0.33503    G:0.15990
position  3:    T:0.29949    C:0.23350    A:0.31726    G:0.14975
Average         T:0.27919    C:0.19459    A:0.33672    G:0.18951

#5: Ncas           
position  1:    T:0.25127    C:0.12183    A:0.34518    G:0.28173
position  2:    T:0.29188    C:0.20051    A:0.34010    G:0.16751
position  3:    T:0.31726    C:0.16497    A:0.35533    G:0.16244
Average         T:0.28680    C:0.16244    A:0.34687    G:0.20389

#6: Cgla           
position  1:    T:0.22589    C:0.10406    A:0.38579    G:0.28426
position  2:    T:0.29442    C:0.22589    A:0.33249    G:0.14721
position  3:    T:0.30964    C:0.22335    A:0.27665    G:0.19036
Average         T:0.27665    C:0.18443    A:0.33164    G:0.20728

#7: Agos           
position  1:    T:0.19797    C:0.20558    A:0.32487    G:0.27157
position  2:    T:0.28173    C:0.23604    A:0.31726    G:0.16497
position  3:    T:0.18020    C:0.38579    A:0.10914    G:0.32487
Average         T:0.21997    C:0.27580    A:0.25042    G:0.25381

#8: Klac           
position  1:    T:0.23350    C:0.14721    A:0.34010    G:0.27919
position  2:    T:0.28173    C:0.25381    A:0.30203    G:0.16244
position  3:    T:0.35533    C:0.20051    A:0.29442    G:0.14975
Average         T:0.29019    C:0.20051    A:0.31218    G:0.19712

#9: Calb           
position  1:    T:0.26142    C:0.10152    A:0.40609    G:0.23096
position  2:    T:0.27919    C:0.22335    A:0.34772    G:0.14975
position  3:    T:0.50508    C:0.07107    A:0.34010    G:0.08376
Average         T:0.34856    C:0.13198    A:0.36464    G:0.15482

Sums of codon usage counts
------------------------------------------------------------------------------
Phe F TTT      57 | Ser S TCT      94 | Tyr Y TAT     117 | Cys C TGT      53
      TTC      54 |       TCC      82 |       TAC      53 |       TGC      26
Leu L TTA      98 |       TCA      61 | *** * TAA       0 | *** * TGA       0
      TTG     116 |       TCG      19 |       TAG       0 | Trp W TGG      34
------------------------------------------------------------------------------
Leu L CTT      28 | Pro P CCT      23 | His H CAT      22 | Arg R CGT      39
      CTC       9 |       CCC      19 |       CAC      22 |       CGC      12
      CTA      14 |       CCA      53 | Gln Q CAA      99 |       CGA       8
      CTG      24 |       CCG      21 |       CAG      60 |       CGG       6
------------------------------------------------------------------------------
Ile I ATT     171 | Thr T ACT     107 | Asn N AAT     101 | Ser S AGT      27
      ATC     160 |       ACC      45 |       AAC      45 |       AGC      20
      ATA      36 |       ACA      44 | Lys K AAA     140 | Arg R AGA     192
Met M ATG      54 |       ACG      10 |       AAG     105 |       AGG      24
------------------------------------------------------------------------------
Val V GTT      55 | Ala A GCT      74 | Asp D GAT      82 | Gly G GGT      67
      GTC      58 |       GCC      69 |       GAC      66 |       GGC      20
      GTA      25 |       GCA      71 | Glu E GAA     193 |       GGA      32
      GTG      37 |       GCG      21 |       GAG      67 |       GGG       5
------------------------------------------------------------------------------


Codon position x base (3x4) table, overall

position  1:    T:0.24365    C:0.12944    A:0.36125    G:0.26565
position  2:    T:0.28088    C:0.22927    A:0.33051    G:0.15933
position  3:    T:0.31500    C:0.21433    A:0.30062    G:0.17005
Average         T:0.27985    C:0.19101    A:0.33080    G:0.19835

Codon frequencies under model, for use in evolver (TTT TTC TTA TTG ... GGG):
  0.01639344  0.01639344  0.01639344  0.01639344
  0.01639344  0.01639344  0.01639344  0.01639344
  0.01639344  0.01639344  0.00000000  0.00000000
  0.01639344  0.01639344  0.00000000  0.01639344
  0.01639344  0.01639344  0.01639344  0.01639344
  0.01639344  0.01639344  0.01639344  0.01639344
  0.01639344  0.01639344  0.01639344  0.01639344
  0.01639344  0.01639344  0.01639344  0.01639344
  0.01639344  0.01639344  0.01639344  0.01639344
  0.01639344  0.01639344  0.01639344  0.01639344
  0.01639344  0.01639344  0.01639344  0.01639344
  0.01639344  0.01639344  0.01639344  0.01639344
  0.01639344  0.01639344  0.01639344  0.01639344
  0.01639344  0.01639344  0.01639344  0.01639344
  0.01639344  0.01639344  0.01639344  0.01639344
  0.01639344  0.01639344  0.01639344  0.01639344


TREE #  1:  (((((1, 4), (3, 2)), 5), 6), ((7, 8), 9));   MP score: 1306
This is a rooted tree.  Please check!
lnL(ntime: 16  np: 18):  -7406.278514      +0.000000
  10..11   11..12   12..13   13..14   14..1    14..4    13..15   15..3    15..2    12..5    11..6    10..16   16..17   17..7    17..8    16..9  
 0.039320 0.115220 0.439882 0.099755 0.408341 0.153316 0.032424 0.195313 0.333602 1.016681 0.728553 0.061163 0.335050 1.462038 0.771978 1.614680 1.527612 0.102518

Note: Branch length is defined as number of nucleotide substitutions per codon (not per neucleotide site).

tree length =  7.807316

(((((1: 0.408341, 4: 0.153316): 0.099755, (3: 0.195313, 2: 0.333602): 0.032424): 0.439882, 5: 1.016681): 0.115220, 6: 0.728553): 0.039320, ((7: 1.462038, 8: 0.771978): 0.335050, 9: 1.614680): 0.061163);

(((((Scer: 0.408341, Spar: 0.153316): 0.099755, (Smik: 0.195313, Sbay: 0.333602): 0.032424): 0.439882, Ncas: 1.016681): 0.115220, Cgla: 0.728553): 0.039320, ((Agos: 1.462038, Klac: 0.771978): 0.335050, Calb: 1.614680): 0.061163);

Detailed output identifying parameters

kappa (ts/tv) =  1.52761

omega (dN/dS) =  0.10252

dN & dS for each branch

 branch          t       N       S   dN/dS      dN      dS  N*dN  S*dS

  10..11     0.039   864.1   317.9  0.1025  0.0039  0.0381   3.4  12.1
  11..12     0.115   864.1   317.9  0.1025  0.0114  0.1117   9.9  35.5
  12..13     0.440   864.1   317.9  0.1025  0.0437  0.4264  37.8 135.5
  13..14     0.100   864.1   317.9  0.1025  0.0099  0.0967   8.6  30.7
  14..1      0.408   864.1   317.9  0.1025  0.0406  0.3958  35.1 125.8
  14..4      0.153   864.1   317.9  0.1025  0.0152  0.1486  13.2  47.2
  13..15     0.032   864.1   317.9  0.1025  0.0032  0.0314   2.8  10.0
  15..3      0.195   864.1   317.9  0.1025  0.0194  0.1893  16.8  60.2
  15..2      0.334   864.1   317.9  0.1025  0.0332  0.3234  28.6 102.8
  12..5      1.017   864.1   317.9  0.1025  0.1010  0.9855  87.3 313.3
  11..6      0.729   864.1   317.9  0.1025  0.0724  0.7062  62.6 224.5
  10..16     0.061   864.1   317.9  0.1025  0.0061  0.0593   5.3  18.8
  16..17     0.335   864.1   317.9  0.1025  0.0333  0.3248  28.8 103.2
  17..7      1.462   864.1   317.9  0.1025  0.1453  1.4172 125.5 450.5
  17..8      0.772   864.1   317.9  0.1025  0.0767  0.7483  66.3 237.9
  16..9      1.615   864.1   317.9  0.1025  0.1605  1.5652 138.7 497.5

tree length for dN:       0.7759
tree length for dS:       7.5680


Time used:  0:15
