      9   1182

Scer                            AAG AAT ATA TTT GAG ACA GAT AAG GGT ACT AAT ATT GGT TTC GCA GAA CAT GGG TAC GAA GAC ACC CGT TTC ACT GAT AGA AGT AAA AAG ATT AAG TAT TGC TAT GTT AAT GTA AAC GAG ATT TCT ACA AAG AAG ATT CAA GGC TCT CGT GAT AAG GTG ACT GGG ATC GAT GAT CGT TGG AAG ATT GGT CAA GAA ACC CAA CGG CAA ATT ACT ATA ACC TAC AAG GAT GTG TAT TTA ATA GGG CGT GGT GAA TAT TTA TTA CGT AGA GAT TTG GAT ATC ATT TAT GTA ATA AAG GAT AAC GAT GCC GGT TAC GAA TTA ACT AGA AAA TAC TCC TGG GAT ACC AGA AAT CAA TCT GTA GAT ATC GAT ACA ATT CAA CTT ATT AAG ATT ATC GAT AAA CAT CTG CTC AAA GAA AAA ATC GAT CTG TTG AAA CAA GGC TGC AGA GAG CCT GGC TTG CTG TTA CTA ACT GAT GGC AAG GAA AAA GAG TCT TAT ATA AAA CAA GAA TAC GAA GTT TAT GTA ATT CGT TTC GAA GAA GAC AAA GAT GAT AAC CAC CTG TAC AAT ACA AGG TTC GCA TTA TAC AGG AAT GGC TTA AGA AGA AAT GAT TCT TTA TCT GAT AAC TCC TAT AAA AAC AGA GTG GAT ACA GTT GCA ACG AGA GGT TTA ACA GGC AAA ATC AGG ATT ATG AAA ATG GCA GAA TCC TTT AAT CCT GAT TCC TTC GAT GTT CTT AAA GAT TAC GTA CGT TTC GAT TTG TCT AAT GAA ACC TGG GAG TTG GCT ACT GAA TTC GAT CAA ATT TTC AAG ACA ATA TTG TAC GCA GCC GAA GAA GGC AAT GAT TGG GAT GAT ATT ACA CAA TAT ATC GCC CAA CGT TAT GTA GAT GAT ATG AAC CAG GAA ACT TTA ATT ATT ATC GAT GCT AGG ACT TGG GGC TTC GAT ACG GAA ATA CAT GAT TAC AAA CAA CTG GGT ACA GAT TAT TGC TTG GAC ATC CAA AAT CCG CTG CAT CAA GCC GAT AAA GCA AGA TAT AAT GCT CAA GAA AAT TGG AAA GGT GGG TTA ATT AGA AAG ATC GGG ATT CAA GTG ATC AAC TGG GGT GGT GCT GAC AAT TTG GGT GCT TTA ATC AAT CAA GTC GCA TAC GAT TAT CTG AGA CAA CTT AAA AAG GCT CAT GCA TAT AGA GGT TGG CAA GGG GAA TGG ATT TGG CAC 
Sbay                            AAG AAC ATA TTT GAA ACG GAT AAG GGT ACC AAT ATT GGC TTC GCG GAA CAC GGG TAT GAG GAC ACC CGT TTC ACT GAT AGA AGT AAA AAG ATT AAA TAT TGT TAT GTC AAT GTA AAC GAG ATT TCA ACA AAG AAA ATA AGC GGT TCT CGC GAT AAG GTG ACC GGT ATC GAT GAT CGT TGG AAG ATT GGT CAG GAA ACC CAG CGG CAA ATC ACC ATA ACC TAC AAG GAT GTG TAC TTG ATA GGG CGT GGC GAA TAC TTA TTA CGC AGA GAC TTG GAT ATC ATT TAC GTG ATA AAA GAT AAT GAC GCC GGT TAC GAA TTG ATG AGA AAA TAC TCC TGG GAC ACC AGA AAT CAA TCG GTA GAT ATT GAT ACG ATC CAA CTG ATT AAG ATT ATT GAC AAA CAT CTG CTC AAA GAG AAA GTC GAT CTG TTG AAG CAA GGC TGT AGA GAG CCA GGT TTA CTG CTA TTA ATG GAT GGT AAG GAG AAG GAA TCT TAC ATA AAG CAA GAG TAC GAA GTC TAT GTA ATT CGT TTC GAA GAA GAT AAA GAT GAT AAT CAT CTG TAC AAT ACT AGA TTC GCA CTA TAT AGA AAC GGT CTA AGA AGA AAT GAC TCG TTG TCT GAT AAC TCC TAT AAA AAT AGA GTG GAT ACG GTA GCA ACC CAG GGT CTA ACT GGC AAA ATC AGA ATC ATG AAA ATG GCA GAA TCC TTC AAC CCT GAC TCG TTC GAT GTT CTG AAG GAC TAC GTG CGC TTC GAT TTG GAA AAC GAA ACC TGG GAA TTG GCT ACT GAA TTC GAT CAA ATC TTT AAA ACG ATA TTG TAC GCA GCC GAA GAA GGC AAT GAC TGG GAT GAT ATT ACT CAA TAT TCA GCC CAA CGC TAC GTA GAT GAT ATG AAC CAG GAA ACT TTG ATC ATT ATC GAT GCC AGA ACT TGG GGC TTT GAC ACC GAA ATA CAT GAT TAT AAA CAA CTG GGT ACG GAT TAT TGT TTG GAC TCA CAA AAT CCC CTG CAT CAA GCC GAT AAG GCA AGA TAC AAC GCA CAG GAA AAT TGG AAA GGT GGT CTA ATT AGA AAG ATC GGC ATC CAG GTG ATT AAC TGG GGT GGC GCT GAC AAT TTG GGT GCA TTG ATC ACG AGC GTC GCA TAC GAC TAC CTG AGA CAA CTG AAA AAA GCC CAT GCA TAT AGA GGT TGG CAA GGG GAA TGG ATT TGG CAC 
Smik                            AAG AAT ATA TTT GAA ACA GAT AAG GGT ACC AAT ATT GGC TTC GCA GAA CAT GGT TAT GAA GAC ACC CGT TTT ACC GAT AGA AGT AAA AAG ATT AAA TAT TGT TAT GTT AAT GTA AAC GAA ATT TCT ACG AAG AAA ATA AAA GGT TCC CGC GAT AAG GTA ACT GGT ATC GAT GAT CGC TGG AAG ATT GGT CAG GAG ACC CAG CGG CAG ATT ACC ATA ACC TAC AAG GAT GTG TAT TTA ATA GGT CGT GGT GAG TAT CTA CTA CGC AGA GAC TTA GAT ATC ATT TAT GTA ATA AAA GAT AAT GAC GCC GGT TAC GAA TTG ATG AGA AAA TAC TCC TGG GAT ACC AGA AAT CAG TCT GTA GAT ATT GAT ACG ATT CAA CTT ATT AAG ATT ATT GAT AAG CAT CTG CTC AAA GAA AAA ATT GAT CTG TTA AAA CAG GGT TGT AGA GAG CCT GGT TTA CTG TTA CTA ATG GAT GGT AAG GAG AAG GAG TCC TAT ATC AAA CAA GAG TAC GAA GTT TAT GTA ATT CGC TTC GAA GAG GAC AAA GAT GAT AAC CAT TTG TAC AAT ACG AGG TTC GCA TTA TAT AGG AAT GGT CTA AGA AGA AAT GAT TCT CTA TCC GAT AAC ACA TAT AAA AAT AGA GTG GAT ACG GTC GCA ACA CAG GGT CTA ACG GGC AAA ATC AGA ATT ATG AAA ATG GCA GAG TCT TTC AAT CCT GAC TCG TTC GAT GTT CTT AAG GAC TAC GTA CGC TTT GAT TTG GAA AAT GAA ACC TGG GAG CTA GCT ACT GAA TTT GAT CAG ATC TTT AAG ACG ATT TTA TAC GCA GCC GAG GAG GGT AAT GAT TGG GAT GAT ATA ACG CAA TAT TCG GCC CAG CGC TAT GTA GAT GAT ATG AAC CAT GAA ACC TTG ATC ATA ATT GAT GCC AGG ACT TGG GGC TTT GAC ACA GAA ATA CAT GAT TAT AAA CAA CTA GGG ACT GAT TAT TGT TTA GAC TCG CAA AAT CCC CTG CAC CAA GCC GAT AAG GCA AGA TAT AAC GCC CAG GAG AAT TGG AAG GGG GGT TTA ATT AGG AAG ATC GGT ATT CAG GTG ATT AAC TGG GGT GGT GCT GAC AAT TTA GGT GCC TTG ATC ACA AAA GTC GCA TAC GAT TAT CTA AGA CAA CTT AAA AAA GCC CAT GCA TAT AGA GGT TGG CAA GGT GAG TGG ATT TGG CAC 
Spar                            AAG AAC ATA TTT GAA ACA GAT AAG GGC ACT AAT ATT GGC TTC GCA GAA CAT GGA TAT GAA GAC ACT CGT TTT ACC GAT AGA AGT AAA AAG ATT AAG TAC TGC TAC GTT AAT GTA AAC GAG ATT TCG ACA AAG AAG ATA AGC GGC TCA CGT GAC AAG GTG ACT GGT ATC GAT GAT CGT TGG AAG ATT GGT CAA GAA ACC CAA CGG CAA ATT ACT ATA ACT TAC AAG GAT GTG TAT TTA ATA GGA CGT GGT GAA TAT TTA TTA CGT AGG GAC TTG GAT ATC ATT TAT GTA ATA AAG GAT AAC GAC GCC GGT TAC GAA TTG ATG AGA AAA TAC TCC TGG GAT ACC AGA AAT CAA TCT GTA GAT ATC GAT ACG ATT CAA CTT ATT AAG ATT ATT GAT AAG CAT CTG CTC AAA GAA AAA ATC GAT CTG TTG AAA CAA GGT TGC AGA GAG CCT GGC TTA CTG TTG CTA ATG GAT GGC AAG GAG AAA GAA TCA TAT ATA AAA CAA GAG TAC GAA GTT TAT GTA ATT CGT TTC GAG GAA GAC AAA GAT GAT AAT CAC CTG TAC AAC ACA AGG TTC GCA TTG TAT AGG AAT GGC TTA AGA AGA AAT GAT TCT TTA TCA GAT AAC TCC TAT AAA AAT AGA GTG GAT ACG GTT GCA ACC CAA GGT TTA ACA GGC AAA ATC AGA ATT ATG AAA ATG GCT GAA TCC TTC AAT CCT GAC TCG TTC GAT GTT CTT AAA GAC TAC GTA CGT TTT GAT TTG GAA AAC GAA ACC TGG GAA TTG GCT ACT GAA TTC GAT CAA ATC TTT AAG ACG ATA TTG TAC GCA GCC GAA GAA GGT AAT GAT TGG GAT GAT ATT ACA CAA TAT TCA GCC CAA CGT TAT GTA GAT GAC ATG AAC CAA GAA ACC TTG ATC ATT ATC GAT GCT AGG ACT TGG GGC TTT GAC ACC GAA ATA CAT GAT TAT AAA CAA CTG GGA ACA GAT TAT TGC TTG GAC TCA CAA AGT CCA CTG CAC CAA GCC GAT AAA GCT AGA TAT AAT GCC CAA GAA AAT TGG AAG GGA GGG TTG ATC AGA AAG ATC GGA ATT CAA GTG ATT AAC TGG GGT GGT GCT GAC AAT TTG GGC GCC TTG ATC ACC AGC GTC GCT TAC GAT TAC CTG AGA CAA CTT AAA AAA GCT CAT GCA TAT AGA GGT TGG CAA GGA GAA TGG ATT TGG CAC 
Ncas                            AAG AAC ATT ATG CCC ACG GAC AAG GGT ACT AAT GTG GGA TTC GCA GAA CAT GGG TAT GAG GAT ACA CGT TTT CTT GAT AGA AGC AAA AAG ATC AAG TAC TGT TAC GTT AAT GTA AAT GAA ATT TCG ACT AAG AAG ATT CAA GGT TCG CGT GAT AAG GTG ACA GGG ATC GAT GAT CGT TGG AAA ATT GGT CAC GAA ACC CAC AGG CAA ATT ACT ATA ACA TAC AAG GAC GTC TTC CTA ATA GGG CGT GGG GAA TAC TTG TTG CGT AGA GAT CTA GAA TTG GTG CAC GTG AAT AAG GAC AAC GAT GCT GGT TTT GAA CTA ACT AGA AAA TAT TCT TGG GAT ACA AGA AAT CAA TCA GTA GAC GTG GAA ACG ATT CAA CTA ATC AAG ATA ATT GAC AAA CAT CTA CTT AAA GAA AAA ATC GAC TGT CTA AAA CAA GGT TGT AGA GAA CCA GGT CTA CTA TTA TTA ACT GAT GGT AAA GAA AAG GAA TCG TAT ATA AAA CAA GAA TAT GAA GTT TTC GTA ATA CGT TAC GAA GAA GAT AAA GAA GAT AAC CAT TTC TAC AAT ACT AGA TTT GCT TTA TAT AGA AAC GGT TTA AGA AGA AAT GAT TCA TTG TCG GAT AAC CCG TAT AAA AAC AGA GTC GAT ACG GTG GGG ACT AGA GGT TTA ACT GGA AAA ATC CGA ATT ATG AAA ATG ACG GAA TCT TTT GCA CCC GAC TCT TAC GAA GTC CTA AAG GAC TAT GTG CGT TTT GAA CTT TCT AAT GAA ACC TGG GAA TTG GCT ACA GAG TTC AAC CAA ATT TTT AAG ACG ATT CTA TAC GCT GCT GAG GAA GGT AAT GAT TGG GAT GAT ATC ACT CAA TAT ATC GCT CAA CGT TAC GTA GAT GAT ATG AAT CAG GAG CTT CTA ATT ATC ATA AAC GGT AGA ACT TGG GGA TTT GAC ACT GAG ATA CAT GAC TAT AAA CAG CTG GGT ACA GAC TTC TGT CTT GAT ATC CAA AAT CCA CTA CAT CAA GCT GAT AAG ACG AGA CAC AAT GCT CAC GAA AAT TGG AAA GGT GGT TTA ATA AGA AAA ATC GGC ATT CAC GTC ATT CAC TGG GGA GGG GCC GAT AAT CTA GGT GCT CTA TTG AAT CAA GTG ACG TAT GAT TAT CTG AGA CAG CTA AAA AAA GCT CAT GCT TAC AGA GGA TGG CAA GGG GAA TGG ATT TGG CAC 
Cgla                            AAG AAC ATA GAA GCC GTG GAC AAG GGT ACT AAT ATA GGA TTC GCT GAA CAT GGA TAT GAG GAT ACT CGT TTT CTG GAT AGA AGC AAG AAA ATA AAG TAC TCA TAC GTC AAT GTT AAC GAA ATT TCA ACT AAG AAG ATT CAA GGT TCC CGT GAC AAG GTA ACC GGT ATT GAT GAC AGA TGG AAG ATT GGT AAC GAG ACC AAC AGA CAA ATT ACT ATC ACT TAC AAG GAT GTG TTC CTA ATT GGA CGT GGT GAG TAC CTA CTA CGT AGA GAT CTT GAC ATT ATA CTT GTT AAC AAG GAC AAC GAT GCC GGT TTC GAA TTG ACA AGA AAG TAC TCT TGG GAT ACA AGA AAT CAA TCG GTT GAC GTC GAC ACG ATT CAA TTA ATA AAG ATT ATC GAT AAG CAC CTT CTT AAG GAT AAG ATA GAT TTG CTT AAG CAA GGT TCA AGA GAG CCA GGT TTG CTT ATA TTA ACA GAC GGT AAG GAA AAG GAA TCC TAC ATA AAG CAG GAA TAC GAG GTC TAT GTT ATT AGA TAT GAG GAA GAC AAG GAC GAT AAC CAT CTC TAC AAT ACC CGG TTT GCA ATA TAT CGT AAC GGT CTT AGA AGA AAT GAT TCG TTG TCC GAC AAC CAA TTT AAG AAT AGA GTG GAT ACG GTC ACT ACT AGA GGT CTT ACC GGT AAG ATT AGG ATC ATG AAG ATG ACA GAG TCC TTC TAT CCG GAT TCC TAT GAC GTC TTA AAG GAT TAC GTT CGT TTT GAC GTC TCT AAC GAG ACC TGG GAA TTG GCT ACT GAG TTC AAC CAA ATC TTC AAG ACG ATT CTT TAT GCA GCA AAG GAA GGT AAT GAT TGG GAC GAG ATC ACC CAA TTT ATC GCA CAA CGT TAC GTT GAT GAC ATG AAC AAG GAG CTG TTG ATC ATC ATA AAC GGT CGG ACA TGG GGT TTC GAT ACT GAA ATC CAT GAC TAT AAG CAA CTG GGT ACC GAC TAT TCA TTA GAT ATC CAG AAC CCA CTT CAT CAG GCA GAC AAG ACA AGA CTT AAC GCT AAC GAA AAC TGG AAG GGT GGT ATA ATA CGG AAG ATT GGA ATT AAC GTG ATC ACG TGG GGC GGT GCC GAT AAC CTT GGT GCT TTG ATT AAT CAA GTT ACA TAT GAT TAC CTG AGA CAA TTA AAG AAG GCA CAT GCA TAC AGA GGC TGG CAG GGA GAA TGG ATC TGG CAC 
Agos                            AAG AAC CTG AAA AGG GTA GAT AAG GGA ACA AAC ATC GGG TTC GCC GAG CAC GGA TAT GAG GAC ACG CGT TTT TTA GAC AGA TCT AAG AAG ATC AAG TAC TTC TAC GTG AAC GTT AAC GAG ATC GCG ACC AAG AAG ATT CAG GGG AGC CGT GAC AAG GTC ACC GGG ATC GAC GAC CGC TGG AAG ATC GGT CAT GAG ACT CAT CGC CAG ATC ACA ATC ACG TAC AAA GAC GTT TTT TTA ATA GGA CGC GGC GAG TAC TTG TTG CGT AGA GAT TTG GAT ATC ATC TAT GTC AGC AAG GAC AAC GAC GCC GGC TAT GAA CTG ACG CGC AAG TAC TCG TGG GAT ACG AGA AAC CAG TCG GTT GAC ATC GAT ACG ATT CAG CTA ATC AAA ATT ATT GAT AAG CAC CTC CTG AAG AAT AAG GTG GAC CGG TTG AAG CAG GGG TTC CGC GAG CCT GGG CTC CTC CTC TTG ACG GAC GGG AAG GAG AAG GAG AGC TAC ATC AAG CAG GAG TAC GAG GTG TTC GTT ATT CGC TTC GAA GAA GAC AAG GAT GAC AAC CAT TTG TAC AAC ACG AGG TTT GCG CTC TAT CGC AAT GGG CTA CGC CGT AAC GAT TCG CTA AGC GAC AAC GCA TAC AAA AAT CGC GTT GAC ACG GTC GGC ACG CGC GGC CTA ACG GGT AAG ATC AAG ATC ATG AAG ATG ACC GAG TCG TTC TAT GTG GAC TCG TTC GAT GTC CTA AAG GAC TAC GTC CGT TTT GAT TTG AGC AAT GAG ACT TGG GAG CTC GCA ACC GAG TTT CAG CAG ATC TTT AAG ACG ATA TTG TAC GCG GCG GAG GAA GGG AAT GAT TGG GAC GAC ATC ACG CAG TAC ATC GCG CAG CGT TAC GTT GAC GAC ATG AAT GCA GAG TTA CTG ATC ATC ATC CAG GCG AGG ACG TGG GGT TTT GAC ACG GAG ATC CAC GAT TAT AAG CAG TTG GGG ACT GAC TTC TTC CTG GAC ATC CAG AAC CCC CTC CAT CAA GCG GAC AAG ACC CGC TAT AAC GCG CAT GAA GGG TGG AAG GGG GGT CTC ATT CGC AAG ATC GGC ATC CAT GTT ATT AGT TGG TCT GGC GCG GAC GGG TTG GGA GCG CTG ATC AAC CAG GTG ACC TAT GAT TAC TTG CGC CAG CTA AAG AAG GCC CAT GCG TAT AGG TCT TGG CAA GGA GAA TGG ATC TGG CAC 
Klac                            AAG AAC CTA AAT AGA GTG GAT AAG GGT ACT AAC ATT GGC TTC GCC GAA CAT GGT TAT GAA GAT ACG AGA TTC ATT GAC AGA TCA AAA AAA ATA AAG TAT TAC TAT GTT AAC GTG AAC GAG ATT GTT ACA AAG AAG ATC CAG GGA AGT CGT GAT AAG GTA ACC GGG ATT GAT GAT CGT TGG AAG ATT GGT AAT GAA ACG AAT CGA CAG ATC ACT ATA ACG TAT AAG GAT GTG TAT TTA ATA GGT CGT GGA GAG TAT CTG CTG CGT AGA GAT TTA GAT ATC ATT TAT GTC AAC AAG GAT AAT GAT GCT GGT TAT GAA TTG ACT AGA AAG TAC TCC TGG GAT ACT AGA AAC GGT TCT GTG GAT ACG GAT ACA ATC CAG CTT ATA AAG ATT ATT GAT AAA CAT TTA TTG AAG GAC AAG ATC GAT CGG TTA AAA CAG GGT TAC AGA GAG CCG GGA CTT TTA ATT TTG ACT GAT GGA AAG GAA AAG GAA AGT TAC ATA AAA CAA GAA TAC GAA GTT TTT GTG ATT CGT TAT GAT GAA GAT AAG GAT GAT AAC CGT TTA TAT AAT ACC AGG TTC GCT ATT TAT AGA AAT GGA TTA AGA AGA AAC GAT TCT TTG AGT GAT AAC AAG TAC AGA AAT AGA GTG GAT ACA GTA GGA ACC AGG GGT TTA ACC GGA AAG ATT AAA ATC ATG AAG ATG ACA GAA TCC TTT TAC CCA GAT TCC TAT GAT GTC CTT AAG GAT TAC GTC CGT TTC GAT TTG TCT AAT GAA ACG TGG GAA TTG GCA ACC GAA CTA TAT CAG ATT TTT AAA ACA ATC TTA TAC GCT GCA GAG GAA GGT AAC GAT TGG GAT GAT ATT ACC CAG TAC ATT GCA CAG CGT TAT GTG GAC GAT ATG AAT AAA GAA ATT TTG ATT ATT ATC TAT GCG AGG ACA TGG GGA TTT GAT ACC GAA ATA CAC GAT TAT AAA CAG TTG GGT ACA GAT TTT TAC CTC GAT ATT CAA AAC CCA TTA CAT CAA GCA GAT AAG ACA AGA TAT AAT GCG AAT GAA TCT TGG AAA GGT GGT ATT ATT AGA AAG ATT GGA ATC AAT GTG ATT AGT TGG GCT GGA GCC GAT TCT TTA GGT GCG TTG ATC AAT CAG GTT ACA TAT GAT TAC TTG AGA CAG CTT AAA AAG GCT CAT GCT TAT AGA GCT TGG CAA GGT GAA TGG ATT TGG CAC 
Calb                            AAA AAT TTA AAA CCT ATT GAC AAA GGG ACT AAC ATT GGA TTT TGT GAA CAC GGC TAT GAA GAC ACT AGA TTT TAC GAT AAA ACT AAA AAA ATA AAG TAT TAT TAT GTT AAC GTG AAC GAA ATT ATT ACG AAA AAG GTT CAA GGT TCA AGA GAT AAA ATT ACC GGA ATT GAT GAC AGA TGG AAA ATT GGG CAC GAA ACG CAC AGA CAA ATA ACT TTA ACT TAC AAA GAT GTC TAT TTG TTG GGC AGA AAT GAA AAT CTC CTC AGA CGA GAT TTA GAA TTA ATT CAA GTT AAC AAG GAC AAC GAT GCT GGT TTT GAA CTC ACT AGA AAA TAC TCC TGG GAT ACC AAA AAC GAA CCT GTG GAC ATG GAA ACT GTT CAA TTA ATA AAA ATT ATT AAT AAG CAT TTG TTA AAA CGT AAC GTT GAT TGC TTA AAG CAA GGT TAT AGA GAG CCA GGT TTA TTG ACT TTA ACT GAT GGT AAG GAG AAG GAA TCA TAT ATT AAA CAA GAG TAT GAA GTT TTT GTG ATT AGA TTC GAA GAA GAT AAA GAA GAT AAC AAA ACT TAC AAT ACC CGC TTT GCC ACT TAT AAG ACT GGT TTA AGA AGA AAC GAT CCT TTA TCA GAC AAC AAC TAT AAA GCT AGA GTC GAT ACT TAT GGA ACT AGA GGT TTA ACC GGT AAA ATT CGA ATT ATG AAC ATG TTA GAA TCA TTT ACT GTG GAT GGA TTC GAA GTT TTA AAG GAT TAC GTT AGA TTT GAA TTG GAA AAT GAA ACG GGT GAA TTG GCA ACT GAA TTT CAA CAA ATC AAT AAG ACT ATC TTA TAC GCC GCA GAG GAA GGT AAC GAT TAC GAC GAT ATT ACC CAA TAT ATA GCA CAA AGA AAT GTG GAT GAT ATG AAC AAT GAT TAC CTC ATC ATT ATA CAA ACT CGC ACC TGG GGT AAT GAT ACT GAA TTA AAA GAC TAT AAA CAA TTG GGT GAT GAC TTT TAT ATG GAC ATA CAA AAT CCA TTG CAA TCC GCA GAC AAG TTA AGA CAA AAC GCC CAC GAA GAT TGG AAA GGT GGG ACT ATT CGT AAA ATT GGT ATA CAC GTC ATT GGT TAC GCC AAT GCA GAC GAT TTA GGG GCC CTC TTA AAC CAA ATT TTA TAC GAT TAC TTG AGA CAA TTA AAA AAA GCC CAT GCC TAT AGG GCC GGT TCC GGC GAA TGG ATC TGG CAC 



Printing out site pattern counts


         9        702  P

Scer                            AAA AAA AAA AAA AAA AAA AAA AAA AAA AAC AAC AAC AAC AAC AAC AAC AAG AAG AAG AAG AAG AAG AAG AAG AAT AAT AAT AAT AAT AAT AAT AAT AAT AAT AAT ACA ACA ACA ACA ACA ACC ACC ACC ACG ACT ACT ACT ACT ACT ACT AGA AGA AGA AGA AGA AGA AGA AGG AGG AGG AGT ATA ATA ATA ATA ATA ATA ATC ATC ATC ATC ATC ATC ATC ATG ATT ATT ATT ATT ATT ATT ATT ATT ATT ATT ATT ATT CAA CAA CAA CAA CAA CAA CAA CAA CAC CAC CAG CAT CAT CAT CAT CAT CCG CCT CCT CGG CGT CGT CGT CGT CTA CTC CTG CTG CTG CTG CTT GAA GAA GAA GAA GAA GAA GAA GAA GAA GAA GAA GAA GAA GAA GAC GAC GAG GAG GAG GAG GAT GAT GAT GAT GAT GAT GAT GAT GAT GAT GAT GAT GAT GAT GAT GAT GCA GCA GCA GCA GCC GCC GCT GCT GCT GCT GCT GGC GGC GGC GGG GGG GGG GGG GGT GGT GGT GGT GGT GGT GGT GTA GTA GTC GTG GTG GTT GTT GTT TAC TAC TAC TAC TAC TAC TAC TAT TAT TAT TAT TAT TAT TAT TAT TAT TCC TCC TCC TCC TCT TCT TCT TCT TGC TGG TGG TGG TTA TTA TTA TTA TTA TTA TTC TTC TTC TTC TTC TTC TTG TTG TTG TTG TTG TTT TTT 
Sbay                            ... ... ... ... ... ... ..G ..G ..G ... ... ... ... ..T ..T ..T ..A ..A ..A ... ... ... ... ... ..C ..C ..C ..C ..C ... ... ... ... ... .CG ... ..G ..G ..G ..T ... ... ... ..C ..C ..C ... ... ... .TG ... ... ... ... ... ... CAG ..A ..A ..A ... ... ... ... ... ... ... ... ... ... ..T ..T G.. TCA ... ..A ..C ..C ..C ..C ... ... ... ... ... ... ... AGC ... ... ... ... ... ... ..G ... ..T ... ..C ... ... ... ... ..C ..A ... ... ..C ... ... ... T.. ... ... ... ... ... ..G ... ... ... ... ... ... ... ... ... ... ... ..G ..G ..G ... ..T ..A ..A ... ... ..C ..C ..C ..C ..C ... ... ... ... ... ... ... ... ... ... ... ... ... ... ..G ... ... ..A ..C ..C ... ... ... ... ..T ..C ... ..T ..T ..C ..C ... ... ... ... ... ... ..G ... ... ... ..A ..C ... ... ... ... ... ... ... ..T ..C ..C ..C ..C ..C ... ... ... ... ... ... ... ..G GAA ..A ..G ... ..T ... ... ... C.. C.. ... ..G ..G ..G ... ... ... ... ... ..T ..A ... ... ... ... ..C ... 
Smik                            ... ... ... ... ..G ..G ... ... ..G ... ... ... ... ... ..T ..T ..A ..A ... ... ... ... ... ... ..C ... ... ... ... ... ... ... ... ... .CA ..G ... ..G ..T ..G ... ... ... ..A ..C ... ..C ... ... .TG ... ... ... ... ... ..G CAG ..A ... ... ... ... ... ... ... ..C ..T ... ... ..T ..T ..T ..T TCG ... ..A ..C ... ... ... ..A ... ... ... ... ... ... A.. ... ... ... ... ..G ..G ..G ... ..T ..T ... ..C ... ... ... ..C ... ... ... ..C ..C ... ... ... ... ..A ... ... T.. ... ... ... ... ... ... ... ... ..G ..G ..G ..G ... ... ..G ... ... ..A ... ..A ... ..C ..C ..C ... ... ... ... ... ... ... ... ... ... ... ... ... ... ... ... ... ... ... ..C ..C ..C ... ... ... ..T ..T ..T ..T ..T ..T ..C ... ..G ... ... ... ... ... ... ... ..A ... ..C ... ... ... ... ... ... ... ... ..T ... ... ... ... ... ... ... ... ... A.A ... ..T ..G GAA ... ... ..C ..T ... ... ... C.. ... C.. C.. ... ..G ... ... ... ..T ..T ..T ..A C.A ..A ..A ... ..C ... 
Spar                            ... ... ... ... ..G ..G ... ... ... ... ... ... ... ..T ... ..T ..A ... ... ... ... ... ... ... ... ..C ..C ... ... ..C ... ... ... .G. .CC ... ... ..G ... ... ... ... ..T ..C ... ... ..C ... ... .TG ... ... ... ... ..G ... CA. ..A ... ... ... ... ... ... ... ... ... ... ... ... ... ..T ... TCA ... ..A ..C ... ... ... ... ..C ... ... ... ... ... AGC ... ... ... ... ... ... ... ... ... ..A ... ..C ... ... ... ..A ... ... ... ... ... ... ... ... ... ... ... ... ... ... ... ... ... ... ... ... ..G ... ... ... ... ... ... ..G ... ... ..A ..A ... ... ..C ..C ..C ... ... ..C ... ... ... ... ... ... ... ... ... ... ... ... ..T ... ... ... ..C ... ... ... ... ... ..T ... ..A ..A ... ..T ..C ... ..A ..C ... ... ... ... ... ... ... ... ... ... ... ... ... ... ... ... ... ..T ..C ... ... ... ... ..C ... ... ... ... ... ... ..G GAA ..G ... ..A ... ... ... ... ... ..G ... ... ... ..G ... ... ... ... ..T ..T ..A ... ... ... ... ..C ... 
Ncas                            ... ... ... ... ... ... ... ... ..G ... ..T ..T C.. ... ... ... ..A ... ... ..A ..A ... ... ... ... ..C ... ..C GCA ... ... ... ... ... ... ..T ..G ..G ... ..T ..A ... ..A ..T ... ..A CT. ..A ... ... ... ... ... ... ... ... ... C.A ..A ..A ..C .AT ... ... ..T ... ..T ... T.G ..A G.G ..T ... ... ... ... ... ... ... ... ..C ..A ..A ..C ... ... G.G ... ... ... ... ..G ... ... ..C ... ..T ... ... ... ... ... ... ..A ..A ..C A.. ... ... ... ... T.. ..T ... ..A TGT T.C ..A ... ... ... ..G ..G ..G ... ... ... ... ..G ... ..G ... ..T ..T CCC ..A ..A ..A ..C ... ... ..C ... ... A.C ..A ..C ..C ..C ... ... ... ... ... ..T .GG A.G ... ..T ..T ... ... .G. ..C ... ..A ..T ..T ..C ... ..T ... ..A ..G ... ... ..A ... ... ... ..G ..G ... ..C ..G ... ..C ... ... ..T ..T ..T .TT ..T ... C.C ..C ... .TC ..C ..C ... .TC C.G ..T ..T ..T ... ..G ..A ..G ..T ... ... ... ... ... ..G ..G C.. C.. .A. ... ..T ... ..T ..T C.A ... C.A C.T C.T ... A.G 
Cgla                            ..G ..G ..G ..G ..G ..G ..G ..G ..G ... ... ... .CG ... ... ..T ... ... ... ... ... ..A ... ... ..C ..C ..C ..C T.. ... ..C ... ... ..C ... ..T GTG ..G ..C ..C ..A ... ..T ..T ... ..C CTG ... ..A ..A ... ... ... ... ... C.G ... ... C.. C.T ..C .AC ..C ..T ... ... ..T ..T ..T ..A G.. ... ..A ... ... ... ..C ..C ... ... ..C ..A ... ..A ..C ... ..A ... ... ..G ..G ... ... ... A.C ... ..T A.. ... ... ..C ... ... ..A ..A ..G A.A ... A.A ... ... T.. ..T ... ..T T.. ..C T.A ... ... ..G ... ..G ..G ..G ... ..G ..G A.G ..T ..G ... ..T ... .CC ..A ..A ... ... ... ... ... ... ..C A.C ..C ..C ..C ... ..C ..C ..G ... ... ... A.T A.. ..T ..A ... ... ..A .G. ..C ... ..T ..T ..T ..A ..A ..T ..T ..A ... ... ... ..C ... ... ..T ..T ..T ..A ... ..C ..C ..C ... ..T ... ... ..T .T. ..T ..C CT. ..C ..C .TC ..C ..C .T. ... CAA ..T ... ... ... ..A ..G ..C .CA ... ... ... C.T A.. C.. ..G C.. ..G .AT ... ..T ... ..T ... ... ... C.T ..A G.C ..C GAA 
Agos                            ... ..G ..G ..G ..G ..G ..G ..G ..G ... ... ..T .GT ... ... ..T ... ... ... ... ... ... ..A ... ..C ..C ... ... T.. ..C GGG ..C ... ..C ..C ..C GT. ..G ..T ..G ..G ..T ..G ... ..A ..C TTA ..C ..G ..G ... ..G C.C C.T ... C.C C.C .A. ... C.C TC. .GC ..C ... C.G ..C ... ... ... ... ... ..T G.G ... ... ... ..C ..C ..C ... ..C ... ... ..C ..C ..C ..C ..G ..G ... ..G ..G ..G ..G ..T ... ..T GCA ..C ... ..C ..C ... ..C ... GTG ..C ... ..C ..C ... T.G ..G T.. ..C .G. T.. ..A ... ..G ..G ..G ..G ..G ... ... ..G ..G ..G A.T ..G ..G ... ... AG. ... ... ... ..C ..C ... ... ... ..C C.G ... ..C ... ..C ..C ..C ..C ..C ..C ..G .GC A.C ..C ..G ... ..G ..C ..G ..G ..A ..T ..G ..G ..C ..A ..T ... ..G ..C ..G ..A TC. ..C ... ..T ..C ..G ..C ..T ..C ..G ..C ... ... ... ... ..T ..T ..T ..C ... ..C ..C .T. ..C ... ..C .TC G.A ..G ..G ..G AGC G.G ..G AGC .T. ... ... ... C.. C.C ..G C.. ... C.G ... ... ..T ..T ..T ..T C.C C.C ... C.. ... ..C AAA 
Klac                            .G. ... ..G ..G ... ... ... ... ..G ... ... ..T .GT ... ..T ..T ... ... ..A ... ... ..A ... ... ... ..C ... ... T.C ... TC. ..C ..C ..C ... ... GTG ... ... ..C ..T ..G ..G ..C ... ..C .T. ..C ..A ... ... ... ... ... ... ... ..G .AA ... ..A TCA .AC ... ... C.. ... ..C ..T ... ... .CG ..T ... ..T ... ..C ... ..C ..C ..C ... ... ... ..A ... ... ... ..G ..G ... ... ..G ..G GGT A.T ... .GT A.A ... ... ... ..C ... ..A ..G ..A ..A ... ... ... A.A T.G T.G T.. T.A .G. T.A ... ... ... ... ... ... ... ..T ... ... ..G ..G ..C ... ... ..T ..T AGA ..A ... ... ... ... ... ... ... ... T.. ... ... ... ... ... ... ... ..C ... ..T .G. A.. ..C ..A ..T ..G ... ..G ..C ..A ..A ..T ..A ..A ..T ..T ... ..C ..A ... ... .C. ... ... ..G ..C ..T ..A ... ..A ... ..C ..T ... ... ... ..T ..T ..T ..C ... ... ..C ... ... ... ..C .T. AAG ... ... ... ... GT. ... AG. .A. ... ... ... ... A.T C.G ..G ... ..G .AT ... ... C.A ... ..T C.T ... ..A C.C ... ... AA. 
Calb                            ... ... ... ..C ... ..G ... ..G ..G ... ... ... GGT ... ... GCT ..A ... ... ..A ... ..A ..A ..A ..C ... ... .C. .C. ... G.. ..C ..C ... ..C ..G .TT ..T GAT ..C ... ..G ..T ..T ... ..C TAC ... ..C ... .A. ..G ... ... C.. C.T ... C.A C.C .A. .C. .AC T.. T.G T.. ..T ..C ..T T.A ..A ..G ..T G.T ..A ... G.. ..C ... ..A G.. ... ... ... ..A ..C ... ... ... ... TCC ... ... ... G.. ..C ... A.A A.T ..C ..A ... A.A ... ..A ..A GTG A.A A.A A.A A.A A.A T.. T.A T.. T.. TGC ACT T.A ... ... ... ... ... ..T ... ... ... ... ..G CGT ... ..G ... ..T CCT ..A ..A ... ... ... ... A.. ... ... C.A ..A ..C ..C ... ..C ... ... ... ... ..C .G. TT. TGT ..A ..T ..C ..C A.. ..A ..A ..T ..T ..T ..T ..C ... ..A ..A AA. ... ..G .CC ... ..G ..G ..T A.T A.T ..C TA. ... ... ... ... ... ..T ... .TT ..T ..C C.A A.. ... ... ... ... ... .T. AA. ... ..A GGA GAA AT. C.. ..A .AT G.T .AC ... ... ACT C.C ... ..G C.C ... ..T ..T ..T ..T AAT ..A ... ..A A.. ... ... AAA 

    1    3    4    2    1    1    1    1    3    1    1    1    1    1    1
    1    1    3    1    2    1    1    2    4    1    1    1    1    1    1
    2    4    1    1    1    1    1    3    1    3    1    2    2    2    2
    1    2    1    1    2    2    1    6    1    1    1    1    1    2    1
    1    1    2    1    1    1    1    3    2    1    1    2    1    2    3
    1    2    1    2    1    2    1    2    2    1    2    2    2    2    2
    2    2    4    1    4    1    1    1    1    1    1    1    1    1    1
    1    1    4    2    1    1    1    1    2    3    1    1    3    1    1
    2    1    1    1    1    4    2    1    1    1    1    2    3    1    1
    2    1    1    3    1    1    1    4    2    2    5    3    2    2    4
    1    1    2    3    3    1    3    1    3    1    2    1    1    1    1
    2    2    4    1    3    1    1    1    2    2    2    2    2    1    4
    2    1    1    3    1    2    1    2    1    2    1    1    1    3    1
    2    2    1    1    2    1    2    2    1    1    1    1    1    1    2
    3    3    2    2    6    2    3    2    1    1    3    2    1    1    1
    2    2    1    1    4    1    1    1    1

CODONML (in paml version 4.9j, February 2020)  temp.nuc
Model: One dN/dS ratio, 
Codon frequency model: Fequal
ns =   9  ls = 394

Codon usage in sequences
--------------------------------------------------------------------------------------------------------------------------------------
Phe TTT   2   3   6   5   7   5 | Ser TCT   7   3   4   2   4   2 | Tyr TAT  14  10  17  14  11  10 | Cys TGT   0   3   3   0   4   0
    TTC   9   8   5   6   6   7 |     TCC   4   3   4   3   0   5 |     TAC  11  15   8  11  10  12 |     TGC   3   0   0   3   0   0
Leu TTA  12   4  10   7   6   5 |     TCA   0   3   0   5   2   4 | *** TAA   0   0   0   0   0   0 | *** TGA   0   0   0   0   0   0
    TTG   8  12   5  13   6   7 |     TCG   0   3   3   2   4   2 |     TAG   0   0   0   0   0   0 | Trp TGG  10  10  10  10  10  10
--------------------------------------------------------------------------------------------------------------------------------------
Leu CTT   3   0   3   3   5  12 | Pro CCT   2   1   2   2   0   0 | His CAT   5   5   6   4   6   5 | Arg CGT   8   4   2   8   8   7
    CTC   1   1   1   1   0   1 |     CCC   0   1   1   0   2   0 |     CAC   2   2   2   3   8   2 |     CGC   0   4   6   0   0   0
    CTA   1   5   9   1  15   3 |     CCA   0   1   0   1   2   2 | Gln CAA  19  13   8  19  13  12 |     CGA   0   0   0   0   1   0
    CTG   7  10   4   7   2   4 |     CCG   1   0   0   0   1   1 |     CAG   1   6  10   0   3   4 |     CGG   1   1   1   1   0   3
--------------------------------------------------------------------------------------------------------------------------------------
Ile ATT  19  15  20  17  14  15 | Thr ACT   9   7   4   7  11   9 | Asn AAT  15  12  15  12  15   8 | Ser AGT   1   1   1   2   0   0
    ATC  12  12   8  11  10  12 |     ACC   5  10   9   8   2   7 |     AAC   7   9   6   8   8  19 |     AGC   0   2   0   2   1   1
    ATA   7   8   8   8   8  12 |     ACA   9   1   5   6   6   7 | Lys AAA  17  17  18  16  18   1 | Arg AGA  13  16  12  12  16  15
Met ATG   3   5   5   5   4   3 |     ACG   2   6   7   3   7   4 |     AAG  15  15  16  16  14  33 |     AGG   4   0   4   4   1   1
--------------------------------------------------------------------------------------------------------------------------------------
Val GTT   4   1   3   4   2   7 | Ala GCT   6   2   2   7  11   4 | Asp GAT  37  28  32  30  23  21 | Gly GGT  12  15  21  10  15  20
    GTC   1   4   2   1   4   6 |     GCC   4   6   8   6   1   3 |     GAC   4  13   9  11  11  18 |     GGC   8   8   3   9   1   2
    GTA   6   5   7   6   4   1 |     GCA   8   9   8   5   2   7 | Glu GAA  20  20  13  21  24  13 |     GGA   0   0   0   6   5   5
    GTG   4   6   3   4   8   4 |     GCG   0   1   0   0   0   0 |     GAG   5   6  13   5   5  11 |     GGG   6   3   2   1   7   0
--------------------------------------------------------------------------------------------------------------------------------------

--------------------------------------------------------------------------------------
Phe TTT   7   5   9 | Ser TCT   3   5   0 | Tyr TAT   9  19  15 | Cys TGT   0   0   1
    TTC   9   4   2 |     TCC   0   3   3 |     TAC  14  12  11 |     TGC   0   0   1
Leu TTA   3  11  21 |     TCA   0   1   4 | *** TAA   0   0   0 | *** TGA   0   0   0
    TTG  11  10   9 |     TCG   5   0   0 |     TAG   0   0   0 | Trp TGG  10  10   6
--------------------------------------------------------------------------------------
Leu CTT   0   4   0 | Pro CCT   1   0   3 | His CAT   7   4   2 | Arg CGT   6   8   2
    CTC   8   1   5 |     CCC   1   0   0 |     CAC   4   2   6 |     CGC  13   0   2
    CTA   6   2   0 |     CCA   0   2   2 | Gln CAA   2   4  17 |     CGA   0   1   2
    CTG   6   2   0 |     CCG   0   1   0 |     CAG  15  10   0 |     CGG   1   1   0
--------------------------------------------------------------------------------------
Ile ATT   7  24  20 | Thr ACT   3   5  20 | Asn AAT   6  13  12 | Ser AGT   1   4   0
    ATC  26  10   4 |     ACC   6   7   6 |     AAC  13  11  16 |     AGC   5   0   0
    ATA   2   6   7 |     ACA   2   9   0 | Lys AAA   4  11  25 | Arg AGA   3  16  17
Met ATG   3   3   5 |     ACG  14   5   3 |     AAG  30  23  11 |     AGG   4   3   1
--------------------------------------------------------------------------------------
Val GTT   7   4   8 | Ala GCT   0   7   2 | Asp GAT  13  38  25 | Gly GGT   4  14  16
    GTC   5   3   3 |     GCC   3   2   8 |     GAC  26   3  12 |     GGC   6   1   3
    GTA   1   2   0 |     GCA   3   4   5 | Glu GAA   6  18  25 |     GGA   5  10   4
    GTG   5   8   5 |     GCG  11   3   0 |     GAG  17   4   4 |     GGG  12   1   4
--------------------------------------------------------------------------------------

Codon position x base (3x4) table for each sequence.

#1: Scer           
position  1:    T:0.20305    C:0.12944    A:0.35025    G:0.31726
position  2:    T:0.25127    C:0.14467    A:0.43655    G:0.16751
position  3:    T:0.36548    C:0.18020    A:0.28426    G:0.17005
Average         T:0.27327    C:0.15144    A:0.35702    G:0.21827

#2: Sbay           
position  1:    T:0.19543    C:0.13706    A:0.34518    G:0.32234
position  2:    T:0.25127    C:0.14467    A:0.43401    G:0.17005
position  3:    T:0.27919    C:0.24873    A:0.25888    G:0.21320
Average         T:0.24196    C:0.17682    A:0.34602    G:0.23519

#3: Smik           
position  1:    T:0.19036    C:0.13959    A:0.35025    G:0.31980
position  2:    T:0.25127    C:0.14467    A:0.43909    G:0.16497
position  3:    T:0.35787    C:0.18274    A:0.24873    G:0.21066
Average         T:0.26650    C:0.15567    A:0.34602    G:0.23181

#4: Spar           
position  1:    T:0.20558    C:0.12690    A:0.34772    G:0.31980
position  2:    T:0.25127    C:0.14467    A:0.43147    G:0.17259
position  3:    T:0.32234    C:0.21066    A:0.28680    G:0.18020
Average         T:0.25973    C:0.16074    A:0.35533    G:0.22420

#5: Ncas           
position  1:    T:0.17766    C:0.16751    A:0.34264    G:0.31218
position  2:    T:0.25635    C:0.13959    A:0.42893    G:0.17513
position  3:    T:0.34518    C:0.16244    A:0.30964    G:0.18274
Average         T:0.25973    C:0.15651    A:0.36041    G:0.22335

#6: Cgla           
position  1:    T:0.17513    C:0.14213    A:0.37310    G:0.30964
position  2:    T:0.26396    C:0.14467    A:0.42893    G:0.16244
position  3:    T:0.31726    C:0.24112    A:0.22081    G:0.22081
Average         T:0.25212    C:0.17597    A:0.34095    G:0.23096

#7: Agos           
position  1:    T:0.18020    C:0.17766    A:0.32741    G:0.31472
position  2:    T:0.26904    C:0.13198    A:0.42132    G:0.17766
position  3:    T:0.18782    C:0.35279    A:0.09391    G:0.36548
Average         T:0.21235    C:0.22081    A:0.28088    G:0.28596

#8: Klac           
position  1:    T:0.20305    C:0.10660    A:0.38071    G:0.30964
position  2:    T:0.25127    C:0.13706    A:0.43655    G:0.17513
position  3:    T:0.39086    C:0.14975    A:0.24619    G:0.21320
Average         T:0.28173    C:0.13113    A:0.35448    G:0.23266

#9: Calb           
position  1:    T:0.20812    C:0.10406    A:0.37310    G:0.31472
position  2:    T:0.24873    C:0.14213    A:0.45939    G:0.14975
position  3:    T:0.34264    C:0.20812    A:0.32741    G:0.12183
Average         T:0.26650    C:0.15144    A:0.38663    G:0.19543

Sums of codon usage counts
------------------------------------------------------------------------------
Phe F TTT      49 | Ser S TCT      30 | Tyr Y TAT     119 | Cys C TGT      11
      TTC      56 |       TCC      25 |       TAC     104 |       TGC       7
Leu L TTA      79 |       TCA      19 | *** * TAA       0 | *** * TGA       0
      TTG      81 |       TCG      19 |       TAG       0 | Trp W TGG      86
------------------------------------------------------------------------------
Leu L CTT      30 | Pro P CCT      11 | His H CAT      44 | Arg R CGT      53
      CTC      19 |       CCC       5 |       CAC      31 |       CGC      25
      CTA      42 |       CCA      10 | Gln Q CAA     107 |       CGA       4
      CTG      42 |       CCG       4 |       CAG      49 |       CGG       9
------------------------------------------------------------------------------
Ile I ATT     151 | Thr T ACT      75 | Asn N AAT     108 | Ser S AGT      10
      ATC     105 |       ACC      60 |       AAC      97 |       AGC      11
      ATA      66 |       ACA      45 | Lys K AAA     127 | Arg R AGA     120
Met M ATG      36 |       ACG      51 |       AAG     173 |       AGG      22
------------------------------------------------------------------------------
Val V GTT      40 | Ala A GCT      41 | Asp D GAT     247 | Gly G GGT     127
      GTC      29 |       GCC      41 |       GAC     107 |       GGC      41
      GTA      32 |       GCA      51 | Glu E GAA     160 |       GGA      35
      GTG      47 |       GCG      15 |       GAG      70 |       GGG      36
------------------------------------------------------------------------------


Codon position x base (3x4) table, overall

position  1:    T:0.19318    C:0.13677    A:0.35448    G:0.31557
position  2:    T:0.25494    C:0.14157    A:0.43514    G:0.16836
position  3:    T:0.32318    C:0.21517    A:0.25296    G:0.20869
Average         T:0.25710    C:0.16450    A:0.34753    G:0.23087

Codon frequencies under model, for use in evolver (TTT TTC TTA TTG ... GGG):
  0.01639344  0.01639344  0.01639344  0.01639344
  0.01639344  0.01639344  0.01639344  0.01639344
  0.01639344  0.01639344  0.00000000  0.00000000
  0.01639344  0.01639344  0.00000000  0.01639344
  0.01639344  0.01639344  0.01639344  0.01639344
  0.01639344  0.01639344  0.01639344  0.01639344
  0.01639344  0.01639344  0.01639344  0.01639344
  0.01639344  0.01639344  0.01639344  0.01639344
  0.01639344  0.01639344  0.01639344  0.01639344
  0.01639344  0.01639344  0.01639344  0.01639344
  0.01639344  0.01639344  0.01639344  0.01639344
  0.01639344  0.01639344  0.01639344  0.01639344
  0.01639344  0.01639344  0.01639344  0.01639344
  0.01639344  0.01639344  0.01639344  0.01639344
  0.01639344  0.01639344  0.01639344  0.01639344
  0.01639344  0.01639344  0.01639344  0.01639344


TREE #  1:  (((((1, 4), (3, 2)), 5), 6), ((7, 8), 9));   MP score: 1155
This is a rooted tree.  Please check!
lnL(ntime: 16  np: 18):  -5986.973527      +0.000000
  10..11   11..12   12..13   13..14   14..1    14..4    13..15   15..3    15..2    12..5    11..6    10..16   16..17   17..7    17..8    16..9  
 0.230830 0.254525 0.939574 0.000004 0.239749 0.135639 0.128095 0.257214 0.263914 0.530580 0.882334 0.218238 0.431021 1.407141 0.660009 3.627009 1.827499 0.030142

Note: Branch length is defined as number of nucleotide substitutions per codon (not per neucleotide site).

tree length = 10.205876

(((((1: 0.239749, 4: 0.135639): 0.000004, (3: 0.257214, 2: 0.263914): 0.128095): 0.939574, 5: 0.530580): 0.254525, 6: 0.882334): 0.230830, ((7: 1.407141, 8: 0.660009): 0.431021, 9: 3.627009): 0.218238);

(((((Scer: 0.239749, Spar: 0.135639): 0.000004, (Smik: 0.257214, Sbay: 0.263914): 0.128095): 0.939574, Ncas: 0.530580): 0.254525, Cgla: 0.882334): 0.230830, ((Agos: 1.407141, Klac: 0.660009): 0.431021, Calb: 3.627009): 0.218238);

Detailed output identifying parameters

kappa (ts/tv) =  1.82750

omega (dN/dS) =  0.03014

dN & dS for each branch

 branch          t       N       S   dN/dS      dN      dS  N*dN  S*dS

  10..11     0.231   856.7   325.3  0.0301  0.0078  0.2590   6.7  84.3
  11..12     0.255   856.7   325.3  0.0301  0.0086  0.2856   7.4  92.9
  12..13     0.940   856.7   325.3  0.0301  0.0318  1.0543  27.2 343.0
  13..14     0.000   856.7   325.3  0.0301  0.0000  0.0000   0.0   0.0
  14..1      0.240   856.7   325.3  0.0301  0.0081  0.2690   6.9  87.5
  14..4      0.136   856.7   325.3  0.0301  0.0046  0.1522   3.9  49.5
  13..15     0.128   856.7   325.3  0.0301  0.0043  0.1437   3.7  46.8
  15..3      0.257   856.7   325.3  0.0301  0.0087  0.2886   7.5  93.9
  15..2      0.264   856.7   325.3  0.0301  0.0089  0.2961   7.6  96.3
  12..5      0.531   856.7   325.3  0.0301  0.0179  0.5954  15.4 193.7
  11..6      0.882   856.7   325.3  0.0301  0.0298  0.9900  25.6 322.1
  10..16     0.218   856.7   325.3  0.0301  0.0074  0.2449   6.3  79.7
  16..17     0.431   856.7   325.3  0.0301  0.0146  0.4836  12.5 157.3
  17..7      1.407   856.7   325.3  0.0301  0.0476  1.5789  40.8 513.6
  17..8      0.660   856.7   325.3  0.0301  0.0223  0.7406  19.1 240.9
  16..9      3.627   856.7   325.3  0.0301  0.1227  4.0698 105.1 1324.0

tree length for dN:       0.3452
tree length for dS:      11.4518


Time used:  0:16
