      9   1179

Scer                            CTG CTG TCT GCC GCT GAC CAG GAG GAA GCT GCC ACT GCC ACT CAA GTT TTT ATG TCT GAA GAT TAT GCT TAC AAT GTC GAC AAC GCT AAG AGT GAA TTG TCC TCT TAC ACT AAA CAA GAG CGA TAC TTG TAT GAC GAA GAA TTA GAG TAC GCT GAA ACC TTC TCT TAC GGA ATT AAA AAG CTA TTT TAT TTC CTG CAC ACC GAA GGT AGA AAC ATT ATG TTT GAC CCT ATC ATC TAT CAT GTT ATC CTG GAG GAA TTG ATT GGT GTC CGT GCT GAA GAT GAC GAA CAC ATC GAA GAT ACA AGA CAA AGA GTT TTG AGA GCT AGA AAG TAT TCT CTA GAA GAA CAG GCT TTA GGC AAG TTG GGT AAG GTT GAA GCC GGT CCA GAA GGT AAT GTG AGA AGT TTA TCT ATT CTG TAC GGT TAC GCA GCT TAT GGT CAA TTG CAT GCC ACC GGT GAA ATC ATT TTG ATT GCT GGT AAT GAA CTG ACA GAG TTT CTA TTG ATC TCT GTC GAA CAC TTG GAA CTA TTG GGA AAA GGT AGA ATC GCC ACC CCA TTT AAA GGT TAT ACT AAA AAA AAG TAT AAA AGA AGG GCT GCC GAC TTG GGA ATT GCT TTT AGA AAG TTT TTC AGA CAC CAC TTG GTC GTC ATT TTG GGC CAT GCT GAG GAC GAA ACT GTT GAA GCC GAA GAA TTT TTG TCT TTG GTC TTA ACA TCG ACA ATT CTA TTT CAA TGT CAC GCC GCT TGT TTT TCC AAT TAT GCT AAA AAT AGA CCA AAA AGA TCT ACT TTG ACT GCT ACT ATT CTG AAA GCC TCC GAA GGT ATC TGT GAA GAC AAG AAG ACC GAA GAA TTG TTG CTA GCA GCT GTT TAT CCA ATA GCT GGA AAA GTC AAA AGG GTT GAA TAT TAT GAA CTG GGT TTA GCT ATG CAA AAA TTT AAC GCA CTG GAG TTA AGA TCT TCC GAA TAT ATC GCT GCT AGG CCT CTA CTC CTG TAC GAA TAC ATC ATC TTC GAG GAT TTG TTG ACA GTT GAC GTT AAC AGG ACA GGT AGA CAC CGG TCT GGA AGA CAA GAC TCA TTT TTG ACA AAG ACT GCA CCA TCT GCC AAT GAA TCT GAA TTA CTA ACT TAC ATT AAC GCT CAA GCT AGA GGT AGA AGA CAC ATT GGC TTG GGT CCA AGA AGG TTG ATC CAT TCT GAA GGT ATC AGA CAT 
Sbay                            CTG TTG TCT GCC GCT GAC CAG GAA GAA GCT GCT ACT GCA ACT CAA GTC TTT ATG TCC GAG GAT TAT GCC TAC AAT GTC GAC AAC GCC AAG AGT GAA TTA TCC TCT TAC ACT AAA CAA GAA AGA TAC TTG TAC GAC GAG GAA TTG GAA TAC GCT GAA ACC TTC TCT TAC GGG ATC AAA AAG TTG TTT TAT TTC TTG CAC ACA GAA GGT AGA AAC ATT ATG TTC GAC CCT ATT ATC TAT CAT GTT ATT TTG GAA GAA TTG ATC GGT GTC CGT GCT GAA GAC GAC GAA CAC ATT GAA GAC ACC AGG CAA AGG GTC TTG AGA GCC AGA AAG TAT TCT CTA GAA GAA CAG GCT TTA GGT AAG CTA GGT AAG GTC GAA GCT GGT CCA GAA GGT AAC GTG AGG AGT TTA TCT ATT TTG TAC AAA TAC GCT GCT TAC GGT CAA TTG CAT GCT ACC GGT GAA ATC ATC TTG ATC GCC GGT GAT GAA TTG ACC GAA TTC CTA TTG ATC TCT GTC GAA CAC CTA GAA TTG TTG GGG AAA AAA AGA ATT GCC ACG CCA TTT AAA AAA TAC ACT CAA AAA AAG TAT AAG AGG AGA GCT GCC GAC TTG GGG ATC GCT TTT AGG AGG TTC TTT AGA CAC CAC CTT GTC GTC ATT TTG GGT CAT GCC GAA GAC GAA ACT GTT GAA GCA GAA GAG TTC TTG TCT TTG GTT TTG ACC GGG ACC ATT TTG TTT CAA TGT CAC GCC GCC TGT TTC TCT AAC TAT GCC AAA GAT AGA CCT AAA AGA TCT ACT TTA ACT GCC ACC ATC CTG AAA GCA TCC GAA GGT ATT TGT GAA GAC AAG AAG ACC GAA GAA TTG TTG CTA GCC GCT GTT TAC CCA ATA GCT GGA AAG GTT CAA AGA GTT GAA TAC TAT GAG TTG GGT TTA GCT ATG CAA AAG TTT AAC GCT CTA GAA TTA AGA TCC TCT GAA TAC ATT GCC GCT AGA CCT CTA CTT CTG TAC GAG TAC ATC ATT TTC GAA GAT CTT CTG ACA GTT GAC GTT AAC AGA ACA AAA AGA CAC CGG TCT GGA AGA CAA GAC TCA TTT TTG ACC AAG ACT GCT CCA TCC GCC AAT GAA TCC GAA TTA CTA ACT TAC ATT AAC GCT CAA GCT AGA GGT AGA AGA CAC ATC GGT TTG GGT CCT AGA AGA TTG ATC CAT TCT GAA GGT ATT AGA CAT 
Smik                            CTG TTG TCT TCT GCT GAT CAG GAA GAA GCT GCC ACA GCC ACT CAA GTT TTT ATG TCT GAA GAT TAT GCC TAC AAT GTC GAC AAC GCT AAA AGT GAA TTG TCT TCT TAC ACT AAA CAA GAA AGA TAC TTG TAC GAT GAA GAA TTG GAA TAC GCT GAA ACC TTC TCT TAC GGA ATT AAA AAG TTA TTT TAT TTC TTG CAT ACT GAA GGT AGA AAC ATT ATG TTC GAC CCT ATT ATT TAT CAT GTT ATA TTG GAA GAA TTG ATT GGT GTA CGT GCT GAA GAT GAC GAA CAT ATT GAA GAT ACC AGA CAG AGA GTT CTA AGA GCC AGA AAG TAT TCT CTA GAA GAA CAA GCT TTA GGG AAA TTG GGG AAG GTT GAA GCC GGT CCA GAA GGT AAT GTG AGA ACT TTA TCT ATT TTG TAC AAA TAC GCG GCT TAT GGT CAA TTG CAT GCC ACC GGT GAA ATT ATT TTG ATT GCT GGT AAT GAA TTG ACA GAA TTT TTA TTG ATC TCT GTC GAA CAC TTG GAA TTA CTA GGA AAA AAA AGA ATC GCT ACT CCA TTC AAA AAA TAT ACT CGG AAA AAG TAT AAG AGA AGA GCT GCT GAC TTG GGA ATT GCT TTT AGA AAG TTT TTT AGA CAC CAC TTG GTA GTC ATT TTG GGG CAT GCT GAA GAC GAA ACT GTT GAA GCC GAA GAA TTC TTA TCT TTG GTT TTA ACA TCG ACC ATT TTA TTT CAG TGT CAC GCT GCT TGT TTC TCC AAT TAT GCT AAA AAT AGA CCA AAG AGA TCT ACT TTG ACT GCC ACT ATT TTG AAA GCC TCT GAA GGT ATT TGT GAA GAT AAG AAG ACC GAG GAA TTA TTA TTA GCC GCT GTT TAC CCA ATA GCT GGC AAA GTC CGG AGA GTT GAA TAC TAT GAA TTG GGT TTA GCT ATG CAA AAA TTT AAC GCA CTA GAG TTA AGA TCT TCA GAA TAC ATT GCC GCT AGA CCT TTA CTC TTG TAC GAA TAC ATC ATC TTC GAA GAT TTG TTA ACA GTT GAC GTT AAC AGA ACA AAA AGA CAC CGC TCT GGC AGA CAG GAC TCA TTT TTA ACA AAG ACT GCA CCA TCC GCT AAT GAA TCT GAA TTA CTA ACT TAT ATT AAC GCT CAA GCT AGA GGT AGA AGA CAC ATT GGG TTG GGT CCA AGA AGA TTG ATC CAT TCT GAA GGT ATT AGA CAT 
Spar                            CTG CTG TCT GCC GCT GAC CAG GGG GAA GCC GCC ACT GCC ACT CAA GTT TTT ATG TCT GAA GAT TAT GCT TAC AAT GTC GAC AAC GCT AAG AGT GAA TTG TCC TCT TAC ACT AAA CAA GGG CGA TGG TTG TAT GAC GAA GAA TTG GAA TAC GCC GAA ACC TTC TCT TAC GGA ATT AAA AAG CTA TTT TAT TTC CTG CAT ACC GAA GGT AGA AAT ATT ATG TTT GAC CCT ATT ATC TAT CAT GTT ATT TTG GGG GAA TTG ATT GGT GTT CGT GCT GAA GAT GAC GAG CAT ATT GAA GAT ACC AGA CAA AGA GTT TTG AGA GCT AGG AAG TAT TCT TTA GAA GAA CAG GCT TTA GGC AAG TTG GGT AAA GTT GAA GCC GGT CCA GAA GGT AAT GTG AGA AGT TTA TCT ATT CTG TGG AAA TAC GCT GCC TAT GGT CAA ATG CAT GCC ACC GGT GAA ATT ATT TTA ATT GCA GGT AAT GAA TTG ACA GGG TTT CTA TTG ATC TCT GTC GAA CAC TTG GAA TTA TTG GGA AAA AAA AGA ATC GCT ACT CCA TTT AAA AAA TAT ACT CAA AAA AAG TAT AAA AGA AGG GCT GCT GAC TTG GGA ATT GCT TTT AGA AAG TTT TTT AGA CAC CAC TTG GTT GTC ATC TTG GGC CAT GCT GGG GAT GAA ACT GTT GAA GCC GAA GAA TTT TTG TCT TTG GTC TTG ACA TCG ACC ATT CTA TTT CAA TGT CAC GCT GCT TGT TTT TCC AAC TAT GCA AAA AAT AGA CCA AAG AGA TCT ACC TTG ACC GCT ACT ATT CTG AAA GCC TCC GAA GGT ATT TGT GAA GAC AAG AAG ACC GAG GAA TTG TTG CTA GCC GCC GTG TAC CCA ATA GCT GGA AAG GTC CAA AGG GTG GAA TAT TAT GAA CTG GGT TTA GCT ATG CAA AAG TTT AAT GCG CTA GAG TTA AGA TCT TCC GAA TAC ATC GCT GCT AGA CCC CTA CTC CTG TAC GAA TAC ATC ATT TTT GAA GAT TTG TTG ACG GTT GAC GTT AAC AGA ACA AAA AGA CAC CGG TCT GGA AGA CAA GAC TCA TTT TTG ACA AAG ACT GCG CCA TCT GCT AAT GAA TCT GAA TTA TTA ACT TAT ATC AAC GCT CAA GCC AGA GGT AGA AGG CAC ATT GGC TTA GGT CCA AGA AGG TTG ATC CAT TCT GAA GGT ATT AGA CAT 
Ncas                            CTG CTT TCT GAA GCA GAT CAA GAG CAA GCC GCA ACT CAA ACT CAA GTT TTC ATG TCT GAA GAC TAC GCT TAT AAT GTT GAC AAC GCA AAG ACT GAA TTA TCT TCA TAC ACC AAA CAA GAG CGT TAT TTG TAC GAT GAG GAA TTG GAA TAC GCT GAA ACT TTC TCT TAT GGG ATT AAA AAA TTA TTT TAT TTC CTT AAC ACA GAG GGT AGA AAT ATT ATG TTC GAT CCA ATT ATA TAT CAT GTT ATC TTG GAG GAA CTG ATT GGT GTC CGT GCT GAA GAT GAT GAA AAC ATT GAG GAT ACA AGA CAA AGA GTT TTG AGA GCT AGA AAG TAT TCT TTG GAA GAA CAG GCT CTA GGG AAG TTG GGC AAG GTT GAA GCA GGT CCA GAA GGT AAC GTC AGA TCA CTC TCT ATC CTT TAT AAA TAT GCT GCT TAC GGT CAA ATG CAT GCA ACT GGT GAA ATT ATT CTT ATC GCA GGT AAG GAG TTG ACT GAG TTC TTA TTG ATT TCT GTT GAA CAT TTG GAA TTA TTG GGG AAA AAA AGA ATC GCA TCA CCT TTC AAA AAA TAC ACT GCC AAA AAA TAC AAG AGA AGA GCT GCA GAT CTA GGG ATC GCT TTT AGA AAG TTC TTC AGA CAT TAT TTG GTC GTT ATC TTG GGG CAT GCT GAG GAA GAA ACC GTT GAG CAA GAA GAA TTT CTG TCT TTG GTT TTG ACT GCC ACA ATC TTA TTT CAA TGT CAT GCA GCT TGT TTC TCT AAT TAT GCA AAA AAG AGA CCA AAG AGA TCA GCA TTA GCA GCA ACT ATT CTA AAA CAA TCT GAA GGT ATT TGT GAA GAT AAG AAG ACC CAA GAA TTG CTG TTA GCT GCC GTG TAT CCT ATC GCC GGT AAG GTC GCC AGA GTG GAA TAT TAT GAG CTT GGT CTA GCC ATC CAA AAG TTT AAT GCA CTT GAA CTC AGA TCT TCT GAA TAT ATT GCA GCT AGA CCT TTA TTA CTA TAT GAG TAT ATC ATT TTC GAA GAC TTG TTA ACT GTT GAT ATC AAC AGA GTA AAA AGA CAC AGA TCT GGT AGA CAA GAT GCA TTC CTG ACT AAG ACC GCA CCA TCT GCA AAT CAA TCA GAA CTA TTG ACC TAT ATC AAC GCT CAA GCT AGA GGT AGA AGA CAT ATT GGG CTT GGT CCA AGA AGA CTA ATC CAT TCT GAA GGT ATC AGA CAT 
Cgla                            CTA TTG TCC GAA GCT GAC CAG GAA GAG GCT TGC ACT CTA ACT CAA GTC TTT ATG TCC GAA GAT TAC GCT TAC AAC GTC GAC AAC GCG AAG ACT GAA ATC TCC TCT TAC ACT AAG CAA GAA CGT TAC TTG TAC GAC GAG GAG TTG GAG TAC GCC GAA ACG TTC TCT TAC GGG ATC AAG AAG CTA TTC TAC TTC TTG AGC ACA GAG GGT AGA AAC ATC ATG TTT GAC CCT ATT ATC TAT CAC GTT ATT TTG GAA GAA TTA ATC GGT GTT CGT GCT GAA GAT GAT GAA AGC ATT GAG GAT ACA AGA CAA CGT GTC CTA AGA GCT AGA AAG TAT TCT CTA GAG GAA CAA GCT TTG GGG AAG TTG GGT AAG GTC GAA TGC GGT CCT GAG GGT AAC GTG CGT TCA CTG TCT ATA TTG TAC GGT TAT GCT GCC TAT GGT CAA TTG CAC TGC ACG GGT GAA ATC ATC CTA ATC GCT GGT AAG GAG TTG ACT GAA TTT TTA TTG ATC TCT GTC GAA CAC TTG GAG TTG CTA GGG AAG GGT AGA ATC GCC AGC CCA TTC AAG GGT TAT ACC GCT AAG AAG TAC AAA AGA AGA GCA GCC GAT CTA GGG ATC GCC TTC AGA AAG TTT TTT AGA CAC CAC CTG GTT GTC ATC CTG GGG CAC GCT GAA GAC GAA ACC GTG GAG CTA GAA GAA TTC TTG TCC TTG GTT CTG ACT GGT ACA ATA CTA TTC CAA TGT CAC GCC GCT TGT TTT TCT AAC TAT GCT AAG AAG AGA CCG AAA AGA TCT AGC ATC AGC GCT ACT ATC TTG AAG CTA TCC GAA GGT ATT TGT GAA GAC AAG AAG ACC CAA GAA CTA TTG TTA GCT GCT GTT TAT CCA ATC GCT GGT AAG GTC GCT AGA GTT GAA TAC TAT GAG TTG GGT TTG GCT ATG CAA AAG TTC AAC GCT CTT GAG CTG AGA TCC TCT GAA TAT ATC GCT GCA AGA CCA TTA CTT TTG TAC GAG TAC ATC ATC TTC GAG GAT CTG CTA ACC GTT GAC ATC AAC AGA GCG GGT AGA CAC AGA TCT GGT AGA CAA GAC TCG TTC TTG ACT AAG ACC GCT CCT AGT GCC AAC GAG TCC GAA TTG CTA ACC TAC ATC AAC GCT CAA GCC AGA GGT AGA AGA CAC ATT GGG CTA GGT CCG AGA AGA TTG ATC CAC TCT GAA GGT ATC AGA CAC 
Agos                            CTG CTC TCC GAG GCC GAC CAG GAA AGT GCC ATC ACA CAG ACG CAG GTT TAC ATG TCC GAG GAC TAC GCG TAC AAC GTG GAC AAC GCC AAA TCT GAG TTC TCC TCG TAC ACA AAG CAG GAA CGC TAC CTG TAC GAC GAG GAC CTG GAA TAC GCC GAG ACG TTC TCC TAC GGG ATC AAG AAG CTG TTC TAT TTC CTC AAC ACT GAA GGT CGT AAT ATC ATG TTT GAT CCG ATT ATC TAT CAC GTG ATC TTG GAA GAG CTG ATC GGT GTC CGT ACC GAG GAC GAC GAG AAC ATT GAG GAC ACG CGC CAA CGG GTT CTG CGC GCG CGC AAG TAT TCT CTG GAG GAG CAA ACC CTA GGT AAA CTT GGG AAG GTT GAG ATC GGC CCC GAG GGT AAC GTG CGG TCG TTG TCG ATA CTC TAC AAG TAC GCA GCG TAC GGT CAG ATG CAC ATC ACG GGC GAG ATT ATC CTC ATT GCA GGT AAA GAG TTG ACC GAA TTT CTC TTG ATC TCT GTG GAG CAC CTT GAG TTG CTG GGG AAG AAG AGG ATC GCA GCA CCG TTC AAG AAG TAC ACG GCG AAG AAG TAC AAG CGC CGT GCG GCA GAC CTG GGG ATT GCT TTT CGC AAG TTT TTC AGA CAC CAC CTC GTC GTG ATT CTG GGT CAC GCC GAA GAC GAG ACC GTG GAG CAG GAG GAG TTC TTG TCC CTG GTG CTG ACC GGG ACG ATA CTG TTC CAA TGC CAC GCA GCC TGC TTT TCC AAT TAT GCA AAG AAA AGA CCG AAG AGA TCG TCG TTC TCG GCG ACT ATC CTG AAG CAG TCC GAG GGT ATT TGC GAA GAC AAG AAG ACT CAG GAG CTC TTG CTC GCG GCC GTG TAC CCG ATT GCG GGC AAG GTC GCG CGC GTG GAG CAC TAT GAG CTC GGT CTA GCG ATC CAG AAG TTC AAT GCG CTG GAG TTG AGA TCC TCC GAG TAC ATC GCG GCG CGG CCG CTC CTT CTG TAC GAG TAC ATC ATC TTC GAA GAC CTC CTG ACA GTG GAT GTC AAC CGG ACG AAG CGC CAC AAG TCT GGC AGA CAG GAT TCG TTC TTG ACC AAG ACC GCG CCC CAT GCA AAC AGT TCC GAG CTA CTG ACC TAC ATT AAC ACC CAG GCG AGA GGC CGC CGC CAC ATC GGT CTC GGT CCG AGA AGA TTG ATC CAC TCC GAG GGC ATT CGT CAC 
Klac                            TTG TTG TCC GAA GCT GAC CAG GAA CAA GCT GTT ACT ACT ACT CAA GTC TTC ATG TCT GAA GAT TAC GCT TAC AAC GTC GAC AAC GCT AAG ACT GAA TTC TCC TCC TAC ACT AAG CAA GAA CGT TGG TTG TAC GAC GAA GAA TTG GAA TAC GCG GAA ACC TTC TCC TAT GGG ATC AAG AAG TTG TTC TAC TTC TTG AAT ACT GAA GGT AGA AAT ATC ATG TAT GAT CCT ATC ATT TAC CAT ATT ATC TTG GAA GAA CTT ATC GGT GTC AGA GCT GAA GAT GAC GAA AAT ATC GAG GAT ACA AGA CAG CGT GTC TTG AGA GCT AGA AAG TAT TCT ATG GAA GAA CAG GCT TTG GGT AAG CTA GGG AAG GTC GAA GTT GGT CCT GAA GGT AAT GTT CGT TCC TTG TCT ATT TTG TGG AAC TAT GCT GCT TAC GGT CAA ATG CAT GTT ACC GGT GAA ATT ATC TTG ATC GCT GGT AAG GAG TTG ACT GAA TTT CTC TTG ATC TCT GTC GAA CAT CTA GAA CTA TTG GGG AAG AAC AGA ATC GCT GCT CCA TTC AAG AAC TAC ACT GCT AAG AAG TAC AAG AGA AGA GCT GCT GAC TTG GGG ATC GCT TTT AGA AAG TTT TTT AGA CAT TAC TTG GTC GTC ATT TTG GGT CAC GCT GAA GAT GAA ACT GTT GAG ACT GAA GAA TAC CTT TCC TTG GTT TTA ACT GGT ACA ATT TTG TTC CAG TGT CAT GCT GCT TGT TAT TCC AAC TAC GCT AAG AAG AGA CCG AAG AGA TCT GCC TTC GCC GCT ACT ATC TTA AAG ACT TCC GAA GGT ATC TGT GAA GAC AAG AAA ACA CAC GAA TTG CTT CTC GCC GCT GTT TAC CCA ATT GCT GGT AAG GTT GCT AGA GTT GAA AAA TAT GAA TTG GGT TTG GCT ATC CAA AAG TTC AAT GCA CTT GAA TTG AGA TCT TCC GAA TAC GTG GCT GCT AGA CCT CTC CTA TTA TAC GAA TAC ATC ATC TTC GAA GAT TTG TTG ACT ATT GAT ATC AAC AGA ACC AAC AGA CAC AAG TCT GGT AGA CAA GAT TCG TTC CTT ACT AAG ACT GCA CCT CAT GCT AAC CAA TCT GAA TTG ATG ACT TAC ATT AAC GCT CAA GCT AGA GGT AGA AGA CAT ATT GGT TTG GGT CCG AGA AGA TTG ATC CAC TCC GAA GGT ATC AGA CAC 
Calb                            TTG TTG TCC GAA GCC GAT CAA GAA ATT GCT GAG AAT ACG ACT CAA GTT TTT ATG TCG GAG GAC TAT GCT TAC AAT GTT GAC AAT GCA AAA TCC GAA ATC GCT AAT TAT ACA AAA CAA GAA AGA AAT TTA TAC GAT GAA GAC TTG GAA TAT GCT GAA ACA TTT TCA TAT GGA ATC AAG AAG TTG TTC TAT TTT TTG AAT ACT GAG GGT AGA AAC ATC ATG TTT GAT AAA ATT ATT TAT CAT GTT ATA TTG GAA GAA TTA ATC GGT GTT AGA GCT GAA GAT GAT GAA AAT ATT GAA GAT ACA AGA CAA CGT GTT ATG AGA GCT AGA AAA TAT TCC ATT GAA GAA GAA GCT TTG GGA AAA TTG GGC AAT GTT GAA GAG GGG CCG GAA GGT AAT GTA CGT AAC TTA TCT ATT TTG AAT GAA TAT GCC GCC TAT GGT CAA CTA CAT GAG ACA GGT GAA ATT ATC TTA ATT GCA GGG AAG GAA TTG ACT GAA TTC TTG TTG ATG TCC GTT GAA CAT TTG GAA TTG ATG GGA AAA GAA AGA ATC GCT CAA CCA TTC AAA GAA TAT ACC GAA AAG AAA TAT AAG AGA AGA GCT GCT GAT CTT GGA ATT TGT TTC AGA AGA TTC TTC AGA CAT TCA TTA GTT GTT ATT TTG GGA CAT GCT GAA AAG GAA ACA GTG GAA ACG GAA GAG TTC TTG TCC TTG GTT TTG ACT GGT ACA ATT TTG TTC CAA TTT CAT GCT GCT TGT TTT TCC GGT TAT GCA AAA AAG AGA CCA AAA AGA TCA ATA ATC ATA GCT ACT ATC TTG AAA ACG GCT GAA GGT ATT TGT GAA GAT AAA AAG ACT AAC GAA TTG TTG TTG GCT GCT GTC TAT CCA ATT GCT GGA CAA GTT GAA ATT GTC GAA TTC TAT GAA TTG GGT TTG GCT ATT CAA AAG TTC AAC GCA TTA GAA TTA AGA TCG TCC GAA TAT ACA GCT GCT AAA CCT TTG TTA TTG TAC GAA TAC ATT ATT TTC GAA GAC TTA TTA ACC GTT GAT ATT AAC AAA ATT GAA AGA CAT AAA TCC GGA AGA CAA GAT TCA TTC TTG ACT AAA ACT GCA CCG CAT GCT AAT ATT TCC GAA TTG ATT ACT TAT ATT AAT GCT CAA GCC AGA GGT AGA AGA CAT ATA GGA TTA GGG CCA AGA AGA TTA ATT CAT TCA GAA GGG ATT AGA CAT 



Printing out site pattern counts


         9        657  P

Scer                            AAA AAA AAA AAA AAA AAA AAA AAC AAC AAC AAG AAG AAG AAG AAG AAG AAG AAT AAT AAT AAT ACA ACA ACA ACA ACC ACC ACC ACC ACT ACT ACT ACT ACT ACT ACT ACT AGA AGA AGA AGA AGA AGA AGA AGG AGG AGG AGG AGT AGT ATA ATC ATC ATC ATC ATC ATC ATC ATC ATC ATC ATG ATG ATT ATT ATT ATT ATT ATT CAA CAA CAA CAC CAC CAC CAC CAG CAG CAT CAT CCA CCA CCA CCT CCT CGA CGG CGT CTA CTA CTA CTA CTC CTG CTG CTG CTG CTG GAA GAA GAA GAA GAA GAA GAA GAA GAA GAA GAA GAC GAC GAC GAC GAC GAG GAG GAG GAT GAT GCA GCA GCA GCC GCC GCC GCC GCT GCT GCT GCT GCT GCT GCT GCT GCT GCT GCT GCT GCT GGA GGA GGC GGT GGT GGT GGT GGT GGT GTC GTC GTC GTC GTG GTT GTT GTT GTT GTT TAC TAC TAC TAC TAC TAC TAT TAT TAT TAT TAT TAT TAT TAT TCA TCC TCC TCC TCG TCT TCT TCT TCT TCT TCT TCT TCT TCT TGT TGT TTA TTA TTA TTA TTC TTC TTC TTG TTG TTG TTG TTG TTG TTG TTG TTG TTG TTG TTG TTG TTG TTG TTG TTT TTT TTT TTT TTT TTT TTT TTT 
Sbay                            ... ... ... ..G ..G ..G C.. ... ... ... ... ... ... ... ... ... .G. ..C ..C ... G.. ... ... ..C ..C ..A ... ... ..G ..C ... ... ... ... ... ... ... ... ... ... ... ... ..G ..G ..A ..A ..A ..A ... ... ... ... ... ... ... ..T ..T ..T ..T ..T ..T ... ... ..C ..C ..C ... ... ... ... ... ... ... ... ... ... ... ... ... ... ... ... ..T ... ... A.. ... ... ... ... T.G T.G ..T ..A ... ... T.. T.. ... ... ... ... ... ... ... ... ... ..G ..G ... ... ... ... ... ..A ..A ..A ..C ... ..C ..T ..T ..A ... ... ..T ..C ..C ..C ..C ..C ... ... ... ... ... ... ... ... ... ..G ..T AAA ... ... ... ... ... ... ... ..T ..T ... ..C ... ... ... ... ... ... ... ... ... ... ..C ..C ..C ..C ... ... ... ... ... ... ..T ..T GG. ..C ..C ..C ... ... ... ... ... ... ... ... ... ... ..G ..G ... ... ..T C.A C.. C.T ..A ... ... ... ... ... ... ... ... ... ... ... ... ..C ..C ..C ... ... ... ... ... 
Smik                            ... ... ..G ... ... ..G CGG ... ... ... ..A ... ... ... ... ... ... ... ... ... ... ... ... ... ..C ..T ... ... ..T ... ..A ... ... ... ... ... ... ... ... ... ... ... ... ... ..A ..A ..A ..A .C. ... ... ... ... ..T ..T ..A ... ... ..T ..T ..T ... ... ... ... ... ... ... ... ... ..G ..G ... ... ... ..T ..A ... ... ... ... ... ... ... ... A.. ..C ... ... T.. T.. T.. ... ..A ... T.. T.. T.. ... ... ... ... ... ... ... ... ..G ... ... ... ... ... ... ..T ..A ..A ... ... ... ..C ... ..G ... ..T T.T ... ..C ..C ... ... ... ... ... ... ... ... ... ... ... ..C ... ..G AAA ..G ... ... ... ... ..A ... ... ..T ... ... ... ... ... ... ... ... ... ... ... ..T ..C ..C ..C ... ... ... ... ... ... ..T ..A ... ... ..C ... ... ... ... ... ... ... ... ... ... ... ... ... ..G ... ... ..T ... ..A ... ... C.A ..A ..A ... ... ... ... ... ... ... ... ... ..C ..C ... ..C ... ... ... ... 
Spar                            ... ... ..G ..G ..G ... C.. ... ... ..T ... ..A ... ... ... ... ... ..C ... ... ... ... ..G ... ..C ... ... ... ..T ... ... ..C ... ... ... ... ... ... ... ... ... ..G ... ... ..A ... ... ... ... ... ... ... ... ... ..T ..T ... ..T ... ..T ..T ... ... ... ... ... ..C ... ... ... ... ... ... ... ... ..T ... ... ... ... ... ... ... ..C ... ... ... ... T.. ... ... T.. ... ..A ... ... ... T.. ... ... ... ... ... ... ... ..G ..G ... ... ... ... ... ..T ... ..A .G. ... ... ... ..C ..G ..T ... ..T ... ... ... ... ..A ... ... ..C ..C ..C ... ... ... ... ... ... ... ... AAA ... ... ... ... ... ..T ... ... ... ... ... ..G ... ... ... ... ... ... ... .GG ..T ..C ... ... ... ... ... ... ... ... ... ... ... ... ... ... ... ... ... ... ... ... ... ... ... ... ... ..G ..G ... ..T ..T ... ... ... ... ... ... ... A.. ..A ... ... ... ... ... ... ... ... ... ... ... ... ... ... ... 
Ncas                            ... ... ..G ..G ..G ..G GCC ... ... ..T ... ... ..A ..A ... ... ... ... ..C ... ..G GT. ..T ..T ... ..A ... ..T T.A ... ... G.A ..C ..C ..C ... ... ... ... ... ... ... ... ... ..A ..A ..A ..A TCA .C. ..C ... ..T ..A ..T ... ... ..T ..T ... ..T ..C ... ..C ... ... ..C ..C ... ... ... ... ... ..T T.T A.. ... ..A ... ... ... ..T ... ... ..A ..T A.A ... T.G T.. T.. T.. T.A ..T ... ..A ..T T.. C.. ... ... ... ... ..G ..G ... C.. ... ..G ... ..T ..T ..A ..T ..A ... ..A ... ..C ..T ... ..T CAA ..A .AA ..A ..A ... ..A ..A ... ..C ... ... ..A ..C ... ... ... ..T ..G ..G AAA ..C ... ... ... ... ... ..T ... ..T ..C ... ..G A.C ... ... ... ..T ..T ..T ..T ..T ... ..C ... ..C ..C ... ... ... G.. ..T ..T ..T G.C ... ..A ... ..A ..A ... ... ... ... ... ... C.. C.C ..G ..G ... ... ... ... ..A ... ..A ... C.. ... A.. C.T C.A C.A C.. ... ... ... ... ..C ... ..C ..C ..C ..C ... ... 
Cgla                            ..G ..G ... ..G ..G ... GCT ... ... ... ... ... ... ... ... ... ... ..C ..C ..C ..G G.G ..C ..T ... ..A ... ..G .G. ... ... .GC ..C ..C ... ..C ... ... ... ... ... ... ... C.T ..A ..A ..A ..A TCA .C. ..C ... ... ... ... ..T ... ... ... ... ..T ... ... ..C ..C ... ..C ..A ..C ... ... ... ... ... ... AG. ..A ... ..C ..C ..T ... ..G ..A ... ..T A.A ... ... T.. ... T.G ..T ..T ..A T.. T.. T.. ..G ... ... ..G ..G ..G ..G ... C.. ... ..G ... ... ..T ... ... ... ..A ... ... ... ..T ..T ..T CTA ... .AA TG. ... ... ... ..G ... ... ..C ..C ... ... ..A ..C ... ..T ..G ..G ... ... ... ... ... ... ..T ... ... ..T ... ..C ... A.C ..G ... ... ... ... ..T ... ... ... ..C ..C ... ..C ..C ... ... ..G ... ..T ..T GGT AG. ..C ..C ... ... ..C ... ... ... ... ... ..G C.G C.G ..G ... ... ..T ... C.A C.. A.C C.A ... C.A ... C.A C.A ... ..A C.. ... ... ... ... ..C ... ..C ..C ... ..C ..C 
Agos                            ..G ..G ..G ..G ..G ..G GCG ... ... ..T ..A ... ... ... ... ... ... ... ..C ..C ..A ..G ... ..C ..G ..T ..T ..G G.A ... ..A T.G ..C ..C ..A ..G ..G ... ..G C.C C.T C.C C.C C.G C.. ..A C.C C.T TCG TC. ..T ... ... ... ..T ... ... ... ... ..T ..T ..C ... ... ..C ..C ... ..A ..C ..G ... ..G ... ... ... A.. ..A ... ..C ..C ..C ..G ..G ..G ..G ..C AA. ... ..G ..C ..G T.G ..T ... ... ... ..C T.. AGT ... ..G ..C ..G ... ..G ..G C.G ..G ..G ... ..T ... ... ... ..A ..A ... ..C ..C ..G ..G ... CAG ..A .AG AT. ..G ..G ..A ..C ..C ..C ..C ..G ..C ..G ..G ... A.C ..C ..G ..T AAG ..G ..C ..C ... ... ... ..G ... ..G ... ... ..G ..C ..G ..G ... ... ... ... ... ... ..C ..C C.C ..C ..C ... ... ... ..G ... ... ... GG. CA. ..C ..C ..G ..G ..C ..C ..G ... ..C ..C C.. ..G C.G C.G ... ... ... C.T C.. C.C ..C C.. ... C.C A.. C.C C.. ... C.. C.. C.. C.. ... ... ..C ... ..C ..C .AC ..C ... 
Klac                            ..G ..G ..G ..G ..G ..G GCT ... ... ..T ... ... ... ... ..A ... ... ..C ... ..C ..G ..C ..T ..T ... ..T ..A ... G.T ... ... G.C ... ... ... ... ... ... ... ... ... ... ... C.T ..A ..A ..A ..A TCC .C. ..T ... ... ..T ..T ... ... ... G.G ... ... ..C ... ..C ..C ... ... ... ..C ... ..G ... ... ..T T.. A.T ... ... ..C ... ..T ... ..G ... ... ..T AA. A.A A.G ..C T.G ... ..A ..T T.. T.A T.. T.. C.. ... ... ... ... ... ..G ... C.C ... ... ... ..T ... ..T ... ..A ..A ..A ... ... ..C ... ..T A.T ..T .AA .TT ... ... ... ... ... ... ..G ... ... ... ... ... ... ..T ..G ..T AAC ..G ... ... ... ... ... ... ..T ..T ..T ..C ... A.C ... A.. ... ... ..T ..T .GG ... ..C ..C A.A ..C ..C ..C ..C ... ..G ... ... ... GGT CA. ... ... ..C ... ..C ..C ... ... ... ... ..G ..G ... ..G ... ... ..T C.A ... ... ..C ... C.T ... A.. ... ... ... C.T ... ... ... ... .A. .AC ... ..C ..C ..C ..C ... 
Calb                            ... ..G ... ..G C.. ..G G.. ... ..T ... ..A ..T ..A ... ... ..A .GA GG. ... ... ..G .TT ..C ..T ... ..T ..T ..A CAA ... .A. .TA ..A ... ..A ..C ... ... ... ... ... ... ... C.T .AA ..A .TT ..A .AC TCC ..T ..T ..G ..T ..T ..A ... ..T .CA ..T ..T ..T ... ... ..C ..A ... ... ..C ... ... ... ..T ..T TCA A.T G.A ..A ... ... ..G ... ... ... AAA A.. AAA A.A A.T T.G T.G T.G T.A T.A T.. T.. T.. T.. ATT ... ... ..C ... ..G ... ... A.C ..G ... ... ..T ..T A.G ..T ..A ..A ..A ... ..C ..T ... ..C A.G ..T .AA .AG ... ... ..A ..A ... ... ... ..C ..C ... ... TG. ... ... ... ..A .AA ..C ..G ... ..G ... ..T ..T ..T ..T ..A ... ..C A.. ..G ... ..T ... ..T ..T A.T ..T ... ..C .TC ... ... ... ... ... ... G.T ... ... GGT CA. ..C ..G AA. ..A ..C ..A ... ..C ... .T. ..G ... ..G ..G ..T ... ... ... ..A ..A A.C A.. ... ... C.A ..A C.T ..A ..A ... ..A ... ... ... ..C ..C ..C ..C ... ..C ..C 

    5    2    1    1    1    1    2    1    2    2    2    1    1    1    1
    3    1    1    1    2    2    1    1    3    2    1    1    2    1    1
    1    2    1    2    1    1    1    7    1    3    2    2    3    2    2
    1    1    1    1    1    1    2    1    1    1    1    1    1    1    1
    3    1    2    2    4    1    2    2    1    5    2    1    1    4    1
    2    1    1    3    2    2    2    2    1    1    1    1    1    2    3
    2    1    1    1    1    2    4    2    2    1   16    1    3    1    3
    1    1    2    3    1    3    2    1    3    2    5    1    2    2    1
    2    1    3    4    1    3    2    2    2    1    2    2    1    2    1
    2    2    1    3    2    3    3    4    1    2    2    2    6    2    3
    1    1    1    3    2    1    1    2    2    3    1    1    2    1    2
    1    1    2    2    1    2    2    1    2    1    1    1    1    1    2
    1    1    2    2    1    3    2    1    3    2    1    1    2    1    1
    2    1    2    2    2    3    1    1    2    1    1    1    1    1    1
    1    2    1    2    1    1    1    3    1

CODONML (in paml version 4.9j, February 2020)  temp.nuc
Model: One dN/dS ratio, 
Codon frequency model: Fequal
ns =   9  ls = 393

Codon usage in sequences
--------------------------------------------------------------------------------------------------------------------------------------
Phe TTT  12   8   9  14   5   6 | Ser TCT  14  12  16  14  15  10 | Tyr TAT  13   7  10  12  17   9 | Cys TGT   3   3   3   3   3   3
    TTC   4   8   7   2  11  10 |     TCC   4   6   2   4   0   7 |     TAC  10  16  13   9   7  14 |     TGC   0   0   0   0   0   3
Leu TTA   7   7  17  10  10   4 |     TCA   1   1   2   1   5   1 | *** TAA   0   0   0   0   0   0 | *** TGA   0   0   0   0   0   0
    TTG  23  27  25  24  17  23 |     TCG   1   0   1   1   0   1 |     TAG   0   0   0   0   0   0 | Trp TGG   0   0   0   2   0   0
--------------------------------------------------------------------------------------------------------------------------------------
Leu CTT   0   3   0   0   7   2 | Pro CCT   2   4   2   1   3   3 | His CAT   5   5   7   7   9   0 | Arg CGT   1   1   1   1   2   4
    CTC   1   0   1   1   2   0 |     CCC   0   0   0   1   0   0 |     CAC   8   8   6   6   1  11 |     CGC   0   0   1   0   0   0
    CTA   8   8   5   6   7  15 |     CCA   6   4   6   6   5   3 | Gln CAA   8  10   6  10  15  10 |     CGA   1   0   0   1   0   0
    CTG  10   4   1   7   5   6 |     CCG   0   0   0   0   0   2 |     CAG   2   2   4   2   1   1 |     CGG   1   1   2   1   0   0
--------------------------------------------------------------------------------------------------------------------------------------
Ile ATT  12  13  19  17  13   5 | Thr ACT  10   9  12   9  11   8 | Asn AAT   6   2   6   7   5   0 | Ser AGT   2   2   1   2   0   1
    ATC  13  12   5   8  14  22 |     ACC   5   9   5   8   5   6 |     AAC   5   7   5   4   6   9 |     AGC   0   0   0   0   0   5
    ATA   1   1   2   1   1   2 |     ACA   7   3   6   4   3   3 | Lys AAA  13  12  15  13  13   2 | Arg AGA  20  21  26  20  26  24
Met ATG   3   3   3   4   3   3 |     ACG   0   1   0   1   0   2 |     AAG  10  12  10  12  14  21 |     AGG   5   6   0   5   0   0
--------------------------------------------------------------------------------------------------------------------------------------
Val GTT   9   8  10   9  10   7 | Ala GCT  23  20  23  21  15  22 | Asp GAT   4   4   7   5  10   6 | Gly GGT  17  16  12  13  14  20
    GTC   7   8   4   5   4   7 |     GCC  11  15  11  13   7   8 |     GAC  10  12   7   9   3   8 |     GGC   3   0   2   3   1   0
    GTA   0   0   2   0   1   0 |     GCA   4   3   2   2  18   2 | Glu GAA  34  37  40  34  29  26 |     GGA   5   2   3   5   0   0
    GTG   1   1   1   3   2   2 |     GCG   0   0   1   2   0   2 |     GAG   8   5   2   3  12  16 |     GGG   0   4   4   5   6   6
--------------------------------------------------------------------------------------------------------------------------------------

--------------------------------------------------------------------------------------
Phe TTT   5   4   6 | Ser TCT   4   8   1 | Tyr TAT   5   6  16 | Cys TGT   0   3   3
    TTC  12  11  12 |     TCC  11  10   9 |     TAC  18  18   4 |     TGC   3   0   0
Leu TTA   0   3  12 |     TCA   0   0   5 | *** TAA   0   0   0 | *** TGA   0   0   0
    TTG  10  29  29 |     TCG   7   1   2 |     TAG   0   0   0 | Trp TGG   0   2   0
--------------------------------------------------------------------------------------
Leu CTT   3   5   1 | Pro CCT   0   4   1 | His CAT   1   7  11 | Arg CGT   4   3   2
    CTC  12   3   0 |     CCC   2   0   0 |     CAC  12   5   0 |     CGC  10   0   0
    CTA   3   4   1 |     CCA   0   2   4 | Gln CAA   3   8  11 |     CGA   0   0   0
    CTG  18   0   0 |     CCG   6   2   2 |     CAG  11   4   0 |     CGG   4   0   0
--------------------------------------------------------------------------------------
Ile ATT  10  10  24 | Thr ACT   3  17   9 | Asn AAT   3   5  12 | Ser AGT   2   0   0
    ATC  18  19   8 |     ACC   9   3   2 |     AAC   8  10   5 |     AGC   0   0   0
    ATA   2   0   4 |     ACA   3   3   7 | Lys AAA   4   2  16 | Arg AGA   8  24  23
Met ATG   3   5   5 |     ACG   7   0   3 |     AAG  24  23   9 |     AGG   1   0   0
--------------------------------------------------------------------------------------
Val GTT   3   9  12 | Ala GCT   1  30  23 | Asp GAT   3   8  10 | Gly GGT  11  18  10
    GTC   4   8   2 |     GCC   7   3   4 |     GAC  12   6   4 |     GGC   6   0   1
    GTA   0   0   1 |     GCA   8   2   5 | Glu GAA   9  37  43 |     GGA   0   0   8
    GTG  10   1   1 |     GCG  15   1   0 |     GAG  30   3   6 |     GGG   5   4   4
--------------------------------------------------------------------------------------

Codon position x base (3x4) table for each sequence.

#1: Scer           
position  1:    T:0.23410    C:0.13486    A:0.28499    G:0.34606
position  2:    T:0.28244    C:0.22392    A:0.34606    G:0.14758
position  3:    T:0.33842    C:0.20611    A:0.29262    G:0.16285
Average         T:0.28499    C:0.18830    A:0.30789    G:0.21883

#2: Sbay           
position  1:    T:0.24173    C:0.12723    A:0.28753    G:0.34351
position  2:    T:0.28244    C:0.22137    A:0.35369    G:0.14249
position  3:    T:0.29771    C:0.25700    A:0.27735    G:0.16794
Average         T:0.27396    C:0.20187    A:0.30619    G:0.21798

#3: Smik           
position  1:    T:0.26718    C:0.10687    A:0.29262    G:0.33333
position  2:    T:0.28244    C:0.22646    A:0.35115    G:0.13995
position  3:    T:0.35115    C:0.17557    A:0.33588    G:0.13740
Average         T:0.30025    C:0.16964    A:0.32655    G:0.20356

#4: Spar           
position  1:    T:0.24427    C:0.12723    A:0.29262    G:0.33588
position  2:    T:0.28244    C:0.22392    A:0.33842    G:0.15522
position  3:    T:0.34351    C:0.18575    A:0.28753    G:0.18321
Average         T:0.29008    C:0.17897    A:0.30619    G:0.22477

#5: Ncas           
position  1:    T:0.22901    C:0.14504    A:0.29008    G:0.33588
position  2:    T:0.28499    C:0.22137    A:0.36132    G:0.13232
position  3:    T:0.35369    C:0.15522    A:0.33842    G:0.15267
Average         T:0.28923    C:0.17388    A:0.32994    G:0.20696

#6: Cgla           
position  1:    T:0.23155    C:0.14504    A:0.28753    G:0.33588
position  2:    T:0.29008    C:0.20356    A:0.33842    G:0.16794
position  3:    T:0.26972    C:0.27990    A:0.23410    G:0.21628
Average         T:0.26378    C:0.20950    A:0.28668    G:0.24003

#7: Agos           
position  1:    T:0.19084    C:0.22646    A:0.26718    G:0.31552
position  2:    T:0.28753    C:0.21120    A:0.36387    G:0.13740
position  3:    T:0.14758    C:0.36641    A:0.10178    G:0.38422
Average         T:0.20865    C:0.26802    A:0.24427    G:0.27905

#8: Klac           
position  1:    T:0.24173    C:0.11959    A:0.30789    G:0.33079
position  2:    T:0.28244    C:0.21883    A:0.36132    G:0.13740
position  3:    T:0.34860    C:0.24427    A:0.21628    G:0.19084
Average         T:0.29092    C:0.19423    A:0.29517    G:0.21968

#9: Calb           
position  1:    T:0.25191    C:0.08397    A:0.32316    G:0.34097
position  2:    T:0.30025    C:0.19593    A:0.37405    G:0.12977
position  3:    T:0.35878    C:0.12977    A:0.35623    G:0.15522
Average         T:0.30365    C:0.13656    A:0.35115    G:0.20865

Sums of codon usage counts
------------------------------------------------------------------------------
Phe F TTT      69 | Ser S TCT      94 | Tyr Y TAT      95 | Cys C TGT      24
      TTC      77 |       TCC      53 |       TAC     109 |       TGC       6
Leu L TTA      70 |       TCA      16 | *** * TAA       0 | *** * TGA       0
      TTG     207 |       TCG      14 |       TAG       0 | Trp W TGG       4
------------------------------------------------------------------------------
Leu L CTT      21 | Pro P CCT      20 | His H CAT      52 | Arg R CGT      19
      CTC      20 |       CCC       3 |       CAC      57 |       CGC      11
      CTA      57 |       CCA      36 | Gln Q CAA      81 |       CGA       2
      CTG      51 |       CCG      12 |       CAG      27 |       CGG       9
------------------------------------------------------------------------------
Ile I ATT     123 | Thr T ACT      88 | Asn N AAT      46 | Ser S AGT      10
      ATC     119 |       ACC      52 |       AAC      59 |       AGC       5
      ATA      14 |       ACA      39 | Lys K AAA      90 | Arg R AGA     192
Met M ATG      32 |       ACG      14 |       AAG     135 |       AGG      17
------------------------------------------------------------------------------
Val V GTT      77 | Ala A GCT     178 | Asp D GAT      57 | Gly G GGT     131
      GTC      49 |       GCC      79 |       GAC      71 |       GGC      16
      GTA       4 |       GCA      46 | Glu E GAA     289 |       GGA      23
      GTG      22 |       GCG      21 |       GAG      85 |       GGG      38
------------------------------------------------------------------------------


Codon position x base (3x4) table, overall

position  1:    T:0.23692    C:0.13514    A:0.29262    G:0.33531
position  2:    T:0.28612    C:0.21628    A:0.35426    G:0.14334
position  3:    T:0.31213    C:0.22222    A:0.27113    G:0.19452
Average         T:0.27839    C:0.19122    A:0.30600    G:0.22439

Codon frequencies under model, for use in evolver (TTT TTC TTA TTG ... GGG):
  0.01639344  0.01639344  0.01639344  0.01639344
  0.01639344  0.01639344  0.01639344  0.01639344
  0.01639344  0.01639344  0.00000000  0.00000000
  0.01639344  0.01639344  0.00000000  0.01639344
  0.01639344  0.01639344  0.01639344  0.01639344
  0.01639344  0.01639344  0.01639344  0.01639344
  0.01639344  0.01639344  0.01639344  0.01639344
  0.01639344  0.01639344  0.01639344  0.01639344
  0.01639344  0.01639344  0.01639344  0.01639344
  0.01639344  0.01639344  0.01639344  0.01639344
  0.01639344  0.01639344  0.01639344  0.01639344
  0.01639344  0.01639344  0.01639344  0.01639344
  0.01639344  0.01639344  0.01639344  0.01639344
  0.01639344  0.01639344  0.01639344  0.01639344
  0.01639344  0.01639344  0.01639344  0.01639344
  0.01639344  0.01639344  0.01639344  0.01639344


TREE #  1:  (((((1, 4), (3, 2)), 5), 6), ((7, 8), 9));   MP score: 1036
This is a rooted tree.  Please check!
lnL(ntime: 16  np: 18):  -5612.101910      +0.000000
  10..11   11..12   12..13   13..14   14..1    14..4    13..15   15..3    15..2    12..5    11..6    10..16   16..17   17..7    17..8    16..9  
 0.014493 0.136748 0.319008 0.074992 0.135733 0.142772 0.004113 0.174644 0.302473 0.568903 0.497466 0.028924 0.036949 1.321911 0.374667 1.062536 2.497789 0.047807

Note: Branch length is defined as number of nucleotide substitutions per codon (not per neucleotide site).

tree length =  5.196332

(((((1: 0.135733, 4: 0.142772): 0.074992, (3: 0.174644, 2: 0.302473): 0.004113): 0.319008, 5: 0.568903): 0.136748, 6: 0.497466): 0.014493, ((7: 1.321911, 8: 0.374667): 0.036949, 9: 1.062536): 0.028924);

(((((Scer: 0.135733, Spar: 0.142772): 0.074992, (Smik: 0.174644, Sbay: 0.302473): 0.004113): 0.319008, Ncas: 0.568903): 0.136748, Cgla: 0.497466): 0.014493, ((Agos: 1.321911, Klac: 0.374667): 0.036949, Calb: 1.062536): 0.028924);

Detailed output identifying parameters

kappa (ts/tv) =  2.49779

omega (dN/dS) =  0.04781

dN & dS for each branch

 branch          t       N       S   dN/dS      dN      dS  N*dN  S*dS

  10..11     0.014   841.5   337.5  0.0478  0.0007  0.0151   0.6   5.1
  11..12     0.137   841.5   337.5  0.0478  0.0068  0.1423   5.7  48.0
  12..13     0.319   841.5   337.5  0.0478  0.0159  0.3319  13.4 112.0
  13..14     0.075   841.5   337.5  0.0478  0.0037  0.0780   3.1  26.3
  14..1      0.136   841.5   337.5  0.0478  0.0068  0.1412   5.7  47.7
  14..4      0.143   841.5   337.5  0.0478  0.0071  0.1486   6.0  50.1
  13..15     0.004   841.5   337.5  0.0478  0.0002  0.0043   0.2   1.4
  15..3      0.175   841.5   337.5  0.0478  0.0087  0.1817   7.3  61.3
  15..2      0.302   841.5   337.5  0.0478  0.0150  0.3147  12.7 106.2
  12..5      0.569   841.5   337.5  0.0478  0.0283  0.5920  23.8 199.8
  11..6      0.497   841.5   337.5  0.0478  0.0247  0.5176  20.8 174.7
  10..16     0.029   841.5   337.5  0.0478  0.0014  0.0301   1.2  10.2
  16..17     0.037   841.5   337.5  0.0478  0.0018  0.0384   1.5  13.0
  17..7      1.322   841.5   337.5  0.0478  0.0658  1.3755  55.3 464.2
  17..8      0.375   841.5   337.5  0.0478  0.0186  0.3899  15.7 131.6
  16..9      1.063   841.5   337.5  0.0478  0.0529  1.1056  44.5 373.1

tree length for dN:       0.2585
tree length for dS:       5.4070


Time used:  0:08
