      9   1179

Scer                            CAA TAT GAA AAA GTC CCT GGT AAA GTT GCT CCG AAT ATT TTA CAT CCA AAT TCT ATT AAT AGC AAA ATG GCC CAA AAT GAA TCA CAG CCA TTG TTG GGT CGT TTA GCC ACT GTG TTA AAT GTC TTA ATT ACA TCC CCA AAT AAA CAA TTA GAA AAG GGT AGA CAG GCT GAT ATT GAA TTG ATT GAC AAA GAC GTA GTA TTG CGT GGT GTG GCC GAA GAA TTA TCA ACA GTC GAA CAA GTA GAT GAC GCG GAG AAA GAT CGT ATT GAC GCT GTC TAC TTG GCG TTA TCT GAT ATT GAC GCT GCT GCC CCC AAA GGT ACT GGT GCA GAA TTG TTC TCC AAT AAA GAA ACA GAC TCT AGG TTA CGT AGA TCC GAC GGT AAC GAA GAA CCA GCT GTG CCA TAT TTA CCA TAT TGC GCG GAA TTA CCA CCG GCT GTT GAA ATT CGT GAA AGG TCG TCA CCT GAT GAT CCA CAA ATA CAC CTG TTA TCT CAC TTG GTA ATT GAT AGC CAT AAG GTC TTA TTA TGC GAT CAC ATT AAT TTG AAC ATT TGT ATT ACA TTA TTC GAT AAT ATG CAC GGT GAC GTC CAA ACA GAG AAT CAT TCT GAA ATC GGA ATT GAT GAA TCG AGA GTT GAG GGT GCA CCA CAC GGT TTT TTT ATT AAT GCT ACA GTT GAT AAT CCT AAT AAG CAA GAG ATT CTG ACC AAA CCA TTA GGT TTC GCT GGC AAA TTG TTA TCT TAC AGG CCC GGT GCG ATT AGA TTC TTT ATT GTT GAA ATT GCT TTA GTA AAT GAT TAC CCC TTG GAG TTC ACA GAC TAC TCT ATT CGC ATT GCA TAT TCG TCT ACC TTA ATG CGT CAA ACT CAA TTG CCT GTT AAA TCT AAA GAC ACA GCC GTG CAC TAT TGG ACA TTT TCA CCA ATT AAA CCA CAT GTT CAC CCA GAT ATC GCT ACA AAA CAA TTG TGT ATT GAT GGT TTA ATT CCA TAC GAA GCC CGT CAT ATC AAT GCT CGC GGT CCT CGT GAA GGA GGA GAC AGA GTC ATT AGG TCA ATT GCT CAT ACT CAA GGT GAT CTG GAT GAT GAG GAT CAA GCA GTC GAG GGT GGA CCA CCG GGG GGT AAT AAA GGT ATT GGT AAT ACA CGT GAC AGA TCT TTT TTA AGG CCT GAA GAG GAA GAA AGA GAA GGT CAA AAA GTT GGT CAA ATT AAA TTA 
Sbay                            CAA TAT GAG AAG GTT CCA GGT AAA GTT GCC CCA AAT ATC TTA CAT CCA AAA TCT ATC AAT AGC AAA ATG GCC CAA AAA GAA TCA CAG CCA TTG CTT GGT CGT TTG GCC ACT GTA TTG GGG GTT CTA ATT ACG GCT CCA AAT AAA CAA TTG GAA AAG GGC AGG CAG GCC GAT ATT GAA TTA ATT GAT AAA GAC GTA GTA GCT CGT GGT GTA GCA GAA GAA TTA TCA ACA ATC GAG CAA GTA GAT GAC GCG GAA AAA GAT CGT ATT GAT GCT GTT TAC TTA GCC TTA TCT GAT ATT GAT GCC GCC GCA TCT AAA GGT ACT GGT GCA GAG TTG TTC GCT AAC AAA GAA ACA GAT TCC AGA TTG CGT AGG GCT GAC GGG AAC GAG GAA CCA GCT GTA CCA TAC CTA CCA TAT TGT GCG GAG TTA CCA CCA GCT GCA GAG ATC CGT GAA AGA TCA TCA CCT GAT GAT CCA CAA ATA CAC CTG CTA TCT CAC TTG GTG ATT GAT AGC TAT AAG GTT CTA TTA TGT GAT CAC ATC AAT TTG AAT ATT TGT ATT ACA TTG TTC GAT AAT ATG CAT AGC GAC ATC CAA ACG GAA AAT CAC TCT GAG ATC GGA ATT GAC GAG TCG AGA GTT GAA GGT GCA CCA CAC GGT TTC TTT ATT AAA GCT ACG GTT GAT AAT CCC AAT AAG CAA GAA ATT CTG ACT AAG CCA TTA GGT TTC GCT GGT AAG CTG TTG TCT TAC AGA TCT GGT GCC ATT AGA TTT TTT ATT GTC GAG ATC GCT TTA CAA AAT GAT TAC CCT CTG GAG TTC ACG GAT TAC TCA ATT CGT ATT GCA TAT TCC TCT ACC TTG ATG CGT CAA ACC CAA TTG CCA GTC AAA TCT AAA GAC ACA GCC GTA CAT TAT TGG ACC TTT TCA CCA ATT AAA CCA CAT GTC CAT CCC GAC ATT GCC ACA AAA CAA TTA TGT ATA GAT GGT TTA ATC CCA TAC GAG GCA CGT CAT ATT AAA GCT CGT GGT CCT CGT GAG GGA GGA GAT AGG GTC ATT AAG TCA ATC GCT CAT ACT CAG GGT GAT CTG GAC GAT GAA GAT CAA GCA GTT GAA GGG GGT CCA CCA GGA GGG AAC AAG GGT ATA GGG AAT ACA CGT GAT AGG TCT TTT TTA AGA CCT GAA GAA GAA GAA AGA GAA GGT CAA AAA GTT GGT CAA ATT AAA TTA 
Smik                            CAA TAT GAA ACA GTC CCT GGT AAA GTT GCC CCA AAT ATA TTA CAC CCC AAA TCC ATT AAT AGT AAG ATG GCT GAT AAC AAC TCC CAG CCC TTG CTT GGT CGT TTA GCT CTT TTA TTG AAT GTT TTA ATC ACA TCC CCA AAT AAA CAA TTA GAA AAG GGT AGA CAG GCC GAT ATT AAC CTG ATT GAC AAA GAC ATT ATT TTG CGT GGT TTA GCT GAA GAA TTA TCC ACA GTT GAA CAA ATT GAT GAC ATC GAA AAA GAC CGT ATT GAC TCC GTT TAC CTG CCA TTA TCC GAT ATT GAC GCT GCC GCA TCT AAC GGT ACT GGT AAG GAA TTG TTC TCC AAT AAA GAA GAT GAC CCT AGA TTG CGT AGA TCC GAC GGG AAT GAA GAA ACT ACC TTA CCC TAC ATG CCA TAC TGC ATC GAA GAA CCA CCA GCC GTT GAA GTC CGT GAA AGA CAT TCC CCT GAC GAT CCA CAA ATA CAC TTG TTA TCT CAC TTG GTA ATT GAT AGT AGA AAA GTT ATG GAA TGC GAT CAC ATT AAT TTG AAT GTA TGT ATT GAT TTA TTC GAT AAT ATG CAT AGT GAC GTT CAA ACA GAA AAC CAT TCC GAA ATC GGA CTA GAT GAA TCG AGG GTT GAA GGG GCG CCA CAC GGT TAT CAG GTA AAC GCC ACA GTG GAT AAT CCT AAT AAA CAA AAG GTC TTG ACT AAG CCA ATT GGC TTC GAT TCC AAG TAT TTA TGT TAT AGA TCT GGT CCA ATT AGG TTC TTC ATT GAA GAA ATA GCC TTA TCC AAC TTG TAT CCA TAT GAA TTC ACA GAT TGG TCT ATT CGC ATT AAG TAC TCT TCT ACC TTA ATG CGT CAA ACT CAA TTG CCT GTC AAG TCT AAA GAC ACA GCT TTA CAT TAC TGG ACT TTT TCC CCC ATT AAA CCA CAT GAA CAC CCT GAC ATC GCC GAT AAA CAA CTA TGT ATT AAA GGT GAA ATT CCA TAT GAA GCT CGT CAT ATC AAC GCC CGC GGT CCT CGT GAA GGT GGT GAT AGA GTT ATT AAG TCC GTC GCC CAT CTT CAA GGT GAT TTG GAC GAT AAG GAT CAA AAG GTC AAG GGT GGT CCC CCA GGT GGG CAA AAG GGT ATT GGG AAT ACA GAA GAT AGA TCT TTT GAA AGA CCT GAA GAA GAA GAA AGG GAA GGA CAA AAA GTT GGT CAA ATT AAA TTA 
Spar                            CAA TAT GAA AAA GTC CCT GGT AAA GTC GCC CCA AAT ATT TTA CAT CCT AAA TCC ATT AAT AGC AAA ATG GCC CAA AAT GAA TCA CAG CCT TTG CTT GGT CGT TTG GCC ACT GTG TTG AAT GTC TTG ATC ACA TCC CCG AAT AAA CAG TTG GAA AAG GGA AGG CAG GCC GAT ATC GAA CTG ATT GAC AAA GAC GTA GTA TTG CGT GGT GTG GCC GAA GTA TTA TCA ACG GTC GAA CAA GTA GAT GAC GCA GAA AAA GAC CGT ATT GAC GCT GTC TAC CTG CCA TTA TCC GAC ATT GAC GCC GCC GCT TCT AAC GGT ACT GGT GCA GAA TTG TTC TCC AAT AAA GAA ACA GAC CCT AGA TTG CGT AGA TCC GAC GGG AAC GAA GAA CCG GCT GTG CCT TAC CTA CCA TAC TGC GCA GAA TTA CCG CCG GCT GTT GAA ATT CGT GAA AGG TCG TCC CCT GAC GAT CCA CAG ATA CAT CTG TTG TCT CAC TTG GTA ATT GAT AGC CAT AAG GTT CTA TTA TGC GAT CAC ATT AAT TTG AAC GTA TGT ATT ACA TTG TTC GAT AAT ATG CAC AGT GAC GTC CAA ACA GAA AAC CAT TCC GAA GTC GGA ATT GAT GAA TCC AGA GTC GAA GGT GCA CCG CAC GGT TTT TTT GTA AAT GCT ACA GTC GAT AAT CCT AAT AAG CAA GAG GTC CTG ACC AAA CCA TTA GGT TTC GCT GGC AAA CTG TTG TGT TAC AGG TCT GGT CCA ATT AGA TTC TTT ATT GTT GAA ATT GCT TTA TCC AAT GAT TAC CCC CTG GAA TTC ACA GAC TAC TCT ATT CGC ATC GCA TAC TCT TCT ACC TTG ATG CGT CAA ACT CAA TTG CCT GTT AAG TCT AAA GAC ACT GCC GTG CAC TAC TGG ACT TTT TCC CCT ATT AAA CCA CAC GTT CAT CCA GAT ATT GCC ACA AAA CAA TTG TGT ATT GAT GGT TTA ATT CCA TAC GAA GCC CGT CAC ATT AAT GCT CGT GGT CCT CGT GAA GGT GGT GAC AGA GTC ATT AAG TCC ATT GCT CAC ACT CAA GGT GAT CTG GAT GAC GAG GAT CAA GCA GTT GAG GGT GGG CCT CCA GGG GGG AAT AAA GGT ATT GGG AAT ACG CGT GAT AGA TCT TTT TTA AGG CCT GAA GAA GAA GAA AGA GAA GGG CAA AAA GTC GGT CAA ATC AAA CTG 
Ncas                            CAA TAT GAA AAA GTC CCA GGG AAA GTT GCC CCA AAC ATT TTA TAT CCA GCT TCT ATT AAC AGT AAG ATG GCC CAA AAT GAA TCC CAA CCA TTG TTA GGG CGT TTG GCC ACC GTT TTA AAC GTC TTG ATA ACA TCC CCA AAT AAA CAG TTG GAA AAG GGT AGA CAA GCC GAC ATT GAA TTG ATT GAT AAG GAC GTA GTT GTC CGT GGG GTT GCT TCT GAA TTG TCC ACA GTC CAA CAA GTT GAT GAT GCA GAA AAA GAT CGT ATT GAT GCT GTC TAT TTG CCA TTG TCT GAT ATA GAT ACG GCC GCA CCA AAC GGT ACT GGG GCT GAA TTG TTC TCC AAT AAG GAA TCT GAT TCC AGA TTA CGT AGA TCC GAT GGG AAT GAA TCT CCA GCT GTT CCA TAC TTA CCA TAC TGT GCA GAA TTA CCA CCG GCC GTG CAA ATC CGT GAT AGG TCA TCA CCA GAT GAT CCA CAG ATT CAA CTA TTG TCT CAT TTG GTA ATT GAT AGT TAT AAG GTG TTA TTA TGT GAC CAT ATC AAT TTG GAT GTC TGT ATT TCT TTG TTA GAT AAC ATG CAT AGT GAC GTC CAA ACA GAA AAT CAT TCT GAG ATC GGT ATT GAT GAG TCT AGA GTC GAG GGT GCT CCA CAT GGG TTT TTG GTC AAT GCC ACA GTT GAC ACA CCA AAT AAG CAA GAA GTC CTA ACA AAG CCA CTG GGG TTC GCC GGT AAG TTA TTG TGT TAT AGG CCA GGT CCA ATT AGA TTT TTT ATT GTC GAT ATT GCC TTA ACC AAC GAT TAT CCT TTA GAA TTA ACG GAT TAC ACT ATT AAA ATT GCT TAC TCT TCT ACT TTG TTG CGT CAA ACC CAA TTG CCA GTT AAG TCA AAG GAT ACG GCC GTT CAT TAC TGG ACC TTG TCA CCA ATA AAA CCC CAT GTC CAT CCT GAT ATT GCC TCT AAA CAA TTA TGT ATT GAT GGG TTA ATT CCA TAT GAG GCT CGT CAT ATT AAT GCC CGT GGT CCA CGT CAA GGT GGT GAT AGA GTA ATT CAT TCA ATC GCC CAT ACC CAA GGT GAT CTA GAT GAT GAA GAC CAA GCT ATC GAA GGT GGT CCA CCA GGT GGG AAT AAG GGG ATT GGG AAT ACA CGT GAC AGA TCA TTG TTA AGA CCC TCT GAG GAA GAG AGA GAA GGT CAA AAA GTT GGG CAA ATT AAG CTA 
Cgla                            CAA TAT GAA AAG GTG CCA GGT AAG GTT GCT CCT AAC ATT TTG TCC CCA AAG TCA ATC AAC AGT AAA ATG GCA CAA GGT GAA TCA CAA CCA CTG TTG GGT CGT CTT GCA ACC GTC TTG AAC GTT TTG ATT ACA TCC CCT AAC AAA CAG CTT GAG AAA GGT AGA CAA GCT GAT ATA GAA CTT ATT GAC AAG GAC GTC GTT GTC CGT GGT GTC GCT GAG GAA TTG TCA ACA GTT GAG CAA GTT GAC GAC GCC GAA AAA GAT CGT ATC GAC GCA GTT TAC CTT CCA TTG TCA GAT ATT GAC GCA GCT GCG CCA AAG GGT ACT GGT GCT GAA CTT TTT TCC AAC AAG GAA TCC GAC TCT AGA TTG AGA AGA TCC GAT GGT AAC GAA GAG CCA GCC GTC CCA TAT TTA CCA TAT TGT GCC GAA TTA CCT CCG GCT GTA GAG ATT CGT GAA AAG TCT TCA CCT GAT GAT CCA CAG ATT CAT TTG TTG TCA CAC TTA GTT ATT GAT AGT TAC AGA GTC TTA TTA TGT GAT CAC ATT AAT CTG GAA GTA TGC ATC TCC CTG TTT GAT AAT ATG CAA TCC GAC GTT CAG ACA GAA AAT CAT TCA GAA GTT GGT ATT GAT GAA TCT AGA GTT GAA GGA GCA CCA CAC GGT TAT TTG GTA GGT GCT ACA GTA GAT ACT CCT AAT AGA CAA GAA GTT TTG ACT AAG CCA CTT GGT TTT GCC GGT AAG CTG CTG TGC TAT AAG CCA GGT CCA ATT AGA TTT TTC ATT GTG GAT ATT GCT TTG GTC AAT GAT TAT CCA CTG GAA TTT AGT GAC TAT ACT ATT AGG ATC GCT TAT AGT TCA ACG CTG TTG CGT CAA ACA CAA TTA CCA GTT AAA TCT AAG GAT ACA GCA GTC CAA TAT TGG ACC TTG TCA CCA ATT AAA CCA CAC GTG CAC CCA GAC ATC GCT TCC AAA CAA TTG TGT ATA GAC GGT TTA ATC CCA TAT GAA GCT CGT CAC ATC GGT GCT AGA GGT CCT CGT GAG GGA GGA GAC AGA GTT ATT AGA TCA ATT GCT CAC ACC CAA GGT GAT TTG GAC GAT GAA GAT CAA GCT ATC GAA GGG GGT CCA CCT GGT GGT AAC AAG GGT ATA GGT AAC ACA CGT AAC AGG TCC TTG TTA AGA CCC GAG GAA GAA GAA AGA GAA GGG CAA AAG GTT GGT CAG ATC AAG CTC 
Agos                            CAA TAT GAG AAA GTT CCA GGT AAG GTC GCG CCG AAC ATA CTT TAC CCA CAG AGC ATC AAC AGC AAG TGC GCC CAA AAT GAA TCC CAG CCA CTG CTC GGC AGA ATT GCC ACG GTG CTT AAC GTT CTA ATT ACG GCC CCG AAC CAG CAG ATT GAG AAA GGT CGC CAG GCG GAC ATC GAA CTT ATC GAT AAG GAT GTG GTG GTG AGA GGT GTG GCC GAC GTT CTC TCC ACC GTG GAG CAG GTG GAC GAT GCA GAA AAG GAC AGA ATA GAT GCC GTT TAT CTT TTC CTC AGC GAT ATC GAT GCT GCG GCG CAT AGA GGC GTA GGC GCC GAG CTG TTC GCC AAC AAA GAA TCG GAT TCT AGA CTT AGA CGC GCC GAC GGG AAC GAG GAC CCC GCT GTG CCA AAA CTG GTT TAT TGT GCA GAG TTG CCG CCG TTG GTA GAG ATT CGC AAT CGA TCG AGC CCC GAC GAC CCA CAG ATT CAC CTG CTA TCT TAC TTG GTA ATC GAT AGC CAC AAA GTC CTG TTG TGT GAC CAC ATC AAC CTG GAG GTT ACC ATA TCG CTG TTC GAT AAC TGC CAC TAC GAT GTG CAA ACG GAA AAC CAC AGC GAA GTC GGA ATT GAC GAA TCC AGA GTT GAG GGT TCG CCG TAC GGT TAC TTA GTT AAT TTG ACG ATT GAC ACC TCT AAT AAA CAG GAA ATT CTG ACA AAG CCA CTG GGA TTC GCA GGC AAG TTG CTG TGT TAT CGA CAT GGC TTC ATC AGA GTC TTT ATC GTA GAT ATA TTG CTT GCC AAC GAC TAT CCA TTG GAG TTC ACC GAC TAC ACA ATC AAA ATC GCC TAC TCA TCT ACG CTG ATC CGT CAG ACG CAG TTG CCA GTG AAG TCG AAG GAC ACA GCC GTG CAC TAC TGG ACT CTT AGC CCA ATC AAG TCA CAC GTA CAT CCC GAC ATC GCG TCG AAG CAG TTG TGC GTT GAC GGC TTG ATC CCG TAT GAA GCC AGA CAC ATC AAT TTG AGA GGG CCC CGT GAG GGA GGA GAC CGC GTA ATC CCT AGC ATT TTG CAC ACG CAG GGG GAC CTG GAC GAT GAA GAC CAG GCC ATT GAA GGG GGT CCA CCG GGG GGG AAT AAG GGC GTT GGG AAT ACC AGA TCT AAA TCT CTT TTG CGT CCA GAC GAG GAA GAG AGA GAA GGC CAG AAG GTC GGC CAG ATC AAG CTA 
Klac                            CAG TTC GAA AAG GTA CCT GGT AAG GTC GCT CCA AAC ATC TTA AAT CCT AAT AGT ATC AAC AGT AAA TGT GCT CAA AAC GAA TCC CAA CCT TTG CTT GGT CGT CTC GCT ACG GTG CTC AAC GTA TTG CTT ACC TCT CCA AAT AAA CAA CTC GAA AAG GGG AGA CAA GCT GAT ATT GAA CTT ATT GAT AAT GAC GTG GTT TTG CGT GGT GTG GCA GAA GTG CTT TCC ACA GTG GAA CAG GTT GAT GAT GCT GAA AAA GAT CGT ATC GAT GCT GTA TAT CTT TTC CTT AGT GAT ATA GAT GCC GCT GCG CAT AAA GGT GTA GGA GCA GAA TTG TTC TCT AAC AAG GAA ACA GAT TCT AGA CTC AGA AGA TCT GAT GGG AAC GAA GAA CCA GCA GTG CCT AAA TTG GTC TAC TGT GCT GAA TTA CCA CCT GTG ATG GAA ATC CGT GAA AAG TCT TCC CCT GAT GAC CCA CAA TTA CAT TTA TTG TCT TAT TTG GTC ATC GAT AGT AAT AAG GTG TTG TTA TGT GAT CAC ATC AAC TTA GAA GTG ACG ATC ACA TTA TTC GAT AAT TGT CAT TCC GAC GTG CAA ACC GAA AAC CAT AGT GAA TGC GGT ATT GAC GAA TCT AGG GTC GAA AAC TCA CCA TAT GGT TAT TTG GTG AAC GTG ACC GTG GAT TCT CCA AAC AAG CAA GAA ATT TTA ACA AAA CCA TTA GGG TTC GCT GGT AAA CTA TTA TGT TAT AAG CAT GGT TTC ATT AGG GTC TTC ATT GTC GAT ATC GTG TTA GTG AAC GAT TAT CCG CTA GAA TTC ACT GAT TAC ACA ATT ATC ATT GCA TAC TCA TCT ACC TTA ATT CGC CAG ACC CAG TTG CCT GTA AAG TCC AAT GAT ACC GCT GTG CAT TAC TGG ACC CTA TCC CCT ATA AAG CCC CAT GTC CAT CCA GAC ATC GCT ACA AAG CAG TTA TGT ATC GAT GGT TTA ATC CCT TAT GAA GCA CGT CAT ATC AAC GTG AGA GGT CCT CGC GAA GGT GGT GAT AGA GTG ATC CCA TCC ATC GTG CAT ACG CAA GGT GAC TTA GAC GAT GAA GAT CAG GCA ATC GAA GGT GGT CCT CCA GGT GGG AAT AAA GGA ATC GGG AAT ACA AGA AGT AAA TCG CTA TTA AGA CCA GAA GAA GAA GAA AGG GAA GGT CAG AAG GTC GGA CAA ATT AAT TTA 
Calb                            CAA TAT GAT AAA GTT CCT GGT AAA GTT GCT CCA AAC ATT TTG AAA CCT ACT AGT ATC AAC AGT AAA GTA GCT CAA AAT GAA TCT TCT CCT TTG TTG GCT CGT TTG GCT CCT GTT TTG AAT ATT ATA ATC ACA TCA CCA AAT AAA TCC TTG GAA AAG GGT AGA TCT GCT GAT ATT GAA CTT ATC GAT AAA GAT ATT ATT ATC CGT GGT GTT GCT AAT GGA TTA TCT ACA GTT GAA CAG ATT GAC GAT GCC GAA AAA GAC CGT GTT GAT GCA ATT TAT CTT CCA TTA AGT GAT ATT GAT GCC GCT GCA CCC AAA GGT GAC GGT GCT GAT TTG TTC TCA AAT AAA GAG GAT GAT GCG AGA TTG CGC CGT TCA GAT GGT AAT GAT AAT CCA GCT GTT CCT TAC TTA ATC TAC TGT GCC GAT TTA CCA CCA ACA GTT GAA ATT AGA GAA AAC TCA TCC CCA GAC GAT CCA TCC ATT ACA TTG ATA TCG TAC TTA GTT ATT GAT AGT AAA AAA ATT TTA TTA TGT GAT CAT TTA AAT TTA GAT GTG TGT GTT GAT TTG TTT GAT AAT GTA CAC ACT GAT GTT CAA ACA GAA AAC CAC AGT GAA ATT CAA ATA GAT GAA AAC AGA GTG GAG AAT TCA CCT TAC GGT TAT TTC GTG AAT ACA ACA GTT GAT ATC CCG AAC AAA CAA GAA ATT TTG ACC GCT CCA TTA GGG TTC TCA GGT GCT TTA TTG TGT TAC AAC CCC GGT CCA ATC AGA TTC TTT ATC GTT GAA ATT ACA TTG AAA AGT GAT TAC CCA TTA GAG TTT ACA GAC TAT GGT ATC AAG ATT GCT TAC TCC TCG ACA TTG ATT AGA AAA ACA CAA TTA CCT ATT AAA AAT AAA GAT ACC GCT GTT CAC TAC TGG ACG TTG TCC CCT ATT AAG CCG CAT GTT CAT CCA GAT ATT GCT GAT AAG CAA TTA ATT ATT GAT GCT TTA ATC CCT TAC GAA GCT CGT CAT ATT AAT ACA CGT GGT CCA AGA GAA GGT GGT GAC CGT GTC ATT TCT TCC ATT ACA CAT CCT CAA GGT GAT TTG GAT GAT GAA GAT CAA GCT ATT GAA GGA GGT CCT CCA GGG GGT AAT GCT GGT ATT GGT AAT ACA AGA ACC GCT TCT TTG TTA AGA CCA AAT GAG GAG GAA AGA GAG GGG CAA AAA GTT GGT ATT ATT AAA TTG 



Printing out site pattern counts


         9        726  P

Scer                            AAA AAA AAA AAA AAA AAA AAA AAA AAA AAA AAA AAC AAC AAG AAG AAT AAT AAT AAT AAT AAT AAT AAT AAT AAT AAT AAT AAT AAT ACA ACA ACA ACA ACA ACA ACC ACC ACT ACT ACT AGA AGA AGA AGA AGC AGG AGG AGG AGG ATA ATC ATC ATG ATG ATT ATT ATT ATT ATT ATT ATT ATT ATT ATT ATT ATT ATT ATT ATT CAA CAA CAA CAA CAA CAA CAA CAA CAA CAA CAC CAC CAC CAC CAC CAG CAT CAT CAT CAT CCA CCA CCA CCA CCA CCA CCA CCA CCA CCC CCC CCG CCG CCT CCT CCT CCT CGC CGC CGT CGT CGT CGT CGT CTG GAA GAA GAA GAA GAA GAA GAA GAA GAA GAA GAA GAC GAC GAC GAC GAC GAC GAG GAG GAG GAG GAT GAT GAT GAT GAT GAT GAT GAT GAT GAT GCA GCA GCC GCC GCC GCG GCG GCT GCT GCT GCT GCT GCT GGA GGA GGA GGC GGG GGT GGT GGT GGT GGT GGT GGT GGT GGT GGT GGT GGT GTA GTA GTA GTA GTC GTC GTC GTC GTC GTC GTG GTT GTT GTT GTT GTT GTT TAC TAC TAC TAT TAT TAT TAT TCA TCA TCC TCG TCG TCG TCT TCT TCT TCT TCT TCT TCT TGC TGG TGT TGT TTA TTA TTA TTA TTA TTA TTA TTA TTA TTA TTC TTC TTC TTG TTG TTG TTG TTG TTG TTG TTG TTG TTT TTT TTT TTT 
Sbay                            ... ... ... ... ... ... ... ... ... ..G ..G ... ..T ... ... ..A ..A ..C ..C ... ... ... ... ... ... ... ... ... GGG ... ... ... ..C ..G ..G ... ..T ..C ... ... ... ..G ..G ..G ... .A. ..A ..A ..A ... ... ..T ... ... ..A ..C ..C ..C ..C ... ... ... ... ... ... ... ... ... ... ... ... ... ... ... ... ... ... ... ..G ... ... ... ..T ..T ... ..C ... ... T.. ... ... ... ... ... ... ... ... ..C ..T T.T ..A ..A ..A ..C ... ... ..T ..T ... ... ... ... ... ... ... ... ... ... ... ... ... ..G ..G ..G ..G ... ... ... ..T ..T ..T ..A ..A ..A ... ..C ..C ... ... ... ... ... ... ... ... ... ... ..A ..A ... ..C ... ..C ..C ... ... ... ... ... ... ..T ..T ..A A.C ..C ..G ..G ... ... ... ... ... ... ... ... CA. ... ... ..G A.. ... ..T ..T ..T ..T ..A .CA ..C ..C ... ... ... ... ... ... ..C ... ... ... ... ... G.T ..A ..C ... ..A ..C ... ... ... ... ... ..T ... ... ... C.. C.. ... ... ... ... ... ..G ..G ..G ... ... ..T C.. C.T GCT ..A ..A ... ... ... ... ..C ... ... ... 
Smik                            ... ... ... ... ... ... ..C ..G ..G ..G .C. ..T ..T ..A ... ..A ..C ... C.A ..C ..C ... ... ... ... ... ... ... ... ... ... GAT ..T ... ... ... ..T ... ... CT. ..G ... ... ... ..T .A. ..A ..A ..A ... ... ... ... ... ... ..A ... ... G.C ..C ... ... ... ... ... ... C.A G.A G.C ... ... ... ... ... ... ... ... G.T ... ... ... ... ... ..T ... ... ..C ... AGA A.T ... ... ... ... ... ... ..C ..T ..A T.T ..A ..A ... ... ... ... ... ... ... ... ... ... GAA T.. A.C ... ... ... ... ... ... ... ... ... ... ... ... ... ... ..T ..T A.. ..A ..A ..A ..C ... A.A ..C ... ... ... ... ... TTG AAG ..G ..A ..T ..T C.A ATC ..C ... A.C .A. ..C T.C ... ..T ..T TC. ..T A.. ... ..G ... ..A ..C ..G ... ... ... ... ... TCC A.T A.T ... ..T ..T ... ... ..T ..T T.A ... .AA ..C ..G ... ... ... ..T .GG ..C ..C ..C ... ..C ..C ... CAT ..T ... ... C.. ..C ... ... ... .G. ... ... ... ... A.G ... A.T GA. ... ... ... ... ... ..G ... ... ... .AT C.T ... C.A C.. ... ... ... ... .A. CAG ..C ... 
Spar                            ... ... ... ... ... ... ..C ... ..G ... ... ... ... ... ... ..A ... ... ... ..C ... ... ... ... ... ... ... ... ... ..G ..T ... ..T ... ... ... ... ... ... ... ... ... ... ..G ... .A. ..A ... ... ... G.. ..T ... ... ... ... ... ... ... ..C ..C ..C ... ... ... ... ... G.A G.C ... ... ... ... ... ... ... ..G ... ... ... ... ..T ..T ... ... ... ... ..C ... ..G ... ... ... ... ..G ..G ..T ... ... T.T ..A ... ... ... ... ... ... ..T ... ... ... ... ... ... ... ... ... ... ... ... .T. ... ... ... ... ... ... ... ... ... ..T ... ..A ..A ..A ... ... ... ..C ..C ... ... ... ... ... ... ... ..T ... ... C.A ..A ..C ..C ... ... ... ... ... ..T ..G ... ... A.. ..A ..G ... ..G ... ... ... ... ... ... ... TCC ... ... ... ... ... ... ..T ... ..T ... ... ... ... ..C ..C ..C ... ... ... ..C ..C ..C ... ... ..C ... ... ..T ..C ... C.. ..C ... ... ... .G. ... ... ... ... C.. ..G ... ... C.G ... ... ..G ..G ..G ... ... ... C.. C.T ... ... C.. ... ... ... ... ... ... ... ... 
Ncas                            ... ... ... ... ..G ..G ..C ..G ..G ..G ... ..T G.T ... ... GC. ... ... ... ... ..C ..C ..C ... ... ... ... .CA ..C ... ..G T.T ..C ... ..G ..T ..A ..C ... ..C ... ... ... ... ..T CAT ..A ..A ... ..T ... ..T ... T.. ... ... ..C ... ..C ..A ... ... ..A ... ... ... ... G.C G.C ... ... ... ... ... ... ... ..G ... ... ..T ..T ..A ..T ..T ..A ... T.. ... T.. ... ... ... ... ..C ... ... ... ..T ..T ..A ..A ... ..A ..A ..A ..C AAA ..T ... ... ... ... ... ..A ... ... ... ..G ..T TCT ... C.. ... ..G ..T ... ..T ..T ..T ..T ... ..A ..A ... ..A ... ... ... ... ... ..C ... ... ... ... ..T ..T ..A ..T ... C.A ..A ..C A.G ... ..C ..C ... ..T ..T ..T ..T ..T A.. ... ..G ... ... ..G ... ..G ..G ..G ... ... ACC ... ..T ... ... ..A ... A.. ... ..G ..T ..G ..C ... ... ..C ... ..T ..T ... ..C ..C ..C ... ..C ... ... ..A ..T ..T A.. ..C ... ..A ..A ... .G. ..T ... ... ... ... ..G C.G ... C.. ... ..G ..G ..G ... ..A ... ..T ..A ..A G.C ..A ... ... ... ... ... ... ..G ... ..G 
Cgla                            ... ... ... ..G ..G ..G ..G ... ... ..G ..G ... G.A .GA ..A ..G GG. ..C ..C ... ... ..C ... ..C ..C ... ... .C. ..C ... ... T.C ..C ... .GT ..G ..T ..A ... ..C ... ... ..G ... ..T ..A ..A ..A .A. ..T G.T ... ... T.. ..A ... ... ..C ... ... ..A ..C ... ..C ... ... ... G.A G.. ... ... ... ... ... ..G ..G ..G ... ... ... ... ..T ... ..A ..A ... TCC ..C T.C ... ... ... ... ... ... ..T ... ... ..A ..A ..T ... ..A ... ... ..C A.G A.A A.A ... ... ... ... T.. ... ... ..G ... ... ..G ... ..G ... ... ..T ... ... ..T ... ... A.. ..A ..A ..A ..A ..C ... ..C ... ... ... ..C ... ... ... ..T ... ..G ..T ..A C.A ..C ... ..A ..C ..C ... ..A ..T ... ..T ..T ..T TCC ... ... ..G ..G ... ..A ... ... ... ... ... ..C ..C ..T ..T ..T ..T ..G A.. ..T ... ..C ..A ..G ... ..A ... ... ... ..T ..T ... ... ... ... ... ... ... ..T AGT ..T A.. ... ..A ..C ... ..A .GC ..T ... ..C ... ... ..G C.T ... C.C ..G ..G C.G C.T ..G ..T ..T ..T C.. ... G.C ... C.T C.. C.. C.T ..A .A. ..G ..C ..G 
Agos                            ..G ..G C.G ..G ... ..G .G. ..G ..G ..G ... ... G.G ..A ..A C.G ... ..C ... ..C ..C ..C ..C ..C ... ..C ... .CC ..C ..C ... T.G ..T ..G ..C ..G ..A ..G GTA ..G ... C.C .A. C.C ... CCT ..A C.T C.A ..T G.. ... TGC ..C G.. ..A ..C ..C ... ... ..C ..C ..C ..A ..C ..C ... G.. ... ... ..G ..G ..G ..G ... ..G ..G ... ..G ... T.. ... ..T ... ... ..C T.C ..C ..C ..C ... ..G GTT T.. ..G ..G ... ..C ..A .AT ... ... ..A T.. ..C ..A AAA A.A A.A A.A ..C ... A.A ... ... ... ..G ..G A.T ..C .TT ..G ..G ... ..T ..T ..T ... ..T ... TCT ..A ..A ... ... ..C ..C ..C ..C ... ..C ..C ..C ... ..C ..C T.G ..G ... ... TTC ..A ..G ... ... ..A TTG ..C ... ... ..T ... ... TAC ... ..G ..G ..C ..A ... ..C ..C ... ..C ..G .CC ..G ..G ... ..G ..A ..T A.T ..T ... ... ..A ..A ..G A.. ... ..C ..T ..T ... A.A ..C ... ... ..C AGC G.. ... ..A ..C A.A ... AGC ... ..G ... .G. ..T ... ACC ..C C.G C.. C.G ..G C.. C.T C.C C.G A.T C.T ... ... G.. ... C.C G.. ... C.T C.. C.. C.. ... .AC ..A ... C.. 
Klac                            ... ..G ... ..G ..G ..T ... ... ..G ... ..G ... G.A ... ... ... ..C ..C ... ..C ..C ..C ... ... ... ..C ..C TC. ..C ... ..C ... ..C ..C ..T ... ..A ..C GTA ..G ..G ... .A. ... ..T CCA ..A ..A .A. T.. TG. ... TGT ..T ..C ..C ..C ..C ..C C.. ... ... ..A ..C ..C ... ... G.G ... ..G ... ..G ..G ..G ... ... ... ... ... ... T.T ..T ..T ..T ..A ... A.. ... A.. ... ... ..T GTC ..C ... ... ..T ... ..G .AT ..A ..T ... ..A ... ..A AT. A.A A.A ... ... ..C A.A T.A ... ... ... ... ... ... .TG ... ... ... ..T ... ..T ..T ..T ..T AGT ..A ..A ..A ..A ..C ..C ... ... ... ... ... ..C ... ... ... T.. ..G ..A ..T TTC ..T ... ..C ..A ... .TG ... ..T ..T ..T ..T ..T TCC ..G ..G ... ... ..G AAC ..A ... ... ... ... ..G ..G ..T ..C ..G ..G ..A A.. ..A ..G ... A.G ..C ..A ..G ..C ..C ..T ..T ... A.A ..C ..C .TC ..C ..C ..T ..T ..A ..T A.A ... AG. ..G ..C ... .G. ..T ... ACG ... ..G ..G ... ... ... ... C.T ... C.C C.C ... ... G.. C.A C.T ... ..A C.T ..A ... ... ... .A. ..G ..C C.A 
Calb                            ... ..G ... ... ... ... ... ... ... GCT ... ..T G.T ..A ... .C. ... ... ... ..C .G. ..C ... ... ... ... ..C .TC ... ... ..C GAT ..G ... ... ..A ... ..A GAC C.. ... C.T GCT ... ..T TCT ..A ..A .AC ..T ..T ..T G.A ..T ... ... T.A ..C ... ..C ... ... ... G.. ... ..C ..A G.G ... ... ... A.. ... ..G ... ATT TCC ... ... ..T T.. ACA ..T ... TCT ..C A.A ... A.A ... ... ..T ATC ..G ..T ... ..T ... ..A ... ..A ..A ... ..G ..A ..A AAG ..T ..C ... A.A A.A A.A T.. ... ..G ... ... ... A.T .G. ... ..T ... ... ..T ..T ..T ..T ... AC. ..A ..A ... ... ... ... ... ..C ... ... ..C ... ... ... ..T T.. ..A ..T ..T C.A ..C ... ..C ... T.A A.A ..A CA. ..T ..T ..T ... AC. ... ... ..A ..G ..G AA. ... .C. ... ... ... AA. A.T A.T ..T ..T ... ..T A.T A.T A.T ..T ... ... A.. ... ..G ... ..T ... ..T ..C ..C ..C ... ..T ..C ..A ..A ..C AAC GG. G.G AG. ... AA. ..G .G. ..T ... ... AT. ... A.. ... ... ..G ..G ... ..G ..G ..G ..T ... ... ..A ... A.C ..A C.T ..A ... ... ..A .A. ..C ... ..G 

    1    2    1    2    1    3    1    1    1    3    1    1    1    2    1
    1    3    1    1    1    1    2    1    1    1    1    1    1    1    2
    1    3    1    3    1    1    1    1    1    2    3    2    1    1    2
    1    1    1    2    1    1    2    2    1    2    2    1    2    2    1
    1    2    2    2    2    4    1    2    1    1    1    1    4    1    1
    1    2    1    1    1    2    1    1    2    2    1    1    3    1    1
    2    1    1    1    1    2    5    1    1    2    2    1    2    1    2
    1    1    1    1    4    1    2    1    3    2    3    1    1    1    3
    1    3    4    3    1    2    1    2    4    2    1    3    2    2    1
    2    1    1    2    2    4    1    2    2    1    3    1    1    2    3
    2    2    4    1    1    1    5    1    1    2    1    1    1    1    1
    3    1    1    1    1    3    2    3    2    2    1    1    2    1    2
    1    1    1    2    1    4    1    2    1    1    1    2    1    3    1
    1    2    1    1    2    3    3    1    1    1    1    1    3    1    1
    2    1    2    1    1    1    2    2    1    4    1    2    2    3    2
    2    2    2    1    2    1    1    1    2    1    1    1    2    1    1
    1    2

CODONML (in paml version 4.9j, February 2020)  temp.nuc
Model: One dN/dS ratio, 
Codon frequency model: Fequal
ns =   9  ls = 393

Codon usage in sequences
--------------------------------------------------------------------------------------------------------------------------------------
Phe TTT   5   5   2   5   3   5 | Ser TCT  10  10   8   8  13   4 | Tyr TAT   5   5   7   1   7  10 | Cys TGT   2   4   3   3   5   3
    TTC   5   5   6   5   2   1 |     TCC   3   2  14  11   6   9 |     TAC   5   6   5   9   5   2 |     TGC   2   0   2   2   0   2
Leu TTA  21  13  16   9  16   8 |     TCA   5   7   0   2   6  10 | *** TAA   0   0   0   0   0   0 | *** TGA   0   0   0   0   0   0
    TTG  12  12  12  16  20  17 |     TCG   3   1   1   1   0   0 |     TAG   0   0   0   0   0   0 | Trp TGG   1   1   2   1   1   1
--------------------------------------------------------------------------------------------------------------------------------------
Leu CTT   0   1   3   1   0   6 | Pro CCT   6   4   8  12   2   7 | His CAT   6   7   7   5  11   2 | Arg CGT   9  11   8  10  10   8
    CTC   0   0   0   0   0   1 |     CCC   3   2   5   1   2   1 |     CAC   7   5   6   8   0   7 |     CGC   2   0   2   1   0   0
    CTA   0   4   2   2   4   0 |     CCA  15  19  14  10  24  20 | Gln CAA  14  14  14  12  18  14 |     CGA   0   0   0   0   0   0
    CTG   3   5   2   8   1   7 |     CCG   3   0   0   5   1   1 |     CAG   2   3   3   4   2   4 |     CGG   0   0   0   0   0   0
--------------------------------------------------------------------------------------------------------------------------------------
Ile ATT  27  20  22  22  21  16 | Thr ACT   4   4   5   6   3   4 | Asn AAT  17  11  12  15  11   5 | Ser AGT   0   0   3   1   3   4
    ATC   3  10   6   4   5   9 |     ACC   2   3   2   2   5   3 |     AAC   2   3   8   4   6   9 |     AGC   2   3   0   2   0   0
    ATA   1   3   3   1   3   3 |     ACA  11   6   8   7   7   7 | Lys AAA  17  17  14  16   8   7 | Arg AGA   7   7   9   7   9  13
Met ATG   3   3   5   3   2   2 |     ACG   0   4   0   2   3   1 |     AAG   3   8  13   5  12  14 |     AGG   5   4   3   4   2   2
--------------------------------------------------------------------------------------------------------------------------------------
Val GTT   8   9  10   6  10  14 | Ala GCT  13  12   6   9   9  14 | Asp GAT  18  22  20  15  26  17 | Gly GGT  21  17  18  17  14  24
    GTC   8   4   6  12  12   8 |     GCC   6  10   9  10  13   4 |     GAC  12   8  13  15   7  13 |     GGC   1   1   1   1   0   0
    GTA   5   7   3   7   3   4 |     GCA   4   8   1   6   3   6 | Glu GAA  23  19  33  27  17  24 |     GGA   4   4   2   2   0   3
    GTG   4   1   1   4   2   3 |     GCG   4   2   1   0   0   1 |     GAG   8  12   0   3   6   7 |     GGG   1   5   4   6  12   2
--------------------------------------------------------------------------------------------------------------------------------------

--------------------------------------------------------------------------------------
Phe TTT   1   0   3 | Ser TCT   6   9   6 | Tyr TAT   6   7   4 | Cys TGT   3   6   4
    TTC   6   8   4 |     TCC   3   7   6 |     TAC   8   4   9 |     TGC   3   1   0
Leu TTA   1  17  16 |     TCA   2   2   6 | *** TAA   0   0   0 | *** TGA   0   0   0
    TTG  14  10  18 |     TCG   6   1   2 |     TAG   0   0   0 | Trp TGG   1   1   1
--------------------------------------------------------------------------------------
Leu CTT   8   6   2 | Pro CCT   1  11  11 | His CAT   3  10   5 | Arg CGT   3   5   7
    CTC   3   4   0 |     CCC   4   1   2 |     CAC   9   1   3 |     CGC   4   2   1
    CTA   3   4   0 |     CCA  11  12  15 | Gln CAA   3   9  10 |     CGA   2   0   0
    CTG  12   0   0 |     CCG   7   1   2 |     CAG  15   7   1 |     CGG   0   0   0
--------------------------------------------------------------------------------------
Ile ATT  10  10  29 | Thr ACT   1   1   2 | Asn AAT   7  10  16 | Ser AGT   0   6   6
    ATC  17  17  10 |     ACC   5   7   3 |     AAC  10  13   7 |     AGC   8   0   0
    ATA   4   2   3 |     ACA   3   7  14 | Lys AAA   8   9  18 | Arg AGA  12   8  10
Met ATG   0   1   0 |     ACG   7   3   1 |     AAG  13  12   4 |     AGG   0   3   0
--------------------------------------------------------------------------------------
Val GTT  10   2  16 | Ala GCT   2  11  19 | Asp GAT  12  23  32 | Gly GGT   6  17  19
    GTC   5   8   1 |     GCC  13   1   3 |     GAC  21   7   6 |     GGC   9   0   0
    GTA   6   5   2 |     GCA   3   6   2 | Glu GAA  13  30  17 |     GGA   4   3   2
    GTG  11  19   3 |     GCG   5   1   1 |     GAG  13   0   6 |     GGG   7   5   3
--------------------------------------------------------------------------------------

Codon position x base (3x4) table for each sequence.

#1: Scer           
position  1:    T:0.20102    C:0.17812    A:0.26463    G:0.35623
position  2:    T:0.26718    C:0.23410    A:0.35369    G:0.14504
position  3:    T:0.38422    C:0.16031    A:0.32316    G:0.13232
Average         T:0.28414    C:0.19084    A:0.31383    G:0.21120

#2: Sbay           
position  1:    T:0.18066    C:0.19084    A:0.26972    G:0.35878
position  2:    T:0.25954    C:0.23919    A:0.35623    G:0.14504
position  3:    T:0.36132    C:0.15776    A:0.32570    G:0.15522
Average         T:0.26718    C:0.19593    A:0.31722    G:0.21968

#3: Smik           
position  1:    T:0.19847    C:0.18830    A:0.28753    G:0.32570
position  2:    T:0.25191    C:0.20865    A:0.39440    G:0.14504
position  3:    T:0.36132    C:0.21628    A:0.30280    G:0.11959
Average         T:0.27057    C:0.20441    A:0.32824    G:0.19678

#4: Spar           
position  1:    T:0.18575    C:0.20102    A:0.25700    G:0.35623
position  2:    T:0.26718    C:0.23410    A:0.35369    G:0.14504
position  3:    T:0.34606    C:0.22137    A:0.27481    G:0.15776
Average         T:0.26633    C:0.21883    A:0.29517    G:0.21968

#5: Ncas           
position  1:    T:0.21374    C:0.19084    A:0.25445    G:0.34097
position  2:    T:0.26463    C:0.24682    A:0.34606    G:0.14249
position  3:    T:0.37659    C:0.16031    A:0.30025    G:0.16285
Average         T:0.28499    C:0.19932    A:0.30025    G:0.21544

#6: Cgla           
position  1:    T:0.18321    C:0.19847    A:0.25191    G:0.36641
position  2:    T:0.26463    C:0.23410    A:0.34351    G:0.15776
position  3:    T:0.36387    C:0.17557    A:0.30280    G:0.15776
Average         T:0.27057    C:0.20271    A:0.29941    G:0.22731

#7: Agos           
position  1:    T:0.15267    C:0.22392    A:0.26718    G:0.35623
position  2:    T:0.28244    C:0.20102    A:0.35878    G:0.15776
position  3:    T:0.20102    C:0.32570    A:0.19084    G:0.28244
Average         T:0.21204    C:0.25021    A:0.27226    G:0.26548

#8: Klac           
position  1:    T:0.18575    C:0.18575    A:0.27735    G:0.35115
position  2:    T:0.28753    C:0.20611    A:0.36132    G:0.14504
position  3:    T:0.34097    C:0.20611    A:0.29008    G:0.16285
Average         T:0.27142    C:0.19932    A:0.30958    G:0.21968

#9: Calb           
position  1:    T:0.20102    C:0.15013    A:0.31298    G:0.33588
position  2:    T:0.27226    C:0.24173    A:0.35115    G:0.13486
position  3:    T:0.46056    C:0.13995    A:0.29262    G:0.10687
Average         T:0.31128    C:0.17727    A:0.31891    G:0.19254

Sums of codon usage counts
------------------------------------------------------------------------------
Phe F TTT      29 | Ser S TCT      74 | Tyr Y TAT      52 | Cys C TGT      33
      TTC      42 |       TCC      61 |       TAC      53 |       TGC      12
Leu L TTA     117 |       TCA      40 | *** * TAA       0 | *** * TGA       0
      TTG     131 |       TCG      15 |       TAG       0 | Trp W TGG      10
------------------------------------------------------------------------------
Leu L CTT      27 | Pro P CCT      62 | His H CAT      56 | Arg R CGT      71
      CTC       8 |       CCC      21 |       CAC      46 |       CGC      12
      CTA      19 |       CCA     140 | Gln Q CAA     108 |       CGA       2
      CTG      38 |       CCG      20 |       CAG      41 |       CGG       0
------------------------------------------------------------------------------
Ile I ATT     177 | Thr T ACT      30 | Asn N AAT     104 | Ser S AGT      23
      ATC      81 |       ACC      32 |       AAC      62 |       AGC      15
      ATA      23 |       ACA      70 | Lys K AAA     114 | Arg R AGA      82
Met M ATG      19 |       ACG      21 |       AAG      84 |       AGG      23
------------------------------------------------------------------------------
Val V GTT      85 | Ala A GCT      95 | Asp D GAT     185 | Gly G GGT     153
      GTC      64 |       GCC      69 |       GAC     102 |       GGC      13
      GTA      42 |       GCA      39 | Glu E GAA     203 |       GGA      24
      GTG      48 |       GCG      15 |       GAG      55 |       GGG      45
------------------------------------------------------------------------------


Codon position x base (3x4) table, overall

position  1:    T:0.18914    C:0.18971    A:0.27142    G:0.34973
position  2:    T:0.26859    C:0.22731    A:0.35765    G:0.14645
position  3:    T:0.35510    C:0.19593    A:0.28923    G:0.15974
Average         T:0.27095    C:0.20432    A:0.30610    G:0.21864

Codon frequencies under model, for use in evolver (TTT TTC TTA TTG ... GGG):
  0.01639344  0.01639344  0.01639344  0.01639344
  0.01639344  0.01639344  0.01639344  0.01639344
  0.01639344  0.01639344  0.00000000  0.00000000
  0.01639344  0.01639344  0.00000000  0.01639344
  0.01639344  0.01639344  0.01639344  0.01639344
  0.01639344  0.01639344  0.01639344  0.01639344
  0.01639344  0.01639344  0.01639344  0.01639344
  0.01639344  0.01639344  0.01639344  0.01639344
  0.01639344  0.01639344  0.01639344  0.01639344
  0.01639344  0.01639344  0.01639344  0.01639344
  0.01639344  0.01639344  0.01639344  0.01639344
  0.01639344  0.01639344  0.01639344  0.01639344
  0.01639344  0.01639344  0.01639344  0.01639344
  0.01639344  0.01639344  0.01639344  0.01639344
  0.01639344  0.01639344  0.01639344  0.01639344
  0.01639344  0.01639344  0.01639344  0.01639344


TREE #  1:  (((((1, 4), (3, 2)), 5), 6), ((7, 8), 9));   MP score: 1256
This is a rooted tree.  Please check!
lnL(ntime: 16  np: 18):  -6659.482106      +0.000000
  10..11   11..12   12..13   13..14   14..1    14..4    13..15   15..3    15..2    12..5    11..6    10..16   16..17   17..7    17..8    16..9  
 0.128199 0.107502 0.327059 0.031018 0.186572 0.205181 0.000004 0.879822 0.431037 0.444136 0.619808 0.189944 0.580260 1.268768 0.396397 1.454747 1.894170 0.061102

Note: Branch length is defined as number of nucleotide substitutions per codon (not per neucleotide site).

tree length =  7.250454

(((((1: 0.186572, 4: 0.205181): 0.031018, (3: 0.879822, 2: 0.431037): 0.000004): 0.327059, 5: 0.444136): 0.107502, 6: 0.619808): 0.128199, ((7: 1.268768, 8: 0.396397): 0.580260, 9: 1.454747): 0.189944);

(((((Scer: 0.186572, Spar: 0.205181): 0.031018, (Smik: 0.879822, Sbay: 0.431037): 0.000004): 0.327059, Ncas: 0.444136): 0.107502, Cgla: 0.619808): 0.128199, ((Agos: 1.268768, Klac: 0.396397): 0.580260, Calb: 1.454747): 0.189944);

Detailed output identifying parameters

kappa (ts/tv) =  1.89417

omega (dN/dS) =  0.06110

dN & dS for each branch

 branch          t       N       S   dN/dS      dN      dS  N*dN  S*dS

  10..11     0.128   853.0   326.0  0.0611  0.0081  0.1333   6.9  43.4
  11..12     0.108   853.0   326.0  0.0611  0.0068  0.1117   5.8  36.4
  12..13     0.327   853.0   326.0  0.0611  0.0208  0.3399  17.7 110.8
  13..14     0.031   853.0   326.0  0.0611  0.0020  0.0322   1.7  10.5
  14..1      0.187   853.0   326.0  0.0611  0.0118  0.1939  10.1  63.2
  14..4      0.205   853.0   326.0  0.0611  0.0130  0.2133  11.1  69.5
  13..15     0.000   853.0   326.0  0.0611  0.0000  0.0000   0.0   0.0
  15..3      0.880   853.0   326.0  0.0611  0.0559  0.9145  47.7 298.1
  15..2      0.431   853.0   326.0  0.0611  0.0274  0.4480  23.4 146.0
  12..5      0.444   853.0   326.0  0.0611  0.0282  0.4616  24.1 150.5
  11..6      0.620   853.0   326.0  0.0611  0.0394  0.6442  33.6 210.0
  10..16     0.190   853.0   326.0  0.0611  0.0121  0.1974  10.3  64.4
  16..17     0.580   853.0   326.0  0.0611  0.0369  0.6031  31.4 196.6
  17..7      1.269   853.0   326.0  0.0611  0.0806  1.3188  68.7 429.9
  17..8      0.396   853.0   326.0  0.0611  0.0252  0.4120  21.5 134.3
  16..9      1.455   853.0   326.0  0.0611  0.0924  1.5121  78.8 492.9

tree length for dN:       0.4605
tree length for dS:       7.5362


Time used:  0:10
