      9   1179

Scer                            CCT GTT CAG ATG ATC ATG GGT GAT TTA TTA TTA CCT CAG AAG TGT GTT AAC GCC AAC TAC GAA TAT TAT TTG GCT GCC GCA TTA GCT AAG ACA TCC GTT TGT CCT GTC AGT CAT GAA CGC TTG GAT GTT AAT GAT TTC ATG GTT TGC GCT AAT ATC ATT CTT GAA GAC TGT GAT CAC AAA GAG GAT CAA TTA GTG ACT ATG GTT TTG GCT GAT TAT CTG CCT TAT TGT GGT TGT GAT ATT ATG GTT AAT AAC TTG CAA TTC TTG TTA GGT TTA GAT CTA TTT GAT TTG AAT AAG GCC GCG GAT ATT TGT ATG GAT AGT TTC AGA GGT GTT GGG ACA GCC GAA TCT CCA ACA ACG TGC TTT TTT AAA ATG CAG GCG GTT CAA ATT GTT CAA GGG TAC CTA GAA GGT AAG GTT GAA ATG AAG AAA ATG TTC CTG GCT CCA TTA GGT TTC AAG TTG TCT GCT AGA ATG AGA TTA GTA GCT TTA CTA TTT ATC ACC GTT TAT GGT GAA CCA AGA GGT TTT AGT TCA TTA GCC GCT ACC TCT ATT TGT AAG GTT GTT GGT GGT TTG TGC GGT CCA GGA GAT AAT GGT AAC GAA GAT ATT TTT AAG GGT ATG TAT GGT CTG AAC AAA GGT GTC GAT CTT CGT GGT AAC GAC GTT GAT CAA ATC GTT GAC AGA TCC GGT GGT AGT GAT TGT ACC ATA GTA GAG ATC GTT TCG GGT ATA ACT AAG ATG ACA AAT AAA GCC TTG ATC GGT ATC TGG GGT TCT ACA AAT ACT GAT TTC AAT AGT GTC CCT ATC GTT CAA TAT CTA AAC ATT GTT AGT TTA ATC AAG CTT AGA GGT GAA TTA GGA AAC TTA AAC TTG ACA ATT AAG TTT TCT TAC GTT AGT AAA TTC GAA GTT AAG GGT ATA GCT GCA TTG ATC CCA AAG TTT CCT GAC CGT GCC ACA ATT GTT GGT GCT GTT CCT GGT AGA AAT TGT GTT ATG GAA CAA GCA CAG AGT AGA CCT ATT TTG GTT TCT TTA CCA AAA CAA AGA GTC ATG TCC GGA AAA GGT CCA GTC TTT AGA CAG ATG GTC GTT ACT GAA ATT GCC ATT TAT GAT GTT GTT AGT GTT ACG GGT CCA AGA TTC CTT ATC TAT CTA TCA TCA TCT GGT CTA ACC GTC GAC ATT CAA CGC TTC AAT AAC GGT GAC CTA TCT TTA AGA GGT TTG 
Sbay                            CCC GTT CAG ATG ATT ATG GGC GAT CTC CTG GTA CCT CAA AAA TGC GTG AAT GCC AAT TAC GAA TAC TAC TTA GCT GCC GCA TTG GCT AGA ACC TCA GTC TGT CCG GTC AGT CAC GAA CGT TTG GAT GTT AAT GAC TTT ATG GTT TGC GCT AAT ATC ATT CTT GAA GAC TGC GAT CAC AAA GAA GAT CAA CTG GTG ACT ATG GTT TTG GCT GAT TAC CTG CCT TAC TGT GGT TGT GAC ATT ATG TTC AAC AAT TTG CAA TTT TTG TTG GGT TTG GAC CTA TTT GAC TTG AAT AAG GCC GCG GAT ATT TGC ATG GAT AGT TTC AGA GGT GTT GGG ACA GCC GAA TCT CCA ACC ACA TGC TTT TTC AAA ATG CAA GCC GTT CAA ATC GTG CAA GGT TAC CTG GAA GGT AAG GTT GAA ATG AAG AAG ATG TTC TTG GCA CCA TTA GGT TTC AGA TTG TCT GCT AGA ATG AGA GTA GTC GCC TTG TTA TTT ATC ACC ATC TAC GGC GAA CCA AGA GGG TTT GAT TCT TTG GCA GCT ACT TCC ATT TGC AAG GCT ATC GGG GGT TTG TGC GGT CCA GGG GAC AAT GGT AAC GAA GAT ATC TTT AAG GGG ATG TAT GGT CTG AAT AAG GGT GTC GAT CTT CGT GGT AGT GAT GTC GAT CAA ATC GTT GAT AGA TCC GGT GGT AGT GAT TGC ACT ATA GTC GAA ATC GTT TCT GGT ATT ACT AGA ATG ACT AAT AAA GCC TTG ATT GGT ATT TGG GGT TCT ACT AAC ACC GAT TTC AAT AGC GTC CCG ATC GTT CAG TAT TTG AAT ATT GTT AGT TTA ATC AAA CTG AGA GGG GAA GTA GGG AAC TTG AAT TTG ACA ATT AAA TTC TCT TAC GTT AGC AAG TTT GAG GTC AGA GGT ATA GCT GCA TTG ATC CCA AAA TTT CCT GAT CGT GCC ACA ATT TTC GGT GCC GTC CCT GGT AGA AAC TGC TTC ATG GAA CAA GCA CAA GAT AGA CCT ATT TTG GTT TCT CTG CCA AAA CAA AGA GTC ATG TCC GGA AAA GGT CCA GTC TTT AAA CAA ATG GTC GTG ACC GAG ATT GCC ATC TAT GAT GTT ATC AGT GTT ACA GGT CCA CGT TTC CTG ATC TAT TTG TCG TCG TCT GGT CTG ACT GTC GAT ATC CAA CGT TTC AAC AAT GGT GAT CTG TCT CTG AGA GGT TTA 
Smik                            CCG GTT CAG ATG ATT GTG GGT GAT CTA CTG TTA CCT CAG AAA TGT GTT AAT GCC AAC ACT GAA TAT TAC TTA GCC GCC GCT CTA GCT AGG ACG CGT GTT TGT CCT GTC AGT CAC GAA CGC TTG GGG GTT AAT GAC TAC GTT GTT TGC GCT TCC ATC ATT CTT GAG GAC TGC GAT ATT AAA GCA GAT GAA CTG GTG ACT TTG GTT TTG GCT GCA TAT TTG CCT TAC TGT GGC TGT GAC ATT GTT GTC AAC AAT TTG CAA TTC TTG TTG GGT TTA GAT CTA TTT CAA TTG AAC AAG GCC GCG GAA ATT TGC GTT GAT AGT TTC AGA GGT GTT GGC ACA GCC GAA TCT CCA ACA ACA TGC TTT TTT AAA ATG CAG GCC GTC TAT ATT GTT GAA GGT ACT CTC GAG GGT CAA GTT GAA GTG CAA AAA ATG TTC CTA GCT CCA TTA GGT AAT AGG TTG TCT GCT AGA GTG AGA TTA GTC GCC CTA CTA TTT ATC ACC GTT TAT GGT GAA CCT AGA GGT TTT GAT TCA TTA TTA GCT ACA ACA ATT TGC CAA GTC GTT GGT GGC TTG TGC GGG CCA GGG GAT AAT GGT AAC GAA GAA ATC TTT AAG GGT GTG TAT GGT TTG AAT AAA GGT GTT AGA CTT AGA GGT CAA GAT GTT GAT CAA ATC GTC GAT AGA TCC GGT GGT AGT GAT TGT ACA ATA TAT GCA ATC GTT AAC GGT ATT TAT AGG GTT TTT TCC AAA GCC TTG ATT ATC ATT TGG GGT TCA TTT AAC ACT GAT TTC AAC GAA GTC CCT ATC GTT CAG TAT CTC AAT ATT GTC AGT TTG ATC AAA TTA AGA GGT GAA TTA GGG AAT TTA AAT ATT ACA ATT GTC TTT TCA TAC GTT GAA AAG CTG GAA GTT AGG GGT ATA GCT GCA TTG ATC CCT GTC TTT CCT GAT CGT GCC ACA ATA GTC GGT GCC GTT CCT GGT AGA AAC TGC GTC TTA GAA CAA GCT CAA GAT AGA CCT ATA TTG GTC TCT TTA CCT AAA GAC AGG GTC TTA TCC GGG AAA GGG CCA GTT TTT AGA CAA GTG GTC GTT ACT GAA ATT GCC ATC TCT GAA GTT GTT AGT GTT ATT GGT CCA AGG AAT TTA ATC TCT CTC TCC TCC TCT GGT TTG ACA GTC GAT ATC AGA CGC TTT AAT ACA GGT GAC TTG TCT CTG AGA GGT TTA 
Spar                            CCC GTT CAG ATG ATT GTT GGT GAT CTA TTA TTA CCT CAG AAG TGT GTC AAC GCC AAC ACA GAA TAT TAT TTA GCT GCC GCA CTA GCT AGA ACA CGT GTT TGT CCT GTC AGC CAT GAA CGT TTG GGG GTT AAT GAT TAT GTC GTT TGC GCT TCC ATC ATT CTT GAA GAC TGT GAC ATC AAA GCA GAT GAA TTA GTG ACT TTG GTT CTG GCT GCA TAT TTG CCT TAT TGT GGG TGT GAT ATT GTC GTT AAC AAC TTG CAA TTC TTA CTA GGT TTA GAT CTA TTT CAA TTG AAT AAG GCC GCG GAA ATT TGT GTC GAT AGT TTC AGA GGT GTT GGG ACA GCC GAA TCT CCA ACA ACA TGC TTT TTC AAA ATG CAG GCC GTT TAT ATC GTT GAA GGG ACA CTA GAA GGT CAG GTT GAG GTC CAG AAG ATG TTC TTG GCT CCA TTA GGT AAT AGA TTG TCT GCT AGA GTT AGA TTA GTG GCT CTA CTA TTT ATC ACC GTT TAT GGC GAA CCT AGA GGT TTT GAT TCA TTA CTA GCT ACT ACA ATT TGT CAG GTT GTT GGT GGG CTG TGC GGA CCA GGA GAT AAT GGT AAC GAA GAA ATC TTT AAG GGT GTC TAT GGT TTG AAC AAA GGT GTT AGA CTC AGA GGT CAA GAT GTT GAT CAA ATC GTT GAT AGA TCC GGT GGT AGT GAC TGT ACT ATA TAT GCA ATC GTT AAC GGT ATT TAC AGA GTC TTT TCC AAA GCC TTA ATT ATC ATT TGG GGT TCT TTT AAT ACT GAT TTC AAT GGC GTC CCT ATT GTT CAA TAT CTA AAC ATT GTT AGC TTA ATT AAG CTA AGA GGT GAG TTA GGA AAC TTA AAC ATT ACA ATT GTG TTC TCT TAC GTT GGC AAA CTG GAG GTT AGA GGT ATA GCT GCA TTG ATT CCT GTG TTT CCT GAC CGT GCC ACA ATC GTT GGT GCT GTT CCT GGA AGA AAT TGT GTT TTA GAA CAA GCA CAA GAT AGA CCT ATC CTG GTT TCT TTA CCT AAA GAT AGA GTC TTA TCC GGA AAA GGA CCA GTT TTT AGA CAG GTT GTC GTC ACA GAG ATT GCC ATC TCT GAA GTT GTT AGC GTT ATT GGT CCA AGA AAT CTA ATC TCT CTA TCT TCT TCT GGT CTT ACT GTC GAC ATT AGA CGT TTC AAT ACA GGT GAC CTT TCT TTA AGA GGA TTA 
Ncas                            CCT GTC CAA ATG ATA ATG GGA GAT TTG CTA CTT AGC CAA AAG TGT ATG AAT GCC AAT TAC GCC TAT TAT CTA GCT GCC GCG ATG GCT AAG ACT TCT GTT TGT CCA GTC AGT CAT GAA AGA CTT GAT GTC GAC GAT TTC ATG GTT GGG GCC AAT ATC ATG TTG GAG GAT TGC GAT CAC AAA GAA GAT CAG CTA GTC ACC ATG GTT TTA GCA GAC TTC TTC AGC TAT TGT GGA TGT GAT ATC ATG TTC AAC AAT CTT CAA TTC CTA TTG GGT ATG GAT TTA TAC GAT TTG AAT AAA GCA GAA GAC ATT TGC ATG GAT AGC TAC AGA GGG GTT GGA TCG GCC GAT AAA CCA ACA AAT GGG TTC TTC AAG TTG CAA GCA GTT CAA ATT GTT CAG GGC TAC CTT GAG GGT AAA GTC GAC ATG AAA AAG ATG TTC TTG GCA CCA TTT GGT TTT AAG CTT TCT GCA AGA ATG AGA CTT GTC GCC ATG CTT TAC ATG ACT ATT TTC GGT GCC CCA AGA GGT TAC GAT TCT CTA GCC GCA ACC TCA ATT TGC AAA GTG ATT GGT GGA TTA GGG GGT CCT GGG AAC AAT GGT AAC GAA GAC ATC TTT AAG GGT ATG TAC GGT TTC AAT AAG GGT GTG GAT CTG CGT GGG AAC GAC GTT GAC CAG ATC GTC GAC AGA TCT GGT GGT AAT GAT TGT ACC ATT GTT GAA ATT GTT TCC GGT ATT ATA AAG ATG ACC AAT AAG GCC CTA ATA GGT ATA TGG GGT TCT ACC AAC TGC GAT TTC AAT AGT GTC CCA ATT GTT CAA TAC CTT AAT ATT GTT AGT TTG ATT AAG TTA AGA GGT GAC CTT GGG AAT CTA AAT CTA TCG ATT AAG TTC TCT TAT GTT AGT AAA TTT GAA GTT AAG GGT GTT GCT GCA CTG ATT CCA AAG TAC CCA GAT AGG GCT GTT ATT TTC GGG GCC GTT AGC GGT AGA AAC TGC TTC ATG GAA CAA GCG CAA GAT AGA CCA ATT TTA GTT TCT TTG CCA AAA AAA AGA GTC ATG TCT GGC AAA GGT CCA GTG TTC AGG CAA ATG GTC ATG ACA GAA ATT GCT ATC TAT GAC GTC ATT AGT GTT ACT GGT CCC CGA TTT TTA ATT TAT CTT GCT GCT TCA GGT TTA ACC GTC GAT ATT CAA AGA TTC AAT AAT GGT GAC TTA TCA CTA AGA GGT CTA 
Cgla                            CCT GTT CAA AGG ATA ATG GGG GAT TTA TTA ATT ACA CAA AAG TGT AAC AAC GCC AAC TAC GCT TAC TAT TTG GCC GCC GCT TAC GCT AAA ACG TCT GTA TGT CCG GTT ACA CAC GAA AGA TTG GAC ATT GAT GAC TTC TTG GTT GGG GCT AAT ATT ATC TTG GAA GAG ATG GAT ATT AAA GAA GAC CAA TTA GTT ACC ATG GTT CTA GCT GAT TAC CCA ACA TAT AGT GGT TGT GAC ATC TTG TTT AAC AAC TTG CAA TTC TTG CTA GGT ATC GAC CTA AAA GAT CTG AAC TGC GCT GAA GAC GTT ATG TTG GAT AGT TTC AGA GGA GTT GGT ATG GCC GAA GGT CCT ACG GAG GGG TAC TTC AAG ATG CAA GCT GTT CAA ATC TGT CAA GGC TAC TTG GAA GGT AAA ATT GAC ATG AAA AAG ATA TTT CTA GCT CCT TTG GGT TTT AAA TTG TCT GCC AGA ATG AGG ATT GTT GCT TAC CTT AAA TGG ACC ATC TAC GGT GCT CCT AGA AAC AAA TCG TCA TTG GCA GCC AGC TCA ATT ATG AAA GTT ATC AAC GGT CTA GGG GGT CCA GGT GAC AAT GGT AAC GAA GAC ATC TAC AAG AAC ATG TAC GGT CCA AAC AAG GGT GTC GAT TTG CGT GGT AAT GAT GTA GAG CAA ATT GTT GAT AGG TCC GGT GGT AAC GAT TGT AGC ATA GTA GAA GTC GTT TCT GGT ATT ATA AAA TTG ACG AAT AAA GCC TTG ATA GGT ATA TGG GGT TCT ACG AAC ACT GAT TTC AAC AGC GTT CCA ATC GTT CAG TAC CTA AAC ATT GTT ACA CTT ATC AAG CTG AGA AAC GAC ATT GGT AAT TTG AAC TTG ATG ATT AAA TTC TCT TAC GTT AGC AAA TTT GAG GTG AAA GGT ATT GCT GCC TTA ATC CCT AAA AAA CCC GAC AGA GCA CTG ATT TTT GGT GCT GTG ACA GGT AGA AAC ATG TTT ATG GAA CAA GCT CAA TCG AGG CCC ATT CTA GTT TCT CTG CCT AAA GAA AGA GTT ATG TCC GGT AAA GGT CCA GTC TAC CGT CAA ATG GTT AAC ACT GAA ATT GCA ATC TAT GAC ATT ATC ACA GTT ACT GGT CCA AGA TTT CTG GTA TAT CTA TCA TCA TCC GGA CTG AGC GTT GAC ATT CAA AGA TTC AAC AAT GGT GAC CTG TCC TTA AGA GGT TTG 
Agos                            CCC GTG GAA CTG ATT ATG GGC GAC CTC TTG GTA CGA CAG AAG TGC CTC AAT GCT AAC TAC GCC TAC TAC CTC GCT GCT GCC CTG GCG AAG ACG TCT GTT TGT CCG GTG AGC CAT GAG CGG TTG GAT GTG GAT GAC TTC ATG GTA GGG GCA AAT GTG ATT CTT GAG GAC TGT GAT CAC AAG GAG GAT CAG TTG GTT ACT ATG ATC TTG GCT GAT TTC CCA CGA TAC TGT GGC TGT GAC ATA ATG TTC AAG AAT TTG CAG TTC TTG CTG GGC ATC GAC TTG TAC GAT TTG AAC AAG GCC GAG GAT ATT TGT ATG GAG AGC TTC AGA GGC GTC GGC GCC GCA GAG CGT CCA ACA TCG GGG TTT TTC AAG ATG CAG GCC GTG CAA TAT TGC CAG GGC TAC ATG GAG GGT AAA GTG GAG ATG AAA AAG ATC TTT CTG GCG CCA TTC GGT TTT AAG TTG TCC GCA CGT ATG CGT GTA GTG GCT CTG TTG TAC ACA ACC GTC TTC GGC GCC CCT CGG GGG TAC GGC TCC CTA GCA GCA ACG TCT ATC TGT AAA GTG GTC GGG GGC TTG GGG GGC CCG GGT GAC AAT GGC AAC GAG GAT ATC TTC AAG GGG ATG TAC GGT CCA AAT AAG GGT GTC GAT CTG CGC GGC AAT GAT GTT GAG TCG GTG GTG GAT CGT TCT GGT GGC AAC GAT TGC ACG ATC GTC GAG ATA ATC TCC GGG ATT ATT AAG ATG ACT AAT AAA GCT TTG ATT GGC ATT TGG GGT TCT ACT AAT AGC GAG TTC AAC GCC GTG CCT ATC ATC CAG TAC CTT AAT ATC GTG AGC CTC ATC AAG CTG AGA GGG GAG GTA GGT AAC CTA AAT CTA GCC ATC AAA TTC TCT TAC GTA GCC AAG TTT GAG GTT AAG GGT GTG GCG GCG TTC ATC CCT AAA TAC CCC GAT AGA GCC ACG ATC TTC GGC GCT GTT CGA GGC AGA AAT TGT TTC ATG GAG CAG GCC CAG GGC CGT CCC ATC TTG GTG TCC CTG CCT AAG CAG AGA GTG ATG TCT GGG AAG GGC CCT GTC TTT AAG CAG ATG GTG CTC CTA GAG ATC GCT ATC TAT GAT GTG GTC AGC GTA ACT GGT CCA CGC TTT CTG ATT TAT CTT TCT TCT TCC GGA CTC ACG GTG GAT ATT CAG CGG TTT AAC AAT GGT GAC CTC TCC TTG AGA GGC CTC 
Klac                            CCC GTG CAA CTG ATC GTA GGC GAT AAA TTA GTT GGT CAG AAG TGT ATC AAT GCC AAT ACG GTT TAC TAT TTA GCC GCC GCA TAC GCT AGA ACT CGT GTT TGT CCA TAC AGC CAC GAG CGT TTG GGT GTT GAT GAC TAT GTC GTC GGA GCT TCT ATT ATC TTA GAG GAA GCA GAT ATT AAG GCT GAC GAA TTA GTC ACT CTG GTT TTA GCT GCT TAC ATT GGT TAT TGT GGT TGT GAC ATT GTC TTC AAC AAT TTG CAA TTC TTA CTA GGT GTG GAT TTG TAC CAG TTG AAT GAC GCT GAT GAA ATT GCA GTC GAT AGT TTC AGA GGT GTT GGA CAA GCC GCT ACT CCA ACT AAA GGA ACC TTT AAG ATG CAG GGT GTC TAT TAT GTA GAA GGT ACG CTA GAG GGT CAA GTT GAA ATT CAA AAG ATC TTT TTG GCT CCA TTC GGT AAT AGA TTG TCT GCT AGA GTA AGA GTT GTG GCT TAC TTG TAC ATC ACT ATC TAC GGT GTT CCT AGA GGT TAC GAC TCT TTA CTA GCT ACC ACT ATT GCA CAA GTT ATC GGT GGT TTA GGA GGT CCA GGT GAT AAT GGT TCC GAA GAA ATC TTC AAG GGT ATT TAT GGT ATT AAT AAG GGT GTG AGA CTA AGA GGA CAA GAC GTT ACC TCT ATT GTT GAC AGA TCT GGT GGT AAT GAT TGT ACC ATT TAC GCT ATC GTT AAC GGT GTT TAC AGA GTC TTC TCT AAA GCC TTA ATC ATT ATC TGG GGT TCT TTC AAC ACT GAT TTC AAT AGA GTT CCA ATT GTT CAA TAT TTG AAT ATT GTC AGC CTT ATT AAG TTG AGA GGT GAA GTT GGT AAT TTA AAT ATT CAA ATT GTC TTT TCT TAC GTC AGA AAA TTA GAG GTT AGA GGT ATA GCT GCA TTA ATT CCT GTC TAC CCA GAT AGA GCT ACA ATT TTC GGA GCT GTT GGT GGT AGA AAC GCA TTC TTG GAA CAA GCA CAA GAC AGA CCA ATT TTA GTC TCT TTG CCT AAG GAC CGT TAC TTG TCT GGT AAG GGT CCA GTG ACC AGA CAA GTA TAC ATC ACG GAA ATT GCC ATC TCT GAA GTT ATC AGC GTC ATT GGT CCA AGA AAT TTG ATT TCT TTG TCA TCA TCA GGT TTG ACC TAC GAT ATT ACA CGT TTC ACA ACA GGT GAC TTG TCA TTA AGA GGT TTA 
Calb                            CCT ATT GAA ATG ATT GTC GGG GAT TCT TTG TTA CCT CAA ATT CAT TTT AAT TCC AAT ACC GAT TAC TAT TTA GCC TCC GCC GTA TCA AGA ACA AGA GTT TCT CCA TTA GCA CAT GAA AGA TTG GGG GTT GAT GAT TAC GTC GCT GGG GCC TCA GTA ATC CAC GAA GCT ATC GAT ATT AAA GCC GAT GAA TTG GTC ACT TTG GTT TTA GCT GCA TAC ATA CCT TAT TCA GGG TGT GAT ATC GTC TTT ACT AAT TTG CAA TTT TTG TTG GGT ATT GAT TTA TTA GGT TTG AAT AAA GCT TCT GAA GTT ATC GTC GAT AGT TTC AGA GGG GTT GGA AGT GCC GAT AAT CCA ACA AAT GGG CAT TTT AAA CAA CAA GCA GTA TAT TAT GTT GAA TCG ACC TTA GAA GGT CAA GTT GAT TTG CAA AAA ATA TTC TTA GCT CCA TTT GGT TCT AGA TTG TCT GCT AGA GTC AGA TTA ATC GTT GTA TTA TTA AAT ACT GTC TAC GGG GAT CCA AGA AAT TTA GAG TCT CTT TTA GCT TCT ACT GTT ATC CAA ATC GTC AAT GGG TTA GGG GGA CCT GGT AAT AAT GGT AAC GAA GAA ATA TTC AAA AAT TTG TAT GGT ATA AAT AAA GGT GTC CGT TTA AGA GGT CAA GAC GTT ATG ATT GTA ACT GAC AGA TCA GGT GGT AAT GAT CAT TCT GTT TAT GCC ATT GTT AAT GGT ATT TAT AGA GTC TTT TCA AAA TCC TTG ATT ATC ATT TGG GGT AGT TTT AAT TCA GAT TTT AAT CAT GTT CCA ATA GTT CAA TAT TTG AAT GTT GTA GCA TTA ATA ATT TTA AGA AAT GAT TTA GGT AAT CTT AAT ATC AGT ATT GTA TTT AGT TAC GCT CAT AAA TTG GAA GTC AGA GGT ATT TCA GCC TTA ATA CCA GTA TTA CCA GAA AGA GCT AAA GTT TTT GGT GTT GTC CCT GGT CGT AAT ATC TTT TTG GAA GTG GCC CAG GAG AGA CCA GTT TTA GTA TCT TTG CCA AAA GAG AGA TTA TTG TCA GGT AAA GGA CCA GTC CAT AGA CAA GTC TTA TTT ATG GAA GTT GCT ATA TCA GAA GTT GTC GCA GCT ATT GGT CCA CGT TCT TTA ATC TCA TTG TCA TCA TCG GGG TTA TCT TTA GAA ATT CAC AGA TTC AAT ACA GGT GAT TTA TCG TTG CGT GGT TTA 



Printing out site pattern counts


         9        741  P

Scer                            AAA AAA AAA AAA AAA AAA AAC AAC AAC AAC AAC AAC AAG AAG AAG AAG AAG AAG AAT AAT AAT AAT AAT AAT AAT ACA ACA ACA ACA ACA ACC ACC ACG ACG ACT ACT ACT ACT AGA AGA AGA AGA AGA AGA AGA AGA AGT AGT AGT AGT AGT ATA ATA ATA ATC ATC ATC ATC ATC ATC ATG ATG ATG ATG ATG ATG ATG ATG ATT ATT ATT ATT ATT ATT ATT ATT ATT CAA CAA CAA CAA CAA CAA CAA CAA CAC CAG CAG CAG CAG CAT CCA CCA CCA CCA CCA CCT CCT CCT CCT CCT CGC CGT CGT CTA CTA CTA CTA CTA CTG CTG CTT CTT CTT GAA GAA GAA GAA GAA GAA GAA GAA GAC GAC GAC GAC GAG GAT GAT GAT GAT GAT GAT GAT GAT GAT GAT GAT GAT GAT GCA GCA GCC GCC GCC GCC GCC GCC GCG GCG GCT GCT GCT GCT GCT GCT GCT GGA GGA GGG GGG GGT GGT GGT GGT GGT GGT GGT GGT GGT GGT GGT GGT GGT GTA GTA GTC GTC GTC GTG GTT GTT GTT GTT GTT GTT GTT GTT GTT GTT GTT GTT GTT GTT TAC TAC TAT TAT TAT TAT TAT TCA TCA TCC TCC TCG TCT TCT TCT TCT TCT TGC TGG TGT TGT TGT TGT TGT TTA TTA TTA TTA TTA TTA TTA TTA TTA TTA TTC TTC TTC TTC TTC TTC TTC TTC TTG TTG TTG TTG TTG TTG TTG TTT TTT TTT TTT 
Sbay                            ... ... ... ..G ..G ..G ... ... ..T ..T ..T .GT ..A ..A ... ... ... .GA ..C ..C ..C ... ... ... ... ... ... ..C ..C ..T ... ..T ..A ..A ..C ..C ... ... .A. ... ... ... ... ... ... C.T ..C ... ... ... GA. ... ... ..T ... ... ... ... ... ..T ... ... ... ... ... ... ... ... ..C ..C ..C ... ... ... ... ... ... ... ... ... ... ... ... ... ..G ... ..A ..A ..A ... ..C ... ... ... ... ... ..C ..G ..G ... ... ..T ... ... ... ..G ..G T.. T.G ... T.. ..G ... ... ... ... ... ... ... ... ..G ..G ... ..T ..T ..T ..A ..C ..C ..C ..C ... ... ... ... ... ... ... ... ... ... ... ..A ... ... ... ... ... ..C ... ..A ..C ... ... ... ... ... ... ..G ... ..T ..C ..C ..G ... ... ... ... ... ... ... ... ... ... ..C ..C ... ... ... ... A.C .C. ..C ..C ..G ..G ... ... ... ... ... ... ... T.C ... ... ..C ..C ..C ... ... ..G ..T ..A ... ..T ..C ... ... ... ... ... ... ..C ..C ... ... ... C.C C.G C.G G.. ... ... ..G ..G ..G ..G ... ... ... ... ... ..T ..T ..T ..A ... ... ... ... ... ... ..C ... ... ... 
Smik                            ... ... ... ... ... ..G ... ..T ... ..T .CA C.A ..A GTC ... ... C.A .G. ..C ..C ... ..C ... ... TCC ... ... ... ..G TTT ... ..A ..A .TT ... ... ... TA. ... ... ... ... ... ... ..G ..G GAA ... ... ... GA. ... ... ..T ... ... ... ... ... ..T ... ... ... G.. G.. G.T T.A T.. ..C ..C ... ..A ... ... ... ... ... AG. ... ... ... G.. G.C T.T ..G ATT ..A ..A ... ... ..C ... ... ... ... ..T ..G ... ... ... ... ... A.A ... ... ..C T.G ... ..C T.. ..A T.A ... ... ... ... ... ... ... ..G ... ... ... ... ..T ..T .CA C.A ..C ... ... AGA ..A ... ... ... ... ... .CA .GG ... ..T TTA ... ... ... ... ... ..C ... ... ..C ..C ... ... ... ... ..G ..G ..C ..T ... ... ... ATC ..C ..G ... ... ... ... ... ... ... ..C TAT ... ... ..T ... ... ..C ... ... ... ... ..C ..C ... ... ... ... ... ..C ACT ... ..C ... ... ... .C. ..C ... CGT ... AAC A.A ..A ... ... ... ... ... ..C ... ... ... ... C.. C.G ... ... ... ..G C.. ... ... ..G AAT ... ... ... ..T C.G .A. ... ..A A.T ... ... ... ... ... ... ... ... ... 
Spar                            ... ... ... ... ..G ... ... ... ... ... .CA C.A ... GT. ... ... C.. .GA ..C ... ... ... ... ... TCC ... ... ... ... TTT ... ..T ..A .TT ..A ... ... TAC ... ... ... ... ... ... ... ... G.C ..C ... ... GA. ... ... ..T ... ... ... ... ..T ..T ... ... ... G.C G.T G.C T.A T.. ..C ... ..C ..C ... ... ... ... ... AG. ... ... ... G.. G.T T.T ... AT. ..A ... ... ... ... ... ... ... ... ..T ..C ... ... ... ... ..T A.A ... ... ... ..T ... ... T.. T.. ..A ..C ... ... ... ... ... ..G ... ..G ..G ... ... ... ..T .CA C.A ... ... ... AGA ..A ..C ... ... ... ... .CA .GG ... ... CTA ... ... ... ... ... ..C ... ... ... ... ... ... ... ... ... ... ... ... ..C ... ... ATC ..G ..A ..A ... ... ... ... ... ... ..G TAT ... ... ..T ... ... ... ... ... ..C ... ... ... ... ... ... ... ... ... ACA ... ... ... ... ... .C. ..T ... CGT ... AAC A.A ... ... ... ... ... ... ... ... ... ... ... C.. ... ... ... ... ... C.. ... ... C.. AAT ... ... ... ... C.G .AT ... ..A A.T C.. ..A ... ... ... ..C ... ... ... 
Ncas                            ... ..G ..G ..G ..G ... ... ..T ..T ..T ..T ... ... ... ..A ... ..A ... ..C ..C ... ... ... G.C ... GTT T.G ... ..T ..C ..T ... .AT ..T ..A TGC ..C .TA ..G ... ... ... ... ... ... C.. ... ... .A. ..C GA. ..T G.T ..T ... ..G ..T ..T ..T ..A ... ... T.. ... ... ... ... ... ..C ... ... ... ..C ..G ... ... ... ... ... ... ..G ..G A.. ... ... ... ..A ..A ..A ..A ... ... ... ..C ..T ... ... ..A ..A AGC ..A A.A ... A.G T.. ..T T.. ..T ..T T.C T.. T.A ..G T.G ... ... ..T .CC ..C ..G ... ... ..T ... ..T ... ..A ... ... A.C ... ... ..C ... ..C ... ... ... ..C ... ... ..G ... ..A ... ... ..T ..T ..A .AA ..A ..C ... ..A ..A ..C ... ..C ..G ..A ..C ... ..A ... ... ..A ... ... ..G ..G ... ... ... ... ..C ..T ... ... ..G ..C A.. ..G ... ... A.G ... ..C ... ..C ..C ... ... ... T.C ... ..T ... ... .TC ..C ... G.T ..T ..T ..T ..C ..A ... AAA ..A ... G.G ... ..C ... ... ... ... ..G C.. ..G C.T ..T ..G A.G A.G C.. ..G ..T .A. ... ... ... ..T ... ... C.A C.A ..A C.A C.. C.T ... ..C .AC ..C ... 
Cgla                            ... ... ..G ..G ..G ... ... ..T ... ... ..T ..T ... ..A TGC ... ..A ..A ..C ..C ..C ..C ... G.. ... CTG .TG ..G ..G ..G ... .G. GA. ..T ... ... ..C .TA C.T ... ... ... ... ..G ... ... ..C .CA .AC ... TCG ... ..T ..T ..T TGG G.A G.. ... ..A .G. ..A ... ... ... T.. ... ... ..C ... ..C ... ..C ..C ... ... G.. ... ... ... ... ... G.. ... ..G ATT ..A ..A ..A ..A ..C ... ..T ... ... ..T ... ..A ..G A.A ..C A.A ... A.A ... T.G ..G ..T ... .CA ..A ..G T.G T.G ... ... ... .CT ..C ... ... ..G ..G ... ... ..T ..A ... ..C ..C ..C ... ..C ... ..G ..C ... ... ... ..C ..C ..T ..A ..T ... ... ..A ..A ..T .AA ... ... ..C ..C ... ... ... ..T ..T ..T ..C ... ..G AAC ... ... ... ... ..A ... ..A ... ... ... ..T ... ..T ..T ... ..T A.C ... ..A ..G AAC TG. ... ... A.. ... ... ... ... T.. ... ... ... ..C ..C ..C ... ... ... ..T ... ..T ..A ... GG. ..C ... G.G ... ATG ... A.. ... ... ... ... C.G A.T ..G C.T .AC A.C ..G C.. ..T ... ... ..T ... ..T ... ... ... ... C.A ... ..A ... C.. ..C AAA .AC .AC 
Agos                            ..G ... ..G ..G ..G ..G ... ... ... ..T ..T ..T ... ..A ... ... ..A ... ..G ... ..C ..C ... G.. ... ..G G.C ... ..G ..T ... ..G T.. ..T CTA .GC ... .T. .AG ... ... C.G C.T C.T ... C.C GCC ..C .AC ..C G.C ..C G.G ..T G.G .CA ..T ..A ... ..T C.. ..C ... ... ... ... ... ... ..C ... TA. ..C ..A ... ..C ..C ... ..G ..G ..G TCG ..G ..G ... ..G ... ... ... ... G.A ... ..T ... ... ..G ..T ..C ... ..G .GA ..C ..G ..C A.A T.G A.G ..C T.G ..T .CA ... ..G ..G ... ..G ..G ..G .CC ..G ..G ..G ..G ... ... ..T ..T ... ... ..C ..C ..C ... ... ... ..G ... ..C ..G ... ... ..G ..C ..A ... ..A ..T ... ..T ..C .A. ..G ... ... ..A ... ..A ..G ..G ..T ..C ..C ..C ..C ..G ..C ..C ..C ..C ..C ..C ..A ..C ..G ... ..G ..C ..G ..G ... ..T ..C ..G ... ... C.C TGC ..G ..G ..G ..G A.C ..A ..C T.C ... ... ..C ..C .TC ..C ... ..T ..C ..T ..T ..C ... ... CG. ..C ..C G.G ... ... ..C ... ... ... C.C ..G C.G G.. ..C C.C C.G A.C C.. C.G ..T ... ... ..T ..T ..T ... ... C.C C.A ... ... ..C ... ... ..C .AC ... ..C 
Klac                            ..G ... ..G ..G ..G ... TC. ..T ..T ..T .CA C.A ... GTC G.C ... C.A .GA ..C ..C .CA ... ... G.. TC. ... CA. ..T ..T TTC ..T ... .AA .TT ..G ... ... TAC ... ... ... ... ... ... C.T ... ..A ..C .A. ... GAC ..T ... G.T ..T ... ..T ... ..T ... C.. ..C ... ..T G.A G.C T.. C.. ..C ... TA. ... ... ..C ... ... ... AC. ... ... TCT G.. G.C T.T ... ATT ..A ..A ... ..A ..C ... ... ... ... ..T ..C ..A ..A GG. ..A ..T A.A A.A T.G ... T.G T.G T.G A.T T.. T.G ..A T.A ... ..G .CT .TT ... ..G ... ..G ..A ... ..T ... .CT C.G ..C ... ... AGA ..A ... ACC ..C ... ... .C. .G. ... ... CTA ..T ... ... ..T ... .GT .AT ... ... ..C ... ... ... ... ..T ..T ..A ..T ... ..C ... AT. ... ... ... ... ..A ... ... ... ... ..G TAC ..T TA. ..G ..C A.C ... ... ... A.C ..A ... ..C ... ..G ... ..C ... T.C ACG ... ... ..C ..C ... .C. ... ..T CGT ..T AAC A.. ... A.. ..A ... G.A ... GCA ... ... ... ... AA. ... ..G G.T ..C C.T .AC G.G ... C.. AAT ... ... ..T ... ..A .AT ... ..A A.T ..A ..A ..A ... ... ... .AC ACC ..C 
Calb                            ... ... ... ... ... ... ... ..T ..T ..T .CA C.A .TT GTA ..A ..A C.A .GA .C. ... ... ... ... G.. TCA .A. .GT ... ... TTT ..T T.T .AT .TT .TG T.A ... TA. ... ... C.T ... ... ... ... C.T CA. GCA .A. ... GAG G.T ..T ..T G.A .AT ... ..T ..A ..T ... ..A CAA T.. G.C G.C T.. T.. ..A ... TA. G.. ..C ..C ... G.. G.. ..C ... GTG ATT G.. G.G T.T ... ATT ... ..A ..A G.A ... ... ... ... ..T ... ... ..A ..A ... ..A A.A A.A A.A T.. T.. T.. T.. T.G A.A T.A T.A T.A .AC ... ... ..T ..T ..T ... ... ... .CT ..T ..A ... .CC .G. ... A.. ... CG. ..A ... ATG ... ... ... .CA .GG ..C ..C TTA ..T ... T.. ..T ..T ..A T.T ... .T. ..C ... ... ..C T.A ..T ..T ..A TC. ..G ..G AA. ATC ..G ..A ... ..G ... ..G ... ... ... A.C TAT ..T T.A ... ..C ..C A.C ... ..C T.. ... AC. ..A ... A.. ... .C. ... T.. AC. ... ... ..C ..C ... .CA ... ..T AGA ..A AAT A.. AG. AA. ..G ... G.G ... ATC CA. .CA .C. ... .CT ..G ..G ... ..T ... G.. A.T C.T ..G .CT ... ..T ... ... ..G .A. ..T ..A A.C ..A ... ..A ... ... ... ..A CA. ..C 

    3    1    1    1    1    1    1    1    1    5    1    1    2    2    1
    1    3    4    1    2    1    2    1    1    2    1    2    1    1    2
    1    3    1    1    1    1    1    1    1    2    2    1    1    3    1
    1    2    3    1    1    2    1    1    1    2    1    1    1    3    3
    1    1    1    2    3    4    2    1    2    1    1    2    1    1    1
    3    1    1    1    1    1    2    1    1    1    1    1    1    2    1
    1    1    2    1    1    3    1    1    1    3    2    2    1    1    1
    1    2    1    2    2    1    2    1    1    2    1    1    2    2    2
    1    1    1    1    2    2    2    1    2    1    1    1    3    2    1
    1    1    2    1    1    1    2    1    1    1    3    1    1    1    1
    1    2    1    2    1    1    2    1    2    1    1    1    1    4    1
    2    2    2    1    2    1    3    1    9    1    1    1    4    2    1
    3    1    2    2    2    1    1    3    3    1    3    3    1    3    2
    1    2    1    2    2    2    2    1    1    2    1    1    2    1    2
    2    3    1    4    2    1    1    1    1    3    1    3    1    1    2
    1    2    1    2    1    1    1    1    1    1    1    2    1    3    2
    1    3    1    2    4    2    1

CODONML (in paml version 4.9j, February 2020)  temp.nuc
Model: One dN/dS ratio, 
Codon frequency model: Fequal
ns =   9  ls = 393

Codon usage in sequences
--------------------------------------------------------------------------------------------------------------------------------------
Phe TTT   9  10  12   9   5   7 | Ser TCT   8   9   7  11   8   6 | Tyr TAT   9   4   8  10   6   4 | Cys TGT   9   3   5   9   5   5
    TTC   9  11   4   7  16   7 |     TCC   3   3   6   4   1   4 |     TAC   3   8   4   2   9  13 |     TGC   3   9   7   3   5   1
Leu TTA  16   5  15  18   8   5 |     TCA   3   1   3   1   3   4 | *** TAA   0   0   0   0   0   0 | *** TGA   0   0   0   0   0   0
    TTG  13  20  17   9   8  18 |     TCG   1   2   0   0   2   2 |     TAG   0   0   0   0   0   0 | Trp TGG   1   1   1   1   1   2
--------------------------------------------------------------------------------------------------------------------------------------
Leu CTT   4   2   2   3  10   2 | Pro CCT   8   5  10  10   2   6 | His CAT   1   0   0   1   1   0 | Arg CGT   2   5   2   4   1   2
    CTC   0   1   3   1   0   0 |     CCC   0   1   0   1   1   2 |     CAC   1   2   1   0   1   1 |     CGC   2   0   2   0   0   0
    CTA   7   1   6  12  10   8 |     CCA   8   8   5   5  10   6 | Gln CAA   9  12  10   7  10  12 |     CGA   0   0   0   0   1   0
    CTG   3  11   4   4   2   7 |     CCG   0   2   1   0   0   1 |     CAG   5   2   4   7   3   1 |     CGG   0   0   0   0   0   0
--------------------------------------------------------------------------------------------------------------------------------------
Ile ATT  13  13  15  17  19  18 | Thr ACT   4   7   5   5   3   3 | Asn AAT  10  13  11   9  16   6 | Ser AGT   9   6   5   2   5   2
    ATC  11  15  12  12   5  12 |     ACC   4   5   1   1   6   2 |     AAC  10   6   8  10   6  20 |     AGC   0   2   0   3   4   5
    ATA   3   2   4   2   4   6 |     ACA   7   5  10  11   2   6 | Lys AAA   8  10   9   7  10  18 | Arg AGA  12  14  13  19  12  11
Met ATG  15  15   3   3  21  15 |     ACG   2   0   1   0   0   4 |     AAG  13   8   3   5  13   6 |     AGG   0   0   6   0   2   4
--------------------------------------------------------------------------------------------------------------------------------------
Val GTT  29  15  27  32  18  21 | Ala GCT  10   8   9  10   7  13 | Asp GAT  18  20  15  14  18  11 | Gly GGT  30  25  26  22  24  28
    GTC   7  13  16  13  12   3 |     GCC   8  10  11   8  10   8 |     GAC   6   6   5   6  11  14 |     GGC   0   2   3   3   2   1
    GTA   2   3   0   0   0   4 |     GCA   3   5   4   6   7   3 | Glu GAA  12  12  17  13   8  11 |     GGA   3   1   0   7   4   2
    GTG   1   4   6   4   3   2 |     GCG   2   1   1   1   2   0 |     GAG   2   2   2   4   2   4 |     GGG   2   7   6   5   8   4
--------------------------------------------------------------------------------------------------------------------------------------

--------------------------------------------------------------------------------------
Phe TTT   7   3  12 | Ser TCT   8  12  11 | Tyr TAT   3   7   8 | Cys TGT   7   5   1
    TTC  14  11   4 |     TCC   6   1   3 |     TAC  12  16   5 |     TGC   3   0   0
Leu TTA   0  15  28 |     TCA   0   4  12 | *** TAA   0   0   0 | *** TGA   0   0   0
    TTG  14  16  19 |     TCG   2   0   3 |     TAG   0   0   0 | Trp TGG   1   1   1
--------------------------------------------------------------------------------------
Leu CTT   3   1   2 | Pro CCT   5   3   5 | His CAT   1   0   7 | Arg CGT   5   4   4
    CTC   8   0   0 |     CCC   3   1   0 |     CAC   1   1   2 |     CGC   2   0   0
    CTA   4   4   0 |     CCA   5   9  11 | Gln CAA   1  12  10 |     CGA   3   0   0
    CTG   9   2   0 |     CCG   2   0   0 |     CAG  11   3   1 |     CGG   3   0   0
--------------------------------------------------------------------------------------
Ile ATT   9  24  15 | Thr ACT   4   7   5 | Asn AAT  12  13  23 | Ser AGT   0   1   5
    ATC  17  14  11 |     ACC   1   6   2 |     AAC   7   4   1 |     AGC   5   3   0
    ATA   2   1   8 |     ACA   2   4   3 | Lys AAA   6   4  11 | Arg AGA   6  20  18
Met ATG  14   1   3 |     ACG   5   3   0 |     AAG  17   9   0 |     AGG   0   0   0
--------------------------------------------------------------------------------------
Val GTT   5  20  20 | Ala GCT   8  15  11 | Asp GAT  15  11  16 | Gly GGT  11  35  21
    GTC   7  13  15 |     GCC  11   6   8 |     GAC   7  10   2 |     GGC  19   1   0
    GTA   6   4   9 |     GCA   5   7   5 | Glu GAA   1  11  15 |     GGA   1   6   3
    GTG  18   5   1 |     GCG   4   0   0 |     GAG  16   4   3 |     GGG   9   0  10
--------------------------------------------------------------------------------------

Codon position x base (3x4) table for each sequence.

#1: Scer           
position  1:    T:0.22137    C:0.12723    A:0.30789    G:0.34351
position  2:    T:0.36132    C:0.18066    A:0.27226    G:0.18575
position  3:    T:0.44020    C:0.17048    A:0.23664    G:0.15267
Average         T:0.34097    C:0.15946    A:0.27226    G:0.22731

#2: Sbay           
position  1:    T:0.21883    C:0.13232    A:0.30789    G:0.34097
position  2:    T:0.35878    C:0.18321    A:0.26718    G:0.19084
position  3:    T:0.36896    C:0.23919    A:0.20102    G:0.19084
Average         T:0.31552    C:0.18490    A:0.25869    G:0.24088

#3: Smik           
position  1:    T:0.22646    C:0.12723    A:0.26972    G:0.37659
position  2:    T:0.37150    C:0.18830    A:0.24682    G:0.19338
position  3:    T:0.40458    C:0.21120    A:0.24427    G:0.13995
Average         T:0.33418    C:0.17557    A:0.25360    G:0.23664

#4: Spar           
position  1:    T:0.21374    C:0.13995    A:0.26972    G:0.37659
position  2:    T:0.37150    C:0.18830    A:0.24173    G:0.19847
position  3:    T:0.42748    C:0.18830    A:0.27481    G:0.10941
Average         T:0.33757    C:0.17218    A:0.26209    G:0.22816

#5: Ncas           
position  1:    T:0.19593    C:0.13232    A:0.32570    G:0.34606
position  2:    T:0.35878    C:0.16285    A:0.29008    G:0.18830
position  3:    T:0.37659    C:0.22646    A:0.22646    G:0.17048
Average         T:0.31043    C:0.17388    A:0.28075    G:0.23494

#6: Cgla           
position  1:    T:0.19847    C:0.12214    A:0.35115    G:0.32824
position  2:    T:0.34351    C:0.17812    A:0.30789    G:0.17048
position  3:    T:0.34097    C:0.23664    A:0.24427    G:0.17812
Average         T:0.29432    C:0.17897    A:0.30110    G:0.22561

#7: Agos           
position  1:    T:0.19593    C:0.16794    A:0.27226    G:0.36387
position  2:    T:0.34860    C:0.18066    A:0.27990    G:0.19084
position  3:    T:0.26209    C:0.31298    A:0.10687    G:0.31807
Average         T:0.26887    C:0.22053    A:0.21968    G:0.29092

#8: Klac           
position  1:    T:0.23155    C:0.10178    A:0.29008    G:0.37659
position  2:    T:0.34097    C:0.19847    A:0.26718    G:0.19338
position  3:    T:0.40967    C:0.22137    A:0.25700    G:0.11196
Average         T:0.32740    C:0.17388    A:0.27142    G:0.22731

#9: Calb           
position  1:    T:0.27226    C:0.10687    A:0.26718    G:0.35369
position  2:    T:0.37405    C:0.20102    A:0.26463    G:0.16031
position  3:    T:0.42239    C:0.13486    A:0.33842    G:0.10433
Average         T:0.35623    C:0.14758    A:0.29008    G:0.20611

Sums of codon usage counts
------------------------------------------------------------------------------
Phe F TTT      74 | Ser S TCT      80 | Tyr Y TAT      59 | Cys C TGT      49
      TTC      83 |       TCC      31 |       TAC      72 |       TGC      31
Leu L TTA     110 |       TCA      31 | *** * TAA       0 | *** * TGA       0
      TTG     134 |       TCG      12 |       TAG       0 | Trp W TGG      10
------------------------------------------------------------------------------
Leu L CTT      29 | Pro P CCT      54 | His H CAT      11 | Arg R CGT      29
      CTC      13 |       CCC       9 |       CAC      10 |       CGC       6
      CTA      52 |       CCA      67 | Gln Q CAA      83 |       CGA       4
      CTG      42 |       CCG       6 |       CAG      37 |       CGG       3
------------------------------------------------------------------------------
Ile I ATT     143 | Thr T ACT      43 | Asn N AAT     113 | Ser S AGT      35
      ATC     109 |       ACC      28 |       AAC      72 |       AGC      22
      ATA      32 |       ACA      50 | Lys K AAA      83 | Arg R AGA     125
Met M ATG      90 |       ACG      15 |       AAG      74 |       AGG      12
------------------------------------------------------------------------------
Val V GTT     187 | Ala A GCT      91 | Asp D GAT     138 | Gly G GGT     222
      GTC      99 |       GCC      80 |       GAC      67 |       GGC      31
      GTA      28 |       GCA      45 | Glu E GAA     100 |       GGA      27
      GTG      44 |       GCG      11 |       GAG      39 |       GGG      51
------------------------------------------------------------------------------


Codon position x base (3x4) table, overall

position  1:    T:0.21939    C:0.12864    A:0.29573    G:0.35623
position  2:    T:0.35878    C:0.18462    A:0.27085    G:0.18575
position  3:    T:0.38366    C:0.21572    A:0.23664    G:0.16398
Average         T:0.32061    C:0.17633    A:0.26774    G:0.23532

Codon frequencies under model, for use in evolver (TTT TTC TTA TTG ... GGG):
  0.01639344  0.01639344  0.01639344  0.01639344
  0.01639344  0.01639344  0.01639344  0.01639344
  0.01639344  0.01639344  0.00000000  0.00000000
  0.01639344  0.01639344  0.00000000  0.01639344
  0.01639344  0.01639344  0.01639344  0.01639344
  0.01639344  0.01639344  0.01639344  0.01639344
  0.01639344  0.01639344  0.01639344  0.01639344
  0.01639344  0.01639344  0.01639344  0.01639344
  0.01639344  0.01639344  0.01639344  0.01639344
  0.01639344  0.01639344  0.01639344  0.01639344
  0.01639344  0.01639344  0.01639344  0.01639344
  0.01639344  0.01639344  0.01639344  0.01639344
  0.01639344  0.01639344  0.01639344  0.01639344
  0.01639344  0.01639344  0.01639344  0.01639344
  0.01639344  0.01639344  0.01639344  0.01639344
  0.01639344  0.01639344  0.01639344  0.01639344


TREE #  1:  (((((1, 4), (3, 2)), 5), 6), ((7, 8), 9));   MP score: 1335
This is a rooted tree.  Please check!
lnL(ntime: 16  np: 18):  -7885.232113      +0.000000
  10..11   11..12   12..13   13..14   14..1    14..4    13..15   15..3    15..2    12..5    11..6    10..16   16..17   17..7    17..8    16..9  
 0.007572 0.009715 0.364800 0.106078 0.163669 0.552675 0.000004 0.643459 0.293240 0.590916 0.894455 0.036939 0.011195 0.959394 1.162443 2.039488 1.625436 0.131239

Note: Branch length is defined as number of nucleotide substitutions per codon (not per neucleotide site).

tree length =  7.836042

(((((1: 0.163669, 4: 0.552675): 0.106078, (3: 0.643459, 2: 0.293240): 0.000004): 0.364800, 5: 0.590916): 0.009715, 6: 0.894455): 0.007572, ((7: 0.959394, 8: 1.162443): 0.011195, 9: 2.039488): 0.036939);

(((((Scer: 0.163669, Spar: 0.552675): 0.106078, (Smik: 0.643459, Sbay: 0.293240): 0.000004): 0.364800, Ncas: 0.590916): 0.009715, Cgla: 0.894455): 0.007572, ((Agos: 0.959394, Klac: 1.162443): 0.011195, Calb: 2.039488): 0.036939);

Detailed output identifying parameters

kappa (ts/tv) =  1.62544

omega (dN/dS) =  0.13124

dN & dS for each branch

 branch          t       N       S   dN/dS      dN      dS  N*dN  S*dS

  10..11     0.008   859.4   319.6  0.1312  0.0009  0.0069   0.8   2.2
  11..12     0.010   859.4   319.6  0.1312  0.0012  0.0088   1.0   2.8
  12..13     0.365   859.4   319.6  0.1312  0.0435  0.3316  37.4 106.0
  13..14     0.106   859.4   319.6  0.1312  0.0127  0.0964  10.9  30.8
  14..1      0.164   859.4   319.6  0.1312  0.0195  0.1488  16.8  47.5
  14..4      0.553   859.4   319.6  0.1312  0.0659  0.5023  56.7 160.5
  13..15     0.000   859.4   319.6  0.1312  0.0000  0.0000   0.0   0.0
  15..3      0.643   859.4   319.6  0.1312  0.0768  0.5848  66.0 186.9
  15..2      0.293   859.4   319.6  0.1312  0.0350  0.2665  30.1  85.2
  12..5      0.591   859.4   319.6  0.1312  0.0705  0.5371  60.6 171.7
  11..6      0.894   859.4   319.6  0.1312  0.1067  0.8129  91.7 259.8
  10..16     0.037   859.4   319.6  0.1312  0.0044  0.0336   3.8  10.7
  16..17     0.011   859.4   319.6  0.1312  0.0013  0.0102   1.1   3.3
  17..7      0.959   859.4   319.6  0.1312  0.1144  0.8720  98.3 278.7
  17..8      1.162   859.4   319.6  0.1312  0.1387  1.0565 119.2 337.7
  16..9      2.039   859.4   319.6  0.1312  0.2433  1.8536 209.1 592.5

tree length for dN:       0.9347
tree length for dS:       7.1219


Time used:  0:24
