      9   1179

Scer                            AAG AAC ATT CAC TCA GCC TTG GAC GTT AAC AAG ATG CGT AAT GAA AGC CTG CAC GCC CAT ACC GGT ATC GAA AAG AAG TTT AAA GTT ACC TAT CGT GAC GGT TCC GAC CAA GTA TCC AAT AAG AAT CTT CGT CTT TGT GTC GGT GGT AAG GGT ACA TGG TCA TAC ACT GGT ATG ATT GGA AAA GAG CTT GCC CAA ATC AAA GGT GAC AAT CTT GGC AAG GGT TAT ATC TTT TAT GAT GAA GAC AAC AAA GAG AAA GAT AAT CCT GTC AGC TAC CTA GAA GAG GAA AGT AAT GAT GGG GGA TCT TTT TTT AAA GAT TTT GCT GAA CCC TCT CTT TAT TTG GAG AAA CAT GAG ACA GGT AGA TAT TTT AAT ATT AAA CGC AGA GAT TCC TTG GGT GAT ATA AAG CCA GAT CTC CTA TTG AAG GCT ATG TGG TAC TTG CAC GTC AAG TGG GAT CTA AGT CCC TTT TAC TTT CGT AAT AAG AAT GAG ATT AAC TCG TCC CTT TGG TTC GAG TAT AAG CGT AAA AAG TTT ATC GAT GAG ACA GTT CAC GAT GTG GAC AAG TGC GAT ATC TTC AAG CCG GTT CAA TAT AAG CAC TTG TTA CCA GCT AGC ACT AAT CGT GAA GAC GAT AAT GTT TTT TTG TAC GGT AAT TTA GTA CAC GAG TTT CCC GGT TTA CAA ATC CCT TTC ACA TTG AGT AAG GAT CAC CAT GTT TCA GGC GTT TAT AAA AAC GAG GGT GAG ACG TCT ACT CAT GAT GGA CTG GTA TGG TTG GAA CGT GAT TTT TAT AGA AAG GGA AAC GAG GAG AAT GGC GAT ATC GAT GTT AGA ACG AAT GAC GAA GAA GAC TTT CTA TCT GAG AAC AAC TTG ATC TGC GTA GGG AAT GAC TCC TTC CTG GTA GCT TTT GTA AGT GAA CGC GGA GAG CTG AGT CTT ACT GAT GAT TAC GAG AGG GCC AAT TAT GAT TTT TCC AAA AAG AAT AGA GAT CCA TTG GGC AAC CTG TTG ATC TTC CTT GAC AAG TGG GTT AAG GCC TTG AAA AAT GAT CTG ATT CTT AAT AAG CCA GAC GAA AAA GAT TAC ACA AAC ATT ATC GTT GAT AAT ACA ATC CAC ACC ATA GGT TCC AGT TTT CCT GAC AAT TAC CTC CGT ACC CTG GAT GAA ACA GGT GAT TTA AAT TCT AAA TTG AGA GCA GTT CTG GAT GAA AAA 
Sbay                            AAG AAC GTT CAC TCA GCT TTG GAT GTT AAC AAA ATG CGT AGG GAA GGT TTG CAT GCT CAC ACC GGT ATC GAG AAG AAA TTC AAG GTG ACA TAC AGG GAG GGT TCT GAA CAG ATT TCG GAT AAG AAT CTT CGT CTT TCC GTG GGG GGT AAA GGT ACA TGG TCA TAT ACT GGT ATA ATT GGG AAA GAG ATT GCT CAA ATC AAA GGT GAT AAC CTT GGC AAA GGT TAT ATC TTT TAC GAA GAA GAA AAC AAG GAG AAA GAT AAC CCT GTG AGC TAC CTG GAA GAA GAA AGT AAC GAT GGG GGG TCC TTT CTG AAG GAC TTT GCG GAA CCC TCA CTT TAC GTG GAA AAG CAC GAA ACA GGT AAC CAT TTT AAC ATT AAA CGT CGT GAC TCC TTG GGT GAC ATA AAG CCA GAC CTT CTA TTG AAA GCC ATG TGG TAC TTG CAC GTG AAG TGG GAT CTA AGC CCC TTT TTT TTT AAG AAT AAG AAC GAG ATT AAT TCC TCT CTT TGG TTC GAG CAT AAG CGT AAA AAG TTT ATC GAC GAC ACA GTG CAC GAT GTC GAA AAG TGT GAT ATC TTT AAA CCA GTT CAA TAT AAG CAC TTA TTA CCT GCT AGC ACT AAC CGT GAA GAT GAT AAT GTT TTC GTG TTT GGT AAT TTG ATT CAT GAG TTT CCT GGG TTA CAA ATC CCA TTT ACC TTA AGC AAA GAT CAT CAC ATC TCA GGT GTT TAT AAG AAC GAG GGG GAA ACA TCC ACT CAC GAC GGT TTG ATT TGG TTG GAA AGA GAC TTC TAT CGT AAG GGT AAC GAA GAG AAT GGC GAC ATT GAC GTT AAC ACA AAC GAG GAA GAA GAT TTT CTA TCC GAG AAT AAT CTG ATC TGT GTG GGG AAT GAT TCT TTC CTA GTG GCC TTT GTG AGC GAG CGT GGG GAC CTA AGT ATT ACG GAT GAT TTT GAG AGA GCC GAT TAC GAC TTT TCC AAA AAG AAT AGA GAC CCA TTA GGT AAT CTA TTG ATC TTC CTT GAT AAG TGG ATA AAA GCT TTG AAA AAC GAC TTG ATT CTT AAT AAG CCA GAC GAA AAG GAC TAT GCA AAC ATT ATC GTG GAC AAT GCA ATC CGT ACA ATT GGT TCC AGC TTT CCA GAT AAC TAC CTT CGT ACT TTA GAC GAG GCA GGT GAC TTG AAC TCC AAA TTG AGA GCA ATC CTA GAC GAA AAG 
Smik                            AAG AAC ATT CAC TCA GCC TTA GAC GTT AAC AAA ATG CGT AAT GAG AGC TTG CAT GCC CAT ACC GGT ATC GAA AAG AAG TTT AAG GTG ACC TAT CGT GAC GGT TCG GAC CAG ATA TCC AAT AAG AAT CTT CGT CTT TCC GTC GGT GGC AAA GGT ACA TGG TCA TAT ACT GGC CTG ATT GGG AAA GAG CTT GCC CAA ATC AAG GGT GAC AAC CTT GGC AAA GGT TAT ATC TTC TAC AAT GAA GAC AAC AAG GAG AAG GAT AAT CCC GTC AGC TAT CTA GAA GAA GAA AGT AAC GAT GGG GGG TCT TTT TTT AAA GAT TTT GCC GAG CCG TCT CTT TAT TTA GAA AAG CAT GAA ACA GGT AGA CAT TTT AAC ATT AAA CGC AGA GAT ACC TTG GGT GAT ATA AAG CCA GAC CTT CTA TTG AAG GCT ATG TGG TAT TTA CAC GTC AAG TGG GAT TTA AGC CCG TTT TAC TTT CGT AAT AAG AAT GAG ATT AAG TCT TCC CTT TGG TTC GAG CAT AAA CGT AAA AAG TTT ATC GAT GAA ACA GTG CAC GAT GTG GAC AAA TGC GAT ATC TTT AAA CCG GTT CAA TAC AAG CAC TTG TTA CCA GCT AGC ACT AAC CGT GAA GAC GAT AAT GTT TTT TTA TAC GGT AAT TTG ATA CAT GAG TTC CCT GGT CTA CAA ATC CCT TTC ACA TTG AGC AAA GAT CAT CAT GTT TCA GGT GTT TAC AAA AAC GAA GGT GAA ACA ACT ACT CAT GAC GGG TTG ATA TGG TTA GAA CGT GAC TTC TAT AGA AAA GGG AAC GAA GAG AAT GGC GAC ATC GAC GTT AGA ACA AAC GAC GAA GAA GAC TTT CTA ACT GAG AAG AAG CTG ATC TGC GTA GGG AAT GAT TCC TTC ATA GTG GCC TTT GTA AGC GAA CGC GGG GAA ATA AGT CTT ACT GAT GAT TAC GAG AGA GCT AAT TAT GAC TTT TCC AAA AAG AAT AGA GAC CCA TCA GGT AAG CTG TTG ATC TTC CTT GAT AAG TGG GTT AAG GCC TTA AAG AAT GAT CTG ATT CTT AAT AAG CCA GAC GAA AAA GAC TAT ACT AAC ATT ATT GTG GAT AAT ACT ATC CAC ACT ATT GGT TCC AGC TTT CCT GAT AAC TAC CTT CGT ACT TTG GAC GAA ACT GGC GAT TTG AAT TCT AAG TTG AGA GCT GTT ATA GAT GAA AAG 
Spar                            AAG AAC ATT CAC TCA GCC TTG GAC GTT AAC AAG ATG CGT AAT GAA GGC TTG CAT GCC CAT ACC GGT ATC GAA AAG AAG TTC AAA GTG ACA TAT CGT GAC GGT TCC GAC CAA ATA TCC AAT AAG AAT CTT CGT CTT TCC GTC GGT GGT AAA GGT ACA TGG TCA TAT ACT GGT ATG ATT GGG AAG GAG CTT GCC CAA ATC AAA GGT GAC AAT CTT GGC AAA GGT TAT ATC TTT TAT GAC GAA GAC AAC AAA GAG AAA GAT AAT CCT GTC AGT TAC TTA GAA GAA GAA AGT AAT GAT GGG GGG TCT TTT TTT AAA GAC TTT GCT GAA CCC TCT CTT TAT CTG GAA AAG CAT GAA ACA GGT AGA CAT TTT AAC ATT AAA CGC AGA GAT TCC TTG GGT GAT ATA AAG CCA GAC CTC CTA TTG AAG GCT ATG TGG TAC TTG CAC GTC AAG TGG GAT CTA AGT CCC TTT TAC TTT CGT AAT AAG AAT GAG ATT AGC TCC TCC CTT TGG TTC GAG CAT AAG CGT AAA AAG TTT ATC GAC GAA ACA GTG CAC GAT GTG GAC AAG TGC GAT ATC TTT AAA CCG GTT CAA TAT AAG CAC TTG TTA CCA GCT AGT ACT AAC CGT GAA GAC GAT AAT GTT TTC CTG TAC GGT AAT TTA ATA CAT GAG TTT CCC GGT TTA CAA ATC CCT TTT ACA TTG AGT AAG GAT CAT CAT GTT TCA GGC GTT TAT AAA AAC GAA GGT GAA ACT CCT ACT CAT GAT GGA TTG ATA TGG TTG GAA CGT GAC TTC TAT AGA AAA GGA AAC GAA GAG AAT GGC GAC ATC GAT GTT AGA ACT AAT GAC GAA GAA GAC TTT CTA CCT GAG AGC AGC TTG ATC TGC GTA GGG AAT GAC TCC TTC CTG GTG GCT TTT GTA AGT GAA CGC GGG GAA CTG AGT CTT ACT GAT GAT TAC GAG AGG GCT AAT TAC GAT TTT TCT AAA AAG AAT AGA GAT CCA CTA GGT AGC CTG TTG ATC TTC CTT GAC AAG TGG GTT AAG GCC TTG AAA AAT GAC CTA ATT CTT AAT AAG CCA GAC GAA AAA GAT TAT ACT AAC ATT ATC GTG GAC AAT ACT ATC CAC ACC GTT GGT TCT AGT TTT CCT GAC AAT TAC CTC CGC ACC CTG GAT GAA ACT GGT GAT TTA AAT TCT AAA TTG AGA GCA GTT CTG GAC GAA AAA 
Ncas                            AAG AAT ACC CAT GAT GGT TTG GAC ATT AGT AAG GTG CGT AAC GAA AGT TTG CAT GGT CAT ACT GGT ATC GAA AAG GAA TTT AAG GTC ACC TAC AGA GAG GGT TCC GAT ATG GTA TCC AAT AAA GAA TTA CGT TTG TCC GTG GGT GGG AAA GGT ACG TGG GAT TAC ACT GGA ATC ATT GGT AAA GAA AAT GGT CAA CTA AAG GGT GAT CAA TTA GGG AAA GGT TAC ATA TTT TAT CAT GAA GAT AGT AAG GAA AAG GAT CAG CCT GTG AGT TAT TTG GAA GAG GAA AGT AAT GAT GGG GGT TCC TGG TTT AAA GAT TTT GCA GAA ACA TCA TTG TAT CTA GAT AAA CAT GAG ACA GGT AGA TTT TTT AAT ATT AAT AAT AGA GAT GTC TTG GGT GAT ATT AAG AGT GAT TTA TTG TTA AAG GCT GTG TGG TAT ATG CAC GTG AAG TGG GAT CTA AGT ACA TTT TAT TTT CGA GAA AAG CAG GAA ATT CAA TCA TCT TTA TGG TTC GAA TTT AAG CGT AGA AAG TGG GTT GAT GAG ACA GTC CAC GAC GTA GAT AAG ACA GAT GTT TTT AAA CCA ATT CAA TAT AAA CAC CTG TAC CCA GCT AGT ACC AAT CGT GAA GAC GAC GAA ATT TTT CTA TAC GGT AAT TTA GTA CAT GAA TTC CCT GGT TTG CAA GTT CCT TTC AAA TTA AGT AAG GAT CAT CAT GTT TCA GGG ATT TAT AAA AAT GAG GGT GAG ATA ACT ACC CAT GAG GGA TTG GTA TGG TTT GAA CGT GAT TAT TAC AGA AAG GGA AGT GAA GAA GAA GGG GAT GTA GAG GTC AGA ATA AAT GAG GAA GAA GAT TTT TTG ACT GAA CAA CAA TTA ATC ACA GTC GGT GAA GAT TCT TTT TTC GTC TCC TGG GTC AGT GAA AAT GGT GAG TTC AGT AAT ACT GAC GAT TAT GAA AGA GCT AAT TAT GAG TTT TCC AAG AAG AAC AGA GAC CCC GAT GGT CAA TTG TTA ATT TTC TTG GAT AAG TGG ATG AAG GGT TTG AAG CAG GAT TTA ATT CTG GAA AAG CCC GAT CAA AAA GAT TAC ATC AAT ATT ACC GTC GAT GAA ATC CTA AAG ACA CTG GGT TCC AGT TGG CCT GAT CAA ATA TTA CGT ACT TTG GAC GAA ATC GGA GAT TTA AGA TCC AAG TTG AGA GCC GTT TTC GAT GAA AAA 
Cgla                            AAG AAC GTT CAT GAT GCT TTA GAT ATA GCA AAA ACC AGA AAC GAG GCC CTG CAC GCT CAT ACT GGT ATC AAC AAG CCT TTT AAG GTC ACA TAC CGT GAC GGT CAG GAC AAG ATA TCT AAC AAG GAG TTA CGT CTT GCC GTT GGC GGA AAG GGT ACT TGG GAT TAC ACA GGG ATT ATT GGG AAG GAG ATA GCT CAG GTC AAG GGT GAC AAT TTA GGA AAA GGT TAT ATC TTC TAT AAC GAG GAC GCA AAG GAA AAG GAT CAG CCT GTT AGT TAC CTT GAG GAA GAG AGT AAT GAC GGT GGG TCT TTC CTT AAG GAT TTT GCC GAG AGC TCT CTT TAT TTG GAT AAG CAT GAA ACA GGT AGA TTC CTT AAC GTT CAG AGA AGA GAC GCG TTG GGT GAC AGA AAG ACT GAC CTA TTG TTA AAA GCT ACC TGG TAC ATG CAT GTT AAG TGG GAC CTA AGT AGC CTT TAC CTT CGT AGC AAG CAG GAG ATT GGT TCT TCA CTA TGG TTC GAA TTC AAG AGA AAA AAG TTC GTC GAT GAG ACA GTC CAT GAC GTA GAC AAG TCA GAC GTC TTT AAG CCA ATA CAG TAC AAG CAT TTG TTT CCT GCC AGT ACG AAC AGA GAA GAT GAC GAG ATA TTT TTG TAC GGT ACC CTG ATA CAC GAG TTC TCA GGC TTA CAG GTC CCC TTT AAT TTA AGT AAA GAC CAC CAT GTT ACT GAT ATA TAC AAA AAT GAA GGC GAA ACA ACC ACG CAT GAC GGG CTG ATA TGG CTT GAG AGA GAC GTC TAT AGA AAA GGG GCA GAA GAA GAG GGA GAC GTG GAC GTG AGA ACA AAC GAC GAG GAG GAC TTT TTG ACC GAA GGT GGT TTG ATC TCA GTC GGT GAG GAT TCA TTT TTT GTA TCC TTC GTC AGT GAA AGA GGG GAG TTT AGT ATA ACG GAC GAT TAC GAA AGA GCT AAC TAT GAC TTT TCT AAA AAA AAC AGA GAT CCA GTT CCA GGT TTA TTA ATC TTC CTT GAT AAG TGG CAA AAA GCT TTA AAG CAG GAT TTG GTT TTG AGC AAG CCA GAC GAA AAG GAC TAC GTG AAT ATT ATT GTC GAT GAG GTG GTC AGG ACA CCA GGT TCT AGT TTC CCC GAT AAT TTG CTA CGT ACC TTG GAT AAC GTG GGG GAC CTG AGA TCT AAG TTG AGA GCA GTT TTT GAT GAA AAG 
Agos                            AAG AAC GTG CAC GAT GCA TTG GAT GTC TCT AAA AAC CGC AAC GAA TGC TTG CAC GCA CAC ACT GGC ATA GAT AAG GAT TTC AAG GTA GCT TAC CGG CTT GGA CTT GAC ATG TTT TCA AAC CAG GAG ATC CGT CTC GGT GTT GGT GGC AAG GGC ACC TGG GAT TAT ACC GGC ATG ATT GGT AAG GAG GAG GCA TCT GTA AAG GGT GAT CGT ATC GGT AAG GGC CAC ATT TTC TAC GAC GAG GAC TCT AAG GAA AAG GAT GAC CCA GTT ACA TAC GTG GAG GAG GAG AGC AAT GAT GGC GGT TCC TTT TTC AAG GAT ATA GCG GAA CTG GCC CTC CAC CTG GAA AAG CAC GAG ACT GGA CGC CAC TTC GCA ATA ACA CGG CGC GAT GCC CTG GGC GAC ATT AAG ACT GAT CTG CTT CTG AAG GCC AAC TGG TAC ATG CAC GTT AAA TGG GAT CTC AGC CTG TTC TAC TTC CGC CTA AAA GAC GAG ATT GCG TCT TCG TTG TGG CTG GAG CAC AAG CGC AAC AAG TTT ATG GAT GAG ACT GTA CAC GAC GTG GAC AAG ACG GAT ATG TTT AAG CCA GTC CAG TAC CAG CAC ATC TTC CCA GCT AGT ACG GCA CGC GAG GAT GAC GAG GTC TTC CTG TAC GGC GTT CTG TTT CAC GAG TTC CCC GGT CTG TCT ATG CCA TTT AAC TTG AGC AAA GAT CAC CAC GTG ATT GGT GTC TAC AAG AAC GAG GGT GAG ATC TCC ACG CAC GAG GGC TTG TTT TGG CTG GAA CGT GAT TTC CAC CGC AAA GGC TCT GAG GAA GAG GGT GAT ATC GAG GTC CGC ATC AAC CTT GAG GAG GAT ATA CTT TCC GAG GCG GCG CTT ATA ACG GTT GGT GAG GAC TCG TTT TTC GTG TCG TTT GTT AGC GAA CGG GGT GAG TTC AGC GAG ACC GAC GAT TAC GAG CAG GCC AAC TAT GAG TTC TCT AAG AGC AGC AGA GAT CCC ATT GGG GCG TTC TTG ATT CTG CTC GAC AAG TGG AAG AAG GCA TTG AAG GAC GAT CTG ATA CTA CTA AAG CCC GAT CAG AAG GAC TAT GTT AAC ATT GTG GTA GAT GAG GTT GTA CAG CCT GGC GGT TCT AGC TTT CCA GAC CGT CCG CTG CGT ACG CTC GAT GAT GTT GGC GAT CTG CGG TCC AAG CTG CGC GCC GTG TTC GAT GAG AAG 
Klac                            AAG AGC ATA CAT GAC GCA CTT GAG ATA TCG AAA ACA AGG AAT GAG TGT TTG CAC GCA CAC ACC GGT GTA CAT AAG GAC TTC AAA GTT ACC TAC CGT GAA GGT GTA GAC GTA TTC TCT AAC AGC GAG ATT CGT CTT GCG GTC GGT GGA AAA GGT ACC TGG GAC TAT ACG GGT ATA ATT GGT AAA GAA ATA GCA AAT GTT AAA GGT GAC AGA ATT GGT AAG GGT TAC ATT TTC TAC GAC CAG GAC TCG AAA GAG AAA GAC GAT CCC GTC ACT TAT GTT GAG GAA GAG AGC AAC GAT GGG GGT TCT TTC ATT AAG GAT ATG GCA GAG TTG TCA CTT CAT TTG GAA AAG CAC GAA ACT GGT AGA TAT TTT GGG ATC ACT AAG CGA GAT ACC TTG GGT GAT GTT AAG ACT GAT TTG TTA CTA AAA GCA ACA TGG TAT ATG AAC GTC AAG TGG GAT CTT AGT TTG TTT TAT TTT AGG TTG AAA GAT GAA ATC TCG GCA TCT CTT TGG CTT GAG TAT AAG AGG AGG AAG TTC TTG GAT GAG ACT GTT AAC GAT TAT GAC AAG ACC GAT TTG TTT AAA CCA ATA CAG TAT AGC AAC TTA CAT CCA GCT AGT AAC GGG AGG GAA GAG GAT GAG ATA TTC TTG TAC GGT GAC CTA TTC CAC GAA TTC CCC GGT TTA AAT TTG CCT TTC AAC TTG AGT AAA GAT CAC CAC GTC ACG GGT ATA TAT AAG AAC GAG GGT GAA ATC GGT AAC CAC GAG GGG TTG TTC TGG ATG GAA CGT GAT TTC TAC CGA AAA GGG TCG GAA GAG GAG GGT GAT GCG GAG GTT AGA ATC AAT GAA GAG GAA GAC ATG TTA GGT GAA TCG TCG TTG GTA ACC GTA GGT GAG GAT TCT TTT TTT TGT TCT TTC GTA AGT GAA AAG GGT GAG TTT AGC ATA ACG GAT GAC TAT GAG CGT GCT AAC TAC GAG TTT TCT AAA TCT AAT AGA GAT CCA TCA GGT TCG GCA CTT ATC CTT CTT GAT AAG TGG GTC AAA GCA CTT AAA GAT GAT TTG ATC CTA TTG AAG CCA GAC CAG AAG GAC TAT TTA AAC ATT ATT GTT GAT GAG TTA GTT GCT ACA TCC GGT TCT AGT TTC CCT GAT AGA ACC TTG CGT ACT CTA GAT CAT TTA GGT GAT CTA AGG TCT AAA TTG AGA GGA GTC TTT GAT GAA AAA 
Calb                            AAA ATT CAA CAT AAT TCC TTA GGT ATT ACT AAA GTA AGA ACA GAA GTG TTA CAT TCC CAC ACC GGA ATT AAT CTG ATA TTT AAG GTA GCT TAT CGT GAG GGT CAA GAT AAT ACT AGC AAC ACT AAA GTC CGT TTG TCG ATT GGT GCA CGT GGA ACT CTG AAT TAT ACA AAG ATA ATT GGC AAA GAA TTT TCC TCA TTT AGA GGT GAC GAA GTC ACC AAG GGA GGT ATT TTC TAC GAT GAA GAT ACT AAG GAA AGA GAT AAG CCA ATT TCA TAT TTA GAA GAA GAA TCA AAA GAT GGG GGC TCC TTT ACC AAA GAT TTA GCA GAA CCA AAA TTG CAT TTA GAT AAA CAC GAA ACC GGT AGA TTT TTT AAA AGT ATT AAA AGA GAT ATG TTA GGA GAT ATT CTG ACC GAT TTG TTA TTA AAA GCT GTA TGG TAT ATG CAT ATT AAA CTG GAT TTA TCA CCA TTT TAT TTT CGA TTT AAA AAG GAA ATT GAG TTT TCA TTG CTG TTA GAA TTT CAA AGA ATA AAA TTT TTA GAT GAA ACC GTA CAT GAT GTT GAT CAA TCG GAT TTA CAA CGT CCT ATT CAG TAT ACT CAT TTA TTA CCT TGT AGT ACA AAA AGA GAA GGT GAT AAA ATT TTT TTA TAT GGG ATT TTG ACT CAT GAA TTC CCA GGT TTA TCA TTA CCT TTC AAT TTA TCA AAA GAT CAT CAC GTT AGT GGG ATT TAT AAA ATT GAG GGT GAA ATT ACT ACA CAC AAT GGA TTA ACT TGG TTA GTG AGA GAT TTT GGT AGA AAG GGA ACT GAA GAA AAA ACC GAT ACT AAT ATC AGA ATT AAT GAG GAA GAA GAC TTA TTA ACT GAT GAG GAG TTG ATT TCG GTC GGA AAA GAT TCA AAT ATT GTG TCA TTT GTC TCA GAA AAA GGC GAA ATT TCA TTT ACT GAC GAT TAT GAA AAA GCT AAC TAT AAT TTT TCG AAA GAT TTA AGA AAT CCA TAT TGT GAG TTT TTG ATT TTA TTG GAT AAG TGG ATA AAA TCC TTA AGA AAG GAT TTT AGT TAT TTT CTG CCA GAC GTT AAA GAT TAT TTA ATT ATT ATA GTA GAT AAA TTA TTT ACA ACT CTT GGT TCG TCA TTT CCT GAT GAA TTA TTG AAA ACT TTG AAT AAT TTA AAG GAT TTG GAT TCC AGA TTA AGA AAT GTT ATT GAT GAA AGG 



Printing out site pattern counts


         9        705  P

Scer                            AAA AAA AAA AAA AAA AAA AAA AAA AAA AAA AAC AAC AAC AAC AAG AAG AAG AAG AAG AAG AAG AAG AAG AAG AAG AAG AAG AAG AAT AAT AAT AAT AAT AAT AAT AAT AAT AAT AAT AAT ACA ACA ACA ACA ACC ACC ACC ACC ACG ACT ACT ACT AGA AGA AGA AGA AGC AGC AGC AGG AGT AGT ATA ATA ATC ATC ATC ATC ATC ATC ATC ATG ATG ATT ATT ATT ATT CAA CAA CAA CAC CAC CAC CAC CAT CCA CCA CCA CCC CCC CCG CCT CCT CGC CGT CGT CGT CGT CGT CGT CTA CTA CTA CTC CTG CTG CTG CTG CTG CTT CTT CTT CTT CTT GAA GAA GAA GAA GAA GAA GAA GAA GAA GAC GAC GAC GAC GAC GAC GAG GAG GAG GAG GAG GAG GAG GAG GAG GAT GAT GAT GAT GAT GAT GAT GAT GAT GAT GAT GAT GCA GCC GCC GCT GCT GCT GCT GGA GGA GGC GGC GGC GGG GGG GGT GGT GGT GGT GGT GGT GGT GTA GTA GTA GTC GTG GTT GTT GTT GTT GTT TAC TAC TAC TAC TAC TAT TAT TAT TAT TAT TAT TAT TCA TCA TCC TCC TCC TCC TCC TCG TCT TCT TCT TGC TGG TGG TGT TTA TTA TTA TTC TTC TTC TTC TTG TTG TTG TTG TTG TTG TTG TTG TTG TTG TTG TTT TTT TTT TTT TTT TTT TTT TTT TTT 
Sbay                            ... ... ... ... ... ..G ..G ..G ..G ..G ... ... ... ..T ..A ..A ..A ..A ..A ... ... ... ... ... ... ... ... ... ..C ..C ..C ..C ..C ..C ... ... ... ... .GG G.. ... ... ..C G.. ..A ..A ... ..T ..A ..G ... ... .AC ... ... C.T ... ... G.T ..A ..C ... ... ..T ... ... ... ... ... ... ..T ..A ... ... ... ... G.. ... ... ..G ... ... ..T .GT ..C ... ... ..T ... ..T ..A ..A ... ..T AAG A.A A.G ... ... ... ... ... ..G ..T ..A ..A T.A T.. T.. A.. ... ... ... ... ... ... ... ... ... ... ... ..G ..G ..A ... ..G ..T ..T ..T ..A ..A ..A ..C ... ... ... ... ... ..A ..C ..C ..C ..C ..C ..C ..C ... ... ... ... ... ... ..T ..C ..C ..G ... ..G ..T ... ..T ..T ... ... ..G ... ... ... ... ... ... A.T ..G ..G ..G ..C A.A A.C ..G ... ... ... ... ..T .TT .TT C.. ..C ..C ..C ..C ... ... ... ... ... ... ..G ..T ..T ..C ..A ..C ..C ..T ... ... .CC ... ... ..G ... ... ..T ..T C.. G.. ..A ..A ..A ... ... ... ... ... ... C.G ..C ..C ... ... ... ... ... ... 
Smik                            ... ... ... ... ..G ... ... ..G ..G ..G ... ... ... ..G ..A ..A ..A ... ... ..A ..A ... ... ... ... ... ... ... ..C ..C ..C ..C ... ... ... ... ... ... ... ... ... ... ... ..T ... ..T ... ..T ..A ... ... ... ... ... ... ... ... ... ... ..A ..C ... ... ..T ... ... ... ... ... ..T ... C.. ... ... ... ... ... ... ... ..G ... ... ..T ... ... ... ... ... ..G ..T ... ... ..C ... ... ... ... ... ... ... ... T.. ... ..T A.A ... T.. ... T.. ... ... ... ... ... ... ... ... ... ... ... ..G ... ... ... ... ... ... ... ..T ..A ..A ..A ..A ..A ... ... ... ... A.. ..C ..C ..C ..C ... ... ... ... ... ... ... ..T ..T ... ..C ... ..C ... ..G ..G ... ..T ..T ... ... ... ..C ..C ... ... ... ... A.. ... ..G ... ... ... ... ..G ... ... ... ..T ..T ... ... C.. ..C ... ... ... ..C ... ... ... A.. ... ... ... ..G ..T ... A.. ... ... ... ... .CC C.. ... ..G ... ... ... ..T C.. ..A .CA ... ... ..A ..A ..A ... ... ... ... ..C ... ..C ..C ... ... ... ... 
Spar                            ... ... ... ..G ... ... ... ... ... ..G ... ... ... .G. ..A ..A ... ... ... ..A ... ... ... ... ... ... ... ... ..C ... ... ... ... ... ... ... ... ... ... ... ... ... ... ..T ..A ... ... ... ..T ... ... ... ... ... ... ... ..T ..T G.. ... ... ... ... G.T ... ... ... ... ... ... ... ... ... ... ... ... ... ... ... ... ... ... ..T ... ... ... ... ... ... ... ... ... ... ... ... ... ... ..C ... ... ... ... T.. ... ... ... ... ..A T.. ... ... ... ... ... ... ... ... ... ... ... ... ... ... ... ... ... ... ... ... ..A ..A ..A ..A ..A ... ... ... ... ..C ..C ... ... ... ..C ... ... ... ... ... ... ... ..T ... ... ... ... ... ..G ... ... ... ..T ... ... ... ... ... ... ... ... ... A.. ... ..G ... ... ... ... ..G ... ... ... ... ..T ... ... C.. ... ..C ... ... ... ... ... ... ... ..T ... ... ... ..C ... C.. ... ... ... ... .CC ... ... ... ... ... ..T ..T ... C.. C.A ... ... ... ... ... ... ... ... ... ..C ..C ... ... ... ... ... ... 
Ncas                            ..G ..T .G. ... ..G ... ... ... ..G ... ..T ..T .GT C.A ..A ..A ... ... G.A ... ... ..A ... ... ... ... ... ... ... ... ... C.A .GA C.G ..C ... G.A G.A ..C ... ... ..G .A. .TC ... ..A ..T ..T .TA ... ..C ... ... ... ... ... ..T ..T ..T ..A ... ... ..T C.G ..A ... ..T C.A G.T .C. G.A ..C G.. ... ... ... .CC ... ... ATG ... ..T ..T A.G ... AGT ..C ... A.A ..T ..A ... ... AAT ..A ... A.A ... ... ... T.G ... T.G T.A T.C T.. T.. T.A T.. AA. ..G T.A T.A T.G C.. ... ... ... ... ... ... ... ... ..T ..T ..G ... ..T ..T ..A ... ..T ... ... ..A ..A ..A ..A C.. ... ..C ..G ... ... ... ... ..C ..C ... ... ..C ..T .GT T.C ... ..A ... ..T ... ..G ..G ..T ... ..T ... ..A ..G ... ... ... ... ... ..C ..C ..G ..A A.G ... ..C A.. ..C ATA ..T ... ... ..T .T. ... ... ..C ... ... ..C GAT ... GT. ... ... ..T ... ..A ..A A.. ..C ACA ... ... .CC ..G .AC ... ... ..T ... ..T ..A C.A GAT C.. ..A A.. ... ..T ..A ..A ... ... .A. ... ..C ... .GG ... ... ... 
Cgla                            ... C.G ... ..G ..G ... ..G ..G ..G ..G ... ..T GCA GGT ..A ... ..A ..A CCT ..A ... ... ..A ... ... ... ... ... ..C ..C ... ... .GA C.G ..C .CC .GC G.G ..C ..C ... ..T .AT GTG ..A ..A ..T ... ..A ..G ..G ..A ... ... ... ... ..T ..T GC. ..A ... ... .G. CC. ... ... ... G.. G.. ..T G.G ..T .CC ... ... G.. G.. ..G ..G A.G ..T ..T ... AGG ... A.T ... ..T AG. T.A ..A ..C ... A.A ... A.A ... ... A.A ... T.G ... ..T ..A T.T T.A T.. T.. ... A.A T.G ..A T.A ... ... ... ..G ..G ..G ..G ..G A.C ... ... ... ... ..T ... ..T ..A ..A ..T ... ..A ..A ..A ..A ... A.C ..C ... ..C ..C ... ..C ..C ..C ..C ..C ... ... ..T ..T T.C ... ..C ..C ..G ..G ..A .AT CCA ..T ..T ..C ..G ..A ... ... ... ... A.. ..C ... ..T ..A CAA ... ..C A.A ..G .TG ... ... ... ... .TC ... ... ..C ... ..C ... GAT A.T G.G ..T ..T ..A CAG ..T ... A.C ... .CA ... ... GCC ... ..T C.G ... ..T ..T ..T ... ... G.T ... ..A A.. ..A C.T ..A ..A ... C.. G.C ... ..C ..C ..C C.. ... ... 
Agos                            ..G .C. ..C ..G ..G ..G ..G ..G ..G ..G ... ... TCT GCG ... ... ..A ... G.T ..A ... C.. .GC ..A ..A ... ... ... GCA ..C ... CG. CGG G.C .GC GT. CTA G.G ..C ..C ..T ..C .AC GTT G.T C.T ..T ..G .TC ..C ..G ..C C.C ... C.C C.C .CA ..T T.. CA. ..C ..C ..T GGC ..T ..A ..T G.A ..G G.G ... ... .AC ... ... ..A G.G ..G TCT ATG ... ... ... ..G ..C A.T ..C ... .TG ... ..A ..A ..A ..G ..C ... ..G ... ..C ... ..T ..C G.G ..G T.C T.C ..C ... T.. GAG ..A T.G A.C ..C C.G ..G ... ..G ..G ..G ... ..T ... ... ..T CTT ..T ..T ... ... ... ..A ... ... ..A ... ... ... ..C ... ... ..G ..C ... ..C ... ..C ..C ... ... ..C ... ..A T.G ..C ..G ... ..T ..C ..T ..T ..G ..C ..T ... ..C ..C ..A ..C ..C ... T.T ..T ..G ..T ... AAG ..G ..A ..C ..C CCG ... ..T ... ... C.C ..C ... ..C C.C ..C C.C GAT ATT G.. ..T ..A ..G CTT ..T G.C ..C ..C ACG ... ... G.. C.G ..C C.G C.G ..T ..T ..T C.T C.. A.T A.C ... A.. ... C.. C.. ... C.. ..C ..C ..C ..C ..C ... ..C A.A ..C 
Klac                            ... .CT .GG ... ... ..G ..G ... ... ..G .G. ... TCG TCG ... ..A ..A ..A G.C ..A ... .GC TCT ..A ... ... ... ... GGG ... ..C .GA .GG G.. ... G.C TTG G.G ... ..C ..T ..C .AC TT. ... ..A ... ..T .TC ..G .AC ..G ... ... ... C.. .CT ..T T.T C.T ... ..C G.T TCC ..T G.A ... G.T T.G ..T GCG ..A .CA ..C ... ..C ..A ..G A.T GT. A.. ..T ... GCT ..C A.T ... ... TTG ... ..A ... ..C AAG A.G ... ... ... A.G ... T.. ..T G.T T.G T.T GCA ..A T.. T.. A.A ..A ... A.. ... C.G ... ... C.G ... ..G ..G C.T ... ... ... ..A ..G ... ..T ..A ..A ..A ... ... ... ..A ... ..A ..C ... ... ..G ..C ... ... ... ... ... ... ..C .G. ..T ..A T.. ..A ..A ... ..T ..G ..T ..T ..T ... ..T ... ... ..A ... ... ... ... T.C ... TGT ... TAT ..C ..C ... A.A ... AC. ..T ..T ... ..T ... ..C ..C ..C C.. ... ..C GAC A.G A.. ..T ..T ..T GTA G.A ..A GG. ... AC. ... ... GCG ... CAT C.. C.T ..T ... ..T ... ... .CA ..A ... A.. C.T A.. C.A C.T ... A.. ..C ..C ..C ..C ..C ... A.G ... 
Calb                            ... .TT .T. ... .G. ... ... .GG ..G ... .TT .TT .CT G.G ... CGT ..A ..A .TA ... C.A .CT G.T ..A ..A ..A ... CT. ..A ... ..A G.A G.. ..G TTA .T. TT. ..A .CA ..C ..C ..T .AT TT. G.T ..T ... ..T .TT ... ..A ..A ... ... ... ... TCA ..T GTG .AA TCA TCA ..T C.T ..T ..T ..T T.T T.A ..A .CT ..A G.A ... ... .G. CAA ..G TC. A.T ..T ..T ..T ACA ..C A.C ... ..T ..A ..A ..T ... ..A AAA ..A A.A ... AAA A.A ... T.. T.. T.. T.G A.T T.T T.. T.T T.A T.. TA. T.G G.C T.G .TT ... .TG ... ... ... ... A.T ... ..T ... ..G .GT ... ..T ..A ..A ..T ..A ... ..A ..T ..A ..A ... ... A.. A.. ... ... ... ... ..C ... ... ... AAT ..T T.. T.A ... ..A TG. ..C ... AC. ..G T.T ... ..A ... AAG .CA ... ..A ..G ... ACT ..C ..G A.T ..T A.A ... ..A A.. A.C .TA ..T ..T ..T ..T .T. ..C ... ... C.. ... GG. AAT AGT ATG ..G AG. ..A CAA .TT AAA A.. ..C .CG CT. ... .CG ... ... ..G ..A AAT ... CAA ... ..A .AT ..A ..A A.. ..A ..A ..A ... ..A ACC ... ... ..C ..C ... ... ..A ... 

    1    1    1    1    4    1    2    1    2    1    1    2    3    4    1
    2    2    2    1    1    2    2    1    1    1    2    1    3    2    1
    1    2    1    3    1    1    2    5    1    2    2    1    1    3    1
    1    1    1    2    1    2    1    2    1    1    2    1    1    1    1
    4    2    1    1    1    2    1    2    3    1    1    1    2    1    2
    2    1    1    2    1    3    1    3    1    4    1    2    1    2    1
    1    2    1    2    1    1    1    1    3    1    2    1    1    2    3
    1    1    1    2    2    1    1    2    3    1    2    1    1    1    3
    2    2    1    3    1    2    2    2    3    1    3    1    2    1    2
    1    2    3    1    3    2    3    1    5    1    2    1    2    4    2
    1    1    4    1    1    1    1    3    2    2    1    1    1    1    3
    2    1    2    4    1    2    3    2    1    3    1    1    2    3    4
    1    1    2    2    1    2    2    1    1    1    1    2    2    2    1
    1    2    1    2    1    1    1    2    2    2    3    3    1    1    1
    2    2    1    1    1    1    2    1    1    1    1    2    1    1    1
    2    1    1    2    1    1    4    3    2    1

CODONML (in paml version 4.9j, February 2020)  temp.nuc
Model: One dN/dS ratio, 
Codon frequency model: Fequal
ns =   9  ls = 393

Codon usage in sequences
--------------------------------------------------------------------------------------------------------------------------------------
Phe TTT  16  17  14  15  15  12 | Ser TCT   5   3   4   5   2   7 | Tyr TAT  10   6   9   9  10   5 | Cys TGT   1   2   0   0   0   0
    TTC   5   6   7   6   7  10 |     TCC   7   9   6   7   8   1 |     TAC   8   7   7   7   7  10 |     TGC   2   0   2   2   0   0
Leu TTA   4   6   8   5  12   9 |     TCA   3   4   4   3   3   5 | *** TAA   0   0   0   0   0   0 | *** TGA   0   0   0   0   0   0
    TTG  14  13  11  13  15  12 |     TCG   1   1   1   0   0   0 |     TAG   0   0   0   0   0   0 | Trp TGG   6   6   6   6  10   6
--------------------------------------------------------------------------------------------------------------------------------------
Leu CTT   9   9  11   9   0   9 | Pro CCT   3   3   3   5   4   3 | His CAT   4   5   9   9   9   8 | Arg CGT   8  10   8   7   6   4
    CTC   2   0   0   2   0   0 |     CCC   3   2   1   3   2   2 |     CAC   8   8   5   5   3   3 |     CGC   2   0   2   3   0   0
    CTA   4   7   4   5   5   4 |     CCA   4   6   4   4   2   5 | Gln CAA   4   3   3   4  10   1 |     CGA   0   0   0   0   1   0
    CTG   8   3   4   7   3   4 |     CCG   1   0   3   1   0   0 |     CAG   0   1   1   0   3   8 |     CGG   0   0   0   0   0   0
--------------------------------------------------------------------------------------------------------------------------------------
Ile ATT   6  12   8   6  11   5 | Thr ACT   4   4  11   9   6   4 | Asn AAT  22  13  17  20  15   6 | Ser AGT   6   2   2   8  13   8
    ATC  11  12  10  11   6   4 |     ACC   4   2   3   3   5   6 |     AAC  10  18  12   8   2  11 |     AGC   3   6   7   4   0   4
    ATA   2   3   7   4   4   9 |     ACA   7   7   6   5   7   7 | Lys AAA  15  16  15  17  12  10 | Arg AGA   6   4   7   6  10  15
Met ATG   3   2   2   3   3   1 |     ACG   2   1   0   0   1   3 |     AAG  22  22  26  20  24  26 |     AGG   1   2   0   1   0   1
--------------------------------------------------------------------------------------------------------------------------------------
Val GTT  11   6   8   9   5   9 | Ala GCT   4   5   4   5   3   6 | Asp GAT  27  18  20  18  31  18 | Gly GGT  15  17  14  16  21  15
    GTC   3   1   3   3   8  11 |     GCC   5   3   6   4   1   4 |     GAC  13  20  19  22   7  25 |     GGC   4   2   5   4   0   3
    GTA   6   0   2   2   5   2 |     GCA   1   4   0   1   1   4 | Glu GAA  14  20  20  22  30  14 |     GGA   5   0   0   2   4   3
    GTG   1  11   5   5   5   5 |     GCG   0   1   0   0   0   1 |     GAG  16  14  10   8  11  18 |     GGG   2   8   7   5   5   7
--------------------------------------------------------------------------------------------------------------------------------------

--------------------------------------------------------------------------------------
Phe TTT  10   9  22 | Ser TCT   8   9   0 | Tyr TAT   3  11  13 | Cys TGT   0   2   2
    TTC  15  13   3 |     TCC   4   1   6 |     TAC   9   6   1 |     TGC   1   0   0
Leu TTA   0   7  30 |     TCA   1   2  12 | *** TAA   0   0   0 | *** TGA   0   0   0
    TTG   7  18  11 |     TCG   3   7   5 |     TAG   0   0   0 | Trp TGG   6   6   3
--------------------------------------------------------------------------------------
Leu CTT   6  10   1 | Pro CCT   1   2   4 | His CAT   0   5   8 | Arg CGT   5   5   4
    CTC   5   0   0 |     CCC   3   2   0 |     CAC  16   7   4 |     CGC   9   0   0
    CTA   3   5   0 |     CCA   5   4   6 | Gln CAA   0   0   5 |     CGA   0   2   1
    CTG  16   0   6 |     CCG   1   0   0 |     CAG   6   3   1 |     CGG   4   0   0
--------------------------------------------------------------------------------------
Ile ATT   8   7  25 | Thr ACT   4   6  15 | Asn AAT   1   5  14 | Ser AGT   1   5   4
    ATC   6   6   1 |     ACC   3   7   7 |     AAC  11  11   2 |     AGC   8   5   1
    ATA   6   8   5 |     ACA   2   3   5 | Lys AAA   5  17  27 | Arg AGA   1   6  14
Met ATG   6   4   2 |     ACG   5   3   0 |     AAG  27  16  10 |     AGG   0   6   1
--------------------------------------------------------------------------------------
Val GTT   9   8   4 | Ala GCT   2   3   3 | Asp GAT  28  26  31 | Gly GGT  13  24  11
    GTC   5   6   4 |     GCC   5   0   0 |     GAC  15  14   4 |     GGC  12   0   3
    GTA   5   6   5 |     GCA   6   8   2 | Glu GAA   7  16  25 |     GGA   2   2   7
    GTG   7   0   3 |     GCG   5   2   0 |     GAG  30  22   7 |     GGG   1   5   3
--------------------------------------------------------------------------------------

Codon position x base (3x4) table for each sequence.

#1: Scer           
position  1:    T:0.20865    C:0.15267    A:0.31552    G:0.32316
position  2:    T:0.26718    C:0.13740    A:0.44020    G:0.15522
position  3:    T:0.38422    C:0.22901    A:0.19084    G:0.19593
Average         T:0.28668    C:0.17303    A:0.31552    G:0.22477

#2: Sbay           
position  1:    T:0.20356    C:0.14504    A:0.32061    G:0.33079
position  2:    T:0.27481    C:0.13995    A:0.43511    G:0.15013
position  3:    T:0.33588    C:0.24427    A:0.20356    G:0.21628
Average         T:0.27142    C:0.17642    A:0.31976    G:0.23240

#3: Smik           
position  1:    T:0.20102    C:0.14758    A:0.33842    G:0.31298
position  2:    T:0.26463    C:0.14249    A:0.44020    G:0.15267
position  3:    T:0.36132    C:0.24173    A:0.20356    G:0.19338
Average         T:0.27566    C:0.17727    A:0.32740    G:0.21968

#4: Spar           
position  1:    T:0.19847    C:0.16285    A:0.31807    G:0.32061
position  2:    T:0.26718    C:0.13995    A:0.43003    G:0.16285
position  3:    T:0.38168    C:0.23919    A:0.20356    G:0.17557
Average         T:0.28244    C:0.18066    A:0.31722    G:0.21968

#5: Ncas           
position  1:    T:0.22646    C:0.12214    A:0.30280    G:0.34860
position  2:    T:0.26463    C:0.11450    A:0.44275    G:0.17812
position  3:    T:0.38422    C:0.14249    A:0.26972    G:0.20356
Average         T:0.29177    C:0.12638    A:0.33842    G:0.24343

#6: Cgla           
position  1:    T:0.19593    C:0.12977    A:0.30534    G:0.36896
position  2:    T:0.26972    C:0.14758    A:0.41476    G:0.16794
position  3:    T:0.30280    C:0.23919    A:0.22392    G:0.23410
Average         T:0.25615    C:0.17218    A:0.31467    G:0.25700

#7: Agos           
position  1:    T:0.17048    C:0.20356    A:0.23919    G:0.38677
position  2:    T:0.29008    C:0.14758    A:0.40204    G:0.16031
position  3:    T:0.25191    C:0.32316    A:0.10941    G:0.31552
Average         T:0.23749    C:0.22477    A:0.25021    G:0.28753

#8: Klac           
position  1:    T:0.23155    C:0.11450    A:0.29262    G:0.36132
position  2:    T:0.27226    C:0.15013    A:0.40458    G:0.17303
position  3:    T:0.34860    C:0.19847    A:0.21883    G:0.23410
Average         T:0.28414    C:0.15437    A:0.30534    G:0.25615

#9: Calb           
position  1:    T:0.27481    C:0.10178    A:0.33842    G:0.28499
position  2:    T:0.31043    C:0.16539    A:0.38677    G:0.13740
position  3:    T:0.40967    C:0.09160    A:0.36641    G:0.13232
Average         T:0.33164    C:0.11959    A:0.36387    G:0.18490

Sums of codon usage counts
------------------------------------------------------------------------------
Phe F TTT     130 | Ser S TCT      43 | Tyr Y TAT      76 | Cys C TGT       7
      TTC      72 |       TCC      49 |       TAC      62 |       TGC       7
Leu L TTA      81 |       TCA      37 | *** * TAA       0 | *** * TGA       0
      TTG     114 |       TCG      18 |       TAG       0 | Trp W TGG      55
------------------------------------------------------------------------------
Leu L CTT      64 | Pro P CCT      28 | His H CAT      57 | Arg R CGT      57
      CTC       9 |       CCC      18 |       CAC      59 |       CGC      16
      CTA      37 |       CCA      40 | Gln Q CAA      30 |       CGA       4
      CTG      51 |       CCG       6 |       CAG      23 |       CGG       4
------------------------------------------------------------------------------
Ile I ATT      88 | Thr T ACT      63 | Asn N AAT     113 | Ser S AGT      49
      ATC      67 |       ACC      40 |       AAC      85 |       AGC      38
      ATA      48 |       ACA      49 | Lys K AAA     134 | Arg R AGA      69
Met M ATG      26 |       ACG      15 |       AAG     193 |       AGG      12
------------------------------------------------------------------------------
Val V GTT      69 | Ala A GCT      35 | Asp D GAT     217 | Gly G GGT     146
      GTC      44 |       GCC      28 |       GAC     139 |       GGC      33
      GTA      33 |       GCA      27 | Glu E GAA     168 |       GGA      25
      GTG      42 |       GCG       9 |       GAG     136 |       GGG      43
------------------------------------------------------------------------------


Codon position x base (3x4) table, overall

position  1:    T:0.21233    C:0.14221    A:0.30789    G:0.33757
position  2:    T:0.27566    C:0.14278    A:0.42183    G:0.15974
position  3:    T:0.35115    C:0.21657    A:0.22109    G:0.21120
Average         T:0.27971    C:0.16718    A:0.31694    G:0.23617

Codon frequencies under model, for use in evolver (TTT TTC TTA TTG ... GGG):
  0.01639344  0.01639344  0.01639344  0.01639344
  0.01639344  0.01639344  0.01639344  0.01639344
  0.01639344  0.01639344  0.00000000  0.00000000
  0.01639344  0.01639344  0.00000000  0.01639344
  0.01639344  0.01639344  0.01639344  0.01639344
  0.01639344  0.01639344  0.01639344  0.01639344
  0.01639344  0.01639344  0.01639344  0.01639344
  0.01639344  0.01639344  0.01639344  0.01639344
  0.01639344  0.01639344  0.01639344  0.01639344
  0.01639344  0.01639344  0.01639344  0.01639344
  0.01639344  0.01639344  0.01639344  0.01639344
  0.01639344  0.01639344  0.01639344  0.01639344
  0.01639344  0.01639344  0.01639344  0.01639344
  0.01639344  0.01639344  0.01639344  0.01639344
  0.01639344  0.01639344  0.01639344  0.01639344
  0.01639344  0.01639344  0.01639344  0.01639344


TREE #  1:  (((((1, 4), (3, 2)), 5), 6), ((7, 8), 9));   MP score: 1353
This is a rooted tree.  Please check!
lnL(ntime: 16  np: 18):  -7172.441310      +0.000000
  10..11   11..12   12..13   13..14   14..1    14..4    13..15   15..3    15..2    12..5    11..6    10..16   16..17   17..7    17..8    16..9  
 0.168142 0.286994 1.263294 0.136282 0.175307 0.086446 0.000004 0.175247 0.616511 1.015987 0.811369 0.145506 1.035027 1.203605 1.201183 3.283145 1.831177 0.061933

Note: Branch length is defined as number of nucleotide substitutions per codon (not per neucleotide site).

tree length = 11.604050

(((((1: 0.175307, 4: 0.086446): 0.136282, (3: 0.175247, 2: 0.616511): 0.000004): 1.263294, 5: 1.015987): 0.286994, 6: 0.811369): 0.168142, ((7: 1.203605, 8: 1.201183): 1.035027, 9: 3.283145): 0.145506);

(((((Scer: 0.175307, Spar: 0.086446): 0.136282, (Smik: 0.175247, Sbay: 0.616511): 0.000004): 1.263294, Ncas: 1.015987): 0.286994, Cgla: 0.811369): 0.168142, ((Agos: 1.203605, Klac: 1.201183): 1.035027, Calb: 3.283145): 0.145506);

Detailed output identifying parameters

kappa (ts/tv) =  1.83118

omega (dN/dS) =  0.06193

dN & dS for each branch

 branch          t       N       S   dN/dS      dN      dS  N*dN  S*dS

  10..11     0.168   854.4   324.6  0.0619  0.0108  0.1751   9.3  56.8
  11..12     0.287   854.4   324.6  0.0619  0.0185  0.2988  15.8  97.0
  12..13     1.263   854.4   324.6  0.0619  0.0815  1.3152  69.6 426.9
  13..14     0.136   854.4   324.6  0.0619  0.0088  0.1419   7.5  46.1
  14..1      0.175   854.4   324.6  0.0619  0.0113  0.1825   9.7  59.2
  14..4      0.086   854.4   324.6  0.0619  0.0056  0.0900   4.8  29.2
  13..15     0.000   854.4   324.6  0.0619  0.0000  0.0000   0.0   0.0
  15..3      0.175   854.4   324.6  0.0619  0.0113  0.1824   9.7  59.2
  15..2      0.617   854.4   324.6  0.0619  0.0398  0.6418  34.0 208.3
  12..5      1.016   854.4   324.6  0.0619  0.0655  1.0577  56.0 343.3
  11..6      0.811   854.4   324.6  0.0619  0.0523  0.8447  44.7 274.2
  10..16     0.146   854.4   324.6  0.0619  0.0094  0.1515   8.0  49.2
  16..17     1.035   854.4   324.6  0.0619  0.0667  1.0776  57.0 349.7
  17..7      1.204   854.4   324.6  0.0619  0.0776  1.2531  66.3 406.7
  17..8      1.201   854.4   324.6  0.0619  0.0775  1.2505  66.2 405.9
  16..9      3.283   854.4   324.6  0.0619  0.2117  3.4181 180.9 1109.4

tree length for dN:       0.7482
tree length for dS:      12.0809


Time used:  0:12
