      9   1182

Scer                            GTA TTT CAA CAA GAT AGT CGG AAG CCC GGT ATT ATC TTT AAG ATG TAT AAT GAA ACC AAT GAA TGT CCA TAT AAC GGT ATG GAT GAA CGT GAT GAA TCT TAC GAC CTT GAA ATT GAA CAT GAC TCT AGA TCA AAA TTT TTG ATA ACC AAT ATC TTA ATG AGA GAG TTA CGT TTT GAC CAA AAC GGC TTT TTT AAT AGA GGC ACT ATG AGT AAC GAA GAG AAT AAA TCT CTG CTG AAA TTA GAA AAA TTT TTA TGG GAT TGG GTA CCA ATT GAG TTC TAT AGA CGT ATC ATT GAA GGT GAG TGG GCA ATC CAT GAA GGA CAA CAA TCG GGC GAA AAA TCC TTC TTG GAA ATC GCA CCT GTA ATG GAA GAT ATG CGC GGT CGG AGG AGA GAC GTT CTG GTA GCA GAC CAA GAG AGA ATG AGG CGT GTT ATG AGC CAT CGT GAT GTT AAA GGT GTT CAA CAG ATG GAG GGC GAA GAA AGA CAA AGG GAG GGT TCT GGT AAT ATG CAG GTT AAA GAT GGT ATA GTA AGA TTT CGC CAA CGG CAG GAA GGT TTT AAC TTA ACA AAT TTA GGG CAA CCA AAA ATC GAT CAA CCC TGG AAC TTA ATG ATG CCT GTT AGA TTC AAC GCA CTG ATC CCT ATT TCT GCA TTA CAC GGT GAT GTC GGT TAT ATA GTG AAC AAA GTG CCA TAT GAG CCT CAC CCT GGT AAG GTT ACT GGT TAT TTA GGT GGT GTG CAC GGT GAG TTC AGA GGT CCT AGC AAC GGT CGG GTG GCA ATT CAA GTG TTA AAT GGT GCA GAC AGA AAG CAA TGT AAT GCA GCA TCC GAC TTA TTG AAT CAA GAG TAT CAC GCA CAA TTA GTG GTG GGT GCG GCG AGG GCA AGG GCA GAA GTA GGC CGC CTG AAG CTG GCA TTA CAA ATT GAC TTA TGT CGT TTA TTG CAA TTA AAA ATT GTA ACA ATG TCT AAG ATG GAA GAT GGA GTA TAC CCT GAC TCG ACT GGT GGT ATC AAA TAC AGA TAT CCA GTC CAT TTG TTG CAA AAC CTG AGA AAT GAT TCC GGT AGT ATG GGT CTG TTT AGA TAT TGT CTA GCA TCT TAT CGT GCT TCA GAG GGT CAA CCA GTC AAT ATG TTA ACA AAC AAT GAG AAA AAT ACG GAT CCT GTG TGT GAG GAT CAA TCA AGA GAG CCT TTG TCA AAG GCC AAA ATG GAT 
Sbay                            GTC TTT CAA CAA GAT AGC CGT AAG CCC GGT ATC ATC TTC AAA ATG TAT AAT GAG ACC AAT GAA TGT CCG TAT AGT GGT ATG GAT GAA TGC GAT GAA TCA TAT GAT TTA GAA ATT GAG CAC GAC TCC AGA TCC AAA TTT GTG GTA ACC AAT ATC CTA ATG AGG GAA CTA CGT TTT GAC CAA AAC GGT TTT TTC AAC AGA GGT ACT ATG AGT AGT GAA GAA GAG AAG TCT TTG CTG AAA TTG GAA AAA TTC CTT TGG GAT TGG GTG CCC ATC GAA TTC TAT AGA TGC ATT ATT GAA GGT GAA TGG GCA ATC CAC GAA GGC CAA CAA TCA GGT GAG AAA TCA TTC TTG GAA ATT GCC CCA GTC ATG GAG GAT ATG CGC GGT CGT AGA AGA GAT GTC CTG GTC GCC GAC CAA GAA AGA ATG AGA CGT GTC ATG AGC CAC CGT AAC GTG AAG GGT GTG CAA CAA ATG GAA GGT GAA GAA AGA CAA AGA GAA GGT TCC GGT AAC ATG CAA GTT AAA GAT GGT ATA GTG AGA TTT CGC CAA CGT CAA GAG GGT TTC AGT TTA ACC AAC TTG GGT CAG CCC AAG ATC GAT CAA CCA TGG AGT TTA ATG ATG CCT GTT AGA TTT AGT GCA CTG ATC CCC ACA TCC GCA CTA CAC GGT GAT GTC GGT TAT ATA GTG AGT AGG GTG CCT TAT GAG CCT CAC CCA GGT AAG GTT ACT GGT TAT TTA GGT GGT GTG CAC GGT GAA TTT AGA GGT CCC AGC AAC GGT CGT GTG GCA ATC CAA GTG TTG AAC GGT GCA GAT AGA AAA CAA TGT AAC GCA GCA TCA GAC TTG TTA GAG CAA GAA TAC CAC GCC CAA CTA GTG GTA GGT GCT GCT AGA GCA AGA GCA GAG GTC GGT CGC CTA AAG CTG GCA CTT CAA ACA GAC TTA TGT CGT CTA TTA CAA TTA AAA ATT GTC ACA ATG TCC AGA ATG GAA GAT GGA GTC TAC CCT GAC TCA AAT GGT GGT ATC AAA TAC AGA TAC CCT GTC CAT TTA GTG CAA AGT CTG AGA AAC AAC TCA GGT AGC ATG GGT CTG TTT AGA TAC TGT CTA GCA TCC TAT TGC GCT TCG GAA GGT CAA CCT GTC AAC ATG TTA ACT GAC AAC GAA AAA GAG ACA GAT CCC GTA TGT GAA GAT CAA TCC AGA GAA CCT TTA TCC AAA GCC AAA ATG GAT 
Smik                            CGT TTT GAA CAA GCA AGT CGC AGA CCT GGT ATT TTT TGG CGT CTA TCT AAT GAA ACT TCC GAG TGT CCA CAT CAA GGT ACA GAT GAA CGC GAC CAA TCC CAA GAT CTT GAA ATT GAA GAC GAC TCC AGA TCC AAG TTT TTG GTG ACT AAT TTT CTG ATG AGG GAA TTA CGT TTT GAT CAA AAT GGT TTT TTC AAT AGA GGC ACC GTT AGC CAA GAA GAG AAT AAA ACA TTA TTG CGT TTG GAA AAG TGG CTA TGG GAA TGG GTA CCA ATT AAA TTC CAT AGA CGC ATC ATT GAA GGT GAG TGG GCA ATT CAT TTA GGG GAC CAA TCG GGC GAA GAA CGT TTC ATT GAA ATC GCA CCA CGT CTA GAA GAT TTG CGC GGT CGC CGT AGA GAT GTT CTG GCA GCA GAT ACT GAA AGA GCA AGA AGA GTT GTG AGC GAC CGT AAC GTT AAA GGT GTT CAA CAG ACA GAG GGC GAA GAG AGA ACT CGT GAG GAT TCT GGC AAT ATG ATG GTT AAA GAA ATC ATA GTA AGA TTC CGC CAA CGC CAA GAA GGC TTC CAA CTT AAT AGT TTG GGC CAA CCT AAA ATC GAA CAA CCT TGG CAA TTA ATG TTG CCT ACA AGA TTT CAA GCA CTG TTT CCA ATA ACA GCA TTA ATT GGT GAC GTG GGT CAT ATA GTG CAA AAA GTG CCA TAC GAG CCT CAT CCA ATC AGA GTT CCT GGT TAC TTA GCT GCT GTT CAT GGC AAA TTT AGA GAT CCT AGC AAT GGC CGC GTG GCA ATT CAA GTT TTA AAT ATC GCA GAT AGA GTC GAA TGT GAT GCA GTG TGT GAT TTG TTA AAT CAA GAA TAT ATT GCA CAA CTA GTT GTG ATC GCA GCA AGA GCA AGA GCA GAA CGT GGC CGC CTG AAA CTG GTG CTA CAA ATA GAC TTA TGT CGT CTG TTC CAA CTT AAA CAA ATG ACA ATG TCC AGG TTC GAA GAT GGA GCA TAC CCT GAT ACT ACC GGC GGC ATT GAA TAC AGA TAC CCA ATT CAT TTA TTG CAT CAA CTG AGG GAT AAC TGT GGT AGT TTC GGT CTG TTC AGA TAC ATT TTG GTG TCT CAT CGC GCT TCC GAA GGT CAT CCA GTC GAT CTA TTA ACT GAC AAT GAG AAA AAT ATT GCA CCT GTG ATT AAA AGA CAA TCC AGA GAG AAT TTG TCC TTT GCC AAA ATG GAA 
Spar                            CGT TTT GAA CAA GCA AGT CGT AAG CCA GGT ATT TTT TGG CGT CTA TCT AAT GAA ACT TCC GAA TGT CCA CAT CAA GGT ACG GAT GAA CGC GAC CAA TCG CAA GAT CTT GAA ATT GAA GAC GAC TCG AGA TCG AAA TTT TTG GTG ACT AAT TTT TTG ATG AGA GAA TTA TCT TTC GAC CAA AAT GGC TTT TTT AAC AGA GGC ACT GTC AGT CAA GAA GAG AAT AAA ACA CTG TTA CGT TTA GAA AAA TGG CTA TGG GAA TGG GTA CCA ATT AAA TTC CAT AGA CGC ATT ATT GAA GGT GAG TGG GCA ATT CAT CTA GGT GAT CAA TCG GGC GAA GAA CGT TTC ATT GAG ATT GCA CCA CGT CTA GAA GAT TTG CGC GGT CGT CGT AGA GAT GTT CTG GCA GCA GAT ACT GAA AGA GCA AGA AGA GTT GTT AGC GAC CGT GAT GTT AAA GGT GTT CAA CAA ACG GAG GGC GAA GAA AGA ACT CGT GAG GAC TCT GGC AAC ATG ATG GTT AAA GAA ATC ATA GTA AGA TTC CGC CAA CGT CAA GAA GGG TTT CAA CTT AAT AAT TTG GGA CAA CCT AAA ATC GAA CAA CCC TGG CAA TTA ATG TTG CCT ACA AGA TTC CAA GCA CTG TTT CCC GTT ACA GCA TTA ATC GGT GAT GTG GGT CAT ATA GTG CAA AAG GTG CCA TAC GAG CCT CAC CCA ATC AAG GTT CCT GGT TAC TTA GCT GCT GTT CAC GGC AAA TTT AGA GAC CCT AGC AAT GGG CGT GTG GCA ATT CAA GTT TTA AAC ATC GCA GAT AGA GTG GAA TGT GAT GCA GTG TGT GAT TTG TTA AAT CAA GAA TAT ATC GCA CAA CTA GTT GTG ATC GCT GCT AGA GCA AGA GCA GAA CGT GGC CGC CTG AAG CTG GTG CTA CAA GTT GAC TTA TGT CGT TTG TTC CAA CTT AAA CAA ATG ACA ATG TCG AGA TTT GAA GAT GGA GCA TAC CCT GAT ACG ACT GGC GGT ATT GAA TAC AGA TAT CCA ATT CAT TTA TTG CAT CAA CTG AGG GAT GAT TGT GGT AGT TTT GGT CTG TTC AGA TAT ATT CTA GTG TCT CAT CGC GCA TCT GAA GGT CAT CCA GTC GAT CTA TTA ACC GAC AAC GAG AAA AAT ATT GCA CCT GTG ATT AAA AGA CAA TCG AGA GAG AAT TTG TCG TTT GCC AAA ATG GAA 
Ncas                            GTT TTT CAG CAG GAC TCA CGT AAA CCC GGA ATC ATC TTT AAA ATG TAT AAC GAA ACT AAT GAA TTA GGA TAT AAC GGT CCA GAT GAT AGA GAT GAG TCT TAT GAC CTT GAA ATC GAA CAC GAT TCA AGA AAT AGT TTT CTA GTG ACT AAT ATC TTG ATG GCC GAA CTG GAT TTT GAC CAA AAC GGT TTT TTA AAC AGA CAG ACT ATG AGT AAC GAA GAA AAA AAG TCA TTA TTA AAA TTA GAA AGT TTT CTA TGG GAT TGG GTT CCT ATA GAA TTC TAT CGT AGA ATT ATC GAA GGT GAG TGG TCA ATT CAT GAA CAA AAA CAA TCC CAG GAA AAA TCT TTC CTA GAA ATT GCA CCA GTT ATG GAA GAT ATG AGG GGG CGT AGA AGA GAC GTC TTG GTT GCA GAT CAA GAA AGA ATG AGA CGT GTT ATG AGT CAC AGA AAC GTT GCG GGG GTT CAG CAA CCA GAG CAG GAT GAA CGT CAA AGA GAG GGT TCT TGT AAC ATG CAA GCA AAG GAT GGT ATA GTT AGA TTC AGG CAA CGT CAA GAA GGA TTA AAC TTG TCT AAT TTA GGC CAA CCG GCG TTA GAT CAA CCA TGG AAC TTG ATG ATG CCG GTC AGA TTT AAC GCA TTG ATC TCG TCT TCA TCA CTG CAC GGG GAT GTT GGT TAT ATA GTA AAC CGA GTA CCA TAC GAA CCA CAT CCA GGT AAA GCA ACA GGA TAC TTG GGT GGT GTC CAT TGT GAA TTT AGA GGT CCC AGT AAT GGA CGT ATT GCA ATA CAA GTC CTA AAC GGT GCA GAT CGT AAG CAG TGT AAT GCA GCG TCT GAT TTA CTT AAA CAA GAA TTT CAC GCA CAA TTG GTC GTG GGT GCA GCA AGA GCA AGA GCA GAA GTT CAG AGG CTA AAA TTG GCG CTA CAG TCT GAT TTG TGT AGA TTG TTG CAA TTG AAA ATC GTT ACT ATG TCA AAG AGC GAA GAT GGT GTT TAT CCT GAT GCC ACG TGT GGT ATT AAA TAT AGA TAT CCA GTT CAT CTT CTA CAA AAC TTG AGA AAT AAC TCT GGT TCA AGC GGT TTG TTC CGT TAT TGC ATT GCG TCT TAT AGA GCA GCT GAA GGT CAA CCA ATC AAT ATG TTG ACT GAT AAC GAA AAG AAA ACT GAC CCC GTG TGC GAA GAT CAA AAT CGT GAA CCT TTA AAT AAG GCT AAA ATG GAT 
Cgla                            GTA TTT CAA CAA GAT GAC CGT GAG CCT GGT ATA TTG TTT CAA ATG TAT AAC GAA ACT AAT GAA AAG CCG TAC AAT GGT ATG GAT CGC AGA GAT GAG TCT TAT GAT CTG GAA GTT GAA CAT GAA GCT AGA CAA GAC TTT ATA ATA ACT AAT TTG TTG CTG CAC GAA ATG GAA TTC GAA CAG AAT GGC TTT TTA AAT AGA AAT ACC TTG TCG AAT TTA GAA CAT AAA TCT ATG CTA AAG ATT GAT GAC TTT CTG TGG GAT TGG GTG CCA GTT GAA CAT TAT AGA AGA ATT GTT GAA GGA GAA TGG GCG ATT CAC GAA GAA GAA GAA AGT AAT GAA AAA TCT CAT TTG GAA ATT GCT CCA GTA ATG GAA GAT ATG CGG GGT CGT AGA AGA GAT GTT TTA GTT GCT GAT CAA GAA AAA ATG AGA CGT GTA ATG AGT CAT AGG AAT TGT AAA GGT TGT CAA CAG ATG GAA AAT CGC GAA AGA CAA AGA GAA GGT TCT GGT AAT ATG CAA TCT AAG GAT GGT ATA GTG AAA TTC CGG GAA CGT CAA GAA GGT TTA AAT TTA TCC AAT TTA GGT CAA CCT AAA TTG GAT CAA CCG TGG AAT ATG ATG ATG CCA ACT AGA TTT AAT GCA CTT TTG AAA AAA TCA GCG ATG ATT GGT AAC GTG GGT TAT ATA GTA AAT TTG GTA CCA TAC GAG CCC CAC CCA GGT GAG TCT ACT GGT TAC ATG GGT GGT GTT CAT GGT GAA TTT AGA GGT CCT AGT AAT GGT CGT GTC GCA GTT CAA GTT TTG AAT GGT GCA GAT AGA AAA CAA TGT AAT GCA GCT TCT GAT TTA CTC CAT CAA GAA TAT ATT GCT CAG CTG GTT GTA GGT GCA GCA AGA GCA AGA GCA GAA GTA AAT CGG CTT AAA CTT GCT CTG CAA AAA GAT ATG TGT AGA TTG TTG CAG TTA AAA ATT GTT ACA ATG GCT AAA ATT GAA GAT GGT GTT TAT CCA GAT GAC ACT GGT GGT ATT AAA TAT AAA TAT CCG GTC CAT CTC ATA CAG AAT TTA AGA AAT AAT TCT GGT GAC ATT GGT CTT TTC AGA TAT TGT CTT GCT TCT TAT AGA GCA TCA GAA GGT CAG CCG ATA AAT ATG ATG CCT GAC AAT GAA AAA CAT ACT GAT CCT GTA TGT GAA GAT CAA CAA AGA GGC CCT CTC CAA AAA GCG AAA CTG GAT 
Agos                            GTC TTC CAG CAG GAT GCG CGC CAA CCA GGA ATC ATT TTC CAG ATG TAT AAC GAC ACA AAT GAA TTG GCG TAT AAT GGG TGC GAC GCC CGC GAT GAA AGC TAT GAT CTG GAA ATC GAC CAT GAT TCG CGT GAA ACG TTC GTC GTC ACA AAT ATT TTG ATG CAG GAG CTG GAC TTC GAT CAG AAT GGC TTC TAT AAC CGG GTT ACG ATG AGC AAT CAC GAG AAG AAG TCG CTG TTA AAA CTG GAG ACG TTC CTG TGG GAT TGG GTG CCT GTG GAG ATG TAT CGG CGC ATT ATC GAG GGA GAA TGG GCC ATA CAT GAG TCA CAG CAT GCC GTT GAG AAA TCT ATG CTA GAA ATT TCC CCA GTC ATG GAC GAT ATG CGC GGC CGC AGA CGG GAT CTG CTG GTT TCC GAC CAA GAA CGG ATG AGA CGC GTT ATG GGA CAT CGG GGC TGC GCG GGC TGC CAG CAG TGC GAA GTT GCC GCA CGG CAA AGA GAA GGT TCT GCA AAC ATG CAG GCC AAG GAT GGC CTA GTG CGG TTT CGC CAT CGC CAG GAG GGC TAT AAT CTA ACG GAG CTG GGC CAA CCG GCG ATG GAT CAG CCG TGG AAT GTT ATG ATG CCG GTT CGC TCC AAT GCC TTG ATT AAG GAT TCT GCC CTG CAC GGC GAT GTT GGT TAT CTA GTG AAT CGC GTG CCA TAC GAA CCC CAC CCA GGC CAA GCC ACA GGA TAC GTT GGT GGT GTG CAC GCA GAG TTT CGG GGT CCG GGA AAC GGC CGC GTG GCT GTG CAG GTG CTA AAC GGC GCT GAT CGG AAA CAG TGT AAC GCT GCA TCC GAC CTG CTG AAG CAG GAA TTT CAC TCC CAG CTG GTG GTG GGC GCG GCG AGA GCC AGA GCT GAG GTC GTT CGC ATT AAA TTG GCA CTG CAG GAT GAC GTT TGT ACG TTG TTG CAG CTA AAG ATC GTT CAG ATG TCG AAG ACT GAA GAC GGG GTT TAC CCT GAC GGT GAG GCA GGT ATA AAA TAC CGG TAC CCT GTT CAT CTG GTC CAA AAT CTG CGC AAC GGC TCC GGG GCG ACT GGG TTG TTT CGG TAC TGT TTC GCA TCT TAT CGC GCG TCT GAA GGT CAA CCT ATG AAC ATG GTT ACA GAC AAC GAG AAC AAG ACT GAT CCG GTG TGT GAG GAT CAG GAA CGG GAC CCC CTG GAA AAG CCA AAG ATG GAT 
Klac                            CGT TTC GAA CAG GCT AGT CGT GCT CCT GGC ATC TTT TGG CGC CTA TCT TTA GAG ACC TCT GAA TTG TCA CAC CAA GGT ATG GAT AAT AGA GAT CAA TCG CAA GAC TTG GAA ATG GAG GAC GAT GCG AGA GCC ACT TTC TTG GTT ACC AAT TTT TTG ATG CAT GAA CTT GAT TTT GAC CAA AAT GGA TTC GTG AAT AGA GGG TGT GTC AGT CAA GAT GAA AAA CAG ACA TTA TTA CGT CTT GAG ACT TGG CTT TGG GAA TGG GTC CCT GTA AAA TAT CAC CGT AGA ATT ATG GAA GGT GAG TGG TCT TTA CAC TTG GAT GAC CAA TGT GGG GAG GAA CGT TAT ATT GAA ATT GCA CCT CGT CTA GAG GAT CTG AGA GGT CGT CGT AGA GAC CTG TTA GCT GCA GAC ACG GAA CGA GCA AGA AGA GTT GTA AGT GAC AAG AAT GTA GAA GGT GTA CAA CAA ATG GAG GGG AAT GAT CGT ACG CGT GAG GAC TCT GAT AAT CTC ATG GTT AAG GAA ATT GTC GTC CGA TTC AGA CAA CGT CAG GAG GGT GTG CAA CTT AAT GAC TTG GGC CAA CCT GAA TTC GAA CAG CCT TGG CAA ATG ATG CTG CCT ACC AGA TTT CAA GCA CTA TTT AAA AAA ACT TCT CTT ATT GGT GAT GTG GGT CAC GTC GTT CAA CGC GTT CCG TAC GAG CCA CAT CCT ATT GCT GTT CCC GGC TAC ATG GCC GCC GTC CAT GAT AAA TTC AGA GAC CCC AGT AAT GGT CGT ATT GGC GTA CAA GTC TTA AAT ATT GGC GAT CGT GTC GAA TGT GAT GGC GTT TGC GAC TTG TTA AAA CAG GAA TTT ATT GCA CAA CTA GTC GTC ATT GCT GCT AGA GCA AGA GGC GAG CGT GGG AGA TTG AAA CTA GTT CTT CAA AAA GAT ATG TGT AGA TTG TTC CAA CTT AAG CAG ATG ACA CTC GCG AGA TTC GAA GAT GGT GCT TAC CCT GAC ATT GCG GAT GGT TTA GAA TAC CGA TAT CCA ATC CAT TTA TTG CAT CAA TTA AGG GAT AAT TGC GGT AGT TTC GGT CTA TTC CGT TAT ATT TTC GTT TCT CAC AGA GCA TCA GAA GGT CAT CCA ATG GAT CTA ATG ACG GAT AAT GAA AGG AAA ATT GCT CCC GTC ATT AAA AGA CAA GCC CGT GAA AAT CTT GCC TTC CCG AAG ATG GAA 
Calb                            AGA TTT GAA CAA GCA TAT CGA CAC CCA GGA AAT TTT TGG AGA TTG TCA CAA GAA CAA TCA GAA AAA GAA CAT CAA GGG AAA GAT AAA AGA AAT CAA CAA CAA GAC TTG GAA ATT GAA GAT GAA TCA AGA AAG CAT TTT TTA GTT CAA AAT TTT TTA ATG CAA GAG GCA GAT TTT GAC CAA AAC GGG TTT TAT AAT AGA ATA TCA GTC CAA CAA AGT GAG AAA AAA ACT TTA TTG AGA TTA GAA CAT TGG TTA TGG GAA TGG GTG CCG ATA AAA AGT CAT CGT AGA ATT ATT GAA GGG GAG TGG CAA ATT CAC TTG CAG GAG AGA CAA ATA GAT GAA AGA AGT ATC GAA ATT GCA CCA AGA TTG GAA GAT TTG AGA GGT CGA AGA AGA GAC TTA TTA TCA GCA GAC ACA GAA CGT GCA CGT AGA GTT GTC AGT GAT TAT GAC GTT ATA GGT GTT CAA CAA AAA GAG ATA AAA GAA CGT ACA AGA GAG GAT TCT GCA AAT TTA ATG TGT AAG GAA ATC ATT GTG CGT TTC AGA AGA CGA CAA GAT GGG TAT CAA TTG TTT AAT TAT GGA CAA CCA ATA TTC GAA CAG CCT TGG CAA TAT ATG TTG CCC ACC CAT TTT CAA AGT GGT TTT AAT CAA ACT CAA GCA ATT GGT GAT GTA GGT CAT ATT ATC CAA CCC ATC CCA TAT GAG CCA CAT CCA ATC CAC TGT CCC GGA TAT TAT GCT GCT GTT CAT GCA AAA TTT AGA GAT CCT AGT AAC GGG CGA GTT GCT ATA CAA GTT CTT AAT ATC GCT GAT CGT GTA GAA TGT GAT GCT GTG TGT GAC TAT TTG AAA CAG GAA TTT ATT GCA CAA TTA GTT GTT ATC GCT GCT CGT AGT CGT GCT GAT AGA ATA AGA TTA AAA GGT GTG TTA CAA CAA GAC TAT TGT AAT TTA TTC CAA TTG AAA CAA ATG AAT TTA TCA AGA TAC GAA GAT AAT TCA TAC CCT GAC ACA ATA GCA GGT ATT GAA TAC CGT TAT AAT ATT CAT TTG TTA CAC CAA TTA AAA GAT GAC TGT GGG TAT TAC GGG GGT TTC CGT TAT ATT TAT GTG TCT CAT AGA GCA TCA GAA GGT CAC AAT ATG GAT TTG TAT ACT GAC AAT GAG GAT AAA ATT GCA CCT GTT ATT AAA CGT CAA AAG CGT AAA AAT TTA AAG TTT GCC AAA ATG GAA 



Printing out site pattern counts


         9        699  P

Scer                            AAA AAA AAA AAA AAA AAA AAA AAA AAA AAC AAC AAC AAC AAG AAG AAG AAG AAG AAG AAT AAT AAT AAT AAT AAT AAT ACA ACA ACA ACC ACG ACT ACT ACT AGA AGA AGA AGA AGA AGA AGA AGC AGG AGG AGT AGT ATA ATA ATC ATC ATC ATC ATG ATG ATG ATG ATG ATG ATG ATG ATG ATG ATT ATT ATT ATT ATT CAA CAA CAA CAA CAA CAA CAA CAA CAA CAA CAA CAC CAC CAC CAG CAG CAG CAT CAT CAT CCA CCA CCA CCA CCA CCC CCC CCT CCT CCT CCT CCT CCT CCT CGC CGG CGT CGT CGT CGT CGT CTA CTG CTG CTG CTG CTG CTT GAA GAA GAA GAA GAA GAA GAA GAA GAA GAA GAA GAA GAC GAC GAC GAC GAC GAC GAG GAG GAG GAG GAG GAG GAG GAT GAT GAT GAT GAT GAT GAT GAT GCA GCA GCA GCA GCA GCC GCG GCT GGA GGA GGC GGC GGG GGT GGT GGT GGT GGT GGT GGT GGT GGT GGT GGT GTA GTA GTA GTA GTC GTC GTC GTG GTG GTG GTG GTT GTT GTT GTT GTT TAC TAC TAT TAT TAT TAT TAT TAT TCA TCA TCC TCC TCG TCG TCT TCT TCT TCT TCT TGG TGT TGT TGT TTA TTA TTA TTA TTA TTA TTA TTA TTA TTC TTC TTC TTG TTG TTG TTG TTG TTT TTT TTT TTT TTT 
Sbay                            ... ... ... ... ... ... ..G ..G .GG ... ... .GT G.. ..A ..A ..A ... ... .GA ..C ..C ..C ... ... ... G.G ... ..C ..T ... ..A .A. ... ... ... ... ... ... ... ... ..G ... ..A ..A ..C ... ... G.. ... ... ... ..T ... ... ... ... ... ... ... ... ... ... .CA ..C ..C ... ... ... ... ... ... ... ... ... ... ... ... ..G ... ... ... ..A ..A ..A ..C ..C ... ..C ..C ..G ..T ..T ..A ... ..A ..C ..C ... ... ... ... ... ..T ... ... ... ... T.C ... ..A ... ... ... T.. T.A ... ... ... ... ... ... ... ... ... ... ..G ..G ... ... ... ... ..T ..T ..A ..A ..A ..A ..A ..A ... A.C ... ... ... ... ... ... ... ... ... ... ... ..C ... ..T ... ... ..C ..T ..T ..T ... ... ... ... ... ... ... ... ... ... ... ..C ..C ..C ..G ... ... ... ..A ... ... ... ..C ..C ..G ... ... ... ..T ..C ..C ... ... ... ... ..C ..G ..A ..A ..A ..A ..A ..C ..C ..C ... ... ... ... ... C.. C.. C.. C.T ... ... ..G ..G ..G ... ..T ..T G.. ..A ..A ..A ... ..C ..C ... ... ... 
Smik                            ... ... ... ..G CGT G.. ... ... ... ..T ..T C.A G.. CGT GTC TTT ..A .GA .G. ... .G. G.. ... ... TCC ... ... .AT ..T ..T .TT ..C ..C C.. ... ... ... ... ... ..G ..G ... ..A C.T ... ..C ... G.G ... ..T T.T ... .CA ... ... ... C.A GCA G.. G.T T.C T.. ..A ... ... ... CAA ACT ... ... ... ... ... ... ..T G.. G.C ... ATT ..T ..T AT. ..A ... ... G.C ... ... ..T ... ... ... ..T ..T ..A ..A ... AA. ... ... ... ... ..C A.A ... ... ... ..C T.G ... ... ... T.. T.A ... C.. ... ... ... ... ... ... ..G ..G TT. ... ... ... ... ..T ..T ..T ..T A.A ..A ..A ... ... ... ... A.C AGA ..A ..C ..C ... ... .CA ... ... ... .TG ... ... ..A ... ... ..G ... ..T ..C ATC .A. .C. ..C ..C ..C ... ... ... ... ... A.G CGT .C. ... A.T ... ..G ... ... ... ..T ... ... ... ACA ... ... C.A ..C ... C.. C.. ..C .C. ..C ..C CGT .GT A.T ... ..C A.A ..C ... A.A ... AT. ... ... C.. C.G ... C.. C.T ... ... ..G ..G ... ..T ..T ... ..A ..C ... A.T .GG ..C ..C ... ... 
Spar                            ... ... ... ... CGT G.. ... ... ..G ..T ..T C.A G.. CGT GT. TTT ... ... .GA ..C ... G.. ... ... TCC ... ... .AT ..C ..T .TT ... ... C.. ... ... ... ... ... ..G ... ... ..A C.T ... ... ... G.G ... ..T T.T ..T .C. ... ... ... C.A GCA G.T G.C T.T T.. G.. ... ... ... CAA ACT ... ... ... ... ... ... ..T G.. G.T ... AT. ... ... AT. ..A ..A ... G.C ... ... ..T ... ... ... ... ..A ..A ..C ... AA. ... ... ... ... ..T A.A ... ... TC. ..C ... ... ... ... T.A ... ... C.. ... ... ... ... ... ..G ... ... CT. ... ... ... ... ... ..T ..T ..T A.A ..A ..A ... ... ... ... ... AGA ..A ..C ... ... ... .CA ... ... ... .TG ... ... ..T ..A ... ..T ... ... ..A ATC .AC .C. ..C ..G ... ... ... ... ... ... A.G CGT .C. ... A.T ... ..G ... ... ... ..T ... ... ... ACA ... ... C.A ... ... C.. C.. ..C .C. ..G ..T CGT .GT A.. ... ..G A.A ..G ... A.A ... AT. ... ... C.. ..G ... C.. C.T ... ... ... ..G ... ... ..T ... ..A ..C ... A.T .GG ... ..C ..C ... 
Ncas                            ... ..G ..G .GT ... ... ..G GCG CG. ... ..T ... G.T ..A ... ... ..A ..A ... ..C ... ... ..C ... ... ..A ..T T.T ..T ..T ..T ..G ... ..A ... ... ... ... C.T ... GCC ..T ..A ..A TCA ... ... G.G T.A ..T ... ..T CCA ... ... ... ... ... ... ... .GC ... TC. ..A ..C ..C ..C ... ... ... ... ... ..G ..G ... ..G A.. ... ... ..T ..T ..A ..A ..A ... ..C ... ..T ..G GG. ... ... ..A ... ..A T.G ..C ... ..A ..G ... A.G ..T ... A.A A.A GA. A.A A.T ..A T.. T.. T.A T.A ... ..G ... ... ... ... ..T ... ... ... ... ... ... ..T ..T ... ..T ... ..T ..A ..A ..A ..A ..A ... ..A A.C ... ... ... ... ... ... ..C ... ... T.. ..G ... ..T ..A ..A ..T CA. CAG ..T ..C ... ... ... T.. ..A ... ..A ..G ... ... ... ..T ..T ..T ..T ..T A.. ..T ... A.T ..A ..C ..C ... ... ..C .CA ..T ..T ... .T. ... ... ..C ... AAT G.T ..T ..T G.C ..C ... ..A ..A ... ..A ... ..C ... .TA ..G ..G C.G C.. ..G ..G C.. ... ... ... ..T ..T C.A C.T ... ..A C.A ... ..A ..C ... ... 
Cgla                            ... ... ..G G.C ..G ... ... ... TTG ..T ..T ..T G.. C.A ..A ..A ..A G.. ..A ... ... ... ..C ... ... C.. ... T.C C.T ..T ..T ... ..C ... .A. ... ... ... ... ... CAC ..T ..A ..A GAC TCG ... ... T.G ..T T.G ..T ... ... ... C.. ... ... ... T.. ..T ... .AA G.. ..A G.. ... ... ... ... ..G G.. ... ... ..G ... G.. ... ATT ... ..T ..A ..A ... ..C ... ... ... ..T ..G ... ..G ..G ..T ..A AAA ... ... ..C ..A ..A ..G ..T ... A.A A.G GAA A.A ..T ..T ..T T.A ..A A.. ..G ..G ... ... ..T TT. CGC ... ... ... ... ... ... ..A ..T ..A ..T ..T ..T ..A ..A ..A ..A .GC ..A ... A.. ... ... ... A.C ... ... ... ... ... ..G ..T ..T ..G ..A ..A ..T .A. AAT ... ..T ... ... ... ... ... ... ... ... ..A ... ... ..T ... ..T ..G ... A.A ..G ..A ..C ..A ..T ... ..A TG. AC. TC. ..T ..T ... ... ..C ... ..C ... CA. ... ..T ..T GAC AGT ... ..A G.. ... ... ... ... ... AAG C.G ..G A.G C.G ... A.G ..G A.T ... CAT ..T ..T A.A C.C ... C.C ... ... ..A ..C ..C ... 
Agos                            ..G ..C ..G .CG ... ... ..G GCG CGC ..T ... ..T G.. C.. ..A ... ..A C.A ... ..C G.G ..C ..C ... ... ..G CAG ..G ... ..A ..T GAG ..G ..A C.G C.C C.G C.T C.G C.C CAG G.A ..A ..A GCG ..C C.. G.C ..G ..A ..T ..T TGC ... ... ... ... ... ... ... .CT ... GA. G.G ..C ..C ..C ... ..G ..G ..G ..T ..G ..G ... ..G ..G ... ... ... ... ... ... ... ... ... ... ..T ..G G.G ... ..T ..G ..A ..A AAG ..G ..C ..C ..G ... ... ..C ..C ACG ..G GAC ..C T.C A.T T.. ... T.A ... ..G ... ... ..G ..G C.C .CC ... ... .C. ..G ..C ..G ..T ... ..T ... ..T ..T ... ..A ... ... ..C ..A ..A .GC ... ... ... ... ..C ... ... ..C ..T ..C ... T.C C.A ... ..G ..G TC. .TT ... ..C ..C ... ... .CA ..C ... ..A ..C ..A ..G ... ..T ..C ..T ..G ..T A.G ..T ... ... ... ... C.G ... TGC ... .CC ... ..T ..C .T. ... ... ..C ... GA. ..T ..T ... GGT G.C AGC ... ..G ... ..G ... ... ... .TG C.G ..G C.G C.G C.. G.T C.. C.G C.G A.G .C. ..T G.C C.. ... C.. C.A ..C .A. ... ..C ..C 
Klac                            ..G .GG ..G .CT CGT G.. C.G G.. CGC ..T ..T C.A G.T CGC GTC TTC ..A GCT .GA ... G.C G.. TTA ... TC. ..A ... .AT ..G ... .TT G.G TG. C.C C.. ... ... ... C.T ..G CAT ..T ..A C.T ... ... G.C G.T T.. T.A T.T ..T ... ... C.C ... C.A GCA G.A G.C T.C C.. .AA G.A ..C ..G CAG ACG ... ..G ... ... ... ..G ..T G.. G.C ... ATT ..T ..T AT. ... ..A ..C G.C ... ..T ..T T.. ..G ... ..T ..T ... AAA ..C AA. ..A ... ... A.A ..T A.A A.A AAG GA. A.A T.C T.. ..A T.A T.A T.A T.G C.. ... ... ..G ..T A.T ... ... ..T TTG ..G ..G ..T ..T ... ... ... ..T A.A ..A ..A ..A ..A ... ... A.. AGA ..A ... ... ... ... .C. ... .GC T.T .TT ... C.G ..T ..A ..T .AT ..G ..A ..C AT. .AC .CC .A. ... ... ..C ... ... ... ... A.G CGT .CT ..C A.. A.G ..G ..C A.T ..T ..C C.G ... ..A ACC ... ... C.A ... .T. C.C C.C ..C .C. G.C ... CGT .G. ATT .GT ..G A.. G.G ... A.A ... AT. ... .TG C.. ..G C.T C.T C.T A.G ... C.T ..G .AT ..T ... ... ..A ..C C.T A.T .GG G.G ..C ... ..C 
Calb                            ... G.T ..G C.T .G. G.. ... .T. CCC ... ... C.A G.. .GA GTA TTT ..A C.C .GA ... ... G.. C.A ... TCA ..A .AT TTT ..T CAA .TT .TA T.A C.C C.T CAT ... ... C.T .A. CA. ..T C.T ..A TA. CAA ..T G.T T.. ..T T.T ..T .AA ... T.A ... T.. GCA G.C G.C TAC T.. CAA ..A .A. ... CAA AC. ... ..G ... AG. ... ... ..C G.. G.G ... ATT ..T ..T AT. ..A ..A ..C G.. ... ..G ... GA. ... AAT ..T ..A ..A AA. ... AA. ..A ..C ... A.A ..A A.A AA. TA. GA. A.A TAT T.A GGT T.A T.. T.A T.G C.. ... ... ... AGT A.. ... ... ... TTG ... ..T ..A ... ... ... ... ..T A.A ..A ... ... A.A ... ... ..C CG. ..A A.. ... ... ... .CA AGT ..T CA. .TG ... ... ..T ..A AAT CAG ATA ..G ..A ATC .A. .C. .CA ..G ... ..A ... ..G ..G ... A.G AG. TC. ..G A.T A.G ..A ..T ..T A.C ..T T.A ... ... ACC TG. ... C.A ... .T. C.. C.. ... .CA AAG ... AGA .GT A.A CAA CAA A.. ..A ... A.. ... AT. ... AAA ... ... GC. ... ..G .AT C.T ... .AT AGT ..T ..T ..A ... ..C ..A A.C .GG .A. ..C ... ... 

    2    1    1    2    1    2    1    2    1    1    1    7    1    1    1
    1    1    2    1    4    1    3    1    1    1    3    1    1    1    2
    1    1    1    1    3    1    3    1    5    1    1    2    3    2    2
    1    2    1    1    2    3    2    2    1    2    2    3    1    1    1
    2    2    2    2    1    2    1    2    2    2    3    2    2    1    2
    2    1    1    2    1    1    1    1    1    1    2    1    1    1    1
    1    2    1    1    2    1    2    1    1    1    1    3    4    1    1
    1    1    3    1    1    3    2    1    1    1    1    2    1    1    1
    2    1    1    1    1    3    3    1    1    1    3    2    1    3    3
    1    2    1    3    1    2    1    4    1    1    2    1    2    2    4
    2    3    3    1    2    1    1    1    4    1    1    4    2    2    3
    2    1    2    3    1    3    2    1    3    2    2    1    1    1    2
    1    2    3    1    1    2    1    2    2    1    2    1    1    3    2
    1    3    1    1    2    1    1    1    1    2    2    1    4    2    2
    1    1    2    2    2    2    4    1    1    2    2    1    1    2    2
    1    1    1    2    2    2    1    3

CODONML (in paml version 4.9j, February 2020)  temp.nuc
Model: One dN/dS ratio, 
Codon frequency model: Fequal
ns =   9  ls = 394

Codon usage in sequences
--------------------------------------------------------------------------------------------------------------------------------------
Phe TTT  10   8  10  12   9   7 | Ser TCT   7   1   3   5   9   9 | Tyr TAT  10   8   1   3  10  10 | Cys TGT   5   5   5   5   5   6
    TTC   4   6   9   7   4   3 |     TCC   3   8   8   1   1   1 |     TAC   3   5   6   4   2   3 |     TGC   0   3   0   0   2   0
Leu TTA  17  11  11  11  10   9 |     TCA   4   6   0   0   8   2 | *** TAA   0   0   0   0   0   0 | *** TGA   0   0   0   0   0   0
    TTG   7   6  10   9  15  11 |     TCG   2   1   1   7   1   1 |     TAG   0   0   0   0   0   0 | Trp TGG   4   4   6   6   4   4
--------------------------------------------------------------------------------------------------------------------------------------
Leu CTT   1   2   3   3   3   5 | Pro CCT   9   7   9   7   3   6 | His CAT   4   1  10   8   4   9 | Arg CGT   7   8  11  14  10   5
    CTC   0   0   0   0   0   3 |     CCC   2   6   0   2   3   1 |     CAC   4   7   0   2   4   3 |     CGC   3   3  10   6   0   2
    CTA   1   7   6   8   7   1 |     CCA   6   3   8   8   9   6 | Gln CAA  20  22  24  25  18  18 |     CGA   0   0   0   0   1   0
    CTG   8   6   8   7   2   6 |     CCG   0   1   0   0   2   4 |     CAG   3   1   1   0   9   6 |     CGG   4   0   0   0   0   3
--------------------------------------------------------------------------------------------------------------------------------------
Ile ATT   8   5  14  14   6  10 | Thr ACT   3   3   6   6   6   6 | Asn AAT  14   4  13  10  10  25 | Ser AGT   3   8   3   3   5   3
    ATC   8   9   7   7   8   0 |     ACC   2   3   2   1   0   1 |     AAC  10  12   2   4  15   2 |     AGC   2   4   3   2   2   0
    ATA   3   2   4   2   4   7 |     ACA   3   4   6   4   1   1 | Lys AAA  13  12  12  12  13  18 | Arg AGA  15  20  20  20  19  20
Met ATG  17  17   7   7  13  19 |     ACG   1   0   0   3   1   0 |     AAG   7   6   2   4   6   3 |     AGG   5   2   3   1   3   1
--------------------------------------------------------------------------------------------------------------------------------------
Val GTT   7   3  10  12  13  11 | Ala GCT   1   3   3   4   2   8 | Asp GAT  14  15  15  16  20  19 | Gly GGT  25  31  12  13  17  26
    GTC   3  11   2   2   5   2 |     GCC   1   4   1   1   2   0 |     GAC   9   7   8   9   5   6 |     GGC   5   1  11   8   1   2
    GTA   8   3   2   2   2   8 |     GCA  14  11  18  17  14   9 | Glu GAA  18  25  26  27  26  32 |     GGA   2   1   1   2   5   1
    GTG   8  12  11  11   3   3 |     GCG   2   0   0   0   5   3 |     GAG  14  10   9   8   4   4 |     GGG   1   0   1   2   3   0
--------------------------------------------------------------------------------------------------------------------------------------

--------------------------------------------------------------------------------------
Phe TTT   4   6  12 | Ser TCT   5   6   2 | Tyr TAT   8   4  16 | Cys TGT   4   4   6
    TTC   7  12   4 |     TCC   6   0   0 |     TAC   6   4   4 |     TGC   4   2   0
Leu TTA   1  10  16 |     TCA   1   2   8 | *** TAA   0   0   0 | *** TGA   0   0   0
    TTG   7  10  12 |     TCG   3   1   0 |     TAG   0   0   0 | Trp TGG   4   6   6
--------------------------------------------------------------------------------------
Leu CTT   0   8   1 | Pro CCT   4   8   4 | His CAT   6   6  10 | Arg CGT   1  16  12
    CTC   0   2   0 |     CCC   2   3   3 |     CAC   5   5   5 |     CGC  14   2   0
    CTA   6   7   0 |     CCA   5   3   6 | Gln CAA   7  20  32 |     CGA   0   3   4
    CTG  16   3   0 |     CCG   5   2   1 |     CAG  19   6   3 |     CGG  12   0   0
--------------------------------------------------------------------------------------
Ile ATT   6  14  14 | Thr ACT   3   3   3 | Asn AAT  10  13  15 | Ser AGT   0   5   7
    ATC   4   2   7 |     ACC   0   3   1 |     AAC  10   0   2 |     AGC   2   0   0
    ATA   2   0   9 |     ACA   4   2   3 | Lys AAA   5  10  17 | Arg AGA   5  18  22
Met ATG  17  14   6 |     ACG   5   3   0 |     AAG  10   4   4 |     AGG   0   2   0
--------------------------------------------------------------------------------------
Val GTT  15   9  10 | Ala GCT   4   8   8 | Asp GAT  17  19  17 | Gly GGT   8  13   9
    GTC   6  11   2 |     GCC   9   5   1 |     GAC  12  12  10 |     GGC  13   7   0
    GTA   0   5   2 |     GCA   7   7  12 | Glu GAA  15  22  23 |     GGA   5   1   3
    GTG  12   3   5 |     GCG   8   3   0 |     GAG  14  11   8 |     GGG   4   4   7
--------------------------------------------------------------------------------------

Codon position x base (3x4) table for each sequence.

#1: Scer           
position  1:    T:0.19289    C:0.18274    A:0.28934    G:0.33503
position  2:    T:0.27919    C:0.15228    A:0.36294    G:0.20558
position  3:    T:0.32487    C:0.14975    A:0.31472    G:0.21066
Average         T:0.26565    C:0.16159    A:0.32234    G:0.25042

#2: Sbay           
position  1:    T:0.18274    C:0.18782    A:0.28173    G:0.34772
position  2:    T:0.27411    C:0.15482    A:0.34264    G:0.22843
position  3:    T:0.28426    C:0.22589    A:0.32234    G:0.16751
Average         T:0.24704    C:0.18951    A:0.31557    G:0.24788

#3: Smik           
position  1:    T:0.17766    C:0.22843    A:0.26396    G:0.32995
position  2:    T:0.28934    C:0.16497    A:0.32741    G:0.21827
position  3:    T:0.32487    C:0.17513    A:0.35025    G:0.14975
Average         T:0.26396    C:0.18951    A:0.31387    G:0.23266

#4: Spar           
position  1:    T:0.17766    C:0.22843    A:0.25381    G:0.34010
position  2:    T:0.28934    C:0.16751    A:0.33503    G:0.20812
position  3:    T:0.34264    C:0.14213    A:0.35025    G:0.16497
Average         T:0.26988    C:0.17936    A:0.31303    G:0.23773

#5: Ncas           
position  1:    T:0.20305    C:0.19036    A:0.28426    G:0.32234
position  2:    T:0.26396    C:0.17005    A:0.37056    G:0.19543
position  3:    T:0.33503    C:0.13706    A:0.34772    G:0.18020
Average         T:0.26734    C:0.16582    A:0.33418    G:0.23266

#6: Cgla           
position  1:    T:0.16751    C:0.19797    A:0.29442    G:0.34010
position  2:    T:0.26650    C:0.14721    A:0.40102    G:0.18528
position  3:    T:0.41878    C:0.07360    A:0.33503    G:0.17259
Average         T:0.28426    C:0.13959    A:0.34349    G:0.23266

#7: Agos           
position  1:    T:0.15228    C:0.25888    A:0.21066    G:0.37817
position  2:    T:0.26142    C:0.18020    A:0.36548    G:0.19289
position  3:    T:0.24112    C:0.25381    A:0.15990    G:0.34518
Average         T:0.21827    C:0.23096    A:0.24535    G:0.30541

#8: Klac           
position  1:    T:0.17005    C:0.23858    A:0.23604    G:0.35533
position  2:    T:0.29442    C:0.14975    A:0.34518    G:0.21066
position  3:    T:0.36041    C:0.17766    A:0.27919    G:0.18274
Average         T:0.27496    C:0.18866    A:0.28680    G:0.24958

#9: Calb           
position  1:    T:0.21827    C:0.20558    A:0.27919    G:0.29695
position  2:    T:0.25381    C:0.13198    A:0.42132    G:0.19289
position  3:    T:0.37056    C:0.09898    A:0.39848    G:0.13198
Average         T:0.28088    C:0.14552    A:0.36633    G:0.20728

Sums of codon usage counts
------------------------------------------------------------------------------
Phe F TTT      78 | Ser S TCT      47 | Tyr Y TAT      70 | Cys C TGT      45
      TTC      56 |       TCC      28 |       TAC      37 |       TGC      11
Leu L TTA      96 |       TCA      31 | *** * TAA       0 | *** * TGA       0
      TTG      87 |       TCG      17 |       TAG       0 | Trp W TGG      44
------------------------------------------------------------------------------
Leu L CTT      26 | Pro P CCT      57 | His H CAT      58 | Arg R CGT      84
      CTC       5 |       CCC      22 |       CAC      35 |       CGC      40
      CTA      43 |       CCA      54 | Gln Q CAA     186 |       CGA       8
      CTG      56 |       CCG      15 |       CAG      48 |       CGG      19
------------------------------------------------------------------------------
Ile I ATT      91 | Thr T ACT      39 | Asn N AAT     114 | Ser S AGT      37
      ATC      52 |       ACC      13 |       AAC      57 |       AGC      15
      ATA      33 |       ACA      28 | Lys K AAA     112 | Arg R AGA     159
Met M ATG     117 |       ACG      13 |       AAG      46 |       AGG      17
------------------------------------------------------------------------------
Val V GTT      90 | Ala A GCT      41 | Asp D GAT     152 | Gly G GGT     154
      GTC      44 |       GCC      24 |       GAC      78 |       GGC      48
      GTA      32 |       GCA     109 | Glu E GAA     214 |       GGA      21
      GTG      68 |       GCG      21 |       GAG      82 |       GGG      22
------------------------------------------------------------------------------


Codon position x base (3x4) table, overall

position  1:    T:0.18246    C:0.21320    A:0.26593    G:0.33841
position  2:    T:0.27468    C:0.15764    A:0.36351    G:0.20417
position  3:    T:0.33362    C:0.15933    A:0.31754    G:0.18951
Average         T:0.26358    C:0.17672    A:0.31566    G:0.24403

Codon frequencies under model, for use in evolver (TTT TTC TTA TTG ... GGG):
  0.01639344  0.01639344  0.01639344  0.01639344
  0.01639344  0.01639344  0.01639344  0.01639344
  0.01639344  0.01639344  0.00000000  0.00000000
  0.01639344  0.01639344  0.00000000  0.01639344
  0.01639344  0.01639344  0.01639344  0.01639344
  0.01639344  0.01639344  0.01639344  0.01639344
  0.01639344  0.01639344  0.01639344  0.01639344
  0.01639344  0.01639344  0.01639344  0.01639344
  0.01639344  0.01639344  0.01639344  0.01639344
  0.01639344  0.01639344  0.01639344  0.01639344
  0.01639344  0.01639344  0.01639344  0.01639344
  0.01639344  0.01639344  0.01639344  0.01639344
  0.01639344  0.01639344  0.01639344  0.01639344
  0.01639344  0.01639344  0.01639344  0.01639344
  0.01639344  0.01639344  0.01639344  0.01639344
  0.01639344  0.01639344  0.01639344  0.01639344


TREE #  1:  (((((1, 4), (3, 2)), 5), 6), ((7, 8), 9));   MP score: 1500
This is a rooted tree.  Please check!
lnL(ntime: 16  np: 18):  -8803.960151      +0.000000
  10..11   11..12   12..13   13..14   14..1    14..4    13..15   15..3    15..2    12..5    11..6    10..16   16..17   17..7    17..8    16..9  
 0.071235 0.101078 0.484439 0.017722 0.236069 0.955475 0.000004 1.064124 0.469166 0.588401 0.772225 0.049908 0.000004 1.343006 2.041043 2.899267 1.364615 0.131844

Note: Branch length is defined as number of nucleotide substitutions per codon (not per neucleotide site).

tree length = 11.093165

(((((1: 0.236069, 4: 0.955475): 0.017722, (3: 1.064124, 2: 0.469166): 0.000004): 0.484439, 5: 0.588401): 0.101078, 6: 0.772225): 0.071235, ((7: 1.343006, 8: 2.041043): 0.000004, 9: 2.899267): 0.049908);

(((((Scer: 0.236069, Spar: 0.955475): 0.017722, (Smik: 1.064124, Sbay: 0.469166): 0.000004): 0.484439, Ncas: 0.588401): 0.101078, Cgla: 0.772225): 0.071235, ((Agos: 1.343006, Klac: 2.041043): 0.000004, Calb: 2.899267): 0.049908);

Detailed output identifying parameters

kappa (ts/tv) =  1.36461

omega (dN/dS) =  0.13184

dN & dS for each branch

 branch          t       N       S   dN/dS      dN      dS  N*dN  S*dS

  10..11     0.071   868.7   313.3  0.1318  0.0086  0.0656   7.5  20.6
  11..12     0.101   868.7   313.3  0.1318  0.0123  0.0931  10.7  29.2
  12..13     0.484   868.7   313.3  0.1318  0.0588  0.4462  51.1 139.8
  13..14     0.018   868.7   313.3  0.1318  0.0022  0.0163   1.9   5.1
  14..1      0.236   868.7   313.3  0.1318  0.0287  0.2174  24.9  68.1
  14..4      0.955   868.7   313.3  0.1318  0.1160  0.8800 100.8 275.7
  13..15     0.000   868.7   313.3  0.1318  0.0000  0.0000   0.0   0.0
  15..3      1.064   868.7   313.3  0.1318  0.1292  0.9800 112.3 307.0
  15..2      0.469   868.7   313.3  0.1318  0.0570  0.4321  49.5 135.4
  12..5      0.588   868.7   313.3  0.1318  0.0714  0.5419  62.1 169.8
  11..6      0.772   868.7   313.3  0.1318  0.0938  0.7112  81.5 222.8
  10..16     0.050   868.7   313.3  0.1318  0.0061  0.0460   5.3  14.4
  16..17     0.000   868.7   313.3  0.1318  0.0000  0.0000   0.0   0.0
  17..7      1.343   868.7   313.3  0.1318  0.1631  1.2369 141.7 387.5
  17..8      2.041   868.7   313.3  0.1318  0.2478  1.8798 215.3 588.9
  16..9      2.899   868.7   313.3  0.1318  0.3520  2.6702 305.8 836.5

tree length for dN:       1.3470
tree length for dS:      10.2167


Time used:  0:09
