      9   1179

Scer                            AAT GAT ATG AAA AAT TCC TTG AAG ATA TTC AGA GCT TTT AGG GTG AAG GAA TTC CAT ATG TTA AGT AAT GCG TTG TTC AAA ATT AAA TTA GTA TTT AAG TGC TTA GAT TGG GGA AAG ACA AGA TGC ACG AAC CCA TTG CCT AGG ACA GCT TCT GAT TTG TTC GAT TTG TGT CAA TTC TTG TTA GAA TTT TAT GAA TTG GTT GCA AAA ACT GAA AAG AAA GAA TTT CTG GCA AGG AAT CAA GAT GGT CCA TTA TTG GGT GAG GAA GTA AAT CTA ATT AGA TTG TTC CAA TTC GCT GAT GCC TTA GAT TCT ATG AAC AAA TTG CAA TCT TTA CCG ATT GAG GAG GAA CCA CCG CAA GGT TTA GAA GTG TTC TCC CAC GCT TTC TTA GAT CAA CCA GAT TTG TTG AAA TGT GAG TTT AGG TTA GAT GGT TAT AGA TTG TCC ATT TAT TTG TAC ACC GCT GAT AAA TTG AGA TCT GTA GTT AAT CAA AAA GTT GTC CCG GTT TGT AAT GAT GAA GTA GTG CAG AAC CAA CTA GAA GAG GAA ACA GAA CTT TTC ATG ATC TAT AGG GCT AGG AGG CAG ACT TTT TAT AAT GAT AAG TCC CCC GAG GAT ACT GAA CAG ATA ATT GTT GGC AAT GAT TTC GGA GAC AGA ATG TTT AGG CAA GAT TAT GAA AGA TTC GAG GAT GAA AAT AAG AAT AAA AGT GAA ACT GGC GAT CAA AAC AGA TTC GCA CCT TTA GAT GCT CAT GTC CAG TTA TAC TTT ACC GAG ATG AAT TTT GTC TTA AAA GAG TTG GTG ATA CTA AAG AAT TTC AAG CTA GAC GGT TTA GAA GAT AGG CAA ATT TTC AAG TGG AGA GTA GAT ATA GCT AAT CCT GAA GTC ACT CTG TCT TTA AAC CCG GCC TGT AAA AAG GAG GAA GCA GCT ATT TCT GAA GTC TCC GTT AAT AAG GTT GAT TTC CTA AGT GAT AAC GAA ATG TGG AGA TTA AAT TGG CAT ATT GGT CCG AAT AGG CCT GAG AAC TTG GAA ATT TTG ACC TCT GTT AGG TCG GAT TTC GAT GAA TTT TTA AAC TAC GTC GAA ATC GAA GAA GTG GCT CTA AGA GTG CTG TTG GAT AAC AGA CAA GCC GCT GAA GAT CAT TTG ACT AAT ACT GTG GTT TTC GAC GGT ACC ACA TAT GAA CAG AAT TTG TCC AGA ATT GAA TTA AGA 
Sbay                            AAT GAT ATG AAA AAT ACC TTA AAG ATA TTC AGA GCT TTT AGA GTG CGT GAA TTC CAT ACG TTA AGT ACT GCG TTG TTC AAA ATT AAA TTG GTG TTT AAA TGC CTA GAT TGG GGG AAG ACC AGA TGC ACC AAC CCA TTA CCT AGA ACA GCT TCC GAT TTA TTT GAC TTA TGT CAG TTC TTA TTG GAA TTT TAC GAA CTA GTT GCA AAA ACC GAA AAG AAG GAA TTT CTG GCA AGA AAC CAG GAT GGT CCA TTG TTG GGT GAG GAA GTA AAT TTG ATA AGA CTA TTC CAA TTC GCT GAT GCC TTG GAT TCT ATG AAC AAG TTG CAG TCT TTG CCA ATC GAA GAG GAA CCA CCA CAA GGT TTG GAA GTG TTT TCC CAC GCT TTC TTG GAT CAG CCA GAT TTA TTA AAG TGC GAG TTT AGA TTG GAT GGT TAC AGA CTA TCG ATT TAC TTA TAC ACC GCA GAT AAA TTA AGA TCC GTA GTT AAC CAG AAA GTT ATA CCA GTT TGT AAC GAT GAA GTG GTC CAG AAT CAG TTG GAA GAG GAG ACG GAA CTG TTC ACG ATC TAT AGG GCA AGA AGA CAG ACC TTC TAC AAT GAT AAG ACC CCA GAG GAC ACC GAA CAA ATA ATT GTT GGT AAT GAT TTT GGG GAC AGA ATG TTT AGA CAA GAT TAC GAG AGA TTC GAA GAT GAA AAC AAG AAT AAG AGT GAA ACC GGC GAC CAG AAC AGA TTC GCA CCT TTG GAT GCT CAT GTC CAG TTA TAC TTC ACC GAG ATG AAT TTC GTC TTA AAA GAG TTG GTC ATA CTA AAG AAC TTT AAA CTA GAC GGT CTA GAA GAC AGA CAA ATA TTT AAG TGG AGA GTA GAC ATA GCT AAC CCC GAA ATT ACC TTG TCT TTG AAC CCA GCC TGC AAA AAG GAA GAA GCA GCT ATT TCT GAG ATA TCG GTT AAT AAA GTT GAT TTT CTG AGT GAT AAC GAA ATG TGG AGA TTA AAC TGG CAC ATC GGT CCA AAT AGA CCT GAG AAC TTG GAA ATC TTG ACA TCT GTG AGG TCC GAT TTC GAT GAA TTC TTG AAT TAC GTC GAA ATC GAA GAA GTG GCT TTG AGA GTG ATG TTG GAT AAC AGA CAA GCT GCT GAA GAC CAT TTG ACC AAT ACT GTG GTT TTT GAC GGT ACA ACC TAT GAG CAG AAT CTA TCC AGA ATC GAA TTA AGA 
Smik                            AAT GAT ATG AAA AAT TCC TTA AAG ATA TTT AGA GCT TTT AGG GTG AGA GAA TTC CAT ATG TTG AGT AAT GCA CTG TTC AAA ATT AAA CTA GTA TTT AAA TGC CTA GAT TGG GGA AAG ACA AGA TGC ACA AAC CCC TTA CCT AGG ACA GCT TCC GAT TTG TTC GAC TTG TGT CAA TTC TTG TTA GAG TTC TAT GAA TTA GTT GCC AAA ACT GAA AAA AAA GAG TTT CTG GCG AGA AAT CAA GAT GGT CCA TTG TTG GGT GAG GAG GTT AAT TTG ATA AGA TTG TTT CAG TTC GCT GAT GCC TTA GAT TCC ATG AAC AAA TTA CAA TCG CTG CCA ATT ATT GAG GAA CCA CCA CAA GGT TTA AAA GTA TTT TCC CAC GCT TTT TTG AAT CAA CCA AAT TTG TTG AAG TGT GAA TTT AGG TTG GAT GGT TAT AGA TTG TCG GTC TAT TTA TAT ACC GCC GAT AAA TTG AGA TCT GTT GTT AAT CAG AAA GTT ATT CCA GTC TGT AAC GAT GAA GTA GTC CAG AAT CAA TTA GAA GAA GAA ACT GAA CTT TTT ATG ATT TAT AGG GCC AGG AGA CAG ACT TTC TAT AAT GAC AAG TCC CCT GAG GAT ACT GAA CAA ATA ATT GTT GGT AAC GAC TTC GGA GAT AGA ATG TTT AGA CAA GAT TAT GAA AGA TTC GAA GAT GAA AAC AAG AAT AAG AGT GAA ACA GGC GAT CAA AAC AGA TTT GCC CCG TTA AAT GCT CAT GTC CAG TTA TAT TTC ACC GAG ATG AAC TTC GTC TTA AAA GAG TTA GTC ATA CTA AAG AAC TTT AAA CTA GAT GGT TTA GAG GAT AGG CAG ATA TTC AAG TGG AGA GTA GAT ATA GCT AAT CCC GAA GTC ACT TTA TCC CTG AAC CCC GCC TGT AAA AAG GAA GAA GCC GCT ATT TCA GAA ATT TCC GTT AAT AAA GTT GAC TTC TTG AGT GAT AAC GAG ATG TGG AGA TTG AAT TGG CAC ATT GGT CCC AAC AGG CCG GAG AAC TTA GAA ATT CTA ACT TCA GTT AGG TCC GAT TTT GAT GAA TTT CTG AAT TAC GTC GAA ATC GAA GAA GTG GCA TTG AGA GTA TTA TTA GAT AAC AGA CAA GCC GCA GAA GAC CAT CTG ACA AAC ACT GTG GTT TTT GAT GGT ACT ACA TAT GAA CAG AAC TTA TCC AGA ATT GAA TTA AGA 
Spar                            AAT GAT ATG AAA AAT TCC TTA AAG ATA TTC AGA GCT TTT AGG GTG AGA GAA TTC CAC ATG CTG AGT AAT GCA TTG TTC AAA ATT AAA CTA GTA TTT AAA TGC TTA GAT TGG GGA AAG ACA AGA TGC ACC AAC CCA TTA CCT AGG ACA GCT TCC GAT TTA TTC GAT TTG TGT CAG TTT TTA TTA GAA TTC TAT GAA CTG GTT GCT AAA ACT GAA AAA AAG GAA TTT CTG GCA AGG AAT CAA GAT GGC CCA TTG TTG GGT GAA GAA GTA AAT TTG ATT AGA CTG TTT CAA TTC GCT GAT GCC TTA GAT TCC ATG AAC AAG TTG CAA TCT TTG CCG ATT GAG GAG GAA CCA CCG CAA GGT TTA GAA GTG TTT TCC CAC GCT TTT TTA GAT CAG CCA GAT TTG TTG AAA TGT GAG TTT AGG TTG GAT GGT TAT AGA CTG TCG ATT TAT TTG TAC ACC GCA GAT AAA TTA AGA TCT GTA GTT AAT CAA AAA GTT ATT CCG GTT TGT AAT GAT GAA GTA GTG CAG AAC CAG CTA GAA GAG GAA ACA GAA CTT TTT ATG ATC TAT AGG GCA AGG AGG CAG ACT TTC TAC AAT GAC AAG TCC CCT GAA GAT ACT GAA CAA ATA ATT GTT GGC AAT GAC TTC GGA GAC AGA ATG TTT AGA CAA GAT TAT GAA AGA TTC GAA GAT GAA AAC AAG AAT AAA AGT GAA ACC GGC GAT CAA AAT AGA TTT GCA CCT TTA GAT GCT CAT GTC CAA TTA TAC TTT ACC GAG ATG AAT TTC GTC TTA AAA GAG TTG GTG ATA CTT AAG AAC TTT AAA CTA GAC GGT TTA GAA GAC AGG CAA ATT TTC AAG TGG AGA GTT GAT ATA GCT AAT CCT GAA GTC ACT TTA TCC TTG AAC CCG GCC TGT AAA AAG GAA GAA GCA GCT ATC TCT GAA ATT TCT GTT AAT AAA GTT GAC TTC CTG AGT GAT AAT GAA ATG TGG AGA CTG AAT TGG CAC ATT GGT CCG AAT AGG CCT GAG AAC TTG GAA ATC TTG ACC TCT GTT AGG TCC GAT TTT GAT GAA TTT TTG AAC TAC GTC GAA ATC GAA GAA GTG GCT TTG AGA GTG TTG TTG GAT AAC AGA CAA GCC GCT GAA GAT CAT TTG ACC AAT ACT GTG GTT TTT GAC GGT ACC ACA TAT GAA CAA AAT CTG TCC AGA ATT GAA TTA AGA 
Ncas                            AAT GAT ATG AAC AAC ACT TTG AAA ATA TTC AGA GCT TTC AGA TTA AAG GAA TTT CAT GAG TTG AGC ACC GCT CTA TTC AAC ATC AAG GTG GTT TTT AAA TGT TTA GAT TGG GGA AAG ACC AGA TGT ACT AAT CCA TTG CCA AGA ACT GCT TCT GAT CTT TTT GAT ATC TGC AAG TTT CTT TTA GAA TTC TAC GAA TTG GTT GCA AAC ACA GAA AAA AAG GAG TTT CTA GCC AGA AAT CAA GAT GAA CCA TTA TTG GGG GAA GAG GTC AGT TTG ATT ACG CTT TTT CAA TTT GCT GAC GCT TTA GAT ACT ATG AAC AAG TTA CAA ACT CTA CCT ATA GTT GAA GAA CCA CCT CAA GGT TTA GAA GTG TTC TCC AAC GCT TTT ATT GAT AAG CCA GAT TTA TTA AAA TTA GAA TTT AGA TTA GAT GGT TAT AGA CTT TCT GTT TAC TTA TAC ACA GCA GAT AAG CTT AGA TCC GTC GTT AAT CAG AAA GTC GTC CCT GTT TGC AAT GAC GAA GTT GTG CAA AAT AAG TTG GAA GAA GAA ACA GAA CTA TTT GAG ATA TAT CGA GCA AGA AGA CAA ACT TTC TAC GTA GAC AAG ACT CCC GAA GAA ACA GAG CAA ATA ATT GTT GGT AAC GAC TTT GGA GAT AGA ATG TTC AGA CAA GAT TAC AAT AGA TTT GAA GAT GAG AAC AAG AAT AAA AGC GAA ACT GGA GAC CAA AAT AGA TTT GCT CCT TTA GAT GCT CAT ATT CAG TTG TAC TTC ACC GAA ATG AAT TTT GTC TTA AAA GAA TTA GTG ATT CTA AAG AAC TTC AAA TTA GAT GGT TTG GAG GAT AGA CAA ATT TTT AAG TGG AGA GTG GAC GTT GCT ACT CCA GAA GTT ACT CTT ACT CTA AAT CCA GCT TTA AAA AAG GAA GAA GCT GCT ATC TCC AAT GTC TCA GTT AAT AAA GTT GAC TTT TTG AGC GAT AAT GAG ATG TGG AGA TTG AAT TGG CAC ATA GGT CCA AAT AGA CCT GAA AAC TTA GAA ATC TTG GTG TCC GTT AGA TAC GAT TTT GAT GAA TTT CTA AAT TAT GTC GAA ATC GAA GAA GTC GGG TTG AGA GTG CTC CTA GAT AAT AGA CAA GCT GGG GAA GAT CAT CTA ACT AAT ACA GTT GTT TTC GAT GGT GTG ACC TAT GAG CAG AAT TTG TCC AGA ATA GAA TTA AGA 
Cgla                            AAC GAC ATG AAA AAC AGT TTG AAA ATT TTC AGA GCT TTC AGA CTA AGA GAA TTC TAT GTA TTA AGC ACT GCA TTA ATT AAA ATA AAA CTG GTG TTC AAA TGT CTT GAC TGG GGT AAG ACG AGA TGT ACT AAC CCA TTG CCT AGA ACA GCT TCG GAT CTT TTT GAT CTG TGT CAG TTC CTT TTG GAG TTC TAT GAA TTA GTT GCT AAA ACC GAA AAG AAG GAA TTC CTT GCC AGA AAC CAA GAC CAA CCA TTG TTG GGT GAA GAG GTT AGT TTG ATC ACT TTG TTT CAA TTT GCC GAT GCT TTA GAT GGC ATG AAC AAG CTA CAG CAA CTT CCA GTA GTT GAG GAG CCA CCA GAA GGT TTG GAA GTA TTC TCG CAT GCC TTT ATT AAC CAG CCA AAC TTA TTA AAT CAT GAA TTC AGA TTG GAT GGT TAC AGA TTG TCC GTT TAT TTG TAC ACA GCC GAT AAA CTT AGA TCT GTT GTG AAT CAA AAG GTG ATC CCA GTT TGT AAC GAT GAA GTG GTG CAG AGT CAG TTG GAA GAA GAT ACC GAA TTA TTC GTA ATA TAT CGA GCC CGT AGA CAG GCC TTT TAC TCT GAT AAG AGT CCA GAA GAA ACC GAA CAG ATT ATC GTT GGC AAT GAT TTT GGT GAC AGA ATG TTC AGA CAG GAT TAT GAA AGA TTT TAT GAC GAA AAC AAA AAT AAG AGC GAA ACA GGT GAC CAA AAT AGA TTC GCT AGA TTG AAC GCT CAT ATT CAA CTA TAC TTT AGC GAA ATG AAC TTC GTT TTG AAG GAG CTA GTG ATT TTG AAA AAC TTC AAA TTG GAC GGT CTA GAG GAT AGA CAA ATC TTT AAA TGG AGA GTT GAC CTA GCT AAC CCA GAA GTT GCC CTT GGC CTT AAC CCA GCT CAT AAA AAA TAT GAA GCT GCT ATT TCT GAA ATC TCT GTT AAT AAA GTT GAT TTC TTG AGC GAC AAT AAG ATG TGG AGA TTA AAT TGG AAT GTA GGT CCA AAC AGA AGA GAA AAC CTA GAA ATC TTG AAC TCT GTT AGA TAC GAC TTC GAC GAG TTC CTT AGT TAT GTT GAA ATA GAG GAA GTT GCT TTG AGA GTA TTG CTT GAT AAC AGA CAG GCT GCT GAA GAT CAT TTA ACA AAC ACT GTT GTG TTC GAC GGT AAC ACG TAT GAG CAA AAC TTA TCG AGA GTA GAA TTG AGA 
Agos                            AAC GAC ATG ACT AAC TCG CTC AAA ATA TTC AGA GCA TTT CGA AAC AGA GAA TTC CAT TCA CTT TCT ACC GCT CTA ATT ACT ATC AAA TTG GTG TTT AAA TGT CTA GAT TGG GGA AAG ACC AGA TGT ACG AAT CCA CTC CCA CGA ACT GCC TCT GAC TTG TTT GAT CTG TGT AAG TTT TTG CTA GAG TTC TAC GAG CTA GTT GCA ACT ACC GAA AAG AAG GAG TTT CTC GCT AGA AAC CAA GAT GGT CCA CTA TTG GGA GAG GAG GTT CAA CTA ATC ACG TTT TTT CAG TTT GCC GAC GCC CTG GAC TCT ATG AAT AAG TTG CAG TCA CTA CCT ATA GTG GAG GAA CCA CCT CAG GGC CTA GAA GTC TTC TCG CGC GCC TTT ATA GAT AAG CCA GAT TTG TTG AAG CTA GAG TTT CGA CTA GAT GGT TAT AGA TTT TCG GTA TAC TTG TAC ACG GCG GAC AAA TTG CGG TCG GTT GTG AAC CAA CGG GTT ATT CCT GTC TGT AAT GAC GAG GTG GTA CAA AAT AAG CTA GAG GAG GAA ACT GAG CTA TTC TCA ATC TAC CGA GCG CGC AGA CAA GCC TTT TAC AAG GAC AAG TCG CCT GAG GAC ACC GAG CAG ATA ATT GTT GGA AGC GAC TTT GGA GAC CGC ATG TTT CGG CAG GAC TAC CAT AGA TTT CAT GAT GAG AAT AGG AAC AAG TCT GAG ACA GGT GAC CAA AAC CGC TTC ACA GCC CTA GAT GCC CAC GTT CAG TTG TAC TTT ACC GAA ATG AAC TTC GTG CTA CGG GAA TTG GTA ATA CTC AGG AAT TTC AAA CTG GAC GGG CTA GAG GAT CGA CAG ATC TTT AGG TGG AGG GTC GAC GTG GCT AGC CCG GAA GTA GCC TTA TCT CTA AAC CCT GCC CTA AAG AGG CAT GAG ACA GCT ATC TCG CAT ATT TCG GTT AAC AAA GTT GAC TAC TTG TCT GAC AAC GAG ATG TGG AGA CTT AAC TGG CAC ATA GGT CCT AAC CGA GCC GAA AAT TTG GAG ATC TTG ACC TCG GTG AGG TAC GAT TTC GAC GAA TTT CTA AAT TAT GTG GAG ATC GAA GAG GTC GCA CTA CGG GTC TTG TTG GAC AAC AGA CAG GCA GCA GAA GAT CAC CTA ACA AAC ACG GTC GTG TTC GAC GGC ACC ACC TAC GAG CAG AAC CTA TCG CGC ATA GAG CTA AGG 
Klac                            AAC GAT ATG AAA AAT TCC TTA AAA ATA TTC AGA GCT TTC AGA ATT AGA GAA TTT CAT CAT CTT TCA ACT GCA TTG ATC AAA ATA AAA CTC GTA TTC AAA TGT TTA GAT TGG GGA AAG ACC AGA TGT ACC AAC CCA TTA CCT AGA ACT GCA TCT GAT CTA TTT GAT CTT TGT AAG TTT CTA TTG GAG TTC TTC GAA TTG GTT GCC AAA ACT GAG AAA AAG GAA TTC TTA GCT AGA AAC CAA GAT AAC CCA TTG TTG GGT GAA GAA GTG CAA TTG ATC ACG TTT TTC CAG TTC GCT GAC GCT CTA GAT TCA ATG AAC AAG TTG CAA TTT CTT CCT GTT GTG GAG GAA CCG CCT CAG GGT TTG GAA GTA TTC TCC CAT GCT TTC ATT AGC AAG CCA AGC CTT CTT AAG CTA GAA TTC AGA TTG GAT GGT TAT AGA TTT TCC GTA TTC TTG TAC ACT GCC GAT AAA CTA AGA TCT GTG GTA AAC CAA AAG GTA GTT CCT GTT TGT AAC GAC GAG GTA GTC CAA AAC AAG TTG GAA GAA GAG ACA GAA CTT TTC CAT ATC TAT AGA GCC AGA AGA CAA GGT TTT TAT AAC GAT AAG TCC CCT GAA GAT ACT GAA CAA ATA ATT GTT GGA AAT GAT TTC GGA GAT AGA ATG TTC AGA CAG GAT TTC AGT AGA TTC GAA GAT GAA AAC AAG AAC AAG TCA GAA ACG GGA GAT CAA AAT AGA TTC GCC ACG TTG AGC GCT CAT AAC CAA TTG TAC TTC ACC GAA ATG AAT TTT GTT TTG AAG CAG TTG GTC ATT TTG AAG AAC TTC AAA TTG GAT GGT TTG GAA GAC AGA CAG ATC TTT AAG TGG CGT GTC GAT GTA GCC AAC CCA GAA TTA GGT TTA TCA CTT AAC CCA GCT CTA AAA AAG GAA GAA GCC GCC ATC TCT AGT GTT TCA GTT AAC AAA GTT GAT TAC TTC TCA GAT AAT GAG ATG TGG AGA CTT AAC TGG CAC GTT GGT CCA AAT AGA ACG GAA AAC TTG GAA ATC TTG ACT TCT GTC AGA TAT GAT TTC GAT GAA TTT CTT AAC TAT GTT GAA ATC GAA GAA GTT GCA TTG AGA GTA TTG TTA GAT AAC AGA CAG GCT GCA GAA GAT CAT TTG ACG AAT ACA GTC GTA TTC GAT GGT ACT ACC TAT GAA CAA AAT TTG TCC AGA GTT GAA TTG CGT 
Calb                            AAC GAT ATG AGA AAT TCA TTG AAA TTG TTC AGA GCT GAT AGA GTT AGA GAA TTT CAT TAT TTA ACT GTT AGT ATG GAA AGA ATA AAG TTA GTT TTC AAA TGT TTA GAT TGG GGC AAA ACA AGA TGT ACT AAT GTT TTG CCA AGA ACT GCT GCC GAT TTA TTT GAT ATT TGT AAA TTT TTA TTA GAA TAT TTC GAA TTA GTT GCC AGA ACA GAC AAA AAA GAA TTC TTG GCC AGA AAC CAA GAT TCG CCA TTG TTG GGT GAG GAT ATT TCA TTG ATC TAT TTT TTT CAA TTT GCC GAT GCT TTA GAT TCA ATG AAT AAA TTA CAA TTT TTG CCA ATT GTT GAG AAT CCT CCA CAA GGT TTA GAA ATT TAT TCA AAT GCC TTT GAA ACT AAA CCA ACT TTG TTG AAA TAT GAA TTC AGA TTG AAT GGT TAC AGA TTT GGA ATA TTC TTG TAC ACA GCT GAT AAG TTA AAA TCT ATT ATT GAT CAA AAA ACT ATC CCA GTC TGT AAT GAT GAA GTT GTG CAA CAT AAA TTG GAG GAA GAA GAT GAA TTA TTT TAT ATA TAT AGG GCT AAG AGA CAA CCA TTC TAC AGT GAA AAA TCA CCT GAG GAT ACA GAA CAG TTG ATT GTT GGT ACT GAA TAT GGC GAT AAA ATG GAT AGA CAA GAT TTC GAA AGA TTT GAA GAT GAA GAT AAA AAT AAA ACT GAA CCA GGT GAT CAA GCC AAA TTT GCA GAA TTA ACT GCT CAT GGT GAA TTG TAC TTC TCC GAA ATG AAT TTT GTC TTG AAA GAA TTA GTG ATT TTA AAA GAT TAT AAA TTA GAT GGT TTG GAT GAT AGA CAA ATC TTT AAA TGG AGA GTT GAT GTA TCA TCA CCA GAA ATT CCA TTA TCA TTG AAC CCT GCT TAT AAA AAA GAA GAA GCA TCA ATC CTG GAA ATC TCC GTT AAT AAA GTT GAA TAC ATT ACT GAT GCC GAG ATG TGG AGA TTA GAT TGG CAT ATT GGT CCT AAT AGA GAA GAA AAT TTA GAG ATC TTG CCA CTG GTT GGT AAT GAA TTT GAC AAT TTT TTG CAT TAC GTC GAA ATT AAT GAA GTC GCA TTG AAA ATT TTG TTA GAT AAT AGA CAA GCT GCA GAA GAT CAT ATG CCA AAT CAA GTT ATT TAT GAT GGT CCA ACA TAT GAA GAA AAT TTA TCA AAA ATT GAG TTG AGA 



Printing out site pattern counts


         9        708  P

Scer                            AAA AAA AAA AAA AAA AAA AAA AAC AAC AAC AAC AAC AAC AAG AAG AAG AAG AAG AAG AAT AAT AAT AAT AAT AAT AAT AAT AAT AAT AAT AAT AAT ACA ACA ACA ACC ACC ACC ACG ACT ACT ACT ACT AGA AGA AGA AGA AGA AGG AGG AGG AGG AGG AGG AGT ATA ATA ATA ATC ATC ATG ATG ATT ATT ATT ATT ATT ATT ATT CAA CAA CAA CAA CAA CAA CAA CAC CAG CAG CAG CAT CAT CAT CCA CCA CCA CCC CCG CCG CCT CCT CCT CTA CTA CTA CTA CTA CTG CTG CTG CTT GAA GAA GAA GAA GAA GAA GAA GAA GAA GAA GAA GAA GAA GAA GAA GAC GAG GAG GAG GAG GAG GAG GAG GAT GAT GAT GAT GAT GAT GAT GAT GAT GAT GAT GAT GAT GCA GCA GCA GCC GCC GCG GCT GCT GCT GCT GCT GCT GCT GGA GGC GGC GGT GGT GGT GGT GGT GTA GTA GTA GTC GTC GTC GTC GTG GTG GTG GTG GTG GTT GTT GTT GTT GTT TAC TAC TAT TAT TAT TAT TCC TCC TCC TCC TCG TCT TCT TCT TCT TCT TGC TGG TGT TGT TTA TTA TTA TTA TTA TTA TTA TTA TTA TTA TTA TTC TTC TTC TTC TTC TTC TTC TTC TTC TTC TTC TTG TTG TTG TTG TTG TTG TTG TTG TTG TTG TTG TTG TTT TTT TTT TTT TTT TTT TTT 
Sbay                            ... ... ... ... ..G ..G ..G ... ... ... ... ... ..T ..A ... ... ... ... CGT ..C ..C ..C ..C ..C ... ... ... ... ... ... ... .C. ... ..C ..G ..A ... ... ..C ..C ..C ..C ... ... ... ... ... ... ..A ..A ..A ..A ... ... ... ... ... ... ... ... .C. ... ..A ..C ..C ... ... ... ... ... ... ... ..G ..G ..G ..G ... ..A ... ... ..C ... ... ... ... ... ..A ..A ..A ..C ... ... ... ... ..G T.G T.G A.. ... T.. ..G ... ... ... ... ... ... ... ... ... ... ... ... ..G ..G ..G ... ..A ..A ... ... ... ... ... ..C ..C ..C ..C ... ... ... ... ... ... ... ... ... ... ... ... ... ..T ... ..A ... ... ... ... ... ... ..G ... ..T ... ... ... ... ... ... ... ..G A.A A.T ... ... ..C ... ... ... ... ..G ... ... ... ... ... ... ..C ..C ..C ... A.. ... ..G ..G ..C ..C ..C ... ... ... ... ... ..C ... C.. C.. ... ... ... ..G ..G ..G ..G ..G ..G ... ... ... ... ... ... ... ..T ..T ..T ..T C.A C.A ..A ..A ..A ..A ..A ... ... ... ... ... ..C ..C ..C ..C ... ... ... 
Smik                            ... ... ... ... ... ..G ..G ... ... ... ... ... ..T ..A ..A ... ... ... .GA ..C ..C ... ... ... ..C ..C ... ... ... ... ... ... ... ... ..T ..T ... ... ..A ..A ... ... ... ... ... ... ... ... ..A ..A ... ... ... ... ... ... ... ... ... ..T ... ... ..A ... ... ... ... ... G.C ... ... ..G ... ... ... ..G ... ..A ... ... ..C ... ... ... ... ..C ..T ..A ..C ..C ..G ... ... ... T.G T.. T.G T.A ... T.A ... A.. ... ... ... ... ... ... ... ..G ..G ..G ..G ... ... ... ..T ATT ..A ..A ... ... ... ... ..C ... ... ... A.. ..C ... ... ... ... ... ... ... ..C ..C ..G ... ... ..A ..C ..A ... ... ... ... ... ... ... ..T ... ... ... ... ... ... ..T ... A.T ... ... ... ..C ..A ... ... ... ... ..C ... ... ... ... ..T ... ... ... ... ... ... ... ..G ..C ..C ... ..A ..C ..G ... ... ... ... C.. ... ... ... ..G C.. C.G ... ... ..G ..G ... ... ... ... ..T ..T ..T ... ... ... ..T ..A ... ..A ..A ... ... ... C.A C.. ..A ..A ... ..C ..C ..C ... ..C ... ... 
Spar                            ... ... ... ... ..G ... ... ... ... ... ... ..T ... ..A ..A ... ... ... .GA ..C ... ... ... ... ... ... ... ... ... ... ... ... ... ... ... ... ... ... ..C ..C ... ... ... ... ... ... ... ... ..A ... ... ... ... ... ... ... ... ... ... ... ... ... ... ..C ... ..C ... ... ... ... ... ... ... ... ..G ... ... ..A ..A ... ..C ..C ... ... ... ... ..T ... ... ... ... ... ... ..T ..G ... T.G T.. ... T.A ... ... ... ... ... ... ... ... ... ... ... ... ... ... ... ... ... ... ..A ... ..A ... ... ... ... ..C ... ... ... ..C ... ... ... ... ... ... ... ... ..T ... ... ... ..A ..A ... ... ... ... ... ... ... ... ... ..C ... ... ... ... ..T ... ... A.T ... ... ... ... ... ... ... ... ... ... ... ... ... ... ... ..C ... ... ... ... ... ..T ..G ..C ..C ... ... ..C ... ... ... ... ... ... ... ... ... C.G C.. ..G ... ... ... ..G ... ... ... ..T ... ..T ..T ... ... ... ..T C.. C.. ..A ... ..A ... ... ... ... ... ... ... ..C ..C ... ... ..C ... ... 
Ncas                            ... ... ..C ..G ..G ... ... ... ..T ..T ..T ..T ..T ..A ..A ..A ... ... ... ..C ... ... ... .C. ..C ... ..C ... ... .G. GTA .CC ..T ..C ... GTG ..A ... ..T ... ..A ... ..A .CG ... ... ... ... ..A ..A ..A ..A ..A C.A ..C ... ..T G.T ... ..A GA. ... ... ..C ..A ..C ..C ... G.. ... ... ... ... ... A.G ..G A.. ..A ... ..A ..C ... ... ... ... ... ... ..T ..A ..A ... ..A T.. ... T.G T.G T.G ..C ..A ..T ..A ... ... ... ... ... ... ... ..G ... ..G ..G ..G A.T ... ..G ..T .TT ..A ..A ..A ..A ..A ..A ... ... ..A ..C ... ..C ..C ... ... ... ... ... ... ..T ... ..C ..T ..T ..T ..A .GG ... ... ... ... ... ... ..A ..T .AA ..G ... ... ... ..G ..C ..T ... ..T A.T ... ... ... ..C ..T T.A ... ... ..C ... ... ..T ... ..C ..C ... ... A.T ... ..A ..T .AC ... ..C ..C A.. A.. ..T ... .TA ..C ... ..G ... ..G ..G G.G C.. ... ... A.T ... ... ..T ..T ..T ... ..T ..T ..T ..T ..T ... ... C.T ... ..A C.T A.C ..A ... C.A C.A ..A ... ..C ... ..C ... ..C ..C ... 
Cgla                            ... ..G ... ... ..G ..G ..T ... ... ... ... ..T .GT ..A ... ..A ..A ... .GA ..C ..C ..C ... ..C ... ..C ..C ..C ... .G. TC. .C. ... ..G ..C .A. ..A .G. ..T ..A ..C G.C ... .CT ... ... ... ... ..A ..A ..A C.T ..A C.A ..C ..T ..T C.. ..A ..A G.A ... ..C ..C G.A ... ..A ..C G.. ..G G.. ... ... ..G ..G ... ..T ... ..A ... A.. T.. ... ... ... ... ..A ..A ..A ..A AGA ... T.G T.G T.G T.G T.G T.. ..T ..T T.A ... ... ... ... ... ... ..G ... ..G A.G ... ..G ... ..T ..G ... .TT T.T ..A ..A ..A ... ... ... ... ..A ..C A.C ... ... ..C ..C ..C ..C ... ... ..T ..T ..C ..T ..T ..A ..C ... ..C ... ... ... ... ..T ..T ... CAA ... ... ... ... ..T ..T ..G A.. ..T A.T ..T ... ..A ..T ..T C.A ... ... ..G ..G ... ..T ... ..C ... ..C ... AGT ..G ..T ... .AC ..G ... ... GGC CAA ..T ... CA. ... C.T C.. ..G C.. ... C.G C.T ... ..G A.T ..G A.T ... ..T ... ... ... ..T ... ..T ..T ... ..A ... ... ... C.T C.. ..A ... ..A C.T C.A ... ... ..C ... ..C ..C ..C ..C 
Agos                            ..G CGG .CT ... ..G ..G ..G ..T ... ... ..T ... ..T ..A ... ..A .G. ... .GA ... ... ..C ..C .GC .GC ..C ..C ..C ..C C.A ..G .CC ..T ..C ..T ... ..G ... ... ..A ..C G.C ..G .CG ... ..G C.C C.G C.. ..A C.A C.C ... C.A TC. ... ... G.G ... ... TCA ... ..C ..C ..A ..C ..C ... G.A ..G ..G ..G ... ..G A.G ... .G. ... ... ..A ..C ... ..C ... ... ... ..T ..T ..T ..G G.C ..A ..G ..C T.G ... ... T.. ..C T.A ..A ... ... ... ..G ..G ..G ... ..G ..G ..G ..G ..G C.T ... ..G ... .T. C.T ... ... ..A ..A ... ... ... ..C ..C ... ..C ..C ..C ..C ... ... ..C ... A.. ... ..T ... ..A ..T ..G ..A ..C ..A ..C ..C ... ... ..T ..A ... ..A ..C ..G ... ..C ..T ..G A.T ..A ..T ..G ..A ..C ..C ..C AAC ..G ..C ... ..G ... ..T ... ..C ..C ... ..C ..G ..G ..G ..G .AC ... ..G ..G ... ..A ..T ... CTA ... C.. C.. C.. ..G C.T ..G C.. C.G C.. A.. C.. A.T ... ..T ..T ... ... ..T .A. ..T ..T ... C.A ..T C.C ... ... C.. ... ... C.A ... ... ... ... ..C ... ... ..C ... ... 
Klac                            ... ..G ... ... ..G ..G ..G ... ... ... ... ..T ... ..A ..A ..A ... ... .GA ..C ..C ..C ..C ..C ... ... ... ..C ..C C.A ..C .C. ..T ..C ... ..T ..T ... ..C ..G ... GG. ..A .CG ... C.T ... ... ..A ..A ..A ..A ..A ..A TCA ... ..T G.. ... ... CAT ... ..C ..C G.. ..C ..A ... G.A ..G ..G ..G ... ... A.G ... ..T ..A ..A ..A ..C ... ... ... ..G ... ..T ..T ..A ..A A.G ... T.G T.G T.C T.G T.G T.. T.A T.A ... ... ... ..G ... ... ..G ... ... ..G ..G ... ... AGT ..G ... ..T .T. ..A ..A ..A ..A C.. ... ... ..C ... ... AGC ... ..C ... ... ... ... ... ... ..C ..C ..T ..T ..T ..A ..C ..A ... ... ..A ... ..C ... ..A ..A AAC ... ... ... ... ..C ..G ... ..T T.A AA. ..T ..C ..A ..T ..C A.T ..C ... ..A ..A ... ..T ... ... .TC ... ... ... ... ..A ... .AT ... ... ... ..A .T. ..T ... CTA ... ... ..G ..G ..G C.T C.C C.T C.. ..G A.T ..G A.. ..T ... ..T ... ... ... .A. ... ..T ... ... ..T ..A ... C.A C.T C.T ... ... ..A ... ... ... ... ..C ... ..C ..C ..C 
Calb                            ... ... .G. ..G ... ... ... ..T ... ..T ..T GC. C.T ..A ..A ..A ..A ..A .GA G.. ... ..C G.. TCA .C. ... ... ..C ... TCA .G. GT. ..T ... GAT C.A ..A T.. ..T C.A ..A C.A CAA TAT ... ... .A. .A. ..A ..A ..A .A. G.T ... .C. T.G ..T G.. ..T ..A TAT ... ..C ..C ... ..C ..A ... ..A ... ... ... ... ... A.. ... A.T ... G.A ..A ... ... ... ... ..T GTT ..T ..A ..T ..A GAA ..A T.. T.. A.T T.G T.G T.. T.. T.A T.A ... ... ..C ... ..G ... A.T ... ... ..G ... ..T ... ... ... ..T .TT ..A ..A ... ..A ..A ... ... ... ... ... AC. ..A ... ..C ... ..A ... ... A.. ... ..C ..C ..T ..T AGT ... ..A ..C ... ... ... T.A ..C ..T ..T TCG ... ... ... ... ..T A.T ..T A.. A.T .GT ... ... A.T ..C ..T ..T ... ..C AC. A.. ... ... ... ..C .TC ..C ... ..A ..A ... GGA AAT G.C ... CTG ..A .T. ..T ... .A. ... ... ..G ..G ..G ... ... ..G ... ... GA. ..G GAA ..T ..T ..T ... ..T ..T .A. .AT ..T .AT ..A ..T ... ... ..A A.T ... ... A.. ..A ..A ... ..C ... ..C ... .A. GA. ..C 

    1    2    3    2    2    1    1    2    1    1    1    2    2    3    1
    1    4    2    1    2    1    1    2    1    1    4    1    1    2    1
    1    1    1    2    1    2    1    1    1    2    2    2    1    1    6
    2    3    2    1    2    5    1    1    1    3    2    1    1    1    1
    2    5    2    1    3    1    1    1    1    2    1    2    2    1    3
    1    1    1    2    2    1    1    2    2    1    1    1    3    2    1
    2    1    1    1    1    1    2    1    1    1    1    1    3    1    6
    3    1    3    2    1    1    1    2    2    1    1    3    1    2    2
    2    2    1    1    2    1    1    2    3    3    2    1    2    1    3
    5    1    2    1    1    2    1    1    2    2    2    1    1    1    2
    2    1    1    1    1    2    1    2    1    2    2    2    1    1    2
    2    2    1    1    1    1    1    1    2    4    1    2    1    3    1
    2    2    2    1    1    1    1    1    2    2    1    2    4    2    2
    1    1    2    1    2    1    3    1    3    1    2    1    1    2    1
    1    3    2    1    1    2    3    2    2    2    1    3    1    2    1
    2    1    3    1    1    1    1    1    1    2    3

CODONML (in paml version 4.9j, February 2020)  temp.nuc
Model: One dN/dS ratio, 
Codon frequency model: Fequal
ns =   9  ls = 393

Codon usage in sequences
--------------------------------------------------------------------------------------------------------------------------------------
Phe TTT  10  13  15  16  18   9 | Ser TCT   7   5   1   5   2   5 | Tyr TAT   7   2   9   6   4   9 | Cys TGT   4   2   4   4   2   4
    TTC  18  15  13  12  10  18 |     TCC   6   5   9   8   5   1 |     TAC   3   8   1   4   7   5 |     TGC   2   4   2   2   2   0
Leu TTA  18  14  20  16  19  10 |     TCA   0   0   2   0   1   0 | *** TAA   0   0   0   0   0   0 | *** TGA   0   0   0   0   0   0
    TTG  21  23  17  20  14  21 |     TCG   1   2   2   1   0   3 |     TAG   0   0   0   0   0   0 | Trp TGG   4   4   4   4   4   4
--------------------------------------------------------------------------------------------------------------------------------------
Leu CTT   1   0   1   2   6  10 | Pro CCT   4   3   2   5   5   1 | His CAT   4   3   3   2   3   5 | Arg CGT   0   1   0   0   0   1
    CTC   0   0   0   0   1   0 |     CCC   1   1   4   0   1   0 |     CAC   1   2   2   3   1   0 |     CGC   0   0   0   0   0   0
    CTA   6   8   5   3   9   7 |     CCA   4  10   6   4   8  11 | Gln CAA  12   6  10  12  11   9 |     CGA   0   0   0   0   1   1
    CTG   3   3   6   8   0   2 |     CCG   5   0   2   5   0   0 |     CAG   5  11   7   5   3   9 |     CGG   0   0   0   0   0   0
--------------------------------------------------------------------------------------------------------------------------------------
Ile ATT  10   5  11  10   6   7 | Thr ACT   7   2   8   5  12   4 | Asn AAT  19  13  16  19  20   9 | Ser AGT   3   3   3   3   1   5
    ATC   2   6   1   4   5   6 |     ACC   4  13   2   7   4   3 |     AAC   9  14  15   9  10  21 |     AGC   0   0   0   0   3   4
    ATA   4   8   6   4   6   3 |     ACA   4   3   6   4   5   4 | Lys AAA  12  11  15  14  10  14 | Arg AGA  14  23  18  16  23  25
Met ATG   7   6   7   7   5   5 |     ACG   1   3   0   0   1   2 |     AAG  12  12   9   9  14   9 |     AGG  11   2   8  10   0   0
--------------------------------------------------------------------------------------------------------------------------------------
Val GTT   9   8  10  10  15  16 | Ala GCT  11  10   7  10  13  13 | Asp GAT  27  21  22  23  22  15 | Gly GGT   7   8   8   6   6   9
    GTC   6   5   8   4   8   0 |     GCC   3   2   8   3   1   7 |     GAC   3   9   5   7   7  12 |     GGC   2   1   1   3   0   3
    GTA   5   3   5   4   1   7 |     GCA   4   6   3   6   3   1 | Glu GAA  29  28  27  33  32  28 |     GGA   2   0   2   2   3   0
    GTG   7   8   3   7   8   7 |     GCG   1   1   1   0   0   0 |     GAG  11  12  11   7   9   9 |     GGG   0   2   0   0   3   0
--------------------------------------------------------------------------------------------------------------------------------------

--------------------------------------------------------------------------------------
Phe TTT  18  10  16 | Ser TCT   6   4   1 | Tyr TAT   2   6  12 | Cys TGT   4   4   4
    TTC  10  23   9 |     TCC   0   5   2 |     TAC  10   3   6 |     TGC   0   0   0
Leu TTA   1   7  21 |     TCA   3   6  10 | *** TAA   0   0   0 | *** TGA   0   0   0
    TTG  16  25  23 |     TCG   9   0   1 |     TAG   0   0   0 | Trp TGG   4   4   4
--------------------------------------------------------------------------------------
Leu CTT   2   9   0 | Pro CCT   6   5   4 | His CAT   5   6   6 | Arg CGT   0   2   0
    CTC   4   1   0 |     CCC   0   0   0 |     CAC   3   1   0 |     CGC   5   0   0
    CTA  22   6   0 |     CCA   5   6  13 | Gln CAA   6  10  12 |     CGA   6   0   0
    CTG   3   0   2 |     CCG   1   1   0 |     CAG   9   6   1 |     CGG   5   0   0
--------------------------------------------------------------------------------------
Ile ATT   4   4  15 | Thr ACT   5   7  10 | Asn AAT   8   8  18 | Ser AGT   0   2   2
    ATC   7   7   6 |     ACC   8   4   0 |     AAC  16  20   3 |     AGC   2   3   0
    ATA   7   3   3 |     ACA   4   2   5 | Lys AAA   6  11  26 | Arg AGA   9  23  20
Met ATG   5   5   7 |     ACG   4   5   0 |     AAG  12  15   3 |     AGG   7   0   1
--------------------------------------------------------------------------------------
Val GTT   8  13  13 | Ala GCT   4   8   8 | Asp GAT  11  24  30 | Gly GGT   4   8  10
    GTC   6   5   4 |     GCC  10   7   7 |     GAC  19   3   2 |     GGC   2   0   2
    GTA   4   9   1 |     GCA   5   4   4 | Glu GAA  12  30  36 |     GGA   4   4   1
    GTG   9   3   2 |     GCG   2   0   0 |     GAG  23   6   7 |     GGG   1   0   0
--------------------------------------------------------------------------------------

Codon position x base (3x4) table for each sequence.

#1: Scer           
position  1:    T:0.25700    C:0.11705    A:0.30280    G:0.32316
position  2:    T:0.32316    C:0.16031    A:0.39186    G:0.12468
position  3:    T:0.33079    C:0.15267    A:0.29008    G:0.22646
Average         T:0.30365    C:0.14334    A:0.32824    G:0.22477

#2: Sbay           
position  1:    T:0.24682    C:0.12214    A:0.31552    G:0.31552
position  2:    T:0.31807    C:0.16794    A:0.38677    G:0.12723
position  3:    T:0.25191    C:0.21628    A:0.30534    G:0.22646
Average         T:0.27226    C:0.16879    A:0.33588    G:0.22307

#3: Smik           
position  1:    T:0.25191    C:0.12214    A:0.31807    G:0.30789
position  2:    T:0.32570    C:0.16031    A:0.38677    G:0.12723
position  3:    T:0.30534    C:0.18066    A:0.31807    G:0.19593
Average         T:0.29432    C:0.15437    A:0.34097    G:0.21035

#4: Spar           
position  1:    T:0.24936    C:0.12468    A:0.30789    G:0.31807
position  2:    T:0.32316    C:0.16031    A:0.38931    G:0.12723
position  3:    T:0.32061    C:0.16794    A:0.30025    G:0.21120
Average         T:0.29771    C:0.15098    A:0.33249    G:0.21883

#5: Ncas           
position  1:    T:0.22392    C:0.12468    A:0.31807    G:0.33333
position  2:    T:0.33333    C:0.15522    A:0.38931    G:0.12214
position  3:    T:0.34351    C:0.16539    A:0.33588    G:0.15522
Average         T:0.30025    C:0.14843    A:0.34775    G:0.20356

#6: Cgla           
position  1:    T:0.22646    C:0.14249    A:0.30789    G:0.32316
position  2:    T:0.32570    C:0.13995    A:0.39186    G:0.14249
position  3:    T:0.31043    C:0.20356    A:0.30534    G:0.18066
Average         T:0.28753    C:0.16200    A:0.33503    G:0.21544

#7: Agos           
position  1:    T:0.21120    C:0.20865    A:0.26463    G:0.31552
position  2:    T:0.32061    C:0.18321    A:0.36132    G:0.13486
position  3:    T:0.22137    C:0.25954    A:0.23919    G:0.27990
Average         T:0.25106    C:0.21713    A:0.28838    G:0.24343

#8: Klac           
position  1:    T:0.24682    C:0.13486    A:0.30280    G:0.31552
position  2:    T:0.33079    C:0.16285    A:0.37913    G:0.12723
position  3:    T:0.30534    C:0.20865    A:0.30789    G:0.17812
Average         T:0.29432    C:0.16879    A:0.32994    G:0.20696

#9: Calb           
position  1:    T:0.27735    C:0.09669    A:0.30280    G:0.32316
position  2:    T:0.31043    C:0.16539    A:0.41221    G:0.11196
position  3:    T:0.37913    C:0.10433    A:0.38677    G:0.12977
Average         T:0.32231    C:0.12214    A:0.36726    G:0.18830

Sums of codon usage counts
------------------------------------------------------------------------------
Phe F TTT     125 | Ser S TCT      36 | Tyr Y TAT      57 | Cys C TGT      32
      TTC     128 |       TCC      41 |       TAC      47 |       TGC      12
Leu L TTA     126 |       TCA      22 | *** * TAA       0 | *** * TGA       0
      TTG     180 |       TCG      19 |       TAG       0 | Trp W TGG      36
------------------------------------------------------------------------------
Leu L CTT      31 | Pro P CCT      35 | His H CAT      37 | Arg R CGT       4
      CTC       6 |       CCC       7 |       CAC      13 |       CGC       5
      CTA      66 |       CCA      67 | Gln Q CAA      88 |       CGA       8
      CTG      27 |       CCG      14 |       CAG      56 |       CGG       5
------------------------------------------------------------------------------
Ile I ATT      72 | Thr T ACT      60 | Asn N AAT     130 | Ser S AGT      22
      ATC      44 |       ACC      45 |       AAC     117 |       AGC      12
      ATA      44 |       ACA      37 | Lys K AAA     119 | Arg R AGA     171
Met M ATG      54 |       ACG      16 |       AAG      95 |       AGG      39
------------------------------------------------------------------------------
Val V GTT     102 | Ala A GCT      84 | Asp D GAT     195 | Gly G GGT      66
      GTC      46 |       GCC      48 |       GAC      67 |       GGC      14
      GTA      39 |       GCA      36 | Glu E GAA     255 |       GGA      18
      GTG      54 |       GCG       5 |       GAG      95 |       GGG       6
------------------------------------------------------------------------------


Codon position x base (3x4) table, overall

position  1:    T:0.24343    C:0.13260    A:0.30450    G:0.31948
position  2:    T:0.32344    C:0.16172    A:0.38762    G:0.12723
position  3:    T:0.30761    C:0.18434    A:0.30987    G:0.19819
Average         T:0.29149    C:0.15955    A:0.33399    G:0.21497

Codon frequencies under model, for use in evolver (TTT TTC TTA TTG ... GGG):
  0.01639344  0.01639344  0.01639344  0.01639344
  0.01639344  0.01639344  0.01639344  0.01639344
  0.01639344  0.01639344  0.00000000  0.00000000
  0.01639344  0.01639344  0.00000000  0.01639344
  0.01639344  0.01639344  0.01639344  0.01639344
  0.01639344  0.01639344  0.01639344  0.01639344
  0.01639344  0.01639344  0.01639344  0.01639344
  0.01639344  0.01639344  0.01639344  0.01639344
  0.01639344  0.01639344  0.01639344  0.01639344
  0.01639344  0.01639344  0.01639344  0.01639344
  0.01639344  0.01639344  0.01639344  0.01639344
  0.01639344  0.01639344  0.01639344  0.01639344
  0.01639344  0.01639344  0.01639344  0.01639344
  0.01639344  0.01639344  0.01639344  0.01639344
  0.01639344  0.01639344  0.01639344  0.01639344
  0.01639344  0.01639344  0.01639344  0.01639344


TREE #  1:  (((((1, 4), (3, 2)), 5), 6), ((7, 8), 9));   MP score: 1142
This is a rooted tree.  Please check!
lnL(ntime: 16  np: 18):  -6042.662949      +0.000000
  10..11   11..12   12..13   13..14   14..1    14..4    13..15   15..3    15..2    12..5    11..6    10..16   16..17   17..7    17..8    16..9  
 0.130969 0.121802 0.560008 0.028991 0.237043 0.061412 0.031833 0.338984 0.383551 0.588405 0.904363 0.121899 0.091082 1.263642 0.524038 2.458789 2.263044 0.046002

Note: Branch length is defined as number of nucleotide substitutions per codon (not per neucleotide site).

tree length =  7.846810

(((((1: 0.237043, 4: 0.061412): 0.028991, (3: 0.338984, 2: 0.383551): 0.031833): 0.560008, 5: 0.588405): 0.121802, 6: 0.904363): 0.130969, ((7: 1.263642, 8: 0.524038): 0.091082, 9: 2.458789): 0.121899);

(((((Scer: 0.237043, Spar: 0.061412): 0.028991, (Smik: 0.338984, Sbay: 0.383551): 0.031833): 0.560008, Ncas: 0.588405): 0.121802, Cgla: 0.904363): 0.130969, ((Agos: 1.263642, Klac: 0.524038): 0.091082, Calb: 2.458789): 0.121899);

Detailed output identifying parameters

kappa (ts/tv) =  2.26304

omega (dN/dS) =  0.04600

dN & dS for each branch

 branch          t       N       S   dN/dS      dN      dS  N*dN  S*dS

  10..11     0.131   845.6   333.4  0.0460  0.0064  0.1383   5.4  46.1
  11..12     0.122   845.6   333.4  0.0460  0.0059  0.1286   5.0  42.9
  12..13     0.560   845.6   333.4  0.0460  0.0272  0.5912  23.0 197.1
  13..14     0.029   845.6   333.4  0.0460  0.0014  0.0306   1.2  10.2
  14..1      0.237   845.6   333.4  0.0460  0.0115  0.2502   9.7  83.4
  14..4      0.061   845.6   333.4  0.0460  0.0030  0.0648   2.5  21.6
  13..15     0.032   845.6   333.4  0.0460  0.0015  0.0336   1.3  11.2
  15..3      0.339   845.6   333.4  0.0460  0.0165  0.3578  13.9 119.3
  15..2      0.384   845.6   333.4  0.0460  0.0186  0.4049  15.8 135.0
  12..5      0.588   845.6   333.4  0.0460  0.0286  0.6211  24.2 207.1
  11..6      0.904   845.6   333.4  0.0460  0.0439  0.9547  37.1 318.3
  10..16     0.122   845.6   333.4  0.0460  0.0059  0.1287   5.0  42.9
  16..17     0.091   845.6   333.4  0.0460  0.0044  0.0961   3.7  32.1
  17..7      1.264   845.6   333.4  0.0460  0.0614  1.3340  51.9 444.7
  17..8      0.524   845.6   333.4  0.0460  0.0254  0.5532  21.5 184.4
  16..9      2.459   845.6   333.4  0.0460  0.1194  2.5956 101.0 865.3

tree length for dN:       0.3811
tree length for dS:       8.2834


Time used:  0:08
