      9   1179

Scer                            GGT AAG TTG AAT TCC ATT ACA GGT AAG CAT CCT TCT CAG CCA AAT CAA CAG GCT GAG CCT ATT TCC GAA TTA CGT ACA ACT CTC GAT TAT CGT AAG CAA CAC GCT TTG GAA GGT CCA CAA GGT CAT CAT GGA GGT GGT GAG GAG ACG ACA GTA CAG GGT AGA TCA GAA CGT GGT GGT GAG CAA GAC GAT GCG ACC TGT GAT ATT AAC CAA ATC AAG ACA ATG TGT AGA AAC ATG ACA TTT CCT CGT AAC GAA AAG CTA ATG GTT GAC ACT GAT GAA AAG GTT ACA AAT TCC GAT GAA GAA CAA CAT CAA ACT AAA GAA AAG GGC ACG ATT AGA CGT GAG AAG ATA AGA ATT ATG ATT CAA GCC AGA ATT AGA AAG AAG AAC CAA GTA GCA GGT CGT CAA GTG GCC AAA CAA AAT AAG ACT CAG TAC TTC GAA TTG TAC AAT AAG CAA ACA CAC CAT TAT AAG CAA GGT GCA AAT TCT ATA GTA GTT AAG AAT TTG GTC GAA GCT CTA TTT AAC TCT AAC GAA CCT AGA GAA AAG CAA AAG AAT TAC TTA CAA TCC CAA AAT AGA TAT GCT ACT TCG AAA CAA GAG AAG GAG AAT CTG ATG AGA GAT TCT CGT TGG CCC CCT AAG GTA TTC CTC TTG TTC AAC GAC AAA TCC GAA GGA AGA AAG ATT GGT GAA ACT GGT CTA GGC CCT ACA CCT GTC ATT ACT TCT AAT AAG GCC CGT CGT TAT AAG CGT ACG TTT AAC TAC CAA GCT AAC AGA TTT ACT CTG TTA CCT AAC GCA AGA GTA GAG CGT ATT GCC AAC AAG GAG CAT ATT AAT CAT TAT CCC AAA GTG TAT ACC GAA GAC CCC GAA GCC GCC ATT ATT CCT ACG AAT GAA AAC CGT CAA AAT AAT GCA TCT AAC TGT TCT GGT ACA CGT GTA CAT GGT TCC ATG AAA AAC ATT GGT GAA TAT ACT GTT AGA ATT CGT GAA TTT CAT AAA ATT CGC AGA CAA CGT AAT CAA ACA TCA CTG ACA ACA AAG AAA CAT ATG AGA AAT GGT ATT AAA GAG TTA GGT TTC GGT AAC CTC ATT TGT AAA AAG GGT CAA GAT AAT CAA ATT CGT ATG AAA CAA CAA AAG GGT CTA CAA GCG AAA CGT CAG ATG GAG CCT AGA GCT TAC GCC TTG AGA TAT GGT GCT GGT ACC GAT AAC CAA CAA CAT TTG 
Sbay                            GGT AAA TTG AAT TCT ATT ACG GGT AAG GTC TCT TCG CAA CCA ACC TAT CAA GCT GAA CCC TCA TCT AAA TTG CGT ACG ACT GAT GAT TAT AGA ATG CAA CAC GCA TTG GAA GGT CCA GCG GGT GTC TAT GGT GGT GGT GAA GAA ACG GTT GTG CAA GGT AGA TCA GAA AGA GGT GGT GAA TAT ATG GAT GCG ACT TGT GAT TCA TTT CAA ATT AAG AGT GGA TGT AGA AAC ATG GTT TTT ACT CGT AAC GAA AAA ATG CAA GTT ATG ACC GAT GAA AAA GTA ACG TTC TCC GAT GAA GAG ATT CAC CAG GTT AAA GAT AAA GGT ACG ATC AGG TCA GAA AAG TTA AGA ATT GTC ATT GAA GCA TAT ATT AGA AAG AAG AAC GCG GAA ATG GGA CGT CAA GTC GCC ATT CAA AAC AAG ACT CAA TAT TTA GAA TTA TAC TCA AAG CAG ATT CAC TAT TTT AAG CAG GGA GTC AAT TCT ATA GTG GTA AAG ACC CTA GTC CAA GCT TTT ATG TTT GCC AAT GAA CCT CGT GAA AAA CAA ATG CCT TAT TTG CAA TCT GCG AAT AGA ACT GCT GTT TCT AAA CAA GAA AAA GAA AAT GAA GTC AGA GAT TAT CGT TGG CCC TCT AAA GAA TTT GAT TTG TTT TTT GAT CAA TCT GAA GGT AGA AAA GTC GGT GAA GTT GGT CTA GGT CCA TAC CCA CTA ATT ACT AAT AAC AAA GCC AAA CGT TAT AAA CGT ACG TTC AAT TAC AAG GCT AAC AGA TTC CCT GAA ATG CCA TTT GAT TAT GAA GAA GTC CTG GCA AAC AAA GAA TAT ATT AAT TAT GTC CCC AAA GTG TTT ACT GAA GAT CCC AAA GCC GCC ACA CTG CCT ACG ACC GAT AAC AGA CAA AAC AAT GTC TCC AAC TGT TAT GGT ATT AAA GAA CAT GGA TCT ATG TGT AAC ATT GGT GAA TAT ACT GTC AGA TTC AGA GAA TTT CAT ATT AAC CGT AGA CAG AGA AAC GCG TCT TCA GAA ACG TCT AAG GGT CAC AGA AGA AAC GGT ATC GAA GAA TTG GGT CGT GGT AAC TTA AAC TGT AGA AAA GGT GCG GAT AAT ATT ATT GTC GTC CAA GCG GAA AAG GGT ATG CAA GCG AAG CGT CAA CAA GAG CCT TCA GGT TAT GCA TTA AGA TAT GGT GGT GGT ACT TTA AAC CAA GAA CAT TTG 
Smik                            GGG AAA TTG AAT TCC ATT ACG GGT AAG CAC CCT TCC CAG CCA AAT CAA CAG GCA GAA CCA ATT TCT GAA TTA CGT ACG ACT CTC GAT TAT CGT AAA CAA CAC GCC TTG GAA GGT CCA CAA GGG CAC CAT GGT GGT GGT GAA GAG ACA ACT GTA CAG GGT AGA TCA GAA CGT GGC GGT GAA CAA GAC GAT GCG ACC TGT GAT ATT AAC CAA ATT AAG ACA ATG TGT AGA AAT ATG ACT TTT CCT CGC AAC GAG AAA CTA ATG GTT GAC ACT GAT GAA AAG GTC ACG AAT TCC GAT GAA GAG CAA CAT CAA ACT AAA GAA AAA GGT ACA ATT AGA CGT GAA AAA ATC AGA ATT ATG ATT CAA GCC AGA ATT AGA AAG AAG AAC CAA GTG GCA GGT CGT CAA GTG GCC AAA CAA AAC AAG ACT CAG TAC TTC GAA TTA TAC AAT AAG CAA ACA CAC CAT TAC AAG CAA GGT GCA AAT TCT ATA GTA GTC AAG AAT TTG GTC GAA GCT CTG TTC AAC TCT AAC GAA CCA AGA GAA AAA CAA AAA AAT TAC TTG CAA TCA CAA AAT AGA TAT GCA ACT TCT AAA CAA GAG AAA GAA AAC TTA ATG AGA GAT TCT CGC TGG CCC CCT AAA GTG TTC CTC TTG TTC AAC GAC AAG TCC GAA GGT AGA AAG ATT GGG GAA ACT GGT TTA GGT CCT ACT CCT GTC ATT ACT TCC AAC AAA GCC CGT CGT TAC AAG CGT ACA TTT AAC TAC CAA GCA AAT AGG TTT ACG TTA TTA CCT AAC GCA AGA GTG GAA CGT ATT GCC AAT AAA GAA CAT ATC AAT CAT TAT CCC AAA GTG TAC ACC GAA GAT CCC GAA GCC GCC ATT ATT CCT ACA AAT GAA AAT CGT CAA AAT AAT GCA TCT AAT TGT TCT GGT ACA CGT GTG CAC GGT TCA ATG AAG AAT ATT GGT GAA TAC ACT GTT AGA ATT CGT GAA TTT CAT AAA ATT CGT AGA CAA CGT AAC CAA ACA TCA TTA ACG ACA AAG AAA CAT ATG AGA AAT GGT ATT AAA GAG TTA GGT TTC GGT AAT CTT ATT TGT AAA AAA GGT CAA GAT AAT CAA ATT CGT ATG AAG CAA CAA AAG GGT CTA CAA GCG AAA CGC CAG ATG GAA CCT AGA GCT TAC GCC TTA AGA TAC GGT GCT GGT ACC GAT AAC CAA CAA CAT TTG 
Spar                            GGT AAG TTG AAT TCT ATT ACA GGT AAG CAT CCT TCT CAG CCA AAT CAA CAG GCT GAG CCA ATT TCC GAA TTA CGT ACG ACT CTC GAT TAT CGT AAG CAA CAC GCC TTG GAA GGT CCA CAA GGT CAT CAT GGA GGT GGT GAA GAG ACA ACA GTA CAG GGT AGA TCA GAA CGT GGG GGT GAG CAA GAC GAT GCG ACC TGT GAT ATT AAT CAA ATT AAG ACA ATG TGT AGA AAT ATG ACA TTT CCT CGT AAC GAA AAG CTA ATG GTT GAC ACT GAC GAA AAG GTT ACA AAT TCC GAT GAA GAG CAA CAC CAA ACT AAA GAA AAA GGT ACA ATT AGA CGT GAA AAG ATC AGA ATT ATG ATT CAA GCC AGA ATT AGA AAG AAG AAC CAA GTA GCA GGT CGT CAA GTG GCC AAA CAA AAT AAG ACT CAG TAC TTC GAA TTA TAC AAC AAG CAA ACA CAC CAT TAT AAG CAA GGT GCA AAT TCT ATA GTA GTT AAG AAT TTG GTC GAA GCT CTG TTT AAT TCT AAT GAA CCA AGA GAA AAA CAA AAG AAT TAC TTG CAG TCG CAA AAT AGA TAC GCT ACT TCA AAA CAA GAG AAA GAG AAC CTA ATG AGA GAT TCT CGT TGG CCG CCT AAG GTA TTC CTC TTG TTC AAT GAT AAA TCT GAA GGA AGA AAG ATT GGT GAA ACT GGT CTA GGT CCC ACA CCT GTC ATT ACT TCC AAT AAG GCC CGT CGT TAC AAG CGT ACA TTT AAT TAC CAA GCT AAC AGG TTT ACC CTA TTA CCT AAT GCA AGA GTA GAA CGT ATT GCC AAT AAA GAA CAT ATT AAT CAT TAT CCG AAA GTG TAT ACC GAA GAC CCG GAA GCT GCT ATT ATT CCT ACA AAT GAA AAC CGT CAA AAT AAT GCA TCT AAT TGT TCT GGT ACA CGT GTA CAT GGT TCG ATG AAG AAT ATT GGT GAA TAT ACT GTT AGA ATT CGT GAA TTT CAT AAA AAT CGT AGA CAA CGT AAT CAA ACA TCA CTA ACA ACA AAG AAA CAC ATG AGA AAT GGG ATT AAA GAG TTA GGT TTC GGT AAC CTT AAT TGT AAA AAG GGT CAA GAC AAT CAA ATT CGT ATG AAA CAA CAA AAG GGT CTA CAA GCG AAA CGT CAG ATG GAG CCT AGG GCT TAC GCC TTA AGA TAT GGT GCT GGT ACC GAT AAC CAA CAA CAT TTG 
Ncas                            GGT AAG TTA AAT TCC ATT ACA GGT AAA ATT TCC GCT CAG CCC TCT TAT CAG GCA GAA CCT TCT TCC AAA CTA AGA ACT ACT GAT GAT TAT AGA AAG CAA CAC GCA CTT GAT GGT CCA GCT GGT ATT TAT GGT GGT GGT GAA GAA ACT GTC ATT CAG GGT AGA GCG GAA AGA GGA GGT GAA TAT ATG GAT GCA ACT TGT GAT TCT TTC CAA ATA AAG AAT GGT TGT CGT AAT ATG GTC TTC ACA CGT AAT GAA AAG ATG CAA GTC ATG ACC GAT GAA AAG GTT ACA TTT AGC GAT GAA GAA ATC CAT CAA GTT AAG GAC AAG GGA ACT ATT AGA TCT GAA AAA TTA AGA ATT GTT ATA GAG GCA TAT ATT AGA AGA AAG AAT GCA GAA ATG GGT AGA CAA GTT GCT ATT CAA AAC AAA ACA CAA TAT TTG GAG CTA TAT TCT AAG CAA ATT CAC TAT TTC AGA CAA GGT GTT AAT TCA ATT ATT GTT AAG TCT TTA GTT CAG GCA TTT AGC TTC GCC AAT GAG CCA CGT GAA AAG CAA AAG CCT TAT TTA CAA TCT GCT AAT CGT ATA GCA GTT TCT AAA CAA GAA AAG GAA AAT GAA GTT AGA GAT TAT CGT TGG CCA TCC AAG GAA TTC GAT TTA TTC TTC GAT CAA TCC GAA GGT AGA AAT GTT GGT GAG GTT GGG TTG GGT CCA TAC CCA TTA ATA ACT AAT AAC AAG GCT AAA AGA TAT AAT AGA ACT TTT AAT TAC AAA GCA AAC AGA TTT CCA GAA ATG CCA TTC GAC TAT GAA GAA GTT CTA GCA AAC AAG GAA TAT ATT AAT TAT GTT CCA AAG GTC TTC ACT GAG GAT CCA AAA GCC GCC ACT CTA CCT ACT TCT GAC AAT AGA CAA AAC AAT GTT TCT AAC TGT TAT GGT ATT AAA GAA CAT GGT TCT TTG TGT AAC ATT GGT GAA TAC ACT GTG AGA TTC AGA GAA TTC CAT ATT AAC CGT AGA CAA AGA AAT GCT TCA GCG GAA ACA TCA AAA GGC CAT AGG AGA AAC GGT ATC GAA GAG CTG GGT CGT GGT AAT TTG AAC TGT AGA CAA GGT GCA GAT AAT ATC ATC GTT GTT CAA GCA GAG AGA GGT ATG CAA GCA AAG CGT CAA CAA GAA CCT GCC GGT TAT GCA CTA AGA TAC GGT GGT GGG ACT TTA AAT CAA GAG CAT CTT 
Cgla                            GGT AAG CTA AAC TCT ATT ACA GGT AAG ATT TCT TCA CAA CCT TCC TAT CAA GCA GAA CCA GAT TCT AAA TTG AGA ACC ACC GAT GAT TAC AGA AAT CAA CAC GCT CTG GAG GGT CCT GCA GGT ATT TAC GGT GGT GGT GAG GAA ACT GTT GTG CAA GGT AGA GCT GAG AGA GGT GGT GAA TAT ATG GAC GGT ACC TGT GAC GAT TTT CAA ATT AAG AAC GGT TGT AGA AAT ATG GTT TTC ACT AGA AAC GAA AAG ATG CAA GTC ATG ACT GAT GAG AAG ATC ACA TTT ATT GAT GAA GAA ATT CAT CAA GTT AAA GAC AAA GGT ACT ATT AGA TCT GAG AAA CTT AGA ATT GTT GTT GAG GCG TAT ATC AGA AAA AAG AAC GCT GAA ATG GGT AGA CAA GTG GCT ATT CAA AAC AAA ACT CAA TAT TTG GAG TTA TAT TCT AAG CAA ATT CAC TAT TTC AAA CAA GGT GTT AAC TCT ATT GTG ATC AAG TCC TTA ATT CAA GCC TTT ATT TTT GCC AAC GAG CCA CGT GAG AAA CAA AAT CCT TAT ATC CAA TCC GCA AAC AGA ATA GCA GTT TCT AAA CAA GAA AAA GAA AAC GAA GTT AGA GAT TAT AGA TGG CCA TCT AAG GAA TTC GAT TTA TTC TTT GAC CAG TCT GAA GGT AGA AAG GTC GGT GAG GTT GGT TTG GGA CCG TAC CCT CTA GTT ACC AAT AAC AAG GCT CAA AGA TAT AAG AGA ACT TTC AAC TAC AAG GCA AAT AGA TTC CCG GAA ATG CCT TTT GAT TAT GAA GAA GTA TTG GCG AAT AAG GAA TAT ATT AAC TAC GTA CCA AAA GTT TTC ACC GAG GAT CCA AAA GCT GCT ACT TTG CCA ACT TCC GAC AAC AGA CAA AAT AAC GTT TCT AAT TGT TAT GGT ATT CAA GAA CAC GGT TCC CTA TGT AAT ATC GGA GAA TAC ACT ACA ACT TTT AGA GAA TTC CAT ATT ACA AGA AGA CAA AGA AAC GCA TCT GCT GAA ACA TCT AAG GGT CAC AGA AGA AAT GGT ATT GAA GAA CTT GGT AGG GGT AAC TTA ACA TGT AGA CAG GGT GCT GAT GCA ATT ATC GTA GTT CAG GCT GAG AAA GGT ATG CAG GGT AAG AGA CAA CAA GAG CCA ACA GGT TAT GCG TTA AGA TAC GGT GGT GGT ACC CTG AAC CAA GAG CAT CTG 
Agos                            GGG AAG CTG AAC TCC ATT ACA GGT AAG ATC TCC TCT CAG CCT ACG TAT CAG GCG GAG CCT AGT TCC AAA CTA CGA ACG ACG GAT GAT TAT AGA AAA CAG CAC GCA TTG GAC GGC CCA GCT GGG ATC TAT GGT GGA GGT GAA GAG ACC ATT TTG CAG GGG CGG TCT GAG AGA GGC GGT GAG TAT ATG GAC GCG ACT TGT GAC AGT TTC CAG ATA AAG AAT GGC TGT AGG AAC ATG ATT TTC ACA AGG AAT GAA AAG ATG CAG GTG ATG ACG AAT GAG AAG GTC ACA TTT TCC GAT GAA GAC ATC CAT CAA GTC AAA GAT AAG GGT ACC GTG AGA TCT GAA AAA CTG AGA ATT GTT GTT GAA GCC TAT ATT CGC AAG AAG AAC GCT GAA ATG GGT CGA CAG GTT GCC ATT CAG AAT AAG ACC CAG TAC TTG GAA TTG TTC TCC AAG CAG ATT CAC TAT TTC AAG CAG GGT GTT AAC ACC ATT TTG GTC AAG ACG CTT GTT CAG GCC TTT ACT TTC GCT AAC GAA CCT CGC GAG AAG CAG AAA CCC TAC ATC CAG TCA GCT AAC AGG ATT GCG GTC TCC AAG CAG GAG AAG GAG AAT GAG GTT CGG GAC TAT AGG TGG CCT TCC AAG GAA TTT GAT TTG TTT TTC GAC CAA TCC GAA GGT CGC AAG GTT GGG GAA GTC GGC CTG GGC CCG TAC CCT TTG GTT ACG AAT AAT AAG GCC CAG CGA TAT AAG CGA ACC TTT AAC TAC AAG GCG AAC CGG TTT CCA GAG ATG CCT TTC GAT TAT GAA GAG GTC CTT GCC AAT AAG GAG TAT ATT AAC TAT GTC CCT AAA GTA TTC ACT GAA GAT CCT AAA GCC GCC ACT CTT CCT ACC ACG GAT AAC AGA CAG AAC AAC GTT TCT AAT TGT TAT GGA ATT CAG GAA CAC GGT TCA CTG TGT AAT ATT GGA GAA TAT ACT GTA AGA TTC AGA GAG TTC CAT ATT CAA CGC CGG CAA AGA AAC GCT TCG TCT GAG ACA TCG AAG GGT CAC AGA CGC AAC GGT ATC GAG GAA CTG GGC CGG GGT AAC CTA CAA TGT AGA CAG GGC GCT AAT AGC ATC ATT GTC GTT CAA GCT GAA AAG GGT ATG CAG GCG AAG AGG CAG CAG GAA CCT ACC GGT TAC GCC TTG CGG TAT GGT GGT GGC ACT CTG AAC CAG GAA CAT TTG 
Klac                            GGA AAG CTA AAC TCC ATC ACG GGT AAG AAT CCA TCA CAA CCA AAT CAA CAA GCT GAA CCT ATT TCC GAA TTA AGA ACC ACT TTG GAT TAT AGA AAG CAA CAC GCA TTA GAT GGT CCA CAA GGA AAT CAC GGT GGT GGT GAA GAA ACA ACA TTG CAA GGT AGA GCG GAA CGT GGT GGT GAA CAA GAT GAT GCT ACT TGT GAT ATT AAT CAA ATC AAG ACC ATG TGC AGA AAT ATG ACA TTT CCC AGA AAC GAA AAG CTA ATG GTT GAT ACA AAC GAA AAG GTT ACG AAT ACC GAT GAA GAC CAG CAT CAA ACT AAA GAA AAG GGT ACA ATT AGA CGT GAA AAA ATC AGA ATT ATG ATT CAA GCG AGA ATC AGA AAA AAG AAC CAA GCT GCA GGT AGA CAG GTG GCT AGA CAA AAC AAG ACC CAA TAT TTC GAG CTA TAT AAT AAG CAG ACA CAC CAC TAT AAA CAG GGT GCT AAC ACT ATC TTG GTT AAG AAT CTA GTC GAA GCA TTA TTC AAT TCC AAT GAA CCC AGA GAA AAG CAA AAG AAT TAT ATT CAG TCA CAA AAC AGA TAC GCT ACT TCC AAG CAA GAA AAG GAA AAT TTG ATG AGA GAT TCT AGA TGG CCA CCA AAG GCT TTC TTG CTT TTC AAT GAT AAA TCC GAA GGT AGA AAC ATC GGA GAA ACT GGT TTA GGA CCT ACG CCT GTT ATT ACT TCT AAC AAG GCT CGC AGA TAC AAC AGA ACA TTC AAT TAT CAA GCT AAT AAG TTC ACT TTG TTG CCT AAT GCT AGA GCT GAA CGT ATC GCG AAT AAG GAA CAC ATT AAC CAC TAC CCA AAA GTT TAT ACT GAG GAC CCA GAA TCA TCA ATT ATC CCT ACA AAT GAA AAT CGT CAG AAT AAC GCT TCT AAT TGC TCT GGT ACA CGC GCT CAT GGT TCA CTA AAG AAT ATC GGT GAA TAT ACT ATT AGA ATT AGA GAA TTT CAT AGA AAT CGT AGA CAA AGA AAT CAA ACA GCG TTG ACG ACA AAG AAG CAT ATG AGA AAT GGT ATT AAA GAG TTA GGT TTC GGT AAT CTT AAT TGT AAG CAA GGT CAA AAC AAC CAG ATC CGT ATG AAA CAA CAA AAA GGT CTA CAG GCT AAG AGA CAA ATG GAA CCT AGG GCC TAT GCG CTA AGA TAT GGT GCC GGT ACT GAT AAC CAG CAA CAT TTA 
Calb                            GGC GAA TTG AAC TCC GTT ACC GGT AAA AAT AAG TCA CAA CCT TTT CAA CAA GCT GAA CCG ATT GCT GAA CTT AGA ACT ACA GTA GAT TAC AGA AAA CAA CAC GCT CTC GAT GGT CCA CAA GGC AAT CAT GGC GGT GGT GAA GAA ACC ACT GTC CAA GGG AGA ACA GAA AGA GGG GGT GAA CAA GAA GAT GAA ACT TGT GAT ATT GAT CAG ATT AAA ACT ATG AGT AGA AAC ATG ACT TTC CCC AGA AAC GAA AAG TTG ATG GTT GAA ACC GAC GAA AAA TCT ACC TCT TCC GAT GAA GAA CAA AAG CAA ACT AAA GAA AGA GGT ACC GTA AAG AGA GAA AAA CCA CGT ATC ATG ATA CAA GCT ACC ATT AGA AAG AAA AAC CAA ACC GCA GGG AGA CAG GTA GCA ATT CAA AAT AAA ACT CAA TAT TTC GAA CTC TAC AAT AAG CAA ACC CAC CAT TAC AAG CAA GGG TCA AAC ACC ATT GTC TCT AAA TTT ATG GTC GAA TCT TTG TAC GAT TCC AAT GAA CCA AGA GAA AGA CAA AAA AAT TAT ATC CAG TCC CAA CAA AGA TAT GCT ACT TCG AAA CAA GAA AGA GAA AAT TTG ATG AGA GAT TCA AGA TGG CCA AAG AAG ACC TTC GTA TTG TTC GAT GAT AAA TCC GAA GGC AGA AAA ATT GGC GAA ACT GGT TTG GGT CCT ACC CCA GTG ATA ACA TCA AAT GAA GCA AGA AGA TAT AAA AGA ACC TTT AAT TAT CAA GCT AAT AGA TTT ACA TTG TTA CCA GAT GCA ACC ACC GAA AGA ATT GCT AAC AAG GAA CAT ATT AAC CAT TAT CCA AAA GTG TAC ACT GAA GAT CCA GAA TCC TCC ATT ATT CCT ACC TTT GAA AAC AGA CAG TCA AAC TCA TCT AAC AGT TCA GGT ACC AGA ACC CAT GGG TCC TTG AAA AAC ATT GGG GAA TAT ACC GTC AGA ATT AGA GAA TTC CAT ATT ATC AAT AGA CAA AGA AAC CAA ACT ACA TTG ACC ACT AAA AAA CAT GTG AGA TCA GGT ATT AAA GAG TTA GGT TTC GGT AAC TTG ATC TGT AAA CAG GGT CAA GAC ACC CAA ATC AGA ATG AAA CAA CAA AAG GGT TTG TCT GAA AAA AGA CAA ATG GAA CCT CGA GCT TAT GCT CTC AGA TAT GGT GCT GGT ACT GAT AAC CAG CAA CAT CTC 



Printing out site pattern counts


         9        702  P

Scer                            AAA AAA AAA AAA AAA AAA AAA AAA AAA AAC AAC AAC AAC AAC AAC AAC AAC AAG AAG AAG AAG AAG AAG AAG AAG AAG AAG AAG AAG AAG AAG AAT AAT AAT AAT AAT AAT AAT AAT AAT AAT AAT ACA ACA ACA ACA ACA ACA ACA ACC ACG ACT ACT ACT ACT ACT ACT AGA AGA AGA AGA AGA AGA AGA AGA AGA AGA ATA ATA ATC ATG ATG ATG ATG ATG ATG ATT ATT ATT ATT ATT ATT ATT ATT ATT ATT ATT ATT ATT ATT CAA CAA CAA CAA CAA CAA CAA CAA CAA CAA CAA CAA CAA CAC CAG CAG CAT CAT CAT CAT CAT CAT CAT CCA CCA CCC CCT CCT CCT CCT CCT CCT CCT CGC CGT CGT CGT CGT CGT CGT CGT CTA CTA CTA CTC CTC CTG GAA GAA GAA GAA GAA GAA GAA GAA GAA GAA GAA GAC GAC GAC GAG GAG GAG GAG GAG GAG GAT GAT GAT GAT GAT GCA GCA GCA GCC GCC GCC GCG GCT GCT GCT GCT GGA GGC GGC GGT GGT GGT GGT GGT GGT GGT GGT GGT GGT GTA GTA GTC GTC GTG GTG GTT GTT GTT TAC TAC TAC TAT TAT TAT TAT TAT TAT TCA TCC TCC TCC TCC TCG TCT TCT TCT TCT TCT TCT TGG TGT TGT TTA TTA TTA TTA TTC TTC TTC TTG TTG TTG TTG TTG TTT TTT TTT 
Sbay                            ... ... ..G .G. .TT C.. G.. GGT TGT ... ... ... ... ... ... ..T TTT ..A ..A ..A ..A ..A ..A ..A ... ... ... ... ... ... .T. ..C ..C ..C ... ... ... ... .CC CC. TCA TTC ..G ..G .GT .TT GTT TAC T.T ..T ... ..C ... ... ... C.. GT. ... ... ... ... ... ... ..G C.T TAT TC. ... T.. ..T .GA ... ... CAA GGA G.C .AC .CA ..C ..C ... ... ... ... ... ... C.G G.C TCA T.C A.G ATT ... ... ... ... ... ..G ..G G.. GCG GCG T.T ... ..A ..A ..C ..C ... ... GTC T.. T.. ... ... ... A.. ..A ..A ..C ... ... T.. ..T AAA A.A A.A ... ... GTC TCA A.G ... T.T GAT T.A GAA A.. C.. ... ... ... ... ... ... ... ..G ..T ATG ..T ..T ..A ..A ..A ..A ..A ... ... ... ... ... TTA ATG .AT .TC ..A ... ... ... ..A ... ... .G. ..T ..T ..T ..A ... ... ... ... ... ... ... ... ... .A. ..G C.A ... ..C ... ..A ..C ... ... ... ..T AC. GTC ... ... ... .T. ... ... ..T ..T ..T ..T AA. G.C .A. ..C ..G ... ... ... ... A.G ..G ..G ..G CGT ..A ..T C.A ..A ... ... ... A.G ..C ... 
Smik                            ... ... ... ... ... ..G ... ... ..G ... ... ..T ..T ..T ..T ... ... ..A ..A ..A ..A ..A ... ... ..A ... ... ... ... ... ..A ..C ..C ... ..C ... ... ... ... ... ... ... ..G ..G ... ... ..T ..T ... ... ..A ... ... ... ... ..G ... ... ... ... ... ... ..G ... ... ... ... ... ..C ..T ... ... ... ... ... ... ... ... ... ... ..C ... ... ... ... ... ... ... ... ... ... ... ... ... ... ... ... ... ... ... ... ... ... ... ... ... ... ... ..C ... ..C ... ... ... ... ... ... ... ... ..A ..A ... ... ..T ... ... ... ..C ... ... ... ... T.. ..G ... ..T T.A ... ... ... ... ... ... ... ... ..G ..G ... ... ... ..T ..A ..A ..A ... ... ..A ... ... ... ... ... ... ... ... ... ... ... ... ..C ..A ... ... ..T ..T ..T ... ..C ..G ... ... ... ... ... ... ... ..G ... ... ... ... ... ..C ... ... ... ... ... ... ... ..C ..C ... ..C ... ... ..A ... ..T ..T ..C ... ... ... ..C ... ... ... ... ... ... ... ..G ... ... ... ... ..A ... ... ... ..C ... ... 
Spar                            ... ... ... ... ... ... ... ... ..G ... ... ... ... ..T ..T ..T ..T ..A ..A ... ... ... ... ... ... ... ... ... ... ... ... ... ... ... ..C ... ... ... ... ... ..C ... ... ..G ... ... ... ... ... ... ..A ... ... ... ... ..C ... ... ... ... ... ... ..G ... ... ... ..G ... ..C ..T ... ... ... ... ... ... .A. ... ... ... ... ... ... ... ... ... ... ... ... ... ... ... ... ... ... ... ..G ... ... ... ... ... ... ... ... ... ..C ..C ... ... ... ... ... ... ... ..G ... ..C ... ..A ..A ... ... ..T ... ... ... ... ... ... ... ... ... ..G ... ..T ..A ... ... ... ... ... ... ... ... ... ..G ... ... ..T ... ..A ..A ... ... ... ... ..C ... ... ... ... ... ... ... ... ... ..T ... ..C ... ... ... ... ..T ..T ... ..G ... ..G ... ... ... ... ... ... ... ... ... ... ... ... ... ... ... ... ... ... ..C ... ..C ... ... ... ... ... ..G ..T ... ..A ..C ... ... ... ... ... ... ... ... ... ... ... ..G ... ... ... ... ..A ... ... ... ... ... ... 
Ncas                            ... ..G ..G .G. .TT C.. G.. GGC TGT ..T ..T ... ..T ... ..T ..T TT. ... ... ... ... C.A ... ..T ..A ..A ..A ... ... .GA ... ..C ... ..C ... ... ... ... TC. CC. TC. TT. ... ..T .AT .TT GTC TAC T.. ..T ..T ..C ..A ... ... C.A GT. ... ... ... ... C.T ... ... C.T TAT GCC ..T T.. ..A .G. ... T.. CAA GGT G.T .AC .C. ..C ... ... ..A ..C ... ... ... C.A G.. TC. T.C A.. ATC ... ... ... ... ... ... ... G.G GC. GCT T.T ... ..A ... ... ... ... ... AT. T.. T.. ... ..C ..A A.A ..A ..A ... ..A ... T.C ..T AAA A.A A.A ... A.A GT. TC. A.G T.G T.T GAT T.G GAA A.. C.G ... ... ... ..G ..G ..T ... ... ..C ATG ..T ..T ..A ..A ..A ..A ... ..A ... ... ... ... TTA ATG .AC .TT ..A ..T ... ..A ..A ..A ..A .G. ..T ..A ..T ... ..A ... ... ..G ... ... ... ... ... .A. A.T T.A ..T ..T ..C ... ..G ..C ... ..T ..T ATA GT. ... ..C ... .TC G.G AG. ..T ... ... ..T AA. G.C .A. ... G.. ..A ... ... ... A.G C.. C.G ... CGT ..G ... ..A C.A C.T ..A ..A AGC ... ..C 
Cgla                            ... ... ..G .G. .TT C.G G.. GGT TGT ... ... ..T ... ..T ..T ... TTT ..A ... ... ... C.. ... ... ..A ..A ... ... ... ..A ..T ..C ..C ... ..C ..C ..C GCA TCC CC. TC. TT. ... ..C .AC .TT GTT TAC T.T ... ..T ... ... ..C ... C.G GT. .CT ... ... ... ... ... ... C.T TAT .C. ..T C.T ..T .GA ... C.A CAA GGT G.T .CA .C. ... ... ... G.. ..C ..C ... ... T.G G.C GA. T.. A.G ATT ... ... ... ..G ... ... ... G.G GCT GC. T.T ... ..A ..A ..C ... ..C ... AT. T.C T.. ..T ..T ..A A.. ..G ... ..A ..A ..A T.. A.A .AA A.A A.A A.A A.A GTA TC. A.G T.G T.T GAT T.A GAA A.. C.. ... ... ..G ..G ..G ..G ... ... ..C ATG ... ..T ..A ... ..A ..A ..A ... ... ..C ... ... CTG ATG .AT .TT ..G ..T ..T .GT ... ..A ..C .G. ..T ..T ..A ... ... ... ... ... ..A ... ... ... ... .A. ..G C.A A.T ... ..T A.C ACA ..C ... ..T ..T ATA GTA ... ..C ..C .TC G.T ATT ... ..T ..T ..T AA. G.C .A. ... ..A ... ... ... ... A.G ..G C.T A.C AGG ..G ... ..A ..A C.. C.A ..A A.. ..C ..C 
Agos                            ..G ... ..G .G. .TT C.. G.G GGT TGT ... ..T ... ... ..T ... ... TT. ... ... ... ... C.. ... ... ..A ... ... ... ... ... ..A ... ..C ..C ... ..C ..C .GC .CG CCC TCC TT. ... ..G .AT .TT .TT TAC T.G ..T ..C ..G ..C ..G ... C.A GTC ... ... C.C C.G ..G C.G ... C.C TAT .CC ..T C.G ..A .GA ... C.. CA. GGC G.T CAA .C. ..C G.G ... G.. ... ... ... ... C.. G.. .G. T.C A.G ATC ..G ..G ..G ..G ..G ... ..G G.. GCT GCT T.T ... ... ... ..C ... ..C ... ATC T.. T.. ... ..T ..T A.A ..G ... ... ... ... T.C ... .AG A.A A.A A.G ..A GTC TC. A.G ..G T.T GAT ..A GA. A.. C.G ... ..G ..G ... ... ..C ... ..C ..T ATG ... ..T ... ..A ... ... ..A ..A A.. ..C ..C ... CTG ATG .AT .TT ... ... ... ... ..A ..G ..C .G. ..T ..T ... ... ..C ..G ... ..C ..A ..A ..C ..G ... .A. T.G T.G ..T ..T ..A ..C ..A ..G ... .T. ... AT. GTC ... ... ... .TC ..T ... ..A ... ... ..C AA. G.. .A. ... ... A.C ... ... ... A.G C.. C.G A.C CGG ..G ..T C.T ... ... C.. ... AC. ... ..C 
Klac                            ..G ... ..G ..G .G. ... ... ..G ..G ... ... ..T ..T ..T ..T ..T ..T ... ... ... ... C.A ... ..C ..A ... ... ... ... ..A ... ..C ... ... ... ..C ..C ..C ... ... ... ... ..G ..C ..C ... ... ..G ... ..T ..A ..A ..C ... ... ... ... ... ... ... ... ... .AG ... ... ... ..G ..C ..C ... ... ... C.A ... ... ... .A. ... ... ... ... ... ..C ..C ..C ... ..C ..C ... ... ... ..G ... ... ..G ..G ..G ... ..G ... ... ... ... ... ..A ..A ... ... ... ... A.. ..C ..C ... ... ..A ..C ... ... ... ..C ... ..A ..T ..C A.A ... A.A A.A ... ... ... T.. T.. T.G ..T T.. ... ... ... ... ... ... ..G ..T ... ..C ... ..T ..T ... ..A ..A ..A ..A ... ..A A.C ... ... ... ... ... ..T ..T ..G ..T T.A ..T ..A ... ..A ..C ..T ..T ..A ... ... ..A ... ... ... ... ... ... ... .CT T.G ..T ... ... ..T ... A.. ... ..T ..T ..T ..C ..C ..C ... ... ... G.G A.. ..A ... ... ..C ... ..C ... ... ..A A.. ... ..C ... ..G ... ... A.T ... ... ... C.A C.A ..A C.A C.T ..C ..C ... 
Calb                            ... ... ... ... .TT ... ... ... ... ... ... ..T ... ... ... ..T G.T .GA ... ... G.A C.. ..A ..A ..A ..A ..A ..A ... ... ..A ... ..C TCA ... ..C C.A .CC TT. ... ... TC. ..C ..T ..T ..C ..T ..C ..T ..T ..C ..C ... ..A ..C ..A ... ... C.T ... ... ... ... .AG ... .CC C.. ..T CC. ..T G.. ... T.. ... ... ... ..C ... ... G.A ... ..A ..C ... G.. ..C ... ... ... ... ... ... ... ..G ..G TCT ..G ... ... ... ... ... ... ... ..A ..A ... A.G ... ... A.. ... ... ... ..T ..A ..C ... ..A ..G ..A ... AAG AAT A.A A.A A.A A.A A.A A.A A.A T.G T.G T.G G.A T.G T.. ... ... ... ... ... ... ... ..T ... ... ... ..A ..T ..T ..A ..A ..A ..A ... ..A ..C ... ... ... ... ... ... T.. ..T ..A T.. .AA ... ... T.. ... ..C ..T ..T ..G ..G ..C ... ... ..G ... ... ..G ... ACC ..C ..G ... ..A ... TC. ..C ... ..T ... ..T ... ... ... ... ..C ..C A.. ... ... ... G.T ... ..A ..C ..A ... ..A A.C ... A.. ... ... C.T ... A.C ... ... ... A.. C.C C.C ... ... .AC ... ..C 

    1    2    1    1    2    2    1    1    1    2    1    1    2    3    1
    2    4    3    1    2    2    1    1    2    1    1    2    3    1    3
    2    2    1    2    1    4    1    1    3    1    1    1    3    1    1
    2    2    1    2    3    4    1    1    2    1    1    3    1    1    3
    4    2    1    1    1    2    1    1    1    1    1    1    1    2    1
    3    2    1    1    1    1    2    1    2    1    1    2    1    2    1
    1    2    4    1    3    1    1    2    2    3    3    3    2    2    2
    3    1    1    1    2    2    2    2    1    1    3    1    1    2    1
    1    2    2    1    2    3    2    3    4    2    1    2    1    1    2
    1    3    2    1    3    1    3    2    2    1    1    1    2    2    1
    1    2    2    3    2    1    1    2    2    1    2    1    1    1    2
    3    2    2    2    1    3    1    2    2    1    1    3    1    3    1
    2    1    2    3    1    6    4    2    1    1    1    1    2    1    1
    1    1    3    1    1    1    2    1    2    2    1    2    2    1    1
    1    1    2    1    1    1    1    2    2    1    1    1    1    1    1
    2    1    2    2    1    1    1    2    2

CODONML (in paml version 4.9j, February 2020)  temp.nuc
Model: One dN/dS ratio, 
Codon frequency model: Fequal
ns =   9  ls = 393

Codon usage in sequences
--------------------------------------------------------------------------------------------------------------------------------------
Phe TTT   5  11   4   5   4   7 | Ser TCT   7  11   7   8  11  12 | Tyr TAT   8  17   3   6  16  13 | Cys TGT   4   5   4   4   5   5
    TTC   4   4   5   4  11   8 |     TCC   6   2   5   3   5   5 |     TAC   5   3  10   7   4   7 |     TGC   0   0   0   0   0   0
Leu TTA   4   6   9   5   7   5 |     TCA   2   7   4   3   3   1 | *** TAA   0   0   0   0   0   0 | *** TGA   0   0   0   0   0   0
    TTG   7   7   6   6   4   5 |     TCG   1   1   0   2   0   0 |     TAG   0   0   0   0   0   0 | Trp TGG   1   1   1   1   1   1
--------------------------------------------------------------------------------------------------------------------------------------
Leu CTT   0   0   1   1   2   2 | Pro CCT  10   5   8   7   4   5 | His CAT  11   3   8   9   5   3 | Arg CGT  17  10  15  18   8   1
    CTC   3   0   2   2   0   0 |     CCC   3   4   3   1   1   0 |     CAC   2   4   5   4   2   4 |     CGC   1   0   3   0   0   0
    CTA   4   3   2   6   5   3 |     CCA   2   5   4   4   9   7 | Gln CAA  28  20  28  27  21  23 |     CGA   0   0   0   0   0   0
    CTG   3   2   1   1   1   3 |     CCG   0   0   0   3   0   2 |     CAG   5   4   5   6   4   4 |     CGG   0   0   0   0   0   0
--------------------------------------------------------------------------------------------------------------------------------------
Ile ATT  19  15  19  18  15  18 | Thr ACT   9   9  11   8  12  10 | Asn AAT  18  10  21  28  20  10 | Ser AGT   0   1   0   0   0   0
    ATC   1   2   2   1   4   6 |     ACC   3   4   3   4   1   6 |     AAC  16  17  13   8  10  17 |     AGC   0   0   0   0   2   0
    ATA   2   1   1   1   4   1 |     ACA  12   1   9  15   5   7 | Lys AAA  12  19  21  15  10  13 | Arg AGA  17  19  16  15  24  27
Met ATG   9  11   9   9   7   7 |     ACG   4   8   5   1   0   0 |     AAG  25  13  16  22  18  16 |     AGG   0   1   1   2   1   1
--------------------------------------------------------------------------------------------------------------------------------------
Val GTT   4   6   2   4  16  13 | Ala GCT   7   4   3   8   6  10 | Asp GAT   8  14   9   7  12  11 | Gly GGT  23  27  23  23  26  31
    GTC   2  14   4   2   4   2 |     GCC   7   5   8   6   4   2 |     GAC   4   0   3   5   3   5 |     GGC   2   0   1   0   1   0
    GTA   6   2   2   6   0   3 |     GCA   4   4   7   4  13   7 | Glu GAA  19  34  25  22  27  22 |     GGA   2   4   0   2   2   2
    GTG   2   3   6   2   1   3 |     GCG   2   8   2   2   2   3 |     GAG  11   2   5   8   8  14 |     GGG   0   0   3   2   2   0
--------------------------------------------------------------------------------------------------------------------------------------

--------------------------------------------------------------------------------------
Phe TTT   6   2   5 | Ser TCT   5   4   6 | Tyr TAT  14  10   9 | Cys TGT   5   2   2
    TTC  10   7   6 |     TCC   8   5   8 |     TAC   5   3   5 |     TGC   0   2   0
Leu TTA   0   6   2 |     TCA   2   5   8 | *** TAA   0   0   0 | *** TGA   0   0   0
    TTG   9   8  11 |     TCG   2   0   1 |     TAG   0   0   0 | Trp TGG   1   1   1
--------------------------------------------------------------------------------------
Leu CTT   3   2   1 | Pro CCT  10   6   4 | His CAT   3   5   8 | Arg CGT   0   6   1
    CTC   0   0   4 |     CCC   1   2   1 |     CAC   4   6   2 |     CGC   5   2   0
    CTA   2   7   0 |     CCA   2   7   8 | Gln CAA   6  25  28 |     CGA   4   0   1
    CTG   6   0   0 |     CCG   1   0   1 |     CAG  23   9   6 |     CGG   6   0   0
--------------------------------------------------------------------------------------
Ile ATT  14  12  15 | Thr ACT   6  11  13 | Asn AAT  11  27  11 | Ser AGT   2   0   2
    ATC   6  10   5 |     ACC   7   4  20 |     AAC  16  15  14 |     AGC   1   0   0
    ATA   1   0   2 |     ACA   4  11   5 | Lys AAA   7   9  22 | Arg AGA  10  27  32
Met ATG   7   8   8 |     ACG   7   4   0 |     AAG  24  24  11 |     AGG   5   1   0
--------------------------------------------------------------------------------------
Val GTT  10   5   2 | Ala GCT   7  14  10 | Asp GAT   8  10  13 | Gly GGT  16  23  16
    GTC   8   1   4 |     GCC   8   2   0 |     GAC   6   2   2 |     GGC   8   0   5
    GTA   2   0   4 |     GCA   1   3   4 | Glu GAA  19  25  34 |     GGA   3   4   0
    GTG   2   1   3 |     GCG   5   5   0 |     GAG  15   3   1 |     GGG   4   0   6
--------------------------------------------------------------------------------------

Codon position x base (3x4) table for each sequence.

#1: Scer           
position  1:    T:0.13740    C:0.22646    A:0.37405    G:0.26209
position  2:    T:0.19084    C:0.20102    A:0.43766    G:0.17048
position  3:    T:0.38168    C:0.15013    A:0.29008    G:0.17812
Average         T:0.23664    C:0.19254    A:0.36726    G:0.20356

#2: Sbay           
position  1:    T:0.19084    C:0.15267    A:0.33333    G:0.32316
position  2:    T:0.22137    C:0.19847    A:0.40712    G:0.17303
position  3:    T:0.37659    C:0.15013    A:0.31807    G:0.15522
Average         T:0.26293    C:0.16709    A:0.35284    G:0.21713

#3: Smik           
position  1:    T:0.14758    C:0.21628    A:0.37405    G:0.26209
position  2:    T:0.19084    C:0.20102    A:0.43766    G:0.17048
position  3:    T:0.35115    C:0.17048    A:0.32570    G:0.15267
Average         T:0.22986    C:0.19593    A:0.37913    G:0.19508

#4: Spar           
position  1:    T:0.13740    C:0.22646    A:0.37405    G:0.26209
position  2:    T:0.18575    C:0.20102    A:0.44275    G:0.17048
position  3:    T:0.39186    C:0.11959    A:0.31807    G:0.17048
Average         T:0.23834    C:0.18236    A:0.37829    G:0.20102

#5: Ncas           
position  1:    T:0.18066    C:0.15776    A:0.33842    G:0.32316
position  2:    T:0.21628    C:0.19338    A:0.40712    G:0.18321
position  3:    T:0.41221    C:0.13232    A:0.33079    G:0.12468
Average         T:0.26972    C:0.16115    A:0.35878    G:0.21035

#6: Cgla           
position  1:    T:0.17557    C:0.14504    A:0.35369    G:0.32570
position  2:    T:0.21883    C:0.19593    A:0.41221    G:0.17303
position  3:    T:0.38422    C:0.15776    A:0.30789    G:0.15013
Average         T:0.25954    C:0.16624    A:0.35793    G:0.21628

#7: Agos           
position  1:    T:0.17048    C:0.19338    A:0.32570    G:0.31043
position  2:    T:0.21883    C:0.19338    A:0.40967    G:0.17812
position  3:    T:0.30534    C:0.23664    A:0.16031    G:0.29771
Average         T:0.23155    C:0.20780    A:0.29856    G:0.26209

#8: Klac           
position  1:    T:0.13995    C:0.19593    A:0.41476    G:0.24936
position  2:    T:0.17557    C:0.21120    A:0.44020    G:0.17303
position  3:    T:0.35369    C:0.15522    A:0.32824    G:0.16285
Average         T:0.22307    C:0.18745    A:0.39440    G:0.19508

#9: Calb           
position  1:    T:0.16285    C:0.16539    A:0.40712    G:0.26463
position  2:    T:0.18321    C:0.22646    A:0.42239    G:0.16794
position  3:    T:0.30025    C:0.19338    A:0.38168    G:0.12468
Average         T:0.21544    C:0.19508    A:0.40373    G:0.18575

Sums of codon usage counts
------------------------------------------------------------------------------
Phe F TTT      49 | Ser S TCT      71 | Tyr Y TAT      96 | Cys C TGT      36
      TTC      59 |       TCC      47 |       TAC      49 |       TGC       2
Leu L TTA      44 |       TCA      35 | *** * TAA       0 | *** * TGA       0
      TTG      63 |       TCG       7 |       TAG       0 | Trp W TGG       9
------------------------------------------------------------------------------
Leu L CTT      12 | Pro P CCT      59 | His H CAT      55 | Arg R CGT      76
      CTC      11 |       CCC      16 |       CAC      33 |       CGC      11
      CTA      32 |       CCA      48 | Gln Q CAA     206 |       CGA       5
      CTG      17 |       CCG       7 |       CAG      66 |       CGG       6
------------------------------------------------------------------------------
Ile I ATT     145 | Thr T ACT      89 | Asn N AAT     156 | Ser S AGT       5
      ATC      37 |       ACC      52 |       AAC     126 |       AGC       3
      ATA      13 |       ACA      69 | Lys K AAA     128 | Arg R AGA     187
Met M ATG      75 |       ACG      29 |       AAG     169 |       AGG      12
------------------------------------------------------------------------------
Val V GTT      62 | Ala A GCT      69 | Asp D GAT      92 | Gly G GGT     208
      GTC      41 |       GCC      42 |       GAC      30 |       GGC      17
      GTA      25 |       GCA      47 | Glu E GAA     227 |       GGA      19
      GTG      23 |       GCG      29 |       GAG      67 |       GGG      17
------------------------------------------------------------------------------


Codon position x base (3x4) table, overall

position  1:    T:0.16031    C:0.18660    A:0.36613    G:0.28697
position  2:    T:0.20017    C:0.20243    A:0.42409    G:0.17331
position  3:    T:0.36189    C:0.16285    A:0.30676    G:0.16850
Average         T:0.24079    C:0.18396    A:0.36566    G:0.20959

Codon frequencies under model, for use in evolver (TTT TTC TTA TTG ... GGG):
  0.01639344  0.01639344  0.01639344  0.01639344
  0.01639344  0.01639344  0.01639344  0.01639344
  0.01639344  0.01639344  0.00000000  0.00000000
  0.01639344  0.01639344  0.00000000  0.01639344
  0.01639344  0.01639344  0.01639344  0.01639344
  0.01639344  0.01639344  0.01639344  0.01639344
  0.01639344  0.01639344  0.01639344  0.01639344
  0.01639344  0.01639344  0.01639344  0.01639344
  0.01639344  0.01639344  0.01639344  0.01639344
  0.01639344  0.01639344  0.01639344  0.01639344
  0.01639344  0.01639344  0.01639344  0.01639344
  0.01639344  0.01639344  0.01639344  0.01639344
  0.01639344  0.01639344  0.01639344  0.01639344
  0.01639344  0.01639344  0.01639344  0.01639344
  0.01639344  0.01639344  0.01639344  0.01639344
  0.01639344  0.01639344  0.01639344  0.01639344


TREE #  1:  (((((1, 4), (3, 2)), 5), 6), ((7, 8), 9));   MP score: 1254
This is a rooted tree.  Please check!
lnL(ntime: 16  np: 18):  -7603.464849      +0.000000
  10..11   11..12   12..13   13..14   14..1    14..4    13..15   15..3    15..2    12..5    11..6    10..16   16..17   17..7    17..8    16..9  
 0.059325 0.000004 7.329822 0.000004 0.145949 0.082273 0.000004 0.230161 7.084039 0.553012 0.595055 0.059379 0.331836 0.709583 6.933910 8.698951 1.466421 0.027664

Note: Branch length is defined as number of nucleotide substitutions per codon (not per neucleotide site).

tree length = 32.813309

(((((1: 0.145949, 4: 0.082273): 0.000004, (3: 0.230161, 2: 7.084039): 0.000004): 7.329822, 5: 0.553012): 0.000004, 6: 0.595055): 0.059325, ((7: 0.709583, 8: 6.933910): 0.331836, 9: 8.698951): 0.059379);

(((((Scer: 0.145949, Spar: 0.082273): 0.000004, (Smik: 0.230161, Sbay: 7.084039): 0.000004): 7.329822, Ncas: 0.553012): 0.000004, Cgla: 0.595055): 0.059325, ((Agos: 0.709583, Klac: 6.933910): 0.331836, Calb: 8.698951): 0.059379);

Detailed output identifying parameters

kappa (ts/tv) =  1.46642

omega (dN/dS) =  0.02766

dN & dS for each branch

 branch          t       N       S   dN/dS      dN      dS  N*dN  S*dS

  10..11     0.059   863.6   315.4  0.0277  0.0019  0.0687   1.6  21.7
  11..12     0.000   863.6   315.4  0.0277  0.0000  0.0000   0.0   0.0
  12..13     7.330   863.6   315.4  0.0277  0.2349  8.4903 202.8 2677.8
  13..14     0.000   863.6   315.4  0.0277  0.0000  0.0000   0.0   0.0
  14..1      0.146   863.6   315.4  0.0277  0.0047  0.1691   4.0  53.3
  14..4      0.082   863.6   315.4  0.0277  0.0026  0.0953   2.3  30.1
  13..15     0.000   863.6   315.4  0.0277  0.0000  0.0000   0.0   0.0
  15..3      0.230   863.6   315.4  0.0277  0.0074  0.2666   6.4  84.1
  15..2      7.084   863.6   315.4  0.0277  0.2270  8.2056 196.0 2588.0
  12..5      0.553   863.6   315.4  0.0277  0.0177  0.6406  15.3 202.0
  11..6      0.595   863.6   315.4  0.0277  0.0191  0.6893  16.5 217.4
  10..16     0.059   863.6   315.4  0.0277  0.0019  0.0688   1.6  21.7
  16..17     0.332   863.6   315.4  0.0277  0.0106  0.3844   9.2 121.2
  17..7      0.710   863.6   315.4  0.0277  0.0227  0.8219  19.6 259.2
  17..8      6.934   863.6   315.4  0.0277  0.2222  8.0317 191.9 2533.1
  16..9      8.699   863.6   315.4  0.0277  0.2787 10.0762 240.7 3178.0

tree length for dN:       1.0515
tree length for dS:      38.0086


Time used:  0:18
