      9   1176

Scer                            GTT AGA TTA ACA ACC GCA GCC AGA GCA GAT AGT AGT GAA CAA CAA CGT ATC GAT GCC CCT CGT CGT TTA AGA ACT GAC TTT TGG ATT TTT TTC AAA AAT AGT TTC GCC AAT TCG CTG CTG AAG GAC AGT AAA ACA ACT TTC GAT GAT TCT TAC TTA AGG ATT AAG TTT GAT AAT TCC ACT TAT GGT GCA AGA AAT GAC AGC ACT GCC TTT GTG GCT ACT GCT GCT CTT ATC GTG GAC GAC TTT CTT TTC GGT ATT AGA GAT TCC AAG AAC TTT CCC CAA TCG GTG GAG TCA ATA ATC GAC AGA GCC CTG GAC GGC AAC AAC CTT AAT AGA CAA GGT AAT CAA CTT AGA CTG GGT TTC ATC GGT GGT TTA GCT GAT GAT AGT GCA TTG TTC TTC GCC AGG CGT GAT CAA ATC TCC GAC ATT GGC AGT TCC CTG GAT TTG ACC AAG ATC GGT ACC ACT GCT CAC GCC GAT GGT CAC AGG CTT AGA TTC GTT AGT TAC CTG AGA GCT ACT GAA CCG TCC GCT TTC TTT AAC GGG TAC TTT ACC GGC ATT GAC AGA TTC CAT GGT AGA CCC GAT AGA TGT GCA TAC GCC TTT GCA GTG TCA CAC GGT TCT GTT TAT GGT GCC CCA AGT TGC GGT GAT AGA ACT TGG TAT GCA AGA AAA GCA TAT TTC TCT GTC TAC GCA GAA GGT AAT CCC AAT CTT TCT CTA GGC AAA AAA CTT TCC CAG TTG GGT TTC GAT TTC GGT AAT AAT AAC TCT CTG AAC TTG CAA CCG ACT GAT TGG TTA TAT GGT AGA AAG GTA ACA TTG AGT AAT AAG AGG AAT TAC CTA TTG TTC AGG GCG GCC GCC GCT AAG GCG GAT CCA TGC ACT GAG AAT TTG GTT AAT ATC TGT AAT AAA TTT GCT CTT TCT AAC TTT TTT ATT TCC CAT AGC ACT AAA AGA GAT GCC GGT GCA TCT TTA TTT GGT AAG CCT TAC GAC GGC CAA GAC GTG GTT TAC AAT CAA CAA TAC ATG CAA ACC GAT GTT TCT GGG GCA TGT GGT TTG GCC GGT GCC GAT CAC ACG AAC TGG AAT AAC GCC TCG GCA CTT GCA CGT AAA GGT GTG CCG AGA AAA AGA GCT TCC AAC TCT TGG AAG AAA AGA ACT GGT AAT TTA GAC TAT CCC AAG AGA ACT GGT GAT GGG AAA TCC ACT GCT CTG TTC AGA 
Sbay                            GTT AGG TTG ACC ACC GCT GCC AGA GCT GAT AGT AGT GAG CAA CAA CGT ATA AAC GCC TCC CGT CGT TTA AGA ACT GAC TTC TGG ATC TTT TTC AAA AAC AGT TTC GCC AAC TCG TTG CTA AAG GAT AGC AAA ACA ACT TTC GAC GAC TCC TAC TTA AGA ATC AAG TTC GAC AAC TCC ACC TAT GGT GCC AGA AAT GAT AGC ACC GCC TTT GTG GTT ACC GCT GCT CTT ATC GTG GAC GAC TTC CTT TTC GGT ATA AGA GAT TCC AAG AGC TTC CCC CAA TCG GTC GAA TCA ATA ATC GAC AGA GCT CTA GAT GGT AAC AAC CTT AAC AGA CAA GGT AAT CAA CTT AGA CTG GGT TTC ATC GGT GGT TTA GCT GAT GAC AGT GCC TTG TTC TTC GCT AGG CGT GAT CAA ATC TCT GAT ATA GGC AGT TCC TTG GAT TTA AAC AAG ATC GGT TCC ACA GCT CAC GCC GAC GGT CAT AGG CTT AGG TTC GTT AGT TAC TTG AGA GTT ACC GAA CCA TCT GCT TTC TTC AAC GGC TAC TTT ACA GGC ATC GAT AGA TTC CAC GGT AGA CCT GAT AGA TGT GCC TAC GCC TTC GCC GTG TCT CAT GGT TCC GTC TAT GGT GCT CCA AGT TGT GGT GAT AGG ACC TGG TAT GCC AGA AAG GCC TAC TTC TCC GTT TAC GCC GAA GGT AAT CCC AAC CTT TCT CTG GGT AAA AAA CTT TCG CAA TTG GGT TTC GAT TTC GGT AAT AAT AAC TCT CTA AAC TTG CAG CCA ACC GAT TGG TTA TAT GGT AGG AAG ATT ACA TTG AGT AAT AAG AGA AAT TAC CTG TTA TTC AGG GCG GCT GCT GCT AAG GCG GAT CCA TGT ACC GAG AAT TTA GTC AAC ATC TGT AAT AAG TTC GCT CTT TCC AAT TTC TTC ATT TCC CAT AGC ACA AAA AGA GAT GCC GGT GCA TCT TTA TTC GGT AAG CCT TAC GAT GGC CAG GAT GTG GTT TAC AAC CAA CAA TAC ATG CAA ACC GAT GTC TCG GGC GCC TGT GGT TTG GCC GGT GCT GAT CAC ACT AGC TGG AAC AAT GCT TCG GCC CTT GCC CGT AAG GGT GTG CCA AGA AAA AGA GCA TCT AAT TCG TGG AAG AAA AGA ACC GGT AAT TTA GAC TAT CCC AAG AGA ACC GGT GAT GGT AAA TCC ACC GCT CTA TTC AGA 
Smik                            GTA AGA CTG ACC ACA GCG GCC AGA GCG GAT AGT AGT GAA CAA CAG CGT ATA AAC GCC TCT AGG CGT CTA AGA ACT GAC TTC TGG ATA TTT TTC AAA AAT AGT TTC GCC AAC TCG TTG TTG AAG GAT AGT AAA ACA ACC TTC GAC GAC TCC TAC TTA AGA ATC AAA TTT GAT AAT TCC ACT TAT GGT GCC AGA AAT GAT AGT ACT GCG TTT GTG GCT ACT GCC GCA CTA ATC GTA GAC GAC TTT CTA TTC GGG ATA AGA GAT TCC AAG AAT TTC CCC CAA TCG GTG GAG TCA ATT ATC GAC AGA GCT TTG GAT GGC AAC AAC CTA AAC AGA CAG GGT AAT CAA CTT AGA TTG GGT TTT ATC GGT GGT TTA GCT GAT GAC AGT GCC TTG TTC TTC GCT AGG CGT GAT CAG ATC TCG GAT ATA GGC AGT TCC CTA GAT TTG ACT AAG ATC GGT ACG ACG GCT CAC GCC GAC GGT CAC AGA CTA AGA TTT GTT AGT TAC TTG AGA GCT ACT GAA CCG TCC GCT TTC TTT AAT GGC TAC TTT ACT GGC ATT GAC AGA TTC CAC GGT AGA CCT GAT AGA TGT GCC TAT GCG TTC GCC GTA TCG CAT GGT TCT GTC TAT GGT GCC CCG AGT TGT GGC GAT AGA ACT TGG TAT GCC AGA AAA GCC TAT TTC TCT GTT TAT GCC GAA GGT AAT CCC AAT CTA TCC TTG GGT AAA AAA CTA TCC CAA TTG GGT TTC GAT TTT GGG AAT AAT AAT TCT TTG AAT TTG CAA CCC ACT GAT TGG TTA TAT GGT AGA AAG GTC ACA TTG AGT AAT AAG AGA AAT TAT TTG TTG TTC AGG GCG GCC GCT GCT AAA GCG GAT CCG TGT ACT GAA AAT TTG GTT AAT ATC TGT AAT AAA TTT GCT CTA TCC AAC TTT TTC ATT TCC CAC AGT ACG AAA AGA GAT GCC GGT GCA TCC TTA TTT GGC CAA CCT TAC GAC GGC CAA GAT GTA GTT TAT AAT CAG CAA TAC ATG CAA ACA GAC GTT TCT GGG GCC TGT GGT TTG GCC GGT GCT GAT CAC ACT AAT TGG AAT AAT GCC TCG GCC CTA GCC CGT AAA GGT GTG CCG AAA AAA AGA GCC TCC AAC TCT TGG AAG AAA AGA ACT GGT AAT TTA GAC TAT CCC AAG AGA ACT GGT GAT GGT AAA TCC ACT GCT TTG TTC AGA 
Spar                            GTT AGA TTG ACC ACA GCT GCT AGA GCT GAT AGT AGT GAA CAA CAA CGA ATC AAC GCC TCT CGT CGT CTA AGA ACT GAC TTC TGG ATT TTT TTT AAA AAT AGT TTT GCC AAT TCG CTG CTG AAA GAT AGT AAA ACA ACT TTC GAT GAT TCG TAT TTA AGA ATT AAG TTT GAT AAT TCC ACT TAT GGT GCC AGA AAT GAT AGT ACC GCC TTT GTG GCT ACT GCT GCT CTT ATC GTG GAC GAC TTT CTT TTT GGG ATT AGA GAT TCC AAG AAT TTT CCT CAA TCG GTG GAA TCA ATA ATC GAC AGA GCC CTG GAT GGC AAC AAC CTT AAC AGA CAA GGT AAT CAA CTT AGA TTG GGT TTC ATC GGT GGC TTA GCG GAT GAT AGT GCC TTG TTC TTC GCC AGG CGT GAT CAA ATC TCT GAT ATT GGC AGT TCC CTA GAT TTG ACC AAG ATC GGT ACC ACC GCT CAC GCC GAT GGT CAC AGG CTT AGA TTC GTT AGT TAC CTG AGA GCT ACT GAA CCG TCC GCT TTC TTT AAT GGG TAC TTT ACC GGC ATT GAC AGA TTC CAT GGT AGA CCA GAT AGA TGT GCT TAC GCC TTT GCC GTG TCG CAC GGT TCT GTT TAT GGT GCT CCA AGT TGC GGT GAT AGA ACT TGG TAT GCC AGA AAA GCT TAT TTC TCT GTT TAC GCT GAA GGT AAT CCT AAT CTT TCT CTG GGT AAA AAA CTT TCC CAA TTG GGT TTC GAT TTC GGG AAT AAT AAC TCT CTG AAC TTG CAA CCC ACC GAT TGG TTA TAT GGT AGA AAA GTT ACA TTG AGT AAT AAG AGA AAT TAC CTG TTG TTT AGG GCG GCA GCC GCT AAG GCG GAT CCA TGC ACT GAG AAT TTG GTT AAT ATC TGT AAT AAA TTT GCT CTT TCT AAC TTT TTT ATT TCC CAT AGT ACC AAG AGA GAT GCC GGT GCA TCT TTA TTT GGT AAG CCT TAC GAC GGC CAA GAT GTG GTT TAC AAT CAA CAA TAC ATG CAA ACA GAT GTT TCT GGG GCC TGT GGT TTG GCT GGT GCC GAT CAC ACT AAT TGG AAT AAT GCT TCG GCT CTT GCC CGT AAA GGT GTG CCG AGG AAA AGA GCA TCC AAC TCT TGG AAG AAA AGA ACT GGT AAT TTA GAC TAT CCT AAA AGA ACT GGT GAT GGG AAA TCC ACC GCT CTG TTC AGA 
Ncas                            GTT AGA CTA ACT ACA GCT GCC AGA GCT GAT AGT AGT GAA CAA CAA CGT ATC TCA GCT CAA CGT CGT TTG AGA ACT GAC TTC TGG ATT TTT TTT AGA AAT AGT TTT GCT AAT TCT TTG CTA AAG GAC AGT GAG ACT ACA TTC GAT GAT TCG TAT TTG AAG ATC AAG TTC GAT AAT TCA ACC TAT GGG GCT AGA AAC GAC AGC ACC TCC TTC GTC AAA ACA GCT GCT TTA ATA GTA GAT GAT TTC TTA TTT GGT ATT AGA GAT TCA AAA AGC TTC CCT CAA TCT GTG GAA TCA ATC ATA GAC AGA GCC CTA GAT GGT AAT AAT TTA AAT AGA CAA GGG AAT CAA CTT AGA TTA GGG TTT ATC GGG GGT CTA GCA GAT GAT AGT GCT TTA TTT TTC GCC AGA CGT GAT CAA ATC TCC GAT ATT GGG AGT TCA CTT GAT ATC ACT AAG ATA GGT TCA ACC GCC CAT GCT GAT GGG CAT AGA TTA AGA TTT GTG AGT TAT TTG AGA AAA ACA GAA CCC TCT GCA TTC TTT AAC GGG TAT TTT GTG GGA ATC GAC AGA TTC CAT GGT AGA CCA GAT AGA TGT GCC TAT TCC TTC GCT GTA TCC CAT GGT ACA GTC TAT GGG GCT CCA AGT TGT GGA GAT AGA ACA TGG TAT GCT AGA AAG GCC TAT TTT ACA GTC TAT GCC GAA GGT AAT CCT AAT TTA TCT TTG GGT AGA AGA TTA TCT CAA TTA GGT TTT GAT TTT GGT AAT AAT AAT TCT CTA AAT TTA CAA CCA ACC GAT TGG CTA TAT GGT AGA AAG GTT ACA TTA AGT AAC AAG AAG AAT TAT TTG ATC TTT AGA GCC GCA GCC GCC AAG GCC GAT CCA TGT ACA GAA AAC ATC GTT AAC ATA TCC AAC AAA TTC GCC TTA TCT AAC TTC TTC ATT TCA CAT AGC ACC AAA AGA GAT GCT GGT GCA TCT TTG TTT GGA AAA CCA TAC GAC GGG CAA GAT GTA GTC TAC AAC CAA CAA TAT ATG CAA ACA GAC GTT ACT GGT GCT TCC GGT TTA GCC GGT GCC GAT CAT ACT AGC TGG AAT AAT GCA TCT GCC TTA GCT CGT AAG GGT GTC CCC AAA AAG AGA GCA TCT AAC ACT TGG AAG AAC AGA ACA GGT AAT TTG GAC TAT CCT AAG AGA ACC GGT GAT GGG GAG TCA ACC GCA CTA TTT AGA 
Cgla                            GTG AGG CTT ACA AAT GCT GCT AGA GCT GAT AGT AGT GAG CAG CAG CGT ATC GCT GCA ACC CGT CGT TTA AGA ACG GAA TTC TGG ATC TTC TTC AAG AAT AGT TTC GCC AAC ACG CTG CTT AAG GAC AGC AAG ACA ACT TTC GAC GAC TCA TTC TTG AAG ATC AAA TTT GAC AAT TCT ACT TAC GGG GCG AGA AAT GAC GGT ACC CAA TTC GTA AAA ACA GCC GCT TTA ATT ATC GAC GAC TTC TTA TTC GGT ATC AGA GAC TCT AAA GCT TTC CCA CAG ACG GTA GAA TCC CTG ATT GAA AGA GCA CTT GAC GGT AAC AAT TTA AAT AGA CAA GGG AAC CAG TTG AGA ATG GGG TTC ATC GGG GGT CTG GCA GAC GAC AGT GCG TTG TTC TTC GCA AGG CGT GAG CAG ATC TCT GAC ATC GGT AGT TCT CTG GAC CTG ACC AAA ATT GGT TCA ACG GCT CAT GCC GAC GGG CAT AGA TTA AGG TTC GTC AGT TAC CTG AGA AAA ACC GAG CCC TCC AGT TTC TTC AAC GGT TAC TTC AAC GGT ATA GAC AGA TTT CAC GGT AGA CCC GAT AGA TGT GCC TAC CAA TTC GCG ATC TCA CAC GGT TCC GTA TAC GGT GCT CCA AGT TGT GGT GAT AGG ACA TGG TAC GCG AGA AGG GCC TAC TTC TCC GTG TAC GCC GAG GGT CAG CCA AAT TTA TCG TTG GGT AAG AAG TTA TCT CAG TTG GGC TTC GAG TTC GGT AAC AAC AAC TCG CTT AAC TTA CAA CCA ACC GAT TGG CTG TAC GGT AGG AAG GTG ACA TTG AGT AAT AAA AAG AAC TAT TTG CTG TTC AGA GCC GCC GCA GCT AAA GCC GAT CCA TGT ACC GAG AAC CTG GTG AAC ATT TCT AAC AAG TTT GCT TTA TCC AAC TTT TTC ATC TCT CAC GGT ACG AAA AGA GAT GCA GGT GCA TCG TTG TTC GGT AAC CCA TAC GAC GGT CAA GAC ATC GTG TAT AAC CAA CAG TAC ATG CAG AAT GAT GTG ACT GGT GCG TCT GGT TTA GCT GGC GCA GAC CAC ACT GCT TGG AAT AAC GCT ACG GCC TTA GCG AGG AGG GGT GTA CCC AAG AAA AGA GCC TCC AAT ACT TGG AAG AAA AGA ACC GGT AAC TTG GAA TAC CCA AAG AGA ACT GGC GAG GGC AAG TCT ACC AGT CTT TTC AGA 
Agos                            GTG AGG CTA ACG ACC GCC GCC AGA GCC GAT AGT AGT GAG CAG CAG CGC ATC AAG GCA GCC CGT CGT GTG AGA ACT GAC TTC TGG ATC TAC TTT AAG AAT AGT TTT GCC AAT TCG TTG TTA AAG GAC AGT GAG GCC ACC TTC GAC GAC TCC TAC TTG AAG ATG AAA TTC GAT AAT TCA ACG TAC GGC GCT AGA AAC GAC AGC ACG GCC TTC GTG CAG ACT GCG GCA CTC ATT ATC GAC GAC TTC CTC TTT GGG ATC AGA GAC TCA CGG AAA TTT CCC CAG TCG GTC GAG TCT CTC ATC GAC CGC GCT TTA GAT GGC AAT TAC CTC AAC CGG CAG GGC AAT CAA CTG AGA TAC GGC TTC ATC GGC GGG CTA GCC GAC GAC AGT GCT CTG TTC TTC GCT CGA AGG CAC CAG ATC TCT GAT ATC GGC AGT TCA CTG GAT CTG ACC AAG ATC GGC TCT ACA GCC CAT GCC GAC GGC CAC CGG CTC AGG TTC ATT AGT TAC TTG AGA CAG ACG GAG CCC TCG GCG TTC TTC AAC GGT TAC TAC ACC GGT ATC GAC AGG TTC CAC GGT AGA CCT GAT CGT TGC GCC TAC GCC TTT GCT ATC TCG CAC GGT ACG GTC TAC GGT GCA CCA AGT TGC GGC GAT CGT ACG TGG TAC GCT AGA CGG GCC TAC TTC ACG GTT TAC GCC GAG GGT CAA CCC AAT CTC TCC TTG GGC AAG AAG CTC TCC CAA CTG GGT TTC CAC TTC GGG AAC AAC AAC GCA TTA AAC CTC CAG CCT ACG GAT TGG TTG TAC GGC CGT AAG GTC ACC CTG AGC AAC AAG AAG AAC TAC TTG CTG TTT AGA GCG GCC GCT GCG AAA GCG GAC CCA TGC ACG GAG AAC CTG GTC AAC ATT TCG AAC AAG TTC GCC CTC TCG AAT TTC TTT ATC TCA CAC AGC ACA AAG CGT GAT GCA GGC GCA TCC TTG TTC GGC AGA CCC TAT GAC GGC CAG GAT ATC GTG TAT AAC CAG CAA TAC ATG CAA ACC GAC GTC GCT GGT GCT TCG GGC CTC TCT GGG GCT GAT CAC ACT AAA TGG AAT AAC GCA TCG GCC CTC GCT CGT CGG GGC GTG CCC AAA AAG AGG GCG TCG AAC GCT TGG AAG ACT AGA ACG GGT AAC TTG GAC TAC CCC AAG AGA ACG GGG CAC GGC GAG TCA ACG GCG TTA TTC CGC 
Klac                            GTC AGG CTT ACA ACT GCA GCC AGA GCA GAT AGT AGT GAA CAA CAA CGT ATC AAA GCC TAC CGT CGT GTC AGA ACT GAC TTC TGG ATT TTT TTC AAG AAT AGT TTC GCA AAC TCA TTG CTT AAG GAT AGC TCT AGA ACC TTC GAT GAT TCT TAT TTG AGA ATG AAG TTC GAT AAT TCT ACC TAC GGT GCG AGA AAC GAT AGT ACA GCC TTC GTT AAA ACT GCT GCA CTT ATC GTC GAT GAT TTC CTT TTC GGG ATC AGA GAT TCT AAA AAA TTT CCT CAA TCA GTC GAG TCA CTA ATC GAC AGA GCA CTT GAT GGT AAC TTC CTT AAT AGA CAG GGT AAC CAG TTG AGA ATG GGT TTC ATC GGT GGA CTA GCT GAT GAT AGT GCG TTG TTC TTC GCA CGT AGG GAA CAA ATC TCT GAC ATC GGT AGT TCT CTA GAT CTT GCA AAG ATC GGT TCC ACG GCT CAC GCA GAT GGT CAT AGA CTT AGG TTC ATT AGT TAC TTG CGT AAA ACT GAA CCT TCC GCG TTC TTC AAC GGT TAT TTT ACT GGT ATC GAT CGT TTC CAT GGG AGA CCG GAT AGA TGT GCA TAT GCC TTT GCG GTC TCT CAT GGT GCT GTG TAT GGT GCA CCA AGT TGT GGT GAT AGA ACT TGG TAT GCG CGT AAG GCA TAT TTC GCT GTG TAT GCA GAA GGT CAA CCT AAT CTT TCA TTC GGT AAG AAG CTT TCT CAA TTG GGT TTC GAA TTC GGG AAC AAC AAT TCA CTT AAT TTA CAA CCC ACA GAT TGG TTG TAT GGT AGA AAG GTA ACA TTG AGT AAC AAG AGA AAC TAC TTC CTT TTC CGT GCT GCG GCA GCT AAG GCT GAT CCA TGT ACT GAA AAC CTT GTT AAC ATC TCA AAC AAA TTC GCT CTT TCC AAT TTC TTT ATT TCT CAT AGT ACG AAA AGA GAT GCC GGT GCA TCA TTG TTC GGT AAG CCT TAC GAT GGT CAA GAC GTC GTT TAC AAC CAG CAG TAC ATG CAG ACT GAT GTT ACT GGT GCG TCA GGT TTA TCT GGT GCA GAT CAT ACT AAA TGG AAT AAT GCT TCA GCA CTT GCG CGT AAG GGT GTT CCT AAA AAA CGT GCC TCC AAC ACT TGG AAG AAA AGA ACT GGT AAC TTG GAC TAC CCT AAG AGA ACC GGT GAA GGG TCT TCT ACA GCG CTT TTC AGA 
Calb                            GTT AGA TTG TTG AAT GCT GCT AGA GCT GAT AGT AGT GAA CAA CAA AGA ACT AGT GCT GAA CGT CGT ATT AGA ACT GAT TTT TGG ATA TTT TTT AAA AAC AGT TTT GCA AAT TCA TTA TTA AAT GAT AGT AAT AAA ACT TTC GAT GAT TCT TAT TTG AGA TTA AAA TTT GAT AAC TCA ACT TAT GGG GCC AGA AAG GAT AGT ACC CAA TTT GTG GAG ACA GCT GCT TTA ATT GTT GAT GAT TTT TTA TTT GGT ATC AGA GAC TCA AGA AAC TTC CCA CAA TCA ATT GAA TCT GTG ATT GAT AGA GCT TTA GAT GGT AAT CAG TTA AAT AGA CAA GGG AAC CAA TTA AGA ATT GGG TTT ATC GGG GGT TGT GCA GAT GAT AGT GCC TTG TTT TTC GCT AGA AGA AAT ATT ATC AAT GAT ATC GGT AGT TCA TTA GAT ATT TCG AAG ATT GGT TCT ACC GCT CAT GCA GAT GGG CAT AGA TTA AGA TTT ATT AGT GCC TTA AGA GAG ACA GAA CCA TCA GCT TTC TTT AAC GGG GTC TTT CCA GGT ATC GAT AGA TAC TAC GGT AGA CCA GAT AGA GTT GCC TAT CAA TTC GCC GTT AAT CAC GGT TCA GTA TAT GGT CCA CCA AGT TGT TCA GAT AGA ACT TGG TAT GCC AGA AAA GCC TAT TTT TCA ATC TAT GCC GAA GGG AAT CCA AAC TTA TCA ATT GGT AAA AAA TTA TCC CAA TTG GGT TTT AAT TTT GGT AAT AAT GAA ACT TTA GAA TTG CAA CCC ACC GAT TGG TTA TAT GGT AGA AAA GTT ACT TTG TCA AAG AAA AGA AAT TAT ATT ATT TTT AAA GCT GCC GCT GCA AAA GCT GAT CCA TGT ACA GAA AAT ATT GTT AAC ATT TCG AAT AGA TTT GCT TTA TCT AAT TTT TTC ATT TCA CAT AGT ACC AAA AGA GAT GCT GGT AAT TCA TTG TTT TCA AAT CCC TAC GAT GGT CAA GAT GTT GTT TAT AAC CAA CAA GCC ATG CAA AAT GAT GTT AGT GGG GCC TCG GGT TTG GCA GGA GCT GAT TAT CAA AAC TGG AAC AAT ACT TCA GCC TTA GCC CGT AAA GGT GTG CCA AGA AAA AGA GCT TCA AAT AGT TGG AAA AGA AGA ACA GGT AAT TTG GAT TAT CCA AAA AGA ACT GGA AAT GGT AAT TCA ACC GCT TTA TTT AGA 



Printing out site pattern counts


         9        675  P

Scer                            AAA AAA AAA AAA AAA AAA AAA AAC AAC AAC AAC AAC AAC AAC AAC AAG AAG AAG AAG AAG AAG AAG AAG AAT AAT AAT AAT AAT AAT AAT AAT AAT ACA ACA ACA ACC ACC ACC ACC ACG ACT ACT ACT ACT ACT ACT ACT ACT AGA AGA AGA AGA AGA AGA AGA AGA AGA AGC AGG AGG AGG AGG AGT AGT AGT ATA ATC ATC ATC ATC ATG ATT ATT ATT ATT ATT CAA CAA CAA CAA CAA CAA CAC CAC CAC CAC CAG CAT CAT CCA CCC CCC CCG CCG CCT CCT CGT CGT CGT CGT CGT CTA CTG CTG CTG CTG CTT CTT GAA GAA GAC GAC GAC GAC GAC GAC GAG GAG GAT GAT GAT GAT GAT GAT GAT GAT GAT GAT GCA GCA GCA GCA GCC GCC GCC GCC GCC GCC GCC GCC GCC GCG GCT GCT GCT GCT GCT GCT GCT GCT GGC GGC GGC GGC GGG GGG GGG GGT GGT GGT GGT GGT GGT GGT GGT GGT GGT GGT GTA GTC GTG GTG GTG GTT GTT GTT GTT GTT TAC TAC TAC TAC TAC TAC TAC TAT TAT TAT TCA TCA TCC TCC TCC TCC TCG TCT TCT TCT TCT TCT TCT TGC TGG TGT TGT TTA TTA TTA TTA TTA TTC TTC TTC TTC TTC TTG TTG TTG TTT TTT TTT TTT TTT TTT TTT 
Sbay                            ... ... ... ... ... ..G ..G ... ... ... ... ..T ..T ..T .G. ... ... ... ... ... ... ... ... ..C ..C ..C ..C ... ... ... ... ... ... ... ..C .A. ..A ... T.. ..T ..A ..C ..C ..C ..C ..C ... ... ... ... ... ... ... ... ... ..G ..G ... ..A ... ... ... ..C ... ... ... ..A ... ... ... ... ..A ..C ..C ..C ... ... ... ... ... ... ..G ... ... ..T ..T ..A ..C ... ... ... ..T ..A ..A ... T.C ... ... ... ... ... ..G ..A ... T.. T.. ... ... ... ..G ... ... ..T ..T ..T ..T ..A ... A.C ..C ..C ... ... ... ... ... ... ... ... ..C ..C ..T ... ... ... ... ... ..T ..T ..T ..T ... ..A ... ... ... ... ... ... .T. ... ... ..T ..T ..C ..C ..T ... ... ... ... ... ... ... ... ... ... ... A.T ..T ..C ... ... ..C ..C ... ... ... ... ... ... ... ... ... ... ..C ... ... ... ..T ... ..G ..T ..T ... ..C ..C ..C ..G ... ... ..T ... ... ... ... ... ... ... ..G ... ... ... ... ... ..A ... ... ..C ..C ..C ..C ..C ... ... 
Smik                            ... ... ... ... ... ... ... ... ... ..T ..T ... ... ..T ..T ..A ... ... ... ... ... ... C.A ..C ..C ... ... ... ... ... ... ... ... ... ..C ..T ..T ..A ..G ..T ..G ... ... ... ... ... ..C ... .A. ... ... ... ... ... ... ... ... ..T ..A ..A ... ... ... ... ... ..T ..A ... ... ... ... ..A ..A ..C ... ... ... ... ..G ..G ..G ... ... ... ... ..T ..A ..C ..C ..G ... ..T ..C ... ... T.. A.G ... ... ... ... T.G T.. T.. ..A T.. ..A ... ... ... ... ... ... ..T ..T ..T ... ..A A.C ..C ... ..C ... ... ... ... ... ... ... ..C ..C ..G ... ... ... ... ..G ... ... ... ..T ... ..C ..A ..C ... ... ... ... ... ... ... ... ..T ..C ... ..T ..C ..G ... ... ... ... ... ... ... ... ... ..C ..T ... ..A ... ..C ... ..A ... ... ... ... ... ... ..T ..T ..T ... ... ... ... ..G ... ... ... ..G ... ..C ..C ... ... ..C ... ..T ... ... ... C.. ... ... ... C.G ... ... ... ... ..T ... ... ... ..C ..C ... ... ... ... ... 
Spar                            ... ... ... ... ..G ... ... ... ... ... ..T ... ... ..T ..T ... ..A ..A ... ... ... ... ... ..C ... ... ... ... ... ... ... ... ... ... ..C ... ... ..A ... ..T ..C ..C ... ... ... ... ... ... ..G ... ... ... ... ... ... ... ... ..T ..A ... ... ... ... ... ... ... ... ... ... ... ... ... ... ... ... ... ... ... ... ... ... ... ... ... ... ... ..A ... ... ... ..T ..A ..C ... ... T.. ... ..A ... ... ... ..G ... T.. ..A ... ... ... ... ... ... ... ... ..T ..T ..T ..A ... A.C ... ... ... ... ... ... ... ... ... ... ..C ..T ..T ... ... ..T ..T ... ..A ..T ..T ... ... ..A ... ... ..G ... ... ... ... ... ... ... ..T ... ... ... ... ..G ..C ... ... ... ... ... ... ... ... ..T ..T ... ... ... ... ... ... ... ... ... ... ... ..T ... ... ... ... ... ... ... ..G ... ... ... ..T ... ..G ... ... ... ... ... ... ... ... ... C.. ... ... ... ..G ... ... ... ..T ... ... ... ... ..C ... ... ... ... ... ... 
Ncas                            ..C ..G .G. G.G ... ... ..G ..T ..T ..T ... ... ... ..T .G. ... ... ... ..A ... ... ... ..A ... ... ..C ... ..C ..C ... ... ... ... ..T ..T ..T GTG ..A T.A ..T ..C ..C ..A ..A ..A ..C ..A ... .A. ... ... ... ... ... ... ... ... ... .A. ..A ..A ..A ... ... ... ..C ... ..A ..A ... ... ... ... ..C ..C ... ... ... ... ... ... ... ..T ..T ..T ..T ..A ... ... ... ..T ..A ..A ..C ..A .AA ... ... ... ... ... T.G ..A T.A ..T T.. T.A ... ... ... ... ..T ... ... ..T ..T ..A ..A TCA ... ... ..C ... ... ... ... ... ... ... ..T ..C ..T ..T ..T ... ... T.. ..A ..A ..T ... ..C ..A ... ... ..A ..A ..C ..C AAA ..A ..G ..T ..T ... ..T ... ..A ... ... ..G ..G ... ... ... ... ... ... ..T ... ... ..A ..C ..C ... ... ..C ..G ... ..T ..T ..T ... ..T ..T ... ... ... ... ..C ..A ..T ..T ... ..T ..G ... A.A A.. ... ... ..T ... .CC ... ..G C.. C.. ..G C.. ... ... ..T ..T ..T A.C ..A ..A ..C ..C ..C ..C ... ..C ... 
Cgla                            ... ... ..G ..G ... ..G .GG ... ..T ... ... ... ..T ... GCT ..A ... ... ..A ..A ..A ... ..C ... ..C ..C ... ..C ... ..C ..C C.G ... ... ... ... .A. .AT T.A ..T ..G ..C ..A ..A ..C ... ... ..G .AG ... ... ... ... ... ... ..G ..G G.T .A. ..A ..A ... ..C ... ... C.G ... ..T ..T ... ... ..C ..C ..C ..A ..C ..G ..G ... ..G ..G ... ... ..T ..T ... ... ..C ..C ... ..A ... ..A ..C ..A A.C ... ... A.G ... ... T.G ..T A.. ... ... T.A T.G ..G ..G ..A ... ... ... ... ... ..A ... .C. ..C ..C ... ..C ..C ..C ..G ... ... ... ..G ..C ..T ..A ... ..T ..T CAA ... ..T ..T ..A ..C ..C ... ..C ..A AG. ... ... AAA ..T ..T ..T ..T ..T ..T ..C ... ... ... ..G ... ..C ..C ... ... ... ... ..G ..G ..A A.C ..A ..A ..G ..G ..G ..C ... ... ... .T. ..T ... ..T ..C ..C ..C ..C ... ..T ..T ... ..T A.. ..A ..C ..C A.. ..G ..G ..T ... .C. ... ... C.G C.G ..G C.T ... ..T ... ... ... C.. ..A ... ..C ..C ..C ... ..C ..C ..C 
Agos                            .CT ..G ..G G.G ..G ..G CGG ..T T.. ... ... ..T ... ... ..A ..A ... ... CG. ... ... ... .GA ..C ... ..C ... ..C ..C ..C ... C.A ..C G.C ..G ... ... ... T.T ..T ..A ..G ..G ... ..G ..G ..C ... .A. ... ... ..G C.C C.G C.T ..G C.T ... .A. C.. ..A C.A ... ..C ... C.C ... ... ..T ... ... ..C ..C ..G ..C ..C ... ..G ..G ..G ..G ..G ... ..T ... ... ..A ..C ..C ... ... ..T ..T ..C ..C G.C ... ..C ... A.G ... T.G T.A TAC ... T.. ..C ..G ..G ..G ... ... ... ... ..T ..T ... ... A.G ..C ... ..C ..C ..C ... C.C ..C ... ... ..T ..C ..C ..A ... ... T.T ... ... ..A ..A ..T ... ..G ..A ..G ..C ..G ..C ..G CAG ..T ... ... ... ..T ..T ..C ..C ..G ..G ..C ... ..G ... ..C ... ... ... ..C ..T ..C A.C ... ..C ..C ..G ..G A.. ..T ... ... ... ..T ... ... ..C ..C ..C ..T ..G ..A ... ..G ..T ... ..C ..G A.G G.. ..C G.A ... ... .CG ..C G.G C.. ..G ..G C.. ... ... ... ..T ... C.. C.C C.. ..C ... ..C ..C ..C ..C .AC 
Klac                            ... ... ..G TCT ... ... ..G ... TT. ..T ... ..T ... ..T ..A ... ... ... ..A ... ... ... ... ... ..C ..C ... ..C ..C ..C ..C C.A ... .G. ... G.A ..T ..T T.. ..T ..G ..A ... ... ... ..C ..C ... .A. ... C.T C.T ... ... ... ..G ... ..T ..A ..A C.T C.T ..C ... ... C.. ... ... ... ... ... ..C ... ..G ..C ... ..G ... ..G ... ... ... ..T ... ..T ..T ..A ... ... ... ..T ..G ..C ..T ... TAC ... ... ... A.G ... T.C ..T A.. ..A T.. ... T.G ... ... ... ..T ..T ..T ... ..T ... ..A A.A ... ... ... ... ... ... ..A ... ... ... ..G ... ... ... ..A ... T.T ... ..G ..T ..A ..A ..T ..C ..A ... ... ..G ... ... AAA ..T ..T ..T ..T ..T ..T ... ... ..G ..A ... ... ... ... ... ..G ... ... ... ..G ..C ..C ..T ..G ... ..C ... A.. ... ... ..T ..T ... ..T ... ... ..C ... ... ..T ..T ..T ... ..T ..A ... ..C G.. A.. ..A ..A ..T ... .CA ... G.C C.. ..G ..G C.T ... ... ... ... ... C.T ..A ... ..C ... ..C ..C ..C ..C ... 
Calb                            .G. ... ... ..T ... .G. ... ..T C.G G.A ... ..T ..T ..T ... ..A ..A ..T .GA ..A ... ..A ..T ... ... ..C ..C ... ..G ... ..C ... ..T .A. TTG T.G C.A .AT T.T CAA ..C ..C ... ..A ..A ... ... ... ... ... ... ... ... ... ... ... ... ..T ..A ..A .AA ..A ... TCA ... G.G .CT ..T ..T ... ... ..C ..A T.A ..C ... ... ... ... ATT ... ... T.T ..T ..T ... ..A T.C ... ... ..A ..A ..C ..A ..C GAA ... A.A ... A.A ... A.T T.A A.T T.A T.A T.A T.A ... ... ..T ..T ..T ..T ..T ..T ..A ..A AG. ... ... ... ..C ... ... A.. ... ... AAT ..C ..C ..T ..T ..A ..T ..A CAA ... A.T C.A ..T ..T ... ... ... ..A ... ... ..A .AG ..T ..T ..T ..T ... ... ..T TCA ... ... ..G ... ..A ... ... ... ..G ... ..T A.. A.T ..T ... ..A ... ... ... A.. ... GC. GT. ..T ..T ..T ..T ... ... ... ..T AAT ..A ... ..A AAT ..A ... ... ..A AG. ..A A.. ..T ... .CG GT. A.T .GT ... ..G ..G ... .A. ..T ..T ..T A.T ... ... ... ..C ... ... ... ... ... 

    1    1    3    2    1    1    2    1    1    2    1    1    1    1    2
    2    2    1    1    1    1    1    1    1    1    2    4    2    2    4
    1    1    1    1    1    1    1    2    1    1    2    3    1    1    3
    2    1    1    1    8    2    2    2    1    2    2    2    2    2    1
    1    1    1    1    7    1    1    2    2    2    1    2    1    1    1
    1    3    2    2    1    1    2    1    1    1    1    1    1    1    2
    3    1    1    2    1    1    1    1    1    1    1    2    4    1    1
    2    8    1    2    1    3    2    2    2    2    1    1    1    1    4
    1    1    1    1    2    3    1    5    1    6    4    2    2    2    1
    1    2    1    1    1    4    2    1    1    1    1    2    2    1    2
    1    2    1    1    1    1    1    2    2    1    5    1    2    1    5
    1    1    2    1    1    1    3    2    1    2    1    1    1    1    2
    1    1    1    2    1    1    2    3    1    1    5    1    2    1    3
    1    1    2    2    2    1    2    5    2    1    1    1    1    3    1
    3    1    4    4    3    3    2    3    1    3    1    3    2    1    2


CODONML (in paml version 4.9j, February 2020)  temp.nuc
Model: One dN/dS ratio, 
Codon frequency model: Fequal
ns =   9  ls = 392

Codon usage in sequences
--------------------------------------------------------------------------------------------------------------------------------------
Phe TTT  13   3  12  16  15   4 | Ser TCT   9   7   6  10  10   9 | Tyr TAT   6   5  10   7  13   2 | Cys TGT   3   5   5   3   3   3
    TTC  15  25  16  12  13  25 |     TCC   9  11  12   8   6   6 |     TAC   9  10   5   8   2  12 |     TGC   2   0   0   2   0   0
Leu TTA   7   9   5   5  14  11 |     TCA   2   1   1   1   8   3 | *** TAA   0   0   0   0   0   0 | *** TGA   0   0   0   0   0   0
    TTG   8   9  17  10   8   9 |     TCG   3   6   5   5   1   3 |     TAG   0   0   0   0   0   0 | Trp TGG   5   5   5   5   5   5
--------------------------------------------------------------------------------------------------------------------------------------
Leu CTT   9   9   1   9   2   5 | Pro CCT   2   2   2   4   3   0 | His CAT   2   3   1   2   6   2 | Arg CGT   5   5   4   4   5   4
    CTC   0   0   0   0   0   0 |     CCC   4   3   4   1   2   3 |     CAC   4   3   5   4   0   4 |     CGC   0   0   0   0   0   0
    CTA   2   4  10   2   7   0 |     CCA   2   5   0   3   5   7 | Gln CAA  11  10   9  12  13   6 |     CGA   0   0   0   1   0   0
    CTG   8   3   1   8   0   9 |     CCG   3   0   4   2   0   0 |     CAG   1   2   4   0   0   9 |     CGG   0   0   0   0   0   0
--------------------------------------------------------------------------------------------------------------------------------------
Ile ATT   6   2   3   6   4   4 | Thr ACT  14   3  14  10   7   6 | Asn AAT  18  13  22  21  17  11 | Ser AGT   9   8  11  11   9  10
    ATC   7   9   7   7   9  11 |     ACC   5  13   2   9   7   8 |     AAC  10  15   7   8  10  18 |     AGC   2   5   0   0   4   1
    ATA   1   4   4   1   4   1 |     ACA   3   5   4   4  11   5 | Lys AAA  11   8  14  13   7  10 | Arg AGA  22  20  24  23  27  19
Met ATG   1   1   1   1   1   2 |     ACG   1   0   3   0   0   6 |     AAG  10  13   7   8  13  13 |     AGG   5   7   3   4   0   8
--------------------------------------------------------------------------------------------------------------------------------------
Val GTT   6   6   5   8   4   0 | Ala GCT  11  17  12  19  15  13 | Asp GAT  20  21  19  24  23   7 | Gly GGT  23  26  21  21  18  24
    GTC   1   4   2   0   5   1 |     GCC  15  18  21  16  15  11 |     GAC  12  10  12   7   8  18 |     GGC   5   5   7   5   0   4
    GTA   1   0   4   0   3   4 |     GCA  13   2   2   3   7   8 | Glu GAA   3   3   4   4   5   4 |     GGA   0   0   0   0   3   0
    GTG   6   5   3   6   3   6 |     GCG   2   2   6   3   0   6 |     GAG   2   2   1   1   2   7 |     GGG   3   0   3   5  10   5
--------------------------------------------------------------------------------------------------------------------------------------

--------------------------------------------------------------------------------------
Phe TTT   7   5  21 | Ser TCT   4  12   4 | Tyr TAT   2   8  12 | Cys TGT   0   3   3
    TTC  19  26   6 |     TCC   4   4   1 |     TAC  17   8   3 |     TGC   3   0   0
Leu TTA   4   2  18 |     TCA   5   9  17 | *** TAA   0   0   0 | *** TGA   0   0   0
    TTG   8  10  10 |     TCG   9   0   3 |     TAG   0   0   0 | Trp TGG   5   5   5
--------------------------------------------------------------------------------------
Leu CTT   0  16   0 | Pro CCT   2   6   0 | His CAT   1   5   3 | Arg CGT   7  10   3
    CTC  11   0   0 |     CCC   6   1   2 |     CAC   8   1   1 |     CGC   3   0   0
    CTA   2   3   0 |     CCA   2   2  10 | Gln CAA   5   8  14 |     CGA   1   0   0
    CTG   8   0   0 |     CCG   0   1   0 |     CAG  10   5   1 |     CGG   5   0   0
--------------------------------------------------------------------------------------
Ile ATT   3   3  15 | Thr ACT   4  12   9 | Asn AAT   8   9  25 | Ser AGT   8  10  13
    ATC  13  10   6 |     ACC   6   3   5 |     AAC  16  15  10 |     AGC   3   1   0
    ATA   0   0   1 |     ACA   2   5   4 | Lys AAA   5  11  15 | Arg AGA  12  19  31
Met ATG   2   3   1 |     ACG  12   2   0 |     AAG  15  14   3 |     AGG   5   3   0
--------------------------------------------------------------------------------------
Val GTT   1   5   9 | Ala GCT  12  10  18 | Asp GAT  11  23  27 | Gly GGT   9  26  19
    GTC   5   6   1 |     GCC  17   6  13 |     GAC  17   5   1 |     GGC  17   0   0
    GTA   0   1   1 |     GCA   7  16   5 | Glu GAA   0   7   8 |     GGA   0   1   2
    GTG   5   2   3 |     GCG   7   9   0 |     GAG   7   1   2 |     GGG   5   4   8
--------------------------------------------------------------------------------------

Codon position x base (3x4) table for each sequence.

#1: Scer           
position  1:    T:0.23214    C:0.13520    A:0.31888    G:0.31378
position  2:    T:0.23214    C:0.25000    A:0.30357    G:0.21429
position  3:    T:0.39796    C:0.25510    A:0.19898    G:0.14796
Average         T:0.28741    C:0.21344    A:0.27381    G:0.22534

#2: Sbay           
position  1:    T:0.24490    C:0.12500    A:0.32143    G:0.30867
position  2:    T:0.23724    C:0.24235    A:0.30102    G:0.21939
position  3:    T:0.34439    C:0.33418    A:0.18112    G:0.14031
Average         T:0.27551    C:0.23384    A:0.26786    G:0.22279

#3: Smik           
position  1:    T:0.25255    C:0.11480    A:0.32143    G:0.31122
position  2:    T:0.23214    C:0.25000    A:0.30612    G:0.21173
position  3:    T:0.37755    C:0.25510    A:0.20663    G:0.16071
Average         T:0.28741    C:0.20663    A:0.27806    G:0.22789

#4: Spar           
position  1:    T:0.23469    C:0.13265    A:0.32143    G:0.31122
position  2:    T:0.23214    C:0.25000    A:0.30357    G:0.21429
position  3:    T:0.44643    C:0.22194    A:0.18367    G:0.14796
Average         T:0.30442    C:0.20153    A:0.26956    G:0.22449

#5: Ncas           
position  1:    T:0.25000    C:0.10969    A:0.33163    G:0.30867
position  2:    T:0.23469    C:0.24745    A:0.30357    G:0.21429
position  3:    T:0.39286    C:0.20663    A:0.29082    G:0.10969
Average         T:0.29252    C:0.18793    A:0.30867    G:0.21088

#6: Cgla           
position  1:    T:0.23469    C:0.12500    A:0.33929    G:0.30102
position  2:    T:0.23469    C:0.23980    A:0.31378    G:0.21173
position  3:    T:0.26531    C:0.31122    A:0.19898    G:0.22449
Average         T:0.24490    C:0.22534    A:0.28401    G:0.24575

#7: Agos           
position  1:    T:0.22194    C:0.18112    A:0.29082    G:0.30612
position  2:    T:0.22449    C:0.25255    A:0.31122    G:0.21173
position  3:    T:0.20153    C:0.42092    A:0.11480    G:0.26276
Average         T:0.21599    C:0.28486    A:0.23895    G:0.26020

#8: Klac           
position  1:    T:0.23469    C:0.14796    A:0.30612    G:0.31122
position  2:    T:0.23469    C:0.25000    A:0.30612    G:0.20918
position  3:    T:0.41582    C:0.21939    A:0.21429    G:0.15051
Average         T:0.29507    C:0.20578    A:0.27551    G:0.22364

#9: Calb           
position  1:    T:0.26276    C:0.08673    A:0.35204    G:0.29847
position  2:    T:0.23469    C:0.23214    A:0.31888    G:0.21429
position  3:    T:0.46173    C:0.12500    A:0.32143    G:0.09184
Average         T:0.31973    C:0.14796    A:0.33078    G:0.20153

Sums of codon usage counts
------------------------------------------------------------------------------
Phe F TTT      96 | Ser S TCT      71 | Tyr Y TAT      65 | Cys C TGT      28
      TTC     157 |       TCC      61 |       TAC      74 |       TGC       7
Leu L TTA      75 |       TCA      47 | *** * TAA       0 | *** * TGA       0
      TTG      89 |       TCG      35 |       TAG       0 | Trp W TGG      45
------------------------------------------------------------------------------
Leu L CTT      51 | Pro P CCT      21 | His H CAT      25 | Arg R CGT      47
      CTC      11 |       CCC      26 |       CAC      30 |       CGC       3
      CTA      30 |       CCA      36 | Gln Q CAA      88 |       CGA       2
      CTG      37 |       CCG      10 |       CAG      32 |       CGG       5
------------------------------------------------------------------------------
Ile I ATT      46 | Thr T ACT      79 | Asn N AAT     144 | Ser S AGT      89
      ATC      79 |       ACC      58 |       AAC     109 |       AGC      16
      ATA      16 |       ACA      43 | Lys K AAA      94 | Arg R AGA     197
Met M ATG      13 |       ACG      24 |       AAG      96 |       AGG      35
------------------------------------------------------------------------------
Val V GTT      44 | Ala A GCT     127 | Asp D GAT     175 | Gly G GGT     187
      GTC      25 |       GCC     132 |       GAC      90 |       GGC      43
      GTA      14 |       GCA      63 | Glu E GAA      38 |       GGA       6
      GTG      39 |       GCG      35 |       GAG      25 |       GGG      43
------------------------------------------------------------------------------


Codon position x base (3x4) table, overall

position  1:    T:0.24093    C:0.12868    A:0.32256    G:0.30782
position  2:    T:0.23299    C:0.24603    A:0.30754    G:0.21344
position  3:    T:0.36706    C:0.26105    A:0.21230    G:0.15958
Average         T:0.28033    C:0.21192    A:0.28080    G:0.22695

Codon frequencies under model, for use in evolver (TTT TTC TTA TTG ... GGG):
  0.01639344  0.01639344  0.01639344  0.01639344
  0.01639344  0.01639344  0.01639344  0.01639344
  0.01639344  0.01639344  0.00000000  0.00000000
  0.01639344  0.01639344  0.00000000  0.01639344
  0.01639344  0.01639344  0.01639344  0.01639344
  0.01639344  0.01639344  0.01639344  0.01639344
  0.01639344  0.01639344  0.01639344  0.01639344
  0.01639344  0.01639344  0.01639344  0.01639344
  0.01639344  0.01639344  0.01639344  0.01639344
  0.01639344  0.01639344  0.01639344  0.01639344
  0.01639344  0.01639344  0.01639344  0.01639344
  0.01639344  0.01639344  0.01639344  0.01639344
  0.01639344  0.01639344  0.01639344  0.01639344
  0.01639344  0.01639344  0.01639344  0.01639344
  0.01639344  0.01639344  0.01639344  0.01639344
  0.01639344  0.01639344  0.01639344  0.01639344


TREE #  1:  (((((1, 4), (3, 2)), 5), 6), ((7, 8), 9));   MP score: 1141
This is a rooted tree.  Please check!
check convergence..
lnL(ntime: 16  np: 18):  -5749.579211      +0.000000
  10..11   11..12   12..13   13..14   14..1    14..4    13..15   15..3    15..2    12..5    11..6    10..16   16..17   17..7    17..8    16..9  
 0.019743 0.073611 0.397578 0.084008 0.165258 0.087918 0.006263 0.267847 0.299457 0.761112 1.000789 0.003293 0.226894 1.240642 0.516292 2.097975 1.782730 0.032580

Note: Branch length is defined as number of nucleotide substitutions per codon (not per neucleotide site).

tree length =  7.248683

(((((1: 0.165258, 4: 0.087918): 0.084008, (3: 0.267847, 2: 0.299457): 0.006263): 0.397578, 5: 0.761112): 0.073611, 6: 1.000789): 0.019743, ((7: 1.240642, 8: 0.516292): 0.226894, 9: 2.097975): 0.003293);

(((((Scer: 0.165258, Spar: 0.087918): 0.084008, (Smik: 0.267847, Sbay: 0.299457): 0.006263): 0.397578, Ncas: 0.761112): 0.073611, Cgla: 1.000789): 0.019743, ((Agos: 1.240642, Klac: 0.516292): 0.226894, Calb: 2.097975): 0.003293);

Detailed output identifying parameters

kappa (ts/tv) =  1.78273

omega (dN/dS) =  0.03258

dN & dS for each branch

 branch          t       N       S   dN/dS      dN      dS  N*dN  S*dS

  10..11     0.020   853.4   322.6  0.0326  0.0007  0.0221   0.6   7.1
  11..12     0.074   853.4   322.6  0.0326  0.0027  0.0823   2.3  26.6
  12..13     0.398   853.4   322.6  0.0326  0.0145  0.4447  12.4 143.5
  13..14     0.084   853.4   322.6  0.0326  0.0031  0.0940   2.6  30.3
  14..1      0.165   853.4   322.6  0.0326  0.0060  0.1849   5.1  59.6
  14..4      0.088   853.4   322.6  0.0326  0.0032  0.0983   2.7  31.7
  13..15     0.006   853.4   322.6  0.0326  0.0002  0.0070   0.2   2.3
  15..3      0.268   853.4   322.6  0.0326  0.0098  0.2996   8.3  96.7
  15..2      0.299   853.4   322.6  0.0326  0.0109  0.3350   9.3 108.1
  12..5      0.761   853.4   322.6  0.0326  0.0277  0.8514  23.7 274.7
  11..6      1.001   853.4   322.6  0.0326  0.0365  1.1195  31.1 361.2
  10..16     0.003   853.4   322.6  0.0326  0.0001  0.0037   0.1   1.2
  16..17     0.227   853.4   322.6  0.0326  0.0083  0.2538   7.1  81.9
  17..7      1.241   853.4   322.6  0.0326  0.0452  1.3878  38.6 447.7
  17..8      0.516   853.4   322.6  0.0326  0.0188  0.5775  16.1 186.3
  16..9      2.098   853.4   322.6  0.0326  0.0765  2.3468  65.2 757.2

tree length for dN:       0.2642
tree length for dS:       8.1085


Time used:  0:19
