      9   1179

Scer                            AGA AAG AGA AGA GGT AGA TTA CGT ATT GCC CCA TCT AAC AGG ATA AGG AAA TGG CCA AAA ATG GAC TAT GTG GCT CTC ATT CAA ACA TTC AGG CAT GAC ACA CTA TTT GCC CTT TAC AAC AAA CTT TAC AAC TTC CAG CAC AAG GAT GAT GGT ACT TTA GAT GAC TTA TAC AAA CAC CTA AAA TAC CGT TTT TCC GGT TAT TTA CAA TCC CAA GTC CAC TTG GAT ACA GCC TTC GGG ACC GGT TTT AAA GAT TTG CAT ATT GAC TAC TAT ACC CAA GGT ACA TAT ATG TCT AAA TAT CAA ATT ACT GAT AAC GAC TTG GGT TTT GAT TAC TTC TTC CTC ATA GGC AGA GAA AAG GCT GGT CGT ATT ACC GCA GAG CAA GAA TTG TTA TAC AAA ACC GAC TCC AAA GTC AGA AAG TCT CAT GCA CCT ATT GCA ATA AGA GAA GGT GAA TTC TTG AAA AAT GAT ACA TTC TTC ATT GAG GGT AAG CAA GAT GGT TAT CCA TCC GAA AAA AGA GGT TAC AGT GTA CTT GCT ACC CTA CTA AAC CAG TGG TCT CGC AGA AGG GAA GAA AGA ACA AAC TAC GAA GTG ATT CAA AAG AAA TTT CAA GAT AAG GAC TAT AAG AAA GGT GCT GAA TTC TCT ATT TTA GAT AAT AAT CAC AGA GGC CAC CAA ATG CAT GAT ATT ATT ATT ATT TAT AAC TTT ATT AGT GGT CAA ACT TCC GCT AGA ATA GTT AGA GTC AGA TAC GAG TAT GTC ATT CGT CAA AAC AAC GAT AAA TAT ACT GGT AAG GGT GTC ACC TGC ACC CAC TAT CAA TTC AAA AAA AAC GCA TAT GCT TCT CAA TTT GAT AGG ACC TCC CTA CGT GAA TCA GGC GAC CCT CGT CAT AAG GAC GCT GAA ATT GAA GCA GGG ATT AGA AGA AGA GGT CAC ATT CAG ATA TTT ACT TTC CTT ATT TCC AGA ATT CAT GGT ATT TTC GGT TTT GGT GAC CAA CAG GAA AGG GAC GAT AAA GAA CTC ATA GAA TTA AAA GGT AAT CAC ACT GTC GTT TGC CAT AGA CGT AAC TTT GCT GAC TAT TTG GCC TTC GAT AAA ATA ACG AAT AAA CAA CAA AAT AAC AAA GAT GAT TTT TCC ATT AAA CCA TAC TAC TCA TTA CTC GTT GAA AAT AGA TAT AAC GAG GAT TGT ATT GTG CCA AAT ACC TCT AAA 
Sbay                            AGA AAG AGA AGA GGC AGA TTG CGT ATT GCT CCA TCT AAC AGA ATC AGA AAG TGG CCA AAG ATG GAC TAT GTG GCC CTA ATT CAA ACC TTT AGA CAT GAC ACA TTG TTT GCC CTT TAT AAT AAG CTT TAC AAC TTC CAA CAC AAA GAT GAC GGT ACT TTG GAT GAC TTG TAT AAA CAC CTA AAG TAT CGT TTT TCG GGT TAT TTA CAG TCG CAA GTC CAC CTG GAC ACG GCC TTC GGA ACT GGC TTT AAA GAT CTG CAT ATT GAT TAC TAT ACT CAA GGT ACA TAT ATG TCT AAA TAT CAG ATT ACT GAT AAC GAC CTA GGT TTC GAT TAC TTC TTC CTA ATC GGC AGA GAA AAA GCC GGT CGT ATT ACT GCC GAG CAA GAA TTG TTG TAC AAG ACT GAC TCC AAG GTC AGA AAG TCT CAC GCC CCT ATC GCC ATA AGA GAA GGT GAA TTC CTG AAA AAT GAT ACA TTC TTC ATC GAG GGT AAG CAA GAC GGA TAT CCA TCT GAA AAA AGG GGT TAC AGT GTT CTT GCC ACC TTG CTT AAC CAA TGG TCC CGA AAG AGG GAG GAA AGA ACA AAC TAT GAA GTG ATT CAA AAA AAG TTT CAA GAT AAA GAC TAT AAG AAA GGT GCT GAA TTC TCT ATT TTA GAT AAT AAT CAC AGA GGC CAC CAA ATG CAT GAC ATT ATC ATT ATT TAT AAC TTT ATC AGT GGT CAA ACT TCG GCT AGA ATC GTG AGA GTA AGA TAT GAG TAC GTC ATC CGT CAA AAT AAC GAT AAG TAT ACT GGC AAG GGT GTA ACC TGT ACC CAC TAT CAA TTC AAG AAA AAC GCA TAT GCG TCC CAG TTT GAT AGG ACC TCT CTA CGT GAA TCG GGC GAA CCT CGT CAT AAA GAA GCT GAA ATT GAA GCA GGG ATT AGA AGA AGA GGT CAC ATT CAA ACA TTT ACG TTC CTT ATT TCG AGA ATT CAT GGT ATT TTC GGT TTT GGT GAC CAG CAA GAA AGA GAC GAT AAG GAA CTT ATC GAA CTA AAA GGT AAT CAC ACT GTC GTT TGC CAT AGA CGT AAC TTC GCC GAC TAT CTA GCT TTC GAC AAA ATA ACT AAT AAG CAG CAA AAC AAC AAG GAC GAC TTT TCG ATT AAA CCA TAC TAT TCT CTA CTT GTT GAA AAT AGA TAT AAC GAG GAT TGT ATC GTG CCT AAT ACT TCT AAA 
Smik                            AGA AAG AGA AGA GGT AGA TTA CGT ATG GCA CCA TCT AAC AGA ATA AGA AAA TGG CCA AAA ATG GAC TAC GTG GCC CTT ATC CAA ACA TTT AGA CAT GAC ACA ATG TTT GCC CTT TAT AAC AAA CTT TAT AAC TTT CAA CAC AAG GAT GAC GGT ACT TTG GAT GAC TTA TAC AAA CAC CTA AAG TAC CGT TTC TCC GGT TAT TTA CAA TCA CAA GTC CAC CTG GAC ACA GCC TTC GGT ACT GGT TTT AAG GAT CTG CAT ATC GAT TAT TAT ACT CAA GGC ACA TAT ATG TCT AAA TAT CAA ATC ACG GAT AAC GAC TTG GGT TTC GAT TAC TTC TTC CTT ATA GGT AGA GAA AAA GCC GGT CGT ATT ACT GCC GAA CAA GAA TTG TTA TAC AAA ACC GAC TCT AAA GTC AGA AAG TCT CAT GCA CCT ATT GCA ATA AGA GAA GGT GAA TTC CTG AAA AAT GAT ACA TTT TTC ATC GAG GGT AAG CAA GAC GGT TAT CCA TCG GAA AAA AGA GGT TAC AGT GTA CTT GCC ACC ATG CTT AAT CAA TGG TCT CGA AGA AGG GAA GAA AGG ACG AAC TAC GAA GTG ATG CAA AAA AAG TTT CAA GAT AAA GAC TAT AAG AAG GGT GCT GAA TTC TCT ATT TTA GAT AAT AAT CAT AGA GGT CAT CAA ATG CAT GAC ATT ATT GTT ATT TAT AAT TTT ATT AGT GGT CAA ACT TCC GCT AGA ATA GTT AGA GTT AGA TAT GAG TAT GTC ATT CGT CAA AAC AAC GAT AAG TAT ACC GGA AAG GGT GTT ACC TGT ACC CAC TAT CAA TAC AAG AAA AAC GCA TAT GCC TCT CAG TTT GAT AGG ACC TCG CTA CGT GAA TCT GGT GAT CCT CGT CAT AAA GAT GCT GAA ATG GAG GCA GGC ATC AGA AGA AGA GGT CAC ATG CAA ATA TTT ACT TTC CTT ATC TCA AGA ATC CAT GGT ATT TTC GGT TTT GGT GAC CAA CAA GAA AGA GAT GAT AAG GAA CTT ATA GAA CTG AAA GGT AAT CAC ACG GTC GTT TGT CAT AGA CGT AAC TTT GCA GAC TAT TTG GCC TTC GAT AAA ATA ACC AAT AAA CAA CAA AAT AAC AAA GAC GAC TTC TCC ATT AAA CCA TAC TAT TCT TTA CTT GTT GAA AAT AGA TAT AAC GAA GAT TGT ATT GTG CCA AAT ACT TCT AAG 
Spar                            AGA AAG AGA AGA GGT AGA TTA CGT ATT GCC CCA TCT AAC AGA ATA AGA AAG TGG CCA AAG ATG GAT TAT GTG GCC CTT ATT CAA ACT TTT AGA CAT GAC ACA CTA TTT GCT CTT TAT AAC AAG CTT TAC AAC TTC CAG CAC AAG GAT GAT GGT ACC TTA GAT GAC TTA TAC AAA CAC CTA AGG TAC CGT TTC TCC GGT TAT TTA CAA TCA CAA GTC CAC TTG GAC ACA GCT TTC GGG ACC GGT TTT AAG GAT CTG CAT ATT GAC TAC TAT ACC CAG GGT ACA TAT ATG TCT AAG TAT CAA ATT ACT GAT AAC GAC TTG GGT TTC GAC TAC TTT TTC CTT ATA GGT AGA GAA AAG GCC GGT CGT ATT ACC GCA GAG CAA GAA TTG TTA TAC AAT ACT GAT TCC AAG GTC AGA AAG TCT CAT GCA CCT ATT GCA ATA AGA GAA GGT GAA TTT CTG AAG AAT GAT ACA TTC TTC ATC GAG GGT AAG CAA GAC GGT TAC CCA TCT GAA AAG AGA GGT TAC AGT GTA CTT GCC ACC CTA CTT AAT CAA TGG TCG CGC AAG AGG GAG GAA AGG ACA AAC TAC GAA GTG ATT CAA AAG AGG TTT CAG GAT AAG GAC TAT AAG AAA GGT GCT GAA TTC TCT ATT TTA GAT AAT AAT CAT AGA GGT CAT CAA ATG CAT GAT ATT ATT GTT ATT TAT AAT TTT ATT AGT GGT CAA ACT TCC GCT AGA ATA GTT AGA GTC AGA TAC GAG TAT GTC ATT CGT CAA AAC AAC GAT AGG TAT ACC GGT AAG GGT GTC ACC TGC ACC CAC TAT CAA TTC AGG AAA AAC GCA TAT GCT TCG CAG TTC GAT AGG ACC TCT CTA CGT GAA TCA GGT GAT CCT CGT CAT AAG GAT GCT GAA ATT GAA GCA GGG ATT AGA AGA AGA GGT CAC ATT CAA ATA TTT ACT TTC CTT ATT TCA AGA ATT CAT GGT ATT TTT GGT TTT GGT GAC CAA CAG GAA AGA GAT GAT AAG GAA CTC ATA GAG TTA AAA GGT AAT CAC ACT GTC GTT TGT CAT AGA CGT AAC TTT GCC GAC TAT TTG GCC TTC GAT AAA ATA ACT AAT AAT CAG CAA AAT AAC AAG GAT GAC TTC TCC ATT AAA CCA TAC TAC TCT TTA CTC GTT GAA AAT AGA TAT AAC GAG GAT TGT ATT GTG CCA AAT ACC TCT AAA 
Ncas                            AGA AAG AGA AGA GGT AAG CTC AGA ATT GCC CCA TCA AAT AGA ATT AGA AAA TGG CCA AAA ATG GAT CAT GTG GCA TTA ATT CAA GCT TTT AGA CAT GAC ACC TCC TTT GCC CTA TAT AAC AAA CAA TAC AAC TTC CAA CAT AAA GAT GAT GGT ACT TTA GAC GAT CTC TAT AAG CAC CTG AAG TAT CGT TAT TGC GGT TAT CTA GAC TGT CAA GTT CAC CTG GAT ACT GCC TTC GGG ACT GGT TTT AAG GAT TTA CAT ATT GAC TAC TAT ACT CAA GGA ACC CTG ATG TCC AAG TAT GAC ATT ACA GAC AAC GAC TTG GGT TTT GAT TAC TTC TTC TTG GTT GGG AGA GAA AAA GCA GGT CGT ATT ACT GCG GAA CAA GAA CTC TTA TAC AAA ACT GAT TCG AAA GTT AGA AAA TCA CAT GCA CCT GTC GCA ATA AGA GAA GGT GAA TTC TTA AAG AAT GAT ACT TTC TTC ATC GAA GGT AAA CAA GAT GGT TAC TCC TCT GAG AAG AGA GGT TAT AGT GTT CAA GCA ACT TCC CTA AAT CAG TGG TCC TTC AAA AAG GAA GAA AGA ACA AAT TAT GAG ATT ATT CAA AAA AAG TTC CAA GAT AAG GAT TAC AAA AAG GGT GCT GAG TTC TCC TTA TTA GAT AAC AAT CAT AGA GGG CAT AAA ATG CAT GAT TTA ATC GTT ATT TAT AAT TTT ATT AGT GGT AAA ACC TGC GCC AGA GTT ATC AGA GTG AGA TAT GAA TAT GTT ATC CGT CAA AAC AAT GAT AAG TAT ACA GGT AAG GGA GTG ACC TGT ACT CAT TAT CAA TAT AAG AAG AAT GCA TAT ACC TCC AAC TTT GAT AAG ACT TCT ATC CGT GAA ACT GGG GAC CCT CGT GCT AAG GAC GCC GAA ATT GAA GCA GGG ATT AGA AGA AGA GGT CAC ATT CAA ACT TTT ACT TTT CAA ATT TGT AGA ATC CAT GGT ATT TTC GGT TTT GGT GAT GAC CAA GAA AGA GAT GAT AAA GAA CTA ATT GAA CTT AAA GGT AAC CAC ACA GTA ATT TGC CAT AGA CGT AAC TTT TCT GAC CTG TTG GCC TTT GAC AAG ATT ACG TCG AAA CAA CAA AAT AAG AAA GAT GAT TAT TGC ATT AAA TCC TAT CTT TCT TTG CTA GTG GAA TCG AGA TAC AAC GAA GAT TGT ATC GTG CCA AAT ACT TCA AAG 
Cgla                            AGA AGA AGA AGA GGT CGC TTA AGA ATA TCT CCT TCG AAC AGA ATT AGA AAG TGG CCT AAG ATG GAT AAA GTC GCT CTT ATT CAA TCT TTT AGA CAT GAT ACT GCG TTT GCA CTT TAC AAC AAA TTA TAT AAC TTT CAA CAC AAG GAC GAT GGT ACT CTG TCG GAT TTA TAT AAG CAC TTA AAG TAC CGT TAC TCA GGT TAC TTA GGT TGT CAG GTG CAC CTA GAT ACA GCA TTT GGT ATT GGT TTT AAG GAT CTA CAT ATA GAT TAT TAC ATT CAA GGT ACT TAT ATG TCT AAA TAC GGT ATT ACT GAC AAC GAC TTG GGT TTC GAC TAC TTC TTT TTG GTT GGG AGA GAA AAA GCT GGT CGT ATC ATT GCT GAA CAA GAA CTT TTG TAC AAG GCT GAT TCT AAA GTG AGA AAA TCG CAC GCT CCA ATT GCT ATC AGA GAA GGT GAC TTC CTA AAA AAC GAC ACA TTC TTT ATT GAA GGT AAG CAA GAT GGT TAC TCC TCT GAA AAA AGA GGT TAC AGT GTT TTA GCT ACG GCG CTA AAC CAA TGG TCT AGA AAA AAG GAA GAA AGG ACG AAC TAT GAA ATT ATA CAA AAA AAG TTC CAA GAC AAG GAT TAT AAA AAG GGT GCT GAA TTT TCT ATA TTG GAT AAC AAT CAT AGA GGG CAT AAC ATG CAT GAC ATA CTA ATT ATA TAC AAC TTT ATC AGT GGT AAC ACT TCA GCT AGA GTT ATC AGA GTT AGA TAC GAA TAT GTG CTA CGT CAA AAC AAC GAC AAG TAC ACA GGT AAG GGT GTT ACG TGT ACG CAC TAT CAA TAC AAG AAA AAC GCA TAC GGT TCT GCT TTC GAC AAG ACG TCT TTT CGT GAA TCT GGG GAT CCA CGT GGA AAG GAT GCT GAC ATA GAA GCA GGA ATA AGA AGA AGA GGT CAT ATA CAG ACG TTT ACT TTT TTA ATT TGT AGA ATT CAT GGT ATC TTC GGT TTT GGT GAT GGT CAA GAG AGA GAT GAC AAA GAA TTG ATT GAA CTT AAG GGT AAC CAC ACT GTA ATG TGC CAT AGA CGT AAC TAC AGT GAT TAT TTA GCT TTA GAT AAA ATT ACT GAT AAG CAG CAG TAC AAT AAG GAT GAT TAC TCA ATC AAG TCC TAC TAT TCC CTG TTG GTA GAG GAT AGA TAT AAC GAA GAT TGT CTA GTC CCT AAT ATT TCG AAG 
Agos                            CGT CGC CGC CGC GGC CGG CTG CGC ATC GCG CCA TCG AAC CGC ATC CGA AAG TGG CCA AAG ATG GAC AAC GTC GCC CTG ATT CAG CAT TTT CGC CAC GAT ACT TCG TTC GCC CTG TAC AAT AAG CTT TAC AAC TTC CGC CAT AAG GAT GAC GGT ACG TTG GAC AAT CTG TAT AAG CAC CTA AAG TAC CGC TAC AAC GGC TAC CTG TCC TGT CAA GTG CAC CTC GAC ACC GCC TTC GGC ACC GGC TTT AAG GAC CTG CAC ATT GAT TAC TAC ACC CAA GGC ACT TTT ATG TCT AAG TAC TCC ATT ACG GAC AAC GAC CTG GGC TTC GAC TAC TTC TTC TTG TTG GGC CGC GAG AAG GCC GGC CGC ATC ACC GCG GAG CAG GAA CTG CTT TAC GCG ACT GAC TCC AAG GTG CGT CGT TCG CAC GCG CCT GTC GCG ATC CGC GAA GGT GAG TTC CTG AAG AAC GAT GCC TTT TTC GTT GAA GGT AAG CAG GAC GGC TAC ATG TCT GAG AAG CGC GGC TAC ACT GTT CTT GCC ACT TCG CTA AAT GAA TGG TCG CGC AAG GAG GAG GAG AGG ACT AAC TAT GAG GTG ATC CAG AAG AAG TTC CAA GAT AAG GGC TAC AAG AAG GGT GCA GAG TTC TCT TTG TTA GAT AAC TCC CAC CGC GGC CAC CCG ATG CAC GAC TTG GTC GTT ATC TAC AAT TTT CTG ACT GGT CCG GTT AAC GCA CGT TTG GTG CGT GTG CGC TAC GAA TAC GTG GTC CGC CAG AAT AAC GAT AAG TAC ACG GGC AAG GGC GTG GCC TGC ACT CAT TAC CAG CGC AAG AAA AAC GCG TAC GCG TCG CAC TTC GAT GAG ACT TCT TTC CGC CAG TCC GGC GAG CCT CGC GGC AAG GAG GCA GAG ATC GAG GCG GGG ATT CGC AGA CGC GGC CAT ATC CAA GTG TTC ACA TTC CTT ATT TGT CGC ATA CAT GGT ATC TTC GGC TTT GGT AAT TCC CGC GAG CGA GAC GAT AAA GAA TTG ATC GAA CTG AAT GGT AAC CAC ACG GTG GTC TGC CAC AGG AGA AAC TAC TCG GAT TTT TTA GCC TTA GAT AAA GTA ACT CTA GCG AGC CAA TGC AAC AAG GAC GAC TAC AAC ATC AAG ATG TAC TAC TCC CTA TTG GTG GAA CTA CGC TAC AAC GAG GAC TGC GTC GTC CCT TCC ACC TCG AAG 
Klac                            AGA AGA AGA AGG GGT AGA TTG AGA ATT GCC CCA TCT AAC AGA ATT CGA AAG TGG CCA AAG ATG GAT AAT CTA GCT TTG ATC CAA TCT TTC AGA CAT GAC ACC TCC TTC GCA CTA TAC AAT AAA TTG TAC AAC TTC CAA CAT AAG GAC GAT GGT ACT CTA GAC GAT TTG TAT AAG CAC TTA AAA CAT CGT TAC AAC GGT TAT TTG TCC TGT CAA GTT CAC CTT GAT ACT GCA TTT GGA ACC GGT TTT AAA GAT TTG CAC ATT GAT TAC TAT ACC CAA GGT ACC TTT ATG TCT AAA TAT TCC ATC ACT GAT AAC GAC CTA GGT TTC GAC TAT TTC TTT CTC TTC GGT AGA GAA AAA GCT GGT CGT ATT ACC GCG GAG CAA GAA TTG CTT TAT GCT ATT GAT TCC AAA GTT AGG AAG TCT CAT GCA CCT GTT GCA ATT CGT GAA GGT GAA TTC TTG AAA AAT GAC GCC TTC TTT ATC GAG GGT AAG CAA GAT GGC TAT CCT TCG GAG AAA AGA GGT TAT TCT GTG TTG GCT ACG TCC CAA AAT CAA TGG TCA AGA AAA ATG GAA GAA AGA ACG AAC TAT GAG ATC ATT CAA AAA AAA TTC CAA GAC AAG GAT TAC AAA AAG GGT GCT GAA TTT TCT CTA TTA GAT AAT GCA CAT AGA GGT CAT CCT ATG CAC GAT CTA GTG GTT ATT TAT AAT TTT CTA TCT GGT CCT ACG AAC GCA AGG TTC ATC AGG GTA AGA TAT GAA TAT GTT GTG CGT CAA AAT AAC GAC AAA TAT ACT GGT AAG GGT GTA ACA TGT ACG CAT TAC CAA TAT AAA AAA AAC GCA TAT ACC TCA TAC TTC GAC ATG ACG TCG TTG CGT GAA TCT GGT GAA CCT CGT GAC AAG GAA GCA GAA ATT GAA GCA GGT ATT AGA AGA AGA GGT CAC ATT CAG CAA TTC ACT TTC TTG ATC TGT AGA ATT CAT GGT ATC TTC GGT TTT GGT GAT TCC CAA GAG CGA GAC GAC AAG GAA TTG ATT GAA TTA AAG GGT AAT CAC ACT GTA ATT TGT CAT AGA CGT AAC TTT TCC GAC TTT CTA GCA CTA GAC AAA ATC ACG ACC GCT ACA CAG TGT AAC AAG GAC GAT TAC AAC ATT AAG CCT TAT TAT TCG CTT TTG GTG GAA ACC AGA TAC AAC GAG GAC TGC GTG GTT CCA GCA ACC TCT AAG 
Calb                            AGA TCA AGA AGA GGT CAA TTA GGA ATG TCT CAA TCT AAT AGA ATT CGT AAG TGG CAA AAG ATG GAT TAC CCA GCC TTA ATT CAA GAT TAT AGA CAT GAT ACA ACC TAT GCT TTA TAC AAT AAA GCA GTT AAT TAT CAA CAT AAA GAT GAT GTT ACA TTG ACG ACT TTA TAT AGA CAC TTA AAA TAC CGT TAC TGT GGT GAC TTG CAA GTG CAA GTT CAC TTA GAC ACT GCT TTT GGT ACT GGT TTT AAA GAT TTA CAT ATT GAT GTT TTC ACT CAA GGT ACA TTT ATG TCA AAA TTC CAA ATT ACA GAT AAT GAT TTA GGT TTT GAT TAT TTC TTT TTA TTG AAT AGA GAA GTT GCC GGT CGT ATT ACT GCA GAA CAA GAA TTC TTA TAT GAT ACA GAT TCT AAA GTT AGA AAG TCT CAT GAT CCC ATC GAT GTT AGA GAA GTT GAA TTC TTA AAA AAT GAT GAA TTT TTT ATT GAA GGA AAA CAA GAC TCT TAT ATG TCG GAA AAA CGT GGT TAC TCT GTT GCA GCC ACA ACC ATG TTT GAT TGG TCA TCA AAA ATC GAA GAA AGA ACG AAT TAT GAA ATT ATG CAA GTT AAA TTT CAA GAT AAT GAT TAT AAA AGA GGA GCC GAA TTT TCA TTA TTG GAT AAT TCA CAT AGA AAT CAT GAA ATG CAT GAC TTA GGA ACT ATT GAC TTT TTT CTT TCT GTT GAA ACT TGT GCT AGA TTG GTG AGA GTT CGA TAT GAT TTC GTT GGA AGA CAA AAT AAT GAT AAA GAC ACA GGA AAA GGA GTT ACT TGC ACA CAT TAT CAA TTT AAA AAA AGT GCT TTC TCA TCA AAT TTT GAT ATC ACA TCG ATT AGA GAA TGT AAT GAA CCC CGT GGT AAT GAA GCT GAA ATG GAA GCT GCA ATT AGA TTG CGA GGT CAT ATG CGA GTT TAT ACT TTT GCA ATT GTG CGA ATT CAT GTT ATC TTC GGT TTT GTT ACT CAA CAA GAA CGT GAT GAT AAA GAA TTA ATT GAA TTT AAA GGT AAT CAC ACA GCC GGT TGT CAT AGA AGA AAT TTT AAT GAT TTT GTT GCT TTA GAT AAA GTG ACG GAA GAT AAC CAG GAA AAA AAG GAT GAC TAC TGT ATT CAA ATG TAC TAT AGT ATT TTA GTA GAA GAA CGA TAT AAT GAA GAT TGT GGA GTT GGT TCA ACT TCT AGA 



Printing out site pattern counts


         9        726  P

Scer                            AAA AAA AAA AAA AAA AAA AAA AAA AAA AAA AAA AAA AAC AAC AAC AAC AAC AAC AAG AAG AAG AAG AAG AAG AAG AAG AAT AAT AAT AAT AAT ACA ACA ACA ACA ACA ACC ACC ACC ACC ACG ACT ACT ACT ACT ACT AGA AGA AGA AGA AGA AGA AGA AGA AGA AGA AGA AGA AGG AGG AGG AGT ATA ATA ATA ATA ATA ATG ATT ATT ATT ATT ATT ATT ATT ATT ATT ATT ATT ATT ATT CAA CAA CAA CAA CAA CAA CAA CAA CAC CAC CAC CAC CAG CAG CAG CAT CAT CAT CAT CAT CCA CCA CCA CCT CGC CGT CGT CGT CGT CTA CTA CTA CTA CTC CTC CTC CTT CTT GAA GAA GAA GAA GAA GAA GAA GAA GAA GAA GAA GAC GAC GAC GAC GAC GAC GAC GAC GAG GAG GAG GAT GAT GAT GAT GAT GAT GAT GAT GAT GAT GAT GAT GCA GCA GCA GCC GCC GCC GCT GCT GCT GCT GCT GGC GGG GGG GGT GGT GGT GGT GGT GGT GGT GGT GGT GTA GTC GTC GTC GTG GTG GTG GTT GTT GTT TAC TAC TAC TAC TAC TAC TAC TAC TAT TAT TAT TAT TAT TAT TAT TAT TCA TCA TCC TCC TCC TCC TCT TCT TCT TGC TGC TGG TGT TTA TTA TTA TTA TTA TTA TTA TTC TTC TTC TTC TTC TTC TTC TTC TTG TTG TTG TTG TTG TTT TTT TTT TTT TTT TTT TTT 
Sbay                            ... ... ... ... ... ... ... ..G ..G ..G ..G ..G ... ... ... ... ... ..T ..A ..A ..A ... ... ... ... ... ..C ... ... ... ... ... ... ... ..C ..G ... ... ..T ..T ..T ..G ... ... ... ... .AG ... ... ... ... ... ... ... ... ... ... ..G ..A ..A ... ... .C. ... ... ..C ..C ... ..C ..C ..C ..C ... ... ... ... ... ... ... ... ... ... ... ... ... ... ..G ..G ..G ... ... ... ... ..A ..A ..A ..C ... ... ... ... ... ... ..T ... ..A ... ... ... ... ... ... ..T T.G ..A ..A ..T ... ... ... ... ... ... ... ... ... ... ... ... ..G ..A ... ... ... ... ... ... ..T ... ... ... ..C ..C ..C ..C ..C ... ... ... ... ... ... ... ... ..C ..C ... ..T ..T ..C ..C ..G ... ... ... ..A ... ..A ..C ..C ... ... ... ... ... ... ..T ..A ... ... ... ... ... ..G ... ... ... ... ... ..T ..T ..T ..T ..T ..C ... ... ... ... ... ... ... ..G ..T ... ..G ..G ..T ..C ... ... ... ..T ... ... C.. C.. ... ... ..G ..G ..G ... ... ... ... ... ... ... ..T C.A C.A C.. C.. ... ..C ..C ... ... ... ... ... 
Smik                            ... ... ... ... ... ..G ..G ... ... ... ..G ..G ... ... ... ... ..T ... ..A ..A ... ... ... ... ... ... ... ... ... ... ... ... ... ..G ... ... ... ... ... ..T ..C ... ..C ..G ... ... ... ... ... ... ... ... ... ... ... ... ..G ... ..A ..A ... ... ... ... ... ... ... ... ..C ... ... ... ..C ..C ..C ..G ... ... ... ... G.. ... ... ... ... ... ... ... ..G ... ... ... ..T ..A ..A ..A ... ... ... ... ... ... ... ... ... ..A ... ... ... ... ... ... ..T A.G ..T ..T ..T ... ... ... ... ... ... ... ... ... ... ... ..G ... ..T ... ... ... ... ... ..T ..T ..A ... ... ..C ..C ..C ..C ... ... ... ... ... ... ... ... ... ... ..C ... ..A ... ..A ..C ..C ... ... ..T ..T ..C ... ..A ... ..C ... ... ... ... ... ... ..T ... ... ... ... ... ... ... ... ... ... ..T ... ... ..T ..T ..T ... ..C ... ... ... ... ... ... ..T ..T ..T ..A ... ..G ... ... ... ..T ..T ... ... C.G ... ... ... ... ... ..G .A. ... ... ... ... ..T ..T ..T ... ... C.. C.. ... ..C ... ..C ... ... ... ... 
Spar                            ... ... ... ... ..G ... ..G ..G ..G ..T ..G .GG ... ... ... ... ..T ... ... ... ... ... ... ... ... ... ... ... ... ... ... ... ... ... ..T ... ... ... ..T ... ..T ... ..C ... ..C ... .AG ... ... ... ... ... ... ... ... ... ..G ... ..A ..A ... ... ... ... ... ... ... ... ..C ... ... ... ... ... ... ... ... ... ... ... G.. ... ... ... ... ..G ... ..G ..G ... ... ... ..T ..A ..A ... ... ... ... ... ... ... ... ... ... ... ... ... ... ... ... ... ..T ... ..T ..T ... ... ... ... ... ... ... ... ... ... ... ..G ... ..G ..T ... ... ... ... ..T ..T ... ... ... ... ..C ... ... ... ... ..C ... ... ... ... ... ... ... ... ... ..T ... ... ..C ..C ... ... ... ..T ... ... ... ... ... ... ... ... ... ... ... ... ... ... ... ... ... ... ... ... ... ... ... ... ... ... ... ... ..T ... ... ..C ... ... ... ... ... ... ..T ... ..A ... ..T ..G ... ... ..T ... ... ... ... ... ... ... ... ... ... ... ... ... ... ..T ... ... ..T ... ... C.. ... ... ..C ... ..C ..C ... ... ... 
Ncas                            ... ... ..G ..G ..G ..G ..G ... ... ... ... ..G ... ..G ..T ..T ..T ... ..A ... ..A ..A ..A ..A ... ... ... ..C ... ... TCG ..C ..T ... G.T ..T ... ..T ..T ..T ... ... ..A ..A ... ..C .A. .AG ... ... ... ... ... ... ... ... ... ... ..A ..A .A. ... .CT ... ..T ..T G.T ... ..C ..C ... G.C ..C ... ... ... ... ... ... T.A G.. A.. ... ... ... ... G.C ... A.C ... ... ..T ..T ..A ... ..A ... ... ... ... GC. ... T.C ... ... TT. A.A ... ... ... A.C ..G ... TCC T.A T.G ..A .AA ..A ... ... ... ... ... ... ..G ..G ... ... ... ... ... ... ..T ..T ..T ..T ... ..A ..A ..A ... ... ... ... ..C ... ..C ..C ... ... ... ... ... ... ..G ... ... ... T.. ..A A.C ..C ... ..G ... ... ... ... ... ..A ..A ... ... ... ... ..T ..G ..A ..T A.T ... ... A.C A.. ..G ... ..T ... ..T ..T CTT ..T ..T ... C.. ..C CTG ..C ... ... ... A.T ..T ..G .GT .G. ..T ..C ..A ..C ... ..T ... ... C.T ..G C.. ... C.C ... ... .AT ... ..T ..T ... ... ... ..T ... ... ..A C.. C.C ... ... .A. ... ..C ... ... 
Cgla                            ..G ..G ... ..G ... ..G ..G ... ..G ..G ... ..G ... ..T ... ... ... ... ..A ... ... ..A ..A ... ... .GA T.C ..C ..C ... G.. ..T ... ..G T.T ... ..G ..G G.T .TT ..T ... ..A ... ... ... .A. C.C ... ... ... ... ... ... ... ... ..G ... ..A ..A .A. ... .CG ..C ..T ..T G.T ... ... C.A ..C ... ... ..A ... ..A ..A ..C ..C ..A ... A.C ... ..G ..G ... GGT ..G GCT ... ..T ... ..T ... ..A ..A ..C ... ... ... GGA ..T T.C ..T ..A A.A A.A ... ... ... T.T T.. ... GCG ..T T.G T.G T.A ... ... ... ... ..C ..G ..G ... ... ... ... ... ..T ... ..T ..T ..T ..T ..T ..T ..A ..A ..A ... ..C ... ... ... ..C ..C TCG ..C ... ... ... ... ..T ..T ..A T.T ..T AG. ... .G. ... ... ..G ..T ..A ... ... ... ... ... ... ... ... ... ..T ..T ..A ..G A.T ..C ..C A.C A.G ..A ... ... ..T ... ..T ..T ... ... ... A.A ..C ... ... ..C ..C ... ..T ..C ..T .GT ..A ..T ... ..G ... ... ..T ... ... C.T C.G ... ..G ... ..G C.G .A. ..T ..A ..T ... ... ..T ..T ..A ... C.A C.A C.T ..C .AC .AC ..C ..C ... ... 
Agos                            ..G ..T ... ..G ..G ..G ..G ..G ..G GCG ... ..G ... ... ... ... ..T ..T ... ... ... ... CGT ... ... CGC TGC ..C ..C TCC CTA ..T G.C ..T CAT ..C G.. ..T ..T ... ..T ..A ..G ..G ..G GT. .AG C.G ... ..G C.C C.C C.C C.C C.T C.T ..G C.C C.A C.C GA. .C. G.G ..C G.. ..C T.G ... G.. G.C C.G G.C ..A ... ... ..C ..C ..C ..C T.G G.. .CG ..G ... ... ... TCC AGC ..C ... ..T ..T ... ..A G.A .GC ..C ..C ..C ... GGC ... ATG ..T ... ... ..C A.A ..C ..C T.C ... ... TCG ..G T.G T.G ... ..G C.G ... ..G ..G ... ..G ..G ..G ... ..G ..G ..G ... ..T A.T .G. ... ... ..T ... ..A ..A ..C ..C ..C ..C ... ..C ..C ..C ... ..C ..C ... ..G ..G ..G ... ..G ... T.G ..C ..G ..A ..A ... ..C ... ..C ..C ..C ..C ..C ..C ... ... ... ..T ..G ..G ..G ... ..C ..C ..G ..C ..G ... ... ... ... ..T ... ... ... ..C A.C ..C .T. ..C ..C ..C ..C ..C ..C ... .GT AA. ..T ..G ..G ... ... ... ... ..C C.G C.. C.G ... C.G C.T ..G CG. ... ..A ... ... ..T ... ..T ..A C.. C.. C.C C.. ..C .AC .AC ..C ..C ..C ... 
Klac                            ..G ..G ... ..G ... ..G ... ... ..G GCT ..G ... ... ... ... ... ..T ..T ..A ... ... ..A ... ... ... .GA TG. ... ... GCA .CC ..C G.C ..G T.T ..T ..A ..G .TT ... ... ... ... ... ... ..G .A. ... ... ... ... ... ..G C.T ... ..G ... ... C.A ..A .T. TC. CA. ..T ..C ..T T.C ... ..C G.G C.A G.. ... ... ..C ... ... ..C ... C.A G.. .CT ... ... ..G ... TCC AC. T.C ... ... ..T ..T ... ..A ..A ... ..C ... ... G.C ... ..T ... ... A.A A.A ... ... ... T.G T.. .A. TCC T.G ... T.G T.G ..A ... ... ... ... ... ..G ... ..G ... ... ... ..A ... ... ..T ..T ..T ... ..T ... ..A ... ... ... ..C ... ..C ..C ... ..C ..C ..C ... ... ... ... ..G ..A ... ..A T.C ... A.C ..A ... ..T ..A ..T ..C ... ... ... ... ... ... ... ... ..G ..A ..A ..T A.C C.A ..T A.C A.. ..G ..T ..T ... C.T ..T ..T ..T ... ... A.. ... .T. ..C ... ... ..C ..T ..G ... .GT AA. ..G ..A ... ... ..T ..T ... ..C ... C.T ..G ... ..G C.T C.. .AT ..T C.A ... ... ... ... ... C.A C.A ... C.T ... ..C ... .AC ..C ..C ..C ... 
Calb                            C.. ... ... .G. ... .G. ... ... ..G G.T ... ... ..T ..A ..T .GT TTT ..T GTT ..T ..A ..A ... ..A ..A TCA G.A ... ... TCA G.A ... GA. ..G GAT ..T ..T ..A ..A ..T ... ... ..A ..A ..A ... .A. CA. TTG ... ... C.. ... ... ... ... ... C.T C.T ..A .TC TC. G.T G.T G.G ..T T.G ... ... GGA C.. ..C ... ... ... ..G ... ..C ... T.A .C. G.. ... ... ..G ... ... A.C A.T ... ..T ..T ..T .GA G.T ..A ... ... ... ... GG. .A. ATG GGT ..C TCA G.A A.A A.A ... A.T T.. A.G ACC T.A T.A T.A GCA T.A ... ... ... ... ... ... ... ... ... ... ... ..A ..T ..T ACT ..T ..T ..T ..T ..A ..T ..A ..C ..C ... ... ... ... ... ACG ... ... ... ... ..T .AT ... ..T T.T ..T AA. ..C T.A ... ..C AAT ..T .CA TC. ..A ... ... ..A ... ..A ... .T. ..T ..T .C. ..T A.T CCA ..T ..G .G. ..A ..T ... GTT ... ..T ..T ..T ... .TC ..C ... .T. ... G.C .TC ... .GT AGT ..T GTG .GT ..G ..A ... ..A ..T ... ... ... ..T A.T ..G ..G ... ... ..G ..T ..T ..A ..T ... ..T .AT .AT G.T ..A ..A ..A ..C ... ... .AC ... ... .A. ... 

    1    1    2    1    3    2    1    2    3    2    1    4    4    1    3
    1    2    2    2    2    1    1    1    1    1    1    1    2    1    2
    2    2    1    1    1    1    1    3    1    4    1    1    1    2    1
    1    1    1    1    1    4    4    1    1    1    3    1    1    2    2
    2    2    1    1    1    2    2    3    1    3    1    1    1    2    3
    4    1    1    2    2    1    2    6    1    1    2    3    1    1    3
    1    2    2    1    1    2    1    2    2    1    1    2    2    1    2
    1    1    1    2    3    1    1    1    2    1    1    2    3    1    1
    3    2    2    1    1    1    2    1    1    1    2    1    2    2    1
    2    1    1    2    1    1    3    1    1    1    1    1    1    1    6
    1    1    1    2    2    1    2    1    1    1    3    1    2    1    3
    1    1    1    1    2    1    1    6    2    1    5    1    2    1    3
    1    1    1    1    1    1    2    2    2    1    2    1    1    1    1
    1    1    2    2    3    3    1    1    1    1    2    3    2    2    3
    2    1    1    2    1    1    1    1    1    2    1    1    1    4    1
    1    3    1    1    1    1    1    2    1    1    1    1    2    1    1
    2    3

CODONML (in paml version 4.9j, February 2020)  temp.nuc
Model: One dN/dS ratio, 
Codon frequency model: Fequal
ns =   9  ls = 393

Codon usage in sequences
--------------------------------------------------------------------------------------------------------------------------------------
Phe TTT  11  10  11  11  11  13 | Ser TCT   7   8  10   8   4  10 | Tyr TAT  14  19  18  14  18  11 | Cys TGT   1   2   3   2   4   4
    TTC  13  14  12  13  11   7 |     TCC   8   3   3   4   8   3 |     TAC  12   7   9  12   7  19 |     TGC   2   1   0   1   4   1
Leu TTA   8   2   6   8   8   9 |     TCA   2   0   2   3   3   3 | *** TAA   0   0   0   0   0   0 | *** TGA   0   0   0   0   0   0
    TTG   6   7   4   4   4   6 |     TCG   0   6   2   2   3   4 |     TAG   0   0   0   0   0   0 | Trp TGG   2   2   2   2   2   2
--------------------------------------------------------------------------------------------------------------------------------------
Leu CTT   4   7   9   7   2   4 | Pro CCT   2   3   2   2   2   3 | His CAT   7   6   9   9  11   8 | Arg CGT   7   7   7   7   6   6
    CTC   4   0   0   2   3   0 |     CCC   0   0   0   0   0   0 |     CAC   8   9   6   6   4   6 |     CGC   1   0   0   1   0   1
    CTA   5   8   2   4   5   7 |     CCA   5   4   5   5   3   2 | Gln CAA  17  16  20  15  17  11 |     CGA   0   1   1   0   0   0
    CTG   0   3   4   2   4   2 |     CCG   0   0   0   0   0   0 |     CAG   4   5   1   6   1   4 |     CGG   0   0   0   0   0   0
--------------------------------------------------------------------------------------------------------------------------------------
Ile ATT  23  17  11  21  19  15 | Thr ACT   6  11   7   7  14   8 | Asn AAT   8   9  10  12  10   3 | Ser AGT   2   2   2   2   2   3
    ATC   0  10   7   1   7   6 |     ACC   9   5   7  10   5   0 |     AAC  13  12  11  11   9  17 |     AGC   0   0   0   0   0   0
    ATA   7   2   7   7   1   9 |     ACA   6   5   5   5   4   3 | Lys AAA  23  16  19   7  19  14 | Arg AGA  20  22  23  22  23  24
Met ATG   3   3   9   3   3   4 |     ACG   1   2   3   0   1   6 |     AAG  10  18  14  21  21  22 |     AGG   6   3   3   7   0   1
--------------------------------------------------------------------------------------------------------------------------------------
Val GTT   3   3   6   4   7   5 | Ala GCT   8   5   3   6   3  12 | Asp GAT  19  13  17  20  22  22 | Gly GGT  20  16  22  23  18  25
    GTC   6   4   4   6   1   2 |     GCC   4   9   8   6   6   0 |     GAC  12  16  14  11  12  12 |     GGC   3   6   2   0   0   0
    GTA   1   2   1   1   1   2 |     GCA   5   2   6   5   7   4 | Glu GAA  16  17  17  14  17  16 |     GGA   0   2   1   0   2   2
    GTG   3   4   3   3   5   3 |     GCG   0   1   0   0   1   2 |     GAG   4   5   3   6   3   2 |     GGG   2   1   0   2   5   3
--------------------------------------------------------------------------------------------------------------------------------------

--------------------------------------------------------------------------------------
Phe TTT   7  10  19 | Ser TCT   4   9   8 | Tyr TAT   2  17  14 | Cys TGT   2   5   6
    TTC  15  14   8 |     TCC   8   7   0 |     TAC  24   9   7 |     TGC   4   1   1
Leu TTA   3   3  16 |     TCA   0   2   9 | *** TAA   0   0   0 | *** TGA   0   0   0
    TTG   8  13   6 |     TCG   8   3   2 |     TAG   0   0   0 | Trp TGG   2   2   2
--------------------------------------------------------------------------------------
Leu CTT   4   3   1 | Pro CCT   3   6   0 | His CAT   5   9  11 | Arg CGT   5   7   6
    CTC   1   1   0 |     CCC   0   0   2 |     CAC  11   6   3 |     CGC  24   0   0
    CTA   5   9   0 |     CCA   2   3   1 | Gln CAA   5  14  18 |     CGA   2   2   5
    CTG  11   0   0 |     CCG   2   0   0 |     CAG   7   2   1 |     CGG   1   0   0
--------------------------------------------------------------------------------------
Ile ATT   5  15  15 | Thr ACT  10   6  11 | Asn AAT   7   8  19 | Ser AGT   0   0   2
    ATC  11   8   4 |     ACC   5   9   2 |     AAC  16  12   1 |     AGC   1   0   0
    ATA   1   0   0 |     ACA   1   2  10 | Lys AAA   3  16  20 | Arg AGA   2  19  20
Met ATG   5   5  10 |     ACG   4   6   3 |     AAG  26  15   4 |     AGG   2   4   0
--------------------------------------------------------------------------------------
Val GTT   4   6  19 | Ala GCT   0   6   7 | Asp GAT  11  14  29 | Gly GGT   8  23  14
    GTC   7   0   0 |     GCC   8   2   5 |     GAC  15  16   7 |     GGC  18   1   0
    GTA   1   3   1 |     GCA   3  11   5 | Glu GAA   8  16  27 |     GGA   0   1   8
    GTG  10   5   4 |     GCG   9   1   0 |     GAG  16   6   0 |     GGG   1   0   0
--------------------------------------------------------------------------------------

Codon position x base (3x4) table for each sequence.

#1: Scer           
position  1:    T:0.21883    C:0.16285    A:0.34860    G:0.26972
position  2:    T:0.24682    C:0.16031    A:0.42494    G:0.16794
position  3:    T:0.36132    C:0.24173    A:0.29262    G:0.10433
Average         T:0.27566    C:0.18830    A:0.35539    G:0.18066

#2: Sbay           
position  1:    T:0.20611    C:0.17557    A:0.34860    G:0.26972
position  2:    T:0.24427    C:0.16285    A:0.42748    G:0.16539
position  3:    T:0.35115    C:0.24427    A:0.25191    G:0.15267
Average         T:0.26718    C:0.19423    A:0.34266    G:0.19593

#3: Smik           
position  1:    T:0.20865    C:0.16794    A:0.35115    G:0.27226
position  2:    T:0.24427    C:0.16031    A:0.42748    G:0.16794
position  3:    T:0.37405    C:0.21120    A:0.29262    G:0.12214
Average         T:0.27566    C:0.17981    A:0.35708    G:0.18745

#4: Spar           
position  1:    T:0.21374    C:0.16794    A:0.34606    G:0.27226
position  2:    T:0.24682    C:0.16031    A:0.41730    G:0.17557
position  3:    T:0.39440    C:0.21374    A:0.24427    G:0.14758
Average         T:0.28499    C:0.18066    A:0.33588    G:0.19847

#5: Ncas           
position  1:    T:0.22137    C:0.14758    A:0.35115    G:0.27990
position  2:    T:0.23410    C:0.16285    A:0.43511    G:0.16794
position  3:    T:0.38931    C:0.19593    A:0.27990    G:0.13486
Average         T:0.28159    C:0.16879    A:0.35539    G:0.19423

#6: Cgla           
position  1:    T:0.23410    C:0.13740    A:0.34351    G:0.28499
position  2:    T:0.23919    C:0.15267    A:0.42494    G:0.18321
position  3:    T:0.38677    C:0.18830    A:0.26972    G:0.15522
Average         T:0.28668    C:0.15946    A:0.34606    G:0.20780

#7: Agos           
position  1:    T:0.22137    C:0.22392    A:0.25191    G:0.30280
position  2:    T:0.24936    C:0.17048    A:0.39695    G:0.18321
position  3:    T:0.19593    C:0.42748    A:0.09160    G:0.28499
Average         T:0.22222    C:0.27396    A:0.24682    G:0.25700

#8: Klac           
position  1:    T:0.24173    C:0.15776    A:0.31807    G:0.28244
position  2:    T:0.24173    C:0.18575    A:0.40712    G:0.16539
position  3:    T:0.36641    C:0.21883    A:0.25700    G:0.15776
Average         T:0.28329    C:0.18745    A:0.32740    G:0.20187

#9: Calb           
position  1:    T:0.24936    C:0.12214    A:0.30789    G:0.32061
position  2:    T:0.26209    C:0.16539    A:0.40967    G:0.16285
position  3:    T:0.46056    C:0.10178    A:0.35623    G:0.08142
Average         T:0.32400    C:0.12977    A:0.35793    G:0.18830

Sums of codon usage counts
------------------------------------------------------------------------------
Phe F TTT     103 | Ser S TCT      68 | Tyr Y TAT     127 | Cys C TGT      29
      TTC     107 |       TCC      44 |       TAC     106 |       TGC      15
Leu L TTA      63 |       TCA      24 | *** * TAA       0 | *** * TGA       0
      TTG      58 |       TCG      30 |       TAG       0 | Trp W TGG      18
------------------------------------------------------------------------------
Leu L CTT      41 | Pro P CCT      23 | His H CAT      75 | Arg R CGT      58
      CTC      11 |       CCC       2 |       CAC      59 |       CGC      27
      CTA      45 |       CCA      30 | Gln Q CAA     133 |       CGA      11
      CTG      26 |       CCG       2 |       CAG      31 |       CGG       1
------------------------------------------------------------------------------
Ile I ATT     141 | Thr T ACT      80 | Asn N AAT      86 | Ser S AGT      15
      ATC      54 |       ACC      52 |       AAC     102 |       AGC       1
      ATA      34 |       ACA      41 | Lys K AAA     137 | Arg R AGA     175
Met M ATG      45 |       ACG      26 |       AAG     151 |       AGG      26
------------------------------------------------------------------------------
Val V GTT      57 | Ala A GCT      50 | Asp D GAT     167 | Gly G GGT     169
      GTC      30 |       GCC      48 |       GAC     115 |       GGC      30
      GTA      13 |       GCA      48 | Glu E GAA     148 |       GGA      16
      GTG      40 |       GCG      14 |       GAG      45 |       GGG      14
------------------------------------------------------------------------------


Codon position x base (3x4) table, overall

position  1:    T:0.22392    C:0.16257    A:0.32966    G:0.28386
position  2:    T:0.24541    C:0.16455    A:0.41900    G:0.17105
position  3:    T:0.36443    C:0.22703    A:0.25954    G:0.14900
Average         T:0.27792    C:0.18471    A:0.33607    G:0.20130

Codon frequencies under model, for use in evolver (TTT TTC TTA TTG ... GGG):
  0.01639344  0.01639344  0.01639344  0.01639344
  0.01639344  0.01639344  0.01639344  0.01639344
  0.01639344  0.01639344  0.00000000  0.00000000
  0.01639344  0.01639344  0.00000000  0.01639344
  0.01639344  0.01639344  0.01639344  0.01639344
  0.01639344  0.01639344  0.01639344  0.01639344
  0.01639344  0.01639344  0.01639344  0.01639344
  0.01639344  0.01639344  0.01639344  0.01639344
  0.01639344  0.01639344  0.01639344  0.01639344
  0.01639344  0.01639344  0.01639344  0.01639344
  0.01639344  0.01639344  0.01639344  0.01639344
  0.01639344  0.01639344  0.01639344  0.01639344
  0.01639344  0.01639344  0.01639344  0.01639344
  0.01639344  0.01639344  0.01639344  0.01639344
  0.01639344  0.01639344  0.01639344  0.01639344
  0.01639344  0.01639344  0.01639344  0.01639344


TREE #  1:  (((((1, 4), (3, 2)), 5), 6), ((7, 8), 9));   MP score: 1114
This is a rooted tree.  Please check!
lnL(ntime: 16  np: 18):  -6134.735553      +0.000000
  10..11   11..12   12..13   13..14   14..1    14..4    13..15   15..3    15..2    12..5    11..6    10..16   16..17   17..7    17..8    16..9  
 0.223727 0.073661 0.558433 0.092417 0.171529 0.116794 0.000004 0.167697 0.292543 0.504623 0.759249 0.265152 0.270030 1.577781 0.334744 3.421056 1.804888 0.046846

Note: Branch length is defined as number of nucleotide substitutions per codon (not per neucleotide site).

tree length =  8.829441

(((((1: 0.171529, 4: 0.116794): 0.092417, (3: 0.167697, 2: 0.292543): 0.000004): 0.558433, 5: 0.504623): 0.073661, 6: 0.759249): 0.223727, ((7: 1.577781, 8: 0.334744): 0.270030, 9: 3.421056): 0.265152);

(((((Scer: 0.171529, Spar: 0.116794): 0.092417, (Smik: 0.167697, Sbay: 0.292543): 0.000004): 0.558433, Ncas: 0.504623): 0.073661, Cgla: 0.759249): 0.223727, ((Agos: 1.577781, Klac: 0.334744): 0.270030, Calb: 3.421056): 0.265152);

Detailed output identifying parameters

kappa (ts/tv) =  1.80489

omega (dN/dS) =  0.04685

dN & dS for each branch

 branch          t       N       S   dN/dS      dN      dS  N*dN  S*dS

  10..11     0.224   855.0   324.0  0.0468  0.0113  0.2415   9.7  78.3
  11..12     0.074   855.0   324.0  0.0468  0.0037  0.0795   3.2  25.8
  12..13     0.558   855.0   324.0  0.0468  0.0282  0.6029  24.1 195.3
  13..14     0.092   855.0   324.0  0.0468  0.0047  0.0998   4.0  32.3
  14..1      0.172   855.0   324.0  0.0468  0.0087  0.1852   7.4  60.0
  14..4      0.117   855.0   324.0  0.0468  0.0059  0.1261   5.1  40.8
  13..15     0.000   855.0   324.0  0.0468  0.0000  0.0000   0.0   0.0
  15..3      0.168   855.0   324.0  0.0468  0.0085  0.1810   7.3  58.7
  15..2      0.293   855.0   324.0  0.0468  0.0148  0.3158  12.7 102.3
  12..5      0.505   855.0   324.0  0.0468  0.0255  0.5448  21.8 176.5
  11..6      0.759   855.0   324.0  0.0468  0.0384  0.8197  32.8 265.6
  10..16     0.265   855.0   324.0  0.0468  0.0134  0.2863  11.5  92.7
  16..17     0.270   855.0   324.0  0.0468  0.0137  0.2915  11.7  94.4
  17..7      1.578   855.0   324.0  0.0468  0.0798  1.7034  68.2 551.8
  17..8      0.335   855.0   324.0  0.0468  0.0169  0.3614  14.5 117.1
  16..9      3.421   855.0   324.0  0.0468  0.1730  3.6934 147.9 1196.5

tree length for dN:       0.4465
tree length for dS:       9.5323


Time used:  0:08
