      9   1173

Scer                            AAC ATC AGT CAA CTA ATT AAA TAT TTA ACT ATG GAG TTG AGG GAA GAT TTA ATC AAC GAT AAA TTT CAC AGT AGG ATA TTG ACA CTG TTT TTG CCC CTG TCA GTG CTG GAA GGC AGA AGC TCA GAA CCA AAC AAT CGT TTA CTA ACG TTG TAC CAC AGG GAA ATT CAA ACC GAC AAA GAA CAG CGT GAG TAC GAC AGG CAT TGT AAA GTG TAC CAT AAC AAT ATA CCT GAT GCC GTA TAT AAA AGG GTT TAT GAT CAC GCT TCG AGG TTG GGG CTA TGT AGG ACA CCT CCT TCT GAA CAT CTA GTG CAC TGG TGT GAC GGT GGT CCA AGC GCC TTG GAA TTA TGT ACG CCC TGG TTG AGA GAT TCT ATG ACA GAG GTC GTC TTG CAC CAA CAT TTT GAC GAC AGA CTT ACA CAT ATT GAT TTC TAT CTG CGA TTC GTC TTC CGT ATC AAG AAT TTG GGG ATC GAG TTT CTC CTG TAC TTC TAC GGA AAG TAC CCA ACT CTG TTT CCT AAG CGA CAG CAG AGG TTT AGG CAG ACG AGG TTG CCC AAA GGT GCC GAA TGT AAT ATT GAA GAG ATG CAT GAT CCC AGG CGT CTG TCT GCC TTA ATT GAC TTG GAT CTG GAA TCG GAA CAT CGA AGA TCA AAA ACG GAA GAG GTG GAG TTC CTC CCT CTG GGC ATT GAT TCG TCA GCA ACT CTA GCA ACA GAG TTG GAT GAC TTG CAA ATT GAA CCT TTT TAC TTT TTC TGC CTG CGT GCC GCT TAT ACA CCC GAG ACG TTG AAA CTG AGA GCT CAT CAA ATC AAT TTA GAA TTA CAG GAC GCC TCT CCA GAA CCT ATA GTG TTA CTG GAA GTG AGA TTT AGA CAA GTT CAC ATC GAA CAA TTG CAG AAG CAT GAG TGG GTG GAT GAT AAA GCG TTT TTC TTA GCT GCT CCT GAT CCA ATA GCC GAT GTT ATG CAT GAG GAA TTG GAC GAT CAT GAC CTT AAA TTG GTG GTC CCT ACG TAT GGG CAC AAA AAT GTC TCG CCT GAC GAG GTC CCT GCT TTA ATG ACT GAA AAA AAG GAA GAT GCT ATT GTA ACT AAA GGG CCA AAG GAA TAC GAA GAT ATT AAC GTG CCA TAC GAT GGC ATA GAG AAG CAG TAC CCT AAG AGG GTT CAC GTA AGA GAA TCG CAT CCA GAT AGA TTA AAA GAG CAT TGC 
Sbay                            AAC ATC AGC CAG TTG ATC AAG TAT CTG CAA ATG GAA CAA CGG GAG GAC TTA ATA AAC GAT AAG TTT CAT AGT AGA CAA CTA ACA CTG TTT CTG CCT TTG TCG GTG TTG GAA GGT AGA AGC TCG CAT CCA CAT AAT GCA CTG CTG ACT CTG TAC CAC AGA GAA ATT CAA ACC GAT AAG GAG CAG GCA GAG TAT GAT AGA CAC TGC AAG GTC TTT CAA AAC AAC CAA CCT GAT GCC GTA TAC AAA AGA GTT TAC GAT CAC GCC TCC CGG CTA GGA TTG TGT AGA ACA CCC CCG TCT GAA GTC TTG GTG CAC TGG TGC GAT GGT GGT CCA AGC TCT CTA GAG TTG TGT ACA CCC TGG CTA TCA GAT CGC ATG TCT GAA GTC GTC TTG CAT CAA GTC TTC GAT GAT AGG ATC ACG CAT TCA GAT TTC TAT CTG CGA TTT GTC TTG AGA GTC AAG AAT CTA GGA ATA GAA ATG TTA TTG TTT TTT TAC GGA AAC TAC CCC ACC TTG TTT CCC AAC CGA CAA CAG AGA ATG AAG CAG ACG CGG TTG CCT AAG GGT GCC GAA TGT AAC ATC GAG AAC GGA TAT GAT CCC CGG AGA CTA TCT GCC CTG ATT GAC CTA GAT CTA TTA ACG GAG CAA CGA AGG TCG AAA ACG GAA AAC GTG GAG TAT CTG CCC CTA GGT ATC GAC TCC TCG GCC ACC TTA GCC GCT GAG CAA GAA GAC TTG CAG ATT TTA CCC TTC TAC TTT TTC TGC CTG CAT TCT GCC TAT GCT CCT GAA ACA TTG GGT CTG AGA GCT CAC CAA ATG AAC TTA GAG ATC CAA GAC GCC CGC CCA GAG ACT CAA ATC TTG CTA GAG ATC AGA TTT AGA CAA CTT CAT GTC GAG CAA TTG CAG AAG CAT GAG TGG GTC GAT GAT GGT ATG TTC TTC TTG GCT GCT CCC GAC CCA TTA TAC GAC GTG GGA TAT GAA TTA TTG GAT GAT CAT GAT CTA ATT ATA GTG GCT CCT ACT TAT GGG CAC AAA AAC CTA TCC CCC GAC GAG GTC CCG GCC TTG ATG ACC GAA AAA ATG GAA GAT AAG ATC GTA ACT AAA GGA CCA AAG GAA TAC GAG GAT ATT AAC GTG CCA TAC TTT GGT ATC GAA AAG CAA TAC CCT AAG AGA TTG CAT GTA TAT GAA TCT CAT CCA GAC AGA ATT AAA GAG CAA TGC 
Smik                            AAC ATC AGT CAG TTG ATT AAA TAT TTA ACC ATG GAG CTG ATG GAA GAT TTA ATC AAC GAT AAG TTT CAC AGT AGG ATA CTG ACG CTG TTT TTG CCC TTA TCA GTG TTA GAA GGT AGA AGC TCA GAA CCA AAT AAT CGT TTA TTG ACG TTG TAT CAC AGG GAA ATC CAA ACT GAC AAA GAA CAG CGT GAG TAC GAT AGA CAT TGC AAA GTG TAC CAT AAT AAT ATA CCT GAC GCC GTA TAC AAA AGG GTA TAC GAC CAC GCT TCG ATG CTG GGA TTA TGT AGG ACG CCT CCT TCT GAG CAC TTG GTG CAC TGG TGC GAC GGT GGT CCA AGC GCC CTG GAG TTA TGT ACT CCC TGG TTG AGA GAT TCC ATG ACA GAG GTC GTC TTG CAC CAA CAC TTT GAT GAT AGA CTC ACA CAT ATT GAT TTT TAT CTG CGA TTT GTC TTC CGT ATC AAG AAT CTG GGA ATC GAA TTC CTT TTA TAC TTC TAT GGG AAA TAT CCA ACT TTA TTT CCA AAG CGA CAA CAG AGG TTC AGA CAG ACG ATG TTG CCC AAG GGT GCC GAA TGT AAT ATT GAA GAA ATG CAT GAA CCC ATG CGT CTC TCT GCC TTA ATT GAC CTG GAA CTC GAA TCG GAG CAT CGA AGG TCA AAA ACG GAA GAA GTG GAG TTT CTC CCA CTC GGT ATC GAC TCG TCA GCA ACT TTA GCA ACA GAG CTG GAT GAC TTA CAG ATC GAA CCT TTT TAC TTT TTT TGT CTG CGT GCC GCA TAT ACA CCC GAA ACA TTA AAA CTG AGG GCT CAT CAA ATT AAC TTA GAG TTG CAA GAC GCC TCC CCA GAA CCT ATA GTT TTA CTC GAA GTT AGA TTT AGG CAA GTT CAC ATC GAA CAA TTG CAG AAA CAT GAA TGG GTG GAT GAT AAA GCT TTT TTT TTA GCT GCT CCA GAT CCC ATC GCC GAT GTT ATG CAT GAG GAA TTG GAC GAC CAT GAT CTC AAA TTG GTG GTC CCT ACG TAT GGG CAC AAA AAT GTC TCG CCA GAC GAA GTC CCT GCA TTG ATG ACT GAA AAA AAA GAA GAT GCT ATT GTA ACT AAA GGA CCC AAG GAA TAT GAG GAT ATC AAC GTG CCA TAC GAT GGT ATA GAA AAG CAA TAC CCT AAG AGA GTC CAC GTA AGA GAA TCA CAT CCA GAT AGA TTA CAA GAG CAT TGT 
Spar                            AAC ATC AGT CAA TTA ATT AAA TAT TTA ACT ATG GAG TTG AGG GAA GAT TTA ATA AAT GAT AAA TTT CAC AGT AGG ATA TTG ACG CTA TTT TTG CCC CTT TCA GTA CTT GAA GGC AGA AGC TCA GAA CCA AAT AAT CGT TTA TTA ACG CTG TAC CAC AGG GAA ATT CTA ACA GAC AAA GAA CAG CGT GAA TAT GAC AGG CAT TGT AAA GTG TAC CAT AAT AAT ATA CCT GAC GCC GTT TAT AAA AGG GTT TAT GAT CAC GCT TCA AGG TTG GGG TTA TGT AGG ACG CCT CCT TCT GAA CAT TTA GTG CAC TGG TGT GAC GGT GGT CCA AGC GCC TTG GAA TTA TGT ACT CCC TGG TTG AGG GAT TCT ATG ACA GAG GTG GTC CTG CAC CAA CAT TTT GAC GAC AGA CTC ACA CAT ATT GAT TTC TAC CTG CGA TTC GTC TTC CGT ATC AAG AAT TTG GGG ATA GAG TTT CTT CTT TAC TTT TAT GGA AAA TAT CCA ACT CTT TTT CCA AAG CGA CAG CAG AGG TTT AGA CAG ACG AGG CTG CCC AAA GGT GCC GAA TGT AAT ATT GAA GAA ATG CAT GAT CCC AGG CGT CTC TCT GCC TTA ATT GAC TTG GAT CTC GAA TCG GAA CAT CGA AGG TCA AAA ACG GAG GAA GTA GAG TTC CTC CCA CTC GGC ATC GAC TCA TCA GCA ACT CTA GCA ACG GAA TTG GAC GAC TTG CAA ATT GAA CCT TTT TAC TTT TTC TGC CTA CGT GCC GCT TAT ACG CCC GAG ACG TTG AAA CTG AGA GCT CAT CTA ATC AAC TTA GAA TTA CAG GAC GCC TCT CCA GAA CCT ATA GTT TTA CTC GAA GTT AGA TTT AGA CAA GTT CAC ATC GAA CTA TTG CAG AAA CAT GAA TGG GTG GAT GAT AAA GCG TTT TTC TTG GCT GCT CCA GAT CCC ATC GCC GAT GTT ATG CAT GAG GAA TTG GAC GAC CAT GAC CTT AAA CTG GTG GTC CCT ACG TAC GGG CAC AAA AAT GTC TCA CCA GAC GAA GTG CCT GCT TTG ATG ACT GAA AAA AAG GAA GAT GCT ATT GTT ACT AAA GGG CCC AAG GAA TAT GAA GAC ATT AAC GTG CCA TAT GAT GGC ATA GAG AAG CAG TAC CCT AAG AGG GTC CAC GTT AGA GAA TCA CAT CCA GAT AGA TTA AAG GAG CAT TGC 
Ncas                            AAT ATT AGT CAA TTA ATT AAA TAC TTA GAA ATG CAA GAC CGT GAA GAT CTT ATT AAT GAT AAG TCA AAT AGC AGA AGA TTG ACC TTG TTC TTG CCT CTG TCA ATC CTG GAA GGG AAG TCT TCA CAT CCA AAT AAT GCC TTA CTC ACT TTG TAC CAC AGA GAA ATT CAA ACA GAT AAG GAA CAA GCC GAG TAT GAC AGA CAT TCA AAA GTC TTC CAA AAT AAC AGA CCA GAC GCT GTT TAT AAA AGA GTC TAT GAT CAC GCT TCA CGT TTG GGC TTG TGT AGA ACC CCG CCT TCC GAA ATT TTA GTG CAC TGG TCA GAT GGA GGT CCA TCT TCT TTA GAG TTG TGT ACA CCA TGG TTA GCC GAT CGC ATG TCA CAA ATC ATC TTA CAT CAA ATT TTC GAC GAC AGA ATG ACA CAT TCT GAT TTT TAC TTG AGA TTC ATC TTT AGA GTC AAG AAT TTA GGC ATT GAA AGC TTG CTG TTC TTT TAC AAT AAT TAC CCA ACC CTG TCA CCT ACT AGA CAA GAG AGA AGC AAA GAG ACC CGT TTG CCT AAG GGA ACA GAA TGT AAC ATT GAG AAT GGT TAT GAT CCT CGT AGA TTA TCC ACA TTA ATA GAC TTA GAT TTA CTA ACA GAG CAA AGA AGA TCA AAA ACC GAA AAT ATC GAA TAC CTA CCT TTA GGG ATC GAT TCA TCA GCA ACC TTA GCA GCA GAG GAC GAC GAC CTC CAA ATT CTA CCG TTC TAT TTC TTT TGT TTG CAC TCT GGC TAC GCA CCT GAA TCC CTC GGC TTG AGA GCT CAT CAA CTT AAT TTA GAG ATT CAA GAT GCC CGC CCA GAA ACA AGA ATC TTG TTA GAA ATC AGG TCA AGA CAA ACA AAT GTC GAA CAA CTA CAA AAG CAT GAA TGG GTC GAT GAT GGC TCC TTT TTT CTA GCA GCT CCT GAC CCA TTA TTC GAC GTG GGT TAT CAA CTA TTG GAT GAC CAT GAC CTC ATT ATA GTA GTG TCC ACT TAC GGG CAC AAA AAC TTA TCA CCT GAT GAA ATC CCT GGC TTA ATG ACC GAA AAA AAG GAT GAT ACG ATT GTT ATG AAA GGC CCA AAG GAA TAC GAG GAT ATT AAC GTA CCA TAT TTT GGG ATT GAA AAG CAA TAT CCT AAG AGA TTA AAT GTT TAT GAA TCC CAT CCA GAT AGA TTG ACT GAA CAA TGT 
Cgla                            AAT ATT AGC CAG TTG ATT AAG TAT ATC GAA ATG GAG CAG CGT GAA GAT CTT ATC AAT GAC AAG TTC CAT AGT CGT AGA TTG ACA CTA GCT CTC CCT CTG TCG ATA CTG GAG GGC AGG AGC TCG CAC CCG CGC AGT GCA ATC CTG ACC CTC TAC CAC CGT GAG ATA GAG ACT GAT AAG GAA CAG GCA GAG TAT GAC AGG CAT TCT AAA GTG TTT CAA AAC AAT AGA CCA GAC GCC GTC TAC AAA CGT GTC TAC GAT CAC GCC TCG CGT TTG GGC CTG TGT CGT ACA CCT CCA TCT GAA ATT TTG GTA CAC TAC TCT GAC GGT GGT CCA AGC TCT GCC CAG CTG TGC GAC GTT TGG TTA ACA GAT AAG ATG TCT GAG ATC ATC TTG CAC CAG ATT TAC GAC GAC AGA TTG TCT CAC GAT GAT TAT TAC ATG AGA TTC ATC TTC AGA GTA AAG AAT GCC GGC ATC GAA ATT TTA CTG TTT TTC TAT CAG ACA TAT CCC AGC CTG TTC CCA AAC AGA CAG ATC CGT ATT AAG ATC GCA CGT TTG CCT AAG GGT GCT GAA TGT AAT ATC GAA GAA GGT TAC CAG CCG CGT AGA CTG TCT GCT ATC GTT GAT GCC CAG CTG TTA ACA CAG CAA AGA CGG TCG AAG GCA GAG GAA ATA GAG TAC TTA CCA CTG GGC ATC GAT TCG TCG GCT AGC TTG GCT ACA GAG CAG GGT GAC CTG CAG ATA TTA CCT TAC TAC GCT TAT TGC CTG CAT TCT GCG TAT ACA CCT GAA AAC CTG GGT ATG AGA TGT CAT GAG ATC AAC TTG CAG CTG CAG GAT GCA AAG CCA GAA ACT AGA ATT CTG CTG GAA ATT CGG TTC AGA CAG CTG CAT GTA GAA GAG TTA CAG AGA CAT GAG TAC GTG GAT GAT GGT ACT TTT TAT CTG ACT TGT CCA GAC CCA CTT TAT GAC GTC GGT TAC GAG TTA TTG GAC GAC CAC GAC TTG ATT ATC GTG GTC CCA ACC TAC GGT CAC AAG AAT CTA TCG CCA GAT GAG ATC CCA GCG TTG ATG AGC GAA AAG AAT GAA GAC GAA ATC GTC ACG AAG GGC CCA AAG GAG TAT CAG GAT ATA AAC GTG CCA TAT TTT GGC GTG GAA AAG CAG TAC CCT AAG AGG TTG CAT GTC TAT GAG AGC CAT CCA GAT AGA ATC AGA GAG CAG TGC 
Agos                            CAT ATT TCT CAG CTG ATC AAA TAC TTT AAG ATG GAG GAG CGC GAA GAC CTA GTG AAC GAC AAG ACG CAT AGC CGC AGA TTG ACT CTG TTT CTC CCG CTG TCG GTG CTG GAG GGC CGG AGC TCG CAC CCA CGT AGT GCA TTT CTC ACT TTA TTC CAC CGC GAG GTG CAG GCT GAG CGC GAG CAG GCA GAG TAT GAC CGG CAC TCG AAG ATC TAC CAG ACT AAC AGA CCG GAC GCT TTC TAC AAG CGC GTT TAC GAC CAC GCT AAG CGC TTG GGG TTG TGT CGC ACT CCG CCT TCT CAA ATC CTG GTG CAC TGG TCG GAT GGT GGC CCC AGC TCT ATG CAG CTA TGT ACC GCA TGG CTT ACC GAG AGA AGA TCG GAG GAA TCG TTG CAC CAG ATC TTT GAC GAC CGT CTG AGC CAC AGT GAC TAT TAT CTG AGG TTT TCG TAC AGA GTG AAG AAC ATG GGG GTG GAA ACT CTA CTG TAC TTC TAT GAA AAG TAT CCC TGC CTG ACG CCT AAC AGG CAG CAC CGC ACT AGA CAC GCA CGC TTA CCG AAG GGT GCA GAC TGT AAC GTG GAG GCG GGC TAT GAC CCG CGC AGA CTA TCT GCA TTT GTT GAC ATG GAC CTA CTC ACG CAG CAG AGG CGT TCG AAG GCA GAG GCG GTG GAA TTC CTA CCT CTA GGC GTC GAT AAG TCG TCC TGC ATC TCC TCG GAG GAG GGA GAT CTG CAG GTG CTC CCG TTT TAC TTT TAT TGT CTC CAT TCT GAC TAC TCG CCG GAA ACC CTG GGT CTG CGA CTG CAC CAG ATC ATC CTG CAG ACA CAG GAC GCC AGA CCC GAA ACA AGA GCA CTA CTA GAG GCA AAG ACG CGG CAG GTT CAT GTG GAG CAG TTG CAG CGT CAC CAG TGG ATC GAG GAC GGT CAA TTC TAT CTG ACC CTG CCT GAT CCG CTG TAC GAC GAA GGC TAT GAG CTC GTG GAT GAC CAC GAC CTG ATT CTC GTG CCA CCA ACT TAT GGT CAC AAG AAC TTG AAG CCT GAC CAG GAA CCT GAC CTA AGA TGC GAC AAA AAA GAG GAT ACA GTG TTC ATG AAA GGG CCG AAG GAG TAT CAG GAT GTG AAT GTG CCT TAT TTT GGC GTG GAA AAG CAG TAC CCC AAG CGG GTG CAT TTC TAT GAG TCG CAT CCT GAC AAG GTG CGT GAA CAA TGT 
Klac                            AAC ATT TCA CAG CTA ATT AGA TAC ATT CAG ATG GAG GAG CGT GAG GAT CTA ATT AAT GAC AAG GCT CAT AGT AGA ATT TTG ACA TTG CTA TTG CCG TTA TCA ATT TTA CCA GGT AGG TCT TCA GAA CCA CCC ACT CGT ATT TTG ACA TTG TTC CAT AGA CCA ATA GAA ACC GAT AGG GAA CAG CGT GAA TAT GAT AGG CAC TCG AAA GTC TTT CAT TCG AAC ATT CCA AAC GGA GTG TAT AAA AGA GTT TAT GAT CAT GCA AAT CGT TTG GGA ATC TGT AGA ACA CCT CCG TCT CAA AAT CTA GTG CAT TGG TCG GAT GGT GGT CCA TCT GCC ATC CAG TTG TGC ACT CCA TGG CTA AGG GAT ACT AAG ACA GAG GCC GTT TTA CAT CAG AAT TTC GAT GAT AGA ATG CTT CAT ATT GAC TTT TAT TTA AGA TTT GTT TTT CGT GTT AAG AAC ATC GGA ATT GAA TTC CTT TTA TTT TTC TAT GAA AAT TAT CCC GCA TTA GCT CCT AAC AGA CAG AAC AGA TTC AGA AAC ACA CGT TTG CCG AAG GGT TCA GAA TGT AAC ATC GAA GAC ATG CAC GAC CCT CGT CGT CTT TCT TCA ATT ATT GGT ATC GAC CTT GAA ACA CAG CAT AGA AGA TCA AAG ACA GAG GAC ATT GAG TAC TTA CCT CTT GGT ATT GAC AAT TCA GCA GCA TTA GCA GCT GAA GAG ACG GAC TTA CAG ATA GAA CCT TTC TAT CTA TTT TGT TTA CGT GCC AGA TAC GCT CCG GAA ACC TTA AAG TTA AGA CTA CAC GAA ATT TAC ATG CAG ATG CAG GAC GCT ACT CCA GAG CCC ATT ATT TTG CTT GAA ATT AGG GCT AGA GCA CTA CAT GTT GAA GAA TTA CAG AGA CAT CAA TGG GTC GAT GAT AAG AAC TTT TTT TTG CCG CTA CCT GAT CCT ATC GCC GAT GTG ATG CAC GAG GAA ATG GAT AAC CAT GAT TTA AGA ATG GTT GTC CCA ACA TAT GGG CAT AAA AAC GTT AAT CCT GAC CAA GCC CCG AGA TTG AAG GCA GAA AAA AAG GAA GAT GCT ATC GTG GTT AAA GGA CCT AAA CCA TAT CAG GAT ATA AAC GTT TCG TAT GAT GGT CAT GAA AAA CAG TAT CCA AAA AGG ATC CAT GTG AGA GAG TCT CAT TCG GAT AAG ATA CGT GAG CAT TGT 
Calb                            TTG ATG AGT CAA TTG ATC TCT TAT TTG ACT ATG GAA TTG AGA GAA GAT TTA GTC AAT GAT AAA AAT CCA TCG AGG ATA TTA ACA ATT TTT TTG CCT TTA TCA GTA TTA TTA GGA AAA CAA TCA GAA CCA AAG AGT AAG TTG ATG ACT CTT TAT CAC AGG TTA ATT GAA ACT GAC AAG GAA CAA AAG GAA TAT GAT AGA CAT ACT AAA GTA TTT CAT AAT AAT ATA CCA GAT GCT GTG TTT AAA AGG GTT TTT GAT CAC TCC TCC AGA TTA GGG CTT TGC AGG ACA CCA TCT GCA CAA AAT TTG GTT CAC TAT ACT GAT AGT GGT CCT CAA GCC TAT CAA CTA GTG ACC ATA TGG ATG CGA GGC ACG AGA ACT GAA GCT GAA ATT CAC CAA AAT TTT GAT GAT AGA ATT TCA CAT ATT GAT TAT TAC TTG AGA TTT GAA TTT AGA GTT AAA AAT TAT GGG GTC GAA TAC TTG TTA TTT TTT TTA GAT AAA TTA CCC AAT TTA AAT CCG AAA AGA CAA TCC AGG TAC CAG TCC CCA AGA ATT CCT AAA AGT GCC GAT TGT AAT ATA GAA GAT ATG CAT AGA CCA AGA AGA TTG GCA GCC TTG ATA GAT TAT AGA TTG GAA ACG CAA CAT AGA AGA TCA AAA CCA GAA GAT GTA GAA TTG CTA CCG TTG GGA GTT GAT TCC TCA GCA AAT ATA GCA GCT GAA TTG GAG GAC ATT CAA ATT GAA CCA TTT TAC TTT TAT TGC TTA AGA GCC AAG TAT GCT CCT GAA CAA ATT AAA TTG AGA ATT CAT GAA ATT AAT GAT CAA CAG CAA GAT GCT ACG CCT GAA CCC ATA ATT CTA TTG GAA ATT AAA AAT AGG ATA TTA CCA GTT GAA GAA TTA CAG AAA CAT CAA TAT GTA GGC GAT AAA AAC ACT TAT TTG ACA ATT CCG GAA CCC CCA AGA GAT ACT ATG CAT GAA GAA ACA GAT GAT CAT GAT TTA ATT TTA GTA GTA CCA ACT TAC TCA CAC AAA AAT GTG TCC CCG GAT CAA GCT TCT AAG TTA AGA AAT GAT AAG AAA CTG GAT GCT ATA GTG ATG AAG GGG CCC AAA TTA TTA CAA GGT ATT GAT GTA CCT TAT GAT GGA ATA GAA AAA CAA TAC CCA AAA AGA TTG CCA GTG ACC GAG AGT CAT CCT GAT AGA ATC AGA GAA CAC TGC 



Printing out site pattern counts


         9        732  P

Scer                            AAA AAA AAA AAA AAA AAA AAA AAA AAA AAA AAA AAC AAC AAC AAC AAC AAG AAG AAG AAG AAG AAG AAT AAT AAT AAT ACA ACA ACA ACA ACC ACG ACG ACG ACG ACT ACT ACT AGA AGA AGA AGA AGA AGA AGA AGA AGA AGC AGG AGG AGG AGG AGT AGT ATA ATA ATA ATC ATC ATC ATC ATG ATG ATG ATT ATT ATT ATT ATT ATT CAA CAA CAA CAA CAC CAC CAC CAG CAG CAG CAG CAT CAT CAT CAT CAT CAT CAT CAT CCA CCA CCA CCA CCA CCC CCC CCC CCT CCT CCT CCT CCT CCT CCT CGA CGT CGT CGT CTA CTA CTA CTA CTC CTC CTG CTG CTG CTG CTG CTT CTT GAA GAA GAA GAA GAA GAA GAA GAA GAA GAA GAA GAA GAC GAC GAC GAC GAC GAC GAG GAG GAG GAG GAG GAG GAT GAT GAT GAT GAT GAT GAT GAT GAT GAT GAT GAT GAT GAT GAT GCA GCC GCC GCC GCC GCC GCG GCT GCT GCT GCT GCT GGA GGC GGG GGG GGT GGT GTA GTC GTC GTC GTC GTG GTG GTG GTG GTG GTT GTT GTT GTT TAC TAC TAC TAC TAC TAC TAT TAT TAT TCA TCG TCG TCG TCT TCT TGC TGG TGG TGT TGT TGT TGT TTA TTA TTA TTA TTA TTA TTA TTA TTC TTC TTC TTC TTC TTG TTG TTG TTG TTG TTG TTG TTG TTG TTG TTG TTG TTT TTT TTT TTT TTT 
Sbay                            ... ... ... ... ... ..G ..G ..G ..G .TT GGT ... ... ... ... C.T ..C ..C ... ... ... .T. ..C ..C ... ... ... ..G G.T T.T ... ..A ..A ... ..T ..C ... CAA ... ... ... ... ... ..G ..G TAT TC. ... .A. ..A ..A C.. ..C ... ..C CA. T.. ..A ... ..G G.. ... ... GGA ..C ..C ..C ... ... TCA ... ... ... ..G ... ..T ..T ..A ... ... ... ..A ..A ..C ... ... ... GTC T.. ... ... ... ... ..C ... ... ..T A.. ..C ..C ..G ... ... ... ... A.A .A. GCA ..G T.. T.G T.G ..G T.A ..A ... ... ... T.. A.C ..A C.T ... ... ... ... ... ... ..G ..G ..G ..G TT. ... ... ... ..T ..T ..T A.C ..A ..A ... ... ... ..A ..C ..C ..C ..C ... ... ... ... ... ... ... ... ... TT. ..C ... ... ... TA. T.T AT. AAG ..C ..C ... ... ... ..T ..A ... ... ... ... C.A .CT ... ... A.C ..C ... ... ... C.. ..G ... T.G ... ... ... ... ..T .TT ..C ... ... ..G A.. ..C ..T CGC ... ... ... ... ..C ... ... ... A.C A.T C.G ... ... ..G ..G ..G .AT ... ..G ..T ..T A.A CAA C.A C.A C.A C.. C.. ... ... ... ... ... A.G ..C ..C ... ... 
Smik                            ... ... ... ... C.. ... ... ... ..G ... ... ... ... ... ..T ..T ..A ... ..A ... ... ..A ..C ... ... ... ..G ... ... ... ..T ..A ..T ... ... ... ... ..C ... ... ... ..G ..G ... ..G ... ... ... ..A ..A ... .T. ... ... ... ... ..C ... ... ..T ... ... ... ... ..C ... ... ..C ... ... ... ... ... ..G ... ... ... ..A ... ... ... ... ... ... ... ... ... ..C ... ... ... ... ..C ... ... ... ... ... ..A ... ... ... ... ... ... ... ... ... T.G T.. T.. T.G ... ..T ..C ... ... ... T.A ..C ..C ... ... ... ... ... ... ..G ... ... ... ..G ... ... ... ... ... ... ..T ..A ..A ... ..A ... ... ... ..C ... ... ... ..A ..C ..C ... ... ... ... ... ... ... ... ... ... ... ... ... ..T ... ..A ... ... ... ..G ..T ..A ... ... ... ... ... ... ... ... ..T ... ... ... ... ... ... ..A ..C ... ... ..T ..T ... ... ..C ... ... ... ... ... ..A ..C ... ..T ... ... ..C ... ... ... ..G ... ... ... ... ... ... ..G ..T ..T ... ... ..T ... C.. C.. C.. ... ... ... ..A ... ... ... ... ..C ... ... ... ... 
Spar                            ... ... ... ... ..G ... ... ... ... ... ... ... ... ..T ..T ..T ..A ... ..A ... ... ... ..C ... ... ... ..G ... ..G ... ..A ... ..T ... ... ... ... ... ... ... ... ... ... ... ..G ... ..G ... ..A ... ... ... ... ... ... ... ..C ..A ... ... ... ... ... ... ..C ... ... ... ... ... ... ... .T. ... ... ... ... ... ... ... ... ... ... ... ... ... ... ... ... ... ... ... ..C ... ... ... ... ... ..A ... ... ... ... ... ... ... ... ... T.. ... T.. T.. ... ..T ..C ..A ..A ... ..T ..C ... ... ... ... ... ... ..G ... ... ... ... ... ... ... ... ... ... ... ... ..A ... ... ..A ..A ... ..C ..C ... ... ... ... ..C ... ..C ... ... ... ... ... ... ... ... ... ... ... ... ... ... ... ... ... ... ... ... ... ... ... ... ..T ... ... ... ..G ..T ... ..A ... ... ... ... ... ..C ... ..T ... ..T ..T ... ... ..C ... ... ... ..A ..A ... ... ... ... ... ... ... ... ... ... ... ... ... ... ... ..G ..G ... ... ... ..T ... C.. ... ... ... ... C.. ... ... C.. C.. ... ... ... ... ... ... ... 
Ncas                            ... ... ... ... .CT ... ... ..G ..G .TT GGC ... ..T ..T ..T ..T ..T .CT ... ... ... ... ... ..C ... ... ..C ... G.. T.. ..A T.C ..A ..C ..T ..C .TG GAA .AG ... ..G ... ... ... ... TAT GCC TCT .AA ..A ..A C.T ... ..C ..T .G. T.. ..T ..T C.T G.. ... ... GGT ..C ... ... ... ..A TC. ... ... ... ... ... A.T ..T ..A ..A ..A G.. ..A ..A ... ... ... ... AT. T.. ... ... ... ... ... ..A ..T ..T A.A ... ..G ... ..A ... T.C A.. A.A .AC GCC ..C T.. T.G T.. ..A T.G T.A T.. T.. T.. ... A.G ..C C.T ... ... ... ..T ... ... ... ... ..G ..G CT. ... ... ..T ..T ..T ... A.T ..A C.A ..A ... ..A ..C ... ..C ..C ... ... ..C ... ... ... ... ... ... ... TT. ... A.A ... ..T TT. T.T T.C A.G .GC ... ..A ... AAT ..G ..C ... ..A ... ..T T.A ..G A.. A.. A.C ..C A.C ..A ... ACA ..G ..C T.A ..T ..T ... ... ..T .T. ... ..C ..C ... A.A ..A ..C CGC ..C ..T ... ... .CA ... ... ... A.T ..G ... C.T ... ..G C.. ... .A. ..T ..T ..T ... A.A GAC ..A ... ..A ... ... C.C ..A ... C.A ... AGC ..C ... .CA ..C 
Cgla                            ... ..G ..G ..G .G. ... ..G ..G ..G .TT GGT ... ..T ..T ... CG. .CA ..C .GA ... ... ..T ..C ... ... .G. ... T.T ... T.T ..T .AC GAC G.A ..C .GC ..G GAA ..G ... C.G ... ... ... C.G TAT .C. ... .A. ... C.T C.T ..C ... G.G .G. C.T ... ..T ... G.A ... ... GGT ..C ..C ... ..A G.. GA. ..G ..G G.G ..G ... ..T ... ... ... ... ATC ..A ..G ... ..C ... ... AT. T.C ... ... ..G ... ..C GTT ..G ..T A.. ..A ... ..A ..A ... ..A A.. A.A .A. GCA ..G T.G ..G T.G T.A T.A ... ..A ... A.. ... T.G T.G C.C ... ..G ..G ... ..G ... ... ... ... C.G TT. ... ..T ..T ... ..T ... ..A ..A ... ... ... ... .G. ... ..C ..C ... C.G ..C ... ... ..C ..C ... ... ... TT. ..T ..T ..A ... TAT T.T A.T .AA ..G ..C A.. TG. CAG ... ..C ..T ... ... ..C C.A ... A.. A.. A.T ... A.A ... ..A C.G ..C ..C T.G ... ..T ... ..T ..T .TT ..C ..C ... ..G A.A ... AGC AAG ... ... .AC ... .C. ..C ... ... C.G A.C A.C C.T ..G C.G C.G ..G .A. .AT ... ... ... A.C CA. GCC ... ..A C.C C.C C.. ... ... ..A ... A.. .AC ... ..C GC. 
Agos                            ..G ... ..G ..G CGT ..G ... CGC ..G .TT GGT ..T C.T ... .CT CGT ... ..C CGT ... ... ..A .TC ..C ..C .G. ..T .GC T.G T.G G.T ..C ..C G.A ..T TGC .TG .AG C.G .AG .AG C.. C.G C.T C.T TAT .CC ... ..A C.. C.C C.C TC. ..C G.G .G. C.G G.G ..T ... G.G .GA ... GGC G.C G.G ..C G.G G.. .G. ..G ..G ..G ..G ... ..T ... ... ... ... ..C ..G ..A ..C ..C ..C ... ATC T.. ..C ..T ... ..G ..C G.A ..G ..G A.A ... ..G ... ..G ..C ..A A.G A.A .A. GCA ..C A.C T.G ..G ..A ..A ..A ... ..C ... ... ..G ..G C.C ..C ..G ..G ..G ..G C.. ... ..G ..G C.G CTC ..T ... ... ..T ..G ... .C. ..A ... C.. ... ..A .GA ... ..C ... ..C ..C ..C ..C ... ..C ... ..C ..C ..G TT. T.C ..A ... ..T TA. T.T CAA A.A .AC ... A.C CTG .A. ... ... ..T ... ..C T.C T.G CCA TCG .AA .CA A.C ... ... ... ... .AA ... ..G ... ..T .T. ..T ..T ... ..C ... ..C ..G A.. AA. ... AGA ... ..T ... ... .CG ... ... ... AC. G.G ..T C.. C.G C.. C.G C.. ... .AT .A. ... ..T C.C GA. A.. ... C.T ..A C.C C.. ... ..A ... G.. AC. ... ..C ACG ... 
Klac                            ... ... ... ..G CGT ... .G. .GG ..G .G. ..G ... ... ..T TCG CC. ..T ..C .GA ..A ... ... T.C ..C ..C .C. ... CTT G.T ... ... ..C ..T ..A ..A G.A GT. CAG ..G .AG ..G ... ... ... ... ... ..G TCT ..A ... ..A C.T TCA ... CAT ..T ..C ..T ..T ..T G.T .A. ... ... ... ..C ... ..A ... ... ..G GC. G.. ..G ..T ..T ..T ... ... ... A.C ... ... ..C ... ... ... A.. ..C ... T.G ... ..T ..C ..A ..T ..G ..C ... ... ..G ..A ..A ..A A.. ... ... ... T.G T.. A.C ... T.A ..T ..T T.. T.A T.A T.A A.G T.A ... ... CC. ..G ... ..G C.. ..G ... ... C.G ... ... .GT ... ..T ..T ..T ..C ..A ... C.A ..A ... ACG ..C ... ... ... ..C A.C ... ... ..C ... ..C ... ... ... ... T.A ..T .GA ... ... AAC ... AGA ..A C.G CTA .A. ..T ..A ... ... ... ..G ..T ... ..T .C. A.T ..C A.T ..T ... C.A ..G ... A.C ..T ..T .T. ..T ..T .TT ... ... ..C ... A.A AAT ..T A.. ... ..T ... ... .CG ..C ... ... A.G A.. A.T C.. A.G ..G ..G ..G .A. ..T ..T ... ..T A.. GA. A.C ... C.A ... ... ..A ..A ... ..A A.. ..C ..C ... GC. C.A 
Calb                            ... ..G ... ... .G. ... TCT ..G ... .TT ... G.T TTG ..T ..T ..G ..A ..A ..A ..A ..A ..A ... ... ... .G. ... T.. G.T ..T ..T CAA ..C C.A ..T .A. .TG ... .A. ... .A. ... ..G ... ... .CC C.. CAA CA. ..A ... ..A ... TCG ... ... CC. G.. ..G ..T G.T .GA ... ... G.. ..A ..C ... ..A ... ... AT. G.. ... ... .CA ... ..A ..A ... TCC ... ..C ... ... ... ... A.. ... ..T ..T ... ..C ..C ATA ..A ..T ..C ..G ..A T.. ..A ..A ..A A.. A.A A.A AAG A.G A.. ..T T.G ..A T.G T.. A.T T.A T.. T.A A.. T.A ... ..T TT. ..G CTG ... C.. ... ... ... C.. ... ... ..T ..T ..T ... ..T ..T ..A ..A C.A ..A ..A ..G ... ... ..A ... AGA ... ... .G. ... ... ... ... .GC ... ... ... ..T ..T AGA ... AAC ... AAG T.C A.A AT. .AT ..A ... TCA A.. ... ..G ..G ..A .AA .CT A.T ..A ..A ..A ..T T.A AC. ... T.G ... ..T ..T .TA ..T .TT .T. ..C ... ... A.. ..C AGT A.G G.A ... .AT ... AC. GTG ..C ... CAG A.C ..G ... GAT C.. ..G ... ..G .AT ..T ..T ..T ..A ... .AT ..A A.. C.T ... A.T A.T A.T ..A ACA .AC ... AC. AA. ... 

    1    2    1    1    1    1    1    1    2    1    2    1    1    1    1
    1    1    1    1    3    1    1    1    3    1    1    2    1    2    1
    1    1    1    2    2    3    1    1    1    1    1    1    1    1    1
    1    1    2    1    2    5    4    1    1    1    3    1    2    1    1
    2    2    1    2    1    2    1    3    1    1    1    1    3    2    4
    3    1    3    1    1    2    2    1    2    2    1    1    2    2    2
    2    1    2    1    1    1    3    1    4    2    2    1    1    1    3
    2    1    2    1    1    1    2    1    1    4    1    1    2    4    1
    1    1    2    3    1    1    1    1    2    3    1    4    3    1    1
    2    2    1    4    2    3    3    2    2    2    1    1    1    1    2
    2    2    1    1    1    1    1    1    2    1    2    2    1    1    1
    2    1    1    2    1    1    2    1    3    3    1    2    1    3    1
    1    2    2    2    2    2    2    1    1    1    1    1    2    1    1
    3    1    2    2    2    2    4    1    3    1    2    2    2    2    1
    2    1    1    1    1    1    3    1    1    2    1    1    1    3    1
    1    1    1    2    3    2    1    1    1    2    1    1    1    1    2
    2    1    3    2

CODONML (in paml version 4.9j, February 2020)  temp.nuc
Model: One dN/dS ratio, 
Codon frequency model: Fequal
ns =   9  ls = 391

Codon usage in sequences
--------------------------------------------------------------------------------------------------------------------------------------
Phe TTT  10  10  13  11   7   4 | Ser TCT   4   6   2   4   5   8 | Tyr TAT   6   9   8   9   9  12 | Cys TGT   5   3   5   5   5   4
    TTC   7   6   4   6   8   6 |     TCC   0   3   2   0   6   0 |     TAC  10  10   8   7   9  14 |     TGC   2   4   2   2   0   3
Leu TTA  11   8  17  13  20   7 |     TCA   4   2   5   8  13   0 | *** TAA   0   0   0   0   0   0 | *** TGA   0   0   0   0   0   0
    TTG  17  19  13  15  15  13 |     TCG   5   4   4   1   0   7 |     TAG   0   0   0   0   0   0 | Trp TGG   3   3   3   3   3   1
--------------------------------------------------------------------------------------------------------------------------------------
Leu CTT   2   1   1   6   2   2 | Pro CCT  12   6   8   8  11   6 | His CAT  13  11  11  13   8   8 | Arg CGT   5   0   5   5   4   9
    CTC   2   0   7   6   4   2 |     CCC   5   9   7   7   0   1 |     CAC   8   6  10   8   5   8 |     CGC   0   2   0   0   2   1
    CTA   5  12   0   6   6   2 |     CCA   8   7  10  10  10  14 | Gln CAA   7  17   9   4  18   2 |     CGA   3   3   3   3   0   0
    CTG  12  11  11   6   4  18 |     CCG   0   2   0   0   2   2 |     CAG   7   6   6   7   0  19 |     CGG   0   4   0   0   0   2
--------------------------------------------------------------------------------------------------------------------------------------
Ile ATT   9   6   6   8  14   9 | Thr ACT   5   4   6   6   4   4 | Asn AAT   6   2   7   8  14   7 | Ser AGT   2   1   2   2   1   2
    ATC   6  10  10   6   9  17 |     ACC   1   4   1   0   7   2 |     AAC   5  12   4   3   4   5 |     AGC   2   3   2   2   3   7
    ATA   5   3   4   6   2   5 |     ACA   6   4   5   3   8   7 | Lys AAA  14   6  14  15   8   2 | Arg AGA   9  14   9   8  20  14
Met ATG   5   8   9   5   5   5 |     ACG   6   4   6   9   1   1 |     AAG   8  12   7   7  10  15 |     AGG  12   2   8  13   1   3
--------------------------------------------------------------------------------------------------------------------------------------
Val GTT   4   1   4   8   3   2 | Ala GCT   7   6   6   7   4   6 | Asp GAT  19  19  17  14  19  14 | Gly GGT   3   8   6   3   3   9
    GTC   6  10   7   5   5   6 |     GCC   7   9   7   7   4   5 |     GAC  11   9  11  16  13  14 |     GGC   3   0   0   3   7   6
    GTA   3   3   4   2   2   3 |     GCA   2   2   4   2   5   5 | Glu GAA  23  16  27  28  21  17 |     GGA   1   6   3   1   2   0
    GTG   9   6   7   7   3   5 |     GCG   1   0   0   1   0   2 |     GAG  14  16  12   9   9  17 |     GGG   4   1   2   4   4   0
--------------------------------------------------------------------------------------------------------------------------------------

--------------------------------------------------------------------------------------
Phe TTT   9   8  11 | Ser TCT   5   5   3 | Tyr TAT  13  11  13 | Cys TGT   5   4   1
    TTC   7   6   0 |     TCC   2   0   6 |     TAC  10   4   6 |     TGC   3   1   3
Leu TTA   2  14  19 |     TCA   0   7   6 | *** TAA   0   0   0 | *** TGA   0   0   0
    TTG   6  11  19 |     TCG  12   5   1 |     TAG   0   0   0 | Trp TGG   3   3   1
--------------------------------------------------------------------------------------
Leu CTT   1   6   2 | Pro CCT   8   9   7 | His CAT   6  16  10 | Arg CGT   5  10   0
    CTC   7   0   0 |     CCC   4   3   4 |     CAC  13   4   6 |     CGC  10   0   0
    CTA  10   9   3 |     CCA   3  10  13 | Gln CAA   3   3  17 |     CGA   1   0   1
    CTG  18   0   1 |     CCG   9   6   4 |     CAG  20  13   3 |     CGG   4   0   0
--------------------------------------------------------------------------------------
Ile ATT   2  18  16 | Thr ACT   7   4   9 | Asn AAT   1   7  15 | Ser AGT   2   1   5
    ATC   8   8   2 |     ACC   4   2   2 |     AAC   6  12   1 |     AGC   4   0   0
    ATA   0   4  10 |     ACA   3   8   4 | Lys AAA   4   8  18 | Arg AGA  10  19  22
Met ATG   5   8   7 |     ACG   4   1   3 |     AAG  17  10   8 |     AGG   3   6   6
--------------------------------------------------------------------------------------
Val GTT   3   9   5 | Ala GCT   3   7   7 | Asp GAT   7  18  28 | Gly GGT   5   7   2
    GTC   1   3   2 |     GCC   1   5   4 |     GAC  22  10   2 |     GGC   6   0   2
    GTA   0   0   7 |     GCA   9   7   4 | Glu GAA  11  20  27 |     GGA   1   4   3
    GTG  18   5   5 |     GCG   2   0   0 |     GAG  20  11   2 |     GGG   3   1   3
--------------------------------------------------------------------------------------

Codon position x base (3x4) table for each sequence.

#1: Scer           
position  1:    T:0.21483    C:0.22762    A:0.25831    G:0.29923
position  2:    T:0.28900    C:0.18670    A:0.38619    G:0.13811
position  3:    T:0.28645    C:0.19182    A:0.25831    G:0.26343
Average         T:0.26343    C:0.20205    A:0.30094    G:0.23359

#2: Sbay           
position  1:    T:0.22251    C:0.24808    A:0.24297    G:0.28645
position  2:    T:0.29156    C:0.18414    A:0.38619    G:0.13811
position  3:    T:0.23785    C:0.24808    A:0.26343    G:0.25064
Average         T:0.25064    C:0.22677    A:0.29753    G:0.22506

#3: Smik           
position  1:    T:0.21995    C:0.22506    A:0.25575    G:0.29923
position  2:    T:0.29923    C:0.18670    A:0.38619    G:0.12788
position  3:    T:0.27366    C:0.20972    A:0.29156    G:0.22506
Average         T:0.26428    C:0.20716    A:0.31117    G:0.21739

#4: Spar           
position  1:    T:0.21483    C:0.22762    A:0.25831    G:0.29923
position  2:    T:0.29668    C:0.18670    A:0.37852    G:0.13811
position  3:    T:0.29923    C:0.19949    A:0.27877    G:0.22251
Average         T:0.27025    C:0.20460    A:0.30520    G:0.21995

#5: Ncas           
position  1:    T:0.25575    C:0.19437    A:0.28389    G:0.26598
position  2:    T:0.27877    C:0.20460    A:0.37596    G:0.14066
position  3:    T:0.28900    C:0.21995    A:0.34527    G:0.14578
Average         T:0.27451    C:0.20631    A:0.33504    G:0.18414

#6: Cgla           
position  1:    T:0.20205    C:0.24552    A:0.26854    G:0.28389
position  2:    T:0.27110    C:0.17903    A:0.39386    G:0.15601
position  3:    T:0.27110    C:0.24808    A:0.19949    G:0.28133
Average         T:0.24808    C:0.22421    A:0.28730    G:0.24041

#7: Agos           
position  1:    T:0.19693    C:0.31202    A:0.20460    G:0.28645
position  2:    T:0.24808    C:0.19437    A:0.39130    G:0.16624
position  3:    T:0.20972    C:0.27621    A:0.14578    G:0.36829
Average         T:0.21824    C:0.26087    A:0.24723    G:0.27366

#8: Klac           
position  1:    T:0.20205    C:0.22762    A:0.29668    G:0.27366
position  2:    T:0.27877    C:0.20205    A:0.37596    G:0.14322
position  3:    T:0.35806    C:0.14834    A:0.28900    G:0.20460
Average         T:0.27962    C:0.19267    A:0.32055    G:0.20716

#9: Calb           
position  1:    T:0.22762    C:0.18159    A:0.32737    G:0.26343
position  2:    T:0.27877    C:0.19693    A:0.39898    G:0.12532
position  3:    T:0.34271    C:0.10230    A:0.39386    G:0.16113
Average         T:0.28303    C:0.16027    A:0.37340    G:0.18329

Sums of codon usage counts
------------------------------------------------------------------------------
Phe F TTT      83 | Ser S TCT      42 | Tyr Y TAT      90 | Cys C TGT      37
      TTC      50 |       TCC      19 |       TAC      78 |       TGC      20
Leu L TTA     111 |       TCA      45 | *** * TAA       0 | *** * TGA       0
      TTG     128 |       TCG      39 |       TAG       0 | Trp W TGG      23
------------------------------------------------------------------------------
Leu L CTT      23 | Pro P CCT      75 | His H CAT      96 | Arg R CGT      43
      CTC      28 |       CCC      40 |       CAC      68 |       CGC      15
      CTA      53 |       CCA      85 | Gln Q CAA      80 |       CGA      14
      CTG      81 |       CCG      25 |       CAG      81 |       CGG      10
------------------------------------------------------------------------------
Ile I ATT      88 | Thr T ACT      49 | Asn N AAT      67 | Ser S AGT      18
      ATC      76 |       ACC      23 |       AAC      52 |       AGC      23
      ATA      39 |       ACA      48 | Lys K AAA      89 | Arg R AGA     125
Met M ATG      57 |       ACG      35 |       AAG      94 |       AGG      54
------------------------------------------------------------------------------
Val V GTT      39 | Ala A GCT      53 | Asp D GAT     155 | Gly G GGT      46
      GTC      45 |       GCC      49 |       GAC     108 |       GGC      27
      GTA      24 |       GCA      40 | Glu E GAA     190 |       GGA      21
      GTG      65 |       GCG       6 |       GAG     110 |       GGG      22
------------------------------------------------------------------------------


Codon position x base (3x4) table, overall

position  1:    T:0.21739    C:0.23217    A:0.26627    G:0.28417
position  2:    T:0.28133    C:0.19125    A:0.38591    G:0.14152
position  3:    T:0.28531    C:0.20489    A:0.27394    G:0.23586
Average         T:0.26134    C:0.20943    A:0.30871    G:0.22052

Codon frequencies under model, for use in evolver (TTT TTC TTA TTG ... GGG):
  0.01639344  0.01639344  0.01639344  0.01639344
  0.01639344  0.01639344  0.01639344  0.01639344
  0.01639344  0.01639344  0.00000000  0.00000000
  0.01639344  0.01639344  0.00000000  0.01639344
  0.01639344  0.01639344  0.01639344  0.01639344
  0.01639344  0.01639344  0.01639344  0.01639344
  0.01639344  0.01639344  0.01639344  0.01639344
  0.01639344  0.01639344  0.01639344  0.01639344
  0.01639344  0.01639344  0.01639344  0.01639344
  0.01639344  0.01639344  0.01639344  0.01639344
  0.01639344  0.01639344  0.01639344  0.01639344
  0.01639344  0.01639344  0.01639344  0.01639344
  0.01639344  0.01639344  0.01639344  0.01639344
  0.01639344  0.01639344  0.01639344  0.01639344
  0.01639344  0.01639344  0.01639344  0.01639344
  0.01639344  0.01639344  0.01639344  0.01639344


TREE #  1:  (((((1, 4), (3, 2)), 5), 6), ((7, 8), 9));   MP score: 1464
This is a rooted tree.  Please check!
lnL(ntime: 16  np: 18):  -7874.134392      +0.000000
  10..11   11..12   12..13   13..14   14..1    14..4    13..15   15..3    15..2    12..5    11..6    10..16   16..17   17..7    17..8    16..9  
 0.129110 0.325088 1.020000 0.158515 0.137317 0.135713 0.000004 0.161506 1.363867 1.002115 1.228138 0.104355 0.220784 1.973293 1.398690 2.743635 1.336100 0.076048

Note: Branch length is defined as number of nucleotide substitutions per codon (not per neucleotide site).

tree length = 12.102129

(((((1: 0.137317, 4: 0.135713): 0.158515, (3: 0.161506, 2: 1.363867): 0.000004): 1.020000, 5: 1.002115): 0.325088, 6: 1.228138): 0.129110, ((7: 1.973293, 8: 1.398690): 0.220784, 9: 2.743635): 0.104355);

(((((Scer: 0.137317, Spar: 0.135713): 0.158515, (Smik: 0.161506, Sbay: 1.363867): 0.000004): 1.020000, Ncas: 1.002115): 0.325088, Cgla: 1.228138): 0.129110, ((Agos: 1.973293, Klac: 1.398690): 0.220784, Calb: 2.743635): 0.104355);

Detailed output identifying parameters

kappa (ts/tv) =  1.33610

omega (dN/dS) =  0.07605

dN & dS for each branch

 branch          t       N       S   dN/dS      dN      dS  N*dN  S*dS

  10..11     0.129   863.0   310.0  0.0760  0.0102  0.1344   8.8  41.7
  11..12     0.325   863.0   310.0  0.0760  0.0257  0.3384  22.2 104.9
  12..13     1.020   863.0   310.0  0.0760  0.0807  1.0617  69.7 329.1
  13..14     0.159   863.0   310.0  0.0760  0.0125  0.1650  10.8  51.2
  14..1      0.137   863.0   310.0  0.0760  0.0109  0.1429   9.4  44.3
  14..4      0.136   863.0   310.0  0.0760  0.0107  0.1413   9.3  43.8
  13..15     0.000   863.0   310.0  0.0760  0.0000  0.0000   0.0   0.0
  15..3      0.162   863.0   310.0  0.0760  0.0128  0.1681  11.0  52.1
  15..2      1.364   863.0   310.0  0.0760  0.1080  1.4196  93.2 440.1
  12..5      1.002   863.0   310.0  0.0760  0.0793  1.0430  68.5 323.4
  11..6      1.228   863.0   310.0  0.0760  0.0972  1.2783  83.9 396.3
  10..16     0.104   863.0   310.0  0.0760  0.0083  0.1086   7.1  33.7
  16..17     0.221   863.0   310.0  0.0760  0.0175  0.2298  15.1  71.2
  17..7      1.973   863.0   310.0  0.0760  0.1562  2.0539 134.8 636.8
  17..8      1.399   863.0   310.0  0.0760  0.1107  1.4558  95.5 451.3
  16..9      2.744   863.0   310.0  0.0760  0.2172  2.8557 187.4 885.4

tree length for dN:       0.9579
tree length for dS:      12.5963


Time used:  0:14
