      9   1182

Scer                            ATT ACG GAT TCA CTA GGT CTT CGC TAT TTG ATC AGA GCC CAC CAA AAT CAG AAG TTG TAC TTG CAA ATC AGA ATA AAA TTC ACT TTA AGA TGG TCC AAG TCA TCC ATC GCC ACA CAA GGT CGT GAT GCC TTA GTC GTG TTG ATA AGT TTC ATA TTA GAA TTC ATG CGT ATG GAT CAT TTA GAT TTG TTG AAA TTG ACA AAG TTG GGC ATG ATT AAA TGG CCG TTT ACT GAC TTT GAT ATT TTT AGA TTC ATG ACG TAT ACC TTG AGA TAC TAT TCT TTT TTT GGC GCA TTT TCT GGA AAT AGT ACC AAG CTC TCC CAG TTC TTA TTT AGA TGT TTG TCT AAA GCC ACT TTG GTC TAT AAT AGG TCC CCA TTG GAA CTG AGT TAT AAT TAT ACA GTC GAA ATG GAC ACT GTT CCG AAC GAT GAT CTA GAT TAT AAG ATA CCG AGA CTC GAA GCC CAG GAT ACT TGG CAA TCA TCT TTA TAT TCC GAC CTT GCT GGT TAT TCA AGA AGA TTG CAA AGA GTC AGC GTT TGG ACC TTT GAA CAA ATT GGC TTA CCA TAT ATA GTC ATT AGA TCT AAC ACT ATT GAG GAA CGT CAA TCT ACT CGT AAC TCT GGC GAC TAT ATT AGA CTA TCC GAT CAC TCC GAA TTG GGC TCT TTG TCT GGC CCT TGT TTT AGA GAA TCC CCA GAC TTG TTC ATT AAT ATA CTA GTA GTC AAT AAC TTA AAT GCT CAA GAA ATC AAC GCC GAT GAT CTG CAA GAT AAC ATG TCT AGA AAC CCT AAA GCA ATC TAT TCT ACG AAG GTC TTA AAC TGG GCC AAC TCG GCT GAA AGG CAA ATT CAG GTG AAA TAC CAA AAG TTC AGC TTG TCC CCT TGG TCC CTC TCT AAA TTA AAT GGC GGC CGT AGT TCT GTT ATC GAA CCG TTC AAA CTG CTT TCT CTC ATT GGT GAA AAC ACA CCA AGA TGG AAC ACT CCT CCT CCA GAA GAA GAG AAT TCT TCA AAC AGG AAT TTG GAC TTC CGT GAA AAT AGA GGT GCA CAA AGA ACC ATG TTT CCA CCA CAG TAT TTC AAC CCT ATC GAA TCA AAA TTT GCT CCA TAT ATT CTT GAA GAA TTC AAC TGG ATA TAT TTA TCT GGT TTG ACG TCT GCG ATT TTA AAC CTC GTT GAA TTT TTA CTT CTG ATT CCA ATT CAA CCT CAG TTA AGA TTA 
Sbay                            ATT ACT GAT TCG CTA GGC CTG CGC TAT TTA ATC AGG AAC CAC CAA AAC CAG AAG CTA CAT CTA CAA ATT AGA ATA AAA TTC ACT TTG AGA TGG TCT AAG TCA TCG ATC GCC ACT CAG GGT AAT GAT GCC TTA GTC GTG TTG ATA AGT TTT ATA TTG GAT TTT AGA CAA ATG GAT CAT TTA GAT TTG TTA AAG TTG ACC AAG TTA GGC ATG ATT AAA TGG CCG TCG ACC GAC TTC GAT GTT TTT AGA TTC ATG ACT TAT ACT TTG AGA CAT TAT TCC TTC TTT GGT GCA TTT TCA GGG AAT AAC ACC AAA CTT TCT CAG TTC TTG TTC AGA TGT TTG TCC AAA AAC ACT CTA GTC TAC AAC AGG TCT GAC TTA GAA CTG AAC TAT AAT TAC ACT GTC GAG AGA GAC ACT GTC CCG AAC GAT GAT TTA GAT TAT AAG ATT CCG AGA CTT ACT GCC CAG GAT ACT TGG CAA TCG TCC TTA TAC TCT GAC CTC GCT GGC TAT TCA AGG AGA TTG CAA AGA GTC AGC GTT TGG ACC TTC GAA CAA ATT GGC CTA GCT TAT ATA GTC GTT AGA TCC GAA ACT ATT GAA GAA CGT CAA TCC ACT CAA AAC TCT GGC GAC TAT ATT AGG CTA TCT GAC CAC TCT GAA CTA GGT TCT TTG TCT GGC CCC TGT TTT AGA GAG TCT CCA GAC TTA TTC GTT AAT ATA CTA GCA GTC AAC AAT TTA AAT GCT CAA GAA ATC AAC GCC GAT GAT CTG CAA GAC AAC AGA TCT AGA AAC CCT AAA GCA ATT TAT TCC ACG AAG GTC CTG AAT TGG GCC AAT TCG GCT GAT AGG CAA ATA CAG GTG AAA CAT CAA ACA TTC AGC TTA TCG CCC TGG TCC CTT TCT AAG TTG AAT GGT GGC AAT AGC TCC GTT ATT GAA CCA TTC AAA CTG CTC TCC CTT ATC GGC GAA AAC ACC CCA AGA TGG AAC ACC CCT CCC CCA GAG GAT GAA AAC TCC TCG AAT AGA AAT CTA GAC TTC CGT GAA AAC AGA GGC GCA CAA AGA ACT ATG TTC CCA CCA CAG TAT TTC AAT CCC ATC GAA TCG AAA TTT GCT CCA TAC ATA CTC GAA GAA TTC AAT TGG ATT TAC TTG TCT GGC TTG ACG TCC GCA ATT TTG AAT CTC GTC GAG TCG CTG CTC CTG ATT GAC ATT CAG CCT CAG TTA AGG CTG 
Smik                            ATT ACC GAT TCG CTA GGC CTT CGC TAT CTG ATT AGA TCT CAC CAA AAT CAA AAA TTG TAT TTG CAA ATC AGA ATA AAG TTC ACT TTA AGA TGG TCA AAG TCA TCA ATT GCC ACC CAG GGT AAC GAT GCC TTA GTC GTC TTA ATA AGT TTT ATA TTG GAA TTT AGA CAA ATG GAT CAT TTA GAT TTG TTG AAG TTG ACT AAA TTA GGC ATG ATT AAA TGG CCT TCT ACC GAC TTC GAT ATT TTT AGA TTC ATG ACT TAT ACT TTG AGA TAT TAT CCT TTC TTT GGC GCG TTT TCT GGA AAT AAT ACA AAG TTA TCT CAG TTC TTG TTT AGA TGT TTG TCT AAA TCT ACC TTG GTC TAC AAT AGA TCA GAC TTA GAA CTG AAT TAT AAT TAT ACC GTC GAA AGA GAC ACC GTT CCT AAC GAT GAT TTA GAT TAT AAA ATA CCT AGA TTA ACC GCC CAA GAT ACT TGG CAA TCA TCT TTA TAT TCC GAC CTT GCT GGC TAT TCA AGA AGA TTG CAA AGA GTC AGC GTA TGG ACA TTC GAG CAA ATT GGC CTG GCT TAC ATA GTC ATT AGA TCT GAA ACT ATT GAA GAA CGT CAA TCT ACC CAA AAC TCT GGT GAC TAT ATT AGG CTA TCT GAT CAC TCT GAA TTG GGC TCT TTA TCT GGC CCT TGT TTT AGA GAA TCC CCG GAT TTA TTC ATA AAC ATA CTA GCT GTC AAT AAT CTA AAT GCT CAG GAA ATC AAC GCC GAT GAT CTG CAA GAT AAC AGA TCT AGA AAC CCT AAG GCA ATT TAT CCT ACA AAG GTC TTG AAC TGG GCC AAC TCG GCT GAA AGA CAA ATC CAA GTG AAG TAT CAA GCT TTC AGC TTA TCA CCT TGG TCC CTC TCT AAG TTA AAC GGC GGT AAC AGT TCT GTA ATT GAA CCA TTT AAA CTG CTT CCT TTA ATT GGC GAA AAC ACA CCG AGA TGG AAC ACC CCT CCT CCG GAA GAA GAA AAT TCT TCA AAC AGA AAT TTG GAC TTT CGT GAA AAC AGA GGT GCA CAA AGA ACT ATG TTC CCG CCG CAG TAT TTC AAC CCT ATT GAA TCA AAA TTT GCT CCG TAT ATC CTT GAA GAG TTC AAT TGG ATA TAT TTA TCT GGC TTG ACA TCT GCG ATA TTA AAT CTT GTT GAA TCT TTG CTT CTG ATA GAC ATC CAG CCT CAA TTA AGG TTG 
Spar                            ATT ACG GAT TCG CTA GGT CTT CGC TAT TTG ATT AGA TCT CAC CAA AAT CAG AAG CTA TAT TTG CAA ATC AGA ATA AAA TTC ACT TTG AGA TGG TCC AAG TCA TCA ATT GCC ACA CAG GGT AAT GAT GCC TTA GTC GTG TTG ATA AGT TTC ATA TTG GAA TTC AGA CAA ATG GAT CAT TTA GAC TTG TTG AAA TTG ACT AAG TTG GGC ATG ATT AAA TGG CCG TCT ACC GAC TTT GAC ATT TTT AGA TTC ATG ACT TAT ACT TTG AGA TAT TAT TCT TTC TTT GGC GCA TTT TCT GGA AAT AAC ACT AAG CTC TCT CAG TTC TTG TTT AGA TGT TTG TCT AAA TCT ACT CTA GTC TAC AAT AGG TCC GAC TTG GAA CTG AAC TAT AAT TAT ACA GTC GAA AGA GAC ACT GTT CCG AAC GAT GAT CTA GAT TAT AAG ATA CCG AGA CTC ACT GCC CAG GAT ACT TGG CAA TCG TCT TTA TAT TCT GAT CTT GCT GGT TAT TCA AGA AGA TTG CAA AGG GTA AGC GTT TGG ACT TTC GAA CAA ATT GGC CTA GCT TAT ATA GTA ATT AGA TCC GAA ACT ATT GAA GAA CGT CAA TCC ACT CAA AAC TCT GGC GAC TAT ATT AGA CTA TCT GAT CAC TCT GAA CTA GGC TCT TTA TCT GGC CCT TGT TTT AGG GAA TCT CCA GAC TTA TTC ATT AAC ATA CTA GCT GTC AAT AAT TTG AAT GCT CAG GAA ATT AAC GCC GAT GAT CTA CAA GAC AAC AGA TCT AGA AAC CCT AAG GCA ATC TAT TCT ACG AAG GTC TTG AAC TGG GCC AAC TCG GCT GAA AGG CAA ATT CAG GTG AAG TAT CAA GCC TTT AGC TTA TCA CCT TGG TCC CTC TCT AAA CTA AAC GGC GGC AAT AGT TCC GTT ATC GAA CCG TTT AAA CTG CTT TCT CTC ATT GGT GAA AAC ACG CCA AGA TGG AAC ACC CCT CCT CCA GAA GAA GAG AAT TCT TCG AAC AGA AAT TTG GAC TTT CGA GAA AAC AGA GGC GCA CAA AGA ACT ATG TTC CCA CCA CAG TAT TTC AAC CCT ATT GAA TCG AAA TTT GCT CCA TAT ATT CTC GAA GAA TTC AAT TGG ATA TAC CTA TCT GGT TTG ACG TCT GCG ATT TTG AAC ATC GTA GAA TCT TTG CTC CTG ATT GAC ATT CAG CCT CAG TTA AGA TTG 
Ncas                            ATC GTA AAT GCA TTG GGG GGG AGA TAT CTA ATT AAA GAT CAT CCT AAT CAA AAA TTG CAT TTG CAA ATG AAG ATT ATT TTC TCC GAG AAG TGG CGT AAG CAA TGT ATT GCA ACG TCC GGT AAC GAT GCT ATG GTA GTG TTG ATT AGT TTC ATT TTA GAG TTT AAA CAC ATT GAC CAT ATG GAT TTG CTG AAG CTA GCT AAG TTG GGT ATG ATC AAA TGG CCT TCT ACA GAC TTT GAT GTG TTT AGA TTC ATG AGC TAC ACG TTG AGA CAT TAC TCT TTT TTT GGG ACT TTT AAA GGT AGA AGC ACA AAA CTA AGT CAA TTT TTA TTT AGA TGT CTA TCG AAA GAT ACC TTG GTG TAT AAT AGA CGT GAT TTG GAA ATT AGC TAC AAT TAC ACG GTA GAA AAA AGT ACC GTC CCT AAT GAC AAT TAT GGA TAC AAA TTA CCT AGA CTA AGA GCC CAA GAT TCC TGG GAC TCT TCG TTA TAT CAA GAT TTG ATG GGG TAC CAA AAA GCT TTA CAG CGA GTT AGT GTT GGA ACA TTT GAA CAA ATT GGT TTG GCT CAT ATT GTT GTG AAA TCA GAA ACT ATC GAA GAA AGA CAA TCA ACC CAC AAC TCT GGG AGT TAC CTA AGA ATC TCA GAT CAT AGT GAG TTG GGG ACA CTA TCT GGT CCA TGT TTT CGA GAA CAA CCT GAT ATA TTT ATC AAT ATT TTG GCT GTC AAT AAA TTA AAT ATG CAA GCT ATC AAC GCA GAT GGA TCA CAA GAT AAC AAA TCT AAG AAC CCC AAG ACG ATC TAT TCT ACC AAG GTA CTT AAT TGG GCA GAT CCA GCA GAG AGA CCT ATT CAA CAA AAG CAT CAA AAC TAT AGT ATA TGT CCA TGG ACT TTA ACA AAG ATA AAT GGG GGG AAC AAT TCT GTT ATC CGT CCT CTC AAA TTG TTG TCT CTA ATA GGG GAA AAT ATT CCT AGA GGA AAC ACA CCC CCA CCT GAA GAG GAA AAT TCG TCT GAT AGA AGA TTG GAC CTC AGA GAA AGG AGA GGA GTA CAA AGA ACG ATG TTT CCT CCT CAA TAC TTT GAT CCA ATT GAA TCT AAA TTT ATG CCT TAC ATT CTT GAA GAA TTT AAA TGG TTA TAC ATA ACA GGG TTG ACC TCG GCA ATC GAG TAT CTA ATT GAA TCT CTT CTT TTG ATC GAT ATT TCC CCC CAA TTA AGA CTT 
Cgla                            GTT GTA AAC GCT CTG GGA CTG CGC TAC TTG ATT AGG GAC CGA CCT AAT CAG AAA ATT CAT TTA GAG ACT AGA GTG CAG TTT GCT CAG AGA TGG TCA AAG TCA TGT ATT GCT ACT AAA GGT CGA GAC GCC ATG GTG GTA CTT GTG AGC GTT GTG TCA GAA TTC GAA CGG ATC TCG CAC ATG GAC ACC AAC AAG TCC ACA AAG CTC GAA ATG ATT AAG TGG CCA TTT ACT GAC TTT GAC ATT TTC AGA TTT ATG ACG TTC ATT TTG CGT CAT TAC CCC TTC TTT GGT ACA TTT TCT GGC CAT AGC ACT AAG TTA TCT CAA TTA TCA TTT AGA TGT TCC TCT AAG GAC ACT ATT CTG TAT AAT AGA TCA CCA CTA GAA TTG AGC TAC AAT TAC ACT GTG CAA GAA GAC ACT GTG CCA TCC GAT AAC CTA GCG TAC AAA ATG CCA AGA TTA GAT GCG CAG GAT GCT TGG GAA TCG TCT CTT TAT TCT CTG ATT TCT GGA TAC TCA AGG AGG CTA CAA AGA GTT TTG GTC TGG ACT TTC GAG CAA ATT GAA CTT AGA AAA ACC GTT ATT AGA TCA AGC ACG GTT GAA GAA AGA CAA TCA ACT CGG AGT TCT AGC GAC TAC ATT AGA TTT TCA GAT CGA TCT GAT ATT GGT TCG CTG TCT GAA ACA TGT TTT AGA GAA TCT CCT GAC ACC TAC ATA AAT ACC CTG ATT TTG AAT AAC CTT AAT TCT CAT CAT ATA CAT GCT GAC GCG CTG CAA GAC CAT GAA TCT AGA AGT CCA AAG ACA ATC TAC CCC ACC AAG GTG CTA AAT TGG GCT GAT GGG GCA GAA AGA CCT ATT CAG CAA AAG CAT CCT GGG TAC TTG ACC TGT ACA TGG TCT CTG TCG AAG ATG AAT GGT AGC CGA CAT TCT GTC ATC AAT CCA TTT AAG ATA ATT CCC TTA ATA GGA GAA TCC ACT CCT AGA TGG AGT ACT CCA ACA CCT GAA GAA GAA AAC TCT TCG GAT AGA CAT TTA GAC TTT CGG GAA AAG AGA GGT GCC GAG AGA ATT ATG TTC CCT CCT CAA TAC TAC GAT ACA ATT GAG TCG AAG TTC TCT CCT TAC ATT CTC GAG GAG TTA AAC TGG ATG TAT ATG TCG GGA ACC ACC TCT GCA ATC CAG AAC CTG ACA CAA TTT CTA CTC ATA ATC CCA ATA AAA CCA CAG CTT AGA CTA 
Agos                            GCA GTT AAT GCG CTA GGT GAT CGC TAT CTT ATC AGA CAG CAC CCG AAT CAG AAA TTG CAC TTA CAA GTC CGG GTC ACG TTC GCC TTG AGA TGG TCT AAG AGG TGT ATC GTC AGC AGG GGT AAC GAT GCT ATG GTG GTC TTG GTC AGC TTC GTC CTG GGG TTT CGT CAG ATG GAC AAC ATG GGT CTC ATG AAG CTG AAC AAG CTC GGC ATG ATC AAT TGG CCG TCT ACT GAC TTT GGT GTG TTC AGA TTC CAG GGC TAC GCC CTC AGG CAC TAT TGC TTC TTC GGA GTA TTT TCT GGT CAG TCG ACC AAG CTC TCC CAA TTA CTG TTC AGA TGC CTG AAT TCC CAG ACC TTG ATC TAC AAT TGC TCT GAC TTG GAG CTA TCG TAC TCC TAC AGC GTG GAC CGT GAC ACC TCG CCG AAC GAC AAT TTG GCA TAT AAA GTT CCG AGA CTC ACT GCG CAG GAC GCC TGG CAG ACT AAT CTA TAT TCT GAC CTG TCG GGT TAC AGG AGA AGG TTG CAA CGG ACC AGC GTG TGG ACC TTC GAG CAG TTG GGC TTG GCC AAC TTG ACC GTG AGA ACA GAG ACA GCA GAG GAG GCG TAC ACA ACC CAG ACG TCT GGC GAC TAT ATC CGC TTC TCA GAT CAC TCC GAA TTG GGA TAC CTG TCA GGC CCA TGC TTC CGG GAG TCT CCA GAC TCA TAT ATC AAC TTG CTA GCG GTC AAT AAA TTA TCC TCG TTG AGC ATG AAC GTC GAT GCA CTC CAG GAC AAC CGT TCA CGG ACG CCT AAG ATG ATC TAT TGC ACG AAG GTG ATT CCC TGC GTC GAT TCG GAC GGG TGC CCG ATT CAG CTG AAG CAC CAG TGT TAC AGC TCA TGT CCA TGG TCC CTG TAC AAG CTG AAC GGA GGC AAC AGC TCT GTG ATC TCC CCT GCG TCC TTG CTG TGC CTC ACA GGT GAA AAC TCC CCA AGA TGG ACG ACT CCT CCA CCA GAG GGG GAG AAC AAT ACT GAT CGA CAG TTA GAC GCG AAG CAG CAC AGA GGG GCC CAA AGA GCC ATG TTC CCA CCA CAA TAC TAT GAT CCA GCT GAG ACT AAT TTC TCG CCA TAC ATT ATG GAG GAG TTA AAA TGC GTT TAC CTG TAC GGT CTC ACG AAT GCC ATC TTG AAC CTG GTC GAC TCT ATT ATG TTG ATC GAC ATT AGG CCT CAG CTA CGC ATT 
Klac                            AGG GCA AAC GTT TTG GGA TTG AGA CAT CTG ATC AGA AAA TTC CCC AAT CAG AAG TTA CAT CTA CAA ATG AGA GTC TCG TAC ACT TTA AGA TGG TCC AAG GAA TGT ATC GCA GGG AGA GGT AGA GAT GCT ATA GTA ATA CTC GTC AGC TTC GTC TTG GAG TTT GAG AGA ATG GAC CAT ATA AAT CTA CAA AAG TTG ACA AAA TTG GGT ATG CTA AAG TGG CCT TTC ACT AAT TTT AAT GTT TTT AGA TAC ATG ACC TAC ATC TTG AGA CAT GTC TGT TTT TTA GGA ACA TTT TCT GGG AAA TCT ACA AAA CTT TCT CAA CTA TTG TTC AGA TGT TTG GAA AGA AAA ACA TTA GTC TAT AAT AGA TCC CCA TTA GAA CTG TCT TAT GCA TAC GGG GTA GAC GAG GAC ACA GCT CCT TAC GAA AAC TTA AGC GTC AAG GTC CCT AGA CTT GAT GCT CAG GAT ACT TGG AAT ACA GAA TTG TAT TCC GAT TTG GCT GGA TAT GAA AGA AGA TTG AAG AGT GCT ACT GTC TGG ACA TTT GAA CAG GTC GGT TTG GCA AAT ATT GCT GTT AGA ACT GAA ACT AGG GAA GAA GCT CAG ACT ACA AGA AAT TCT GGA GAC GTC ATA AGA TTG TCA GAT TTC TCT GAT TTA GGA AGA CTA TCA GGT CCC TGT TTT AGT GAA TCC CCA GAT GGG TAT ATC AAC ATT TTG CTA GTT AAT AAG TCA GCA GCT AAG CCC ATG TAC GCA GAT AGC CTT CAG GAT TAC GAG TCA AGA AAT TTG AAA ACT ATT CAT TGT TCG AAG GTA TTA GCT TGG GCA AGA GAT TCG GAG AGA CCC ATT CAG CTA AAA CAT CAG GAG TAT ACT GGG TGT CCC TGG TCT TTG AGA AAG TTA AAC GGA GGA AGA GCA AGT GTC ATT AAA CCA TGG AGA TAT TTG TGT CTT CTG GGA GAA TAC CAA CCA AGA TGG AAT ACT TTG CCC CCA GAA GAG ATT AAC GAA ACA AGA CGA AAA CTA AAT TGG CGA GAA CAT AGA GGA GCA CAA AGA ATC ATG TTT CCA CCA CAA TAT TAT AGA CCC AAT GAA ACA AAG TTT GCT CCA TAC ATT TTC GAA GAA CTA AAG TGG GTC TAT TTA AGA GGA CTA TCG GAA GCA ATT TTA AAC TTG ATT GAC TTC TTA TTC TAT ATT CCA ATT AGA TTG CAG TTG AGA TTA 
Calb                            GTT TCA GGA ATT TTG GGT ATA AGA TCT ATG ATA AGA GGT AAG GCG TTA AAT AAA TTG CAT GTT GAA ATT AGA GTA CCA CAT ACT GTT AGA TGG TCA AAA GAA GTG ATA ATT GTT AAG GGT AAT GAT GCC GTT GTG ATA ACA GTA AGT TTG GTA GTT GCT TAT AGA CAA TTC ACG TAT GTT AGT TTG TCA AAG TTT GTT TTT ACT GGA ATG GTA AAA TGG CCA TCC ACC GAT TTT AGT GTT TTC AGA CAT ATT TCG TAT ACC TTG AGA CAT TAC GTA TTT ATT GGG CAA TTT TCT TTC TCA GGA ACC AAA TTG TCT ACT TTA GTT TTT AGA GTC TTT TCA AGC GGT TCC TTG CTA TAT TTA CGT TCA GAT CTT GAA AAG GGA TAT TCA TAT GTT GTG GAA AGA GAC TCC GAT CCA GCA GAT GGA TTG TTA TAC AAA CAA CCA AGA TTG ACT TGT AAT AAT ACT TGG AAA CAA TCA TTA TAT TCT AGT TTA GCT GGT TAT GAA AGA AGA TTG GAA AAA TCT AGA GTG TGG ACC TTT GAA CAA TTA GGA TTG GCT TAC TCT TCT GTT AGA GGG GAA ATT GTT ATT AAT TCG CAA GGG TCC CAA CAA TCC GCC GAC TAC TTA AGA ATT GCC GAC AAG TCT CCA TTG GGG AAA ATT TCG GGA CCA GTC TTT AAA GAA TCT CCT GAT ACT TAT ATA CAA TCT TTG GCT TGC TTA AAA TTA TCA GCT GAT AAA ATG AGT ATT GAT TTA TTA CAA AAA AGT AGA TCG AGA CAA CCT AAA TCT ATA TCT GTA AAT AAA GTG GTT AAT TGG ATT GAG GGT CAA GCT CGT GCG ATT AAT AAA AAA CAT AAA ACC AAA AGA ACT GTG CCA TGG TCA TTG AAA AAG ATT CAA GGG GCC AAT GGG TCT GTG ATA GGA CCA AAA AGC TTA TTA GTA TTG ACC GGT GAG GCA CAA CCT AGA TGG CAA ACC CCT CCA CCT GAA GCT GAA AAT TCA CAA GAG CGT TCA GTT GAT AAA CGA GAA ACT AGA GGT GAA GAA CAA ACC ATG TTT CCT CCT ACT TAT TAT GAG CCA AAT GAA CAA AAA TTC GCT CCT TAT ATT GCA GAA GAA TTA AAA TGG CAA TAT ATT AAA GGT TTG AAT TCA GCA ATT GTT AAC GAA ATA GAA TCC GTT GCA TTA ATT GAT GTC AAG CCT AAT TTA AGA GTT 



Printing out site pattern counts


         9        702  P

Scer                            AAA AAA AAA AAA AAA AAC AAC AAC AAC AAC AAC AAC AAC AAG AAG AAG AAG AAG AAT AAT AAT AAT AAT AAT ACA ACA ACA ACC ACC ACG ACG ACG ACT ACT ACT ACT AGA AGA AGA AGA AGA AGA AGA AGA AGA AGA AGC AGG AGG AGT AGT AGT ATA ATA ATA ATC ATC ATC ATC ATC ATG ATG ATG ATG ATT ATT ATT ATT ATT ATT ATT ATT ATT ATT CAA CAA CAA CAA CAA CAA CAA CAA CAA CAC CAG CAG CAT CCA CCA CCA CCG CCG CCT CCT CGC CGT CGT CGT CGT CTA CTA CTA CTC CTC CTC CTG CTG CTG CTT CTT CTT GAA GAA GAA GAA GAA GAA GAA GAA GAA GAA GAA GAA GAA GAC GAC GAC GAC GAG GAG GAT GAT GAT GAT GAT GAT GAT GAT GAT GCA GCA GCA GCC GCC GCC GCC GCG GCT GCT GGA GGC GGC GGC GGT GGT GGT GTA GTC GTC GTC GTC GTG GTG GTT GTT GTT TAC TAT TAT TAT TAT TAT TAT TAT TAT TAT TCA TCA TCA TCC TCC TCC TCC TCC TCC TCG TCT TCT TCT TCT TCT TCT TCT TCT TGG TGG TGG TGT TTA TTA TTA TTA TTA TTA TTA TTA TTC TTC TTC TTC TTC TTC TTC TTG TTG TTG TTG TTG TTG TTG TTG TTG TTG TTG TTG TTG TTT TTT TTT TTT TTT TTT TTT TTT 
Sbay                            ... ... ... ... ..G ... ... ... ..T ..T ..T ..T G.A ..A ... ... ... .CA ..C ..C ..C ... ... ... ..C ..C ..T ... ..T ... ..T ..T ..C ... ... ... ... ... ... ... ... ... ... ... ..G ..G ... ..A ... .AC ..C ... ... ... ..T ... ... ... ..T ..T .GA ... ... ... ..A ..C ... ... ... ... ... ... G.. G.. ... ... ... ... ... ... ... ... ..G ... ... ... ... ... GAC G.T ..A ... ..C ... ... AA. .AA ... ... ... ... T.. ... ..T ..T ... ... ... ..C ..C ..G ACT ... ... ... ... ... ... ... ... ... ..G ..G ..T ... ... ... ... ..A ..A ..C ..C ... ... ... ... ... ... ... ... ... ... AA. ... ... ... ..A ... ... ..G ... ... ..T ..C ..C ... .C. ... ... ... ... ... ... ..C ..C ... C.T ..C ..C ..C ..C ... ... ... ... ... ... ..G ..G ... ..G ..T ..T ..T ..T ... ..A ..C ..C ..C ..C ... ... ... ... ... ... ... C.. C.G ... ... ... ..G ..G ..G ... ... ... ... ... ..T ..T C.A C.A ..A ..A ..A ..A ..A ... ... ... ... ... ... .CG ..C ..C ..C ... ... ... ... 
Smik                            ... ... ..G ..G ..G ... ... ... ... ... ..T ..T G.A ... ..A ..A ... GCT ..C ... ... ..C ... ... ... ..T ..C ..A ..T ..A ..C ..T ..C ..C ... ... ... ... ... ... ... ... ... ... ... ..G ... ..A ..A .A. ... ... ... ... ... ... ..T ..T ... ..T .GA ... ... ... ..C ... ..A ..C ... ... ... ... ..A ... ... ... ... ... ... ... ... ..G ..G ... ..A ... ... ..G GAC G.T ..A ..T ... ... ... AAC .AA ... ... ... ... T.. ..T ... T.A ... ... ... ... ... ... ACC ... ... ... ... ... ... ... ... ..G ... ... ... ... ... ... ..T ..A ..A ... ... ... ... ... ... ... ... ... ... ... ..G T.T ... ... ... ... ... ... ... ... ..T ... ..C ... ... .CT ... ... ... ... ..C ... ... ... ..A ..T ..C ... ... ... ..C ... ... ... ... ... ... ..G ... ..A ..A ... ..T ..T ... ... C.. ... ... ... ... ... ... ... ... ... ... C.G ..G C.. ... ... ... ... ..G ... ... ... ... ..T ..T ..T ... ... C.. ..A ..A ..A ... ..A ..A ... ... ... ... .C. ..C ..C ... ... ... ... ... 
Spar                            ... ... ... ..G ... ... ... ... ... ... ... ..T G.A ... ... ... ... GCC ..C ... ... ..C ... ... ..G ..T ... ..T ..T ... ... ..T ..C ... ... ... ... ... ... ... ... ... ... ..G ... ... ... ..A ... .AC ... ... ... ... ... ..T ..T ..T ... ... .GA ... ... ... ... ... ... ... ... ... ... ... ... ... ... ... ... ... ... ... ... ..G ..G ... ... ... ... ... GAC G.T ... ... ... ... ... AA. .AA ..A ... ... ... ... A.. ... ... ..A ... ... ..C ... ... ACT ... ... ... ... ... ... ... ... ... ... ... ... ... ... ..T ... ..A ... ..C ... ..C ... ... ... ... ... ... ... ... ... T.T ... ... ... ... ... ... ... ... ... ... ... ..C ... .CT ..A ... ... ... ... ... ..A ... ... ..T ..C ..C ... ... ... ... ... ... ... ... ..G ..G ... ..A ... ..T ..T ..T ... ... ... ..C ..C ... ... ... ... ... ... ... ... C.. ..G ..G ... ... C.. ..G ..G ... ... ... ..T ..T ... ... C.A ... ... ..A ... ... ... ..A ... ... ... ... ... .C. ..C ... ... ... ... ... ... 
Ncas                            ... ... .TT ..G ..G ... ... ..T ..T G.T T.T ..A G.A ..A ..A ... ... ..C .GG ... ... ... ... .GA .TT G.T ..G ..A ..G ..C GTA .GC ..A ..C ... T.C .A. .AG .AG ... ... ... GCT C.. .A. ... ..T ..A ..A ..C .A. ... ..T ..T T.. ... ..T ..T ..G ... .AA ... ... ..T ... ..A ..C ... ..C ..C ... C.A ..C G.G ... ... ... ... ..G .CT G.C ... TCC ..T ..A ..A ... ..T GAT G.T ..T ..T ..A ..C A.A AAC .AC A.A A.A A.C T.G TAT ..A T.A ..A TCA A.T T.. ... T.G GGG AG. CGT ... ... ... ... ... ..G .CT ... ... ... ..G AGT ... ..T ..T ..A ..A ... ... ... A.. ..C ..C ... ... .GA A.G .T. A.T .AT ..A ... ..T ..A ATG ..A ..T ..T ..G ..G ..G ..A ... .CT ..T ..A ... ..G ... CAA A.. ..C ... C.T ... ..C ..C ... C.. ..C ..C ..C ... CA. ..T G.. A.T .GT CGT CAA AGT ..A C.A AAA ... ..A ... ..G A.A ... ... G.A ... ... ... ..G C.T ... A.G ... A.. GAG ... ... ..T ..T .AT C.. ... ..T ... ... C.A A.A ... ... C.. C.A ... C.A ..A ... ... .C. ... ... ... ... ... ... ... 
Cgla                            ..G ..G C.G ..G ..G .GT C.T TC. ..T G.T ... ... .G. ... ..A ... ... GG. ..G ..C ... ... ... C.. ..T ... ..T ..T .TT ..C GTA ... ... ... ..G G.. ... ... ... ... ... C.T ..G ... ..G ... TTG ..A ..A ..C CA. ..C .CC G.G ..G ..A ..T ..T .CT ... GAA ... ... ..C ... ..A ..C ..A ... G.. ... ... ..A ... ... ... .CT G.G ... .CT G.. ..T A.. .GA ... ..A ..C ..T ... AG. ..A ..A A.A ..A ... ..A ..G ..G A.A T.T ..G ... ..G ..G T.A ... T.. A.A ..C A.. ..G ..T A.T ... ... ... ... ..G ..T C.T ..G C.. ... ... ... ... CTG ... ..A ..A ..C ... ..C A.C ... TCG ..C ... .CG A.. ..C A.. .A. ..T ..G ... ..A T.. ..A ..C .AA A.. ..T ..A ... ... A.T ..T ..G T.G C.G ..A CAA ACA ..G ..C C.T ... ... ..C ... A.A ..C ..C .TC ..C ... ..G G.T ..T .GT ..A ..T ..T ..A GG. ... C.C ..A ... ... ..G ... ... ... ... ... ... C.T C.. C.T A.G C.T A.G CAG .C. ..T .A. ..A .A. ..T G.T ... A.T ..A ... ACC C.A C.C AAC C.. C.T .CC C.A ACC ... ... ..C ... ... ..C ... ... ... 
Agos                            ..T TCC .CG ..G ..G .CG ... ... CC. G.T ... ..A G.G ... ..A ... ... TGT C.C ..C ... ..C TCC C.G T.C .AC .GC ... G.. ... GTT GGC ... ..C ..A G.C ... ... C.G ... ... ..G ..G C.G ... C.C ... C.A T.C TCG ..C ..C T.G G.C G.T ..G ... GCT G.. ... CGT ... CA. ... ... .CA ..C ... ..C GCA T.G ..C ..C G.G ..G T.C ..G ... ... .CG ..G TTG AGG ... ... ..A A.C ... GAC G.C ..T ... ..A ... ... AAC .AG AAG GCG T.C ... T.G ..G ..G ... ..C ..A T.. A.G ..G GA. ACT TCC C.G ... ..G ..G ..G ... AGC ..G ..C ..G .GG ... ... ... ... ... ... ..C ... .G. A.. ..C ..C ... ..C .CA ATG ..C .T. CAG .T. ..G ..T ..C T.G .AC ..T ... ... ..A ... ..G ... .CG AC. ..G ... A.. ..C C.. ..C TCG ..G C.. ..C ..C ..C ... A.C ..C ... ..C ... AGG A.T G.G ... .GT ..T ..T ... ..A ... ... .GC A.A ... AA. .AC ..A ... ... ..C ... ..C ..G A.T ... A.G C.. C.G ..G C.G ... .AT ..A .A. GCG ... ..T ... ..A C.T .CA ... C.C A.. C.. ... C.. ... C.C C.C .C. ..C ... ..C ..C ..C ..C ... 
Klac                            ..G .G. TCG ... ..G ..T T.. T.. GCT .GA ... ..G G.A ..A ... ..A ... G.. C.. ..C ... ..C GCA ..A CA. ... GGG ..A .T. T.. G.A ..C ... ..A ... ... ... ... ... ... ... ... ... ..T ... ... .CT C.A ..A TC. GCA ..C ..T G.C G.C ..G ... .AT ..G ..T GA. ... ... ... ... C.G ... ... C.A .GG G.C ..A ..C G.. ..G ..G ..G ... A.G .CC A.T A.G AG. TT. ... ..A ... ... ... G.. ..A ..T ..C TTG A.A A.A A.A ..A GC. T.G T.G T.. T.G T.G ..T ..T ... TAT T.C T.G T.G ..T A.. ... ... ... ... ... ..T CCC ... ..C ... ..G ... A.T ..T ..T ..A ATT ... ... A.. A.C ..A ..C ... ... AGC A.T ... A.. AAA ..A ..T ..T ..A ... T.G ..G ..T ..A ..A ..A ..A ... C.. .CT ..A ..T ... A.A C.A A.. .C. ..C C.T ... ... ..C ... A.. ... GTC ..C C.. GA. A.. GTT ..T .GT ... ... ..T ..A GAT ... .G. A.. AG. GAA AGA ..A ... ... ... ... ... ..G ... .C. A.. ..G ... ... ..G .A. .AT C.A .AT .GG ... ..T ..A C.A C.. GG. ..A ... CAA C.A C.C ... ... C.A ... ..C ... ... ..C ... ..A ... ... 
Calb                            ... .GC CC. ... ..G C.A .GT GCA ..T G.G ... ..A G.A ..A ..A TTT ..A .CC .C. ... TTA C.A TCA TCA CA. GTT GTT ... ... .AT T.A T.. ..C T.C .T. ... ... ... ... ... CA. ... ... .A. ... ... ..A C.T C.T G.A G.G ... TCT G.. CA. ..G ..A .AT ..T ..A .GA ... ..T T.C ... .CC ... G.C G.A G.. T.A T.A ..A G.. ... ... A.. G.. G.. GCG A.. G.T A.G A.G A.T ACT T.. ..T GAT G.T ..A ..A ..A ... A.A AA. .AA ..A TCG A.T T.G T.G GAA T.G T.G T.A AA. T.A GCA T.A A.A ACT .G. ... ..G A.T ... ... CC. A.. ... ... ... .CT ... ..T AGT ..T ATT ..A A.A ..C AG. .GA ... ACG ... A.. TTA T.T .A. CA. .GT ATT TGT ... ..A ... CAA TTC ..A .C. ..G ... ... ... .CT TCT ..G TG. C.A A.A AAA A.A .A. ..G C.T ... ... ... ... ..C ... ..C ... .C. GA. CA. ATT ..A GTG ..A ..T ..T G.. GGT ... GTA GGG ... ..A AAA ..G ..C ... ... ... GTC ..G G.T ... G.T ... A.T G.T G.T CAT .AT ..A AAA AAA ..G .AT ... G.T A.. ACT C.T ACT .CA A.T ACA ..T ... ... ... .CC ... ... ... ..C A.. ... ... 

    2    2    1    2    2    3    2    2    1    3    1    2    1    1    2
    1    2    1    1    1    3    2    2    2    1    1    2    2    2    2
    1    1    2    3    1    2    1    1    2    5    1    1    1    2    2
    2    2    1    2    2    1    1    2    3    2    1    2    1    1    2
    3    2    1    1    2    1    2    1    1    2    1    1    1    2    2
    1    1    2    1    2    1    1    2    2    4    2    1    6    2    1
    1    3    4    3    1    2    2    1    1    1    2    1    1    1    3
    1    1    2    2    2    1    1    1    1    1    1    1    2    1    1
    2    2    2    3    2    2    1    1    1    1    1    1    2    2    1
    1    2    1    2    1    1    1    2    3    1    1    1    3    1    1
    3    2    3    4    1    1    1    2    3    1    1    1    1    1    1
    2    3    1    1    2    1    1    3    3    1    2    2    3    1    1
    2    2    2    2    1    1    1    3    2    1    4    3    2    1    2
    2    4    2    1    3    1    2    2    2    2    2    2    2    2    1
    2    1    1    3    2    1    2    1    1    1    1    1    2    1    2
    1    2    3    1    1    2    1    1    1

CODONML (in paml version 4.9j, February 2020)  temp.nuc
Model: One dN/dS ratio, 
Codon frequency model: Fequal
ns =   9  ls = 394

Codon usage in sequences
--------------------------------------------------------------------------------------------------------------------------------------
Phe TTT  12   7  10  10  15  12 | Ser TCT  17  13  21  23  12  17 | Tyr TAT  15  10  16  16   7   3 | Cys TGT   2   2   2   2   4   4
    TTC  11  14  11  11   3   7 |     TCC  10  11   3   6   4   4 |     TAC   3   5   2   2  10  13 |     TGC   0   0   0   0   0   0
Leu TTA  15  12  18   7   9   7 |     TCA   6   3   9   4   4   9 | *** TAA   0   0   0   0   0   0 | *** TGA   0   0   0   0   0   0
    TTG  19  14  17  21  18   6 |     TCG   1   9   2   5   4   7 |     TAG   0   0   0   0   0   0 | Trp TGG   8   8   8   8   6   8
--------------------------------------------------------------------------------------------------------------------------------------
Leu CTT   5   4   6   3   5   5 | Pro CCT   7   3  13   7  12   9 | His CAT   1   4   1   1   7  10 | Arg CGT   6   2   2   1   3   1
    CTC   5   5   1   6   2   3 |     CCC   0   4   0   0   3   3 |     CAC   2   2   2   2   2   1 |     CGC   1   1   1   1   0   1
    CTA   4   9   4  11   9   6 |     CCA   9   7   1   6   5   9 | Gln CAA  13  13  16  12  18   9 |     CGA   0   0   0   1   2   4
    CTG   4   8   6   3   1   9 |     CCG   4   3   6   4   0   0 |     CAG   6   8   5   9   1   7 |     CGG   0   0   0   0   0   3
--------------------------------------------------------------------------------------------------------------------------------------
Ile ATT  14  13  13  18  17  18 | Thr ACT   8  13   7  13   3  11 | Asn AAT  11  15  13  12  14   9 | Ser AGT   4   1   2   2   7   3
    ATC   7   5   5   4  10   5 |     ACC   4   6   9   2   5   8 |     AAC  15  16  16  17   8   7 |     AGC   2   3   2   2   3   6
    ATA   7   7  10   7   5   6 |     ACA   4   1   5   2   7   8 | Lys AAA   9   8   7   7  16   5 | Arg AGA  18  18  22  20  18  19
Met ATG   7   4   4   4   9   9 |     ACG   4   2   0   4   5   2 |     AAG   7   7   8   8  10  13 |     AGG   3   6   2   4   1   3
--------------------------------------------------------------------------------------------------------------------------------------
Val GTT   4   5   2   3   4   5 | Ala GCT   4   5   7   6   6   6 | Asp GAT  13  14  14  11  16   8 | Gly GGT   6   4   4   5   5   5
    GTC   7   9   8   5   2   2 |     GCC   7   5   5   6   1   2 |     GAC   6  10   7  10   5  12 |     GGC   8  10  10   9   0   1
    GTA   1   0   2   3   5   2 |     GCA   3   5   2   3   6   2 | Glu GAA  19  14  19  20  15  18 |     GGA   1   0   1   1   5   4
    GTG   2   2   1   2   4   7 |     GCG   1   0   2   1   0   3 |     GAG   2   4   2   1   6   6 |     GGG   0   1   0   0  10   2
--------------------------------------------------------------------------------------------------------------------------------------

--------------------------------------------------------------------------------------
Phe TTT   3   9  10 | Ser TCT   9   7  13 | Tyr TAT   8  11  13 | Cys TGT   3   7   1
    TTC  12   8   4 |     TCC   9   4   6 |     TAC  13   9   4 |     TGC   9   0   1
Leu TTA   5  13  17 |     TCA   5   4  13 | *** TAA   0   0   0 | *** TGA   0   0   0
    TTG  16  21  16 |     TCG   7   4   4 |     TAG   0   0   0 | Trp TGG   6  10   8
--------------------------------------------------------------------------------------
Leu CTT   1   4   1 | Pro CCT   4   3   9 | His CAT   0   7   5 | Arg CGT   3   0   3
    CTC   8   1   0 |     CCC   1   7   0 |     CAC   6   0   0 |     CGC   3   0   0
    CTA   5  10   1 |     CCA  10   9  10 | Gln CAA   5   6  19 |     CGA   1   2   1
    CTG  12   3   0 |     CCG   5   0   0 |     CAG  16   8   0 |     CGG   4   0   0
--------------------------------------------------------------------------------------
Ile ATT   6  11  17 | Thr ACT   6  10   9 | Asn AAT  11  13  13 | Ser AGT   0   3   6
    ATC  10   5   0 |     ACC   7   1   8 |     AAC  13   6   1 |     AGC   7   3   2
    ATA   0   4   8 |     ACA   4  10   1 | Lys AAA   4   9  24 | Arg AGA  10  33  21
Met ATG  10   6   4 |     ACG   6   0   1 |     AAG   9  12   7 |     AGG   6   2   0
--------------------------------------------------------------------------------------
Val GTT   3   4  18 | Ala GCT   2  10   8 | Asp GAT   7  10  10 | Gly GGT   8   4   9
    GTC  10  12   3 |     GCC   7   0   4 |     GAC  15   5   3 |     GGC   6   0   0
    GTA   1   3   7 |     GCA   4  10   5 | Glu GAA   2  19  19 |     GGA   3  10   8
    GTG   7   0   7 |     GCG   6   0   2 |     GAG  11   7   4 |     GGG   4   5   6
--------------------------------------------------------------------------------------

Codon position x base (3x4) table for each sequence.

#1: Scer           
position  1:    T:0.30203    C:0.17005    A:0.31472    G:0.21320
position  2:    T:0.31472    C:0.22589    A:0.30964    G:0.14975
position  3:    T:0.32741    C:0.22335    A:0.27665    G:0.17259
Average         T:0.31472    C:0.20643    A:0.30034    G:0.17851

#2: Sbay           
position  1:    T:0.27411    C:0.18528    A:0.31726    G:0.22335
position  2:    T:0.29949    C:0.22843    A:0.32995    G:0.14213
position  3:    T:0.29188    C:0.26904    A:0.24619    G:0.19289
Average         T:0.28849    C:0.22758    A:0.29780    G:0.18613

#3: Smik           
position  1:    T:0.30203    C:0.16244    A:0.31726    G:0.21827
position  2:    T:0.29949    C:0.23350    A:0.32487    G:0.14213
position  3:    T:0.33756    C:0.20812    A:0.29442    G:0.15990
Average         T:0.31303    C:0.20135    A:0.31218    G:0.17343

#4: Spar           
position  1:    T:0.29188    C:0.17005    A:0.31980    G:0.21827
position  2:    T:0.29949    C:0.23350    A:0.32487    G:0.14213
position  3:    T:0.33756    C:0.21066    A:0.26396    G:0.18782
Average         T:0.30964    C:0.20474    A:0.30288    G:0.18274

#5: Ncas           
position  1:    T:0.24365    C:0.17766    A:0.35025    G:0.22843
position  2:    T:0.29949    C:0.19543    A:0.34264    G:0.16244
position  3:    T:0.34772    C:0.14721    A:0.31472    G:0.19036
Average         T:0.29695    C:0.17343    A:0.33587    G:0.19374

#6: Cgla           
position  1:    T:0.24619    C:0.20305    A:0.33503    G:0.21574
position  2:    T:0.27665    C:0.25381    A:0.30711    G:0.16244
position  3:    T:0.31980    C:0.19036    A:0.27411    G:0.21574
Average         T:0.28088    C:0.21574    A:0.30541    G:0.19797

#7: Agos           
position  1:    T:0.26650    C:0.21320    A:0.27665    G:0.24365
position  2:    T:0.27665    C:0.23350    A:0.30457    G:0.18528
position  3:    T:0.18782    C:0.34518    A:0.14975    G:0.31726
Average         T:0.24365    C:0.26396    A:0.24365    G:0.24873

#8: Klac           
position  1:    T:0.27157    C:0.15228    A:0.32487    G:0.25127
position  2:    T:0.28934    C:0.20051    A:0.30964    G:0.20051
position  3:    T:0.28680    C:0.15482    A:0.36041    G:0.19797
Average         T:0.28257    C:0.16920    A:0.33164    G:0.21658

#9: Calb           
position  1:    T:0.27919    C:0.12437    A:0.30964    G:0.28680
position  2:    T:0.28680    C:0.23604    A:0.30964    G:0.16751
position  3:    T:0.36802    C:0.09137    A:0.39086    G:0.14975
Average         T:0.31134    C:0.15059    A:0.33672    G:0.20135

Sums of codon usage counts
------------------------------------------------------------------------------
Phe F TTT      88 | Ser S TCT     132 | Tyr Y TAT      99 | Cys C TGT      27
      TTC      81 |       TCC      57 |       TAC      61 |       TGC      10
Leu L TTA     103 |       TCA      57 | *** * TAA       0 | *** * TGA       0
      TTG     148 |       TCG      43 |       TAG       0 | Trp W TGG      70
------------------------------------------------------------------------------
Leu L CTT      34 | Pro P CCT      67 | His H CAT      36 | Arg R CGT      21
      CTC      31 |       CCC      18 |       CAC      17 |       CGC       8
      CTA      59 |       CCA      66 | Gln Q CAA     111 |       CGA      11
      CTG      46 |       CCG      22 |       CAG      60 |       CGG       7
------------------------------------------------------------------------------
Ile I ATT     127 | Thr T ACT      80 | Asn N AAT     111 | Ser S AGT      28
      ATC      51 |       ACC      50 |       AAC      99 |       AGC      30
      ATA      54 |       ACA      42 | Lys K AAA      89 | Arg R AGA     179
Met M ATG      57 |       ACG      24 |       AAG      81 |       AGG      27
------------------------------------------------------------------------------
Val V GTT      48 | Ala A GCT      54 | Asp D GAT     103 | Gly G GGT      50
      GTC      58 |       GCC      37 |       GAC      73 |       GGC      44
      GTA      24 |       GCA      40 | Glu E GAA     145 |       GGA      33
      GTG      32 |       GCG      15 |       GAG      43 |       GGG      28
------------------------------------------------------------------------------


Codon position x base (3x4) table, overall

position  1:    T:0.27524    C:0.17315    A:0.31839    G:0.23322
position  2:    T:0.29357    C:0.22673    A:0.31810    G:0.16159
position  3:    T:0.31162    C:0.20446    A:0.28567    G:0.19825
Average         T:0.29348    C:0.20145    A:0.30739    G:0.19769

Codon frequencies under model, for use in evolver (TTT TTC TTA TTG ... GGG):
  0.01639344  0.01639344  0.01639344  0.01639344
  0.01639344  0.01639344  0.01639344  0.01639344
  0.01639344  0.01639344  0.00000000  0.00000000
  0.01639344  0.01639344  0.00000000  0.01639344
  0.01639344  0.01639344  0.01639344  0.01639344
  0.01639344  0.01639344  0.01639344  0.01639344
  0.01639344  0.01639344  0.01639344  0.01639344
  0.01639344  0.01639344  0.01639344  0.01639344
  0.01639344  0.01639344  0.01639344  0.01639344
  0.01639344  0.01639344  0.01639344  0.01639344
  0.01639344  0.01639344  0.01639344  0.01639344
  0.01639344  0.01639344  0.01639344  0.01639344
  0.01639344  0.01639344  0.01639344  0.01639344
  0.01639344  0.01639344  0.01639344  0.01639344
  0.01639344  0.01639344  0.01639344  0.01639344
  0.01639344  0.01639344  0.01639344  0.01639344


TREE #  1:  (((((1, 4), (3, 2)), 5), 6), ((7, 8), 9));   MP score: 1465
This is a rooted tree.  Please check!
lnL(ntime: 16  np: 18):  -8089.581548      +0.000000
  10..11   11..12   12..13   13..14   14..1    14..4    13..15   15..3    15..2    12..5    11..6    10..16   16..17   17..7    17..8    16..9  
 0.254796 0.167136 0.900565 0.024210 0.338851 0.080784 0.000004 0.308076 0.389604 1.846869 2.554483 0.302219 0.546209 2.147833 2.766333 6.183860 2.121591 0.061871

Note: Branch length is defined as number of nucleotide substitutions per codon (not per neucleotide site).

tree length = 18.811835

(((((1: 0.338851, 4: 0.080784): 0.024210, (3: 0.308076, 2: 0.389604): 0.000004): 0.900565, 5: 1.846869): 0.167136, 6: 2.554483): 0.254796, ((7: 2.147833, 8: 2.766333): 0.546209, 9: 6.183860): 0.302219);

(((((Scer: 0.338851, Spar: 0.080784): 0.024210, (Smik: 0.308076, Sbay: 0.389604): 0.000004): 0.900565, Ncas: 1.846869): 0.167136, Cgla: 2.554483): 0.254796, ((Agos: 2.147833, Klac: 2.766333): 0.546209, Calb: 6.183860): 0.302219);

Detailed output identifying parameters

kappa (ts/tv) =  2.12159

omega (dN/dS) =  0.06187

dN & dS for each branch

 branch          t       N       S   dN/dS      dN      dS  N*dN  S*dS

  10..11     0.255   850.5   331.5  0.0619  0.0162  0.2613  13.8  86.6
  11..12     0.167   850.5   331.5  0.0619  0.0106  0.1714   9.0  56.8
  12..13     0.901   850.5   331.5  0.0619  0.0571  0.9236  48.6 306.2
  13..14     0.024   850.5   331.5  0.0619  0.0015  0.0248   1.3   8.2
  14..1      0.339   850.5   331.5  0.0619  0.0215  0.3475  18.3 115.2
  14..4      0.081   850.5   331.5  0.0619  0.0051  0.0829   4.4  27.5
  13..15     0.000   850.5   331.5  0.0619  0.0000  0.0000   0.0   0.0
  15..3      0.308   850.5   331.5  0.0619  0.0195  0.3160  16.6 104.8
  15..2      0.390   850.5   331.5  0.0619  0.0247  0.3996  21.0 132.5
  12..5      1.847   850.5   331.5  0.0619  0.1172  1.8942  99.7 628.0
  11..6      2.554   850.5   331.5  0.0619  0.1621  2.6199 137.9 868.6
  10..16     0.302   850.5   331.5  0.0619  0.0192  0.3100  16.3 102.8
  16..17     0.546   850.5   331.5  0.0619  0.0347  0.5602  29.5 185.7
  17..7      2.148   850.5   331.5  0.0619  0.1363  2.2028 115.9 730.3
  17..8      2.766   850.5   331.5  0.0619  0.1755  2.8372 149.3 940.6
  16..9      6.184   850.5   331.5  0.0619  0.3924  6.3422 333.7 2102.7

tree length for dN:       1.1937
tree length for dS:      19.2935


Time used:  0:13
