      9   1182

Scer                            AGA TCC AAT GAT ATA GCA TTG GAT GAT AAA TCG TTT ACA GTG CGT AAA AGA GTT CAC AAA GAT GAG AGA TTG TTG AGA GAC GCT AGA TTA GCC GCC CTT ACT CTT CCA TTA ACA AAA AAC CAA GAG ACC TGG GAA GGC ACC ATG GAG CCA CTG AAA CAA ACA GCA TCC CTC ACT CCC CCA CTT GCA AAA GAA AAT CAA GAA AAT CAC GTT TTG GAT AAA GAT GAA GAA TTT ATA ATC CGA TTA TTG GAA GAA ACA AAA AAC GGT AAA CTT CAA GTG TTA CCA GTT CAG CAT CAA CCG AAC ATT TCA TTA CAA CGT AGA GTA CTA AAA ATA GAT ACT TTA GAG GGT ATA AGA GAG CTT ACC AAC CTT GAG TTG ACT TTT TAC AAC GAT AGA CAA GAA TTA AGA GTT TCT GAA AGA CCA GGT TTT CCG ACC GAA AGT AAA AAG GAA CGC GCC TTG CAA ACA AAA GCC ATT GTT AAA GAA ATG GGT TCT GAG TTA GTA TTT GAA GAC GTT CAA GAA CAA GAT AAA CTC GAG GAT GAA CGT GAT AAA CAG ATC AAC AAA CCA TTC GAA AGG GAC GAG GCG TTC GAT AAA AAA GAG AGA GAT ACA CAA CCA TCT CCA CAG ATT ATT GAC GAT TTA CAA GCT GAA GAG GAT GGT CAA GAA AAG TAC TTA AGT CGT AAA ACT TTA GAA GAG GTA GGT AGT AAC TTC AGA AAA CAA GTC TTG GCC GGT TTT GAA GCC GGG GAT AAC ATC AAT AGA GAT GAG CAT GTT TTA TCA GCG CAC GCT ATT CCA AAC AGA TTC TCC TAT CTA GAG GTA GAA GAT ACG TTC CCC GTG GAT TTA AGC CCA GTC GCT GAA AAA CAA GAT CAG TTG TCA GCT AGT ACC ACA TTA GAT TTA GCT GGT CAA TTA GAC GAA GAA GGA CTG GCC TAT GCT GTC GCC GAA GTG TTA CCC AAT GGT TTC GAA TAT GGT TTC CAG CAA AGA TTA AGG ATA CCT TTT GAA GCT CCA GAA CTT TAC GAA GTT CTT GAT GAA ACT GTA GTA AAC CAA GCT AAT TTG CTC CAT CAA GTA GGT AGA GCC GTT AGA AGA GAT GAG CTT CCT AGA ATG GCA CAT GCC GTT GCT AGA TCT AAG GTC CAT ACA AGC AAA CCA GAT GAA GAT ACA CAT TTA AGA CAT TCA ACA GAA TCC GAT ATG AGT GAC CTT GAA 
Sbay                            AGA TCC AAT GAT ATT GCA TTG GAC GAT AAG TCA TTC ACA GTG CGT AAA AGG GTT CAT AAA GAC GAA AGA TTG CTA AGA GAC GCC AGG TTA GCT GCT CTA ACC CTT CCT TTA ACT AAA AAT CAA GAA ACC TGG GAA GGT ACC ATG GAA CCT CTG AAA CAA ACT GCC GCT CTC ACT CCC CCA CTA GCA AAA GAA AAC CAG GAA AAT CAC GTT TTG GAT AAA GAC GAA GAA TTT ATA ATT CGA CTA TTA GAA GAA ACA AAA AAC GGT AAA CTC CAG GTA TTG CCT GTG CAA CAT CAA CCC AAC ATT TCG TTG CAA CGT AGA GTG CTA AAA ATA GAT AGT TTG GAA GGT ATA AGA GAA CTG ACC AAT CTT GAA TTG ACC TTC TAC AAC GAT AGA CAA GAA TTA AGA GTT TCC GAG AGA CCA GGC TTC CCA ACC GAG AGT AAA AAG GAA CGT GCC CTA CAA ACT AAA GCC ATT GTG AAA GAA ATG GGC TCC GAG TTA GTA TTC GAA GAC GTT CAA GAA CAG GAT AAG CTC GAA GAT GAG CGT GAT AAA CAG ATC AAC AAA CCT TTC GAA AGA GAT GAA GCG TTC GAC AAA AAA GAA AGA GAT ACT CAA CCA TCT CCT CAG GTT ATT GAT GAT TTA CAA GCT GAA GAA GAT GGT CAA GAA AAA TAC TTA AGT CGT AAA ACT TTA GAA GAG ATA GGT ACT AAC TTC AGA AAG CAA GTC TTG GCC GGT TTC GAA GCC GGG GAC AAC ATC AAT AGA GAC GAA CAT GTC TTG TCT GCG CAT GCC ATT CCA AAC AGA TTC GCT TAT CTA GAA GTG GAA GAT ACA TTC CCC GTG GAT TTA AGC CCT GTT GCT GAA AAA CAG GAT GAA TTG TCG GCT AGT ACT ACT TTG GAT TTA GCC GGT CAG TTG GAC GAA GAG GGA TTG GCG TAT AGC GTC GCT GAA GTG TTA CCC AAC GGT TTC GAA TAT GGT TTC CAG CAA AGA TTG AGA ATA CCA TTC GAA GCT CCA GAA CTT TAC GAA GTT CTA GAC GAA ACC GTG ATA AAC CAA GCT AAC TTG CTC CAT CAA GTA GGT AGA GCC GTT AGG AGA GAC GAA CTT CCT AGG ATG GCA CAT GCC GTT GCC AGA TCT AAG GTC CAT ACT AGT AAA CCA GAT GAA GAT ACA CAT CTA AGA CAT TCT ACT GAA TCG GAC ATG AGT GAC CTA GAG 
Smik                            AGA TCT AAT GAT ATA GCA TTA GAT GAT AAA TCA TTC ACA GTG CGT AAA AGA GTT CAT AAA GAC GAG AGA TTG TTG AGA GAT GCC AGA TTG GCC GCC CTG ACT CTT CCA TTG ACT AAA AAT CAA GAG ACA TGG GAA GGC ACA ATG GAA CCA CTG AAA CAA ACT GCC TCT CTC ACT CCC CCA CTG GCA AAA GAA AAC CAG GAA AAT CAC GTT TTG GAT AAA GAT GAA GAA TTT ATA ATT CGA TTA TTG GAA GAA ACA AAA AAC GGT AAA CTG CAA GTG TTG CCT GTT CAG CAT CAA CCA AAC ATT TCA TTG CAA CGT AGA GTA CTA AAA ATA GAT ACT TTA GAA GGT ATA AGA GAG CTA ACA AAT CTT GAA TTA ACT TTC TAC AAC GAT AGA CAA GAA TTA AGA GTT TCC GAA AGA CCG GGT TTC CCG ACC GAA AGT AAA AAA GAA CGC GCT TTG CAA ACT AAA GCC ATT GTT AAA GAA ATG GGT TCT GAG TTA GTA TTC GAG GAC GTT CAA GAA CAG GAT AAA CTC GAA GAT GAA CGT GAT AAA AAC ATC AAC AAA CCA TTT GAA AGG GAT GAG GCG TTC GAT AAA AAA GAG AGA GAT ACA CAA CCA TCT CCT AAC ATT ATT GAC GAT CTA CAG GCT GAA GAG GAT GGT CAA GAA AAG TAC TTA AGT CGT AAA ACT TTA GAA GAG GTA GGT ACG AAC TTT AGA AAA CAA GTC TTG ACC GGT TTC GAA GCT GGG GAT AAT ATC AAT AGA GAT GAG CAT GTT TTG TCG GCG CAT GCT ATT CCA AAC AGA TTT TCT TAT CTA GAG GTA GAA GAT ACA TTT CCC GTT GAT TTA AGC CCA GTT GCT GAA AAA CAG GAT CAA TTG TCA GCT AGT ACC ACA TTG GAT TTG GCT GGT CAG TTG GAC GAA GAA GGA CTG GCT TAT ATG GTC GCC GAA GTG TTG CCT AAC GGT TTT GAA TAT GGT TTC CAA CAA AGA TTG AGG ATA CCA TTC GAA GCT CCA GAA CTC TAC GAA GTT CTT GAC GAA ACT GTC GTA AAC CAA GCT AAC TTG CTC CAT CAA GTA GGC AGA GCT GTT AGA AGA GAT GAA CTC CCT AGA ATG GCA CAT GCC GTT GCC AGA TCT AAA GTC CAT ACT AGT AAA CCA GAT GAA GAT ACA CAT TTA AGA CAT TCG ACT GAA TCC GAT ATG AGT GAC CTT GAA 
Spar                            AGA TCC AAT GAT ATA GCA TTG GAT GAT AAA TCA TTT ACA GTG CGT AAA AGA GTT CAT AAA GAT GAG AGA TTG CTA AGA GAT GCC AGA TTG GCC GCC CTG ACT CTT CCG TTA ACA AAA AAC CAA GAG ACC TGG GAA GGT ACC ATG GAA CCA CTG AAA CAA ACA GCC TCT CTC ACC CCC CCA CTG GCA AAA GAA AAC CAG GAA AAC CAT GTT TTG GAT AAA GAT GAA GAA TTT ATA ATT CGA TTG TTG GAA GAA ACA AAA AAC GGT AAA CTT CAA GTG TTA CCA GTT CAG CAC CAA CCG AAC ATT TCA TTA CAA CGT AGA GTA CTA AAA ATA GAT ACT TTA GAG GGT ATA AGA GAG CTT ACC AAC CTT GAA TTG ACT TTT TAC AAC GAT AGA CAA GAA CTT AGA GTT TCT GAA AGA CCA GGC TTT CCG ACC GAA AGT AAG AAG GAA CGT GCT CTA CAA ACA AAA GCC ATT GTT AAA GAA ATG GGC TCT GAG CTT GTA TTT GAG GAT GTT CAA GAA CAG GAT AAA CTC GAA GAT GAA CGT GAT AAG CAA ATC AAC AAA CCG TTT GAA AGA GAT GAG GCG TTC GAT AAA AAA GAG AGA GAT ACA CAA CCA TCT CCA CAA ATC ATT GAC GAT CTA CAG GCT GAA GAG GAT GGT CAA GAA AAG TAC TTA AGT CGT AAA ACT TTA GAA GAG GTA GGT ACT AAC TTT AGA AAA CAA GTC TTG GCC GGC TTT GAA GCT GGG GAT AAC ATC AAT AGA GAT GAG CAC GTC TTA TCA GCA CAT GCT ATT CCA AAC AGA TTT TCT TAT CTA GAG GTA GAA GAT ACG TTC CCC GTG GAT TTA AGC CCG GTG GCT GAA AAG CAG GAT CAA TTG TCA GCT AGT ACC ACA TTA GAT TTG GCT GGT CAG TTA GAT GAA GAA GGA TTG GCT TAT ACT GTC GCC GAA GTG TTG CCC AAC GGT TTT GAA TAT GGT TTC CAA CAG AGA TTA AGG ATA CCT TTT GAA GCT CCA GAA CTT TAC GAA GTT CTT GAT GAA ACT GTA GTA AAC CAA GCT AAC TTG CTC CAC CAA GTA GGT AGA GCT GTT AGA AGA GAT GAA CTT CCT AGA ATG GCA CAC GCC GTT GCC AGG TCT AAG GTC CAT ACA AGT AAG CCA GAT GAA GAT ACA CAC TTG AGA CAT TCA ACC GAA TCC GAT ATG AGT GAT CTT GAA 
Ncas                            AGA TCA AAC GAC ATT GCG TTA GAT GAT AAG TCA TTT ACT GTT CGA CGT AGG GTT CAT AGA GAT GAA AGA TTA TTA AGA GAT GCC AGG CTA CCT CCT CTG ACA TTA CCA TTG ACT AGA AAC GAA GAA ACT TGG GAA GGT ACT ATG GAA CCT CTC AAG CAA ACT TCA TCC TTA ACC CCC CCA CTG GCG AAA GAA AAT CAA GAA AAT CAT GTT ATT GAC AAA GAT GAA GAG TTT ATT ATT CGA TTA CTA GAG GAG ACA AAG AAC GGT AAA CTT CAA ATA TTG ATG GTA GAA CAT CAG CCA AAC ATT GCC TTA CAG AGA AGA GTT TTA AAA ATT ACT AGC TTC CAA GGT ATT AGA GAA TTA ACT AAC TTA GAA TTA ACT TTT TAT AAT GAT AGA GAA GAA TTA AGA GTT TCT GAA AGA CCC GGG TTC TCC ACA GAG AGT CAA AAA GAG CGT GCT TTA CAA ACT AAG GCC ATT GTA CGT GAA ATG GGG TCT GAA TTA GTT TTC GAA GAT GTT CAA GAA CAA GAT AAG TTA GAA GAT GAG CGT GAC AGG GCT ATT AAT AAG CCA TTT GAA AGA GAT GAG GCT TTT GAT AAA AAA GAA AGA GAT CCA CAA CAA TCT ATG GCT GTT ATT GAT GAT CTA CAA GCA GAG GAA GAT GGT CAG GAA AAA TAC TTG ACA CGT AAA ACG TTG GAA GAG GTA GGT GCC AAC TTT AGA AAG CAA GTT ATT TCT GGG TTC GAA GCT GGG GAT AAC ATA AAT AGA GAT GAG CAT GTG TTA TCA GCC CAT GCC ATT CCA AAT AGA TTT TCC TAC TTA GAA GTT GAG GAT ACA TTC CCC GTG GAT TTA AGT CCA GTA TCC GAA AGG CAA GAT GAA TTA TCT GCC AGT ACC CCA TTG GAT CTA GCC GGG CAA TTG GAT GAA GAG GGA TTG GCT TAT AGT GTT GCT GAA GTT TTG CCA AAT GGG TTT GAA TAT GGT TTT AAG CAA AGA TTA CGT ATT CCA TTT GAA GCA CCA GAA TTA TAC GAG GTT TTA GAT GAG ACA ATA GTA AAC CAA TCC AAT ATT TTA CAT GAA GTT GGT AGA GCT GTT AGA AGA GAT GAA TTA CCT AGA ATG TCT CAT GCC GTT GCC AGA TCA AAA GTG CAT ACT AGT CAA CCA GAC GAA GAT ACC CAT TTA AGA CAT TCA ACT GAA GCA GAT ATG AGT GAT TTA GAG 
Cgla                            AGA TCA AAT GAT ATC GCA CAA GAG GAC AAA TCC TTC ACC GTA CGA AAA AGA GTT CAT AAA GAT GAA AGA TTG TTA AGA GAT GCG AGA CTA CCA CCA TTA ACG TTG CCT TTA ACG AAA AGT AAA GAA ACA TGG GAA GGT ACA ATG GAG CCA CTT AAA CAA ACG GCA AGC TTA ACC CCC CCA TTA GCA AAG GAA AAT CAA GAA AAC CAC GTT CTC GAT CAC GAG GAA GAG TTT ATA GTG AGA ATT CTG GAA ACC ACC AAG AAT GGT AAA CTA TTC GTG TTG TCT GTC GAA CAT CAG CCG AAC ATT GCA CTT CAG AGA AGA GTT CTG AAA ATT GAA ACT TAT CAA GGT ATA AGA GAG CTT ACA AGT TTG GAG CAA ACA TTC TAT AAT GAT AGA AAA GAA CTT AGA GTT TCT GAC AGA CCC GGT TAT AGC ACG GAG AGT AAG AAG GAG CGT GCT TTA CAG ACG AAA GCA ATT GTC AAA GAA ATG GGT TCA GAA CTT GTG TAT GAG GAC GTT CAA GAA CAA GAT AAA TTA GAG GAT GAT CGC GAT AGA AAG ATA AAT AAA CCT TTT GAG AGG GAT GAG GCT TTC GAT AAA AAG GAA AGA GAC TTA CAA TCT TCG TCT AAG GTA ATT GAT GAT TTG CAA GCT GAA GAA GAT GGT CAA GAT AAA TAT TTA ACT CGT AAG ACG TTA GAT GAG GTA GGT GCT AAT TTT AGA AAG CAA GTC CTC AAT GGT TAT GAG GCT GGC GAT AAT GTA GAC AGA GAC GAG CAC GTT CTT TCT GCT CAT GCC ATA CCA AAT AGA TTT AGC TAC CTG GAA GTT GAG GAT ACT TTC CCC GCT GAC TTG AGC CCT GTA GCA GAA AGA CAA GAC GAC TTG TCC GCC AGT ACC TTA TTG GAT CTA GCC GGT CAA TTG GAC GAG GAT GGT CTA GCT TAT GCA GTC GCC GAA GTA CTG CCA AAT GGT TTT GAG TAT GGT TTC GCT CAA AGA CTT CGA ATT GCT TTC GAT GCC CCA GAG TTA TAT GAA GTT TTG GAT GAA ACG GTT GTA AAC CAA GCA AAT CTC TTA CAC AAA GTG GGT AGA GCT GTT AGA AGA GAT GAG TTA GCT AGA ATG GCC CAC GCC GTT GCG AGA TCT AAG GTT CAC ACG AGT AAG CCT GAT GAA GAT ACA CAC ATT AGA CAT TCT ACT GAA GCT GAT ATG AGT GAC TTG GAG 
Agos                            CGC GCC AAT GAC CTG GGG CTG GAC GAC AAG TCG TTC ACG GTT CGG AAG CGG GTG ACT CGC GAC GAG AGA TTG CTG CGG GAC GCG CGG CTC CCA CCA ATG ACC TTG CCT CTG ACA CGC AAC CGC GAG ACA TGG GAG GGT ACA ATG GAA CCA CTG AAG CAG ACA GCG ACG TTG ACG CCC GCG ATG GGG AAG GAG AAC CAG GAG AAC AAC GTC TTA GAC CGC GAC GAG GAG TTT ATT CTG CGC CTA GCT GAG GAG TCG AAG AAT GGT AAG CTG CAT GTA CTC ACA GTG AAG CAT CAG CCG AAC ATT GCC CTG CAG CGC AGG GTG TTA AAG ATA GGC AGC TTG CAG GGT ATT CGT GAG CTT ACA AAC TTG GAA CTG ACT TTC TAT AAT GAC CGC CGC GAG CTG CGG GTC TCC GAG AGA CCC GGA GCG CAG ACG GAG AGC AAA AAG GAG CGG GCA CTG AGG ACA AAG AGT ATT GTG AAG GAG ATG GGA AGT GAA CTG GTG GCG GAG GAT GTC CAG GAG CAG GAC AAG TTG GAA GAC GAG CGC GAC AGG GCG ATT AAT AAG CCT GCG GAG AGG GAT GAG GCA TTC GAT AAA GCG GAG AGA GAC CTC CAG TCG TCT ACA GCG GCG ATT GAT GAC TTG CAG GCG GAG GAG GAC GGT CAA GAC AAG CCT TTA TTT CGT GCG ACC TTA GAC GAA GTG GGT GAA AAT GCG AGA ACT CAG GTG TTA TCG GGA GCG GAG GCA GGC GAT AAT GTG GAG AGA GAT GAG CAT GTT CTG TCA GCG ACT GCA GTA GCG AAT AGG TTC ACG TAC TTA GAG GTG GAG GAC ACC TTT CCC GCC GAC TTG AGC CCT GTA GGG GAG AGG CAG GAC CAG TTG AGA GCC AGC GTA CTC CTC GAC CTC GCA GGA CAG CTC GAT GAG GAG GGG TTG GCA TAC ACG GTG GCC GAG GTT CTG CCA AAC GGA TTC GAG TAC GGC TTC CCG CAA CGG CTG CGT ATA GCA TTC GAA GCG GCG GAA CTG CCT GAG GTC CTA GAC GAG ACC GCC GTG AAC CAG GGG AAC TTA TTG CAT CGC GTG GGG CGC GCA GTC CGA CGG GAT GAA CTG CCG AGG ATG AGC CAT GCC GTG GCG CGG TCC AAG GTG CAT ACA GGA AAA CCT GAC GAG GAC ACC CAT CTA AGA CAT TCA ACA GAG GCC GAT ATG AGC GAT CTA GAG 
Klac                            AGA GCC AAC GAT TTG GGT ATG GAT GAT AAA TCT TTC ACA GTT AGT AAA AGA GTT AAT AGG GAT GAA AGA CTC TTA AGA GAT GCC AGA CTT CCT CCT ATG ACT TTG CCT CTA ACT AGG AAC GAG GAG GCT TGG GAA GGC GCT ATG GAA CCA CTA AAG CAA ACT GCA TCT TTG ACG CCT CCT ATG GGT AAG GAA AAT CAA GAA AAT ATG GTT TTG GAT AAA GAT GAA GAA TTT ATC CTC CGT CTT GTA GAA TTC GTG AAG AAC GGT AAA TTA CAC GTG CTA ACA GTC AAA CAC AAT CCT AAC ATC GCA TTG AAT AGA AGA ATT TTG AAA ATA ACA ACA TTG CAG GGT ATC CGT GAA TTA GCT AAC TTG GAA ATG ACT TTC TAT AAC GAC AGA GAG GAA TTA AGA GTT TCC GAA AGA CCT GGT CAT AAC ACA GAA AGT AAG AAA GAA AGA GCA TTA CAA ACT AAG TCT ATC GTC AAA GAA ATG GGT AGT GAA TTA GTG CAT GAG GAT GTT CAA GAA CAA GAT AAA TTG GAA GAT GAG CGT GAT AGA ATG ATA AAC AAG CCT ATG GAA AGA GAC GAA GCT TTT GAT AAG AAG GAG AGA GAT TTG CAA AGT TCG ACA ATG TTA ATC GAT GAC CTA CAA GCA GAA GAG GAT GGT CAG AAT AAG TAT TTG TTT CGT AAG ACT TTG AAT GAA GTT GGT GAA AAC ATG AGA GCT TCC GTC TTG CCA GGT CAT GAA GCA GGA GAC AAC TTG GAT AGA GAT GAA CAT GTC TTG TCC GCA AAT GCT GTG CCT AAC AGA TTT TCT TAT TTG GAG ATT GAA GAT ACT TTC CCT GTA GAT CTA AGC CCT GTA GCA GAA AGA CAA GAT AAC CTC TCG GCT AGT GTA TTG CTA GAT CTT GCT GGT CAA CTA GAT GAA GAG GGT TTG GCT TAC ACA GTC GCC GAA GTT TTG CCT AAT GGT TTT GAA TAC GGT TTT GCC CAA AGA TTG CGT ATA CCA TTC GAA GCT CCT GAG CTA TAT GAA GTT TTA GAT GAA ACT GTT GTT AAC CAA GCA AAC TTG TTG CAT GAG GTG GGT AGA GCA GTT AGA AGA GAT GAA CTA CCA AGA ATG TCA CAT GCT GTT GCC AGA TCA AAA GTC CAC ACT AGC AAG CCA GAT GAA GAC ACA CAT CTT AGA CAT TCC ACT GAA TCG GAC ATG AGT GAT TTA GAA 
Calb                            AGA TCA AAT AAT ATT GCT TTG GAT GAT AAA TCA TTT ACT GGC AGA AAA AGA GTT AAC AGA GAC GAT AGA TTG TTA AGA GGT TCG AGA TTG CCA CCA TTG ACC CTC CCT TTG ACT AGA AAC GTA GAA ACT TGG GAA GGA ACT TTA GAA CCA GCG AAA CAG ACT TCG TCT TGC ACA CCA CCT TTG GCT AAA GAA AAC AAA CTG AAT GCC GTT TTG GAT AAA GAT GAA GAA TTG ATA TTA AGA TTG GTA GAA GAA GGT AAG AAC GGG AAA ACA ACT GAA TTA GAG GTA ATT CAC CAA CCA AAC ATG TCA TTA CAA AGA AGA ATT CTT AAA ATT AAG TCT TTA TGC GGT ATA AGA GAA TTG ACT AAC CTC GAA TTG TCT TTT TAT AAT GAT AGA GTA GAA TTG AGA GTT GCT GAA AGG CCA GGT CTA AAT ACA GAG AGT AGT AAA GAA CGT GCT TTA CAG ACT AAA ATG ATG GTA AAA GAA ATG GGT TCA GAA TTG GTT CTA GAA GAT GTT CAG GAA AAA GAT AAA TGC GAA GAT GAA AGA AAT AAA GAT ATT AAT AAA CCT TTT GAA AGA GAG GAA GCA TTC GAT CGT ACT GAG AGA GAT GAC CAG AAC TCC GAG GAT ACA ATG GAT GAT ATG CAA TCC GAA GAA GAT GGT CTC GAC GAA TAC TTG CAA AGA ACT ACT TTG GAC GAA ATA GGG TCT AAC TTT AGA CAA CAG GTT TTG CCT GGA CTA GAA GCT GGA GAT AAT ATT TCA AGG GAC GAA CAA GTT TTA TCC GCA AAC GCT ATG CCT AAT AGA TTT TCT AAT CTT GAG ATT GAA GAT ACA TTT CCA ATT GAT TTG AGT CCT GTA CTT GAA AAA AAA GAT AGT TTG AAC GCA AGT AGT GAC TTA GAT TTG GCT GGT AAA TTA GAT GAA GAA GGA ATG GCT TTC ATG GTT GCC GAA GGC TTG CCA AAC GGT TTT GAA TTC GGC TTC GGC CAA AGA TTA AAA ATT ACT TTT GAT TCA CCT GAA TTA TAC GAA GTT TTA GAC GAA ACC ATT ATA AAC CAG CTT AGT TTG TGC CAA GTA GTT GGT AGA GCT GTT AGA AGA GAT GAA TTA CCT AGA ATG AGT CAA GCC GTT TCG AGA TCA AAA GTT CAT ACT CGA AGT CCA AAT GAA GAT ACT CAA TTG AGG CAT TCC ACA GAA ACT GAT ATG AGT GAT TTA GAG 



Printing out site pattern counts


         9        708  P

Scer                            AAA AAA AAA AAA AAA AAA AAA AAA AAA AAA AAA AAA AAA AAC AAC AAC AAC AAC AAG AAG AAT AAT AAT AAT AAT ACA ACA ACA ACA ACA ACA ACC ACC ACC ACG ACT ACT ACT ACT ACT AGA AGA AGA AGA AGA AGA AGA AGA AGA AGA AGC AGC AGG AGG AGT AGT AGT ATA ATA ATA ATC ATC ATC ATG ATG ATT ATT ATT CAA CAA CAA CAA CAA CAA CAA CAA CAA CAA CAC CAC CAG CAG CAG CAG CAT CAT CAT CAT CCA CCA CCA CCA CCA CCA CCA CCC CCC CCG CCG CCT CCT CGA CGC CGT CGT CGT CGT CTA CTC CTG CTG CTT CTT CTT CTT CTT CTT GAA GAA GAA GAA GAA GAA GAA GAA GAA GAA GAA GAA GAA GAC GAC GAC GAC GAG GAG GAG GAG GAG GAG GAG GAG GAG GAT GAT GAT GAT GAT GAT GAT GAT GAT GAT GAT GCA GCA GCA GCC GCC GCC GCC GCC GCC GCC GCG GCG GCT GCT GCT GCT GCT GCT GCT GGA GGC GGG GGT GGT GGT GGT GGT GGT GGT GTA GTA GTA GTA GTC GTC GTC GTG GTG GTG GTT GTT GTT GTT TAC TAC TAT TAT TCA TCA TCA TCC TCC TCC TCG TCT TCT TCT TCT TGG TTA TTA TTA TTA TTA TTA TTA TTA TTA TTA TTA TTC TTC TTC TTC TTG TTG TTG TTG TTG TTT TTT TTT 
Sbay                            ... ... ... ... ... ... ... ... ... ... ... ..G ..G ... ... ... ... ..T ..A ... ..C ..C ... ... ... ... ... ... ..T ..T ..T ... ... ..T ..A ..C ..C ... ... .G. ... ... ... ... ... ... ... ..G ..G ..G ... ..T ..A ..A .C. ... ... ... ... ..T ... ... ..T ... ... ... ... G.. ... ... ... ... ... ... ... ... ..G ..G ... ..T ..A ... ... G.A ... ... ... ... ... ... ... ... ..T ..T ..T ... ... ..A ..C ..A ... ... ..T ... ... ... ... ... ... ... T.. ..A ..A ..C ..G ... ... ... ... ... ... ... ... ... ... ... ... ..G ..G ..G ... ... ..T ..T ..A ..A ..A ..A ..A ..A ..A ... ... ..C ..C ..C ..C ..C ... ... ... ... ... ... ... ... ..C ... ... ... ... ..G ..T ..T ... ... AGC ..C ..C ... ... ... ... ... ..T ... ..C ... ... ... ... ... ... A.. ... ..G ..G ... ... ..T ..A ... ... ..C ..G ... ... ... ... ... ... ..G ..G ..T G.T ... ..G ..A ..C ..C ... ... ... C.. ... ... ... ... ... ... ... ..G ..G ..G ... ... ... ... C.A ..A ... ... ... ..C ..C ... 
Smik                            ... ... ... ... ... ... ... ... ... ... ... ... ... ... ... ... ..T ..T ... ..A ..C ..C ... ... ... ... ... ... ... ..T ..T ..A ... ... ..A ... ... ... ... ... ... ... ... ... ... ... ... ... ... ... ... ..T ... ... .CG ... ... ... ... ... ... ... ..T ... ... ... ... ... ... ... ... ... ... ... ... ..G ... ..G ... ..T ... A.C ..A ..A ... ... ... ... ... ... ... ..G ... ... ..T ... ..T ... ..A ..A ... ... ... ... ... ... ... ... ... ... ... ..G ... ..G ..A ..C ... ... ... ... ... ... ... ... ... ... ..G ... ... ... ... ..T ... ..T ..A ..A ... ... ... ... ... ... ... ..C ... ... ... ... ... ... ... ... ... ... ... ... ..C A.. ... ... ..T ..T ... ... ... ... ATG ..C ... ... ... ... ... ... ... ... ... ..C ... ... ... ... ... ... ... ... ..C ... ... ..T ... ... ..T ... ... ... ... ... ... ... ... ... ... ..G ..T ..T ... ..A ..C ... ... ... ... ... C.. ... ... ... ..G ..G ..G ... ..G ..G ... ..T ..T ..T ... ... ..A ... ... ..C ..C ... 
Spar                            ... ... ... ... ... ... ... ... ... ..G ..G ... ... ... ... ... ... ... ... ... ..C ..C ..C ... ... ... ... ... ... ... ..C ... ... ... ... ... ... ..C ... ... ... ... ... ... ... ... ..G ... ... ... ... ..T ..A ... .C. ... ... ... ... ... ... ... ..T ... ... ... ... ..C ... ... ... ... ... ... ..G ..G ... ..G ..T ..T ... ..A ..A ..A ..C ..C ... ... ... ... ... ... ... ..G ... ... ... ... ... ... ... ... ..T ... ... ... ... ... ... ... T.. ..G ... ... ... ... ... ... ... ... ... ... ... ... ... ... ..G ... ... ... ..T ..T ... ..T ..A ... ... ... ... ... ... ... ... ... ... ... ... ... ... ... ... ... ... ... ... ... ..C ... ... ... ..T ..T ... ... ..A ... A.. ..C ... ... ... ... ... ... ..T ... ..C ... ..C ... ... ... ... ... ... ... ... ... ... ..G ... ... ... ..C ... ... ... ... ... ... ... ... ... ... ..T ... ... ..A ... ... ... ... ... ..G C.. C.T ... ... ... ..G ..G ... ... ... ... ... ..T ..T C.A ... ... ... ... ... ... ... 
Ncas                            ... ... ... ... ... ..G ..G .G. CGT .GG C.. ..G ..G ... ... ..T ... ... ..A ..A ... ... ... ..C ... ... ..C ..T C.. ..T ..T ..T ..A ... ..A ..A ... ..C ..G .GC ... ... ... ... ... ... ... ... ... ..G ..T ..T ..A C.T GCC .CA ... ..T ..T ..T ..A ..T ..T ... ... ... ... G.. ... ... ... ..G ..G G.. ... ... ... ... ..T ..T G.A GCT A.. G.A ... ... ... ... .A. ... ... ..C ..T ... ATG ... ..A T.C ..A ..A ... ... ..T A.A ..A ... ... T.. T.A ..C T.. ..G T.A ... T.A T.A T.A ... ... ... ... ... ... ..G ..G ..G ... ... ..G ..G ..T ..T ..T ..T ..A C.A ..A ..A ..A ..A ... ..A ... ... ... ... ... ... AC. ..C ..C ... ... ... ..G T.T T.. T.T ... ... ..T ..T C.T ..T ..C ..T AG. ..C ..C ..A ..A ..C T.C ... ..T ... ..G ... ..G ..G ... ... ... ... ..T ..T A.. ..G ..T ..A A.A ..T ... ..G ..A ... ... ... ..T ..C ... G.C ..T ... ... ..A G.A ..A ... ... ..A ... ... ... C.. ... ... ..G ..G C.. ..G ..C ... ..G ..T ... ..T ..T ..A C.A ..A A.T ..A ..C ... ... 
Cgla                            ... ... ..G ..G C.C ... ..G ... ... .G. ..G ... ..G ... ..T ..T ..T .GT ..A ... ... ... ..C ... G.C ..C ... ..C TT. ..G ..T ..A ..G ... ..T ..G ..A ..C ..G ... ... ... ... ... ... ... ... ... ... ... ... ..T ... C.A GC. .C. ... ... ..T ..C G.A ..A G.G ... ... ..A ... G.A ... ... ..G ... ..G A.. ... ... TTC ... ... ..T G.A A.. GCT G.C ..C ... ..C ... T.T ... ..T ..C ... ..T T.T ... ..A AGC ... G.. G.. A.. ..T A.A ..A ..C ... ..G T.A ..T ..A T.A T.G ..A ... T.A T.G ... ... ..G ..G ..T ..T ACC ... ..G ..G ..C ..G ..T ... ..T ..T ..T ... C.A ..A ..A ..A ... ... ..A ... ... ..C ..G ... ... ..A ... ... ..C ... ... ... ..C ... AAT ..A ... ..T ..T C.A ... ..T ..T ..A ..G ..C ..C ... ..C ..A ..T ..T ..C ... ... ... ... ... ... ... ... ..G ..T ..T ..T ... ..A ... ..A .CT ... ..C ... ... ..T ..T ..C ... G.. ..C ..T AG. ..A G.T ..C ... ..A ... ..G ... A.T ..G C.T ..G ... ... C.. C.G .AT C.T ..G ... ... ..T ..T ..A C.. CAA C.C ... .A. ..C ... 
Agos                            ... ..G ..G GCG CGC ..G ..G CGC ..G .GG ... ..G .CT ... ..T ..T ..T ... ... ... ..C ..C ..C ... G.G T.G ..C ..G CTC ... ... ..A ..G GTA ..C ..C ... ..G ..C .GC ... ... ..G C.C C.G C.T C.G ..G C.. C.G ... G.A ... C.T GAA TT. ..C ..T ... C.G G.G ..T C.G ... ... G.A ... GCG ..G ..G AGG ... ..G .GC ... ..G ..T ..G A.. ACT A.. GC. .C. ... ... ... ... ... T.G G.G ..T ..C ... ..T A.. ... ..A .A. ... G.A ..G ..C ..G ..C ..G ..C ... T.. T.G ... T.. A.G ..A ..G ... ..G T.G ..G ..G ... ..G ... ..C ..G ..G ..G ..G ..G ..G ..G ..T ... ..T ..T ..A C.. ... ... ... ... ... ..A ..A ..C ... ..C ... ... .GC ..C ..C ..C ..C ..C .GG AGC ..G T.G AGT ... ..A ..A C.A ... ... ..A A.G ..G ..A ..G ..G ..C .GG ..G ..T ..C ..A ..G ..A ..A ..C ... ... ..G ..G ..G .CC ..G ..G ..A ..A ..T .CC ... ..G ..C ..G CCT ..T ..C ..C G.C AG. ... A.G G.. G.. ... ..C AG. ..C ... ... C.. ..G C.G ..G ... C.G C.C C.G ..G C.G C.C ... ..T GCG ... C.. GCT C.. ..A ... GCG ..C ... 
Klac                            ..G ... ..G ..G ... ..G ..G .GG ... .G. ..G ... GCT ... ... ... ... ... ... ..A ..C ... ... ..C G.. GTG ... ... TTG ..T ..T G.T ..A GTA ..T ... ... ..G ... ..A ... ... ... ... ... C.T ... ... ... ... ... ... ..A C.T GAA TT. ... ..C ... T.G T.G ..A C.. ... ... G.G ..C T.A ... TCC ... ..G A.T G.G ... ... ..C ... ATG A.T A.A AT. GCC A.C ... ..C ..C ... AGT ..T ... ..T ... ..T A.. ..T ..T AAC ..T ..A ..A ..T A.A A.A A.. ... ... T.G T.G ..A T.. A.G T.A T.A T.A ..A T.G ... ... ..G ... ... A.T TTC ... ... ..G ... ... ..G ..T ..T ..T ... ..A C.. ..A ... ... ..A ..A ..A ..A ... ... ... ..C ... ACA ... ... ... ..C ... .GT T.. ... C.A T.T ..T ..A ..T C.T ... ..A ..T A.A ..C ... ... ..A ... ..A ..T ... ..A ... ... ... ... ... ... ... ..T ..G A.T ..T ... ... ..A ... ..T ..A ..C ..C ... ... ..T ..T ... ..C G.. ..G ..C ..T G.. ..G ..T ..C AG. ..A ..G ... C.T C.. ... C.. ..G C.. C.T ..G ..G ..G C.. ..T ... A.G ..T ..A G.A A.. ... C.C CA. ..C ... 
Calb                            CGT ... ... .CT ... ... ..G .G. ... ... .GT ... C.. ... ... ..T ..T ... G.A ..A .G. ..C ... ... TCA GGT ..T ..T GAC ..T ... ..T ..A .GT ..A ..C T.. ..A ... T.. ... ..G ... ... ... ... ... ... ... ... ..T C.A ..A .AA TC. CAA ... ... ..T ..T ..T ..T T.A ... T.A ..G ..G .CA ..G ..G ..G .TC ... GT. ... ... ACT A.. GC. A.. ATT G.T GGC AGT ..A ..C ... ... AAC ..T ... ... ... ..T GAG ..A ..A AAT ..A A.. ... A.. ..T A.A A.A A.A A.A ..T TG. GC. A.. T.G T.A ACA T.G T.A ..C CTG ... ... ... ..T ..C ... ... ... ... ... ..G ... ..T .GT ..T ..G ..A TGC ..T ..A ... ..A ..A ..A ..A ..C ..C ... ... ... A.G A.. ... ... ... ... ..T AGT T.G C.T ATG ... ..T ..T C.A ... ..A ..A ATG T.G ... T.A T.C ..A CT. ... ..A ..A ... ... ..A ... ..C ..G ... A.. ..T A.T A.T ..T ..T ..A .AA .GC A.T ... ..A ... ... ... ..T A.. .TC ... AAC ..C ..T ..A A.T ..A G.. ..A ..A ..C ... ..G A.G ..G ..G ..G ..G ..G ..G ... ... ... ... ..T ..T ..T ..A G.A ... ... ... C.A ... ..G 

    1    2    1    2    1    3    1    2    2    2    2    2    1    2    2
    3    1    2    1    2    1    2    1    1    1    1    1    1    2    4
    1    3    1    1    1    2    1    1    1    1    3    3    2    3    4
    1    1    1    1    2    1    1    1    1    1    1    3    2    2    1
    1    1    1    3    1    1    3    1    4    1    1    1    2    3    1
    1    1    4    1    2    1    2    1    1    4    1    1    1    1    3
    1    1    1    3    2    2    1    1    1    1    1    1    1    1    1
    1    1    2    3    1    1    2    2    1    1    2    2    1   10    1
    4    1    2    1    4    3    1    1    2    2    3    1    1    1    4
    1    1    2    2    1    2    1    1    2    1    2    2    2    1    3
    1    4    3    5    2    1    1    1    1    1    3    1    2    1    1
    1    1    2    2    1    1    1    2    1    1    1    2    1    1    2
    1    2    2    2    2    2    1    1    2    1    1    2    1    1    2
    5    2    2    1    1    2    1    1    2    2    1    1    1    1    1
    1    1    1    2    1    2    1    2    1    2    1    1    3    3    2
    1    2    2    2    1    2    3    2    3    3    1

CODONML (in paml version 4.9j, February 2020)  temp.nuc
Model: One dN/dS ratio, 
Codon frequency model: Fequal
ns =   9  ls = 394

Codon usage in sequences
--------------------------------------------------------------------------------------------------------------------------------------
Phe TTT   7   1   6  11  10   5 | Ser TCT   4   4   6   6   6   7 | Tyr TAT   3   3   3   3   3   9 | Cys TGT   0   0   0   0   0   0
    TTC   7  13   8   3   5   7 |     TCC   4   3   2   2   5   2 |     TAC   3   3   3   3   3   1 |     TGC   0   0   0   0   0   0
Leu TTA  19  11  10  11  26  14 |     TCA   4   1   3   5   6   2 | *** TAA   0   0   0   0   0   0 | *** TGA   0   0   0   0   0   0
    TTG  10  15  18  14   8  11 |     TCG   1   3   2   0   0   1 |     TAG   0   0   0   0   0   0 | Trp TGG   1   1   1   1   1   1
--------------------------------------------------------------------------------------------------------------------------------------
Leu CTT  10   4   4  10   1   7 | Pro CCT   2   7   4   2   4   4 | His CAT   7   9   9   5  10   4 | Arg CGT   4   5   4   5   6   2
    CTC   3   4   5   3   1   3 |     CCC   3   4   2   3   3   3 |     CAC   3   1   1   5   0   7 |     CGC   1   0   1   0   0   1
    CTA   2  10   4   5   4   4 |     CCA  12   8  11   9  12   7 | Gln CAA  19  15  16  17  17  15 |     CGA   1   1   1   1   2   2
    CTG   2   2   5   3   2   4 |     CCG   2   0   2   5   0   1 |     CAG   5   8   6   7   3   3 |     CGG   0   0   0   0   0   0
--------------------------------------------------------------------------------------------------------------------------------------
Ile ATT   5   6   6   5  14   7 | Thr ACT   6  11  11   7  11   4 | Asn AAT   6   5   6   2   8  11 | Ser AGT   5   6   5   5   6   6
    ATC   3   2   2   3   0   1 |     ACC   5   7   3   7   3   5 |     AAC  10  11  12  14   8   3 |     AGC   2   2   1   1   1   4
    ATA   5   6   5   5   3   4 |     ACA  10   4   9   9   6   5 | Lys AAA  22  20  24  18  10  16 | Arg AGA  21  19  21  21  23  25
Met ATG   4   4   5   4   6   4 |     ACG   1   0   1   1   1   8 |     AAG   3   5   1   7   8  11 |     AGG   2   4   2   2   4   1
--------------------------------------------------------------------------------------------------------------------------------------
Val GTT  10   9  12   9  16  12 | Ala GCT  10  10  11  11   8  13 | Asp GAT  26  19  26  31  27  26 | Gly GGT  11  10  10   9   7  13
    GTC   4   4   4   4   0   4 |     GCC  10  11   8   9  10   7 |     GAC   6  13   6   1   4  11 |     GGC   1   2   2   3   0   1
    GTA   7   3   6   7   5   7 |     GCA   4   3   3   4   3   8 | Glu GAA  33  42  37  36  37  23 |     GGA   1   1   1   1   1   0
    GTG   4   8   3   5   3   4 |     GCG   2   3   2   1   2   2 |     GAG  15   7  11  12  15  21 |     GGG   1   1   1   1   6   0
--------------------------------------------------------------------------------------------------------------------------------------

--------------------------------------------------------------------------------------
Phe TTT   3   6   8 | Ser TCT   1   4   5 | Tyr TAT   1   4   1 | Cys TGT   0   0   0
    TTC   7   5   4 |     TCC   2   4   4 |     TAC   3   2   2 |     TGC   0   0   4
Leu TTA   7   9  15 |     TCA   2   2   7 | *** TAA   0   0   0 | *** TGA   0   0   0
    TTG  11  22  22 |     TCG   4   3   3 |     TAG   0   0   0 | Trp TGG   1   1   1
--------------------------------------------------------------------------------------
Leu CTT   1   4   4 | Pro CCT   6  13   8 | His CAT   8   8   2 | Arg CGT   3   5   2
    CTC   7   3   3 |     CCC   3   0   0 |     CAC   0   3   1 |     CGC  12   0   0
    CTA   4   9   3 |     CCA   4   5   9 | Gln CAA   2  11  10 |     CGA   1   0   1
    CTG  17   0   1 |     CCG   3   0   0 |     CAG  15   2   6 |     CGG   9   0   0
--------------------------------------------------------------------------------------
Ile ATT   6   2  10 | Thr ACT   4  10  15 | Asn AAT   7   9  11 | Ser AGT   2   6  10
    ATC   0   5   0 |     ACC   5   0   2 |     AAC   9  14  12 |     AGC   6   2   0
    ATA   2   3   4 |     ACA  10   8   6 | Lys AAA   3  10  20 | Arg AGA   7  25  26
Met ATG   6  13  11 |     ACG   6   1   0 |     AAG  15  11   2 |     AGG   7   2   3
--------------------------------------------------------------------------------------
Val GTT   3  12  13 | Ala GCT   1  11   9 | Asp GAT  10  26  27 | Gly GGT   5  14   9
    GTC   5   6   0 |     GCC   8   5   3 |     GAC  23   6   7 |     GGC   3   1   4
    GTA   4   4   7 |     GCA   8   9   3 | Glu GAA   9  37  40 |     GGA   6   1   4
    GTG  14   5   0 |     GCG  19   0   1 |     GAG  38  11   7 |     GGG   6   0   2
--------------------------------------------------------------------------------------

Codon position x base (3x4) table for each sequence.

#1: Scer           
position  1:    T:0.15990    C:0.19289    A:0.27919    G:0.36802
position  2:    T:0.25888    C:0.20305    A:0.40863    G:0.12944
position  3:    T:0.29442    C:0.16497    A:0.40609    G:0.13452
Average         T:0.23773    C:0.18697    A:0.36464    G:0.21066

#2: Sbay           
position  1:    T:0.14721    C:0.19797    A:0.28426    G:0.37056
position  2:    T:0.25888    C:0.20051    A:0.40863    G:0.13198
position  3:    T:0.27665    C:0.20305    A:0.36548    G:0.15482
Average         T:0.22758    C:0.20051    A:0.35279    G:0.21912

#3: Smik           
position  1:    T:0.15736    C:0.19036    A:0.28934    G:0.36294
position  2:    T:0.26142    C:0.20305    A:0.40863    G:0.12690
position  3:    T:0.31218    C:0.15228    A:0.38325    G:0.15228
Average         T:0.24365    C:0.18190    A:0.36041    G:0.21404

#4: Spar           
position  1:    T:0.14975    C:0.20305    A:0.28173    G:0.36548
position  2:    T:0.25888    C:0.20558    A:0.40863    G:0.12690
position  3:    T:0.30711    C:0.15482    A:0.37817    G:0.15990
Average         T:0.23858    C:0.18782    A:0.35618    G:0.21743

#5: Ncas           
position  1:    T:0.18528    C:0.16497    A:0.28426    G:0.36548
position  2:    T:0.26396    C:0.20305    A:0.38832    G:0.14467
position  3:    T:0.34772    C:0.10914    A:0.39340    G:0.14975
Average         T:0.26565    C:0.15905    A:0.35533    G:0.21997

#6: Cgla           
position  1:    T:0.15228    C:0.17005    A:0.29188    G:0.38579
position  2:    T:0.24873    C:0.20051    A:0.40863    G:0.14213
position  3:    T:0.32995    C:0.15228    A:0.33503    G:0.18274
Average         T:0.24365    C:0.17428    A:0.34518    G:0.23689

#7: Agos           
position  1:    T:0.10660    C:0.24112    A:0.24112    G:0.41117
position  2:    T:0.24619    C:0.21827    A:0.36294    G:0.17259
position  3:    T:0.15482    C:0.23604    A:0.17513    G:0.43401
Average         T:0.16920    C:0.23181    A:0.25973    G:0.33926

#8: Klac           
position  1:    T:0.15736    C:0.15990    A:0.30711    G:0.37563
position  2:    T:0.27411    C:0.19036    A:0.39086    G:0.14467
position  3:    T:0.34010    C:0.14213    A:0.33756    G:0.18020
Average         T:0.25719    C:0.16413    A:0.34518    G:0.23350

#9: Calb           
position  1:    T:0.19289    C:0.12690    A:0.33503    G:0.34518
position  2:    T:0.26650    C:0.19036    A:0.37563    G:0.16751
position  3:    T:0.34010    C:0.11675    A:0.39340    G:0.14975
Average         T:0.26650    C:0.14467    A:0.36802    G:0.22081

Sums of codon usage counts
------------------------------------------------------------------------------
Phe F TTT      57 | Ser S TCT      43 | Tyr Y TAT      30 | Cys C TGT       0
      TTC      59 |       TCC      28 |       TAC      23 |       TGC       4
Leu L TTA     122 |       TCA      32 | *** * TAA       0 | *** * TGA       0
      TTG     131 |       TCG      17 |       TAG       0 | Trp W TGG       9
------------------------------------------------------------------------------
Leu L CTT      45 | Pro P CCT      50 | His H CAT      62 | Arg R CGT      36
      CTC      32 |       CCC      21 |       CAC      21 |       CGC      15
      CTA      45 |       CCA      77 | Gln Q CAA     122 |       CGA      10
      CTG      36 |       CCG      13 |       CAG      55 |       CGG       9
------------------------------------------------------------------------------
Ile I ATT      61 | Thr T ACT      79 | Asn N AAT      65 | Ser S AGT      51
      ATC      16 |       ACC      37 |       AAC      93 |       AGC      19
      ATA      37 |       ACA      67 | Lys K AAA     143 | Arg R AGA     188
Met M ATG      57 |       ACG      19 |       AAG      63 |       AGG      27
------------------------------------------------------------------------------
Val V GTT      96 | Ala A GCT      84 | Asp D GAT     218 | Gly G GGT      88
      GTC      31 |       GCC      71 |       GAC      77 |       GGC      17
      GTA      50 |       GCA      45 | Glu E GAA     294 |       GGA      16
      GTG      46 |       GCG      32 |       GAG     137 |       GGG      18
------------------------------------------------------------------------------


Codon position x base (3x4) table, overall

position  1:    T:0.15651    C:0.18302    A:0.28821    G:0.37225
position  2:    T:0.25973    C:0.20164    A:0.39566    G:0.14298
position  3:    T:0.30034    C:0.15905    A:0.35195    G:0.18866
Average         T:0.23886    C:0.18124    A:0.34527    G:0.23463

Codon frequencies under model, for use in evolver (TTT TTC TTA TTG ... GGG):
  0.01639344  0.01639344  0.01639344  0.01639344
  0.01639344  0.01639344  0.01639344  0.01639344
  0.01639344  0.01639344  0.00000000  0.00000000
  0.01639344  0.01639344  0.00000000  0.01639344
  0.01639344  0.01639344  0.01639344  0.01639344
  0.01639344  0.01639344  0.01639344  0.01639344
  0.01639344  0.01639344  0.01639344  0.01639344
  0.01639344  0.01639344  0.01639344  0.01639344
  0.01639344  0.01639344  0.01639344  0.01639344
  0.01639344  0.01639344  0.01639344  0.01639344
  0.01639344  0.01639344  0.01639344  0.01639344
  0.01639344  0.01639344  0.01639344  0.01639344
  0.01639344  0.01639344  0.01639344  0.01639344
  0.01639344  0.01639344  0.01639344  0.01639344
  0.01639344  0.01639344  0.01639344  0.01639344
  0.01639344  0.01639344  0.01639344  0.01639344


TREE #  1:  (((((1, 4), (3, 2)), 5), 6), ((7, 8), 9));   MP score: 1201
This is a rooted tree.  Please check!
lnL(ntime: 16  np: 18):  -6365.556177      +0.000000
  10..11   11..12   12..13   13..14   14..1    14..4    13..15   15..3    15..2    12..5    11..6    10..16   16..17   17..7    17..8    16..9  
 0.099247 0.162369 0.599798 0.080156 0.140561 0.132488 0.010168 0.116558 0.349108 0.522751 0.912523 0.119911 0.388861 1.840723 0.740553 2.304647 1.819764 0.049912

Note: Branch length is defined as number of nucleotide substitutions per codon (not per neucleotide site).

tree length =  8.520421

(((((1: 0.140561, 4: 0.132488): 0.080156, (3: 0.116558, 2: 0.349108): 0.010168): 0.599798, 5: 0.522751): 0.162369, 6: 0.912523): 0.099247, ((7: 1.840723, 8: 0.740553): 0.388861, 9: 2.304647): 0.119911);

(((((Scer: 0.140561, Spar: 0.132488): 0.080156, (Smik: 0.116558, Sbay: 0.349108): 0.010168): 0.599798, Ncas: 0.522751): 0.162369, Cgla: 0.912523): 0.099247, ((Agos: 1.840723, Klac: 0.740553): 0.388861, Calb: 2.304647): 0.119911);

Detailed output identifying parameters

kappa (ts/tv) =  1.81976

omega (dN/dS) =  0.04991

dN & dS for each branch

 branch          t       N       S   dN/dS      dN      dS  N*dN  S*dS

  10..11     0.099   856.9   325.1  0.0499  0.0053  0.1063   4.5  34.6
  11..12     0.162   856.9   325.1  0.0499  0.0087  0.1739   7.4  56.5
  12..13     0.600   856.9   325.1  0.0499  0.0321  0.6423  27.5 208.8
  13..14     0.080   856.9   325.1  0.0499  0.0043  0.0858   3.7  27.9
  14..1      0.141   856.9   325.1  0.0499  0.0075  0.1505   6.4  48.9
  14..4      0.132   856.9   325.1  0.0499  0.0071  0.1419   6.1  46.1
  13..15     0.010   856.9   325.1  0.0499  0.0005  0.0109   0.5   3.5
  15..3      0.117   856.9   325.1  0.0499  0.0062  0.1248   5.3  40.6
  15..2      0.349   856.9   325.1  0.0499  0.0187  0.3739  16.0 121.6
  12..5      0.523   856.9   325.1  0.0499  0.0279  0.5598  23.9 182.0
  11..6      0.913   856.9   325.1  0.0499  0.0488  0.9773  41.8 317.7
  10..16     0.120   856.9   325.1  0.0499  0.0064  0.1284   5.5  41.8
  16..17     0.389   856.9   325.1  0.0499  0.0208  0.4164  17.8 135.4
  17..7      1.841   856.9   325.1  0.0499  0.0984  1.9713  84.3 640.9
  17..8      0.741   856.9   325.1  0.0499  0.0396  0.7931  33.9 257.9
  16..9      2.305   856.9   325.1  0.0499  0.1232  2.4681 105.6 802.5

tree length for dN:       0.4554
tree length for dS:       9.1248


Time used:  0:11
