      9   1182

Scer                            GTT AAG GTC CTA AAA GCT AAC TAT ATC TAC CCT CCT ACG ATC CCA CAG ACC GAA AGA GAG GGC GGC GAT GAA CTT GAA ATT TTA GTT GAT GAT TCT AGA GAA AAT GAT TCC AGA GGT GTA GGT GAT AGA GAA GAA GAT ACC GAT ATT TCT CAA TTT TAC AAG CCT CCT AGA TTC AAC ACA ACA ATC GGT TAT AGA GAA GGT AGA CTG TTA GAT CGT TAC GAT GAA AAA GCT TAT AAG GGT TTC ATC AAA GTT AAC GGT TTG AAC GAA TTG ACA AAT TTG AAG GTC AGA CGT AAC TTG AAC TAC GAA AAC GAA GAA GCT ATC ACT AAA AGA CAG TTG ACA ATC TAT AAC TGC AGA GTA AAC CCA AGA GTT TTT GTC GAT ATC AAC ACT GCG GTC GGA TTA CAA ATG ACT GAT GAA CCA GAT ACT GAA CAC GGC GAA TAT TTC GTT TTG TAT AGA CAT TCT TAC CCA AAG CCA AGA TTA ATA GAC CAT AGA GGT CAT AGG TTC ATC GAA GAA GCC GCT CGT AAG AAT GAC GAT AAC GAT ATC GAT ATT GGA TCC TAT GCG ACT AGA GTT GAA GGT ATG ATC GTC ACG GAA CAA ATC GAA TTA CAT AAG TTT GAA GAT AAT ATC TTG GAA ATT ACA GAT ACT ACA GAG TTT AGA AGC AAA TTA GAA GTC TAC GAT GCC TAC TTT AGA TTC AAC AAG AAG CCT TGT AAA CAG GAA AAC GTC AAC TAC CAA AAC ACC AAC TTG TTA AAC GGT GCT TGG ACG AAA GGA TCC CGT TTT CGT CAA TTA ACC AGA GTA TTA AGT GTT CGT GGT AAC AAT AAC GTC CAG ATC GAT GAA GAA TTG ACG AAC GAA GAT AGA GTT CCA GCC ATG GCG GGT CGG ACG ACT GTC GGT CGT AAG GCT GAC AAT CCT ATT GGT ATC TTA ATG TCA AAG CAT ACG TTA AAG AAA AGA ATA GTT GCA ATT ATT GTT AAC TAT GTT TAC TTG AAT AAA TAT GTC ACC CAA ATC GAA GAT CAA AGA TTT CCT AGA TTC AGG TTG GGT ACG ATT GAT GCC GAT AAT GCT GTT ATC ACT ATC AAG GTT AAC TTG GGT CAA TCT GAA GAT CCT AAA CAA CAT ATT ATG CAT GGT GCC AAA ATC GAT CCT GGT GAT ATA GAT ACT CAT CAA ATT GAG GAT ATC TCT CAA CAA TGG TTA GCT AGT GAA 
Sbay                            GTC AAA ATC CTG AAG GCT AAC TAT ATC TAT CCT CCA ACA ATT CCA CAA ACC GAA AGA GAA GGT GGC GAC CAA CTT GAA ATT TTA GTC GAC GAT TCC AGA GAA AAC GAT TCC AGA GGT GTA GGT GAT AGA CAA GAA GAC ACT GAT ATT TCT CAA TTC TAC ACC CCT CCG AGG TTT AAT ACA ACG ATC GGT TAC AGA GAA GGT AGA CTG CTA GAC CGT TAC GAC GAA AAA GCT TAT AAG GGT TTC ATA AAA GTT AAC GGT TTG AAC GAA TTG ACC AAC TTG AAA ATC AGA CGT AAC TTG AAT TAT GAA AAC GAA GAA GCT ATC ACT AAA AGA CAA TTA ACG GCT TAC AAC TGC AGG GTA AAC CCA AGG GTT TTC ATC GAC ATT AAT ACT GCA GTT GGA TTA CAA ATG ACT GAC GAA CCA GAT ACT CAA CAC GGT GAA TAT TTC GTT TTG TAT AGA CAC TCC TAC CCA AAA CCA AGG TTA GTC GAC CAT AGG GGT CAT AGA TTC ATC GAA GAA GCT GCC CGT AAG AAT GAC GAC AAT GAT ATC GAC GTG GGG TCT TAT GCG ACC AGA GTC GAA GGT ATG ATT GTC ACA GAA AAA ATC GAA TTG CAT AAG TTC CAA GAC AAT ATA TTG GAA GTG ACA GAC ACT ACG GAG TTT AGA AGT GAA CTG CAA GTT TAC GAC GCT TAT TTC AGG TTC AAC AAA AAG CCA TGT GAA CAA GAA AAC ATC AAC TAC CAA AAC ACC AAT TTG CTA AAC GGT GCT TGG ACA AAG GGG TCC CGT TTC CGT CAA CTG ACC AGA GTC CTG AGT GTC CGT GGT AAC AAC AAC GTT CAA ATA GAT GAA GAA TTG ACA AAC GAA GAT AGG GTT CCA GCT ATG GCG GGT CGA ACA ACT GTC GGT CGT AAG GCT GAC AAT CCA ATT GGT ATA TTG ATG TCA AAG CAC ACA CTA AAA AAA AGA ATA GTC GCA GTT ATT GTC AAC TAC GTC TAC TTG AAT AAG TAC GTC ACT CAA ATA GAA GAC CAA AGA TTT CCT AGG TTT AGA TTG GGT ACA GTG GAT GCC GAC GAC GCT GTC GCT ACT ATT AAG GTC AAC TTG GGT CAA TCC GAA GAT CCC AAA CAA CAT ATT ATG CAT GGT GCT AAA GCT GAT CCC GGT GAC GTC GAC ACT CAT CAA ATT GAG GAT ATA TCC CAA CAA TGG TTA AGC AGC GAA 
Smik                            GTC AAA GTT CTG AAA GCT AAC TAT ATC TAT CCT CCA ACG ATC CCA CAA ACC GAA AGA GAG GGT GGT GAC CAA CTT GAA ATC TTA GTT GAT GAT CCA AGA GAA AAC GAT TCC AGA GGT GTA GGT GAT AGA CAA GAA GAT ACT GAT ATC TCT CAA TTT TAC ACT CCT CCA AGA TTC AAT ACA ACG ATT GGT TAT AGA GAA GGT AGA TTA TTG GAT CGT TAC GAT GAA AAA GCT TAT AAG GGT TTT ATT AAA GTT AAC GGT TTG AAT GAA TTG ACC AAC TTG AAA GTT AGA CGT AAC CTG AAC TAT GAG AAC GAA GAA GCT ATC ACC AAA AGA CAA CTG ACG GTC TAT AAC TGT AGA GTA AAC CCA AGA GTT TTT GTT GAT ATT AAC ACC GCC GTT GGA TTA CAA ATG ACT GAC GAA CCA GAT ACT CAA CAC GGT GAA TAT TTC GTT TTG TAT AGA CAT CCA TAT CCA AAA CCA AGA TTA ATG GAC CAT AGA GGT CAT AGA TTT ATC GAA GAA GCT GCC CGT AAG AAT GAA AAC AAC GAT ATC GAC GTT GGA TCC TAC GCG ACT AGA GTC GAA GGT ATG ATC GTC ACG GAA CAA ATC GAA TTG CAT AAG TTT CAA GAT AAT ATC TTA GAA ATT ACA GAC ACT ACG GAA TTT AGA AGT GAA TTG CAA GTT TAT GAC GCT TAC TTT AGA TTC AAC AAG AAG CCA TGT GAA CAA GAA AAC GTT AAC TAC CAA AAC ACT AAC TTG TTA AAC GGT GCC TGG TCG AAG GGA TCT CGT TTT CGT CAA TTG ACC AGA GTG TTG AGT GTT CGT GGT AAC AAC AAC GTC CAA ATC GAT GAA GAA TTG ACG AAC GAA GAT AGA GTT CCA GCT ATG GCG GGC CGA TCG ACC GTT GGT CGT AAG GCT GAA AAC CCA ATT GGT ATC TTG ATG ACT AAG CAT ACG CTA AAG AAA AGA ATA GTC GCA ATT ATC GTT AAT TAT GTT TAC TTG AAT AAA TAT GTC ACT CAA ATC GAA AAC CAA AGA TTT CCT AGA TTC AGA TTG GGT TCG ATT GAT GCG GAT GAT GCC GTT GTC ACC ATT AAG GTT AAT TTG GGT CAA TCC GAA GAT CCT AAA CAA CAT ATT ATG CAT GGT GCT AAG GTC GAT CCT GGT GAT ATG GAT ACT CAT CAG ATC GAA GAT ATC TCC CAA CAA TGG TTA AAC AGC GAA 
Spar                            GTG AAG GTT CTA AAA GCT AAC TAC ATC TAC CCC CCT ACA ATC CCA CAG ACC GAA AGA GAG GGC GGC GAT CAA CTT GAA ATC TTA GTT GAT GAT TCT AGA GAA AAT GAT TCC AGA GGT GTA GGT GAT AGA CAA GAA GAT ACT GAT ATT TCC CAA TTT TAC ACA CCT CCT AGA TTC AAC ACA ACA ATA GGT TAT AGA GAA GGT AGG TTG CTA GAT CGT TAC GAT GAA AAA GCT TAT AAG GGT TTC ATT AAA GTT AAC GGT TTG AAT GAA TTG ACC AAT TTG AAG GTT AGA CGT AAC TTG AAC TAC GAA AAC GAA GAA GCT ATC ACT AAA AGA CAG TTG ACA GTC TAT AAC TGT AGA GTA AAC CCA AGA GTA TTT GTT GAT ATC AAC ACT GCA GTC GGA TTA CAG ATG ACT GAC GAA CCA GAT ACC CAA CAC GGC GAA TAT TTC GTT TTG TAT AGG CAC TCT TAC CCA AAG CCA AGA TTA ATA GAC CAT AGA GGT CAT AGA TTC ATC GAA GAA GCC GCC CGT AAA AAT GAC GAC AAT GAT ATC GAT GTT GGT TCC TAT GCG ACT AGG GTT GAA GGT ATG ATC GTC ACA GAA CAA ATC GAA TTG CAT AAG TTT CAA GAT AAT ATC TTA GAA ATT ACA GAC ACC ACA GAG TTT AGA AGT GAA TTA CAA GTC TAC GAC GCT TAC TTT AGA TTC AAC AAG AAG CCT TGT AAA CAA GAA AAC GTT AAC TAC CAA AAC ACG AAT TTG TTA AAC GGT GCC TGG ACA AAA GGT TCC CGT TTT CGT CAA TTA ACC AGA GTA TTA AGT GTT CGT GGT AAC AAC AAC GTC CAA ATC GAT GAA GAT TTG ACG AAC GAA GAT AGA GTT CCA GCC ATG GCG GGT CGG ACA ACT GTC GGT CGT AAG GCT GAC AAT CCT ATT GGT ATC TTG ATG TCA AAG CAC ACA TTG AAG AAA AGA ATA GTG GCC ATA ATT GTT AAT TAT GTT TAC TTG AAT AAA TAT GTT ACT CAA ATC GAA GAC CAA AGA TTT CCT AGA TTC AGA TTG GGT ACA ATT GAT GCT GAT AAC GCC GTT GTC ACT ATC AAG GTT AAT TTG GGT CAG TCC GAA GAT CCT AAA CAA CAT ATT ATG CAT GGT GCT AAA GTC GAT CCT GGT GAT ATA GAT ACC CAT CAA ATC GAA GAT ATC TCC CAA CAA TGG TTA GCC AGC GAA 
Ncas                            GTG AAG GTT TTA AAG GCT AAC TAT TTA TAC CCT CCC ACC ATC CCA CAA ACC GAA AGA GAG GGT GGA GAT CAA CTC GAA ATC TTG GTT GAT GAT TCA AGA GAA AAT GAT TCC AAT GGT GTG GGT GAC AGA CAA GAA GAT ACT AAT ATT TCT CAA TTC TAT ACA CCT CCA AAG TTC AAT ACT ACG ATC GGT TAT AGA GAA GGT AGA TTG CTA GAT CGT TAT GAT GAA AAG GCT TAT AAG GGT TAC ATC AAA GTC AAT GGG TTG AAC GAA TTG ACA AAT TTA AAG GTT AGA CGT AAC CTG AAC TAT GAA AAC GAA GAA GCT TTA ACT AAA AGA CAA CTC ACG ATC TAT AAC TGT AGA GTG AAT CCA ACA GTT TTC GTT GAT ATC AAC ACC GCC GTA GGA TTG CAA ATG ACC AAC GAA CCA GAT ACC CAA CAC GGT GAA TAT TTC GTT TTG TAT AGA CAT TCA TAC CCT AAG CCA ACA CTA CCA GAA AGG ACA GGT CAT AGA TAC ATC GAA GAA GCT GCT CGT AAG AAC GAA GAT AAC GAT TTA ACA GTG GGG TCA TAC GCA ACT AGA GTC GAA GGG TTA ATC GTC ACC GAA AAG TTA GAA TTG CAT AAG TTT CAA GAT AAC ATA TTG GAA ATA ACT AAC ACC ACG GAG TTT AGA AGT GAA TTG CAA GTA TAC AAC GCA TAC TTC AAG TTT AAT AAG AAG CCC TGT GAA CAA GAA AAC GTT AAT TTC CAA AAC ACC AAC TTA TTG AAC GGT GCA TGG ACA AGT GGG TCT CGT TTC CGT CAA TTG ACC AGA GTA TTG TGT GTT CGT GGT AAC AAC AAC GTC CAA ATA GAT GAA GAA TTG GAA AAC GAA GAT ATG GTT CCA GCT ATG GCA GGC CGA ACA ACT GTC GGG CGT AAA GCC GAA AAT CCC ATT GGT ATA TTG TTA AGT AAG CAT ACC CTA AAG AAA AGA GTC GTG GCA ATA ATT GTT AAC TAT GTT TAT TTG AAC AAG TAT GTG ACT CAA ATC GAA GAT CAA AGA TTT CCT AGA TTC AGA TTG GGG ACA ATA GAC GCT GAT GAC GCA GTT ATC ACT ATC AAA GTT AAC TTG GGG CAA TCC GAA GAT CCG AAG CAA AGG ATC ATG AGG GGT GCA AAA ATC GAC CCG GGG GAT CCA GAT ACC CAC CAG ATC GAA AAT ATA TCT CAA CAA TGG TTG CCC AGT GAA 
Cgla                            GTC AAG ATC CTA AAA GCT AAC TAC TTG TAT CCC CCC ACT ATT CCA CAA ACT GAA AGA GAA GGT GGA GAT CAA TTG GAG ATC TTG GTG GAT GAT CCA CGC GAA AAA GAT TCA AGA GGT GTT GGT GAT AGA CAA GAG GAT ACT GAT ATC GCA CAA TTT TAC ACC CCA CCA AAA TTT AAC ACT ACA ATC GGT TAC AGA GAG GGT AGA CTG TTG GAT CGT TAC GAT GAA AAA GCT TAT AAG GGT TTC ATT AAG GTC AGC GGT TTG AAT GAA TTG ATG AAA TTG AAA ATC AGA CGT AAC CTG AAT TAC GAG AAC GAG GAG GCA TTG ACC AAG AGA CAA TTA ACA ATC TAC AAC TGC AGA GTT AAC CCA AGT GTG TTT ATC GAT ATC AAT ACC GCC GTC GGC TTG CAA ATG ACT GAT GAG CCA GAT ACC CAA CAC GGT GAA TAT TTT GTT TTG TAC AGA CAC CCA TAC CCC AAG CCT AGT CTA TTA ACC CAT AGT GGT CAC AGA TTC ATT GAG GAA GCT GCT CGT AAG AAT GAC GAC AAC GAT TTG TCT ATT GGG TCT TAC GCA ACC AGA GTC GAA GGT ATG ATT GTT ACT GAA AAA TTG GAA TTG CAC AAT TTT CAA GAT AAT ATT TTG GAA ATA ACT GAT ACC ACA GAA TTT AGA AGC GAA TTG CAA GTC TAC GAT GCC TAC TTT AAA TTC AGC AAG AAG CCC TGT AAG CAG GAG AAC ATC AGC CAC CAA AAC ACT AAC TTG TTG AAC GGT GCT TGG ACA CAA GGG TCC CGT TTT CGT CAA TTG ACT AGA GTT TTG TGC GTG CGT GGT AAC AAC AAC GTT CAG ATT GAC GAA GAG TTG CAA AAC GAG GAC CCA GTT CCA GCT ATG GCA GGA GTC ACA ACC GTG GGT CGT AAG GCT GAC AAC CCC ATT GGT ATT TTG ATG ACC AAT CAC ACT TTA AAG AAA AGA GTA GTC GCA TTG ATC GTG AAT TAT GTG TAC TTG AAT AAA TAC ATT ACT CAA ATC GAG GAC CAA AGA TTT CCA AGA TTC AGA TTG GGT ACA ATA GAC GCT GAT GAA GCT GTG ATC ACC ATC AAG GTG AAT TTG GGT CAA TCT GAA GAT CCG AAA CAA CAT ATC ATG CAT GGT GCC AAG ATC GAT CCG GGT GAT TTA GAT ACC CAC CAA ATC GAG GAT ATT TCC CAA CAA TGG TTG CCT AGT GAG 
Agos                            GTT AAG GTA CTA AAG GCC AAC TAC CGG TAT CCT CCG ACG ATT CCG CAA ACC GAG AGA GAC GGC GGG GAC CAG CTG GAA ATC TTG GTC GAC GAT CCA CGC GAG CAC GAT GCC CGG GGC GTC GGT GAT AGA CAG GAG GAC ACG GAT ATC GGT CAA TTC TAC ACC CCG CCT AAG TTC AAC ACG TCT ATT GGT TAT CGC GAG GGG AGA TTG TTG GAC CGT TAC GAC GAG CGC GCC TAC AAG GGT TTC ATC AAG GTG TCG GGT TTG AAT GAA TTG ACA CAC TTG AAG GTA AGA CGT AAC CTC AAT TAC GAG AAC GAG GAG ACA CGG ACT AAG AGA CAA CTT TCT GTG TAT AAC TGC AGA GTC AAC CCT AGA GTC TTC GTA GAC ATC AAT ACC GCC GTC GGC TTG CAG ATG ACG GAC GAG CCG GAC ACC CAG CAC GGC GAG TAC TTC GTT TTG TAC AGA CAC CCA TTT CCG AAG CCC AGA TTG ATT GAT TAT AGA GGT CAT CGG TTC ATC GAG GAG GCG GCT AGA AAG AAC GAC GAC AAC GAT CGG AGC ATC GGC TCT TAC GCG ACG AGA GTC GAG GGT TTG ATT GTC ACG GAG AAA CGG GAG TTG CAT TCT TTT CAG GAC AAC ATA TTG GAG GTC ACG GAC ACC TCT GAG TTT CGT AGT GAG TTG CAG GTC TAC GAC GCC TAC TTC AAG TTC TCG AAG AAG CCG TGC AGC CAG GAG AAC GTA TCG TAC CGC AAC ACG AAC TTG CTC AAC GGT GCC TGG ACG AAG GGC TCG CGT TTC CGT CAG TTG ACC CGC GTT TTG TCC GTT CGT GGT AAC AAC AAC GTG CAG ATA GAC GAA GAG TTG GAA AAC GAG GAC CGA GTT CCG GCG ATG GCG GGG CGT ACG ACT GTG GGT AGA AAG GCC GAC AAC CCG ATC GGC ATA TTG TTG ACC TCT CAC ACG CTG AAG AAG CGG GTC GTT GCT ATC ATC GTC AAT TAC GTT TAC TTG AAC AAG TAT ACT ACG CAG ATC GAG GAC CAA AGA TTT CCG CGG TTC CGG TTG GGT ACG GTC GAC GCT GAC GAC GCC GTC GTG ACT ATC AAA GTC AAT TTG GGT CAG TCC GAG GAT CCG CGC CAG TAT ATC ATG TAT GGC GCC AAG GTG GAT CCG GGT GAC ATT GAC ACC CAC CAG ATC GAG GAT ATA TCT CAA CAG TGG TTG CAC AAC GAG 
Klac                            GTT AAG ATT CTA AAG GCC AAC TAC CTC TAC CCA CCA AGT ATC CCA CAG ACC GAA AGA GAA GGT GGA GAT CAA TTA GAA ATC TTG GTA GAT GAT CCA AGA GAA AAC GAT GCA AGA GGT GTT GGT GAT AGA CAA GAA GAC ACT GAC ATT TCT CAA TTC TAC ACC CCT CCA AAA TTC AAC ACT TCG ATC GGT TAT AGA GAA GGT CGA TTG TTG GAC AGA TAT GAT GAA AGA GCT TAT AAG GGT TTT ATA AAG GTT TCC GGT TTG AAT GAA TTG ATA AAC TTG AAA ATT AGA CGT AAC CTT AAC TAC GAA AAC GAA GAA GCT CTC ACT AAG AGA CAG ATA TCG GTT TAT AAC TGT AGA GTT AAC CCA AGA GTC TTC ATT GAT ATT AAC ACC GCC GTT AAC TTG CAA ATG ACC GAT GAA CCA GAT ACT CAA CAC GGT GAA TAT TTC GTT TTG TAC CGA CAC CCA TAC CCT AAG CCA AGA TTA GTT GAA CAT AGA GGT CAT AGA TTT ATT GAA GAA GCT GCC CGT AAG AAC GAT GAC AAC GAT CTC GGC ATA GGA TCT TAC GCT ACT CGA GTC GAA GGT ATG ATC GTC AGT GAA AAG CTC GAA TTG CAT AAA TTC CAA GAC AAC ATC TTG GAA GTA ACT GAT ACT TCG GAA TTC AGA AGT GAA TTG CAA GTT TAC GAT GCA TAT TTC AAA TTC TCC AAG AAA CCA TGT TCT CAA GAA AAC ATT TCC TAC CAA AAC ACC AAC CTA TTG AAC GGT GCT TGG ACT AAG GGA TCC AGG TTC CGT CAA TTG ACC AGA GTT TTG CGA GTT AGG GGT AAC AAC AAC GTT CAA ATC GAT GAA GAA TTG GAA AAC GAA GAT CCA GTT CCA GCT ATG GCT GGC TGT ACT ACT GTT GGT CGT AAA GCT GAT AAC CCA ATC GGT ATC TTG ATG ACT AAA CAC AGT TTG AAG AAG AGA ATC GTT GCT ATC ATT GTA AAT TAT GTT TAC TTG AAC AAG TAT ATT ACT CAA ATC GAA GAC CAA AGA TTC CCT AGA TTC AGA TTG GGT ACT GTA GAT GCA GAT GAA GCT GTA GTT ACT ATT AAA GTA AAT TTG GGT CAA TCT GAA GAT CCT AGA CAA CAT ATC ATG CAT GGT GCA AAG GTT GAT CCT GGT GAC GTT GAT ACT CAT CAA ATC GAA GAC ATC TCC CAA CAA TGG TTG GCA AAC GAA 
Calb                            CCA AAG GTT TTG AAA GTT AAC TAC TTA TAT GTG CCA TCC ATT CCA CAA ACC GAG AGA GAC GGT GGA GAG GTC GTG GAA TTG TTA GCT GAT GTC CCA AGA GAC AAC GAT GCT CGG GGG AGT GGT GAT AGA GTC GAA GAT ACT GAT ATT TCA CAG TTT TAT ACC CCT CCA AAA TTC TCT ACC AAT ATC GGG TAC AGA GAA GGT AAA TTG TTG GAT AGA TAC GAT GAA CGT GCT TAC AAA GGT TTT GCT AAA GTT TCC GGT TTG AAT GAA TTA ATC AAC TGT AAG GTT AGA AGA AAC TTG AAC TAC GAA AAC GAA GAA GCC TTA TCA AAA AGA CAA ATA AAT GTC TAC AAC GCT AGA AGT AAT CCA AAA GTC TTT GTT GAT ATT AAC ACC GCT GTT AGT TTA CAA ATG ACT GAT GAA CCA GAT ACT GTC CAC GGT GAA TAC TTC GTT TTA TAT AAA CAA CCA TAC CCA AAG CCC AAA CTC AAC AGC AAT AAA GGT CTT AGA TTT ATT GAA GAA GCT GCT CGT AAG TGT GAC GAT AAC GAT TTA GCA TTT GGG TCT TAC GCT ACT AAA GTT GAA GGT TTA ATT GTT TCC GAA AAA TTA GAA TTG CTT AAA TTT GTC GAT TGT ATC TTG GAA ATT ACC GAT ACT AAT GAA TTC AGA GCT GAA TTG GTC GTT TAC GAT GCT TAC TTT AAA TTC TCC AAG CAA CCA ACA AAC CAA GAA AAC GTT TCC CAC CAA AAC ACC AAC TTG TTG AAC GGT GCT TGG AAG AAA GGG TCA AAG TTT AGA CAA TTG ACC AGA GTT TTG ACA GTT AAG GGT AAC AAC AAC GTT CAA ATC GAC GAG GAA TTA GAA AAC GAA GAC ATG GTT CCA GCT ATG GCT TCT CTA AAG TCA GTC GGT CGT AAA GCC GAC AAT CCA ATT GGG ATC TTG TTA ACA AAA CAA TCC GAA AAA AAA AGA TAT CCA GCT ATT ATT GCT AAT TAC GTT TAC TTA TGT AAA TAC TTG ACT CAA ATC GAA GAT CAA AGA TTT CCT AGA TTC AGA TTA GGT AAG ATT GAC GCT GAC GAA GCT GCT GTC TCA ATT AAA GCT AAT TTA GGT CAA TCT GAA GAT CCC CGT CAA AAT ATC ATG AAT GGT GCT AAA GTC TCT CCC GGT GAT AAC GAT ACT CAC CAA TTG GAA GAT ATC TCC CAA CAA TGG TTA GTT CAA GAA 



Printing out site pattern counts


         9        690  P

Scer                            AAA AAA AAA AAA AAA AAA AAA AAA AAC AAC AAC AAC AAC AAC AAC AAG AAG AAG AAG AAG AAG AAG AAG AAG AAG AAG AAT AAT AAT AAT AAT ACA ACA ACA ACC ACC ACC ACG ACG ACG ACT ACT ACT ACT ACT AGA AGA AGA AGA AGA AGA AGA AGA AGA AGA AGA AGA AGC AGG AGT AGT ATA ATA ATC ATC ATC ATC ATC ATC ATC ATC ATC ATG ATG ATT ATT ATT ATT ATT ATT ATT CAA CAA CAA CAA CAA CAA CAA CAC CAG CAG CAT CAT CAT CAT CCA CCA CCA CCA CCT CCT CCT CCT CCT CGG CGT CGT CGT CGT CTA CTG CTT GAA GAA GAA GAA GAA GAA GAA GAA GAA GAA GAC GAC GAG GAG GAG GAT GAT GAT GAT GAT GAT GAT GAT GAT GAT GAT GAT GAT GAT GAT GCA GCC GCC GCC GCG GCG GCT GCT GCT GCT GCT GCT GCT GGA GGA GGC GGC GGT GGT GGT GGT GGT GGT GGT GTA GTA GTC GTC GTC GTC GTC GTC GTT GTT GTT GTT GTT GTT GTT TAC TAC TAC TAC TAC TAC TAC TAC TAC TAT TAT TAT TAT TAT TAT TCA TCC TCC TCC TCT TCT TCT TCT TGC TGG TGT TTA TTA TTA TTA TTA TTA TTA TTC TTC TTC TTC TTC TTG TTG TTG TTG TTG TTG TTG TTT TTT TTT TTT 
Sbay                            ... ... ... ... ..G ..G G.. G.. ... ... ... ... ..T ..T ..T ..A ..A ..A ..A ... ... ... ... ... ... .CC ..C ..C ... ... G.C ... ..C ..G ... ... ..T ..A ..A ..A ..C ... ... ... ... ... ... ... ... ... ... ... ..G ..G ..G ..G ..G ..T ..A ..C ... ... G.C ..A ..A ..A ... ... ... ..T ..T GCT ... ... ... ... ... ... G.G G.G G.. A.. ... ... ... ... ... ... ... ..A ..A ..C ... ... ... ... ... ... ... ..A ..C ..G ... ... ..A ... ... ... ... ..G ... ... C.. ... ... ... ... ... ... ... ... ... ... ... ..A ... ... ..C ..C ..C ..C ..C ..C ..C ... ... ... ... ... ... ... ... ... ... ..T ..T ..A ... AGC ..C ... ... ... ... ... ... ..G ... ..T ... ... ... ... ... ... ... ... ..C A.. ... ... ... ..T ..T ..C ..C ..C ..C ... ... ... ... ... ... ... ... ... ..T ..T ..T ..C ..C ... ... ... ... ... ... ... ..T ..C ..C ..C ... ... ... ... C.. C.. C.. C.G ... ... ..G ... ... ... ..T ..T ..A ... ... ... ... ... ... ..C ..C ... ... 
Smik                            ... ... ... ..G ... ..G G.. G.. ... ... ... ..T ... ... ..T ..A ..A ... ... ... ... ... ... ... ... .CT ..C ..C ..C ... G.. ... ..C ..G ... ..T ..T ... ... T.. ... ..C ..C ... ... ... ... ... ... ... ... ... ... ... ... ... ... ..T ..A ..C ... ... ..G ... ... ..T ... ... ..T ... ..T G.. ... ... ..C ..C ... ... ... G.. ... ... ... ... ... ... ... ..G ... ..A ..A ... ... ... ... ... ... ... ... ..A ... ..A ... ... ..A ... ... ... ... ..G T.A ... C.. ... ... ... ... ... ... ... ... ..G ..A ... ... ..A ..A A.C ..C ..C ..C ... ... ... ... ... ... ... ... ... ... ... ... ..G ..T ..T ..C ... AAC ..C ..C ... ... ... ... ... ... ..T ..T ..C ... ... ... ... ... ... ... ..G ..T ... ... ..T ... ..T ..C ..C ... ... ... ... ... ... ... ... ... ..T ..T ... ..T ..T ... ... ..C ... ... ... A.T ... ..T ... C.A ..C ..C ... ..T ... ... C.. ... ..G ..G ... ... ..G ... ... ..T ... ... C.. C.. ..A ... ... ... ... ... ... ... ... 
Spar                            ... ... ... ... ... ... ... G.. ... ... ... ..T ... ..T ... ... ... ... ... ..A ... ... ... ... ... .CA ..C ... ... ... ..C ... ..C ... ... ..G ..T ..A ... ..A ... ... ... ..C ... ... ... ... ... ... ... ..G ... ... ... ... ... ..T ..A ..C ... ... ... ... ... ..T ... ... ..A ... ... G.. ... ... ..C ... ... ... ... G.. ..A ... ... ... ... ... ..G ... ... ..A ... ..C ... ... ... ... ... ... ... ... ... ... ..C ... ... ... ... ... ... ... T.. ... C.. ... ... ... ... ... ... ... ..T ... ... ... ... ..A ... ..C ..C ... ... ... ... ... ... ... ... ... ... ... ... ... ..C ..T ... ..T ..A ... ..C ..C ..C ... ... ... ... ... ..T ... ... ... ... ... ... ... ... ... ... ... ..T ... ..T ... ... ... ..G ... ... ... ..A ... ... ... ... ... ... ... ... ... ... ... ... ... ... ..C ... ... ... ... ... ... ... ..C ..C ..C ..T ... ... ..G ... C.. ... ... ... ..G ... ... ... ... ... ... ... ..A ... ... ... ... ... ... ... ... 
Ncas                            ... ... ..G ... ..G .GT G.. G.. ... ..T ..T ... ... ... ..T ... ... ... ... ... ..A ..A ... ... ... .CA ..C ... ... ..C G.C ..T ... ..G ... ... ..T ..C GAA ..A ... ..C ... ..C ..C .AT ... ... ... ... ... ... .AG .C. ... ... .TG ..T ..A ... T.. G.C CC. ..A ... ... ... T.A ... ... ... ... ... T.A ..C ... ..C ... ..A G.G ..A A.G ... ... ... ... ... ..G ... ..A ..A ... AGG ..C ... ... ... ... ..T ..C ..G ..A ... ... ..A ... ... ... ... T.. T.. ..C C.. ... ... ... ... ... ... ... ... ... ..A ..A ... ..A ... ... A.C ACA ... ... ... ... A.. ..C ..C ..C ... ... ... ... ... ..T ..T ..A ..C ..A C.C ... ..A ..C ... ... ... ... ..G ..A ..T ..C ..G ... ... ... ... ... ..G ... ..T ... ..G ... ... ..A ..G ..C ... ... ... ..C ... ..T ..T ..T .T. ... ... ... ... ..T ... ... ..C ... ... ... AGT ... ..T ..A ..A ..C ... ... ..T ... ... C.. ..G C.. ..G C.. ..G ..G ... ..T .A. ... ... C.C C.. ... ..A ..A ... ... ..C ... ... ... 
Cgla                            ... ..G ... ..G ... C.. ..G G.. ... ... .G. ..T ..T ... ... ..A ... ... ... ... ... ... ... ... ..T .CC ..C ..A ..C ... G.A ..T .TG ... ..T ..T ..T ..T CAA ..A ..C ..C ..C ..C ... ... ... ... ... ... C.C ... .A. ..T ... ... CC. ... ..A ... T.C G.. T.. ..T ... ..T ..T T.G ... ..T ... ... ... ... ..C ..C ..C ... ..A ... T.G A.. ... ... ... ... ... ... ... ... ..A ..C ... ..C ..C ... ... ..T ..C ..C ..G ..A ..C ..A GTC ... ... ... ... ... ... T.G C.. ... ... ... ... ... ..G ..G ..G ..G ... AC. ..A ... ..A ..C ... TC. ... ... ... ... ... ..C ... ... ..C ... ... ... ... ..T ..T ... ..C ..A C.. ... ... ... ..A ... ... ..C ..G ..A ..T ..A ... ... ... ... ... ... ..T ..T A.. ..T A.T ..G ..T ... ..C ..C ..G ..G ..G ..C ... ... ... ... C.. ... ... ... ..T ... ..C ... ..C ..C ..C ... A.C ..A ... ..T C.A ... ..C G.A ... ... ... ... ..G ..G ..G C.. ..G ..G ..T ... ... ... ..T ..A C.. ... ... ... ... ... ... ... ... ... 
Agos                            ..G ..G CGC ..G ..G ..G .GC G.G ... ... TCG ..T ..T ... ... ... ... ... ... ... ..A ... ... ... TCT .CC ..C C.C ..C ..C G.C ..G ... T.T ... ..G ..G ... GAA ... ..G ..C ... ..C ..G C.G ... C.C C.G C.T C.C ... .AG ... ... C.G C.. ..T C.. .AC TCC G.C ..T ..A ... ... ... CGG ..T ..T ... G.G ... T.. ..C ..C ..C ..C G.C ..C ..C A.. ... ... ..G .GC ..G ..G ... ... ..A ..C T.. ..C ... ..G ..T ..C ..G ..G ..G ... ... ..G ..T A.A ... ... ... ... T.. ..G C.G ... ... ..G ..G ..G ... ..G ..G ..G ... ..T ..C ... ... ..C ..C AGC ..C ..C ..C ..C ... ..C ... ... ..C ..C ... ... ..T ..T ..G ... ..C ... CAC ... ..C ..C A.A ..C ..C ..C ..C ..G ... ..G ... ..C ..C ..G ... ... ..C ..T ..A ... ACT ..G ..G ... ... ..C ..C ... ..C ..G ... ... ... ... ... ... .TT ... ..T ... ... ..C ..C ..C ..C ..C A.C G.. ..G ..T C.A ..C ... GG. ... ... ..C C.G C.C ..G ..G ..G ..G ..G ... ... ... ... ... C.T C.C ... ... ... ... ... ..C ... ... ... 
Klac                            ..G ..G .G. ..G ..G ..G TCT G.. ... ... TC. ..T ... ... ... ..A ... ... ... ... ..A ..A ..A ... ..A .CC ..C ..C ..C ..C G.A ..T .T. T.G ... ... ..T .GT GAA ..T ... ..C ... ... ..C ... ... ... ... ... ... C.. .A. ... ... ... CC. ..T ..A .AC C.A ..C G.T ... ... ..A ..T C.. ... ... ..T G.T ... ... ..C ... ..C ..C G.A ..A ..C A.G ... ... ... ... ... ... ... ..A ... ..C ... ... ... ... ... ... ..T ..A ... ..A ..A ... T.T ... A.A A.G ... ... T.. T.A C.. ... ... ... ... ... ... ... ... ... ..T ..A ..A ..A ..A ..C ... .GC ... ..C ... ... ..C ... ... ... ... ... ... ... ..T ..A ..T ..A ..C ..T ..A ..C ... ... ... ..C ... AAC ... ..A ..T ..C ... ... ... ... ... ... ..T ..T A.T ... A.T ..T ..T ..T ... ..C ..A ... ..C ... ... ... ... ..T ... ... ... ..T ... ... ... ... ..C ..C ..C ... A.T G.A ... ..T C.A ... ..C ... ..T ... ... ..G ..G ..G ..G ... ..G ..G ... ... ..T ... ... A.A C.T ... C.A ... ... ... ..C ..C ..C ..C 
Calb                            ... ... CGT ... ... ... ..C G.. ... ..T TC. ..T ... ... TCT ... ... ..A ... ... ..A ..A C.A ..A ..A .CC ..C ..C ... TG. G.A ..C .TC .AT ... ... ..T T.C GAA .A. ... ..C T.A ... ... C.G ... ... ... ... ... .A. .A. .A. ... ... .TG GCT ..A CAA .CA TAT .AC ... ... GCT ..T T.A ... ..T ..T G.. ... T.A T.G ... ..C ... ... T.. ... A.. ... ..G ... ... ... ... ... ..A ..A ..A A.. ..C .T. ... ... ..C ... ..A ..C ..A GTG ... .TA ... A.A AAG A.A T.G T.. G.G .TC ... ..G ... ..C ..G ... ... ... ... ... AG. ..C ..A ..A ... ... .CA ..G ... ..C ... ... ..C ... TC. ..C ... ... .TC ..T ..T ..T ..T ..T ..T .T. ... ... ..C ..C .T. ... A.T ..G ..A ..T TC. ... ..G ... ... ..G ... AGT ..T ..T ..T T.G ... ..T ..T CCA ... .C. ... ..C ... ... ... ..T ... C.. ... ... ... ..T ... ..C ..C ..C ..C ... ..C A.. G.T ..A ..T C.A ... ..C ..A GCT ... ACA GA. ..G ..G ..G C.C ... ..G ... ... ..T ... ... A.A ... ... ... .GT ..A ... ... ... ..C ... 

    1    2    2    1    2    1    1    1   10    1    3    3    2    2    1
    1    2    1    1    1    1    1    1    1    2    1    1    2    1    3
    1    2    1    3    2    1    2    3    1    3    1    1    3    3    1
    1    5    2    1    1    1    3    2    3    1    1    1    1    2    1
    1    1    2    4    1    1    1    4    1    2    2    3    3    2    2
    2    1    1    2    1    1    1    2    1    4    1    2    1    1    2
    2    2    3    1    2    3    1    1    1    3    2    1    1    2    1
    2    1    2    2    1    1    1    5    1    1    8    1    1    1   10
    1    1    2    1    1    1    1    2    3    1    1    4    1    4    2
    1    1    1    2    1    3    1    1    1    2    2    1    2    1    1
    2    1    1    1    1    1    2    1    2    1    6    2    1    1    1
    5    2    1    4    1    1    1    1    2    2    1    4    2    1    1
    2    1    1    1    1    1    1    1    1    1    3    1    1    1    1
    2    1    1    1    1    2    1    1    1    1    2    1    1    1    1
    3    1    3    2    1    1    2    1    1    1    1    1    1    1    6
    1    4    1    1    1

CODONML (in paml version 4.9j, February 2020)  temp.nuc
Model: One dN/dS ratio, 
Codon frequency model: Fequal
ns =   9  ls = 394

Codon usage in sequences
--------------------------------------------------------------------------------------------------------------------------------------
Phe TTT   7   4   9   7   4   9 | Ser TCT   5   2   2   2   3   3 | Tyr TAT   9   8  12   8  12   4 | Cys TGT   1   1   2   2   3   1
    TTC   6   9   4   6   8   4 |     TCC   3   6   4   6   2   2 |     TAC   9  10   6  10   7  13 |     TGC   1   1   0   0   0   2
Leu TTA  12   5   7   9   9   4 |     TCA   1   1   0   1   3   1 | *** TAA   0   0   0   0   0   0 | *** TGA   0   0   0   0   0   0
    TTG  12  13  15  15  18  26 |     TCG   0   0   3   0   0   0 |     TAG   0   0   0   0   0   0 | Trp TGG   2   2   2   2   2   2
--------------------------------------------------------------------------------------------------------------------------------------
Leu CTT   1   1   1   1   0   0 | Pro CCT   9   3   5   8   4   2 | His CAT   8   6   8   6   4   3 | Arg CGT   7   7   7   7   7   7
    CTC   0   0   0   0   2   0 |     CCC   0   2   0   1   4   5 |     CAC   1   3   1   3   2   7 |     CGC   0   0   0   0   0   1
    CTA   1   3   1   2   3   2 |     CCA   6   9  12   6   8  10 | Gln CAA  12  20  20  17  19  20 |     CGA   0   1   1   0   1   0
    CTG   1   5   3   0   1   2 |     CCG   0   1   0   0   2   2 |     CAG   4   0   1   4   1   2 |     CGG   1   0   0   1   0   0
--------------------------------------------------------------------------------------------------------------------------------------
Ile ATT  10  10   9   7   3  11 | Thr ACT   9  10  10   8   8  11 | Asn AAT   8   9   7  11  11  10 | Ser AGT   2   2   2   2   4   4
    ATC  19  10  16  16  14  16 |     ACC   5   6   7   6  11  11 |     AAC  22  20  25  19  24  16 |     AGC   1   2   1   1   0   4
    ATA   3   7   1   5   7   2 |     ACA   6   9   2  12   9   6 | Lys AAA  11  12  10  11   6  11 | Arg AGA  22  16  24  21  17  17
Met ATG   5   5   7   5   4   6 |     ACG   7   3   7   2   3   0 |     AAG  13  10  11  11  17  13 |     AGG   2   8   0   3   3   0
--------------------------------------------------------------------------------------------------------------------------------------
Val GTT  13   8  18  16  13   7 | Ala GCT   8  13   8   7   7   9 | Asp GAT  28  12  22  24  19  22 | Gly GGT  17  19  19  19  12  18
    GTC  10  15   9   8   6   7 |     GCC   5   2   4   7   2   3 |     GAC   3  20   6   8   4   7 |     GGC   3   1   1   3   1   1
    GTA   3   2   2   4   3   1 |     GCA   1   2   1   1   7   5 | Glu GAA  30  28  30  26  32  16 |     GGA   3   1   3   1   2   2
    GTG   0   3   1   2   6   8 |     GCG   3   2   3   2   0   0 |     GAG   3   2   2   2   2  14 |     GGG   0   2   0   0   8   2
--------------------------------------------------------------------------------------------------------------------------------------

--------------------------------------------------------------------------------------
Phe TTT   4   2   9 | Ser TCT   7   4   5 | Tyr TAT   7   8   4 | Cys TGT   0   3   4
    TTC  10  11   5 |     TCC   2   5   7 |     TAC  13  10  14 |     TGC   2   0   0
Leu TTA   0   2  15 |     TCA   0   0   5 | *** TAA   0   0   0 | *** TGA   0   0   0
    TTG  23  21  16 |     TCG   4   3   0 |     TAG   0   0   0 | Trp TGG   2   2   2
--------------------------------------------------------------------------------------
Leu CTT   1   1   2 | Pro CCT   3   5   2 | His CAT   2   6   0 | Arg CGT   7   4   4
    CTC   2   4   1 |     CCC   1   0   3 |     CAC   7   3   3 |     CGC   6   0   0
    CTA   1   2   1 |     CCA   2  13  13 | Gln CAA   5  18  18 |     CGA   1   4   0
    CTG   2   0   0 |     CCG  11   0   0 |     CAG  14   2   1 |     CGG   9   0   1
--------------------------------------------------------------------------------------
Ile ATT   5  10  11 | Thr ACT   4  15   7 | Asn AAT   5   3  11 | Ser AGT   1   4   3
    ATC  13  14   8 |     ACC   8   6   7 |     AAC  20  25  20 |     AGC   2   0   1
    ATA   4   4   1 |     ACA   2   0   3 | Lys AAA   2   8  22 | Arg AGA  14  21  17
Met ATG   3   5   4 |     ACG  13   0   0 |     AAG  18  14  10 |     AGG   0   2   0
--------------------------------------------------------------------------------------
Val GTT   7  19  17 | Ala GCT   3  10  21 | Asp GAT   9  21  20 | Gly GGT  13  18  15
    GTC  14   3  11 |     GCC   9   3   2 |     GAC  23   8   8 |     GGC   8   2   0
    GTA   4   6   0 |     GCA   0   5   1 | Glu GAA   4  32  28 |     GGA   0   3   1
    GTG   6   0   2 |     GCG   4   0   0 |     GAG  25   0   3 |     GGG   3   0   5
--------------------------------------------------------------------------------------

Codon position x base (3x4) table for each sequence.

#1: Scer           
position  1:    T:0.17259    C:0.12944    A:0.36802    G:0.32995
position  2:    T:0.26142    C:0.17259    A:0.40863    G:0.15736
position  3:    T:0.36041    C:0.22335    A:0.28173    G:0.13452
Average         T:0.26481    C:0.17513    A:0.35279    G:0.20728

#2: Sbay           
position  1:    T:0.15736    C:0.15482    A:0.35279    G:0.33503
position  2:    T:0.25381    C:0.18020    A:0.40609    G:0.15990
position  3:    T:0.29188    C:0.27157    A:0.29442    G:0.14213
Average         T:0.23435    C:0.20220    A:0.35110    G:0.21235

#3: Smik           
position  1:    T:0.16751    C:0.15228    A:0.35279    G:0.32741
position  2:    T:0.26142    C:0.17259    A:0.40863    G:0.15736
position  3:    T:0.35787    C:0.21320    A:0.28934    G:0.13959
Average         T:0.26227    C:0.17936    A:0.35025    G:0.20812

#4: Spar           
position  1:    T:0.17259    C:0.14213    A:0.35533    G:0.32995
position  2:    T:0.26142    C:0.17513    A:0.40609    G:0.15736
position  3:    T:0.34264    C:0.23858    A:0.29442    G:0.12437
Average         T:0.25888    C:0.18528    A:0.35195    G:0.20389

#5: Ncas           
position  1:    T:0.18020    C:0.14721    A:0.35787    G:0.31472
position  2:    T:0.25635    C:0.18528    A:0.40609    G:0.15228
position  3:    T:0.28934    C:0.22081    A:0.31980    G:0.17005
Average         T:0.24196    C:0.18443    A:0.36125    G:0.21235

#6: Cgla           
position  1:    T:0.18020    C:0.15990    A:0.35025    G:0.30964
position  2:    T:0.26650    C:0.17766    A:0.40102    G:0.15482
position  3:    T:0.30711    C:0.25127    A:0.24619    G:0.19543
Average         T:0.25127    C:0.19628    A:0.33249    G:0.21997

#7: Agos           
position  1:    T:0.18782    C:0.18782    A:0.28934    G:0.33503
position  2:    T:0.25127    C:0.18528    A:0.39086    G:0.17259
position  3:    T:0.19797    C:0.35533    A:0.09898    G:0.34772
Average         T:0.21235    C:0.24281    A:0.25973    G:0.28511

#8: Klac           
position  1:    T:0.18020    C:0.15736    A:0.33249    G:0.32995
position  2:    T:0.26396    C:0.17513    A:0.40102    G:0.15990
position  3:    T:0.33756    C:0.23858    A:0.29949    G:0.12437
Average         T:0.26058    C:0.19036    A:0.34433    G:0.20474

#9: Calb           
position  1:    T:0.21827    C:0.12437    A:0.31726    G:0.34010
position  2:    T:0.26142    C:0.19289    A:0.41117    G:0.13452
position  3:    T:0.34264    C:0.22843    A:0.31726    G:0.11168
Average         T:0.27411    C:0.18190    A:0.34856    G:0.19543

Sums of codon usage counts
------------------------------------------------------------------------------
Phe F TTT      55 | Ser S TCT      33 | Tyr Y TAT      72 | Cys C TGT      17
      TTC      63 |       TCC      37 |       TAC      92 |       TGC       6
Leu L TTA      63 |       TCA      12 | *** * TAA       0 | *** * TGA       0
      TTG     159 |       TCG      10 |       TAG       0 | Trp W TGG      18
------------------------------------------------------------------------------
Leu L CTT       8 | Pro P CCT      41 | His H CAT      43 | Arg R CGT      57
      CTC       9 |       CCC      16 |       CAC      30 |       CGC       7
      CTA      16 |       CCA      79 | Gln Q CAA     149 |       CGA       8
      CTG      14 |       CCG      16 |       CAG      29 |       CGG      12
------------------------------------------------------------------------------
Ile I ATT      76 | Thr T ACT      82 | Asn N AAT      75 | Ser S AGT      24
      ATC     126 |       ACC      67 |       AAC     191 |       AGC      12
      ATA      34 |       ACA      49 | Lys K AAA      93 | Arg R AGA     169
Met M ATG      44 |       ACG      35 |       AAG     117 |       AGG      18
------------------------------------------------------------------------------
Val V GTT     118 | Ala A GCT      86 | Asp D GAT     177 | Gly G GGT     150
      GTC      83 |       GCC      37 |       GAC      87 |       GGC      20
      GTA      25 |       GCA      23 | Glu E GAA     226 |       GGA      16
      GTG      28 |       GCG      14 |       GAG      53 |       GGG      20
------------------------------------------------------------------------------


Codon position x base (3x4) table, overall

position  1:    T:0.17964    C:0.15059    A:0.34179    G:0.32798
position  2:    T:0.25973    C:0.17964    A:0.40440    G:0.15623
position  3:    T:0.31416    C:0.24901    A:0.27129    G:0.16554
Average         T:0.25118    C:0.19308    A:0.33916    G:0.21658

Codon frequencies under model, for use in evolver (TTT TTC TTA TTG ... GGG):
  0.01639344  0.01639344  0.01639344  0.01639344
  0.01639344  0.01639344  0.01639344  0.01639344
  0.01639344  0.01639344  0.00000000  0.00000000
  0.01639344  0.01639344  0.00000000  0.01639344
  0.01639344  0.01639344  0.01639344  0.01639344
  0.01639344  0.01639344  0.01639344  0.01639344
  0.01639344  0.01639344  0.01639344  0.01639344
  0.01639344  0.01639344  0.01639344  0.01639344
  0.01639344  0.01639344  0.01639344  0.01639344
  0.01639344  0.01639344  0.01639344  0.01639344
  0.01639344  0.01639344  0.01639344  0.01639344
  0.01639344  0.01639344  0.01639344  0.01639344
  0.01639344  0.01639344  0.01639344  0.01639344
  0.01639344  0.01639344  0.01639344  0.01639344
  0.01639344  0.01639344  0.01639344  0.01639344
  0.01639344  0.01639344  0.01639344  0.01639344


TREE #  1:  (((((1, 4), (3, 2)), 5), 6), ((7, 8), 9));   MP score: 1029
This is a rooted tree.  Please check!
lnL(ntime: 16  np: 18):  -5874.350521      +0.000000
  10..11   11..12   12..13   13..14   14..1    14..4    13..15   15..3    15..2    12..5    11..6    10..16   16..17   17..7    17..8    16..9  
 0.047999 0.102516 0.172746 0.127479 0.183494 0.097800 0.021181 0.159588 0.393022 0.512423 0.529266 0.070792 0.074236 1.016233 0.299568 1.194521 2.074428 0.071749

Note: Branch length is defined as number of nucleotide substitutions per codon (not per neucleotide site).

tree length =  5.002863

(((((1: 0.183494, 4: 0.097800): 0.127479, (3: 0.159588, 2: 0.393022): 0.021181): 0.172746, 5: 0.512423): 0.102516, 6: 0.529266): 0.047999, ((7: 1.016233, 8: 0.299568): 0.074236, 9: 1.194521): 0.070792);

(((((Scer: 0.183494, Spar: 0.097800): 0.127479, (Smik: 0.159588, Sbay: 0.393022): 0.021181): 0.172746, Ncas: 0.512423): 0.102516, Cgla: 0.529266): 0.047999, ((Agos: 1.016233, Klac: 0.299568): 0.074236, Calb: 1.194521): 0.070792);

Detailed output identifying parameters

kappa (ts/tv) =  2.07443

omega (dN/dS) =  0.07175

dN & dS for each branch

 branch          t       N       S   dN/dS      dN      dS  N*dN  S*dS

  10..11     0.048   851.4   330.6  0.0717  0.0035  0.0483   2.9  16.0
  11..12     0.103   851.4   330.6  0.0717  0.0074  0.1031   6.3  34.1
  12..13     0.173   851.4   330.6  0.0717  0.0125  0.1738  10.6  57.4
  13..14     0.127   851.4   330.6  0.0717  0.0092  0.1282   7.8  42.4
  14..1      0.183   851.4   330.6  0.0717  0.0132  0.1846  11.3  61.0
  14..4      0.098   851.4   330.6  0.0717  0.0071  0.0984   6.0  32.5
  13..15     0.021   851.4   330.6  0.0717  0.0015  0.0213   1.3   7.0
  15..3      0.160   851.4   330.6  0.0717  0.0115  0.1605   9.8  53.1
  15..2      0.393   851.4   330.6  0.0717  0.0284  0.3953  24.1 130.7
  12..5      0.512   851.4   330.6  0.0717  0.0370  0.5154  31.5 170.4
  11..6      0.529   851.4   330.6  0.0717  0.0382  0.5324  32.5 176.0
  10..16     0.071   851.4   330.6  0.0717  0.0051  0.0712   4.3  23.5
  16..17     0.074   851.4   330.6  0.0717  0.0054  0.0747   4.6  24.7
  17..7      1.016   851.4   330.6  0.0717  0.0733  1.0222  62.4 338.0
  17..8      0.300   851.4   330.6  0.0717  0.0216  0.3013  18.4  99.6
  16..9      1.195   851.4   330.6  0.0717  0.0862  1.2016  73.4 397.2

tree length for dN:       0.3611
tree length for dS:       5.0323


Time used:  0:10
