      9   1182

Scer                            GAA CGA GGC CTT TTG GAA CCT AGA AAC AAT AGA CAA ACT AGA GTA AGT GAG AAT TTC ACT CCT GCC ATC ATA AAC TTG ATG TCA AGA AGA ACT CAC GAT CCT GAC AAG TCT AGA ACT TAC CAA TAC AAA CAG AAA ACC CAA GAA AGA AGA AGA CCA CAA ATA GAT AGA GCC CGT GAT TCC AGA GGG CGT GCT AGT AGA CCC GAG AGA AGT GGT GAA CAA CAA GAC TCC GCT TCC GTA TAT AAG GGA GGT ATG AGA GTA GTA GAT TTA AGT GAT TTG GAA AGA TTG GCC TCT CAT CAC GGT TCT TAT AAG TCT ACC AAT TGC GCA GCT TTG TTG CTT GGG GAA AAT ACT AGA CAC TCT GAA GAT TAT CAA TCA AGA AAG ACC CCA TTG GAT AAT AAA TTG TCC GGG GCC GGC ATG CAA TAT AAA GTT TTG CAT TGG CCT AGA AGG ACG CAC AGA GAT AAG GAA ACA CAG CCT GAT GAT GAC GCC CAA GAA GTC AGA AGA CAT AAT TGG GGC AGA TCT TAT GAC ACT AAA GCA GCT TCT GTA ATT AAA CCG TAT TCC AGA AGA AGG CTA GAA GAA TCA AAG ACT GAC AGG CAA GAT GCA AGG ATG ACT AAG TCC GGT AGA AAA AGT ATT CGT GCT CAT AGT AGA ACT GAA CAT AGG AGA TTC CCA AGT AGT AGA AAT ACT GCT GGG AGA CCA ACT CAC CAA AGC TAC AGA CAT CAC AAA GTA ACC CAA GAG TTT GAC CAA CCC GTT CCA CAA ACC TAC AGT GAA CAA TAT GAC CCT GAA CGA TCT TCC CAA GCT GGT AGA AGA CAT GTC GTA GAT CCT TGG ACT GTA AAA TTA AGT GTT TAT GTG TAT TTT AGG GCC GAT GAT TCC GAC TCC GAT CAC TCT GAA GCT AGA ACA TTG GAT GTT AAT AGA ATG ACC TCA AGT AGA TCC GTT GAA TCT GAG TTT AGA ACT GGT AAT TCC GAA ATG AAA GCT AGA CAA CGT AGA TGT CGT TCC CCT TCA CCC ATT TCA GGG GAC TTT TAC CCT TTT AAT ACA AGA GAG GAT GAC TCC ATG GGC GAC CCA TCC CCC TTG TAC AAG GAA AAT AAC ATT GAA GAT CTT AAT GGA GAC TCT AGA CTT GTT ATG GAT CCT GTT CAA AGA GAT AGA TCC AAG GAA GTA TTG GTG CAA TTG ACC TGG TTA ATG CAT GTC AAT ATG 
Sbay                            GAA CGA GGC CTT CTA GAG CCT AGA AAC AAT AGA CAA ACT AGA GTC AGT GAA AAT TTC ACT CCT GCC ATT ATA AAC CTA ATG TCG AGA AGA ACC CAC GAT CCC GAC AAA TCT AGA ACT TAT CAA TAC AAA CAA AAA ACC CAA GAA AGA AGA AGA CCA CAA ATA GAT AGA GCT CGT GAT TCT AGA GGG CGT GTC AGT AGA GCC GAG AGG AGT GGT GAA CAA CAA GAC TCC GCT TCC GTC TAC AAG GCA GGT ATG AAG GTA GTC GAT TTG AGT GAC CAA GAA AGA TTA GCT GCC CAT CAC GGT GCC TAC AAA TCG ACC AAT TGT GCC GCT TTG TTG CTT GGG GAG AAC ACT AGA CAC TCT GAG GAT TAT CAA TCG AGA ATA GAT CCA TTG GAT AAT AAG TTA TCT GGG GCC GGC ATG CAA TAC AAA GTC TTG CAT TGG CCT AGA AGA ACA CAC AGA GAC AAG GAA ACG CAA CCT GAT GAC GAC GCC CAA GAA GTG AGA AGA CAT AAC TGG GGC AGA GGT TAT GAC ACT AAA GCC GCC TCC GTA CTA AAA CCG TAT TCC AGA AGA AGG TTG GAA GAA TCG AAA ACT GAC AGA CAA GAT GCC AGG TTG ACC ATA TTC GGT AGG AAG AGT ATA CGT GCG CAT AGT AGA ACC GAA CAT AGA AGA TTC CCA AAC AGT AGA AAT ACT GCC GGG AGA CCA ACT CAC CAA AGC TAC AGA CAT CAC AAG GTA ACC CAA GAA TTC GAC CAA CCT GTC CCA CAA ACC TAC AGT GAA CAA TAC GAC CCT GAG CGA TCT TCT CAA GCC GGT AGA AGA CAT GTG GTA GAT CCA TGG ACT GTA AGA CTA AGT GTA TAC GTA TAC TTC AGG GCC GAT GAT TCC GAC TCT GAC CAC TCC GAA GCG AGA TCT CAA GAT GTT AAT AGA ATG ACC TCG AGT AGA TTC GTT GAA TCA GAG TTC AGA ACT GGT AAC TCT GAG ATG AAA GCA AGA CAA CGT AGA TGT CGT TCC CCT TCT CCT ATT TCT GGG GAC TTC TAC CCT TTC AAT ACG AGG GAA GAC GAC TCC TTG GGC GAT CCA TCC GCC TTG TAT AAG GAA AAC AAC CTA GAG GAT CTG AAT GCA GAC TCT AGA CTT GTC ATG GAT CCT GTT CAA AGA GAT AGA TCC AAA GAA GTA TTG GTG CAA TTA ACT TGG CTA ATG CAT GTG AAT ATG 
Smik                            GAG CGA GGC CTT TTA GAA CCT AGA AAC AAT AGA CAA ACT AGG GTA AGT GAG AAC TTC ACG CCT GCC ATT ATA AAC TTA ATG TCA AGG AGA ACC CAC GAT CCC GAC AAA TCT AGG ACT TAT CAA TAC AAA CAA AAA ACC CAA GAA AGA AGA AGA CCA CAA ATA GAT AGA CCC CGT GAT TCA AGA GGG CGT GCC AGT AGA CCC GAG AGG AGT GGT GAA CAA CAA GAC TCC GCC TCC GTA TAT AAG GAA GGT ATG AGA GTA GTC GAT TTA AGT GAC CTG GAA AGA TTG CCC TCA CAT CAT GGT TCA TAT AAA TCT ACT AAT TGT GCC GCC TTG TTG CTT GGG GAA AAT ACT AGA CAC TCT GAA GAT TAT CAA TCG AGA AAG ACT CCT TTG GAT AAT AAA TTG TCA GGG GCC GGC ATG CAA TAC AAA GTT TTG CAT TGG CCT AGA AGA ACG CAC AGA GAC AAG GAA ACA CAA CCT GAT GAC GAC GCC CAA GAA GTC AGA AGA CAT AAT TGG GGC AGA TCT TAT GAT ACT AAA GCC GCT TCT GTA ATT AAA CCG TAT TCA AGA AGA AGG TTG GAA GAG TCA AAA ACT GAC AGA CAA GAT GCA AGG ATG ACC AAG TCA GGT AGG AAA AGT ATT CGT GCC CAT AGT AGA ACC GAA CAT AGA AGA TTC CCA AGT AGT AGA AAT ACT GCT GGG AGA CCT ACT AAC CAG GGC TAC AGA CAT AAC AAA GTA ACT CAA GAG TTC GAC CAA CCC GTT CCT CAA ACC TAC AGT GAA CAA TAT GAC CCT GAG CGA TCT TCA CAA GCT GGT AGA AGA CAT GTC GTA GAT CCT TGG ACT GTA AAA CTA AGT GTT TAT GTA TAT TTC CGG GCC GAT GAT TCA GAC TCA GAC CAC TCC GAA GCC AGA TCC CTG GAT GTT AAT AGA ATG ACT TCA AGT AGG TCA GTT GAA TCT GAG TTC AGA ACG GGT AAC TCA GAG ATG AAG GCT AGA CAA CGT AGA TGT CGT TCC CCT TCA CCC ATT TCA GGG GAT TTC TAC CCT TTC AAT ACA AGG GAA GAT GAC TCC ATG GGC GAC CCA TCC CCC TTG TAT AAG GAA AAC AAC ATT GAA GAC CTC AAT GAA GAC TCT AGA CTT GTA ATG GAC CCT GTT CAA AGA GAT AGA TCA AAA GAA GTA TTG GTG CAA TTG ACT TGG CTA ATG CAT GTC AAC ATG 
Spar                            GAA AAA GGT CTT CTA GAA CCT AGA AAC AAT AGA CAA ACG AGA GTG AGT GAG AAC TTT ACT CCT GCC ATC ATC AAC TTA ATG TCA AGA AGG ACC CAC GAT ATA GAC AAG TCT AGA ACG TAT CAA TAC AAA CAA AAG ACG CAG GAA AGA AGA AGA CCA CAA ATC GAT AGA GCC CGT GAT TCC AGA GGG CGT GCC AGT AGA CCC GAA AGA AGT GGT GAA CAG CAA GAC TCC GCT TCC GTG TAT AAG GCA GGT ATG AAG GTA GTC GAT TTA AGT GAC TCG GAA AGA TTG GCC TCT CAT CAC GGT TCT TAT AAG TCC ACC AAT TGC GCC GCT TTG TTG CTT GGG GAA AAT ACA AGG CAC TCT GAA GAT TAT CAA TCC AGA AAG AGC CCA TTG GAT AAT AAA TTA TCC GGG GCC GGT ATG CAA TAC AAA GTT TTG CAT TGG CCT AGA AGG ACG CAC AGA GAC AAG GAA ACA CAA CCT GAT GAC GAC GCC CAA GAA GTT AGA AGA CAT AAT TGG GGT AGA TCC TAT GAT ACT AAG GCC GAT TCT GTA ATT AAA CCG TAT TCC AGA AGA AGG TTA GAA GAA TCA AAG ACG GAC AGG CAG GAT GCT AGG ATG ACT AAG TCA GGT AGA AAA AGT ATT CGT GCT CAT AGT AGA ACC GAA CAT AGG AGG TTT CCA AGT AGC AGA AAT ACT GAT GGG AGG CCA ACG CAC CAA GAG TAC AGA CAT CAC AAA GTA ACC CAA GAG TTC GAC CAA CCT GTT CCA CAA ACC TAC AGT GAA CAG TAT GAC CCT GAA AAA TCT TCC CAA GCT GGT AGA AGA CAT GTT GTA GAT CCA TGG ACT GTG AAA CTG AGT GTT TAT GTC TAT TTC AGG GCC GAT GAT TCT GAC TCC GAC CAC TCA GAA GCT AGA ACT TCG GAT GTT AAT AGA ATG ACC TCA AGC AGA TCA GTT GAA GCA GAA TTC AGA ACT GGT AAC TCC GAA ATG AAG GCT AGA CAA CGT AGA TGT CGT TCC CCC TCA CCT ATT TCA GGG GAT TTC TAC CCC TTC AAT ACA AGA GAG GAT GAC TCC ATG GGT GAC CCA TCC CCC TTG TAT AAG GAA AAC AAC ATT GAA GAT CTG AAT GCA GAC TCT AGA CTT GTT ATG GAT CCT GTT CAA AGA GAT AGA TCT AAG GAA GTG TTG GTG CAA TTG ACC TGG CTG ATG CAT GTT AAC ATG 
Ncas                            GAT AGG GGT CTT TTA GAA CCT AGA AAT AAT AGA CAA ACT AGA GTC ACT GAG AAT TTC ACC CCA GCT ATT ATA AAT TTA ATG TCA AGA AGA ACA CAT GAT GTT GAT AAA TCT AGA ACT TAT CAA TAC AAG CAA AAA ACT CAA GAA AGA AGA GCT CCA TCT ATA GAT AGA CCC CGT GAT CGT AGA GGG CGT GCC ACT AAG CCC GAA AGG AGT GGT GAA CAA CAA GAT TCT GCT TCT GTC TAC AAA GAG GGA ATG AGA GTA GTC AGT TTA AGT GAT GTA GAA AGA TTG CCC TTG CAT CAT GGC TTG TAT AAA TCC ACT AAT TGT GCT GCT TTA CTA TTA GGA GAA AAT ACC AGA CAT TCT GAA GAT TAT CAA TCA AAG AAA ACT CCA TTG AGT AAT AAG TTG CGT GGG TCC GGT ATG CAA TAC AAA GTC CTA CAT TGG CCA AGA AGA ACT CAT AGA GAT AAG GAA ACA CAA CCT GAT GAT GAT GCT CAA GAA GTT AGA AGA CAT AAT TGG GGT AAG TCC TAC GAT TCC AAA GCT CCT GAT GTA ATT AAG CCT TAT ACT AAA AGA AGA TTG GAA GAT TCA AAA ACT GAT AGA CAA GAT CAA AGA ATG AGA AAA TCC GGA AGG ACG AGT ATT CGT GCC CAT ACT AGA ACA GAA CAT AGA AGA TTC CCA AGT AGT AAA AAT AGA CCT GGA AGA CCA ACT ACT CAA GAA TAC AGA CAT ACT ACG GTA ACT CAA GAG TTT GAT CAA CCA GTT CCA CAA ACA TAT AGT GAA CAA TAC GAT CCA AAT AGG TCT CGT TCT GCT GGT AAG GCT CAT GTT GTA GAT CCG TGG ACA GTT AAT TTA ACT GTG TAC GTC TAC TTT AGA TCC GAT GAT TCG GAT CGT GAT CAT TCT GAA GCC AGA GCG GTA GAT GTT AAT AGA ATG ACT TCA AGT AGA TCC GTG GAA TCT GAA TTT AAA ACC GGA AAT CGT AAT ATG AAG GCT AGA CAG CGT AGG TGT CGT ACT CCT TCC CCA ATC TCA GGA GAT TTT TAT CCT TTT AAT ACA AGA GAA GAT GAT ACT ATG GGT GAC CCA TCT CCC TTA TAT AAG GAA AAT AAC ATT GAA GAC CTA AAT GAG TCA TCA AAG TTA GTT ATG GAC CCA GTG CAA AAA GAT AGA TCG AAA GAA GTT TTC GTT CAA TTG ACG TGG TTA ATG CAT GTT AAT ATG 
Cgla                            GAG AGA GGT TTA CTT GAC CCA AGA AAC AAT AGA CAA ACC AGG GTC ACA GAA AAC TTC ACT ACC GCT ATT ATA AAC CTG ATG TCT AGA AGA ACT CAC GAT GTT GAC AAA TCT AGG ACC TAT CAG TAT AAA CAA AAG ACC CAG GAA AGA AGA AGG CCT CAA ATA GAT AGA CCA CGT GAT TCA AGA GGT CGT GCT ACA AGA CCT GAA AGG AGT GGT GAA CAG CAA GAC TCG GCA TCG GTC TAC AAG GAA GGT ATG AAA GTG GTC GAT TTG AGT GAT ACT GAG AGA TTG CCA CGT CAC CAC GGT CGT TAC AAA TCT ACA AAT TGT GCA GCA TTG CTT CTT GGG GAA AAC ACT AGA CAT GCA GAA GAT TAC CAG TCG AGA AAA AAG CCA TTG GAT AAT AAG TTA TCA GGT GCT GGT ATG CAA TAC AAG GTT CTT CAT TGG ACT AGA AGA ACT CAT AGA GAT AAG GAG AAT CAA CCA GAT GAT GAC GCT CAA GAA GTT AGA AGA CAT AAC TGG GGA AGA TCA TAT GAC GCT AAG GCA AAG CAA GTA ATC AAA CCA TAC TCA AGA AGA AGA TTA AAC GAG TCT AAA ACC GAC AGA CAG GAT GAA AGA ATG ACT AAA TCC GGT AGG AAG AGT ATC CGT TCT CAT ACA AGA ACT GAG CAC AGA AGA TTC CCA AGT AGT AGA AAC ACT AAG GGG AGA CCA ACC TCT CAA GAA TAT AGA CAT TCT AAG GTG ACA CAG GAA TTC GAC CAA CCA GTC CCA CAG ACC TAC AGT GAG CAG TAT GAT ACC GAA AGA GCA TCA CAA GCT GGT AGA AGG CAC GTT GTG GAT CCT TGG ACA GTT ACC CTG ACA GTC TAT GTT TAT TTC AGA GCT GAT GAT TCT GAT TCA GAT CAT TCC GAA TCT AGA ACA ACT GAT GTT AAC AGA ATG ACA TCT AGT AGA TCC GTC GAA GCT GAA TTC AGA ACT GGT AAT TCA GAA ATG AAG GCC AGA CAA CGA AGG TGT CGT TCT CCT TCG CCA ATC TCC GGG GAC TTC TAC CCT TTC AAC AAT AGA GAA GAT GAT TCT ATG GGT GAC CCA TCG CCT TTG TAT AAG GAA AAT AAC ATC GAA GAT CTA AAT GAA GAC TCC AGA CTT GTC ATG GAT ACC GTC CAA AGA GAT AGA TCT AAA GAA GTT GTA GTT CAG TTG ACC TGG CTG ATG CAC GTT AAC ATG 
Agos                            GAG CGC GGC CTC TTA GAG CCT AGA AAC AAC AGA CAG ACC CGT GTA AAG GAG AAC TTC ACC AGC GCG ATT GTG AAC TTA ATG TCG CGG CGC ACT CAC GAT GTT GAT AAG TCT AGA ACC TAC CAG TAC GCG CAG AAG ACC CAG GAC CGG AGA AGG CCA CAG GTG GAC AGA CCT CGG GAC TCT AGA GGT CGG GCT AAG CGC CCC GAG CGG TCA GGC GAA CAG CAG GAC TCG GCA TCG GTA TAC CGC GAG GCC ATG CGT GTC GTC GAC CTC AGT GAT GTT GAG AGA TTA CCT GCT CAT CAT GGT GCT TAC AAG ACG ACG AAC TGC GCC GCA TTG CTT CTG GGG GAG AAC ACT CGC CAT TCT GAG GAC TAC CAG TCT AGA AAG ACT CCA CTC GAC AAC AAG CTA TCT GGT GCT GGC ATG CAG TAC AAA GTT CTT CAT TGG CCG AGA AGA ACG CAT AGA GAT AAG GAG CGC CAG CCT GAC GAT GAC GCG CAG GAG GTT CGC AGA CAT AAC TGG GGA AGA TCT TAC GAC GCC AAG GCC AAG CAG GTC ATC GCG CCC TAC TCC AGA AGA AGG CTG GAG GAG TCG AAG ACC GAC AGA CAG GAC TCG AGG ATG ACT AAG AAC GCC CGG AAC TCA ATC CGT GCC CAT AAG AGA ACT GAG CAT CGC CGC TTC CCT AGT AAG AGA AAC ACT AAG GGG CGG CCA ACC GGC CAG GAA TAC AGA CAT GGC AAC GTC ACT CAG GAG TTT GAT CAG CCA GTA CCA CAG ACC TAC AGT GAA CAG TAC GAC AGC GAG CGC TCT TCT CAG ACA GGT CGG AGG CAT GTT GTC GAC CCA TGG ACC GTT ATT TTG AAG GTG TAC GTT TAC ATG AGG GCT GAC GAC TCT GAC TCT GAT CAT TCT GAG GCC AGA AGC GTT GAC GTG AAC CGG ATG ACG TCG AAG CGG AAC GTC GAG TCG GAG TTT AGA ACC GCC AAC TCT GAG ATG AAG GCC AGA CAG CCC CGC TGT CGG TCC CCA TCC CCA ATC TCC GGG GAC ATG TAC CCA TTT AAC CGC AAG GAG GAC GAC TCC ATG GGC GAC CCT TCG CCC TTG TAC AAG GAG AAC AAT ATC GAG GAC CTG AAC GAG GAC TCT CGC CTG GTC ATG GAC AGC GTC CAG CGT GAC AGA TCT AAG GAG GTT TTC GTC CAG TTA ACT TGG TTG ATG CAC GTT AAC ATG 
Klac                            GAA CGA GGA TTA TTG GAA GCA AGA AAC AAC AGA CAA ACG AGA GTA AAA GAA AAT TTC ACT AGC GCT ATT GTG AAC CTA ATG TCA AGA AGA ACT CAT GAT GTG GAT AAA TCT AGA ACG TAT CAA TAC GCA CAG AAG AGC CAA GAG AGG AGA AGA CCC CAA GTG GAT AGA CCA AGA GAT TCC AGA GGT CGT ACT AAA AGA CCA GAA AGG TCT GGT GAA CAA CAA GAT TCA GCG TCA GTA TAC AAG CCT GCA ATG AAG GTT GTT GAT CTC AGT GAT GTC GAA AGG TTA CCA AAG CAT CAC GGT AAG TAC AAA TCT ACT AAC TGT GCA GCG TTG CTA CTT GGG GAA AAT ACC AGA CAC TCT GAA GAT TAT CAA TCT AGA AAA CAC CCA TTG GAT AAT CGC CTA TCC GGT TCT GGA ATG CAA TAT AAA GTG CTA CAT TGG CCG AGA AGA ACC CAT AGA GAT AAG GAA AAA CAG GCA GAT GAT GAT GCT CAA GAA GTG AGA AGA CAT AAT TGG GGC AGA TCC TAT AAT ACT AAG GCA AAG TCT CTG ATT GCA CCT TAT ACT AGA AGA AGG TTG GAA GAA TCA AAA ACG GAT AGA CAA GAT TCC AGG ATG ACT AAA AAC GCA AGG AAC TCT ATT CGT TCT CAT AAA AGA ACT GAA CAT AGA AGA TTC CCT AGC AGA AGA AAC ACT AAG GGG AGA CCA ACG GCC CAA GAA TAC AGA CAT GCC AAC GTT ACT CAG GAA TTC GAT CAA CCA GTC CCA CAA ACC TAC AGT GAA CAA TAC GAC AGC GAA CGA TCT TCC CAA GCA GGT AGA AGA CAT GTG GTT GAT CCT TGG ACA GTA TCT TTA AAA GTG TAC ATT TAC ATG AGA TCT GAT GAT TCT GAC TCC GAT CAT TCA GAG TCT AGA ACT GTC GAT GTC AAC AGG ATG ACT TCA AGA AGA AAC GTT GAA GCA GAA TTC AGA ACT GCA AAC TCC GAA ATG AAA GCC AGA CAA GGA AGA TGT AGA TCT CCA TCT CCA ATC TCC GGG AAT ATG TAT CCA TTC AAC AAA AGA GAG GAT GAT TCT ATG GGA GAC CCT TCA CCA TTG TAT AAG GAG AAC AAC ATT GAA GAC CTC AAT CCT GAC TCT AGA CTT GTG ATG GAC AGC GTT CAA AGA GAT AGA TCT AAA GAA GTA TTC GTT CAG TTA ACT TGG TTA ATG CAC GTG AAT ATG 
Calb                            GAT AGA GGT CTT TTA GAA CCA AGA AAT AAC AGA CAA ACT AGA GTT GCT GAA AAT TTC ACT CCA GCC ATT CCA GGT TTA ATG ACG AGA CGT ACC CAT GAT GCT GAC AAA TCC AGG ACT TAT CAA TAT GCA CAG AAA ACT CAA GAT AGA AGA AGA CCA CAA CCA GAT AGA CCA AGA GAT TCA AGA GGG AGA GCC GCT AGA CCA GAG AGA TCA GGT GAC CAA CAA GAT TCA GCT TCA GTT TAC AAA GAA ACC ATG CGT ATT GTG GAT TTA TCA GAT ACC GAA AGA TTA CCA AAA CAC CAT GGT AAA TAT AAA ACC ACG AAC TGT GCT GCT TTG TTA TTA GGG GAA AAT ACC CGT CAT TCT GAA GAT TAT CAG TCA AGA AAG ACT CCT TTG GAT AAT AAG ATG TCA GGG GAT GGT ATG CAA TAT GAT GTT TTA CAT TGG GAT AGA AGA ACG CAT AGA GAT AAG GAA CGA CAG CCA GAG GAT GAT GCC CAA GTT GTT AGA AGA CAT AAT TGG GGT AGA TCG AAT GAT ACT AAA GCT AAA GGT CTT ATC GCA CCA TAT TCT AGA AGA AGA TTG GAA GAT ACG AAA ACT GAT AGA CAA GAT TTA AGA ATG ACT AAG GCA ACC AGA AAG TCA ATT CGT GCT CAT GCT AGA ACC GAA CAC CGG CGT TTC CCA AGT AAG AGA AAC AGT AAA GGG AGA CCT ACT AAA CAA GAT TAT AGA CAT AAA AAG ATT TCT CAG GAA GCA GAC CAA CCA GTT CCT CAA ACG TAC TCA TCA CAA TAC GAT CCA GAA AGA TCT TCA CAA AAT GGT AGA AGA CAC GTT ATT GAG CCG TGG ACT GTA CAA TTG GCT GTT TAC GTA TAC TTT AGA GAT GAT GAT TCT GAT TCA GAT CAT TCC GAA GCT AGA ACT ACC GAG GTT AAC AGA ATG ACG ACG AAG AGA GCA GTT GAA TCT GAG GCA AGA ACT ACC AAT TCA GAA ATG AAA GCA AGA CAA TCT AGG TGT AGA TCA TCA TCA CCA ATT AGT GGG GAT TTT TAC TCA GCA CAA CGA AAG GAG GAT GAT TCA ATG GGT GAT CCA TCA CCA TTG TAT AAA GAA AAT AAT ATC GAA GAT TTG AAT GAA GAC GCT AGA TTA GTC ATG GAT CCA GTT CAA AGA GAT AGA TCT AAA GAA GTA AGT GTC CAG TTA ACT TAT TTG ATG CAC GTT AAT ATG 



Printing out site pattern counts


         9        669  P

Scer                            AAA AAA AAA AAA AAA AAA AAA AAC AAC AAC AAG AAG AAG AAG AAG AAT AAT AAT AAT AAT AAT AAT ACA ACA ACC ACC ACC ACC ACC ACC ACG ACT ACT ACT ACT ACT ACT ACT ACT AGA AGA AGA AGA AGA AGA AGA AGA AGA AGA AGA AGA AGA AGA AGA AGA AGA AGA AGA AGC AGG AGG AGG AGG AGT AGT AGT AGT AGT ATA ATC ATG ATG ATT ATT ATT CAA CAA CAA CAA CAA CAA CAA CAA CAC CAC CAC CAC CAC CAG CAT CAT CAT CCA CCA CCA CCC CCC CCG CCT CCT CCT CCT CCT CCT CGA CGT CGT CGT CGT CTA CTT CTT CTT GAA GAA GAA GAA GAA GAA GAA GAA GAA GAA GAA GAA GAC GAC GAC GAC GAC GAC GAC GAG GAG GAG GAT GAT GAT GAT GAT GAT GAT GCA GCA GCC GCC GCC GCT GCT GCT GCT GCT GCT GGA GGC GGC GGG GGG GGT GGT GGT GGT GTA GTA GTA GTA GTA GTC GTG GTG GTT GTT GTT GTT GTT GTT TAC TAC TAC TAC TAT TAT TAT TAT TAT TAT TCA TCA TCA TCA TCC TCC TCC TCC TCC TCC TCT TCT TCT TCT TCT TCT TCT TCT TCT TGC TGG TGG TGT TTA TTA TTC TTG TTG TTG TTG TTG TTG TTG TTG TTG TTT TTT 
Sbay                            ... ... ... ... ..G ..G .G. ... ... ... ..A ... ... ... .TA ..C ..C ... ... ... ... ... ..G T.T ... ... ... ... ..T GAT ..A ..C ..C ... ... ... ... ... ... .AG ... ... ... ... ... ... ... ... ... ... ... ... ... ... ... ... ..G ..G ... ..A ..A ... ... .AC ... ... ... ... ... ..T ... T.. ..A ... C.A ... ... ... ... ... ... ... ... ... ... ... ... ... ..A ... ... ... ... ... ... ..T G.. ... ..A ..C ... ... ... ... ... ... ... ... ... T.G ..G ... ... ... ... ... ... ... ... ... ... ... ..G ..G ..G ... ... ... ... ... ... ..T ..A ..A ... ..C ..C ... ... ... ... ... ..C ..C ... ... ..T ..A ..C ..C ..G ... .TC .C. ... ... ... ... ... ... ... ... ... ... ... ..C ..C ..G ..A ... ..A ..C ..C ..C ... ... ... ... ... ..T ..C ..C ..C ..C ... ... ..G ..G ..T ..T ... ... ... ... ..T .T. G.C GG. ..A ..C ..C ..G ... ... ... ..T ... ... ... C.. ..G ... CAA C.A C.A ..A ..A ... ... ... ... ..C ..C 
Smik                            ... ... ... ..G ... ... ... ... ... ... ..A ... ... ... ... ..C ... ..C ... ... ... ... ... T.C ... ... ..T ..T ..T ..T ... ..C ..C ..G ... ... ... ... ... ... ... ... ... ... ... ... ... ... ... ... ... ... ... ..G ..G ..G ..G ..G G.. ..A ..A ... C.. ... ... ... ... ... ... ..T ... ... ... ... ... ... ... ... ... ... ... ... ..G A.. ... ... ... ..T ..A ... ... ... ... ... ..T ... ... ... ... ..C ... ... ... ... ... ... ... ... ... T.G ..C ... ... ... ... ... ... ... ... ... ... ..G ... ... ..G ... ... ... ... ... ..T ... ..A ... ... ..C ... ..C ... ... ... ... ... ..C ... ... C.. ... ... ... ..C ..C ..C .A. ... ... ... ... ... ... ... ... ... ... ... ... ..C ... ..A ... ... ..A ... ... ... ... ... ... ... ..T ..C ... ... ... ... ... ... ..G ... ... ..A ..A ... ... ..A ..A ..A ... ... ..C ... ... ... ... ... ..T ... ... ... C.. ... ... C.. ..A ..A ... ... ... ... ... ... ..C ..C 
Spar                            ... ... ..G ..G ... ... ... ... ... ... ... ... ... ... ... ..C ... ..C ... ... ... ... ... ..T ... ..G ... ... ... .G. ... ..C ... ... ..A ..G ... ... ... .AG ... ... ... ... ... ... ... ... ... ... ... ..G ..G ... ... ... ... ... GAG ... ... ... ... ... ..C ... ... ... ..C ... ... ... ... ... ... ... ... ... ... ... ... ..G ... ... ... ... ... ... ..A ... ... ... ... ... ... ..T ... ... ..A ATA ..C ... ... ... AA. ... ... ... ... T.. ..G ... ... ... ... ... ... ... ... ... ... ... ... ... ... ... ... ... ... ... ..T ... ... ... ..A ..C ... ... ... ... ... ... ..T ..C ... ... ... ... .A. ... ... ... ..C .C. ..T ..T ... ... ... ... ... ... ... ... ..G ..G ..C ..T ..C ... ... ... ... ... ... ... ... ... ... ..T ..C ... ... ... ... ... ... ..C ... ... ... ..T ... ... ... ..A ... ..C G.A ..A ... ..C ... ... ... ... ... ... ... C.G ... ..T .C. C.A ..A ..A ... ... ... ... ... ..C ..C 
Ncas                            ... ..G ... ..G ..G .CG ..T ... ..T ..T ..A ..A ... ... ..A ... ... ... ... ... ... ... ... G.G ..A ..T ..T ..T ..G ..T ..T ..A .GA ..C ..C ... ..A .GA T.C ... .A. .A. .AG .AG .AG ... ... ... ... ..G GCT ... ... ... ... ... ... ..G GAA ..A ..A ..A ..A ... ... .C. ... ... ... ..T ... ... ... ..C ... ... ... ... ... ..G TCT ... ... ACT ..T ..T ..T ..T ..A ... ... ... ... ... ... ..A ... ..T ..G GT. ... ..A ..A ... A.G ... ... ... ... T.G ..A ... T.A ... ... ... ... ... ... ... ... ..T ... ... A.T ..T ..T ..T ..T TCA ..T ... ..A ... ..A ... ... ..C AG. ... ... ... CA. ..T ..T T.. C.. ... C.. ... ..C ... ..C .AG ..T ..T ..A ... ..A ..C ... ... ... ... ..T ..C ..C ..T ..C ..T ..G ... ..C ... ..G ... ... ..T ..T ..T ..C ..C ..C ... ..C ... ... ... ... ..C A.T ..G A.T ..T CGT ... .TG ..C ... ... GA. ..C ..A ... ... ..T ... ... ... ... ... ... G.A ..A ..A ... ... C.A ..A ..C ... ... ... 
Cgla                            ..G ... ..G ..G ..G ..G .CC ... ... ... ..A ... ... ... ..A ... ..C ..C ..C ..C ... ... .AT ... ... ... ..A ..A ... .AG ..T ... ... ... ... ..C ..A ... G.. .A. ... ... ... ... ... ... ... ... ... ..G ..G ... ... ... ..G ..G ... ..G GAA ..A ..A ..A ..A ... ... .CA ... ... ... ..T ... ... ..C ..C ..C ... ..G ..G ..G ... ... ..G ... TCT ... ..T ..T ... ..A ..C ..C ... ... ..T ... ..A ..T ..A ... GT. ... A.C A.. ..A A.. ..A ... ... ... T.. ..A T.A ... A.C ... ... ... ... ... ..G ..G ..G ... ..C ... ... ... ..T ..T ... ... ... ..A ..A ..A ... ... ... ... ... ... ... .A. ... ..T ..T C.A ..C AAG ... T.. ..A ... .A. ..A ..T ... ..T ... ... ... ... ... ..G ..T ..C ..C ..T ..T ..T ..C ..C ... ..C ..C ... ..T ... ... ..T ..C ..C ... ..C ... ..C ..T ..G ..C ..G ..A ..T ..T ..G ..A ... CG. ..A G.. ..C CAA ... ..C G.A ... ..T ... ... ... C.G ..G ... ACT C.T C.. ..A ... C.T ... G.A ... ..C ..C 
Agos                            ... GCG ..G ..G ..G ..C .TT ..T ... ... ... CGC ... ... ... ..C ..C ..C ..C ..C ..C ..C CGC .GC ... ... ..G ..T ..T ..T ... ... ... ..C ... ..C ..C ... G.C C.T ... C.T ... C.C C.G ... ... C.C C.G C.C ..G C.C C.G C.G ... C.T .AG C.G GAA ..A C.C ... ... ... .AG .AG ... TCA G.G ..T ... ... ..C ..C ..C ..G ..G ..G ..G ..G ..G ..G ..G GG. ... ..T ..T ..T ... ..C ... ... ..T ... ... ..A ... ..C ..A GT. ..A AGC ..G ... ..C .CC ..G ..G ... ..G ..G ..C ..G ..G ... ..C ..G ..G ..G ... ..G ..G ..G ..G ..G ... ..T ... ... ... ... ... ... ... ... ... ..C ..C ..C ..C ..C ... T.G ..C ..G ..T C.T ..C AAG A.A ..C ..A ... .AG ..A ... ... ..T .CC ... ..C ... ..C ..C ..T ... ..C ..T ..T ..C ..G ..C ... ..A ..C ..G ... ... ... ... ..C ..C ..C ..C ..C ..C ..G ..T ..C ..C ... ..T ... ..G ..T AA. G.. ... ..G ... CAG A.G ... ... ... ... ... ... ... ..G C.C ... G.T ..A ..A C.A ..A C.T ... ..C C.C A.G ... 
Klac                            ... GC. ..G ... CGC ..C TCT ... ... ... ..A ... ... ... ..A ..C ... ... ..C ..C ..C ... .A. ..T ... .G. ..T ..T ..T CA. ..C ... ... ... ..C ..G ..A ... ... .AG ... ... ... ... ... ... ..G ... ..G ... ... ... ... ... ... ... ... ..G GAA ..A ..A ... ..A ..C ..A .AA ... TC. G.G ..T ... ... ... ..C ... ... ... ... ..G ... ... ... ... GC. ..T ... ..T ... ... ..C ... ... ..T ..C ... ..A ..A ..T ... GTG ..A AGC ..G G.A ... G.A A.A ... ... T.G ..C T.A ... ... ... ..G ... ... ..G ... ... ... ... ... ... ..T ..T ... ..T ... A.T ... ... ..A ..A ... ... ..C ... ... ... ... T.C ... ..T T.T C.A ..C AAG ..A T.. ..G A.. CCT ... ..A ... ..T .CA ... ... ... C.G ..T ... ... ..T ..G A.T ..T ..G ..G ..G ..C ... ..C ... ... ..T ..T ... ..C ..C ..C ... ... ... ..T ..C ..T A.T ..T ..T ..A ... AA. AAG ..C G.A ..A ... ... ... ... ... ..T ... ... ... ... C.C ... G.C ... C.A C.A ..A C.A ... ..C ... A.G ..C 
Calb                            G.T GC. ... ... ..G ..G C.. ..T ..T GGT ..A ..A ..A ... ... ... ... ... ..C C.A ..C ... CG. ..T ..G ..T ..G T.T ..T ..T ... ..C ... ... ..C ... ... .G. ... C.T ... ... ... ... ... ... ... ... ... ..G ... C.T ... ... ..G ... .AG ... GAT ..A C.. ..A ..A ... .AG GC. TCA TCA CC. ..T ... ... ... ... ..C ... ... ..G ..G ... ... ... ... A.A ..T ..T ..T ..T ... ..C ..C ... ... ... ..T ..A ..A ..A ..G G.. T.A ..A GA. ..A A.. TC. A.A A.A ... T.G T.G ... T.A ... ..C ..T ... .TT ... TC. ... ..T ... ... ... ..T ... ..T ..T ... ..T ..T ... ..A ... ... ... ... ... ..G ... ... TT. ..T ... .AT C.A ..A AAA AA. ... ... ..C .A. ..T ..T ... ... ACC ... ... ... C.T A.T ... ..T ..G ..T ..A ..C ... ..C ... ... ... ... ..T ... ... ..T ... ..C ..C ... A.. ... A.G ... AGT ... ..T ..T ..A ..A ..A G.A AAA ..G ... ..C GG. A.C G.. ... ..C ..T .AT ... ... ..G ... ... ACC ..A ..A A.. ..A ..A ... AGT ... ... GCA 

    1    2    2    1    1    2    1    1    1    1    4    1    1    1    2
    2    2    2    2    1    2    2    2    1    1    1    2    1    1    1
    1    2    1    2    1    4    1    1    1    1    3    1    2    2    1
   14    1    1    2    1    2    3    1    2    1    1    1    2    1    2
    1    2    1    1    2    4    2    2    2    1    8    2    1    1    2
    6    2    1    2    1    2    4    1    2    1    1    2    1    2    1
    3    4    2    1    3    2    2    1    1    1    2    3    1    2    2
    1    2    1    1    1    1    1    2    1    1    1    2    1    2    1
    3    2    3    1    2    3    2    2    1    1    2    1    1    2    2
    4    1    2    2    3    7    1    1    2    2    2    2    1    2    1
    2    2    1    2    1    3    3    2    3    1    1    1    1    3    2
    2    1    3    1    1    1    1    1    1    2    1    2    1    1    2
    1    1    3    1    1    2    3    1    1    1    1    2    2    3    5
    2    2    1    1    1    1    1    1    2    1    1    1    3    1    2
    1    2    2    1    1    1    2    2    2    1    1    2    3

CODONML (in paml version 4.9j, February 2020)  temp.nuc
Model: One dN/dS ratio, 
Codon frequency model: Fequal
ns =   9  ls = 394

Codon usage in sequences
--------------------------------------------------------------------------------------------------------------------------------------
Phe TTT   5   0   0   2   5   0 | Ser TCT  11  12   8   9  10  13 | Tyr TAT   9   5  10  10   7   8 | Cys TGT   1   2   2   1   2   2
    TTC   2   9   7   5   3   7 |     TCC  15  10   7  14   8   5 |     TAC   6  10   5   5   8   7 |     TGC   1   0   0   1   0   0
Leu TTA   3   3   3   4   9   3 |     TCA   6   1  17   8   7   7 | *** TAA   0   0   0   0   0   0 | *** TGA   0   0   0   0   0   0
    TTG  13  10  10   8   7   6 |     TCG   0   5   1   2   2   5 |     TAG   0   0   0   0   0   0 | Trp TGG   4   4   4   4   4   4
--------------------------------------------------------------------------------------------------------------------------------------
Leu CTT   4   3   3   3   1   5 | Pro CCT  10  10  12   8   7   6 | His CAT   8   8   9   8  13   7 | Arg CGT   5   5   5   5  10   6
    CTC   0   0   1   0   0   0 |     CCC   4   1   7   4   4   0 |     CAC   7   7   4   7   0   6 |     CGC   0   0   0   0   0   0
    CTA   1   6   2   1   3   1 |     CCA   6   7   3   7  12  12 | Gln CAA  19  23  20  17  19  13 |     CGA   2   2   2   0   0   1
    CTG   0   1   2   3   0   3 |     CCG   1   1   1   1   1   0 |     CAG   2   0   1   4   1   9 |     CGG   0   0   1   0   0   0
--------------------------------------------------------------------------------------------------------------------------------------
Ile ATT   4   2   5   4   4   1 | Thr ACT  13  11  13   7  19  11 | Asn AAT  13   9   9   9  18   8 | Ser AGT  11  10  11   9   9   7
    ATC   1   0   0   3   1   4 |     ACC   7   8   5   7   3  11 |     AAC   3   8   9   7   1  11 |     AGC   1   1   0   3   0   0
    ATA   2   5   2   1   2   2 |     ACA   3   1   2   3   6   9 | Lys AAA  10  10  13   9  14   9 | Arg AGA  42  42  38  37  36  42
Met ATG  10   8  10  10  10  10 |     ACG   1   2   3   6   3   0 |     AAG   9   7   6  13  11  13 |     AGG   6   6   9  10   5   7
--------------------------------------------------------------------------------------------------------------------------------------
Val GTT   7   3   6  10  10  10 | Ala GCT   9   4   4   7  10   8 | Asp GAT  20  17  16  20  29  23 | Gly GGT   6   7   6  10   6  11
    GTC   3   7   4   2   5   8 |     GCC   6  14  11   9   3   1 |     GAC  12  16  16  14   3  10 |     GGC   4   4   5   0   1   0
    GTA   9   8  10   4   6   2 |     GCA   3   3   1   3   0   6 | Glu GAA  20  17  19  22  20  21 |     GGA   2   0   0   0   6   1
    GTG   2   4   1   5   3   3 |     GCG   0   2   0   0   1   0 |     GAG   5   8   8   4   4   6 |     GGG   5   5   5   5   2   3
--------------------------------------------------------------------------------------------------------------------------------------

--------------------------------------------------------------------------------------
Phe TTT   3   0   2 | Ser TCT  14  19   8 | Tyr TAT   0   7   9 | Cys TGT   1   2   2
    TTC   3   6   2 |     TCC   5   8   2 |     TAC  15   8   6 |     TGC   1   0   0
Leu TTA   4   5  10 |     TCA   2   7  19 | *** TAA   0   0   0 | *** TGA   0   0   0
    TTG   4   5   7 |     TCG   8   0   1 |     TAG   0   0   0 | Trp TGG   4   4   3
--------------------------------------------------------------------------------------
Leu CTT   2   2   2 | Pro CCT   6   6   3 | His CAT  11  10   9 | Arg CGT   4   2   5
    CTC   3   2   0 |     CCC   4   1   0 |     CAC   2   4   4 |     CGC  13   1   0
    CTA   1   4   0 |     CCA   9  11  17 | Gln CAA   0  17  18 |     CGA   0   2   2
    CTG   4   1   0 |     CCG   1   1   1 |     CAG  22   4   5 |     CGG  11   0   1
--------------------------------------------------------------------------------------
Ile ATT   2   5   6 | Thr ACT   8  14  13 | Asn AAT   1   8  12 | Ser AGT   3   2   4
    ATC   4   1   2 |     ACC   9   3   9 |     AAC  19  14   4 |     AGC   4   5   0
    ATA   0   0   0 |     ACA   1   1   0 | Lys AAA   1  14  15 | Arg AGA  23  44  45
Met ATG  12  12  11 |     ACG   4   4   7 |     AAG  21  10   9 |     AGG   5   7   2
--------------------------------------------------------------------------------------
Val GTT  10   7  12 | Ala GCT   5   2  12 | Asp GAT   7  24  34 | Gly GGT   4   5   9
    GTC   9   4   2 |     GCC   9   3   3 |     GAC  26   6   4 |     GGC   6   1   0
    GTA   3   4   3 |     GCA   2  11   8 | Glu GAA   3  22  18 |     GGA   1   4   0
    GTG   4   9   1 |     GCG   4   2   0 |     GAG  24   4   6 |     GGG   3   3   5
--------------------------------------------------------------------------------------

Codon position x base (3x4) table for each sequence.

#1: Scer           
position  1:    T:0.19289    C:0.17513    A:0.34518    G:0.28680
position  2:    T:0.16751    C:0.24112    A:0.36294    G:0.22843
position  3:    T:0.34518    C:0.18274    A:0.32487    G:0.14721
Average         T:0.23519    C:0.19966    A:0.34433    G:0.22081

#2: Sbay           
position  1:    T:0.18020    C:0.18782    A:0.32995    G:0.30203
position  2:    T:0.17513    C:0.23350    A:0.36802    G:0.22335
position  3:    T:0.27411    C:0.24112    A:0.32487    G:0.15990
Average         T:0.20981    C:0.22081    A:0.34095    G:0.22843

#3: Smik           
position  1:    T:0.18782    C:0.18528    A:0.34264    G:0.28426
position  2:    T:0.16751    C:0.24112    A:0.36802    G:0.22335
position  3:    T:0.30203    C:0.20558    A:0.33503    G:0.15736
Average         T:0.21912    C:0.21066    A:0.34856    G:0.22166

#4: Spar           
position  1:    T:0.18528    C:0.17259    A:0.35025    G:0.29188
position  2:    T:0.16497    C:0.24112    A:0.37817    G:0.21574
position  3:    T:0.30964    C:0.20558    A:0.29442    G:0.19036
Average         T:0.21997    C:0.20643    A:0.34095    G:0.23266

#5: Ncas           
position  1:    T:0.18274    C:0.18020    A:0.36041    G:0.27665
position  2:    T:0.17513    C:0.24365    A:0.37563    G:0.20558
position  3:    T:0.40609    C:0.10152    A:0.35533    G:0.13706
Average         T:0.25465    C:0.17513    A:0.36379    G:0.20643

#6: Cgla           
position  1:    T:0.17005    C:0.17513    A:0.36802    G:0.28680
position  2:    T:0.16497    C:0.23858    A:0.38325    G:0.21320
position  3:    T:0.31980    C:0.17766    A:0.32741    G:0.17513
Average         T:0.21827    C:0.19712    A:0.35956    G:0.22504

#7: Agos           
position  1:    T:0.16244    C:0.23604    A:0.29695    G:0.30457
position  2:    T:0.17259    C:0.23096    A:0.38579    G:0.21066
position  3:    T:0.20558    C:0.33503    A:0.12690    G:0.33249
Average         T:0.18020    C:0.26734    A:0.26988    G:0.28257

#8: Klac           
position  1:    T:0.18020    C:0.17259    A:0.36548    G:0.28173
position  2:    T:0.17005    C:0.23604    A:0.38579    G:0.20812
position  3:    T:0.29188    C:0.17005    A:0.37056    G:0.16751
Average         T:0.21404    C:0.19289    A:0.37394    G:0.21912

#9: Calb           
position  1:    T:0.18020    C:0.17005    A:0.35279    G:0.29695
position  2:    T:0.15228    C:0.26142    A:0.38832    G:0.19797
position  3:    T:0.36041    C:0.09645    A:0.39340    G:0.14975
Average         T:0.23096    C:0.17597    A:0.37817    G:0.21489

Sums of codon usage counts
------------------------------------------------------------------------------
Phe F TTT      17 | Ser S TCT     104 | Tyr Y TAT      65 | Cys C TGT      15
      TTC      44 |       TCC      74 |       TAC      70 |       TGC       3
Leu L TTA      44 |       TCA      74 | *** * TAA       0 | *** * TGA       0
      TTG      70 |       TCG      24 |       TAG       0 | Trp W TGG      35
------------------------------------------------------------------------------
Leu L CTT      25 | Pro P CCT      68 | His H CAT      83 | Arg R CGT      47
      CTC       6 |       CCC      25 |       CAC      41 |       CGC      14
      CTA      19 |       CCA      84 | Gln Q CAA     146 |       CGA      11
      CTG      14 |       CCG       8 |       CAG      48 |       CGG      13
------------------------------------------------------------------------------
Ile I ATT      33 | Thr T ACT     109 | Asn N AAT      87 | Ser S AGT      66
      ATC      16 |       ACC      62 |       AAC      76 |       AGC      14
      ATA      14 |       ACA      26 | Lys K AAA      95 | Arg R AGA     349
Met M ATG      93 |       ACG      30 |       AAG      99 |       AGG      57
------------------------------------------------------------------------------
Val V GTT      75 | Ala A GCT      61 | Asp D GAT     190 | Gly G GGT      64
      GTC      44 |       GCC      59 |       GAC     107 |       GGC      21
      GTA      49 |       GCA      37 | Glu E GAA     162 |       GGA      14
      GTG      32 |       GCG       9 |       GAG      69 |       GGG      36
------------------------------------------------------------------------------


Codon position x base (3x4) table, overall

position  1:    T:0.18020    C:0.18387    A:0.34574    G:0.29019
position  2:    T:0.16779    C:0.24083    A:0.37733    G:0.21404
position  3:    T:0.31275    C:0.19064    A:0.31698    G:0.17964
Average         T:0.22025    C:0.20511    A:0.34668    G:0.22796

Codon frequencies under model, for use in evolver (TTT TTC TTA TTG ... GGG):
  0.01639344  0.01639344  0.01639344  0.01639344
  0.01639344  0.01639344  0.01639344  0.01639344
  0.01639344  0.01639344  0.00000000  0.00000000
  0.01639344  0.01639344  0.00000000  0.01639344
  0.01639344  0.01639344  0.01639344  0.01639344
  0.01639344  0.01639344  0.01639344  0.01639344
  0.01639344  0.01639344  0.01639344  0.01639344
  0.01639344  0.01639344  0.01639344  0.01639344
  0.01639344  0.01639344  0.01639344  0.01639344
  0.01639344  0.01639344  0.01639344  0.01639344
  0.01639344  0.01639344  0.01639344  0.01639344
  0.01639344  0.01639344  0.01639344  0.01639344
  0.01639344  0.01639344  0.01639344  0.01639344
  0.01639344  0.01639344  0.01639344  0.01639344
  0.01639344  0.01639344  0.01639344  0.01639344
  0.01639344  0.01639344  0.01639344  0.01639344


TREE #  1:  (((((1, 4), (3, 2)), 5), 6), ((7, 8), 9));   MP score: 1077
This is a rooted tree.  Please check!
lnL(ntime: 16  np: 18):  -6160.734888      +0.000000
  10..11   11..12   12..13   13..14   14..1    14..4    13..15   15..3    15..2    12..5    11..6    10..16   16..17   17..7    17..8    16..9  
 0.089722 0.185383 0.297202 0.088480 0.110824 0.256827 0.018369 0.125647 0.349779 0.748920 0.523894 0.141721 0.269009 1.001913 0.395427 1.146634 1.685269 0.066061

Note: Branch length is defined as number of nucleotide substitutions per codon (not per neucleotide site).

tree length =  5.749750

(((((1: 0.110824, 4: 0.256827): 0.088480, (3: 0.125647, 2: 0.349779): 0.018369): 0.297202, 5: 0.748920): 0.185383, 6: 0.523894): 0.089722, ((7: 1.001913, 8: 0.395427): 0.269009, 9: 1.146634): 0.141721);

(((((Scer: 0.110824, Spar: 0.256827): 0.088480, (Smik: 0.125647, Sbay: 0.349779): 0.018369): 0.297202, Ncas: 0.748920): 0.185383, Cgla: 0.523894): 0.089722, ((Agos: 1.001913, Klac: 0.395427): 0.269009, Calb: 1.146634): 0.141721);

Detailed output identifying parameters

kappa (ts/tv) =  1.68527

omega (dN/dS) =  0.06606

dN & dS for each branch

 branch          t       N       S   dN/dS      dN      dS  N*dN  S*dS

  10..11     0.090   860.1   321.9  0.0661  0.0062  0.0933   5.3  30.0
  11..12     0.185   860.1   321.9  0.0661  0.0127  0.1928  11.0  62.1
  12..13     0.297   860.1   321.9  0.0661  0.0204  0.3092  17.6  99.5
  13..14     0.088   860.1   321.9  0.0661  0.0061  0.0920   5.2  29.6
  14..1      0.111   860.1   321.9  0.0661  0.0076  0.1153   6.6  37.1
  14..4      0.257   860.1   321.9  0.0661  0.0176  0.2672  15.2  86.0
  13..15     0.018   860.1   321.9  0.0661  0.0013  0.0191   1.1   6.2
  15..3      0.126   860.1   321.9  0.0661  0.0086  0.1307   7.4  42.1
  15..2      0.350   860.1   321.9  0.0661  0.0240  0.3639  20.7 117.1
  12..5      0.749   860.1   321.9  0.0661  0.0515  0.7791  44.3 250.8
  11..6      0.524   860.1   321.9  0.0661  0.0360  0.5450  31.0 175.4
  10..16     0.142   860.1   321.9  0.0661  0.0097  0.1474   8.4  47.5
  16..17     0.269   860.1   321.9  0.0661  0.0185  0.2798  15.9  90.1
  17..7      1.002   860.1   321.9  0.0661  0.0689  1.0422  59.2 335.5
  17..8      0.395   860.1   321.9  0.0661  0.0272  0.4113  23.4 132.4
  16..9      1.147   860.1   321.9  0.0661  0.0788  1.1928  67.8 384.0

tree length for dN:       0.3951
tree length for dS:       5.9812


Time used:  0:08
