      9   1182

Scer                            ACT TTA AAA GAC ACC GTC AAA ACC AAT ATG TTG GCT GCC ATT TTT AAC GTT CAG CGG CAT AAC AAA TTC AAT CCT AGA GGG TCT AAG AAA GCT ATT ACC GGC AAC TTA ATT CCA ACT GCT AAC AAG TCT GGC GAC TGT CCT CCG TGT TTT ACC GCT ACG CCA CCA TTA CAA CAT AAC TTC AAA TTA TGC AAC TCT GAC CAC TTT TAC AAA TGG TTA TCT ATT CTA TTG AAA TTA GCT CAA AAC TCC AAG TGT GCT ACA TAT AGG GCT CCA AAC CTA TCG TAT GGA AGC CTG ACA TTT AAC GCA AAA GCC GAC AAG CAC CTA GTT TAT ACA TTC GCC ACA GAT TTA TTA TTG TTG CTG ATC TCA CAC CTC TCG AGA GTC AAG TAC TTC TTA CAA AGA ATC AAA GTT CAC TCT GTT TCG AAC TAT GGC AGA AGG ACC AAA TAC TAC ACC TAC ATG CTA GAT TCA ACC TTT TTT GAA TCC TTG TAC GTC GAT GCT GAA TAC GAG GTC TTG CAA AAG ATT GAA TCC GTA TTA TGG AGG TTA CGT ATG TTG GCT CAA AAA GGT AGG ATT AAC CTC TAT GAA AAC AAT GAG AAA CAA GGT GGC GTC GCA ACT AGG AGC TCT TTT AAT AGG CCA TCT TAT AGA CAA TAC GTG GGT TAC GGA CAC AAC TAT AGC GCA AAA TCG ATA AAG TGC AGG CCA AAA CTA GGG GCA GCT CAA AGA AGA AAC AGA AAA AAT GCT CAA AGA TCA AGC AGA GCT TAC GGC GAA TGG AGG ACA GGT CCT AAG TTG ACA GCC TCC CAA AGC AGC GAT GTA TTC AGG GTT ACA AGA AGA AGC GGC TAT GAT GTT CAC CAT AGA TCG ACC CCG AAT CCA AAG ACG CAG TCT ACC TCA TTC GAT ATT TTA CAA ACT AAA CCA GGT AGA TTC GCT AAA CAA TCT CAA AGC CAG TAT ATT AAG CAA AGA ACT CAC GGT TTC TTG TTG TTT TAT GAG TAC GGA ATC GCT TAC CAG AAA GAG GAG CAT ATG CCG AGT TAT TAT CAA GCT TTA TGG AGA GCC ACA CGA GAC GGA GGG ATC AGG GCT TCT AGG CAA GCT AGA GAC GAC CAA GCC TTT GCT GAT CCT GGT AGA AGA ATT TCC TTA ATG GTG GCT CAA AAC GGA CAA TCT CAA GTG CAA ACA AAG AAC ACC AAG ATC GAG TGG GAA GTT TGT 
Sbay                            ACT TTA AAA GAC ACC GTT AAG ACC AAT ATG TTG GCT GCC ATC TTC AGC GTT CAA CGA CAT AAC AAA TTC AAT CCC AGA GGG TCT AAG AAA GCC ATT ACC GGT AAC TTG ATC CCA ACT GCT AAT AAG TCT GGC AAC TGT CCG CCA TGT TTT ACC GCG ACG CCA CCA CTG CAA CAT AAC TTC CAG TTG TGT AAC TCC AAC CAC TTT TAC AAG TGG TTA TCT ATT TTG CTA AAA TTA GCA CAA AAT TCC AAG TGT GCT ACG TAT AGG GCT CCT AAC TTA TCG TAT GGA AGC CTG ACA TTT AAT GCC AAG GCC GAC AAG CAC TTG ATC TAT ACT TTC GCC ACA GAT TTG ATG TTG TTA TTG ATT TCC CAC CTG TCG AGA GTT AAG TAC TTC TTA CAA AGA ATC AAA GTG CAC TCT GTT TCC AAT TAT GGT AGA AGG ACC AAG TAC TAC ACC TAC ATG CTA GAT TCT ACC TTC TTT GAA TCA TTG TAC GTC GAT GCT GAG TAC GAG GTA CTA CAA AAG ATC GAG TCA GTA TTA TGG ACG TTG CGC ATG TTG GCT CAA AAA GGC AGA ATC AAC CTG TAT GAA AAT GAT GAG AAA CAA GGT GGC GTA GCG ACT AGG AGC TCC TTT AAT AGG CCA TCT TAT AGA CAG TAC ATG GGT TAC GGG CAT AAC TAT AGC GCC CAG TCC ATA AAG TGT AGG CCA AAG TTA GGA GCC GCG CAG AGG AGG AGC AGG AAA AAC GCT CAA AGA TCC AGC AGA GCT TAC GGT GAA TGG AGG ACG GGT CCC AAG CTG ACA GCC TCA CAG AGC AGC GAC GTA TTC AGG GTT ACA AGA AGA AGC GGC TAT GAT GTT CAC CAC AGA TCG ACC CCA AAT CCG AAG ACG CAA TCT ACC TCT TTC GAC ATC TTA CAA ACT AAG CCA GGT AGA TTT GCT AAA CAA TCT CAG AGC CAA TAT ATT AAG CAG AGA ACT CAT GGT TTC CTG TTG TTC TAT GAG TAC GGG ATC GCA TAT CAG AAG GAG GAG CAC ATG CCG GGA TAT TAT CAA GCT TTG TGG AGG GCC ACA CGG GAC GGG GGG ATC AGA GCA TCC AGA CAG GCT AGA GAC GAC CAA GCC TTT GCT GAT CCA GGT AGA AGA ATC TCT CTG ATG ATT GCA CAA AAC GGC CAA TCT CAG ATT CAA ACA AAG AAC ACC AAG ATT GAA TGG GAG GTT TGT 
Smik                            ACT TTA AAA GAC ACC GTC AAG ACC AAT ATG TTG GCT GCC ATT TTT ACT GTT CAA CGG CAT AAC ACA TTC AAT CCC AGA GGC TCT AAG GAA GCC ATT ACC GGT AAC TTA ATC CCA ACC GCT AAT AAA TCT GGA GAC TGC CCC CCA TGT TTC ACC GCC TCA CCA CCA TTG CAA CAT AAC TTT CAC TTA TGT AAC TCC GAC CAC TTC TAT AAA TGG TTA TCT ATC CTT CAA AAA TTG GCT CAA AAT TCC AAG TGT GCT ACA TTC AGG GCT CCA AAC CTG AAA TAC GGT AGC CTA ATC TTT AAT GCG AAA GCC GAC AAG ATG CTT GTG TAT ACA TTC GCC ACA GAT TTA TTA TTG CTA CTG ATC TCA CAC ATG AAA AGA GTT AAA TAC TTC TTA CAA AGA ATC AAA GTA ATG TCT GTT TCA AAT TAC GGT AGA AGG ACC AAG TAC TAC ACC TAC ATG CTA GAT TCT ACC TTC TTT GAA TCT TTG TAC GTA GAT GCT GAG TAC GAA GTA CAA CAG AAA ATC GAG TCT GTA TTA TGG ACG TTA CGA ATA TTG GCT CAG GAT GGC AGA ATC AAT ATG TAT GAA AAT AAT GGA AAA CAA GGT GGA GTA GCA ACT AGG AGT TCT TTT AAT AGG CCA TCT AAT AGA CAA TAC ACG GGT TAC GGG CAA AAC TAC AGT GCG CAC TCA ATT AAG TGT AGG CCA AAA CTG GGT GCG GCC CAA AGG AGA ACT AGA GAA AAC GCT CAG AGA TCC AGC AGA GCT TAT GGT GGT TGG AGG ACA GGT CCC AAG TTG ATC GCC TCT CAC AAA AGC GAT GTA TTC AGG ATT ATC AGA AGA AGC GGA TAT GAT GTT ATG CAT AGA AAA ACC CCA AAT CCA AAG TCA CAA TCT ACT TCT TTC GAT ATT TTA CAA ACT AAA CCA GGT AGA TTT GCT AAA CAA TCT CAA AGC CAA TAC ATT AAA CAA AGA ACC CAA GGT TTC TTA TTG TTT TAT GAA TAT GGG ATC GCT TAT CAG AAA GAA GGA CAT ATG CCA AGC TAT TAT CAA GCT TTG TGG AGA GCC ACA CGT GAC GGG GGC ATC AGA GCT TCT AGA CAA GCT AGA GAC GAC CAG GCC TTT GCT GAT CCA GGT AGA AGA ATC TCC TTG ATG ATG GCT CAA AAC GGT CAG TCT CAA ATG CAA ACA AAA AAC ACC AAG ATC GAA TGG GAG GTT TGT 
Spar                            ACT TTA AAA GAT ACC GTC AAG ACC AAT ATG TTG GCT GCC ATT TTT AAG GTT CAA CGG CAT AAC AAA TTC AAT CCT AGA GGG TCC AAG AAA GCC ATT ACC GGT AAC TTA ATT CCA ACC GCG AAC AAA TCT GGT GAC TGT CCC CCG TGT TTC ACC GCT ACG CCA CCA TTA CAA CAT AAC TTC AAA TTA TGC AAC TCC GAC CAC TTC TAC AAA TGG TTA TCT ATT CTG TTG AAA TTA GCT CAA AAC TCC AAG TGT GCT ACA TAT AGG GCT CCA AAC CTG TCG TAT GGA AGC CTA ATA TTT AAC GCA AAA GCC GAC AAG CAC CTG GTT TAT ACT TTC GCC ACA GAT TTA TTA TTG TTG CTG ATT TCA CAC CTA TCG AGA ATC AAA TAC TTC CTA CAG AGA ATC AAA GTA CAC TCC GTT TCT AAC TAT GGT AGG AGG ACT AAA TAC TAC ACC TAC ATG CTA GAT TCT ACC TTT TTT GAA TCC TTG TAC GTC GAT GCT GAG TAC GAA GTA TTG CAG AAG ATT GAA TCC GTA TTA TGG ACG TTA CGT ATG TTA GCT CAA AAA GGC AGG ATT AAC CTA TAT GAA AAT AAT GAG AAA CAA GGT GGT GTA GCA ACT AGG AGT TCC TTT AAT AGG CCA TCC TAT AGA CAA TAC GTG GGT TAC GGG CGT AAC TAT AGT GCA AAA TCT ATA AAG TGT AGG CCA AAA CTG GGG GCA GCT CAA AGA AGA AAG AGA AAA AAT GCG CAA AGA TCA AGC AGA GCT TAC GGT GAA TGG AGG ACA GGC CCT AAG TTG ATA GCC TCC CAG AGC AGC GAT GTA TTC AGG ATC ATA AGG AGA AGC GGT TAT GAT GTT CAC CAT AGA TCG ACC CCG AAT CCA AAG ACG CAA TCT ACC TCT TTC GAT ATT CTA CAA ACT AAG CCA GGT AGA TTC GCT AAA CAG TCT CAA AGC CAA TAT ATT AAG CAG AGG ACC CGT GGT TTC TTG TTG TTT TAT GAA TAC GGG ATC GCT TAT CAG AAA GAA GAG CAT ATG CCG AGC TAT TAT CAA GCT TTA TGG AGA GCC ACA CGA GAT GGG GGG ATC AGG GCT TCT AGG CAA GCG AGA GAC GAC CAA GCC TTT GCG GAT CCT GGT AGA AGA ATT TCC TTA ATG ATG GCT CAA AAC GGA CAA TCT CAG ATG CAA ACA AAA AAC ACC AAG ATT GAA TGG GAG GTT TGT 
Ncas                            ACA TTA AAG GAT ACG GTC AAG ACC AAT ATG TTA GCA GCC ATT TTC AAT ATT CAA CGG CAT AAC CAG TTC AAC CCA AGG ACG TCT AAA AAG GCC ATC ACC GGA AAC TTG ATC CCA ACA ATG AGA AAG TCT GGT AAC GCT CCC CCA TGT TTT ACG GCA TCG CCA CCA TTG CAA CAT AAC TTT CGA TTG TGT TCT GCT AAC CAC TTT TAT AAA TGG CTT TCT ATT TTA ATG CCA TTG GCA CAA AGA TCC AAG TGT TCT ACT TTT AAG TCT CCT AAC CTA AGT TAT GGT AGT TTA ATG TTC AGA GCA CAT GCC GAC AAG CTT TTA GTT TAT GTT TTC GCC ACT GAC TTG ATG TTG TTA CTT ATT TCA CAT TTG AGT AGA ATC AAG TAC TTC TTA CAA CGA ATC AAA GTC CTT TCT GCA TCA AGA TAT GGT AGA AGA ACT AAG TAC TAT ACA TAT ATG TTA GAT GAT ACG TTC TTC GAA GGT TTG TAT GTC GAT TCC GAA TAC GTT GTC ATG GAA AAG TTA GAA GGT GTT TTA TGG ACT TTG AAA ATG TTA GCT CAG AAA GGG AAA ATC AAC TTG TTT GAA CAT GAA GGG AAG CAA GGT GGA GTC GCT TCT AGA AGT GCT TTC AAT AGA CCA TCT TTT AGA AAG TTC AAA GGT TAT GGA AAA AAC TAT AGT GCA CGA TCA ATT AAG TGT AGA CCT AAA CTA GCC GCA GCA AAG AGG AGG AAT AGG AAG AAC ATG CAA AGA TCC ACA AGA TCT TAC GGT CAA TGG AGA ACT GGC CCT AAG TTG ATG GCC GGT CAG AAA ACA GAT GTT ACG AGA GTT ATG AGA AGA AGT GGT TAT GAT GCA CTT CAT AGG AGT ACG CCC AAT CCA AAA TCG CAA TCT ACT GAT TTC GAT ATT TTA CAA ACA ACA CCA GGT AGA TTT GGT AAA CAA TCA AAG ACA CAA TAT ATC AAG CAA AGA ACA AAA GGT TTC TTA TTG TTC TAT GTT TAC GGA ATC GCA TAT CAA CAT GTT GGG CAT ATG CCA AGT TTT TTT CAA GCT CTA TGG AGG GCC ACT CGT GAT GGA ACG ATC AGA GCA GCA AAA AAG ATG AGA GAT GAT CAA GCC TTC ATG GAT GCT GGT AGA AGA ATC TCT TTA ATG TTG GCA CAA AAC GGT CAG TCT CAA TTG CAA ACT AAG TCT ACA AAG ATT GAA TGG GAA GTG TGT 
Cgla                            ACT CTA AAG GAC ACT GTC AAA ACC AAC ATG TTG GCA GCT ATT TTC GCA GTT CAG CGA CAC AAC AAA TTC AAT CCT CGT GGC TCG AAG AAA TCG ATA ACC GGT AAC CTC GTC CCA ACG GCA AAC AGA TCT GGT AAC GTT CCG CCA TGT TTC ACT GCT GCA CCA CCA CTT CAG CAC AAC TTT AAG CTC TGT TCC GCT AAC CAC TTC TAT AAA TGG TTG TCT ATC CTG CGA CCA TTG GCC CAA AAC TCT AAG TGC GCT ACT TAT GTC GCT CCT AAC TTG TTG TAT GGT AGC ATG TCT TTC AAC GCA GAG GCT GAC AAG TGG CTG GTC TAC ACA TTC GCT ACT GAT CTC CTA TTG CTC GTT ATC TCG CAC CTA TTG AGA AGT AGA TAC TTC TTG CAG AGG ATC AAG GTT TGG TCG TGT TCC AAC TAC GGT AGA AGA ACC AAG TAC TAC ACA TAC ATA CTG GAT GCA ACT TTT TTC GAA TCT TTG TAC GTT GAT TCT GAG TAC GAA GTG CGA GTT AAG ATC GAG TCT GTG TTA TGG AGG CTC AGA TTG CTC GCC TTA AAG GGT AGA GTC CAA CTA TAT GAA AAT GAT AGG AAA CAA GGT GGC GTG GCA ACT AGA AGC GCC TTT AAC AGA CCA TCG TTT AGG CAG TAC CTT GGT TAC GGA AAA AAC TAT AGC GCA AAG TCC ATT AAG TGT AGG CCA AAA TTG GGC GCA GCT CAG AGG AGA GCA AGA AAA AAC GCA CAG AGA TCC AGT AGA GCT TAT GGT GAT TGG AGG ACT GCC CCA AAG TTA TCT GCT TCT CAG AAT AGT GAC GTG TTC AGA GTT TCT AGA AGA AGC GGT TAC GAC TGT TGG CAC CGT TTG ACT CCA AAT CCA AAG GCA CAG TCT ACC GCA TTC GAC ATT TTG CAG ACT AAG CCA GGT AGA TTT GCT AAG CAG TCT CAG AGT CAG TAT ATT AAG CAA AGA ACG AAA GGT TTC CTT TTG TTC TAC GAA TAT GGA ATC GCC TAT CAG GAG GAA AGG CAT ATA CCG AGT TAT TAT CAA GCT CTG TGG AGA GCT ACT AGG GAC GGA GGC ATC AGA GCC GTA AGA CAG GCA AGA GAC GAT CAG GCT TTC GCA GAT CCA GGT AGA AGG GTC TCG CTG ATG AGT GCC CAA AAC GGG TTA TCT CAA AGT CAA ACT AGA TCC ACA AGA ATC GAA TGG GAG GTT TGC 
Agos                            ACC TTG AAG GAC ACC GTG AAA ACC AAC CTC TTG GCG GCT ATT TTT AAG TCG CAA CGA CAT AAC GAC TTC AAC CCT CGA ACG AGC AAG CGG CCG TTG ACC GGG AAC CTG ATT CCA ACG GCG TCG GCC TCC GGG GAC AGC CCA CCG TGC TTT ACC GCC TCG CCA CCA ATT CAG CAT AAC CTA CAG CTG TGC TCG TCT GAC CAC TTT TAC AAG TGG CTG TCT ATC ATG GGG CCC CTT GCG CAA TCG GCA AAG TGC GCC ACG AAC CGA GCC CCC AAC CTC GAG TAC GCG AAC CTG CGG TTT TCG GCG CAG GCT GAC AAG ACG ATG GTT TAC GCT TTC GCT ACG GAC CTG CTC TTG CTC GTG GTC AGC GTC TTG GAG CGG GAC GCC TAC TTC CTA CAG CGG ATC AAG GTG ACG AGC TCA TCG TCG TAC GGC CGC AGG ACT AAG TAC TAT ACA TAC ACG CTC GAC GCT ACC TTT TTT GAG AAC TTG TAT GTC AAG GCC GAG TAC GTG GTG GGG TGC AAG ATC GAA AAC GTC TTG TGG ACA CTG AAG ATT CTG GCT CGT CAC GGT AAA ATT AAC TTG TAC GAG GGG GAC GGC AAA CAG GGT GGG GTG GCC ACC AGG AGC GCA TTT AAC AGG CCT AGC AAC CGG CAA TAC ACG GGT TAT AAC GCA AAC TAC AGC GCG CAG TCG ATC AAG TGC AGA CCA AAG CTC GGC GCG GCC CAA CGG CGC AAG CGC CGG AAC GCG CAG CGG GCC AGC CGC GCC TAC GGC AAC TGG AGA ACG GCC CCT AAG TTG CGG GCT AAC CAA GGG AGC GAC GTC TTC AGG GTG CGG CGC CGC AAC GGG TAC GAC TCA ACG CAT CGA GAG ACC CCA AAC CCG AAG TCG CAA TCT ACG GCT TTC GAC ATT CTA CAG ACC AAG CCA GGT CGC TTC GCT AAG CAG TCT CAA AGC CAA TAC ATC AAA CAG CGC ACG GCA GGT TTC CTG CTA TTC TAC GTG TAC AAC ATC GCG TAC CAG CAG GTG GGC CAT ACG CCT GGC TAC TAC CAG GCT TTG TGG CGC GCT ACG CGG GAC AAC ACG ATC CGC GCG GGC AAA CAA GCG CGG GAC GAC CAG GCT TTT GCG GAC CCA GGT CGC CGC ATT TCG CTG ATG GTG GCG CAG AAC GGG CGT TCT CAG GTG CAG ACG GCC TCG ACA AGA GTC GAA TGG GAG GTT TGC 
Klac                            ACC TTA AAG GAT ACT GTC AAG ACC AAT CTC TTG GCT GCT ATT TTT TCG GCT CAA CGA CAT AAC AAG TTC AAT CCT AGG GGC TCT AAG AAA GCA ATC ACC GGA AAC TTG ATT CCA ACT GAG AAG CGG TCC GGG GAC CCA CCC CCA TGT TTC ACT GCA TCT CCA CCA TTG CAA CAT AAC TTC AAG TTG TGT TCC TGT GAC CAC TTC TAC AAA TGG TTA TCT GTC TTA TTA CCT TTG GCG CAA AAG TCT AAG TGT GCT ACG TTC AAG GCT CCA AAC CTA GAA TAT GGA AAT ATT TAC TTC AAG GCT AAG GCT GAC AAG TGG TTA ATC TAT ACC TTC GCT ACG GAT TTG CTT TTG CTA GTT ATC TCA ATC CTA GAA AGG ATA CGG TAC TTC TTG CAA AAC ATC AAA GTG TGG TCT CTC TCT AAG TAT GGT AGA AGG ACT AAG TAC TAC ACA TAT ATG TTA GAT TCA ACT TTT TTC GAA GAC TTG TAC GTC ACT GCT GAA TAC ATC GTC TTA TCT AAG ATA GAA GAC GTG TTG TGG TCC TTG AAA TTC TTG GCT CTT GAT GGT AAA ATT AAC CTA TAT GAA AAT GAC GAT CTA CAA GGT GGG GTC GCT TCT AGG TCT GCT TTT AAT AGG CCA TCT CAA AGG CAA TAC TCT GGT TAC GGA GAA AAC TAT TCT GCT AAG TCT ATC AAG TGC CGT CCA AAA CTA GTT GCT GCA CAA AGG AAG TCG AAG AAA AAC GAG CAA AGA GCT AAT AGA GCT TAT GGT GAT TGG CGT ACG TCT CCC AAG TTG TAC GCT GAC CAT AGA AAT GAC GTG TCG AGG CCT TAC AGA AGA AAT GGG TAT GAC CTC TGG CAC AGG GAA ACT CCA ACG CCA AAG TCT CAG TCT ACG TCA TTC GAC ATT TTG CAA ACC AAG CCA GGT AGA TTC GCT AAA CAA TCA CAA AAT CAG TAT GTT AAA CAA AGA ACT GAA GGT TTC TTG TTG TTT TAT ATC TAT GGA ATC GCG TAT CAG AAG ATC GAT CAT ATG CCA AGC TAT TAT CAA GCT TTA TGG AAG GCT ACG AGA GAT GGA GGC ATC AGG GCG AAC AAA CAA GAG AGG GAT GAT CAA GCT TTC GAG GAT CCA GGT AGA AGA ATT TCT CTC ATG GGT GCG CAA AAC GGC CTT TCT CAA GGT CAA ACG CGG TCC ACA AGA ATC GAT TGG GAA GTT TGT 
Calb                            ACT CAA TCC GAC TCA ATC CAA ACC AAC CAA TTG TCC TCT TCT ATG GTT GCA CAA CGG CAC AAC AAG TTT AAC CCT AGT AAC TCG AAA CAA GCT AAG ACC GGA AAC TTA ATT CCA ACT CAA AAC CAC TCT AAT AAC GTT CCG CCA GTC TTC TCA GCA TCT CCA CCA TTG CAA CAC AAC TTG AAG TTA TGT AAC TCT AAC CAT TTC TAC AAA TGG TTA TCT GCT TTG GCC CCA TTA GCA AAT AAC GCC AAA TGT GCT TTT AAA AAA GCT CCA AAC CTA TTG TAT GGT AAA TTA TGG TTT AAC GCG CAA TCT GAC AAG AGA TTG GTT TAC TCG TTC TCT TGT GAA TTA CTT TTG TTA GTT ATC GAC ACT TTA TTG AGA GCC CAC TAC TTT TTG CAA AGA ATC AAA GTG AGA TCG CCC TCA AAC TAT GGT CGT AGA ACT AAG TAC TAT ACC TAT AAC TTG GAT TCA TCA TTC TTT GAA GAC ATC TAT GTT GAT ACT GAA TAC GTT ATT GCC AGC AAA ATT GAA GAC GTT TTA TGG GTA TTA AAA TTG TTG GCT CAA GCA GGT AAG ATT AAT TTA TAT GAA ACC GAA AAT AGA CAA GGT GGA ATT GCC TCC AGA GCT GCA TTT AAC AGA CCA TCG TCA AAA TCA TAC CAA GGT TAT GGG CCA AAC TAT GCT GCG AAG TCA ATT AAA TGT CGT CCA AAA CTA CAA GCG GCA TCA AGA AGA GTT AGA CAA AAC CAA CAA AGA GCC TCC AGG GCT TTT GGT AGA TGG CGT TTT CCA CCA AAA TTA TGG TCT GAC ACC AAC TCC GAC GTT AAC AGA ATT TGG CGT CGT AAA AAT TAC GAT CCC AGA CAC AGT TTG TCA CCT CAA CCT AAA TCT CAA TCT ACA TCA TTC GAT TCT TTG CAA ACT AAG CCA GGT CGT TTC GCC AAA CAA TCT TCA TCC CAA TAT ATT AAA CAA CGT ACT CCA GGT TTT GTG GTT TTC TAT GTT TTT GGG ATT GCA TAT CAA CAA GTT AAT CAC AAC CCT GGA TAT TAT CAA GCT TTG TGG AGA TCT TGT CGA GAC GGG AAC ATT AGA GCA TTT AAG TCA CAA AGA GAT GAT CAA TCT TTT CAA AAT GAA GGT CGT CGG ATT TCA TTG ATG AAC GCA CAA AAC GGT CAA TCT CAA AAC CAA TGT CAC AAC ACC AAA ATC GAA TGG GAA GTT TGT 



Printing out site pattern counts


         9        729  P

Scer                            AAA AAA AAA AAA AAA AAA AAA AAA AAA AAA AAA AAA AAA AAC AAC AAC AAC AAC AAC AAG AAG AAG AAG AAG AAG AAG AAT AAT AAT AAT AAT ACA ACA ACA ACA ACC ACC ACC ACC ACC ACG ACT ACT ACT AGA AGA AGA AGA AGA AGA AGA AGA AGA AGA AGA AGC AGC AGC AGC AGG AGG AGG AGG AGG AGG AGT ATA ATC ATC ATC ATG ATG ATG ATG ATT ATT ATT ATT ATT ATT CAA CAA CAA CAA CAA CAA CAA CAA CAA CAA CAC CAC CAC CAC CAG CAG CAG CAT CAT CAT CCA CCA CCA CCA CCA CCG CCG CCG CCT CCT CCT CCT CGA CGG CGT CTA CTA CTA CTC CTG CTG GAA GAA GAA GAA GAC GAC GAC GAC GAC GAG GAG GAG GAT GAT GAT GAT GAT GAT GAT GCA GCA GCC GCT GCT GCT GCT GCT GCT GCT GCT GCT GCT GGA GGA GGA GGC GGC GGC GGC GGG GGG GGT GGT GGT GTA GTC GTC GTC GTC GTG GTG GTT GTT GTT GTT GTT GTT TAC TAC TAC TAC TAC TAC TAC TAT TAT TAT TAT TAT TAT TAT TCA TCA TCA TCC TCC TCC TCG TCG TCT TCT TCT TCT TCT TCT TCT TGC TGC TGG TGT TGT TGT TTA TTA TTA TTA TTA TTA TTA TTA TTA TTA TTC TTC TTC TTC TTC TTG TTG TTG TTG TTG TTG TTG TTG TTG TTT TTT TTT TTT TTT TTT 
Sbay                            ... ... ... ... ... ... ... ..G ..G ..G ..G ..G C.G ... ... ... ..T ..T .G. ... ... ... ... ... ... ... ..C ... ... ... G.. ... ... ..G ..T ... ... ... ... ... ... ... ... ... ... ... ... ... ... ... ... ... ... ..G ..G ... ... ... ... .C. ..A ..A ... ... ... G.A ... ... ... ..T ... ... ... ... ..C ..C ..C ... ... ... ... ... ... ... ... ... ... ..G ..G ..G ... ... ... ..T ..A ..A ... ..C ..C ... ... ... ... ..G ..T ..A ..A ... ..A ..C ..C ..G ..G ..A ..C ... T.. T.G ..G ... T.. ... ... ..G ..G A.. ... ... ... ... ..A ... ... ..C ..C ... ... ... ... ... ..C ..G ... ..A ..C ..G ... ... ... ... ... ... ... ... ..C ..G ... ... ..T ..T ..A ... ..C ... ... ... ..A ... ..T ..T A.. A.T A.C ..G ... ... ... ... ... ... ... ... ... ... ..T ... ... ... ... ... ... ... ..C ..C ..T ..A ... ..T ..C ... ..C ..C ..C ... ... ... ... ..T ..T ... ... ... ... A.G C.G C.G ... ... ... ... ... ..G ..G ... ... ... ... ..T C.A C.. C.. ..A ... ... ... ... ... ..C ..C ..C ... ... ... 
Smik                            ... ... ... ... .C. G.. G.T ... ... ... ..G ..G C.C ... ... ..T ..T ..T .CT ..A ..A ..A ... ... ... ... ..C ... ... ... ... ... .TC ... ... ... ... ... ... ..T T.A ..C ... ... ... ... ... ... ... ... ... ... ... ... ..G .AA ... ... ..T .C. ..A ..A ... ... ... ..C ..T ... ... ... ..A ... ... ... ..C ..C ... ..C ... ... ... ... ... ... ..G ..G ..G ... ... ..C ATG ... ... ..A ..A ..A ... ... ... ... ... ... ... ... ... ..A ..A ..A ..A ..C ..C ..C ..T ... ..A ... ..G ..T A.G ..A ... ... .GT ..G ..G ... ... ... ... ... ..A ..A .GA ... ... ... ... ... ... ... ..G ... ... ... ..C ..C ... ... ... ... ... ... ... ..T ..T ..G ..A ..A ..T ..T ..T ..C ..C ... ... ... ..A ..A ... ..T AC. A.. ..G ..A A.. ... ... ... ... ... ... ... ..T ..T ..T A.. ..C ..C ... ... ... .TC ... ..C ..T ..T ... ... ..A AAA ..C ... ... ... ... ... ... ..T ..T ... ..C ... ... ... ..G ..G ... ... ... ... ..G ... ..G ... ... ... ..T ..T CAA ..A ... C.A ... ... ... ... ... ..C ... ... ..C ... ... 
Spar                            ... ... ... ... ... ... ... ... ... ..G ... ..G ... ... ... ... ... ..T ..G ..A ... ... ... ... ... ... ... ... ... ... ... ... .T. ... ..T ... ... ... ..T ... ... ..C ... ... ... ... ... ... ... ... ... ... ..G ... ... ... ... ... ..T .C. ... ... ... ... ... ..C ... ... ... ..T ... ... ... ... ... ... ... ... ... ... ... ... ... ..G ... ... ..G ... ..G ..G ... ... ... .GT ..A ..A ... ... ... ... ... ... ... ... ... ... ... ... ... ... ... ..C ... ... ... ... ..G ..G ..A ..A ... ... ... ... ..G ... ... ... ... ..T ..A ..A ... ... ... ... ... ... ... ... ... ... ... ... ..C ... ..G ... ... ... ... ... ... ... ... ..G ..T ..T ..T ..T ... ... ..C ..C ... ... ..A ... ... A.. ... A.. ... ..A A.C ... ... ... ... ... ... ... ... ... ..T ... ... ... ... ... ... ... ... ... ..T ... ... ... ..T ... ..C ..C ... ..C ... ... ... ... ..T ... ... ... ... ... ... ... C.. ... ... ... ... ... ... ... ... ... ... ... ... ... ... ... ..A ... ... ... ... ... ... ... ..C ... ... 
Ncas                            ... ..G ..G CC. C.G ..G ... ... C.T .C. ..G ..G CG. ... TCT ... .GA C.T ..T ... ... ... ..A ... ... ... ..C ..C ... ... G.A ..T .TG ..T GTT ..A ... ..G ..T ..T T.. ..A ..A T.. ... ... ... ... ... ... ..G C.. ... ..G ..G .AA .CA ..T ..T .CT .AA ..A .A. ..A ..A ... ..T ... ... ..T ... ... ... ... ..C T.A ... ... ..C ..C ... ... ... ... ... ..G G.. A.G ... ..G .TT ... ..T A.A ..A ..A ..A ... ... ... ... ... ..T ... ..T ..A ..C ..A G.. ..A ... ..C ..T ... AAA T.. ... T.. T.G T.A ..T ... C.. ... ... A.. ... ..T ..T ..T ..A .TT .G. ... ... ..C ... ... ... ... ... ..T ... ..A ..C ..A ATG ..A ... ... .G. T.C T.. ..T ..T ... ..A ..T ..A ..T .CC AC. ..G ..C ... ..T ... ... ... A.. AAA T.. ... ..C ... A.. .CA ..G ... ..T ..T .T. ... ..T ..T .T. ... ... ... ... .T. .T. ... ..C GAT GGT ... ..T ..A AGT G.. G.. G.A ... ..A ... ... ..T ..T ... GC. ... ... A.G ... ..G ... C.T ... ... ..G ..G C.. ACG ... ... ..T ..T A.. ..A ... ..A ..A ..A ... ... ... ..C ..C ..C ... ..C ..C 
Cgla                            ..G ... ..G CC. ... ... ..G ... G.G ..G ..G ... ..G ... TC. C.A ... ..T GCA .GA ... ... ... ... ... .GA ..C ... ..C ... G.. ..T T.T ..T ... ..A ... ..T ... ... G.A ..G ... ... ... ... ... ... ..G ..G C.T ..G ... ... ..G .AT ..T ... ... ... ..A ..A GTC ..A ... ... ..T ... ... ... T.. ..A ... ... G.C ..C ... ..C ..A ... ... ... ..G ..G ..G TT. GTT ..G ... ..G TGG ... ... A.A ... ... ... ..C ... ..C ... ... ... ... ..T ..A ..A ... ..A ... ..A ..G A.G ..A A.A ..G T.G ..G ..A A.. G.T ... ..T ..G ..G A.. ... ... ..T ... ..A ..A AG. ..C ..C ... ..C ... ... ... ... ... ..T ..C T.G ... ..A ..A ..C ... ... T.. ... ..T ..G ... ... ..T ..T ..T ..C ..C ... .CC ... ..G ..G ..T ... AGT C.T AGT ..C ... ... ... TG. ... ... ... ... ... ..T ..T ..T .T. ..C ... ..C ..C ... ... ..G ..C G.. ..T ..T ..G ..C .T. G.. G.C GTA ..G ... ... ... ..T ..T ... GT. ..C ... C.. C.G C.T ..G ..G C.. ... ..G C.C C.G ... ... ... ..T ..T CGA C.T ..A C.C C.C ... ... ... ... ... ..C ..C ..C ..C ... 
Agos                            ..G ... ..G CCC G.C CGG C.C ..G C.G ..G ..G ... C.G ... TCG ... TCG GGG ..G GCC ..A ... ... ... ... .GA ..C ..C ..C ..C G.C ..G CGG ..G G.T ..A ... ... ..T ..G T.. ..G ..C ..C C.C C.C C.G C.G C.C C.G C.. C.G C.C C.C C.G G.G ... .A. ... .CA .AA C.C C.A ... ..A G.C ..C ... ... G.. ..T .C. ... C.C ... ..C ... ..C T.G ..C ... ..G ..G ..G ..G .GT TGC ... ..G ... ACG ... GT. GCA ..A ..A ... ... ... ... ... ..T ... ..G ..C ... ..A ..T ..A ... ... ..A ..G ..A AAG ..C ..C A.G T.G ... G.. ..G A.C ... ..G ... ... ... ... ... ..A .T. .GC ..C ..C ..C ..C A.G ..C ..C ..G ..C ..T ..G C.G ..C ..G ..G ... ... ... ..C ..C .CG ..G AAC ..G ..G ..G ... ..C AC. ... .CC ... ..C ..G ... ..G .A. AC. ... ... ..G ..G TCG TCA ... ... ... ..T ... ... ... ... A.C ..C ..C ..C ..C ..C A.C AGC G.C G.T AA. G.A ..G ... GA. ... G.A GGC AGC ... ..C ... ... ... ... A.C ..C ..C C.C C.G A.T C.. C.G ..G ..G C.T C.G ..G ... ... ... C.A ... GG. C.. ... C.C C.. ... C.A ... ... ... ..C ... ... ... ... 
Klac                            ... CT. ..G CCT ..G ... G.T ... ..G ..G ..G ..G ..G ... TC. ... ..G ..T TCG CG. ..A ... ... ... ... .GA ..C ... ... .CG G.C ..G TAC ..G ..C ..A ... ..T ..T ..G T.T ... ..C T.. ... ... ... ..G ... ..G ..G .AC ... .AG ..G ..A .AT .AT TCT TCC .AA ... .A. ... C.T ..C ..C ... ... ... T.C ... ... C.C ... ..A ... G.C ..C G.. ... ... ... ... ... .TT TCT ... ... ..T TGG ... AT. G.A ..A ... ... ..C ... ... ... ... ... ... ... ..A ..A ..A ..A ... ..C ..C A.. ..A AAA T.. ... T.. ..A A.T G.T ... ..T ... ... ... ... ..T ..T ..T ..T ATC ..T ..C ..C ... ..C AC. ... ... ..T ..T ..T ..G ..A ..A .AG ... ... ... ... ... ... ... ..C ... ..G ..G ..A ..T .TT ..C ... TC. ... ..G ... ... ... A.A TCT .GT A.C ..G CC. .C. C.C ... ... ..T ... ... ..T ... ..T C.A ... ... ... ... ... .TC ... G.T ... GA. ..T ..T ..T GAA .G. G.. AAC ... ..A ..C ... ..T ... ... CCA ... ... C.T C.C ..G ..G ... ... ..G ..G ..G ... .CG ... ... ... ... ..A ... ... C.A ... ... ... ... ... ... ... ... ..C ..C ... 
Calb                            ... .G. TCC CC. ..G C.. GC. ... C.. ..G ..G C.. ..G ... ... ..T ... .C. GTT C.C ..A ..A ..A ..A ... ..A ..C ..C ..C C.A G.A TGT TGG TTT T.G ... ... T.A ..T ..A T.T ... ... T.C ..G C.T ... ... C.G .A. ..T ... C.T ... ... .A. TC. .AA GCT GTA .A. ..A .AA ..A C.T G.A ..T ... ..T ... T.. .AC ... CAA ... ... TC. GC. .AG ... A.T ... ... ... ... ... AGC TC. ... ACC AGA ..T ACT .CA ..A ..A ..A ..C ..C ..C ... ... ... ..T ... ..A ..T ..T GAA ... ..A ..G ... ... AAA T.G ... T.G T.A T.A G.T ... AG. ... ... A.. ... ..T ..T ... ..A .TT A.T ..C ... ..A ... ... A.. ... ..G ..C T.T ..A ... ..A CAA T.C ... ... ..C A.. ... ..T ..T ..G ..A AAT ..A ..T CAA AAC ... CCA ... ..T A.T ..T A.. .C. CAA AAC ... ..G A.. .CA CCC ... ... ..T ..T ... .TT ... ..T .CA ... ... ..C ... ... A.A GAC G.C ... GA. G.. ..A ..A .T. ... G.A .T. ..G ... ... ... ..T ..T ... GT. ... GTC C.T ..G ..G ..G ... CA. ... ... ... ..G AA. ... ..T ..G ... GCC G.. ..A ..A ... ... G.T A.C ... ..C ..C A.G ..C ... ... 

    2    1    1    1    1    2    1    2    2    1    1    1    2    6    2
    1    4    1    2    3    1    1    2    3    1    1    1    1    2    1
    1    3    3    2    1    2    2    4    1    1    2    2    2    1    1
    3    1    2    1    1    2    1    3    3    1    1    3    2    2    1
    2    1    1    4    2    1    1    1    2    2    1    2    1    1    3
    1    2    1    1    1    1    4    2    2    2    2    1    4    2    1
    3    1    1    2    1    2    1    1    1    2    4    1    1    1    1
    1    1    1    1    1    1    1    1    1    1    1    2    2    2    1
    1    2    1    1    2    2    1    1    1    2    1    3    2    1    1
    1    1    1    1    1    3    1    6    4    1    2    4    1    1    1
    1    1    3    1    1    3    1    2    1    2    1    2    1    1    5
    2    2    1    1    1    1    2    1    1    1    1    2    1    3    1
    3    1    2    1    1    1    1    3    2    1    3    1    1    1    2
    3    1    1    2    3    1    1    1    3    1    1    3    1    1    5
    1    2    1    1    1    1    2    1    1    1    1    4    1    1    2
    3    1    1    2    1    1    1    1    1    1    1    1    1    1    1
    2    3    1

CODONML (in paml version 4.9j, February 2020)  temp.nuc
Model: One dN/dS ratio, 
Codon frequency model: Fequal
ns =   9  ls = 394

Codon usage in sequences
--------------------------------------------------------------------------------------------------------------------------------------
Phe TTT   9   7   8   7   9   5 | Ser TCT  11  11  15  10  14  13 | Tyr TAT  12  13  10  13  13  11 | Cys TGT   4   6   5   5   5   5
    TTC   8  10  10  10  13  13 |     TCC   5   8   4  10   3   5 |     TAC  12  11  12  11   5  12 |     TGC   2   0   1   1   0   2
Leu TTA  14   9  11  13  14   4 |     TCA   4   3   5   2   4   0 | *** TAA   0   0   0   0   0   0 | *** TGA   0   0   0   0   0   0
    TTG  10  13  10   9  14  14 |     TCG   5   3   0   3   2   6 |     TAG   0   0   0   0   0   0 | Trp TGG   5   5   5   5   5   8
--------------------------------------------------------------------------------------------------------------------------------------
Leu CTT   0   0   2   0   5   3 | Pro CCT   4   1   0   3   3   2 | His CAT   4   4   4   4   8   1 | Arg CGT   1   0   1   3   1   2
    CTC   2   0   0   0   0   6 |     CCC   0   2   3   1   2   0 |     CAC   7   7   5   5   1   5 |     CGC   0   1   0   0   0   0
    CTA   5   3   3   6   3   4 |     CCA   8   9  12   8  10  12 | Gln CAA  21  17  22  18  18   8 |     CGA   1   1   1   1   3   3
    CTG   2   7   3   5   0   5 |     CCG   3   3   0   3   0   2 |     CAG   4  10   6   7   4  15 |     CGG   1   1   1   1   1   0
--------------------------------------------------------------------------------------------------------------------------------------
Ile ATT   9   7   6  11   7   4 | Thr ACT   5   6   6   5   8  12 | Asn AAT   6   9  12   7   5   4 | Ser AGT   1   0   2   2   8   7
    ATC   5  10  13   5   9   7 |     ACC  10  10  11  11   2   4 |     AAC  16  12   9  13  11  15 |     AGC   8  10   6   7   0   4
    ATA   1   1   1   4   0   3 |     ACA   9   6   7   5  10   3 | Lys AAA  18   9  19  19  14   9 | Arg AGA  19  18  21  16  23  25
Met ATG   5   7  11   7  15   3 |     ACG   2   5   2   3   7   2 |     AAG  12  19   9  13  21  16 |     AGG  11  11   8  13   6  10
--------------------------------------------------------------------------------------------------------------------------------------
Val GTT   7   7   5   5   8   8 | Ala GCT  19  12  16  14   7  14 | Asp GAT   7   6   8   9  12   7 | Gly GGT   7   9  13  11  15  12
    GTC   5   1   1   2   5   6 |     GCC   6  10   9   7   8   7 |     GAC   7   7   7   5   2   7 |     GGC   6   5   3   2   1   4
    GTA   2   4   6   5   0   1 |     GCA   4   4   1   4  13  15 | Glu GAA   6   4   8   8   8   6 |     GGA   5   3   5   2   5   3
    GTG   3   1   1   1   1   4 |     GCG   0   3   3   4   0   0 |     GAG   6   8   3   4   0   5 |     GGG   3   5   3   6   3   1
--------------------------------------------------------------------------------------------------------------------------------------

--------------------------------------------------------------------------------------
Phe TTT   8   4  12 | Ser TCT   5  18  16 | Tyr TAT   3  14  13 | Cys TGT   0   5   7
    TTC   8  14   7 |     TCC   1   4   6 |     TAC  19  11   7 |     TGC   6   1   0
Leu TTA   0   8  12 |     TCA   2   4  14 | *** TAA   0   0   0 | *** TGA   0   0   0
    TTG  10  16  16 |     TCG  12   3   4 |     TAG   0   0   0 | Trp TGG   5   8   8
--------------------------------------------------------------------------------------
Leu CTT   1   3   1 | Pro CCT   4   3   4 | His CAT   4   4   1 | Arg CGT   2   2   8
    CTC   6   4   0 |     CCC   2   2   2 |     CAC   2   2   7 |     CGC  12   0   0
    CTA   4   6   2 |     CCA   8  13  13 | Gln CAA   9  19  32 |     CGA   4   1   1
    CTG   9   0   0 |     CCG   3   0   1 |     CAG  17   3   0 |     CGG  12   3   2
--------------------------------------------------------------------------------------
Ile ATT   7   6  11 | Thr ACT   1   8   7 | Asn AAT   0   9   7 | Ser AGT   0   0   2
    ATC   7  12   5 |     ACC   9   5   6 |     AAC  23  10  26 |     AGC  10   1   1
    ATA   0   2   0 |     ACA   3   2   1 | Lys AAA   5  10  18 | Arg AGA   3  12  18
Met ATG   3   3   2 |     ACG  16   7   0 |     AAG  18  24   9 |     AGG   4  11   1
--------------------------------------------------------------------------------------
Val GTT   2   4  13 | Ala GCT  12  21   9 | Asp GAT   0  12   6 | Gly GGT   6  10  10
    GTC   6   5   1 |     GCC  12   0   7 |     GAC  16  10   8 |     GGC   7   3   0
    GTA   0   0   1 |     GCA   4   3   9 | Glu GAA   2  10   9 |     GGA   0   5   3
    GTG  11   3   2 |     GCG  13   4   3 |     GAG   7   4   0 |     GGG   9   3   3
--------------------------------------------------------------------------------------

Codon position x base (3x4) table for each sequence.

#1: Scer           
position  1:    T:0.25635    C:0.15990    A:0.34772    G:0.23604
position  2:    T:0.22081    C:0.24112    A:0.35025    G:0.18782
position  3:    T:0.26904    C:0.25127    A:0.29695    G:0.18274
Average         T:0.24873    C:0.21743    A:0.33164    G:0.20220

#2: Sbay           
position  1:    T:0.25127    C:0.16751    A:0.35533    G:0.22589
position  2:    T:0.22081    C:0.24365    A:0.34518    G:0.19036
position  3:    T:0.24873    C:0.26396    A:0.23096    G:0.25635
Average         T:0.24027    C:0.22504    A:0.31049    G:0.22420

#3: Smik           
position  1:    T:0.24365    C:0.15990    A:0.36294    G:0.23350
position  2:    T:0.23096    C:0.23858    A:0.34010    G:0.19036
position  3:    T:0.28680    C:0.23858    A:0.30964    G:0.16497
Average         T:0.25381    C:0.21235    A:0.33756    G:0.19628

#4: Spar           
position  1:    T:0.25127    C:0.16497    A:0.35787    G:0.22589
position  2:    T:0.22843    C:0.23604    A:0.34518    G:0.19036
position  3:    T:0.27665    C:0.22843    A:0.28173    G:0.21320
Average         T:0.25212    C:0.20981    A:0.32826    G:0.20981

#5: Ncas           
position  1:    T:0.25635    C:0.14975    A:0.37056    G:0.22335
position  2:    T:0.26142    C:0.23604    A:0.30964    G:0.19289
position  3:    T:0.32487    C:0.15736    A:0.31726    G:0.20051
Average         T:0.28088    C:0.18105    A:0.33249    G:0.20558

#6: Cgla           
position  1:    T:0.24873    C:0.17259    A:0.32487    G:0.25381
position  2:    T:0.22843    C:0.24619    A:0.30711    G:0.21827
position  3:    T:0.27919    C:0.24619    A:0.24365    G:0.23096
Average         T:0.25212    C:0.22166    A:0.29188    G:0.23435

#7: Agos           
position  1:    T:0.20051    C:0.25127    A:0.27665    G:0.27157
position  2:    T:0.20812    C:0.27157    A:0.31726    G:0.20305
position  3:    T:0.13959    C:0.37056    A:0.11168    G:0.37817
Average         T:0.18274    C:0.29780    A:0.23519    G:0.28426

#8: Klac           
position  1:    T:0.27919    C:0.16497    A:0.30964    G:0.24619
position  2:    T:0.22843    C:0.24619    A:0.36041    G:0.16497
position  3:    T:0.31218    C:0.21320    A:0.24112    G:0.23350
Average         T:0.27327    C:0.20812    A:0.30372    G:0.21489

#9: Calb           
position  1:    T:0.30964    C:0.18782    A:0.28934    G:0.21320
position  2:    T:0.21574    C:0.25888    A:0.36294    G:0.16244
position  3:    T:0.32234    C:0.21066    A:0.33756    G:0.12944
Average         T:0.28257    C:0.21912    A:0.32995    G:0.16836

Sums of codon usage counts
------------------------------------------------------------------------------
Phe F TTT      69 | Ser S TCT     113 | Tyr Y TAT     102 | Cys C TGT      42
      TTC      93 |       TCC      46 |       TAC     100 |       TGC      13
Leu L TTA      85 |       TCA      38 | *** * TAA       0 | *** * TGA       0
      TTG     112 |       TCG      38 |       TAG       0 | Trp W TGG      54
------------------------------------------------------------------------------
Leu L CTT      15 | Pro P CCT      24 | His H CAT      34 | Arg R CGT      20
      CTC      18 |       CCC      14 |       CAC      41 |       CGC      13
      CTA      36 |       CCA      93 | Gln Q CAA     164 |       CGA      16
      CTG      31 |       CCG      15 |       CAG      66 |       CGG      22
------------------------------------------------------------------------------
Ile I ATT      68 | Thr T ACT      58 | Asn N AAT      59 | Ser S AGT      22
      ATC      73 |       ACC      68 |       AAC     135 |       AGC      47
      ATA      12 |       ACA      46 | Lys K AAA     121 | Arg R AGA     155
Met M ATG      56 |       ACG      44 |       AAG     141 |       AGG      75
------------------------------------------------------------------------------
Val V GTT      59 | Ala A GCT     124 | Asp D GAT      67 | Gly G GGT      93
      GTC      32 |       GCC      66 |       GAC      69 |       GGC      31
      GTA      19 |       GCA      57 | Glu E GAA      61 |       GGA      31
      GTG      27 |       GCG      30 |       GAG      37 |       GGG      36
------------------------------------------------------------------------------


Codon position x base (3x4) table, overall

position  1:    T:0.25522    C:0.17541    A:0.33277    G:0.23660
position  2:    T:0.22702    C:0.24647    A:0.33756    G:0.18895
position  3:    T:0.27327    C:0.24224    A:0.26340    G:0.22109
Average         T:0.25183    C:0.22138    A:0.31124    G:0.21555

Codon frequencies under model, for use in evolver (TTT TTC TTA TTG ... GGG):
  0.01639344  0.01639344  0.01639344  0.01639344
  0.01639344  0.01639344  0.01639344  0.01639344
  0.01639344  0.01639344  0.00000000  0.00000000
  0.01639344  0.01639344  0.00000000  0.01639344
  0.01639344  0.01639344  0.01639344  0.01639344
  0.01639344  0.01639344  0.01639344  0.01639344
  0.01639344  0.01639344  0.01639344  0.01639344
  0.01639344  0.01639344  0.01639344  0.01639344
  0.01639344  0.01639344  0.01639344  0.01639344
  0.01639344  0.01639344  0.01639344  0.01639344
  0.01639344  0.01639344  0.01639344  0.01639344
  0.01639344  0.01639344  0.01639344  0.01639344
  0.01639344  0.01639344  0.01639344  0.01639344
  0.01639344  0.01639344  0.01639344  0.01639344
  0.01639344  0.01639344  0.01639344  0.01639344
  0.01639344  0.01639344  0.01639344  0.01639344


TREE #  1:  (((((1, 4), (3, 2)), 5), 6), ((7, 8), 9));   MP score: 1282
This is a rooted tree.  Please check!
lnL(ntime: 16  np: 18):  -7396.143646      +0.000000
  10..11   11..12   12..13   13..14   14..1    14..4    13..15   15..3    15..2    12..5    11..6    10..16   16..17   17..7    17..8    16..9  
 0.147113 0.312602 0.302728 0.145867 0.139821 0.148129 0.012045 0.415712 0.273950 1.017143 0.579439 0.129336 0.160377 1.581129 0.619850 1.963355 1.825394 0.108973

Note: Branch length is defined as number of nucleotide substitutions per codon (not per neucleotide site).

tree length =  7.948595

(((((1: 0.139821, 4: 0.148129): 0.145867, (3: 0.415712, 2: 0.273950): 0.012045): 0.302728, 5: 1.017143): 0.312602, 6: 0.579439): 0.147113, ((7: 1.581129, 8: 0.619850): 0.160377, 9: 1.963355): 0.129336);

(((((Scer: 0.139821, Spar: 0.148129): 0.145867, (Smik: 0.415712, Sbay: 0.273950): 0.012045): 0.302728, Ncas: 1.017143): 0.312602, Cgla: 0.579439): 0.147113, ((Agos: 1.581129, Klac: 0.619850): 0.160377, Calb: 1.963355): 0.129336);

Detailed output identifying parameters

kappa (ts/tv) =  1.82539

omega (dN/dS) =  0.10897

dN & dS for each branch

 branch          t       N       S   dN/dS      dN      dS  N*dN  S*dS

  10..11     0.147   856.7   325.3  0.1090  0.0151  0.1385  12.9  45.0
  11..12     0.313   856.7   325.3  0.1090  0.0321  0.2942  27.5  95.7
  12..13     0.303   856.7   325.3  0.1090  0.0310  0.2849  26.6  92.7
  13..14     0.146   856.7   325.3  0.1090  0.0150  0.1373  12.8  44.7
  14..1      0.140   856.7   325.3  0.1090  0.0143  0.1316  12.3  42.8
  14..4      0.148   856.7   325.3  0.1090  0.0152  0.1394  13.0  45.3
  13..15     0.012   856.7   325.3  0.1090  0.0012  0.0113   1.1   3.7
  15..3      0.416   856.7   325.3  0.1090  0.0426  0.3913  36.5 127.3
  15..2      0.274   856.7   325.3  0.1090  0.0281  0.2578  24.1  83.9
  12..5      1.017   856.7   325.3  0.1090  0.1043  0.9573  89.4 311.4
  11..6      0.579   856.7   325.3  0.1090  0.0594  0.5454  50.9 177.4
  10..16     0.129   856.7   325.3  0.1090  0.0133  0.1217  11.4  39.6
  16..17     0.160   856.7   325.3  0.1090  0.0164  0.1509  14.1  49.1
  17..7      1.581   856.7   325.3  0.1090  0.1622  1.4881 138.9 484.0
  17..8      0.620   856.7   325.3  0.1090  0.0636  0.5834  54.5 189.8
  16..9      1.963   856.7   325.3  0.1090  0.2014  1.8479 172.5 601.0

tree length for dN:       0.8152
tree length for dS:       7.4810


Time used:  0:09
