      9   1179

Scer                            TTA TTA TTC ATG GAC GCG GAA GTG TAC GAA CAG GGT GAA AAG TCT GAC GCA ATG TTG GTT GAG AGA ATT AGA GAT TCT GCA ATG ACG AGA AGA AGA CAA AAG GAT GCA CAC ATC GAA ATC GTT TGG GCA AGA ACG GAC TTG CTG AAG GAA GAC GGT ATA GAT TTT ACT CAA AAG GAA GCC TAC GAT AGA AGA TGG TTT CTT CCT CTT CTG AAG TTG TCT AAT AAG AAA GAC TCC TCA AAA CTG TTG AGT GAA TTG AGA GTG TTA CTT ATT AAT TAC TCC AGA AAA CAC AGT CTG CAA AGT AAC GGA ACT AGA CCA TTA AAG TCA GTC TTG AGA GCA GTG TTG CAA AAT TAC GAT TCT CCT GAT GAG CCA CTG GAT AAG ATG TTC TTG GGT TCT GAC ATT CAA TAT CAA GGT AAG TCA TTC TAT TGG ACT GTG TTC ATT GAC AGC GAA GGT AAT AAC ACT TAT GAG CGT GAA AGA TAC CAA TTG GGA GAA GAA AGG TTT TTC GAA GTT GAT AGA CAT CTG GAA TAC GAG GTG AAT GGT GAA TCA CTG GCT CAG GAC TTC GCT TTT GGT AAT ACC ACC AGA ATT TCC GAA GAC AAA GAA GAA CCA TTT AAA AAA ACT TGG TCC GCA GCC CGA CAA GAT GGC TGG ATG ATC ACT AAG TCT AAC AGA GTG TGG CTG AAA GCA GAA TTA AGA AAT AAA CAG CGT TTA AGA AAC TAC TCT AGA ATT GTT GAA TCC AGA TTG GGT CGT TCC CAA TTG AGT AGA AAA TAC CAA GAT GGT AAT AAG CTG GCA CAC AAG AGA AGT ATG AGT AAC GCT AAC AAA AAG TTT GCA CGA ACG AAG TTC GAA AAA CAC GGT ATA GAG GAA ATT TCA AAG AAG CCA CCA AAA ACT ACC GCA TCC GAA GCA TCC TCC AAA CCA AAG AGG TCT TTT TCC TTG CGT GTT TCT GGA GCA ATT GAA AAG TTG CAA CGT TTC TAT ACT GAA TGG AGT CAT CAC GAC ATT TCT ATA GGA GAT ACT GAA CAA ATT GCG TAC TTC TTT TAC GAT TTC ATG AGA AAT ACT GAT AAT CCA GAC ATT GTT TAC ACG ATG AGA TAC AGA CTG CGA ACG AAA TTC GAT GAA GAT TCT GTC AGT TTG TTG GAT CAA GGT ACC CAA AAG ACT CCA GTC ACG TCA GAA TAC AAC GAT ATA CCT TTG GAC GAA 
Sbay                            TTG TTG TTC ATG GAC GCG GAG GTT TAC GAA CAG GGT GAA AAA TCC GAT GCA GCA CTA GTC GAA AGA ATC AGA GAT TCC GCA ATG ACC AGA AGA AGA AAT AAA GAT GCA CAC ATC GAA ATC GTC TGG GCA AGG ACT GAT CTA CTA AAA GAA GAT GGT ATA GAT TTC ACC CAA AAA GAA GCC TAC GAT AGA AGA TGG TTT CTA CCT CTA CTA AAG TTA TCT AAT AAG AAA GAT TCG TCG AAA CTA CTG AGT GAA CTA AGA GTT TTG TTG ATC AAC TAC TCC AGA AAA CAC AGT CTG CAA AGT AAC GGC ACA AGA CCC TTA AAA TCG GTC TTG AGA GCA GTA TTG CAG AAC TAC AAG TCT CCC GAT GAA CCA CTG GAT AAG ATG TTC CTT GGC TCT GAC TTG CAA TAT CAA GGT AAG TCG TTT TAT TGG ACC GTG TTC ATC GAC AGC AAG GGT AAC AAC ACA TAT AAC CGT GAA AGA TAC CAG TTG GGC GAA GAG AGA TTC TTC GAA GTC GAT AGG CAT TTG GAG TAC GAG GTG AAT GGT GAA TCC CTG GCC CAG GAC TTC GCT TTC GGA AAC ACT ACC AGA ATC TCC GAG GAC AAA GAA GAC CCA TTC AAG AAA ACC TGG TCT GCG GCC CGA CAA GAT GGT TGG ATG ATC ACC AAG TCC AAC AGG GTG TGG CTG AAG GCA GAA TTA AGA AAC AAG CAG CGT TTG AGA AAC TAC TCC AGG ATT GTC GAA TCT AGA TTA GGT CGT TCC CAA TTA AGT AGA AAG TAC CAG GAT GGT AAT AAG CTA GCA CAC AAG AGA AGT ATG AGC AAC GCT AAC AAA AAA TTC GCG AGA ACA AAG TTC GAA AAG CAC GGT ATA GAA GAG ATC TCG AAA AAA CCG CCG AAG ACC ACG GCG TCG GAC GCG TCC TCC AAA CCA AAA AGA TCA TTC TCC TTA CGT GTC TCT GGC GCA ATT GAA AAA TTG CAA CGT TTC TAT ACT GAA TGG AGT CAT CAC GAC TTG TCT GTT GGC AAG ACC GAA GAG ATC GCG TAC TTC TTT TAC GAT TTC ATG AGA AAC ACC AAG AAC CCA GAT ATC GTC TAT ACT ATG AGA TAT AGA CTA CGA ACC AAG TTC GAC GAA AAG TCT GTC AGC TTG TTA GAT CAA GGT ACG AAT AAG ACT CCA GTC ACT TCT GAA TAC AAC GAT ATA CCT TTG GAC GAA 
Smik                            TTA TTA TTC ATG GAC GCA GAA GTG ATG GAG CAG GGT GAA AAA TCC GAC GCA ATG TTG GTC GCC AGG ATT AGA GAT TCG GCA TAC ACC AGA AGG AGA CAA AAA GAT GCA CAC ATC GAG ATT GTT TGG GCA AGA ACT GAT TTG CTA AAA GAA GAT GGT GTA GAT TTT ACG CAA AAA GAA GCT TAC GAT AGG AGA TGG TTT CTG CCT CTG CTA AAA ATA TCT AAT AAA AAA GAC TCT TCG AAA CTG CTG GAA GAA TTG AGG GTG TTA CTT ATT AAT TAT TCC GAA AAG CAT AGT CTG CAA AGT AAG GGC ACT AGA CCA TTA AAA TCT GTC GTT AGA GCA GTG TTA CAG AAT ATG GAC TCT CCT GAT GAA CCA CTG GAC AAA ATG TTC TTG AGA TCT GAC ATT CAA TAT CAA GGT AAG TCG TTC TAT TGG ACC GTG TTC ATC GAC AGC GAA GGT AAT AAC ACT TAT GAA CGT GAA AGG ATG CAG TTG GGC GAG GAA AGA TTT TTC GAA GTT GAT AGA CAC CTA GAG ATG GAA GTG AAC GGT GAA GCC CTA GCT CAG GAC TTT GCG TTT GGT AAT ATT ACC AGG ATC GGA GAA GAC AAA GAA GAT CCA TTT AAG AAG ACT TGG TCC GCG GCT CGA CAA GAT GGC TGG TAC ATC ACC AAG TCC AAG AGA GTG TGG CTG AAA GCA GAG TAT AGA AAT AAG CAG CGT TTA AGA AAC ATG TCC AGA ATT GAC GAA TCC AGG ATA GGT TTG TCC CAA ATC GAA AGA AAG TAC CAG GAT GGT AAT GAA CTA GCA CAT AAG AGA GAA TAC AGT AAC GCT TTG AAA AAG TTT GCG CGA ACA AAA TTT GAA AAG CAT GGT GTA GAG GAG ATC TCT AAA AAA CCA CCA AAG ACC ACT GCG TCT GAT GCG GGA TCC AAA CCT AAA AGA GAC TTT TCC CTG TTG GTC TCA GGT GCA ATA GAA AAA TTA CAA CGT TTT TAT ACT GAG TGG AGT CAT CAT GAT ATT TCT ATT GGC GAC ACC GAA CAA ATC GCA TAC TTC TTC TAC GAT TTC TAC AGA AAT ACT GAC AAT CCA GAC ATC GTC TAT ACT TAC CGT TAT AGA CTG CGA ACC AAA TTC GAT GCA GAC TCA GTC AGT TTA TTA GAT CAA GGT ACT CAA AAG ACT CCA GTC ACT AGC GAG TAT AAC GAT ATA CCT TTA GAT GAA 
Spar                            TTA TTA TTC ATG GAC GCG GAA GTG ATG GAA CAG GGT GAA AAA TCT GAC GCT ATG TTG GTT GCT AGA ATT AGA GAT TCT GCA TAC ACC AGA AGA AGA CAA AAA GAT GCA CAC ATC GAG ATT GTT TGG GCA AGA ACG GAC TTG CTG AAA GAA GAC GGT ATA GAT TTT ACA CAA AAG GAA GCT TAC GAT AGG AGA TGG TTC CTC CCT CTC CTG AAG CTA TCC AAT AAG AAA GAC TCC TCG AAA CTA CTG GAA GAG TTG AGA GTG TTA CTT ATT AAT TAT TCC GAA AAA CAT AGT CTG CAG AGT AAG GGC ACT AGA CCA TTA AAA TCC GTC GTT AGA GCA GTG TTA CAA AAT ATG GAC TCT CCT GAT GAG CCA CTG GAT AAG ATG TTC TTG AGA TCT GAC ATT CAA TAT CAG GGT AAG TCG TTT TAT TGG ACT GTG TTC ATT GAC AGC GAA GGT AAT AAC ACA TAT GAA CGT GAA AGG ATG CAA TTA GGC GAA GAA AGG TTT TTC GAA GTT GAT AGA CAT CTG GAA ATG GAA GTG AAT GGT GAA GCC CTG GCT CAG GAC TTC GCG TTT GGT AAT ATT ACC AGG ATT AGA GAA GAC AAA GAA GAC CCA TTT AAG AAA ACC TGG TCC GCA GCT CGA CAG GAT GGC TGG TAC ATC ACC AAG TCT AAG AGA GTG TGG CTG AAA GCA GAA TAT AGA AAT AAA CAG CGT TTA AGA AAC ATG TCT AGA ATT GAC GAA TCC AGA CTA GGT TTG TCC CAA ATC GAA AGA AAA TAT CAA GAT GGT AAT GAA CTG GCA CAC AAG AGA GAA TAC AGT AAC GCT TTG AAA AAG TTT GCA CGA ACA AAG TTC GAA AAG CAT GGT ATA GAG GAA ATT TCC AAA AAA CCG CCG AAG ACT ACT GCA TCC GAC GCA AGA TCC AAA CCA AAG AGG GAC TTT TCC TTG TTG GTT TCC GGC GCT ATA GAA AAA TTG CAA CGT TTT TAT ACT GAA TGG AGT CAT CAC GAT ATT TCC ATT GGC GAC ACC GAA CAA ATT GCG TAT TTC TTT TAC GAT TTC TAC AGA AAT ACC GAC AAT CCA GAC ATT GTT TAC ACG TAC CGT TAC AGA CTA CGA ACC AAG TTC GAC GCA GAC TCC GTC AGT TTG TTA GAT CAA GGT ACC CAA AAG ACT CCA GTC ACG AGC GAG TAT AAC GAT ATA CCA TTG GAT GAA 
Ncas                            TTG CTT TTC TTG GAT GCG GAA GTG TAC GAA CAA GGT GAG AAG TCA GAC GCA ATG TTG GTG CCA AGA ATT AGA GAT TCT GCA ATG ACG AGA AGA AGA ACT AAA GAT GCA CAT ATC GAA TTA GTT TGG GCA AGA ACA GAT TTG CAA AAG GAA GAT GGT ATC GAT TTC ACC CAA AAG GAA GCC TAC GAT AGA AGA TGG TTT TTG CCT TTG CAA AAG TTA TCT AAT AAG AAA GAT GCA TCG AAG TTA CTT AGT GAC TTG AGA GTG CTT CTA ATT AAC TTC TCT AGA AAG CAT GCT CTG CAA GCT AAC GGT ACA AGA CCA TTG AAA TCT ATT TTG AGA GCA AAC TTA CAA AAC TAC GAA TCC CCA GAT GAA CCT CTG GAC AAG ATG TTC TTG GGT TCC GAT TTG CAA TAT CAA GGT AAG TCG TTT TAT TGG AGT GTT TTC ATT GAT AGT AAA GGT AAC AAC ACA TAC GAC AGA GAT AGA TAC CAA TTA GGT GAA GAA AGA TTT TTC GAA GTC GAT AGA CAC TTG GAA TAC GAA GTT AAT GGT GAG TCC TTG GCT CAA GAT TTC GCT TTT GGT AAC ACT ACG AGA ATT CAA GAG GAT AAA GAA AAT CCT TTT AAA AAG ACT TGG TCT GCA GCT CGT CAA GAT GGG TGG ATG ATT ACC AAG TCA AAC AGA GTT TGG CTG AAG GCA GAA CTT AGA AAC AAA CAA CGT CTT AGA AAC TAC TCA AGA ATC GTC GAG TCT AGA TTA GGT CGT TCC CAA TTA AGT AGA AAA TAC CAA GAT GGT TAT ACC CAA GCA CAT AGA AGA AGT ATG AGT AAT GCC AAT AAA AAG TTT GCA AAA ACT AAG TTC GAG AAG CAT GGT ATC GAA GAA ATT TCT AAG AAA CCA CCA AAG AGT TCA GCA GCA AAT GCA CAA TCT AAA CCA AAG AGA CCA TTT TCC TTA CGT GTC TCT GGG GCA ATT GAA AAG CTG CAA AGA TTT TAT ACC GAA TGG GCT CAT CAT GAT TTG TCT GTT GGT GAA ACC GAA GAG ATT GCG TAC TAC TTC TAC GAT TTC ATG AGA AAC ACT GAA AAC CCT GAT ATT GTG TAC ACA ATG AGA TAC AGA TTA AGA ACG AAA TTC GAT GAA GAA TCT GTT AGT CTG TTA GAT CAA GGT ACC ACT AGA ACC CCT GTT ACA GGT GAA TAC AAC GAT ATT CCT CTG GAT GAA 
Cgla                            TTG CTA TTC ATG GAT GCT GAG GTG TAC GAA CAG GGT GAG AAG TCT GAC GCG ATG CTG GTA GAA AGA GTT AGA GAC TCT GCT ATG ACA GGT AGA AGA AAC AAA GAT GCT CAT ATC GAA ATC GTG TGG GCT CGT ACC GAT CTG CAG AAG GAA GAT GGT ATA GAT TTT ACA CAA AAG GAA GCC TAC GAT AAG AGA TGG TTT CTA CCA CTA CAG AAG CTG TCT AAC AAG AAA GAT GCA TCG AAG CTT CTT AGT GAC CTG AGA GTG CTA TTG GTT AAC TAC TCC AGA AAG CAC GCC CTA CAA GCC AAC GGT ACA AGA CCA TTG AAA TCC GTC CTA AGA GCT AGC TTG CAA AAT TAC GAA TCC CCA GAC GAA CCC CTA GAT AAG ATG TTC CTG GGT TCC GAC CTC CAA TAT CAA GGT AAG TCG TTT TAT TGG AGT CCA TTC ATC GAC AGT AAG GGT AAT AAC ACA TAT GAC CGT CAG AAG TAC CAA TTA GGT CAA GAG AGA TTC TTC GAA GTT GAC AGG CAC TTG GAG TAC GAA CCA AAC GGT GAA TCT TTG GCC CAG GAC TTC GCG TTT GGT AAT ACT ACT AAG ATT TCT GAA GAC AAA GAA GAA CCC TTT AAG AAG ACC TGG TCT GCT GCC CAT CAA GAT GGT TGG ATG ATC ACC AAG TCT AAC AGG CCA TGG CTA AAG GCT GAA TTG AGA AAC AAA CAG CGT CTA AGA AAC TAC TCT AGG ATA ATT GAA TCT AGA CTG GGT CGT TCC AAT TTG AGT AGA AAG TAC CAA GAT GGT AAT ACC CAG GCT CAC AAG AGA AGT ATG AGT GCT GCT AAC AAG AAG TTT GCT AAG ACT AAG TTC GAA AAG CAC GGT ATA GAG GAG ATC TCC AAG AAA CCT CCT AAG AGT AGC GCT GCA GAA GCT TCT TCC AAG CCA AAG AGA TCT TTC TCC CTG CGT GTT TCC GGT GCG ATC GAG AAG TTG CAA CGT TTT TAT ACT GAA TGG GCC CAT CAC GAT CTC TCT GTT GGT GAA ACC GAA GAG ATC GCT TAC TTC TTT TAC GAC TTC ATG AGA AAC ACC GAA AAC CCA GAT ATC GTA TAC ACC ATG AGA TAC AGA CTT AAG ACA AAA TTT GAC GAA GAA TCC GTT AGT TTG CTA GAT CAA GGT ACT AAC AAG ACT CCC GTT ACC ACT GAA TAC AAC GAC ATT CCA TTG GAT GAA 
Agos                            TTG CTC TTT ATG GCG GCA GAA GTG ATC GAA CAG GGT GAG AAG TCC GAC GCC ATG CTG GTG CAT CGC GTC AGA GAT TCG GCG TAC ACA CGC CGC AGA AAT AAG GAC GCG CAC ATC GAG ATA GTA TGG GCG CGG ACC GAC CTG GCT AAG GAG GAC GGA ATC GAC TTT ACC CAG AAG GAG GCC TAC GAT CAG CGT TGG TTC CTG CCG CTG GCT CGC CTG TCC AAC CGC AAG GAC GCC TCC AGC TTG CTG GAA GAG CTG AGA GTG CTC CTC GTC AAC TTC TCG GAG AAG CAC TGT CTG CAG TGT AAG GGC ACA CGT CCA CTT AAG TCT ATC GTG CGT GCG GCA TTG ACA AAC ATC CAG TCC CCC GAC GAG CCG CTG GAC CGC ATG TTC CTC AGA TCC GAC TTA CAG TAC CAG GGT AAG TCC TTT TAT TGG AGC GCG TTC ATT GAC AGC AAG GGC AAC AAC ACA TAC CGG AAA CAC CAG ATC ACA CTC GGC GAA GAA AGA TTC TTT GAG GTG GAT AAG CAT CTG GAC ATC GAG GCG AAC GGG GAA GCT TTG GCC CAG GAC TTC GCC TTT GGG AAC ACT ACA CAG ATC CAA GAG GAC AAG GAA GAC CCG TTT AAG AAG ACC TGG TCC GCG GCG CAC CAG GAC GGT TGG TAC ATC ACC AAG TCC AAG AAG GCG TGG CTG AAG GCG GAA TAC AGA AAC AGA CAG CGT CTC CGT AAC ATC TCC AAG ATA GCC GAA TCC CGC CTG GGC TTG TCC AAC ATT GAA AGA AAG TAC ACA GAT GGT TTC GAG GCT GCG CAC AAA AGG GAA TAC GCC CAC GCG CTC AAG AAG TTT GCG AAG ACC CGC TTC GAA AAG CAC GGC ATC GAG GAC ATT TCT AAG AAG CCG CCG AAG AGC GCA GCG GCC GAC GCG CAA TCG AAG CCA AAG AGA GAT TTC TCC CTA TTG GTG TCC GGC GCC TTG GAG AAG TTG CAG AAA TTC TAT ACA GAG TGG TGT CAC CAC GAC TTA TCC GTG GGC CAG ACC GAG CAG ATT GCA TAC TTC TTT TAT GAT TTC TAC AGA AAC ACC CAG AAC CCC GAC ATT GTG TAC ACC TAC CGT TAC AGA TTG CGG ACA AAA TTT GAC CAG CAG TCC GTG GCC TTG CTC GAC CAA GGT ACT AAT AAA ACA CCG GTG ACC ACC GAG TAC AAC GAC GTT CCG TTG GAC GAG 
Klac                            TTG CTG TTC ATG ACT GCT GAA GTT ACA GAA CAA GGT GAG AAG TCT GAC GCT ATG TTG GTT AAG AGA ATT AGA GAT TCA GCT TAC TTC AGA AGA AGA AAT AAA GAT GCT CAC ATT GAA ATT GTT TGG GCT CGT ACC GAT TTG CAG AAG GAA GAT GGT ATT GAC TTT ACT CAA CCC GAA GCT TAC GAC CAA AGA TGG TTT CTC CCC CTC CAG AAG CTT TCA ACC AAG AAG GAT GCT TCA AAG TTA TTG CAA GAA TTG CGT GTT CTG CTC ATT AAT TAC TCC GAA AAG CAT TGT TTG CAA TGT AAG GGT GTT AGA CCT CTG AAA TCA ATC GTA AGA GCT GCA TTG CAA AAC ACA GAG TCA CCA GAT GAA CCA TTG GAT AAG ATG TTC TTG CGT TCA GAT CTC CAG TAT CAA GGT AAG TCA TTC TAC TGG AGT GTG TTT ATC GAT AGC AAA GGT AAC AAT TCG TAT CGT AAG CAG CAA ACA CAA CTA GGT GAG GAA AGA TTT TTC GAA GTG GAT CGG CAT TTG GAG ACA GAA GTG AAT GGT GAG TCT TTG GCC CAA GAT TTC GCT TTT GGT AAC ACA ACC CAA ATC CAA GAA GAT AAG GAA GAT CCA TTT AAA AAG ACC TGG TCC GCG GCT CAC CAA GAC GGA TGG TAC ATT ACC AAG TCT AAG CGG GTG TGG TTG AAG GCT GAA TAT AGA AAT AAG CAA CGT CTG AGA AAT ACA TCT CGG ATT GCT GAG TCC AGA CTT GGT CTC TCA AAC ATT CAA AGA AAA TAT CAA GAC GGT TAC GAG CAG GCT CAT AAA AGA CAA TAC AGT CAT GCT TTA AAA AAG TTT GCG AGA ACT AAG TTC GAG AAG CAT GGT ATT GAA GAG ATC TCA AAG AAA CCT CCT AAG AGT GCT GCG GCT GAT GCG CAA TCC AAA CCA CCC AGA AAC TTT TCA CTA CTC GTC TCA GGT GCT TTG GAA AAG CTT CAA AAG TTC TAC ACT GAA TGG TGT CAC CAT GAT CTC TCA GTG GGT GAG ACC GAA GAA ATC GCT TAT TTC TTC TAC GAT TTT TAC AGA AAT ACC GAG AAT CCA GAT ATC GTT TAC ACC TAC AGA TAC AGA TTA CGG TTC AAA TTT GAC CAA GAG TCA GTT AGT CTT TTA GAC CAA GGT ACA AAT AAA ACT CCA GTT ACC ACC GAA TAC AAT GAT GTG CCC CTT GAT GAA 
Calb                            TTG TTG TTC CAA ACT GCG GAA GTT CAA GAA CAA GGT GAA AAA TCG GAT CAA ATG TTG GTT AGA AGA GTT AGA GAT TCA GCT TAC GGT CAT AGA AGA GAT AAA GAA GCT CAT ATC GAA ATC ATT TGG GCT CGT ACT GAT TTG CAA AAA GAA GAT GGT GTT GAT TTC ACC CAG CCA GAA GCC TAC GAT GAT AGA TGG TTT TTA CCT TTA CAA ACT ATA TCA AGA ACT AAA GGC TCA TCA CAA TTG ATG GAT GAT TTG AGA GTT TTG ATG GTT AAT TAC TCT GAA AAA CAT TCA TTG CAA TCA GCT GGT ATT AGA GCA TTA AAA TCT GTT ACA AGA GCT CCT TTA TCA GGT CAA AAC TCA CCA GAT GAA AGT TTG GAT ACT ATG TTC TTA AGA TCA GAT TTG TCA TAC CAA GGT AAG TCA TTT TAT TGG TCA GTA TTT ATT GAT AGT ACC GGT GGT AAT ATT TAT CGT AAG CAA GAT CAA TCA TTA GGT AAT GAA AGA TTT TTC GAA ATT GAT AAA CAT TTG GAT CAA CAA GTA GAT GGT GAA TCA TTG GCT CAA GAT TAT GCT TTT GGT GGT ATT GCT GAT ATT CAA GAT GAT AAA GAA GAT AGT TTT AAA AAA ACC TGG TCC GCG GCT AGA CAA GAT AAC TGG TAC ATT ACC AAG TCG GCT AAA GTA TGG TTG AAA GCT GAA TAT CGT AAC AAA CAA CGT TTG AGA AAT CAA TCG AAA ATT GCA GAA TCC AGA ATA GGT CTT TCA AAC TTA GAT CGT AAA TAC TCA GAT GGT AGC GAA CAA GCT CAT AAA CGA GAT TAC GCT AAT GCA TCA AAA AAA TTT GCG AAA ACT ACT TAT GAA AAA CAT GGT GTT GAA GAT ATT TCT AAA AAA CCA CCA AAA TCA CAA GCG TCA GAT GCG CAA TCT AGA CCA CCA AGA AAC TTT TCA CTT CTT CTT TCT GGT CAA ATC GAG AAA TTG CAA AAG TTC TAT ACA GAA TGG TCA CAT CAT GAT TTG TCA GTA GGT AAC ACC GAA AAA ATT GCG TAC TTC TTT TAT GAT TTT TAC CGT AAC ACC AAC AAC CCA GGC ATT GTT TAT ACT TAC CGT TAT AGA TTG AAA GGT GTA TTC GAC AAT AAC TCT ACT GCT TTG TTG GAT CAA GGT ACA GAT AAA ACA AGT ACT ACT TCG GAA TAC AAT GAA GTT CCC TTG GAT GAA 



Printing out site pattern counts


         9        693  P

Scer                            AAA AAA AAA AAA AAA AAA AAA AAA AAA AAA AAA AAC AAC AAC AAC AAG AAG AAG AAG AAG AAG AAG AAG AAT AAT AAT AAT AAT AAT ACC ACC ACC ACC ACG ACG ACG ACT ACT ACT ACT ACT ACT ACT AGA AGA AGA AGA AGA AGA AGA AGA AGA AGA AGA AGA AGC AGG AGT AGT AGT ATA ATA ATA ATC ATC ATC ATG ATG ATG ATG ATT ATT ATT ATT ATT ATT CAA CAA CAA CAA CAA CAA CAA CAA CAA CAC CAC CAC CAG CAT CAT CCA CCA CCA CCA CCA CCT CCT CCT CGA CGA CGA CGT CGT CGT CTG CTG CTG CTG CTG CTT CTT GAA GAA GAA GAA GAA GAA GAA GAA GAA GAA GAA GAA GAA GAA GAA GAA GAA GAC GAC GAC GAC GAC GAC GAG GAG GAG GAG GAG GAT GAT GAT GAT GAT GAT GAT GAT GAT GCA GCA GCA GCC GCC GCG GCT GCT GCT GGA GGA GGC GGT GGT GGT GGT GGT GGT GTC GTC GTG GTG GTG GTT GTT GTT GTT GTT TAC TAC TAC TAC TAC TAC TAC TAT TAT TAT TCA TCA TCA TCA TCC TCC TCC TCC TCC TCT TCT TCT TCT TCT TCT TGG TTA TTA TTA TTA TTC TTC TTC TTC TTC TTC TTC TTC TTG TTG TTG TTG TTG TTG TTG TTG TTG TTG TTG TTT TTT TTT TTT TTT 
Sbay                            ... ... ... ... ... ..G ..G ..G ..G ..G ..G ... ... ... ... ..A ..A ..A ..A ... ... ... ... ..C ..C ..C ... ... ... ... ..G ..G ..T ..A ..C ..T ..A ..A ..C ..C ..C ..C ... ... ... ... ... ... ... ... ... ... ... ..G ..G ... ..A ..C ... ... ... ... G.T ... ... ... ... ... ... GCA ..C ..C ..C ... ... T.G A.T ... ... ... ... ... ... ..G G.G ... ... ... ... ... ... ... ... ... ..C ..G ..C ... ... A.. ... ... ... ... ... ..A ..A ... ... T.. ..A T.G A.G ... ... ... ... ... ... ... ... ... ... ... ... ..C ..G ..G ..G ... ... ... ..T ..T ..T A.C ..A ..A ..A ... A.G ..C ... ... ... ... ... ... ... ... ... ..G ... ... ... ..C ... ... ..C ..C ..T ..A ..C ... ... ... ... ... ... ..A ... ..T ..C ..C ..C ..C ..C ... ... ... ... ... ... ..T ... ... ... ..C ..G ..G ..T ... ... ... ..G ..T ..A ..C ..C ... ... ... ... ... ... ..G ..G ... ... ... ... ... ... ... ..T C.A C.. C.T ..A ..A ..A ..A ... ... ... ... ..C ..C ..C ... ... 
Smik                            ... ... ... ... ..G ... ... ..G ..G ..G ..G ... ... ..G TTG ..A ..A ..A ... ..A ... ... G.A ... ... ... ..C ... ... ... ..T ..T .TT ..A ..C ..T ... ... ..C ..C ..G ... ... ... ... ... ... ... ..G ..G ..G C.T GA. ... ... ... ..A ... ... GAA ... G.. ..T ... ... ..T ... ... TAC ... ..C ..C ... ..A ... ... ... ... ... ... ... ... ... ..G ... ... ..T ..T ... ..C ... ... ... ..T ... ... ... ... ... ... ... ... ... ... TTG ..A ... ..A ... ..A ..G ... ... ... ... ... ... ... ... ... ..G ..G ..G ..G .C. ..T ... ... ..G ... ... ..T ... ... ..T ..A ..A ... .CC ..A ..C ... ..C ... ... ... ... ... ... ... ... ..G ..T ..T ..A ... ..G ... ..C ..T ... ... A.A ... ... ... ... ... ... ... ... ... .AC ..C ..C ... ... ATG ... ... ... ..T ..T ..T ... ... ... G.C ..G ..T AGC GGA ... ... ..T ... GAC ..C ..G ..A ... ... ... .AT ... ... ... ... ... ... ... ... ..T ..T ... ... C.. ... A.A A.C C.. ..A G.T ..A ..A ... ... ... ... ..C ... 
Spar                            ... ... ... ... ... ... ..G ... ... ..G ..G ... ... ..G TTG ..A ..A ... ... ... ... ... G.A ... ... ... ... ... ... ... ... ..T .TT ..A ..C ... ..A ... ..C ... ..A ..C ... ... ... ... ... ... ... ... ..G C.T GA. ... ... ... ... ... ... GAA ... ... ..T ... ... ..T ... ... TAC ... ... ... ... ..A ... ... ... ... ... ... ... ... ..G ... ... ... ... ..T ... ... ... ... ... ... ... ..G ... ..A ... ... ... ... ... ... TTG ... ..A ... ... ... ..C ... ... ... ... ... ... ... ... ..G ... ... ... ..G .C. ..C ... ... ... ... ... ..T ... ... ... ..A ... ... .CT ..A ..C ..C ... ... ... ... ... ... ... ... ..T ... ..T ..T ... ... ..G ... ..C ..C ... ... A.A ... ... ... ... ... ... ... ... ... .AC ... ... ... ... ATG ... ... ..T ..T ..T ... ... ... ... G.C ..G ..C AGC AGA ... ... ... ... GAC ... ... ..C ..C ... ... .AT ... ... ... ... ... ... ... ... ... ..T ..T ... C.. ... C.A A.C ... ..A G.T ..A ... ..A ... ... ... ... ..C 
Ncas                            ... ... ... ..G ..G ..G ... ... ... ... ..G ... ..T ... ..T ..A ... ... ... ... ... .GA .CC ..C ..C ..C ... ... T.. ..G ... T.A ..T ..T ... ..A ..A ..A ..C .G. ..C ... ..C ... ... ... ... ... ... ... ... ... ... ... ... ..T ..A ... GC. ... ..T ..C G.T ... ..T T.A ... T.. ... ... ... ... ... ... ..C T.G ACT ... ... ... ... ... ... ... G.G ..T ..T ..T ..A ..C ... ..T ..T ... ... ... ..A ... ... AA. A.. ..T A.A ... ... .AA T.A T.. ... T.. T.G ..A A.. ... ... ... ..G ..G ..T ..C ... ... ... ... ... A.T ... ..G ... ..T ..T ..T ... ..T ..T ..C ..A ..A CCA ..A ..A ... ..C ... ... ... ... ... ... ... ... ... ... ..T ... ... ... ..C ..T ..G ..G ... ... ... ... ... ... A.T ..T AAC ..T ... ..C ..C ..G ..C ... ... ... ... ... ... .T. ... ..C ... ... ..C ..G ..T GGT CAA ... ..T G.A ..T C.A ..A ... ... ... ..C ... C.T ..G C.T ..G .A. ... ... ... ... ... ..T ..T ... C.T ... ..A ..A ..A ..A ... ..A C.. ..A ..C ... ... ..C ... 
Cgla                            ... ..G ..G ..G ..G ..G ... ... ..G ..G ..G ... GCT ... ... ..A ... ... ... ... ... ... .CC ..C ..C ... ..C ..C ... ..T ..T .G. ..T ..T ..A ..C ..A ..A ..C .G. ..A ..C ... ... ... ... ... G.T ... ... .AG ... ... ..G C.T ..T ..A ... GCC ... ..T ... G.T ... ... ... ... ... ... ... ..C ... G.. ..C ..A C.C A.C A.T ... ... ... ... ... ... G.G ..T ... ... ... ..C ... ... ..C ... ... ..T ..A ..A ..A AAG AAG .AT ... ... ... .A. ..T T.. ..A T.. ..A T.G A.G ... ... ..G ... ..G C.G ..C C.. ... ... ... ... ... ..G ... ..G ... ..T ..T ... ..T ..T ..C ..A ... ..A ..A ..A ..C ... ..C ..C ..C ... ... ... ..T ..G ..T ... ... ..T ..C ..G ... ..T ..T ..T ... ... ... ... ... ... ... ..T AGC CCA ... A.. ... ..A ... ..G ... ... ... ... ... ... ... ... ... ... ..T ..G ..C A.T ..T ... ... G.A ..T ... ... ... ..C ... ..C ... ..G ..G C.. ..G ... ... ... ... ..T ... ..T ..T C.. C.T C.. C.. ... C.. C.A C.A ... ... ..A ... ..C ... ... ... 
Agos                            ..G ..G ..G .GC ..G ..G ... .G. ..G ..G ..G ... C.. ..G CT. ... ... ... ... CGC ... ..A G.. ..C ..C ..C ..C ..C TTC ..A ..T G.A ..T ..C ..A ..C ..A ..A ..C .GC ..C ..C ..A ... ... ..G C.T C.C ... C.C CAG C.T GAG .AG C.G ... ..A GCC T.. GAA G.T ..C G.G ... ... ..A ... ... TAC ... ... ..C G.C T.G ..A T.A A.T A.C ... ..G ..G ..G ..G AC. ..G ... ... ... ... ... ..C ..C ..G ... ... ..G ..C ..G ..G AAG ..G .AC AAA ... TTG GCT T.. T.. ... ... ..G ..C A.G ... ..G ..G ... ..G C.C ..G ... ... ..G ..G C.G ..C ... ..G ..C ... .CG ... ... ... ... CG. ... ... C.T ... C.G ..C ..C ..C ..C ... ..C ..C ... ..G ..C ..G ... ..G ..A ..C ..C ..G ..C ..C ..T ..G A.A ..A ..C ..G ... A.. ..G .CA .C. ... .CC ..G ..G ..G ..A AT. ... ..T ... ... .T. ... ..C ..C ... G.T ..C ..T A.C CAA ... ..G G.. ... GA. ..C ..G ..C ..C ..C ... .AC C.T C.C ..G ... ... ... ..T ..T ... ... ..T C.. C.. C.C C.. A.T C.A C.C G.. ... ... C.C ... ..C ... ... ..C 
Klac                            ..G ... ... ..G ..G ..G ... ..G ... ... ..G ..T C.T ..G TTA ..A ... CCC ... ... ... ..A G.. ... ... ..C ... .CC T.C ... ..A G.T ..A ..T TTC ..C T.G GT. ..C .G. ... ..C ... ... ... ... ... ... C.T ... CA. ... GA. C.G C.T ... ..A ... T.. CAA G.G ..T G.G ..T ..T ..T ... ... TAC ... ..C ..C ... T.G ... C.C A.T A.C ... ... ... ..G ... ... G.. ... ..T ..T ..A ... ..C ... ... ... ..T ..T ..A ..C ..C A.. ..G .AC AAG ... .TC .A. T.A T.. T.. T.. ..C ..C A.. ... ... ... ..G ..G C.G ... ..G ... ... ... C.. ..T ... ... ..G ..T ACT ..T ... ..T ..T CGT ..A ..A A.. ..A ..G ..C ... ... ... ... ..C ... ..C ..T ..T ..G ..T ..T ..T ..C ... ... ..T ..T ..A ... C.. ... ... ... ... A.. ..T .CA ... ..T .C. ..C ... ..G ... ACA ... ... ..T ... ... ... ... ... ..C ..T ... ... A.C CAA ..A ... G.T ... AAC ... ..A ..A ..A ..A ... .AT C.G C.G ..G ... ... ..T ... ..T ... ... ... ... ... ... C.T A.T C.A ..A G.A ... C.T C.A ... ... ... ..C ... 
Calb                            ... ... .G. C.. ... ... GT. ... ... ... ... ..T ..T GCT TCA ..A ..A CCA ..A .CT ... ..A G.A ..C ... GG. G.. .GA .GC G.T ..A CAA .TT ..T GGT ..T .T. .T. ..C T.A ..C ..C ..A ... C.T C.. ... CAT ... ... GAT C.T GA. .A. C.T ..T ..A GC. TCA GA. G.T G.T G.. ... ..T ... ... CAA TAC ... ... ... G.. ..C ... T.G G.T A.C ... ... ..G TC. ... TC. A.. ..T ..T ..T ..A ... ... ... AGT ... G.. ... ..A ..C ... AA. AA. A.. AAG ... .T. .AA T.. T.. T.. T.. T.A A.G ACC ... ... ..G ... ... C.. ..T A.T ... ... ... A.T ..T ... ..T ..T ..T ACT ..T ..T .G. ..T CGT ..A ..A AGA C.A A.C ..C ... ..A ... ... ... ..A ... ..T CA. ..G ... ..T ... ... ... ..A ..T ..T AA. ... A.A ... ... ... ... ..T ACT CCT ..A ..T .CA C.. ... A.. A.. C.A ... ..T ... ... ... ..T ... ..C ... ... ... ..T ..G CAA ..A ..T ..A ... AAC ..G ..A ... ..A ..A ... .AT ... ..G ..G ... ... ..T ... ... .AT ... ..T ... A.. ..A A.A ..A C.T ... ACA ..A ... ..A ..C ... ... ... ... 

    2    1    1    1    2    1    1    1    1    1    2    3    1    2    1
    3    4    2    1    4    2    2    1    3    1    3    1    1    1    1
    1    1    1    1    2    3    1    1    2    2    1    2    2    3    3
    1    4    1    1    3    3    1    1    3    1    1    2    2    3    3
    1    2    1    1    1    1    1    1    5    1    4    1    2    1    1
    2    2    1    1    1    1    1    3    3    1    1    2    2    3    1
    1    1    3    1    1    2    1    1    1    1    1    1    2    1    2
    3    2    1    3    1    2    1    1    1    5    1    3    1    1    1
    1    2    1    2    1    2    2    1    2    4    1    2    1    2    2
    1    1    1    1    1    4    1    1    1    1    3    3    1    2    6
    2    4    1    1    2    1    1    1    3    1    1    1    1    1    3
    1    4    1    2    1    3    2    1    1    2    1    1    5    1    1
    2    1    1    2    1    1    2    1    2    2    1    2    2    2    2
    2    1    3    1    2    2    2    7    1    1    3    1    1    1    2
    2    1    2    1    1    3    1    1    2    1    1    1    1    1    3
    1    1    2    3    1    1

CODONML (in paml version 4.9j, February 2020)  temp.nuc
Model: One dN/dS ratio, 
Codon frequency model: Fequal
ns =   9  ls = 393

Codon usage in sequences
--------------------------------------------------------------------------------------------------------------------------------------
Phe TTT   8   3  10   9   8   9 | Ser TCT  11   9   8   6  11  12 | Tyr TAT   4   6   9   9   4   4 | Cys TGT   0   0   0   0   0   0
    TTC  11  16   9  10  11  10 |     TCC  10  11   9  14   5  10 |     TAC  13  11   9   9  14  13 |     TGC   0   0   0   0   0   0
Leu TTA   6   7  10   8  10   1 |     TCA   6   1   2   0   4   0 | *** TAA   0   0   0   0   0   0 | *** TGA   0   0   0   0   0   0
    TTG  16  14   8  11  14  11 |     TCG   0   6   3   2   2   2 |     TAG   0   0   0   0   0   0 | Trp TGG   7   7   7   7   7   7
--------------------------------------------------------------------------------------------------------------------------------------
Leu CTT   3   1   1   1   5   3 | Pro CCT   3   2   4   2   6   2 | His CAT   2   2   5   4   6   3 | Arg CGT   5   5   4   4   4   6
    CTC   0   0   0   2   0   2 |     CCC   0   2   0   0   0   3 |     CAC   5   5   2   3   1   5 |     CGC   0   0   0   0   0   0
    CTA   0  10   5   4   1  10 |     CCA   8   5   7   7   7   9 | Gln CAA  14   8  11  11  19  11 |     CGA   3   2   3   3   0   0
    CTG  10   5   9   9   6   7 |     CCG   0   2   0   2   0   0 |     CAG   3   6   6   6   0   7 |     CGG   0   0   0   0   0   0
--------------------------------------------------------------------------------------------------------------------------------------
Ile ATT  11   2   8  13  11   3 | Thr ACT  11   6  11   6   6   7 | Asn AAT  10   5   9  10   6   5 | Ser AGT   8   6   5   5   8   8
    ATC   3  10   8   3   4   8 |     ACC   4  10   7   8   7   8 |     AAC   7  15   5   4  13  14 |     AGC   1   3   2   2   0   2
    ATA   4   3   4   4   0   3 |     ACA   0   3   1   3   5   5 | Lys AAA  14  17  20  17  13   7 | Arg AGA  25  24  19  23  32  19
Met ATG   8   7   8   8   7   8 |     ACG   6   2   1   3   3   0 |     AAG  19  21  14  17  19  31 |     AGG   2   4   7   5   0   3
--------------------------------------------------------------------------------------------------------------------------------------
Val GTT   6   3   3   6   7   7 | Ala GCT   3   2   4   7   6  14 | Asp GAT  17  17  18  14  24  14 | Gly GGT  11  10  11  10  15  17
    GTC   3   9   6   3   3   1 |     GCC   2   3   2   1   2   6 |     GAC  12  10  15  19   4  13 |     GGC   1   5   4   5   0   0
    GTA   0   1   2   0   0   2 |     GCA  12   9  11  11  14   2 | Glu GAA  28  23  25  29  25  25 |     GGA   4   1   2   0   0   0
    GTG   6   3   6   6   4   3 |     GCG   2   6   5   3   2   3 |     GAG   5   7   9   5   6   8 |     GGG   0   0   0   0   2   0
--------------------------------------------------------------------------------------------------------------------------------------

--------------------------------------------------------------------------------------
Phe TTT   9  10  10 | Ser TCT   2   4   6 | Tyr TAT   3   5   9 | Cys TGT   3   3   0
    TTC  12  11   7 |     TCC  15   4   2 |     TAC  14  14  11 |     TGC   0   0   0
Leu TTA   2   4   7 |     TCA   0  13  22 | *** TAA   0   0   0 | *** TGA   0   0   0
    TTG  11  13  20 |     TCG   3   1   4 |     TAG   0   0   0 | Trp TGG   7   7   7
--------------------------------------------------------------------------------------
Leu CTT   1   5   4 | Pro CCT   0   3   2 | His CAT   2   6   8 | Arg CGT   6   5   7
    CTC   8   7   0 |     CCC   2   4   1 |     CAC   9   3   0 |     CGC   8   0   0
    CTA   1   2   0 |     CCA   2   6   7 | Gln CAA   3  21  25 |     CGA   0   0   1
    CTG  12   4   0 |     CCG   7   0   0 |     CAG  18   5   1 |     CGG   3   4   0
--------------------------------------------------------------------------------------
Ile ATT   5   9  12 | Thr ACT   2   5  11 | Asn AAT   2  10   7 | Ser AGT   0   4   4
    ATC  11   6   3 |     ACC  10  10   6 |     AAC  13   5  10 |     AGC   4   1   1
    ATA   2   0   2 |     ACA  10   7   4 | Lys AAA   5  11  27 | Arg AGA  11  19  18
Met ATG   3   3   4 |     ACG   0   0   0 |     AAG  30  25   4 |     AGG   1   0   0
--------------------------------------------------------------------------------------
Val GTT   1   8  10 | Ala GCT   4  18  14 | Asp GAT   6  19  34 | Gly GGT   5  14  19
    GTC   2   1   0 |     GCC  10   1   1 |     GAC  23   7   1 |     GGC   7   0   2
    GTA   1   1   5 |     GCA   4   1   3 | Glu GAA  12  21  23 |     GGA   1   1   0
    GTG  10   6   0 |     GCG  16   4   6 |     GAG  17  12   1 |     GGG   2   0   0
--------------------------------------------------------------------------------------

Codon position x base (3x4) table for each sequence.

#1: Scer           
position  1:    T:0.23410    C:0.14249    A:0.33842    G:0.28499
position  2:    T:0.24173    C:0.19847    A:0.38931    G:0.17048
position  3:    T:0.28753    C:0.18321    A:0.31552    G:0.21374
Average         T:0.25445    C:0.17472    A:0.34775    G:0.22307

#2: Sbay           
position  1:    T:0.23155    C:0.13995    A:0.35115    G:0.27735
position  2:    T:0.23919    C:0.20102    A:0.38931    G:0.17048
position  3:    T:0.20102    C:0.27990    A:0.29008    G:0.22901
Average         T:0.22392    C:0.20696    A:0.34351    G:0.22561

#3: Smik           
position  1:    T:0.21374    C:0.14504    A:0.32824    G:0.31298
position  2:    T:0.24682    C:0.19084    A:0.39949    G:0.16285
position  3:    T:0.27990    C:0.19847    A:0.31043    G:0.21120
Average         T:0.24682    C:0.17812    A:0.34606    G:0.22901

#4: Spar           
position  1:    T:0.21628    C:0.14758    A:0.33333    G:0.30280
position  2:    T:0.24682    C:0.19084    A:0.39949    G:0.16285
position  3:    T:0.26972    C:0.21120    A:0.30534    G:0.21374
Average         T:0.24427    C:0.18321    A:0.34606    G:0.22646

#5: Ncas           
position  1:    T:0.22901    C:0.13995    A:0.34097    G:0.29008
position  2:    T:0.23155    C:0.20356    A:0.39186    G:0.17303
position  3:    T:0.32316    C:0.16285    A:0.33079    G:0.18321
Average         T:0.26124    C:0.16879    A:0.35454    G:0.21544

#6: Cgla           
position  1:    T:0.20102    C:0.17303    A:0.33333    G:0.29262
position  2:    T:0.22392    C:0.21120    A:0.40712    G:0.15776
position  3:    T:0.29008    C:0.24173    A:0.23919    G:0.22901
Average         T:0.23834    C:0.20865    A:0.32655    G:0.22646

#7: Agos           
position  1:    T:0.20611    C:0.20865    A:0.27735    G:0.30789
position  2:    T:0.23155    C:0.22137    A:0.39949    G:0.14758
position  3:    T:0.12977    C:0.37659    A:0.13740    G:0.35623
Average         T:0.18914    C:0.26887    A:0.27142    G:0.27057

#8: Klac           
position  1:    T:0.22646    C:0.19084    A:0.29262    G:0.29008
position  2:    T:0.22901    C:0.20611    A:0.41730    G:0.14758
position  3:    T:0.32570    C:0.18830    A:0.27226    G:0.21374
Average         T:0.26039    C:0.19508    A:0.32740    G:0.21713

#9: Calb           
position  1:    T:0.26718    C:0.14249    A:0.28753    G:0.30280
position  2:    T:0.21374    C:0.22646    A:0.40967    G:0.15013
position  3:    T:0.39949    C:0.11450    A:0.36641    G:0.11959
Average         T:0.29347    C:0.16115    A:0.35454    G:0.19084

Sums of codon usage counts
------------------------------------------------------------------------------
Phe F TTT      76 | Ser S TCT      69 | Tyr Y TAT      53 | Cys C TGT       6
      TTC      97 |       TCC      80 |       TAC     108 |       TGC       0
Leu L TTA      55 |       TCA      48 | *** * TAA       0 | *** * TGA       0
      TTG     118 |       TCG      23 |       TAG       0 | Trp W TGG      63
------------------------------------------------------------------------------
Leu L CTT      24 | Pro P CCT      24 | His H CAT      38 | Arg R CGT      46
      CTC      19 |       CCC      12 |       CAC      33 |       CGC       8
      CTA      33 |       CCA      58 | Gln Q CAA     123 |       CGA      12
      CTG      62 |       CCG      11 |       CAG      52 |       CGG       7
------------------------------------------------------------------------------
Ile I ATT      74 | Thr T ACT      65 | Asn N AAT      64 | Ser S AGT      48
      ATC      56 |       ACC      70 |       AAC      86 |       AGC      16
      ATA      22 |       ACA      38 | Lys K AAA     131 | Arg R AGA     190
Met M ATG      56 |       ACG      15 |       AAG     180 |       AGG      22
------------------------------------------------------------------------------
Val V GTT      51 | Ala A GCT      72 | Asp D GAT     163 | Gly G GGT     112
      GTC      28 |       GCC      28 |       GAC     104 |       GGC      24
      GTA      12 |       GCA      67 | Glu E GAA     211 |       GGA       9
      GTG      44 |       GCG      47 |       GAG      70 |       GGG       4
------------------------------------------------------------------------------


Codon position x base (3x4) table, overall

position  1:    T:0.22505    C:0.15889    A:0.32033    G:0.29573
position  2:    T:0.23381    C:0.20554    A:0.40034    G:0.16031
position  3:    T:0.27848    C:0.21742    A:0.28527    G:0.21883
Average         T:0.24578    C:0.19395    A:0.33531    G:0.22496

Codon frequencies under model, for use in evolver (TTT TTC TTA TTG ... GGG):
  0.01639344  0.01639344  0.01639344  0.01639344
  0.01639344  0.01639344  0.01639344  0.01639344
  0.01639344  0.01639344  0.00000000  0.00000000
  0.01639344  0.01639344  0.00000000  0.01639344
  0.01639344  0.01639344  0.01639344  0.01639344
  0.01639344  0.01639344  0.01639344  0.01639344
  0.01639344  0.01639344  0.01639344  0.01639344
  0.01639344  0.01639344  0.01639344  0.01639344
  0.01639344  0.01639344  0.01639344  0.01639344
  0.01639344  0.01639344  0.01639344  0.01639344
  0.01639344  0.01639344  0.01639344  0.01639344
  0.01639344  0.01639344  0.01639344  0.01639344
  0.01639344  0.01639344  0.01639344  0.01639344
  0.01639344  0.01639344  0.01639344  0.01639344
  0.01639344  0.01639344  0.01639344  0.01639344
  0.01639344  0.01639344  0.01639344  0.01639344


TREE #  1:  (((((1, 4), (3, 2)), 5), 6), ((7, 8), 9));   MP score: 1218
This is a rooted tree.  Please check!
check convergence..
lnL(ntime: 16  np: 18):  -7088.308526      +0.000000
  10..11   11..12   12..13   13..14   14..1    14..4    13..15   15..3    15..2    12..5    11..6    10..16   16..17   17..7    17..8    16..9  
 0.440369 0.092169 0.396976 0.067072 0.162669 0.492513 0.000004 0.717376 0.472509 0.410037 0.465874 0.414738 0.196762 1.382883 0.346931 1.762980 1.609879 0.081470

Note: Branch length is defined as number of nucleotide substitutions per codon (not per neucleotide site).

tree length =  7.821860

(((((1: 0.162669, 4: 0.492513): 0.067072, (3: 0.717376, 2: 0.472509): 0.000004): 0.396976, 5: 0.410037): 0.092169, 6: 0.465874): 0.440369, ((7: 1.382883, 8: 0.346931): 0.196762, 9: 1.762980): 0.414738);

(((((Scer: 0.162669, Spar: 0.492513): 0.067072, (Smik: 0.717376, Sbay: 0.472509): 0.000004): 0.396976, Ncas: 0.410037): 0.092169, Cgla: 0.465874): 0.440369, ((Agos: 1.382883, Klac: 0.346931): 0.196762, Calb: 1.762980): 0.414738);

Detailed output identifying parameters

kappa (ts/tv) =  1.60988

omega (dN/dS) =  0.08147

dN & dS for each branch

 branch          t       N       S   dN/dS      dN      dS  N*dN  S*dS

  10..11     0.440   859.8   319.2  0.0815  0.0362  0.4446  31.1 141.9
  11..12     0.092   859.8   319.2  0.0815  0.0076  0.0931   6.5  29.7
  12..13     0.397   859.8   319.2  0.0815  0.0327  0.4008  28.1 127.9
  13..14     0.067   859.8   319.2  0.0815  0.0055  0.0677   4.7  21.6
  14..1      0.163   859.8   319.2  0.0815  0.0134  0.1642  11.5  52.4
  14..4      0.493   859.8   319.2  0.0815  0.0405  0.4972  34.8 158.7
  13..15     0.000   859.8   319.2  0.0815  0.0000  0.0000   0.0   0.0
  15..3      0.717   859.8   319.2  0.0815  0.0590  0.7242  50.7 231.2
  15..2      0.473   859.8   319.2  0.0815  0.0389  0.4770  33.4 152.3
  12..5      0.410   859.8   319.2  0.0815  0.0337  0.4140  29.0 132.1
  11..6      0.466   859.8   319.2  0.0815  0.0383  0.4703  32.9 150.1
  10..16     0.415   859.8   319.2  0.0815  0.0341  0.4187  29.3 133.7
  16..17     0.197   859.8   319.2  0.0815  0.0162  0.1986  13.9  63.4
  17..7      1.383   859.8   319.2  0.0815  0.1137  1.3961  97.8 445.7
  17..8      0.347   859.8   319.2  0.0815  0.0285  0.3503  24.5 111.8
  16..9      1.763   859.8   319.2  0.0815  0.1450  1.7799 124.7 568.2

tree length for dN:       0.6434
tree length for dS:       7.8968


Time used:  0:11
