      9   1173

Scer                            CGT AAC ATT AAA TTC AAT TTG ATT TTA GCC CGT TTA AAG GCT AAT GTC GAC AGA CAT TTA ACG GAT TAC AGA ACA CGT AGA GAT TTC GGC TTG TCC GTC TAT AGA ATC TTG AAG ATC TTT CTG GAT GTA GAC GTG ATG TTC AAG AGA TCA GAT AAC TCT ATG GAA ACC AGT TTT GAT GAT CCA GAC GCT ATC AAA GAT AGG AAG ACC GCT ACT GAA AAG CCC TCT ATT AGA CCC GTT CAT TCT GAC GGT AAG ACT TTG AAG GAA AGT CAT CAG CAC GAC CTA GGC AAG ATC AGC GCC AAT ACG CCA AAA GTC ATT TGG ATG CAA GGC AGA GCG TTA CCT AGA GAT AGA GTC CTG GAA AAA AAG GCT TCT GCC CGT CCA GAT AAG GCT ATG AAA AGA ACT CCA ACT TTA GAA GGC AAA ATC CTA AGT GAT TTA AAA TTG ATG GTG TGG GAA TTG ACT CCA GAA CTG GCC AAG GAT GCT AAG GTC CCA GAT AGC ATT ACG GGT TTC GGT AAC AAA ATG AAA TTA TTT AGC ATG GAA GAA GGT ATG TCT GCT AGC TAC TCA TCA ATT TCG GAC ACC AAA AGA AAT ACT GTC CAG GAA TTC ATG GTC AGC AAG AGG ATC ACT TTT TTG GTC GAT TTT GCC GAC ATC AAG ATC CCA TAT CCT CCT GAC GTT ATC TGG ACC GAA GAG AGA TTG GCT TTA GAC GGT CCT ACT GTT ATC GTT GTT GCA ATG CCA ACT CCG GTC TAC GTC GAA CCA ATT ATT AAG GCC GAC TTT CCA GAA ATC GTC CAT CCT ACC TCA AGC GAA GCT GTC GCC GTC GAC AAG CAA AGG TCT TTA TTC GCC ATT GGT ACC CAG TTG GCG TTG GAG AAG TTG ATT CTA GAT CAC TCA AAA GTT ACT CAT AAA TAT GCG ACT GAA GGT CTA GAC AGA ATC ATC CCT CAA AGA ACC AAG ATT ACG TTG CTA GCT TTC AGA AAA GAG GAA AGA TTA GGT CTT TTC CCT GGT ACC ATT TTA TAT CAA TTC GAC GGT GCG AAA AAT GAC ATC TCA GTC GAA GCG ACC GTT ATT GAG TTC GAA GGA GTT CCC CCT TTA ACT AAG GTT AGA GCG CGT ATG TCC TCT CCC AAA GAC AGT ATA GGT AAA TTT AAG AAA CGT ATG TTC CCC GAA CCT ACT AAA CAG GAT ACC GGT AGA ATT AAA 
Sbay                            CGC AAC ATT AAG TCT AAC TTG ATT TTA GCC CGT TTA AAG GCG AAT GTC GAC AGA CAT TTG ACA GAT TAT AGA ACT CGT AGA GAA TTC GGT TTG TCC GTG TAT AGA ATC TTA AAG ATC TTC CTG GAT GTA GAC GTA ACG TTC AAG AGA TCC GAT AAC TCT ATG GAA ACC AGT TTT GAT GAC CCA GAC GCT ATC AAA GAC AGA AAG ACC GCT ACT GAA AAG CCC GCT ATC CGA CCC GTT CAC GCT GAC GGT AAA ACC TTG AAA GAG AGT CAC CAG CAT GAC ATG GGC AAG ATC AGT GCT AAC ACA CCA AAG GTC ATC TGG ATA CAA GGT CGA GCC CTC CCG AGA GAA AGA GTT CTG GAA AAA AAG TCT TCT GCC CGT CCA GAC AAG GCC ATG AAA AGA ACC CCA ACC TTG GAA GGC AAG ATC CTA AGT GAT CTC AAG TTG GTG GTG TGG GAA TTG ACC CCA GAA CTT GCC AAG GAC GCT AAG GTT CCA GAT TGC ATT ACC GGT TCT GGT AAC AAA ATG AAA TTA TTC TGC ATG GAG GAA GGT ATG TCC GCT TGC TAT TCT TCT ATT TTA GAC ACC AAG AGG AAT ACC GTC CAG GAT TTC GTG GTC AGT AAG AGA GTT ACT TTC TTG GTA GAT TTT GCC GAC ATC AAG ATC CCA TAC CCT CCC GAC GTT ATC TGG ACC GAA GAA AGA TTA GCT TTA GAC GGT CCT ACT GTT ATC GTT GTC GCT ATG CCA ACC CCG GTC TAC GTT GAT CCA ATT ATT AAA GCT GAC TTT CCC GAT ATC GTC CAT CCG ACC TCC AAC GAA TCT GTC GCC GTC GAC AAG CAA AGA TCT TTG TTC GCT ATT GGT ACT CAG TTG GCA TTG GAA AAG TTG ATC ATG GAC CAT TCT AAG GTT ACT CAC AAG TAC GCA AAC GAA GGT CTA GAT AGA ATC ATC CCT CAG AGA ACC AAA ATC ACA TTG ATG GCG TTC CGA AAG GAA GAA AGA TTG GGC CTT TTC CCT GGT ACC ATC TTA TAC CAA TTC GAT GGT GCC AAG AGC GAC GTT TCC GTC GAG GCA ACC GTT ATT GAG TTC GAG GGT GTT CCC CCT CTA AAC AAG GTT AGA GCA CGC GTG TCC TCT CCC AAG GAC AGT ATA GGT AAA TTT AAG AAG CGT ATG TTC CCC GAA CCT ACT AAG CAA GAA ACT GGT AGA ATC AAG 
Smik                            CGT AAC ATT AAA TTC AAT TTG ATC TTG GCT CGT TTA AAG GCT AAT GTC GAC AGA CAT TTG ACA GAT TAT AGA ACG CGT AGA GAC TTC GGC TTG TCT GTA TAT AGG ATC TTA AAG ATC TTC CTA GAC GTA GAT GTG ACG TTC AAG AGA TCA GAC AAC TCT ATG GAA ACC AGT TTT GAC GAC CCA GAC GCT ATC AAA GAT AGA AAG ACC GCT ACT GAA AAG CCC TCT ATC AGA CCC GTT CAT TCT GAC GGC AAA ACT TTG AAA GAG AGT CAT CAG CAT GAC CTA GGC AAG ATC AGC GCC AAT ACA CCA AAA GTT ATC TGG ATA CAA GGC AGG GCT TTA CCT AGG GAC AGA GTT CTA GAA AAA AAG TCA TCT GCT CGT CCA GAC AAG GCC ATG AAA AGA ACC CCA ACT TTG GAA GGC AAA ATC CTA AGT GAT TTA AAA TTA ATG GTG TGG GAA TTA ACT CCA GAA CTG GCT AAG GAT GCT AAG GTT CCA GAT AGC ATT ACA GGT TTC GGT AAC AAA ATG AAG TTA TTC AGC ATG GAA GAA GGT ATG TCT GCT AGC TAC TCT TCT ATT TCG GAC ACC AAA AGA AAT ACT GTT CAA GAA TTC GTA GTG AGC AAG AGA GTT ACT TTC TTA GTC GAT TTT GCC GAC ATC AAG ATC CCA TAT CCT CCT GAC GTT ATC TGG ACC GAA GAG AGA TTG GCA CTA GAC GGT CCT ACT GTT ATC GTT GTT GCT ATG CCA ACT CCG GTC TAC GTT GAA CCA ATT ATT AAA GCC GAT TTT CCA GAA ATT GTG TAT CCT ACC TCC AAT GAA TCA GTG GCT GTG GAT AAG CAA AGA TCT TTG TTC GCT ATT GGT ACT CAG TTG GCA TTG GAG AAG TTG ATT CTA GAC CAT TCA AAA GTT ACC CAT AAG TAC GCA ACA GAA GGT CTG GAT AGA ATC ATC CCT CAA AGA ACC AAA ATC ACA TTG CTA GCT TTC AGA AAA GAG GAA AGA TTA GGT CTA TTC CCT GGT ACC ATT CTA TAT CAA TTC GAG GGT GCT AAA AGC GAC GTT TCC GTC GAA GCA ACC GTT ATT GAG TTC GAG GGA GTT CCC CCT CTA ACA AAG GTT AGA GCA CGT ATG TCT TCT CCC AAA GAA AGT ATA GGT AAA TTT AAG AAA CGT ATG TTC CCC GAA CCT ACT AAA CAG GAC ACT GGT AGA ATC AAG 
Spar                            CGC AAC ATT AAA TTC AAT TTG ATC TTA GCC CGT CTA AAG GCT AAT GTC GAC AGA CAT TTA ACA GAT TAC AGA ACA CGT AGA GAC TTT GGC TTG TCG GTC TAT AGA ATC TTG AAG ATC TTC CTG GAT GTA GAT GTG ATG TTC AAG AGA TCA GAT AAC TCT ATG GAA ACC AGT TTT GAT GAC CCA GAT GCT ATC AAG GAT AGA AAG ACC GCT ACT GAA AAG CCC TCT ATT AGA CCC GTT CAC TCT GAT GGT AAA ACT TTG AAA GAG AGC CAC CAG CAT GAC CAA GGC AAG ATC AGC GCC AAT ACA CCA AAA GTC ATC TGG ATG CAA GGC AGA GCC TTA CCT AGA GAC AGA GTT CTG GAA AAA AAG GCT TCT GCT CGT CCC GAC AAG GCC ATG AAG AGA ACC CCA ACT TTA GAA GGC AAA ATT CTA AGT GAT TTA AAA TTG ATG GTG TGG GAA TTG ACT CCA GAA CTG GCT AAG GAT GCT AAG GTT CCC GAT AGC ATT ACG GGT TTC GGT AAC AAA ATG AAA TTA TTC AGC ATG GAA GAA GGT ATG TCT GCT AGC TAC TCC TCC ATT TCG GAC ACC AAA AGA AAT ACT GTC CAA GAA TTC ATG GTC AGT AAG AGA ATA ACT TTC TTG GTC GAT TTT GCC GAC ATC AAG ATC CCA TAT CCT CCT GAC GTT ATC TGG ACT GAA GAG AGA TTG GCC TTA GAC GGT CCT ACT GTT ATC GTT GTT GCT GTG CCA ACT CCG GTC TAC GTT GAA CCA ATT ATT AAA GCC GAC TTT CCA GAA ATC GTC CAT CCT ACC TCG AGC GAA GCT GTC GCC GTC GGA AAG CAA AGA TCT TTA TTC GCC ATT GGT ACT CAG TTG GCG TTG GAG AAG TTG ATC CAA GAT CAT TCA AAA GTT ACC CAC AAA TAC GCG ACT GAA GGT CTA GAC AGA ATC ATC CCT CAA AGA ACC AAG ATT ACA TTG CAA GCT TTC AGA AAA GAG GAA AGA TTG GGT CTT TTT CCT GGT ACT ATT TTA TAT CAA TTT GAC GGT GCC AAA AGC GAC ATA TCG GTC GAA GCG ACC GTT ATT GAG TTT GAG GGG GTT CCC CCT TTA ACT AAG GTT AGA GCG CGC ATG TCC TCT CCC AAA GAT AGC ATA GGT AAA TTT AAG AAA CGT ATG TTC CCC GAA CCT ACT AAA CAG GAC ACT GGT AGA ATC AAA 
Ncas                            CGT AAC ATT AAG ACA AAC TTG ATC CTA GCC CGT TTA AAG GCG AAT GTC GAT AGA AAG TTA ACT GAT TTC AGA ACG CGA AGA GAG TTC GGT CTG TCC GTG TAT AGA ATC ATA AAG ATC TTC CTG GAT TTC GAT GTA GCT TTC AAG AGA TCA GAT AAC TCT ATG GAA ACT AAT TTC GAT GAC CCA GAC GCT ATC AAG GAT AGA AAG GAG GCT ACT GAA AAG CCC TCT ATC AGA CCC GTG CAT TCT GAC GGT AAG ACC CTT AAA GAA AAT CAT CAA CAT GAT TTA GAA AAG CTC GCG GCT AAT ACT CCA AGA ATT ATC TGG ACC CAA GGT AGG GCA TTA CCT AGA GAG AGA GTC CTG GAA AAT AAG GCT TCT AAT CGA CCC GAC AAG GCT ATG AAG AGA ACA CCA ACC TTA GAA GAA CGT ATC CTA AAT GAT TTA AGA TTG ATT ATA TGG GAA CTA ACT CCA GAA CTA AAT AAG GAT GCT AAG ATC CCC GAC GCA ATT GTA GGT ACA GGG AAC AAT ATG AAA TTG TAC GCA ATG GAG GAA GGT ATG TCT GCT GCA TAC TCC TCC ATT CAA GAT GAG AAA AGA AAT ACA GTT CAA GAT TTC CTG GTC AGT AAG AGA ATT ACA TTC TTG ACA GAT TTC GCC GAT ATC AAG ATC CCA TAT CCT CCC GAT GTC ATC TGG ACA GAA GAA AGA TTA GCT TTG GAT GGT CCT ACT GTC CTC GTT GTT GCT ATG CCA ACC CCC GTT TTC GTC GAT CCA ATC ATC AAA GCT GAT TTC CCT GAC ATC GTC TCA CCT ACT TCC GCA GAG GCT GTC GCC GTC GAG AAG CAA AGA TCT TTA TTC GCT ATA GGT ACT CAG CTG GCT CTT GAA AAG TTG GTT TTA GAT CAT TCT AGA GTT ACT CAT AAA TAT GCT GCG GAA GGT TTG GAT AGA ATC ATC CCA CAA AGA ACT AAG ATC ACT CTG TTA GCG TTC AGA AAG GAA GAA AGA CTA GGT CTT TTC CCT GGT ACA ATT TTG TAT CAA TAC GAA GGT GCA AAA CAA GAT ATT TCC GTC GAA GCT ACT GTC ATT GAG TTC GAA GGG GTT CCC CCT TTA GCG AAG GTC AGA GCT CGT ATT TCT TCC CCC AAA GAT AAT TTA GGA AAA TTC AAA AAG CGA ATG TTC CCC GAA CCT ACT AGA CAG GAG ACT GGT AGA ATC AAA 
Cgla                            AGG AAC ATT AAA ACT GAT TTG ATC TTA GCA CGT TTG AAG GAC AAT GTC GAC AGA AAA TTA ACA GAT TAT AGA GTA AGG AGA GAG TTC GGT CTG TCT GTA TAC AAA ATC CTT AAG ATC TTC GTC GAC ATC GAT GTC ATT TTC AAG AGA TCC GAC AAC TCC ATG GAA ACC AAA TAT GAC GAC CCA AGT GCT ATT CAA GAC CGT AAG ACA GCT ACT GAA AAG CCA AGT ATA AGA CCC GTG CAC AGT AGT GGT AAG ACC CTA AAA GAA AAG CAC CAG CAC GAC TTG GGG AAG ATT AGT GCA AAT ACA CCA AAG ATT ATC TGG ACA CAA GGT AGG GCA CTT CCA AAA GAG AGA GTT GTC GAA GAT ACA GCA TCC TCT AGG CCA GAC AAG GCT CTG CAA AGA ACT CCA ACC TTA GAG GGG CGT ATC CTT AAA GAT CTT AAG CTG ATT ATT TGG GAA CTA ACC CCA GAG CTA TCT AAG GAC GCT AAG ATC CCA GAT TCT ATT ATA GGT ACT GGA AAT GAT ATG AAA TTG TTT TCT CTG GAG GAA GGT ATG TCC GCT TCT TAT TCC TCC ATT AGT GAC ACA AAG AGG AAT ACT GTT TTT GAT TTC TTG GTT AGT AAG CGT ATC ACC TTC TTG GTA GAT TAT GCT GAC ATC AAG ATC CCA TAC CCA CCA GAC GTC ATC TGG ACC GAG GAG AGA CTG GCC TTG GAC GGT CCA ACC GTC ATT GTC GTC GCT ATG CCA ACC CCA GTC TAT GTT GAT CCA ATT ATT TCT GCC GAC TTC CCT TCA ATC GTT CAT CCA ACC TCG AAT GAG GCA GTT GCA GTT GAC AAG CAG CGT TCC TTA TTC GCT ATC GGT ACT AAT CTG ACT CTA GAG ACA TTG GTC TTG GAC CAC TCT AAG GTC ACT CAC GAG TAC ACT GAT GAA GGT TTA GAT AGA ATT ATT CCT CAT AGA ACC AAG ATA ACA CTG TTG GAC TTC AGA AAA GAG GAA AGA CTG GGT CTG TTC CCT GGT ACC ATT TTG TAC CAA TTT GAA GGT GCA AAG AAG GAC ATC TCG GTC GAA ACT ACC GTC ATT GAG TTC GAA GGC GTC CCC CCA TTG GAT AAG GTC AGA ACT AGG ATT TCC TCT CCC AAA GAC AAG ATA GGA AAA TTC AAA AAA AGG CTG TTC CCA GAA CCA ACT AAG CAG GAG ACT GGT AGA ATC GAG 
Agos                            CGG AAC ATC AAA AGC AAC TTG ATC TTG GCG CGT TAC AAG CCG AAT GTT GAC AGA CGC CTC ACA GAC CTG AGA TGT CGA AGA GAA TTC GGC ATG TCG GTG TAT AAG ATC ATT AAG ATC TTT ATA GAC GTG GAC GTG ACC TTC AAG AGA TCA GAC AAC TCG ATG GAC ACC AAG TAC GAC GAC CCG GAC GCC ATA CAA GAC AGA AAG TCA GCC ACG GAT AAG CCG TCA ATA AAA CCG GTG CAC TCA GAC GGC GCC ACC TTA AAG GAG GTC CAC TGG CAC GAC CAG GGG AAG GTG AGT GCC AAC ACA CCT AAA GTT ATC TGG AGC CAG GGT CGG GCC CTG CCC AAG GAA AGA ATC ATA GAA AAG ATC GCG TCG AAG CGA CCG GAC AAG GCT CTG CAA AGA ACT CCA ACC CTC GAG GGG CGC ATC CTC AAG GAT CTG AAA CTG ATA GTG TGG GAG TTG ACG CCG GAG CTG AAG AAG GAC GCG AAG ATC CCG TCA GCT ATC GTT GGT AGC GGT AAT AAG ATG CGG TTG TTG GCT CTG GAA GAG GGT ATG ACC GCG GCT CTG TCC TCC ATC TCC GAC TCA AAG AGA AAT ACC GTC CAC GAA TTC CTC GTT TCC AAG AGA ATT ACC TTT TTG GTA GAT TAC GCT GAC ATC AAG ATC CCG TAC CCC CCA GAC GTG ATC TGG ACC GAG GAG AGA TTG GCA TTG GAC GGT CCG ACC GTC GTG GTC GTG GCT ATA CCT ACC CCC GTG TTT ATC GAA CCT ATT ATT AAG GCC GAC TTC CCG GAT ATC GTT TAC CCC ACC AGC AAC GAG GCG GTT GCG GTT GAA AAG CAG AGA TCG CTC TTC GCG ATT GGT ACC GAC ATG GCA TTA GAG ATC TTG GTC CAG GAC CAC TCA AAA GTG ACC CAC AAG TAT GCA TTG GAG GGT CTC GAC AGA ATA ATA CCA AGC AAG ACC AAG ATA ACA ATG CAG CCG TTT AAA AAA GAG GAA AGA CTG GGC TTG TTC CCG GGC ACC ATC TTG TAC CAG TAC GAG GGC GCC AAG GAG GAC ATT AGC GTT GAG GCA ACT GTC ATC GAG TTC GAG GGT GTG CCG CCC CTT TTG AAG GTC AGA GCA CGG ATA TCT TCC CCG AAG AAG GTC ATT GGC AAG TTC AAG AAA CGA CTG TTC CCG GAG CCC ACG AAA CAG GAA ACC GGC AGA ATC AAG 
Klac                            CGT AAC ATC AAA CAG AAT TTG ATC TTG GCC CGT TAC AAG GAA AAC GTT GAT AGA AAA TTA ACT GAT ATT AGA ACG AGA AGA GAG TTT GGT CTC ACT GTT TTC AAA ATC CAT AAG ATC TTC ATA GAC GTA GAT GTG GTC TTC AAG AGA AAG GAC AAC TCT ATG GAA TCC CGT TTT GAC GAC CCA GAG GCT TTA CAA GAT AGA AAG AAC GCT ACT GAG AAG CCT TCT ATT AGA CCT GTT CAC TCT GAG GGT AAG ACC TTG AAG GAA ATA CAT CAA CAT GAT CTA GGA AAG CAA AGT AGT AAT ACT CCA AAA GTG ATC TGG CAT CAA GGA CGT GCA CTG CCT AAA GAG AGA GTT ATA GAA GAA GTG GCT TCT GGA AGA CCT GAC AAG GCC TTG CAA AGA ACT CCA ACC TTA GAA GGA AGA ATC CTT CGT GAT CTG AAA TTA CTC GTA TGG GAA TTA ACT CCA GAA CTT GGA AAG GAT GCT AAG ATT CCT AAT TCC GTA GTC GGT CAG GGA AAC GAA ATG AAG TTG TTC TCC TTG GAA GAA GGT ATG TCA GCT TCC TTA TCT TCT ATC TCC GAC AAC AAG AGA AAC ACC GTT CAT GTT TTC TTG GTC AGT AAG AGA GTG ACT TTC TTG GTT GAT TTT GCC GAC ATC AAG ATC CCA TAT CCG CCA GAT GTT ATC TGG ACC GAA GAA AGA TTA GCA TTG GAC GGT CCT ACA GTC CAA GTT GTC GCT ATG CCA ACC CCA GTC TTC GTT GTT CCA ATT ATT AAG GCC GAT TTC CCA GAC ATC GTC TAC CCT TCC GCA TTC GAA GCT GTC GCC GTC GAA AAG CAA AGA TCT TTA TTC GCT ATT GGT ACT GAT CTC GCT TTG GAA GTG TTG ATC CTA GAT CAT TCT AAA GTC ACT CAC AAA TAC GCT GTA GAA GGT CTC GAC AGA TTA TTA CCA AAA AGA TCC AAG ATT ACT CTC CTA GAA TTT AGA AAA GAA GAA AGA TTA GGA TTA TTT CCC GGT ACC ATT TTG TAT CAA TTC GAA GGT GCA AAG GAG GAC GTG GCA GTT GAA GCT ACC GTC ATC GAA TTT GAA GGG GTC CCT CCG TTA GTA AAG GTC AGA GCT CGT CTC TCC TCT CCT AAG TAC ATA CTC GGA AAA TTT AAA AAA AGA TTG TTC CCT GAA CCG ACT AAA AAA GAG ACT GGT AGA ATC AAA 
Calb                            AGA AAT ATT CAA AAT AGT TTG ATT TTG GCT CGT GAT AAG GAA GGT GTT GAT AGA AAA TTG ACC GAT TCC AGA ACA AGA AGA ATT TTC GGA CTT CAA ATA TAT CAA ATT CTA AAA ATT TTT TTA GAT ATA TCA GTT ATG TTT AAG AGA CAA GAT AAT TCC ATG GAA ACT AGA TAT GAT AAC CCA TCA GCT TTA CAA GAC AGA AAG CAA GCT ACT GAT AGA CCA GCT ATA TTA CCT GTC CAT GCT TCA GGT AAA ACC TTG AAA ATG ATT CAT CAA CAT GAT AGT ATT AAG TCC GGA CCA AAT ACC CCA AAA GTT ATT TAT CTA CAA CAA AGA GCT ATA CCT CAA ATT AGA GTT TTA GAA GAA TCA GCT TCC AAT AGA GGT AAC AAG GCT TTC CAA AGA ACC CCA ACC TTG GAA ATT AAG ATC TTA AGA GAT ATA AAA TTG GTT ATG TGG GAA TTG ACT CCA GAA TTG AAT AAA GAC ACT AAG CTT GGT TCG GCA GTT TTA GGT AAT GCG AAT GAA ATG ACC TTA AGT GCA TTC GAA GAA GGT ATG TTC GCT GCA TTG TCT TCT ATT TTT GAC CAA AAG AGA GGT ACT GTT AAT TCG TTC TTA GTT AGT AAG AGA GTT ACA TTT TTG ACA GAT TAT GCC GAT ATC AAA ATC CCA TAT GAA ATA GAT GTT ATT TGG ACT GAA GAA AGA TTG GCT TTA GAT GGT CCT TCG GTT TCC GTT GTT GCC TTA CCA ACC CCA GTC TTT GTT TCG CCA ATT ATT AAA GCT GAT TTC CCA GAA ATC GTT CAA CCT ACT AAT TAT GAA GCT GTT GCT GTT GAA AGA CAG AGA TCC TTG TTG GCT ATT GGT ACT GAA CTT GCA TTG GAA TCA TTG ATT AGT GAT CAT TCG AAA GTC ACT CAT GAT TAT GCA AAA GAA GGT ATT GAT AGA TTA TTA CCA AAA AAA ACT AAA ATA ACC CTT AGT GAA TTT TTA CAA GAA GAA AGA CTA AGA GTG TTC CCA GGT ACT ATT TTA TAT CAA TTT CAG GGG GCT AAG GCT GAC GTT AAT GTT GAA GCA ACC GTT ATT GAA TTC ATG GGT GTC CCT GAA TTG AAA AAA GTT CGA GCA AGA GTT TCT TCA CCT AAA AAT ATT GTT GGA AAA TTC AAA CAA AGA TTC TTT CCA GAA GAA ACT AAA GCA ATT ACT GGT AGA ATT GAT 



Printing out site pattern counts


         9        714  P

Scer                            AAA AAA AAA AAA AAA AAA AAA AAA AAA AAA AAC AAC AAG AAG AAG AAG AAG AAG AAG AAG AAG AAT AAT AAT AAT ACA ACC ACC ACC ACC ACC ACG ACG ACT ACT ACT ACT ACT ACT ACT ACT ACT AGA AGA AGA AGA AGA AGA AGA AGC AGC AGC AGC AGG AGT AGT ATA ATC ATC ATC ATC ATC ATC ATC ATG ATG ATG ATG ATG ATG ATG ATT ATT ATT ATT ATT ATT ATT ATT ATT CAA CAA CAA CAC CAG CAG CAG CAG CAT CAT CAT CAT CCA CCA CCA CCA CCA CCC CCC CCG CCT CCT CCT CCT CCT CCT CGT CGT CGT CTA CTA CTA CTG CTG CTT GAA GAA GAA GAA GAA GAA GAA GAA GAA GAA GAA GAC GAC GAC GAC GAC GAC GAC GAC GAC GAC GAG GAG GAT GAT GAT GAT GAT GAT GAT GAT GCA GCC GCC GCC GCC GCC GCC GCG GCG GCT GCT GCT GCT GCT GCT GCT GGA GGC GGC GGC GGT GGT GGT GGT GGT GGT GGT GTA GTC GTC GTC GTC GTC GTC GTC GTC GTC GTG GTG GTT GTT GTT GTT GTT GTT TAC TAC TAC TAT TAT TAT TCA TCA TCA TCA TCC TCC TCG TCT TCT TCT TCT TGG TGG TTA TTA TTA TTA TTA TTA TTA TTA TTC TTC TTC TTC TTC TTC TTC TTG TTG TTG TTG TTG TTG TTG TTG TTT TTT TTT TTT TTT 
Sbay                            ... ... ... ... ..G ..G ..G ..G ..G ..G ... ... ..A ..A ..A ..A ... ... ... ... ... ..C ..C ... .GC ..T ... ... ... ... ..T ..A ..C .AC ..C ..C ..C ..C ... ... ... ... ... ... ... ... ..G C.. C.. .A. ..T ..T T.. ..A ... ... ... ... ... ... ... ... ... G.T .C. ..A ... ... ... G.. G.. ..C ..C ..C ..C ... ... ... ... ... ... ... ..G ..T ..A ... ... ... ..C ..C ... ... ... ... ... ... ..C ... ... ... ..C ..G ... ... ... ... ..C ... ... A.G ... ... ... ..T ... ... ... ... ... ... ... ..G ..G ..G ..T ..T ... ... ... ... ... ... ... ... ..T ..T ..A ... ..A ..C ..C ..C ... ... ... ... ..T ... ... ... ..T ..T ..T ..A ..C ..C ..G ... ... ... ... T.. ..T ... ..T ..T ..C ... ... ... ... ... ... ... ..A ... ... ... ... ... ..G ..T ..T ..A ... ..C ... ... ... ... ... ... ..T ..T ..C ..C ... ..C ..C ..T ..T ... ... .TA G.. ..C ... ... ... ... C.. C.C ... ... ... ... ..G ..G .CT ... ... ... ... ... ... ..A ..A ... ... ... ... ... ... ..C ..C ... ... ... 
Smik                            ... ... ... ..G ... ... ... ... ... ..G ... ... ..A ..A ..A ..A ... ... ... ... ... ... ... ... .GC ..G ... ... ... ... ..T ..A ..A ..A ..C ... ... ... ..C ... ... ... ... ... ... ..G ... ... ..G .AT ... ... ... ..A ... ... ... ... ... ... ... ... ..T G.T .C. ..A ... ... ... ... G.A ..C ..C ... ... ..C ... ... ... ... ... ... ... ..T ... ..A ... ... ... ... ... T.. ... ... ... ... ... ... ... ... ... ... ... ... ... ... ... ... ... ... ... ..G ..A ... ..A ... ... ... ... ... ... ... ... ..G ... ... ..A ... ... ... ... ..T ..T ..T ..G ..T ... ... ..C ..C ..C ... ..C ... ... ... ..T ... ..T ..T ... ... ..T ..A ..T ..C ... ..A ... ... ... T.A ... ... ... ... ... ..C ... ... ... ... ... ... ... ... ... ..G ..T ..T ..A ..T ..T ... ... ... ... ... ... ... ... ... ... ..T ..C ... ... ... ..C ... ..T ..T ..T ... ... ... ... ... ... ... C.. ... C.. ... ... ..G ... ..G ... ... ... ... ... ... ... ..A ... ..A ..A ..A ... ... ... ..C ..C ... ... ... 
Spar                            ... ... ..G ... ... ... ... ... ... ... ... ... ..A ..A ..A ... ... ... ... ... ... ... ... ... .GC ... ... ... ... ..T ..T ..A ... ... ..C ... ... ... ..C ... ... ... ... ... ... ... ... ... ... ... ... ..T ... ..A ..C ... ... ... ... ... ... ..T ... ..A ... ... ... ... G.. ... ... ..C ... ..C ... ..C ... ... ... ... ... ... ... ..T ... ..A ... ... ..C ..C ... ... ... ... ... ..C ... ... ... ... ... ... ... ... ... ... ..C ... ... .A. ... ... ... ... ... ... ... ... ... ... ... ... ... ..G ... ... ..T ... ... ... ..T ... ..T .GA ... ... ... ... ..C ..C ... ... ... ... ... ... ..T ... ... ..T ... ... ... ... ..C ..C ... ..C ... ... ... ... ..G ... ... ... ... ... ... ... ... ... ... ... ... ... ... ... ... ... ... ..T ..T ... ... ... ... ... ... ... ... ... ... ... ..C ... ... ... ..G ... ..C ... ..G ... ... ... ... ... ... ... ... ... ... C.. ... ... ..G ... ... ... ... ... ... ..T ..T ... ... ... ... ... ... ... ... ..C ..C ... ... ... 
Ncas                            ... ..T ..G ... ... ... ..G .G. CGT ... ... ... ..A ..A ... ... ..A ... ... ... ... ..C ... ... C.A ..G ..T ..T GAG ..A ..T ..T GTA G.G ..A ..A ..C ... ... ..A ... ... ... ... ... ... ... ... ..G GCA GCG ..T GCA ..A .A. .A. T.. ... ... ... C.. ... ... ..T GCT .CC ... ... ... ..T C.. ..C ..C G.. ... ..C ..A ..C ... ... ... ... ... ..T ... ..A ..A ... ... ... A.G TCA ... ... ... ..C ..T ... ... ..C ..C ... ..A ... ... ... ... ..A ... T.. ... T.G ... ..A ... ... ... ... ... ... ..G ... ..G ... ..C ..T ..T ..T ..T ..T ... ..T ..T ..G ..A ..T ..A ... ..G ..C ... ... ... ..C ... ... ..T ... ... AAT ..T ..T ..T ..T ..A ... ..G ... ... ... ... ... ..G .AA ..T ..T ... ... ..A ..G ... ... ... T.C ACA ... ..T ... A.T ..T ..G A.. ... ..A A.A ... ..C ..C ..G ... ... .T. ... .T. ... ... ... ... ..C ..T ..C ..T ... CAA ... ... ..C ... ... ... ... ... ..G ... ..G C.. C.. ... ACA ... ... ... ... .A. ... A.A ..A C.A ... ... C.. C.T ... .AC ..C ..C ..C ..C 
Cgla                            ... G.T C.. ... ... ..G ... ..G CGT G.G ... ..T ..A TCT ... ... ..A ... ... ... .CA G.. ... ... ..G GT. ... ... ..A ... ..T ..A .TA GA. ... ... ..C ..C ... ..C ..C ... ... ... ... .A. ..G ... ..G .AT ..T ..T TCT C.T .AG .AA ... ... ... ..T ..T ... ... ... ..T .CA ... C.. ... ..T T.. ..C ..A G.C ... ..C ..C ... ... ... ... ..G ..T ... ... TTT ... A.T ..C ..C A.A ... ... ... ... ... ..T ..A ... ..A ..A ..A ... ..A ..A ... A.G A.G ... T.G ..T T.. G.C ..A ..G ... ... ... ... ..G ..G ... ..G ... TC. ..T ... ... ... ... AGT ... ..T ... ..A ..T ... ... ..G ..C ..C ..C ..C ... ... ... ..T ..T ..A T.T ..A ... ..T A.T ..A ... .AC ..C ... ... ... ..A ..C ..G ..T ..T ... ... ..A ..A ... ... ... A.C ..A ... ... ..T A.T ..T ..A A.. ..T ..C A.T ..C ..C ..C ..G ..C ..C ..T ..T ..T ..C ..C ..C ..C ..G ..T ..C ... ..T AGT AG. ..C ... ..C ... ... ..G C.T ..G ..G ..G ... C.G ... ACT ... ... ... ... ..T ... C.T C.. C.A C.. ... C.. C.A ... ... ..C .A. ..C ..C 
Agos                            ..G ..G C.. CGG ..G ..G ... ... CGC ..G ... ..T ... ... GCC ... ... ... ... ... .TC ..C ..C ... G.G TGT ... ..T T.A ... ... ..A GTT TTG ... ..C ..C ..G ..C ..C ..C ..G .AG ... ... .AG ... .A. C.G .A. ..T TC. GCT ..A GTC .AG ..T ... ... ..A G.G ... ... ..T .CC .GC ... C.. ..A ..A C.C ..C ..A G.C ..C ..C ... ... ..C ..C ..G ..G AGC ... ... ..C TG. G.C ..C ..C .GC T.C ... ..G ..T ..G ..G ..G ..G ..C ..A ..C ..A ..C ..G ..G ..G ..A ... .AG ..C ..C A.A ... T.G ... ..C ..G ..T ..G ..G ..G ... ..G ..T ... A.G ... ... ... ... ... ... ..A ..G ... ... ... ..A ..C ..C ..C ..C TCA ..C ... ..T ..T ..G AAG ... ... ..G ..A ..C ... C.G ..A ..C ..G ..G ..G ..T ..G ... ..T ..C ..C ..C ... ..C ..C ... ..G ..A ..T ..G ..T ..T ... ..G A.. A.. ... ... ..G ..C ..G ..G ..C ..G .TT CTG CTG ... ..C ... ... AGC ... ..C ..T ..G ..C ..A A.C ..C ..G ... ... C.T C.G ..G .AC ..G ..G C.G C.C AG. ... ... ... ..T .A. ... A.T ... ... C.. ... A.. ..A ... ..G ... .AC ..C ..C 
Klac                            ... G.. C.. ..G ..G ..G ... ... .G. ... ... ... ... ... ... ... ..A ... ... ... GT. ... ... ..C G.G ..G T.. ... .A. ... ..T ..T GTC GTA ... ..C ..C ... ... ... ..A ... ... ... ... .A. ... ... C.T TT. ..T ..T TC. ..A .TA C.. C.C ... ... T.A CAA ... ... G.G G.C CAT ... T.. ... C.C T.. ..C ... ..C ... ..C ... ... ..C G.A ... ... A.. ..T A.A ..T ..A G.T ..C ... A.A T.C ... ... ... ..T ... ..T ..T ..A ..A ... ..A ..G ... ..C ... A.A ... ... ..T ..C A.A ..T T.A ... ... ... ..G ... ... ... ... ... ..C .TT T.. ... ... ..T ..G ..T ..T ..A ..A ... ..A ..A ..G ..C ... ... ..C A.. ... ... ..T ... ... .GA AGT ... ..T ..T ..A ..C .AA ..A ... ... ... ... ..G ..A ..T ..A ..A ... ..A ..A ... ... ... ... ..T ..T ... ... ..G ..T ..T A.T ..T ... ..A ..C ..C ... ... ... ..C .T. .TA ATT ..C ... .TC AAG G.. ..T ..T ... A.T ..C ... ..A ... ... ... ... ... C.G ..G .AC ..G ..G ... ... CAG ... ... ... ..T ... ..T CAT ..A ..A ..A ... C.C ... ... ..C ..C ... ..C ... 
Calb                            ... G.. C.. .CC ... ..G C.. ... ..G G.T ..T ..T ..A ..A ..A ..A ..A ..A ... .GA TCA .G. ... GG. GC. ... ..T ... CAA ..T ..T ..C TTA .AA ..C ... ..C ... ... ..A T.G ... .A. ... C.. CA. ... TT. ... TAT G.A ..T GCA ..A .T. ..A G.T ... ..T T.A TC. ... ... G.T ... C.A ... T.C T.A G.T T.A ... ..A ... ... ... ... ... ... G.. ... ..G A.. ..T GCA A.T ..A G.A ... ... A.A ..A ... ... ... GGT ... ..A ..T ..A ATA ... ..A GAA ... ..A A.A A.A ... AGT T.. A.T T.A T.. G.G ... ... ... ..T ... ... ... ... ATG ... TCG A.T ... ..T ..T TCA ..T TCA ..A C.G ..T ..A ..A AT. A.C ... ..C ... TCG ... ... ..C ... ..T AAT C.A ..T ..T ..A ..T ... .AA ... ... A.. ... ... ..T ATT ..A CAA A.A ... ..A .CG ..G ... ... A.. ACA ..T ... ..T ..T ..T A.A C.T ..T ..T A.. ... ... ... ..C ... ..C .TT .TG .C. ... ... ... CA. AAT ..G ..T ..T CAA .TT G.. .TC ..A ..C .AT ... ..G A.. ... GAT ... ..G C.. ..G AAT ... ..G ..T ..T ..T ... C.A ... ... ... ... C.T ... ... AG. ... .A. ..C ..C 

    1    2    2    1    1    2    3    4    1    2    2    1    1    1    1
    1    1    4    7    2    2    1    1    2    1    1    3    1    2    2
    2    3    1    2    1    1    3    1    1    1    1    2    1   10    1
    2    1    2    1    1    1    1    3    3    2    2    1    2    3    3
    2    1    1    2    1    1    3    3    1    2    1    2    2    1    1
    1    1    2    3    1    2    1    1    2    1    1    1    1    2    1
    1    1    1    3    3    2    1    2    3    1    1    2    1    3    1
    1    2    3    1    3    1    1    2    1    1    2    1    4    1    3
    1    1    1    2    1    2    1    2    2    3    2    1    1    1    1
    1    3    1    3    2    1    2    3    1    1    2    1    1    2    2
    1    1    1    4    2    1    2    1    2    1    1    2    1    2    1
    1    1    1    1    1    1    2    5    1    1    2    1    4    1    1
    1    1    2    1    1    1    3    1    1    1    2    1    1    1    1
    2    1    1    2    1    2    1    1    1    2    1    1    3    1    2
    1    2    2    1    1    1    1    3    2    1    1    2    1    1    3
    1    1    1    1    1    3    2    2    1    2    2    1    1

CODONML (in paml version 4.9j, February 2020)  temp.nuc
Model: One dN/dS ratio, 
Codon frequency model: Fequal
ns =   9  ls = 391

Codon usage in sequences
--------------------------------------------------------------------------------------------------------------------------------------
Phe TTT   7   4   4   8   0   3 | Ser TCT   7  11  11   7   8   9 | Tyr TAT   4   3   5   3   4   5 | Cys TGT   0   0   0   0   0   0
    TTC  11  12  14  10  17  12 |     TCC   2   6   2   3   6   8 |     TAC   3   4   3   4   3   4 |     TGC   0   3   0   0   0   0
Leu TTA  12   8   9  10  12   5 |     TCA   6   0   4   2   2   1 | *** TAA   0   0   0   0   0   0 | *** TGA   0   0   0   0   0   0
    TTG  12  14  12  13   8  12 |     TCG   1   0   1   4   0   2 |     TAG   0   0   0   0   0   0 | Trp TGG   3   3   3   3   3   3
--------------------------------------------------------------------------------------------------------------------------------------
Leu CTT   1   2   0   1   3   4 | Pro CCT   9   6   9   9   8   3 | His CAT   5   4   6   4   5   2 | Arg CGT   6   4   6   4   4   5
    CTC   0   2   0   0   2   0 |     CCC   5   7   5   7   9   3 |     CAC   2   3   0   3   0   5 |     CGC   0   2   0   2   0   0
    CTA   5   3  10   3   5   4 |     CCA  10   9  10   8   8  19 | Gln CAA   4   4   5   8   8   4 |     CGA   0   3   0   0   3   0
    CTG   3   2   2   3   6  10 |     CCG   1   3   1   1   0   0 |     CAG   4   4   3   3   2   3 |     CGG   0   0   0   0   0   0
--------------------------------------------------------------------------------------------------------------------------------------
Ile ATT  14   8  10  11  10  17 | Thr ACT  13   8  11  15  14  13 | Asn AAT   5   2   5   4  11   6 | Ser AGT   4   6   4   3   1   7
    ATC  14  18  16  15  18  15 |     ACC  10  15  10   8   4  12 |     AAC   3   8   3   3   4   2 |     AGC   6   1   6   8   0   0
    ATA   1   2   2   3   3   4 |     ACA   1   3   6   4   8   8 | Lys AAA  19  10  20  20  10  13 | Arg AGA  18  17  18  21  24  14
Met ATG  12  10   9  11   7   4 |     ACG   4   1   2   1   1   0 |     AAG  20  29  19  19  23  24 |     AGG   3   1   3   0   1   7
--------------------------------------------------------------------------------------------------------------------------------------
Val GTT   9  13  16  12   7   7 | Ala GCT  10  11  14  11  17   8 | Asp GAT  15  12  10  14  22  13 | Gly GGT  12  14  11  12  12  12
    GTC  14  10   4  11  12  15 |     GCC   8   8   4  10   3   2 |     GAC  15  18  18  15   6  20 |     GGC   4   3   5   4   0   1
    GTA   1   3   3   1   2   3 |     GCA   1   4   5   0   6   7 | Glu GAA  19  18  18  17  20  12 |     GGA   1   0   1   1   1   2
    GTG   2   5   6   3   2   1 |     GCG   6   2   0   4   5   0 |     GAG   4   5   7   6   9  14 |     GGG   0   0   0   1   2   2
--------------------------------------------------------------------------------------------------------------------------------------

--------------------------------------------------------------------------------------
Phe TTT   4   7   8 | Ser TCT   1   9   3 | Tyr TAT   2   2   8 | Cys TGT   1   0   0
    TTC   9  12  10 |     TCC   5   8   6 |     TAC   7   4   0 |     TGC   0   0   0
Leu TTA   2  13  14 |     TCA   7   1   6 | *** TAA   0   0   0 | *** TGA   0   0   0
    TTG  13  13  16 |     TCG   4   0   5 |     TAG   0   0   0 | Trp TGG   4   3   2
--------------------------------------------------------------------------------------
Leu CTT   1   2   4 | Pro CCT   3  10   6 | His CAT   0   6   5 | Arg CGT   1   6   1
    CTC   6   7   0 |     CCC   6   1   0 |     CAC   6   2   0 |     CGC   2   0   0
    CTA   0   3   3 |     CCA   3  11  14 | Gln CAA   2   8  16 |     CGA   3   0   1
    CTG  10   2   0 |     CCG  15   3   0 |     CAG   7   2   2 |     CGG   4   0   0
--------------------------------------------------------------------------------------
Ile ATT   7   8  22 | Thr ACT   2  12  13 | Asn AAT   3   3  12 | Ser AGT   1   3   6
    ATC  20  14   4 |     ACC  16   7   9 |     AAC   5   7   2 |     AGC   6   0   0
    ATA  10   4   7 |     ACA   3   1   3 | Lys AAA   9  16  20 | Arg AGA  15  22  25
Met ATG   6   4   7 |     ACG   3   1   0 |     AAG  33  22  10 |     AGG   0   0   0
--------------------------------------------------------------------------------------
Val GTT   8  12  23 | Ala GCT   6  12  16 | Asp GAT   4  12  18 | Gly GGT   8  10  13
    GTC   8  13   4 |     GCC   7   5   2 |     GAC  23  11   4 |     GGC   7   0   0
    GTA   1   5   0 |     GCA   5   5   8 | Glu GAA   9  25  27 |     GGA   0   8   3
    GTG  12   6   1 |     GCG   7   0   1 |     GAG  17   7   0 |     GGG   2   1   1
--------------------------------------------------------------------------------------

Codon position x base (3x4) table for each sequence.

#1: Scer           
position  1:    T:0.17391    C:0.14066    A:0.37596    G:0.30946
position  2:    T:0.30179    C:0.24041    A:0.31202    G:0.14578
position  3:    T:0.30946    C:0.24808    A:0.25064    G:0.19182
Average         T:0.26172    C:0.20972    A:0.31287    G:0.21569

#2: Sbay           
position  1:    T:0.17391    C:0.14834    A:0.35550    G:0.32225
position  2:    T:0.29668    C:0.24041    A:0.31714    G:0.14578
position  3:    T:0.27621    C:0.30691    A:0.21483    G:0.20205
Average         T:0.24893    C:0.23188    A:0.29582    G:0.22336

#3: Smik           
position  1:    T:0.17391    C:0.14578    A:0.36829    G:0.31202
position  2:    T:0.29923    C:0.24297    A:0.31202    G:0.14578
position  3:    T:0.31202    C:0.23018    A:0.28389    G:0.17391
Average         T:0.26172    C:0.20631    A:0.32140    G:0.21057

#4: Spar           
position  1:    T:0.17136    C:0.14322    A:0.37340    G:0.31202
position  2:    T:0.29412    C:0.24041    A:0.31458    G:0.15090
position  3:    T:0.30179    C:0.26343    A:0.25064    G:0.18414
Average         T:0.25575    C:0.21569    A:0.31287    G:0.21569

#5: Ncas           
position  1:    T:0.16113    C:0.16113    A:0.35550    G:0.32225
position  2:    T:0.29156    C:0.25320    A:0.32481    G:0.13043
position  3:    T:0.32225    C:0.21483    A:0.28645    G:0.17647
Average         T:0.25831    C:0.20972    A:0.32225    G:0.20972

#6: Cgla           
position  1:    T:0.16368    C:0.15857    A:0.37340    G:0.30435
position  2:    T:0.29668    C:0.24297    A:0.32481    G:0.13555
position  3:    T:0.29156    C:0.25320    A:0.24552    G:0.20972
Average         T:0.25064    C:0.21824    A:0.31458    G:0.21654

#7: Agos           
position  1:    T:0.15090    C:0.17647    A:0.35550    G:0.31714
position  2:    T:0.29923    C:0.23785    A:0.32481    G:0.13811
position  3:    T:0.13299    C:0.34015    A:0.17647    G:0.35038
Average         T:0.19437    C:0.25149    A:0.28559    G:0.26854

#8: Klac           
position  1:    T:0.18414    C:0.16113    A:0.31714    G:0.33760
position  2:    T:0.31969    C:0.21995    A:0.32481    G:0.13555
position  3:    T:0.29156    C:0.23274    A:0.31202    G:0.16368
Average         T:0.26513    C:0.20460    A:0.31799    G:0.21228

#9: Calb           
position  1:    T:0.19949    C:0.13299    A:0.35806    G:0.30946
position  2:    T:0.31458    C:0.23529    A:0.31714    G:0.13299
position  3:    T:0.40409    C:0.10486    A:0.37596    G:0.11509
Average         T:0.30605    C:0.15772    A:0.35038    G:0.18585

Sums of codon usage counts
------------------------------------------------------------------------------
Phe F TTT      45 | Ser S TCT      66 | Tyr Y TAT      36 | Cys C TGT       1
      TTC     107 |       TCC      46 |       TAC      32 |       TGC       3
Leu L TTA      85 |       TCA      29 | *** * TAA       0 | *** * TGA       0
      TTG     113 |       TCG      17 |       TAG       0 | Trp W TGG      27
------------------------------------------------------------------------------
Leu L CTT      18 | Pro P CCT      63 | His H CAT      37 | Arg R CGT      37
      CTC      17 |       CCC      43 |       CAC      21 |       CGC       6
      CTA      36 |       CCA      92 | Gln Q CAA      59 |       CGA      10
      CTG      38 |       CCG      24 |       CAG      30 |       CGG       4
------------------------------------------------------------------------------
Ile I ATT     107 | Thr T ACT     101 | Asn N AAT      51 | Ser S AGT      35
      ATC     134 |       ACC      91 |       AAC      37 |       AGC      27
      ATA      36 |       ACA      37 | Lys K AAA     137 | Arg R AGA     174
Met M ATG      70 |       ACG      13 |       AAG     199 |       AGG      15
------------------------------------------------------------------------------
Val V GTT     107 | Ala A GCT     105 | Asp D GAT     120 | Gly G GGT     104
      GTC      91 |       GCC      49 |       GAC     130 |       GGC      24
      GTA      19 |       GCA      41 | Glu E GAA     165 |       GGA      17
      GTG      38 |       GCG      25 |       GAG      69 |       GGG       9
------------------------------------------------------------------------------


Codon position x base (3x4) table, overall

position  1:    T:0.17249    C:0.15203    A:0.35919    G:0.31628
position  2:    T:0.30151    C:0.23927    A:0.31912    G:0.14010
position  3:    T:0.29355    C:0.24382    A:0.26627    G:0.19636
Average         T:0.25585    C:0.21171    A:0.31486    G:0.21758

Codon frequencies under model, for use in evolver (TTT TTC TTA TTG ... GGG):
  0.01639344  0.01639344  0.01639344  0.01639344
  0.01639344  0.01639344  0.01639344  0.01639344
  0.01639344  0.01639344  0.00000000  0.00000000
  0.01639344  0.01639344  0.00000000  0.01639344
  0.01639344  0.01639344  0.01639344  0.01639344
  0.01639344  0.01639344  0.01639344  0.01639344
  0.01639344  0.01639344  0.01639344  0.01639344
  0.01639344  0.01639344  0.01639344  0.01639344
  0.01639344  0.01639344  0.01639344  0.01639344
  0.01639344  0.01639344  0.01639344  0.01639344
  0.01639344  0.01639344  0.01639344  0.01639344
  0.01639344  0.01639344  0.01639344  0.01639344
  0.01639344  0.01639344  0.01639344  0.01639344
  0.01639344  0.01639344  0.01639344  0.01639344
  0.01639344  0.01639344  0.01639344  0.01639344
  0.01639344  0.01639344  0.01639344  0.01639344


TREE #  1:  (((((1, 4), (3, 2)), 5), 6), ((7, 8), 9));   MP score: 1148
This is a rooted tree.  Please check!
lnL(ntime: 16  np: 18):  -6627.987156      +0.000000
  10..11   11..12   12..13   13..14   14..1    14..4    13..15   15..3    15..2    12..5    11..6    10..16   16..17   17..7    17..8    16..9  
 0.097900 0.227002 0.400300 0.047540 0.142053 0.107487 0.055781 0.140607 0.342185 0.413966 0.669597 0.109662 0.000004 1.100777 0.554292 1.646866 2.012741 0.105482

Note: Branch length is defined as number of nucleotide substitutions per codon (not per neucleotide site).

tree length =  6.056018

(((((1: 0.142053, 4: 0.107487): 0.047540, (3: 0.140607, 2: 0.342185): 0.055781): 0.400300, 5: 0.413966): 0.227002, 6: 0.669597): 0.097900, ((7: 1.100777, 8: 0.554292): 0.000004, 9: 1.646866): 0.109662);

(((((Scer: 0.142053, Spar: 0.107487): 0.047540, (Smik: 0.140607, Sbay: 0.342185): 0.055781): 0.400300, Ncas: 0.413966): 0.227002, Cgla: 0.669597): 0.097900, ((Agos: 1.100777, Klac: 0.554292): 0.000004, Calb: 1.646866): 0.109662);

Detailed output identifying parameters

kappa (ts/tv) =  2.01274

omega (dN/dS) =  0.10548

dN & dS for each branch

 branch          t       N       S   dN/dS      dN      dS  N*dN  S*dS

  10..11     0.098   846.2   326.8  0.1055  0.0097  0.0920   8.2  30.1
  11..12     0.227   846.2   326.8  0.1055  0.0225  0.2133  19.0  69.7
  12..13     0.400   846.2   326.8  0.1055  0.0397  0.3762  33.6 122.9
  13..14     0.048   846.2   326.8  0.1055  0.0047  0.0447   4.0  14.6
  14..1      0.142   846.2   326.8  0.1055  0.0141  0.1335  11.9  43.6
  14..4      0.107   846.2   326.8  0.1055  0.0107  0.1010   9.0  33.0
  13..15     0.056   846.2   326.8  0.1055  0.0055  0.0524   4.7  17.1
  15..3      0.141   846.2   326.8  0.1055  0.0139  0.1321  11.8  43.2
  15..2      0.342   846.2   326.8  0.1055  0.0339  0.3215  28.7 105.1
  12..5      0.414   846.2   326.8  0.1055  0.0410  0.3890  34.7 127.1
  11..6      0.670   846.2   326.8  0.1055  0.0664  0.6292  56.2 205.7
  10..16     0.110   846.2   326.8  0.1055  0.0109  0.1030   9.2  33.7
  16..17     0.000   846.2   326.8  0.1055  0.0000  0.0000   0.0   0.0
  17..7      1.101   846.2   326.8  0.1055  0.1091  1.0344  92.3 338.1
  17..8      0.554   846.2   326.8  0.1055  0.0549  0.5209  46.5 170.2
  16..9      1.647   846.2   326.8  0.1055  0.1632  1.5476 138.1 505.8

tree length for dN:       0.6003
tree length for dS:       5.6908


Time used:  0:15
