      9   1182

Scer                            GTA AGT ACT TGG GAT TGG GGT ACC TTG ACC GAA TTT AAA CAT CTA TTT AGT CAG AAC CAT AGC AGT GTG CTG TCC GAC TAT TAC AGA GTA CGT ACA GTT GGG CGA CAA ATG ACT AAG AAG ACC GAA CCA GCC TCT ATA ACC CTG ACT GGT GAA GTA CTA AGA AAT GAT TCG AGT ACT CGT CAA GCT GAA AAG TTC GAG GAT GAT CAG ATC GTA GAT ATT AGA GAT GAA CGT GCT AAT ACG TAC AGT TTT CCG AGT AGA AGA TTT AGA GAG TAC AAC TCT TTG AGA ATG GAG GGT TAC CCC GAA ATT TTA GCG CGA ACT TGG GGT ACG TCC CTT GTT AGT CGT GGT AAA GGC CGC CAG AGA AAT GAT ACT ACT ACG GAT GGT GTA AGT ATA CAA TTG TCA AAG CTA TCT GTC GAA GTT GAA ATT AAG CAA CTG CAA GTG GAG CCG ACC AAC AAC GTC GTG GCT CTA GGG GTG CGC CAG GCA AGA ATC GGT ATG CGT TTA CAT GTT TCA ACG TCT GCT AGT TTG ATT ACG ATT AGC CAA CCT TTG ACA CGT TTT GGT AAC CAT GAC TAT CCT AGT TGG AAC GTT GAC ATG TTT AAC AAA AGA GAT AAC GTG GTT TAT CTG GCT CAG GAA ACC ATA TGG ATG ATT ACG GTA TAT ATT AGA CAT ACT GGG AAT CAT AAG CCT TCC TCG GAC TTA TTT ACT GCA ACG TTG CAG GCG CGT TTT TAC AGA GAA CTG ACC GAA TTA GCG CGT AAG ACC GAA GTC GTC AGG TCT TTC CTG AGA GCA TTT ACG ACC ATT CGC ATG ACG AAA ACC AAC GTC CGT TAT GGC ATA ACA TAC ATA TAT GTT AAA ATG GAA GCC GAC TAC GTC TAC ATT GCA GAA ATA CAT CAA CTA GCA TTA TTT GAT GTG CAC CCA GGC TTG AAG AAC CAG AGA TCC AGA TTG TCC GGA AAT GAT TCC ACG AGA AGA GTT TGG TTA TCT TAC GCT GTT ATC GTT AAA AAT CCG TCT GAC AAC CAC GAC TTG GCT CAT TAC TAC CAT AAA CCG ATG TCT ATA ATT CCT GCC GAA GAT AAG TTC TCT ACG TAT GCA GAG CCG ACG TTG CAT GGG CTT ATT TAT AGT TCC CTA GCG AAG TTC AAC GGG CAA GCG CAC ATT AGT GAA GCA GAC GGT CCA CAT CAG TAC GCT AGT TAT CTG CGT AAA GAC 
Sbay                            GTT AGC ACT TGG GAT TGG GGA ACC TTG ACC GAA TTT AAA GAT TTG TTT AGT CAA AAT CAC AGT AGT ATA TTG TCC GAC TAT TAC AAC GTA CGT ACC GTA GGG AAT CAA ATG ACC AAG AAA ACT GAA GCT GCT TCT ATT ACT TTA ACT GGC GAA GTG TTG AGA AAT GAT TCG AGT ACC CGT CAA ACG GAA AAA TTC GAA GAT GAT CAA ATC GTG GAT ATT AGA GAT GAA CGT GCA AAC ACT TAC AGT TTT CCC TCC AGA AGG TTT AGA GAG TAC AAC TCT TTG AGA ATG GAA GGT TAC CCT TCA ATC TTA GCC AAT ACC TGG GGT ACA TCG CTT GTG AGC CGT GGT AAG GGT CGA CAA AGA AAC GAT ACC ACC ACA GAT GGT GTG AGT ATA CAA TTA GAA AAG CTA TCA GTC GAA GTA GAA ATT AAA CAA CTG CAA ATA GAA CCC ACC AAT AAT GTC GTA GCG CTG GGA GTA CGA CAA GCG AGA ATT GGT ATG AAG TTG CAT ATC TCT ACT TCT ACG AGT TTA ATC ACG ATC AGT CAA CCC TTA ACG CGT TTT GGT AAT CAT GAC TAT CCC AGT TGG AAT GTC GAC ATG TTC AAT AAG AGA GAT AAC GTG GTT TAT CTA GCG CAG GAA ACT ATC TGG ATG ATT ACA GTA TAC ATT AGA CAT ACT GGA AAT CAC AAA CCT TCC TCG GAC TTG TTT ACC GCA ATA TTA CAG GCT CGT TTC TAC AAG GAG TTA ACC GAA TTG GGC CAA CAA ACC ACT GTC GCA AGG TCT TTC CTA AGG GAC TTT ATA ACC ATA CGA ATG ACT AAG ACT AAT GTC CGT TAT GGG ATC ACG TAT ATT TAC ATC AAG ATG GAA GCT GAT TAC GTC TAC ATT GTA GAA ATG CAT AGA TTG GCA TTA TTT GAT ATA CAT CCG GGT TTG AAA AAC CAG AGA TCC AGG TTG TCC GGT AAT GAT TCG ACT AGA AGA ATC TGG TTG TCT TAC GCT GTA ATC GTA AAG AAT CCA TCT GAT AAC CAT GAT TTA GCC GAT TAC TAT CAT AAA TCG ATG TCT ATA ATA CCC GCT GAA GAT AGA TTC GCC ACT TAT GCA GAG CCA ACA TTA CAT GGT CTA ATT TAC AGT TCC TTA GCA AAA TTC AAT GGT CAA GCA AAC ATA AGT GAG GAC GAC GGT CCG AGC CAG TAC ACG AGT TAC CTA CAA AAG GAC 
Smik                            GTT AGT ACT TGG GAT TGG GGC ACC TTA ACT GAA TTC AAG GAT TTA TTC AGT CAA AAC CAT AGT AGT GTA TTG TCT GAC TAT TAC AGA GTA CGT ACA GTT GGA AAC CAA ATG ACC AAG AAA ACT GAA GCT GCT TCC ATT ACT TTG ACT GGC GAA GTA TTA AGA AAT GAC TCG AGT ACT CGT CAA GCT GAG AAA TTC GAG GAC GAT CAA ATC GTG GGC ATT AGA GAT GAA CGT GCA AAT ACG TAT AGT TTC CCA AGT AGA AGG TTC AGA GAG TAT AAC TCT TTA AGA ATG GAA GGT TAC CCA TCC ATC TTA GCG AAC ACT TGG GGG ACG TCT CTT GTA AGT CGT GGT AAA GGT CGT CAA AGA AAT GGC ACT ACT ATA GAT GGT GTG AGT ATA CAA TTA TCA AAG TTA TCT GTA GAA GTT GAA GTT AAG CAA CTG CAA GTA GAG CCA ACT AAC AAC GTA GTG GCC CTG GGG GTG CGT CAA GCA CGA ATC GGT ATG CGT TTG CAT GTT TCC ACG TCC GCT AGT TTA ATT ACC ATC AGT CAA CCC ATA ACA CGT TTT GGT AAC CAT GAT TAT CCC AGT TGG AAC GTC GAC ATG TTT AAT AAA AGA GGC AAC GTG GTT TAT CTA GCC CAG GAA ACC ATA TGG ATG GTT ACG GTA TAC ATT AGG CAT ACT GGG AAT CAT AAA CCC TCT TCG GAT TTA TTC ACT GCA ACC ATA CAG GCT CGT TTT TAT AAG GAG TTG ACC GAA TTG GGT CAA CAA ACT ACC GTA GCT AGG TCC TTT CTA AGG GAT TTC ACC ACT ATA CGT ATG ACG AAA ACT AAT GTA CGT TAT GGG ATA ACA TAT ATT TAT GTT AAA ATG GAA GCT GAC TAT GTA TAT GTT GTG GAA ATG CAT AGA TTA GCA TTA TAT GAC GTA CAC CCA GGT TTA AAG AAC CAG AGA TCT AGG TTA TCC GGT AAC GAT TCT ACC AGG AGA GTT TGG TTA TCT TAT GCT GTT ATC GTT AAG AAC CCG TCC GAT AAT CAC GAC ATA GCT GAT TAT TAT CAT AAG TCA ATG TCT ATA ATA CCC GCT GAA GAT AGA TTC TCT ACC TAT GCA GAG CCG ACG TTA CAT GGG CTG ATT TAC AGT TCC TTA GCA AAA TTC AAC GGG CAA GCA CAT ATA AGT GAG GAT GAC GGT CCA CAT CAG TAT GCT AGC TAT CTA CAA AAA GAT 
Spar                            GTT AGT ACT TGG GAT TGG GGC ACC TTG ACC GAA TTC AAG GAT CTA TTT AGT CAA AAC CAT AGT AGT GTA TTG TCC GAT TAC TAC AGA GTA CGT ACA GTT GGG AAT CAA ATG ACC AAG AAA ACC GAA GCT GCC TCG ATT ACC TTG ACT GGC GAA GTG CTA AGA AAT GAT TCG AGT ACT CGT CAA GCT GAA AAA TTC GAG GAT GAT CAA ATC GTG GGC ATT AGG GAT GAG CGT GCA AAC ACT TAC AGT TTT CCA AGT AGA AGA TTT AGA GAG TAT AAC TCT TTG AGA ATG GAA GGC TAC CCC GCC ATC TTA GCG AAT ACC TGG GGT ACG TCC CTT GTC AGT CGT GGT AAA GGT CGT CAA AGA AAC GGC ACC ACC ACG GAT GGT GTG AGT ATA CAA TTA TCG AAG TTA TCT GTC GAG GTT GAA ATC AAG CAA CTG CAA GTA GAG CCA ACC AAC AAC GTC GTG GCT CTG GGA GTG CGT CAA GCA AGG ATC GGT ATG CGT TTA CAT GTT TCC ACT TCG GCT AGT TTA ATT ACG ATT AGT CAA CCT CTA ACA CGT TTT GGT AAC CAT GAC TAC CCT AGT TGG AAC GTT GAT ATG TTC AAC AAA AGA GGC AAC GTG GTT TAC CTG GCT CAG GAA ACT ATA TGG ATG ATC ACG GTA TAC ATT AGA CAT ACT GGA AAT CAT AAG CCT TCC TCG GAC TTA TTT ACT GCA ACA CTA CAG GCT CGT TTT TAC AGG GAG TTG ACC GAA TTA GGT CAA CAA ACC ACT GTC GCT AGG TCG TTC CTG AGA GAT TTT ACA ACC ATA CGT ATG ACG AAA ACC AAC GTC CGT TAC GGA ATA ACA TAT ATT TAC GTT AAA ATG GAA GCC GAC TAC GTC TAT ATC GTG GAA ATG CAT AGA CTA GCG TTA TTC GAT GTA CAC CCG GGC TTA AAG AAC CAT AGG TCC AGA TTA TCT GGC AAT GAT TCC ACG AGA AGA GTT TGG TTA TCT TAC GCT GTT ATT GTT AAG AAT CCG TCG GAC GAC CAC GAC CTA GCT GAT TAT TAC CAT AAG CCG ATG TCT ATA ATA CCT GCC GAA GAT AGA TTC TCT ACG TAT GCA GAG CCG ACG TTA CAT GGG CTC ATT TAC AGT TCT CTA GCG AAA TTC AAC GGG CAA GCG CAT ATA AGT GAG GAT GAT GGC CCA CAT CAT TAC GCT AGT TTT CTG CAA AAA GAT 
Ncas                            GTT GCC ACT ATG AAT TGG GGT AGT ATG ACT GAA TTC AAA GAT TTA TTT AGT CAA TCC CAT TCA AGT GTA TTT TCC GAT TAT TAT AGA GTT CGT ACT ATT GGG AAC CAA TTG ACT AAG AAG ACC ACT GCT GCT TCT ATT ACC TTG ACA GGG GAC CTG TTA AGA AAT GAT TCA AGT ACT CGT CAA GCA GAA AAG TAC GAA GAT CCA CAA ATC GTT GAT ATT AGA GAT GAC CGT TCA AAC ACC TAC AAT TTT CCT AGT AGA AGG TTC AGA GAG TAC GAT TCC ATG AGA TTA GAA GGT TAT CCC AAA ATA AAA GCA AAC ACT TGG GGG ACA GCC TTG ATC GCC CGT GGT AAA GGT TCT CAA AGA AAC GAT ACT ACT ACA GAT GGT GTT AGT AAA CAA TTG GCT CTG CTC TCA GTG GAC ATT GAG CTC AAT CAA CTA CAA GTA GAA CCT ACA AAT AAT ATC GTT GCA TTA GGT GTT TCT TCG GCC CAG TTA GGT ATA CGA TTA TAT GTG TCT ACC TCT GCA AAT TTG ATT ACG ATT TCA CAA CCT TTA ACT CGT TAT GGT TCC CAT GAT TAT CCA AGT TGG AAA GTC GAT ATG TTT AAT ACG AGA GAT AAC GTT GTG TAT CAA GCA CAA TCC ACC ATT TGG TTA CTC ACC GTT TAT ATC AGA TCC ACA GGT AAT CAT AAA ACA TCC TCA GAT TTA TTT ACT GCT GAA TTA CAA GCG CGT GTT TAT AAA GAA TTG ACA GAT TTA GGT CAC AGA ACT AGA ATC GCT AGA TCT TTC CAA ATA GAA TTT GAA ACA ATA TCT TTA ACC AAG ACC AAT ATC CGT TAT GGT ATT ACT TAT ATT TAC GTG AAA TTG GAA GCT GAC TAT GTG TTC CTC ATT GAA GCT TCC GCT TTA GCT TTA TTT GAT GTA CAC CCA GGG TTG AAT AAT GAG CGG TCC AGG TTA TCT GGT AAT AAT GCC ACT AGA AGA GTG TGG TTA TCC TAC GCC ATT ATT ATT AAG AAT CCG TCT GAT GCA CAC GAC TTA GAT GAT TTC TAC TAC AAA CCT TTA ACC ATT ATA CCT GCT CAA GAT AAA TAC CAA ACT TAT GCT AAG CCG ACA TTG CAT GGT TTG ATT TAT AAT TCT TTG GCA AAG TTC AAA GGT CAG GCA CAC ATA AAT GAA GAA GAT GGT CCA CAT GAG TAT GCA AGT TAC CAA CAC AAA GAT 
Cgla                            GTT AAC GAC ATT AAT TGG GCG AAA TAT ACC GAA TTT AGG CAT GTG TTT AGC CAG ACA CAT TCT AGC ATG CTC TCT GAC TAC TAC AGA GTG CGG ACG GTT GGG CGA CAG TTA GAG AAG AAG AAG ACA AGA GCT TCA ATT AAG TTA ACT GGT GAT TCA GTG AGA AAT GAT TCT AGC ACT CGT CAG GCG CAA AAG TTC GAG GAC GAC CAG ATC GTG CAT ATA AGG GAT GAC CGT GCC CAA ACA TAC GCT TTC CCA AGT AGA AGG TTT AGA GAG TAC AAC TCC TAT AGA CTG GAA GGA TAC CCA AAT GTT CAG GCG CGA ACC TGG GGT ACT TCC CTG GTA AAC CGG GGT AAA GGA GGT CAG AGA CAA CAT ACC ACA ACA GAT GGT GTG AGC AAT CAG TTG GCG AAA TTA TCA GTG GAC GTT GAC ATC AAA CAA TTA CAG ATG GAG CCA ACC AAT AAT ATC GTG GCC TTG GGA GTG GGT CAA GCG ACC ATC GGT ATA CGT TTA CAT ATA GCT ACA TCA GCG GCT TTG ATT ACG ATT TCT CAA CCA CTG AAG CGT TTC GGT ACA CAT GAC TAT CCT AGC TGG TTT GTT GAC ATG TTT AAT AAG AGA CAT AAC CCA GTG TAT CAG GCC CAG AGT GAG ATT TGG CTG ATC ACC GTG TAC ATT CGG CAT ACT GGA AAC CAT AAA CCA TCT TCT GAC ATG TTC ACT GCT GAA CTG CAG GCA CGG TTC TAT AAG GAG TTA ACA GAC TTA GAA CGG AGA ACC GAT ATC ATT AGA TCA TTC CAG CCC GAA TTT GAA ACC ATT GGT CTG ACC AAA AAG AAT ATC CGT TAT AGC ATT AAG TAC ATT TAT ATA AAA ATG GAA GCT GAC TAC ACC TAC ATC AAG GAA CTA CAT CAG GTG GCA CTT TTT GAT ATG CAC CCT GGG TTG AAA AAT GAA AGA TCT AGG TTG GAC GGT AGC GAT TCC ACA AGA AGA ATA TGG ATG TCC TAC CCT GTT ATT GTT AAG AGC CCT TCA GAC GCC CAC GAC CTG TCT CAT TAC TAC TAC AGG CCA CTG GGC ATC ATT CCA GCT CAA GAT AAG TTC AGC ACA TTC GCA TAC CCT ACT TTG CAT GGC CTA ATA TAC GCT GAC TTG GCT AAG TTT TTT GGC CAA GCT CAC ATT GCT GAG GAA GAT GGA CCA CAC GAA TAC GCG AGC TGG CAG CGG AAG GAC 
Agos                            ATC ACC ACG TTA ACG TGG GGC GAG TTG ACG GAG TTT AAG GAC GTC TTT GGC CAA TCG CAC TTC GGC CTG TTC GCC GAC TAC TAC CGC GTC CGC ACG ATT GGA AAC CAA CTG ACG AAG AAG ACT ACG GCC GCC TCC ATT ACT CTG ACA GGT GAC TCC GTC CGT AAC GAC TCG GGC ACG AGA CAG GCG GAA AAG TTC GAC GAC CGC CAG GCT GTG GGA ATT AGG GAT GAG AGA GCG AAT ACC TAC CAG TTT CCG TCC CGT CGG TTC AGG GAA TAC TCC TCC TTG CGT CTC GAA GGA TAC CCG GCC ATT AGG GCT AAC ACC TGG GGC ACA TCT CTC ATA ACC CGC GGC AAG GGT GAT CAG CGT AAT GGA ACC ACA ACG GAC GGC GTG GGC ATA CAG CTG GCG AAG CTG TGC ATA GAG ATT GAA GCC CGT CAG CTC CAG CTG GAC CCG ACA AAT GAC GTG GTC GCG CTG GGT GTC GAT CAG GCG GAG ATA GGC TCA CGC CTT TAC ATG TCA ACC TCC GCG CAG CTG ATT ACG ATC TTC CAG CCT CTG AAC CGC TAC GGA TCG CGC GAC TAT CCT GGC TGG TCA GTG GAC ATG TTC AAT AAA CGT GGA AAC GCG GTG TAC GCT GCG CAG ATG GAG ATT TGG CTC GCC ACA GTC TAC ATG AGA AAC ACA GGT AAC CAC AAG CCC GCC TCG GAC CTG TTT ACG GCG AAG CTG CAG GCG CGC CTG CAC AGG GAG CTG ACA GAG CTT GGA CAG AGG ACG ACT GTG GCG AGG TCC TTC GCT CCG GAC TTT AAG ACA ATT GAT CTC GCT AAA ACT GCA GTG CGT TAC GGT ATT AAC CAC ATT TAT ATG AAG ATG GAG GCC GAC TAC CAG TTC GCC CAG GAA ATC AAC AGG GTC GCG CTA TTT GAC CTG CAC CCG GGA CTA CGT GAT GAG CGC GCC CGG TTG AGC GGT AAC GAT TCT ACT AGA AGA ATG TGG CTG TCC TAC GCA ATT ATC ATT AAG AAC CCA TCC GAC GAG CAC GAC CTG GCA GAC TTC TAC TAT AAG CCC CTC ATG ATC ATT CCT GCC GGA GAT AGA TTC CCG ACT TTC GCG AGC CCA ACA CTG CAC GGC CTG ATT TAC CAG AGC CTG GCG AAG TTT TCA GGC CAG GCG CAC ATT CAG GAG GAC GAC GGA CCG CAC GAG TAC GCG AGC TAT GCT CAG AAA GAC 
Klac                            GTT GCG GAT TGG AAC TGG GGG AAG AAA ACG GAA TTC AAC CAC TTA TTT AGT CAG ACC CAT TTC AGT ATC TTC TCT GAT TAT TAC AGA GTG CGT ACA AAA GGT AGA CAA TTT ACC AAG AAG ACG ACA GCA GCC TCT ATT ACG TTA ACT GGT GAG ACA TTA AGA ACG GAT TCG AGT ACG CGT CAA GCG GAG AAG TTC GAA GAT CGC CAG ATC GTT GAG ATT AGA GAT GAA CGT GCC CAG GCT TAT GGC TTC CCC AGT AGA AAG TTG AGA GAG TAC TCT TCA AAA AGA TTT GAT GGT TAT CCG GAT GTG AGG GCG AGA ACC TGG GGT ACA TCC CTC TTG GCG CGT GGT AAG GGA AAT CAG AGA CAG GAG ACC ACA ATG GAT GGT GTT AGT TTA CAA CTA GCT AAA TTA AGT GTC GAA AAA TCC ATT AAC CAA CTT CAA ATC GAA CCC ACA AAT AGC GTG GTC GCA TTA GGC GTC AAT CAG GCT TCT CTT GGT GCT AGG TTA TAT ATG TCT GCT TCT GCG GGC CTA ATT ACA ATC TTC CAA CCC CTT AAT AGA ATA GGT ACC CAC GAT TAC CCT AGT TGG CAT GTC GAT ATG TTC AAC AAA AGA GAG AAC GTG GTT TAT CAG GCA CAA GAG GAA ATT TGG TTT ATT ACG GTG TAC ATT AGA AGC ACT GGC AAT CAC GAA CCT TCT TCG GAT TTG TTC ACG GCA GAA CTT CAA GCA CGT CTC CAT AAG GAA TTA ACA GAA TTA GAG AGA AGA ACG GAT GTG CTA AGA TCT TTC CAG AAT GAC TTT GAA ACA ATA AAT TTT ACA CAG ACG AAT GTG CGT TAT GGT ATT AAT TAC ATT TAC ATG AAG ATG GAA GCC GAC TAT GTT TAC ATT AGC GAA ATT AGC CAA TTA GCA CTA TAC GAT ATC CAT CCT GGG CTA AAC AAC GAG CGT TCT AAG TTG ACA GGA AAT GAT TCC ACT CGT AGA ATG TGG TTG TCA TAT GCG AAA ATC AAA AAG AAT CCA TCT GAC GAG CAT GAC CTT AAC CAC TAC TAC CAT AAC AAA TTT TCA ATT ATA CCC GCC GGC GAT ACT TTC AAG ACT TAT TCA AAG CCA ACA CTA CAC GGG CTC ATT TAC GGC ACA TTG GCT AAG TTT CAT GGG CAA GCT CAT ATA GGC GAA GAC AAT GGT CCA CAT GAG TAT GCG AGT TTT CAG AGA AAG GAC 
Calb                            GTT ACT ACC CAA AGG TGG GGA TTA GTG ACA GAA TTT TTA GAC AAA TTT GGA CAA AAT CAT TAC GGA GTA TTT TCA GAC TAT TAC AGA GTT CGA ACT GAA GGA AAT CAA TTA TCA AAA AAA AAG GAA GCT GCT TCA ATT AAG TTA ACC GGT GAT TCT AAA AGA CAA GAT ACT GGA ATT CGA GAG GCA AAT AAA TTC GAC GAT AGT CAA ATT ATC GAT ATA CGT GAT GAT CGA TCA CAA ACT TAT AGG TTC CCA TCC AGA CAA TTT AGA GAA TAC GAT TCA GTG AGA TTA GAA GGT TAT TGG GCT GTT ATT GCT AAT ACC TGG GGA ACT CGT TTG CTC ACT CGA GGA CAA GGT GGG CAA AGA CAA GAT ACC ACT GAT GAC GGA ATC GGA ATT CAA TTA TCT CAA TTT AGT GTT GAT GAA GAT ACC AAA CAG TTT GAG GTA GAC CCA ACT AAT GAT ATT GTC GCA ACA GGA GTC GGG AGT AAA CAA ATT GGT TCA CGA TTA CCC TTA AGT ACT TCA GCA AGG TTA ATA ACT ATT TAC CAG CCA ATA GGT CGT GAT GGT AAT CGA GAT TAT CCT GGA TGG TTA CTT GAC ATG TTT AAT AAA AGA GAT AAT GTA GCC TAT CAA GCA CAG AAA CCT ATT TGG TTA ACC ACT GTT TAT ATG AGA AAC ACC GGA AAC CAT TAT CCT TCA ACT GAT ATT TTC ATT GCA TCT ATA CAG AAT CGA TCT AAC AAA GAA TTA ACC CAA TTA GGT CAA AGA ACA ACT ATT GCT AGA TCA TAT CAA AAG GAC TTT TCT ACT TTA GGG TTA TCA ATG AAG AAA ATT CGT TAT GGT ATT GGT TAT ATT TAT TTA CAA CAA GAA GCT GAT TGC GTG TAC ACC TGG GAA ATG AAC AGA AAA GCA TTA TTA GAT GTA CAT CCA CAT TTA AAA AAT TAT AAG TCA CAA TTA ACA GGT AAT ACG CGT ACT AGA AGA TTA TGG ATT TCA TAT GAA GAA ATT GAA AAA AAT CCA TCA GAT TTA CAT GAT ATA TCT GAC TAC TAT TAT TTA GAA TTA TCA ATA TTA CCA GCT AAC GAT AGA TTC GAA ACT TAC GCT AAT CCA ACT TTA CAT GGT TTA ATA TAT AGG ACA TTG GCA AAA TTC TTA GGT CAA GCA CAT TTA AGG GAA GAC GAC GGT CCT CAT TAT TGC GCA ACT TAT CAA CAA TTA GAT 



Printing out site pattern counts


         9        792  P

Scer                            AAA AAA AAA AAA AAA AAA AAC AAC AAC AAC AAC AAC AAC AAC AAC AAC AAG AAG AAG AAG AAG AAG AAG AAT AAT AAT AAT ACA ACA ACC ACC ACC ACC ACC ACC ACG ACG ACG ACG ACG ACG ACG ACG ACT ACT ACT ACT ACT ACT AGA AGA AGA AGA AGA AGA AGA AGA AGA AGA AGA AGA AGC AGG AGT AGT AGT AGT AGT ATA ATA ATA ATA ATA ATC ATC ATC ATG ATG ATG ATG ATG ATT ATT ATT ATT ATT ATT ATT CAA CAA CAA CAA CAA CAA CAC CAC CAG CAG CAG CAG CAG CAT CAT CAT CAT CAT CAT CAT CAT CAT CCA CCA CCA CCC CCG CCG CCG CCT CCT CCT CGA CGC CGT CGT CGT CGT CGT CGT CTA CTA CTA CTA CTG CTG CTG CTG CTT CTT GAA GAA GAA GAA GAA GAA GAA GAA GAA GAA GAA GAA GAA GAC GAC GAC GAC GAC GAC GAG GAG GAG GAG GAT GAT GAT GAT GAT GAT GAT GAT GCA GCA GCA GCA GCA GCA GCC GCG GCG GCG GCG GCT GCT GCT GCT GCT GGA GGC GGC GGC GGG GGG GGG GGT GGT GGT GGT GGT GGT GGT GTA GTA GTA GTA GTC GTC GTC GTC GTG GTG GTG GTT GTT GTT GTT GTT TAC TAC TAC TAC TAC TAC TAC TAC TAC TAT TAT TAT TAT TAT TAT TAT TCA TCA TCC TCC TCC TCG TCT TCT TCT TCT TCT TGG TGG TTA TTA TTA TTA TTC TTC TTC TTG TTG TTG TTG TTG TTT TTT TTT TTT TTT TTT TTT TTT 
Sbay                            ... ..G ..G ..G ..G ..G ... ... ... ... ..T ..T ..T ..T ..T ..T ..A ..A ..A ... ... .GA C.A ..C ... ... ... ..C ..G ... ... ... ... ..T ..T ..A ..A ..A ... ..T ..T ..T .TA ..C ..C ..C ..C ... ... .AC .AG ... ... ... ... ... ... ... ... ..G ..G ..T ... ..C ... ... ... TCC ... ... ..C ..G ..T ... ... ..T ... ... ... ... ... ..A ..C ..C ..C ... ... ... AG. ... ... ... ... ... A.. ..T ..A ..A ..A ... ... AGC ..C ..C ... ... ... ... ... G.. ..G ..G G.T ..T ..A ..C T.. ..C ..C ... AAT ..A AAG .AA ... ... ... ... ... ..G T.. T.G ..A ... T.A T.. ..A ... ACT ... ... ... ... ... ... ... ... ... ... ..G TC. ... ... ... ... ..T ..T ..A ..A ... ... ... ... ... ... ... ... ... ... .AC ... ... ... ..G .T. ..T ..A ..C ..T .GC A.G ..A ..C ..G ... ..T ..G ..T ..T ..A ... ..T ..A ..C ... ... ... ... ... ... ..G ..G ..T .CA ... ... ... A.A ..A ... A.C ..A ..C ..G ... ... ... ... ... ... ... ... ..T ..T ..C ..C ..C ... ... ... ... GA. ..T ... ... ..G ... G.C ..A ... ... ... ... ... ... ... ..G ..G ... ... ... ..A ..A ... ... ... ..C ..C ... ... ... ... ... ... 
Smik                            ..G ... ... ... ... ..G ... ... ... ..T ... ... ... ... ..T ..T ..A ..A ... ... ... .GA C.A ... ..C ... ... ... ... ... ... ..T ..T ... ..T ... ... .TA ..C ..C ... ... ..C ..C ... ... ... ... ... ... .AG ... ... ... ... ... ..G ..G C.. ..G ..G ..T ... ... ..C ... ... ... ... ... ... ..G ..T ... ... ... ... ... ... ... ... ..A ..C ..C ... ... ... G.. AG. ... ... ... ... ... ..T ... ..A ..A ..A ... ... ... ... ... ... ... ... ... ... G.. ... ... G.T ..A ... ..A T.A ..C ..C ..C AAC ..T ... .AA ... ... ... ... T.. ..G T.. T.. ..A ... T.. T.. ..G ... ACC ... ... ... ... ... ... ... ... ... ..G ..G TCC ... ... ..T ..T ... ..T ..A ... ... ... ..C ..C ... ... ... ... ... .GC .AT ... ... ... ... .TG ..T ..A ... ..T .GT ... ..A ... ..C ... ..T ..G ..T ..T ... ..A ... ..C ..C ..G ... ... ... ... ... ... ..G ..T .CT ..A ..A ..A ..A ... ... ... ... ..C ..A ... ... ... ..T ..T ..T ..T ..T ..T ..T ..C ... ... ... ... ... ... ... ..C ... ..T ..T ... ... ... ..C ... ... ... ... ... ... ... ..G ... ... ..T A.A ..A ..A ..A ..A ... ... .A. ..C ..C ..C ..C ... 
Spar                            ..G ... ... ... ... ..G ... ... ... G.. ... ... ... ... ... ... ..A ... ... ... ... .GA C.A ..C ... ... ... ... ... ... ... ... ... ..T ... ... ... ... ... ... ... ..T ..A ..C ..C ..C ... ... ... ... ..G ... ... ... ..G ..G ... ... ..G ... ... ..T ... ... ... ... ... ... ... ... ... ..G ..T ... ..T ... ... ... ... ... ... ..A ..C ... ... ... ... ..C AG. ... ... ... ... ... ..T ... ..A ..A ..A ... ..T ... ... ... ... ... ... ... ... G.. ... ..G G.T ... ... ..A ... ... ... ... AAT ..T ... .AA ... ... ... ... T.. ..G ... ... ... ... T.. T.. ..C ... ACT ... ... ... ... ... ... ... ... ..G ... ..G .CC ..T ..T ... ..T ... ... ..A ... ... ... ... ... ... ... ... ... ... .GC .AT ... ... ..G ... .TG ... ... ... ..T .GT ... ..A ... ... ... ..C ..A ... ..T ..A ... ... ..C ..C ... ..C ... ... ... ... ..G ..G ..T .CT ... ... ... ..A ... ... ... ... ... ..C ... ... ... ... ... ... ..T ..T ... ..T ..C ..C .T. ..C ..C ..C ... ..G ..C ..T ... ... ... ... ... ..G ... ... ... ... ... ... ... ... ... ... ... C.A ..A ..A ..A ... ..C ... ..C ..C ... ... ... ... 
Ncas                            ... ... ... ..G .CG ..G ... ..T G.T GCA ..A ..T ..T TC. ..T ..T ... ..A ..T ... CT. ..A .GA ..C ... ... ... ..T ..T ..A .GT ..A ..T ... ... ..A ..C ..A ... ..T ..C ..C GAA ... ... ... ... ..A ... ... .A. ... ... ... ... C.G ... ... CAG ..G .T. TCA ..A GCC ... .A. ... ... .A. ..T ..T GCT ..T ... ..T T.A ..A ... T.A T.. T.. ..A ..A ... ... ..C ... C.C GCT ... ... ... ... ..G ... ... ..A ..A TC. ..A G.. ... ... ... ... ... T.C T.. TCC G.. ... ... G.T ... ... ..T ..T ..A ... A.A AAC TCT ..A .AC ... ... ... ... ..C T.. T.G T.. .AA ..A T.. T.T T.G T.G AG. ACT C.. ... ... ..C ..G ..T TCC ..C ... ... A.. ..T ..T ..T ..T ... ..T ..A ..A A.. ... ... ... A.. A.. CCA ... ... ... .A. ..T ..T ..T ..C ATT ..T ..A ..A ... .GT ..A T.A .A. ..A ..C ..T ..T ..G ..T ..T ... ..T ... ..G ..G ... ... ... ... ..T C.G ..T ..T .CT A.. ..G ..G ..A ..T ..T ..G A.. ..C A.C ..G ..T ..T ... ..T ..T ... .T. ... ..T ... ..C ..C ... ... ... ... G.T ..T ..T ... G.. ..A CAA ..A ... A.C ..C AT. ... AA. ... ... ... .A. ... ... ..A ... ..A ... A.. ... G.. ... ..C ..C ... ... .A. 
Cgla                            .GG ... ..G ... ..G ..G ... ..T ... GC. TTT ..T ..T .CA ..T ..T ... ..A ..A ... ..A ... .GA C.A .GC ..C ... ..G .AG ..A .AA ... ... GAG .AG ..T ..C ..A ... ..A ..C ..A GAA GAG ..A ..C ... ... GAC ... .AG ... ... ... ..G ... ... C.G .CC ..G CCC TCT ..A .AC ..C GC. ..C ... .AT ..C ..T C.. ..T ... ..T ... ..A ... C.. ... T.A ... G.. ... ... ... ..A ..C ..G ... ..G ..G ..G ... ... ... ... ... ..A ... G.A ..C ... ... ... ... T.C ... ... ... ... ..T AG. ..A ..T ..A ..A ... ..A ..A ... G.T ... ..G ..G ... ... ... T.. T.G T.G G.G .A. T.A T.A ..C ..A ..G ..T AC. C.. ... ... ..T ..C ..C AGT ..C C.. ..G A.T ... ..T ... ... ... ... ..A ... T.C ... ..C ... A.. ... ..C ... ... C.. .A. ... ..T ... ..G AAG ..T ..T ... ..A .AA ..G ..C T.. ..C C.. ..T A.. ..G ..A ..A ... ..C .CG ... ... ..A ... ... ... ..G TC. ..G ..T A.T A.. AC. ..G A.. ... CCA A.A ... ... ..A ..G ... ... ... ... ..T ... ... ... ... ..C ... .GG ..C ... ... .TC G.G G.T GA. ..T ... ..T AGC ..A ..A GGC ..C ATT ... CAG C.T A.G ... ... ..T ... C.. ... ... ... .AT ... ..C ... ... ... ..C ... ..C 
Agos                            ..G ..G ... ... ... ..G ... G.T TC. G.G TCA ..T G.. TCG ..T GCA ... ... CGT ... ... .GA .G. ... ..C ..C ..C ..G .AC ..A GAG ..A ..G GAG ..T ..A ..A ... ... ..T G.T ..C .A. ..G ..A ..C ..G ..A ..G C.C ..G ... ..G C.T ..G C.C ... ... GAG C.G CCG TT. ... .CC ..C CAG G.C TCC ... ..C ..T ..C ..T GCT ... ..A TCA ... C.C ... C.. ... ... ..C ... ..G ... GCC AGG ..G ... ..G ..G ..G ... ... ..A ... ... ... G.. ..C ..C ..C ..C .GC T.. T.C A.C G.C ..G ..G G.C ..G ..A ... ..C ... ... ..C AAC GAT ..C .AG ..C A.A ..C ... ..G ..G ..G G.C GCT ..C ... T.C ..G ..C ACT ACG .G. ... ..G ..C ... ..G ATG ..G ... ..G .CC ... ... ... ... ... ... ..A ..C AGC ..A ..C ..C ACG ... CGC ..C ... .GA .AC ..G ..G ..G ..G CAG ... ... ..T ... .GA ..G ..G ..A ..G ..A ..T ..T ..A ..T ..T ..A ..C ..C ... ..C ..A ..A ..C ..C ..C TCC ..G A.C .CG ..G CAG A.A C.. ..C .C. A.G A.. ..G A.A ..G ... ... ... ... C.. ... .T. ... C.. ..C ... ... ..C ..C ... .TC G.G ... AG. G.. ..T ... C.G .GC ..C ATG ..C .TA ... AGG C.. C.G C.T ... ..T ... C.. C.. ... C.A ... ..C C.G ... ... ..C ... ... .AC 
Klac                            ..C ..G ..G C.G ... ..G ... ... TCT G.G C.T ..T .G. .C. ... ..T ... G.A ..C ... ..A .CT .GA C.G ... ... .CG ... .AT ..A .AG ..A ..G GAA ..G ..A ... .T. ..A ..T ..A G.T GAA ..C ..A ..C ..G ... GA. ... .AG ... ... ... ... C.T C.T ... TCT .AG .AT TT. ..A GCG ... G.C ... ... T.. ..T ..T ..T ..T ... ... C.T GCT ... T.T ... T.T ..A G.G ..C ... ... ... ... ... ... ... ... ... ... ..T ..T ... ... ... ..A G.. ... ..C ... ..C ..C ... T.. AGC ..C ... ..T G.. ..G ..A ..C AAA ... ..C ... A.. AAT A.G A.A ... ... A.A ... T.. T.. T.G T.. .A. ..T T.A T.C ..C ..C ..T AC. .GC ... ... ..G TCC ... ..G ... ..G ... ..T ..T A.T ..T ... ... ... ..T ..A A.. ... ... ... A.C ... CGC ... ... ..G .AC T.. ... ... ..T AGC ... ..T ... ..A .A. ..G ..C AAC ..A ..G ... ..T ..G ..A ..C ..T ... ..G ... ... ... ... ... ... ..G AC. ..T ..T C.A ..G ..T ... A.C ..C ... A.G AAA ..C T.G ... ... ..T ..T ..T C.T ... ... ... ... ..C ..C .T. ... ... ..C ... G.T ..T A.A ..T ... ... AAG AG. ... ..A ..A ... ... AGG C.. ..G ... ... ..T ... C.T C.A ... C.A AAA ..C C.C .AC ..C ..G ..C ... A.A 
Calb                            TT. C.. TT. .TG ... ... ..T ..T G.T TTA TTA ..T G.T ..T ..T ..A ..A T.T ..A ..A C.A .GA .GA C.A ... ..C C.A ..T GGT ... TTA ..T ..A C.T .AG ..T ..T GAT ..T ..T T.A ..T T.T T.A ... ..C .T. ..C ..C ... .A. ... ... ... C.T .AG ... ... CA. CA. .AG TA. ..A .C. .C. ..G G.A TCC ..T ... ..T ..G ..T ..T ..T ..T TCA ... T.A CAA T.A T.A G.. ... ..A ..G ..A .CC AG. ..G ... ... G.G ... ..T ..T ..A ..A AGT ... T.T ... ... ... ... .GA T.. .CC A.C G.C ..T ... G.T TGG ..A ..A GAA ... ..A ... AAT G.G ..A .AA ..A ..A ... ... T.T AC. T.G AA. .AA T.T T.A T.T T.A T.G ACT ... A.C ... ... ..T ..T C.. A.. ..T A.T ... .CT ... ... ..T ..T ..T ..T ..A ..C A.T ..A ... ... AGG ACG AG. ..C ... ... .AC ..T ... ... AA. TGG ..T ..A ..T AAT .GT ..A T.A T.. ..A .AA ..T ..T CAT ..T ..A ..A ..T ..A ... ..A ... ... ..A ... ..T TCT A.C ..T .CT A.T ..G ..T ..A ..C ..A T.A .AA C.. C.C .CC ... ..T ..T .G. A.. ... ... ..T ..T ... ... ... ... ... ... ..C ..T AGT A.A ..A CGT A.T GAA AG. ..A ..A ..A CAA ... A.T ... A.T ... ... ... .AT A.A ..A ..A ..A G.. ... .C. ..A ... ... ..C ... GA. 

    2    2    1    1    1    1    1    1    1    1    2    1    1    2    1
    1    3    1    2    1    1    1    1    2    2    1    1    1    2    1
    1    2    2    1    3    2    1    1    1    2    1    2    2    1    1
    2    2    2    1    1    1    1    1    5    1    1    1    1    1    2
    1    2    1    2    1    4    5    1    1    1    2    1    2    1    1
    1    1    1    4    1    1    3    1    1    1    1    2    3    1    2
    1    1    2    1    1    2    1    2    1    2    2    1    1    1    1
    1    1    1    2    2    1    1    1    1    2    2    1    1    2    1
    2    3    1    2    3    2    1    1    1    1    1    3    3    1    2
    1    1    1    1    1    1    1    2    1    1    1    1    2    1    2
    1    2    1    2    1    2    1    1    2    1    1    1    2    1    1
    1    1    2    3    2    1    1    1    1    1    3    2    1    1    1
    3    1    1    2    1    1    1    1    1    2    1    2    1    1    1
    2    1    2    1    2    1    2    1    1    3    1    1    3    2    1
    3    4    1    1    1    1    1    2    2    1    1    2    1    1    2
    1    1    1    2    1    1    1    1    2    3    2    2    1    1    4
    1    2    1    5    1    1    2    2    2    1    1    3    3    1    1
    2    1    1    1    1    1    2    2    1

CODONML (in paml version 4.9j, February 2020)  temp.nuc
Model: One dN/dS ratio, 
Codon frequency model: Fequal
ns =   9  ls = 394

Codon usage in sequences
--------------------------------------------------------------------------------------------------------------------------------------
Phe TTT  10   8   4   8   7   9 | Ser TCT   9   8  10   7  10   8 | Tyr TAT   9   7  18   5  15   7 | Cys TGT   0   0   0   0   0   0
    TTC   4   6   9   7   6   8 |     TCC   7   6   8   6  10   4 |     TAC  12  14   4  15   9  16 |     TGC   0   0   0   0   0   0
Leu TTA   6  11  16  12  18   7 |     TCA   2   2   2   0   6   6 | *** TAA   0   0   0   0   0   0 | *** TGA   0   0   0   0   0   0
    TTG  10  12   5   5  11   7 |     TCG   2   5   2   7   1   0 |     TAG   0   0   0   0   0   0 | Trp TGG   6   6   6   6   5   6
--------------------------------------------------------------------------------------------------------------------------------------
Leu CTT   2   1   1   1   0   1 | Pro CCT   4   2   0   4   5   5 | His CAT  11   8  10  12   5  12 | Arg CGT  10   7  11  11   7   5
    CTC   0   0   0   1   4   1 |     CCC   1   5   4   1   1   1 |     CAC   3   2   2   2   5   4 |     CGC   3   0   0   0   0   0
    CTA   6   5   3   7   1   2 |     CCA   3   2   5   3   4   9 | Gln CAA   8  14  14  14  16   8 |     CGA   2   3   1   0   1   2
    CTG   7   2   3   5   2   8 |     CCG   5   2   2   4   2   0 |     CAG   8   4   4   2   2  14 |     CGG   0   0   0   0   1   6
--------------------------------------------------------------------------------------------------------------------------------------
Ile ATT  12   9   6   8  15  13 | Thr ACT   9  13  15   9  15   6 | Asn AAT   6  14   7   6  17   9 | Ser AGT  13  12  14  15   8   2
    ATC   3  10   5   6   6   9 |     ACC  10  13  10  13   9  10 |     AAC  12   8  13  13   5   5 |     AGC   2   3   1   0   0  10
    ATA   7  10  11   7   6   6 |     ACA   3   4   3   5   9  10 | Lys AAA   8   8   9   8  13   8 | Arg AGA  17  14  12  15  14  13
Met ATG   8   9   9   9   4   7 |     ACG  12   6   6   8   2   2 |     AAG  10  10   8   8   7  15 |     AGG   1   4   6   5   2   5
--------------------------------------------------------------------------------------------------------------------------------------
Val GTT  10   2  12  10   9   7 | Ala GCT   8   6  11  10  11  11 | Asp GAT  12  17  14  17  21   9 | Gly GGT   9  12  10   7  15  10
    GTC   6   6   1   6   1   0 |     GCC   3   3   2   4   6   4 |     GAC   9   8   8   6   5  17 |     GGC   3   2   5   9   0   3
    GTA   6   9  12   5   3   1 |     GCA   7   7   7   4   9   3 | Glu GAA  16  16  12  11  13  11 |     GGA   1   3   1   3   0   5
    GTG   6   5   6   7   6  11 |     GCG   5   3   1   4   1   7 |     GAG   5   4   7   8   4   7 |     GGG   5   2   6   3   4   2
--------------------------------------------------------------------------------------------------------------------------------------

--------------------------------------------------------------------------------------
Phe TTT   7   9   8 | Ser TCT   2  10   6 | Tyr TAT   4  10  18 | Cys TGT   0   0   0
    TTC  11  10   5 |     TCC   9   3   1 |     TAC  15  11   7 |     TGC   1   0   2
Leu TTA   1  10  30 |     TCA   4   4  14 | *** TAA   0   0   0 | *** TGA   0   0   0
    TTG   3   6   2 |     TCG   4   2   0 |     TAG   0   0   0 | Trp TGG   5   6   7
--------------------------------------------------------------------------------------
Leu CTT   2   5   1 | Pro CCT   3   3   4 | His CAT   0   9   8 | Arg CGT   8   8   5
    CTC   6   3   1 |     CCC   2   4   1 |     CAC   9   5   0 |     CGC   9   1   0
    CTA   2   6   0 |     CCA   2   3   7 | Gln CAA   2  10  23 |     CGA   0   0   7
    CTG  19   0   0 |     CCG   7   1   0 |     CAG  19  10   4 |     CGG   2   0   0
--------------------------------------------------------------------------------------
Ile ATT  15  13  17 | Thr ACT   6   5  18 | Asn AAT   4  12  13 | Ser AGT   0   8   4
    ATC   5   6   2 |     ACC   6   5   9 |     AAC  11   9   5 |     AGC   4   4   0
    ATA   4   4   7 |     ACA   9  13   5 | Lys AAA   3   9  15 | Arg AGA   6  17  14
Met ATG   8   6   4 |     ACG  11   9   1 |     AAG  13  14   5 |     AGG   7   2   5
--------------------------------------------------------------------------------------
Val GTT   0   5   5 | Ala GCT   6   7   8 | Asp GAT   7  15  22 | Gly GGT   6  10  13
    GTC   7   4   2 |     GCC  11   4   1 |     GAC  21   6  10 |     GGC  12   7   0
    GTA   0   0   4 |     GCA   3   6   9 | Glu GAA   5  14  15 |     GGA  10   2  12
    GTG   7   7   3 |     GCG  16   7   0 |     GAG  13  11   2 |     GGG   0   4   3
--------------------------------------------------------------------------------------

Codon position x base (3x4) table for each sequence.

#1: Scer           
position  1:    T:0.19543    C:0.18528    A:0.33756    G:0.28173
position  2:    T:0.26142    C:0.22843    A:0.32741    G:0.18274
position  3:    T:0.34010    C:0.19797    A:0.23350    G:0.22843
Average         T:0.26565    C:0.20389    A:0.29949    G:0.23096

#2: Sbay           
position  1:    T:0.21574    C:0.14467    A:0.37310    G:0.26650
position  2:    T:0.26650    C:0.22081    A:0.34010    G:0.17259
position  3:    T:0.31980    C:0.21827    A:0.27411    G:0.18782
Average         T:0.26734    C:0.19459    A:0.32910    G:0.20897

#3: Smik           
position  1:    T:0.21320    C:0.15228    A:0.34264    G:0.29188
position  2:    T:0.26142    C:0.22335    A:0.32995    G:0.18528
position  3:    T:0.36294    C:0.18274    A:0.27411    G:0.18020
Average         T:0.27919    C:0.18613    A:0.31557    G:0.21912

#4: Spar           
position  1:    T:0.19797    C:0.17005    A:0.34264    G:0.28934
position  2:    T:0.26396    C:0.22589    A:0.32234    G:0.18782
position  3:    T:0.32995    C:0.22589    A:0.23858    G:0.20558
Average         T:0.26396    C:0.20728    A:0.30118    G:0.22758

#5: Ncas           
position  1:    T:0.24873    C:0.14213    A:0.33503    G:0.27411
position  2:    T:0.25127    C:0.25635    A:0.34772    G:0.14467
position  3:    T:0.40609    C:0.17005    A:0.28680    G:0.13706
Average         T:0.30203    C:0.18951    A:0.32318    G:0.18528

#6: Cgla           
position  1:    T:0.19797    C:0.19797    A:0.32995    G:0.27411
position  2:    T:0.24619    C:0.21827    A:0.36041    G:0.17513
position  3:    T:0.28934    C:0.23350    A:0.23096    G:0.24619
Average         T:0.24450    C:0.21658    A:0.30711    G:0.23181

#7: Agos           
position  1:    T:0.16751    C:0.23350    A:0.28426    G:0.31472
position  2:    T:0.24619    C:0.25635    A:0.31980    G:0.17766
position  3:    T:0.17766    C:0.35279    A:0.12944    G:0.34010
Average         T:0.19712    C:0.28088    A:0.24450    G:0.27750

#8: Klac           
position  1:    T:0.20558    C:0.17259    A:0.34518    G:0.27665
position  2:    T:0.23858    C:0.21827    A:0.36802    G:0.17513
position  3:    T:0.32741    C:0.20812    A:0.24873    G:0.21574
Average         T:0.25719    C:0.19966    A:0.32064    G:0.22250

#9: Calb           
position  1:    T:0.25381    C:0.15482    A:0.31472    G:0.27665
position  2:    T:0.23096    C:0.21320    A:0.37310    G:0.18274
position  3:    T:0.38071    C:0.11675    A:0.41117    G:0.09137
Average         T:0.28849    C:0.16159    A:0.36633    G:0.18359

Sums of codon usage counts
------------------------------------------------------------------------------
Phe F TTT      70 | Ser S TCT      70 | Tyr Y TAT      93 | Cys C TGT       0
      TTC      66 |       TCC      54 |       TAC     103 |       TGC       3
Leu L TTA     111 |       TCA      40 | *** * TAA       0 | *** * TGA       0
      TTG      61 |       TCG      23 |       TAG       0 | Trp W TGG      53
------------------------------------------------------------------------------
Leu L CTT      14 | Pro P CCT      30 | His H CAT      75 | Arg R CGT      72
      CTC      16 |       CCC      20 |       CAC      32 |       CGC      13
      CTA      32 |       CCA      38 | Gln Q CAA     109 |       CGA      16
      CTG      46 |       CCG      23 |       CAG      67 |       CGG       9
------------------------------------------------------------------------------
Ile I ATT     108 | Thr T ACT      96 | Asn N AAT      88 | Ser S AGT      76
      ATC      52 |       ACC      85 |       AAC      81 |       AGC      24
      ATA      62 |       ACA      61 | Lys K AAA      81 | Arg R AGA     122
Met M ATG      64 |       ACG      57 |       AAG      90 |       AGG      37
------------------------------------------------------------------------------
Val V GTT      60 | Ala A GCT      78 | Asp D GAT     134 | Gly G GGT      92
      GTC      33 |       GCC      38 |       GAC      90 |       GGC      41
      GTA      40 |       GCA      55 | Glu E GAA     113 |       GGA      37
      GTG      58 |       GCG      44 |       GAG      61 |       GGG      29
------------------------------------------------------------------------------


Codon position x base (3x4) table, overall

position  1:    T:0.21066    C:0.17259    A:0.33390    G:0.28285
position  2:    T:0.25183    C:0.22899    A:0.34320    G:0.17597
position  3:    T:0.32600    C:0.21179    A:0.25860    G:0.20361
Average         T:0.26283    C:0.20446    A:0.31190    G:0.22081

Codon frequencies under model, for use in evolver (TTT TTC TTA TTG ... GGG):
  0.01639344  0.01639344  0.01639344  0.01639344
  0.01639344  0.01639344  0.01639344  0.01639344
  0.01639344  0.01639344  0.00000000  0.00000000
  0.01639344  0.01639344  0.00000000  0.01639344
  0.01639344  0.01639344  0.01639344  0.01639344
  0.01639344  0.01639344  0.01639344  0.01639344
  0.01639344  0.01639344  0.01639344  0.01639344
  0.01639344  0.01639344  0.01639344  0.01639344
  0.01639344  0.01639344  0.01639344  0.01639344
  0.01639344  0.01639344  0.01639344  0.01639344
  0.01639344  0.01639344  0.01639344  0.01639344
  0.01639344  0.01639344  0.01639344  0.01639344
  0.01639344  0.01639344  0.01639344  0.01639344
  0.01639344  0.01639344  0.01639344  0.01639344
  0.01639344  0.01639344  0.01639344  0.01639344
  0.01639344  0.01639344  0.01639344  0.01639344


TREE #  1:  (((((1, 4), (3, 2)), 5), 6), ((7, 8), 9));   MP score: 1463
This is a rooted tree.  Please check!
lnL(ntime: 16  np: 18):  -7765.765917      +0.000000
  10..11   11..12   12..13   13..14   14..1    14..4    13..15   15..3    15..2    12..5    11..6    10..16   16..17   17..7    17..8    16..9  
 0.094847 0.341802 0.634179 0.057067 0.400494 0.149835 0.042751 0.291735 0.507817 0.939625 1.429336 0.026608 0.269713 1.754494 1.395436 2.701083 2.088584 0.083006

Note: Branch length is defined as number of nucleotide substitutions per codon (not per neucleotide site).

tree length = 11.036824

(((((1: 0.400494, 4: 0.149835): 0.057067, (3: 0.291735, 2: 0.507817): 0.042751): 0.634179, 5: 0.939625): 0.341802, 6: 1.429336): 0.094847, ((7: 1.754494, 8: 1.395436): 0.269713, 9: 2.701083): 0.026608);

(((((Scer: 0.400494, Spar: 0.149835): 0.057067, (Smik: 0.291735, Sbay: 0.507817): 0.042751): 0.634179, Ncas: 0.939625): 0.341802, Cgla: 1.429336): 0.094847, ((Agos: 1.754494, Klac: 1.395436): 0.269713, Calb: 2.701083): 0.026608);

Detailed output identifying parameters

kappa (ts/tv) =  2.08858

omega (dN/dS) =  0.08301

dN & dS for each branch

 branch          t       N       S   dN/dS      dN      dS  N*dN  S*dS

  10..11     0.095   851.1   330.9  0.0830  0.0077  0.0931   6.6  30.8
  11..12     0.342   851.1   330.9  0.0830  0.0278  0.3354  23.7 111.0
  12..13     0.634   851.1   330.9  0.0830  0.0517  0.6223  44.0 205.9
  13..14     0.057   851.1   330.9  0.0830  0.0046  0.0560   4.0  18.5
  14..1      0.400   851.1   330.9  0.0830  0.0326  0.3930  27.8 130.0
  14..4      0.150   851.1   330.9  0.0830  0.0122  0.1470  10.4  48.6
  13..15     0.043   851.1   330.9  0.0830  0.0035  0.0419   3.0  13.9
  15..3      0.292   851.1   330.9  0.0830  0.0238  0.2863  20.2  94.7
  15..2      0.508   851.1   330.9  0.0830  0.0414  0.4983  35.2 164.9
  12..5      0.940   851.1   330.9  0.0830  0.0765  0.9220  65.1 305.1
  11..6      1.429   851.1   330.9  0.0830  0.1164  1.4025  99.1 464.1
  10..16     0.027   851.1   330.9  0.0830  0.0022  0.0261   1.8   8.6
  16..17     0.270   851.1   330.9  0.0830  0.0220  0.2647  18.7  87.6
  17..7      1.754   851.1   330.9  0.0830  0.1429  1.7216 121.6 569.6
  17..8      1.395   851.1   330.9  0.0830  0.1137  1.3692  96.7 453.1
  16..9      2.701   851.1   330.9  0.0830  0.2200  2.6504 187.2 877.0

tree length for dN:       0.8989
tree length for dS:      10.8297


Time used:  0:10
