      9   1182

Scer                            TCC GCT GTT TTA AAC TTG AGA ATT TCT ATT ACG TCT ACA AAG GAA GCT GGG GTT AGA GCA TAC GGC GAC GGT CAC AAA GGT CGT CCA GCC ATT TTC TCT ACT GGC TAC ATT GGC TTT ATT TAC ATT GGT TTG GTC AAA TCC GTT AAA GCC GAA GAT GAT TTT GGT GTA AAA AGA GAA GTG GTT ACT TTG GAC AAG GAA GAA AAG TTC TCT GTT ATT GAT ATC GGA TCC AGA AAA GAA TCT TAC TCC AAC CCT ACT AAC AAC TGG AAC ACT CAC AAG GGT CAA AGA AAC TCC GGT GCC TCT AAA GCT GTC GGG GCT GCT GAT GAG ACG TTC GCT AAA CGT AGT GAA GGT AAA CAC GTT AAA CAA TTC GAA GAT TCT CAA GAA CAA TTG GCA CAC CAA TAC CGT AAC TAT GCC TTT GAC TTT CTT AAC AGA TTA CGT AGA TAC TAC CGT GAT TAT GGT GGT GAT AAG ACT TTT TAC TCT TCC ACA AGA GTT TAC AAG GTT CAC AAC GTT GGT AAT TAT CAG GAT CTA CAG CTT ATT TAC GAA TCT GTG GTT TCT TTT AAT AAG GAT CAC TTC TTC TTA AAG CAA TTG GTA GTG TGG CCC TTA ATT ATT GGT ATC GCT TTG GCT GTG GGT AGA CAA AAA TTG ATT CCA AGA AAG ATT CAG GTT AAA GTT GCC GTT GAA ACT GGC CAC GCT TCT CTA CCA GTG AGA TGC GTT TCT ATT GTT TTT GTT GAC TAC GAG GGC TTA AAG AAA TTG TCC TAC TTG GGT ACT GGT AAA TCC TAC GAA GCA ATT TAC GAA TTA ATT GAT TTA TGC TTA AAA GAA TTA TGC GAA GTG CCC GTG TTC GAG GAG AGT TCC CAT TTT TGG CGT GTT GTT GAA AAG GCT AAG AAC GTG CTT ACG GTT TCG TAC TGC CGT GAA TTT TTG AGT AGA AAA GAA TTA TAC AAG TTC GTT CCA GAA GTT ACT TTC GAT AAA TTG GAT TTT CTT TGC AAA GGT ACT ATC AAT GCT ACT TAT GAA GGA GAA TTC AGT ATT AGA CTA TCG GGA AAA ATT ATT TCT GAT AAA GCC AAG AAC GAA GTG TCA CAG GAA GCT AAT GCT TCC GAT GAC TTT AAC GAA GCA TCT GAC TCA AAA TTC AAA GGT AAG TTG GAA GAT GAA ACC TTT TCT CAT CCA ACG AAC GAA TGC ATA GAT AAA TCT GAA CTT 
Sbay                            TCT GCA GTC TTA AAT TTG AGA ATT TCC ATT ACG TCC ACC AAG GAA GCA GGG GTT AGA GCA TAC GGA GAC GGC CAC AAG GGT CGT CCG GCT ATT TTC GCT ACC GGT TAC ATT GGT TTT ATT TAC ATT GGT TTG GTT AAG TCC GTT AAA GCC GAT GAT GAT TTT GGC GTG AAG AGA GAG GTT GTT ACT TTG GAC AAG GAA GAA AAG TTC TCC GTT ATT GAT ATC GGT TCT AGA AAG GAG TCC TAC TCT AAT CCC ACT AAC AAC TGG AAT ACC CAC AAG GGT CAA AGA AAT TCC GGT GCT TCT AAA GCC GTC GGG GCT GTC GAA GAG ACC TTC GCT AAG CGT AGT GAA GGT AAG CAC GTT AAG CAA TTC GAG GAT TCT CAA GAA CAG TTG GCG CAC CAA TAC CGT AAT TAT GCC TTT GAC TTC CTT AAC AGA TTA CGT AGA TAC TAC AGA GAT TAT GGC GGT GAT AAA ACT TTT TAC TCC TCT ACA AGA GTC TAC AAG GTC CAC AAT GTT GGT AAT TAC CAA GAT CTA CAG CTT ATT TAT GAA TCT GTA GTT TCC TTT AAC AAG GAT CAC TTC TTC CTA AAG CAT TTG GTG GTA TGG CCC TTG AAC ATC GGC ATT GCT TTG GCT GTT GGC AGA CAG AAG TTG ATT CCG AGA AAG ATT CAA GTT AAA GTC GCT GTT GAG ACT GGG CAC GCC TCC CTA CCA GTC AGA TGT GTT TCC AAC GTC TTT GTT GAC TAC GAA GGA CTG AAG AAA TTG TCT TAC TTG GGT ACT GGT AAG TCT TAC GAG GCA ATT TAC GAG TTG ATC GAA TTA TGT TTG AAG GAA TTA TGT GAG GTG CCC GTC TTC GAA GAA AGT TCC CAT TTT TGG CGT GTG GTT GAA AAG GCT AAG AAC GTC CTT ACG GTT TCC TAC TGT CGT GAA TTT TTG AGT AGA AAG GAA TTA TAC AAG TTC GTT CCA GAA GTT ACT TTC GAT AAA TTA GAT TTC CTT TGT AAG GGT ACT ATC AAC GTC ACC TAT GAG GGT GAG TTC AGT ATT AGA CTA TCC GGG AAA ATC ATT TCT GAT AAA GCT AAA AAC GAG GTA TCA CAG GAA GCT AAT GCT TCC GAT GAG TTT AAC GAA GCG TCC GAC TCA AAA TTC AAA GGT AAG TTA GAG GAT GAA ACC TTT TCC CAT CCA ACG AAC GAG TGT ATA GAT AAA TCT GAA CTT 
Smik                            TCT GCA GTC TTA AAT TTG AGA ATT TCC ATT ACA TCG ACA AAG GAG GCA GGG GTT AGA GCA TAT GGC GAC GGT CAC AAG GGT CGT CCA GCT ATC TTT TCT ACT GGC TAT ATT GGC TTT ATT TAC ATT GGT TTA GTC AAA TCC GTT AAA GCC GAA GAT GAT TTT GGT GTA AAA AGA GAA GTT GTT ACT CTG GAC AAG GAA GAA AAG TTC TCC GTT ATT GAT ATC GGT TCC AGA AAA GAA TCA TAC TCC AAT CCT ACT AAC AAC TGG AAT ACC CAC AAG GGT CAA AGG AAT TCC GGT GCT TCT AAG GCG GTC GGG GCC GCA GAA GAG ACA TTT GCC AAA CGT AGT GAA GGT AAA CAC GCC AAA CAA TTC GAA GAT TCT CAA GAA CAG TTG GCA CAC CAA TAC CGT AAT TAT GCC TTC GAT TTC CTT AAC AGA TTA CGT AGA TAC TAC CGT GAT TAT GGA GGT GAT AAG ACT TTC TAC TCC TCA ACA AGA GTT TAC AAG GTC CAC AAT GTT GGT AAC TAC CAA GAT TTA CAG CTT ATT TAC GAA TCT GTA GTT TCC TTC AAT AAG GAC CAC TTC TTC TTA AAA CAC TTA GTA GTA TGG GCC TTG ATC ATT GGT ATT GCT TTG GCT GTT GGA AGA CAA AAA TTG ATT CCA AGA AAG ATT CAA GTT AAA GTT GCC GTC GAA ACT GGC CAC GCT TCC TTA CCA GTG AGA TGT GTT TCT ATC GTT TTC GTC GAC TAC GAA GGC TTA AAG AAA TTA TCA TAC TTG GGT ACT GGT AAA TCT TAC GAA GCA ATT TAC GAA TTG ATT GAA TTA TGC TTG AAA GAA TTA TGT GAA GTG GCC GTT TTT GAA GAG AGT TCC CAT TTT TGG CGT GTA GTT GAA AAG GCC AAA AAC GTT CTT ACA GTT TCG TAC TGT CGT GAA TTC CTG AGT AGA AAA GAG CTA TAC AAG TTC GTT CCT GAG GTT ACT TTT GAT AAG TTG GAT TTC CTT TGT AAA GGT ACT ATC AAT GCA ACT TAT GAG GGT GAG TTC AGT ATT AGA TTA TCG GGT AAG ATT ATT TCT GAT AAA GCT AAG AAC GAA GTG TCA CAG GAA GCT AAT GCT TCT GAT GAG TTT AAC GAA GCA TCA GAC TCG AAA TTC AAG GGT AAG TTG GAA GAT GAA ACA TTT TCA CAT CCA ACA AAC GAG TGT ATA GAT AAA TCT GAA CTA 
Spar                            TCT GCT GTC TTA AAC TTG AGA ATT TCC ATT AGG TCG ACA AAG GAA GCT GGG GTT AGA GCT TAC GGC GAC GGT CAC AAG GGT CGT CCA GCT ATT TTC TCT ACT GGC TAC ATT GGC TTT ATC TAC ATT GGT TTG GTC AAA TCC GTT AAA GCC GAA GAT GAT TTT GGT GTA AAA AGA GAA GTC GTT ACT CTG GAC AAG GAA GAA AAG TTC TCC GTT ATT GAC ATC GGA TCC AGA AAA GAA TCT TAC TCC AAC CCT ACT AAC AAC TGG AAC ACT CAC AAG GGT CAA AGA AAC TCC GGT GCT TCT AAG GCT GTC GGG GCT GCT GAT GAG ACG TTC GCT AAA CGT AGT GAA GGT AAA CAC GTC AAA CAA TTC GAA GAC TCT CAA GAA CAG TTG GCG CAC CAA TAC CGT AAC TAT GCC TTT GAT TTC CTT AAC AGA TTA CGT AGA TAC TAC CGT GAT TAT GGT GGT GAT AAG ACT TTT TAC TCC TCC ACA AGA GTT TAC AAG GTC CAC AAC GTT GGT AAT TAC CAG GAT TTA CAG CTC ATC TAC GAA TCT GTG GTC TCC TTT AAT AAG GAT CAC TTC TTC TTA AAG CAT TTG GTA GTG TGG CCC TTA ATT ATT GGT ATT GCT TTG GCT GTC GGT AGA CAA AAA TTA ATT CCA AGA AAG ATT CAG GTT AAA GTT GCC GTT GAA ACT GGC CAC GCT TCC TTA CCA GTG AGA TGT GTT TCT ATT GTT TTT GTT GAC TAT GAA GGC TTA AAG AAA TTG TCC TAC TTG GGT ACT GGT AAA TCT TAC GAA GCT ATC TAT GAG TTA ATT GAT TTA TGC TTA AAA GAA TTA TGC GAA GTC CCC GTT TTC GAG GAG AGT TCT CAT TTT TGG CGT GTA GTC GAA AAG GCT AAG AAC GTT CTT AGG GTT TCG TAC TGC CGT GAA TTT CTG AGT AGA AAA GAA TTA TAC AAG TTC GTT CCA GAA GTT ACT TTC GAC AAG TTG GAT TTC CTC TGC AAA GGT ACT ATC AAT GCT ACT TAT GAG GGA GAG TTC AGT ATT AGA TTA TCG GGG AAA ATT ATT TCT GAT AAA GCT AAG AAC GAA GTG TCA CAG GAA GCT AAT GCT TCT GAC GAG TTT AAC GAA GCG TCT GAC TCA AAA TTC AAA GGT AAG TTG GAA GAT GAA ACA TTT TCT CAT CCA AGG AAC GAG TGC ATA GAT AAA TCT GAA CTT 
Ncas                            TCT TCG GTC CTA AAC TTG AGA GTG CAA ATT AAG TCC ACT AAA GAA TCG GGG GTT AGA GCA TAT GGC GAT GGA CAT AAA GGT CGT AAG GCT ATC TTC GAT ACT GGT TAT ATT GGT TTT ATA TAC ATT GGT CTT GTC AAG TCC GTC AAA GCA GAA GAT GAC TTT GGT CTG AAA AGA GAA GTA GTG ACG ATG GAC AAG GAA GAA AAG TTC TCT GTT ATT GAT ATC GGG TCT AGA AAG GAA GCT TAC TCT ACC CCA ACC AAC AAT TGG AAC GCC CAT AAA GGT CAA AGA AAC TCC GGT GCT TCA AAA GCC GTT GGG GCG AAT GAA GAA ACT TTC GCG AAA AAT AGC GAA GGT AAG CAT GTC AAG CAA GTC GAA GAT TCT CAA GAA CAG CTA GCT CAT CAA TAT CAC AAC TCT GCA TTC GAT TTT CTG AAT AGA TTA CGT AGA TAC TAC AGA GAC TAT GGT GGT GAT AAA ACT TTT TAC CAA TCT ACT AGA GTG TAT AAG GTC CAT ACC GTT GGT AAT TAC CAA GAT TTG CAA TCT ATA TAT GAA TCA ATT GTG CAA TTC AAT AAA GAT CAT TTC TTC TTA AAA CAT CTT GTG ATT TGG CCA TTG AGA ATT GGT ATT GCC TTA GCA GTA GGT AGA CAA AAG TTG CTT AAG AGA AAG ATT CAA GTT AAG GTG GCC GTT GAA ACT GGT CAT GTC CAA TTG CCC GTG AGA TGT GTC TCC AGA GTT TTC GTT GAT TAC GAA GGC TTG AAA AAA CTT TCT TAT TTG GGT ACT GGT AAG TCT TAT GAA GCA ATA TAT GAA TTG ACC GAA TTA TAT TTG AAA GAA TTA TGT GAA GTG CCA GTC TTC GAA GAG AGT TCC CAT TTT TGG CGT CCT GTG GAA AAG GCG AAA AAT GTC CTG AAG GTG GCC TAT TGT CGT TCC TTT ATG AGT AGA AAG GAA CTA TAT AAG GTC GTA CCA GAA GTA ACA TTC GAT AAA TTG GAC TTC TCT TGT AAG GGT ACG ATC AAT AAT ACC TAC GAA GGG GAA TTC AGT ATT AGA TTG GCC GGG AAG ACC ATT TCA GAT AAG GCT AAA AAT GAA GTA TCA CAA GAA GCA AAC ACC TCC GAT GAT TTT AAC GAA GCT GCT GAC TCT AAA TTA AAG GGT AAA TTA GAA GAC GAA ACT TTT GCT CAT CCT AAG AAT GAA TGT CTG GAT AAA TCA GAA TTG 
Cgla                            TCT TCG GTT TTG AAC TTG AGA ATT CGT ATC GAA TCG ACG AAA GAA TCG GGT GTT AGA GCA TAT GGA GAC GGA CAT AAG GGT CGT AAG GCC ATT TTT GAT TCC GGC TAT ATC GGC TTC ATC TAC ATT GGG CTA GTC AAA TCA GTC AAG GCG GAC GAT GAT TTT GGA GTT AAA AGA GAG GTG ATT ACA CTG GAC AAG GAA TCT AAG TTC TCC GTT ATC GAT ATC GGT TCC AGA AAG GAG TCT TAC TCC AAC CCA ACT AAC AAC TGG AAC ACA CAT AAG GGT CAA AGA AAC TCT GGT GCC TCC AAG GCC GTT GGT GCG AAG GAA GAA ACT TTC GCG AAA AGA AAC GAA GGT AAG CAT TAT AAG AAT GTT GAG GAT TCC CAG GAA CAG CTT GCG CAT CAA TAT CGT AAC TAT GCG TTT GAT TTC TTT AAT AGA CTA AGG AGA TAC TAC CGT GAT TAT GGC GGG GAT AAA ACG TTT TAC CGT TCT ACT AGA GTA TAC AAG GTT CAT AAC GTT GGT AAC TAC CAA GAT TTG CAG ACA ATC TAC GAA TCT GTT GTC CGT TTT AAT AAA GAT CAC TTC TTC TTG AAA GAT CTA GTT GTT TGG CCA TTG AGG ATC GGA ATC GCT TTG GCT GTG GGC AGA CAG AAG TTG ATA AAG AGG AAG ATC CAA GTT AAG GTA GTT GTT GAA ACT GGT CAC GTT CGT TTG CCT GTC AGA TGT GTA TCG AGG GTC TTT GTT GAC TAC GAA GGA TTG AAA AAG CTA TCT TAC TTG GGG ACG GGT AAG TCT TAC GAG GCA ATC TAT GAA TTG TCT GAA CTA TAT TTG AAA GAA CTA TGT GAA GTG CCA GTC TTT GAG GAA AGT TCG CAT TTC TGG AGG ACT GTC GAA AAG GCG AAA AAC GTC TTT GAA ATT ACT TAC TGT CGT GAC TTT CTG AGT AGA AAG GAA CTT TAC AAG GTT GTT CCA GAG GTT ACT TTT GAT AAG TTG GAT TTT ACA TGT AAG GGT ACA ATC AAT AAG ACC TAT GAA GGT GAA TTC AGT ATT AGG TTG ACT GGG AAG TCT ATT TCT GAC AAG GCC AAA AAT GAG GTA TTC CAA GAT GCT GAC GCA TCC GAT GAC TTC AAC GAG GCG TCT GAC TCC AAA TTC AAG GGT AAG TTG GAG GAT GAA ACT TTC TCT CAC CCA GAA AAC GAA TGT ATT GAC AAA TCC TCT TTG 
Agos                            TCT TCG ATG CTA CAC CTG AGG GTT AAG ATC ACC TCG ACG AAA GAG TCG GGC GTG AGA GCG TAC GGC GAC GGC CAT AAG GGT CGC CCA GCG ATC TTT TCG TCC GGT TAC ATC GGT TTT ATC TAC ATT GGA CTG GTC AAG TCG ATC AAG GCG AAC GAC GAC TTC GGC GTT CGC CGC GAG GTT GTG ACG CTA GAC AAG GAC GAG AAC TTC TCC GTG ATC GAC ATC GGC TCT CGG AAA GAG GCG TAC TCT TAC CCC ACG AAC AAC TGG CAC GCC CAT AAG GGT CAG CGG CAC TCG GGT GCG TCC AAG GCG GTG GGC TCG AAA GCC GAG ACG TTC TCG CGC CGG TCT GAG GGT AAG CAT GTT AAA GAG TTC GAG GAC TCC CAG GAC CAG CTT GCG CAT CAG TAT CGG CAC TAC GCG TTC GAC TTC CTG AAC AGG CTG CGG CGG TAC TAC CGG GAC TAC GGG GGA GAC AAT ACG TTC TAC AAG TCC ACG CGG GTG TAC AAG ATG CAT TAC GTG GGT AAC TAC CAG GAC CTG CAA TCC ATC TAC GAA TCG CTA GTG AAG TTC AAA AAA GAC CAC TTC TTC TTG AAA AAT CTG ATC CTA TGG TCT CTG AGG ATC GGC ATC GCC CTG GCC GTT GGG AGA CAG AAG CTG ATT CCA CGG AAG ATC CAG GTG AAG GTG GCA GTC GAA ACG GGG CAC CCG AAG CTG AAA GTG AGA TGC GTA TCT AGG GTA TTC GTC GAC TAC GAG GGC CTG AAA AAG CTG TCC TAC CTG GGA ACG GGT AAG TCG TAC GAG GCG ATC TAC GAG CTG GCT GCC CTG CAC CTG CGC GAG CTG TGC GAA GTG TCT GTT TTT GAA GAG AGC TCG CAT TTC TGG CGG CCT GTG GAG AAC TCG AAA AAC GTT CTG ACC GTG GGG TAC TGT CGC GCA TTC CTA GCG CGC AAG GAG CTG TAC AAG TTC CTG CCA GAA CTG ACC TTT GAC AAG TTA GAC TTC TCC TGC AAG GGT ACG ATC AAA AAA ACC TAC CGA GGC CGA TTC GCG ATT CGG CTG GGG CGG AAG GCT ATT TCG GAC CGC GCG AAT AAC GAG TTC TCT CAA GAA GCC GAC GCG TCG GAC GAT TTC AAC GAG GCG GCG GAC TCG TCG TTC AAG GGC AAG CTT GAG GAC GAG ACC TTT GCG CAC CCA ACC AAC CGA TGC CTC GAC TCG TCC GAG CTG 
Klac                            TCT TCT GTT TTG CAT TTG AGG GTT ACT ATC ACC TCC ACA AAA GAA TCT GGG GTC AGA GCA TAT GCA GAT GGA CAT AAG GGT CGT GCC GCT ATT TTT TCA ACC GGC TAT ATT GGC TTT ATC TAC ATC GGG TTG GTT AAA TCT ATT AAT GCA GAT GAA GAT TTT GGC GTG AAA AGA GAG GTT GTT ACA CTG GAC AAG GAG GAG AAT TTT TCT GTC ATT GAC ATC GGT TCT AGA AAG GAG TCA TAT TCT TCT CCA ACT AAC AAT TGG CAT ACC CAC AAG GGT CAA AGA CAT TCC GGT GCT TCT AAA GCT GTT GGG TCA AAT CTG GAA ACT TTT TCA AAA CAG AGC GAG GGT AAA CAT TAT AAG GAA TTC GAG GAC TCC CAA GAG CAG CTA GCT CAT CAA TAC CGT CAT TAT GCA TTT GAT TTT ATG AAC AGA CTA CGT AGA TAT TAT AGG GAT TAC GGC GGG GAC AAG ACG TTC TAT ACT TCC ACT AGA ATA TAT AAG GTT CAC TCT GTT GGT AAC TAC CAG GAA CTA CAA TAT ATC TAC GAA TCT GTT GTG ACT TTT AAG AAA GAC CAT TTC TTT TTA AAA GAA TTG GTT GTT TGG CCA TTG CGA ATT GGC ATT GCT TTG GCT GTT GGC AGA CAA AAG TTA GTA GCC AGA AAG ATC CAG GTT AAG ATA GCT GTT GAA ACC GGT CAT GCA ACT CTA CCT GTA AGA TGT GTT TCT CGA GTC TTC GTT GAT TAT GAT GCA TTG AAA AAT TTG TCC TAC TTG GGG ACG GGT AAG TCT TAC GAG GCA ATC TAT GAA TTG GCT CTG CTA TAT TTG AAA GAA CTA TGC GAA ATA CCA GTT TTT GAA GAA AGT TCA CAT TTT TGG CGT TCC GTG GAA AAT TCA AAA AAT GTT ATG ACC GTT TCT TAC TGT CGT GAA TTC CTG AGT AGA AAG GAA TTA TAC AAG TTC CTA CCA GAA CTA ACC TTT GAT AAA TTA GAT TTT TAT TGC AAA GGT ACA ATC AAG AAT ACC TAT AAA GGT AAA TTT AGT ATC AGA CTA TCT CGT AAG GCT ATC TCT GAC CGG GCT AAG AAC GAG TTC TCT CAA GAA GCT GAT GCA ACT GAC GAT TTT AAT GAA GCT TCA GAC TCA AAG TTC AAG GGT AAG TTG GAG GAT GAA ACT TTT TCA CAC CCT ACC AAT AAA TGC CTT GAC AAG TCT GAG TTG 
Calb                            TCC GCT GTT TTG GAT TTG CGT GTC TCT ATT GAA TCT ACG AAG GAA GCT GGT GTT AGA GCT TAC CGG GAT GGT CAT AAA GGT AGA CCA GCC ATC TAT TCA ACC GGT TAC ATC GGT TTC ATT TAT ATT GGT TTG GTT AAA TCA ATT AAA GCT GAA AGT GAT TTT GGT GTT AAA AGA GAA ATA GTT ACA TTA GAT AAA GAT AGT AAT TTT GCC GTT ATC GAT ATT GGT TCA CGT AAA GAA TCA TAT TCA AAT CCA ACT AAC AAT TGG GAT GTA CAT AAG GGT CAA AGA GAT TCT GGT GCC TCC AAA GCT ATT GGT GCA AAC ATG GAA ACT TTC GCA AAA AGA TCC GAA GGT AGA CAT GTG AAA GAA TTA GAA GAT TCC CAA GAT ACG TTA GCT CAT CAA TAC CGT GAT TAC GCT TTT GAT TTT CTG AAT AGA TTG AGA CGT TAT TAT AGA GAT TAT GGT GGT GAT AAT ACC TTT TAT TCT TCC GAT CGT ATA TAT AAG GTT CAT AAT GTT GGT AAT TAT GAA AGT TAT CAA GAT ATT TAT GAG TCA GTT ATT TCT TTT GAG AAG GAT CAT TTC TTT TTA AAG AAA TTG ATT GTT TGG TCT TTG CGC ATT GGT ATC GCC TTG GCC ATA GGT AGA CAA AAA TTG GTT CCA AGA AAG ATT GAA GTT AAA ATA ACT GTT GAA AAT GGT CAT GTA TCT TAT CCA GTT AGA TGC GCC GTG CGC GTT TTT GTT GAT TAC GAA CGG TTG AAG AAA TTG TCC TAT TTG GGT ACC GGT AAA TCA TAC GAA GCT ATT ACG GAT TTG GCC ATG TTG ATA TTG AAA CAA TTG TGT GAA ATT TCT GTG TAT GAA GAA TCA AGT CAT TTT TGG AGA TCC ATT CAA AAT GCA AAG AAT GTG CTG GAA GTT GAA TAC TGT AGA AAG TTT TTA ACA AGA AAA GAA TTA TAC AAA TTA TTA CCT GAA TTA ACA TAT GAT AAA TTA GAT TAT GAT TGT AGA GGT ACA ATT GAG AAC ACA TAT GAT GGT GAT TTT ACA ATT AGA TAT GAA CGA AAA GCC ATT TCA GAT AAA GCC AAT AAT GAA TTT AAA CAA AAC GCC GAT ACC TCA GAT GAA TTT AAC GAT GCT TCA GAT ACC AAA ATG AAA GGT AAG TTA GAA GAT GAA ACT TTC TCA CAT CCA GAA AAT GAT TGT ATC GAT AAA TCC AGT TTA 



Printing out site pattern counts


         9        720  P

Scer                            AAA AAA AAA AAA AAA AAA AAA AAA AAA AAA AAA AAA AAC AAC AAC AAC AAC AAC AAG AAG AAG AAG AAG AAG AAG AAT AAT AAT ACA ACA ACC ACG ACG ACT ACT ACT ACT ACT ACT ACT ACT AGA AGA AGA AGA AGA AGA AGA AGT AGT AGT ATA ATC ATC ATT ATT ATT ATT ATT ATT ATT ATT ATT ATT CAA CAA CAA CAA CAA CAA CAC CAC CAC CAG CAG CAG CAT CAT CCA CCA CCA CCA CCC CCT CGT CGT CGT CGT CGT CTA CTT CTT CTT GAA GAA GAA GAA GAA GAA GAA GAA GAA GAA GAA GAA GAA GAA GAA GAA GAC GAC GAC GAC GAG GAG GAG GAG GAT GAT GAT GAT GAT GAT GAT GAT GCA GCA GCC GCC GCC GCT GCT GCT GCT GCT GCT GCT GCT GGA GGA GGC GGC GGC GGG GGT GGT GGT GGT GGT GGT GTA GTA GTC GTC GTG GTG GTG GTG GTG GTG GTT GTT GTT GTT GTT GTT GTT GTT GTT GTT GTT GTT GTT TAC TAC TAC TAC TAC TAC TAC TAC TAC TAC TAT TAT TAT TAT TCA TCA TCC TCC TCC TCC TCC TCC TCC TCC TCG TCT TCT TCT TCT TCT TCT TCT TCT TCT TGC TGC TGC TGC TGG TTA TTA TTA TTA TTA TTA TTC TTC TTC TTC TTC TTC TTG TTG TTG TTG TTG TTG TTG TTG TTT TTT TTT TTT TTT TTT TTT TTT 
Sbay                            ... ... ... ... ... ... ..G ..G ..G ..G ..G ..G ... ... ... ... ..T ..T ..A ... ... ... ... ... ... ..C ... ... ... ..C ... ..C ... ..C ..C ..C ... ... ... ... ... ... ... ... ... ... ... ... ... ... ... ... ... ..T .AC ..C ..C ... ... ... ... ... ... ... ... ... ... ..G ..G ..T ... ... ... ..A ... ... ... ... ... ... ... ..G ... ..C A.A ... ... ... ... ... ... ... ... ... ... ... ... ... ... ... ... ... ... ... ..G ..G ..G ..G ..T ... ... ... ..G ..A ..A ..A ... ..A ... ... ... ... ... ... ... ... ..G ... ..T ..T ..A ..C ..C ... ... ... ... .TC ..G ..T ..A ..G ..T ... ..C ..C ..C ... ... ... ..G ..G ... ..T ..A ..A ..C ..C ... ..T ..C ..C ..C ..G ... ... ... ... ... ... ... ... ... ... ... ... ... ... ... ... ... ... ..T ..C ... ... ... ... ... ... ... ... ... ..T ..T ..T ..T ..C G.. ..C ..C ..C ..C ..C ... ... ... ..T ..T ..T ..T ... C.. C.G ... ... ... ..G ... ... ... ... ... ... ..A ..A ... ... ... ... ... ... ..C ..C ... ... ... ... ... ... 
Smik                            ... ... ... ... ..G ..G ... ... ... ... ... ..G ... ... ... ... ..T ..T ... ..A ... ... ... ... ... ... ..C ... ... ... ..A ..A ..A ..C ... ... ... ... ... ... ... ... ... ... ... ... ... ..G ... ... ... ... ... ..T ..C ... ... ..C ... ... ... ... ... ... ... ... ... ... ..G ..C ... ... ... ..A ... ... ... ... ... ... ..T ... G.. ... ... ... ... ... ... T.. ..A ... ... ... ... ... ... ... ... ... ... ... ..G ..G ... ... ... ..G ... ... ... ..T ..G ..A ..A ... ... ..A ..C ... ... ... ... ... ... ... ... ... ... ..T ..A ..G ... ..C ... ... ... ..A ..T ..T ... ... ... ... ..A ... ... ... ... ... ... ... ... ... ..A ... ... ..T ... ..T ..C ... ... ..A .CC ..C ... ... ... ... ... ... ... ... ... ... ... ... ... ... ... ..T ... ..C ... ... ... ... ..G ... ... ... ..T ..A ... ..T ..T ... ... ..A ..C ..C ..G ... ... ... ... ... ..T ..T ..T ... ... ... C.. ... ... ..G ... ... ... ... ..T ..T ... ... C.. ..A ... ... ... ... ..C ..C ..C ..C ..C ... ... ... 
Spar                            ... ... ... ... ... ..G ... ... ... ... ... ..G ... ... ... ... ... ... ... ... ... ... ... ... ... ... ... ... ... ... ..A ... .G. ... ... ... ... ... ... ... ... ... ... ... ... ... ... ... ... ... ... ... ... ..T ... ... ... ... ..C ... ... ... ... ... ... ... ... ... ..G ..T ... ... ... ... ... ... ... ... ... ... ... ... ... ... ... ... ... ... ... T.. ... ..C ... ... ... ... ... ... ... ... ... ... ... ... ... ... ..G ..G ... ... ... ..T ..G ..A ... ... ... ... ... ..C ..C ... ... ... ... ..T ..G ... ... ..T ... ... ... ... ... ... ... ... ..G ... ... ... ... ... ... ... ... ... ... ... ... ... ... ... ... ... ... ..T ..C ..C ..C ... ... ..A ..C ... ..C ... ... ... ... ... ... ... ... ... ... ... ... ..T ..T ... ... ..C ... ... ... ... ... ... ... ..T ..T ... ... ..T ..T ... ... ... ..C ..C ..G ... ... ... ... ... ... ... ..T ... ... ... ... ... ... ... ... ... ... ... ... ... ... ... C.. ... ..A ... ... ... ..C ..C ... ... ... ... ... ... 
Ncas                            ... ... ..G ..G ..G ... ... ..G ..G ..G ..G ... ... ... ..T ..T ... .C. ..A ..A ..A ..A ... ... ... ... ... ..C ..T ..T ..T ..T .A. G.C ..C ... ..A ..C ..G ... ... ... ... ... ... ... ... ... ..C ... ... C.G ... ..T .GA .CC ... ..C ..A ... ... ... C.. G.G ... ... ... ... ..G ..T ..T ..T ..T ..A ..A ..A ... ... ..C ..T ... AAG ..A ..A A.A AA. .AC ... ... T.G T.G TC. ..G ... ... ... ... ... ... ... ... TCC ... ... ... ... ... ... ... ... ..T ..T ..T ..A ..A ... ..A ..A ... ... ... ..C ... ... ... ... ..T ..A ... ..T T.G ..C .TC ..G A.C ..A ..C AA. ..G ..G ... ..T ..T ... ... ..A ... ... ... ... C.G ..G ..T ... A.T ..A ... ..C ... ..A ..C ..G ... CC. ..C ... ..G ..A ..C ..C ..G ... ... ... ... ..T ..T ..T ..T ... ..T ..T ..T ..C ..C ... .C. ... ..T ... ... ... ... ..T ..T ..T ..T G.C GA. G.. CAA ... ..C ..C ..A ..A ... .AT ..T ..T ..T ... ... ..G C.. C.. ... ..G G.. ..A ... ... ... ... ..A ... A.. C.T ... C.A ..A ... ..C ... ..C ..C ... ... ... ... 
Cgla                            ... ..G ..G ..G ..G ..G ... ... ..G ..G ..G ..G ... ... ... ..T ... ... ..A ..A ..A ... ... ... ... ... ..C G.C ..T ..G ..T ..T GAA ..A ..C T.C ... ... ..A ..G ... ... ... ... ... ... ..G ... .AC ... ... ..T ... ... .GG TC. ..C ... ..C ..C ..C ... ..A ... A.T ... ..G ..G ..G G.T ... ..T ..T ..A ..A ... ..C ... ..T ... ... AAG ..A ..A ... A.A ... A.G ... T.G T.G ACA T.. ... ... ... ... ... ..G ..T TCT ..C ... ..G ... ..G ... ... ..C ... ... ..T ... ..A ... ..A ..A ..A ... ... ... ... ..C ... ... ... ..G ..G .TT ... T.G ..C .T. ..G ..A ... ... AAG ..G ..T ..A ..T ... ..T ..C ..A ..A ..G ... ... ..T ..T ..T ... ..T ..A ..C ..C ... ... ... ..A ..C AC. TA. ... ..C ... ..A ..C A.. ... ... ... ... ... ... ... ..T ... ..T ..T ... ..C ... ... ... .TC ..C ..A ..T ..G ... ..T ... ..T ..T A.T GA. ... CG. ..C ..G ..G ..C ... ..C .AT ..T ..T ..T ... ..G ..G C.T ..G C.. ..G G.T ... ... ... ... ..T ... ... C.. C.A ... C.T ... ... ... ..C ... ... ... ..C ..C ... 
Agos                            TCG ..G ..G CGC ..G ..G CGC ..G ... ..G ..G ..G ... ... ... ... C.. T.. ..T ..A ..A ... ..C ... ... ..A ..C G.C ..G ..G ... ... ..C G.C ..C T.C ..C ..G ..G ..G ..G ... ..G ..G C.C C.G C.G C.G TC. ..C GCG C.C ... ... .GG GC. ..C ..C ..C ..C ..C ... ... G.. G.G ..G ..G ..G ..G A.T ... ..T ..T ... ..A ..A ..C ... AA. ... ... ... T.T ..C ..G ..G ..G ..G ..C ..G ..G TCC ..G ... ..C ..G ..G ..G ..G ... ..G .C. ..G ... ... ..G ..G CG. A.C ... ... ... ..T ... ..A ... ... .CC ..C ..C ..C ..C ..C ..C ..C ..G ..G ..G ..A ..G T.G ..G C.G T.G ..G ..C ..C AAA C.G ..C ... ..G ..T ..C ..G ..C ..C ..A ..C ... ..T A.C ..G ... C.A T.C ... ..T ... ..T A.G ..G ..A CC. ... ..C ..G C.G ..A A.C ..G ..G ..G ... ... ... ... ... ..T ... ... ... ... ..C ..C ..C ..C ..T ..G ..G ..G ..G ..G ... ..T ..G ..T GG. ..G G.G AAG ..C ..G ... ..C ..G ..C CA. ... ..T ... ... ..G C.G C.G C.. C.G C.G ... ... ... ... ... ..T C.T ..A C.A C.. C.. C.T C.. C.. ..C ..C ..C ..C ..C ..C ... ..C 
Klac                            ..G ..T ..G CGG ..G ... ... ... ..G ... ..G ..G ... ..T ..T ... C.T TCT ... ..A ..A ... ..T ... ... ..G ..C G.. ..T ... ..T ..T ..C ..C ..C ..C ..C ... ..A ..G ..C ... ... ..G ... ... ... ... ..C ... ... C.T ... ..T CGA GC. ... ... ..C ..C ... ..C G.A G.. G.. ... ... ... ..G G.. ..T ... ..T ... ..A ..A ..C ... ..T ..T ... G.C ..A ..A A.G .AG ... ... ... ... T.G TA. A.G ... ..G ... ... ..G ... ... ..G ... ... ... ... ..G ... A.. ..T ... ..T ..T ..T ..T ..A ..A ..A CTG ..C ..C ... ... ..C ..A ..C ... ..T ..A ..T ..T T.. ... ..A T.A ..A ... ... AA. C.T ..T .CA ..T ... ... ..C ..A ..C ..G ... ... ..G ..T ..T ..T ..T T.C ..A ..T A.A ..T ... A.A ..C TCC TA. ... ..G C.A ... A.. ... ..C ... ... ..T ... ... ..T ... ..T ..T ..T ... ..C ... ..C ... ..T ... ..T ... ..A A.T ... ..T ..T ..T ..T ..A ..A A.. ... ..C ... ... ... ..C .AT ... ..T ..T ... ... ..G ... ..G C.. ..G ... ... ... ..T ..T ..T ... ..A C.. ... ..A C.A ... ... ... ... ..C ... ..C ... ... ... 
Calb                            ... ... ... ... ... ... ... ... ... .G. ... ... ... ... ..T ..T G.T ..T ..T ... ... ... ..T ..A ... G.G ... G.. GAT ..G ..T ..T GAA GTA ..A ..C ..A ... ..A ..C .A. ... ... C.T ... C.T ... ... TCC TCA .CA ..C ..T ... CGC GCC ... ..C ... ... ..C ... G.. G.C G.. ... ... ... ACG A.. ..T ..T ..T G.A ..A ..A ... ... ... ... ..T ... T.T ..A A.A A.A ... A.A A.A TAT T.A GA. ..G ..G ..T C.. ... ... ..T A.C AGT A.G ... ... ... ... ..T ..T ... ..T ..T ..T ..A ..A ..A ..A ..A ATG ... ... ... ... ... AG. ... ..T ..T ..T A.T ... ... ... .TA ..A A.C ..C ..C AAC C.. ..T C.G ..T ..T ..T ... ... ... ... ... ... ..T A.T A.T ..T ..T T.T ..T ... A.T A.A ... A.A ... TCC ..G ... A.. T.A .CC A.. ... ... ... ..T ..T ... ..T ..T ... ... ACG ... ..T ... ... ... ..C AA. A.C ..A ..T AGT ..A ... ..A ..A ... GAA ..A ..A ... G.C ... GTG ..C ..A ..C ATA ..T ..T ... ... ... ..G ... ..G ..G ..G ..A A.G ... ..T ... .AT ..A ..A ..A ... ... ..A ... ... .A. ... ... ... ... ... ..C ... 

    2    2    1    1    2    2    3    1    2    2    3    1    1    1    3
    2    4    2    2    2    3    2    2    2    2    2    1    1    1    1
    1    1    3    1    1    1    1    1    2    2    1    3    1    1    2
    3    2    1    1    1    2    1    2    1    2    2    1    1    3    2
    2    3    1    1    1    2    1    1    1    1    2    2    3    2    1
    1    1    1    1    1    1    2    2    1    1    1    1    2    2    3
    1    2    2    1    2    2    1    1    1    1    2    1    2    1    2
    6    1    3    1    2    2    1    1    1    1    1    1    2    1    3
    1    4    2    2    1    2    2    2    1    3    2    1    1    3    1
    2    1    2    1    2    2    1    2    2    2    1    2    3    1    7
    1    1    1    1    2    1    1    2    1    2    2    2    1    1    1
    2    2    2    1    1    2    2    2    1    4    3    1    1    1    1
    1    2    1    1    1    1    1    1    1    1    1    1    1    2    2
    1    1    2    1    3    4    1    1    1    2    2    1    1    3    1
    1    3    1    1    1    1    3    3    2    1    1    3    1    3    1
    1    2    3    1    1    1    2    1    1    1    2    2    2    2    1


CODONML (in paml version 4.9j, February 2020)  temp.nuc
Model: One dN/dS ratio, 
Codon frequency model: Fequal
ns =   9  ls = 394

Codon usage in sequences
--------------------------------------------------------------------------------------------------------------------------------------
Phe TTT  12  10   9  10   8  12 | Ser TCT  16  11  10  14  12  14 | Tyr TAT   4   4   5   5  12   9 | Cys TGT   0   6   5   1   5   5
    TTC  11  13  14  13  12  12 |     TCC  10  16  10  11   7   9 |     TAC  16  16  15  15   8  13 |     TGC   6   0   1   5   0   0
Leu TTA  10   7  12  14   7   0 |     TCA   2   2   6   2   5   1 | *** TAA   0   0   0   0   0   0 | *** TGA   0   0   0   0   0   0
    TTG  12  13  10   9  12  16 |     TCG   2   0   4   3   2   5 |     TAG   0   0   0   0   0   0 | Trp TGG   3   3   3   3   3   3
--------------------------------------------------------------------------------------------------------------------------------------
Leu CTT   5   5   4   3   4   2 | Pro CCT   1   0   2   1   2   1 | His CAT   2   3   2   3  10   6 | Arg CGT   7   6   7   7   4   8
    CTC   0   0   0   2   0   0 |     CCC   2   3   0   2   1   0 |     CAC   7   7   8   7   1   3 |     CGC   0   0   0   0   0   0
    CTA   3   4   2   0   3   6 |     CCA   5   3   4   5   4   5 | Gln CAA   7   6   7   5  13   5 |     CGA   0   0   0   0   0   0
    CTG   0   1   2   2   4   2 |     CCG   0   2   0   0   0   0 |     CAG   4   4   3   5   1   4 |     CGG   0   0   0   0   0   0
--------------------------------------------------------------------------------------------------------------------------------------
Ile ATT  18  14  16  16  11   8 | Thr ACT  10   7   9  10   8   9 | Asn AAT   4   8   9   4  11   5 | Ser AGT   4   4   4   4   3   3
    ATC   3   5   5   5   3  11 |     ACC   1   6   1   0   7   1 |     AAC  13  11   8  13   7  13 |     AGC   0   0   0   0   1   0
    ATA   1   1   1   1   3   1 |     ACA   2   1   7   3   1   5 | Lys AAA  22  12  19  19  19  13 | Arg AGA  13  14  12  13  16  12
Met ATG   0   0   0   0   2   0 |     ACG   4   3   0   1   2   3 |     AAG  15  25  18  18  23  28 |     AGG   0   0   1   3   0   6
--------------------------------------------------------------------------------------------------------------------------------------
Val GTT  21  18  19  17   8  19 | Ala GCT  13  12   8  18   8   3 | Asp GAT  16  15  14  13  15  16 | Gly GGT  16  15  17  16  18  13
    GTC   2  11   6  10  11   8 |     GCC   6   4   9   3   6   4 |     GAC   6   5   5   8   6  10 |     GGC   5   5   5   5   2   4
    GTA   2   3   5   3   5   4 |     GCA   4   4   8   0   6   3 | Glu GAA  28  20  26  25  32  23 |     GGA   3   2   2   2   1   5
    GTG   9   4   3   4  10   3 |     GCG   0   2   1   2   3   7 |     GAG   4  14   9   8   1   9 |     GGG   2   4   2   3   5   4
--------------------------------------------------------------------------------------------------------------------------------------

--------------------------------------------------------------------------------------
Phe TTT   5  16  13 | Ser TCT   8  18   8 | Tyr TAT   1  15  18 | Cys TGT   1   2   4
    TTC  19   8   4 |     TCC   9   6   8 |     TAC  21   9   8 |     TGC   4   3   1
Leu TTA   1   4  12 |     TCA   0   9  12 | *** TAA   0   0   0 | *** TGA   0   0   0
    TTG   1  13  15 |     TCG  17   0   0 |     TAG   0   0   0 | Trp TGG   3   3   3
--------------------------------------------------------------------------------------
Leu CTT   2   1   0 | Pro CCT   1   2   1 | His CAT   6  10   9 | Arg CGT   0   6   5
    CTC   1   0   0 |     CCC   1   0   0 |     CAC   8   3   0 |     CGC   8   0   2
    CTA   5   9   0 |     CCA   4   4   5 | Gln CAA   2   6   8 |     CGA   3   2   1
    CTG  23   4   2 |     CCG   1   0   0 |     CAG   7   4   0 |     CGG  12   1   2
--------------------------------------------------------------------------------------
Ile ATT   4   6  17 | Thr ACT   0   9   4 | Asn AAT   3  10  13 | Ser AGT   0   3   5
    ATC  14  10   5 |     ACC   6   8   5 |     AAC  11   4   5 |     AGC   1   1   0
    ATA   0   3   5 |     ACA   0   3   6 | Lys AAA  12  16  24 | Arg AGA   3  12  17
Met ATG   2   2   3 |     ACG   9   2   3 |     AAG  24  21  10 |     AGG   4   2   0
--------------------------------------------------------------------------------------
Val GTT   7  19  17 | Ala GCT   2  12   9 | Asp GAT   1  12  32 | Gly GGT   9  11  23
    GTC   3   3   1 |     GCC   6   2  10 |     GAC  22   9   0 |     GGC  10   6   0
    GTA   2   2   2 |     GCA   2   8   3 | Glu GAA   6  20  27 |     GGA   3   1   0
    GTG  13   3   4 |     GCG  16   0   0 |     GAG  20  11   3 |     GGG   5   5   0
--------------------------------------------------------------------------------------

Codon position x base (3x4) table for each sequence.

#1: Scer           
position  1:    T:0.26396    C:0.10914    A:0.27919    G:0.34772
position  2:    T:0.27665    C:0.19797    A:0.37563    G:0.14975
position  3:    T:0.37817    C:0.22335    A:0.25888    G:0.13959
Average         T:0.30626    C:0.17682    A:0.30457    G:0.21235

#2: Sbay           
position  1:    T:0.25635    C:0.11168    A:0.28173    G:0.35025
position  2:    T:0.27665    C:0.19289    A:0.38071    G:0.14975
position  3:    T:0.35025    C:0.25888    A:0.20051    G:0.19036
Average         T:0.29442    C:0.18782    A:0.28765    G:0.23012

#3: Smik           
position  1:    T:0.26396    C:0.10406    A:0.27919    G:0.35279
position  2:    T:0.27411    C:0.20051    A:0.37563    G:0.14975
position  3:    T:0.35533    C:0.22081    A:0.28173    G:0.14213
Average         T:0.29780    C:0.17513    A:0.31218    G:0.21489

#4: Spar           
position  1:    T:0.26650    C:0.10660    A:0.27919    G:0.34772
position  2:    T:0.27665    C:0.19036    A:0.37563    G:0.15736
position  3:    T:0.36041    C:0.25127    A:0.23350    G:0.15482
Average         T:0.30118    C:0.18274    A:0.29611    G:0.21997

#5: Ncas           
position  1:    T:0.23604    C:0.11929    A:0.29695    G:0.34772
position  2:    T:0.26142    C:0.18782    A:0.40355    G:0.14721
position  3:    T:0.35279    C:0.18274    A:0.29188    G:0.17259
Average         T:0.28342    C:0.16328    A:0.33080    G:0.22250

#6: Cgla           
position  1:    T:0.25127    C:0.10660    A:0.29949    G:0.34264
position  2:    T:0.26396    C:0.17766    A:0.39848    G:0.15990
position  3:    T:0.33756    C:0.22335    A:0.21066    G:0.22843
Average         T:0.28426    C:0.16920    A:0.30288    G:0.24365

#7: Agos           
position  1:    T:0.22843    C:0.21320    A:0.23604    G:0.32234
position  2:    T:0.25888    C:0.20812    A:0.36548    G:0.16751
position  3:    T:0.12690    C:0.36548    A:0.10914    G:0.39848
Average         T:0.20474    C:0.26227    A:0.23689    G:0.29611

#8: Klac           
position  1:    T:0.26904    C:0.13198    A:0.28426    G:0.31472
position  2:    T:0.26142    C:0.21066    A:0.38071    G:0.14721
position  3:    T:0.38579    C:0.18274    A:0.25127    G:0.18020
Average         T:0.30541    C:0.17513    A:0.30541    G:0.21404

#9: Calb           
position  1:    T:0.26904    C:0.08883    A:0.30964    G:0.33249
position  2:    T:0.25381    C:0.18782    A:0.39848    G:0.15990
position  3:    T:0.45178    C:0.12437    A:0.30964    G:0.11421
Average         T:0.32487    C:0.13367    A:0.33926    G:0.20220

Sums of codon usage counts
------------------------------------------------------------------------------
Phe F TTT      95 | Ser S TCT     111 | Tyr Y TAT      73 | Cys C TGT      29
      TTC     106 |       TCC      86 |       TAC     121 |       TGC      20
Leu L TTA      67 |       TCA      39 | *** * TAA       0 | *** * TGA       0
      TTG     101 |       TCG      33 |       TAG       0 | Trp W TGG      27
------------------------------------------------------------------------------
Leu L CTT      26 | Pro P CCT      11 | His H CAT      51 | Arg R CGT      50
      CTC       3 |       CCC       9 |       CAC      44 |       CGC      10
      CTA      32 |       CCA      39 | Gln Q CAA      59 |       CGA       6
      CTG      40 |       CCG       3 |       CAG      32 |       CGG      15
------------------------------------------------------------------------------
Ile I ATT     110 | Thr T ACT      66 | Asn N AAT      67 | Ser S AGT      30
      ATC      61 |       ACC      35 |       AAC      85 |       AGC       3
      ATA      16 |       ACA      28 | Lys K AAA     156 | Arg R AGA     112
Met M ATG       9 |       ACG      27 |       AAG     182 |       AGG      16
------------------------------------------------------------------------------
Val V GTT     145 | Ala A GCT      85 | Asp D GAT     134 | Gly G GGT     138
      GTC      55 |       GCC      50 |       GAC      71 |       GGC      42
      GTA      28 |       GCA      38 | Glu E GAA     207 |       GGA      19
      GTG      53 |       GCG      31 |       GAG      79 |       GGG      30
------------------------------------------------------------------------------


Codon position x base (3x4) table, overall

position  1:    T:0.25606    C:0.12126    A:0.28285    G:0.33982
position  2:    T:0.26706    C:0.19487    A:0.38381    G:0.15426
position  3:    T:0.34433    C:0.22589    A:0.23858    G:0.19120
Average         T:0.28915    C:0.18067    A:0.30175    G:0.22843

Codon frequencies under model, for use in evolver (TTT TTC TTA TTG ... GGG):
  0.01639344  0.01639344  0.01639344  0.01639344
  0.01639344  0.01639344  0.01639344  0.01639344
  0.01639344  0.01639344  0.00000000  0.00000000
  0.01639344  0.01639344  0.00000000  0.01639344
  0.01639344  0.01639344  0.01639344  0.01639344
  0.01639344  0.01639344  0.01639344  0.01639344
  0.01639344  0.01639344  0.01639344  0.01639344
  0.01639344  0.01639344  0.01639344  0.01639344
  0.01639344  0.01639344  0.01639344  0.01639344
  0.01639344  0.01639344  0.01639344  0.01639344
  0.01639344  0.01639344  0.01639344  0.01639344
  0.01639344  0.01639344  0.01639344  0.01639344
  0.01639344  0.01639344  0.01639344  0.01639344
  0.01639344  0.01639344  0.01639344  0.01639344
  0.01639344  0.01639344  0.01639344  0.01639344
  0.01639344  0.01639344  0.01639344  0.01639344


TREE #  1:  (((((1, 4), (3, 2)), 5), 6), ((7, 8), 9));   MP score: 1169
This is a rooted tree.  Please check!
lnL(ntime: 16  np: 18):  -6191.844952      +0.000000
  10..11   11..12   12..13   13..14   14..1    14..4    13..15   15..3    15..2    12..5    11..6    10..16   16..17   17..7    17..8    16..9  
 0.166937 0.046121 0.606303 0.100640 0.124843 0.078682 0.000004 0.184843 0.324402 0.537684 0.653276 0.187930 0.303215 1.536873 0.402351 2.079981 1.990995 0.056068

Note: Branch length is defined as number of nucleotide substitutions per codon (not per neucleotide site).

tree length =  7.334086

(((((1: 0.124843, 4: 0.078682): 0.100640, (3: 0.184843, 2: 0.324402): 0.000004): 0.606303, 5: 0.537684): 0.046121, 6: 0.653276): 0.166937, ((7: 1.536873, 8: 0.402351): 0.303215, 9: 2.079981): 0.187930);

(((((Scer: 0.124843, Spar: 0.078682): 0.100640, (Smik: 0.184843, Sbay: 0.324402): 0.000004): 0.606303, Ncas: 0.537684): 0.046121, Cgla: 0.653276): 0.166937, ((Agos: 1.536873, Klac: 0.402351): 0.303215, Calb: 2.079981): 0.187930);

Detailed output identifying parameters

kappa (ts/tv) =  1.99100

omega (dN/dS) =  0.05607

dN & dS for each branch

 branch          t       N       S   dN/dS      dN      dS  N*dN  S*dS

  10..11     0.167   853.1   328.9  0.0561  0.0098  0.1746   8.4  57.4
  11..12     0.046   853.1   328.9  0.0561  0.0027  0.0482   2.3  15.9
  12..13     0.606   853.1   328.9  0.0561  0.0356  0.6341  30.3 208.6
  13..14     0.101   853.1   328.9  0.0561  0.0059  0.1053   5.0  34.6
  14..1      0.125   853.1   328.9  0.0561  0.0073  0.1306   6.2  42.9
  14..4      0.079   853.1   328.9  0.0561  0.0046  0.0823   3.9  27.1
  13..15     0.000   853.1   328.9  0.0561  0.0000  0.0000   0.0   0.0
  15..3      0.185   853.1   328.9  0.0561  0.0108  0.1933   9.2  63.6
  15..2      0.324   853.1   328.9  0.0561  0.0190  0.3393  16.2 111.6
  12..5      0.538   853.1   328.9  0.0561  0.0315  0.5623  26.9 184.9
  11..6      0.653   853.1   328.9  0.0561  0.0383  0.6832  32.7 224.7
  10..16     0.188   853.1   328.9  0.0561  0.0110  0.1965   9.4  64.6
  16..17     0.303   853.1   328.9  0.0561  0.0178  0.3171  15.2 104.3
  17..7      1.537   853.1   328.9  0.0561  0.0901  1.6074  76.9 528.6
  17..8      0.402   853.1   328.9  0.0561  0.0236  0.4208  20.1 138.4
  16..9      2.080   853.1   328.9  0.0561  0.1220  2.1754 104.1 715.5

tree length for dN:       0.4301
tree length for dS:       7.6704


Time used:  0:09
