      9    975

Scer                            GAT AAG TCT GTT GGA ATA GAG AAA CGT TAT TCA AAA AAC AGA GAT AAG CAA AGA TCA AGA TTG GGC CCA GGA ATT TTT TCT AAA CAA AGA AAG AAC AGA GAT GAG GAC ACT GAC TCA GAA AAA TTC CAA AAC TCC AAG AGT GAA CTA CAG GAA CAA GAA GCC AAG AAA GAT TCT AAC CGT GAT TAC ACC GGG TCT ACC AAC GGT CAG TCT AAG CAA TCT GAA AGA AGA AGA TAC CAA AGA ATC ATT TCA AAG GAT TAT AAC TTT AAT AGG GTG AGG AGA CAA AAA CGA GAC AAT TCT GAT CCA GAA GAA AAG AAT GTC GGA AAT AAC CAA GAA AAG GGC GAA CAA AAA ATT ATT GAC CCC TAC ACC CTA AAC GGT GAG TAC GAA AGT TTG AGG CAA TCC GAA ATT GAA AGA GAT GAC CAA CAA GAT GAA AAC GAC AAA GCT CGT GAT GAG AGA GCA AAG CAA TGG CAG AAA CGT GAC AGG CAA CAG CGA GAC CAA CGT AAG AAA GAC ACT AAG GAA AAC GGT CAG AAA AAG GAT TCT CAA AAC GAC ACT AGG TCT GAT AAA ATT CAG AAT AAC TTA AGA GAT CGT AAA GAT CTA AAG AAC CAG GAT GAT GAT AAG AAG AAA AAT CAG AAT AGA CGT CTA CGT AAG AAA GAT TAT GAC AGT CAG AGG GCC ATT AAT AAG AAC TTG AAA AAG AAC AAC AAC AAC CTT GTG AGA ACT GAA AAA AAG AAA ACA GGG AAG TCT CGT CGC AAG AAG GTT GAT GCT GAT AAC AGG TTC AAG AAT TCT GAC GAT GCA AAG AAT AAC AGG AAG GAG TAT AAC TTG CAA AAT GAC AAC AAG GAA GAA TTC CTT AAA AAG GTG AAG GAT GAC AAT CTA GCC GAC AGG CGT ATA AAG AGA TTG AAC AGC GCC AGA AGA AGA AAC CAA TCT GAC CCA AAA ACG AAA ATT CTC GCC AAA AAA GAT GAT AAT AAG AGA AAG GCT AGT GAC 
Sbay                            GAC AAG TCT GCC GGA ATA GAG AAA CGT TAT TCT AAA AAC AGG GAT AAG CAA AGA TCA AGA CTA GGC CCA GGA ATT TTT GCC AAA CAA AGG AAG AAC AGA GAC GAG GAT CAT TTA ACC GAA AAG TTC CAA AAC TCT AAG AGT GAA CTA CAA GAA AAC GAA GCT AAG AAA GAT TCT AAC CGT GAC TAC ACG GGG TCT ACG GGT GGG GAA TCT AAA AAC TCT GAA CGT AGA AGA TAC CAA AGA ATC ATC TCT AAA GAT TAT AAC TTT AAT AGA GTT AGA AGA CAA AAA CGT GAC AAC TCT GAT CCA AAA GAA AAA AAT GTC GGT AAC AAC CAA GAG AAA GGC GAA CAA AGG ATC ATT GAT CCT TAC AAT CTG AAC GGT GAA TAC GAA AGT CTG AGA CAA TCT GAA ATT GAA AGA GAA GAC CAA CAA GAT GAA AAC GAC AAA GCT CGT GAT GAG AGA GCA AAG CAA TGG GAA AAA CGT TTA AGA CAA CAA CGA GAT CAA CGT CGA AAA GTC ACC AAG GAT AAC GGG CAA AAA AAG GAT TCT CAA AAC GAA ACC CGA TCT GAT AAA ATC CAA AAT AAC TTG AGA GAT CGC AAG GAC CTA AAA AAC CAA GAT GAT GAT AAG AAG AAA AAC CAA AAC AGA CGT CTA CGT AAG AAA GAC TAC GAA AGC CAA AGA GCC ATC AAC AAG AAC TTA AAA AAA AAA AAC AAC AAC CTT GTT AGA CAT GAA AAA AAG AAG ACA GGG AAG TCT CGC CGC AAG AAG GCC GAT GCC GAT AAC AGA TTC AAA AAC CCT GAC GAT GCA CGA AAC AAC AGA AAG GAG TAT AAC CAA CAA AAC GAC AAC AAG GAG GAA TTC CTC AAG AAA GTT AAG GAT GAC AAT CTG GCT TTA CGA CGC ATA AAG AGG TTA AAC GGT TCA AGA AGA AGA AAC CAA TCA TTA CCA AAA ACA AAA ATT CTG GCT AGG AAG GAT GAC AAC AAG AGA AAA GCC AGT GAT 
Smik                            GAT AAG TCC GCT GGA ATA GAG AAA CGT TAT TCG AAA AAC AGG GAT AAG CAA AGA TCA AGA TTG GGA CCG GGA ATC TTC TCT AAA CAA AGA AAG CAA AGA GAT GAG GAC GCT GAT TCA GAA AAA TTC CAA AAC TCC AAG AGT GAA TTA CAA GAG CAA GAA GCT AAG AAA GAT TCT AAC CGT GAT TAC ACT GGG TCC ACT AGC GGA GAG TCT AAG CAA TCT GAA AGC AGA AGA TAT CAA AGA ATT ATT TCG AAA GAT TAT AAC TTT AAT AGA GTG AGA AGA CAA AAG CGA GAC AAC TCT GAT CCA GAA GAA AAA AAT GTC GGT AAC AAC CAA GAG AAG GGC GAA CAA AAA ATC ATC GAT CCT TAT AAC CTA AAC GGT GAA TAT GAA AGT TTG AGA CAG TCC GAA ATC GAA AGA GAA GAC CAA CAA GAT GAA AAC GAC AAA GCT CGT GAT GAG AGA GCA AAA CAA TGG GAG AAA CGT GAT AGA CAA CAG CGA GAC CAA CGT AAG AAA GGT ACT AAG GAA CAA GGA CAG AGA AAG GAT TCC CAG AAC GAA ACT AGG TCC GAT AAA ATT CAA AAT AAC TTG AGA GAT CGT AAA GAT TTA AAG AAC CAG GAT GAT GAT AAA AAA AGA AAT CAG AAC AGA CGT TTA CGT AAA AAA GAC TAT GAA AGT CAT AGA GCT ATC AAC AAG AAC TTG AGA AAA AAC AAC AAC AAC CTT GTG AGA GCT GAG AAA AAA AAA ACA GGG AAG TCC CGT CGC AAA AAG GCT GAT GCT GAT AAC AGA TTC AAA AAC TCG GAC GAT GCA AAG AAT AAC AGA AAG GAG TAT AAC CTG CAA AAC GAC AAC AAG GAA GAA TTC CTT AAA AAA GTG AAG GAT GAC AAT CTA GCT GAT AGG CGT ATA AAG AGA TTG AAT AAC TCT AGA AGA AGA AAC CAA TCT GAT CCA AAA ACG AAG ATC CTG GCT AAA AAA GAT GAT AAT AAG AGA AAG GCT AGT GAC 
Spar                            GAT AAG TCT GCT GGA ATA GAG AAA CGT TAT TCT AAG AAC AGG GAT AAG CAA AGA TCA AGA TTG GGC CCA GGA ATT TTT TCT AAG CAA AGA AAG CAA AGA GAT GAG GAC AAT GAC TCC GAA AAA TTC CAA AAC TCC AAG AGT GAA TTA CAA GAA CAA GAA GCC AAG AAA GAT TCT AAC CGT AAT TAC ACT GGG TCT ACT AAC GGC GAA TCC AAG CAA TCT GAA AAC AGA AGA TAC CAA AGA ATC ATT TCT AAA GAT TAT AAC TTT AAT AGG GTG AGA AGA CAA AAA CGA GAC AAC TCT GAT CCA GAG GAA AAA AAT GTC GGC AAC AAC CAA GAA AAG GGC GAA CAG AAG ATC ATT GAT CCT TAC AGC CTA AAC GGT GAA TAC GAA AGT TTG AGA CAA TCC GAA ATT GAA AGA GAT GAC CAA CAA GAT GAA AAC GAC AAA GCT CGT GAT GAT AGA GCA AAG CAA TGG GAA AAA CGT GAC AGA CAG CAG CGA GAC CAA CGT AAG AAA GGT ACT AAG GAA CAA GGC CAG AAA AAG GAT TCT CAA AAC GAA ACT AGG TCT GAT AAA ATT CAA AAT AAC TTA AGA GAT CGT AAA GAT TTA AAG AAC CAG GAT GAT GAT AAG AAA AAA AAT CAG AAT AGA CGT TTA CGT AAG AAA GAT TAT GAA AGT CAG AGA GCC ATC AAT AAG AAC TTG AAA AAA AAC AAC AAC AAC ATT GTG AGA AAT GAG AAA AAG AAA ACA GGG AAG TCT CGT CGC AAG AAG GCT GAT GCT GAT AAC AGG TTC AAA AAC TCT GAC GAT GCA AAG AAT AAC AGG AAG GAG TAT AAC TTG CAA AAT GAC AAC AAG GAA GAA TTC CTT AAA AAA GTG AAG GAT GAC AAT CTA GCC GAC AGG CGT ATA AAG AGA TTG AAC AGT TCT AGA AGA AGA AAC CAA TCC GAC CCA AAA ACG AAG ATT CTG GCC AAG AAA GAT GAT AAT AAG AGA AAG GCT AGT GAC 
Ncas                            GAT AAG AAT TCT GGA ATA GAC AAG CGT TAC TCG AAG AAT AGG GAT GAA CAA AGA GCA AGA ATC GGT CCA GGA CTT TTT CAA AAG CAG CGA AAG AAC AGA GAT GCT GAC TCA TTG TCC GAA AAG TTC CAA AAC TCT AAG AGT GAA TTG CAA CAA AAC GAA GCT GAA AAA GAT TCA AAC CGT GAT TAC TCA GGT AAT TCA ATT GGT TCG TCT AAG AAC TCA GCA CGT AGA AGA TTT CAA AGA ATT ATT TCG GAA GAC TAC AAT TTC GAT AGA GCT AGA AGA CAA AAG CGT GAA AAT ACA GAT CCT AAG GAA GAA AAT GTT GGT AAT AAT CAA GAA AAG GGC GAA CAA ACT ATC CTT GAT CCA TTT CAT TTG AAC GGG GAG TTT GAG AGT TTG AAG CAA TCT GAA CTT GAA AGA GAG GAC CAG CAA GTG GAA AAT GAC AAA GGT AGA GAC GAA AGA GCC AAA CAA TGG TCG AAG CGT TTG AGA CAA CAA CGA GAC CAA CGT CAA AAA GTC ACC AAG GAA AAC GGT CAA AGG AAG GAT AAT CAA AAT GAA ACC AGG AAT GTG AAG ATT CAA GAT AAT TTA AGA GAT CAT TCC GAT TTG AAG AAT CAA GAT GAC GAT AAA AAA AGG AAT CAA AAT AGA AGA TTG AGA AAG AAA GAC TAT GAA GGT AAA AGA GCC ATC AAT GAA AAC TTA AGG GAA AAC AAT AAT AAC ATA GCT AGA TCA GAA AAA AAA AAG GTA GGT AAG AAT CAT AGG AAG AAG TCT GAT GCT GAT AAC CGT TTC AAA AAT TCT GAC GAT GCG CAA AAT GAA AGA AAG GCT TAC AAC GAC CAA AAT GAC AAC GAA GAG GCA TTC CAA CGT AAA GCT AAG GAC GAC AAT TTG GCT TTG AGG CAT ATA AAG CGA TTA AAC AAT GGT AGA AGA AGA AAT CAA TCC TTG CCA AAG ACG AAA CTT TTG GCT ACT AAG GAT GAT AAT AAG AGA AAG GCT AGT GAC 
Cgla                            GAC AAA GAA TTT GGT ATT GAG AAG CGT TAT TCT AAG AAA AGA GAT CCT CAA AGG GCC CGT CTA GGA CCA GGT GTG TTT AGC AAG CAA AAA AAG AAC AGA GAC CAA GAC AGT TTA TCC GAG AAA TTT CAA AAC TCT AAG AGT GAA TTG CAG GAA AAC GAG GCT CCT AAG AAC TCT AAC CGT GAC TAT AGC GGT GAA AGC GGA GGT GAT TCC AAG AAC TCT GAA AGA AGA AGA TAC CAG AGA ATT ATT TCT AAG GAG TAT AAA TAC AAC AGA GTA AGA AGA CAA AAG CGT GAC AAC TCT AAC CCA CAA GAA AAG GTG TTG GGT AAC AAC CAA GAA AAG GGG GAA GAT GAA ATC GTG GAT CCA TAC CAA CTA AAC GGT GAA TAC GAG AGT TTA AGG CAA TCT GAG GTG GAA AGA GAT GAT CAA CAA ATT GAG AAA GAT AAG GGT AGA GAT AGC CGT AGT AAG CAA TGG GAT GAA CGT TTA AAG GAT CAA CGA GAT CAA CGT CAG AAG GAG ACA AAG GAG AAC GGT CAA AGA AAG GAT GAA CAA AAA GAG ACA AAG GAA ATT CAG ATT CAG AAC AAC TTG AGA GAT AGA AGA GAC TTG AAG AAC CAA AAC GAG GAT AAG AAG AGA AAA CAA AAA AGG AGG TTG AGA AAG AAG GAA TAT GAG AGC AAG AGA GAG ATC AAA CCT AAC CTG AGA AAG AAG AAC AAC AAC TAT GTA AGA AGT GAG AAG AAG AAA GCG GGT AAG GAA AGA CGG AAA AAG TTT GAT GCT GAT AAC CGT TTT AAG AAC TCT GAC GAT GCA CAG AAA GAC AGA AAG CAA TAT AAC CAG CAA AAA GAC AAC CCT GAG GAA TTT AAG CGA AAG GTA AAG GAG GAT GTG CTA GCT TTA AAG AGA ATT AAG AAA CTG AAC GGT AGC AGA AGA AGA AAC CAA TCT TTA CCG GAA ACT AAA GTG CTC GCT GAA AAA GAT GAC AAA AAG AGA AAG GCT AGT GAT 
Agos                            GAT CGA AAT TCC GAA ATT ACA CAC CGT TAC TCG AAG CAC CGC GAC AAG CAG AGG GCT AAG CTG GGA CCA GAA ATG TTC CCG AAG GAG CAG AAG AAC CGG GAT GAG GAC ACG TTA GCT GAG AAG TTC CAG AAC TCT AAG AGC GAA CTG CAG GAA AAC GAG GCG AAG AAA AAT TCG AAT CGT GAC TAC GCA GGC AAT GCA AAC GGG CCC TCC AAG AAC TCG GAA CGG AGA CGC TAT CAG CGT ATC ATC TCG CGC GAC TAC CAC TTT GAC AGG GGG CGC CGC CAG GCG CAT GCG AAC TCC AAT CCC CGA GAA CGC CAG TTG GGT AAC AAC CAG GAG AAG GGG GAA CAG GAT ATC ATG GAC CCA TAT CCT CTG AAT GGC GAG TAT GAG AGC TTG CGC CAG TCT GAG ATG GAG AGA GAG GAT GAG CAG ATT GAG CAC GAT AAA TAT CGC GAT GAT AAG TCC AAG CAG TGG CCC AAA CGG TTA GCC CAG CAG CGC GAT TCG CGG CGG AAA GAG ACC AAG GAA AAC GGG CAG CGC AAG GAT AAT CAG CAC GAG ACC CGC AAT ATT AAA ATC CAG GAC AAC TTA CGG GAT CGG GAG GAT CTG AAG AAC CAG AAT GAC GGC AAG AAG CGC AAG CAG CAC CGA AAG CTG CGC AAG AAA GAC TAC GAG AGC GCA CGC GCA ATC CAC AAG AAT TTG CGC CGC AGA AAC AAC AAT CTC GGG AGA ACG GAG AAA AAG AAG ACG GGC AAG AAT CGG CGC CAG AAG TCC GAC GCA GAT AAC CGG TTC AGC AAC TCG GAC GGC TCC CGG AAG GAC AGG AAG GAG TAC AAT GAG TCG CAC GAC AAC AAG GAG GAA TTC GAC AAA AGC GGG AAG GAC GAT CAG CTG GCG TTA CGC CGG ATT AAG CAG TTG AAC GGT TCC AGA CGC AGA AAC CAG TCG TTA GCG AAA ACG AAA ATG CTT GCG GAT AAG GAT GAC AAG AAG CGC AAG GCA AGC GAT 
Klac                            GAT AAA GAA AAG GAG ATT AAC ACA CGT TAC TCC AAG AAC AGG GAT AAG CAA AGA CCA AAG TTA GGC CCA GAG ATC TTT AAG AAG GAT CAA AAG AAC AGA GAT GTG GAC TCA GAT GCT GAA AAA TAC CAA AAC TCC AAG AGC GAA CTA CAA CAA AAC GAA GCT AAG AAA AAT TCC AAC CGT GAC TAC GCT GAT GAA GCT GCT GGT CAG TCT AAG AAC TCC GAA ACA AGA AGA TAT CAA CGT ATC ATC TCC AAG GAC TAC AAC ACC AAC AGA GTT AGA AGA CAA GAC CGT ACC AAC TCT AAT GAT GAA GAA AAG CAG GTT GGA AAC AAC CAA GAG AAG AGT GAA AAC GAC ATC ATC GAT CCA TAT TCT TTG AAC GGT GAA TAT GAA AGC TTG CGT CAA TCC GAG ATC GAA AGA GAC GAC GAT CAA CTC GAG AAC GAC AAA GCA AGA TAC GAT AAG AAG AAA CAA TGG CAG AAG AGA GAT ATG AAC CAA AGA GAT ACA AGA AGG AAA GAG ACT AAG GCA AAC GGT CAA AGA AAG GAC GAA CAA AAC GAA ACT AGG GAA CTC CAC ATC CAA AAC AAT TTG AGA GAC ACG AAG GAT CTA AAG AAC CAA AAT GAC AAT AAA AAA AGA CAG CAA AAC AGA AGT CTA AGA AAG AAG GAG TAC GAA TCG GAT AGA GAG ATC AAC AAG AAC TTA AGA AAG AAA AAC AAC AAC GCT GTT AGA TCA GAG AAA AAA AAA ACC GAT AAG GAA ACG AGA CAA AAG AAG GAT GCC GAT AAC CGC TAC AGG AAC TCG GAT AAT GCA AGG CAG GAT AGA AAA GTG TAC AAC GAG ACA AAC GAC AAC AAG GGC GAA TAC CAG AAG AGG GTT AAG GAC GAC CAG TTG GCT GAT AGG ACG ATT AAG CAA TTA AAT AAC AGT AGA AGA AGA AAC CAA TCT GAT CCA AAG ACG AAA ATC TTG GCT GAC AAA GAT GAC CAG AAG AGA AAG GCC AGC GAT 
Calb                            TCT AAA AAT AAT GAA ATT ACT AAT CGT TAT CCA AAA AAC AGA GAT AAA CAA AGA GAA AAA ATT AAT CCT GAA ATG TTT GAA AAA AAG AAA GCT AAC AGA TCT GAT GAT TTG GAT GGT GAA AAA CAT CAA AAC TCT AAG AGT GGA TAT CAG GAG AAC GAA GCT AAA AAA AAT AAT AAT CGT ACT TAT CAA GGT AAT CAA CCT GGA CCA GCT AAA AAC AAT GAA CTA AGA AGA TAC CAG AGA TTA TTA CCA AAA GAT TAT AAC CAT TCC AAA TTG AGA AGA CAA GCA TCA GAA AAT TCA AAT CCT TTT GGA AAA CAA GTT GGT AAT AAT CAA GAA AAA GGA GGA CAA AAA ATT ATG GAC CCA TAC GGT TTG AAT GGT GAA TAC GAA AGT TTA AAG CAA TCT CAG ATG AAT AGA AGT GAT AAG CAA AGT CAG AAC GAT AAA ACT AGA GGG CAG AAA ACC AAA CAA TGG CCA CAG AGA GAT AAA CAA CAA CGA GAA CCG AGA CGA AAA GAA ACT AAA CAA AAC GGA CAA TGG AAA GAT AAT GCT AAC GAA ACT GGA AAT AGT AGA TTA CAG TCC AAT TTG AGA GAT CAT GAT TCT TAT AAA AAT CAA AAT GAT CCT AAA AAA TGG AAG CAA AAC AGA AGT TAT AGA AAG AAG AAT TAT GAA GGA TCT AGA GAA ATT AAC AAA AAT TTG TGG AAA AAA AAT AAT AAT AGT TTG AGA TTG GAA AAA AAA AAA ATT GGT AAA AAT CAT AGA AAA AAA AAT GAT TCA GAT AAC AGA CAT AAA AAT TCT GAA CCT GCT CGA AAG GAT AAA AAG GAT TAT AAT TTG CCG AAC GAC AAT AAA GAG GAA CAT ATT AAC AAA TTG GCT GAT GAT CAA TTG GCT GAT GGA CAT ATT AAG AAA TTG AAT AAT TCA AGG AGA CGT AAT CAA TCT GAT ATC CAG TCC TCA ATG TTC GCT AAA AAA GAT GAT AAG AAA AGA AAA TCA AGT GAA 



Printing out site pattern counts


         9        552  P

Scer                            AAA AAA AAA AAA AAA AAA AAA AAA AAA AAA AAA AAA AAA AAC AAC AAC AAC AAC AAC AAC AAC AAC AAC AAC AAG AAG AAG AAG AAG AAG AAG AAG AAG AAG AAG AAG AAG AAG AAT AAT AAT AAT AAT ACA ACC ACC ACG ACT ACT AGA AGA AGA AGA AGA AGA AGA AGA AGA AGA AGA AGA AGC AGG AGG AGG AGG AGG AGG AGT AGT ATA ATC ATT ATT ATT CAA CAA CAA CAA CAA CAA CAA CAA CAG CAG CAG CAG CCA CCA CCA CCC CGA CGA CGC CGT CGT CGT CGT CGT CTA CTA CTC CTT CTT GAA GAA GAA GAA GAA GAA GAA GAA GAA GAA GAA GAA GAC GAC GAC GAC GAC GAC GAC GAC GAC GAC GAG GAG GAG GAG GAT GAT GAT GAT GAT GAT GAT GAT GAT GAT GAT GAT GAT GCA GCA GCC GCC GCC GCT GCT GGA GGA GGC GGC GGG GGT GGT GTC GTG GTT TAC TAC TAT TAT TCA TCA TCA TCC TCT TCT TCT TCT TCT TCT TCT TGG TTA TTC TTG TTG TTG TTG TTT TTT 
Sbay                            ... ... ... ... ... ... ... ... ... ..G ..G ..G .GG ..A ... ... ... ... ... ... ... ... ... GGT ..A ..A ..A ... ... ... ... ... ... ... ... ... ... CGA ..C ..C ..C ... ... ... .AT ..G ..A ..C CA. ... ... ... ... ... ... ... ... ... ..G ..G C.T G.T ..A ..A ..A ..A ..A C.A ..C ... ... ... ..C ..C ... A.C ... ... ... ... ... ... ... ..A ..A ..A G.A ... ... ... ..T ... ..T ... ..C ... ... ... ... ... ..G ..G ..C ... A.. ... ... ... ... ... ... ... ... ..G ..G ..T ..A ... ... ... ... ..T ..T ..T .T. TTA ..A ... ... ... ..A ..C ..C ..C ..C ... ... ... ... ... ... ... ... ... ... ... ..T T.A ..C ... ... ..T ... ... ... ..G ... ... ..T .CC ... ... ..C ... A.C ... ..T ..T C.. G.C ..A ... ... ... ... ... ..G ... CAA C.A C.. ..A ... ... 
Smik                            ... ... ... ... ... ... ..G ..G .G. ... ... ... ... ... ... ... ... ... ... ... ... ..T C.A .G. ..A ..A ... ..A ..A ..A ..A ... ... ... ... ... ... ... ..C ..C ... ... ... ... .A. ..T ... ... G.. ... ... ... ... ... ... ... ... ... ... ..G ..C .A. ..A ..A ..A ..A ..A ... ... ... ... ..T ..C ... ..C ... ... ... ... ... ... ..G ..G ..A ... ..T G.. ... ... ..G ..T ... ... ... ... ... ... ... ... T.. ... ..G ... ... ... ... ... ... ... ... ... ..G ..G ... ..G ... ..A ... ... ... ... ... ... ..T .GT ..T ..A ... ... ... ..A ..C ... ... ... ... ... ... ... ... ... ... ... ... ... ..T ..T T.T ... ... ... ..T ..A ... ... ..A ... ... ... .C. ... ..T ... ... ... ... ..G ... ..G ... ... ..C ... ... ... ... ..G ... C.. ... ... ... ..C ... 
Spar                            ... ... ... ... ... ..G ... ..G ... ... ... ... ..G ... ... ... ... ... ... ... ... ... C.A ... ..A ..A ... ..A ... ... ... ... ... ... ... ... ... ... ..C ... ... ... ... ... .G. ..T ... ... .A. ... ... ... ... ... ... ... ... ... ... ..G .AC ..T ..A ..A ..A ... ... ... ... ... ... ... ..C ... ... ... ... ... ... ... ..G ... ... ..A ... ... G.A ... ... ... ..T ... ... ... ... ... ... ... ... T.. ... ..G ... A.. ..G ... ... ... ... ... ... ... ..G ... ... ... ..A ... ... ... ... ... ... ..T .GT ... ..A ... ... ..T ... ... A.. ... ... ... ... ... ... ... ... ... ... ... ... ... ... T.T ... ... ... ..C ... ... ... ..C ... ... ... .C. ... ... ... ... ..C ... ..T ... ... ... ..C ... ..C ... ... ... ... ... ... ... ... ... ... ... 
Ncas                            ... ... ..G ..G ..G ..G ..G ... .GG ..G CGT TCC .CT ... ... ... ... ..T ..T ..T G.A ... ... .TT ..A G.A ... ..A ..A ... ... ... ... ... ... ... G.A C.A ... ... ... ... G.. GT. CAT T.A ... ..C T.A ... ... ... ... ... ... ... ... ... C.. ..G C.T .AT .A. ..A ..A ..A C.T ... G.. ... ... ..T ..C ... C.. A.C ... ... ... ..G ... ... ... ..A ..A A.A TC. ... ..T ... ..A ... ..T A.G .A. A.A A.A ... ... T.G T.G T.G .AA A.A A.G ... ... ... ... ..G .C. C.. ... ..G ... ... ..A ..A ... ... ... ... ... ..T .T. TTG ... ..C .CT ..A ..G ..C ... ... ... ..C ..C ... ... ... ... ... .TG ..C ..G ... ..T .GT ... .G. ... ..T ..T ... ..T ... ..G ..T .CT TC. ... .TT ... ..C ..C G.. ..G ..T ... CAA ..C AA. ... A.A ..A ... ... ... GAC A.C ... ..A ... ..C 
Cgla                            ..G ..G ..G C.G G.. ..G ..G ... .G. ... CG. .G. G.. ..G ... ... ... ..A ... ... G.. ... ... GGA ... ... ... ... ... ..A ... ..A ... ... ... ... CCT C.. ..C ..A ..A GTG ..C G.G CAA .G. ..T ..A .G. ... ... ... ... ... ... ..G ..G C.T .A. ... ... G.T ... .A. ..A ..A C.T .A. ..C ... ..T ..T ..C ... G.G A.C ... ... ..G ... G.T ... ... ... ..A A.. G.T ..G ... ... ..A ... ..T ..G A.A A.A A.G ... ... T.G ... ... AAG TA. C.. ... ... ..G ..G ..G ... ... ..G ..G ... ..G ..G ... ... ... ..T ... ..T ..T ..G TTA ..A ... C.A AGC ... ..A ..C ..C ..C ..G ... A.C ... ... ... ... AT. AGT ... .AG ..T AG. ... .G. ..T ..T ..A ..G ..T ... ... T.G ..A T.. ..T ... ... ... ..C G.C ..T ..T ... AGC ... GAA ..C ... ... ... ..G ..T CA. C.A ..A C.. ... .AC 
Agos                            ... ... C.C ... ... ..G GCG ... CGC ..G ... G.G G.T .GA ... ... ..T C.. ... ... G.. ... ... ... .GC CGC ... ... ... C.. ... CGA ... ... ... ... ... CG. ..C C.C ..G C.G G.C ..G C.T G.A ... ..C ..G ... ... ... C.C C.G C.T ..G C.. .AG CAG C.C C.G G.T C.C GCC C.C ... C.. C.C ..C ..C ..T ... ..C ..C ..G A.C ..G TCG ..G G.G ..G ..G ..G ... ... GCA .CC G.G ..C ... ..A ..C .AT ... ..G ..C AAG ..G ... ..G ..G ..T GAC ..C CG. ... ..G ..G ..G ..G ... ... ..G ..G ..G ... ..G .CG ... ... ..T ... ..T ... ..G TTA ... ACA ... ..T ..G ..C ..C ..C ... ..C ... A.. ..C ... ... .GC AT. T.C T.C ..A ..G T.. ..A TA. .A. ..T ..A ..G ..C ..G ..C T.G .G. TCC ... ..T ..C ..C G.T G.T ..G ..T ..G C.G ..G AA. ..C ..C ..G ... ... ... GA. C.. ... ... ..C ... 
Klac                            ... ..G .C. C.C ..G ..G G.C ... .G. ... ..G ..G G.C ..A ... ... ... ... ... ..T G.T ..T ... GCT .G. ... ... ..A ..A C.A ... ..A ..A ... ... ... ... .G. ..C ..C C.G C.G ..C ..C T.T G.T ... ... T.A ... ... ... ... ... C.T ... ... .AG CA. ..G .C. .A. C.T .T. ..A ..A C.C ... TCG ..C ..T ... ..C ..C ..C A.C ... AC. ... G.T A.C ... ... ..A ..A G.T ... ... GAT ... ..A A.. ..T A.A ACG A.A A.. A.A ... ... T.G T.G .AG GC. ... ... ... ... ..G ... ... C.. ..G .GC ..G .C. ..A AC. ... ..T ... ... ..T ..T ..G ..T ..A A.C .T. ..T ..C ..G ..C ..C ... ..C T.C A.. ... ..C ... A.. CTC AAG ... .AG ..T AGT ..C ..A .AG ... ... A.T .AT ... ... ..T ..T AAG ... ..T ..C ..C G.T C.. ..C ... ..G AAG ... GAA ... ... ..C ... ..G .A. GA. ..A ... ..A ... ACC 
Calb                            ... ..G ..T .G. C.G ... GC. TC. TGG ... ..C G.T ... ..A ... ..T ..T ... ..T ..T G.T ..T ... CCT ..A ..A ..A ..A ..A ..A ... ..A ... ..A ... GCT ..A CGA ... ..C ..G C.A TCC .TT GGT CAA T.C ... TTG ... ..G C.T ... ... ... ... ... .A. .A. ... CT. .AT .A. .AA ..A .AA ..A G.A G.A ... ..T T.A ... T.A ..G A.C ... .CG ..G A.G ... ... GCT ... ..A TCT .CA ATC ..T ..T ..A ... TC. A.A .A. A.A A.. A.A ... TAT T.G T.. A.. AG. TTT .G. A.T ... C.G ... ... ..G ... ..G ... C.. ..A ..A ... ..A ..T ..T ..A ... ..A ..T ..A ACT ..T C.. AG. A.. AC. ... TC. ... .GG A.. ... ... ... CC. AG. A.C ..T .AA ..T T.A T.A A.. .A. ..T AAT ..A ..T ..A ... ..T T.. AA. ..T ... ... ... GGT GA. C.. ..T ... GAA ... AA. G.. ..A AA. ... ..G CAT ... A.T ..A ... ... CA. 

    4    1    1    1    2    2    1    1    3    3    1    1    2    1    2
    1    5    4    5    1    1    1    2    1    2    3    4    1    3    1
    1    1    1    5    2    2    4    2    3    3    3    2    2    1    1
    2    1    2    2    3    1    1    4    2    1    1    1    2    2    1
    1    1    1    1    2    2    1    2    1    3    2    1    2    2    4
    2    7    2    1    2    2    1    1    2    4    1    2    1    1    1
    1    1    1    1    3    2    1    2    2    3    2    1    1    1    1
    3    1    2    2    1    2    1    1    1    1    1    2    1    1    1
    3    1    2    1    1    4    1    1    2    1    1    1    1    1    3
    3    1    3    2    2    2    2    2    1    1    1    3    1    2    1
    2    1    1    1    2    2    1    1    3    2    1    3    1    3    1
    1    2    2    1    1    1    5    1    1    2    1    1    3    1    1
    1    2    1    1

CODONML (in paml version 4.9j, February 2020)  temp.nuc
Model: One dN/dS ratio, 
Codon frequency model: Fequal
ns =   9  ls = 325

Codon usage in sequences
--------------------------------------------------------------------------------------------------------------------------------------
Phe TTT   2   2   1   2   4   6 | Ser TCT  12  13   7  13   6   9 | Tyr TAT   4   3   7   4   1   6 | Cys TGT   0   0   0   0   0   0
    TTC   3   3   4   3   4   0 |     TCC   2   0   7   5   3   2 |     TAC   4   5   1   4   4   4 |     TGC   0   0   0   0   0   0
Leu TTA   1   6   3   4   3   5 |     TCA   4   3   2   1   6   0 | *** TAA   0   0   0   0   0   0 | *** TGA   0   0   0   0   0   0
    TTG   5   1   5   5  11   5 |     TCG   0   0   3   0   4   0 |     TAG   0   0   0   0   0   0 | Trp TGG   1   1   1   1   1   1
--------------------------------------------------------------------------------------------------------------------------------------
Leu CTT   2   1   2   1   4   0 | Pro CCT   0   2   1   1   1   4 | His CAT   0   2   1   0   4   0 | Arg CGT  10   9  10  10   8   8
    CTC   1   1   0   0   0   1 |     CCC   1   0   0   0   0   0 |     CAC   0   0   0   0   0   0 |     CGC   1   4   1   1   0   0
    CTA   5   4   2   2   0   3 |     CCA   3   3   2   3   3   3 | Gln CAA  18  24  20  20  25  21 |     CGA   2   5   2   2   3   2
    CTG   0   4   2   1   0   2 |     CCG   0   0   1   0   0   1 |     CAG   9   0   6   7   2   7 |     CGG   0   0   0   0   0   1
--------------------------------------------------------------------------------------------------------------------------------------
Ile ATT   8   4   3   7   4   7 | Thr ACT   4   0   4   4   2   1 | Asn AAT  13   5   8  13  27   0 | Ser AGT   4   3   4   5   3   6
    ATC   1   5   6   3   3   2 |     ACC   3   3   0   0   2   0 |     AAC  24  33  28  26  14  27 |     AGC   1   1   2   1   0   6
    ATA   2   2   2   2   3   0 |     ACA   1   2   1   1   1   2 | Lys AAA  23  27  29  24  13  18 | Arg AGA  20  23  28  22  24  27
Met ATG   0   0   0   0   0   0 |     ACG   1   2   1   1   1   0 |     AAG  32  26  23  31  29  39 |     AGG   9   5   3   6   7   4
--------------------------------------------------------------------------------------------------------------------------------------
Val GTT   2   3   0   0   1   0 | Ala GCT   3   4  11   5  10   5 | Asp GAT  24  22  27  25  19  20 | Gly GGT   3   4   3   2   9  10
    GTC   1   2   1   1   1   0 |     GCC   5   6   0   4   2   1 |     GAC  17  12  10  13  15  10 |     GGC   2   2   1   5   1   0
    GTA   0   0   0   0   1   3 |     GCA   2   2   2   2   3   1 | Glu GAA  17  19  18  20  23  19 |     GGA   3   2   5   2   2   2
    GTG   3   0   3   3   2   6 |     GCG   0   0   0   0   1   1 |     GAG   5   6   9   5   4  16 |     GGG   2   4   2   2   1   1
--------------------------------------------------------------------------------------------------------------------------------------

--------------------------------------------------------------------------------------
Phe TTT   1   1   2 | Ser TCT   2   4   8 | Tyr TAT   4   3   8 | Cys TGT   0   0   0
    TTC   4   0   1 |     TCC   7   6   3 |     TAC   5   9   3 |     TGC   0   0   0
Leu TTA   5   3   4 |     TCA   0   2   6 | *** TAA   0   0   0 | *** TGA   0   0   0
    TTG   4   5  11 |     TCG   8   2   0 |     TAG   0   0   0 | Trp TGG   1   1   4
--------------------------------------------------------------------------------------
Leu CTT   1   0   0 | Pro CCT   1   0   5 | His CAT   1   0   7 | Arg CGT   3   5   3
    CTC   1   2   0 |     CCC   3   0   0 |     CAC   8   1   0 |     CGC  20   1   0
    CTA   0   3   1 |     CCA   2   4   5 | Gln CAA   0  20  19 |     CGA   3   0   3
    CTG   6   0   0 |     CCG   1   0   2 |     CAG  23   8   8 |     CGG  11   0   0
--------------------------------------------------------------------------------------
Ile ATT   4   2   7 | Thr ACT   0   2   5 | Asn AAT  13   7  33 | Ser AGT   0   3   8
    ATC   5   9   1 |     ACC   2   3   1 |     AAC  18  33  14 |     AGC   6   3   0
    ATA   0   0   0 |     ACA   1   4   0 | Lys AAA  10  15  43 | Arg AGA   6  26  22
Met ATG   4   1   4 |     ACG   4   4   0 |     AAG  34  34  11 |     AGG   3   7   1
--------------------------------------------------------------------------------------
Val GTT   0   4   1 | Ala GCT   2   8   8 | Asp GAT  16  23  22 | Gly GGT   2   3   6
    GTC   0   0   0 |     GCC   1   2   0 |     GAC  16  16   2 |     GGC   5   2   0
    GTA   0   0   0 |     GCA   6   3   1 | Glu GAA   9  18  20 |     GGA   1   1   9
    GTG   0   2   0 |     GCG   6   0   0 |     GAG  20  10   2 |     GGG   6   0   1
--------------------------------------------------------------------------------------

Codon position x base (3x4) table for each sequence.

#1: Scer           
position  1:    T:0.11692    C:0.16000    A:0.44923    G:0.27385
position  2:    T:0.11077    C:0.12615    A:0.58462    G:0.17846
position  3:    T:0.28000    C:0.20308    A:0.31077    G:0.20615
Average         T:0.16923    C:0.16308    A:0.44821    G:0.21949

#2: Sbay           
position  1:    T:0.11385    C:0.18154    A:0.43385    G:0.27077
position  2:    T:0.11692    C:0.12308    A:0.56615    G:0.19385
position  3:    T:0.23692    C:0.23692    A:0.37538    G:0.15077
Average         T:0.15590    C:0.18051    A:0.45846    G:0.20513

#3: Smik           
position  1:    T:0.12615    C:0.15385    A:0.43692    G:0.28308
position  2:    T:0.10462    C:0.12923    A:0.57538    G:0.19077
position  3:    T:0.27385    C:0.18769    A:0.35692    G:0.18154
Average         T:0.16821    C:0.15692    A:0.45641    G:0.21846

#4: Spar           
position  1:    T:0.12923    C:0.14769    A:0.44923    G:0.27385
position  2:    T:0.10462    C:0.12308    A:0.59077    G:0.18154
position  3:    T:0.28308    C:0.20308    A:0.32308    G:0.19077
Average         T:0.17231    C:0.15795    A:0.45436    G:0.21538

#5: Ncas           
position  1:    T:0.14462    C:0.15385    A:0.40923    G:0.29231
position  2:    T:0.12615    C:0.13846    A:0.55385    G:0.18154
position  3:    T:0.31692    C:0.15077    A:0.33846    G:0.19385
Average         T:0.19590    C:0.14769    A:0.43385    G:0.22256

#6: Cgla           
position  1:    T:0.11692    C:0.16308    A:0.42769    G:0.29231
position  2:    T:0.12308    C:0.09231    A:0.57538    G:0.20923
position  3:    T:0.25231    C:0.16308    A:0.32615    G:0.25846
Average         T:0.16410    C:0.13949    A:0.44308    G:0.25333

#7: Agos           
position  1:    T:0.12615    C:0.25846    A:0.33846    G:0.27692
position  2:    T:0.10769    C:0.14154    A:0.54462    G:0.20615
position  3:    T:0.15385    C:0.31077    A:0.13231    G:0.40308
Average         T:0.12923    C:0.23692    A:0.33846    G:0.29538

#8: Klac           
position  1:    T:0.11077    C:0.13538    A:0.47077    G:0.28308
position  2:    T:0.09846    C:0.13538    A:0.60615    G:0.16000
position  3:    T:0.20000    C:0.26769    A:0.30462    G:0.22769
Average         T:0.13641    C:0.17949    A:0.46051    G:0.22359

#9: Calb           
position  1:    T:0.15385    C:0.16308    A:0.46154    G:0.22154
position  2:    T:0.09846    C:0.13538    A:0.59077    G:0.17538
position  3:    T:0.37846    C:0.07692    A:0.40923    G:0.13538
Average         T:0.21026    C:0.12513    A:0.48718    G:0.17744

Sums of codon usage counts
------------------------------------------------------------------------------
Phe F TTT      21 | Ser S TCT      74 | Tyr Y TAT      40 | Cys C TGT       0
      TTC      22 |       TCC      35 |       TAC      39 |       TGC       0
Leu L TTA      34 |       TCA      24 | *** * TAA       0 | *** * TGA       0
      TTG      52 |       TCG      17 |       TAG       0 | Trp W TGG      12
------------------------------------------------------------------------------
Leu L CTT      11 | Pro P CCT      15 | His H CAT      15 | Arg R CGT      66
      CTC       6 |       CCC       4 |       CAC       9 |       CGC      28
      CTA      20 |       CCA      28 | Gln Q CAA     167 |       CGA      22
      CTG      15 |       CCG       5 |       CAG      70 |       CGG      12
------------------------------------------------------------------------------
Ile I ATT      46 | Thr T ACT      22 | Asn N AAT     119 | Ser S AGT      36
      ATC      35 |       ACC      14 |       AAC     217 |       AGC      20
      ATA      11 |       ACA      13 | Lys K AAA     202 | Arg R AGA     198
Met M ATG       9 |       ACG      14 |       AAG     259 |       AGG      45
------------------------------------------------------------------------------
Val V GTT      11 | Ala A GCT      56 | Asp D GAT     198 | Gly G GGT      42
      GTC       6 |       GCC      21 |       GAC     111 |       GGC      18
      GTA       4 |       GCA      22 | Glu E GAA     163 |       GGA      27
      GTG      19 |       GCG       8 |       GAG      77 |       GGG      19
------------------------------------------------------------------------------


Codon position x base (3x4) table, overall

position  1:    T:0.12650    C:0.16855    A:0.43077    G:0.27419
position  2:    T:0.11009    C:0.12718    A:0.57641    G:0.18632
position  3:    T:0.26393    C:0.20000    A:0.31966    G:0.21641
Average         T:0.16684    C:0.16524    A:0.44228    G:0.22564

Codon frequencies under model, for use in evolver (TTT TTC TTA TTG ... GGG):
  0.01639344  0.01639344  0.01639344  0.01639344
  0.01639344  0.01639344  0.01639344  0.01639344
  0.01639344  0.01639344  0.00000000  0.00000000
  0.01639344  0.01639344  0.00000000  0.01639344
  0.01639344  0.01639344  0.01639344  0.01639344
  0.01639344  0.01639344  0.01639344  0.01639344
  0.01639344  0.01639344  0.01639344  0.01639344
  0.01639344  0.01639344  0.01639344  0.01639344
  0.01639344  0.01639344  0.01639344  0.01639344
  0.01639344  0.01639344  0.01639344  0.01639344
  0.01639344  0.01639344  0.01639344  0.01639344
  0.01639344  0.01639344  0.01639344  0.01639344
  0.01639344  0.01639344  0.01639344  0.01639344
  0.01639344  0.01639344  0.01639344  0.01639344
  0.01639344  0.01639344  0.01639344  0.01639344
  0.01639344  0.01639344  0.01639344  0.01639344


TREE #  1:  (((((1, 4), (3, 2)), 5), 6), ((7, 8), 9));   MP score: 1036
This is a rooted tree.  Please check!
lnL(ntime: 16  np: 18):  -6092.352474      +0.000000
  10..11   11..12   12..13   13..14   14..1    14..4    13..15   15..3    15..2    12..5    11..6    10..16   16..17   17..7    17..8    16..9  
 0.172332 0.245846 0.504737 0.074520 0.187621 0.098095 0.000004 0.203716 0.560327 0.827836 1.126683 0.127016 0.104288 1.281785 0.990801 2.093722 1.309058 0.102376

Note: Branch length is defined as number of nucleotide substitutions per codon (not per neucleotide site).

tree length =  8.599328

(((((1: 0.187621, 4: 0.098095): 0.074520, (3: 0.203716, 2: 0.560327): 0.000004): 0.504737, 5: 0.827836): 0.245846, 6: 1.126683): 0.172332, ((7: 1.281785, 8: 0.990801): 0.104288, 9: 2.093722): 0.127016);

(((((Scer: 0.187621, Spar: 0.098095): 0.074520, (Smik: 0.203716, Sbay: 0.560327): 0.000004): 0.504737, Ncas: 0.827836): 0.245846, Cgla: 1.126683): 0.172332, ((Agos: 1.281785, Klac: 0.990801): 0.104288, Calb: 2.093722): 0.127016);

Detailed output identifying parameters

kappa (ts/tv) =  1.30906

omega (dN/dS) =  0.10238

dN & dS for each branch

 branch          t       N       S   dN/dS      dN      dS  N*dN  S*dS

  10..11     0.172   718.0   257.0  0.1024  0.0173  0.1695  12.5  43.6
  11..12     0.246   718.0   257.0  0.1024  0.0247  0.2417  17.8  62.1
  12..13     0.505   718.0   257.0  0.1024  0.0508  0.4963  36.5 127.6
  13..14     0.075   718.0   257.0  0.1024  0.0075  0.0733   5.4  18.8
  14..1      0.188   718.0   257.0  0.1024  0.0189  0.1845  13.6  47.4
  14..4      0.098   718.0   257.0  0.1024  0.0099  0.0965   7.1  24.8
  13..15     0.000   718.0   257.0  0.1024  0.0000  0.0000   0.0   0.0
  15..3      0.204   718.0   257.0  0.1024  0.0205  0.2003  14.7  51.5
  15..2      0.560   718.0   257.0  0.1024  0.0564  0.5510  40.5 141.6
  12..5      0.828   718.0   257.0  0.1024  0.0833  0.8140  59.8 209.2
  11..6      1.127   718.0   257.0  0.1024  0.1134  1.1078  81.4 284.7
  10..16     0.127   718.0   257.0  0.1024  0.0128  0.1249   9.2  32.1
  16..17     0.104   718.0   257.0  0.1024  0.0105  0.1025   7.5  26.4
  17..7      1.282   718.0   257.0  0.1024  0.1290  1.2604  92.6 323.9
  17..8      0.991   718.0   257.0  0.1024  0.0997  0.9742  71.6 250.4
  16..9      2.094   718.0   257.0  0.1024  0.2108  2.0587 151.3 529.1

tree length for dN:       0.8656
tree length for dS:       8.4556


Time used:  0:08
