      9   1179

Scer                            TAT GTT TGG GAA CAA TTG ATT AAA GTG AAA CTA GCT AGA GTG TTC CCA CTT GCT AGA AGA AAG GGT AAA GGT TCC TCA GCC AGA TTT CGC GAA TCT ATT GCG TCC GTG CCA ATT GAA CAC TGC ATT GTT GAA GAA TTA TTG CAC CCA GGT AAG AAG TTA GAA GAA GAA TTG GGT TGG GAT CCC TTA AAA GAA TTG GAA GAG TGG TTA CAC AAC CCC AGC GGT ATC GCA GGT GGG AAA GCT AAT TCA AGA TAC AGA ACT ATA TCT ATC GAA GGT GGT GTC CAG CAA AAC GCA TTT ATA GTT CAA CCC GCT AAG TTA AGC CCA AGA GTT TCT TTT ACA ATG CTG GGG AGA AGA AAC GGA GAA AAC TGT TCT ATG TAC GAT GAA TGG CGT ATC GGT GAC AAC ACT TTT GAT GCT GGT TCT GCC TAT TCT AAA GCA GTA CTA TAC AGG AAT CAA GAT GAT CAA GAA CCC AAA TCA TTT GAT CCA TTG TCC AAA TCA CTG GAC AGA GAT GTT AAA GCA GCC AAC GAC AAA AAG TCT CAA TGG GGA CCT AAA GGG TGT GCT AGA TTC TCT TAC AGG AAG CAA CCT GAT GTC TTA CAC CAG GGG AGA CAG GCA AGA GCT TCT GTC GAC ATT TTG TTA CGT AAT AAT TTA GAA GAA AGC CAG GTG GTA GTT ATG CTA AAC ATC AAG GTC AAA CTG TAC TAC CAA GCT GTT CTG AAT ATT TCT ATC AAA TAC CTA GAC GCT TTT TAC ATC TGC TCA TAC AGA ATG TCT TTA TTT GGT GAT GAT TCT GGT GGT CAA CAA CCA CCA GTG GAT AAA ATA GAA TCT CTC AAA GAC GGT GAC GGT CTA GAA GTG TTA GCA TGG GAC GAT TTG GAT AAG GAA AAC ATG CTA AAA ATA GAA CGT GGT AAA GTG GCT AGA GCG TTA CAC AAG AAA AAA GCC GAC GCT GCG ATT AAA GAT GAA ACG GAT AAG GCC GGT AAA TCA TGG CGT TTC TGG GAT GAA CCA CTA ACT TTC GCA TTC AAC GAA ATC ACT GTG AAT TTG GAT GCC CCA GGT AAC AAG GTC GTT GAA GCT GCG GCC CAT AAC CTA AGT TAC GCG ACT ACA ATC ACA AAT AGA TTA AAG GCC AGG AAC GGG GTC GGC GAA AAG AAG AAG GAA TGG ATT CTA AAT CGT AAG GTC CAC TGG ATA CAT GTT TTA TTA AAT 
Sbay                            TAC GTT TGG GAG CAA TTG ATT AAG GTG AAA TTA GCT AGA GTG TTC CCA CTA GCT AGA AGG AAG GGT AAG GGT TCC GGG GCT AGA TTT CGC GAA TCT ATT GCG TCG GTG CCA ATC GAA CAC TGC ATT GTT GAA GAT TTA TTG CAC CCA GGT AAG AAG TTG GAA GAA GAA TTG GGT TGG GAC CCT TTG AAA GAA TTG GAA GAA TGG TTA CAC AAC CCT AGT GGT ATC GCT GGT GGT AAG GCC AAT GGG AGA TAC AGA ACT ATA TCG GTC GAG GCT GGT GTC CAG CAG AAT GCA TTT ATA GTC CAG CCT GCT AAG CTA AGT CCA AGA GTC TCG TTC ACA ATG CTA GGG AGA AGA AAC GGG GAA AAC TGC TCT ATG TAC GAC GAA TGG CGT GTC GGT GAT AAC ACC TTC GAC GCT GGT TCT GCC TAT TCT AAA TCA ATT TTG TAC AGA AAT CAA GAC GAC CAA GAA CCT AAA TCC TTC GAC CCA TTG TCC AAA TCA CTG GAT AGA GAC GTT AAG TCA GCT AAC GAC AAA AAG TCC CAA TGG GGA CCT AAG GGT TGC GCT AGA TTC AAA TAC AGA AAG CAA CCT GAC GTA TTG CAC CAA GGG AGA CAG GCA AGG GCC TCT GTC GAC ATA TTG TTG CGT AAT AAT CTA GAA GAA AGC CAA GTG GTG GTC ATG CTA AAT ATC AAG GTC AAA CTG TAC TAT CAA GCT GTT CTA AAC ATC TCA ATC AAG TAT TTA GAC GCT TTT TAT ATC TGT GGG TAC AGA ATG TCT CTA TTT GGT GAC ACT TCT GGT GGT CAA CAA CCT CCA GTG GAT AAA ATA GAG TCA CTG AAG GAT GGT GAT GGT TTG GAA GTG TTA GCT TGG GAC GAT TTG GAC AAG GAA AAC ATG TTG AAA ATA GAA CGT GGT AAA GTG GCT AGA GCC TTA CAC AAA AAG AAG GCT GAC GCT GCG ATT AAA GAT GAA ACC GAC AAG GCC GGT AAA TCC TGG CGT TTT TGG GAT GAA CCA TTG ACC TTC GCA TTT AAC GAA ATC ACC GTG AAC TTG GAC GCT CCA GGT AAT AAG GTT GTT GAA GCT GCG GCC CAT AAC TTG AGC TAC GCC ACA ACT ATC ACT AAT AGA CTA AAG GCC AGA AAC GGT GTT GGC GAA AAG AAG AAG GAG TGG ATT TTG AAT CGT AAG GTT CAC TGG ATA CAT GTC TTA TTA AAT 
Smik                            TAT GTT TGG GAG CAA TTG ATT AAA GTG AAA CTA GCC AGA GTG TTT CCA CTA GCT AGA AGA AAG GGT AAG GGT TCC GGG GCC AGA TTT CGC GAA TCT ATT GCG TCG GTG CCA ATT GAA CAC TGT ATT GTT GAA GAA TTA TTG CAC CCA GGT AAG AAG TTG GAA GAA GAA TTG GGT TGG GAC CCT TTG AAA GAG TTA GAA GAA TGG TTA CAC AAC CCT AGT GGT ATT GCG GGT GGT AAG GCC AAT GGG AGA TAC AGA ACT ATA TCA ATC GAA GCT GGA GTT CAG CAG AAC GCA TTT ATT GTT CAA CCT GCT AAG TTA AGT CCA AGA GTT TCA TTC ACA ATG CTG GGG AGA AGA AAC GGA GAA AAC TGC TCT ATG TAC GAC GAA TGG CGT ATC GGT GAT AAC ACT TTC GAC GCT GGT TCT GCT TAT TCT AAA TCT GTC CTG TAT AGA AAT CAA GAC GAC CAA GAA CCT AAG TCA TTT GAC CCA TTG TCT AAG TCA CTG GAT AGA GAC GTT AAA TCT GCT AAC GAC AAA AAG TCT CAA TGG GGA CCT AAG GGT TGC GCC AGA TTC AAG TAC AGA AAG CAA CCT GAC GTA TTG CAC CAG GGG AGA CAG GCA AGA GCT TCT GTT GAC ATA TTG TTG CGT AAT AAT TTA GAA GAA AGT CAG GTG GTA GTC ATG CTA AAC ATT AAG GTT AAG CTG TAT TAC CAA GCT GTT CTG AAC ATT TCT ATT AAG TAC CTA GAT GCA TTT TAC ATC TGT GGG TAC AGA ATG TCT CTA TTT GGT GAC GGT TCT GGT GGT CAA CAA CCA CCA GTG GAT AAA ATT GAA TCT CTC AAG GAT GGT GAT GGT TTA GAG GTG TTA GCG TGG GAC GAT TTG GAC AAG GAA AAC ATG CTG AAG ATT GAA CGT GGT AAA GTG GCT AGA GCT TTA CAC AAA AAG AAG CCC GAT GCT GCG ATC AAA GAT GAG ACC GAC AAG GCC GGT AAA TCA TGG CGT TTC TGG GAT GAA CCA TTA ACT TTC GCA TTC AAC GAA ATT ACA GTG AAC TTG GAC GCC CCA GGT AAC AAG GTC GTT GAA GCT GCG GCT CAT AAC CTG AGT TAC GCT ACG AAA ATT ACT AAT AGA TTA AAG GCC AGA AAT GGT GTC GGC GAA AAG AAG AAG GAG TGG ATT TTA AAT CGT AAA GTC CAT TGG ATT CAC GTC TTA TTA AAT 
Spar                            TAT GTT TGG GAG CAA TTG ATT AAG GTG AAG CTA GCT AGA GTA TTC CCA CTG GCT AGA AGA AAG GGT AAG GGT TCC TCA GCT AGA TTT CGC GAA TCT ATT GCG TCC GTG CCA ATT GAA CAC TGC ATT GTT GAA GAA TTA TTG CAC CCA GGT AAG AAG TTG GAA GAA GAA TTG GGT TGG GAC CCT TTG AAA GAG TTA GAA GAG TGG TTG CAC AAC CCT AGT GGT ATC GCT GGT GGG AAG GCC AAT TCA AGA TAT AGA ACT ATA TCT ATC GAA GCT GGC GTC CAG CAG AAC GCA TTT ATA GTT CAA CCT GCT AAG TTA AGT CCA AGA GTT TCT TTC ACA ATG CTG GGG AGA AGA AAC GGA GAA AAC TGT TCT ATG TAC GAT GAA TGG CGT ATC GGT GAT AAT ACT TTC GAT GCT GGT TCT GCC TAT TCT AAA GCA GTT CTG TAC AGA AAT CAA GAT GAT CAA GAA CCT AAA TCA TTT GAC CCA TTG TCC AAA TCA CTA GAT AGA GAT GTT AAG GCA GCC AAC GAC AAA AAG TCT CAA TGG GGA CCT AAG GGG TGT GCC AGA TTC AAG TAC AGA AAG CAA CCT GAT GTC TTG CAC CAG GGG AGA CAG GCA AGA GCT TCT GTC GAC ATC TTG TTG CGT AAT AAT TTA GAA GAA AGT CAG GTT GTA GTT ATG CTA AAC ATC AAG GTC AAA CTA TAT TAC CAA GCT GTT CTG AAC ATT TCT ATC AAA TAC CTA GAC GCT TTT TAC ATC TGC TCA TAT AGA ATG TCT CTA TTT GGT GAT GGT TCT GGT GGT CAA CAA CCA CCA GTG GAT AAA ATA GAA TCT CTC AAG GAT GGT GAT GGC TTA GAG GTG TTA GCT TGG GAC GAT TTG GAT AAG GAA AAC ATG CTG AAA ATA GAA CGT GGT AAA GTG GCT AGA GCG TTA CAC AAG AAG AAG GCC GAC GCT GCG ATC AAA GAT GAG ACG GAC AAG GCC GGT AAG TCA TGG CGT TTC TGG GAT GAA CCA TTA ACT TTC GCA TTC AAC GAA ATC ACT GTT AAC TTG GAC GCT CCA GGT AAT AAA GTC GTT GAA GCT GCG GCC CAT AAC CTG AGT TAC GCG ACC AAA ATC ACA AAT AGA TTA AAG GCT AGA AAC GGG GTC GGC GAA AAG AAG AAG GAA TGG ATT TTA AAT CGT AAG GTC CAC TGG ATA CAC GTT TTA TTA AAT 
Ncas                            TAT GTC TGG GAA CAA TTA GTC AAG GTC AAA TTA GCT AGA ATC TTT CCA TTA GCT AGA AGA AAG GGG AAG GGT TCT AAT GCA AGA TTC CGT GAA TCA ATT GCC TCA ATT CCA ATT GAA CAT TGT GTC GTT GAA GAA TTA TTA CAC CCA GGT AAA AAG TTG GAG GAA GAA TTG GGG TGG GAT CCT TTG AAG GAG TTG GAA GAA TGG CTT CAT AAC CCT AGT GGT ATT GCT GGT GGG AAA GCT AAT AAT AGA TAC AGG ACT ATC AAT GTC GAA GGT GGG GTT CAA CAA AAC GCA TTC ATC GTT CAA CCT GCT AAG TTA AGT CCA AGA GTT AAT TTC ACA ATG TTA GGT AGA AGA AAT GGA GAA AAC TCA TCT ATG TAC GAT GAA TGG CGT GTC GGA GAT AAT ACT TTC GAT GCT GGT TCT GCC TAT TCA AAA TCT GTT CTA TAC AGA AAT CAA GAT GAT CAA GAG CCA AGA TCG TTC GAC CCA TTG TCT AAA TCA TTG GAT AGA GAC GTG AAG TCT GCT AAT GAT AAG AAG ACA CAA TGG GGA CCT AAA GGG TCA GCA AGA TTC AAT TAC AGA AAA CAA CCT GAT GTC TTG CAC CAA GGT AGA CAA GCA AGA GCT TCT GTT GAT ATT TTG TTG CGT AAT AAT TTA GAA GAA AGC CAA GTT GTC GTC ATG TTA AAT ATT AAG GTT AAA TTG TAC TAT CAA GCT GTC TTA ACA ATT TCT ATT AAG TAT TTG GAT GCT TTC TAT ATA TGT AAT TAC AGA ATG TCA CTA TTT GGT GAT GAA TCA GGT GGT CAA CAA CCA CCA GTA GAT AAA ATC GAA TCT CTA AAA GAT GGT GAT GGT TTA GAT ATT TTA GCT TGG GAC GAC TTA GAC AAA GAA AAT ATG CTA AAA ATC GAA CGT GGT AAG GTC GCT AGA GCT CTT CAT AAG AAG AAG CCC GAT GCT GCC ATC AAG GAC GAG ACT GAT AAA GCA GGT AAA TCG TGG CGT TTC TGG GAT GAA CCA TTA ACT TTC GCA TTT AAC GAA ATT ACC GTT ACA TTA GAC GCA CCA GGT AAC AAG GTC GTT GAA GCA GCC GCC CAT AAC CTA AGT TAC GCT ACC AAG ATT ACC AAT AGA TTA AAG GCT AGA AAT GGG GTC GGC GAA AAG AAG AAG GAG TGG ATT TTA AAT CGT AAG GTC CAT TGG ATC CAT GTC CTA CTT AAT 
Cgla                            TAC GTC TGG GAG CAA TTG GTA AAG GTG AAA CTG GCC AGA ATA TTC CCA CTG GCT AGA AGA AAG GGT AAG GGC TCC GGA GCT AGA TTT CGT GAA TCT ATC GCC TCG ATT CCA ATC GAA CAC TGC GTA GTT GAA GAA TTG TTG CAC CCT GGT AAG AAG TTG GAG GAG GAG TTG GGT TGG GAT CCA TTG AAG GAA TTG GAA GAA TGG CTG CAC AAC CCA AGC GGT GTC GCT GGT GGC AAG GCT AAC GGA AGA TAC CGG ACG ATT TCT GTA GAA GCT GGT GTT CAG CAA AAC GCC TTC CTG GTG CAA CCA GCC AAG CTG AGC CCA AGA GTC TCT TTC ACA ATG CTG GGT AGA AGA AAC GGT GAA AAC TCT TCG ATG TAC GAT GAG TGG CGT GTA GGT GAC AAT ACC TTC GAT GCT GGT TCG GCT TAC TCT AAG GCT GTG CTA TAC AGA AAC CAA GAC GAT CAA GAG ACT AGG TCT TTC GAT CCA TTG TCC AAG TCC CTG GAT AGA GAT GTC AAG GCT GCT AAC GAC AAG AAG TCC CAA TGG GGA CCA AAG GGC TCT GCT AGA TTC AAA TAC AGA AAG CAG CCA GAT GTT TTG CAC CAA GGT AGA CAG GCC AGA GCT TCC GTT GAC ATA TTG TTG AGG AAC AAC CTG GAA GAG GGT CAA GTC GTC GTA ATG TTA AAT GTC AAG GTT AAG CTG TAT TAC CAA GCC GTC CTG AAC ATT TCT GTC AAG TAC TTG GAC GCT TTT TAC ATA TGT GGA TAC AGA ATG TCT CTA TTC GGT GAC GGT TCT GGC GGT CAA CAA CCA CCA GTG GAT AAA CTG GAA TCT TTA AAG GAC GGT GAC GGT TTG GAT ATT TTG GCT TGG GAC GAC CTA GAT AAG GAA AAC ATG CTA AAA CTG GAA CGT GGT AAG GTG GCC AGA GCG CTT CAT AAG AAG AAG CCA GAC GCT GCC ATC AAG GAC GAA ACC GAT AAG GCC GGT AAA TCT TGG AGG TTT TGG GAT GAA CCA TTG ACC TTC GCC TTT AAC GAG GTC ACC GTC AAC TTG GAT GCT CCA GGC AAC AAG GTT GTT GAA GCC GCC GCT CAT AAC CTA AGC TAC GCG ACG AAG GTC ACT CAG AGA CTG AAG GCT AGA AAC GGC GTT GGG GAA AAG AAG AAA GAG TGG ATC TTG AAC CGT AAA GTT CAC TGG CTG CAC GTA CTG CTT CAG 
Agos                            TAT GTG TGG GAA CAG TTG CTT AAG GTT AAG CTT GCG CGC GTG TTC CCT TTG GCG CGG CGT AAG GGT AAG GGT TGC AAG GCA CGC TTT AGG GAG TCC ATC GCG TCT GTG CCT ATC GAG CAC TGT CTT GTA GAG GAG TTG TTG CAC CCA GGT AAG AAG TTG GAG GAG GAG CTG GGT TGG GAT CCG TTG AAG GAA TTG GAG GAA TGG CTA CAC AAC CCG TCT GGT ATA GCC GGT GGC AAG GCT AAC AAG CGC TAC AAG ACT ATC ACG GTG GAG GCA GGT GTG CAG CAG AAT GCC TTC CTC GTC CAA CCG GCT AAG TTA TCT CCT CGG GTG ACG TTC ACC ATG CTA GGC CGC CGC AAC GGG GAG AAC TCG GCA ATG TAC GAC GAG TGG CGC GTG GGT GAT AAC ACG TTC GAC GCC GGT GCA GCC TAC TCC AGG TCG GTC CTT TAC CGC AAC CAG GAT GAC CAG GAG CCG CGG TCT TTC GAC CCG TTG TCG AAG TCT CTC GAC CGT GAC ATT AAG TCG GCG AAC GAC AAG AAG ACG CAA TGG AAA CCG AAG GGC TCG GCC CGC TTC AAG TAC CGC AAG CAG CCG GAC GTT TTG CAC CAG GGC AGA CAG GCC CGT GCC TCG GTG GAC ATA CTG TTG CGT AAC AAC TTA GAG GAG AGC CAG GTG GTG GTC ATG TTA AAT ATA AAG GTG AAG CTC TAT TAT CAG GCT GTG CTA CAA ATC TCG ATA AAG TAC CTG GAC GCA TTT TAC GTA TGC AAG TAC CGC ATG TCC TTG TAC GGT GAT GGC TCC GGT GGT CAG CAA CCC CCT GTG GAT AAG CTC GAG TCG CTA AAG GAC GGG GAC GGG TTG GAA GTG TTG GCC TGG GAT GAC CTG GAC AAG GAG AAC ATG CTT AAA CTC GAG CGC GGC AAG GTT GCT AGA GCG CTA CAC AAG AAG AAG CCT GAC GCC GCG ATC AAG GAC GAA ACC GAT AAG GCA GGC AAG TCT TGG CGT TTC TGG GAT GAG CCG TTG ACG TTC GCC TTC AAC GAG ATA ACC GTG CAA CTG GAC GCA CCA GGG AAC AAG GTG GTA GAG GCG GCG GCC CAT AAC CTT TCT TAC GCG ACA ACC ATA ACT CAA AGA TTA AAG GCC CGC AAC GGC GTG GGG GAG AAG AAG AAG GAG TGG ATC TTG AAC CGC AAA GTG CAT TGG CTC CAT GTC TTG CTA CAA 
Klac                            TAT GTT TGG GAA CAA CTA GTA AAG GTG AAA ATA GCT AGA ATT TTC CCA TTA GCT AGA AGA AAA GGT AAG GGT TCT GCC GCT AGA TTC CGT GAA TCA ATT GCT TCT ATC CCA ATC GAA CAT TGT GTA GTG GAA GAT TTG CTA CAC CCA GGT AAG AAG TTG GAA GAG GAA TTG GGT TGG GAC CCA TTG CAA GAA TTG GAA GAA TGG TTG CAT AAC CCA TCC GGT ATC GCA GGT GGG AAA GCC AAT GCC AGA TAC AGG ACT ATT AAC GTT GAA GCT GGT GTT CAA CAG AAT GCT TTC CTA GTT CAA CCA GCT AAG CTA TCC CCA AGA GTT AAC TTC ACA ATG TTA GAT AGA AGA AAC GGT GAA AAC TCG TCA ATG TAT GAT GAG TGG CGT GTT GAT GAT AAT ACT TTC GAT GCT GGG TCA GCC TAT TCA AAA GCA GTA CTT TAC AGA AAT CAA GAT GAT CAA GAG CCG AGG TCA TTT GAT CCA TTG TCC AAG TCA TTA GAT AGA GAT ATT AAG GCA GCT AAC GAC AAG AAG GCT CAG TGG AAA CCT AAA GGG TCG GCT AGA TTT AAA TAT AGA AAG CAA CCT GAT ATT TTG CAC CAA GAT CGT CAA GCT AGA GCT TCT GTT GAC ATT TTG TTG CGT AAT AAT CTA GAA GAA AGT CAA GTG GTG GTG ATG TTG AAT ATC AAG GTT AAG TTA TAT TAC CAA GCT GTT TTA AAC ATC TCA ATC AAG TAT CTT GAT GCA TTC TAT GTA TGT GCC TAC AGA ATG TCA CTA TTT GGG GAT GAT TCA GGT GGT CAA CAG CCA CCA GTT GAC AAG CTA GAA TCA TTA AAA AAC GGT AAC GGA CTA GAG ATC TTG GCA TGG GAC GAT CTC GAT AAG GAA AAC ATG CTT AAA CTA GAA CGT GGT CAA GTG GCT AGA GCT CTA CAT AAG AAG AAG CCA GAT GCC GCT ATC AAG GAT GAA AGC GAC AAG GCT GGT AAA TCA TGG CGT TTC TGG GAC GAA CCA CTA ACT TTT GCT TTC AAC GAA ATC ACT GTG AAC CTG GAT GCT CCA GGT AAC AAG GTT GTG GAG GCC GCT GCC CAT AAC CTT TCA TAT GCT ACG TCA ATC ACC CAA CGT CTA AAG GCC AGA AAT GGG GTT AGT GAA AAG AAG AAG GAA TGG ATT CTA AAT CGT AAG GTT CAC TGG CTA CAT GTG TTG CTA CAA 
Calb                            TAT GTT TGG GAA CAA TTG GAT CAA GTC AAA TTA GCT AGA GTA TTT CCA TTG GCT AGA AGA AAA GGT AAA GGT AGC ACA ACT AGA TTT AGA GAA TCA ATT GCT TCA ATC CCA ATT GAG CAT TGC GAT GTT GAA GAA TTA TTG CAC CCA GGT AAA AAG TTA GAA GAA GAA TTA GGT TGG GAT CCT TTA AAA GAA TTG GAT GAA TGG TTG CAT AAC CCT AAA GGG ATT GCT GGT GGT AAA GCT AAT ACA CGT TAC AAA ACT ATT GAT GTT GAA GCT GGT GTT AAG CAT AAT GCT TTT GTG GTT CAA CCT GCC AAA TTA AAA CCA AGA GTT GAT TTT ACT ATG TTA GGT AGA AGA AAC GGA CAA AAC ACT ACT ATG TAC GAT GAA TGG AGA GTT GGT GAT AAT ACT TTT GAT GCT GGT ACT GCT TAT TCA CGT TCT GTT TTA TAC AGA ACT CAA GAT GAT CAA GGA GAT AGA AGT TTC GAT CCA TTA TCA AAA TCT TTA GAT AGA GAC ATT CAA TCT GCT AAC GAG AAA AAA TCA CAA TGG CAA CCT AAA GGT ACT GCT CGT TTC AAA TAT AGA AAA CAA CCT GAC GTA TTA CAT CAA GGT AGA AAG GCT AGA GCT TCC GTT GAT ATT TTA TTA CGT AAT AAT TTA GAA GAA AGT CAA GTC ATT GTA ATG TTA GTA ATT AAA GTT AAA TTA TTA TAC CAA GCC GTT TTA CCA TTA TCT ATT AAG TAT TTA GAC GCT TTT TAT ATA TGT ACA TAC CGT ATG TCA TTA TTT GGT GAT TCT TCA GGT GGG CAA CAA CCA CCA GTA GAT GAT GTG GAA TCT CTA AAA AAT GGT AAT GGT TTG GAG ATC TTA GCT TGG GAC GAT TTG GAC AAA GAA AAC ATG TTA AAA GTG GAA AGA GGT AAA GTC TGT AGA GGT TTA CAT AAG AAA AAA CCA GAC GTT GCT TTG AAA GAT GAA ACT GAT AAA GCA GGT AAA AGT TGG CGT TTC TGG GAT CAA CCA TTG ACT TTC GCT TTC AAC GAA ATT GCC GTC CCA TTG GAT ACT CCA GGA AAC AAT GTT GTT GAA GCC GCT GCT CAT AAC TTA AGT TAC GGT ACC CAG ATT ACC AAT AGA TTA AAA GCT AGA GAA GGT GTT GGA GAA AAA AAA AAG GCC TGG ATT TTG ACT AGA AAA GTT CAT TGG GTG CAT GTA TTA TTA AAT 



Printing out site pattern counts


         9        696  P

Scer                            AAA AAA AAA AAA AAA AAA AAA AAA AAA AAA AAA AAA AAC AAC AAC AAC AAC AAC AAC AAG AAG AAG AAG AAG AAG AAG AAG AAT AAT AAT AAT ACA ACA ACA ACG ACT ACT ACT ACT AGA AGA AGA AGA AGA AGA AGA AGA AGC AGC AGG AGT ATA ATA ATC ATC ATC ATG ATT ATT ATT ATT ATT ATT CAA CAA CAA CAA CAA CAC CAC CAC CAC CAC CAG CAG CAT CAT CCA CCA CCA CCA CCA CCC CCC CCT CGC CGT CGT CTA CTA CTA CTA CTA CTC CTG CTG CTT GAA GAA GAA GAA GAA GAA GAA GAA GAA GAA GAA GAA GAA GAA GAA GAC GAC GAC GAC GAC GAC GAC GAG GAT GAT GAT GAT GAT GAT GAT GAT GAT GCA GCA GCA GCC GCC GCC GCC GCC GCC GCG GCG GCT GCT GCT GCT GCT GCT GCT GCT GCT GCT GCT GGA GGA GGC GGG GGG GGT GGT GGT GGT GGT GGT GGT GGT GGT GGT GGT GGT GTA GTA GTC GTC GTC GTG GTG GTG GTG GTG GTT GTT GTT GTT GTT GTT TAC TAC TAC TAC TAC TAC TAC TAT TAT TCA TCA TCA TCC TCC TCC TCT TCT TCT TCT TCT TCT TCT TGC TGC TGG TGT TTA TTA TTA TTA TTA TTA TTA TTC TTC TTC TTC TTG TTG TTG TTG TTG TTG TTT TTT TTT TTT TTT 
Sbay                            ... ... ... ... ... ... ... ... ..G ..G ..G ..G ... ... ... ... ..T ..T ..T ..A ... ... ... ... ... ... ... ..C ... ... ... ... ..T ..T ..C ..A ..C ..C ... ... ... ... ... ... ... ... ..G ... ..T ..A ..C ... ... ... ... G.. ... ..A ..C ..C ... ... ... ... ... ... ..G ..G ... ... ... ... ... ..A ... ... ... ... ... ... ... ..T ..T ..T ... ... ... ... ... T.. T.. T.G T.G ..G ..A ... ..A ... ... ... ... ... ... ... ... ... ... ... ..G ..G ..G ..T ... ... ... ... ..T ..T ..T ..A AC. ..C ..C ..C ..C ..C ..C ... ... ... ..T T.. ... ... ... ..T ..T ..T ..C ... ..C ..C ... ... ... ... ... ... ... ... ... ... ..G ... ... ..T .C. ... ... ... ... ... ... ... ... ... ... ... A.T ..G ..A ... ..T ... ... ... ... ... ..C ..C ..C ... ... ... ... ... ... ... ... ..T ..T ..C ... GGG ... ..C ... ... ..G AAA ..A ..C ..G ... ... ... ... ..T ... ..C C.. C.. ... ... ... ... ..G ... ... ..T ..T ... ... ... ... ... ... ..C ..C ... ... ... 
Smik                            ... ... ... ... ... ..G ..G ..G ... ..G ..G ..G ... ... ... ..T ... ... ... ..A ..A ... ... ... ... ... ... ..C ... ... ... ... .A. ..T ..C ..G ..A ... ... ... ... ... ... ... ... ... ... ..T ..T ..A ... ... ..T ... ..T ... ... ..A ... ... ..C ... ... ... ... ... ... ..G ... ... ... ... ..T ... ... ..C ... ... ... ... ... ... ..T ..T ... ... ... ... ... ... ... ..G T.. ... ... ... ..A ... ... ... ... ... ... ... ... ... ..G ..G ... ..G ..G ... ... ... ... ..T ..T ..T ..T ..A .G. ..C ..C ..C ..C ..C ..C ... ... ... ..G T.T ... ... ..T C.. ... ..T ..T ... ..C ... ..A ..C ..C ... ... ... ... ... ... ... ... ... ... ..T .C. ..A ... ... ... ... ... ... ... ... ... ... ..C ... ..A ..T ... ... ... ... ... ... ..C ... ... ... ... ... ... ... ... ..T ..T ... ... ... ... GGG ... ... ... ..T ..G AAG ... ... ..A ... ... ... ..T ..T ... ..C C.. ... ... ... ... ... ..G ... ..T ... ... ..A ... ... ... ... ... ..C ... ... ... ... 
Spar                            ... ... ... ... ..G ... ... ... ..G ... ..G ..G ... ... ..T ... ... ... ..T ... ... ..A ... ... ... ... ... ..C ... ... ... ... .A. ... ... ..C ... ... ... ... ... ... ... ... ... ... ... ..T ..T ..A ... ... ... ... ... ... ... ..C ... ... ..C ... ... ... ... ... ... ..G ... ... ... ... ... ... ... ..C ... ... ... ... ... ... ..T ..T ... ... ... ... ... ... ... ..G T.. ... ... ..A ..G ... ... ... ... ... ... ... ... ... ..G ..G ... ... ..G ... ... ... ... ... ..T ..T ..T ... .G. ..C ..C ... ... ... ... ... ... ... ..T ... ... ..T ... ... ..T ... ... ... ..C ... ... ..C ... ... ... ... ... ... ... ... ... ... ... ... .C. ..C ..C ... ... ... ... ... ... ... ... ... ..T ... ... ... ... ..A ... ... ... ..T ... ... ... ... ... ... ... ... ..T ... ..T ... ... ... ... ... ... ... ... ... ... AAG ... ... ... ... ... ... ... ... ... ... C.. ... ... ... ... ..G ..G ... ... ... ... ..A ... ... ... ... ... ..C ... ... ... ... 
Ncas                            ... ... ..G ..G ... ... ... .G. ..G ..G ... ..G ... ..T ..T ..T ... ..T ... ... ... ... ..A ... ... ... ... .CA ... ... ... ... .AG ..C ..T ..C ..C ... ... ... ... ... ... ... ... ..G ... ... ..T ..A ... ..C ..C ..A ..T G.. ... ... ... ... ..C ... G.C ... ... ... ... ... ... ... ..T ..T ..T ..A ..A ... ... ... ... ... ... ... ..A ..T ... ..T ... ... T.. T.. T.G ... T.. ..A T.A T.. T.A ... ... ... ... ... ... ... ..G ..G ..G ..T ... ..G ... ... ... ..T ..T ..T ..T ..T ..T ..A ..A ..C ... ..C ... ... ... ..C ... ... ..T T.T ..A ..T ... C.. ..A ..T ..T ..C ... ... ... ..A ... ..A ... ... ... ... ... ... ... ... ..T ... ... ..G ... ..A ..G ... ... ... ... ... ... ... ..T ..C ... ..T ... A.C A.T ..A ..C ..T ..C ... ... ..C ..G ... ... ... ... ... ... ..T ..T ... ... AAT ... ..G ..T ..T ..A AA. ... A.A AA. ..A ... ... ..T ..T ... .CA C.. ... C.. C.T ... C.T ..G ... ..T ... ..T ... ..A ..A ..A ... ... ..C ..C ..C ..C ... 
Cgla                            ... ..G ..G ..G ... ... ..G .GG ..G ..G ..G ..G ... ... ..T ... ... ..T ... ... ..A ... ... ..A ... ... ... ..C ..C ..C C.G ... .AG ..T ..C ..G ..C ..C ..G ... ... ... ... ... ... C.G ... G.T ... ..A ..C ..T C.G ..A G.. G.A ... ..A ..C ... ..C ..C G.A ... ... ..G ... ... ... ... ... ..T ... ..A ... ..C ... ... ... ... ..T ... A.T ..A ..A ..T A.G ... T.. ..G T.G ... T.G T.A ... ... ..G ... ... ... ... ... ..G ..G ..G ..G ... ..T ... ..G ..G ... ... ... ... ... ... ... ..T ..A .G. ... ... ... ..C ... ... ..C ... ..C ..T ..T ... ..T ..T C.A ..T ..T ... ..C ... ... ... ... ..C ..C ..C ..C ... ... ... ... ..T ..G ..T ..C .C. ... ... ... ... ..C ..C ... ... ... ... ... ..G ..C ..T ..T ..T A.A A.T ... ... ..C ..A ..C ..G ..C ..C ... ... ... ... ... ..T ... ... ..C ..C GG. ..C ..T ... ... ..G AAA ... ..C ... ... ..C ..G ... ..T ... .C. C.. C.G C.G C.T ..G C.G ..G ... ... ..T ..T ... C.A ... ... ... ... ..C ..C ..C ... ..C 
Agos                            ..G .GG ..G ..G ..G ... ..G CGG ..G ..G ..G ..G ... ... ... ... ..T ..T ... ... ..A ... ... ... ... ... ... C.A ..C ..C C.A ..C ..C ..T ..C ..A ..C ..G ... ... ... C.C C.C C.G C.T .AG C.T ... TCT C.C TC. ..C C.C G.A ..A G.G ... ..A ..C ..C ..C ..C C.. ... ..G ..G ... ..G ... ... ... ... ..T ... ... ... ... ... ..G ..T ... ..C ..G ..G ..G A.G ... ..C T.. ..T ..G ..T T.G ..A ..A ..C T.G ..G ..G ..G ..G ..G ..G ..G ..G ..G ... ... ..G ..G ... ..G ..T ... ... ... ... ..T ... ..A .GC ..C ... ..C ... ..C ..C ..C ... ..C ..C T.G ..A ... ... C.T ..A ..G ... ... ... ..C ..A ..C ..G ..G ... ... ..C ..C ..G AA. ..G ..G ..C ..C .CA ... ..G ... ... ..G ... ..C ..G ... ... ... ..C ..G ..T ..G ..G ... ... ... ..T ... ..C ..G ..C ..G A.. ..A ... ... ... ... ..T ... ..T ... ..C AAG ..T ..T .G. ..G ..T AAG ..G A.G A.G ..C ..G G.A ..T ... ... .CG ..G ... ..G C.. ..G C.. ..G ... ... ... ... ... C.. C.. ... C.. ... ..C ..C ..C ... .AC 
Klac                            ..G ... ..G C.. ... ... ..G .GG ..G ..G ... ..G ... ... ..T ..T ..T ..T ... ... ... ... ... ... ..A ... ... ..C ... ... C.A ... T.. ..C .GC ..G ... ... ... ... C.T ... ... ... ... ..G ... ..T TC. ..A TCA ..T C.. G.A ... G.T ... ... ..C ..C ..C ... G.A ..G ... ... ... ..G ... ... ..T ..T ... ..A ..A ... ... ... ... ... ... ... ..G ..A ... ..T ... ... T.G A.. ..T ..T ... T.A T.A T.A T.A ... ... ... ... ..G ... ..G ... ..G ... ..G ... ... ... ..T ... ... ... ..T A.. ..T ..T ..A ... ... ..C ... ... ... ... ... ..C ..T ... ... ..T ... ... C.A ..T ..T ..T ..T ..C ... ..A ... ... ..C ... ... ..C ... ... AA. ..T A.T .AT ... .C. ... ..A .A. ... ... ... ... ... ..G ... ... ... ..G A.T ..T ..T A.T A.C ..T ... ... ..G ... ... ... A.. ..G ..T ..T ... ... ..T ..T ... ... ... G.C ... ... ..T ... ..T AAA ..A G.. AAC ..A ... ..A ..T ..T ... .CG C.. C.. ..G C.. ..G ..G ..G ..T ... ... ... ... C.C C.. C.A ... ... ..C ... ..C ..C ... 
Calb                            G.T CGT ... ... ... ... ... .G. C.. ..G ... ... ... ... ..T G.A ..T GTA ... ... ..A ..T ..A ... ..A ..A ... CCA ... .C. ... ..T CAG ..C ..T ..C G.C ... ... ... ... ... C.T ... ... .A. ... ..T .AA ..A ... ..T G.G ..A ..T G.T ... ... ... T.A T.G ... GA. ... ... ... ... ..T ... ..T ..T ..T ..T ..A A.. ... ... ... ... ... ... ... GAT ..T ... A.A ... A.A T.. T.. T.. T.. T.G ..A T.A T.A T.G C.. ... ..G ..T ... ... ... ... .G. ... ..G ... .CC ... ... ... ..G ..T ... A.T ..T ..T ..A TC. ... ... ..C ... ..C ... ... ... ..T ..T T.T ..A ..T ..T C.A A.T ..T .GT ..T ... ... ... ... ... ..C ..C TG. .T. ... ... CA. ... ..A ..T ..T .C. ... ... ... ... ..A ... ... ... ... ..G ... ..T A.T ..A ..T ..T ..A A.C ..A ..C ..C ..A ... ... ... A.. ... ... ..T ... ... .TA ..T ... ... ... A.. ..T AGT AG. ..A ..A AAA ... ..A GA. ..A ..C A.. ... ..T ... AC. ... ... ... ... ... ..G ... ... ..T ... ... ... ... ... ... ..A ..A ... ..C ... ... ... 

    1    1    2    2    2    1    2    1    2    1    3    3    4    3    1
    1    1    1    1    1    1    1    4    1    1    6    1    2    3    2
    2    1    1    1    1    1    1    2    1    1    2    4    3    2    1
    1    2    1    2    3    1    1    4    1    5    2    5    1    1    1
    1    2    2    2    5    1    1    1    1    1    2    1    1    2    2
    1    1    1    2    4    1    1    1    3    2    1    2    3    1    1
    1    3    3    1    2    2    1    2    6    1    1    1    3    2    1
    1    2    1    2    1    1    1    1    1    1    2    2    1    1    1
    1    2    2    2    2    1    3    2    2    3    2    2    1    1    2
    1    2    1    2    3    1    1    1    1    1    1    2    1    1    1
    1    1    1    1    2    3    1    1    1    1    2    1    2    2    1
    2    2    2    1    1    1    3    3    1    2    1    2    2    2    1
    1    2    1    2    2    1    2    1    1    2    1    1    1    3    1
    2    1    1    1    1    2    1    2    4    1    2    1    1   10    2
    1    3    1    2    2    1    4    2    1    1    1    1    1    1    2
    2    1    2    1    1    2    1

CODONML (in paml version 4.9j, February 2020)  temp.nuc
Model: One dN/dS ratio, 
Codon frequency model: Fequal
ns =   9  ls = 393

Codon usage in sequences
--------------------------------------------------------------------------------------------------------------------------------------
Phe TTT   7   6   6   5   3   4 | Ser TCT  13   7  13  12   9  12 | Tyr TAT   2   4   4   5   5   1 | Cys TGT   2   1   2   2   2   1
    TTC   5   6   6   7   9   8 |     TCC   3   5   1   3   0   5 |     TAC  10   8   8   7   7  11 |     TGC   2   3   2   2   0   1
Leu TTA  14   8  13  12  17   2 |     TCA   6   5   5   6   8   0 | *** TAA   0   0   0   0   0   0 | *** TGA   0   0   0   0   0   0
    TTG   8  18  11  12  11  17 |     TCG   0   3   1   0   2   3 |     TAG   0   0   0   0   0   0 | Trp TGG  10  10  10  10  10  10
--------------------------------------------------------------------------------------------------------------------------------------
Leu CTT   1   0   0   0   3   2 | Pro CCT   2   7   6   6   5   1 | His CAT   2   2   2   1   6   2 | Arg CGT   5   5   5   5   6   4
    CTC   1   0   1   1   0   0 |     CCC   4   0   1   0   1   0 |     CAC   6   6   6   7   2   6 |     CGC   1   1   1   1   0   0
    CTA   9   8   5   6   6   5 |     CCA   9   8   9   9  10  14 | Gln CAA  10  10   9   9  14  11 |     CGA   0   0   0   0   0   0
    CTG   4   3   7   6   0  15 |     CCG   0   0   0   0   0   0 |     CAG   4   4   5   5   0   5 |     CGG   0   0   0   0   0   1
--------------------------------------------------------------------------------------------------------------------------------------
Ile ATT   8   6  15   6  12   4 | Thr ACT   5   4   4   4   4   2 | Asn AAT   9  10   8   9  19   2 | Ser AGT   1   2   4   4   3   0
    ATC   8   8   4  10   7   4 |     ACC   0   4   1   1   3   4 |     AAC  12  11  13  12   6  17 |     AGC   3   2   0   0   1   3
    ATA   5   6   2   5   1   3 |     ACA   3   2   2   2   4   1 | Lys AAA  21  14  13  13  14   7 | Arg AGA  16  17  19  19  19  18
Met ATG   5   5   5   5   5   5 |     ACG   1   0   1   1   0   2 |     AAG  16  24  26  26  23  31 |     AGG   3   2   0   0   1   3
--------------------------------------------------------------------------------------------------------------------------------------
Val GTT   9   8  10  12  10   9 | Ala GCT  12  17  14  16  16  18 | Asp GAT  17   9  10  16  19  14 | Gly GGT  18  20  20  16  16  19
    GTC   7   9   6   7  15  12 |     GCC   8   8   7   7   5  12 |     GAC   9  17  15   9   7  12 |     GGC   1   1   1   3   1   6
    GTA   2   1   2   2   1   6 |     GCA   7   3   4   5   8   0 | Glu GAA  26  22  22  22  22  17 |     GGA   2   1   3   2   3   4
    GTG   8   9   8   5   1   5 |     GCG   5   3   5   5   0   2 |     GAG   1   4   5   5   5   9 |     GGG   5   6   5   5   6   1
--------------------------------------------------------------------------------------------------------------------------------------

--------------------------------------------------------------------------------------
Phe TTT   2   4   7 | Ser TCT   7   3   6 | Tyr TAT   3   8   5 | Cys TGT   1   2   2
    TTC   9   8   5 |     TCC   4   3   1 |     TAC  10   4   6 |     TGC   2   0   1
Leu TTA   4   6  28 |     TCA   0  13   7 | *** TAA   0   0   0 | *** TGA   0   0   0
    TTG  16  13  11 |     TCG   8   2   0 |     TAG   0   0   0 | Trp TGG  10  10  10
--------------------------------------------------------------------------------------
Leu CTT   6   4   0 | Pro CCT   5   2   5 | His CAT   3   5   8 | Arg CGT   5   8   6
    CTC   6   1   0 |     CCC   1   0   0 |     CAC   5   3   1 |     CGC  13   0   0
    CTA   6  15   1 |     CCA   2  13  12 | Gln CAA   7  15  16 |     CGA   0   0   0
    CTG   5   1   0 |     CCG   8   1   0 |     CAG  11   3   1 |     CGG   3   0   0
--------------------------------------------------------------------------------------
Ile ATT   1   7  12 | Thr ACT   2   4  13 | Asn AAT   2   9  10 | Ser AGT   0   2   4
    ATC   6  10   2 |     ACC   4   1   2 |     AAC  15  14   8 |     AGC   1   1   1
    ATA   6   1   1 |     ACA   1   1   3 | Lys AAA   3  10  31 | Arg AGA   3  16  20
Met ATG   5   5   5 |     ACG   5   1   0 |     AAG  38  26   6 |     AGG   2   2   0
--------------------------------------------------------------------------------------
Val GTT   3  13  16 | Ala GCT   4  22  20 | Asp GAT   8  21  23 | Gly GGT  12  14  21
    GTC   4   0   4 |     GCC  12   9   5 |     GAC  17   7   6 |     GGC   8   0   0
    GTA   3   4   6 |     GCA   7   5   1 | Glu GAA   5  21  21 |     GGA   0   1   4
    GTG  18   9   4 |     GCG   9   0   0 |     GAG  22   5   3 |     GGG   5   5   2
--------------------------------------------------------------------------------------

Codon position x base (3x4) table for each sequence.

#1: Scer           
position  1:    T:0.20865    C:0.14758    A:0.29517    G:0.34860
position  2:    T:0.25700    C:0.19847    A:0.36896    G:0.17557
position  3:    T:0.28753    C:0.20356    A:0.33079    G:0.17812
Average         T:0.25106    C:0.18321    A:0.33164    G:0.23410

#2: Sbay           
position  1:    T:0.21374    C:0.13740    A:0.29771    G:0.35115
position  2:    T:0.25700    C:0.19338    A:0.36896    G:0.18066
position  3:    T:0.27481    C:0.22646    A:0.26718    G:0.23155
Average         T:0.24852    C:0.18575    A:0.31128    G:0.25445

#3: Smik           
position  1:    T:0.20865    C:0.14504    A:0.29771    G:0.34860
position  2:    T:0.25700    C:0.18830    A:0.37150    G:0.18321
position  3:    T:0.31298    C:0.18575    A:0.27481    G:0.22646
Average         T:0.25954    C:0.17303    A:0.31467    G:0.25276

#4: Spar           
position  1:    T:0.21120    C:0.14249    A:0.29771    G:0.34860
position  2:    T:0.25700    C:0.19593    A:0.37150    G:0.17557
position  3:    T:0.30280    C:0.19593    A:0.28499    G:0.21628
Average         T:0.25700    C:0.17812    A:0.31807    G:0.24682

#5: Ncas           
position  1:    T:0.21120    C:0.13486    A:0.31043    G:0.34351
position  2:    T:0.25700    C:0.19084    A:0.37913    G:0.17303
position  3:    T:0.35115    C:0.16285    A:0.32316    G:0.16285
Average         T:0.27311    C:0.16285    A:0.33757    G:0.22646

#6: Cgla           
position  1:    T:0.19084    C:0.16794    A:0.26972    G:0.37150
position  2:    T:0.25700    C:0.19338    A:0.36896    G:0.18066
position  3:    T:0.24173    C:0.25700    A:0.22392    G:0.27735
Average         T:0.22986    C:0.20611    A:0.28753    G:0.27651

#7: Agos           
position  1:    T:0.19338    C:0.21883    A:0.23919    G:0.34860
position  2:    T:0.25445    C:0.20102    A:0.37913    G:0.16539
position  3:    T:0.16285    C:0.29771    A:0.11959    G:0.41985
Average         T:0.20356    C:0.23919    A:0.24597    G:0.31128

#8: Klac           
position  1:    T:0.19338    C:0.18066    A:0.27990    G:0.34606
position  2:    T:0.25700    C:0.20356    A:0.38422    G:0.15522
position  3:    T:0.32570    C:0.15522    A:0.30789    G:0.21120
Average         T:0.25869    C:0.17981    A:0.32400    G:0.23749

#9: Calb           
position  1:    T:0.22646    C:0.12723    A:0.30025    G:0.34606
position  2:    T:0.25954    C:0.19084    A:0.36896    G:0.18066
position  3:    T:0.40204    C:0.10687    A:0.38422    G:0.10687
Average         T:0.29601    C:0.14165    A:0.35115    G:0.21120

Sums of codon usage counts
------------------------------------------------------------------------------
Phe F TTT      44 | Ser S TCT      82 | Tyr Y TAT      37 | Cys C TGT      15
      TTC      63 |       TCC      25 |       TAC      71 |       TGC      13
Leu L TTA     104 |       TCA      50 | *** * TAA       0 | *** * TGA       0
      TTG     117 |       TCG      19 |       TAG       0 | Trp W TGG      90
------------------------------------------------------------------------------
Leu L CTT      16 | Pro P CCT      39 | His H CAT      31 | Arg R CGT      49
      CTC      10 |       CCC       7 |       CAC      42 |       CGC      17
      CTA      61 |       CCA      86 | Gln Q CAA     101 |       CGA       0
      CTG      41 |       CCG       9 |       CAG      38 |       CGG       4
------------------------------------------------------------------------------
Ile I ATT      71 | Thr T ACT      42 | Asn N AAT      78 | Ser S AGT      20
      ATC      59 |       ACC      20 |       AAC     108 |       AGC      12
      ATA      30 |       ACA      19 | Lys K AAA     126 | Arg R AGA     147
Met M ATG      45 |       ACG      11 |       AAG     216 |       AGG      13
------------------------------------------------------------------------------
Val V GTT      90 | Ala A GCT     139 | Asp D GAT     137 | Gly G GGT     156
      GTC      64 |       GCC      73 |       GAC      99 |       GGC      21
      GTA      27 |       GCA      40 | Glu E GAA     178 |       GGA      20
      GTG      67 |       GCG      29 |       GAG      59 |       GGG      40
------------------------------------------------------------------------------


Codon position x base (3x4) table, overall

position  1:    T:0.20639    C:0.15578    A:0.28753    G:0.35030
position  2:    T:0.25700    C:0.19508    A:0.37348    G:0.17444
position  3:    T:0.29573    C:0.19904    A:0.27962    G:0.22561
Average         T:0.25304    C:0.18330    A:0.31354    G:0.25012

Codon frequencies under model, for use in evolver (TTT TTC TTA TTG ... GGG):
  0.01639344  0.01639344  0.01639344  0.01639344
  0.01639344  0.01639344  0.01639344  0.01639344
  0.01639344  0.01639344  0.00000000  0.00000000
  0.01639344  0.01639344  0.00000000  0.01639344
  0.01639344  0.01639344  0.01639344  0.01639344
  0.01639344  0.01639344  0.01639344  0.01639344
  0.01639344  0.01639344  0.01639344  0.01639344
  0.01639344  0.01639344  0.01639344  0.01639344
  0.01639344  0.01639344  0.01639344  0.01639344
  0.01639344  0.01639344  0.01639344  0.01639344
  0.01639344  0.01639344  0.01639344  0.01639344
  0.01639344  0.01639344  0.01639344  0.01639344
  0.01639344  0.01639344  0.01639344  0.01639344
  0.01639344  0.01639344  0.01639344  0.01639344
  0.01639344  0.01639344  0.01639344  0.01639344
  0.01639344  0.01639344  0.01639344  0.01639344


TREE #  1:  (((((1, 4), (3, 2)), 5), 6), ((7, 8), 9));   MP score: 1016
This is a rooted tree.  Please check!
lnL(ntime: 16  np: 18):  -5492.038091      +0.000000
  10..11   11..12   12..13   13..14   14..1    14..4    13..15   15..3    15..2    12..5    11..6    10..16   16..17   17..7    17..8    16..9  
 0.019672 0.085079 0.285123 0.089686 0.211907 0.043162 0.073742 0.137518 0.247788 0.413511 0.591002 0.019681 0.189820 1.410405 0.436780 1.148646 1.824728 0.041129

Note: Branch length is defined as number of nucleotide substitutions per codon (not per neucleotide site).

tree length =  5.403524

(((((1: 0.211907, 4: 0.043162): 0.089686, (3: 0.137518, 2: 0.247788): 0.073742): 0.285123, 5: 0.413511): 0.085079, 6: 0.591002): 0.019672, ((7: 1.410405, 8: 0.436780): 0.189820, 9: 1.148646): 0.019681);

(((((Scer: 0.211907, Spar: 0.043162): 0.089686, (Smik: 0.137518, Sbay: 0.247788): 0.073742): 0.285123, Ncas: 0.413511): 0.085079, Cgla: 0.591002): 0.019672, ((Agos: 1.410405, Klac: 0.436780): 0.189820, Calb: 1.148646): 0.019681);

Detailed output identifying parameters

kappa (ts/tv) =  1.82473

omega (dN/dS) =  0.04113

dN & dS for each branch

 branch          t       N       S   dN/dS      dN      dS  N*dN  S*dS

  10..11     0.020   854.6   324.4  0.0411  0.0009  0.0215   0.8   7.0
  11..12     0.085   854.6   324.4  0.0411  0.0038  0.0930   3.3  30.2
  12..13     0.285   854.6   324.4  0.0411  0.0128  0.3116  11.0 101.1
  13..14     0.090   854.6   324.4  0.0411  0.0040  0.0980   3.4  31.8
  14..1      0.212   854.6   324.4  0.0411  0.0095  0.2316   8.1  75.1
  14..4      0.043   854.6   324.4  0.0411  0.0019  0.0472   1.7  15.3
  13..15     0.074   854.6   324.4  0.0411  0.0033  0.0806   2.8  26.1
  15..3      0.138   854.6   324.4  0.0411  0.0062  0.1503   5.3  48.8
  15..2      0.248   854.6   324.4  0.0411  0.0111  0.2708   9.5  87.9
  12..5      0.414   854.6   324.4  0.0411  0.0186  0.4520  15.9 146.6
  11..6      0.591   854.6   324.4  0.0411  0.0266  0.6459  22.7 209.6
  10..16     0.020   854.6   324.4  0.0411  0.0009  0.0215   0.8   7.0
  16..17     0.190   854.6   324.4  0.0411  0.0085  0.2075   7.3  67.3
  17..7      1.410   854.6   324.4  0.0411  0.0634  1.5415  54.2 500.1
  17..8      0.437   854.6   324.4  0.0411  0.0196  0.4774  16.8 154.9
  16..9      1.149   854.6   324.4  0.0411  0.0516  1.2554  44.1 407.3

tree length for dN:       0.2429
tree length for dS:       5.9059


Time used:  0:09
