      9   1182

Scer                            GAT AGA GTT GTT ATC TTT TAT AGG ACT GAA TGG GAT TCA AGA GGT ACT AAA CCT GGT CAT GAT ACT CGT TTC GTA AAG CCA TTG TTA ACC CCA GGT ATT AAT ATC GGT GGT TCC AAT GTG CAG TCC CAT ATG ATT GAG TAT GAC GTT TCC GAA GGT CTA GTC GAA CTG ATA GGT TTA ACC GAC TTT TTG GTA AGA ACT ATT CAG GAA TGG AGA AGA ACG TCA ACG TTG CAC GTC AAA ACT GTC GCG GAT TGG CAG CGC GAT CAA TAT TTT TGG GAC AAG GTT AGA AAA GAT CAA CAA GAA GGT ATT ATG ATT CCT TAC CCG GGT ACT CAG CGT TTT CCA AGT GTG TTG ACT GAT AGA GCA GTA TGG TTG AGA AGT CAG TTA CAA ACT TTG GGT CCG TCT AGA AAT ACA GAG CGA GAA AAA TCA AAT AAC AAA GAA TGG ACA ACT TTT GTA GGG TCA CAA GGT AGG GGT AGA AAA ATA GCG CCT TGG TTT CAC GGT GTC GCC AGA GCG GAA CGT ATT GTC AAG GGT TGG GAA TAC ATC ATA AAT GGT AAT CGT AAA GCT AAC GGT ATC AAA GAC GGT AGA GTG TCT CTG CAG CAG GAA CTA GTT ACG GAG GTG CCT TTG TTT TCG AGA GAT AGA GGT TCG GCC GGT CCA GAA TTA GAC GAT ATT TTG AGT CAA GTG GAT AAG GAT AAA AGT CCT GTA TTA AAC ACG AGA TGG TAT AAC GAT TTC TTG GTC CAA GGT ATT GAG GCC GAC CCG AAA CAG GGT GCC CTA AGA GAT GCT GAC AAG TAC GAT TGG GTT TTG ATG AGA GAC CCA ACT ATC ATG ACG TTG GGT GGT GTC CAG TGG AAA GCT CAA TAT TCA AGA CGT TAT GAC GAA GAA CGT GGT GCC GTC TCG AGC CCT GCA TAC GCC TTT ATC ACG CAG GTC CAC CGC TGG ATC GGT ACG TTG TAC GTG AGT ACA CCA GCT GTG GGT ATA CGT GGT TTT ATG GTG GTT CAG TTA GAC AAG ATA GGT CCT TCC GAA AGT ATT GAC GAA CCT TTA AGT AGA GAT GTG CGT GGT GAA ATC CGT AAA CTG GAT GAC TTG CCA CAA AGT TCA AAT AAC GTT TTA GCT ATC CAG AGA ACT ATA TCA CGT TCT ACG CAG AAA TAC AGA TGT CAG TTT GAA AAG AAA ATC GCT CCA TTG AAT ATC GAA GTG GAT ATG 
Sbay                            GAC AGA GTT GTC ATT TTT TAT AGA ACT GAG TGG GAC TCC AGA GGT ACT AAA CCT GGT CAT GAC ACC CGT TTC GTT AAG CCA TTA CTA ACT CCA GGT ATC AAC ATT GGT GGT TCC AAC GTG CAA TCC CAT ATG ATT GAG TAT GAC GTT TCC GAG GGT TTA GTC GAA CTG ATA GGT CTG ACT AGC TTC CTA GTA AGA ACT ATT CAA GAA TGG AGA AGA ACC TCT ACA TTA CAC GTC AAG ACT GTC GCT GAT TGG CAA CGT AAT CAA TAT TTC TGG GAT AAG GTC AGA AAA GAC CAA CAA GAA GGT ATT ATG ATT CCT TAC CCA GGT ACT CAA CGG TTT CCA AGT GTG TTA ACT GAT AGA GCT GTA TGG TTA AGA AGC CAA TTA CAG ACT TTG GGT CCA TCC AGA AAT ACA GAA AGA GAG AAA TCA AAC AAC AAA GAA TGG ACC ACC TTC GTA GGC TCA CAA GGT AGA GGT AGA AAG ATA GCT CCT TGG TTC CAC GGG GTC GCT AGA GCG GAG CGT ATT GTC AAG GGT TGG GAA TAC ATT ATA AAC GGT AAC CGT AAG GCT AAT GGT ATT AAG GAC GGT AGA GTA TCA TTG CAA CAA GAA TTA GTT ACC GAA GTG CCT TTG TTT TCG AGA GAT AGG GGT TCG GCC GGT CCG GAA CTA AGC GAC ATC TTG AGT CAA GTG GAC AAG GAT AAG AGC CCT GTT CTC AAT ACA AGA TGG TAT AAT GAT TTC TTG GTC CAA GGT ATT GAT GCT GAC CCA AAA CAG GGT GCC CTA AGA GAT GCT GAT AAA TAT GAT TGG GTC CTA ATG AGA GAT CCA ACT ATC ATG ACA TTA GGT GGT GTC CAA TGG AAG GCT CAG TAT TCC AGA CGT TAT GAC GAA GAG CGT GGT GCT GTC TCG AGT CCT GCA TAC GCC TTT ATT ACA CAA GTC CAC CGT TGG ATC GGT ACA TTG TAT GTA AGT ACA CCA GCT GTG GGT ATA CGT GGT TTC ATG GTG GTC CAG CTA GAC AAG ATA GGG CCT TCC GAA AGT ATT GAC GAA CCT CTA AGC ACA GAT GTG CGT GGT GAG ATT CGT AAG CTG GAT GAC TTG CCT CAA AGT TCT AAT AAC GTT CTG GCT ATT CAA AGA ACT ATA TCA CGT TCT ACG CAA AAA TAC AGA TGT CAG TTC GAA AAG AAG ATC GCT CCA TTG AAT ATT GAG GTG GAT ATG 
Smik                            GAT AGA GTT GTC ATT TTT TAT AGG ACT GAG TGG GAT TCC AGA GGT ACT AAA CCT GGT CAT GAT ACG CGT TTC GTT AAA CCA CTG TTA ACC CCA GGT ATC AAC ATC GGC GGT TCC AAC GTT CAG TCC CAC ATG ATT GAA TAC GAC GTT TCC GAG GGT TTG GTC GAA CTG ATA GGT TTG ACC GAT TTT TTG GTG AAA ACT ATT CAA GAG TGG AAA AGA ACT TCT ACA TTG CAC GTC AAA ACC GTC GCC GAC TGG CAG CGC GAT CAA TAT TTC TGG GAT AAG GTT AGA AAA GAT CAA CAG GAA GGT ATT ATG ATT CCT TAC CCA GGT ACC CAA CGT TTC CCA AGT GTG TTG ACC GAT AGA GCA GTG TGG CTG AGA AGT CAG CTC CAA ACT TTG GGT CCT TCT AGA AAT ACA GAA AGA GAG AAA TCA AAC AAC AAA GAA TGG ACA ACG TTC GTG GGA TCT CAA GGT AGG GGT AGA AAA ATA GCC CCT TGG TTC CAT GGG GTC GCT AGA GCG GAG CGT ATC GTC AAA GGT TGG GAA TAC ATT ATA AAT GGT AAC CGT AAG GCT AAT GGT ATC AAA GAT GGT AGA GTA TCT TTA CAA CAA GAA TTG GTA ACT GAG GTG CCT TTG TTC TCG AGA GAC AGA GGT TCG GCC GGT CCA GAA TTA GAT GAT ATT CTA AGT CAA GTG GAT AAG GAC AAA AGT CCT GTG CTA AAT ACA AGA TGG TAT AAC GAT TTC TTG GTC CAA GGT ATC GAC GCC GAT CCT AAA CAG GGT GCC CTA AGA GAT GCT GAC AAG TAT GAT TGG GTT TTG ATG AAA GAC CCA ACC ATT ATG ACA TTG GGT GGT GTC CAA TGG AAG GCT CAG TAT TCC AGA CGT TAT GAT GAG GAA CGT GGT GCC GTC TCA AGT CCT GCA TAC GCC TTC ATT ACA CAA GTC CAC CGC TGG ATC GGT ACA TTG TAT GTA AGT ACA CCA GCC GTG GGT ATA CGT GGT TTT ATG GTG GTC CAA TTA GAC AAG ATA GGG CCT TCC GAA AGT ATT GAT GAA CCT TTG AGT AGA GAT GTC CGT GGT GAG ATT CGT AAG CTG GAT GAT TTG CCA CAA AGT TCA AAT AAC GTT TTG GCT ATT CAA AGA ACT ATA TCA CGT TCA ACA CAA AAA TAT AGA TGT CAA TTT GAA AAA AAA ATC GCT CCA TTG AAT ATT GAG GTT GAT ATG 
Spar                            GAT AGA GTT GTC ATT TTT TAT AGG ACT GAA TGG GAT TCT AGA GGT ACT AAA CCT GGT CAT GAT ACC CGT TTC GTT AAG CCA TTG TTA ACC CCA GGT ATC AAC ATC GGT GGT TCT AAC GTG CAA TCT CAC ATG ATT GAA TAT GAC GTT TCT GAA GGT CTA GTC GAA CTG ATA GGT TTA ACC GAC TTT TTG GTA AGA ACC ATC CAA GAA TGG AGA AGA ACC TCC ACG TTG CAC GTC AAG ACT GTC GCC GAC TGG CAA CGC GAC CAA TAT TTC TGG GAT AAG GTT AGA AAA GAC CAA CAA GAA GGT ATT ATG ATT CCT TAC CCA GGT ACT CAA CGT TTC CCA AGT GTG TTG ACC GAT AGA GCA GTA TGG TTG AGA AGC CAA TTA CAA ACC TTG GGT CCG TCT AGA AAT ACG GAA AGA GAA AAA TCA AAC AAC AAA GAA TGG ACA ACC TTT GTA GGG TCA CAA GGT AGG GGT AGA AAA ATA GCA CCT TGG TTC CAC GGT GTC GCC AGA GCG GAA CGT ATT GTC AAG GGT TGG GAA TAC ATT ATA AAT GGT AAC CGT AAA GCA AAC GGT ATC AAA GAT GGT AGA GTA TCT CTA CAG CAA GAA CTA GTT ACC GAG GTG CCC TTG TTC TCG AGA GAC AGA GGT TCG GCC GGT CCC GAA TTA GAC GAT ATC TTG AGC CAG GTG GAT AAA GAC AAA AGC CCC GTG TTG AAT ACG AGA TGG TAT AAC GAT TTT TTG GTC CAA GGT ATT GAC GCC GAC CCG AAA CAG GGT GCC CTA AGA GAT GCT GAC AAG TAC GAT TGG GTT TTG ATG AGA GAC CCA ACT ATC ATG ACA TTG GGT GGT GTC CAA TGG AAG GCT CAA TAT TCT AGA CGT TAT GAC GAA GAG CGT GGT GCC GTC TCG AGC CCT GCA TAC GCC TTC ATC ACA CAG GTC CAC CGC TGG ATC GGT ACA TTG TAT GTA AGC ACG CCA GCC GTG GGT ATA CGT GGT TTT ATG GTG GTC CAG TTA GAC AAG ATA GGT CCT TCT GAA AGT ATT GAT GAA CCT CTA AGC AGA GAT GTG CGT GGT GAA ATT CGT AAG CTG GAT GAT TTG CCA CAA AGC TCA AAT AAC GTT TTA GCT ATC CAA AGA ACT ATA TCA CGT TCT ACA CAA AAA TAC AGA TGC CAG TTT GAA AAG AAA ATC GCT CCG TTG AAT ATT GAA GTG GAT ATG 
Ncas                            GAT AGA GTC GTC CTT TTC TAT AGA ACT GAA TGG GAT ATT AGA GGT ACT AAA CCT GGT CAT GAT ACT CGT TAC GTG AAG CCA TTA ATG ACT CCA GGT GTG AAC ATT GGT GGT TCC AAC GTT CAA TCC CAT ATG ATC GAA TAT GAT GTG TCC GAT GGT CTG GTG GAA CTC CCA GGT TTA ACT GAC TTT TTG GTC AGA ACA ATC CAA GAA TGG AGA AGA ACT TCC ACA TTA CAC GTT AAT ACC GTG GCA GAT TGG CAA CGT TCC CAA TAC TTC TGG GAT AAG GTC AGA AAA GAC CAG CAA GAA GGT ATT ATG GTG CCT TAC CCC GGT ACT CAA CGT TTT CCA AGT GTT TTA ACC GAT AGA GCC GTT TGG TTA AGA AGT CAA CTT CAA ACA TTG GGT CCA TCT AGA AAT ACG GAC AGA GAT AAA TCA AAC AAC AAG GAA TGG ACA ACT TTT GTT GGG TCC GAA GGT AGA GGT AGA AAA ATT AGT CCT TGG TTT CAT GAT GTG GCT AGA GTT GAT CGT ATT GTG AAG GGT TGG GAA TAC ATT ATA AAT GGT AAC CGT AAG GCC AAT GGT ATT AAA GAT GGT AGA GTA TCA CTA CAA CAA GAA CTG GTG ACT GAA GTT CCA TTG TTT TCG AGG GAT AGA GGT TCC GCC GGT CCA GAA ATG GAC GAT ATC TTG AGT CAA GTT GAT AAG GAT AAA AGT CCA GTT TTA AAT ACA AGG TGG TAT AAC GAT TTT TTG GTT CAA GGT CTT GAT GCT GAT CCA AAA GAG GGT GCC CTT AGA GAT GCA GAT AAG TAT GAT TGG GTC TTG ATG AGA GAT CCA ACC ATC ATG ACT CTT GGT GGT GTT CAA TGG AAA TCT CAA TAC ATT AGA CGT TAT GAT GAA GAA CGT GGT GCT GTT TCC AGT CCT GCC TAT GCC TTT ATC ACT CAA GTT CAC CGT TGG TTG GGT ACT CTA TAT GTA AGT ACG CCA GCT GTT GGT CCA CGT GGG TTC ATG GTT GTC AAT ATG GAT AAG CCA GAT CCT TCC GAT AGT ATC GAT GAT CCT TTA AGT AGA GAT ATT CGT GGT GAT ATT CGT AAA CTC GAT GAT CTA CCA GAA AGT TGT AAT AAC GTC TTA GCG ATC CAA AGA ACT CCA TCA CGT TCT ACC CAA AAG TAC AGA TGT AAT TTC GAA AAA AAA TTG GCA CCT CTA AAT ATT GAT GTT GAT ATG 
Cgla                            GAT AGA GTT GTG ATC TTT TAC CGG ACA GAG TGG GAC GTC CGT GGT ACA AAG CCG GGT CAC GAT ACT CGT TAT GTC AAG CCA CTG GTT ACT CCA GGT ATT AAC ATT GGC GGT TCC AAC GTA CAG TCC CAC ATG ATC GAC TAC GAT GTG TCC GAC GGT CTG GTC GAA TTG CCC GGT TTA ACT CAG TTT TTA GTC AGA ACT ATT CAG GAG TGG AGA AGA ACA TCT ACG CTG CAC GTC AAA ACC GTC GCA GAC TGG CAG CGC TCT CAA TAC TTC TGG GAC AAG GTC CGT AAA GAC CAG CAA GAA GGT ATT ATG ATT CCT TAC CCT GGT ACG CAG CGT TTC CCA AGC GTG CTG ACT GAT AGA GCC GTC TGG CTG AGA AAT CAG CTA CAG ACT TTG GGT CCC TCA AGA AAC ACG GAT AGA GAC AAG TCC AAC AAC AAG GAG TGG ACC ACT TTC GTC GGT TCT AAA GGA CGG GGT CGT AAA ATC TCT CCT TGG TTC CAC GAT GTC GCT AGA CTG GAC CGT ATT GTC AAG GGT TGG GAA TAC ATT ATC AAC GGT AAC CGT AAG GCG AAC GGT ATT AAG GAT GGT AGA GTG TCG CTG CAG CAG GAG CTG GTC ACA GAG GTG CCA TTG TTC GCG AGG GAC AGA GGT TCC GCT GGA CCG GAA GTT CAG GAC ATC TTG ACC CAG GTT GAC AAG GAC AAG AAT CCA ATA TTG AAC ACG AGG TGG TAC AAC GAC TTT CTG GTC CAG GGA GTG GAG GCT GAC CCC AAA GAG GGT GCT CTG AAG GAC GCT GAC AAG TAC GAT TGG CTT TTA ATG AGA GAC CCA ACC ATC ATG ACA CTG GGT GGT GTC CAG TGG AAG GCA CAA TAC GTC AAG CGT TAC GAC GAG GAA CGT GGT GCT GTG TCT AGC CCC GCA TAC GCT TTC ATC ACA CAG GTC CAC CGC TGG CTA GGT ACA TTG TAC GTG ACC ACG CCA GCT GTG GGT CCC CGC GGT TTC ATG GTG GTG AAC GTT GAT AAG CCC GAT CCC TCC GAG AGC ATC GAT GAG CCC TTG AAT AGG GAC GTA CGT GGT GAC ATT CGT AAG TTG GAT GAT CTC CCA AAA ACC TCC AAC AAC GTT TTA GCC ATC CAG AGA ACA CCC TCC CGT TCC ACG CAG CAA TAC AGA TGT AAC TTC GAA AAG AAG CTA GCT CCG TTG AAC ATT GAC GTA GAT ATG 
Agos                            GAT AGA GTG GTC ATA TTT TAT CGC ACG GAG TGG GAT TTA AGA GGC ACG AAA CCT GGT CAT GAC ACG CGT TTC GTC AAG CCT CTC ATG ACG CCT GGA ATC AAT ATT GGC GGT GGG AAT GTG CAG TCC CAC ATG ATT GAC TAT GAT GTG GGG AAC GGT CTT GTT GAA CTG GTG GGA CTG ACG GAA TTC CTG GTC AGA ACT ATT CAG GAA TGG AGA CGT ACC TCT ACA TTG CAT GTA AAG ACC GTC GCT GAC TGG CAG CGT GCC CAA TAC TTC TGG GAC AAG GTG AGA AAA GAT CAG CAG GAG GGT ATT ATG GTT CCA TAC CCC GGC TCC CAG CGG TTC CCT AGT GTG TTG ACA GAC AGA GCT GTG TGG CTC AGA AGC CAG CTA CAG ACT TTG GGT CCG TCT AGA GGT ACT GAA CGT AAC AAA TCT AAT AAC AAG GAA TGG ACC ACG TTC GTG GGC TCT CAG GGA CGC GGC AAG AAG ATC GCT CCA TGG TTC CAT GGG GTC GCA AGA TTG AAC CGT ATT GTT AAG GGT TGG GAA TAC ATC ATT AAC GGT AAT CGT AAG GCG AGC GGT ATT AAA GAC GGC CGT GTC TCC CTG CAA CAG GAA CTT GTC ACC GAA GTT CCT TTG TTC TCG AGG GAC AGA GGT TCG GCT GGA CCG GAA ATG GAA GAT ATC TTG AGT CAG GTG GAC AAA GAC AAA AGC CCT GTC CTG AAC ACA AGG TGG TAT AAC GAC TTT TTG GTA CAG GGA ATG GAC GCA GAC CCG AAA GAG GGT GCT CTC TCC GAC GCA GAC AAG TAC GAC TGG CTG CTG ATG AGA GAC CCA ACC ATC ATG GTT CTA GGT GGG GTA CAG TGG AAG GCT CAG TAC TTA TCC CGT TAC GAC GAA GAG CGT GGA GCC GTG TCT AGT CCC GCT TAC GCT TTC ATC GTT CAA GTA CAT CGT TGG ATG GGT GTT CTG TAC GTC AGT ACT CCA GCA GTT GGT GTG CGT GGA TTC ATG GTT GTC AAG ATG GAT AAG GTG GGG CCC TCC GAG AGT ATT GAC GAG CCC CTG AGC AGA GAC GTG CGT GGT AAC ATC CGT AAG CTG GAC GAC TTG CCA CAG AGT TCC AAC AAC GTG CTG GCA ATC CAG AGA ACG GTG TCT CGT TCA ACC CAG CAG TAC AGA TGC AAG TTC GAG AAA AAA ATG GCA CCA CTG TCT ATC AAC GTG GAC ATG 
Klac                            GAT AGA GTC GTG GTC TTC TAT AGA ACC GAG TGG GAC ATA AGA GGT ACC AAG CCT GGT CAT GAT ACT CGT TAT GTT AAG CCT TTA ATG ACC CCA GGT ATT AAC ACA GGT GGT TCT AAC GTC CAA TCC CAT CTA ATC GAA TAC GAT GTT TCT AAT GGT TTA GTG GAA CTT CCA GGT TTA ACC AGT TTC TTG GTT AGA ACA ATA CAA GAA TGG AGA AGA ACT TCG ACG CTA CAC GTA AAA ACG GTC GCA GAC TGG CAA CGT GAA CAA TAC TTT TGG GAT AAA GTC AGA AAA GAC CAA CAA GAA GGT ATT ATG ATT CCT TAC CCA GGT ACC CAA CGT TTC CCA AGT GTT CTA ACT GAT AGA GCA GTC TGG TTA AGA AGT CAA CTT CAA ACA TTG GGT CCT TCT AGA GGA ACT GAA AGG AAT AAG TCT AAC AAC AAG GAA TGG ACC ACT TTC GTC GGT TCC AAA GGA AGA GGT AAG AAG ATT TCA CCT TGG CAC CAC AAC GTC GCT AGA GCA AAT CGT ATC GTG AAG GGT TGG GAA TAC ATT ATT AAC GGT AAC CGT AAG GCA AAC GGT ACA TCG GAT GGT AGA GTG TCA CTA CAA CAA GAA TTA GTT ACT GAG GTA CCA TTG TTC TCA AGA GAC AGA GGT TCA GCA GGA CCA GAA ATG AGT GAC ATC TTG AGT CAA ATA GAT AAA GAT TCG AGT CCA GTT CTT AAC ACG AGA TGG TAT AAT GAC TTT TTG GTA CAA GGA ATC GAT GCT GAT CCT AAA GAA GGT GCA CTG AAG GAT GCT GAT AAG TAC GAT TGG CTT TTG ATG AGA GAT CCA ACG ATC ATG ACT TTA GGT GGT GTA CAA TGG AAA AGT CAG TAC ATA AAG CGT TAC GAT GAA GAA CGT GGT GCT GTC TCT AGT CCA GCT TAC GCA TTC ATC ACT CAA GTA CAC CGT TGG ATC GGT ACT TTG TAC GTG AGT ACT CCA GCA GTA GGT CCA CGC GGT TTC ATG GTA GTG CAA ATG GAT AAA CCA AAC CCA TCC GAA AGT ATC GAT GAA CCA CTT AGT AGA GAT GTT CGT GGT AAT ATT CGT AAA CTT GAT GAT TTA CCC AAA AGT TGT AAT AAC GTC TTA GCA ATC CAA AGA ACC CCA TCT CGT TCT ACA CAA AAA TAC AGA TGT CAA TTC GAA AAA TCG ATC GCT CCA TTG TCT ATT AAT GTC GAT ATG 
Calb                            GAT AGA GTT GTT TTA TTT TAC CGT ACT GAA TGG GAT ACC AGA GGT ACT AAA CCT GGT CAT GAT ACT AGA TTT GTT AAG CCA TTG ATG ACC CCA GGT ATT GAT GTT GGT GGT ACA GAT GCA CAA TCT CAT TTG ATT GAA TAT GAT TGT ACA GAT GGT TTG GTC GAC TTG CCA GGT TTA ACC CAA TTC TTA GTC AGA ACT ATT CAA GAG TGG AGA AGA ACG TCT ACT ATG CAT GTA AAA ACA GTT GCT GAT TGG CAA CGC AAG CAA TAT TTC TGG GAT AAA GTG AGA AAA GAC CAA CAA GAA GGG ATC ATG ATT CCA TAC CCA GGT GTT CAG AGA TTC CCA TCA GTG ATG ACT GAC AGA GCA ATC TGG TTG AGA TCT CAA CTT CAA ACT TTG GGG CCA TCC AGA GAC ACC GAA CGT GAT AAA TCT GAT AAC AAA GAA TGG ACT ACT TTC ATC GGT TCT AAA GGA CGT GGT AAA AAG ATA AGT CCA TGG TAT CAT AAT GTT GCA AGA CTC GAT CGT ATT GTC AAG GGT TGG GAG TAT TTA ATA AAC GGT GAT CGT AAA GCT AAT GGG GTT AAG GAT GGT AGA GTA TCT TTG CAG CAG GAG TTG GTC ACG GAA GTT CCA TTG TTC AGC AAG GAT CGT GGT TCT GCT GGA CCA GAG ATG CAA GAT ATC TTG TCA CAA GTC GAT AAG GAT AAG TCT CCA GTC TTG AAC ACT AAG TGG TAT GGT GAC TTT TTG GTA TTA GGA ATG GAG GCT CCA CCA AAA GAA GGT GCT TTA GGC GAT GCG GAT CAA TAC GAC TGG GTT TTA ATG AGA GAT CCA ACA ATC ATG CAA TTG GGA GGA GTA CAG TGG AAG AGT CAA TAT ACC GGC CGT TAC CCA GAG GAA AGA GGT GCC GTG TCT ACT CCT GCG TAT GCT TTC ATC CAA CAG GTA CAT CGC TGG ATA GGT CAA TTA TAC GTA TCA ACC CCA GCA GTT GGG CCA CGT GGA TTC ATG GTT GTT GGA ATG GAT AAA CCA AAT CCT TCT GAA TCA GCA GAT GAA CCT TTG TCT ACA GAT GTG AGA GGT GAT TTA AGA AAG TTG GAC GAT TTG CCA AAA TCA TGT AAT AAC GTT TTA GCC ATC CAG AGA ACT CCA TCT CGT AGT ACA CAG AAA TAC AGA TGT GGA TTC GAA GAA AAG ATA GCG CCA TTA GGT TTA GAT GCA GAC ATG 



Printing out site pattern counts


         9        705  P

Scer                            AAA AAA AAA AAA AAA AAA AAA AAA AAA AAC AAC AAC AAC AAG AAG AAG AAG AAG AAT AAT AAT AAT AAT ACA ACA ACC ACG ACG ACG ACG ACT ACT ACT ACT ACT ACT AGA AGA AGA AGA AGA AGA AGA AGA AGA AGC AGG AGT AGT AGT ATA ATA ATA ATC ATC ATC ATC ATC ATC ATG ATG ATT ATT ATT ATT ATT ATT ATT ATT ATT CAA CAA CAA CAA CAA CAA CAA CAA CAC CAC CAG CAG CAG CAG CAG CAG CAT CAT CCA CCA CCA CCA CCA CCA CCG CCG CCT CCT CCT CCT CGA CGC CGT CGT CGT CGT CTA CTA CTG CTG GAA GAA GAA GAA GAA GAA GAA GAA GAA GAA GAC GAC GAC GAC GAC GAC GAG GAG GAG GAG GAT GAT GAT GAT GAT GAT GAT GAT GAT GAT GAT GCA GCA GCC GCC GCC GCC GCG GCG GCG GCT GCT GCT GCT GCT GGG GGT GGT GGT GGT GGT GGT GGT GGT GGT GGT GTA GTA GTA GTA GTC GTC GTC GTC GTG GTG GTG GTG GTG GTG GTT GTT GTT GTT GTT GTT TAC TAC TAC TAC TAC TAC TAT TAT TAT TAT TAT TCA TCA TCA TCA TCA TCC TCC TCG TCG TCG TCT TCT TCT TGG TGT TTA TTA TTA TTA TTA TTC TTC TTG TTG TTG TTG TTG TTG TTG TTG TTG TTT TTT TTT TTT TTT TTT TTT 
Sbay                            ... ... ... ... ..G ..G ..G ..G ..G ... ..T ..T ..T ..A ... ... ... ... ..C ..C ... ... ... ... ..C ..T ..A ..A ..C ... ..C ... ... ... ... ... .C. ... ... ... ... ... ... ... ..G ..T ..A ..C ... ... ... ... ... ... ... ..T ..T ..T ..T ... ... ..C ..C ... ... ... ... ... ... ... ... ... ... ... ... ... ..G ..G ... ... ..A ..A ..A ..A ... ... ... ... ... ... ... ... ..G ..T ..A ..A ... ... ... ... A.. ..T ..G ... ... ... ... T.. ... T.. ... ... ... ... ... ... ... ..G ..G ..G AG. ... ... ... ..T ..T ..A ..A ... ..T A.. ..C ..C ..C ..C ..C ... ... ... ... ... ... ..T ... ..T ..T ..T ... ..T ..T ... ... ... ... ... ..C ..G ... ... ... ... ... ... ... ... ... ... ... ..T ..T ... ... ... ... ..A ... ... ... ... ... ..C ..C ..C ... ... ... ... ... ... ... ..T ..T ... ... ... ... ... ... ... ..C ..T ..T ... ... ... ... ... ..A ..C ... ... ... C.. C.. C.C C.G ... ... ... C.A ..A ..A ..A ... ... ... ... ... ..C ..C ..C ..C ..C ... ... 
Smik                            ... ... ... ... ... ... ... ..G ..G ... ... ..T ..T ... ..A ..A ... ... ..C ... ... ... ... ... ... ... ..A ..A ..T ..A ..G ..C ..C ..C ... ... ... .A. ... ... ... ... ... ... ... ..T ... ... ... ... ... ... ... ... ..T ... ..T ..T ..T ... ... ..C ... ..C ..C ... ... ... ... ... ... ... ... ... ... ..G ... ..G ... ..T ..A ..A ..A ... ..A ... ..C ... ... ... ... ... ... ... ..A ..T ... ... ... ... A.. ... ... ... ... ... ... T.G ... T.A ... ... ... ... ... ... ..G ... ..G ..G ..T ... ..T ..T ... ..T ..A ... ..A ..C ... ... ... ... ... ... ..C ..C ... ... ... ... ... ... ... ... ..T ... ..C ..C ..C ... ... ... ... ..A ..G ..C ... ... ... ... ... ... ... ... ..G ..G ..G ..T ... ... ... ... ..A ..C ... ... ... ..T ..C ... ... ..A ... ... ... ... ... ..T ..T ..T ..C ... ... ... ... ... ..T ..C ... ..T ... ... ..A ... ... ... ... ..A ... ... ... ..G C.. ..G C.C ... ... ... C.. ... ... C.A ... ... ... ... ..C ..C ..C ... ... ..C ... 
Spar                            ... ... ... ... ... ... ..G ... ..G ... ... ... ..T ... ... ... ..A ... ..C ... ... ... ... ..G ... ... ..A ... ..C ..A ..C ..C ... ... ..C ... ... ... ... ... ... ... ... ... ... ... ... ..C ..C ... ... ... ... ... ... ... ... ..T ..T ... ... ..C ..C ... ... ..C ... ... ... ... ... ... ... ... ..G ... ... ... ... ... ..A ..A ... ..A ... ... ..C ... ... ... ... ..G ..C ... ..A ... ..C ... ... ... A.. ... ... ... ... ... ... ... ... ..A ... ... ... ... ... ... ... ..G ... ... ... ... ... ..T ... ..T ..A ... ..A ..C ..C ..C ... ... ... ... ..C ..C ... ... ... ... ... ... ... ... ... ... ..A ..C ..C ..A ... ... ... ... ... ... ... ... ... ... ... ... ... ... ... ... ..G ..T ... ... ... ... ..A ... ... ... ... ... ..C ... ... ... ... ... ... ... ... ... ... ..T ... ... ... ... ... ... ... ..T ... ..C ..T ..T ... ... ... ... ... ... ... ..C ... C.. ..G ... ... ... ..T ... ... ... ... ... ... ... ... ... ..C ..C ... ... ... ..C ... 
Ncas                            ... ... ..G ..G ... ... ..T ..G ... ... ... ..T ..T ... ..A ... ... ... ..C ... ... ... ... ..G ... ..T ..T ..A ..T ..C ... ..C ..C ... ..A ... ... ... ... ... ... ... ... ..G ... ..T ..A ... ... ... ... ..T CC. T.G ... ..T ... ..T C.T ... ... G.G ..C ... C.. ..C ..C ..C ... G.G ... ... ..G G.. ... ... ... ... ... ..T ..A ..A ..A ..A A.T G.. ... ... ... ... ... ..T ... ... ..C ..A ..A ... ... ... A.. ..T ... ... ... ... ..T ..G ..C ..A ... ... ... ... ... ..T ... ... ... ..T ... ..T ..T ..T ..T ..T ..C ..A ..A ..T TCC ..C ... ... ... ... ... ... ... ... ... ..C ..C ... ..T ..T ..T .TT AGT ..A ... ..C ..A ..G T.. ... .A. ... ..G ... ... ... ... ... ... ... ..C ..T ..T ..G ..G ..G ..T ..T ..A A.T ..T ..T ..T ..T ..C ..C ..C ..G ..C ..G ... ... ..T ... ..T ..T ... ..C ... ... ... ... ..C ATT .GT ..C ... ... ..C ..C ... ..A ... ... ... ... A.G ... ... ... C.T .A. ..T ... ..A C.T ..A ... C.A C.A ... ... ..C ... ... ..C ... ... ..C 
Cgla                            ... ..G ..G C.. ... ..G ... ..G ..G ... ... ... ... ... ... ... ... ... ..C ..C ..C ..C ..C ..G ..C ..T ..A ... ..A ... ... ... ..C ..G ... ..A ..G ... .AG ... ... C.T C.T ..G ... ... C.. .A. .CC ..C ..C ..C CCC C.A ... ..T ... ..T ... ... ... ... ..C ... G.G ... ..C ..C ... ... ... ..G ..G A.. ..G ... ..G ... ... ... ... ... ... ... A.C G.. ..C ..C ... ... ... ..G ..G ... ..T ..C ..A ..C ..G ... A.. ... ... ..C ... ... ..G ..G T.. ... ... ... ... ..G ..G ..G ..G ... ..G ..C C.G ..T ... ..T ... ... ..T ... ..C ... TC. ..C ..C ..C ... ... ..C ..C ..C ..C ... ... ..C ..T ..T ..T ..T CT. T.T ..A ... ..G ... ..C ..A ..T .A. ..C ... ..A ... ... ... ... ... ... ..C ..C A.. ..C ... ... ... ..G ... ..A ... ... ..T ..A ..G C.. ..C ..C ... ..G ... ... ... ... ... ... ..C ..C ..C ..C ..C ..C ..T GTC ..C ..T ... ... ..T ..C G.. ..G ..A ..C ... ... G.T ..G ..G ... C.. .AT ..T ..A C.. C.. C.. ... C.C ... C.. ... ..C ..C ..C ..C ... ..C ... 
Agos                            ... ... ..G C.G ..G ... ..G ..G ..G ... ... .G. ... ... ..A ... ..A ... ... ..C ..C GG. TC. ..T ..C ..G GTT ..A ..C ..C ..G ..A ..C T.C ... ..G ... ... TCC ... C.T .AG ... ..G ... ..T C.C ..C ... ... ..T ..C G.G ..G ... ..T ... ... ..A ... ... ..C ..C ... ..G ... ... ... ... G.. ... ..G ..G ..G ..G ..G ..G ..G ..T ..T ... ... ..A ... A.. G.. ..C ... ... ..T ..T ... ..G ... ..C ... ... ..C ... ..A ..T ..T ..G ... ... ... ..C ..T ... ... ... ... ..G ... ... ..G ... ..G ..G A.C ..A ..T ... ... ... ... ..A ..A ..C ..C .CC ... ..C ... ..C ... ..C ..C ..C ..C ..C ..T ..T ..T ..A ... ..A TT. ..T ..T ..A ..G ..A ..A ... ..C ..G ..C ..A ..A ..A ..C ..G ... ... ... ..C ..G ..C ..C ... ..T ..A ..G ..C ... ... ..T ... ... ..C C.G ..G ..C ..G ..G ... ... ... ... ... ... ... ..C ..C ... ... ..T ..T .T. ..C ..T GGG ... ..T ... ... ..C ... ..A ... ..C A.G C.G C.G C.G C.. ... ..T C.. C.C C.A ... ... ... C.. ... ... ..C ..C ..C ..C ..C ..C ... 
Klac                            ... ..G ..G ... ..G TCG ... ..G ... ... ..T ... ... ... ..A ... ..A ..A ..C ..C ... GGA TC. ..T ..C ... ..T ... ..T ..A ... ... ..G ..C ..A ..C ... ... .AG ... ... .AG ... ... ... ..T ..A ... ... ... ..T ..T CC. ... ... .CA ... ..T G.. ... C.A ... ..C ..C ..C ..A ..C ..C ... ... ... ... ... A.. ... ... ... ..G ... ... ..A ..A ..A ..A ..A G.A ... ... ... ... ..T ... ... ..C ..A ..T ..A ..A ... ... A.G ..T ... ..C ... ... ..G T.. ..T ..A ... ... ... ... ... ... ... ... ..G A.T AGT ..T ..T ..T ..T ..T ..A ... ..A ..T ..A ..C ... ..C ... ... ..C ... ..C ... ... ..T ... ..A ..T ..T ..T ..A T.A ..A ..A ..A ... ..A AG. ..T AAC ... ... ..A ... ... ... ... ... ... ..T ..C ..T ..T ... ..G ..A ... ... ..T ..T ..A A.A ..C ..G C.. ..C ... ..C ... ... ... ... ... ... ... ..C ..C ..C ... ... ..T ..C AT. .GT ..G ..T ... ..T ..A ..A ..A ... ... ... ... A.G C.T C.T ... C.T .AT ..T ... ..A ..A C.A ... ..A ... ... ... ... CAC ..C ..C ..C ..C ..C 
Calb                            ... ... ... ... ..G ..G ... ... ..G ... GGT ..T ... C.A G.A ... ... ..A G.. ..C ... G.C GG. ..C ..T ... CAA ..T ... ..A ... ... ..A GT. ... ... .C. ... G.C ... ... .A. ... .AG C.T .CT C.T TC. TCA TCA ... ... CC. ..A ... G.T ... T.A T.A ... T.. ... ..C ... ..G ... ... GCA ..C ... ... TT. ... A.. ... ... ... ... ..T ..T ..A ... ... ..A GGA G.A ... ... ... ... ... ... ... ... ..A ..A ..A ... ... ..A ..T ... A.A ... A.A ... T.. T.G T.. T.. ..C ..G ... ... ..G ... ..G ... ... ..T C.A ..T CCA ..T ..T ..T ..A ..A ..A ... A.G ..C ... ... ... ... ... ... ..C ... ..C ..G ... ..T ..T ... ..A CTC AGT ..T ..A ... ..G ..C AG. ..T AA. ... ..A ..A ... ... ..A ..A ..G ... ..C A.C ..C ..T ..T ... ..A ..G ..A ... ... ..T ..C .CA ... ... ..G ..C ... TG. ... ..T ..T ... ... ... ... ... ..C ..C ... ..T ..T A.C .GT ..T A.A ..T ..T ..T AGC ... ..C AG. ... ... A.G ..G ..G ... C.T ..T ..T ..A ... ... A.. ... ... ..A ... ... ..C .A. ..C ..C ..C ..C ... 

    2    2    1    1    1    3    1    1    2    2    1    1    1    1    1
    2    1    2    4    1    1    1    1    2    1    2    3    2    2    1
    2    1    2    1    2    3    1    3    2    7    2    1    2    2    1
    1    2    3    3    2    1    1    4    2    1    2    2    3    1    5
    1    1    1    1    1    1    1    1    1    1    1    1    1    2    1
    1    1    1    2    1    1    5    2    3    2    1    1    1    2    2
    1    1    1    1    1    2    2    3    1    2    1    2    1    1    4
    4    1    2    2    1    1    2    2    1    1    2    2    1    1    5
    2    2    2    3    2    1    1    1    1    1    1    1    1    2    1
    1    2    1    1    2    4    1    1    3    1    1    1    1    1    1
    1    1    2    1    1    1    2    1    1    3    3    4    1    1    4
    9    1    2    1    1    2    2    4    1    2    1    1    3    1    2
    2    1    1    1    2    1    1    1    1    1    1    1    1    2    1
    1    1    2    1    2    1    1    2    2    1    1    1    1    1    1
   12    1    3    1    1    2    1    1    1    2    2    1    2    1    1
    2    1    2    1    1    1    2    1    3    1

CODONML (in paml version 4.9j, February 2020)  temp.nuc
Model: One dN/dS ratio, 
Codon frequency model: Fequal
ns =   9  ls = 394

Codon usage in sequences
--------------------------------------------------------------------------------------------------------------------------------------
Phe TTT  10   4   4   6   7   3 | Ser TCT   3   3   4   9   3   5 | Tyr TAT   6   8   8   7   7   1 | Cys TGT   1   1   1   0   2   1
    TTC   2   8   8   6   4   8 |     TCC   4   7   6   1   9   9 |     TAC   6   4   4   5   6  12 |     TGC   0   0   0   1   0   0
Leu TTA   8   8   4   6   8   4 |     TCA   7   4   5   4   3   1 | *** TAA   0   0   0   0   0   0 | *** TGA   0   0   0   0   0   0
    TTG  14   8  16  15   8   9 |     TCG   3   3   2   3   1   1 |     TAG   0   0   0   0   0   0 | Trp TGG  12  12  12  12  12  12
--------------------------------------------------------------------------------------------------------------------------------------
Leu CTT   0   0   0   0   5   1 | Pro CCT   8   9  10   6   7   3 | His CAT   2   2   2   1   3   0 | Arg CGT  10  11  10  10  12  12
    CTC   0   1   1   0   2   1 |     CCC   0   0   0   3   1   9 |     CAC   3   3   3   4   2   5 |     CGC   2   0   2   2   0   3
    CTA   3   7   3   5   4   3 |     CCA   8   9   9   7  15   8 | Gln CAA   9  18  17  17  17   4 |     CGA   1   0   0   0   0   0
    CTG   3   4   4   2   2  11 |     CCG   3   1   0   3   0   3 |     CAG  14   5   6   6   1  17 |     CGG   0   1   0   0   0   2
--------------------------------------------------------------------------------------------------------------------------------------
Ile ATT   9  15  13  10  11  10 | Thr ACT  11  11   7   6  13   7 | Asn AAT   8   7   6   5   9   3 | Ser AGT   8   6   9   2  10   0
    ATC  11   5   7  10   7   9 |     ACC   2   5   6   9   4   6 |     AAC   5   7   7   8   7  15 |     AGC   1   5   0   7   0   3
    ATA   6   6   6   6   1   1 |     ACA   3   8   9   5   5   8 | Lys AAA  14   7  17  12  11   6 | Arg AGA  21  22  19  22  22  14
Met ATG   6   6   6   6   9   6 |     ACG   8   1   2   4   2   6 |     AAG   7  14   7   9   9  18 |     AGG   2   1   2   2   2   3
--------------------------------------------------------------------------------------------------------------------------------------
Val GTT   8   6   8   7  16   6 | Ala GCT   6  12   6   4   4   9 | Asp GAT  17  14  22  16  35  14 | Gly GGT  29  27  26  29  26  24
    GTC   9  13  12  11   7  16 |     GCC   6   3   8   8   6   2 |     GAC  12  13   8  14   4  21 |     GGC   0   1   1   0   0   1
    GTA   5   5   3   5   2   3 |     GCA   2   1   2   4   3   3 | Glu GAA  18  13  12  19  15   6 |     GGA   0   0   1   0   0   3
    GTG  10   8   9   9   9  11 |     GCG   3   1   1   1   1   2 |     GAG   4   8   9   2   1  10 |     GGG   1   2   2   1   2   0
--------------------------------------------------------------------------------------------------------------------------------------

--------------------------------------------------------------------------------------
Phe TTT   2   2   3 | Ser TCT   7   8  12 | Tyr TAT   3   3   7 | Cys TGT   0   2   3
    TTC  10   8   8 |     TCC   7   3   1 |     TAC   9  10   6 |     TGC   1   0   0
Leu TTA   2   8  12 |     TCA   1   4   5 | *** TAA   0   0   0 | *** TGA   0   0   0
    TTG   8   8  16 |     TCG   2   4   0 |     TAG   0   0   0 | Trp TGG  12  12  12
--------------------------------------------------------------------------------------
Leu CTT   2   6   1 | Pro CCT   6   6   4 | His CAT   4   2   5 | Arg CGT  14  11   9
    CTC   3   0   1 |     CCC   4   1   0 |     CAC   1   4   0 |     CGC   2   1   2
    CTA   2   4   0 |     CCA   6  16  21 | Gln CAA   3  19  16 |     CGA   0   0   0
    CTG  12   1   0 |     CCG   3   0   0 |     CAG  18   1   7 |     CGG   1   0   0
--------------------------------------------------------------------------------------
Ile ATT   8   8   5 | Thr ACT   4  10  12 | Asn AAT   4   7   4 | Ser AGT   6  12   3
    ATC   9  10   7 |     ACC   6   7   6 |     AAC  11  11   4 |     AGC   4   0   1
    ATA   1   4   4 |     ACA   3   5   6 | Lys AAA   9  12  13 | Arg AGA  14  20  19
Met ATG  12   8  11 |     ACG   7   4   2 |     AAG  14  11  12 |     AGG   2   1   0
--------------------------------------------------------------------------------------
Val GTT   9   7  14 | Ala GCT   8   6   6 | Asp GAT   6  21  27 | Gly GGT  15  25  20
    GTC  10  11   6 |     GCC   2   0   2 |     GAC  22   6   8 |     GGC   6   0   2
    GTA   4   7   6 |     GCA   6   9   6 | Glu GAA  11  16  12 |     GGA   7   4   8
    GTG  16   6   4 |     GCG   1   0   3 |     GAG   7   2   6 |     GGG   5   0   4
--------------------------------------------------------------------------------------

Codon position x base (3x4) table for each sequence.

#1: Scer           
position  1:    T:0.19289    C:0.16751    A:0.30964    G:0.32995
position  2:    T:0.26396    C:0.19543    A:0.31726    G:0.22335
position  3:    T:0.34518    C:0.15990    A:0.26650    G:0.22843
Average         T:0.26734    C:0.17428    A:0.29780    G:0.26058

#2: Sbay           
position  1:    T:0.17766    C:0.18020    A:0.31980    G:0.32234
position  2:    T:0.26396    C:0.19797    A:0.31218    G:0.22589
position  3:    T:0.34518    C:0.19036    A:0.27411    G:0.19036
Average         T:0.26227    C:0.18951    A:0.30203    G:0.24619

#3: Smik           
position  1:    T:0.18782    C:0.17005    A:0.31218    G:0.32995
position  2:    T:0.26396    C:0.19543    A:0.32487    G:0.21574
position  3:    T:0.34518    C:0.18528    A:0.27157    G:0.19797
Average         T:0.26565    C:0.18359    A:0.30288    G:0.24788

#4: Spar           
position  1:    T:0.19036    C:0.16751    A:0.31218    G:0.32995
position  2:    T:0.26396    C:0.19543    A:0.31726    G:0.22335
position  3:    T:0.29949    C:0.22589    A:0.28426    G:0.19036
Average         T:0.25127    C:0.19628    A:0.30457    G:0.24788

#5: Ncas           
position  1:    T:0.17766    C:0.18020    A:0.30964    G:0.33249
position  2:    T:0.25888    C:0.19543    A:0.32234    G:0.22335
position  3:    T:0.43147    C:0.14975    A:0.26904    G:0.14975
Average         T:0.28934    C:0.17513    A:0.30034    G:0.23519

#6: Cgla           
position  1:    T:0.16751    C:0.20812    A:0.29188    G:0.33249
position  2:    T:0.25888    C:0.20812    A:0.33503    G:0.19797
position  3:    T:0.25127    C:0.30457    A:0.16244    G:0.28173
Average         T:0.22589    C:0.24027    A:0.26311    G:0.27073

#7: Agos           
position  1:    T:0.16244    C:0.20558    A:0.28934    G:0.34264
position  2:    T:0.27919    C:0.18528    A:0.30964    G:0.22589
position  3:    T:0.24873    C:0.27157    A:0.17513    G:0.30457
Average         T:0.23012    C:0.22081    A:0.25804    G:0.29103

#8: Klac           
position  1:    T:0.18274    C:0.18274    A:0.32995    G:0.30457
position  2:    T:0.24873    C:0.21066    A:0.31726    G:0.22335
position  3:    T:0.34518    C:0.18274    A:0.32487    G:0.14721
Average         T:0.25888    C:0.19205    A:0.32403    G:0.22504

#9: Calb           
position  1:    T:0.21574    C:0.16751    A:0.27665    G:0.34010
position  2:    T:0.24873    C:0.21827    A:0.32234    G:0.21066
position  3:    T:0.34264    C:0.13706    A:0.32487    G:0.19543
Average         T:0.26904    C:0.17428    A:0.30795    G:0.24873

Sums of codon usage counts
------------------------------------------------------------------------------
Phe F TTT      41 | Ser S TCT      54 | Tyr Y TAT      50 | Cys C TGT      11
      TTC      62 |       TCC      47 |       TAC      62 |       TGC       2
Leu L TTA      60 |       TCA      34 | *** * TAA       0 | *** * TGA       0
      TTG     102 |       TCG      19 |       TAG       0 | Trp W TGG     108
------------------------------------------------------------------------------
Leu L CTT      15 | Pro P CCT      59 | His H CAT      21 | Arg R CGT      99
      CTC       9 |       CCC      18 |       CAC      25 |       CGC      14
      CTA      31 |       CCA      99 | Gln Q CAA     120 |       CGA       1
      CTG      39 |       CCG      13 |       CAG      75 |       CGG       4
------------------------------------------------------------------------------
Ile I ATT      89 | Thr T ACT      81 | Asn N AAT      53 | Ser S AGT      56
      ATC      75 |       ACC      51 |       AAC      75 |       AGC      21
      ATA      35 |       ACA      52 | Lys K AAA     101 | Arg R AGA     173
Met M ATG      70 |       ACG      36 |       AAG     101 |       AGG      15
------------------------------------------------------------------------------
Val V GTT      81 | Ala A GCT      61 | Asp D GAT     172 | Gly G GGT     221
      GTC      95 |       GCC      37 |       GAC     108 |       GGC      11
      GTA      40 |       GCA      36 | Glu E GAA     122 |       GGA      23
      GTG      82 |       GCG      13 |       GAG      49 |       GGG      17
------------------------------------------------------------------------------


Codon position x base (3x4) table, overall

position  1:    T:0.18387    C:0.18105    A:0.30570    G:0.32939
position  2:    T:0.26114    C:0.20023    A:0.31980    G:0.21884
position  3:    T:0.32826    C:0.20079    A:0.26142    G:0.20953
Average         T:0.25776    C:0.19402    A:0.29564    G:0.25259

Codon frequencies under model, for use in evolver (TTT TTC TTA TTG ... GGG):
  0.01639344  0.01639344  0.01639344  0.01639344
  0.01639344  0.01639344  0.01639344  0.01639344
  0.01639344  0.01639344  0.00000000  0.00000000
  0.01639344  0.01639344  0.00000000  0.01639344
  0.01639344  0.01639344  0.01639344  0.01639344
  0.01639344  0.01639344  0.01639344  0.01639344
  0.01639344  0.01639344  0.01639344  0.01639344
  0.01639344  0.01639344  0.01639344  0.01639344
  0.01639344  0.01639344  0.01639344  0.01639344
  0.01639344  0.01639344  0.01639344  0.01639344
  0.01639344  0.01639344  0.01639344  0.01639344
  0.01639344  0.01639344  0.01639344  0.01639344
  0.01639344  0.01639344  0.01639344  0.01639344
  0.01639344  0.01639344  0.01639344  0.01639344
  0.01639344  0.01639344  0.01639344  0.01639344
  0.01639344  0.01639344  0.01639344  0.01639344


TREE #  1:  (((((1, 4), (3, 2)), 5), 6), ((7, 8), 9));   MP score: 1064
This is a rooted tree.  Please check!
lnL(ntime: 16  np: 18):  -5785.793531      +0.000000
  10..11   11..12   12..13   13..14   14..1    14..4    13..15   15..3    15..2    12..5    11..6    10..16   16..17   17..7    17..8    16..9  
 0.010280 0.094640 0.444810 0.022147 0.192954 0.106176 0.059580 0.210055 0.292329 0.404790 0.723843 0.023106 0.126384 1.187287 0.560715 1.789943 2.604000 0.050040

Note: Branch length is defined as number of nucleotide substitutions per codon (not per neucleotide site).

tree length =  6.249038

(((((1: 0.192954, 4: 0.106176): 0.022147, (3: 0.210055, 2: 0.292329): 0.059580): 0.444810, 5: 0.404790): 0.094640, 6: 0.723843): 0.010280, ((7: 1.187287, 8: 0.560715): 0.126384, 9: 1.789943): 0.023106);

(((((Scer: 0.192954, Spar: 0.106176): 0.022147, (Smik: 0.210055, Sbay: 0.292329): 0.059580): 0.444810, Ncas: 0.404790): 0.094640, Cgla: 0.723843): 0.010280, ((Agos: 1.187287, Klac: 0.560715): 0.126384, Calb: 1.789943): 0.023106);

Detailed output identifying parameters

kappa (ts/tv) =  2.60400

omega (dN/dS) =  0.05004

dN & dS for each branch

 branch          t       N       S   dN/dS      dN      dS  N*dN  S*dS

  10..11     0.010   842.0   340.0  0.0500  0.0005  0.0106   0.4   3.6
  11..12     0.095   842.0   340.0  0.0500  0.0049  0.0976   4.1  33.2
  12..13     0.445   842.0   340.0  0.0500  0.0229  0.4586  19.3 155.9
  13..14     0.022   842.0   340.0  0.0500  0.0011  0.0228   1.0   7.8
  14..1      0.193   842.0   340.0  0.0500  0.0100  0.1989   8.4  67.6
  14..4      0.106   842.0   340.0  0.0500  0.0055  0.1095   4.6  37.2
  13..15     0.060   842.0   340.0  0.0500  0.0031  0.0614   2.6  20.9
  15..3      0.210   842.0   340.0  0.0500  0.0108  0.2166   9.1  73.6
  15..2      0.292   842.0   340.0  0.0500  0.0151  0.3014  12.7 102.5
  12..5      0.405   842.0   340.0  0.0500  0.0209  0.4173  17.6 141.9
  11..6      0.724   842.0   340.0  0.0500  0.0373  0.7463  31.4 253.8
  10..16     0.023   842.0   340.0  0.0500  0.0012  0.0238   1.0   8.1
  16..17     0.126   842.0   340.0  0.0500  0.0065  0.1303   5.5  44.3
  17..7      1.187   842.0   340.0  0.0500  0.0613  1.2241  51.6 416.2
  17..8      0.561   842.0   340.0  0.0500  0.0289  0.5781  24.4 196.6
  16..9      1.790   842.0   340.0  0.0500  0.0923  1.8454  77.8 627.5

tree length for dN:       0.3224
tree length for dS:       6.4427


Time used:  0:09
