      9   1176

Scer                            AAA TTT GTA GGA TTT ACT AGA GTT CAA TTA TCT CAT ACA TTT TCT CCT AAA GCC TTA TAC CCT ATT ATC ATC GGT GAT CCT ATT GAT TCT AAG GCT AAA ACA CAA TTT CAG GAA GAT CCA AAG CCC AAA CTC GAT GTC TGC GTT GAA AAT TTA GGC AAA TCT TTG CTA GAA AAG AGA GTT TCC GGT TAT ATC AAC GTC TCC TTG GCG TTT TTG CAC CTC GCT TCA GCG TTA GGT AAG TCT TGC GAT GCG GGT TTG AAG CAA GGT TAT CCT ATC ACT TTA CTA AAC AAC GAA CCA AGA GAA AGC ACT GAA ATA CAT TAT GGT GCT AAA TTC AAA AAG TAT TTG GAG CGA AAG AAG GTT GGA GTG ACT GCT GTG GAA ACT GTC CAA TTC AAC GAA TAC CAC ACG CAA AAA CCA TTC CTA TTG TTG GGC GGT CCT ACT CTG AAG TGC ACT CTA AGA ATC GCT ACA TGT GAT AAG AAC GCT GGA GAA GAA TTG ATT AGA GGT TTA TCT GAG TCT ACT GAG GTT GGT AAA GGG GTG TTA ACT AAA GAT AGA GAA CAA TTC GGT TCA CCT ATG ATC CAA ATG AGG GTT GGT GAA AAA TTC ACG CAA TAT GTG GAA AGA TTC CAG ATG ACA TAT CCT GAA GAT CAC AGA CAA GCT GAT ACT AAC GGT ACT GAG GGT GGT TTG TCT GGT GGT CCT CCA AAC TCC GAT TTG TGT CCT AAC TCC GCT TAC GCC AAG ATC GCT ACA GCT GAA AAG CCT CAA CTT ATT GGT GAT ATC AGA GGG GCT AGG TGC ACC GGT AAA CAA GAT CCT AGG TAT GAA GAG TTA TAC CCA GAA CTG GAA GAA TCC AGA TTG TCT GGT ACA CAC GCT GAT GGT CTG GAA GTT TAC CCA ATC GAT TCT GGT TTG GTT ACA CCA ACG CAA ACA ATT TTA AAA TCT TAT GGC AAA GTT AGT CAT ATG CAT GTG ACA ACA CGT GGA GAT AAG GGT GTC GGA GAT ATC GCT AAG GAG GGA TTT GAA GAC AGA CGC GAA CCT GGG GGA CAG AAG CGA AGG TTA TCT CAT AAG ACT GAG AAA CCA GAA AAC ACG CCT TTC GAT AGA GGG GAT AAG CAA CAA AAC GGT CCA GTT ATT CCA CAT CAA GAA CAA TCA TCT TTC GGT AGA CCT ACA CAG TCT TTA GAC AAA GGT GTC CCT GGT GGC ATT 
Sbay                            AAA TTC TTG GGG TTT ACC AGA GTT CAA TTA TCT CAC ACG TTT TCC CCT AAA GCC TTG TAC CCT ATT ATC ATC GGT GAT CCT ATT GAT TCT AAG GCT AAA ACG CAA TTT CAG GAA GAC CCA AAG CCA AAA CTG GAC GTT TGC GTC GAA AAC CTG GGC AAG TCC TTG CTG GAA AAG AGA GTT TCC GGT TAC ATC AAT GTC TCT TTG GCG TTC TTG CAC CTA GCC TCA GCA TTA GGC AAA TCT TGC GAC GCG GGT TTG AAA CAA GGT TAT CCC ATC ACC TTA TTG AAT AAC GAG CCC AGA GAA AGC ACT GAA ATA CAT TCT GGT GCT AAA TTC AAA AAA TCT TTG GAG AAA AAG AAG GTT GGG GTG ACT GCC GTG GAG ACA GTC CAA TTC AAT GAA TAC AAC ACA CAA AAA CCG TTC TTG TTG TTG GGC GGG CCT ACT CTG AAG TGC ACT CTG AGA ATC GCC ACA TGT GAT AAG AAT GCT GGG GAA GAA TTG ATC AGA GGT TTA TCC GAG TCT ACC GAG GTT GGT AAA GGG GTG CTG ACT AAG GAC AGA GAT CAA TTC GGT TCG CCT ATG ATT CAA ATG AGG GTT GGC GAA AAA TTC ACA CAA TAT GTG GAA AGA TTT CAG ATG ACG TAT CCT GAA GAC CAC AGA CAA GCT GAC ACT AAC GGT ACT GAG GGC GGT TTA TCT GGT GGT CCT CCA AAT TCC GAT TTG TGT CCT AAT TCT GCT TAC GCT AAG ATC GCT ACG GCT GAA AAG CCC CAA CTC ATT GGT GAT ATC AGA GGG GCT AGG TGC ACT GGT AGA CAA GAT CCT AGA TAT GAA GAA TTA TAC CCA GAA CTA GAT GAA TCC AGA TTG TCT GGT ACC CAC GCT GAC GGT CTG GAA GTT TAC CCA ATC GAC TCT GGT TTG GTT ACC CCA ACA CAA ACG ATT CTG AAA TCC TAC GGC AAA GTT AGC CAT ATG CAT GTG ACG ACA CGT GGG GAC AAA GGT GTC GGG GAT ATC GCT AAA GAG GGG TTC GAA GAC AGG CGC GAA CCT GGT GGG CAA AAG AGA AGA CTA TCT CAT AAA ACT GAG AAA CCA GAA AAC ACC CCT TTC GAC AGA GGT GAT AAG CAA CAA AAT GGC CCA GTT ATT CCA CAT CAA GAA CAA TCA TCC TTC GGT AGA CCT ACA CAA TCT TTA GAC AAG GGT GTC CCT GGT GGC ATT 
Smik                            AAA TTT GTC GGG TTT ACT AGA GTC CAA CTA TCT CAC ACA TTT TCA CCT AAG GCC TTG TAT CCT ATT ATC ATC GGT GAT CCT ATT GAT TCT AAG GCT AAA ACA CAA TTT CAG GAA GAC CCA AAA CCA AAA CTC GAT GTC TGT GTC GAA AAC TTA GGC AAA TCA TTG CTA GAA AAA AGA GTT TCC GGT TAT ATC AAC GTT TCC TTG GCA TTT TTG CAC CTT GCC TCG GCG TTA GGT AAA TCT TGT GAC GCA GGT CTA AGA CAA GGA TAT CCT ATC ACT TTG CTG AAT AAC GAA CCA AGA GAA AGC ATG GAA GTG CAT TAT GGT GCG AAG TTC AAA AGA TAT TTG GAA AGG AAG AAG GTT GGA GTG ACT GCT GTG GAA ACA GTT CAA TTT AAT GAA TAC GAG ACA CAA AAA CCA TTC CTG TTG TTG GGC GGT CCT ACT CTG AAG TGT ACT CTA AGA ATC GCC ACA TGC GAT AAG AAC GCT GGG GAA GAA TTG ATA AGA GGT TTG TGC GAA TCT ACT GAG GTT GGT AAA GGG GTA TTA ATG AAA GAC AGG GAA CAA TTC GGT TCT CCT ATG ATT CAG ATG AGG GTT GGT GAA AAA TTC ACA CAG TAT GTG GAA AGA TTC CAA ATG ACA TAT CCT GAA GAC CAC AGA CAA GCT GAT ACT AAC GGT ATG GAG GGT GGG TTG TCT GGT GGT CCT CCA AAC TCC GAC TTG TGC CCT AAC TCC GCT TAC GCT AAG ATC GCT ACA GCT GAA AAG CCT CAA CTC ATT GGT GAT ATC AGG GGG GCT AGG TGT ACT GGT AAA CAG GAT CCT AGA TAT GAA GAA CTA TAC CCA GAA CTA GAA GAA TCC AGA TTG TCT GGT ACA CAC GCG GAT GGA CTG GAA GTC TAT CCA ATC GAT TCT GGA TTG GTT ACA CCA ACA CAG ACA ATC TTG AAG TGC TAC GGC AAA GTT AGT CAT ATG CAT GTG ACG ACA CGT GGA GAT AAA GGT GTC GGG GAC ATC GCT AAA GAG GGG TTT GAA GAC AGG CGC GAA CCT GGA GGA CAA AAG AGG AGA CTA TCT CAT AAA ACT GAG AAA CCA GAA AAC ACT CCT TTC GAC AGG GGA GAT AAG CAG CAA AAC GGT CCA GTT ATT CCA CAT CAG GAA CAG TCG TCA TTC GGT AGA CCT ACA CAA TCT CTG GAC AAA GGT GTT CCT GGT GGT ATT 
Spar                            AAA TTT GTT GGA TTT ACT AGG GTT CAA TTA TCT CAT ACA TTT TCG CCT AAA GCC TTG TAT CCT ATT ATC ATC GGC GAT CCT ATT GAT TCT AAG GCT AAA ACA CAG TTT CAG GAA GAC CCC AAA CCA AAA CTC GAT GTC TGC GTC GAA AAC TTG GGC AAA TCG CTG CTA GAA AAA AGG GTT TCC GGA TAT ATC AAC GTT TCC TTG GCG TTT TTG CAC CTA GCC TCA GCG TTA GGT AAA TCT TGC GAT GCG GGT TTG AAG CAA GGT TAC CCT ATC ACT TTA CTG AAT AAC GAG CCA AGA GAG AGC ACC GAA ATC CAT TAT GGT GCT AAG TTC AAA AAG TAT TTG GAA AGG AAG AAG GTT GGA GTG ACT GCT GTA GAA ACA GTT CAA TTC AAT GAA TAC AAG ACA CAA AAA CCA TTC CTG TTG TTA GGC GGT CCT ACT CTG AAG TGC ACT CTA AGA ATC GCT ACA TGT GAT AAG AAC GCT GGA GAA GAA TTG ATT AGA GGT TTA TCT GAA TCT ACT GAT GTT GGT AAA GGG GTG TTG ACC AAA GAC AGG GAA CAA TTC GGT TCG CCT ATG ATT CAA ATG AGA GTT GGT GAA AAA TTC ACA CAA TAC GTG GAG AGA TTC CAG ATG ACA TAT CCT GAA GAC CAC AGA CAG GCT GAT ACT AAC GGT ACC GAA GGT GGT TTG TCT GGT GGT CCT CCC AAC TCC GAT TTG TGT CCT AAC TCC GCT TAC GCT AAG ATC GCT ACA GCT GAA AAG CCT CAA CTT ATC GGT GAT ATC AGA GGG GCT AGG TGC ACT GGT AAA CAA GAT CCT AGA TAT GAA GAA TTA TAC CCC GAA TTA GAA GAA TCC AGA CTG TCT GGT ACA CAC GCT GAT GGT CTA GAA GTT TAC CCC ATC GAT TCT GGT TTG GTT ACA CCA ACA CAA ACA ATT TTG AAG TCT TAC GGC AAA GTT AGT CAT ATG CAT GTG ACG ACA CGT GGA GAT AAA GGT GTC GGA GAT ATC GCT AAA GAA GGA TTT GAA GAC AGA CGC GAA CCT GGT GGA CAG AAG AGA AGA TTA TCT CAT AAA ACT GAG AAA CCC GAA AAC ACG CCT TTC GAT AGG GGT GAT AAG CAA CAA AAT GGT CCA GTT ATT CCA CAT CAA GAA CAA TCA TCG TTC GGT AGA CCT ACA CAG TCT TTA GAC AAA GGT GTT CCT GGT GGT ATC 
Ncas                            AAA TTT ATA GGT TTT TCC AGA GTT CAA TTA TCT CAT ACA TTT TCT CCA AAA GCA TTG TAC CCT ATT ATT ATT AGT GAT CCT ATT GAT TCT AAG GCA AAA ACA CAA TTT CAA GAA GAT CCT AAG TTA AAA CTA GAT GTC TGT GTG GAA AAT ATA GGT AAA TCT TTA TTG GAA AAG AGA GTT TCT GGG TTG ATT AAT GTC TCT TTG GCC TTC TTG CAT CTA GCG TCA GCA CTA GGT AAA TCT TGT GAC GCC GGC TTG AAA CAA GGG TAT CCT ATA ACT TTA TTA AAC GAA GAA CCG AGA GAA ACG ACA GAA ATT AGC TGT GGC GCT AAG TTT AAG AAA TGT TTA GAA AGA AAA AAG ACG GGA GTT ACG ACT ATC GAA ACT GTC CAA TTT AAT GAA TAT GTG ACA CAA AAA CCT TTT TTA TTA TTG GGT GGG CCT ACT TTG AAA TGT ACC TTG AGA ATT GCA ACA TGT GAT AAA AAT GCA GGT GAA GAA TTA ATT AGA GGT TTA TCT GAA ACC ACT GAA GTA GGA AAA GGT GTA ATA ACA ACC GAT AGG GAA CAA TTT GGT TCT CCT ATG TTA CCA ATG AGA ACG GGT GAA AAA TTT ACA CCA TAT GTG GAA AGA TTT AAA ATG ACA TAC CAA AGT GAT CAT AGA CAA GCA GAT ACG GAA GGC ACA GGG GGT GGT CTA ACC GGT GGC CCA CCT GCC AGT GAC TTA TGT CCA AAT TCG GCA TAT GCA AAA ATC GCT ACA GCC GAA AAA CCT CAA TTA ATC GGT GAT ATC AGG GGT GCA AGG TCA ACT GGG AAG CAA GAT CCA AGA TAC GAA GAA TTA TAT CCT GAA TTA GAA GAA TCT AGA TTA TCT GGA ACT CAT GCT GAT GGG TTG GAA GTT TAC CCT ATA GAT TCA GGG TTG ACG ACT CCT ACT CAA ACA ATG TTG AAG TCT TAT GGT AAA GTT AGT CAT ATG AGC GTG ACA ACA CGT GGA GAC AAA GGT GTT GGT GAC TTA GCC AAA GGG GGT TTT GAA GAC AGA CGT AGT CAA GGT GGA ACC AAG AGA AGA TTA TCA CAT AAA ACC AGC AAA CCT GAA AAC ACT CAA TTT GAC AGG GGT GAT AAA CAA CAA AAC GGT CCA GTG ATT CCA CAT CAA GAA CAA TCA TCT TTT GGT AGG CCA ACA ACC TCT CTT GAT AAA GGA GTC CAA GGC GGA ATC 
Cgla                            AAG TTT TTG ACA TTC AAA AGA GTT CAA CTA TCC CAT TCT TTC TCA CCT AAG GCC CTG TAT CCG ATC ATT ATC GGT GAC CCG ATA GAT TCT AAG GCC CCG TCT CAA TTC CAA GAA GAT CCA AAA CCT AAG TTA GAT GTC TGC GTT GAA AAT ATA GGA AAG TCA TTG CTG GAA AAA AGA GTT TCC GGT CAT ATG AAT ATT TCT TTG GCC TTT TTG CAT CTT GCA TCC GCA TTG GGT AAG TCC TGC GAT GCC GGT CTA AAG CAA GGT TAT CCC ATA TCC TTA TTA AAT AAG GAA CCT AGA GAA ACA ACT GAA ATA CAT TAT GGT GCT AAA TTT AAA AAG TAT TTA GAA AGA AAG AAG GTA GGT GTT ACT ACA ATA GAG ACT ATT CAA TTT AAT GAG TAC GAA ACA CAA CCG AAA TTT TTA TTG CTA GGT AGT CCG ACT GTG AAG TGC ACC CTG AGA ATT GCT ACA TGT GAT AAA AAC GCC ACA GAA GAG TTA ATA AGA GGT TTA TCG GAA TCA TCC AGC GTT AAG AAA GGT GTA ATA ACT GAC GAT AGA GAG CAA TTT GGT TCG CCG ATG CTT CCC ATC AGA GTA GGT GAG AAG TTT ACA CCC TAT GTA GAA AGA CTG AAG ATG TCT TAT CCA ACA GAT CAC AGA CAA GCT GAC ACT AAG GGT ACT CAA GGT GGA CTG TCA GGA GGT CCT CCA AAT GTG GAT TTA TGT CCT AAT TCC GCC TAT GCA AAG ATC GCC TCT GCT GAA AAG CCC CAG CTG ATC GGT GAT ATC AGA GGT GCT AGA TCT ACC GGT AGA CAA GAC CCT AGA TAT GAA GAG CTA TAC CCA GAG CTA GAG GAA TCC AGA TTG TCT AAG ACT CAT GCT GAT GGT CTG GAA GTT TAC CCA ATA GAT TCT GGT TTG GTA ACT CCA ACA GAA TCT ATG CTA AAA TCG TAC GGT AAA GTT AGC CAC ATC CAT GTA ACA GAT AGG GGT GAT AAG GGT GTC ACA GAT GTA GCT AAG CAA ACA TTT GAA GAC AGA CGT ACA CCA GGT GGT CAA AAG AGG GAT TTG TCT CAC AAG ACC AGT AAG CCA GAA AAC ACC CCA TTT GAT AGA GGT GAC AAG CAG CAA GAT GGT CAA GTT ATC CCT CAT GAA GAA GAA TCC TCA TTT GGT CGG CCT ACA CAA TCT TTG GAT AAA GGT ATT CCA GGT AGC ATC 
Agos                            AGG TTC GCC GTC TTT TCG CAC GTC CAG CTG TCC CAC AGC TTC ACG TCT AAA GCA CTC TAT CCA ATC ATT CTG GGG GAC CCA ATA GAC TCT AAA GCC AAG AGC CAG TTC CAA GAG GAC CCG AAA CCA AAG CTA GAT GTC TGT GTC GAG AAT ATT GGC AAG ACG TTG CTG GAG AAA CAC GTC TCC GGC AAT GTC AAT GTG ACG TGG GCC TTT CTG CAC CTG GCG TCC GCG CTA GGC AAG TCC TGT GAC GCC GGC CTG CAA CAG GGC TAC CCA GTA TCC CTG CTG AAC AAT GAA CCA AGA GAG ACG ACC GAG GTG CAT GTA GGC GCC AAG TTC AAA CAA GTA CTG GAG CGT AAG AAG GTA GGG GTC ACG GCG GTG GAG ACG GTG CAG ACC AAC GAG TAC GGG ACG CAG AAG CCC TTT CTG CTG CTG GGC GGA CCA ACG GTT AAG TGT ACC CTG AGA ATT GCG GCT TGC GAC AAG AAC GCC GTC GAG GAG CTG ATT AGA GGC CTG TCC GAG CCG TCC GAT GTC AGC AAG GGC GCG ATT ACC ACG GAT CGC GTC CAG TTC GGG TCG CCA ATG CTG CCG ATG CGG GTA GGC GAG AAG TTT ACG CCG TAC GTG GAG CGG TTC CAG ATG AGC TAC CCG GAG GAT CAC CGC CAG GCC GAC ACG AAT GGC ACC GAG GGC GGC CTT CCG GGT GGC CCT CCG TCG AGT GTG CTG TGC CCT AAT TCG GCC TAC GCA AAG ATC GCG AGC GCC GAG AAG CCA CAG CTC ATC GGG GAC ATC AGG GGC GCC CGC TCT ACA GGA CGC AAA GAC CCT AGG TAC GAG GAA CTG TAC CCG GAG TTG GTC GAG TCC CGC TTG TCC AGC ACC CAC GCC GAC GGC CTC GAG GTC TAC CCG GTA GAC TCG GGC TGG GTA ACC CCG ACC CAG AGC ATT CTG AAG TCC TAC GGC AAG GTG TCT CAC ATG CAT GTG ACT ACG CGG GGG GAG AAG GGC GTC GTC GTG TTG GCC AAA GAG GTC TTC GAG GAC AGA AGG GAG CCG GGC GGG CAG AAG AAA CGC CTC TCG CAC AAG ACC TCG AGG CCG GAG AAC ACA CCG TTC GAC CGC GGC GAC AAG CGG CAG AAC GGC CCG GTC ATC CCT CAC CAG GAG CAG TCC ACG TTC GGT AAG TCT GCT CAG TCT CTT GAC AAA GGC GTG CCG GGC GGC ATC 
Klac                            AAA TTC GTT GTT TTT TCT AGG GTT CAA CTA TCC TAT CTT TTT TCG CCT AAG GCT TTG TAT CCT ATC ATT TTA TCT GAT CCT ATC GAT TCT AAG GCG AGA CTT CAA TTT CAG GAA GAT CCC AAA CCT AAG TTA GAT GTT TGT GTA GAT AAT ATA GGA AAA TCG TTA CTA GAA AAA AGG GTT TCT GGT CCG GTT AAC GTC AAT TTA GCA TTT TTG CAT CTA GTT TCT GCC TTG GGC AAG TCC TGT GAT GCA GGT TTG AAA CAA GGT TAC CCG GTA ACT TTG TTG AAT AAT GAG CCT AGA GAA ACA ACA GAA ACT CAT TTG GGT GCT AAG TTT AAG AAA TTG CTG GAG AGA AAG AAG ATT GGT GTT GCC TCT ATT GAG GAA GTC CAA TTC AAT GAA TAC GGA ACA CAA AGA AAA TTC TTG TTG CTT GGT GCC CCT ACC TTA AAA TGT ACT CTA AGA ATT GCT ACC TGT GAT AAG AAC GCG GTT GAA GAG CTG ATT AGA GGT TTG TCC GAG TCA ACT GAT GTG GCA AAG GAT ACA ATA ACA ACT GAC AGA GAC CAA CTA GGT TCA CCT ATG CTA CCG ACG AGA ATT GGA GAG AAG TTC ACA CCG TAC GTG GAA AAG TTC CTT ATG CTT TAT CCA GAT GAC CAT AGA CAA GCT GAC GCC AAT GGG ACA GAA GGC GGC CTT TCA GGA GGG CCA CCC GTA AGC GAA CTG TGT CCA AAC TCC GCG TAT GCC AAG ATC GCT CTT GCT GAA AAA CCG CAG CTT ATC GGT GAT ATC AGA GAT GCT AGA ACA TCA GGT AAA CAA GAT CCA AGG TAT GAA GTT CTA TAC CCC GAA TTA GAC GAA TCT AGA TTA AGT GCA ACT CAT GCT GAT GGT TTA GAA GTT TAC CCC GTA GAT TCT GGT TTA ATT ACT CCA ACC AAA CTT ATG CTA AAG TCC TAC GGT AAG GTC TCA CAC ACG CAT GTG ACG TCA CGT GGT GAA AAG GGT GTA GTT GAA TTA GCT AAG GAA GTT GTT GAA GAC AGG CGT GAT CCA GGT GGT ACG AAG AGA AGG TTG TCT CAC AAG ACT ACG AAA CCC GAA AAC ACT CCA CTA GAT AGA GGT GAT AAA CAA CAA AAT GGC CCA GTG ATC CCA CAT AAA GAA AAA TCT TCG CTA GGT AGG CCT ACC ACG TCT TTC GAG AAG GAA GTC CCA GGG GGT ATC 
Calb                            CGT TTA GTC GGA TTC GAG AAA GTT CAA TTA TCC GAT TCA TTT ACC CCA AAG GCA TTG TTA CCA ATA ATG TTA GGG GAT CCA AAA GAT TCC AAA GCT AAA TCA ACA TTT CAG GAA TAT CCT AAA CCA AGA CTA CAG GTT TGC GTC GAC CAG TTA AAC CCA ACC ATT AGT GAA AAA AAA GTT GCC GGT ACT ATC GTT GTA ATG TTA GAT TTT TTG CAT TTA GCA TCT GCT TTG GGT AAA TCC TGC GAC GAT GGT ATG ACA CAA GGA TAT CCG ATA ACC TTA TTA AAT AAC GAA CCA AGA GAA AGT AGT GAA AAA CAT AAT GGT GCT AAA TTT CAA ACA AAT TTG GAA AGG AAG AAA GTG GGA GTT ATT ACC GTA GAA ACT GTA CAA CCA AAC GAA TAC AAG ACA CAA AAA CCA TAT TTA TTG CTA GGT GCC CCA ACC TTA AAA TGC ACA AGT AGA ATG GCT ACG TGT GAT AAA AAT GCT GGA GCA GAA TTG ATT AGA GCA TTA TCA GAA ACG ACC CAG GTT TCT AAA GGT GTA TTA AGT GGG GAT AGA GAG CAA TTT GGA AGT CCA ATG TAT AAA ATT CGT GTG GGT GAA AGA TAT ACA AAA TAT GTT GAA TTG TTC GAA ATG TCA TAT CCC GAA GAT CAT AGA ACA GCC GAT ATT AAC GGG AGT GCA GGT GGC TTA ACG GGT GGG CCA CCT GAA TGT AAA TTG TGT CCA GTT TCT GCT TAC TTA AAA ATT GCC TCA GCC GCA AAA CCG CAA TTA ATT GGA GAT ATT CGT GGT GCC AGA ATT GGT GGT CGA AGA GAT CCA AGA TAT GCA GAA TTA TAC CCT GAA TTG GAG GCA GCC AGA ATT TCT TCT ACT CAT GCT GAT GGA TTA GAA GTT TAT CCT ATA GAT TCA GGA TTA GTG ACT CCA ACT TTG TCA GTT TCC AAA TCA TAT GGT AAA GTT AGT CAT ATT CAT GTT CAA CCA AGA GGA AAT AAA GGT GTA GGA AAA CTA GCC TTC GCA GGA TTT GAA GAC AGA AGA GAA CCC GGG GGA GTA GTT AAG AGA TTG TCA CAT AAA ACA GAG CGT CCT GAA AAC ACA CCC TTT GAC AGA GGG GAT AAA AAA CAA AAT GGT CCA GTG ATC CCA CAT TTG GAA TTG TCT ACC TTT GGT AAA CCA ACG GTA TCC TTT GAG GAA GGA GTA CCC GGG GTT ATT 



Printing out site pattern counts


         9        741  P

Scer                            AAA AAA AAA AAA AAA AAA AAA AAA AAA AAA AAA AAC AAC AAC AAC AAC AAC AAC AAC AAG AAG AAG AAG AAG AAG AAG AAG AAG AAG AAG AAT ACA ACA ACA ACA ACA ACC ACG ACG ACG ACT ACT ACT ACT ACT ACT ACT AGA AGA AGA AGA AGA AGA AGA AGA AGC AGG AGG AGG AGG AGT ATA ATC ATC ATC ATC ATC ATC ATC ATG ATG ATT ATT ATT ATT ATT ATT CAA CAA CAA CAA CAA CAA CAA CAC CAC CAC CAG CAG CAG CAT CAT CAT CAT CCA CCA CCA CCA CCA CCA CCC CCT CCT CCT CCT CCT CGA CGA CGC CGT CTA CTA CTC CTC CTG CTG CTG CTT GAA GAA GAA GAA GAA GAA GAA GAA GAA GAA GAC GAC GAG GAG GAG GAG GAG GAT GAT GAT GAT GAT GAT GAT GAT GAT GAT GCC GCC GCG GCG GCT GCT GCT GCT GCT GCT GCT GCT GGA GGA GGC GGC GGC GGG GGG GGT GGT GGT GGT GGT GGT GGT GGT GGT GGT GGT GGT GGT GGT GGT GGT GGT GTA GTC GTC GTC GTG GTG GTG GTG GTT GTT GTT GTT GTT GTT GTT TAC TAC TAC TAC TAT TAT TAT TAT TAT TCA TCA TCC TCC TCC TCC TCT TCT TCT TCT TCT TCT TCT TGC TGC TGT TTA TTA TTA TTA TTA TTA TTA TTA TTC TTC TTC TTC TTC TTG TTG TTG TTG TTG TTG TTG TTG TTT TTT TTT TTT TTT 
Sbay                            ... ... ... ... ... ... ... ..G ..G ..G .G. ... ... ..T ..T ..T ..T ..T ..T ..A ..A ..A ... ... ... ... ... ... ... ... ..C ... ... ..C ..G ..G ..T ..A ..A ..C ..A ..C ..C ... ... ... ... ... ... ... ... ... ... ... ..G ... ..A ..A ... ... ..C ... ... ... ... ... ... ... ..T ... ... ..C ... ... ... ... ... ... ... ... ... ... ... ... A.. ... ... ..A ... ... ..C ... ... ... ... ... ... ... ..C ..G ..A ..C ... ... ... ... AA. A.. ... ... ..G T.G ..A ..G ..A ... ... ..C ... ... ... ... ... ... ... ..G ..G ..T ... ... ..A ... ... ... ... ..C ..C ..C ..C ..C ..C ..C ... ... ... ... ..T ..A ... ..C ..C ..C ... ... ... ... ... ..G ..G ... ... ... ... ..T ..C ..C ..G ... ... ... ... ... ... ... ... ... ... ... ... ... ... T.G ... ... ..T ... ... ... ... ..C ... ... ... ... ... ... ... ... ... ... ..C ..C ... ... .C. ... ..G ... ... ..T ..T ..C ..C ... ... ... ... ... ... ... ... C.. C.G C.G ... ... ... ... ..G ... ... ... ... ..T ..A ... ... ... ... ... ... ... ..C ..C ..C ... ... 
Smik                            ... ... ... ... ... ..G ..G ... ... ... ... ... ... ... ... ... ... ..T ..T ..A ..A .GA ..A ... ... ... ... ... ... ... ..C ... ... ... ... ..G ..T ..A ..A ..T ..A ... ... ... ... ... .TG ... ... ... ... ... ..G ..G ..G ... ..A ..A ... ... ... G.G ... ... ... ... ... ... ..T ... ... ..A ..C ... ... ... ... ... ... ... ..G ..G ..G ..G G.G ... ... ..A ..A ... ..C ... ... ... ... ... ... ... ... ... ..A ... ... ... ... ... A.G A.G ... ... ... ..G ..T ... ..A ... ... ..C ... ... ... ... ... ... ... ... ... ... ... ... ..A ..A ... ... ... ..C ..C ..C ... ... ... ... ..C ... ... ... ..T ... ..A ..C ..C ... ..G ... ... ... ... ... ..G ... ... ..T ... ..A ... ... ... ..A ..G ... ... ... ... ... ... ... ... ... ... ... ... ..C ... ..T ... ..A ... ... ... ..C ..C ... ... ... ... ... ... ... ..T ..T ..C ... ... ... ... ..G ..T ... ... ... ... ..A .GC ... ... ... ... ... ..T ..T ..C C.. ... ..G C.. C.G ... ..G ..G ... ... ... ..T ... ... C.A ... ... ... ... ... ... ... ... ... ... ... 
Spar                            ... ... ... ... ... ... ..G ... ... ... ... ... ... ... ... ... ..T ..T ..T ..A ..A ... ..A ... ... ... ... ... ... ... ..C ... ... ... ... ..G ..T ..A ..A ... ..A ... ... ... ... ... ..C ... ... ... ... ..G ... ..G ... ... ..A ..A ..A ... ... ..C ... ... ... ... ... ... ..T ... ... ... ... ..C ... ... ... ... ... ..G ... ... ... ... A.G ... ... ... ... ... ... ... ... ... ... ... ... ..C ... ... ..A ... ... ... ... ... A.G A.. ... ... ... ..G ..A ... T.A ..A ... ... ... ... ... ... ... ... ..G ... ..G ... ... ... ..A ..A ..A ... ..T ..C ..C ... ... ... ... ... ... ... ... ... ..T ... ... ..C ... ... ... ... ... ... ... ... ... ... ... ..T ... ..T ... ... ... ... ... ..A ..C ... ... ... ... ... ... ... ... ... ... ..T ... ..T ... ... ..A ... ... ..C ... ... ... ... ... ... ... ... ... ..T ..C ... ..C ... ... ... ..G ... ... ... ... ..G ... ... ... ... ... ... ... ... ... ... ..G ..G ... ... ... ... ..G ... ... ... ... ... ... ... C.. ..A ... ... ... ... ... ... ... ... ... 
Ncas                            ... ... ... ... ..G ... ..G ... ... .CC ..G ... G.A ..T ..T GC. ... ... ..T ..A ..A ..A ... ..A ..A ..A ..A ... ... ... ... ... ... ..T ... ... ..T ..A ..T ..T ... ... T.C ..C ..G ... ..A ... ... ... ..G ... ..G ..G ... .CG ..A ..A ..A ... ... ..T ..A ... ..T ..T ..T T.A T.A ... ... ... ..G ..C ... ... ... ... ... ... ... ... ... .C. GTG ..T ..T ACC A.A ..A ... AGC ... ... ... ... ..T ..T ..G ..T TTA ... .AA ..A ..A ... A.. A.. ..T ... T.G T.. ..A ..A T.A T.. T.. T.A AGT ... ... ... ... ... ... ... ... ... ... ..T ..A ..A .G. AGC ..A ... ... ..C ..C ... ... ... ..C ... ... ..A ..A ..A ..C ..G ..A A.. ... ..A ..A ..C ... ... ..T ..T ..T ..A ..T ..T ... ... ..G ..G ... ..G A.. ..A ..A ..C ..C ..G ... ... ... ... ... A.. ..T ... ... ..A A.C ... ..T ..G ... ACG ..A ..G ... ... ..T ..T ... ... ... .TG ... ..C .G. ... ..T AGT ..T ..G ..T ... ... A.C ..A ... ... ... .CA ..T ... ... A.. ..G ... C.T C.. ... ..G ..T ..T ..T ..T ..T C.A ... ..A ... ..A ..A ... ... ..C ... ... ... ... 
Cgla                            ... ..G ..G CCG ... ..G ... ... ..G G.C .G. ... ..G ... ..T ..T G.T ..T ..T ... ... ... ..A ..A ... ... ... ... ... ... ... ... GAT ..T T.T ... ... ..A ..A ..C ... T.C .AA ..C ... ... ... ... ... ... C.G ... ... ... ... .CA ..A GAT ..A ..A ..C ... ..A ... ... ..G ..T G.A C.T ..C ... ..A ..G ..C ..A ..C ..C ... ..G ... ... ..G G.. .CC G.A ... ..T ..A A.. ..A ... ... ..C ... .A. ..T ... ... ..T AA. ..T ..C ..A ... ... ..G A.. A.G ..T A.G ..G T.. ..T T.A ..A ... G.. ..G AC. ... ... ... ..G ..G ... ..G ... ..G ... ..T ... ..A C.A AGT AGC ... ... ... ... ..C ... ... ... ..C ... ... ..A ..A ..C ..A ... A.A ... ..C ... ... ..C ..T AC. ..A ..T A.. ..T ..T ... ... A.. ... ..A ... ... AAG ... ... ... ... ..A ... ... ... ... T.G ... A.T ... ..A A.A ..A ..T ... ... ..A ... ... ... ... ... ..T ... ..T ..C C.. ... ... ... ..C ..G GTG ... ... ..T ..A ..G ..A ... ..C ... ... .CT ... ... ..G A.. C.. C.. ..G ..G ... C.G ..T ..T ..T ..T C.G C.. C.A ... C.A ..A ... ... ... ... ... ... ..C ..C 
Agos                            ..G ..G .GG ..G ... ... ..G ... ..G .CG CGC ... ..T ... ..T TCG ... ... ... ..A ... C.A ..A ... ... ... ... ..A ... ... ... G.T ..G ..C .GC ..T ..A ... ..C ..A ..G T.C T.G ..C ..G ..G ..C ... C.C C.G .AG CAC ..G C.C ... .CG ... C.C C.. C.C TC. G.G G.A ... C.G G.. ..T T.G C.G ... ... ... ... ..C ..A ..C ..C ..G ..G ..G A.. .GG ..G .CG GGG ... ... ... ... ..A ..C ... ..C ..C ..G ..T ..G ..G ... ..C ..A ..A ..G ... T.. ..A ..T AA. A.G ..G ..G ..G ..G ..A T.. ..C G.T ..C ..G ..G ..G ..G ..G ..G ..G ..G ... .TC ... ... ..A ... ... TC. ..T ..C ... ..C ..G ..C ..C ... .TG ..C ..C ..A ..A ... ..C ..G ..G ..G ..C ..C ..C ..C ..G ..G .TC ... ... ... ..C ..C ..C ..C ..A ..C ..C ..C ..G A.C ..C ..C ..C ..A ... ..C ..C ..G ... .CC ... ..G ... .C. ... ... ..C ..C ..C ..A ..C ..C ..C ..G ... ... ... ..T ..C A.. ..C ..C GTA ..C ..G AGT ... ..G A.G A.G ..C C.G ..G ..C ..C ... .CT ..T ..C C.C A.T C.G C.G C.T C.. C.G C.C ... ... ..T AC. ... C.T C.. ... C.. C.. C.. C.. .G. ... ..C ..C ..C ... 
Klac                            ..G ..G ... .G. ..G ..G ..G ..G ... .CT ... ... ..T ... ... GTA ..T ..T ..T ... ... ..A ..A ... ..A ... ... ... ... ... ... ..C T.. ..T CTT ..G T.A ..A ..C ..T GAA ... T.. ... G.C ..C ..A ... ... .AG ..G ..G ... ... ..G .CA ... ... ..A ..A TCA .CT G.A ... T.A G.T ..T T.A C.A .C. ... ... ..G ..C ..C ..C ..C ... ..G ... ... ... A.. .CG GGA ..T ..T AC. .TT ... T.. ... ..C ... ... ... ... ..C ..T AA. ..T ..G ..A ..A ... ... A.. A.. ..T ... ... T.G ..A T.A T.A T.A T.A ... ..T ... ... ..T ... ..G ... ..G ..G ..C ... ..G .TT ... ..A AC. ..T ... ..C ... ..A ..C ... ... ..A ... ... ..T ... ..C ..A .T. ... T.. ... ..G ... ... ... ..T .TT ..A ..T ..T .AT ..T ..A ..C .CC ... ..C ... TC. .CA .AA ..G ... ... ..A ... ... ... ... ..T ..A ... ..T ACA A.T ... ..T ..A ... A.. ..G ..G ... ..C ... ..T ... ..T ..C CCG ..C ... .TG ..T ... AG. ..T ... AAT ..G ..C ..A ... ..C AG. ... ACA ..T ... ..G A.. C.. C.. ..C ..G ..G ..G C.A ..T ... ... ... C.T ... ..A C.T C.. ... ... ..A ... G.. ..C ... ... 
Calb                            ... .G. CGT ... C.. ..G ... G.. CC. GGG CG. ... ... ..T GTT G.A ..T ..T ... TTC ..A .CA ..A ..A ..A ..A ... ..A ..A GTT C.G ..G C.. ..T T.. CA. GGT ..A ..T ..A ... ..C GAG ..A .T. ..C .G. ... ... TTG .A. .A. C.T ... ... ..T ..A ..A C.T ..A ... .A. ..A ..T T.A ... ..G C.A TAT ..T ... ... G.. ... .AA ..A ..C ... ... AC. AG. A.. TTG A.. A.G ..T ..T GTA G.A ... G.. ... ... ... ... ... ... ..T ... ... ..A ..G ..C ..A ..A ..A A.G AAG A.A A.A AGT T.. T.A ..A T.. T.A T.A T.A ... ... .C. ..C ... ... ... ... ... ..G ... ..G ..A ..A .CA ... C.. T.. ... ..C A.. ... ... C.G A.A ... ... ..A TTA ..T .AT ..A ... A.C ... ... ..C ..C ..C ... ... AA. ..T .TT ..T ... ... ... .CC ..A ..C ... ..G TC. ..A ..G ... ... ... .CA ... ..A ... ..C ..A ..A ..T ..A ..A ..T ..T ..C ... ..G ... ..G ... ... ... ... ..T .TA ... AC. ... ... A.. ..T AGT .GT G.. ..T ATG A.C ..A A.G ..A ..C ... ..C ATT ... ... ..G ... .CC ... ..T ..G ... ..G ..T ..T .AT CCA ... ..A A.. A.T C.A ... ... ... ..A ... ... ..A ... ..C 

    2    2    2    2    1    1    2    1    1    1    1    1    2    1    2
    1    1    1    1    1    3    2    2    1    3    1    1    1    1    1
    1    2    1    2    5    1    1    2    1    1    1    2    1    2    2
    1    3    3    2    1    1    2    1    2    1    1    1    1    1    1
    1    1    2    2    1    1    2    1    1    2    2    1    1    2    1
    1    1    6    1    2    1    1    3    2    1    1    2    2    1    1
    1    2    2    1    1    1    1    5    1    1    1    2    4    3    2
    4    1    1    1    1    2    2    1    1    1    1    1    1    2    7
    4    1    2    2    2    1    1    2    1    1    1    2    2    1    1
    1    2    2    1    1    2    1    2    3    3    1    1    1    2    1
    1    1    2    3    2    2    1    3    4    1    2    1    2    2    1
    3    1    3    1    1    1    2    1    3    2    1    1    1    1    2
    1    1    1    3    1    1    1    2    1    1    2    3    1    1    1
    1    2    1    1    1    1    1    2    2    2    2    1    1    2    1
    1    3    2    2    2    2    1    2    1    3    2    1    2    1    2
    1    1    2    1    3    1    2    1    1    1    1    2    1    3    1
    1    2    1    1    1    2    1

CODONML (in paml version 4.9j, February 2020)  temp.nuc
Model: One dN/dS ratio, 
Codon frequency model: Fequal
ns =   9  ls = 392

Codon usage in sequences
--------------------------------------------------------------------------------------------------------------------------------------
Phe TTT   6   4   7   6  13  10 | Ser TCT  14  13  10  11  14  12 | Tyr TAT   8   4   9   6   6   8 | Cys TGT   2   2   4   2   7   2
    TTC   8  10   7   8   1   3 |     TCC   5   8   5   5   1   9 |     TAC   5   7   4   7   4   4 |     TGC   4   4   4   4   0   3
Leu TTA  11   7   3   9  18   8 |     TCA   3   2   3   2   5   5 | *** TAA   0   0   0   0   0   0 | *** TGA   0   0   0   0   0   0
    TTG  12  15  15  13  12  10 |     TCG   0   1   2   4   1   3 |     TAG   0   0   0   0   0   0 | Trp TGG   0   0   0   0   0   0
--------------------------------------------------------------------------------------------------------------------------------------
Leu CTT   1   0   1   1   1   2 | Pro CCT  15  13  15  15  13   8 | His CAT   6   5   5   6   7   7 | Arg CGT   1   1   1   1   2   1
    CTC   2   1   2   1   0   0 |     CCC   1   3   0   5   0   4 |     CAC   4   4   4   3   0   3 |     CGC   1   1   1   1   0   0
    CTA   4   3   7   4   4   6 |     CCA  10   9  11   6   9  10 | Gln CAA  16  18  12  14  19  15 |     CGA   2   0   0   0   0   0
    CTG   3   8   5   5   0   7 |     CCG   0   1   0   0   1   6 |     CAG   4   2   8   6   0   2 |     CGG   0   0   0   0   0   1
--------------------------------------------------------------------------------------------------------------------------------------
Ile ATT   7   7   6   6   9   5 | Thr ACT  12   9  10   9  10   9 | Asn AAT   1   7   2   3   5   6 | Ser AGT   1   0   1   1   5   2
    ATC  10  10  10  12   5   9 |     ACC   1   6   0   3   7   4 |     AAC  10   5   9   8   3   2 |     AGC   1   2   1   1   3   3
    ATA   1   1   1   0   5   8 |     ACA  11   7  14  14  14  14 | Lys AAA  16  19  19  20  24  11 | Arg AGA  13  16  13  13  14  17
Met ATG   4   4   7   4   5   4 |     ACG   4   6   1   2   6   0 |     AAG  17  14  12  14   9  25 |     AGG   4   3   8   6   5   2
--------------------------------------------------------------------------------------------------------------------------------------
Val GTT  10  10  10  13   6   8 | Ala GCT  13  11  10  13   3   7 | Asp GAT  18  10  11  16  14  18 | Gly GGT  26  23  23  27  22  30
    GTC   5   5   6   3   4   2 |     GCC   2   4   3   2   5   7 |     GAC   2  12   9   5   6   6 |     GGC   4   8   3   4   5   0
    GTA   1   0   1   1   2   7 |     GCA   0   1   2   0   9   3 | Glu GAA  24  21  27  26  28  21 |     GGA   7   0   8   8   7   3
    GTG   5   5   5   4   5   2 |     GCG   3   2   3   3   1   0 |     GAG   7   8   5   4   0   8 |     GGG   4  10   7   2   8   0
--------------------------------------------------------------------------------------------------------------------------------------

--------------------------------------------------------------------------------------
Phe TTT   4   5   9 | Ser TCT   6  11   6 | Tyr TAT   1   5  10 | Cys TGT   3   5   3
    TTC   9   6   3 |     TCC  11   5   5 |     TAC   9   6   3 |     TGC   2   0   3
Leu TTA   0  10  19 |     TCA   0   6   9 | *** TAA   0   0   0 | *** TGA   0   0   0
    TTG   4  12  13 |     TCG   7   3   0 |     TAG   0   0   0 | Trp TGG   2   0   0
--------------------------------------------------------------------------------------
Leu CTT   2   9   0 | Pro CCT   4   8   5 | His CAT   2   6   8 | Arg CGT   1   2   4
    CTC   4   0   0 |     CCC   1   5   4 |     CAC   9   2   0 |     CGC   7   0   0
    CTA   2  10   3 |     CCA   8  10  18 | Gln CAA   3  10   9 |     CGA   0   0   1
    CTG  19   3   0 |     CCG  15   5   2 |     CAG  15   2   4 |     CGG   4   0   0
--------------------------------------------------------------------------------------
Ile ATT   6   7  12 | Thr ACT   1   9   5 | Asn AAT   6   7   6 | Ser AGT   1   1   8
    ATC   6   7   2 |     ACC   9   4   7 |     AAC   5   4   5 |     AGC   7   1   0
    ATA   1   2   3 |     ACA   2   8   9 | Lys AAA   9  15  28 | Arg AGA   4  14  16
Met ATG   4   3   6 |     ACG  13   6   4 |     AAG  21  20   4 |     AGG   5   6   1
--------------------------------------------------------------------------------------
Val GTT   1  14  14 | Ala GCT   2   9   7 | Asp GAT   4  18  14 | Gly GGT   2  20  16
    GTC  16   4   2 |     GCC  12   5   8 |     GAC  14   6   4 |     GGC  25   4   1
    GTA   7   5   8 |     GCA   2   4   9 | Glu GAA   2  22  23 |     GGA   2   4  13
    GTG  10   4   4 |     GCG   6   3   0 |     GAG  26   7   5 |     GGG   7   3   7
--------------------------------------------------------------------------------------

Codon position x base (3x4) table for each sequence.

#1: Scer           
position  1:    T:0.19898    C:0.17857    A:0.28827    G:0.33418
position  2:    T:0.22959    C:0.23980    A:0.35204    G:0.17857
position  3:    T:0.35969    C:0.16582    A:0.30357    G:0.17092
Average         T:0.26276    C:0.19473    A:0.31463    G:0.22789

#2: Sbay           
position  1:    T:0.19643    C:0.17602    A:0.29592    G:0.33163
position  2:    T:0.22959    C:0.24490    A:0.34694    G:0.17857
position  3:    T:0.30357    C:0.22959    A:0.26531    G:0.20153
Average         T:0.24320    C:0.21684    A:0.30272    G:0.23724

#3: Smik           
position  1:    T:0.18622    C:0.18367    A:0.29082    G:0.33929
position  2:    T:0.23724    C:0.22704    A:0.34694    G:0.18878
position  3:    T:0.31888    C:0.17347    A:0.30867    G:0.19898
Average         T:0.24745    C:0.19473    A:0.31548    G:0.24235

#4: Spar           
position  1:    T:0.19643    C:0.17347    A:0.29592    G:0.33418
position  2:    T:0.22959    C:0.23980    A:0.35204    G:0.17857
position  3:    T:0.34694    C:0.18367    A:0.29847    G:0.17092
Average         T:0.25765    C:0.19898    A:0.31548    G:0.22789

#5: Ncas           
position  1:    T:0.20918    C:0.14286    A:0.32908    G:0.31888
position  2:    T:0.22959    C:0.25255    A:0.31888    G:0.19898
position  3:    T:0.34949    C:0.11224    A:0.40306    G:0.13520
Average         T:0.26276    C:0.16922    A:0.35034    G:0.21769

#6: Cgla           
position  1:    T:0.19643    C:0.18367    A:0.30867    G:0.31122
position  2:    T:0.23214    C:0.25765    A:0.34694    G:0.16327
position  3:    T:0.34439    C:0.15051    A:0.32653    G:0.17857
Average         T:0.25765    C:0.19728    A:0.32738    G:0.21769

#7: Agos           
position  1:    T:0.14796    C:0.24490    A:0.25510    G:0.35204
position  2:    T:0.24235    C:0.25255    A:0.32143    G:0.18367
position  3:    T:0.11735    C:0.37245    A:0.10714    G:0.40306
Average         T:0.16922    C:0.28997    A:0.22789    G:0.31293

#8: Klac           
position  1:    T:0.18878    C:0.18367    A:0.29082    G:0.33673
position  2:    T:0.25765    C:0.25765    A:0.33163    G:0.15306
position  3:    T:0.34694    C:0.15051    A:0.30612    G:0.19643
Average         T:0.26446    C:0.19728    A:0.30952    G:0.22874

#9: Calb           
position  1:    T:0.21173    C:0.14796    A:0.29592    G:0.34439
position  2:    T:0.25000    C:0.25000    A:0.31378    G:0.18622
position  3:    T:0.32398    C:0.11990    A:0.42857    G:0.12755
Average         T:0.26190    C:0.17262    A:0.34609    G:0.21939

Sums of codon usage counts
------------------------------------------------------------------------------
Phe F TTT      64 | Ser S TCT      97 | Tyr Y TAT      57 | Cys C TGT      30
      TTC      55 |       TCC      54 |       TAC      49 |       TGC      24
Leu L TTA      85 |       TCA      35 | *** * TAA       0 | *** * TGA       0
      TTG     106 |       TCG      21 |       TAG       0 | Trp W TGG       2
------------------------------------------------------------------------------
Leu L CTT      17 | Pro P CCT      96 | His H CAT      52 | Arg R CGT      14
      CTC      10 |       CCC      23 |       CAC      29 |       CGC      11
      CTA      43 |       CCA      91 | Gln Q CAA     116 |       CGA       3
      CTG      50 |       CCG      30 |       CAG      43 |       CGG       5
------------------------------------------------------------------------------
Ile I ATT      65 | Thr T ACT      74 | Asn N AAT      43 | Ser S AGT      20
      ATC      71 |       ACC      41 |       AAC      51 |       AGC      19
      ATA      22 |       ACA      93 | Lys K AAA     161 | Arg R AGA     120
Met M ATG      41 |       ACG      42 |       AAG     136 |       AGG      40
------------------------------------------------------------------------------
Val V GTT      86 | Ala A GCT      75 | Asp D GAT     123 | Gly G GGT     189
      GTC      47 |       GCC      48 |       GAC      64 |       GGC      54
      GTA      32 |       GCA      30 | Glu E GAA     194 |       GGA      52
      GTG      44 |       GCG      21 |       GAG      70 |       GGG      48
------------------------------------------------------------------------------


Codon position x base (3x4) table, overall

position  1:    T:0.19246    C:0.17942    A:0.29450    G:0.33362
position  2:    T:0.23753    C:0.24688    A:0.33673    G:0.17885
position  3:    T:0.31236    C:0.18424    A:0.30527    G:0.19813
Average         T:0.24745    C:0.20351    A:0.31217    G:0.23687

Codon frequencies under model, for use in evolver (TTT TTC TTA TTG ... GGG):
  0.01639344  0.01639344  0.01639344  0.01639344
  0.01639344  0.01639344  0.01639344  0.01639344
  0.01639344  0.01639344  0.00000000  0.00000000
  0.01639344  0.01639344  0.00000000  0.01639344
  0.01639344  0.01639344  0.01639344  0.01639344
  0.01639344  0.01639344  0.01639344  0.01639344
  0.01639344  0.01639344  0.01639344  0.01639344
  0.01639344  0.01639344  0.01639344  0.01639344
  0.01639344  0.01639344  0.01639344  0.01639344
  0.01639344  0.01639344  0.01639344  0.01639344
  0.01639344  0.01639344  0.01639344  0.01639344
  0.01639344  0.01639344  0.01639344  0.01639344
  0.01639344  0.01639344  0.01639344  0.01639344
  0.01639344  0.01639344  0.01639344  0.01639344
  0.01639344  0.01639344  0.01639344  0.01639344
  0.01639344  0.01639344  0.01639344  0.01639344


TREE #  1:  (((((1, 4), (3, 2)), 5), 6), ((7, 8), 9));   MP score: 1267
This is a rooted tree.  Please check!
lnL(ntime: 16  np: 18):  -6574.577093      +0.000000
  10..11   11..12   12..13   13..14   14..1    14..4    13..15   15..3    15..2    12..5    11..6    10..16   16..17   17..7    17..8    16..9  
 0.028107 0.000004 0.335626 0.000004 0.149444 0.129581 0.024682 0.243718 0.270652 0.865657 0.994019 0.016037 0.377718 1.626266 1.072371 2.811035 2.072543 0.059066

Note: Branch length is defined as number of nucleotide substitutions per codon (not per neucleotide site).

tree length =  8.944920

(((((1: 0.149444, 4: 0.129581): 0.000004, (3: 0.243718, 2: 0.270652): 0.024682): 0.335626, 5: 0.865657): 0.000004, 6: 0.994019): 0.028107, ((7: 1.626266, 8: 1.072371): 0.377718, 9: 2.811035): 0.016037);

(((((Scer: 0.149444, Spar: 0.129581): 0.000004, (Smik: 0.243718, Sbay: 0.270652): 0.024682): 0.335626, Ncas: 0.865657): 0.000004, Cgla: 0.994019): 0.028107, ((Agos: 1.626266, Klac: 1.072371): 0.377718, Calb: 2.811035): 0.016037);

Detailed output identifying parameters

kappa (ts/tv) =  2.07254

omega (dN/dS) =  0.05907

dN & dS for each branch

 branch          t       N       S   dN/dS      dN      dS  N*dN  S*dS

  10..11     0.028   847.1   328.9  0.0591  0.0017  0.0291   1.5   9.6
  11..12     0.000   847.1   328.9  0.0591  0.0000  0.0000   0.0   0.0
  12..13     0.336   847.1   328.9  0.0591  0.0205  0.3472  17.4 114.2
  13..14     0.000   847.1   328.9  0.0591  0.0000  0.0000   0.0   0.0
  14..1      0.149   847.1   328.9  0.0591  0.0091  0.1546   7.7  50.8
  14..4      0.130   847.1   328.9  0.0591  0.0079  0.1341   6.7  44.1
  13..15     0.025   847.1   328.9  0.0591  0.0015  0.0255   1.3   8.4
  15..3      0.244   847.1   328.9  0.0591  0.0149  0.2521  12.6  82.9
  15..2      0.271   847.1   328.9  0.0591  0.0165  0.2800  14.0  92.1
  12..5      0.866   847.1   328.9  0.0591  0.0529  0.8955  44.8 294.5
  11..6      0.994   847.1   328.9  0.0591  0.0607  1.0283  51.5 338.2
  10..16     0.016   847.1   328.9  0.0591  0.0010  0.0166   0.8   5.5
  16..17     0.378   847.1   328.9  0.0591  0.0231  0.3908  19.6 128.5
  17..7      1.626   847.1   328.9  0.0591  0.0994  1.6824  84.2 553.3
  17..8      1.072   847.1   328.9  0.0591  0.0655  1.1094  55.5 364.9
  16..9      2.811   847.1   328.9  0.0591  0.1718  2.9080 145.5 956.4

tree length for dN:       0.5466
tree length for dS:       9.2536


Time used:  0:08
