      9   1179

Scer                            CCA TTT ATC TCA GAC GAC AGA TCA ACT TTG CTG GGT ATT TTC CAC GAT TAT AAG ATC TTG GAA ATT ATG TTA TTG ACT GAC GAA AAT TTG ATC CCC TTT TAC TTC AAA CAA AGA GAA CCA AGA AGA TTT AGA AAA ATC CCA ATC GAC CAG GCA TTA TTC GAT AAA TGG ACC GAC GGC TAC GAG GCA TCA ATT GTC TCG TTG GCT GGT TCG TTC GCT TTA CTG TAC GAC TAT AGT ACT TGC TTA AAG CAG ATT AGC TTG GAT ATT GAC AAT ACT TTA ATT GCT GTT GAA CTG AAT GAA AAA TTC TCG GTG AGA GAT GAT CCT GAA TTT AAG GAA GAC TTG TCA TTT GAA ACT TTG AGC ATG GTG TTT GAT GAA AAG CAA AAC AAG GTA TAC CAT AAG ATC CGG AAG AGA AAC AGT TTG AGA TTT ACT ATC AGG GAC GGA CCC GCT GAA TGT ATT GTT CCG TTG TCT AAA TTT TAC GTA CCC ATC CAC TCC AAA CCT ATA GGT TTC GCC TTT GCA TTC GAA ACA ACA GAA ATC ATC TCA CCG GAA GGT TGT TTC GAA CCA AAA AAA AAG ATG GCT ATC GAC ATG TTC TTT AGG TTT TCT GAA GTC TAC AAG AGG TCC TCT ACC GGT GAC GCA ATT AAT GGC TTT GAT AGA GTC GGG GAG ATT TTG GGA TCA GAC ATC TAC CCG ATC AGA GTC GAC ATC GTT ACT TAT CAA GAC AGA TTG AGC GCC CTA ATT GAA GAT AAT ATT TTT CGT ATC CCA AGA GCC AAT GGT AAG GAA TTG GAT GCC TCA ATC CAG GAC GAT CTT AAC CAT GGC AGT GCA GAC ACC GAA GCT AAA AAA TAC GAA GTT CAT TAC ACT TTT TTG TTA GAA TCA TCA TTC TCA ATC AGG CCC TTC AAC GAC ACT ATG GAA ATC GTG TTC GAT GAC TTC TCC TAC ACT AAA TAT GTG GAT AGT TTC ATC AGA TTA TCA GAT AGA AGA CCA CAG AAC ATT TTG GCT ATT CTG GTG TGC GAA TCA AGA TAT CGT GAA GGT TAC GAT GAT TTT GTC GAC AAG GAT AGC ATG GGT GGC AGA CAA GCC AGA AAT AGC GAG TCA TTC ATC TAC TTG TTC GAA AAA GCA TTG AAT CCC GTC AAG CCC CGT TCT GAT GTC ATG ATC GTT CCG CGT GTC ATC TAT TCT TAC GAA CTA GAA TAT AAG GAC 
Sbay                            CCT TTT ATA TCA GAC CAA AGA TCA ACA TTA TTG GGC ATT TTT CAC GAC TAT AAA ATC TTG GAA ATT ATG TTA TTA ACC GAA GAA AAT CTA ATC CCT TTT TAC TTT AAA CAA AGA GAG CCA AGA AGA TTC AGA AAA ATA CCA TTG GAC CAA GCA TTA TTC GAT AAA TGG ACC GAT GGC TAC GAG GCA GAG ATG GTG TCT TTG GCA GGC TCT TTC GCA CTG CTT TAC GAC TAT AGT ACT TGC TTG AAG CAA ATG AGT TTG GAT ATT GAT AAC ACC CTG ATT GCC GTT GAA TTG AAT GAG AAA TTC TCT GTG AGA GAT GAT CCG GAG TTC AAG GAA GAC TTA TCG TTT GAA ACT CTG AGT AAA GTG TTC GAT GAG AAG CAA AAC AAG GTT TAC CAT AAG ATA CGC AAG CGT AAT AGC TTA AAG TTC ACA ATT AGG GAC GGG CCA GCT GAA TGT CTG GTG CCA TTG TCT AAA TTC TAC GTT CCC ATA CAC TCC AAA CCT ATA GGT TTC GCC TTT GCC TTC GAA ACG ACG GAA ATC ATT TCG CCA GAA GGC TGT TTT GAA CCA AAA AAG AAG ATG GCA AGA GAA ATG TTT TTC AAA TTC TCT GAA GTC TAC AAG CGT TCC TCT ACC GGC GAC GCC CTG AAT GGC TTT GAC AGA GTA GGG GAA CTG TTA GGG TCA GAC ATA TAT CCA ATA AGA GTT GAC ATC GTG ACC TAC CAA GAC AGA CTG AGT GCC TTG ATT GAA GAT AAT ATT TTC CGT ATC CCA AGA GCC AAC GGT AAG GAA TTA GAC GCT TCG ATA CAA GAC GAT CTT AAC CAT GGG AGT GCC GAC ACC GAA GCC AAA AAG TAC GAA GTG CAT TAT ACT TTC CTG CTG GAA TCA TCA TTC TCC TTG AGA CCT TTC AAC GAC ACA ATG GAA ATA GTG TTC GAT GAA TTT TCC TAC ACA AAA TAC GTG GAC AGT TTC ATC AGA TTG TCC GAT AGA CGA CCT CAA AAT ATT TTG GCC ATT CTA GTG TGT GAA TCG AGA TAT CGT GAA GGT TAC GAT GAC TTT GTA GAT AAG GAT AGT ATG GGA GGC AGA CAA GCC CGA AAT AGT GAA TCA TAT ATA TAC CTG TTC GAA AAA GCA TTA AAC CCC GTC AAG CCC CGT TCT GAT GTT ATG ATA GTG CCA CGT GTC ATC TAC TCT TAT GAA CTA GAA TAT AAG GAA 
Smik                            CCC TTT ATC TCC GAT GAT AGA TAC ACG CTG TTG GGA ATT TTC CAC AAA TAT AAA ATG CTG GAA ATT ATG CTG TTA ACC GAC GAA AAC TTA ATC CCA TTT TAC TTT AAA CAA AGA GAA CCA AGA AGG GTT AGG AAA ATC CCC ATC GAT CAG GCC CTG TGG GAT AAA TGG ACC GAT GGC TCA GAG GAT TCT GCG GTC TCA TTA GCC GGC TCA TTC GCC TTG CTG TAC GAT TAT AGT ACT TGT TTG AAG CAA GCG AGC TTA GAT ATT GAT AAT ACT TTG ATT GCT GTT GAA TTG AAT GAA AAG TTC TCA GTA AGG GAT GAT CCC GAT TTT AAG GAA GAT TTA TCA TTT GAA ACT TTG AGT TCG GTG TTC GAT GAT AAA CAA AAC AAG GTC TAT CAT AAG ATC GCG AAA AGA AAT AGC CTG AGA TTC ACG ATC AGA GAC GGT CCT GCT GAA GAT ATT GTT CCA TTA TCT AAA TTC TCA GTC CCT ATC CAC TCC AAG CCT ATA GGT TGG GCC TTT GCC TTC CAG ACG ACG GAA ATT ATC TCA CCG GAG GGA TGT TTT GAA CCC AAA AAG AAA ATG GCC ATC GAC ATG TTC TTT AAG TTC TCT GAA GTC TAC AAG AGA TCC TCT ACC GGA GAC GCC ATT AAT CAT TTC GAT AGG GTA GGG ATT ATT CTG GGT TCA GAC CTA TAC CCG ATC AGA GTT GAT ATG GTT ACC TAT CAA GAC AGA TTA AGC GCC CTA ATT GAA GAT AAT ATC TTT CGT ATG CCA AGA GCC AAT GGT AAG GAG CTG AAA GCG TCA ATC CAA GAT GAT CTT AAC CAT GGC AGT GCC GAC ACC GAA ACA AAG AAG TAT GAA GTT CAT TAT ACT TTC TTT TTA GAA TCC TCA TTC TCC ATC AGG CCA TTC AAC GAC ACT ATG GAA CTA GTG TTT GAT GAT TTT TCC TCA ACT AAG TAT GTA GAT AGT TTC ATT AGA TTG TCC GAT AGG AAG CCC CAA AAC ATC TTG ACA ATC CTA GTA TGT GAA TCA AGA TAT CGT GAA GGT TAC GAT GAT TTC GTA GAA AAG GAT AGT ATG GGT GGC AGG CAA GCC AAG AAT AGC GAG TAC TTC CTA TAC TTG TTC CAG AAA GCA TTA AAC CCT GTC AAG CCT CGT TCA GAT GTT ATG ATC GTT CCA CGT GTC ATG TAT TCT TAT GAA CTA GAA TAT AAA GAC 
Spar                            CCC TTT ATC TCT GAT GAT AGA TCT ACT TTG TTG GGT ATT TTC CAT GAT TAT AAA ATC TTG GAA ATC ATG TTA TTG ACC GAT GAA AAT TTG ATC CCG TTT TAC TTT AAA CAA AGA GAA CCA AGA AGA TTT AGA AAA ATC CCA ATT GAT CAG GCA TTA TTC GAT AAA TGG ACT GAC GGC TAC GAG GCT TCG ATG GTC TCG TTG GCA GGT TCG TTC GCA TTA CTG TAC GAT TAT AGT ACT TGC TTA AAG CAG ATG AGC TTG GAT ATT GAC AAT ACT TTA ATT GCT GTT GAA TTG AAT GAA AAG TTC TCG GTG AGA GAC GAT CCC GAA TTT AAG GAA GAT TTG TCA TTT GAA ACT TTG AGC CTA GTG TTT GAT GAA AGG CAA AAC AAG GTC TAT CAT AAG ATC CGG AGG AGA AAT AGT TTG AGA TTT ACT ATC AGA GAC GGG CCT GCT GAA TGT ATC GTT CCA TTG TCT AAA TTT TAC GTC CCC ATC CAT TCC AAG CCT ATA GGT TTC GCC TTT GCC TTC CAA ACG ACG GAA ATC ATC TCA CCG GAA GGT TGT TTT GAA CCA AAA AAA AGG ATG GCA ATC GAT ATG TTC TTT AAA TTT TCT GAA GTC TAC AAG AGA TCC TCT ACT GGT GAC GCC ATC AAT GGC TTC GAT AGA GTA GGG GAG ATC TTG GGG TCG GAC ATC TAC CCG ATC AGA GTT GAT ATC GTT ACC TAT CAA GAC AGA TTG AGC GCC CTA ATC GAA GAT AAT ATC TTT CGT ATC CCG AGG GCC AAC GGT AAG GAA TTG GAT GCC TCA ATC CAG GAT GAT CTT AAC CAT GGT AGT GCC GAC ACT GAA GCC AAG AAA TAT GAA GTT CAT TAT ACT TTT TTG TTA GAA TCT TCG TTC TCC ATT AGG CCG TTC AAC GAC ACA ATG GAA ATC GTG TTC GAT GAC TTT TCC TAC ACA AAG TAT GTG GAT AGT TTC ATC AGA TTA TCC GAT AGA AAG CCC CAG AAC ATT TTG GCC ATT CTG GTG TGC GAA TCA AGA TAT CGT GAA GGT TAC GAT GAT TTT GTA GAC AAG GAC AGC ATG GGT GGC AGA CAA GCC AAG AAT AGC GAG TCT TTC ATC TTT TTG TTC CAA AAA GCA TTG AAC CCC GTC AAG CCC CGT TCT GAT GTT ATG ATC GTT CCA CGT GTC ATC TAT TCT TAT GAA CTA GAA TAT AAG GAT 
Ncas                            CCT TTC ATT TCC GAT GAT AGA TTC ACA TTA ATG GGA ATC TTC CAT GAT TAT AAA ATG TTA GAA ATT ATG TTA TTG ACA GAT GAA AAT TTG ATT GAT TTT TAT TTT AAA CAA AGA GAA CCT AAA AGA GTG AGA AAG ATT CCA ATA GAT CAA GCT TTA TAT GAT AAA TGG ACA GAT GGG TAC GAA AGT TCA ATC GTC TCT CTT GCT GGA TCT TTC GCT TTG CTT TAC GAT TAC ACT ACT TGC ATT ATG CAA ATC TCC CTT GAT ATC GAT AAT ACT TTG ATC GCA GTT GAA ATG AAC GAA AAA TTC TCT GTG AGA GAT GAT CCA GCT TTT AAA GAA GAT TTG TCA TTT GAA ACA TTA AAT CAA GTT TTT GGC GCT AAT CAA AAT ATG GTC TGG CAC AAG ATT TCA AAT AGA AAT GCC TTA AGA TTC ACA ATT AGA GAT GGG CCC GCT GAA GTT GTT ACC CCA CTT TCT AAA TTT TAC GTC CCA ATT CAT TCT AAA CCT ATT GGT TAT GCA TTT GCT TTC AGA ACT ACT GAA ATT ATT TCA CCA GAG GGA TGT TTT GAA CCA AAA AAG AAT ATG GCT ATT GAT ATG TTC TTC AAA TTC TCA GAA GTG TAT ATG AGA TCT TCA ACA GGA GAT GCT GTT AAC AAC TTC GAT AGA GTC GAT GTT GTT TTA GGG TCT GAT ATC TAC CCA ATT AGA GTT GAT ATG ACC ACA TTT CAA GAT AGA CTA TCC GCA TTA ATC GAA ACT AAC ATC TTT CGT ATG CCA CGT GCA AAT GGT AAA GAA TTA GAT GCA TCA ATT CAA GAT GAT TTG AAC CAT GGT ACT GCT GAT ACA GAA GCA AAA AAG TGG GAA ACC CAT TAT ACA TTT CCC TTG GAA TCC TCT TTC TCC ATA AGA GAT TTC AAC GAC ACT ATG GAA ATC GTT TTC GAT GAC TTT TCT TAC ACT AAA TAC GTG GAT ACT TTC ATT AGA ATT TCC GAT AGA CAA CCT CAA ACA ATT TTA GCA ATT TTG GTG TGT GAA TCA AGA TAT CGT GAA GGT TAT GAC GAT TTT GTC GAT AAA GAT AAT ATG GGA GGG AGA CAA GCA CAA AAC TCC GAA TTC TTT ATC TTC TTA TTC AGA AAG TCA TTG AAT CCA GTG ATG CCA AGA TCT GGC GTT ATG ATT ACC CCA CGT GTG ATG TTT TCA TAT GAA TTA GAA TAT AAA GAT 
Cgla                            CCC TTC ATC TCA GAC GAC AGA AGG ACA CTG ATG GGT ATT TTC CAC GAC TAT AAG ATG TTG GAG ATG ATG TTG TTG ACA GAC GAA AAC TTG TTC GAA TTT TAC TTC AAG CAA CGT GAG CCA AAG AGA GTT AGA AAG ATC CCA ATC GAC CAA GCT TTG TTC GAT AAG TGG ACA GAC GGG TAC GAG ACT TCC ATG GTC TCC CTA GCT GGT TCC TTC GCT CTG TTG TAC GAT TAC ACT ACC AAC ATT AAG CAA ATG TCG CTA GAC ATT GAC AAT ACC CTG ATT GCT GTT GAG ATG AAC GAA AAA TTT TCC GTT AGA GAT GAT CCA GAA TTT AAG GAA GAC TTG TCT TTT GAA ACA TTG AGT ATG GTT TTC AGT GAA AGG CAG AAC AAG GTG TGG CAC AAG ATC TCA AGG AGA AAC GCA CTG AAG TTT ACA ATC AAA GAC GGG CCA GCC GAG AAC CTA GTT CCA CTA TCC AAG TTC TAC GTG CCT ATC CAC TCT AAG CCA ATC GGT TTC GCT TTC GCA TTT AGG ACC ACC GAG ATC ATC TCT CCA GAA GGT TGT TTC GAA CCA AAG AAA AGG ATG GCT ATC GAC ATG TTC TTC AAG TTT TCA GAA GTC TAC AAG AGA TCT TCA ACA GGT GAC GCA CTA AAT AAC TTC GAC AGA GTA AAC GTT CTA CTG GGG TCA GAC ATC TAC CCA ATC AGA GTT GAC ATG GTT ACA TAC CAG GAC AGA CTG TCG GCT TTG ATT GAA ACA AAT ATT TTT CGT ATG CCA AGA GCT AAC GGT AAG GAA CTG GAC GCT TCT ATC CAA GAC GAT TTG AAC CAC GGT ACT GCA GAC ACA GAA GCT AAG AAA TGG GAA GTT CAT TAT ACT TTC CCG TTG GAA TCA TCA TTC TCT ATC AGA GAA TTC AAC GAC ACC ATG GAA ATC GTT TTC GAT GAA TTC TCT TAC ACC AAG TAC GTT GAC ACT TTC ATC AGA ATT TCT GAT AGA CAG CCC CAA ACC ATC TTG GCT ATC CTG GTT TGT GAG TCT CGT TAT CGT GAA GGT TAC GAT GAC TTC GTA GAC AAG GAT AGT ATG GGA GGG AGA CAG GCT CAG AAC TCG GAA AGG TTC ATC TTC TTG TTC AGG AAG GCT TTG AAT CCT GTC AAG CCT AGA TCT AGT GTT ATG ATC GTT CCA CGT GTT ATG TAC TCA TAT GAA TTG GAG TAT AAA GAC 
Agos                            CCA TTC ATC AGC GAT GAC CGC TGG ACC CTG TTG GGC ATC TTT CAC CGC TAC AAG ATG CTG GAG ATG ATG CTC CTG ACG GAC GAG AAC CTG ATC CCG TTC TAC TTT AAA CAA CGG GAA CCA AAG AGG GTG CGG AAG ATC CCA CTG GAT CAG ACA CTC CGG GAC AAA TGG ACG GAT GGT TAC GAG CGG TCG CTC GTA TCG CTG GCG GGC TCG TTC GCG CTG CTG TAC GAC TAC AGC ACC AAC ATA AAG CAG CTC TCC CTG GAC ATC GAT AAC GTT CTG ATC GCC GTT GAA TTG AAC GAG AAG TTT TCG GTG CGG GAC GAT CCG ACT TTC AAG GAA GAC CTG ACC TTC GAA ACG CTC AGC GCT GTC TTC GGC ACT AAC CAA AAC AAG GTG TAC CAC AAG ATC CAG AAC CGC AAC AGC CTG AAG TTT ACC ATC AGA GAC CGG CCT GCG GAG ACA CTG GTG CCG CTG TCT AAA TTC TAC GTG CCC ATC CAC TCG CGC CCT ATC GGC CGG GCG TTC GCC TTT AAG ACG ACG GAG ATC ATC ACC CCC GAG GGC TGT TTT GAG CCA AAA AAG AAC ATG GCG ATC GAC ATG TTT TTT AAA TTT TCG GAA GTG TAC AAG CGC TCG TCG ACG GGC GAC GCC CTG AAC GAC TTT GAC AGG GCG GAC GTG CTG CTG CGG TCG GAC CTA TAC CCC ATC CGG GTT GAC ATG GTG ACG CTC CAA GAC CGC CTT TCC GCG CTA ATC GAA GAC AAC GTG TTC CGG ATG CCT AGA GCG AAC GGT AAG GAG CTG CGC GCA ACC ATC CAG GAC GAT CTG AAT CAC GGT AGC GCC GAC ACG GAC GCC CGC AAG TAC GAG GTG CAC TAC ACG TTC TGC CTG GAG AGC TCG TTC TCT CTG CGC CCG TTC AAT GAC ACG ATG GAG CTA GTC TTC GAC GAA TTC TCG TAC ACG CGC TAC GTG GAC AGC TTC ATC CGC ATA TCT GAC AGG CGG CCA CAG AAC ATC CTG GCC ATC CTG GTG TGT GAG ACC CGG TAC CGC GAG GGC TAC GAC GAC TTC GCG GAC AAG GAC AGC ATG GGC GGT CGG CAA GCG CGG AAC TCC GAG TGG TTC CTA TAC CTG TTC AAG ATC TCC CTG AAC CCC GTG AAG CCC CGC GCG GGC GTT ATG ATC GTG CCG CGC GTG ATG CTC TCG TAC GAG CTG GAG TAC AAA GAC 
Klac                            CCG TTC ATT TCG GAT GAT AGA TGG ACC TTG TTG GGT ATT TTT CAT TAT TAC AAA ATG CTA GAC ATG ATG CTG TTA ACA GAT GAA AAT TTG TTC CCT TTC TAT TTC AAA CAA AGA GAA CCT AAG AGA GTC AGA AAG ATT CCA GTC GAT CAA GCC CTG AGA GAT AAA TGG ACA GAT GGT TAT GAA GAG TCA ATT GTC TCT TTG GCT GGG TCT TTC GCT TTG CTC TAC GAT TAC AGT ACC CAG ATT AAA CAA ATT TCA TTG GAT ATT GAT AAT ACC TTG ATT GCA GTT GAA TTG AAC GAA AAA TTC TCT GTG AGA GAC GAT CCA GAG TTC AAA GAG GAT TTA ACT TTC GAG AAT TTG AGT GAA GTC TTT GAA GAG AGG CAA AAT AAA GTC TAC CAC AAG ATT TTG AGG CGT AAT AGC TTG AGA TTC ACC ATC AGA GAT CGT CCT GCA GAG GCT TTG GCA CCT TTG GCT AAA TTT TAT GTC CCA ATT CAT TCA AAA GCA ATC GGT AGA GCA TTC GCA TTC CAA ACG ACG GAG GTT ATC ACT CCT GAA GGT TGT TTC GAA CCA AAA AAA AGG ATG GCT ATT GAT ATG TTT TTT AGG TTC TCC GAG GTT TAC AAA AGA TCA TCC ACA GGT GAC GCA TTG AAT GAC TTC GAT AGA GTG GAG GTG TTG TTG CGT TCG GAT ATA TAC CCT ATT AGA GTT GAT ATG GCA ACA TAC CAA GAT AGA TTG TCA GCA CTT ATC GAG GAT AAT GTG TTC AGA ATG CCA AGA GCA AAC GGT AAA GAA TTG TAT GCC ACT ATT CAA GAT GAT TTG AAC CAT GGA AGT GCA GAC ACA GAA GCC AAA AAA TAC GAA GCA CAT TAT ACA TTT GCT TTG CAA TCG TCG TTC TCC GTC AGA CCT TTC AAC GAC ACA ATG GAA ATA GTC TTT GAT GAG TTT TCA TAT ACA AAA TAC GTG GAT AGT TTC GTT AGT ATT TCC GAA AGA AGG CCG CAA AAC ATC CTC GCC ATC CTA GTG TGT GAG ACT AGA TAC CGT GAA GGT TAT GAT GAT TTC GTG GAC AAA GAC AGT ATG GGT GGT AGA CAA GCA AGG AAC TCA GAA TGG TTC ATA TAT CTT TTC CAA ATT AAT TTA AAC CCA GTT AAA CCA CGT GCA GAA GTT ATG ATT GCA CCT AGA GTT ATG TAC TCC TAT GAA TTG GAC TAC AAA GAT 
Calb                            CCA TTT ATC TCC GAT GAA AGA TTA ACT TTA ATG GGT ATT TTT CAT AAA TAT AAA GCT ATT GAA ATG ATG TTA TTG ACA GAT GAA AAT TTA ATT CAA TTT TAT TTT AAA CAA AAA GAA CCA AAG AGA GTT AGA AAA ATC GTT ATT GAT CAA GCA TTA AAT GAT AAA TGG ACA GAA GGT TTT GAA TGG GAA GCA GTA TCT TTG GCT AAA TCT TTT GCT TTG TTA TAT GAT TAT ACT AAA AAC GAA AAA CAG GCA GAA TTG GAT ATT GAA AAT ACT TTG ATT GCC GTG GAA ATG AAT GAA AAA TTT TCT ATT AGA GAT GAT CCA AAA ATT TTT GAA GAT TTG CAA TTT GAA TGT TTA AAT GTT GTT TTT ATT AAA CAG CAA AAT AAA ACT TAT CAT AAG ATC AGT CAG AGA AAT GCA TTA AAA TTC ACT ATT AGA GAT CGA CCT TCT GAA CAA TTA GTT CCT TTG AGT AAA TTT TTT ACT TCA ATC CAT TCT AAA CCA ATT GGT AAT CCC TTT GCT TTT CAA ACT ACT GAA ATT ATT CAA CCC GAA GGT TGT TTT GAA GTT AAA AAA CAG ATG GCT AGA GAT ATG TTT GTT AAA TTC TCT GAA GTT TAC AAA AGA TCT TCT ACA GGT GAT GCT TTA AAT GAT TTT GAT AGA GTT GAT GTT TTA TTA CGA TCA GAT TTG TTT CCC ATC CGT ATA GAT GCT GTT ACA GCA CAA GAT AAA TTA GAA CCC TTA GTT GAA GAT AAT ATA ATT AGA GCT CCA CGA CCC AAT GGT TTT AAT TTA AAA GCA CAA ATC CAG GAT GAT TTG AAT TAT GGG ACT GCT GAT ACA TTA TGT AAA AAA TAT GAA GTT ATT TAT CAA TTT GTG TTG CCC TCC TCA TTT TCA ATT AGA CAA TTT AAT GAT ACT ATG GAA TTG GTT TTC GAT GAT TTT TCT TTT ACT AAA TAC ATT GAT ACT TTT ATT AGA GAA TCA AGT AGA CGA CCA CAG ACT ATT TTA TGT ATT TTA ATT TGT GAA CAA AAA TAT CGT GAA GGT TAT GAT GAT TTT GTT GAT TTT GAT AAT ATG GGT GGT AGA CAA CCC CGA AAT GAA GAA TTA TTT TTG TAC TTA TTT CAA GTT AAT TTG AAT TCA GTT AAA TCA AGA GCT ATT ATA ATG ATC GTT CCT AGA GTC GCT GCA TCT TAT GAA TTA GAA TAT AAG GAT 



Printing out site pattern counts


         9        678  P

Scer                            AAA AAA AAA AAA AAA AAA AAC AAC AAC AAC AAG AAG AAG AAG AAG AAG AAT AAT AAT AAT AAT AAT ACA ACC ACT ACT ACT ACT ACT ACT ACT AGA AGA AGA AGA AGA AGA AGA AGA AGA AGA AGA AGA AGC AGC AGG AGG AGG AGG AGT AGT ATA ATC ATC ATC ATC ATC ATC ATC ATC ATG ATG ATT ATT ATT ATT ATT ATT ATT CAA CAA CAC CAG CAG CAT CAT CAT CCA CCA CCA CCA CCC CCC CCC CCG CCG CCT CCT CGG CGT CGT CGT CGT CTA CTA CTG CTG CTG CTT GAA GAA GAA GAA GAA GAA GAA GAA GAA GAA GAA GAA GAA GAC GAC GAC GAC GAC GAC GAC GAC GAC GAC GAC GAG GAG GAG GAT GAT GAT GAT GAT GAT GAT GAT GAT GAT GCA GCA GCA GCA GCC GCC GCT GCT GCT GCT GGA GGC GGC GGC GGG GGT GGT GGT GGT GGT GTA GTC GTC GTC GTC GTC GTG GTG GTT GTT TAC TAC TAC TAC TAC TAC TAC TAC TAT TAT TAT TAT TCA TCA TCA TCA TCA TCA TCC TCG TCT TCT TCT TGC TGC TGG TGT TGT TTA TTA TTA TTA TTC TTC TTC TTC TTC TTC TTC TTC TTG TTG TTG TTG TTG TTG TTG TTG TTG TTG TTT TTT TTT TTT TTT TTT TTT TTT TTT TTT 
Sbay                            ... ... ... ... ... ..G ... ... ..T ..T ..A ... ... ... ... ... ..C ..C ..C ... ... ... ..G ... ..A ..A ..C ..C ... ... ... .AG ... ... ... ... ... ... ... ... ... C.. C.T ..T ..T .AA ..A ... C.T ..C ... ... .GA ..A ..A ... ... ... ..T T.G .AA ... ..G ... ... ... ... ... C.G ... ... ... ..A ..A ... ... ... ... ... ... ..T ..A ... ..T ..A ..A ..G ... ..C ... ... ... ... ... T.G ..A ..T T.. ... ... ... ... ... ... ... ... ... ... ... ..G ..G ..G C.A ..A ..A ... ... ... ... ... ... ..T ..T ..A ..A ... ..C ..C ... ... ... ... ... ... ... ... ... ... ... ..C ... ..T ..A ..C ..C ... ..G ... ... ..G ... ..A ..C ..C ... ... ..T ..A ... ... ..G ..T ... ... ..G ... ... ... ... ... ... ... ..T ..T ..C ..C ... ... GAG ... ... ... ..C ..G ... ..T ... ... ... ... ..T ... ... ... C.G C.G ... ..G .AT ... ... ... ... ..T ..T ..T C.A C.. C.. C.. C.. ..A ..A ... ... ... ..C ..C ..C ..C ..C ... ... ... ... ... 
Smik                            ... ... ... ..G ..G ..G ... ... ... ..T ..A ..A ..A ... ... ... ..C ... ... ..C ... ... ..G ... ..G ... ..C ... ... ... ... ... ... ... ... ... ... ... ... ..G ..G .AG ... ... ..T .A. ... ..A ..A ..C ... ... ... ... C.A ... ..G ..T ... ... TC. ... GCG ..C ..C ... ... ... ... ... ... ... ..A ... ... ... ... ... ... ..C ..C ..T ..T ..A ..A ... ..C ... GC. ... ... ... ... ... ... ..A ... T.. ... C.G ... ... ... ... ... ... ... ..G ..G ... ... ..T ..T ... ..T ... ... ... ..T ..T ..T ..A ..T ATT ... ... A.A ... ... ... ... ... ... ... ... ... .AT ... ..C ..C ... ..G ..C A.A ... ... ..T CAT ... ... ... ... ..A ..C ... ... ..C ..A ... ... ... ..T ..A ... ... ... ... ... ... ... ..T .CA ... ..T ... ... ... ... ..T .AC ... ..C ..C ... ... ..A ..A ... ... ..T ..T ... GA. ... ... ..G C.G ..G ... .GG ... ... ..T ... ..T ..T ..A ..A ... ... ..T C.. ..A C.. ..A ... G.. ..C ..C ... ... ..C ..C ... ... ... 
Spar                            ... ... ... ..G ..G ... ... ... ... ..T ..A ... .G. ... ... ... ..C ..C ... ... ... ... ..G ..T ... ..A ..C ... ... ... ... ... ... ... ... ... ... ... ..G ... ... .AG ... ... ... .AA ... ..A ..A ... ... ... ... ... ... ... ... ... ... ..T C.A ... ..G ..C ... ..C ..C ... ..C ... ... ..T ... ... ... ... ... ... ..G ... ..C ..T ... ..G ..A ... ..C ... ... ... ... ... ... ... ... ... ... T.. ... C.. ... ... ... ... ... ... ... ... ... ... ... ... ..T ..T ... ... ... ... ..T ..T ..T ... ... ... ... ... ... ... ..C ... ... ... ... ... ... ... ..T ... ... ..C ... ... ..A ..C ... ... ..G ... ... ..T ... ... ... ... ... ... ..C ..A ... ... ... ..T ... ... ... ... ... ... ... .TT ..T ... ... ..T ... ... ... ... ..G ..T ..G ..T ..C ... ... ... ... ... ... ... ... ... ... ... ... ... ... ... ... ... ... ... ... ... ..T ..T ... ... ... ... ... ... ... ... ... ... ... ... ... ... ... ..C ... ... ... ... 
Ncas                            ... ..G ..G ... ... ..G ... ..T .CA ..T ..A ..A ..T ..A ... .T. ... ... ... ... ..C ..C ..T ..A ..A ... ..A ... ..A ..A ... ... .A. ... ... ... ... ... C.T ... ... CA. ... TC. .AT .AA ..A ..A ..A GCC .C. ..T ..T ..T ... ..T ..G ..T ..T ..A CAA ... ..C ..C ... ..C ... ..C G.. ... ... ..T ..A ..A ..C ... ... ..T ... ... ..T ... ..A GAT ..A ..A ..A ... TCA A.A ... ... ... T.. T.. T.. ..T A.. T.G AG. ... ... ... ... ... ... ... ... ..G ... ... .CT ..T ..T ... ... ..T ..T ..T ..T ..T ..T ..T .TT ..A ..A ... ... ... AC. ..C ... ... ... ... .GC AGT T.. ..T ..T ..A ..A ... ..A ..A ... ..G AA. ..G ..T .AT ..A ..A ..A ... ... ..C ... ..G ..G ... ..T ... ..T ACC ... ... ..T ..T .T. .GG ... ... ..T ..C .T. ..C ... ... .TC ..T ..C ..C ... ..T ..T ... ..A ... ... ..T ... GT. ... ..G ..G ... A.T ..T .AT ... ... ... ... ..T ..T ... C.A ..A ..A CCC ..A ... ..A C.T ..A G.G ..C ... ..C ... ..C ... ..C ... ... 
Cgla                            ..G ..G ..G ... ..G ... ... ... .C. ... ... ..A .G. ... ... ... ... ..C ... ..C ..C ... ..C ..A ..A ..C ..A ..C ..A ... ..C .AG .AG ... ... ... ... C.T ... ... ... CAG ... TCG ..T .A. ..A .AA ..A GCA .C. ..C ... ... ... T.. ..G ... ... ... ... ... ..G ... ..C ... ..G ... C.A ... ..G ... ..A ..A ..C ..C ... ... ... ... ..C ..A ..T GAA ..A ..A ..A ..A TCA A.A ... ... ... T.G T.G ... T.. A.. T.G AGG ... ... ... ... ..G ..G ..G ... ... ... ..G ... ... ... ..A ... ... ... ... ... ..T ... ... .TT ..A ... ..C ..C ... ACA ... ..C ... ... ... AG. A.T ..T ..T ... ..T ..T ... ... ... ..C ..G AA. ..G ..T AAC ..A ... ... ... ... ..G ..A ... ..T ... ..T ..T ..T ... ... ... ... ... .T. .GG ... ... ..T ..C ..C ..C ... ..C AGG ... ... ..T ..T ..T ..C ... ..A ..C AA. ..T ... AAC ... ..G C.G ..G A.T ... ... ... ..T ... ... ... ... ... C.. ... ... CC. C.. ... ... C.A ... G.. ... ..C ..C ... ..C ..C ..C ..C ... 
Agos                            ... ..G .TC ..G CGC ..G ..T ... ... ... ... ..A ..C ... ... ... ..C ..C ..C ..C ..C ..C ..G ..G ..C ..G ..G GT. ..G ..G ..C .AG .AG C.C C.C C.C C.G C.G ... ..G C.G C.G C.C TC. ... .AA C.C ..A C.C ..C ..C ..C ... ... C.A ... ..G ... ... C.G GCT ... C.C G.G ..C ..C ..G ..C C.G ... ... ... ... ... ..C ..C ..C ... ..T ... ... ..T ... ..G ... ..C ..G ... .A. ..C ..C ..C ..G ..G ... ... ... T.. ..G A.G ... ..C ..G ..G ... ..G ..G ..G ..G ..G ... ACT ... ... ..A ... ... ... ... ..T ... ... ..T .T. ... ... CGC ..C ..C ..C ..C ..C ..C ..C ... .GC CGG T.C A.. ..C ..G ..A ..G ..C ..C ..G C.G .A. ..T ..T .AC ..C ..C ..C ..C ... ..G .CG ..G ..G ..A ..T ... ..C ..G ... ... ... ... ... ... ... ... ... ..C CTC ..C ..C ..G .GG ..G AGC ..T A.C ..G ... G.G ..G ... AA. ..T ... ACA ... C.G C.G C.C A.. ... CGG ... ..T ... ..T ... ..T C.. C.T C.C C.. .GC C.. C.. C.. C.. C.. G.G ... ..C ... ..C ... ..C ..C ..C ..C 
Klac                            ... ..G .TT ... ... ... ... ..T ... ..T ..A ..A .G. ..A ... ..A ..C ..C ... ... ..C ... ..G ..A ..C ..A ..A ..C .A. ..A ..C ... .AG ... ... ..T ... ... ... ... ... ..G C.T TCA ..T ... ..A ..A ..A ..C ... ..C ..T ..T ..A T.. ..G G.T ... G.. GAA ... ... G.G ..C ..C ..G ... T.G ... ... ..T ..A ..A ..C ... ... ..T ... ... ..G ..T ..A ..T ..T ..T ..A G.A TT. ... A.A ... A.A T.G ..T ..A ..C T.. T.G C.. ..G ... C.. ... ... ..C ..G ... ... ... ... ..G ..T ..T ..G ... ... ..T ..T ..T ..T ... ..T .T. ..A ..A T.. ... ..C ... ... ... ..A ... ... ..A .AG AAT ..C ... ..A ... ... ..C ..A ..A C.T .A. ..T ..A .A. ... ... ..G ... ... ..C ..G ..T ..T ... ..T ... ..C .CA ... ... ... ..T ..T ... ..T ... ..T ..C ..C ..C ..C ... .GG ..G ..G ..C A.T ..A ..T G.A ..C G.. CAG ..T ... GC. ... ..G ..G C.G A.T ... AGA ... ... ..T ..T ..T ... ... ... ... C.T GCT ... ..A C.A ... C.C G.C ..C ... ... ..C ..C ..C ..C ..C ..C 
Calb                            ... ... GTT ... ... ... ..T ..T .CT ..T ..A ... C.. TTT ... ..A ... ... ... ... ... ... ..T ..A ... ... ..A ... TG. CAA .AA .A. .AG .A. ... ... C.T .A. C.. ... ... C.. ... GAA .AT .AA ..A ..A ..A GCA .C. ..T .GA ... T.G ..T GCT ..T ..T ..T G.T ... GCA ..A ... G.. ..G ... T.A ... ... ..T ... ..A ... T.. AT. ... ... GTT ... ..T T.A .AA ..T ..C ..A ..A A.T A.A A.A ... A.A T.. T.. T.A T.A A.. T.G C.. ... TT. CCC ... ... ... ... A.T ... ... ... A.. ..A ..T ..T ..T ..T ..T ..T ..T ..T ..T ..A .TT ..A ..A A.A ... ... ... ... ... AG. ... ... AT. TGG AAT ... ..T C.. ..A ... TG. ..C T.. C.. .AT ..T ..G .AT ... ... AAA ... ... ACT ..T ..T ... ..A A.A A.T ..T ... ..G ..T ... ..T ... ..T .TT .TT ..T ..C GCA ... ... GA. .T. ... ..C ... CA. ..T ..T G.. ... AG. AA. ..T ... CAA ... ..G ..G ... GA. ..T AAT ..T ..T ... ..T ..T ..T ..A ..A ..A ..A G.. ..A ... A.T ... ..A G.. ..C ... G.. A.. ... ... ... ... ... 

    4    1    1    1    3    2    2    1    1    1    1    1    3    3    1
    4    1    1    1    1    2    2    2    3    2    2    2    1    1    1
    1    1    1    1    1    1    1    2    1    3    3    2    1    3    2
    1    1    1    1    1    3    1    1    7    3    1    4    2    2    2
    1    6    2    1    2    1    1    3    3    1    3    2    3    1    1
    1    1    1    1    2    2    1    3    2    2    2    1    1    1    1
    1    1    1    1    1    1    1    2    1    2    4    1    1    6    1
    2    3    1    1    1    1    2    1    3    1    1    2    3    3    2
    1    1    2    1    1    1    2    3    2    1    1    1    1    2    2
    2    1    1    1    3    4    1    3    2    1    1    2    1    2    1
    1    1    3    1    2    1    2    2    2    1    1    2    3    2    4
    1    1    1    2    1    2    3    1    2    1    2    1    3    1    2
    2    2    2    4    3    3    1    3    1    1    1    1    1    1    1
    2    2    2    1    2    5    2    1    2    1    2    1    1    1    1
    1    4    3    1    3    1    1    2    3    1    2    1    1    1    1
    2

CODONML (in paml version 4.9j, February 2020)  temp.nuc
Model: One dN/dS ratio, 
Codon frequency model: Fequal
ns =   9  ls = 393

Codon usage in sequences
--------------------------------------------------------------------------------------------------------------------------------------
Phe TTT  15  11  12  18  15   8 | Ser TCT   5   8   5   9  10  10 | Tyr TAT   7   8  11  11  10   5 | Cys TGT   2   3   3   2   2   2
    TTC  16  19  17  14  18  24 |     TCC   3   5   7   5   7   5 |     TAC  13  13   8   8   7  12 |     TGC   2   1   0   2   1   0
Leu TTA   7   9   9   7  12   0 |     TCA  13   6  13   4  10   8 | *** TAA   0   0   0   0   0   0 | *** TGA   0   0   0   0   0   0
    TTG  17  12   9  19   9  15 |     TCG   3   4   1   6   0   3 |     TAG   0   0   0   0   0   0 | Trp TGG   1   1   3   1   3   3
--------------------------------------------------------------------------------------------------------------------------------------
Leu CTT   1   2   1   1   4   0 | Pro CCT   2   5   5   2   4   3 | His CAT   3   3   4   5   4   1 | Arg CGT   4   6   4   4   4   5
    CTC   0   0   0   0   0   0 |     CCC   6   3   5   6   2   2 |     CAC   2   2   2   0   1   4 |     CGC   0   1   0   0   0   0
    CTA   2   3   6   3   1   6 |     CCA   6   9   6   5  11  11 | Gln CAA   4   9   7   6  11   5 |     CGA   0   2   0   0   0   0
    CTG   4  10   8   2   0   8 |     CCG   4   1   2   5   0   1 |     CAG   4   0   3   4   0   5 |     CGG   1   0   0   1   0   0
--------------------------------------------------------------------------------------------------------------------------------------
Ile ATT  13  10  11   7  19   7 | Thr ACT  10   3   6   9  10   5 | Asn AAT   8   7   7   7  11   4 | Ser AGT   4   8   5   4   1   4
    ATC  22   7  16  26  10  20 |     ACC   3   6   5   2   4   7 |     AAC   5   6   6   6   7  12 |     AGC   5   1   4   5   0   0
    ATA   1  11   1   1   2   0 |     ACA   2   4   2   2  10   9 | Lys AAA  12  13  13  10  15   5 | Arg AGA  18  16  12  17  20  15
Met ATG   7   8  10   8  16  16 |     ACG   0   2   4   2   0   0 |     AAG  13  15  17  15   5  21 |     AGG   4   1   7   5   0   7
--------------------------------------------------------------------------------------------------------------------------------------
Val GTT   5   5   8   7  10  15 | Ala GCT   7   2   2   3  10  13 | Asp GAT  17  15  29  25  34   9 | Gly GGT   8   3   6   9   4   8
    GTC   8   3   6   6   5   3 |     GCC   5  10  11  10   1   1 |     GAC  20  17   9  12   3  24 |     GGC   4   7   4   3   2   0
    GTA   2   2   5   2   0   2 |     GCA   6   6   1   5   8   4 | Glu GAA  26  28  21  24  23  21 |     GGA   2   1   3   0   5   1
    GTG   5  10   2   5   7   2 |     GCG   0   0   4   0   0   0 |     GAG   3   6   4   3   1   8 |     GGG   1   4   1   3   4   4
--------------------------------------------------------------------------------------------------------------------------------------

--------------------------------------------------------------------------------------
Phe TTT  10   8  29 | Ser TCT   3   3  10 | Tyr TAT   0  10  12 | Cys TGT   2   2   5
    TTC  18  21   3 |     TCC   4   5   2 |     TAC  18  12   3 |     TGC   1   0   0
Leu TTA   0   3  21 |     TCA   0   7   7 | *** TAA   0   0   0 | *** TGA   0   0   0
    TTG   2  21  13 |     TCG  12   4   0 |     TAG   0   0   0 | Trp TGG   3   3   2
--------------------------------------------------------------------------------------
Leu CTT   1   2   0 | Pro CCT   3   8   3 | His CAT   0   4   3 | Arg CGT   0   5   2
    CTC   7   2   0 |     CCC   5   0   7 |     CAC   5   1   0 |     CGC  14   0   0
    CTA   4   2   0 |     CCA   5   7   6 | Gln CAA   4  11  15 |     CGA   0   0   5
    CTG  26   2   0 |     CCG   5   2   0 |     CAG   5   1   6 |     CGG  14   0   0
--------------------------------------------------------------------------------------
Ile ATT   0  16  22 | Thr ACT   2   4  13 | Asn AAT   2   8  18 | Ser AGT   0   6   3
    ATC  21   6   7 |     ACC   7   4   0 |     AAC  15   7   1 |     AGC   8   1   0
    ATA   2   3   3 |     ACA   2   8   5 | Lys AAA   6  19  27 | Arg AGA   2  20  16
Met ATG  11  11   9 |     ACG  11   2   0 |     AAG  17   3   3 |     AGG   3   6   0
--------------------------------------------------------------------------------------
Val GTT   4   8  18 | Ala GCT   1   6  11 | Asp GAT   6  25  31 | Gly GGT   4   9   9
    GTC   2   8   1 |     GCC   6   4   1 |     GAC  29   9   0 |     GGC   9   0   0
    GTA   1   0   1 |     GCA   1  15   7 | Glu GAA   7  18  30 |     GGA   0   1   0
    GTG  15   7   2 |     GCG  11   0   0 |     GAG  17  12   0 |     GGG   0   1   1
--------------------------------------------------------------------------------------

Codon position x base (3x4) table for each sequence.

#1: Scer           
position  1:    T:0.26463    C:0.10941    A:0.32316    G:0.30280
position  2:    T:0.31807    C:0.19084    A:0.34860    G:0.14249
position  3:    T:0.28244    C:0.29008    A:0.25700    G:0.17048
Average         T:0.28838    C:0.19678    A:0.30958    G:0.20526

#2: Sbay           
position  1:    T:0.25445    C:0.14249    A:0.30025    G:0.30280
position  2:    T:0.31043    C:0.18830    A:0.36132    G:0.13995
position  3:    T:0.25191    C:0.25700    A:0.30280    G:0.18830
Average         T:0.27226    C:0.19593    A:0.32146    G:0.21035

#3: Smik           
position  1:    T:0.24936    C:0.13486    A:0.32061    G:0.29517
position  2:    T:0.30789    C:0.20102    A:0.35878    G:0.13232
position  3:    T:0.30280    C:0.25445    A:0.25191    G:0.19084
Average         T:0.28668    C:0.19678    A:0.31043    G:0.20611

#4: Spar           
position  1:    T:0.26972    C:0.11196    A:0.32061    G:0.29771
position  2:    T:0.32061    C:0.19084    A:0.34606    G:0.14249
position  3:    T:0.31298    C:0.26718    A:0.21883    G:0.20102
Average         T:0.30110    C:0.18999    A:0.29517    G:0.21374

#5: Ncas           
position  1:    T:0.26463    C:0.10687    A:0.33079    G:0.29771
position  2:    T:0.32570    C:0.22137    A:0.33588    G:0.11705
position  3:    T:0.38677    C:0.17303    A:0.32570    G:0.11450
Average         T:0.32570    C:0.16709    A:0.33079    G:0.17642

#6: Cgla           
position  1:    T:0.24173    C:0.12977    A:0.33588    G:0.29262
position  2:    T:0.32061    C:0.20865    A:0.34606    G:0.12468
position  3:    T:0.25191    C:0.29008    A:0.22137    G:0.23664
Average         T:0.27142    C:0.20950    A:0.30110    G:0.21798

#7: Agos           
position  1:    T:0.18575    C:0.24936    A:0.27735    G:0.28753
position  2:    T:0.31552    C:0.19847    A:0.33333    G:0.15267
position  3:    T:0.09669    C:0.43003    A:0.08651    G:0.38677
Average         T:0.19932    C:0.29262    A:0.23240    G:0.27566

#8: Klac           
position  1:    T:0.25191    C:0.11959    A:0.31552    G:0.31298
position  2:    T:0.30534    C:0.20102    A:0.35623    G:0.13740
position  3:    T:0.31552    C:0.20356    A:0.29008    G:0.19084
Average         T:0.29092    C:0.17472    A:0.32061    G:0.21374

#9: Calb           
position  1:    T:0.27226    C:0.11959    A:0.32316    G:0.28499
position  2:    T:0.32824    C:0.18321    A:0.37913    G:0.10941
position  3:    T:0.48092    C:0.06361    A:0.36387    G:0.09160
Average         T:0.36047    C:0.12214    A:0.35539    G:0.16200

Sums of codon usage counts
------------------------------------------------------------------------------
Phe F TTT     126 | Ser S TCT      63 | Tyr Y TAT      74 | Cys C TGT      23
      TTC     150 |       TCC      43 |       TAC      94 |       TGC       7
Leu L TTA      68 |       TCA      68 | *** * TAA       0 | *** * TGA       0
      TTG     117 |       TCG      33 |       TAG       0 | Trp W TGG      20
------------------------------------------------------------------------------
Leu L CTT      12 | Pro P CCT      35 | His H CAT      27 | Arg R CGT      34
      CTC       9 |       CCC      36 |       CAC      17 |       CGC      15
      CTA      27 |       CCA      66 | Gln Q CAA      72 |       CGA       7
      CTG      60 |       CCG      20 |       CAG      28 |       CGG      16
------------------------------------------------------------------------------
Ile I ATT     105 | Thr T ACT      62 | Asn N AAT      72 | Ser S AGT      35
      ATC     135 |       ACC      38 |       AAC      65 |       AGC      24
      ATA      24 |       ACA      44 | Lys K AAA     120 | Arg R AGA     136
Met M ATG      96 |       ACG      21 |       AAG     109 |       AGG      33
------------------------------------------------------------------------------
Val V GTT      80 | Ala A GCT      55 | Asp D GAT     191 | Gly G GGT      60
      GTC      42 |       GCC      49 |       GAC     123 |       GGC      29
      GTA      15 |       GCA      53 | Glu E GAA     198 |       GGA      13
      GTG      55 |       GCG      15 |       GAG      54 |       GGG      19
------------------------------------------------------------------------------


Codon position x base (3x4) table, overall

position  1:    T:0.25049    C:0.13599    A:0.31637    G:0.29714
position  2:    T:0.31694    C:0.19819    A:0.35171    G:0.13316
position  3:    T:0.29799    C:0.24767    A:0.25756    G:0.19678
Average         T:0.28847    C:0.19395    A:0.30855    G:0.20903

Codon frequencies under model, for use in evolver (TTT TTC TTA TTG ... GGG):
  0.01639344  0.01639344  0.01639344  0.01639344
  0.01639344  0.01639344  0.01639344  0.01639344
  0.01639344  0.01639344  0.00000000  0.00000000
  0.01639344  0.01639344  0.00000000  0.01639344
  0.01639344  0.01639344  0.01639344  0.01639344
  0.01639344  0.01639344  0.01639344  0.01639344
  0.01639344  0.01639344  0.01639344  0.01639344
  0.01639344  0.01639344  0.01639344  0.01639344
  0.01639344  0.01639344  0.01639344  0.01639344
  0.01639344  0.01639344  0.01639344  0.01639344
  0.01639344  0.01639344  0.01639344  0.01639344
  0.01639344  0.01639344  0.01639344  0.01639344
  0.01639344  0.01639344  0.01639344  0.01639344
  0.01639344  0.01639344  0.01639344  0.01639344
  0.01639344  0.01639344  0.01639344  0.01639344
  0.01639344  0.01639344  0.01639344  0.01639344


TREE #  1:  (((((1, 4), (3, 2)), 5), 6), ((7, 8), 9));   MP score: 1292
This is a rooted tree.  Please check!
lnL(ntime: 16  np: 18):  -6765.990719      +0.000000
  10..11   11..12   12..13   13..14   14..1    14..4    13..15   15..3    15..2    12..5    11..6    10..16   16..17   17..7    17..8    16..9  
 0.244751 0.140269 0.720369 0.000004 0.229098 0.132908 0.000004 0.609410 0.673855 0.935495 0.525729 0.249133 0.384931 1.492754 0.700767 3.085228 1.746908 0.049324

Note: Branch length is defined as number of nucleotide substitutions per codon (not per neucleotide site).

tree length = 10.124705

(((((1: 0.229098, 4: 0.132908): 0.000004, (3: 0.609410, 2: 0.673855): 0.000004): 0.720369, 5: 0.935495): 0.140269, 6: 0.525729): 0.244751, ((7: 1.492754, 8: 0.700767): 0.384931, 9: 3.085228): 0.249133);

(((((Scer: 0.229098, Spar: 0.132908): 0.000004, (Smik: 0.609410, Sbay: 0.673855): 0.000004): 0.720369, Ncas: 0.935495): 0.140269, Cgla: 0.525729): 0.244751, ((Agos: 1.492754, Klac: 0.700767): 0.384931, Calb: 3.085228): 0.249133);

Detailed output identifying parameters

kappa (ts/tv) =  1.74691

omega (dN/dS) =  0.04932

dN & dS for each branch

 branch          t       N       S   dN/dS      dN      dS  N*dN  S*dS

  10..11     0.245   856.4   322.6  0.0493  0.0130  0.2636  11.1  85.1
  11..12     0.140   856.4   322.6  0.0493  0.0075  0.1511   6.4  48.7
  12..13     0.720   856.4   322.6  0.0493  0.0383  0.7759  32.8 250.3
  13..14     0.000   856.4   322.6  0.0493  0.0000  0.0000   0.0   0.0
  14..1      0.229   856.4   322.6  0.0493  0.0122  0.2468  10.4  79.6
  14..4      0.133   856.4   322.6  0.0493  0.0071  0.1432   6.0  46.2
  13..15     0.000   856.4   322.6  0.0493  0.0000  0.0000   0.0   0.0
  15..3      0.609   856.4   322.6  0.0493  0.0324  0.6564  27.7 211.8
  15..2      0.674   856.4   322.6  0.0493  0.0358  0.7258  30.7 234.2
  12..5      0.935   856.4   322.6  0.0493  0.0497  1.0077  42.6 325.1
  11..6      0.526   856.4   322.6  0.0493  0.0279  0.5663  23.9 182.7
  10..16     0.249   856.4   322.6  0.0493  0.0132  0.2684  11.3  86.6
  16..17     0.385   856.4   322.6  0.0493  0.0205  0.4146  17.5 133.8
  17..7      1.493   856.4   322.6  0.0493  0.0793  1.6079  67.9 518.7
  17..8      0.701   856.4   322.6  0.0493  0.0372  0.7548  31.9 243.5
  16..9      3.085   856.4   322.6  0.0493  0.1639  3.3233 140.4 1072.1

tree length for dN:       0.5379
tree length for dS:      10.9059


Time used:  0:10
