      9   1176

Scer                            CAA CAC TCT TTT AGA ACC TAT GAT GTC ACC ATG AAC TAC AGC ACA CAA GAA GCT ATG TAC CAT TAC AGA AAC AAC AGC GAC GGT TTG ACC GCT GAA AAA GGC GCC ATA TGG ACT ACC ACC GTG TTA ATC CCT TCC ATC TTA TAC AAC GCA TGG CGA GCT GAA GGC ATC AGG TCA AAT CAC GAT CGT GCG GGG TTG ACT CCC AGT GGT GTT AAG ATT AAA TCC GAA TAC CAT GAT AAC TAT AAA AAA CAA CCG TAC CTG GGT CAA ACC ATT ATA TCG ATT CAC TAC AGA GGT ATA ATA GTT AGA AAG ATG ATC AAG AGA ATG GAT TTC ATG TGT GGT CAT GCG ATA TAC GTC GCC ATG AAC CAG CCA AGC CAT CAC ACT AAA GGC GAT GCC ATG ATC TTG TTA GAT TCC CAG AGC AAA GGT ATG TCC CAA ATG TAC TTT AGC GGT AAG AGA AAG GGC TTT AAT GCC AGC GAT TTA TTG GAA AAC CAC ATC AGG TTT AAG CTG ACC TCC ACA CAC ACT CTC GTT TAT ATT GCC ACT AGA AAC GAC TAC TAC TAC GCG ACC ATA CGA GTT ATT CTG GAC ATT TTG GCT AAA TAC AGG ACG ACT CGT ATG GAA TCC GAC TAC TTC TAT GAA GCC GTC GCT ATA GTT ATA GAA GTT TTG AGG ACG GTC GAT GAC ACT TTT GGC TAC CCC TAT AAT GCT GAA GGT GCT GAG TGG CAG ACT ATG GAA TTT ATG TTG CAG GGA AAA TAC GGT GCC ATC GTT ATC TCT AGG CAG ACT CCG CAA GAA TTA ATT TGG GGT ATC AGG TAC CCC TAC AGG ATT ATG TCC ATT TAT AAC TTG GAC AAC TAT CAA GCT GTT ATG TCT TCG TTG TGG CAG GAC AGA ATC AGA GTG TTG GGT CAG GGT AAG TAT ACT TAT GAA GGG TAT TAT AAC GCC CTG CGT CAT GTC GCC GAC AGA CTG ATG CAA GTT CAG TTG ATC AAA CCT TAC GCC TTA ATC TAC TCC GAC CTG GCT ACT AAG CAT CTA ATC AAA AGC CTG ACA GTG CAC TAT ACT AAC ACT ATA CAT GAT GAA ATG AAA AAA ATA CAG ACT AAC TAC GAC GCT GGT GAA ATG AAG CAA ATC CGT CAG GAC GTG CTA TAT GTT CAA TTG TCT AGC ATC ATG CCG CAT ATG AGC GAG TTG ACT GAA GTC GCG CCG AAG 
Sbay                            CAG CAC TCC TTC AGA ACC TAT GAT ATC ACC ATG AGC CAC AGC ACA CAA AGT GCC ATG TAT CAT TAC AGA AAC AAC AGC TCA GGT TTG ACC GCC GAA AAA GGC GCC ATA TGG CCA ACG ACC GTC CTT GTT CCT TCT ATC TTG TAC AGC GCC TGG CGA GCC AGA GGC ATC AGA TCC AAT CAC GAT CGT TCC GGG CTG ACT CCC AGT GGT TTG AAG ATT AGA TCC GAA TAC CAT GAC AAT TAC AAA AAA CAA CCA TAC CTG GGT CAG ACC ATC ATA TCG ATT CAC TAC AGA GGT ATT ATA GTC TCC AAG TAC CTC AAG AGA ATG GAT TTC ATG TGC GGT CAT TCC ATA TAC ATC GCC ATG AAC CAG CCG AGT CAT CAC ACT AAG GGC GAT GCT GCT CTC CTG TTA GAC TCC CAG TCT AAC GGT ATG TCC CAG TAC TAT TTT AGT GGT AAG AGA AAG GGA TTC AAT GCC AGT GAC TTA CTG GCT AAC CAC TAC AGA TTC AAG TTG ACG TCC GCA CAC ACC CTC GTC TAT ACT GCC ACC AGA AAC GAC TAC TAC TAC GCG ACG ATA CGA GTC GTT TTG TCA ATT CTG GCA AAG ATG CAG ACG ACC CGC ATG AAG TCA GAC TAT TTC TAC GAA GCT ACC GCT ATA GTG ATT AAG GTC CTG AGG TCG ATC GAT GAC ACC TTC GGC TAT CCC TAT AAT GCT GAA GGT GCT GAG TGG CAA ACT ATG GAA TTT ATG CTG CAG GGC AAA TAT GGT GCC TTA GTT TTA TCC AGA CAA ACC CCA CAA GAA TTA ATT TGG GGT GTT AGA ATG CCC TAC AGA ATT ATG TCC ATT TAC AAC AAC GAC AAC TAC CAA GCC TTG ATG GCC TCG CTG TGG CAA GAT AGA ATC AGA GTG TTG GGT CAG GGT AAG TTA ACT TAT GAA GGG TAC TAC AAC GCC TTG CGT CAT GTC GCC GAT AGA CTA ATG CAA GTG CAG CTG ATC AAG CCT TAC GCT TTA TAC TAC TCT GAC CTG GCT CCA AAG CAT CTC ATA AAG AGC CTG ACA GTG CAC TAT ACC AAT CCA ATA CAT GAT GAA ATG AGA AAA ATA CAG ACT AAC TAT GAC GCC GGT GAA ATG AAG CAG ATC CGT CAG GAT GTC CTC TAC GTG CAA TTG GCC AGC ATC ATG CCA CAT TAC AGC GAG CGT ACT GAA GTT TCC CCA AAG 
Smik                            CAA CAC TCC TTT AGA ACC TAT GAT GTC ACC ATG AAC TAC AGC ACA CAA GAA GCT ATG GTA CAT TAC AGA AAC AAC AGT GAC GGT TTG ACT GCT GAG AAA GGC GCC ATA TGG ACT ACC ACC GTG TTA ATC CCT TCT ATT TTA TAT AAC GCC TGG CGA GCT GAA GGC ATT AGA TCA AAC CAC GAT CGT GCC GGA TTG ACT CCT AGT GGT GTT AAA ATC AGA TCT GAG TAT CAT GAT AAT TAT AAA AAC CAA CCG TAC CTG GGT CAA ACT ATC ATA TCG ATT CAC TAT AGA GGT ATA ATA GTT GGA AAG ATG ATC AAA AGA ATG GAT TTT ATG TGT GGT CAT GCC ATA TAC GTC GCC ATG AAT CAA CCA AGC CAC CAC ACT AAA GGC GAT GCT ATG ATC CTC TTA GAC TCG CAG AGC AAG GGT ATG TCT CAA ATG TAT TTT AGC GGT AAG AGA AAG GGT TTT AAT GCT AGC GAC TTA CAG GAA AAC CAC ATC AGA TTT AAG CTA ACC TCG TTG CAC ACT CTC GTT TAT ATT GCC ACT AGA AAC GAC TAC TAC TAT GCT ACC ATA CGA GTC ATC CTA GAC ATT TTG GCT AAA TAC CGG ACA ACT CGT ATG GAA TCG GAC GTA TTC TAC GAA GCT GTC GCC ATA GTT ATA GAA GTC CTC AGG TCG GTC GAT GAC ACA TTT GGC TAC CCC TAT AAC GCT GAA GGT GCT GAG TGG CAA ACT ATG GAA TTT ATG TTG CAA GGA AAG TAC GGT GCG ATC GTT ATC TCC AGA CAA ACT CCG CAA GAG TTA ATT TGG GGT ATC AGA TAC CCC TAT AGA ATC ATG TCG ATT TAT AAC TTG GAC AAC TAT CAA GCT GTT ATG GCC TCG CAG TGG CAA GAC AGA ATT AGA GTG TTG GGT CAG GGT AAG TAT ACT TAT GAA GGA TAT TAT AAC GCT CTA CGT CAC GTC GCC GAT AGA CTG ATG CAA GTT CAA TTG ATC AAA CCT TAT GCC TTA ATC TAC TCT GAC CTG GCT ACT AAA CAT CTT ATA AAA AGC CTG ACA GTG CAC TAT ACC AAT ACT ATA CAT GAT GAA ATG AGA AAA ATA CAG ACT AAC TAT GAC GCT GGT GAA ATG AAA CAA ATA CGT CAG GAC GTG CTT TAT GTT CAG TTG GCC AGT ATC ATG CCG CAC ATG AGC GAG TTG ACT GAG GTT GCC CCG AAG 
Spar                            CAA CAC TCT TTT AGA ACC TAT GAT GTC ACC ATG AAC TAC AGT ACA CAA GAA GCT ATG TAT CAT TAT AGA AAT AAC AGT GAC GGT TTG ACC GCT GAA AAA GGC GCT ATA TGG ACC ACC ACC GTG TTA ATC CCT TCC ATT TTA TAC AAC GCC TGG CGA GCT GAA GGC ATT AGG TCA AAT CAC GAT CGT GCC GGG CTG ACT CCC AGT GGT GTT AAG ATT AAA TCC GAA TAC CAT GAT AAT TAC AAA AAA CAA CCG TAC CTG GGT CAA ACC ATT ATA TCA ATT CAC TAC AGA GGT ATA ATA GTT AGA AAA ATG ATC AAA AGA ATG GAT TTC ATG TGC GGT CAT GCC ATA TAC GTC GCT ATG AAC CAA CCA AGC CAT CAC ACT AAA GGC GAT GCC ATG ATC CTG TTA GAT TCC CAG AGC AAG GGT ATG TCC CAA ATG TAC TTT AGC GGT AAA AGA AAG GGT TTT AAT GCT AGC GAT TTA TTA GAA AAT CAC ATC AGG TTT AAG CTG ACC TCC TTA CAC ACT CTC GTT TAT ATT GCT ACT AGA AAT GAT TAC TAC TAC GCA ACC ATA CGA GTT ATT CTA GAC ATT CTG GCT AAA TAC AGG ACG ACT CGT ATG GAA TCC GAT TAT TTC TAT GAA GCC GTT GCC ATA GTT ATA GAA GTT CTG AGG TCG GTC GAT GAT ACT TTT GGC TAC CCC TAT AAT GCT GAA GGT GCT GAG TGG CAA ACT ATG GAA TTT ATG TTG CAA GGA AAA TAC GGT GCC ATC GTT ATC TCT AGA CAA ACT CCG CAA GAA TTA ATT TGG GGT ATC AGA TAC CCC TAC AGG ATT ATG TCC ATT TAT AAC TTG GAC AAT TAT CAA GCT GTT ATG GCC TCA TTA TGG CAA GAC AGA ATT AGA GTT TTG GGT CAG GGT AAA TAT ACT TAT GAA GGG TAT TAT AAC GCT CTA CGT CAT GTT GCT GAT AGA CTG ATG CAA GTT CAA CTG ATC AAA CCT TAC GCA TTA ATC TAC TCC GAC CTG GCT ACC AAG CAT CTC ATA AAA AGT CTG ACA GTT CAC TAT ACC AAT ACC ATA CAT GAT GAA ATG AAA AAA ATA CAG ACT AAC TAC GAC GCT GGT GAA ATG AAA CAA ATC CGT CAG GAC GTG CTC TAT GTT CAA TTG GCC AGT ATC ATG CCG CAT ATG AGT GAG TTG ACT GAA GTT GCC CCG AAA 
Ncas                            GAA CAC TCC TTC AGA ACC TAT GAT TTA ACC ATG AAT TTT AGC ACA CAA AGT GCT ATG TAT CAT TAT AGA AAC AAC AGC CCA GGT TTA ACC GCT GAG GAG GGG GCT ATC TGG CCA ACA ACC ATG ATG GTC CCA TCT TTA ACT TAT AAT GCT TGG CGA GCT AGA GGG TTA AGA TCG AAT CAT GAT CGT TCC GGT CTG ACT CCA AGT GGT TTG AAG ATT AGA TCA GAA TAT CAT GAA AAT TAT AAA TCT CAA CCC TAC TTG GGT GAA ACC ATC ATC TCG TTG CAC TAT AGA GGT ATT CTT ATT CAA AAG TAC GTG AAA AGA ATG GAT TTT ATG TGC GGT CAT TCC ATC TAC TTA GCT GTC AAT CAG CCT AGT CAC CAT ACT AAG GGG GAT GCC GCC GTG TTG CTA GAT CAA CCC GGT AAC GGT ATG TCA GAA TAC TAT TTT AGT GGT AAG AGA AAG GGT TTT AAT GCC AGT GGA TTA TTG GCT AAC CAT TTC AGA TTT AAA TTG ACA CAA AGA CAT ACT TTG ATT TAT ACT GCT ACA AGA AAT GAT TAC TAC TAT GCA ACA ATC CGA GTA GTT CTT CCA TTG CTG GCT AAA ATG GAA AAT ACA CGT ATG ACC TCG GAT TAT TTC TAT GAA GCC GTT GCA ATT GTT ATT ACC GTA TTG AGA AGG TTA GAT GAT GCT TTT GGG TAT CCT TAT AAT GCT GAA GGT GCC GAA TGG CAA GCT ATG GAA TTT GTC GTT CAA GAT AAG TAT GGT TCC TTA GTG TTA TCT AAG CAA ACC CCA CAA GAA CTA TTG TGG GGT GTC AAG ATG GCT TAC AGA ATT ATG CAA CTA TAT AAT AAT GAC AAC TAT CAA GCT TTG ATG AAA TCG TTG TGG CAA GAC AGA TTA AGA GTT TTG GGT CCC GGT AAG CTT ACT TAT GAA GGT TAT TAT AAT GCT CTT CGT CAC GTT GCT GAC AGA TTA ATG CAA GTT CAA CTG ATT AAA CCT TAT GCA CTA TTC TAT TCT GAT TTG GCT CCA AAG CAT CTA GTA AAA AGC TTG ACG GTT ATG TAT ACT AAT CCA ATC CAT GAT GAA ATG AGA GAG CTT CCC ACT AAT TAT GAC GCT GGT GAA ATG AAA CAA ATC CGT CAG GAC ATG CTA TAT GTT CAA TTG AAA AGC ATT ATG CCA CAC TAC AGC GAA CGT ACT GAA GTC TCC CCC AAG 
Cgla                            CAA CAC TCA TTT AGA ACG TAC GAT CTT ACG ATG AGC CAT AGC ACA CAG AGT GCC ATG TAT CAC TTC AGA AAC AAC GGT TCT GGT TTG ACT GCC GAA AAG GGT TCT ATC TGG GCT ACA ACG ATT TTG GTT CCA TCT ATC CAC TAT AGC GCG TGG CGA GCC AGA GGT ATC CGT TCT AAC CAC GAT CGT TCT GGT CTC ACG CCC TCT GGT CTA AAA ATA AGA TCT GAG TAC CAC GAA AAC TAC AAA GGG CAG CCC TAC TTG GGT CAA ACT ATC ATC TCG ATG CAC TAC AGA GGC ATC GTA GTC TCT AAG TAC ATG AAG AGA TTG GAT TTC ATG TGT GGT CAC TCT ATC TAC CTT GCT GTA AAC GAG CCT AGC CAC CAC ACT AGG GGT GAC GCA GCT ATG TTG CTG GAC CAG TCT ACT AAC GGT CTG TCT CAA TAC TAC TAC AGC GGT AAG AGA AAG GGT TTT AAC GCC AGC AAC CTA GGT GCT AAC CAC TAC CGT TTT AAG ATA ACA CAG CGG CAC ACC CTA GTC TAC ACT GCT ACC AGA AAC GAC TAC TAC TAC GCG ACA ATT CGA GTG GTT CTG TCT ATG CTC GCC AAA ATG AAG TCA ACC AAG ATG ACC TCG GAC TAT TTC TAC GAG GCA TTG GCT ATA GTT ATC ACC GTG TTG AGG AAA CTT GAC GAC GCA TTT GGT TAC CCA TAC AAC GCC GAA GGT GCT CAG TGG CAG ACA ATG GAA TAC GTA GTC CAG GGC AAG TAC GGT CAA TTG GTC TTG TCC AAG CAG ACC CCA CAG GAG CTG ATG TGG GGT GTT AAG ATG GCT TAT CGT ATA ATG CAG ATA TAC AAG AAC GAA AAC TAC CAG GCC CTA ATG CTA TCG GGT TGG CAA GAC AGA ATC AGA GTC TTG GGT TCT GGT AAG TTG ACG TAC GAA GGT TAC TAC AAG GCA CTG AGG CAC GTT TCT GAC AGA CTG ATG CAG GTT CAG CTC ATT AAA CCA TAC GCC CTG TAC TAC TCT GAC TTG GCC GCT AAA CAC TTA ATT AAA AGC TTG GAG GTC TAC TAC ACA AAC GCT ATT CAC GAC GAA TTG AGA AAG GTA TCT ACG AAG TAC AAT GCC GGT GAG CTG AAG CAA ATC AGG CAG GAC ATT TTA TAC GTT CAG TTG CTA GGT ATT ATG CCA CAC TAC AGC CAG CGT ACT GAG GTG TCT CCC AAG 
Agos                            CAG CAC TCG TTC AGA ACG TAC GGC TTC ACG ATG AGC CAC TCC ACC GAA GAA GCG ATG TAT CAC TAC CGG AAC AAC AGC GAT GGT CTG ACC GCG GAG GAG GGC GCT TTA TGG ACC AAC ACG ATG CTG ATC CCC TCC ATA CAC TAC AGC GCT TGG CGC GCG GAG GGC ATA AGA TCT AAC CAC GAT CGT GCT GGG CTG ACT CCG AGC GGT GTG AAA ATC TGC TCG GAA TAC CAC GAC AAC TAC CGC CGT GAA CCC TAC ATA GGT CAG ACC ATG TTA TCG GTC CAC TAC CGC GGG TTG CTG GTG CAA AAG ATC ATG AAG CGT GTG GAT GAC ATG GTC GGT CAC GCT TTA TAC TTC GCC ATG AAT GCC CCC AGC CAT CAC ACT CGG GGC GAC GCT ATG ATG CTG CTA GAC GCC GAG ACC AAG GGT ATG TCG CAG ATC TAC TAC AGC GGC AAG CGT AAG GGG TTT AAC GCC AGC AAT CTC GCC GAA AAC CAC GTC AGA TTT AAG TTG AAC GCC GGC CAC ACG CTG GTG TAC ACT GCC ACG CGT AAC GAC TAT TAT TAC GCG AAC ATC CGC ATC ATC CTG GAT GTC CTG GCC AAA TAC CAG CAG ACG AAG ATG GAG TCG GAC TAT TTC TAC GAG GCT AAG GCC ATC GTC TTG GAG ATC CTG CGA CGG TTC GAC GAC GCT TTT GGC TAC CCG TAC AAC GCT GAG GGT GCG CAG TGG CAA GCG ATG GAA TAC ATG CTG CAG GGC AAG TAC GGC GCC ATT ATT ATT TCG AAG CAA ACG CCG GAA GAA CTA GTC TGG GGC ATC AAG TAC CCA CAC AGA ATC ATG GCC GTC TAC GCC CTC GAC AAC TAC CAG GCG GTG ATG TCT TCG GCC TGG CAA GAC CGC ATA AGA GTG CTG GGT GAG GGC AAG TAC ACT TAC GAG GGG TAT TAC GCC GCG CTG CGT CAT GTC GCT GAC CGT CTA ATG CAG GTC CAA CTG ATT AAA CCG TAC GCC CTA GTC TAC TCC GAC ATA GCT ACC AAA CAC CTG ATC AAA TCC ATA CTG GTG TAT TAC GCC AAC ACC ATC CAC GAC GAG GTG TGC GAG CTG GAG ACT GCC TAC GAG GCG GGC GAG ATG AAG CAC TCG CGT CAG GAC ATG CTG TAC GTC CAG TTG TCT AGC ATT ATG CCG CAT ATC TCC CAG TTG ACT GAA GTT GCT CCC AAG 
Klac                            GGC CAC TCC TTC AGA ACC TAC AAT TTT ACC ATA AGT CAC TCC ACA GAA CAA GCT ATA TAC CAT TAT AGA AAC AAT AGT AAC GGT TTG ACT GCT GAG TCT GGT GCT GTG TGG ACC AAC ACC ACT TTA ATC CCT TCA ATT CTA TAC AGT GCG TGG AGA GCT GAA GGT ATT AGA TCA AAT CAT GAT CGT TCT GGC CAA ACT CCA AGC GGT GTA AAG GTA AAG TCC GAA TAC CAT GAT AAT TAC AAA AGC GAA CCT TAC CTA GGT GGC ACT ATG GTG TCG GTT CAC TAC CGT GGT TTG CTG CTA CAA AAG ACA TTA AAG AGA ATT GAC TTA ATA ATG GGT CAT TCT GTG TAC TTT GCC ATG AAC ATT CCG AGC CAT CAT ACC AAG GGT GAT GCA ATG TTA TTA CTA GAT CAA GAA ACC AAG GGT CTA TCC GGC ACA CAT TAT AGC GGT AAG AGA AAG GGT TTT AAT GCT AGC AAC TTA TTG GAA AAC CAT ATT AGA TTT AAA CTT AAC CAA AGA CAT ACT TTA CTA TAC ACA GCC ACT AGA AAC GAC TAC TAC TAC GTA AAC ATT AGA GTA ATC CTA AAC GTT CAA GCC AAG TAC GCC ACA ACT CGT ATG GAG TCG GAC TAC TTC TAC GAA GCA AAG GCT ATT GTT TTG GAG GTA TTA CGT AAG TTT GAT GAC GCA TTT GGT TAT CCA TAC AAT GCT GAA GGT GCT CAA TGG CAA ACC TTA GAA TAT ATG TTG CAA GGG AAG TAT GGT GCC ATT ATT ATT TCC AGA CAA ACA CCA GAA GAA CTA GTT TGG GGT ATC AGA TAC CCA TAC AGA GTA GCT CAA GTT TAC AAT TTA GAC AAC TAT CAA GCT GTA GCT CAA TCG TTG TGG CAA GAT CGA ATT AGA GTG TTG GGT GAA GGT AAG TAT ACT TAC GAA GGC TAT TAC AAT GCA CTA CGT CAT GTA GCT GAT AGA TTA ATG CAA GTT CAA CAA ATA AAG CCT TAC GCG CTA ATT TAC TCA GAC CTA GCT ACC AAG CAT CTG GTA AAG TCC CTA TCT GTG CTA TAC TTA AAT ACC ATT CAT GAT GAA ATT AAG TCT CTG GAA ACT AAT CAT GAT GCT GGT GAA CTA AAG CTG GTA CGT CAG GAT ACT CTG TAT GTT CAA TTG CAA AGT ATA GCT CCA CAT ACA TCC CAA CTC ACC GAA GTG TCT CCT AAG 
Calb                            AGT CAT TCA TAT AGA ACA TAT CCT TAT ACA GTG TCA AAA GGA ACT CAA GAT GCT GTG TAT TAT TAT CGT ATC AAT AGT AAC GGT TTG ACT GCT GAA AAT GGT TGT TTC TGG ACA AAT ACA GAA GTG GTT CCC TCA ATC TAT TAT TCA GCC TGG CGA GCT GAA GGT ATC CGT AGT GAT CAT GAT CGT TCA GGT GAT ACT CCA AGT GGT ACA AAA GTC ATC TCC ATG TAT TAT GTT AAT CAT AAA AAA CAA CCA TAC ATA GGT AGT ACT TTA TTC TCG GTT CAT TAT AAA GGA ATC TTA ATT CAA AAA CAA ATG AAA AGA CTA GAT CAT GTG ATG GGT TAT TCA TTC TAC TAT GCT ATG AAT ATC CCC AGT CAT CAT ACT AAA GGT GAT GCT ATG ATG TTA TGT GAC TCT GAG TCG GCT GGT TTG TCC AGT CAA TAT TAT AGT GGT AAA AGA AAA GGT TTT AAT GCC AGT AAC TTG GAA GAA ATC CAT ATT CGT TTT TCA CCG AAT TCT ACT TAT ACT TTA ATT TAT ATT GCT ACA AGA AAT GAT TAT TAT TAT CTA AAT ATT CGA GTG ATT TTA AAC GTT GAT TAT AAA TAC CAA ACT ACA AGA ATG GAA AAT GAT TAT TTC TAT GAA GCT AAA GCT ATC GTT ATC GAA GTG TTA AGA AAA TAT GAT GAT ACT TTT GGT TAT CCA TAT GAT TGT GAA GGT GCA TCA TGG CAA TCT CTA GAA TAT ATG CTC CAA AAG AAA TAT TTC CAA TTA ATT TTA TCT AGA CAA ACT CCA CAA GAA TGT GTT TGG GGT GTT AGA TAC ATG TAT CGT GTC TTC TCT GTA TAC GAC TCA GAT ATC AAA CAA GCT ACA TTC CAA TCG GAA TGG CAA GAT CGA ATC AGA GTC TTA GGT GAG TTC AAA TAT ACT TAT GAA GGT TAT TAC GAC GCC TTA CGT CAT GTG TGT GAT AGA TTA ATG CAA GTT CAG GAT ATT AAA CCT TAT GCC TGT ATT TAT TCA AAT ATA TGT ACA AAA TAT TTA TTC AAA GGA ATA AAC GTC AAA TAT ATA AAT ACA ATT TAT GAT GAA CTA ATC AAT TTA GAG ACT GAC TAT GAT GCT TTC CAA TTG AAA TGT CCA CGT CAG GAT GAA TTA AAA GTT ATT TTA CAA AGT ATT TTC CCA CAT CAA GGA TCA CTT ACT ATG ATC TCA CCA AAT 



Printing out site pattern counts


         9        681  P

Scer                            AAA AAA AAA AAA AAA AAA AAA AAA AAC AAC AAC AAC AAC AAC AAC AAG AAG AAG AAG AAG AAG AAT AAT ACA ACA ACA ACC ACC ACC ACG ACG ACT ACT ACT ACT ACT ACT ACT ACT ACT AGA AGA AGA AGA AGA AGA AGC AGC AGC AGC AGG AGG AGG AGG AGT ATA ATA ATA ATA ATA ATC ATC ATC ATC ATC ATC ATC ATC ATG ATG ATG ATG ATG ATG ATG ATG ATG ATT ATT ATT ATT ATT ATT CAA CAA CAA CAA CAA CAC CAC CAC CAC CAG CAG CAG CAG CAG CAG CAG CAT CAT CCA CCC CCC CCC CCG CCG CCT CCT CGA CGT CGT CGT CTA CTC CTG CTG CTG CTG GAA GAA GAA GAA GAA GAA GAA GAA GAA GAA GAA GAC GAC GAC GAC GAC GAC GAC GAG GAT GAT GAT GAT GAT GAT GAT GCA GCC GCC GCC GCC GCC GCC GCC GCG GCG GCT GCT GCT GCT GCT GGA GGC GGC GGG GGT GGT GGT GGT GTC GTC GTC GTC GTG GTG GTT GTT GTT GTT GTT TAC TAC TAC TAC TAC TAC TAC TAC TAC TAC TAC TAC TAT TAT TAT TAT TAT TAT TAT TCA TCC TCC TCC TCC TCG TCT TCT TCT TGG TGT TTA TTA TTA TTA TTC TTC TTG TTG TTG TTG TTG TTG TTG TTG TTG TTT TTT TTT 
Sbay                            ... ... ... ... ..C ..G ..G .G. ... ... ... ... ... ..T .G. ... ... ... ... ... ... ... ... ... ... G.. ... ... ..G ... T.. ..C ..C ..C ..C ..C ... ... ... C.A ... ... ... ... ... TCC ... ... ..T TCT ..A ..A ... CA. ... ... ... ... ... ..T ..A ... ... ... C.. G.T TA. T.A ... ... ... ... ... ... ... GCT TAC .C. ..C ... ... ... G.. ... ... ... ..G ..G ... ... ... ... ..A ..A ... ... ... ... ... ... ... ..G ... ... ... ..A ..A ... ... ... ..C ... ... ..C ... ..A ... T.. T.. A.G AG. AGT ... ... ... ... ... ... ... .CT ... ... ... ... ..T ..T TCA ... ..C ..C ..C ... ... ... ... ..C ... ... ... ... ... ..T ..T ... T.C ..A ..C ... ... ... ..C ..A ... ... ... ... ... ... AC. A.. ... ..T ..C ... ..C ..C ..G ... T.G ATG C.. ... ... ... ... ... ... ... ..T ..T ..T ..C ..C ..C ..C ..C ... .TA ..C ..A ... ... ..T ... G.C ..C ..C ... ..C C.T ... ... ..G ... ... AAC CGT C.. C.. C.. C.. ... ... ... ..C ..C ... 
Smik                            ... ... ..C ..G ..G ... ... .G. ... ... ... ... ..T ..T ... ..A ..A ... ... ... ... ..C ... ... ... TTG ... ..T ... ..A T.. ..A ..C ... ... ... ... ... ... ... ... ... ... ... ... G.. ... ..T ... ... ..A ..A ... C.. ... ... ... ... ... ... ..A ..A ... ..T ... ... ... ... ... ... ... ... ... ... ... ... ... ... ..C ..C ... ... ..C ... ... ..G ... ... ... ... ... ... ..A ..A ..A ..A ..A ... ... ..C ... ... ... ... ..T ... ... ... ... ... ... ... ... ..T ... ... ... ..A ..A ... ... ... ... ... ... ... ..G ..G ..G ... ... ... ... ... ... ..T ... ... ..C ..C ... ... ... ... ... ..C ... ... ..G ..T ..T ... ..T ..T ..C ... ... ..C ... ... ... ..T ... ..A ... ... ... ... ... ... ... ..T ... ... ..C ... ... ... ... ... ... ... ... ... ... ..T ..T ..T GTA ... ..T ..C ... ... ... ... ... ... ... ..G ..G ..T ..T ... G.C ..C ..C ... ... ... ... ... ... ... ..T ... ... CA. C.C ... ... ... ... ... ... ... ... 
Spar                            ... ... ... ... ..G ... ... ... ... ... ..T ..T ... ..T ... ..A ... ..A ..A ... ... ... ... ... ... TT. ... ... ... ... T.. ... ..C ... ... ... ... ... ... ..C ... ... ... ... ... ... ..T ..T ... ... ..A ... ... ... ... ... ... ... ... ... ..A ... ... ..T ... ... ... ... ... ... ... ... ... ... ... ... ... ... ... ... ... ... ... ... ... ... ... ... ... ... ... ... ..A ..A ..A ..A ..A ... ... ... ... ... ... ... ... ... ... ... ... ... ... ... ... ..C ... ... ... ..A ... ... ... ... ... ... ... ... ... ... ... ... ... ... ... ..T ... ..T ... ... ... ... ... ... ... ... ... ..C ..T ..T ... ..T ..T ..A ... ..A ..C ... ... ..C ... ... ... ..T ... ... ... ... ... ... ..T ... ..T ..T ... ..T ... ... ... ... ... ... ... ... ... ... ..T ... ... ... ..T ... ... ... ..C ... ... ... ... ... ... ... ... ... ... ..A G.C ... ... ... ..C ... ... ... ... ... ... ... ... ..A C.. C.. ... ... ... ... ... ... ... 
Ncas                            ... G.G TCT ..G ..C ... ..G .G. ... ..T ... ..T ..T ..T ..T ..A ... ... ... ..A ... ... ... ... ..G .G. ... ... ..A .AT .G. G.. ... ..A ..C ... ... ... G.. C.A ... ... ... ... ... CA. ... ... ..T G.T .A. ..A ..A GAA ... ..C ..C ..T C.T ..T G.A ... ..T T.A G.G G.. T.. T.A ... ... ... ... ... ... G.C GCC TAC .C. ..C ... C.A T.G G.. ... ... ... ... G.. ATG ... ..T ..T ..A ..A ..A ..A ... ... .CC ..C ... ..T ..T G.T ..A ..A ..C ..A ... ... ... ... ... ... T.G T.A T.. ..T T.. ACC AG. AGT ... ... ... ... ... ... ..G .CT ... ... ..T ..T ... ... CCA ..A ... .GA ..A ... ... ... ... ..T ..T ..T T.. ... ..T ..A ... ..A T.C ... ... ..A ..C ... .AT ..T ..G ..T ... ... ... ... ..T T.A ..T ... A.. ..T ..A A.. ... ..G T.G ATG .TT ... ... ..T ..T ... ..T ..T ..T ..T ..T ... ... ... ... ... ... CT. ..G ..G CAA ..A ..T ... AAA ..C ... ... ..C A.G C.. ... ACT ... ..T AAT CGT ... ... C.. G.T ..A ... ... ..C ... ... 
Cgla                            ... ..G GGG ..G ..C ... .GG .G. ... ..G ... ... ... ... .G. ... ..A ... ... ... ... ..C ..C ... GAG CGG ..G ..T ..A T.A .AA G.A ..A ..C ..C ..C ..G ... ..A G.. ... ... ... ... ... TCT ... G.T ... .CT .A. C.T ... .A. TC. ..C ..T ... G.. ..C ..T ... ..T ... ..G G.T TA. T.G ... ... ... ... C.. T.. G.A GCT TAC .C. ..C ..A ..A ..G G.. ..G ..G ..G ... ... T.. ... ... ... ..A ... ... ... G.. ... TCT ..C ..C ..T ..A G.T ... ..A ..C ..A ..A ... AAG A.G ... T.. ..A ... T.. ... A.A ACC AG. AGT ... ... ..G ..G ..G ..G ... .CT A.T ..A ... ... ... ... TCT C.. ..C A.C ..A ..C ... ... ... ..G ..T T.T CAA ... ..A ... ..A ... T.T ..C ..C ... ... ..C ..C ..T ..T ..T ..C ... ... ... T.G C.T ..T ..G A.T ..C ..G ..C ... ..C C.A ATG C.T ... ... ... .T. ..T ... ..T ..T ... ... ..C ..C ..C ..C ..C ..C .TG ..T ..G CAG ..T ..T ... CTA ..A ..C ... ... ..G C.G C.. CAC ... ... AAC CGT GGT ... C.C G.C ... ... ... ... ... .AC 
Agos                            CGC G.G CGT ..G ..G ... CGG TGC ... GC. ... ... ..T ... .G. ... ..A ... ... ... ... ..C ..C ..C CTG GGC ..G ... .A. CA. CG. G.. G.C ..G ..G ..G ... ... G.G ..C ... C.C C.C C.G C.T CA. TC. ... ... .C. .A. ..A C.A CA. ..C T.. ..C ..C C.G T.G ... TCG ..T ..A ..G ... G.. ..T ... ... ... ... ... G.. ... ... ..C .C. ..G ..C G.C G.C ..C ..G G.. ..G ..C ..G T.T ... ... ... ..A ..A ..A ... GCC ... G.. ... ..C ..C ..G ..A ..G ... ..C ..C ..G ..C AAG ... ... ..G ..G ..A A.A ... T.. ..G ..G ... ... ..G ..G ..G ... ... ..G ... ..G ... ... ... ... ... ..T C.. ..C A.. ..C ..C ... ... .GC ..T ... ..T ... ... ..G ... ..T ... ..T ..C ..G ..C ..G ... ..C ..G ... ... ..G ..C ..C ... AAG T.. ... ..T A.. ... A.C ..G ..C A.. ..G ... C.. ... ..T ... ... C.. ... ... ..T ... ... ..C ..C ..C ..C ... ..C ..C ..T ..G G.. ..G ... ... ... ..G ..G ... GTC C.G C.. C.C CAC ... GA. C.C ... GCC C.. C.. C.. C.. C.. ... ..C ... .AC 
Klac                            ... TCT .GC ..G ..G ..G ..G ..G ..T ..T ... ... ... ..T .GT ... ... ... ... ..A ... ... ... ... T.T .G. ... ..T .A. ..A .A. G.A TTA ... ..A ... ... ..C ..C ..C ... C.. C.T ... ... CA. TC. ..T ... .C. ..A ..A C.T GCC ..C G.G ..T ..T C.G T.G G.A G.A ..A ..T T.A ... ..T ..T ..A ... GCT T.A C.A ..T ... ... .CA .CA ..G G.A G.. G.. ..C ... G.. ... .TG GGC .TA ... ..T ..T ..A ..A ..A ..A ATT ... G.A ... ... ..G ..A ..A ..A ..A ..T ... ... A.. ... ... ... ..G T.A T.A ..A ..A ..T ..G ... C.. ... ... ... ... ... ... ..G ... ..T ... ... ... ..T ..T A.. C.A ... A.C ... ... ..C ... A.. ..G ... ..T ... ..T ..A ..G ..A .TA T.T ..C ... ... ... ... ..G ..T ..T ..C ... ... ... ... AAG T.T ..A ..G ACT ... ..A C.A ... A.. ..A ... C.. ... ... ... ..T ... ... ... ... ..T C.T ..C ..C ..C ... ... ..C ... ... ..G CAA ... ..A ... CAA ..C ..C ... ATG ... C.. ... C.. ... ..A ..A C.C ... ..A CAA ... ... ... ... ..C ... .A. 
Calb                            ... ..T ... ... GCT ... ... .TC ..T G.. .T. ..T ..T ..T TCA ..A ..A ..A ..T TCA ..A G.. ... ..T .AC ..T ..A ..T .AT ..T .AA ... .TA ..A ... ... ... ... T.. ..A ... C.. .A. C.T ... CA. G.A ..T ..T TCG ..A C.T ..A CAA ... T.C ..T ..C T.. ..C T.. CCA ..T ... ..G G.T ..T T.A G.. ... T.C C.A T.. C.A ... ... CAA ... T.A G.C G.A G.. ... ... ... ATT TGT AGT A.A ..T ..T T.T ..A ..A ... ..A ATC ... G.. ... T.. ..C ..A ATG ..A ..A ..A ..C ... ... A.A ... ... T.. T.A T.A A.A T.A .C. ... ... ..T ... ... C.. ... ATG ... ... ... ..T ..T A.T ..T ..T ..T A.. TCA ..C A.C .T. ... ... ... CC. ..C ..T TGT CAA ... ... ... ..T CTA T.A TA. ... ... ..A TG. AAG ..T ..T ..T ..A ... TTC ... AAA TAT ..G A.. .AA ..C ..G A.. ... A.. ACA ... A.A ... ..T ..T ..T ..T ..T ..T ..T ..T ..T ... C.. ..C A.A ... ... ... AGT AAT ..T ... ..A ... CAA ..A ... ... ATG G.G .GT ..G .AT ... CAT .CA C.T GAA ..A GAT C.C ... ..A ..A .A. ... .A. 

    1    2    1    1    1    3    1    2    1    3    3    1    1    2    2
    2    2    3    1    1    1    2    1    1    1    1    3    2    3    1
    1    1    1    2    1    1    3    2    1    3    2    1    1    1    4
    1    3    2    3    1    2    3    1    1    1    3    2    1    2    2
    1    1    2    3    2    2    2    2    3    2    3    1    2    2    2
    1    3    1    1    2    1    3    1    2    3    1    1    3    1    2
    3    1    1    2    1    1    1    1    3    3    5    1    1    1    1
    2    2    1    1    2    1    2    1    2    1    1    3    2    1    2
    1    1    1    3    1    1    2    1    1    1    1    1    1    3    2
    1    2    2    1    1    1    3    1    1    1    1    2    2    1    1
    1    1    2    1    3    1    5    1    1    2    1    1    4    2    1
    2    3    7    1    3    1    1    2    2    2    2    3    1    2    2
    1    2    2    1    1    1    4    1    2    2    2    1    1    2    2
    1    5    1    1    1    3    2    2    2    2    1    1    5    1    1
    3    1    1    1    1    1    1    2    2    3    1    1    1    1    1
    3    2

CODONML (in paml version 4.9j, February 2020)  temp.nuc
Model: One dN/dS ratio, 
Codon frequency model: Fequal
ns =   9  ls = 392

Codon usage in sequences
--------------------------------------------------------------------------------------------------------------------------------------
Phe TTT   6   2   7   6   7   4 | Ser TCT   4   3   4   2   4  17 | Tyr TAT  13  11  20  15  25   4 | Cys TGT   1   0   1   0   0   1
    TTC   2   6   1   2   4   3 |     TCC   8  12   2   8   5   1 |     TAC  21  24  12  19   8  33 |     TGC   0   1   0   1   1   0
Leu TTA   6   7   6   9  11   2 |     TCA   1   3   1   3   2   2 | *** TAA   0   0   0   0   0   0 | *** TGA   0   0   0   0   0   0
    TTG  13   9  10   6  16  15 |     TCG   2   3   7   1   4   3 |     TAG   0   0   0   0   0   0 | Trp TGG   5   5   5   5   5   5
--------------------------------------------------------------------------------------------------------------------------------------
Leu CTT   0   1   2   0   5   3 | Pro CCT   2   2   3   2   3   1 | His CAT   8   8   5   8   9   1 | Arg CGT   4   4   4   4   5   5
    CTC   1   5   3   3   0   3 |     CCC   3   3   2   3   5   3 |     CAC   7   8  10   7   5  15 |     CGC   0   1   0   0   0   0
    CTA   2   1   3   2   6   6 |     CCA   1   7   1   1   9   5 | Gln CAA  10   9  15  16  16   6 |     CGA   2   2   2   2   2   2
    CTG   7  11   4  10   3   8 |     CCG   4   1   4   4   0   0 |     CAG  10  12   7   4   2  16 |     CGG   0   0   1   0   0   1
--------------------------------------------------------------------------------------------------------------------------------------
Ile ATT   9   8   8  12   9   7 | Thr ACT  15   7  15  11   9   6 | Asn AAT   3   5   4   9  14   1 | Ser AGT   1   5   3   6   5   1
    ATC  15  10  14  11   7  10 |     ACC   8  12   7  12   8   6 |     AAC  13  11  13   7   5  14 |     AGC   9   7   7   4   5   8
    ATA  10   9  12  11   0   5 |     ACA   3   2   4   2   6   6 | Lys AAA  12   5  11  17   9   7 | Arg AGA  10  17  16  12  17  12
Met ATG  19  17  19  19  19  16 |     ACG   2   4   0   1   1   6 |     AAG  10  16   8   5  11  18 |     AGG   7   1   1   5   1   4
--------------------------------------------------------------------------------------------------------------------------------------
Val GTT  10   5   9  15   9   7 | Ala GCT  10   9  14  15  18  10 | Asp GAT   9   9   8  13  12   3 | Gly GGT  13  13  14  14  17  23
    GTC   6   7   7   3   5   6 |     GCC  10  15  12  10   5  10 |     GAC  11   9  12   7   5  11 |     GGC   5   5   4   4   0   2
    GTA   0   0   2   0   3   4 |     GCA   1   2   0   2   3   4 | Glu GAA  15  10  11  15  16   7 |     GGA   1   1   4   1   1   0
    GTG   4   5   4   2   3   3 |     GCG   4   1   1   0   0   2 |     GAG   2   2   6   2   3   7 |     GGG   2   2   0   2   4   1
--------------------------------------------------------------------------------------------------------------------------------------

--------------------------------------------------------------------------------------
Phe TTT   3   6   3 | Ser TCT   3   6   5 | Tyr TAT   6   9  38 | Cys TGT   0   0   8
    TTC   5   2  11 |     TCC   5   7   2 |     TAC  29  24   6 |     TGC   2   0   0
Leu TTA   3  12  15 |     TCA   0   3  12 | *** TAA   0   0   0 | *** TGA   0   0   0
    TTG   5   8   4 |     TCG   8   3   3 |     TAG   0   0   0 | Trp TGG   5   5   5
--------------------------------------------------------------------------------------
Leu CTT   0   1   1 | Pro CCT   0   4   2 | His CAT   3  14  10 | Arg CGT   8   6   7
    CTC   2   1   1 |     CCC   4   0   2 |     CAC  15   3   0 |     CGC   5   0   0
    CTA   4  14   4 |     CCA   1   5   7 | Gln CAA   5  20  18 |     CGA   1   1   3
    CTG  17   5   0 |     CCG   5   1   1 |     CAG  12   1   2 |     CGG   3   0   0
--------------------------------------------------------------------------------------
Ile ATT   5  14  12 | Thr ACT   6  10  13 | Asn AAT   2  10  14 | Ser AGT   0   4  10
    ATC  14   3  13 |     ACC   7  10   0 |     AAC  13  11   4 |     AGC   8   5   0
    ATA   6   5   4 |     ACA   0   7  10 | Lys AAA   5   2  22 | Arg AGA   5  15  10
Met ATG  19   7  11 |     ACG   7   0   0 |     AAG  14  19   1 |     AGG   0   0   0
--------------------------------------------------------------------------------------
Val GTT   1   7   9 | Ala GCT  11  15  11 | Asp GAT   4  10  19 | Gly GGT   7  18  16
    GTC  11   0   4 |     GCC  17   5   4 |     GAC  14   6   4 |     GGC  12   5   0
    GTA   0  10   1 |     GCA   0   4   1 | Glu GAA   9  17  15 |     GGA   0   0   4
    GTG   8   6   7 |     GCG   9   2   0 |     GAG  15   3   3 |     GGG   4   1   0
--------------------------------------------------------------------------------------

Codon position x base (3x4) table for each sequence.

#1: Scer           
position  1:    T:0.20918    C:0.15561    A:0.37245    G:0.26276
position  2:    T:0.28061    C:0.19898    A:0.36735    G:0.15306
position  3:    T:0.27551    C:0.30357    A:0.18878    G:0.23214
Average         T:0.25510    C:0.21939    A:0.30952    G:0.21599

#2: Sbay           
position  1:    T:0.21939    C:0.19133    A:0.34694    G:0.24235
position  2:    T:0.26276    C:0.21939    A:0.35459    G:0.16327
position  3:    T:0.23469    C:0.34694    A:0.19133    G:0.22704
Average         T:0.23895    C:0.25255    A:0.29762    G:0.21088

#3: Smik           
position  1:    T:0.19388    C:0.16837    A:0.36224    G:0.27551
position  2:    T:0.28316    C:0.19643    A:0.36224    G:0.15816
position  3:    T:0.30867    C:0.27041    A:0.22449    G:0.19643
Average         T:0.26190    C:0.21173    A:0.31633    G:0.21003

#4: Spar           
position  1:    T:0.19643    C:0.16837    A:0.36735    G:0.26786
position  2:    T:0.28316    C:0.19643    A:0.36735    G:0.15306
position  3:    T:0.33673    C:0.25765    A:0.23724    G:0.16837
Average         T:0.27211    C:0.20748    A:0.32398    G:0.19643

#5: Ncas           
position  1:    T:0.23469    C:0.17857    A:0.32143    G:0.26531
position  2:    T:0.27296    C:0.20918    A:0.35714    G:0.16071
position  3:    T:0.38520    C:0.17347    A:0.25765    G:0.18367
Average         T:0.29762    C:0.18707    A:0.31207    G:0.20323

#6: Cgla           
position  1:    T:0.22959    C:0.19133    A:0.32398    G:0.25510
position  2:    T:0.26020    C:0.20918    A:0.36480    G:0.16582
position  3:    T:0.23980    C:0.31888    A:0.17347    G:0.26786
Average         T:0.24320    C:0.23980    A:0.28741    G:0.22959

#7: Agos           
position  1:    T:0.18878    C:0.21684    A:0.28316    G:0.31122
position  2:    T:0.26276    C:0.21173    A:0.37245    G:0.15306
position  3:    T:0.15051    C:0.41582    A:0.09949    G:0.33418
Average         T:0.20068    C:0.28146    A:0.25170    G:0.26616

#8: Klac           
position  1:    T:0.21684    C:0.19388    A:0.31122    G:0.27806
position  2:    T:0.25765    C:0.20918    A:0.38010    G:0.15306
position  3:    T:0.34184    C:0.20918    A:0.29337    G:0.15561
Average         T:0.27211    C:0.20408    A:0.32823    G:0.19558

#9: Calb           
position  1:    T:0.28571    C:0.14796    A:0.31633    G:0.25000
position  2:    T:0.25510    C:0.18622    A:0.39796    G:0.16071
position  3:    T:0.45408    C:0.13010    A:0.32143    G:0.09439
Average         T:0.33163    C:0.15476    A:0.34524    G:0.16837

Sums of codon usage counts
------------------------------------------------------------------------------
Phe F TTT      44 | Ser S TCT      48 | Tyr Y TAT     141 | Cys C TGT      11
      TTC      36 |       TCC      50 |       TAC     176 |       TGC       5
Leu L TTA      71 |       TCA      27 | *** * TAA       0 | *** * TGA       0
      TTG      86 |       TCG      34 |       TAG       0 | Trp W TGG      45
------------------------------------------------------------------------------
Leu L CTT      13 | Pro P CCT      19 | His H CAT      66 | Arg R CGT      47
      CTC      19 |       CCC      25 |       CAC      70 |       CGC       6
      CTA      42 |       CCA      37 | Gln Q CAA     115 |       CGA      17
      CTG      65 |       CCG      20 |       CAG      66 |       CGG       5
------------------------------------------------------------------------------
Ile I ATT      84 | Thr T ACT      92 | Asn N AAT      62 | Ser S AGT      35
      ATC      97 |       ACC      70 |       AAC      91 |       AGC      53
      ATA      62 |       ACA      40 | Lys K AAA      90 | Arg R AGA     114
Met M ATG     146 |       ACG      21 |       AAG     102 |       AGG      19
------------------------------------------------------------------------------
Val V GTT      72 | Ala A GCT     113 | Asp D GAT      87 | Gly G GGT     135
      GTC      49 |       GCC      88 |       GAC      79 |       GGC      37
      GTA      20 |       GCA      17 | Glu E GAA     115 |       GGA      12
      GTG      42 |       GCG      19 |       GAG      43 |       GGG      16
------------------------------------------------------------------------------


Codon position x base (3x4) table, overall

position  1:    T:0.21939    C:0.17914    A:0.33390    G:0.26757
position  2:    T:0.26871    C:0.20408    A:0.36933    G:0.15788
position  3:    T:0.30300    C:0.26956    A:0.22080    G:0.20663
Average         T:0.26370    C:0.21759    A:0.30801    G:0.21070

Codon frequencies under model, for use in evolver (TTT TTC TTA TTG ... GGG):
  0.01639344  0.01639344  0.01639344  0.01639344
  0.01639344  0.01639344  0.01639344  0.01639344
  0.01639344  0.01639344  0.00000000  0.00000000
  0.01639344  0.01639344  0.00000000  0.01639344
  0.01639344  0.01639344  0.01639344  0.01639344
  0.01639344  0.01639344  0.01639344  0.01639344
  0.01639344  0.01639344  0.01639344  0.01639344
  0.01639344  0.01639344  0.01639344  0.01639344
  0.01639344  0.01639344  0.01639344  0.01639344
  0.01639344  0.01639344  0.01639344  0.01639344
  0.01639344  0.01639344  0.01639344  0.01639344
  0.01639344  0.01639344  0.01639344  0.01639344
  0.01639344  0.01639344  0.01639344  0.01639344
  0.01639344  0.01639344  0.01639344  0.01639344
  0.01639344  0.01639344  0.01639344  0.01639344
  0.01639344  0.01639344  0.01639344  0.01639344


TREE #  1:  (((((1, 4), (3, 2)), 5), 6), ((7, 8), 9));   MP score: 1277
This is a rooted tree.  Please check!
lnL(ntime: 16  np: 18):  -7398.538642      +0.000000
  10..11   11..12   12..13   13..14   14..1    14..4    13..15   15..3    15..2    12..5    11..6    10..16   16..17   17..7    17..8    16..9  
 0.133730 0.137533 0.454413 0.057112 0.136662 0.119957 0.000004 0.215417 0.691872 1.033831 1.408750 0.153883 0.123322 1.031688 0.903284 2.524236 1.732564 0.096641

Note: Branch length is defined as number of nucleotide substitutions per codon (not per neucleotide site).

tree length =  9.125695

(((((1: 0.136662, 4: 0.119957): 0.057112, (3: 0.215417, 2: 0.691872): 0.000004): 0.454413, 5: 1.033831): 0.137533, 6: 1.408750): 0.133730, ((7: 1.031688, 8: 0.903284): 0.123322, 9: 2.524236): 0.153883);

(((((Scer: 0.136662, Spar: 0.119957): 0.057112, (Smik: 0.215417, Sbay: 0.691872): 0.000004): 0.454413, Ncas: 1.033831): 0.137533, Cgla: 1.408750): 0.133730, ((Agos: 1.031688, Klac: 0.903284): 0.123322, Calb: 2.524236): 0.153883);

Detailed output identifying parameters

kappa (ts/tv) =  1.73256

omega (dN/dS) =  0.09664

dN & dS for each branch

 branch          t       N       S   dN/dS      dN      dS  N*dN  S*dS

  10..11     0.134   854.6   321.4  0.0966  0.0125  0.1297  10.7  41.7
  11..12     0.138   854.6   321.4  0.0966  0.0129  0.1334  11.0  42.9
  12..13     0.454   854.6   321.4  0.0966  0.0426  0.4409  36.4 141.7
  13..14     0.057   854.6   321.4  0.0966  0.0054  0.0554   4.6  17.8
  14..1      0.137   854.6   321.4  0.0966  0.0128  0.1326  11.0  42.6
  14..4      0.120   854.6   321.4  0.0966  0.0112  0.1164   9.6  37.4
  13..15     0.000   854.6   321.4  0.0966  0.0000  0.0000   0.0   0.0
  15..3      0.215   854.6   321.4  0.0966  0.0202  0.2090  17.3  67.2
  15..2      0.692   854.6   321.4  0.0966  0.0649  0.6713  55.4 215.8
  12..5      1.034   854.6   321.4  0.0966  0.0969  1.0030  82.8 322.4
  11..6      1.409   854.6   321.4  0.0966  0.1321  1.3668 112.9 439.4
  10..16     0.154   854.6   321.4  0.0966  0.0144  0.1493  12.3  48.0
  16..17     0.123   854.6   321.4  0.0966  0.0116  0.1196   9.9  38.5
  17..7      1.032   854.6   321.4  0.0966  0.0967  1.0010  82.7 321.8
  17..8      0.903   854.6   321.4  0.0966  0.0847  0.8764  72.4 281.7
  16..9      2.524   854.6   321.4  0.0966  0.2367  2.4491 202.3 787.2

tree length for dN:       0.8557
tree length for dS:       8.8539


Time used:  0:11
