      9   1182

Scer                            TTT CTG AAG CAA TCG TTA ATT AAG GAC ATT CCC TCA TCT TCT TTG TAC AAT ACC AAT AAG GAA ACC GGT AGA TGT ATG TTA AAA TTG TAT GTA ACA GGT GGT GGC ACT CCA GAA CCT CAA TAC CCA GAG GCT AGG AGG AAC GAA TTT AGG ACC ACG TCT AAA AGG ATT GCC GTA CTG CCT TTG AGT ACA GCA AGA ATT ATG AAA TTG GTT TGT CTT GGT TTC TTC GTT ACT CCC AAC GAG ATT AGT ATC AAT AAG AAG TTA AAG CAG GAG GCC GAC AAG GGT CTT GGT ATT GAT GCA TAT ACA ATA AGG GCT ACT AAG GAA GAC ACT GCC GGT GGT CCT TTT GTT TAC GCT TAC CTT CTG GCT TCT CAA TTC TCT TAT CCT GGT GAT TAT TTG GAT CCA AGG GCT GGT AGA TTG CTG AGA TCT AAT AAC TCA AAG GCA ACC TAC GCC ACG GGT GCT GTT TTA GAG CAA AGA CTG ATT AAA AAT TAC TAC ATT CTG CCT ACC GAA GGT AGA CTT TAC TGT TAC AGG GCA TCT AAG ACT ACT AAG AAA GTA CGT GGA AGG TTT ACC TTG AAA CAT GAG AGG ATT TTA ACT GGT GAG TCA ATG ATC GGT ACT TCA TCT GCG CAA AAT TCC GCC TTA CCT GTA ATG AAC GTT GCT TCT GAG CCG CAT GAA GCG GGA CCT ATT TCG ATT GAG GAG GTG CTT TCT AGG GCT GGT TCT GAA AAG AAG CTG CGT TCG GAG GCT GGT CAA GCT ACT ACA GGA ACT TAC TTA AAT AAG GAT GCA ACG GAA TTG CAC TTC CCT GTT TTC GGT ATT GCA GGT ACC ATG GAG AAT AAG GAC CCC CAT TAT TCA TAT ATT TTA GCC TAC TTC GTT AAA ATC ATT TAC CAA CAT CTG TTT AGG GCA GGC CTT CAT GTT GGT TAT TAT GCT GCT GAA GCC AAA AAT GGA GCT GCC GGT GAA TTC CAG GCC GCA GCT TGT CAA ATC AAC TTA GTG TCT CAC CCT CCT GTG TCC ACT TAC TCA GAT ACC TCC GGC AGA AAT AAT CAT GGT AGA GAA AAT GAA CTT TCA TCG GGT TGT ATG TAC GTG TTG CCC ATG TAC TCT TAC GAA GAG GAT GGC GGT ATG GAT TCT GGA ATT CCT AGA GGT GAC TTA ATT CCC TCT GTT GAT GCC CTT ACC ACT AAT GCT TCT TAT AGA GCC ATT CTG 
Sbay                            TTC TTA AAG CAA TCG TTG ATT AAG GAT ATT CCC TCG TCT TCC TTG TAC AAT ACA AAT AAG GAA ACG GGT AGA TGT ATG TTA AAG CTG TAC ATT ACA GGT GGT GGT ACT CCA GAA CCA CAG TAC CCA GAA GCC AGA AGA AAC GAA TTC AGG ACC ACG TCT AAG CGT ATA GCC ATT TTA CCT TTG AGT ACA GCT AGA ATT ATG AAG CTA GTC TGT TTA GGT TTC TTT GTC TCT CCC AAC GAG ATT AGC GTT AAT AAG AAA TTG AAG CAG GAG GCC GAT AAG GGT TTA GGC ATT GAC GCT TAC ACA ATA CGT GCT ACT AAG GAA GAC ACC GCC GGT GGT CCT TTT GTT TAC GCC TAC CTA TTA GCC TCC CAA TTT TCT TAT CCT GGG GAC TAC TTG GAC CCA AGA GCT GGT AGA CTG TTG AGA TCT AAC AAC TCA AAG GCA ACA TAT GCT ACG GGT GCT GTC TTG GAC CAA AGA TTA ACT AAG AAC TAC TAT ATT TTG CCT ACC GAA GGT AGA TTA TAC TGT TAC AGA GCA GCC AAG ACT ACA AAG AAA GTG CGT GGC AGA TTC ACC TTG AGA CAC GAG AGA ATT TTA ACC GGT GAC TCA ATG ATA GGT ACT TCA TCT GCT CAA AAC TCG GCT TTG CCT GTG ATG AAT GTT GCT TCC GAG CCA CAC GAA GCT GGA CCT ATT CCA ATC GAG GAA GTG CTA TCT AGA GCT GGT TCC GAA AAA AAA TTG CGT TCG GAG GCT GGT CAG GCT ACT ACA GGA TCT TAT CTG AAC AAG GAC GCT ACG GAA CTA CAC TTT CCT GTG TTC GGT ATC GCT GGT TCT ATG GAC AAC AAG GAT CCC CAC TAC TCA TAC ATC TTA GCA TAC TTC GTA AAA GTC ATT TAC CAA CAC TTG TTT AGA GCA GGC CTG CAC GTC GGG TAC TAT GCC AGT GAA GCA AAG GAT GGT GCC GCT GGT GAA TTC CAG GCA ACA GCC TGC CAG GTT AAT TTA GTG TCC CAC CCT CCA GTG TCG ACT TAC TCG GAC ACA TCT GGC AGA CAT GAT CAC GGG CGA GAA AAT GAA CTT TCG CCA GGT TGT ATG TAC GTG TTG CCC ATG TAC TCC TAC GAA GAG GAT GGT GGT ATG GAT TCT GGT ACT CCA CGG GGT GAT TTA ATC CCA TCT ATC GAT GCC CTT ACC ACA AAT GCT TCC TAT AGG GCC ATT TTA 
Smik                            TTC TTA AAG CAA TCA TTA ATT AAG GAT ATT CCC TCG TCT TCT TTG TAT AAT ACT AAC AAG GAA ACC GGT AGA TGC ATG TTA AAA TTG TAC GTC ACG GGT GGC GGT ACC CCA GAA CCA CAA TAC CCA GAA GCC AGA AGA AAT GAA TTC AGG ACT ACA TCG AAA AGG ATT GCA GTC TTA CCT TTA AGT ACA GCT AGA ATT ATG AAG TTG GTT TGT CTT GGT TTC TTT GTT ACT CCC AAC GAA ATT AGC ATT AAC AAG AAA TTA AAG CAG GAG GCC GAC AAA GGT CTA GGT ATT GAC GCA TAT ACA ATA AGG GCT ACT AAG GAA GAT ACT GCC GGT GGT CCT TTT GTT TAC GCT TAC CTA TTA GCT TCT CAA TTC TCC TAT CCT GGT GAC TAT TTA GAT CCA AGA GCT GGT AGG TTG TTG AGA TCC AAC AAC TCA AAA GCC ACT TAC GCC ACA GGG GCT GTT TTA GAG CAA AGG TTA ATT AAA AAC TAT TAC ATT TTG CCT ACC GAA GGT AGA CTT TAC TGT TAT AGA GCC TCC AAG ACT ACT AAG AAA GTG CGT GGA AGA TTT ACT TTA AAA CAT GAA AGA ATT TTA ACT GGA GAG TCA ATG ATA GGT ACT TCA TCT GCA CAG AAC TCC GCC CTG CCT GTG ATG AAT GTT GCT TCT GAA CCA CAT GAA GCA GGA CCT ATT TCT ATC GAA GAA GTG CTA TCC AGA GCT GGT TCT GAA AAA AAA TTG CGT TCA GAA GCT GGT CAA GCT ACG ACA GGA ACT TAT TTA AAC AAG GAT GCT ACA GAG TTG CAC TTT CCT GTT TTC GGT ATC GCA GGT ACC ATG GAG AAT AAG GAC CCC CAT TAT TCA TAT ATA TTA GCC TAC TTC GTT AAA ATT ATC TAC CAA CAT TTG TTT AGA GCT GGC CTA CAC GTT GGT TAC TAT GCT ACT GAA GCC ACG AAT GGA GCT GCT GGT GAG TTC CAG GCC GCA GCC TGT CAA ATT AAC TTG GTA TCT CAC CCT CCC GTG TCC ACG TAC TCG GAT ACT TCC GGC AGG GAT AAT CAT GGT AGG GAA AAT GAA CTT TCG TCT GGA TGT ATG TAC GTT CTA CCC ATG TAC TCT TAT GAG GAA GAT GGT GGT ATG GAT TCT GGA ATT CCA AGA GGT GAT TTA ATC CCC TCG ATT GAT GCC CTT ACC ACT AAT GCT TCT TAT AGA GCC ATC TTA 
Spar                            TTC TTG AAG CAA TCT TTA ATC AAG GAT ATT CCC TCA TCT TCT TTA TAT AAT ACG AAT AAG GAA ACC GGT AGA TGT ATG TTA AAA CTG TAC ATT ACG GGT GGT GGT ACT CCA GAA CCA CAA TAT CCA GAA GCT AGA AGA AAC GAA TTT AGG ACT ACG TCT AAA CGT ATA GCA ATT TTG CCT TTG AGT ACA GCA AGA ATT ATG AAA CTG GTT TGT CTT GGT TTC TTC GTT ACT CCC AAT GAG ATC AGC ATC AAT AAG AAG TTA AAG CAA GAG GCC GAC AAG GGT CTA GGT ATC GAT GCA TAC ACA ATA CGT GCT ACT AAG GAA GAC ACT GCC GGT GGT CCC TTC GTC TAC GCT TAC CTT TTG GCT TCT CAG TTC TCT TAC CCT GGT GAT TAC TTG GAC CCA AGA GCT GGT AGG CTG CTG AGA TCT AAT AAT TCA AAA GCA ACG TAC GCC ACA GGT GCT GTT TTA GAT CAA CGG TTG ATT AAA AAT TAC TAC ATT TTG CCT ACC GAA GGT AGA CTT TAC TGT TAC AGG GCA GCA AAG ACT ACC AAG AAA GTG CGT GGA AGA TTT ACT TTG AGG CAT GAG AGG ATT TTA ACT GGT GAT TCA ATG ATT GGT ACT TCA TCT GCT CAG AAT TCT GCC TTA CCT GTG ATG AAT GTT GCT TCT GAA CCG CAT GAA GCT GGA CCT ATC CCA ATT GAG GAA GTG CTT TCT AGA GCT GGT TCT GAA AAG AAG TTG CGT TCG GAA GCT GGT CAA GCT ACT ACA GGA ACT TAT TTA AAT AAG GAT GCA ACA GAA CTG CAC TTC CCT GTT TTC GGT ATC GCA GGT ACC ATG GAT AAT AAG GAT CCC CAT TAC TCA TAT ATT TTA GCA TAC TTC GTA AAA ATC ATC TAT CAA CAT CTG TTC AGA GCA GGC CTG CAC GTT GGT TAC TAT GCT GCT GAA GCA AAC GAT GGG GCT GCC GGT GAA TTC CAG GCA ACA GCT TGT CAA ATC AAC TTG GTT TCT CAC CCT CCG GTG TCT ACT TTT TCA GAC ACG TCC GGC CGG CAT GAT CAC GGT AGA GAA AAT GAA CTT TCA CCA GGT TGT ATG TTT GTG TTA CCC ATG TAC TCT TAC GAA GAA GAT GGT GGT ATG GAT TCT GGG ATT CCA AGA GGT GAT TTA ATC CCA TCT GTT GAT GCC CTT ACC ACC AAT GCT TCT TAT AGG GCC ATC TTG 
Ncas                            TTC TTA CAA CAA TCA CTA ATC AAG GAC GTG CCC CCT TCC GGT ATT TAT AAC ACT AAC AAA GAG ACT GGT AGA TGT ATG TTA AAA TTG TAT GTT ACT GGT GGT GGT ACC CCA GAG CCA CAG TAT CCA GAA GCA AGA AGA AAT GAG TTC AGA ACT ACT TCT CGT CGT ATA TCA GTT TTA CCA TTG GCT ACG GCC AGA ATT ATG AAG CTT GTT TGC TTC GGT TTC TTC GTG AGT CCC AAT GAA ATC TGT ATT AAC AAG AAG CTA AAG CAA GAG GCA GAT AAA GGT TTA GGT ATC GAT GCT TAC ACG ATT CGT GCA ACT AAG GAG GAC ACA GCA GGT GGT CCA TTT GTG TAC GCT TAC CTA TTA GCA TCC CAA TTT CCC TAT CCA GGG GAT TAC CTA GAT CCA AGA GCC GGT AGA TTG TTG AGA CCC AAT AAT TCA AAG GCT ACT TAC GCC ACG GGT GCC GTG CTA GAT CAA AGA TTA ATT CGT AAT TAT TAC GTT TTA CCT ACG GAA GGT AGA TTC TAC TGC TAT AGA GCT GCT AAA ACT GTG AAG AAG GTT CGT GGT AGA TTC ACT CTA AAA CAT GAA AGA ATT TTG ACA GGT GAT TCA ATG ATT GGT ACT TCA TCT GGG CAG AAT TCA GCT CTT CCT GTT ATG AAC GTA GCC TCC GAC CCA CAT GAG GGG GGA CCC ATC TCT ATT GAA GAA GTG CTA CCC AGA GCC GGT GGT GAA AAG AAG TTA CGT TCC GAC GCA GGT CAA GCC ACT ACT GGA AGT TAT CTT AAT AAA GAT GCC ACG GAG CTT CAT TTC CCA GTC TTC GGT GTT GCT GGT TCA ATG GAT ACT AAG GAC CCC CAT TAC TCA TAC ATT TTA GCA TAC TTC GTC AAA GTT GTC TAT CCA CAT TTG TTT AGA GCT GGA TTG AAC GTT GGG TAT TAT GCT ACT GAA GCA AGG GAT GGG GCT GCC GGT GAG TTC CAA GCA AAT GCA TGC CAA ATT AAT ATC GTG GGT CAT CCA CCA GTT TCA ACT TTC CCT AAC ACT TCC GGA AGA GAT GAT CAT GGG AGG GAA AAT GAA CTT CCT TCT GGT TGC ATG TTC GTT ATT CCC ATG TAT TCC TAT GAG GAC GAT GGT GGT ATG GAT TCT GGG ATT CCA CGA GGT GAT TTG GTT CCA TCT ATT GAC GCA CTT ACT GTG AAC GCA TCC TAT AGA GCC GTC TTA 
Cgla                            TTC CTA GAT CAG TCG CTG ATT AAG GAT AGA CCC CCA TCT GGT ATT TAC AAC ACC AAC AAA GAA ACA GGT AGA TGT ATG CTG AAG TTG TAT GTT ACG GGT GGT GGT ACG TCT AAG CCA CAA TAT TCT GAA GCT AGA CGT AAT AAG TTC AGA ACA ACT ACC CGT CGT ATC GCA GTT CTA CCA CTG GCT ACA GCA AGA ATC ATG AGA TTG GTT TGC TTG GGT TTC TTC GTG ACT CCA AAT GAG ATT TGT ATC AAC AAG AAG CTG AAG CAG GAA GCT GAC AAA GGT CTT GGT ATT GAT GCG TAC ACA ATT CGT AGT ACC AAG GAG GAC ACC GCT GGT GGT CCA TTC GTT TAT GCT TAC CTA TTG GCG TCC CAA TTC TCC TAC CCA GGT GAT TAC CTG GAT TCT AAG GCT GGT AGA TTG CTG AGA TCC AAT AAT TCG AAG GCT ACC TAC GCG ACT GGA GCT GTG CTG GAG CAG AGA CTA GTT CGT AAC TAT TAC ATT TTG CCA ACA GAA GGT AGA TTG TAC TGC TAC AGA GCT TCC AAG ACC AAC AAG AAA GTT CGT GGT AAG TTT ACA TTG AAG CAC GAG AGA ATC TTG ACC GGT GAG TCG ATG ATC GGT ACC TCG TCG GCT CAG AAT TCT GCA CTA CCA GTT ATG AAT GTC GCT TCT CAA CCA CAC GAA GCT GGT CCA ATT CAC ATT GAG GAA GTT CTA TCC AGA GCT GGT GGT GAG AAG AAG TTG AGG TCT CAA AGT GGT CAA GCT ACT ACT GGT ACT TAC CTA AAT AAG GAC GCA ACT GAA TTG CAC TTC CCA GTC TAC GGT ATA GCG GGT ACT ATG GAG AAC AAG GAT CCA CAC TAC TCG TAC ATC CTG GCC TAT TTC GTT AAG CTG ATT TAT CAG CAT CTG TTC CGT GCT GGT TTG CAT GTT GGT TAT TAC GCT ACT GAA GCC AGA AAC GGC GCT GCT GGT GAA TAC CAG GCC TCC GCT TGC CAA ATC AAC CTG GTT GGT CAC CCA CCA TAT TCT ACT TTC CCA GAC ACC TCC GGT AGA AAC AAC CAC GGT AGG GAA AAC GAG TTG CCA CAC GGT TGC ATG TTC GTG TTG CCC ATG TAC TCT TAC GAA CAA GAT GGT GGT ATG GAT TCG GGC GTT CCA CGT GGT GAC TTG ATA CCA ACC ATC GAT GCT TTG ACC AAC AAC AGT TCC TAC CGT GCC ATT TTG 
Agos                            TTT CTG CAG CAG TCG CTG ATC AAA GAT GTG CCG CCG TCC GGC ATA TAC AAT ACT AAC AAG GAG ACG GAT CGA TGC ATG CTG AAG TTG TAC GTA ACT GGT GGA GGC ACC CTC GAG CCA CAC TAC CTC GAG GCT AGG AGA AAC GAG TTC AGA ACG ACG ACA CGC CGT TTG TCA GTA CTG CCT CTG GGC ACC GCA CGA ATC ATG AAG TTT ACC TGC CTG GGT TTC TTC GTT ACG CCG AAT GAG ATC TGT AGC AAC AAG AAA CTG AAG CAG GAG GCG GAC AAG GGA CTC GGC ATC GAT GCG TAC ACC ATT CGT GCG ACC AGA GAG GAC ACC GCG CAT GGC CCT TTT GTC TAC GCC CAG CTG TTG TCG TCG CAG TAC TCG TAC CCT GGC GAT TAC CTA GAT CTC CGT GCG GGC CGA TTG TTG AGA TCG AAT AAT TCG CAC GCA ACT TAC GCG ACG GGA GCT GTT CTG GAG CAG CGA CTG ATC CGC AAT TAC TAC ATT CTA CCT ACC GAG GGC CGA CTG CAG TGC TTC CGT GCA GCT AAG ACC ACC AAG AAG GTC CGC GGT CGT TTC ACG CTG AAA CAC GAA CGT ATC TTG ACC GGC GAG TCG ATG ATC GGC ACC TCG TCG GCA CAG AAT TCG GCG CTG CCT GTC ATG AAC GTG GCG AGC GAC CCT CAC GAG GCA GGT CCC ATC TCC ATC GAG GAG GTC CTG TCG AGG GCT GGC GGC GAG AAA AAA CTA CGC TCC GAC GCG GGG CAG GCG ACT ATC GGT ACG TAC ATG AAT AAA GAC GCA ACG GAG TTT CAC TTC CCT GTG TTT GGG ATC GCG GGT ACG ATG GAG AGC AAG GAC CCG CAC TAC TCG TAC ATC CTG GCG TAC TTC GTT CGG ATC ATT TAC AAG CAC TTG TTT AGA GCC GGT CTC CGC ACC GGG TAC TAC GCC ATG GAG GCG CGG GAT GGT GCC GCG GGT GAG TTT TGG GCG ACT GCT TGC CAG AGC AAC CTG GTG GGC CAC CCA CCT TCG TCG ACT TAC CCG AAC ACT TCC GGT CGA AAG GAT CAC GGC CGG GAG AAC GAA CTG CCG TCC GGC TGC ATG TAC GTG GTA CCG ATG TAC AGC TTC GAG GAC CAC GGC GGC ATG GAC TCG GGT ATC CCA CGG CAT GAT TTG ATC CCA ACA ATC GAC GCG CTG ACT ACC AAT GCG TCG TAC CGG GCG ATT TTG 
Klac                            TTC CTA GGA CAA TCT CTA ATC AAA GAT GTC CCT CCT TCC GGT ATT TAT AAT ACA AAC AAA GAA ACC GGA AGA TGT ATG TTA AAG TTC TAC GTA ACT GGT GGT GGG ACA GTG GAG CCA CAC TAC GTG GAA GCA AAG AGA AAC GAG TTC CGT ACC ACC TCT AGA CGT ATC TCT GTA CTA CCT TTA GGA ACT GCT AGA ATT ATG CGC TTT ACG TGT TTG GGT TTT TTC GTT ACT CCT AAC GAG ATC AGT ATT AAC AAG AAA CTA AAG CAA GAA GCT GAC AGA GGT TTA GGG ATC GAT GCT TAC ACT GTT CGT GCG ACA AAA GAA GAT ACA GCT GGT GGT CCT TTT GTT TAT GCC TAT CTT TTG TCG TCA CAA TAC TCA TAT CCT GGG GAT TAC TTG GAT GTG AGT GCT GGT AGA TTC TTG AGA TCA AAC AAC TCG AAG GCT ACA TAC GCG ACT GGG GCC GTT CTA GAA CAG AGA CTA ATC AGA AAT TAC TAC GTT TTG CCT ACT GAG GGT AGA TTG TAT TGT TTC CGT GCT CAA AAA ACA ACT AAG AAG GTC CGT GGT AGT TTC ACC TTG AAA CAC GAG CGT ATT TTG ACA GGT GAA TCG ATG ATC GGT ACA TCG TCC GCA CAG AAC TCA ACG TTA CCT GTC ATG AAT GTG GCT TCT GAT CCG CAC GAA GCA GGT CCT ATC TCA ATC GAG GAA GTA CTT TCA AAG GCC GGT GGT GAA AAA AAA TTG CGT TCT GAT GCG GGA CAG GCT ACT AAC GGT ACT TAC ATG AAC AAA GAT GCT ACT GAA TTT CAT TTC CCT GTG TTC GGT ATC GCT GGT ACA ATG GAA AAC AAA GAC CCT CAC TAC TCG TAC ATT TTA GCC TAT TTC GTG AAA ATT ATT TAC CAG CAT TTG TTT AGA AGT GGT CTT CAT ACG GGT TAC TAC GCC ACC GAA GCC AAA AGC GGG GCC GCT GGG GAA TTC CAA GCC CAA GCA TGT CAG ATT AAC CTT GTC GGT CAT CCC CCA TCA TCA ACT TAT CCT GAT ACA GCT GGT AGA AAA AGC CAC GGG CGT GAG AAC GAG TTG CCT TCA GGT TGT ATG TAT GTG CTA CCT ATG TAC TCT TTC GAA GAT GAT GGG GGT ATG GAT TCC GGG ATC CCA AGA GGT GAT TTG ATC CCA TCT ATG GAC GCT TTG ACC ACT AAT GCG TCA TAT AGG GCC ATT TTG 
Calb                            TTT TTG GAT CAA AGT CTT GTT AAA GAG CGT CCT GGA TCA GGA GAA TAT GCT TCC AAT AAA GAA GCA GGG AGA ACT ATG TTA AAG ATT TAT ATA ACT GGT GGT GGG ACG GAA GAA CCA CAT TAT GAA GAA GCA AGA AGA GGT GAA TTC AAA ACT ACA GGT AAG CGT TTA TCT ATA TTG CCA TTG TCA TTT GCT AGA ATT ATG AAA TTT ACT TGT TTA GGT ATG ATT GTT ACT CCA AAC GAG GTT TCA TGT AAT AAA AAA CTT AAA CAA GAA GCG GAC AAA GGA TTA GGT GTT GAT ATG TCG TTT TTT CGT GCT TCG AGA GAG GGA AGT GCG TGT GGT CCA TTT ATT TAT GCG AAA CTT TTG TCA TCT CAG TAC TCT TAT CCA GGT GAT TCG TTG GAT GAA GAT GCA GGT AGA ATT TTA AGA TCT AAC AAC TCG GAA GCC TCC TAT TCT ACT GGT GCC GTT CTT GAG TCG AGA TTG TTG AAG AAT TAC TAT ACC TTG CCT ACC GAA GGT AGA TTA AAA TGT TTT AGA GCC CAA AAA TCG CCA AAA AAA GTT CGT GGT GAT TTC ACT CTC AGA CAC GAA AGA ATT TTG AGT GGG GAG TCG ATG ATC GGT TCG TCG TCA GCA CAA AAC TCC GCC TTG CCT GTT ATG TTT GTT GCA AGT GAT CCA CAC GAA GCA GGT CCA GTT CCA TTG GAG GAA GTT CTT TCT AGA GCC GGT GGA GAA AAA AAA TTG AGA TCT GAT GCT GGT CAG GCA GTG ACG GGT ACT GTG TTA AAC AAA GAC GCT ACT GAA TTT CAT ATT CCA GTC TTC GGG AAA ATG GGT ATA ATG GAG TCA AGA GAC CCA CAC TCG TCG TAT ATA TTA GCT TAT TTC ATT GAT ATT GTA TAT CAA CAA TTA TTT AGA ACA GGT TTA AAT ACT GGA TAT TAC GCG CTT GAA GCT AAA ACT GGT GCG GCA GGT GAA TTC CAA GCT AAG GCA TGT CAG TGT AAT ATT GTT GGA CAT CCA CCT AGT TCC GTG TAC GGA GAT TCC CAA GGT AGA GGT ACT CAT GGT AGA GAA AAC GAA TTA GGA CCA GGG TGT ATG TAC ATC GTT CCT ATG TAC AGT TTT GAA GAT GAT GGG GGT ATG GAC TCA GGT TTG CCA AGA TGT GAT TTG AAA GTT GGT ATA GAT GCG TTA ACC CCA GCT GCT TCT TAT AGA GCA GTA TTG 



Printing out site pattern counts


         9        744  P

Scer                            AAA AAA AAA AAA AAA AAA AAA AAC AAC AAC AAC AAG AAG AAG AAG AAG AAG AAG AAG AAG AAG AAG AAT AAT AAT AAT AAT AAT AAT AAT ACA ACA ACA ACC ACC ACC ACC ACC ACC ACG ACG ACT ACT ACT ACT ACT ACT AGA AGA AGA AGA AGA AGA AGA AGG AGG AGG AGG AGG AGG AGT AGT ATA ATC ATC ATC ATG ATT ATT ATT ATT ATT ATT ATT ATT ATT ATT CAA CAA CAA CAA CAA CAA CAA CAC CAG CAG CAT CAT CAT CAT CCA CCC CCC CCC CCG CCT CCT CCT CCT CCT CCT CCT CGT CGT CTG CTG CTG CTG CTT CTT CTT CTT CTT GAA GAA GAA GAA GAA GAA GAA GAA GAC GAC GAC GAC GAC GAG GAG GAG GAG GAG GAG GAT GAT GAT GAT GAT GAT GAT GCA GCA GCA GCA GCA GCC GCC GCC GCC GCC GCC GCC GCG GCT GCT GCT GCT GCT GCT GCT GGA GGA GGA GGC GGC GGT GGT GGT GGT GGT GGT GGT GGT GGT GGT GGT GGT GGT GGT GTA GTA GTG GTG GTG GTG GTT GTT GTT GTT GTT GTT GTT TAC TAC TAC TAC TAC TAC TAC TAC TAC TAC TAT TAT TAT TAT TAT TAT TCA TCA TCC TCC TCG TCG TCG TCT TCT TCT TCT TCT TCT TCT TCT TGT TGT TGT TTA TTA TTA TTA TTA TTA TTC TTC TTC TTC TTC TTG TTG TTG TTG TTG TTG TTG TTT TTT TTT TTT 
Sbay                            ... ... ..G ..G ..G ..G .G. ... ... ..T ..T ..A ... ... ... ... ... ... ... ... ... ... ..C ..C ..C ... ... ... C.. G.. ... ... ... ..A ... ... ... ..G T.T ... ... ..A ..C ... ... ... T.. ... ... ... ... ..G C.. C.G ..A ..A ..A ..A ... C.T ..C ... ... ..A G.. G.T ... .C. ..A ..C ..C ..C ... ... ... ... ... ... ... ... ... ... ..G ..G ... ... ... ..C ..C ..C ..C ... ..A ... ... ..A ..A ..A ... ... ... ... ... ... ... T.A T.A T.. T.. ..A ..G ... T.A T.A ... ... ... ... ... ... ... ... ... ..T ..T ..T ..T ..A ..C ... ... ... ... ..C ..C ..C ..C ... ... ... A.. ... ... ..T ..T ..A ... ... ... ..T ..T ..T ..T AG. ..C ..C ..C ... ... ... ... ..C ..T ... ..T ..C ..G ..G ... ... ... ... ... ... ... ... ... ... ... A.T ..G ... ... ... ... A.C ..A ..C ..C ..G ... ... ... ... ... ... ... ... ... ... ..T ..T ..C ..C ..C ... ... ... ... ..G ..G ..T C.A ... ... G.C ..C ..C ..C ... ... ... ... ..C ... ... C.G ... ... ... ..G ..G ... ... ... ..T ..T C.A C.. ... ... ... ... ... ..C ..C ..C ... 
Smik                            ... ... ... ... ..G .CG ... ... ..T ... ..T ..A ..A ..A ... ... ... ... ... ... ... ... ..C ..C ... ..C ... ... G.. ... ... ... ..G ..T ... ... ..T ... ... ..A ..A ... ... ..C ..G ... ... ... ... ..G ..G ... ..G ... ..A ..A ..A ..A ... ... ..C ... ... ..A ..T ..T ... ... ... ..A ..C ..C ..C ... ... ... ... ... ... ... ... ..G ... ... ... ... ... ..C ... ... ... ... ... ... ... ..A ..A ..C ... ... ... ... ... ... ... T.A T.A T.. T.. ..A ..A ... ..A ... ... ... ... ... ... ... ... ..G ..T ... ... ..T ..T ..A ... ..A ..A ..A ... ..C ... ... ... ... ... ... ... ..C ..T ... ..T ... ..A ... ... ... ... ..T ..A A.. ..C ... ... ... ... ... ... ... ... ... ..T ... ... ... ..A ..C ..G ... ... ... ... ... ... ... ... ..C ..G ..A ... ... ..T A.. ... ... ... ... ... ... ... ... ... ... ... ..T ..T ..T ... ..T ..C ... ... ... ... ... ... ..G ... ... ..T ..A ..A ..C ... ... ... ..C ..G ... ... ... ..C ... ... ... ... ..G C.G ... ... ... ... ... ..T ... ... C.A ..A ..A ..A ... ..C ..C ... ... 
Spar                            ... ... ... ... ... ..C .GG ..T ... ... ..T ... ..A ... ... ... ... ... ... ... ... ... ... ... ... ... ... ... C.. G.. ... ... ..G ..G ... ... ..T ... ... ..A ... ..C ... ... ... ... ... ... ... ..G C.G ..G ... ... ..A ..A ..A ... ... C.T ..C ... ... ..T ... ... ... ... ..A ... ..C ... ..C ..C ... ... ... ... ... ... ..G ..G ... ... ... ..A ... ..C ..C ... ... ... ..A ... ... ... ..A ..G ..C ... ... ... ... ... ... T.. T.. ... T.. ... ..G ... ..A ... ... ... ... ... ... ... ... ... ... ... ..T ..T ..T ..A ..T ..A ... ... ... ... ..C ..C ... ... ... ... A.. ... ... ... ... ..A ..A ... ... ... ... ... ..T ... ... ... ... ... ... ... ... ... ..G ... ..T ... ... ... ... ... ... ... ... ... ... ... ... ... ... A.T ..G ..T ... ... ... ... ..A ... ... ... ..C ... ... ... ... ..T .TT ... ... ..T ... ..T ..C ..C ... ..C ... ... ... ... ..T ... C.A ... ..T G.A ... ... ... ... ... ... ... ... ... ... ... ... ... ..G ... ... ... ... ... ... ... C.. C.. ..A ... ... ... ..A ..C ... ... ..C 
Ncas                            ... ..G ... CGT ..G .GG ... ..T ..T ..T ... ... ... ..A ..A ..A ..A ... ... ... ... C.A ... ... .C. ..C ..C ... G.. G.. ..G ..T ..T ..T ..G ..T ..T ..T T.A ... ..T GTG ..A ..C ... ... .G. ... ... ... ... ... ..G C.. ..A ..A ..A ..A ..A C.T T.. GC. ..T ..T G.T ..T ... ... ..A ... G.. ... G.C ..C ... G.G G.. ... ... .C. ... ..G ... ..G ..T ..A ..A A.C ... ... ... ... ..A ... ... ..A ..A ..A ..A ..A ..A ..C ... ... ... T.A T.A T.. T.A ..A T.G ... T.A T.C ... ... ... ... ..G ..G ..G ..G ... ..T ... ... ..T ..A ..T ..C ..A ..A ... ... A.C ... ... ..C ... ... AAT ..T ..T ..T ..C ..A T.A ..A ... ... ..T ... .G. A.. ..A ..A ... ..A ..C ..C ... ..T ..G ..A ..T ... ..G ..G ... ... ... ... ... ... ... ... ... ... ... ..T ..T ... ... ..T ..T A.. ..C ..G ... ..C ..G ..A ... ... ..T ..T .T. ..T ..T ..T ... ..T ... ..C ..C ... ... ... ... C.T ..A ... ..T ..C ..A G.. GG. ..C ..C C.C ... ..C ... ..C ... ..C C.T ... ..G A.C C.T C.. ... ... ... ..T ... C.T ... A.T C.A C.A ... A.T ..C ..C ..C ... 
Cgla                            ..G ... ..G CGT .G. .G. ..G ..T ..T ... ..T ... ... ..A ..A ... ... ... ... ... ... G.T ..C ... ..C ..C ..C ..C ..C ..C ... ..T ..G ... ..A ... ..A ..A ..T ..T ..T .AC ..C ..G ... ..C ... ... ... ... ... C.T ..G C.T .A. ..A C.T ..A ..A C.T T.. GC. ..T ... C.G ... ... G.. ..C ..C ..A ... ... ... ..C .GA ... ..G ..G ..G ... ..G ... ... ... ... ... ... ..C ..C ... T.T ..A ..A ... ..A ..A ..A ..A ..A ..A ..A ..A A.G ... ..A T.. ... T.. ..A T.G T.G ... T.G ... ... ..G ..G A.G ... ..G ... ... ... ..T ..T ... ..A ... C.A ... ... ..A ... ..C ... ..C ... ... ... T.C ..T ..T ..G ... ... ..A ..T ... ..G ..A ..T ..T A.. ... ..G ... AG. ... ... ..T ..T ..C ..T ..T ... ... ... ... ... ..A ... ... ... ... ... ... ... ... ..T ..T ..T ..T TAT ... A.C ... ..G ... ..C ... ..C ... ..T ... ..T .T. ... ..T ... ... ... ... ..C ..C ..C ..C ..C ..G C.. ..T ... CAC ..T ... ..C GG. ..C ... ..C A.C ... ..G ..C ... ..C C.. C.G ..G C.G C.. C.G .A. ... ... ... ... ... ... ... C.. ... C.. A.T ..C ..C ... ..C 
Agos                            CGG ..G ..G CGC ..G CGG ... ..T ... ... ... ..A C.C ... ... ..A ... ..A ... ... .GA C.. ... ... .GC ..C ... ..C ..G G.. ..C .TC ..T ..T ... ..T ..G ..G ..G ... ... ..C ..C ..C ... ..C ..G ... C.. C.. C.. C.G C.G C.G C.T ... ..A C.T ..A C.T T.. G.C ..T ... ... .G. ... ..C T.G ..C ..C ..C ... ..C ..C G.G ... ..G ..G A.G ..G ..G ..G ..C ... ... TG. .GC ..C ..C ..C .TC ..A ..G ..G ..T ..A ... ... ..A ... ..C ... ..C ..C ... T.. T.. ..A ..G ..C ..G ..C ..G ..G ..G ... ..G ..G ..G ..G ..G ... ... ... ..T ..T ... ... ..C ..A ... ... ... A.C ... ..C ..C C.C ..C A.T ... ..C ..G ... ..G T.A ..G ..G ..G ..G ..G ..A ATG ... T.G ..C ..G ..G ... ..T ..T ..T ..T ... ..C ..C ..G ..C ..A ..A CA. .A. ..A ..C ..G ..G ... ... ... ..C ... ..C TC. ... A.C ... ... ACC ..G ..C ..G C.G ... ... ... ... .T. ... ... ... ... ..C ..C ..C ..C ..C ..C ..G C.G ..G ... ..C ..C ... G.. GGC ..G AGC ..G A.A ..C ..G ..C ..C ..C A.G C.G ..G C.G C.G C.G ..T ... ... .A. ... ..T ... G.A C.A C.. C.. A.A ... ..C ..C ... 
Klac                            ... ..G ..G .G. CGC ... ... ... ... ... ..T ..A ... .GA ..A ..A ..A ..A ..A ... ..A GGA ... ..C ..C ..C ... ..C ..A .GC ..T .AC ..T ..A ..T ... ... ... ..A ..T ..C ... ..A ..A ... ..A ... ... ... ... ... ..G C.T ... ..T .A. ..A C.T C.T C.T ... G.A G.T ... ..T ..T ... ..C ..C ... ..C ..C ... ..C ... G.C G.. ... ..G ..G ... ..G ..G ..C ..T ..A ..A ... ..C ..C ... GTG ..A ..T ..T ... ..A ..A ... ..C ... ... ... ... ... ..A T.. T.. T.. ... ... T.G T.A T.G ... ..G ..G ... ..G ... ... ... ..T ... ... ..T ..T ..A ..A ..T ... ... ..A ... ... ... ... ..C ... ... CA. ..T AGT ..T ..T ... T.T ..T ... ..G A.G ..T ..A A.C ..A T.G ..C ..G ... ..C ..T ..T ..G ..T ..G ..G ..G ... ... ... ..G ... ..A ... ... ..A ... ..G ... ... ..C ..C ..A TCA ... A.G ..G ... ACG ..G ... ..G ..T ..T ... ... ..T .T. ... ..T ... ... ..C ..C ..C ... ..C ... ..G C.T ..A G.T ..A ..T ..T CAA GG. ..A ... ..A ... ..C ..C ... ... ... A.G ... ..G C.T ... C.. ... ... ..T .A. ... ..T ..C C.A ... ... ..A A.T ..C ..C ..C ... 
Calb                            G.T ... ..G ..G ... ... .G. ... GGT ..T TTT ..A G.A ..A ..A ..A ..A ..A .GA ..A .GA G.T ... ..C TCA ... GC. ..C GG. .C. TTT ..G ..T T.. ... ... ..T G.A .TA ..T ..A C.A .G. ..G GTG T.G ... ... ... ... ... ... ... ... GAT ..A ..A ..A .AA C.T TCA TCA T.T ... ..T TGT ... T.G T.A ..A .AA T.G G.A G.. ... CG. .CC ... TCG ... ..G ... ..G ..T ..T ..A ..A A.. ... ..C ..A GA. GTT ..A ..T ..A ..A ... ..A ..A ..A ..A ... A.A ... T.. T.. T.A T.. ... T.A T.A T.A T.A ... ... ... ... ... ... ..G ... .GA ... ... ..G ..T ..A ... ..T ..A ... ..A ... ... ... ..C ... ... ..C AAG ..C A.. ATG ..T ..T T.T ..G ..A T.T ... ..A ..A CT. ..A T.A ..G ... ..A ..C ..T ..T ..T ..T ..G ... ... ..A ..G ... ... T.. ..G ..A ... ... ..G ... ... A.. ..T ..T ..T AGT A.C A.A A.. ... AC. ..C A.. ... A.A ..T ... ..T ... .TT ... ..T ..T GTG ... .CG ... ... ..C ... ..G GG. ... CAA C.A ..T AGT CAA GGA ... AG. ... GG. ..A ..A ... AC. ... ... ... ..G A.T ..G C.T ... ... A.G .A. A.T ..T A.T G.T ... C.C ... GAA ... ..C ..C ... 

    1    1    1    2    1    1    1    2    1    1    1    3    1    1    1
    1    1    1    1    3    1    1    1    3    1    2    2    1    1    2
    2    1    1    3    1    1    2    1    1    2    1    2    2    1    2
    3    2    1    3    1    2    1    1    1    2    2    2    2    1    2
    1    1    1    1    1    2    8    2    1    1    2    1    2    4    2
    1    1    1    1    1    1    1    2    1    2    1    1    1    1    3
    1    3    1    2    2    1    2    1    1    1    3    1    2    1    1
    3    2    2    2    2    1    2    1    2    1    2    1    1    2    2
    1    3    1    1    1    1    1    2    3    3    1    2    1    2    1
    1    1    1    1    1    1    2    1    2    2    3    1    3    1    1
    1    1    2    1    2    1    3    3    3    2    2    1    2    2    2
    1    2    1    2    1    1    2    1    1    6    1    1    1    3    2
    2    1    1    1    1    1    1    2    2    1    1    1    2    2    1
    2    2    2    1    1    2    1    2    3    1    1    1    1    4    3
    2    1    2    1    1    1    3    2    2    3    2    1    2    1    1
    3    1    2    2    1    1    3    2    1    1    1    2    2    2    1
    1    1    1    1    1    1    1    2

CODONML (in paml version 4.9j, February 2020)  temp.nuc
Model: One dN/dS ratio, 
Codon frequency model: Fequal
ns =   9  ls = 394

Codon usage in sequences
--------------------------------------------------------------------------------------------------------------------------------------
Phe TTT   5   5   5   4   3   1 | Ser TCT  16  12  12  18   6   9 | Tyr TAT   9   6  12   7  13   8 | Cys TGT   5   4   4   5   2   2
    TTC   7   7   7  10  13  11 |     TCC   3   7   7   1   7   8 |     TAC  16  19  13  16  10  18 |     TGC   0   1   1   0   4   4
Leu TTA  10  13  16  11  10   0 |     TCA   7   4   6   7   9   0 | *** TAA   0   0   0   0   0   0 | *** TGA   0   0   0   0   0   0
    TTG   9  13  10  11   8  17 |     TCG   4   7   5   1   0   7 |     TAG   0   0   0   0   0   0 | Trp TGG   0   0   0   0   0   0
--------------------------------------------------------------------------------------------------------------------------------------
Leu CTT   8   2   4   6   6   1 | Pro CCT  11   8   8   7   5   0 | His CAT   6   1   5   5   7   2 | Arg CGT   2   4   2   4   6   9
    CTC   0   0   0   0   0   0 |     CCC   5   4   6   5   8   2 |     CAC   2   8   3   4   0   8 |     CGC   0   0   0   0   0   0
    CTA   0   4   5   1   7   7 |     CCA   3  10   6   8  14  18 | Gln CAA   8   5   7   7   8   7 |     CGA   0   1   0   0   1   0
    CTG   9   4   1   7   0  11 |     CCG   1   0   0   2   0   0 |     CAG   2   5   3   3   2   6 |     CGG   0   1   0   2   0   0
--------------------------------------------------------------------------------------------------------------------------------------
Ile ATT  17  12  15  11  13  10 | Thr ACT  12   8  15  12  17  10 | Asn AAT  13   7   8  13  10   7 | Ser AGT   2   2   1   1   2   3
    ATC   4   5   5  11   5   8 |     ACC   9   6   5   6   1  11 |     AAC   5   8   9   3   7  13 |     AGC   0   1   1   1   0   0
    ATA   1   3   3   2   1   2 |     ACA   4  10   6   6   2   6 | Lys AAA   8   5  11   7   7   3 | Arg AGA  10  16  14  12  17  15
Met ATG   8   8   8   8   8   8 |     ACG   3   4   4   5   5   2 |     AAG  15  17  11  14  12  19 |     AGG  11   2   7   6   2   2
--------------------------------------------------------------------------------------------------------------------------------------
Val GTT   9   4   9   8  12  12 | Ala GCT  15  17  16  17  11  20 | Asp GAT   8   9  10  14  14   9 | Gly GGT  24  24  22  26  27  33
    GTC   0   5   2   1   4   2 |     GCC  11  12  13   7  10   4 |     GAC   5   9   4   4   7   5 |     GGC   4   4   3   2   0   2
    GTA   4   1   1   1   1   0 |     GCA   8   6   6  12  12   4 | Glu GAA  13  15  18  18  10  11 |     GGA   5   2   7   3   4   1
    GTG   4   7   4   5   8   3 |     GCG   2   0   0   0   0   4 |     GAG  12   7   7   4   9   9 |     GGG   0   3   1   2   7   0
--------------------------------------------------------------------------------------------------------------------------------------

--------------------------------------------------------------------------------------
Phe TTT   7   5  11 | Ser TCT   0   7   8 | Tyr TAT   0   9  12 | Cys TGT   1   5   8
    TTC   8  12   5 |     TCC   5   3   5 |     TAC  22  15   6 |     TGC   5   0   0
Leu TTA   0   5  12 |     TCA   1  10   7 | *** TAA   0   0   0 | *** TGA   0   0   0
    TTG   9  14  15 |     TCG  16   5  11 |     TAG   0   0   0 | Trp TGG   1   0   0
--------------------------------------------------------------------------------------
Leu CTT   0   4   6 | Pro CCT   8  14   5 | His CAT   2   4   4 | Arg CGT   6   8   4
    CTC   5   0   1 |     CCC   1   1   0 |     CAC  10   5   3 |     CGC   5   1   0
    CTA   3   7   0 |     CCA   4   4  15 | Gln CAA   0   6   8 |     CGA   6   0   0
    CTG  18   0   0 |     CCG   7   1   0 |     CAG  10   5   3 |     CGG   5   0   0
--------------------------------------------------------------------------------------
Ile ATT   4   9  10 | Thr ACT   8  12  12 | Asn AAT   8   4   5 | Ser AGT   0   4   6
    ATC  16  11   2 |     ACC  13   6   3 |     AAC   7  12   6 |     AGC   5   2   0
    ATA   1   0   5 |     ACA   2  10   2 | Lys AAA   6  13  19 | Arg AGA   5  13  20
Met ATG  10  10  11 |     ACG   9   3   2 |     AAG  12   8   4 |     AGG   2   1   0
--------------------------------------------------------------------------------------
Val GTT   3   5  13 | Ala GCT   5  14  10 | Asp GAT   8  13  14 | Gly GGT  11  25  27
    GTC   4   4   1 |     GCC   4   9   5 |     GAC   9   3   4 |     GGC  17   0   0
    GTA   3   3   2 |     GCA   6   4  10 | Glu GAA   2  14  21 |     GGA   3   4   9
    GTG   5   7   3 |     GCG  18   4   6 |     GAG  20   8   7 |     GGG   3   9   6
--------------------------------------------------------------------------------------

Codon position x base (3x4) table for each sequence.

#1: Scer           
position  1:    T:0.23096    C:0.14467    A:0.30964    G:0.31472
position  2:    T:0.24112    C:0.28934    A:0.30964    G:0.15990
position  3:    T:0.41117    C:0.18020    A:0.20558    G:0.20305
Average         T:0.29442    C:0.20474    A:0.27496    G:0.22589

#2: Sbay           
position  1:    T:0.24873    C:0.14467    A:0.28934    G:0.31726
position  2:    T:0.23604    C:0.29188    A:0.30711    G:0.16497
position  3:    T:0.31726    C:0.24365    A:0.24112    G:0.19797
Average         T:0.26734    C:0.22673    A:0.27919    G:0.22673

#3: Smik           
position  1:    T:0.24873    C:0.12690    A:0.31218    G:0.31218
position  2:    T:0.24112    C:0.29188    A:0.30711    G:0.15990
position  3:    T:0.37563    C:0.20051    A:0.26904    G:0.15482
Average         T:0.28849    C:0.20643    A:0.29611    G:0.20897

#4: Spar           
position  1:    T:0.23096    C:0.15482    A:0.29949    G:0.31472
position  2:    T:0.24619    C:0.28934    A:0.30203    G:0.16244
position  3:    T:0.40102    C:0.18020    A:0.24112    G:0.17766
Average         T:0.29272    C:0.20812    A:0.28088    G:0.21827

#5: Ncas           
position  1:    T:0.21574    C:0.16244    A:0.27665    G:0.34518
position  2:    T:0.25127    C:0.27157    A:0.29442    G:0.18274
position  3:    T:0.39086    C:0.19289    A:0.26142    G:0.15482
Average         T:0.28596    C:0.20897    A:0.27750    G:0.22758

#6: Cgla           
position  1:    T:0.21574    C:0.18020    A:0.30203    G:0.30203
position  2:    T:0.23604    C:0.26650    A:0.31726    G:0.18020
position  3:    T:0.34518    C:0.24365    A:0.18782    G:0.22335
Average         T:0.26565    C:0.23012    A:0.26904    G:0.23519

#7: Agos           
position  1:    T:0.19036    C:0.22843    A:0.27411    G:0.30711
position  2:    T:0.24365    C:0.27157    A:0.29442    G:0.19036
position  3:    T:0.18020    C:0.34518    A:0.10660    G:0.36802
Average         T:0.20474    C:0.28173    A:0.22504    G:0.28849

#8: Klac           
position  1:    T:0.22843    C:0.15228    A:0.29949    G:0.31980
position  2:    T:0.24365    C:0.27157    A:0.30203    G:0.18274
position  3:    T:0.36041    C:0.21320    A:0.23604    G:0.19036
Average         T:0.27750    C:0.21235    A:0.27919    G:0.23096

#9: Calb           
position  1:    T:0.25381    C:0.12437    A:0.27157    G:0.35025
position  2:    T:0.24619    C:0.25635    A:0.29442    G:0.20305
position  3:    T:0.39340    C:0.10406    A:0.32995    G:0.17259
Average         T:0.29780    C:0.16159    A:0.29865    G:0.24196

Sums of codon usage counts
------------------------------------------------------------------------------
Phe F TTT      46 | Ser S TCT      88 | Tyr Y TAT      76 | Cys C TGT      36
      TTC      80 |       TCC      46 |       TAC     135 |       TGC      15
Leu L TTA      77 |       TCA      51 | *** * TAA       0 | *** * TGA       0
      TTG     106 |       TCG      56 |       TAG       0 | Trp W TGG       1
------------------------------------------------------------------------------
Leu L CTT      37 | Pro P CCT      66 | His H CAT      36 | Arg R CGT      45
      CTC       6 |       CCC      32 |       CAC      43 |       CGC       6
      CTA      34 |       CCA      82 | Gln Q CAA      56 |       CGA       8
      CTG      50 |       CCG      11 |       CAG      39 |       CGG       8
------------------------------------------------------------------------------
Ile I ATT     101 | Thr T ACT     106 | Asn N AAT      75 | Ser S AGT      21
      ATC      67 |       ACC      60 |       AAC      70 |       AGC      10
      ATA      18 |       ACA      48 | Lys K AAA      79 | Arg R AGA     122
Met M ATG      79 |       ACG      37 |       AAG     112 |       AGG      33
------------------------------------------------------------------------------
Val V GTT      75 | Ala A GCT     125 | Asp D GAT      99 | Gly G GGT     219
      GTC      23 |       GCC      75 |       GAC      50 |       GGC      32
      GTA      16 |       GCA      68 | Glu E GAA     122 |       GGA      38
      GTG      46 |       GCG      34 |       GAG      83 |       GGG      31
------------------------------------------------------------------------------


Codon position x base (3x4) table, overall

position  1:    T:0.22927    C:0.15764    A:0.29272    G:0.32036
position  2:    T:0.24281    C:0.27778    A:0.30316    G:0.17625
position  3:    T:0.35279    C:0.21151    A:0.23096    G:0.20474
Average         T:0.27496    C:0.21564    A:0.27562    G:0.23378

Codon frequencies under model, for use in evolver (TTT TTC TTA TTG ... GGG):
  0.01639344  0.01639344  0.01639344  0.01639344
  0.01639344  0.01639344  0.01639344  0.01639344
  0.01639344  0.01639344  0.00000000  0.00000000
  0.01639344  0.01639344  0.00000000  0.01639344
  0.01639344  0.01639344  0.01639344  0.01639344
  0.01639344  0.01639344  0.01639344  0.01639344
  0.01639344  0.01639344  0.01639344  0.01639344
  0.01639344  0.01639344  0.01639344  0.01639344
  0.01639344  0.01639344  0.01639344  0.01639344
  0.01639344  0.01639344  0.01639344  0.01639344
  0.01639344  0.01639344  0.01639344  0.01639344
  0.01639344  0.01639344  0.01639344  0.01639344
  0.01639344  0.01639344  0.01639344  0.01639344
  0.01639344  0.01639344  0.01639344  0.01639344
  0.01639344  0.01639344  0.01639344  0.01639344
  0.01639344  0.01639344  0.01639344  0.01639344


TREE #  1:  (((((1, 4), (3, 2)), 5), 6), ((7, 8), 9));   MP score: 1266
This is a rooted tree.  Please check!
check convergence..
lnL(ntime: 16  np: 18):  -6608.370535      +0.000000
  10..11   11..12   12..13   13..14   14..1    14..4    13..15   15..3    15..2    12..5    11..6    10..16   16..17   17..7    17..8    16..9  
 0.253570 0.032095 0.441705 0.097909 0.215171 0.223184 0.000004 0.264602 0.479127 0.761937 0.885677 0.281140 0.033925 1.150690 0.653059 3.707592 2.304694 0.047620

Note: Branch length is defined as number of nucleotide substitutions per codon (not per neucleotide site).

tree length =  9.481388

(((((1: 0.215171, 4: 0.223184): 0.097909, (3: 0.264602, 2: 0.479127): 0.000004): 0.441705, 5: 0.761937): 0.032095, 6: 0.885677): 0.253570, ((7: 1.150690, 8: 0.653059): 0.033925, 9: 3.707592): 0.281140);

(((((Scer: 0.215171, Spar: 0.223184): 0.097909, (Smik: 0.264602, Sbay: 0.479127): 0.000004): 0.441705, Ncas: 0.761937): 0.032095, Cgla: 0.885677): 0.253570, ((Agos: 1.150690, Klac: 0.653059): 0.033925, Calb: 3.707592): 0.281140);

Detailed output identifying parameters

kappa (ts/tv) =  2.30469

omega (dN/dS) =  0.04762

dN & dS for each branch

 branch          t       N       S   dN/dS      dN      dS  N*dN  S*dS

  10..11     0.254   847.0   335.0  0.0476  0.0127  0.2662  10.7  89.2
  11..12     0.032   847.0   335.0  0.0476  0.0016  0.0337   1.4  11.3
  12..13     0.442   847.0   335.0  0.0476  0.0221  0.4637  18.7 155.3
  13..14     0.098   847.0   335.0  0.0476  0.0049  0.1028   4.1  34.4
  14..1      0.215   847.0   335.0  0.0476  0.0108  0.2259   9.1  75.7
  14..4      0.223   847.0   335.0  0.0476  0.0112  0.2343   9.4  78.5
  13..15     0.000   847.0   335.0  0.0476  0.0000  0.0000   0.0   0.0
  15..3      0.265   847.0   335.0  0.0476  0.0132  0.2778  11.2  93.0
  15..2      0.479   847.0   335.0  0.0476  0.0240  0.5030  20.3 168.5
  12..5      0.762   847.0   335.0  0.0476  0.0381  0.7999  32.3 267.9
  11..6      0.886   847.0   335.0  0.0476  0.0443  0.9297  37.5 311.5
  10..16     0.281   847.0   335.0  0.0476  0.0141  0.2951  11.9  98.9
  16..17     0.034   847.0   335.0  0.0476  0.0017  0.0356   1.4  11.9
  17..7      1.151   847.0   335.0  0.0476  0.0575  1.2079  48.7 404.6
  17..8      0.653   847.0   335.0  0.0476  0.0326  0.6856  27.7 229.7
  16..9      3.708   847.0   335.0  0.0476  0.1853  3.8921 157.0 1303.8

tree length for dN:       0.4740
tree length for dS:       9.9532


Time used:  0:13
