      9   1182

Scer                            CTT CAG AAT GAT ACC GAC GAT GGT TAT CAA GAA ACT GAT CTG TTG AGA GAT ACA TCT ATT CCA ATT ATG TCA TTA TGG TTA CCG AAC AAA AGA AAT TAT CTT AAC CCA CCG TCT GTT ACA ATT TGT GGT ATA ATG GAT TTT GCC ATT AAT GCC CCC GTT GGT TCT ATG GAT CCT GCC GAA ACA ATG GCC GGC TTC ATT AGA GAC GAT ACT CAG GAC AGA GAC TTA ATG GAT TAC GCC ATG TTT AGA GCA CAA GGT CAG GAA AAA TGT TTT GAA TTG TTA CTA GTA AGA ATC TTG TTG GCC GTT TTT CTT ACC GCT GAG ATC CCT TGT TCT CAG GAT GGT GAT CAA GCA GAA GCC ATC TGT GTT CTT AAG AAA AAG TCT CAA GTC TAT AGA TTA AAG ATG GAC ATT AAT ACA GTC ACC GCC CGT ACC GAA TTT GGT AAC GTA CCA TTG TCA AGT GGC TTG ACA GAT GGC TTA ACC GTT GTA AGA GAA GAG AGG GAT TTG AGA TTA TAC CTA CCG AGA TTC TCT TCT ACT ACT TAT GAA GAC AAG CCA GTA GCG GCT TTT GGT GCT ATT ATC CCG AGA CAG GAC GAG TGG AAG CAG ATG GAA TGG CCA CGT GAT AGA CAG AAG AAC GAA AAA AGA TCT TAT TTG CTT GAA CCA TTA ACT CCT TCT TAC TCT CAA AGG TTA CAA AAT GAC TTA AAT AAG AGA ATG CCG AGA CAA GGT TAC AAG ACA ACT TTA GAA ACA TAC ATG TTG TTG CCG GAA TTC TAC TCA GAC TTA AAC AAG TGG TCT ACA AAG GCT AGA CCA CAG AAC TTA TTG GCT GAA TCA ACA TTG GAT AAG GAT ATG CAA GAG TTG AAG GAT TTG ATG CAG TTA GAA TTA AGA AGA TGT ATC GAA ATC CAA CCA GAT ATG GAT AAG ATC GTC CAG GTC AGA TGT TTC CAA TCT CCC GAT TCA GCT AAG ATG ATT CGT GAC GAC CGG AAT TTG TCT GAT GTC ATG TTG CCT GCC ACC ATG GCC GTC AAA CAA ATC CCC GAT TTA GCC ACA TGC TTG GAT GAT AGG GCC AAG GAC GAT GGT CAC TTG CCA GAT CAA TTG GTT AAG ACT GAA ATC GAA AGA AAT TTG AAT GAG GAC TTA GGT AGA CTT TTA AAG TGT GAG CTA AGA TAT CGG ACA AAG AGA ACA AAG AAG AAG ACC AAC TTT GTT AGG 
Sbay                            CTG CAA AAT GAT ACC GAC GAC GGT TAT CAA GAA ACT GAT CTA TTA AGA GAT ACG TCC ATC CCC ATT ATG TCG TTA TGG TTG CCC AAT AAA AGA AAT TAT CTG AAT CCT CCA TCC GTC ACA ATT TGC GGT ATG ATG GAT TTC GCT ATC AAC GCC CCC GTC GGT TCT ATG GAT CCT GCC GAA ACC ATG GCT GGC TTC ATC AGA GAT GAT ACC CAA GAC AGA GAT CTA ATG GAC TAC GCC ATG TTC AGA GCC CAA GGT CAA GAA AAA TGC TTC GAA TTG TTG TTA GTA AGA ATC TTG TTG GCC GTC TTC CTT ACT GCC GAA ATC CCA TGT TCT CAA GAT GGT GAT CAA GCT GAA GCC ATT TGC GTC CTT AAG AAG AAG GAC CAA GTT TAT AGA TTG AAA ATG GAC ATC AAT ACG TCT ACT GCC CGT TCT GAA TTC GGT AAT GTG CCG CTG TCA AGC GGC TTG ACT GAT GGC CTA ACG GTC GTG AGA GAA GAG CGA GAC TTG AGA TTG TAC CTT CCT AGA TTC TCT TCA ACC ACC TAT GAA GAT AAA CCC GTA GCA TCC TTT GGT GCT ATC ATC CCC AGA CAG GAT GAA TGG AAG CAA ATG GAA TGG CCC CGT GAC AGA CAG AAA AAT GAA AAA AGA TCC TAT TTG CTT GAA CCA TTG ACC CCG TCT TAT TCT CAA CGA TTA CAA AAC GAT TTG AAC AAA AGA ATG CCC AGA CAA GGT TAC TAC ACG ACC TTG GAA ACT TAC ATG TTG TTG CCA GAA TTC TAC TCG GAA TTA AAT AAG TGG TCT ACG AAG GCC AGA CCA CAA AAC TTG TTA GCC GAA TCG ACA TTG GAT AAG GAT ATG CAA GAA CTG AAG GAC TTG ATG CAA TTG GAA TTG AGA AGA TGC ATT GAA ATC CAG CCG GAT ATG GAT TAC ATC GTC CAA GTC AGA TGT TTT CAA TCT CCC GAT TCG GCC AAG ATG ATC CGT GAT GAT CGG AAT TTG TCT GAC GTC ATG TTG CCG GCT ACA ATG GCT GTC AAG CAA ATC CCC GAT CTA GCT ACT TGC CTG GAC GAC CGA GCC AAG GAC GAT GGT CAC TTG CCA GAT CAA TTG GTC AAG ACT GAA ATC GAA AGA AAT TTG AAC GAA AAC TTA GGT AGA CTG TTA AAA TGT GAA TTA AGA TAT CGG ACT AAA AGA ACT AAG AAG AAG TCT AAT TTT GTC AAA 
Smik                            CTT CAA AAT GAT ACT GAC GAT GGT TAT CAA GAG ACT GAT CTA TTA AGA GAT ACA TCT ATT CCT ATT ATG TCA CTA TGG TTA CCC GAT AAA AGA AAT TAT CTT AAT CCC CCA TCT GTT ACG ATT TGT GGT ATA TTG GAT TTC TAC ATT AAT GGC CCC GTT GGT TCT ATG GAT CCA GCT ACT ACT ATG TAC GGG TTT ATT AGA GAT GAT ACC CAG GAC AGA GAT CTA ATG GAT TAC GCT ATG TTC AGA GCG CAG GGT CAA GAA AAA TGT TTC GAA TTG TTG ATT GTG AGG ATT TTG TTG AGC GTT TTC CTT ACC GCC GAG ATT CCT TGT TCT CAA GAT GGA GAT CAA GCG GAA GCT ATC TGT GTC CTT AAG AAA AAG GAC CAA GTT TAT AGA TTG AAG TTG GAC ATT AAT ACA TCC ACC GCC CGT TCA GAA TTC GGT CAA TTG CCG TTA TCC AGT GGG TTG ACA GAT GGC CTA ACA GTC TTG AGA GAA GAA AGG GAC TTG AGA TTA TAC CTG CCC AGA TTC TCT TCT ACA ACT TAT GAA GAT AAG CCT GTG GCA TCT TTT GGT GCC ATT ATT CCC AGA CAG GAT GAA TGG AAG CAA ATG GAG TGG CCT CGT GAT AGA CAG AAG AAC GAA AAA AGA TCC TAT TTG CTT GAG CCG TTA ACT CCG TTT TAT TCT CAG AGA TTA CAA AAT GAT TTG AAC AAG AGG ATG CCC AGG CAA GGT TAC TAC ACA ACC TTG GAA ACA TAC ATG TTG TTA CCA GAA TTC TAC TCA GAA TTA AAC AAA TGG TCT ACA AAG GCC AGG CCA CAA AAC TTG CTG GCC GAA TCA ACA TTG GAT GTA GAT ATG CAA GAG TTA AAA GAT TTG ATG CAG TTA GAA TTA AGG AGA TGC ATC GAA ATT CAG CCG GAT ATG GAT TAC ATC GTC CAA GTC AGA TGT TTT CAG TCT CCT GAT TCA GCC AAA ATG ATT CGT GAT GAT CGG AAC TTG TCT GAC GTC ATG TTG CCG GCT ACA TTG GCT GTA AAA CAA ATT CCG GAT CTA TAC ACA TGC TTA GAC GAT AGG GCC AAG GAC GAT GGA CAC TTG CCA GAT GAA TTG GTT AAA TCT GAA ATT GAA AGA AAT TTG AAT GAA AAC TTA GGC AGA CTT TTA AAG TGT GAA ATT AGA TAT CGG ACA AAG AGA ACA AAA AAG AAA TCA AAT TTC GTT AAA 
Spar                            CTT CAA AAT GAT ACC GAC GAT GGT TAT CAA GAA ACT GAT CTA TTG AGA GAT ACG TCC ATT CCA ATT ATG TCA TTA TGG TTA CCG AAC AAA AGA AAT TAT CTT AAC CCA CCA TCC GTA ACC ATT TGT GGT ATA ATG GAT TTT GCC ATT AAT GCC CCT GTA GGT TCT ATG GAT CCT GCT GAA ACG ATG GCC GGC TTT ATC AGA GAC GAT ACC CAG GAC AGA GAT TTA ATG GAT TAC GCT ATG TTC AGA GCA CAA GGT CAA GAA AAG TGT TTT GAA TTG TTG CTA GTA AGA ATC TTG TTG GCC GTA TTT CTT ACC GCC GAA ATT CCT TGT TCT CAA GAT GGT GAT CAA GCA GAA GCC ATC TGT GTT CTT AAG AAA AAG GAC CAA GTT TAT AGA TTG AAG ATG GAC ATT AAT ACG TCT ACC GCT CGT TCC GAA TTT GGT AAT GTA CCG TTG TCA AGT GGC TTG ACT GAT GGC TTA ACG GTT GTA AGA GAA GAA AGG GAC TTG AGA TTA TAC CTA CCA AGG TTC TCT TCT ACT ACT TAT GAA GAT AAG CCA GTA GCA TCT TTT GGC GCT ATT ATT CCG AGA CAG GAT GAG TGG AAG CAA ATG GAA TGG CCA CGT GAT AGA CAG AAG AAC GAA AAG AGA TCC TAT TTG CTT GAA CCA TTA ACT CCG TCT TAC TCT CAA AGG TTA CAA AAT GAC TTG AAT AAG AGA ATG CCG AGA CAA GGT TAC TTC ACG ACC TTG GAA ACT TAC ATG TTG TTG CCA GAA TTC TAC TCA GAA TTA AAT AAG TGG TCT ACG AAG GCC AGA CCA CAA AAC TTG TTA GCT GAA TCA ACA TTG GAT AAG GAC ATG CAA GAG TTG AAG GAT TTG ATG CAG TTA GAG TTA AGA AGA TGT ATC GAA ATC CAA CCG GAT ATG GAT TTC ATC GTC CAA GTC AGA TGT TTT CAA TCT CCC GAT TCA GCC AAG ATG ATT CGT GAC GAT CGA AAC TTG TCT GAT GTC ATG TTG CCG GCT ACA ATG GCC GTT AAA CAA ATT CCC GAT TTA GCC ACT TGC TTG GAT GAT AGG GCC AAG GAC GAT GGT CAC TTA CCA GAT CAA TTA GTA AAG ACC GAA ATC GAA AGA AAT TTG AAT GAG AAC TTA GGT AGA CTT TTA AAG TGT GAG CTA AGA TAT CGA ACT AAG AGA ACT AAG AAG AAG TCC AAC TTT GTA AAG 
Ncas                            CTA CAA AAT GAT ACC TCA GAT GGT TAC ATG TCT ACG GAT CTT TTA AAA GGA TCT TCT ATT TCG ATT CAA TCC TTA TGG TTA CCG AAT AAA GCT AAC TAC CTT AAC GAA CCT TCT GTT ATA ATT TGT GGT GTC CTT GAT TTC CAA ATT AAT TCT CCC GTT GGT TCT ATG GAT CCA GCT GAG ACA ATG CAA GAT TTC ATC AGA GAC GAT AAT CCT GAT AGA GAT TTA ATG GAT TAT GCT ATG TTT AGA GCT CAA GGT CAA GAG AAG TGT TTC GAA TTA CTA GTG GTG AGA ATT TTA TTA TCT GTT TTC CTA ACT GCT GAG ATT CCA TGC TCT CAA GAT GGT GAT CAA GCA GAA GCT ATT TGT GTT CTA AAG AAG AAG AGT CAA GTT TAC AGA CTA AAA CTT GAT ATT AAC ACA CAA ACT GCT AGA CGT GAA TTC GGT TCC TTA CCT TTA TCA AGT GAT TTG ACT GAT GGT TTA ACA GTT TTA AGA GAA GAG CGA GAT TTG CGT TTG TAT TTA CCA TTG TTC TCC AAA ACA ACC TAT CAA GAT AAA TCG GTG GCC GAT TTT GGT GCT ATT ATT CCG AGA CCA GAT GAA TGG AAG CAG ATG TCT TGG TCG AGA GAT AGA CCA AAA TCT GAA AAG AGA ACT TAC TTG CTA TCT CCT TTA ACA CCA TCA TAT TCT CAA AGA TTG CAA AAT GAC TTG ATG AAA AGA ATG CCG AGA CAA GGT TAT TAT ACA AAT TTG GAA TCT TAT ATG TTG TTG CCT GAA TTC TAT TCC GAA TTG AAT AAA TGG TCC ACA AAG GCT AAA CCG CAA AAT CTA TTA TTG GAA TCC TCT TTA GGA TCC GAT ATG CAA GAA TTA AAG GAT TTA ATG CAA TTA GAA TTA AGA AAA TGT ATC GAA ATT CAA CCT GAT ATG GAC TAT ATT GTT CAA GTT AGA TGC TTC CAA TCT CCA GAT TCC GCC AAG ATG ATT CGT GAC GAT CGT AAT TTG TCC GAT GTT ATG TTG CCA GAA ACA CTT GCG GTC AAA CAA ATT CCT AAG TTA CAA TCT AAC TTA GAT GAT CGA GCT AAG TCA GAT GGT CAC CTT CCG GAT GAA CTT GTT AAA CAA GAA ATT GAA AAA GGT TTA AAT GAA GAT TTG GGG AGA CTT TTG AAG TGC AAA GTG AAG TAC CGT TCT AAA AAA ACT AAG AAG AAG CGT AAC TTC GTT AAA 
Cgla                            TTA CAG AAT GAT ACC GAC GAC GGT TAT TAT GAG ACA GAT CTT TTG AGA GAG GGT TCC ATT CCA ATT AGT TCA CTG TGG TTG CCA CAC AAG AGG AAC TAT TTG AAT CCA CCT TCC GTT GTC ATT TGC GGT ATT TTG GAT TTC GAA ATT AAT AGT CCA GTT GGT TCT ATG GAT CCA GCT GAG ACG ATG GAA AAT TTC ATA AGA GAT GAC GTT GCA GAT AGA GAT TTG ATG GAC TAC GCT ATG TTC AGA GCT AAC GGT CAG GAG AAG TGC TTT GAA TTA TTG GTC GCA AGA ATT CTA CTA TCT GTT TTC TTG ACC GCC GAA ATC CCT TGC TCT CAG GAT GGT GAT CAA GCA GAG GCT ATT TGC GTC TTG AAG AAG AAG GAC CAA GTT TAT AGA TTG AAA TTG GAT ATC AAC ACA TCT ACC GCT AGA TCA GAA TTT GGT AGA TCT CCA TTG GCC TCT AAT CTG ACA GAT GGC TTG ACA GTC TCT AGA GAA GAA AGG GAC TTG CGT TTG TAT CTA CCG AGG TTC GCA TCT ACT ACC TAC GAA GAC AAA CCA GCA GCC CAA TTC GGT GCC ATT ATC CCA AGA GAG GAT GAG TGG AAG CAG ATG GAG TGG CCA AGA GAC AGA GAG AAA TCT GAG AAG AGA TCT TAT TTG TTG GAG CCA TTG ACC CCG AAT TAC TCT AAC AGA TTG CAA AAT GAT TTG GAA AAA AGA ATG CCA AGA CAA GGC TAT TTT ACA GTT TTG GAA ACA TAC ATG TTG TTG CCT GAA TTC TAC TCA GAG TTG AAC AAA TGG GCA ACA AAG GCC AGA CCA CAG AAC TTG CTA GTG GAA TCA ACT CTA GAG AAA GAC ATG GCA GAA TTG AAG GAC CTA ATG CAA TTG GAA TTG AGA AGA TGC ATC GAA ATT CAG CCA GAT ATG GAC TTT ATC GTC CAG GTC AGA TGC TTC AAC TCT CCC GAT TCA GCT AAG ATG ATC CGT GAT GAC AGA AAT CTG TCT GAT GTC ATG TTG CCG TCT ACC TTG GCC GTT AAG CAA ATC CCA GAT TTA GAA ACA AAC TTG GAT GAC AGG GCT AAG GAC GAT GGT CAC CTA CCA GAC CAG CTA GTT AAA ACA GAG ATT GAG AGA TGT CTA AAT GAG AAC TTG GGT AGA TTG TTG AAG TGC GAA GTC AGA TAT AGA ACA AAA AGA ACA AAG AAG AAG TCA AAT TTC GTT AAA 
Agos                            CTG CAG AAC GAC ACC GAC GAT GGT TAT TAC GAG TCT GAC CTG ATG AGA CAG ACG TCC ATC CCG ATC CGC TCG TTG TGG TTG CCG GAC AAG AGG AAT TAT CTG AAC CCA CCG TCC GTC ATC ATC TGC GGT ATT CTT GAC TTC GAT ATA AAC GTC CCG GTC GGC TCG ATG GAC CCC GCC ATG ACG ATG GAT GGC TTT ATT AGA GAG GAC GTC TAC GAC CGC GAC CTC GTG GAT TAC GCC ATG TTC AGA GCC CAG GGT CAG GAG AAA TGC TTC GAG CTA TTG GTG GTG CGT ATA CTG CTG ACA GTC TTC CTG ACC GCT GAG ATT CCC TGC TCG CAG GAC GGC GAC CAG GCC GAA GCA ATC TGC GTC CTG AAG AAG AAG GAC CAG GTG TAT AGA TTG AAG CTT GAC ATC AAT ACA TCT ACC GCG CGC TCT GAG TTC GGT AGA ACG CCG CTG AAC TCG GGC CTG ACG GAT GGG CTC ACC GTC ACG AGA GAG GAG AGG GAC TTG CGT CTG TAT CTT CCG CGC TTC CGT TCT ACC ACC TAC GAG GAC AAG CCG GTG GCC CAG TTC GGC GCG ATC ATT CCG CGC CCG GAC GAG TGG AAG CAG ATG GAG TGG CCG CGC GAT CGC CCG AAG TCG GAA AAA AGA TCC TAT TTG CTG GAG CCG CTT ACG CCG GCG TAC TCG CAG CGT CTT CAC AAC GAG CTG CAG AAG CGG ATG CCG CGT CAG GGC TAT TTC ACA GTC CTG GAG AGC TAC ATG TTG TTG CCG GAG TTC TAC TCG GAG CTG AAC AAG TGG CGT ACA AAG GCT AGA CCT CAG AAC TTG CTG TCC GAG TCG ACC CTC CAG AAG GAC ATG CAG GAA CTG AAG GAC CTG ATG AAG TTG GAG CTT CGG CGT TGC ATC GAG ATA CAA CCG GAC ATG GAC TTC ATC GTG CAG GTG CGC TGC TTC CAG TCG CCG GAC TCG GCT AAG ATG ATC CGT GAG GAC CGC AAC CTG TCG GAC GTG ATG TTG CCG GAG ACG CTT GCG GTC AAG CAC ATT CCA GAC CTG GAT AGC TGC CTG GAC GAC AGG GCG AAG GAC GAC GGC CAC CTC CCT GAC CAG CTC GTC AAG GCG GAG ATA GAG CGT GAG CTG AAC GAG AAC CTG GGC CGT CTG CTT AAG TGC ATT GTG AGA TAT CGC AGC AAG AGA ACG AAG AAG AAG TCT AAC TTC GTC AAA 
Klac                            CTA CAG AAC GAT ACT GAC GAC GGT TAT GCA GAA ACC GAT CTT ATG AGA CAA ACA TCC ATC CCT ATC AAG TCG CTT TGG CTA CCA ACT CAA AGA AAC TAT TTA AAT CCA CCG TCC GTC ATC ATC TGT GGT ATG GTT GAT TTC GAG ATC AAC GCT CCT GTC GGT TCT ATG GAA CCA GCT GAA TCT ATG GAG GCT TTT ATT AGA GAG GAC GAT GAA GAC AGA GAT TTG ATG GAC TAC GCT ATG TTC AGA GCC CAA GGT CAG GAG AAA TGT TTT GAA TTA TTG GTC GTG AGA ATT TTA TTA TCT GTC TTC CTA ACC GCT GAG ATT CCA TGC TCT CAG GAG GGT GAT CAA GCA GAG GCG ATT TGT GTC CTA AAG AAG AAG GAC CAA GTC TAT AGA TTG AAG GTT GAC ATC AAC ACA TCC ACC GCT CGT TCC GAA TTT GGT AAG TAT CCT TTA AAG TCA GCT CTT ACT GAC GGG TTG GCT GTC TAT AGA GAA GAA AGA GAC TTG CGT TTA TAT CTT CCA AGA TTC GCT TCT ACA ACC TAC GAA GAC AAG CCT GTG GCA TCT TTC GGT GCT ATC ATT CCA CGT CCA GAT GAA TGG AAG CAA ATG GAA TGG CCT CGT GAC CGT CCA AAG AGT GAA AAA AGA TCT TAT TTG CTA GAA CCC CTA ACC CCA TCA TAC TCT CAA AAG TTG CAA AAC GAG TTG AAT AAG AGA ATG CCA AGA CAA GGT TAT TAC ACA GAT TTG GAA AGT TAC ATG TTG TTG CCG GAA TTT TAC TCG GAA TTA AAT AAA TGG GCT ACA AAG GCT AGA CCA CAG AAC TTG CTT GCT GAA TCG ATT TTA CAA AAA GAT ATG AAG GAA TTA AAG GAC TTA ATG AAA CTA GAA CTA AGA AGA TGT ATC GAA ATT CAA CCT GAG ATG GAC TAC ATC GTC CAG GTC AGA TGC TTC CAA TCT ACG GAT TCG GCC AAG ATG ATC AGA GAG GAC AGA AAC CTT TCT GAT GTC ATG TTG CCA GAA ACT GTT GCT GTC AAG CAA ATT CCT GAC TTA GAG AGT ACA TTA GAT GAC AGA GCC AAG GAC GAT GGT CAC TTG CCA GAT CCA TTG GTC AAA GCT GAA ATT GAA AGA GAT TTA AAC GAA AAC TTA GGG AGA TTA TTG AAA TGC ATA GTC AGA TAT AGA AGT AAG AGA ACT AAG AAG AAG TCC AAT TTC GTC AAG 
Calb                            TTG CAA AAT GAC ACT GAC GTT GGT TAC CAT GAA ATG GAC TTA CAT AGA GAT ACT GCT ATT CCA ATT ATT TCC TTA AAT TTG CCA GGT CAA AGA AAC TAC TTA AAT CCA CCA GCT ATC GTC ATT TGT GGT AAG ATT GAC TTC GAG ATA AAT GCT CCC ATC GGT TCT ATG GAT CCA GCT TGT ACT ATG GAG AAC TTT ATT AGA GAT GAT TTG CAA GAT CGT GAT TTG TTT GTT TAC GCT ATG ATC AGA GCC AAT GGT CAA CAA AAG TGT TTC GAA TTG TTA GCA GTT AGA TAT TTG TTG AAC ATC TTC TTA ACT GCC GAA ATT CCA TGT TCT CAA GAG GGT GAC CAA GCT GAA GCA ATT TGT GTC TTA AAG AAA AAG GAC CAA GTT TAC AGA TTA AAA ATT GAT ATC AAC ACA TCT ACT GCT AGA TCA GAA TTC GGT GAG TCA CCG TTA TCA TCG AAC TTA ACC GAT GGT TTG ACT GTC TCA AGA GAA GAA AGA GAT TTG AGA TTA TAT TTT CCC AGA TTT CAA TCT ACC ACC TTA GAT GAC AAA CCA GTT GCC GGT TTC GGT GCT ATT ATT CCA CGT GAA GAT GAG TGG AAG CAA ATG GAA TGG CCA AGA GTT CGT GAA AAA GAT GAA AAG AGA TCA TAC TTG TTA GAA CCT TTA TCT CCA GAA TAT TCT AAT AAA TTG CAA AAT GAT TTG ACT AAA AGA ATT CCA AGA CAA GGT TAT TTC ACA TTG TTG GAA GCA TAC ATG TTG TTG CCA GAA TTT TAC TCC GAA TTG AAT AAA AAT CAA ACA AAA GCC ACA CCA CAA AAC TTA TTA AAT GAA TCC ACG TTG GAT AAA GAT ATG ACC GAA TTA CAA GAC TTG ATT AAA TTG GAA TTA AGA AGA ATT ATC GAA TAT CAG CCG GAG ATG GAC TTC ATG GTT CAA GTT AGA TGT TTT AAT TCT CCC GAT TCC GCC CAA ATG ATC AGA GAT GAC AGA AAC TTA GGT GAT GTT ATG TTG CCA GAA ACA ATT GCA GTT ACT CAA ATT CCA ACT TTA GAG GCA GAC TTA GAT GAC AGA GCT AAG GAC GAC GGT CAT TTA CCA GAC GCC TTA ATC AAA ATG GAA TAT GAA AGA CAA TTG AAT GAG AAC TTG GGG AGA TTA TTG AAA TGT ATT GCA AGA TAC AGA GCA AAA AGA ACC CAA AAG CAA TCA AAT TTC ATC AAG 



Printing out site pattern counts


         9        693  P

Scer                            AAA AAA AAA AAA AAC AAC AAC AAC AAC AAC AAG AAG AAG AAG AAG AAG AAG AAG AAT AAT AAT AAT AAT AAT ACA ACA ACA ACA ACA ACA ACA ACC ACC ACC ACC ACC ACT ACT ACT ACT ACT ACT AGA AGA AGA AGA AGA AGA AGA AGA AGA AGA AGA AGA AGA AGA AGG AGG AGG AGT ATA ATC ATC ATC ATC ATC ATG ATG ATG ATG ATG ATT ATT ATT ATT ATT CAA CAA CAA CAA CAA CAA CAA CAC CAG CAG CAG CAG CAG CCA CCA CCA CCA CCA CCC CCC CCC CCG CCG CCG CCT CCT CCT CGG CGT CGT CTA CTA CTG CTT CTT CTT GAA GAA GAA GAA GAA GAA GAA GAA GAA GAC GAC GAC GAC GAC GAC GAC GAG GAG GAG GAG GAG GAT GAT GAT GAT GAT GAT GAT GAT GAT GAT GAT GAT GAT GAT GAT GCA GCA GCC GCC GCC GCC GCC GCC GCC GCC GCC GCG GCT GCT GCT GCT GCT GGC GGC GGT GGT GGT GGT GGT GGT GTA GTA GTC GTC GTC GTC GTT GTT TAC TAC TAC TAT TAT TCA TCA TCT TCT TCT TCT TCT TCT TCT TCT TGC TGG TGG TGT TGT TGT TTA TTA TTA TTA TTA TTA TTA TTA TTA TTA TTC TTC TTC TTC TTG TTG TTG TTG TTG TTG TTG TTG TTG TTG TTT TTT TTT TTT TTT 
Sbay                            ... ... ..G ..G ... ..T ..T ..T ..T ..T ..A ..A ... ... ... ... ... T.C ..C ..C ... ... ... ... ... ... ..C ..G ..G ..T ..T ..A ... ..G ..T T.T ..C ..C ..C ..C ... ... ... ... ... ... ... ... ... ... ... ... ... ... ... ... .AA C.A C.A ..C ..G ... ... ... ..T ..T ... ... ... ... ... ..C ..C ..C ..C ... ... ... ... ... ... ... ..G ... ..A ..A ..A ..A ... ... ... ..C ..G ..T ... ... ... ..A ..C ..T ..A ..G ... ... ... ... ..T T.. ..A ..G ..G ... ... ... ... ... ... ... ... ... ... A.. ..A ... ... ..T ..T ..T ..A ..A ..A ..A ... ..C ..C ..C ..C ... ... ... ... ... ... ... ... ... ... ... ..C ..T ... ... ... ... ... ... ..T ..T ..T ..A ..C ..C ..C ... T.C ... ... ... ... ... ... ... ... ... ..G ... ... ..T TCT ..C ..C ... ... ..T ... ... ... ..G GAC ..A ..C ..C ... ... ... ... ... ... ... ..C ..C ... C.. C.. ... ... ... ..G ..G ..G ..G ..G ... ... ... ..T C.. ..A ..A ... ... ... ... ... ... ... ..C ..C ..C ... ... 
Smik                            ... ... ... ... ... ... ... ..T C.A G.T ... ... ..A ..A ... ... GTA T.C ..C ... ..C ... ... ... ... ..G ..T ... ... ... ... ..A ..T ..A ... T.A ..A ..C ... ... ... T.. ... ... ... ... ... ... ... ... ... ... ... ..G ..G ..G .AA ..A ... ... ... ... ..T ..T ... ... ... ... ... ... T.. ... ... ... ... ... ... ... ... ... ..G G.. ..G ... ..A ..A ... ... ... ... ..G ..T ..G ..C ... ..G ..T ..A ..C ..C ... ..G ..A ... ... ... ..G A.T ..A ... ... ... ACT ... ... ... ... ... ... ... ..G A.. ..A ... ... ..T ..T ..T ..A ..A ... ... ..A ..C ..C ... ... ... ... ... ... ... ... ... ... ... ... ... ..G ..G AG. ... ... ..T ..T .G. ..T ..T TA. ..A ..C ..C ..C ..C T.. ... ..G ..A ..C ... ... ... ... ..G T.G ..A ... ..T TC. ..C ... ... ... ..T ... ... ..C ... GAC ... ..C ... ... ... ... .T. ... ... ... ..C ... ... C.. C.. C.. ... ... ... ... ... ..G ..G ... ... ..T ..T ..A C.. ..A ..A ... ... ... ... ... ... ..C ..C ..C ..C ... 
Spar                            ... ..G ... ... ... ... ..T ... ..T ... ... ... ... ... ... ... ... TTC ... ... ..C ... ... ... ... ..C ..G ..G ..G ..T ..T ..A ... ..G ... T.. ... ..C ... ... ... ..C ... ... ... ... ... ... ... ... ... ... ..G ... ... ... .A. ... ... ... ... ... ... ..T ... ... ... ... ... ... ... ..C ... ... ... ... ... ... ... ... ... ... ... ... ..A ..A ... ... ... ... ... ... ..G ... ..T ... ... ..A ... ..A ... ..G ... ..A ... ... ... ... ..A ... ... ... ... ... ... ... ... ... ... ..G ... A.. ..A ... ... ... ..T ..T ... ... ..A ... ..A ..C ... ... ... ..C ... ... ... ... ... ... ... ... ... ... ... ... ... ... ..T ... ..T ... ... ..T ... ..A ..C ..C ... ... T.. ... ... ... ... ..C ... ... ... ... ... ..T ... ..T TCT ... ..A ... ... ... ... ... ... ... GAC ... ..C ..C ... ... ... ... ... ... ... ... ... ... ... ... ... ... ... ... ... ... ..G ..G ... ... ..T ..T ... ..A ... ... ..A ... ... ... ... ... ..C ... ... ... ... 
Ncas                            ... ..G ... ..G ..T TCT ..T ... TC. ..T ..A ... ..A ... ... ... TCC T.T .TG ... ... ..C ... GG. T.T .T. ... ... T.T ..T T.T ..A ... ..A ..T CGT ..A .A. ..A ..C ..G CAA .A. .A. .AG ... ... ... ... ... C.T GCT TTG .A. ... ... .AA ..A C.A ... G.C ..T ..T ..T ... ..T ... ... ... CAA C.T ..C ... ... ... ... ATG ... ... ... ... G.. ... ... ..A ... ..A .CT .CA ..G ..T T.G ..T GA. ... ..T ..A ..T ... ..A ..A ..A ..A ..T A.A ... T.. G.G ..T ..A ... ..A ..G C.. ... ... ... ... ..G ... TCT ..T ..A ..T TCA ... ..T ..T A.A ..A ... ..A ... ... ... ... ... ... A.G ..C ... ... ... ... ... ... ... .GA ..T ... T.T ..T ..T ..T ..T T.T ..G .AA CAA ..C ..C ... TTG ... .A. ..T .AT ... ..G ... ... ... ... ..G T.. ... ..T ..T CAA ... ... ..T ..T ..T ..C ... ... ..C AG. AAA A.. ... ..C ..C ... ..A AA. ... ... ... ... ..C ... ... ... ..G ..G ... ... ..G C.. ..G ... ... ... ... ..A ..A ..A ... C.T ..A ..A ..A ... ... ... ..C ..C ..C ... 
Cgla                            ..G ..G ..G ..G ... TCT ... ..T .GA C.. ..A ... ..A ... ... ... ..A TTT G.A ... ... ..C ... TG. ..T GTC ..G ... GGT ... ... ... ... ..A ... T.A ... GT. ..C ..C ..A ..A ... ... ... ... ... ... ... ... C.T ..G ..G ... ... ... .AA ..A ... TC. ..T ... ..T ... ... ..T ... ... ... .GT T.. ..A ..C ... ... ... T.T ... ... GC. A.C ..G ..G ... ... ... ..A GCA G.. ... ... ... ... ... ..A ..A ... ..T ..A ... ... ..G ..A A.A A.A ... ... G.C ..T T.A T.G T.G ..G ... ... ..G ..G ..G ..G ... ..G A.. ..G ..T ... ..T ... ..T ..A ... ..A ..A ..A ..C ... ..C ..C ..C ... ..C ..C ..C ... ... ... ... ... ..G ..T ... T.T ..T ..T ..T ..T AGT ... T.T .AA ..C ... ..C .TG ..C CAA ... AAT ... ... ... ..C ... ... .C. TCT ..T ... ..T TCT ..C ... ... ..T ... ... ..C G.C ... GAC ... ... ..C G.A ... ... AA. AA. ... ... ..C ..C ..C ... ..G C.G ..G ..G ..G ..G ..G ..G ..G ... ... ... ... ... C.A ... ... C.A C.A C.A ..A C.. ... ..C ..C ... ..C ..C 
Agos                            ..G ... ..G ..G ... TCG ... ... .GA G.. ... ... ... ... ... ... ... TTC C.G ..C ..C ... ..C G.G ..C .TC ..G ... ..G ..G .GC ..G ... ... ... T.T ..C GTC ..G ..C T.. G.G ... C.T ... ... C.C C.C C.C C.T C.T ..G C.C ... C.G C.T .AA C.T ... TCG ..T ... ..A ..T ... ... ... ... G.. CGC C.T ... ..C ..A ..C ..C T.C ..C ..G ..G ..G ..G ... ... ... ... A.. T.C .C. ..T ..G ..G ..G ... ..G ..A ..G ... ... ... ..C ..G ..C ..C ..C ... ..T G.G ... ..G ..G ..G ATG ..G ..G ... ... ..G ..G ..G ..G A.. ..G ... ... ..G ... ... ATT ... ... ..A ... ..C ..C ..C ... ..C ..C ..C ..C ..C ..C ..C ..C ..C ... C.G ..C ..C A.A ..G ..G ..A ... .T. ..G .AG .AT ..C ... ... T.C ..G CAG ..G ... ..C ..C ..C ..C ..C ... ..G ACG ... ..G ..G TCT ..C ..C ... ..T ... ... ..C AAC ..G GAC ... ..C ..C CG. ..G ..G G.G ... ... ... ..C ..C ..C C.G C.C ..G C.G C.T C.T ..G C.G ..G C.G ... ... ..T ... C.. C.. A.. ... C.C C.C C.. C.A C.. ... ..C ..C ..C ..C ..C 
Klac                            C.. ... ..G ..G ... .GT ..T ..T ..G .CT ... ..A ..A ... ... ... ..A T.C ... ..C ..C ..C ..C G.. .TT .TC T.T ... ... ..T .GT ..T ..T G.T ... T.. ..A GA. ..C ..C ..C G.. ... ... ... ... ... ... C.T ... C.T ... ... ... ... ... .A. .A. ..A TCA ..G ... ..T ..T ... ..T ... ... ... .A. G.T ... ..C ..C ..C ..C GC. ... ... A.G ... .C. ... ... ... ..A A.A G.A .CA ... ..C ..T ..T ... ..T ..T A.G ... ..A ..A ..A ..A ..A A.A ... A.A ..T G.C ..T ..A T.A ..A ... ... ... ... ..G ... ..G ... ... A.. ..A ... ... ..G ... ..T ATA ..A ... ..A ..A ..C ... ..C ..C ... ..C ..C ..C ... ..A ..G ... ... ..C C.A ..C ... T.T ... ..T ..G ..T ..T ..T .AA .AG ..A ..C ... ... ... T.. ..G .CT ... ..G ... ... ... ... ..G TAT ... ... ... TC. ..C ..C ... ..T ... ... ..C AAG ..G GAC ... ... ..C G.. ... ... ..A ACA ... ... ... ... ..C ... ..G C.T ... ..G C.. C.. ... ..G ..G ... ..T ..T ... ..A C.T A.. ... ... ..A ..A ..A C.T ... ..C ..C ... ..C ..C 
Calb                            C.. ..G .CT ... ... G.T ..T ..T G.G GGT ..A ..A ..A C.A ..A ... ..A TTC .C. ... ..C ..C ... C.A ..G GTC ..T ... ..T ..C G.. ..A ..T ..T ..T T.A ..C TTG T.. ..C .TG .TG ... ... ... ... ... C.T C.T ... ... ... ... .C. ... ... .A. .AA ..A TCG .AG ..G TAT ..T ... ..T ... ..T T.T ..T ..T ... ..C ..A ... ... ..T ... ... ACC A.T GCC ..G ..T ..A ..A A.A ..A G.A ... ..T ... ..G ... ... ..A ... ..A ..A ..C ..A ..A ..A A.A A.A A.A T.T GC. T.A T.G T.A T.A TGT ..T ... ... ... ... C.. ... ... A.. ..A ..T ... ..T ... ..T ATT ... ..A ..A ..A ... ... ..C .T. ... AC. ..C ... ..C ... ..G ..C ... ... ... ..C ..T AA. ..T ..T ..A ..T ..T ..A .AA .AG ..C ..C ..C AA. ... .G. ..T AA. ... ..G ... ... ... ... ..T TC. ..T ..T ..T TCT ..C A.C ... ..T ..T ..C .TA ... ..C GAC ... ..A G.. CAA GG. ... GAA GA. AAT ... AT. ... ... ... ..G ... ..G ..G ... ..G ... ... ..G ..T ..T ..T ..T ..A ..A CAT ... ..A ... ... ... ..A ... A.C ..C ..C ..C ..C 

    1    2    1    1    1    1    1    2    1    1    5    1    2    4    1
    5    1    2    1    3    1    2    1    1    1    1    1    3    1    2
    3    1    1    1    2    2    1    2    1    1    1    1    2    2    1
    5    1    1    2    1    1    1    1    1    2    2    1    1    2    1
    1    1    3    3    1    1    9    2    1    1    3    1    2    1    2
    2    1    2    3    1    3    1    1    1    5    1    1    1    2    2
    1    3    2    1    1    1    1    2    3    1    1    2    1    2    2
    1    1    2    1    1    2    3    1    1    7    1    1    2    1    1
    3    1    1    2    2    3    2    2    1    2    1    1    1    1    2
    2    3    1    1    1    1    1    1    2    5    1    1    2    1    1
    1    1    1    1    2    1    1    1    3    1    1    2    1    1    1
    1    2    2    1    1    1    1    4    2    2    1    3    1    1    2
    5    3    2    1    5    1    1    4    1    1    1    2    2    1    4
    1    1    2    2    1    3    3    1    2    1    2    2    2    2    1
    3    2    1    1    1    1    3    1    1    1    2    1    4    1    2
    4    1    2    2    1    1

CODONML (in paml version 4.9j, February 2020)  temp.nuc
Model: One dN/dS ratio, 
Codon frequency model: Fequal
ns =   9  ls = 394

Codon usage in sequences
--------------------------------------------------------------------------------------------------------------------------------------
Phe TTT   7   3   4   8   2   4 | Ser TCT  13  11  12  11  17  14 | Tyr TAT   6   7   7   6   9   8 | Cys TGT   7   3   6   7   4   1
    TTC   4   8   8   5   9   9 |     TCC   0   4   3   5   9   2 |     TAC   6   7  10   6   5   5 |     TGC   1   5   2   1   3   7
Leu TTA  18   9  14  16  22   3 |     TCA   5   2   6   5   4   6 | *** TAA   0   0   0   0   0   0 | *** TGA   0   0   0   0   0   0
    TTG  20  25  24  22  16  33 |     TCG   0   4   0   0   3   0 |     TAG   0   0   0   0   0   0 | Trp TGG   4   4   4   4   4   4
--------------------------------------------------------------------------------------------------------------------------------------
Leu CTT   6   4   6   6   8   1 | Pro CCT   4   3   5   3   7   3 | His CAT   0   0   0   0   0   0 | Arg CGT   3   3   3   3   6   2
    CTC   0   0   0   0   0   0 |     CCC   3   9   6   2   1   1 |     CAC   1   1   1   1   1   2 |     CGC   0   0   0   0   0   0
    CTA   3   4   5   4   7   9 |     CCA   9   6   5  10   8  15 | Gln CAA  12  19  14  18  23   7 |     CGA   0   3   0   2   2   0
    CTG   1   6   2   0   0   3 |     CCG   6   4   6   7   5   3 |     CAG  10   3   8   4   1   8 |     CGG   2   2   2   0   0   0
--------------------------------------------------------------------------------------------------------------------------------------
Ile ATT   8   4  16  10  15  10 | Thr ACT   7   9   6   9   5   2 | Asn AAT   9  11   9  10  10  10 | Ser AGT   1   0   1   1   2   2
    ATC   9  13   3   7   2   7 |     ACC   7   7   4   7   2   6 |     AAC   7   6   6   7   5   9 |     AGC   0   1   1   0   0   0
    ATA   1   0   1   1   1   1 |     ACA  12   3  13   2   8  11 | Lys AAA   5  10  12   3  17   9 | Arg AGA  23  23  19  22  17  26
Met ATG  16  17  13  16  14  12 |     ACG   0   5   1   6   1   1 |     AAG  21  15  12  22  16  16 |     AGG   4   0   7   4   0   4
--------------------------------------------------------------------------------------------------------------------------------------
Val GTT   7   1   6   4  11   9 | Ala GCT   6   7   5   6  10   7 | Asp GAT  25  24  30  27  31  20 | Gly GGT  10  10   7   9  11  10
    GTC   6  11   5   3   2   8 |     GCC  12  12   7  11   2   6 |     GAC  13  13   8  10   4  15 |     GGC   3   3   3   4   0   2
    GTA   4   2   2   9   0   0 |     GCA   2   1   1   3   1   7 | Glu GAA  18  24  20  20  19  17 |     GGA   0   0   2   0   2   0
    GTG   0   2   2   0   4   1 |     GCG   1   0   2   0   1   0 |     GAG   6   1   5   5   4  16 |     GGG   0   0   2   0   1   0
--------------------------------------------------------------------------------------------------------------------------------------

--------------------------------------------------------------------------------------
Phe TTT   1   4   6 | Ser TCT   5  10   7 | Tyr TAT   7   9   6 | Cys TGT   0   4   7
    TTC  12   7   8 |     TCC   4   5   4 |     TAC   7   7   8 |     TGC   8   3   0
Leu TTA   0  15  23 |     TCA   0   2   6 | *** TAA   0   0   0 | *** TGA   0   0   0
    TTG  11  16  24 |     TCG  11   4   1 |     TAG   0   0   0 | Trp TGG   4   4   2
--------------------------------------------------------------------------------------
Leu CTT   8   6   0 | Pro CCT   2   7   1 | His CAT   0   0   3 | Arg CGT  10   5   3
    CTC   5   0   0 |     CCC   2   1   3 |     CAC   3   1   0 |     CGC  10   0   0
    CTA   1   8   0 |     CCA   2  14  16 | Gln CAA   1  13  21 |     CGA   0   0   0
    CTG  23   0   0 |     CCG  18   2   2 |     CAG  18   5   1 |     CGG   2   0   0
--------------------------------------------------------------------------------------
Ile ATT   6   9  17 | Thr ACT   0   5   9 | Asn AAT   2   4  13 | Ser AGT   0   4   0
    ATC  10  10   9 |     ACC   7   5   5 |     AAC  11   9   8 |     AGC   3   0   0
    ATA   4   1   1 |     ACA   4   6   5 | Lys AAA   3   7  13 | Arg AGA  10  25  26
Met ATG  13  14  12 |     ACG   8   1   1 |     AAG  23  23   9 |     AGG   3   0   0
--------------------------------------------------------------------------------------
Val GTT   0   3  10 | Ala GCT   3  15   9 | Asp GAT   7  15  19 | Gly GGT   4   9  13
    GTC  11  14   3 |     GCC   5   3   6 |     GAC  29  17  15 |     GGC   8   0   0
    GTA   0   0   0 |     GCA   1   3   7 | Glu GAA   3  24  23 |     GGA   0   0   0
    GTG   9   2   0 |     GCG   6   1   0 |     GAG  25  11   8 |     GGG   1   2   1
--------------------------------------------------------------------------------------

Codon position x base (3x4) table for each sequence.

#1: Scer           
position  1:    T:0.23096    C:0.15228    A:0.32995    G:0.28680
position  2:    T:0.27919    C:0.22081    A:0.35279    G:0.14721
position  3:    T:0.30203    C:0.18274    A:0.28426    G:0.23096
Average         T:0.27073    C:0.18528    A:0.32234    G:0.22166

#2: Sbay           
position  1:    T:0.23350    C:0.17005    A:0.31472    G:0.28173
position  2:    T:0.27665    C:0.22081    A:0.35787    G:0.14467
position  3:    T:0.25381    C:0.25381    A:0.26904    G:0.22335
Average         T:0.25465    C:0.21489    A:0.31387    G:0.21658

#3: Smik           
position  1:    T:0.25381    C:0.15990    A:0.31472    G:0.27157
position  2:    T:0.28173    C:0.20812    A:0.36041    G:0.14975
position  3:    T:0.31218    C:0.17005    A:0.28934    G:0.22843
Average         T:0.28257    C:0.17936    A:0.32149    G:0.21658

#4: Spar           
position  1:    T:0.24365    C:0.15228    A:0.32234    G:0.28173
position  2:    T:0.28173    C:0.22081    A:0.35279    G:0.14467
position  3:    T:0.30457    C:0.17513    A:0.29188    G:0.22843
Average         T:0.27665    C:0.18274    A:0.32234    G:0.21827

#5: Ncas           
position  1:    T:0.27157    C:0.17513    A:0.29188    G:0.26142
position  2:    T:0.28680    C:0.21320    A:0.36802    G:0.13198
position  3:    T:0.37563    C:0.11421    A:0.33249    G:0.17766
Average         T:0.31134    C:0.16751    A:0.33080    G:0.19036

#6: Cgla           
position  1:    T:0.24365    C:0.13706    A:0.31980    G:0.29949
position  2:    T:0.27919    C:0.21320    A:0.36041    G:0.14721
position  3:    T:0.26142    C:0.20051    A:0.28173    G:0.25635
Average         T:0.26142    C:0.18359    A:0.32064    G:0.23435

#7: Agos           
position  1:    T:0.17766    C:0.26650    A:0.27157    G:0.28426
position  2:    T:0.28934    C:0.19797    A:0.35279    G:0.15990
position  3:    T:0.13959    C:0.34264    A:0.07360    G:0.44416
Average         T:0.20220    C:0.26904    A:0.23266    G:0.29611

#8: Klac           
position  1:    T:0.22843    C:0.15736    A:0.31218    G:0.30203
position  2:    T:0.27665    C:0.21320    A:0.36802    G:0.14213
position  3:    T:0.27665    C:0.20812    A:0.29949    G:0.21574
Average         T:0.26058    C:0.19289    A:0.32657    G:0.21997

#9: Calb           
position  1:    T:0.25888    C:0.12690    A:0.32487    G:0.28934
position  2:    T:0.28680    C:0.20812    A:0.37310    G:0.13198
position  3:    T:0.31218    C:0.17513    A:0.35787    G:0.15482
Average         T:0.28596    C:0.17005    A:0.35195    G:0.19205

Sums of codon usage counts
------------------------------------------------------------------------------
Phe F TTT      39 | Ser S TCT     100 | Tyr Y TAT      65 | Cys C TGT      39
      TTC      70 |       TCC      36 |       TAC      61 |       TGC      30
Leu L TTA     120 |       TCA      36 | *** * TAA       0 | *** * TGA       0
      TTG     191 |       TCG      23 |       TAG       0 | Trp W TGG      34
------------------------------------------------------------------------------
Leu L CTT      45 | Pro P CCT      35 | His H CAT       3 | Arg R CGT      38
      CTC       5 |       CCC      28 |       CAC      11 |       CGC      10
      CTA      41 |       CCA      85 | Gln Q CAA     128 |       CGA       7
      CTG      35 |       CCG      53 |       CAG      58 |       CGG       8
------------------------------------------------------------------------------
Ile I ATT      95 | Thr T ACT      52 | Asn N AAT      78 | Ser S AGT      11
      ATC      70 |       ACC      50 |       AAC      68 |       AGC       5
      ATA      11 |       ACA      64 | Lys K AAA      79 | Arg R AGA     191
Met M ATG     127 |       ACG      24 |       AAG     157 |       AGG      22
------------------------------------------------------------------------------
Val V GTT      51 | Ala A GCT      68 | Asp D GAT     198 | Gly G GGT      83
      GTC      63 |       GCC      64 |       GAC     124 |       GGC      23
      GTA      17 |       GCA      26 | Glu E GAA     168 |       GGA       4
      GTG      20 |       GCG      11 |       GAG      81 |       GGG       7
------------------------------------------------------------------------------


Codon position x base (3x4) table, overall

position  1:    T:0.23801    C:0.16638    A:0.31134    G:0.28426
position  2:    T:0.28201    C:0.21292    A:0.36069    G:0.14439
position  3:    T:0.28201    C:0.20248    A:0.27552    G:0.23999
Average         T:0.26734    C:0.19393    A:0.31585    G:0.22288

Codon frequencies under model, for use in evolver (TTT TTC TTA TTG ... GGG):
  0.01639344  0.01639344  0.01639344  0.01639344
  0.01639344  0.01639344  0.01639344  0.01639344
  0.01639344  0.01639344  0.00000000  0.00000000
  0.01639344  0.01639344  0.00000000  0.01639344
  0.01639344  0.01639344  0.01639344  0.01639344
  0.01639344  0.01639344  0.01639344  0.01639344
  0.01639344  0.01639344  0.01639344  0.01639344
  0.01639344  0.01639344  0.01639344  0.01639344
  0.01639344  0.01639344  0.01639344  0.01639344
  0.01639344  0.01639344  0.01639344  0.01639344
  0.01639344  0.01639344  0.01639344  0.01639344
  0.01639344  0.01639344  0.01639344  0.01639344
  0.01639344  0.01639344  0.01639344  0.01639344
  0.01639344  0.01639344  0.01639344  0.01639344
  0.01639344  0.01639344  0.01639344  0.01639344
  0.01639344  0.01639344  0.01639344  0.01639344


TREE #  1:  (((((1, 4), (3, 2)), 5), 6), ((7, 8), 9));   MP score: 1150
This is a rooted tree.  Please check!
lnL(ntime: 16  np: 18):  -6453.555756      +0.000000
  10..11   11..12   12..13   13..14   14..1    14..4    13..15   15..3    15..2    12..5    11..6    10..16   16..17   17..7    17..8    16..9  
 0.004515 0.201812 0.477182 0.038436 0.257053 0.073508 0.077349 0.395525 0.321171 1.014409 0.560991 0.055706 0.237279 1.197778 0.427180 1.402446 1.690542 0.065380

Note: Branch length is defined as number of nucleotide substitutions per codon (not per neucleotide site).

tree length =  6.742341

(((((1: 0.257053, 4: 0.073508): 0.038436, (3: 0.395525, 2: 0.321171): 0.077349): 0.477182, 5: 1.014409): 0.201812, 6: 0.560991): 0.004515, ((7: 1.197778, 8: 0.427180): 0.237279, 9: 1.402446): 0.055706);

(((((Scer: 0.257053, Spar: 0.073508): 0.038436, (Smik: 0.395525, Sbay: 0.321171): 0.077349): 0.477182, Ncas: 1.014409): 0.201812, Cgla: 0.560991): 0.004515, ((Agos: 1.197778, Klac: 0.427180): 0.237279, Calb: 1.402446): 0.055706);

Detailed output identifying parameters

kappa (ts/tv) =  1.69054

omega (dN/dS) =  0.06538

dN & dS for each branch

 branch          t       N       S   dN/dS      dN      dS  N*dN  S*dS

  10..11     0.005   859.9   322.1  0.0654  0.0003  0.0047   0.3   1.5
  11..12     0.202   859.9   322.1  0.0654  0.0137  0.2102  11.8  67.7
  12..13     0.477   859.9   322.1  0.0654  0.0325  0.4970  27.9 160.1
  13..14     0.038   859.9   322.1  0.0654  0.0026  0.0400   2.3  12.9
  14..1      0.257   859.9   322.1  0.0654  0.0175  0.2677  15.1  86.2
  14..4      0.074   859.9   322.1  0.0654  0.0050  0.0766   4.3  24.7
  13..15     0.077   859.9   322.1  0.0654  0.0053  0.0806   4.5  25.9
  15..3      0.396   859.9   322.1  0.0654  0.0269  0.4120  23.2 132.7
  15..2      0.321   859.9   322.1  0.0654  0.0219  0.3345  18.8 107.7
  12..5      1.014   859.9   322.1  0.0654  0.0691  1.0565  59.4 340.3
  11..6      0.561   859.9   322.1  0.0654  0.0382  0.5843  32.9 188.2
  10..16     0.056   859.9   322.1  0.0654  0.0038  0.0580   3.3  18.7
  16..17     0.237   859.9   322.1  0.0654  0.0162  0.2471  13.9  79.6
  17..7      1.198   859.9   322.1  0.0654  0.0816  1.2475  70.1 401.8
  17..8      0.427   859.9   322.1  0.0654  0.0291  0.4449  25.0 143.3
  16..9      1.402   859.9   322.1  0.0654  0.0955  1.4607  82.1 470.4

tree length for dN:       0.4591
tree length for dS:       7.0224


Time used:  0:08
