6QH5_M_consurf_summary.txt -> Unable to find the grades page on ConSurfDB site
1II2_B_consurf_summary.txt -> Unable to find the grades page on ConSurfDB site
5HMS_B_consurf_summary.txt -> Unable to find the grades page on ConSurfDB site
1DQW_B_consurf_summary.txt -> Unable to find the grades page on ConSurfDB site
3RFH_C_consurf_summary.txt -> Unable to find the grades page on ConSurfDB site
4W6Z_B_consurf_summary.txt -> Unable to find the grades page on ConSurfDB site
5N69_B_consurf_summary.txt -> Unable to find the grades page on ConSurfDB site
4R17_P_consurf_summary.txt -> Unable to find the grades page on ConSurfDB site
4C3I_G_consurf_summary.txt -> Unable to find the grades page on ConSurfDB site
1TU3_B_consurf_summary.txt -> Unable to find the grades page on ConSurfDB site
6G2G_B_consurf_summary.txt -> Unable to find the grades page on ConSurfDB site
4KVA_B_consurf_summary.txt -> Unable to find the grades page on ConSurfDB site
2P9I_B_consurf_summary.txt -> Unable to find the grades page on ConSurfDB site
3CX5_S_consurf_summary.txt -> Unable to find the grades page on ConSurfDB site
6QH5_S_consurf_summary.txt -> Unable to find the grades page on ConSurfDB site
3D8X_B_consurf_summary.txt -> Unable to find the grades page on ConSurfDB site
2J5T_D_consurf_summary.txt -> Unable to find the grades page on ConSurfDB site
2P9C_B_consurf_summary.txt -> Unable to find the grades page on ConSurfDB site
3CPH_G_consurf_summary.txt -> Unable to find the grades page on ConSurfDB site
2J3W_C_consurf_summary.txt -> Unable to find the grades page on ConSurfDB site
1KX5_H_consurf_summary.txt -> Unable to find the grades page on ConSurfDB site
4LAC_C_consurf_summary.txt -> Unable to find the grades page on ConSurfDB site
4MRS_B_consurf_summary.txt -> Unable to find the grades page on ConSurfDB site
2VDU_F_consurf_summary.txt -> Unable to find the grades page on ConSurfDB site
4Z87_B_consurf_summary.txt -> Unable to find the grades page on ConSurfDB site
3BW1_B_consurf_summary.txt -> Unable to find the grades page on ConSurfDB site
2GVN_F_consurf_summary.txt -> Unable to find the grades page on ConSurfDB site
1AFW_B_consurf_summary.txt -> Unable to find the grades page on ConSurfDB site
4U1F_B_consurf_summary.txt -> Unable to find the grades page on ConSurfDB site
1HV8_B_consurf_summary.txt -> Unable to find the grades page on ConSurfDB site
4LQI_X_consurf_summary.txt -> Unable to find the grades page on ConSurfDB site
4FCX_A_consurf_summary.txt -> Unable to find the grades page on ConSurfDB site
6G2G_B_consurf_summary.txt -> Unable to find the grades page on ConSurfDB site
4R17_Z_consurf_summary.txt -> Unable to find the grades page on ConSurfDB site
4C3I_H_consurf_summary.txt -> Unable to find the grades page on ConSurfDB site
5N6N_B_consurf_summary.txt -> Unable to find the grades page on ConSurfDB site
4F7O_B_consurf_summary.txt -> Unable to find the grades page on ConSurfDB site
4KVA_B_consurf_summary.txt -> Unable to find the grades page on ConSurfDB site
4C3I_E_consurf_summary.txt -> Unable to find the grades page on ConSurfDB site
4C2M_H_consurf_summary.txt -> Unable to find the grades page on ConSurfDB site
3DVA_D_consurf_summary.txt -> Unable to find the grades page on ConSurfDB site
1P6O_B_consurf_summary.txt -> Unable to find the grades page on ConSurfDB site
2BIF_B_consurf_summary.txt -> Unable to find the grades page on ConSurfDB site
2P9C_B_consurf_summary.txt -> Unable to find the grades page on ConSurfDB site
4A8J_F_consurf_summary.txt -> Unable to find the grades page on ConSurfDB site
3ZIA_M_consurf_summary.txt -> Unable to find the grades page on ConSurfDB site
4BYF_D_consurf_summary.txt -> Unable to find the grades page on ConSurfDB site
6IIN_B_consurf_summary.txt -> Unable to find the grades page on ConSurfDB site
1AOI_G_consurf_summary.txt -> Unable to find the grades page on ConSurfDB site
6ASO_E_consurf_summary.txt -> Unable to find the grades page on ConSurfDB site
4LTC_X_consurf_summary.txt -> Unable to find the grades page on ConSurfDB site
6CKX_B_consurf_summary.txt -> Unable to find the grades page on ConSurfDB site
2CE7_C_consurf_summary.txt -> Unable to find the grades page on ConSurfDB site
3VMF_B_consurf_summary.txt -> Unable to find the grades page on ConSurfDB site
3OLJ_D_consurf_summary.txt -> Unable to find the grades page on ConSurfDB site
2DH4_B_consurf_summary.txt -> Unable to find the grades page on ConSurfDB site
6OFB_B_consurf_summary.txt -> Unable to find the grades page on ConSurfDB site
6K3H_M_consurf_summary.txt -> Unable to find the grades page on ConSurfDB site
4GSK_B_consurf_summary.txt -> Unable to find the grades page on ConSurfDB site
3MKS_D_consurf_summary.txt -> Unable to find the grades page on ConSurfDB site
5B04_D_consurf_summary.txt -> Unable to find the grades page on ConSurfDB site
4C2M_M_consurf_summary.txt -> Unable to find the grades page on ConSurfDB site
4C2M_N_consurf_summary.txt -> Unable to find the grades page on ConSurfDB site
2P9I_C_consurf_summary.txt -> Unable to find the grades page on ConSurfDB site
5TKY_B_consurf_summary.txt -> Unable to find the grades page on ConSurfDB site
6E49_C_consurf_summary.txt -> Unable to find the grades page on ConSurfDB site
5D2M_E_consurf_summary.txt -> Unable to find the grades page on ConSurfDB site
4M7D_D_consurf_summary.txt -> Unable to find the grades page on ConSurfDB site
4R17_U_consurf_summary.txt -> Unable to find the grades page on ConSurfDB site
3CW9_B_consurf_summary.txt -> Unable to find the grades page on ConSurfDB site
1EQZ_E_consurf_summary.txt -> Unable to find the grades page on ConSurfDB site
3FPZ_B_consurf_summary.txt -> Unable to find the grades page on ConSurfDB site
1EQZ_G_consurf_summary.txt -> Unable to find the grades page on ConSurfDB site
3Q68_B_consurf_summary.txt -> Unable to find the grades page on ConSurfDB site
3NB0_C_consurf_summary.txt -> Unable to find the grades page on ConSurfDB site
3MVD_G_consurf_summary.txt -> Unable to find the grades page on ConSurfDB site
1R5T_C_consurf_summary.txt -> Unable to find the grades page on ConSurfDB site
1EQZ_H_consurf_summary.txt -> Unable to find the grades page on ConSurfDB site
4R17_W_consurf_summary.txt -> Unable to find the grades page on ConSurfDB site
4DGL_B_consurf_summary.txt -> Unable to find the grades page on ConSurfDB site
4KVA_B_consurf_summary.txt -> Unable to find the grades page on ConSurfDB site
3NVI_C_consurf_summary.txt -> Unable to find the grades page on ConSurfDB site
4CW7_H_consurf_summary.txt -> Unable to find the grades page on ConSurfDB site
3CX5_L_consurf_summary.txt -> Unable to find the grades page on ConSurfDB site
3TNP_F_consurf_summary.txt -> Unable to find the grades page on ConSurfDB site
4R17_O_consurf_summary.txt -> Unable to find the grades page on ConSurfDB site
1EWQ_B_consurf_summary.txt -> Unable to find the grades page on ConSurfDB site
4Q1S_X_consurf_summary.txt -> Unable to find the grades page on ConSurfDB site
4LTC_R_consurf_summary.txt -> Unable to find the grades page on ConSurfDB site
3NVA_B_consurf_summary.txt -> Unable to find the grades page on ConSurfDB site
1ONE_B_consurf_summary.txt -> Unable to find the grades page on ConSurfDB site
1Q3Q_D_consurf_summary.txt -> Unable to find the grades page on ConSurfDB site
1KX5_E_consurf_summary.txt -> Unable to find the grades page on ConSurfDB site
4EO4_C_consurf_summary.txt -> Unable to find the grades page on ConSurfDB site
5B6M_B_consurf_summary.txt -> Unable to find the grades page on ConSurfDB site
6R3P_B_consurf_summary.txt -> Unable to find the grades page on ConSurfDB site
5ERG_B_consurf_summary.txt -> Unable to find the grades page on ConSurfDB site
3CQX_B_consurf_summary.txt -> Unable to find the grades page on ConSurfDB site
1NH2_A_consurf_summary.txt -> Unable to find the grades page on ConSurfDB site
5AYV_B_consurf_summary.txt -> Unable to find the grades page on ConSurfDB site
2VSX_B_consurf_summary.txt -> Unable to find the grades page on ConSurfDB site
4DGL_D_consurf_summary.txt -> Unable to find the grades page on ConSurfDB site
5XJU_G_consurf_summary.txt -> Unable to find the grades page on ConSurfDB site
2XPI_D_consurf_summary.txt -> Unable to find the grades page on ConSurfDB site
3OHT_B_consurf_summary.txt -> Unable to find the grades page on ConSurfDB site
4UHI_D_consurf_summary.txt -> Unable to find the grades page on ConSurfDB site
1EQZ_G_consurf_summary.txt -> Unable to find the grades page on ConSurfDB site
4J7P_B_consurf_summary.txt -> Unable to find the grades page on ConSurfDB site
4R7Y_B_consurf_summary.txt -> Unable to find the grades page on ConSurfDB site
2Z5B_B_consurf_summary.txt -> Unable to find the grades page on ConSurfDB site
1QRQ_D_consurf_summary.txt -> Unable to find the grades page on ConSurfDB site
3KYH_D_consurf_summary.txt -> Unable to find the grades page on ConSurfDB site
4HRD_O_consurf_summary.txt -> Unable to find the grades page on ConSurfDB site
1EQZ_H_consurf_summary.txt -> Unable to find the grades page on ConSurfDB site
4A5O_B_consurf_summary.txt -> Unable to find the grades page on ConSurfDB site
1ZUD_3_consurf_summary.txt -> Unable to find the grades page on ConSurfDB site
2QQ4_J_consurf_summary.txt -> Unable to find the grades page on ConSurfDB site
2DM9_B_consurf_summary.txt -> Unable to find the grades page on ConSurfDB site
4KVA_B_consurf_summary.txt -> Unable to find the grades page on ConSurfDB site
3MKQ_E_consurf_summary.txt -> Unable to find the grades page on ConSurfDB site
1KX5_H_consurf_summary.txt -> Unable to find the grades page on ConSurfDB site
2V6U_B_consurf_summary.txt -> Unable to find the grades page on ConSurfDB site
1Y14_D_consurf_summary.txt -> Unable to find the grades page on ConSurfDB site
1TU3_B_consurf_summary.txt -> Unable to find the grades page on ConSurfDB site
3CQX_B_consurf_summary.txt -> Unable to find the grades page on ConSurfDB site
1YRB_B_consurf_summary.txt -> Unable to find the grades page on ConSurfDB site
3OW2_M_consurf_summary.txt -> Unable to find the grades page on ConSurfDB site
4M7D_E_consurf_summary.txt -> Unable to find the grades page on ConSurfDB site
1MI3_B_consurf_summary.txt -> Unable to find the grades page on ConSurfDB site
4C3I_J_consurf_summary.txt -> Unable to find the grades page on ConSurfDB site
4Z07_C_consurf_summary.txt -> Unable to find the grades page on ConSurfDB site
1EX2_B_consurf_summary.txt -> Unable to find the grades page on ConSurfDB site
6HWE_O_consurf_summary.txt -> Unable to find the grades page on ConSurfDB site
1SXJ_H_consurf_summary.txt -> Unable to find the grades page on ConSurfDB site
2IBZ_A_consurf_summary.txt -> Unable to find the grades page on ConSurfDB site
3PLT_B_consurf_summary.txt -> Unable to find the grades page on ConSurfDB site
1QB3_B_consurf_summary.txt -> Unable to find the grades page on ConSurfDB site
3VR6_F_consurf_summary.txt -> Unable to find the grades page on ConSurfDB site
3SBC_J_consurf_summary.txt -> Unable to find the grades page on ConSurfDB site
4NDN_D_consurf_summary.txt -> Unable to find the grades page on ConSurfDB site
1MLD_B_consurf_summary.txt -> Unable to find the grades page on ConSurfDB site
4RED_B_consurf_summary.txt -> Unable to find the grades page on ConSurfDB site
6HWE_U_consurf_summary.txt -> Unable to find the grades page on ConSurfDB site
4FIP_G_consurf_summary.txt -> Unable to find the grades page on ConSurfDB site
5OMX_H_consurf_summary.txt -> Unable to find the grades page on ConSurfDB site
1ULT_B_consurf_summary.txt -> Unable to find the grades page on ConSurfDB site
4R17_Q_consurf_summary.txt -> Unable to find the grades page on ConSurfDB site
2HJH_B_consurf_summary.txt -> Unable to find the grades page on ConSurfDB site
6CZF_D_consurf_summary.txt -> Unable to find the grades page on ConSurfDB site
3PYM_B_consurf_summary.txt -> Unable to find the grades page on ConSurfDB site
3ENM_C_consurf_summary.txt -> Unable to find the grades page on ConSurfDB site
1QSD_B_consurf_summary.txt -> Unable to find the grades page on ConSurfDB site
6HNU_B_consurf_summary.txt -> Unable to find the grades page on ConSurfDB site
4C2M_J_consurf_summary.txt -> Unable to find the grades page on ConSurfDB site
6GZM_B_consurf_summary.txt -> Unable to find the grades page on ConSurfDB site
3FKY_J_consurf_summary.txt -> Unable to find the grades page on ConSurfDB site
4CTS_B_consurf_summary.txt -> Unable to find the grades page on ConSurfDB site
2HZS_B_consurf_summary.txt -> Unable to find the grades page on ConSurfDB site
2Z5D_B_consurf_summary.txt -> Unable to find the grades page on ConSurfDB site
6ASY_B_consurf_summary.txt -> Unable to find the grades page on ConSurfDB site
1TWF_E_consurf_summary.txt -> Unable to find the grades page on ConSurfDB site
4C3I_K_consurf_summary.txt -> Unable to find the grades page on ConSurfDB site
4G4S_G_consurf_summary.txt -> Unable to find the grades page on ConSurfDB site
4DGL_B_consurf_summary.txt -> Unable to find the grades page on ConSurfDB site
3CW2_A_consurf_summary.txt -> Unable to find the grades page on ConSurfDB site
4LTC_Z_consurf_summary.txt -> Unable to find the grades page on ConSurfDB site
1N8P_D_consurf_summary.txt -> Unable to find the grades page on ConSurfDB site
5XJG_C_consurf_summary.txt -> Unable to find the grades page on ConSurfDB site
3DW8_C_consurf_summary.txt -> Unable to find the grades page on ConSurfDB site
3MVD_A_consurf_summary.txt -> Unable to find the grades page on ConSurfDB site
4FFB_B_consurf_summary.txt -> Unable to find the grades page on ConSurfDB site
3CQX_B_consurf_summary.txt -> Unable to find the grades page on ConSurfDB site
4OL0_A_consurf_summary.txt -> Unable to find the grades page on ConSurfDB site
3ZIA_R_consurf_summary.txt -> Unable to find the grades page on ConSurfDB site
6HWE_S_consurf_summary.txt -> Unable to find the grades page on ConSurfDB site
2CE7_C_consurf_summary.txt -> Unable to find the grades page on ConSurfDB site
4C0S_B_consurf_summary.txt -> Unable to find the grades page on ConSurfDB site
1RDZ_B_consurf_summary.txt -> Unable to find the grades page on ConSurfDB site
5N69_B_consurf_summary.txt -> Unable to find the grades page on ConSurfDB site
3PLT_B_consurf_summary.txt -> Unable to find the grades page on ConSurfDB site
2IX7_B_consurf_summary.txt -> Unable to find the grades page on ConSurfDB site
4LTC_S_consurf_summary.txt -> Unable to find the grades page on ConSurfDB site
3O8O_C_consurf_summary.txt -> Unable to find the grades page on ConSurfDB site
3CX5_O_consurf_summary.txt -> Unable to find the grades page on ConSurfDB site
1F66_G_consurf_summary.txt -> Unable to find the grades page on ConSurfDB site
4HRD_V_consurf_summary.txt -> Unable to find the grades page on ConSurfDB site
3M7N_F_consurf_summary.txt -> Unable to find the grades page on ConSurfDB site
3DW8_C_consurf_summary.txt -> Unable to find the grades page on ConSurfDB site
4M75_D_consurf_summary.txt -> Unable to find the grades page on ConSurfDB site
5YOX_G_consurf_summary.txt -> Unable to find the grades page on ConSurfDB site
4ZR8_B_consurf_summary.txt -> Unable to find the grades page on ConSurfDB site
4G9K_B_consurf_summary.txt -> Unable to find the grades page on ConSurfDB site
6GZM_B_consurf_summary.txt -> Unable to find the grades page on ConSurfDB site
3CJH_E_consurf_summary.txt -> Unable to find the grades page on ConSurfDB site
1DKG_B_consurf_summary.txt -> Unable to find the grades page on ConSurfDB site
4C3I_N_consurf_summary.txt -> Unable to find the grades page on ConSurfDB site
1RYP_V_consurf_summary.txt -> Unable to find the grades page on ConSurfDB site
1UKV_G_consurf_summary.txt -> Unable to find the grades page on ConSurfDB site
2ZU6_C_consurf_summary.txt -> Unable to find the grades page on ConSurfDB site
3S14_E_consurf_summary.txt -> Unable to find the grades page on ConSurfDB site
1AOI_F_consurf_summary.txt -> Unable to find the grades page on ConSurfDB site
3WYE_B_consurf_summary.txt -> Unable to find the grades page on ConSurfDB site
6QH5_A_consurf_summary.txt -> Unable to find the grades page on ConSurfDB site
4GSL_B_consurf_summary.txt -> Unable to find the grades page on ConSurfDB site
4NIF_E_consurf_summary.txt -> Unable to find the grades page on ConSurfDB site
2VK8_B_consurf_summary.txt -> Unable to find the grades page on ConSurfDB site
4LUC_B_consurf_summary.txt -> Unable to find the grades page on ConSurfDB site
3TNP_F_consurf_summary.txt -> Unable to find the grades page on ConSurfDB site
3RRM_B_consurf_summary.txt -> Unable to find the grades page on ConSurfDB site
1D8H_B_consurf_summary.txt -> Unable to find the grades page on ConSurfDB site
5HK1_C_consurf_summary.txt -> Unable to find the grades page on ConSurfDB site
6OBP_C_consurf_summary.txt -> Unable to find the grades page on ConSurfDB site
6CQK_B_consurf_summary.txt -> Unable to find the grades page on ConSurfDB site
3KC3_H_consurf_summary.txt -> Unable to find the grades page on ConSurfDB site
3LVL_B_consurf_summary.txt -> Unable to find the grades page on ConSurfDB site
5IVL_A_consurf_summary.txt -> Unable to find the grades page on ConSurfDB site
2FA2_B_consurf_summary.txt -> Unable to find the grades page on ConSurfDB site
3ZIA_Q_consurf_summary.txt -> Unable to find the grades page on ConSurfDB site
4QTU_B_consurf_summary.txt -> Unable to find the grades page on ConSurfDB site
1G6Q_6_consurf_summary.txt -> Unable to find the grades page on ConSurfDB site
2ZU6_C_consurf_summary.txt -> Unable to find the grades page on ConSurfDB site
3NB0_C_consurf_summary.txt -> Unable to find the grades page on ConSurfDB site
2E15_B_consurf_summary.txt -> Unable to find the grades page on ConSurfDB site
4LAC_C_consurf_summary.txt -> Unable to find the grades page on ConSurfDB site
1Q3Q_D_consurf_summary.txt -> Unable to find the grades page on ConSurfDB site
2CE7_C_consurf_summary.txt -> Unable to find the grades page on ConSurfDB site
4G6I_C_consurf_summary.txt -> Unable to find the grades page on ConSurfDB site
2HQM_B_consurf_summary.txt -> Unable to find the grades page on ConSurfDB site
4A8J_E_consurf_summary.txt -> Unable to find the grades page on ConSurfDB site
4M78_A_consurf_summary.txt -> Unable to find the grades page on ConSurfDB site
3MKS_C_consurf_summary.txt -> Unable to find the grades page on ConSurfDB site
1I1D_D_consurf_summary.txt -> Unable to find the grades page on ConSurfDB site
4JHD_A_consurf_summary.txt -> Unable to find the grades page on ConSurfDB site
5BSE_J_consurf_summary.txt -> Unable to find the grades page on ConSurfDB site
1TBP_B_consurf_summary.txt -> Unable to find the grades page on ConSurfDB site
1G6Y_B_consurf_summary.txt -> Unable to find the grades page on ConSurfDB site
4GUN_D_consurf_summary.txt -> Unable to find the grades page on ConSurfDB site
6R3P_B_consurf_summary.txt -> Unable to find the grades page on ConSurfDB site
4C2M_E_consurf_summary.txt -> Unable to find the grades page on ConSurfDB site
3QML_A_consurf_summary.txt -> Unable to find the grades page on ConSurfDB site
6G86_B_consurf_summary.txt -> Unable to find the grades page on ConSurfDB site
6NYA_C_consurf_summary.txt -> Unable to find the grades page on ConSurfDB site
1W2W_M_consurf_summary.txt -> Unable to find the grades page on ConSurfDB site
4G4S_A_consurf_summary.txt -> Unable to find the grades page on ConSurfDB site
4R17_V_consurf_summary.txt -> Unable to find the grades page on ConSurfDB site
2J3T_A_consurf_summary.txt -> Unable to find the grades page on ConSurfDB site
1Q3Q_D_consurf_summary.txt -> Unable to find the grades page on ConSurfDB site
2JKY_B_consurf_summary.txt -> Unable to find the grades page on ConSurfDB site
1WB9_B_consurf_summary.txt -> Unable to find the grades page on ConSurfDB site
3S14_K_consurf_summary.txt -> Unable to find the grades page on ConSurfDB site
2X8U_B_consurf_summary.txt -> Unable to find the grades page on ConSurfDB site
1SVT_N_consurf_summary.txt -> Unable to find the grades page on ConSurfDB site
4LTC_U_consurf_summary.txt -> Unable to find the grades page on ConSurfDB site
4M63_D_consurf_summary.txt -> Unable to find the grades page on ConSurfDB site
5HUT_B_consurf_summary.txt -> Unable to find the grades page on ConSurfDB site
6DO2_B_consurf_summary.txt -> Unable to find the grades page on ConSurfDB site
2GJD_D_consurf_summary.txt -> Unable to find the grades page on ConSurfDB site
1EQZ_E_consurf_summary.txt -> Unable to find the grades page on ConSurfDB site
3S14_B_consurf_summary.txt -> Unable to find the grades page on ConSurfDB site
3F3F_F_consurf_summary.txt -> Unable to find the grades page on ConSurfDB site
4C2M_K_consurf_summary.txt -> Unable to find the grades page on ConSurfDB site
4NJR_D_consurf_summary.txt -> Unable to find the grades page on ConSurfDB site
4LAC_C_consurf_summary.txt -> Unable to find the grades page on ConSurfDB site
3CPJ_G_consurf_summary.txt -> Unable to find the grades page on ConSurfDB site
5JGF_D_consurf_summary.txt -> Unable to find the grades page on ConSurfDB site
4KVA_B_consurf_summary.txt -> Unable to find the grades page on ConSurfDB site
4I6M_B_consurf_summary.txt -> Unable to find the grades page on ConSurfDB site
3CX5_R_consurf_summary.txt -> Unable to find the grades page on ConSurfDB site
3VAV_J_consurf_summary.txt -> Unable to find the grades page on ConSurfDB site
4Z87_B_consurf_summary.txt -> Unable to find the grades page on ConSurfDB site
3JZ4_D_consurf_summary.txt -> Unable to find the grades page on ConSurfDB site
1Q3Q_D_consurf_summary.txt -> Unable to find the grades page on ConSurfDB site
3W3Z_B_consurf_summary.txt -> Unable to find the grades page on ConSurfDB site
2ABJ_D_consurf_summary.txt -> Unable to find the grades page on ConSurfDB site
1CSM_B_consurf_summary.txt -> Unable to find the grades page on ConSurfDB site
5BNX_B_consurf_summary.txt -> Unable to find the grades page on ConSurfDB site
1HV8_B_consurf_summary.txt -> Unable to find the grades page on ConSurfDB site
4C8S_B_consurf_summary.txt -> Unable to find the grades page on ConSurfDB site
1V59_B_consurf_summary.txt -> Unable to find the grades page on ConSurfDB site
1THZ_B_consurf_summary.txt -> Unable to find the grades page on ConSurfDB site
1KX5_E_consurf_summary.txt -> Unable to find the grades page on ConSurfDB site
2O06_B_consurf_summary.txt -> Unable to find the grades page on ConSurfDB site
6N0I_B_consurf_summary.txt -> Unable to find the grades page on ConSurfDB site
1QD9_C_consurf_summary.txt -> Unable to find the grades page on ConSurfDB site
3DBH_C_consurf_summary.txt -> Unable to find the grades page on ConSurfDB site
2CE7_C_consurf_summary.txt -> Unable to find the grades page on ConSurfDB site
2HYD_B_consurf_summary.txt -> Unable to find the grades page on ConSurfDB site
1Q3Q_D_consurf_summary.txt -> Unable to find the grades page on ConSurfDB site
5B04_F_consurf_summary.txt -> Unable to find the grades page on ConSurfDB site
1YAA_B_consurf_summary.txt -> Unable to find the grades page on ConSurfDB site
1PJH_C_consurf_summary.txt -> Unable to find the grades page on ConSurfDB site
3I83_B_consurf_summary.txt -> Unable to find the grades page on ConSurfDB site
3ZIA_P_consurf_summary.txt -> Unable to find the grades page on ConSurfDB site
1KQN_F_consurf_summary.txt -> Unable to find the grades page on ConSurfDB site
4C2M_L_consurf_summary.txt -> Unable to find the grades page on ConSurfDB site
3C1M_D_consurf_summary.txt -> Unable to find the grades page on ConSurfDB site
6OBP_A_consurf_summary.txt -> Unable to find the grades page on ConSurfDB site
4OE6_B_consurf_summary.txt -> Unable to find the grades page on ConSurfDB site
6CYZ_B_consurf_summary.txt -> Unable to find the grades page on ConSurfDB site
1F6M_B_consurf_summary.txt -> Unable to find the grades page on ConSurfDB site
2BL2_J_consurf_summary.txt -> Unable to find the grades page on ConSurfDB site
2CE7_C_consurf_summary.txt -> Unable to find the grades page on ConSurfDB site
5BXQ_B_consurf_summary.txt -> Unable to find the grades page on ConSurfDB site
1NVW_R_consurf_summary.txt -> Unable to find the grades page on ConSurfDB site
4JHD_B_consurf_summary.txt -> Unable to find the grades page on ConSurfDB site
3NMU_G_consurf_summary.txt -> Unable to find the grades page on ConSurfDB site
2GN0_B_consurf_summary.txt -> Unable to find the grades page on ConSurfDB site
1RYP_Z_consurf_summary.txt -> Unable to find the grades page on ConSurfDB site
1HUR_B_consurf_summary.txt -> Unable to find the grades page on ConSurfDB site
4G4S_M_consurf_summary.txt -> Unable to find the grades page on ConSurfDB site
3BLX_E_consurf_summary.txt -> Unable to find the grades page on ConSurfDB site
1VKG_B_consurf_summary.txt -> Unable to find the grades page on ConSurfDB site
4MJ7_B_consurf_summary.txt -> Unable to find the grades page on ConSurfDB site
4Y1L_B_consurf_summary.txt -> Unable to find the grades page on ConSurfDB site
1Q3Q_D_consurf_summary.txt -> Unable to find the grades page on ConSurfDB site
3DVA_C_consurf_summary.txt -> Unable to find the grades page on ConSurfDB site
6NYA_A_consurf_summary.txt -> Unable to find the grades page on ConSurfDB site
3H84_B_consurf_summary.txt -> Unable to find the grades page on ConSurfDB site
3EXE_D_consurf_summary.txt -> Unable to find the grades page on ConSurfDB site
2ZOG_B_consurf_summary.txt -> Unable to find the grades page on ConSurfDB site
3V7D_A_consurf_summary.txt -> Unable to find the grades page on ConSurfDB site
4XYI_A_consurf_summary.txt -> Unable to find the grades page on ConSurfDB site
5GON_C_consurf_summary.txt -> Unable to find the grades page on ConSurfDB site
2JKR_S_consurf_summary.txt -> Unable to find the grades page on ConSurfDB site
2RII_B_consurf_summary.txt -> Unable to find the grades page on ConSurfDB site
4JNE_B_consurf_summary.txt -> Unable to find the grades page on ConSurfDB site
5NBL_D_consurf_summary.txt -> Unable to find the grades page on ConSurfDB site
1K5D_A_consurf_summary.txt -> Unable to find the grades page on ConSurfDB site
1M63_E_consurf_summary.txt -> Unable to find the grades page on ConSurfDB site
3IVT_B_consurf_summary.txt -> Unable to find the grades page on ConSurfDB site
1A9X_G_consurf_summary.txt -> Unable to find the grades page on ConSurfDB site
5OMX_F_consurf_summary.txt -> Unable to find the grades page on ConSurfDB site
2PM6_D_consurf_summary.txt -> Unable to find the grades page on ConSurfDB site
2NUU_C_consurf_summary.txt -> Unable to find the grades page on ConSurfDB site
1KQN_F_consurf_summary.txt -> Unable to find the grades page on ConSurfDB site
2IVO_B_consurf_summary.txt -> Unable to find the grades page on ConSurfDB site
6NYA_C_consurf_summary.txt -> Unable to find the grades page on ConSurfDB site
2OXQ_B_consurf_summary.txt -> Unable to find the grades page on ConSurfDB site
4M78_D_consurf_summary.txt -> Unable to find the grades page on ConSurfDB site
3CF0_N_consurf_summary.txt -> Unable to find the grades page on ConSurfDB site
4R7Y_B_consurf_summary.txt -> Unable to find the grades page on ConSurfDB site
5YZV_E_consurf_summary.txt -> Unable to find the grades page on ConSurfDB site
4R7Y_B_consurf_summary.txt -> Unable to find the grades page on ConSurfDB site
3D8B_B_consurf_summary.txt -> Unable to find the grades page on ConSurfDB site
3IVT_B_consurf_summary.txt -> Unable to find the grades page on ConSurfDB site
3MVD_G_consurf_summary.txt -> Unable to find the grades page on ConSurfDB site
6JPL_B_consurf_summary.txt -> Unable to find the grades page on ConSurfDB site
1JEE_B_consurf_summary.txt -> Unable to find the grades page on ConSurfDB site
2WGH_B_consurf_summary.txt -> Unable to find the grades page on ConSurfDB site
1HV8_B_consurf_summary.txt -> Unable to find the grades page on ConSurfDB site
4FIP_E_consurf_summary.txt -> Unable to find the grades page on ConSurfDB site
4A8J_D_consurf_summary.txt -> Unable to find the grades page on ConSurfDB site
4MXE_B_consurf_summary.txt -> Unable to find the grades page on ConSurfDB site
1PV1_D_consurf_summary.txt -> Unable to find the grades page on ConSurfDB site
5VDF_B_consurf_summary.txt -> Unable to find the grades page on ConSurfDB site
3F3F_D_consurf_summary.txt -> Unable to find the grades page on ConSurfDB site
5YZV_E_consurf_summary.txt -> Unable to find the grades page on ConSurfDB site
4M75_E_consurf_summary.txt -> Unable to find the grades page on ConSurfDB site
3MVD_L_consurf_summary.txt -> Unable to find the grades page on ConSurfDB site
6DO2_B_consurf_summary.txt -> Unable to find the grades page on ConSurfDB site
2IO5_B_consurf_summary.txt -> Unable to find the grades page on ConSurfDB site
4CW7_G_consurf_summary.txt -> Unable to find the grades page on ConSurfDB site
3HPX_B_consurf_summary.txt -> Unable to find the grades page on ConSurfDB site
4NDN_D_consurf_summary.txt -> Unable to find the grades page on ConSurfDB site
3MVD_F_consurf_summary.txt -> Unable to find the grades page on ConSurfDB site
1S3S_F_consurf_summary.txt -> Unable to find the grades page on ConSurfDB site
3SBC_J_consurf_summary.txt -> Unable to find the grades page on ConSurfDB site
6QH5_B_consurf_summary.txt -> Unable to find the grades page on ConSurfDB site
4Z87_B_consurf_summary.txt -> Unable to find the grades page on ConSurfDB site
3GCU_B_consurf_summary.txt -> Unable to find the grades page on ConSurfDB site
2NUU_C_consurf_summary.txt -> Unable to find the grades page on ConSurfDB site
3CX5_P_consurf_summary.txt -> Unable to find the grades page on ConSurfDB site
3S14_C_consurf_summary.txt -> Unable to find the grades page on ConSurfDB site
5VZW_B_consurf_summary.txt -> Unable to find the grades page on ConSurfDB site
3WYF_C_consurf_summary.txt -> Unable to find the grades page on ConSurfDB site
2OOX_E_consurf_summary.txt -> Unable to find the grades page on ConSurfDB site
6QH5_B_consurf_summary.txt -> Unable to find the grades page on ConSurfDB site
4DSQ_B_consurf_summary.txt -> Unable to find the grades page on ConSurfDB site
4C3I_L_consurf_summary.txt -> Unable to find the grades page on ConSurfDB site
6NYA_C_consurf_summary.txt -> Unable to find the grades page on ConSurfDB site
4HWT_B_consurf_summary.txt -> Unable to find the grades page on ConSurfDB site
4C3I_M_consurf_summary.txt -> Unable to find the grades page on ConSurfDB site
3SD0_B_consurf_summary.txt -> Unable to find the grades page on ConSurfDB site
5LSW_C_consurf_summary.txt -> Unable to find the grades page on ConSurfDB site
3EED_B_consurf_summary.txt -> Unable to find the grades page on ConSurfDB site
1HUR_B_consurf_summary.txt -> Unable to find the grades page on ConSurfDB site
4Q1S_S_consurf_summary.txt -> Unable to find the grades page on ConSurfDB site
6QH5_N_consurf_summary.txt -> Unable to find the grades page on ConSurfDB site
4R17_T_consurf_summary.txt -> Unable to find the grades page on ConSurfDB site
1M2V_A_consurf_summary.txt -> Unable to find the grades page on ConSurfDB site
1TU3_A_consurf_summary.txt -> Unable to find the grades page on ConSurfDB site
4KVA_A_consurf_summary.txt -> Unable to find the grades page on ConSurfDB site
2P9I_G_consurf_summary.txt -> Unable to find the grades page on ConSurfDB site
6QH5_A_consurf_summary.txt -> Unable to find the grades page on ConSurfDB site
2J5T_C_consurf_summary.txt -> Unable to find the grades page on ConSurfDB site
3KYD_A_consurf_summary.txt -> Unable to find the grades page on ConSurfDB site
2VDU_D_consurf_summary.txt -> Unable to find the grades page on ConSurfDB site
2GVN_E_consurf_summary.txt -> Unable to find the grades page on ConSurfDB site
4M75_F_consurf_summary.txt -> Unable to find the grades page on ConSurfDB site
4LQI_V_consurf_summary.txt -> Unable to find the grades page on ConSurfDB site
2Q9Q_B_consurf_summary.txt -> Unable to find the grades page on ConSurfDB site
3FEY_B_consurf_summary.txt -> Unable to find the grades page on ConSurfDB site
4ZLK_B_consurf_summary.txt -> Unable to find the grades page on ConSurfDB site
4KVA_A_consurf_summary.txt -> Unable to find the grades page on ConSurfDB site
4C3I_C_consurf_summary.txt -> Unable to find the grades page on ConSurfDB site
4C3I_A_consurf_summary.txt -> Unable to find the grades page on ConSurfDB site
4BYF_C_consurf_summary.txt -> Unable to find the grades page on ConSurfDB site
6CKX_A_consurf_summary.txt -> Unable to find the grades page on ConSurfDB site
2CE7_B_consurf_summary.txt -> Unable to find the grades page on ConSurfDB site
2DH4_A_consurf_summary.txt -> Unable to find the grades page on ConSurfDB site
6OFB_A_consurf_summary.txt -> Unable to find the grades page on ConSurfDB site
6K3H_D_consurf_summary.txt -> Unable to find the grades page on ConSurfDB site
3MKS_B_consurf_summary.txt -> Unable to find the grades page on ConSurfDB site
6E49_B_consurf_summary.txt -> Unable to find the grades page on ConSurfDB site
1EQZ_A_consurf_summary.txt -> Unable to find the grades page on ConSurfDB site
3Q68_A_consurf_summary.txt -> Unable to find the grades page on ConSurfDB site
3NB0_B_consurf_summary.txt -> Unable to find the grades page on ConSurfDB site
2O8B_A_consurf_summary.txt -> Unable to find the grades page on ConSurfDB site
3CPH_G_consurf_summary.txt -> Unable to find the grades page on ConSurfDB site
4R17_Y_consurf_summary.txt -> Unable to find the grades page on ConSurfDB site
1EQZ_E_consurf_summary.txt -> Unable to find the grades page on ConSurfDB site
4KVA_A_consurf_summary.txt -> Unable to find the grades page on ConSurfDB site
3TNP_C_consurf_summary.txt -> Unable to find the grades page on ConSurfDB site
4Q1S_b_consurf_summary.txt -> Unable to find the grades page on ConSurfDB site
4LTC_Q_consurf_summary.txt -> Unable to find the grades page on ConSurfDB site
1ONE_A_consurf_summary.txt -> Unable to find the grades page on ConSurfDB site
2P9I_D_consurf_summary.txt -> Unable to find the grades page on ConSurfDB site
1Q3Q_C_consurf_summary.txt -> Unable to find the grades page on ConSurfDB site
4EO4_A_consurf_summary.txt -> Unable to find the grades page on ConSurfDB site
4LTC_Y_consurf_summary.txt -> Unable to find the grades page on ConSurfDB site
5ERG_A_consurf_summary.txt -> Unable to find the grades page on ConSurfDB site
6ASO_G_consurf_summary.txt -> Unable to find the grades page on ConSurfDB site
2VSX_A_consurf_summary.txt -> Unable to find the grades page on ConSurfDB site
2BKU_B_consurf_summary.txt -> Unable to find the grades page on ConSurfDB site
4UHI_C_consurf_summary.txt -> Unable to find the grades page on ConSurfDB site
4WA6_A_consurf_summary.txt -> Unable to find the grades page on ConSurfDB site
1QRQ_C_consurf_summary.txt -> Unable to find the grades page on ConSurfDB site
3KYH_B_consurf_summary.txt -> Unable to find the grades page on ConSurfDB site
2QQ4_H_consurf_summary.txt -> Unable to find the grades page on ConSurfDB site
4KVA_A_consurf_summary.txt -> Unable to find the grades page on ConSurfDB site
3MKQ_C_consurf_summary.txt -> Unable to find the grades page on ConSurfDB site
4R17_S_consurf_summary.txt -> Unable to find the grades page on ConSurfDB site
1TU3_A_consurf_summary.txt -> Unable to find the grades page on ConSurfDB site
4M7D_F_consurf_summary.txt -> Unable to find the grades page on ConSurfDB site
3VR6_G_consurf_summary.txt -> Unable to find the grades page on ConSurfDB site
3SBC_C_consurf_summary.txt -> Unable to find the grades page on ConSurfDB site
4NDN_B_consurf_summary.txt -> Unable to find the grades page on ConSurfDB site
5XDQ_G_consurf_summary.txt -> Unable to find the grades page on ConSurfDB site
3TNP_C_consurf_summary.txt -> Unable to find the grades page on ConSurfDB site
4FIP_C_consurf_summary.txt -> Unable to find the grades page on ConSurfDB site
5OMX_F_consurf_summary.txt -> Unable to find the grades page on ConSurfDB site
1ULT_A_consurf_summary.txt -> Unable to find the grades page on ConSurfDB site
6CZF_C_consurf_summary.txt -> Unable to find the grades page on ConSurfDB site
4Q1S_T_consurf_summary.txt -> Unable to find the grades page on ConSurfDB site
2QA4_G_consurf_summary.txt -> Unable to find the grades page on ConSurfDB site
2IO5_B_consurf_summary.txt -> Unable to find the grades page on ConSurfDB site
6ODD_A_consurf_summary.txt -> Unable to find the grades page on ConSurfDB site
6O5F_A_consurf_summary.txt -> Unable to find the grades page on ConSurfDB site
3FKY_C_consurf_summary.txt -> Unable to find the grades page on ConSurfDB site
4CTS_A_consurf_summary.txt -> Unable to find the grades page on ConSurfDB site
4G4S_L_consurf_summary.txt -> Unable to find the grades page on ConSurfDB site
6C9H_C_consurf_summary.txt -> Unable to find the grades page on ConSurfDB site
1N8P_C_consurf_summary.txt -> Unable to find the grades page on ConSurfDB site
4FFB_A_consurf_summary.txt -> Unable to find the grades page on ConSurfDB site
6HWE_Y_consurf_summary.txt -> Unable to find the grades page on ConSurfDB site
4Q1S_a_consurf_summary.txt -> Unable to find the grades page on ConSurfDB site
1GPU_A_consurf_summary.txt -> Unable to find the grades page on ConSurfDB site
2CE7_B_consurf_summary.txt -> Unable to find the grades page on ConSurfDB site
4XYI_A_consurf_summary.txt -> Unable to find the grades page on ConSurfDB site
1UKV_G_consurf_summary.txt -> Unable to find the grades page on ConSurfDB site
4ZLK_B_consurf_summary.txt -> Unable to find the grades page on ConSurfDB site
3NMU_G_consurf_summary.txt -> Unable to find the grades page on ConSurfDB site
4HRD_Y_consurf_summary.txt -> Unable to find the grades page on ConSurfDB site
2JKR_M_consurf_summary.txt -> Unable to find the grades page on ConSurfDB site
3M7N_E_consurf_summary.txt -> Unable to find the grades page on ConSurfDB site
5BNX_B_consurf_summary.txt -> Unable to find the grades page on ConSurfDB site
6QH5_S_consurf_summary.txt -> Unable to find the grades page on ConSurfDB site
4FFB_A_consurf_summary.txt -> Unable to find the grades page on ConSurfDB site
4NIF_B_consurf_summary.txt -> Unable to find the grades page on ConSurfDB site
3TNP_C_consurf_summary.txt -> Unable to find the grades page on ConSurfDB site
3RRM_A_consurf_summary.txt -> Unable to find the grades page on ConSurfDB site
5HK1_B_consurf_summary.txt -> Unable to find the grades page on ConSurfDB site
6OBP_A_consurf_summary.txt -> Unable to find the grades page on ConSurfDB site
6CQK_A_consurf_summary.txt -> Unable to find the grades page on ConSurfDB site
3KC3_F_consurf_summary.txt -> Unable to find the grades page on ConSurfDB site
2FA2_A_consurf_summary.txt -> Unable to find the grades page on ConSurfDB site
4M75_C_consurf_summary.txt -> Unable to find the grades page on ConSurfDB site
4X6R_A_consurf_summary.txt -> Unable to find the grades page on ConSurfDB site
1I2M_A_consurf_summary.txt -> Unable to find the grades page on ConSurfDB site
1Q3Q_C_consurf_summary.txt -> Unable to find the grades page on ConSurfDB site
4M78_C_consurf_summary.txt -> Unable to find the grades page on ConSurfDB site
3MKS_A_consurf_summary.txt -> Unable to find the grades page on ConSurfDB site
2P9I_A_consurf_summary.txt -> Unable to find the grades page on ConSurfDB site
5JNE_C_consurf_summary.txt -> Unable to find the grades page on ConSurfDB site
4JHD_B_consurf_summary.txt -> Unable to find the grades page on ConSurfDB site
5BSE_I_consurf_summary.txt -> Unable to find the grades page on ConSurfDB site
1G6Y_A_consurf_summary.txt -> Unable to find the grades page on ConSurfDB site
4GUN_C_consurf_summary.txt -> Unable to find the grades page on ConSurfDB site
6G86_A_consurf_summary.txt -> Unable to find the grades page on ConSurfDB site
4LTC_O_consurf_summary.txt -> Unable to find the grades page on ConSurfDB site
2P9I_E_consurf_summary.txt -> Unable to find the grades page on ConSurfDB site
3MHS_C_consurf_summary.txt -> Unable to find the grades page on ConSurfDB site
1AOI_F_consurf_summary.txt -> Unable to find the grades page on ConSurfDB site
2CE7_B_consurf_summary.txt -> Unable to find the grades page on ConSurfDB site
1SVT_M_consurf_summary.txt -> Unable to find the grades page on ConSurfDB site
5HUT_A_consurf_summary.txt -> Unable to find the grades page on ConSurfDB site
6DO2_A_consurf_summary.txt -> Unable to find the grades page on ConSurfDB site
2GJD_C_consurf_summary.txt -> Unable to find the grades page on ConSurfDB site
3S14_J_consurf_summary.txt -> Unable to find the grades page on ConSurfDB site
4NJR_C_consurf_summary.txt -> Unable to find the grades page on ConSurfDB site
5JGF_C_consurf_summary.txt -> Unable to find the grades page on ConSurfDB site
4I6M_A_consurf_summary.txt -> Unable to find the grades page on ConSurfDB site
4MBE_A_consurf_summary.txt -> Unable to find the grades page on ConSurfDB site
3VAV_H_consurf_summary.txt -> Unable to find the grades page on ConSurfDB site
3JZ4_C_consurf_summary.txt -> Unable to find the grades page on ConSurfDB site
4LTC_J_consurf_summary.txt -> Unable to find the grades page on ConSurfDB site
3S14_H_consurf_summary.txt -> Unable to find the grades page on ConSurfDB site
4C8S_A_consurf_summary.txt -> Unable to find the grades page on ConSurfDB site
1THZ_A_consurf_summary.txt -> Unable to find the grades page on ConSurfDB site
2O06_A_consurf_summary.txt -> Unable to find the grades page on ConSurfDB site
1QD9_B_consurf_summary.txt -> Unable to find the grades page on ConSurfDB site
3DBH_D_consurf_summary.txt -> Unable to find the grades page on ConSurfDB site
2VSX_A_consurf_summary.txt -> Unable to find the grades page on ConSurfDB site
2CE7_B_consurf_summary.txt -> Unable to find the grades page on ConSurfDB site
1I2M_A_consurf_summary.txt -> Unable to find the grades page on ConSurfDB site
3MKQ_C_consurf_summary.txt -> Unable to find the grades page on ConSurfDB site
3MHH_C_consurf_summary.txt -> Unable to find the grades page on ConSurfDB site
1PJH_B_consurf_summary.txt -> Unable to find the grades page on ConSurfDB site
3WYF_A_consurf_summary.txt -> Unable to find the grades page on ConSurfDB site
1KQN_E_consurf_summary.txt -> Unable to find the grades page on ConSurfDB site
3C1M_C_consurf_summary.txt -> Unable to find the grades page on ConSurfDB site
1F6M_D_consurf_summary.txt -> Unable to find the grades page on ConSurfDB site
2BL2_I_consurf_summary.txt -> Unable to find the grades page on ConSurfDB site
6O5F_A_consurf_summary.txt -> Unable to find the grades page on ConSurfDB site
5BXQ_E_consurf_summary.txt -> Unable to find the grades page on ConSurfDB site
1NVW_Q_consurf_summary.txt -> Unable to find the grades page on ConSurfDB site
5YZV_D_consurf_summary.txt -> Unable to find the grades page on ConSurfDB site
3NMU_A_consurf_summary.txt -> Unable to find the grades page on ConSurfDB site
4X6R_A_consurf_summary.txt -> Unable to find the grades page on ConSurfDB site
4LTC_P_consurf_summary.txt -> Unable to find the grades page on ConSurfDB site
4WVF_A_consurf_summary.txt -> Unable to find the grades page on ConSurfDB site
4IN3_D_consurf_summary.txt -> Unable to find the grades page on ConSurfDB site
1QBK_C_consurf_summary.txt -> Unable to find the grades page on ConSurfDB site
2P9I_F_consurf_summary.txt -> Unable to find the grades page on ConSurfDB site
3BLX_H_consurf_summary.txt -> Unable to find the grades page on ConSurfDB site
1VKG_A_consurf_summary.txt -> Unable to find the grades page on ConSurfDB site
4Y1L_A_consurf_summary.txt -> Unable to find the grades page on ConSurfDB site
1Q3Q_C_consurf_summary.txt -> Unable to find the grades page on ConSurfDB site
6NYA_C_consurf_summary.txt -> Unable to find the grades page on ConSurfDB site
3H84_A_consurf_summary.txt -> Unable to find the grades page on ConSurfDB site
3EXE_C_consurf_summary.txt -> Unable to find the grades page on ConSurfDB site
3V7D_B_consurf_summary.txt -> Unable to find the grades page on ConSurfDB site
5BV3_B_consurf_summary.txt -> Unable to find the grades page on ConSurfDB site
1K5D_C_consurf_summary.txt -> Unable to find the grades page on ConSurfDB site
4C3I_B_consurf_summary.txt -> Unable to find the grades page on ConSurfDB site
2PK9_A_consurf_summary.txt -> Unable to find the grades page on ConSurfDB site
3IVT_A_consurf_summary.txt -> Unable to find the grades page on ConSurfDB site
5OMX_H_consurf_summary.txt -> Unable to find the grades page on ConSurfDB site
2NUU_B_consurf_summary.txt -> Unable to find the grades page on ConSurfDB site
2IVO_A_consurf_summary.txt -> Unable to find the grades page on ConSurfDB site
4LTC_W_consurf_summary.txt -> Unable to find the grades page on ConSurfDB site
3CF0_M_consurf_summary.txt -> Unable to find the grades page on ConSurfDB site
5YZV_D_consurf_summary.txt -> Unable to find the grades page on ConSurfDB site
1SVT_U_consurf_summary.txt -> Unable to find the grades page on ConSurfDB site
6JPL_A_consurf_summary.txt -> Unable to find the grades page on ConSurfDB site
1JEE_A_consurf_summary.txt -> Unable to find the grades page on ConSurfDB site
4FIP_A_consurf_summary.txt -> Unable to find the grades page on ConSurfDB site
3Q66_A_consurf_summary.txt -> Unable to find the grades page on ConSurfDB site
1PV1_C_consurf_summary.txt -> Unable to find the grades page on ConSurfDB site
5VDF_A_consurf_summary.txt -> Unable to find the grades page on ConSurfDB site
3F3F_F_consurf_summary.txt -> Unable to find the grades page on ConSurfDB site
3MVD_A_consurf_summary.txt -> Unable to find the grades page on ConSurfDB site
2CE7_B_consurf_summary.txt -> Unable to find the grades page on ConSurfDB site
6DO2_A_consurf_summary.txt -> Unable to find the grades page on ConSurfDB site
3MVD_F_consurf_summary.txt -> Unable to find the grades page on ConSurfDB site
2BL2_I_consurf_summary.txt -> Unable to find the grades page on ConSurfDB site
4CW7_H_consurf_summary.txt -> Unable to find the grades page on ConSurfDB site
1S3S_E_consurf_summary.txt -> Unable to find the grades page on ConSurfDB site
3GCU_A_consurf_summary.txt -> Unable to find the grades page on ConSurfDB site
2NUU_B_consurf_summary.txt -> Unable to find the grades page on ConSurfDB site
5VZW_A_consurf_summary.txt -> Unable to find the grades page on ConSurfDB site
4BYF_C_consurf_summary.txt -> Unable to find the grades page on ConSurfDB site
5VZW_A_consurf_summary.txt -> Unable to find the grades page on ConSurfDB site
4X6R_A_consurf_summary.txt -> Unable to find the grades page on ConSurfDB site
3W3Z_B_consurf_summary.txt -> Unable to find the grades page on ConSurfDB site
2VSX_A_consurf_summary.txt -> Unable to find the grades page on ConSurfDB site
4C3I_B_consurf_summary.txt -> Unable to find the grades page on ConSurfDB site
3SD0_A_consurf_summary.txt -> Unable to find the grades page on ConSurfDB site
5LSW_A_consurf_summary.txt -> Unable to find the grades page on ConSurfDB site
4IN3_D_consurf_summary.txt -> Unable to find the grades page on ConSurfDB site
