ORF_name, PDB_id_used ---> error_message_1: number_of_error_messages_1/total_num_res_in_prot ---> error_message_2: number_of_error_messages_2/total_num_res_in_prot ...
YFR050C, 4R17_a ---> Score below ConSurf confidence cutoff: 1.0/227
YNL049C, 1M2V_B ---> Score below ConSurf confidence cutoff: 1.0/377
YBR087W, 1SXJ_E ---> Score below ConSurf confidence cutoff: 2.0/312
YGR095C, 5JEA_D ---> Score below ConSurf confidence cutoff: 5.0/202
YGR218W, 3M1I_C ---> Score below ConSurf confidence cutoff: 2.0/1013
YGL210W, 2G77_B ---> Score below ConSurf confidence cutoff: 2.0/160
YER042W, 3PIN_B ---> Score below ConSurf confidence cutoff: 2.0/138
YHR098C, 1M2V_B ---> Score below ConSurf confidence cutoff: 1.0/448
YBR234C, 1K8K_C ---> Score below ConSurf confidence cutoff: 2.0/323
YLR293C, 2BKU_A ---> Score below ConSurf confidence cutoff: 3.0/167
YGL238W, 1WA5_C ---> Score below ConSurf confidence cutoff: 2.0/890
YER136W, 2BCG_G ---> Score below ConSurf confidence cutoff: 1.0/432
YBR160W, 3QHW_A ---> Score below ConSurf confidence cutoff: 1.0/147
YBR175W, 6CHG_A ---> Score below ConSurf confidence cutoff: 8.0/264
YGR220C, 5DM6_B ---> Score below ConSurf confidence cutoff: 1.0/181
YDL100C, 5BW8_A ---> Score below ConSurf confidence cutoff: 4.0/281
YBR117C, 1GPU_B ---> Score below ConSurf confidence cutoff: 9.0/673
YCR035C, 4IFD_C ---> Score below ConSurf confidence cutoff: 1.0/303
YCR035C, 5JEA_C ---> Score below ConSurf confidence cutoff: 1.0/286
YGR253C, 4G4S_E ---> Score below ConSurf confidence cutoff: 4.0/248
YGR195W, 5JEA_B ---> Score below ConSurf confidence cutoff: 2.0/240
YBL003C, 1AOI_C ---> Score below ConSurf confidence cutoff: 1.0/115
YMR223W, 3MHS_A ---> Score below ConSurf confidence cutoff: 32.0/417
YJR048W, 5CIF_B ---> Score below ConSurf confidence cutoff: 1.0/103
YGL155W, 3DRA_B ---> Score below ConSurf confidence cutoff: 2.0/301
YBR160W, 2JGZ_A ---> Score below ConSurf confidence cutoff: 2.0/147
YJR068W, 1SXJ_D ---> Score below ConSurf confidence cutoff: 1.0/326
YDR225W, 1AOI_C ---> Score below ConSurf confidence cutoff: 1.0/115
YOR204W, 6O5F_B ---> Score below ConSurf confidence cutoff: 3.0/403
YGL115W, 2QLV_C ---> Score below ConSurf confidence cutoff: 2.0/310
YHR024C, 1HR6_A ---> Score below ConSurf confidence cutoff: 11.0/455
YJL099W, 4IN3_B ---> Score below ConSurf confidence cutoff: 3.0/451
YPR010C, 4C2M_B ---> Score below ConSurf confidence cutoff: 3.0/1157
YGL246C, 3FQD_B ---> Score below ConSurf confidence cutoff: 4.0/241
YGR195W, 4IFD_B ---> Score below ConSurf confidence cutoff: 1.0/238
YIL035C, 4DGL_C ---> Score below ConSurf confidence cutoff: 2.0/286
YLR293C, 1WA5_A ---> Score below ConSurf confidence cutoff: 2.0/166
YGR209C, 4DSS_B ---> Score below ConSurf confidence cutoff: 1.0/103
YAL020C, 4X33_B ---> Score below ConSurf confidence cutoff: 2.0/242
YMR308C, 3W3Z_A ---> Score below ConSurf confidence cutoff: 1.0/988
YIL109C, 1M2V_B ---> Score below ConSurf confidence cutoff: 1.0/423
YKR097W, 1II2_A ---> Score below ConSurf confidence cutoff: 1.0/512
YEL021W, 1DQW_A ---> Score below ConSurf confidence cutoff: 2.0/265
YMR116C, 3RFH_A ---> Score below ConSurf confidence cutoff: 2.0/156
YOL086C, 4W6Z_A ---> Score below ConSurf confidence cutoff: 2.0/347
YGL091C, 6G2G_A ---> Score below ConSurf confidence cutoff: 1.0/230
YIL074C, 2P9C_A ---> Score below ConSurf confidence cutoff: 1.0/397
YGR218W, 4WVF_C ---> Score below ConSurf confidence cutoff: 1.0/1007
YGR090W, 4M5D_A ---> Score below ConSurf confidence cutoff: 3.0/1033
YMR301C, 4MRS_A ---> Score below ConSurf confidence cutoff: 2.0/567
YIL160C, 1AFW_A ---> Score below ConSurf confidence cutoff: 4.0/350
YGL078C, 1HV8_A ---> Score below ConSurf confidence cutoff: 1.0/327
YOR210W, 1TWF_J ---> Score below ConSurf confidence cutoff: 1.0/65
YIL003W, 6G2G_A ---> Score below ConSurf confidence cutoff: 3.0/249
YLR293C, 3M1I_A ---> Score below ConSurf confidence cutoff: 4.0/200
YPR141C, 4ETP_A ---> Score below ConSurf confidence cutoff: 3.0/358
YGR209C, 3PIN_A ---> Score below ConSurf confidence cutoff: 1.0/103
YBR222C, 3CW9_A ---> Score below ConSurf confidence cutoff: 13.0/450
YLR245C, 1R5T_A ---> Score below ConSurf confidence cutoff: 1.0/128
YOL142W, 4IFD_G ---> Score below ConSurf confidence cutoff: 2.0/134
YOR061W, 4DGL_C ---> Score below ConSurf confidence cutoff: 12.0/319
YOR370C, 2BCG_G ---> Score below ConSurf confidence cutoff: 1.0/346
YOR332W, 4EFA_E ---> Score below ConSurf confidence cutoff: 3.0/196
YPR181C, 2QTV_A ---> Score below ConSurf confidence cutoff: 2.0/724
YBL064C, 5B6M_A ---> Score below ConSurf confidence cutoff: 1.0/207
YOR061W, 3OHT_A ---> Score below ConSurf confidence cutoff: 2.0/268
YNL231C, 4J7P_A ---> Score below ConSurf confidence cutoff: 3.0/305
YLR243W, 1YRB_A ---> Consurf file format error: 185.0/187
YPR120C, 3QHW_B ---> Score below ConSurf confidence cutoff: 1.0/230
YBR135W, 1QB3_A ---> Score below ConSurf confidence cutoff: 1.0/102
YDR477W, 4RED_A ---> Score below ConSurf confidence cutoff: 4.0/309
YBR202W, 4R7Y_A ---> Score below ConSurf confidence cutoff: 6.0/550
YGR192C, 3PYM_A ---> Score below ConSurf confidence cutoff: 1.0/287
YDL159W, 3ENM_A ---> Score below ConSurf confidence cutoff: 3.0/209
YGL202W, 6HNU_A ---> Score below ConSurf confidence cutoff: 1.0/466
YKL073W, 6ASY_A ---> Score below ConSurf confidence cutoff: 1.0/334
YJR007W, 3CW2_C ---> Score below ConSurf confidence cutoff: 1.0/237
YMR297W, 1WPX_A ---> Score below ConSurf confidence cutoff: 2.0/408
YML120C, 4G9K_A ---> Score below ConSurf confidence cutoff: 9.0/462
YOL142W, 5JEA_G ---> Score below ConSurf confidence cutoff: 1.0/134
YLR229C, 1DOA_A ---> Score below ConSurf confidence cutoff: 1.0/187
YNR038W, 5IVL_B ---> Score below ConSurf confidence cutoff: 1.0/317
YBR034C, 1G6Q_1 ---> Score below ConSurf confidence cutoff: 7.0/321
YER081W, 2P9C_A ---> Score below ConSurf confidence cutoff: 1.0/397
YOL021C, 5JEA_J ---> Score below ConSurf confidence cutoff: 1.0/912
YPL091W, 2HQM_A ---> Score below ConSurf confidence cutoff: 2.0/455
YOL031C, 3QML_C ---> Score below ConSurf confidence cutoff: 1.0/195
YPR118W, 1W2W_A ---> Score below ConSurf confidence cutoff: 3.0/192
YGR133W, 2Y9M_A ---> Score below ConSurf confidence cutoff: 3.0/138
YPL001W, 4PSW_A ---> Score below ConSurf confidence cutoff: 1.0/306
YJR072C, 1YRB_A ---> Consurf file format error: 229.0/230
YJR148W, 2ABJ_A ---> Score below ConSurf confidence cutoff: 1.0/341
YPL017C, 1V59_A ---> Score below ConSurf confidence cutoff: 1.0/337
YPR019W, 4R7Y_A ---> Score below ConSurf confidence cutoff: 3.0/579
YLR027C, 1YAA_A ---> Consurf file format error: 2.0/402 ---> Score below ConSurf confidence cutoff: 1.0/402
YDL144C, 3I83_A ---> Score below ConSurf confidence cutoff: 1.0/293
YJL026W, 1JK0_A ---> Score below ConSurf confidence cutoff: 1.0/235
YHR037W, 4OE6_A ---> Score below ConSurf confidence cutoff: 3.0/403
YLR163C, 1HR6_B ---> Score below ConSurf confidence cutoff: 3.0/424
YPR103W, 1RYP_L ---> Score below ConSurf confidence cutoff: 3.0/212
YPL042C, 5XS2_A ---> Score below ConSurf confidence cutoff: 5.0/278
YLR369W, 4JNE_A ---> Score below ConSurf confidence cutoff: 2.0/541
YOR151C, 5XOG_B ---> Score below ConSurf confidence cutoff: 1.0/678
YLR208W, 2PM6_B ---> Score below ConSurf confidence cutoff: 1.0/277
YBL023C, 4R7Y_A ---> Score below ConSurf confidence cutoff: 5.0/561
YDL155W, 2JGZ_B ---> Score below ConSurf confidence cutoff: 1.0/239
YIL046W, 5V4B_B ---> Score below ConSurf confidence cutoff: 16.0/332
YDL102W, 3A2F_A ---> Score below ConSurf confidence cutoff: 1.0/605
YOR212W, 5KDO_B ---> Score below ConSurf confidence cutoff: 1.0/329
YLR109W, 4DSS_A ---> Score below ConSurf confidence cutoff: 1.0/138
YLR109W, 4DSQ_A ---> Score below ConSurf confidence cutoff: 2.0/138
