      9   1179

Scer                            TGT GTT GAT AGG TTT ACC GAA GAT GGT GTC GGT TCT GGT GTT GTA GCT GAC CAC CCA CCT CGT TCT GAT GAT AGA TAT CAG AGA AAT AGA CTG GTC TGT TTT GAT TTT GTT GGC TTA GAT GTA GGT GTT TGT GAA GTA CCT TTA GAA TAT CAT AGA CTT TTG CAA ATC CCA GAA ACA AAC GAA ACC CTA TTT AAC GGT ACC CTT CTA ATG GGT ATC TTA TAC GTC GCA TCT TTT GAT CAA GGT TAT GTC TCG CCT GAG TAC TAC AAA TAT TTT TCC GTT AAT GAT GGT GTC GCA CAT CCT CTA TAC GTA AAT GAT GAA TCA GAT TCC GGT CGT ATG TAT TCT TCT GAC TTA CCA TAC CAA AGA GAA AAA CGT AGA GTC GTT CAT GTA TAT GGT AAG ATT GTT GTT ACC GAT ACG AGG TCA AGG ACT CTG TTT TTG CAA ATT TTA TCT CAA GAC GTG CGT GAT CAT GGT TAC GTA CAT GTT CAA TTG GCA AAT CTA AAT TCT TTG GAG GTC GTA AAT CAA GAC GGT CAA GAT TAT GTT GGT ACA GAT ACC CTA ATG TAC CAT ACA GAT CTG ATG GAT GAC TGT ACT TCG GAT AGG ACA GCC GAA GGG CAC ACA AAG TAT GGT GGT CCA ATT CCA TTA GGC AGA ACA TAT TAT CAG CAA TCC ACC TAC CAA CGT GAC TTT GAA TTT CTT TTA AGA GTT ATT AGG ACC TAT CCT CCT AAT TTG CAA AAC GGT GAC GAA GGT ACG TCG TCC GGT ACA CAA GAT CGT GAC CAA TGC CAA CCA ACT GCT AAC GAA TAT TTC GGC ACA CAT CGT GCT ATT CCT CAA AGA CAA CAA TCT GGC CAA GTC AGG CCA GAT GTA TGC TTG TAT ACC ACG TGC GTT CAC CGT AGG AAA GGT AAC ATT GGT ACT CTG TAC GAG CCA ACC CCA TTC GCA TTA CAT ATC GCG TGT TTG CTA GAT TCC ATT CAA GTT TTG CTG TAT GGG GCC CAA TCA GCA TAT TCT CTA GAC TTC GAT AGA AGG TTG CCA GGA GAT TTG AAA CCA AAG ACT CAA AGG CAC GTG TAT AAG GCT ATC GCT AAA TAT TAT TTG AGA GTT ACC TGC TTC TCT AAG GGC TAT CCA CAG TTA AGA GAA TTG AGA ACT TTA GTA ACA CAG TCA ACA CAG GAG CAA CTT TTG TTG GAC TTT CGT ACA GAA ACC 
Sbay                            TGT GTT GAC AGA TTC ACT GAA GAC GGT GTC GGC TCT GGT GTC GTT GCT AAC CAC CCA CCT CGT TCT GAT GAC AGA TAT CAA AGA AAT AGA TTA GTC TGC TTC GAC TTT GTT GGG CTA GAT GTA GGA GTC TGT GAA GTG CCT TTG GAG TAT CAT AGA CTA TTG CAA ATC CCA GAA ACG AAC GAA ACT TTG TTT AAC GGT ACC CTC TTA ATG GGC ATC TTA TAC GTC GCA TCA TTT GAT CAA GGT TAT GTC TCA CCT GAT TAC TAC AAA TAT TTT TCT GTC AAT GAT GGT GTT GCT CAT CCT CTA TAC GTA AAC GAC GAA TCT GAT TCT GGT CGT ATG TAC TCA TCA GAC TTG CCT TAT CAA AGA GAA AAA CGT AGA GTC GTC CAT GTT TAC GGT AAA ATC GTC GTT ACC GAT ACT AGA TCA AGA ACT TTG TTT TTG CAA ATT TTA TCT CAG GAC GTG CGT GAT CAC GGC TAT GTT CAT GTT CAA TTA GCT AAT TTA GAT TCT TTG GAG GTC GTG AAC CAA GAC GGC CAA GAC TAT GTC GGC ACC GAC ACC CTA ATG TAT CAT GCA GAT TTA ATG GAC GAC TGT ACT TCA GAT AGA ACA GCC GAA GGG CAT ACA AAG TAT GGT GGT CCA ATT CCA TTA GGT AGA ACA TAC TAC CAG CAA TCT ACT TAC CAA CGT AAC TTT GAA TTT CTG CTA AGA GTC ATT AGA ACA TAT CCT CCT AAC TTG CAA AAC GGT GAC GAA GGT ACT TCA TCC GGT ACA CAA GAT CGT GAC CAA TGT CAA CCA ACC GCG AAT GAA TAC TTC GGC ACA CAT CGA GCT ATT CCT CAA AGA CAA CAA TCT GGT CAA ATC AGA CCA GAC GTA TCT TTG TAT ACT ACT TGT GTT CAT CGT AGA AAA GGT AAT ATT GGT ACG CTG TAC GAT CCA ACA CCA TTC GCT TTG CAT ATT GCT TGC TTA TTG GAC TCA ATT CAG GTT TTG TTG TAT GGC GCC CAA TCT GCT TAC TCT CTA GAC TTT GAT AGA AGA TTG CCT GGT GAT TTG AAA CCT AAG ACT CAA AGA CAC GTG TAT AAG GCT ATC GCT AAA TAT TAC TTG AGA GTT ACT TGT TTC TCT AAG GGG TAC CCT CAA CTA AGA GAG TTG AGA ACT CTG GTA ACA CAA TCT ACA CAA GAG CAG CTG TTG TTA AAC TTC CGT ACA GAA ACC 
Smik                            TGT ATT GAT TCT TTT ACT GAA GAT GGT GTA GGT TCC GGT GTC GTT GCT GAC CAC CCA CCT CGT TCT GAT GAC AGA TAT CAA AGA AAT AGA TTG GTA TGT TTT GAT TTC GTT GGG TTA GAC GTA GGA GTG TGT GAA GTC CCT TTA GAA TAT CAT AGA CTC TTG CAA ATC CCA GAA ACA AAT GAA ACC TTA TAC AGA GGT ACC CTC TTG ATG GGT ATC TTA TAT GTA GCA TCG TTC GAT CAA GGT TAT GTT TCA CCT GAG TAT TAT AAA TAT TAC TCT GTC AAT GAC GGT GTC GCT CAC CCT TTA TAC GTA AAT GAT GAA TCT GAT TCC GGT CGT ATG TAT TCG TCG GAC TTA CCT TAT CAA CAA GAG AAA CGT CGC GTT GTG CAT GTT TAT GGT AAA ATT GTT CTG ACT GAT ACT AGG TCA AGA ACT TTG TTT TTG CAA ATT TTG TCT CAA GAT GTT CGT GAT CAT GGA TTT GTT CAT GTT CAA CTT GCT AAT TTG AAT TCT TAC GAG GTT GTA AAC CAA GAT GGT CAA GAT TAC GTG GGC ACA GAC ACT TTA ATG TAT CAT AAA GAT TTG ATG GAC GAC TGT ACT TCA GAT AGA ACG GCC GAA GGA CAT ACA AAG TAC GGT GGT CCG ATT CCA CTA GGT AGA ACA TAT TAT CAG CAA TCT ACC TAT CAA CGT GAC TTT GAA TTC CTG TTA AGA GTG ATT AGA ACA TAT CCT CCT AAT TTG CAA AAC GGT GAT GAA GGT ACT TCA TCC GGT ACA CAA GAT CGT GAC CAA ACA CAA CCA ACT TCC AAT GAG TAC TTC GGT ACA CAC CGT GCT ATT CCG CAA CGC CAA CAA TCT GGT CAA ATT AGA CCA GAT GTC TCT TTG TAC ACC ACT TGT GTC CAT CGT AGG AAA GGT AAC ATC GGT ACG CTT TAT GAG CCA ACA CCG TTC GCT AGC CAC ATC GCG TGT CTT TTA GAT TCA ATT CAA GTT TTG TTG TAC GAG GCT CAA TCT GCT TAT TCT TTA GAC TTT GAT AGA AGG TTA CCT GGT GAT TTA AAA CCA AAG ACC CAA AGA TTC GTT TAT AAG GCT ATT GCC AAA TAC TAT TTA CGC GTT ACT ACA TTC TCT AAG GGG TAT CCT CAT TTA AGA GAA TTG AGA ACC CTA GTA ACA CAT TCT ACG CAT GAG CAA CTG TTG ATC GAC TTT CGT ACG GAG CCC 
Spar                            TGT ATT GAT AGG TTC ACT GAA GAT GGT GTC GGT TCC GGT GTT GTC GCT GAT CAC CCA CCT CGT TCT GAT GAC AGA TAT CAG AGA AAT AGA TTA GTC TGC TTC GAT TTC GTT GGC CTA GAT GTA GGG GTT TGT GAA GTA CCT TTA GAA TAT CAC AGA CTC TTG CAA ATC CCA GAA ACA AAC GAA ACC TTG TTT AAC GGT ACC CTT CTA ATG GGT ATC TTA TAC GTC GCA TCA TTC GAT CAA GGT TAT GTC TCG CCT GAG TAC TAC AAA TAC TTT TCT GTT AAT GAT GGT GTC GCT CAT CCT CTA TAC GTA AAT GAT GAA TCC GAT TCT GGT CGT ATG TAT TCA TCA GAC TTA CCT TAT CAA AGA GAA AAA CGT AGA GTC GTT CAT GTC TAT GGT AAG ATC GTT GTT ACC GAT ACT AGG TCA AGA ACC TTG TTT TTA CAA ATT TTG TCT CAA GAT GTG CGT GAT CAT GGC TAT GTC CAC GTT CAA TTG GCA AAC CTA AAC TCT TTG GAG GTC GTA AAC CAA GAC GGT CAA GAT TAT GTT GGA ACA GAC ACC CTA ATG TAT CAT ACA GAT TTA ATG GAC GAC TGT ACC TCG GAT AGA ACA GCC GAA GGA CAT ACA AAG TAT GGT GGT CCA ATC CCA CTA GGT AGA ACA TAT TAT CAA CAA TCT ACC TAC CAA CGT GAT TTT GAA TTC CTT CTA AGA GTT ATC AGA ACA TAT CCT CCT AAT TTA CAA AAC GGT GAT GAA GGT ACT TCG TCC GGT ACA CAA GAT CGT GAC CAA TGT CAA CCA ACT GCT AAT GAA TAC TTC GGT ACA CAT CGT GCT ATT CCC CAA AGA CAA CAA TCT GGT CAA ATT AGA CCA GAT GTG TCT TTA TAT ACC ACT TGT GTT CAT CGT AGG AAA GGT AAT ATT GGT ACG CTG TAC GAG CCA ACA CCA TTT GCT TTA CAT ATC GCG TGC TTG CTA GAT TCA ATC CAA GTT TTG TTG TAT GGG GCT CAA TCC GCT TAT TCT CTA GAC TTC GAT AGA AGG TTG CCT GGT GAT TTA AAA CCA AAG ACT CAA AGA CAC GTG TAT AAG GCT ATT GCT AAA TAT TAT TTG AGA GTT ACT TGT TTC TCT AAA GGC TAT CCT CAG CTA AGA GAA TTA AGA ACT TTA GTA ACA CAG TCC ACA CAG GAG CAA CTT TTG TTG GAT TTT CGT ACA GAA ACC 
Ncas                            TGT ATC GAT AGA TTC ACT GAG GAT GGT GTT GGT TCA GGT GTT GTT GCA AAG CAC CCA CCA CGT GCC GAT GAT AGA TAT GAA AGA AAT AGA TTA GTT TGT TTC GAT TTT GTG GGT TTA GAC GTT GGT GTT TGT GAG GTT CCT TTA GAA TAT GAC AGA TTG TTA CAA ATT CCT GAA ACT AAT GAA ACT TTG TTC AAT GGT ACC TTA TTA ATG GGT ATC TTA TAC GTT GCC GGT TTT GAT CAA GGT TAC GTT TCC CCT GAT TAT TAC AAG TAC TTC TCT GTT AAT GAC GGT GTG GCC CAT CCT TTA TAC GTT AAT GAT GAA TCC GAT TCT GGT CGT ATG TAT ACG GGT GAC TTA CCT TAT CAA AGA GAA AAG CGT AGG GTT GTT CAT GTT TAT ACT AAA ATT GTT GTC ACC GAT ACC AGA CAA AGA ACA CTT TTT TTA CAG GTC TTA TCA CAA GAT GCT CGT GAT CAT GGT TAT GTT GAC GTT GAA CTG GCA AAT TTA TCT TCA TTA GAA GTT GTG AAT CAA GAT GGT CAA GAT TAT GTT GGC ACT GAT ACC TTA ATG TAT CAT GCT GAT TTA ATG GAT GAC TGT ACA TCC GAT AGA ACT GCT GAA GGG CAT ACT AGA TAC GGT GGT CCA ATT CCA TTG GGT AGA ACT TAC TAT ATA AAA TCT ACT TAT CAA CGT AAG TTT GAA TTT TTA TTA AGA GTT ATC AGA ACC TAC CCT CCA AAT TTA CAA AAT GGT GAT GAA GGT ACC TCC TCT GGT ACT GAA CAC CGT GAC CAA TGT GAA CCA ACA GCT AAT GAG TTT TTT GGA ACT CAT CGT GCA ATT CCA CAA AGG CAA CAA TCT GGT GAA GTC AGA CCA GAT GTA TCC ATA TAT ACT ACC TGC GTT CAT CGT AGA AAG GGT AAC ATT GGT ACT TTG TAC GAT CCA ACC CCA TTT GCC GTG CAT ATT CCT TGT CTG TTG GAT TCT ATC CAA GTT TTA CTT TTC GGA GCT CAA TCC GCC TAT TCA TTA GAC TAT GAT AGA AGA CTA CCT GGT GAT TTA AAA CCG AGA ACT CAA AGA CAT GCT TAC AAG GCA ATT GCT AAG TAT TAT CTA AGG CTC ACT TGT TTT GCC AAG GGT TAC CCT CAA TTA AGA GAA ATA AGA ACT TTA GTT ACT CAA TCC ACT CAA GAA CAA TTA TTA TTA AAG TTC CGT ACT GAG GCA 
Cgla                            TGT ATC GAT AGA TTC ACT GAA GAT GGT GTT GGT TCT GGC GTA GTT GCT AAC CAC CCA CCA AGA GAC GAT GAC AGA TAC ATG AGA AAC AGA TTA GTT TGC TTC GAT TTT GTG GGT CTG GAC GTT GGT GTG TGT GAA GTA CCT CTT GAG TAC GAC AGA CTG TTG CAG ATT CCC GAG ACT AAC GAA ACT CTG TTC AAC GGT ACA TTG TTA ATG GGT GTT CTT TAT GTT GCT GAA TTT GAC CAA GGT TAT GTT TCA CCA GAG TAC TAT AAA CAT TTC TCT GTA AAC GAC GGT GTT GCT CAC CCT TTA TAT GTT AAC GAC GAG TCT GAT TCA GGT CGT ATG TAT TCC GAA GAT CTT CCC TAT CAG AGG GAA AAG CGT CGA GTT GTG CAC GTT TAC GGC AAA ATT GTG GTT ACC GAT GAG AGA TCC CGT ACT TTG TTC ACG CAA ATT TTA TGT CAA GAC GTG AGA GAT CAT GGG TAC GTT GAC GTT CAA TTG GCT AAC TTA TCG TCT TTA GAG GTT GTG AAC CAA GAC GGT CAA GAT TAC GTG GGT ACC GAC ACC TTA ATG TAT CAC GAT GAC TTA ATG GAC GAT TGT ACT TCA GAT AGA ACC GCT GAA GGA CAC ACA AAG TAC GGT GGT CCA ATC CCA TTG GGC AGA ACC TAT TAC CAG AAG TCT ACT TAC CAA CGT AAC TTC GAA TTT CTA CTG AGG GTG ATT CGT ACA TAT CCA CCC AAC ACG CAA AAC GGT GAT GAG GGT GAG TCA TCG GGT ACC CAA CAT CGT GAT CAG TGC CAA CCA AGT GCC AAC GAG TTT TTC GGT ACA CAT AAG GCT ATC CCA CAA CGA CAA CAA TCT GGC CAA GTA AGA CCA GAT GTC TCT TTG TAC ACT GAG TGT GTC CAC CGT AGA AAG GGT AAC ATT GGT ACA TTG TAT GAG CCA ACA CCA TTT GCT CTA CAT ATT AGA TGC TTG CTA GAT TCT ATT AAG ATT TTG TTG TTT GGA GCA CAA TCT GCT TAC TCT TTA GAT TTC GAT AGG AGA TTG CCA GGT GAC CTA AAA CCA AAG ACG CAA AGA CAC GTG TAT AAG GCT ATC GCC AAA TAC TAC TTG CGA ACC ACT TGC TTC GAC AAG GGT TAT CCA CAG CTG AGA GAA TTG AGG ACA CTG GTT ACC CAG TCT ACC CAG GAG CAA CTA TTG TTA AAC TTC AGA ACC GAG GCT 
Agos                            TGT GTC GAT AGA TTC ACG GAA GAT GGG GTT GGA TCT GGC GTG GTT GCA GGC CAC CCT CCT CGT CAG GAT GAC AGA TAT ACG AAC AAC AGA CCG GTT TGT TTC GAT TTT GTT GGC CTT GAT GTG GGC GTA TGT GAA GTG CCT CTG GAG TAT GAT AGA CTG CTA CAG ATC CCA GAA ACG AAC GAA ACC CTC CTG AAC GGG ACC TTG CTG ATG GGG ATT CTT TAC GTT GCA ACG TTT GAC CAA GGT TAC GTG TCT CCC GAG TAC TAC AAG CAG CTG TCT GTG AAC GAT GGT GTC GGC CAT CCT CTG TAC GTG AAT GAC GAA TCT GAT TCG GGG CGC ATG TTT GCG ACG GAC CTG TCA TAC CAG AAA GAA AAG CGC CGG GTG GTA CAT GTT TAT AGT AAG ATT GTC GTA ACC GAC GCC AGA AGT CGG ACT CTG TTT GAA GAC ATC CTG TGC GAA GAT GTG CGT GAC CAC GGT TAC GTT GAT GTT CAG CTG GCA AAT CTG GCG GCT TTG GAA GTG GTG AAT AAG GAT GGG AAG GAT TAC GTA GGG GCG GAC ACC CTG ATG TAC CAT CGC GAC CCG ATG GAC GAC TGT ACT TCT GAC CGT CGG GCG GAA GGC CAT ACG AAG TAC GGA GGG CCT ATC CCC TTG GGA AGG ACT AAC TAT CTG ATG TCT ACC TAC CAG CGC GGC TTC GAG TTT CTG CTT AGA GTA ATT CGG GTT TAC CCC CCA AAT GAA CAG AAC GGG GAC GAA GGT GCC TCT TCT GGG ACT CAG CAG CGT GAC CAG TGC CAG CCT AAA GCT GAC GAG TAC TTT GGC ACG CAC AGA GCA ATC CCT CAA CGG CAG AAG AGT GGA CAG ATT AGA CCC GAC GTT TGT CTG TAC ACC GCC TGC GTC CAT CGT CGC AAG GGG AAT ATT GGG ACG CTT TAC GAG CCA GTT CCT TTT GGC CTT CAC ATC CCG TGT CTG CTC GAT TCG ATT CTG GTC CTA CTG TAT GGT GTC AAG TCT GGC TAT GCT CTG GAC CAC GAT AGA AGA TTG CCG GGA GAC CTA AAA CCG AAG TCC CAA AGA CAC GTG TAC AAG GCA ATC GCT AAG TAC TAC TTG CGG ACG ACG TGC TTT CAG AAG GGC AAC CCG CAG CTT AAC GAG CTG CGG ACA CTT GTG ACT CAG TCT CGG CAG GAA GAA CTG CTA CTG GGC TTC CGT CGG GAG GCG 
Klac                            TGT GTA GAT AAG TTC ACT GAA GAT GGT GTT GGT TCT GGT GTT GTT GCT AAA CAT CCA CCA CGT CTG GAT GAC AGA TAT AAA AAC AAC AGG TTG GTT TGT TTC GAT TTC GTT GGT CTT GAC GTC GGT GTG TGT GAA GTC CCG CTA GAG TAT GAT AGA CTT TTA CAA ATT CCT GAA ACT AAT GAA ACA CTT TTT AAC GGT ACT CTT TTG ATG GGT GTC TTG TAT GTT GCT TCC TTC GAT CAG GGT TAC GTA TCT CCC GAC TAC TAT AGA TAC TTT TCA GTT AAC GAC GGT GTG GCC CAT CCG TTA TAT GTC AAT GAT GAA TCG GAT TCT GGT CGT ATG TAC TCT TCC GAC CTA CCT TAC CAA AAG GAA AAG CGT AGG GTA GTG CAT GTT TAC GGA AAG ATC GTG ATA ACT GAC ACT AGG TCT AGA ACA TTC TTT TTG CAA ATT TTA TCC GAA GAC ATT CGT GAC CAC GGG TAC GTT GAT GTC GAA TTA GCT AAT TTG GGA GCA TTA GAA GTA GTG AAT CAG GAT GGT CAG GAT TAC GTG GGT ACT GAC ACT TTA ATG TAC CAT AAG GAT TTG ATG GAC GAC TGT ACA TCT GAT AGA AAA GCA GAA GGA CAT ACT AAA TAC GGT GGT CCT ATC CCA TTA GGT AGA TCC TAT TAC ACT ATG TCA ACA TAC CAA CGT AAA TTC GAA TTC CTT CTT AGA GTG ATA AGA GTC TAT CCC CCT AAT TTG CAA AAC GGT GAT GAA GGT ACT TCT TCT GGT TCC GAA AGT CGT GAC CAA TGT GAA CCA ACT GCT AAT GAA TAT TTT GGT ACT CAC AGT GCT ATT CCG CAG AGG CAG CAG ACC GGT GAA ATC AGA CCA GAT GTG TCT ATT TAC ACA ACT TGC GTG CAT CGT AGA AAG GGT AAC ATT GGT ACT TTG TAT GAC CCA GTC CCT TTT GCC GTA CAC ATT CAT TGT TTA TTA GAT TCT ATA CAA GTT TTA TTC TTC GGA GCT CAG TCG GCC TAC GCA TTA GAC TTC GAT AGA AGG TTA CCT GGT GAT CTA AAA CCA AAA ACC CAG AGA CAC ATT TAC AAG GCT ATT GCT AGA TAC TAC TTA AGG ACC ACT TGT TTT CTG AAG GGT TAT CCT CAA CTT AAC GAG ATT CGT ACT TTG GTG TCC CAA TCG AAA CAA GAA GAA CTT TTA TTG AAA TTC CGT AAA GAA ACA 
Calb                            TGT AGT GAT AGG TTT ACT GAA GAT GGT GTT GGT TCT GGT GTG GTT GCT AAA GCT CCA CCT AGA TTA GAT GAC TAC TAC GCT AGA TCC AGA AAA GTT TGT TTT GAT TTT GTC GGT TTA GAT GTG GGT GTG TGT GAA ATT CCT TTA GAA TAC GAA TAC AAG TTG CAA ATT CCA GAA ACA AAT GAA ACT TTG TTT CAA GGT ACC TTG ATT ATG GGT ATT TTG TAT GTT GCT AAG TTT GAC CAA GGT AAA GTT TCA CCA GCT TAC TAT AAA AAC TTT TCA GTG TCC GAT GGT GTA GCC CAT CCT TTG TAC GTG AAT GAT GAA TCT GAT AGT GGT AAG ATG AAT GGG AAG GAC TTA CCA TAC CAA GGT GAA AAA AAG CGT GTT GTG CAC GTT TAT TCA AAA ATT ATT ATC ACT GAC ACA CGT CAA AGA ACT CTT TTC CTT AAT GTA TTG GCT GAA GAC ATT AGA GAC CAT GGA TAT GTT GAA GTA GAG TTG GCA AAT ATT AAT GCC TTA GAA GTT ATT AAT GAA GAT GGT GAA GAT TAC GTG GGT TCT GAC ACT TTG ATG TAC CAC AAA GAT AAA ATT GAC GAC TGT ACT TCA GAT AGA CAA GCA GAC GGT CAT GTC CAG TAC GGT GGT AGT ATT CCA TTA GGT AGA AGT TAT TAT AAA ATG TCA ACT TAC CAA AGA AAA TTC GAA TTT TTA TTA ACA GTG ATT AGA TCA TAT CCA CCA AAT CTT CAA AAT GGT GAT GAA GGT ACA TCA TCA GGT AGT GAG AAA CGT GAC CAA TGT GAG CCA AAT GCC AAT GAG TTT TTT GGT GTC CAC AAA GCT ATT CCA CAA CGT CAA GAA TCA GGT GAG GTG CGT CCA GCT GTA TCT TTA TAC ACT ACA GTC GTC CAT CGT CGT AAA GGT AAT ATA GGT TTG TTG TAT GCT CCA TCA AGT TTT GCC TTA CAC ATT AAT TGT TTG CTT GAT TCG ATT TAC ATT TTG CTT TAC GGG GCA GAA TCT GCC TAT GCC TTG GAC AAT GAT ACA CGT TTA CCA GGC GAT TTG AAA CCT CAG GTT CAA CGT CAT ATT AAA AAG GCT ATT GCT AAA TAC TAC TTA CGT ACT ACT TGT TTT TTA AAA GGT TAT CCA CAA TTA AGA GAA TTA AGA ACT TTA ACT AGT CAA TCT CAA CAA GAA GAA TTA TTG ATA AAA TTC AGA CAA GAG GCA 



Printing out site pattern counts


         9        729  P

Scer                            AAA AAA AAA AAC AAC AAC AAC AAC AAG AAG AAG AAG AAT AAT AAT AAT AAT ACA ACA ACA ACA ACA ACA ACC ACC ACC ACC ACC ACC ACG ACT ACT ACT ACT ACT AGA AGA AGA AGA AGA AGA AGA AGA AGG AGG AGG AGG AGG AGG ATC ATC ATC ATC ATG ATG ATT ATT ATT ATT ATT ATT CAA CAA CAA CAA CAA CAA CAA CAA CAA CAA CAC CAC CAC CAG CAG CAG CAT CAT CAT CAT CAT CCA CCA CCA CCA CCA CCA CCA CCA CCT CCT CCT CCT CCT CGT CGT CGT CGT CGT CTA CTA CTA CTA CTG CTG CTG CTT CTT CTT GAA GAA GAA GAA GAA GAA GAA GAA GAA GAC GAC GAC GAC GAC GAG GAG GAT GAT GAT GAT GAT GAT GAT GAT GAT GAT GAT GCA GCA GCA GCC GCC GCG GCT GCT GCT GGA GGC GGC GGC GGG GGG GGT GGT GGT GGT GGT GGT GGT GGT GGT GGT GTA GTA GTA GTA GTA GTA GTC GTC GTC GTC GTG GTT GTT GTT GTT GTT GTT GTT GTT GTT GTT TAC TAC TAC TAC TAC TAT TAT TAT TAT TAT TAT TAT TAT TAT TAT TAT TAT TCA TCA TCC TCC TCC TCC TCG TCT TCT TCT TCT TCT TCT TCT TGC TGC TGC TGT TGT TTA TTA TTA TTA TTA TTA TTA TTC TTC TTC TTG TTG TTG TTG TTG TTG TTG TTG TTT TTT TTT TTT TTT TTT 
Sbay                            ... ... ... ... ... ... ..T ..T ..A ... ... ... ..C ..C ... ... G.. ... ... ... ..C ..G G.. ..A ... ... ... ..T ..T ..T ..C ..G ... ... ... ... ... ... ... ... ... ... ... ..A ..A ..A ..A ..A ..A ... ... ... ..T ... ... ..C ... ... ... ... ... ... ... ... ... ... ... ... ... ..G ..G ... ... ..T ..A ..A ... ..C ... ... ... ... ... ... ... ... ... ..T ..T ..T ... ... ... ... ... ..A ... ... ... ... ... T.. T.G T.G ... T.A T.. ..A ..C ..G ... ... ... ... ... ... ... ..G ..G A.. ... ... ... ... ... ..T ..C ..C ..C ..C ... ... ... ... ... ... ... ... ..T ..T ... ... ..T ..G ... ... ..T ... ..G ..T ..C ... ..A ..C ..C ..C ..C ... ... ... ... ... ... ... ... ..G ..G ..T A.. ... ... ..T ... ..C ..C ..C ... ... ... ... ... ... ... ... ... ... ..T ..T ..C ..C ..C ..C ..C ... ... ... ... ... ... ... ... ..T ..A ... ..T ..T ..A ..A ..A ... ... ... ... ... .CT ..T ..T ..C ... C.. C.G ... ... ... ..G ..G ... ... ..T ..A ..A ... ... ... ... ... ... ..C ..C ... ... ... ... 
Smik                            ... ... ... ... ..T .GA ... ..T ..A ... ... ... ..C ... ... ... ... ... ... ..G ... ... .A. ..A ... ..T C.. ... ..T ..T ... ..G ..C ..C ... ... ... ... ... ... ... CA. C.C ..A ..A ..A ... ... TCT ... ... ..T ... ... ... ... ..C ... ... ... ... ... ... ... ... ... ... ... ... ... ... ... TT. ..T ..A ..T ... ... ..C ..C ... ... ... ... ... ... ..G ... ..T ..T ..G ... ... ... ... ... ... ... ... ... T.. T.G T.. T.. ..T T.. T.. ..C ..C ..G ... ... ... ... ... ..G ..G ... ... ... ... ..T ..T ..T ... ... ..C ... ... ... ..C ... ... ... ... ... ... ... ..T ..T ... ..T ... T.C ..C ... ..T ..T ..G ..T .A. ..A ..A ..A ..C ... ... ... ... ... ... ... ... ... ..C ... ..C ..T A.T ..A ..T ... ..T ..C ..G ... A.. C.G ..C ... ... ... ... ... ..T ..T ..T .TT ..C ... ... ... ... ..C ..C ..C ... ... ... ... ... ..T ..A ... ... ..T ..A ..G ..G ..C ... ... ... ... .CT ACA ..T ... ... ... C.. C.. ... ..G AGC ... ... ... ..T A.C C.T .AC ..A ..A ... ... ... ... ... .AC ..C ... ... 
Spar                            ... ... ... ... ... ... ..T ..T ... ..A ... ... ..C ... ..C ... ..C ... ... ... ... ... ... ..A ... ... ... ... ..T ..T ... ..G ... ... ..C ... ... ... ... ... ... ... ... ..A ..A ..A ... ... ... ... ... ..T ... ... ... ..C ... ..C ..C ... ... ... ... ... ... ... ... ... ... ... ... ... ... ..T ... ... ..A ... ... ... ..C ... ... ... ... ... ... ... ..T ..T ..C ... ... ... ... ... ... ... ... ... ... ... ... T.G ... T.A T.. ..C ... ... ... ... ... ... ... ... ... ... ... ..T ... ... ..T ..T ... ... ..C ... ... ... ... ... ... ... ... ... ... ... ... ..T ... ..T ... ... ... ... ..T ..T ... ..T ... ..A ..G ..C ..A ... ... ... ... ... ... ... ... ... ..G ... ... ..C A.T ... ... ... ... ... ... ... A.. ... ... ... ... ... ... ... ... ... ..T ..T ..C ... ... ... ... ... ... ... ..C ... ... ... ... ..C ..A ... ..T ..T ... ..A ..A ..C ... ... ... ... .CT ..T ..T ..C ... C.. ... C.. ... ..G ... ... ... ..T ... ... ... ... ..A ... ..A ..A ... ..C ... ... ..C ... ... 
Ncas                            ... ..G ..G ..T ..T ..T ... ..T ..A ... ... .GA ... ... ... ... TC. ..T ..T ..T ..T ..T G.T ... ... ... G.A ..T ..T ..C ..A ... ... ... ..A ... ... ... ... ... ... ... ..G ..A ..A ..A ..A ..A ..A ... ..T ..T ..T ... ... ... ... ..C ... ... G.C A.. ... ... ... ... ... ..G G.. ... ... ... ..T ..T G.A ..A ATA ... ... ... G.C ... ... ... ... ..T ... ..G ..T ..T ..A ..A ..A ... ... ... ... ... ... ... T.. T.. T.G T.G T.. T.A ..T T.G T.A T.A ... ... ... ... ..G ... ..G ... ... A.G ... ..T ..T ..T ..A ..T ... ... ... ... ..C C.C ... ... ... ... ... ..C ... ..C ..T ..T C.T ... ... ..A ..T ..A ..T ..T ..A ... ... ... ..C ... ... AC. ... ... ... ... ..T ..T ... ..G ..T ..T ... ..T ..T ..G .CT ... ... ... A.C ..C ... C.C ..G ... ... ... ... ..T ..T ..T .T. ..C ... ... ... ..C ... .TC ..C ..C ..C ... CA. ..C ..T ..T ..T ..T ..C A.G GG. ..A G.C ..A ..A ... .C. ..T ... ... ... ... ... ..G ... ... G.G ... ..T ..T .AT ..A C.. ..A ..A C.A A.A ..A ..A ..C ..C ..C ... ... ... 
Cgla                            ... ... ..G ... ... ... ... ... ..A ... ... ... ..C ..C ..C ..C TCG ... ..C ..C ..C ..T GAT ..A ..A ... G.T ..T ..T GA. .G. ..A ..A ..G ... ... ... ... ... ..G ..G ..G C.. ..A ..A C.T ..A ..A ..A G.T ..T ... ..T ... ... ... ... ... ..C ..C ... A.G ... ... ... ... ..G ... ... A.G ... ... ... ... AT. ... ... ... ..C ... G.C ..C ... ... ... ..C ... ... ... ..C ..A ..A ..C ..A ... AAG A.A ... ... ... T.. T.. ... ..G T.. T.A T.. ..G T.G ..A ... ... ... ..G ... ... ..G ... ..G A.. ..T ... ... ..T ... ... ..C ..C ... ... ..C C.. ..C ..C ... ... ... ..T ..T ..T ..T ..A AGA ..C ..C ... ..T ..T ..T ... ..A ..A ... ..G ... ... ... ..C ..C ... ... ... ..T ..T ..C ..G ... ..T ..A ..T ..T ..T ... ..A ..G ..G A.C ... ..C ACC ..G A.. ... ..T ..T ... ..T ... .T. ... ..C ..C ... ..C ..C .T. C.. ... ... ..C ..C ..T ..T ..G ..A ..T ..A ..C GAA ... GAC ... .G. ... .CT ... ..T ..C ... C.G C.G ..G C.T ... C.. C.T ... ..T ... ..A ... ..A C.A ... ... AC. ... ..C ..C ..C ... ..C ..C 
Agos                            ... ..G ..G ... ... ... ..T G.. ... ... ... ... ... ... ... ..C GCG ..G ..T CGG G.G ..G CGC GTT ... ... G.G ... ..G G.C .AA ..G ..A T.C ... .AC ... ... ..G ... C.G .A. C.G ..A C.T C.. ..A C.C ..A ..T ... ... ... ... ... ... ... ... ..C ..C ..C ATG A.G ... ..G ..G ..G G.C ..G .TG G.. ... ... ..T AC. ... .T. ..C ... ..C G.. ... ... ..C ..T ... ..T ..G ..G T.. ... ... ..A ..C ... A.A ... ..C ..C ... ..G ..G ..C ..C ..T .C. ... ..G T.G ..G ... ... ..G ... ... ... ..G ..G ..G .G. ... ..T ..T ... ..A ... ..C ..C ..C ... ... C.G ..C ..C ..C ..C ... ... ... .GC ..G .T. C.. ... ... ..A ... ... ... ..A ..T ..C ..C ... ..G ..A ..G A.. ..C ..A ..G ... ..G ..G ..T ..G ..G ..T A.T ..T ..G ... ... ..G ..A ..C ..C ..A ..C ACG ... ..C ... ... ... ... ... ... ..C A.C ..C ... .T. ..C ..C ... C.G ..C ..C ... AGT ..T ..G ..T ..G ..T ..T G.G A.G ... CAG G.. .GC AG. ..T ... ... ... ... C.T C.T ..G C.T C.G C.T C.G ..T ..T CA. C.. C.. ... C.A ... C.. GAA C.A ..C ..C C.G ... ..C ... 
Klac                            ... .G. ..G ... ..T ... ... ..T ... ... ... ..A ... ... ... ..C GGA ..T T.C .A. ..T ..T .AG GT. ..T ..T ..A ..A ..T ..T ... ... ... ..C ..A .AC ... ..G ... ... C.T .AG ..G ..A ..A ..A ... ..A .A. G.. ..T ..T ..T ... ... ..C ... ..A ..C ... ... ATG ..G ..G ... ..G ... ... G.. ... G.. ..T ... ..T A.A ..A ACT ..C ... ..C G.. ... ... ... ... ..T ..T ... ..T ..T ..G ..A ... ..C ..G A.. ... ... ... ... T.. T.G T.. ..T T.. T.. T.C ... ... ... ... ... ... ... ... ... ... ..G ..G A.A ... ..T ... ..T ..A ..C ..C ... ... ... ..C AG. ... ... ..C ... ... ..T ..T ..C ..A ..T CAT ... ... ... ..T ..T ..T ..T ..A ..A ... ..G ... ... ... ..A ... ... ... ... ..C ..G ..G ..G ..C ..T A.. ..T ..A ..G A.T ... ..G ..G ..A A.A ..G ACC ... ... ..C ..T ..T ... ... ... ... ... ..C ..C ..C ..C ..C .TC ..C ..C ... ... ..T ..G ..T ..T ..T ..A ..T ... ..C ... CTG G.A ..C A.C .CT ..T ... ... ... C.T ..G ... ..G ... G.. C.. ..T ..T ... ... ..A ..A C.A ..A A.T ... ..A ..C ..C ... ..C ..C ... 
Calb                            ... ... ... ..T ..T C.A ..T ..T ..A ..A ... C.. ... ... ... TCC ... GTC .GT CA. T.T ... .A. T.A ... ..T G.A ..T ..T ..A .A. TTG ... GT. ... ... TAC ... ... .C. ... G.T C.T C.T ..A ..A C.T C.T ... ..T ..T ..T ..T ... ..T ... ..A ... ... ... G.A ATG G.. ... ... ... ... A.T G.G T.C G.. GCT ..T ..T GCT ..A A.A ... ... ..C G.A ..C ... ... ... ... AGT ..T ... ... ..A ... ..A ..A ... AAA A.A AAG A.A ... T.G A.T ..T T.G T.. AAA ..T AAG T.G T.A ... ..C ... ... ... ... ..G ... ... A.A ... ..T ... ..T ..A .CT ..C ... .C. ... ... A.A ..C ... ..C ... ... ..T ... ..C ..A ..A AAT ..C ... ... ..C ..T ..T ..T ... ..T ... ..A ... ... ... TCA ... ... ... ... ..G ACT ... A.T A.T ..T ..G ..T ..T ..A A.T ..G ..G A.. AG. A.C ..C AC. ..C A.. ..A ... ..T ... ... ..T .T. ... ..C ... A.. ..C ..C ..C A.C A.A ... ..C CA. ..T ..G ..A AGT ..A ..A GGG AAG ... .TA G.C G.. ..A .CT ..T GT. ... ... ... ... ... ..G ..G ... ... ..T ..T AAT A.A ... ..A ... ..A ..A C.T ... ... ..C ... ... ..C ..C 

    1    2    2    1    1    1    1    1    1    1    1    2    1    2    1
    2    1    2    3    3    1    1    1    2    1    2    1    3    2    3
    1    1    1    1    2    2    2    1    1    2    1    1    3    2    1
    2    2    1    1    1    1    1    1    3    1    1    1    2    1    1
    1    1    4    3    2    1    3    1    4    1    2    1    1    2    1
    3    1    1    1    2    2    2    1    2    2    1    2    1    2    1
    1    1    1    2    2    1    3    2    1    2    3    2    1    1    1
    2    2    1    1    2    1    1    1    3    2    1    2    1    1    3
    4    1    1    1    2    2    3    1    1    5    2    1    1    2    2
    1    3    1    1    3    1    1    1    1    1    3    1    1    2    2
    1    1    1    1    1    1    2    1    1    1    8    3    2    1    1
    1    1    3    1    3    3    1    2    2    4    1    1    1    1    1
    1    1    1    1    3    2    2    1    1    2    1    3    1    1    3
    1    1    2    1    2    1    3    1    1    1    2    3    1    2    1
    2    2    1    1    1    2    1    2    3    3    1    1    1    1    1
    2    2    1    1    1    2    1    1    2    2    2    3    2    1    2
    3    1    1

CODONML (in paml version 4.9j, February 2020)  temp.nuc
Model: One dN/dS ratio, 
Codon frequency model: Fequal
ns =   9  ls = 393

Codon usage in sequences
--------------------------------------------------------------------------------------------------------------------------------------
Phe TTT  10   8   7   6   9   6 | Ser TCT  10  14  13  10   7  11 | Tyr TAT  19  14  20  20  16  12 | Cys TGT   5   6   6   6   7   5
    TTC   4   6   7   8   6  10 |     TCC   5   1   4   5   7   2 |     TAC   9  14  10   8  11  13 |     TGC   4   2   0   2   1   4
Leu TTA  10  10  14  12  26  10 |     TCA   4   8   5   5   4   4 | *** TAA   0   0   0   0   0   0 | *** TGA   0   0   0   0   0   0
    TTG  14  18  14  13   5  14 |     TCG   3   0   3   3   0   2 |     TAG   0   0   0   0   0   0 | Trp TGG   0   0   0   0   0   0
--------------------------------------------------------------------------------------------------------------------------------------
Leu CTT   4   0   3   3   2   3 | Pro CCT   7  11   9   9   9   2 | His CAT   8   9  10   8   9   5 | Arg CGT   9   8   9   9   9   7
    CTC   0   1   2   1   1   0 |     CCC   0   0   1   1   0   3 |     CAC   4   3   4   4   2   7 |     CGC   0   0   3   0   0   0
    CTA   7   7   2  10   2   5 |     CCA  12   8   7   9  10  14 | Gln CAA  22  23  24  23  20  17 |     CGA   0   1   0   0   0   3
    CTG   5   4   3   1   2   6 |     CCG   0   0   3   0   1   0 |     CAG   5   4   1   4   1   7 |     CGG   0   0   0   0   0   0
--------------------------------------------------------------------------------------------------------------------------------------
Ile ATT   7   7   9   6   7   8 | Thr ACT   6  12  10   8  19   8 | Asn AAT   7   5   8   6  10   0 | Ser AGT   0   0   0   0   0   1
    ATC   4   5   5   7   4   4 |     ACC  11   6   6   9   8  10 |     AAC   5   9   3   6   1  14 |     AGC   0   0   1   0   0   0
    ATA   0   0   0   0   3   0 |     ACA  11  10  11  13   3   7 | Lys AAA   5   6   7   6   3   4 | Arg AGA  13  22  15  18  21  17
Met ATG   4   4   4   4   4   5 |     ACG   3   2   4   1   1   3 |     AAG   5   4   4   4   9   9 |     AGG   9   0   3   4   3   4
--------------------------------------------------------------------------------------------------------------------------------------
Val GTT  14  11  13  13  23  16 | Ala GCT   5   9   8   9   7  10 | Asp GAT  22  15  20  24  24  18 | Gly GGT  20  17  21  21  25  21
    GTC   8  13   6  10   3   2 |     GCC   2   2   2   1   6   2 |     GAC  10  17  12   8   8  15 |     GGC   5   7   1   3   1   4
    GTA   9   4   7   5   1   4 |     GCA   5   2   1   2   5   1 | Glu GAA  13  11  10  13  16   9 |     GGA   1   1   3   2   2   2
    GTG   2   4   4   3   4   9 |     GCG   1   1   1   1   0   0 |     GAG   4   4   8   4   4  13 |     GGG   2   3   2   2   1   1
--------------------------------------------------------------------------------------------------------------------------------------

--------------------------------------------------------------------------------------
Phe TTT   8   6  11 | Ser TCT  10  10   6 | Tyr TAT   6  10  10 | Cys TGT   6   7   7
    TTC   4  11   3 |     TCC   1   6   2 |     TAC  18  17  16 |     TGC   4   1   0
Leu TTA   0  14  17 |     TCA   1   2  10 | *** TAA   0   0   0 | *** TGA   0   0   0
    TTG   5  10  15 |     TCG   2   3   1 |     TAG   0   0   0 | Trp TGG   0   0   0
--------------------------------------------------------------------------------------
Leu CTT   7   8   5 | Pro CCT   8   7   4 | His CAT   5   7   5 | Arg CGT   6   9  10
    CTC   2   0   0 |     CCC   4   2   0 |     CAC   6   4   4 |     CGC   5   0   0
    CTA   4   3   0 |     CCA   3   7  13 | Gln CAA   3  10  17 |     CGA   0   0   0
    CTG  22   2   0 |     CCG   6   3   0 |     CAG  17   8   2 |     CGG   9   0   0
--------------------------------------------------------------------------------------
Ile ATT   6  10  18 | Thr ACT   5  16  12 | Asn AAT   5   6  14 | Ser AGT   3   2   7
    ATC   6   3   1 |     ACC   6   3   1 |     AAC   9   7   1 |     AGC   0   0   0
    ATA   0   3   2 |     ACA   1   6   6 | Lys AAA   3  10  18 | Arg AGA  11  13  12
Met ATG   5   5   4 |     ACG  10   0   0 |     AAG  13   8   6 |     AGG   1   6   1
--------------------------------------------------------------------------------------
Val GTT  11  10  10 | Ala GCT   4   8  11 | Asp GAT  14  18  16 | Gly GGT   5  24  25
    GTC   6   7   5 |     GCC   3   3   6 |     GAC  18  14  12 |     GGC  12   0   1
    GTA   5   5   4 |     GCA   5   3   4 | Glu GAA  14  19  20 |     GGA   5   4   1
    GTG  12  10   9 |     GCG   5   0   0 |     GAG   7   2   6 |     GGG  11   1   2
--------------------------------------------------------------------------------------

Codon position x base (3x4) table for each sequence.

#1: Scer           
position  1:    T:0.24682    C:0.21120    A:0.22901    G:0.31298
position  2:    T:0.25954    C:0.21628    A:0.35115    G:0.17303
position  3:    T:0.38931    C:0.18066    A:0.28499    G:0.14504
Average         T:0.29856    C:0.20271    A:0.28838    G:0.21035

#2: Sbay           
position  1:    T:0.25700    C:0.20102    A:0.23410    G:0.30789
position  2:    T:0.25954    C:0.21883    A:0.35115    G:0.17048
position  3:    T:0.37150    C:0.21883    A:0.28753    G:0.12214
Average         T:0.29601    C:0.21289    A:0.29092    G:0.20017

#3: Smik           
position  1:    T:0.26209    C:0.20611    A:0.22901    G:0.30280
position  2:    T:0.25445    C:0.22392    A:0.35878    G:0.16285
position  3:    T:0.42239    C:0.17048    A:0.26972    G:0.13740
Average         T:0.31298    C:0.20017    A:0.28584    G:0.20102

#4: Spar           
position  1:    T:0.24936    C:0.20865    A:0.23410    G:0.30789
position  2:    T:0.25954    C:0.21883    A:0.35115    G:0.17048
position  3:    T:0.40204    C:0.18575    A:0.30025    G:0.11196
Average         T:0.30365    C:0.20441    A:0.29517    G:0.19678

#5: Ncas           
position  1:    T:0.25191    C:0.17303    A:0.24427    G:0.33079
position  2:    T:0.25954    C:0.22137    A:0.34097    G:0.17812
position  3:    T:0.46565    C:0.15013    A:0.29517    G:0.08906
Average         T:0.32570    C:0.18151    A:0.29347    G:0.19932

#6: Cgla           
position  1:    T:0.23664    C:0.20102    A:0.23919    G:0.32316
position  2:    T:0.25954    C:0.20102    A:0.36387    G:0.17557
position  3:    T:0.33842    C:0.22901    A:0.24682    G:0.18575
Average         T:0.27820    C:0.21035    A:0.28329    G:0.22816

#7: Agos           
position  1:    T:0.16539    C:0.27226    A:0.21374    G:0.34860
position  2:    T:0.26209    C:0.18830    A:0.35115    G:0.19847
position  3:    T:0.27735    C:0.26463    A:0.13995    G:0.31807
Average         T:0.23494    C:0.24173    A:0.23494    G:0.28838

#8: Klac           
position  1:    T:0.24682    C:0.17812    A:0.24936    G:0.32570
position  2:    T:0.27226    C:0.20102    A:0.35623    G:0.17048
position  3:    T:0.40204    C:0.19847    A:0.25191    G:0.14758
Average         T:0.30704    C:0.19254    A:0.28584    G:0.21459

#9: Calb           
position  1:    T:0.24936    C:0.15267    A:0.26209    G:0.33588
position  2:    T:0.26463    C:0.19338    A:0.37405    G:0.16794
position  3:    T:0.43511    C:0.13232    A:0.31552    G:0.11705
Average         T:0.31637    C:0.15946    A:0.31722    G:0.20696

Sums of codon usage counts
------------------------------------------------------------------------------
Phe F TTT      71 | Ser S TCT      91 | Tyr Y TAT     127 | Cys C TGT      55
      TTC      59 |       TCC      33 |       TAC     116 |       TGC      18
Leu L TTA     113 |       TCA      43 | *** * TAA       0 | *** * TGA       0
      TTG     108 |       TCG      17 |       TAG       0 | Trp W TGG       0
------------------------------------------------------------------------------
Leu L CTT      35 | Pro P CCT      66 | His H CAT      66 | Arg R CGT      76
      CTC       7 |       CCC      11 |       CAC      38 |       CGC       8
      CTA      40 |       CCA      83 | Gln Q CAA     159 |       CGA       4
      CTG      45 |       CCG      13 |       CAG      49 |       CGG       9
------------------------------------------------------------------------------
Ile I ATT      78 | Thr T ACT      96 | Asn N AAT      61 | Ser S AGT      13
      ATC      39 |       ACC      60 |       AAC      55 |       AGC       1
      ATA       8 |       ACA      68 | Lys K AAA      62 | Arg R AGA     142
Met M ATG      39 |       ACG      24 |       AAG      62 |       AGG      31
------------------------------------------------------------------------------
Val V GTT     121 | Ala A GCT      71 | Asp D GAT     171 | Gly G GGT     179
      GTC      60 |       GCC      27 |       GAC     114 |       GGC      34
      GTA      44 |       GCA      28 | Glu E GAA     125 |       GGA      21
      GTG      57 |       GCG       9 |       GAG      52 |       GGG      25
------------------------------------------------------------------------------


Codon position x base (3x4) table, overall

position  1:    T:0.24060    C:0.20045    A:0.23721    G:0.32174
position  2:    T:0.26124    C:0.20922    A:0.35539    G:0.17416
position  3:    T:0.38931    C:0.19225    A:0.26576    G:0.15267
Average         T:0.29705    C:0.20064    A:0.28612    G:0.21619

Codon frequencies under model, for use in evolver (TTT TTC TTA TTG ... GGG):
  0.01639344  0.01639344  0.01639344  0.01639344
  0.01639344  0.01639344  0.01639344  0.01639344
  0.01639344  0.01639344  0.00000000  0.00000000
  0.01639344  0.01639344  0.00000000  0.01639344
  0.01639344  0.01639344  0.01639344  0.01639344
  0.01639344  0.01639344  0.01639344  0.01639344
  0.01639344  0.01639344  0.01639344  0.01639344
  0.01639344  0.01639344  0.01639344  0.01639344
  0.01639344  0.01639344  0.01639344  0.01639344
  0.01639344  0.01639344  0.01639344  0.01639344
  0.01639344  0.01639344  0.01639344  0.01639344
  0.01639344  0.01639344  0.01639344  0.01639344
  0.01639344  0.01639344  0.01639344  0.01639344
  0.01639344  0.01639344  0.01639344  0.01639344
  0.01639344  0.01639344  0.01639344  0.01639344
  0.01639344  0.01639344  0.01639344  0.01639344


TREE #  1:  (((((1, 4), (3, 2)), 5), 6), ((7, 8), 9));   MP score: 1186
This is a rooted tree.  Please check!
lnL(ntime: 16  np: 18):  -6435.776701      +0.000000
  10..11   11..12   12..13   13..14   14..1    14..4    13..15   15..3    15..2    12..5    11..6    10..16   16..17   17..7    17..8    16..9  
 0.167943 0.043812 0.370369 0.071327 0.255865 0.099134 0.000004 0.465031 0.258683 0.599144 0.756090 0.139757 0.221335 1.653966 0.511299 2.383074 1.908678 0.051350

Note: Branch length is defined as number of nucleotide substitutions per codon (not per neucleotide site).

tree length =  7.996834

(((((1: 0.255865, 4: 0.099134): 0.071327, (3: 0.465031, 2: 0.258683): 0.000004): 0.370369, 5: 0.599144): 0.043812, 6: 0.756090): 0.167943, ((7: 1.653966, 8: 0.511299): 0.221335, 9: 2.383074): 0.139757);

(((((Scer: 0.255865, Spar: 0.099134): 0.071327, (Smik: 0.465031, Sbay: 0.258683): 0.000004): 0.370369, Ncas: 0.599144): 0.043812, Cgla: 0.756090): 0.167943, ((Agos: 1.653966, Klac: 0.511299): 0.221335, Calb: 2.383074): 0.139757);

Detailed output identifying parameters

kappa (ts/tv) =  1.90868

omega (dN/dS) =  0.05135

dN & dS for each branch

 branch          t       N       S   dN/dS      dN      dS  N*dN  S*dS

  10..11     0.168   852.7   326.3  0.0514  0.0092  0.1783   7.8  58.2
  11..12     0.044   852.7   326.3  0.0514  0.0024  0.0465   2.0  15.2
  12..13     0.370   852.7   326.3  0.0514  0.0202  0.3933  17.2 128.3
  13..14     0.071   852.7   326.3  0.0514  0.0039  0.0757   3.3  24.7
  14..1      0.256   852.7   326.3  0.0514  0.0140  0.2717  11.9  88.7
  14..4      0.099   852.7   326.3  0.0514  0.0054  0.1053   4.6  34.4
  13..15     0.000   852.7   326.3  0.0514  0.0000  0.0000   0.0   0.0
  15..3      0.465   852.7   326.3  0.0514  0.0254  0.4938  21.6 161.1
  15..2      0.259   852.7   326.3  0.0514  0.0141  0.2747  12.0  89.6
  12..5      0.599   852.7   326.3  0.0514  0.0327  0.6362  27.9 207.6
  11..6      0.756   852.7   326.3  0.0514  0.0412  0.8029  35.2 262.0
  10..16     0.140   852.7   326.3  0.0514  0.0076  0.1484   6.5  48.4
  16..17     0.221   852.7   326.3  0.0514  0.0121  0.2350  10.3  76.7
  17..7      1.654   852.7   326.3  0.0514  0.0902  1.7564  76.9 573.1
  17..8      0.511   852.7   326.3  0.0514  0.0279  0.5430  23.8 177.2
  16..9      2.383   852.7   326.3  0.0514  0.1299  2.5306 110.8 825.7

tree length for dN:       0.4361
tree length for dS:       8.4920


Time used:  0:10
