      9   1176

Scer                            GTT TCA ACA GGT ACA CCG AGA GAA ATT CCT TGC TTG GAG CTT CAG CTT TTT AAT CAC GCT GAA AAC TTT ATC CAG TTA TTC GAT GTC CAA TTA GGT TTC AAA GTT TTG AAA TTA ACA ATT AGC GAA TTG ACA GTT CAA AAT CTA TCT AAC TAT AAT TTC GGT GAC CTG CAA TGT TCT AAT CTA CCA CAA ATC AAG AAG GCT AAG GTC TTT AAG AAA GAA AAT GCG TTC CAA TGG TCT GGT TAT AGG CCA ACA TCT TTG GCG TTA CAA TTG AAG GCC ACT TAT ACT TTG ATG TAT TCC ACA TCT ATT CAT CCA GAT ATT TAT ATG GGT TAT ACT GCC TTC TGT ACT CGT GGT ATA TGG CGT GTT GGT CAC TTT CGT GGT TTC GAC TGT TAC AGA AAA TAC TTC ATA AGA TAC AAC ATA AGC ACT CAG TTT TGT TTT TAC CTG GCG GAA CTT ACG ATG TAC TTA GTT TCT GAA GTT GTG ACT AAA TCC GAT AAT CTG CAA ACA TTG CTA AGA CAA TAC TAT TGT GAA GAG GCG GTT GTT TTA GAC CAG GGT CGT TTG CGT TTA TTA CAC TGC TCT TGG AAC GAA GTG ACT TTG CCT TAT GCT TCT GAT GCA TTT TAT AAT AAG GAA AAT AAT AAT GTA TAC ACA GAG GTA ATA TCT ACC AAT CAA GCA GAC CGT TGG CAG CGT GAT GAG TCA TTA TTA GAT GTT GAT TAT CGT TTG ACT CAA ATT TAT GAA AGA TCT GGT GAA GAT TAT GAA AGT TTT CCT GAA GAG CTT GGT CCT ACA AAA GAT CCT AAT GAA TTT CAT CAA TAT CAA ATC AAC TCT AGA AGA GAA GTT AAC GAA CCA ACT AAA GCA GAA TAT AGA TCC GTC AAG AAT TTA ATT GTG AAG AAC GGT AAG TTT GAC AGA GTT GAA ACA ATG ATT CAA ATT CGT ACT GGT TTG CAA ATC TTC ATG TCC AGG ACT GAT TTA TTA TTG CGT CCT TAC CCT GTC GAG GCT TAC GGT AGA TTC AAT GGT GAA AAA TTA TTG CAA TTC GCG TAT CAA ACA TCT CAT TCG TGT ATT ATC CTT TCA TTG TTT CTT TCT TCA TGC AGT TAT GTA TGT AAT TCA GCA AAA AAC ATT CTA TTG ACA CAA AGA GTT ACG TAT AAT ATT CGT AAA ATT AAT AAT AAA CGA TCT TGT TAT GTA GAT GGT TTT 
Sbay                            GTG AAT ACT GGT ATT CCA AGA GAA GTC CCT TGC CTG GAA CTT CAA CTT TTT TCA ATA GCT GAT AAT TTT ATC CAA TTG TTA TTA GTC CAA TTG GGA TTA CCT GTT TTA AAA TTA ACT ATC ACA AAA TTG GTT GTG CAA AAC TTG TCG AAC TAT AAC TTT GGT GAT GAA CAA TGT AAT AAC ATG CCA CAA ATC AAG AAG GCA AAG GTC AAA AAA AAA GAA AAC GCA TTA TAT TGG TAT GGA TAT AGA CCA ACC GCC TTG GCA TTG CAA CTG AAG GCT GTT CAA CAA TTG CAA TAT TCC GTT TCT TGT CAT CCA GAT ACA CAA CAA GGT TAT ACA GCA TTC TGT CAA AGA GGT GTA TGG CGT GTT GGT ATA TTC CGT GGT TTT GAT TGT TAC AGA AAA TAC TTC ATA GAT TAT AAC ATA ACA ACG CAA TTT TGC TTT TAT TTG GCA GAA CTT ACG ATG TAC CTT GTT TCG CAA ATG GTC ACC AAA TCC GAC AAC TTG CAA TAC TTA TTT AGA CAA TAT TAT TGC GAA GAA GGT GTT GTT CTG GAC AAG GGT AAA CTG CGT CTG CTG ATA TGC TCG TGG AAC GAT AAA ACC TTG CCC TAT GCT GCC GAT ATG TTT TAT AAT AAG GAA AAT AAT TTC ACT TAT ACG GAA ACT ATA TCG ACC AAT CAA ATG GAT TCA TGG CAA AGA GAC GAA TCA TTA ATG GAT GTT GAT TAT GTC TTG ACC ATT ATT TAT AAA CGT TCG GGT GAA GAT TTT AAA AGT TTT CCA GAA GAT CTT GGT CCA ACG AAA GAC CCC AAC GAA TTT TAT ATT TAT CAA ATC AAC TAT AGA CAA GAA GTT AAT GAA CCA ACC AAA GTC GAT ACT AGA TCT GTC AAA AAC TTG TTC AAA AAG AAC GGT AAA TTT GAC AGA GTT GAA ACG ATG CAC CAA ATT AAA ACC GGA TTG ATT ATT TTT CAA TCC AGA ACC GAT TTG CTT TTG TCA CCC TAC CCT GTT GAT GCA TAT GGT AGA TTC AAC GGT GAA TGT ATG CTA ATT TTC GCA TTT CAA ACA TCC CAC TCG TGC TTG ATC CTC TCA TTG TTT CTT AAT TCA TGT AGT TAC ACT TGT TTC AAT GTC CCT AAC ATT TTA ATA ACA CAA AGA GTT ACG TAT TTC ATC AAA AAA TTG AAT TTC CAA CGA TCG TCA TTT GTT GAT GGT TTT 
Smik                            GTT TCA ACT GGT ACA CCA AGA GAG ATT CCA TGC CTA GAA CTT CAG CTT TTT AAT CAC GCT GAA AAC TAT ATC CAA TTG TTC GAT GTA CAG TTA GGT TTC AAG GTT TTG AAA TTA ACT ATT AGC GAA TTG ACT GTT CAA AAC CTA TCC AAT TAC AAC TTC GGT GAC TTA CAA TGT TCC AAC CTA CCC CAA ATC AAA AAG GCC AAG GTA TTT AAG AAA GAA AAC GCG TTC CAA TGG TCT GGT TAT AGA CCA ACA TCT TTG GCG CTG CAA TTG AAG GCA ACT TAT ACT TTG ATG TAT TCA ACT TCC ATT CAT CCA GAA ATT TAT ATG GGT TAT ACT GCC TTC TGT ACT CGT GGT GTA TGG CGT GTT GGT CAC TTT CGT GGT TTT GAC TGT TAT AGA AAA TAT TTC ATA AGA TAC AAC ATA AGC ACT CAG TTT TGC TTT TAC TTG GCG GAA CTT ACA ATG TAT TTG GTT TCT GAA GTG GTG ACC AAA TCT GAT AAC TTG CAA ACT TTG CTG AGG CAA TAT TAT TGT GAA GAG GCT GTT GTT TTG GAC CAA GGT CGT CTA CGT TTG TTA CAC TGC TCT TGG AAT GAA GTC ACC TTG CCC TAT GCT TCT GAT GCA TTT TAT AAT AAA GAA AAT AAT AAT GTG TAC ACA GAG GTG ATA TCC ACC AAT CAA GCA GAC CGT TGG CAA CGT GAT GAA TCT TTA TTA GAT GTT GAT TAT CGT TTG ACA CAA ATC TAT GAA AGA TCT GGT GAA GAT TAC GAA AGC TAT CCT GAA GAA CTT GGG CCT ACG AAA GAT CCC AAC GAA TTT CAT CAA TAT CAA ATC AAT TCT AAA AGA GAA GTT AAT AAA CCC ACA AAA GCA GAA TAT AGG TCT GTA AAA AAC TTG ATT GTC AAG AAT GGT AAA TTT GAC AAA GTT GAA ACG ATG ATT CAA ATC CGT ACC GGT TTG CAA ATA TTC ATG TCT AGA ACT GAT TTA TTG TTG CGT CCC TAT CCC GTC GAA GCC TAC GGT AGG TTC AAC GGT GAA AAG TTA CTA CAA TTC GCG TAC CAA ACA TCT CAT TCG TGC ATT ATC CTT TCT TTG TTT CTT TCC TCA TGT AGC TAT GTG TGT AAT TCA GCA AAG AAC ATC CTG TTA ACA CAA AGA GTT ACA TAC AAT ATT CGT AAA ATT AAT AAT AAG CGA TCT TGT TAC GTA GAT GGC TAT 
Spar                            GTT TCA ACT GGG ACA CCA AGA GAA ATT CCA TGC TTG GAG CTT CAG CTT TTC AAC CAC GCT GAA AAC TTC ATT CAA TTG TTC GAT GTC CAG TTA GGT TTC AAA GTT TCG AAA TTA ACT ATT AGC GAA TTG ACA GTT CAA AAC CTA TCT AAC TAT AAT TTC GGT GAC CTA CAA TGT TCC AAT CTA CCA CAA ATT AAG AAA GCC AAG GTC TTT AAG AAA GAA AAC GCG TTC CAA TGG TCT GGT TAT AGA CCA ACA TCT TTG GCG TTA CAA TTG AAA GCC ACT TAT ACT TTG ATG TAT TCT ACA TCC ATT CAT CCA GAT ATT TAT ATG GGT TAT ACG GCC TTC TGT ACT CGT GGT GTA TGG CGT GTC GGT CAC TTT CGT GGT TTC GAC TGT TAT AGA AAA TAT TTC ATA AGA TAC AAC ATA AGC ACT CAG TTC TGC TTT TAC CTG GCG GAA CTT ACA ATG TAC TTG GTT TCT GAA GTT GTG ATT AAA TCC GAC AAT CTG CAA ACA TCG CTG AGA CAA TAC TAT TGT GAA GAG GCA GTT GTT TTA GAC CAG GGT CGT CTA CGT TTA CTA CAC TGC TCT TGG AAC GAA GTG ATT TTG CCC TAC GCC TCT GAT GCA TTC TAT AAT AAG GAA AAT AAT AAT GTA TAC ACA GAG GTA ATA TCT ACC AAC CAA GCA GAT CGT TGG CAA CGT GAT GAG TCA TTA TTA GAT GTC GAT TAC CGT TTG ACT CAA ATT TAT GAA AGA TCT GGT GAA GAT TAT GAA AGT TTC CCT GAA GAG CTT GGA CCT ACG AAA GAC CCC AAC GAA TTT CAT CAA TAT CAA ATC AAC TCT AGA AGA GAA GTT AAC GAA CCA ACT AAA GCA GAA TAC AGA TCT GTC AAA AAC TTG ATT GTG AAG AAT GGT AAA TTT GAC AGA GTT GAA ACG ATG ATC CAA ATT CGT ACC GGT TTG CAA ATC TTC ATG TCC AGA ACT GAT TTA TTG TTG CGT CCC TAT CCT GTC GAG GCC TAC GGT AGA TTC AAC GGT GAA AAG TTA TTA CAA TTC GCG TAT CAA ACA TCT CAC TCG TGC ATT ATC CTT TCA TTG TTT CTT TCC TCA TGT AGT TAT GTA TGT AAT TCA GCA AAA AAC ATT CTA TTG ACA CAA AGA GTC ACA TAC AAT ATT CGT AAA ATT AAT AAT AAA CGA TCT TGT TAT GTA GAT GGG TTC 
Ncas                            GTC AAT ACT GGT ATT CCA AGA GAA GTT CCA TGT TTA GAA TTA CAA TTA TTT TCT ATT GCC GAC AAC TTT ATT AGG TTA TTG TTA GTG CAA CTA GGT TTG CCA GTC CTA AAG CTT ACT ATT ACT AAA TTG GTC GTC CAA AAT CTA GCT AAC TAC AAT TTC GGT GAT GAA CAA TGT AAT AAT ATG CCA CAG ATT AAA AAA GCA AAA GTG AAG AAG AAA GAA AAT AAT TTG TAT TGG TAT GGT TAT AAA CCA ACT CAA CTG AAT CTT CAA CTG AAA TCT GTT CAA CAA TTA CAA TAT TCC GTC TCA TGC CAT CCA ACA ACT CAA CAA GGT TAT ACA GCA TTC TGC CAA CGA GGT ACC TGG AGA GTT GGT ATT TTT CGT GGG TTT GAT TGC TAT AGA AAG TAT TTC ATT GAT TAC AAT TTA ACT ACA CAA TTT TGT TTT TAC TTA AAT GAA TTG ACT ATG TAC TTG GTC ACC CAG ATG GTT GTG AAG TCC GAT AAT CTA CAG TAC CTA TTT AGA CAA TAT TAT TGT GAA GAG GGT GTC GTC TTA GAT AAA GGG AAA TTA AGA TTA TTA ATT TGT ACC TGG AAT GAC AAG GTG CTT CCA TAC GCA GCC GAT ATG TTT TAT AAT AAA GAA AAT AAT TTT ACA TAT ACT GAG ACA ATT GCT TCT AAT CAA ATG GAT TCT TGG AGG AGA GAC GAA TCA CTT ATG CCA GTT GAT TAC GTT TTA ACA ATC ATT TAT AAA CGT ACC GGT GAA GAT TTC AAA ACT TTT CCA GAG GAC TTG GGT CCA ACT AAG GAT CCA AAT GAA TTT TAT ATC TAT CAA ATT AAT TAT AAA CAA GAA GTG AAT GAG CCA ACA AAG GTT GAC ATA AGA TCC GTG AAG AAT TTA TTC AAG AAA AAT GGT AAA TTT GAT AAA GTG GAA ACT ATG CAC CAA ATT AAA CAT GGT ATG ATC ATT TTC CAA TCA AAA ACT GAT TTA TTG TTG TCT CCA TAT ACA ATC GAC GCA TAT GGT AGA TTC AAT GGT GAA TGT ATG ATG ATC TTC AAT TTC CAA ACA TCT CAT TCA TGT CTA ATT TTA TCA CTT TTT TTG AAT TCC TGT ACT TAC ACA TGT TTT AAT GTT CCA AAT ATT CTA ATT ACA CAA AGG GTT ACT TAT TTT ATT AAA AAA CTA AAT TTT CAA CGA ACC TCT TTC GTT GAT GGA TTT 
Cgla                            GTT CAA ACA GGT ATT CCA AGA GAA GTC CCA TGT CTG GAA ATT CAA ATT TAC TCT ATT GCC GAC AAC TTT ATT AGG CTC TTG CTG GTG CAA TTG GGT TTG GCA GTG CTT AAA TTA ACA ATT TTG AAA CTA GTT GTT CAA AAC TTG TCA AAT TAC AAT TTC GGT GAT GAA CAG TGT AAT AAT ATG CCA CAA ATT AAA AAA GCT AAA GTG AAA AAG AAA GAG AAC AAC TTG TAT TGG TAT GGT TAT AAA CCA ACA AGC CTA AAC TTA CAA ATA AAA GCT GTT CAA CAA CTA CAA TAC TCC GTT TCA TGT CAT CCA GAC ACT CAA CAA GGA TAC ATT GCG TTT TGT CAA CGT GGT GTA TGG CGC GTC GGT ATT TTC CGT GGA TTC GAT TGT TAT AGA AAA TAT TTC ATA GAT TAC AAC ATT TTG ACA CAA TTT TGC TTC TAC ATA AAC GAA CTG ACT ATG TAT CTT GTG GCC CAA ATG GTG CCG AAA TCT GAC AAT TTG CAA TAC CTT TTT AGG CAC TAC TAT TGT GAA GAA GGT GTG GTG CTA GAC AAA GGT CAA CTG AGA CTA CTT ATT TGT GCC TGG AGC GAC AAA CCG TTA CCA TAT GCT GCC GAT ATG TTT TAT AAT AAA GAT AAT AAT TTT ACT TAT ACA GAA ACT ATA TCA TCT AAT CAC ATG GAC TCT TGG AGG AGA GAT GAA TCT CTG ATG GAC GTC GAT TAT GTA CTA ACT ATT ATT TAT AAA CGT GCC GGT GAA GAT TTC AAA TGC TTT CCT GAG GAT CTG GGT CCT ACC AAA GAC CCA AAC GAA TTC TAT ATT TAT CAG ATC AGC TAT AGA CAA GAG GTG AAC GAT CCA ACT AAA GTT GAC ATA AGG GCA ACC TCT AAC CTC TTT AAA AAA AAT GGT AAA TTC GAC AGA GTG GAG ACC ATG ATT CAG ATT CAA ACG GGT ATG ATT ATT TTC CAA TCT AAA ACT GAT ATG CTT CTA TCT CCA TAT CCA GTT GAT GCT TAT GGT AGG TTC AAC GGT GAA TGT ATG TTG ATT TTC AAC TTC CAG GGT TCT CAC TCT TGC TTG ATC TTG TCT TTA TTC CTG AAT GCC GGG TGC TAC ACT TGT TTT CAA GTT GCA AAC ATT TTG ATT GGT CAG AGA GTC ACT TAT TTT ATA CAA AAA TTG AAT TTT CAG CGT GCC TCT TTC GCT GAT GGT TTT 
Agos                            GTG AAC ACA GGT ATT CCA CGG GCA GTT CCT TGC TTG GAG CTG CAG CTG TAT TCC ATC GCG GAT AAC TTT ATC AGT TTA TTG CTG ATA CAG CTA GGT TTG CCT GTT CTC AAA TTG ACA GTG GCT AAA TTG ATT GTG CAG AAT CTG TCT AAC TAT AAC TTT AGC GAC GAG CAG TGT AAT AAC ATG CCT CAG ATC AAA AAG GCA AAG ATA AAG AAA AAG GAG AAT AAC TTG TAT TGG TAT GGT TAC GCG TGC ACG CCG ATC AAC TAC CAG TTT AAG ACC GTC CAA CAA CTG CAG TAC AAC ATT TCC TGT CGC CCA ACG ACT CAA CAG GGA TAC TCT GCC TTT TGC CAA AGG GGT ACG TGG CGG GTC GGT ATC TTT CGT GGC TTC GAC TGC TAT AGA AAA TAT TTC ATC GAT TAC GAC TTA GCT ACA CAG TTT TGC TTT TAC TTG AAC ACC CTC ACC ATG TAC CTT GTT GCG CAG ATG GTT CAG AAA GCC GAC AAC TTG CAG TAC CTC TTT AGG CAG TAC TAC TGC GAG GAA GGC GTT GTT TTA GAC AAA GGC CAG CTG CGA TTA CTG ATC TGC GCG TGG AAT GAT AAA CAG CTC CCG TAC GCC GCT GAT ATG TTT TAC AGT AAA GAT AGT AAT TTT ACC TAC AGC GAA ACC ATC TCT TCT AAC CAG ATG GAC TCT TGG AGT AGA GAC GAG TCG CTG ATG CGC GTC GAT TAC GTC CTG ACA ATC CTT TAC AAA CGT GCG GGT GAG GAC TTC AAA AGC TTT CCT GAG GAT CTC GGC CCT ACG AAA GAC CCG AAT GAG TTT TAT ATC TAC CAG ATC AAT TAT AAG CAG GAG GTG GAC GAG CCT ACA AAA GTT GAT ATT AGG GCC CAG AAA AAT TTA TTC AAA AAG AAC GGT AAG TTG GAC AAG GTG GAG ACG ATG CAC CAG CTT CAG TCA GGT ATG ATC ATC TTT CAG TCG GCG ACG GAC TTG CTT TTG TCT CCG TAT CCC CCC GAT GCA TAC GGA AGG TTC AAT GGA GAG TGT ATG CTA ATC TTC AAC TTC CAG TCG TCT CAC TCG TGC CTA ATC ATG TCG CTC TTT CTC AAT AGC TGT AGC TAC ACC TGT TTT AAC GTT CCT GAC ATT TTA GTT TCG CAG CGC GTC ACC TAT TTT CTG CAG AAG CTA AGT TTT CAA CGG GCG TCC TTC GTC GAT GGC TTT 
Klac                            GTC CCA ACA GGT ACA CCT AGA GAT ATC CCC TGT TTG GAG ATC CAA ATC TAC AAT CAT GCA GAA AAC TAC ATC AAA CTT TTC GAT GTC CAA TTA GGT TTC AAG GTT CTT AAA TTG ACA ATT ACA GAA TTG ACA GTC CAA AAT CTA TCA AAT TAT AAC TTC GGT GAT TTG CAA TGT TCT AAC CTA CCT CAA ATC AAA AAA GCA AAG GTC TTC AAG AAG GAA AAT GCA TTC CAA TGG TCT GGT TAT AGA CCA GCT AAG ATC GCA TAT CAA TTT AAA GAA ACT TAT ACG CTA ATG TAC TCC ACA TCC ATT CAC CCA ACA ATT TAT ATG GGT TAC ACT GCG TTT TGT ACG CGT GGT GTC TGG AGA GTT GGT CAT TTC CGT GGT TTT GAT TGT TAT AGA AAA TAT TTC ATT AGA TAC GAC CTC ACA ACT CAA TTC TGT TTT TAC CTA GCA GAA CTC ACA ATG ATT CTA GTT ACC GAA GTA GTG ACC AAA TCT GAC AAC TTA CAA ACG CTT TTA AGA CAA TAC TAT TGT GAG GAG GCC GTT GTT TTA GAT CAA GGT CGC TTG AGA TTA TTG CAT TGT ACC TGG AGC GAA GTC ACC TTG CCA TAC GCT TCC GAC GCA TTC CAT AGT AAA GAA AGT AAT AAT GTG TAT ATT GAG GTG ATT TCA TCC AAC CAA GCA GAT CGT TGG AAA AGA GAT GAG TCA TTA TTG CGC GTT GAT TAC CGT CTA ACC CAG ATT TAT GAA AGA ACC GGT GAA GAT TAT GAA AGT TAC CCT GAG GAA CTC GGT CCT ACC AAA GAC CCA AAT GAA TTT CAC CAG CAT CAA ATC AGC TCT AAA ACA GAA GTT AAT AAT CCT ACC AAA GCT GAA TAC AGA TCG GTT AAA AAT CTT ATT GTC AAG AAT GGT AAA TTT GAT AAA GTT GAA ACC ATG ATT CAA ATT CGC CAT GGT ATG CAG ATT TTC ATG TCT AGA ACG GAT ATG CTA TTG CGT CCA TAT CCT GTG GAA GCA TAT GGT AGA TTC AAT GGT GAA AAG TTG CTA CAG TTC GCA TAT CAA AGT TCT CAT TCG TGT ATT ATC ATG TCA TTG TTT CTC TCT TCA TGC AGT TAT GTG TGT AAT CCA GCT AAG GAC ATT TTG TTG AGT CAA CGT GTT ACA TAC AAT ATC CGC AAG ATT AGT AAT AAA AGA ACC TGC TAT GTT GAT GGT TAC 
Calb                            GTT CCT GTT GGT ACC CCA AGA GAA ATT CCA TGT TTG GAA ATA CAA ATA TTT AAT CAT GCA GAA GAT TTA ATT AAA TTC TTC GAT GTT CCT CTT GGG TTC AAA GTT ATA AAA GAA GTT GTA TCA GAA TTG ACT GTT CAA GAT TTG TCA AAT TAT AAT TTC GAA GAT TTG CAA TGT TCA AAT TTG CCA CAA ATT AAA GAT GCT AAA GTT TTT AAG AAA GAA GAT GAT TTC CAA TGG TCA GGG TAC ATC TTG ACG GAA ATT GAT TAT CAA TTG GAT GAA ACT TAT ACA TTG ATG GAA ACT ACT AAT ATT CGA CCT ACA ATT TAT ATG GGG GAA AGT GCT ATT TGT ACA AGA GGT AAC TGG AGA CCT GGT CAT TTT CGT GGG TTT GAT TGT TAC CGT AAA TAC GAC ATT CGT TAT GAT TTG TCA ACT CAA TTT TGC TTC TAT TTA GAT ACT TTG ACC ATG CAA TAT GTT TCA GAA GTC GTA CCT AAA TCA ACC AAT ATT CAA ACC ATA TTG AAG AGC TAT TAC TGT GAA GAG TCG GTT GTT TTG GAC CAA GGT AGA CTT AGA TTG TTG CAT TGT TCA GAA CAT GAA GTA CCT TTG CCT TAC ACA TCC GAT GCA TTT TAC AAT AAA AAT AAT AAT TCT GTA TAT GCG GAG GTA ATT TCA CAA AAT AGC GCA GAT AGA TGG AAA AGA GAA GAA TCG TTT TTA AGT CCT GAT TAC AGA TTG ACG CAA ATC TAC GAA AGA TCA GGT GAG GAT TAC GAA AGT TTA CCA GAA GAA TTG GGA CCA ACT AAA ACC CCT GAT GAA TTC CAT CAA TAC CAA ATT CAT TCA AGG CAC GAA GCC GAT GAA CCA ACG AAA TCA GAA TAT AAG GCA GTG GGT GAT TTC ATT GTA AAA AAC GGT AAA TTA GAT AGG GCC GAA ACT ATG ATT CAA ATC AGA CCT GGG AAA CAA GTT TTC ATG TCT ATC ATT GAC AAA TAT TTG AGA CCT TAC CCT ACC GAA GCT TAT GGT AAG GAC GAT GGT GAA AAA TTA AAA CAA GAC GAT TAC GCT AAT TCT CAT ACT TGC ATC ATT TTA TCG TTG TTC TTG TCA GCC GCA AGT TAC GTA TGT TCT CCT TCA AAA GAT ATT TTG TTA AAT GCT AAA CCT ACC TAT TCT TAC AGA AAA ATC AAT TCT AAA AGA TCA TGT TAC ACT GAT GGG TTA 



Printing out site pattern counts


         9        735  P

Scer                            AAA AAA AAA AAA AAA AAC AAC AAC AAC AAC AAC AAG AAG AAG AAG AAG AAG AAT AAT AAT AAT AAT AAT AAT ACA ACA ACA ACA ACA ACA ACA ACA ACC ACG ACT ACT ACT ACT ACT ACT ACT ACT AGA AGA AGA AGA AGA AGA AGA AGA AGC AGG AGT ATA ATA ATA ATC ATC ATC ATG ATG ATT ATT ATT ATT ATT ATT ATT ATT ATT ATT CAA CAA CAA CAA CAA CAA CAA CAA CAC CAG CAG CAG CAT CAT CAT CCA CCA CCA CCG CCT CCT CCT CCT CGA CGT CGT CGT CGT CGT CGT CGT CGT CTA CTA CTA CTA CTG CTG CTG CTT CTT CTT GAA GAA GAA GAA GAA GAA GAA GAA GAA GAA GAA GAA GAC GAC GAC GAC GAG GAG GAG GAT GAT GAT GAT GAT GAT GAT GAT GAT GCA GCA GCC GCC GCG GCG GCT GCT GCT GGT GGT GGT GGT GGT GGT GGT GGT GGT GGT GTA GTA GTC GTC GTC GTG GTG GTT GTT GTT GTT GTT TAC TAC TAC TAC TAC TAT TAT TAT TAT TAT TAT TAT TAT TAT TAT TCA TCA TCA TCC TCC TCC TCC TCG TCT TCT TCT TCT TCT TCT TCT TCT TGC TGC TGG TGG TGT TGT TGT TGT TGT TTA TTA TTA TTA TTA TTA TTA TTA TTA TTA TTC TTC TTC TTC TTC TTG TTG TTG TTG TTG TTG TTG TTG TTG TTG TTG TTT TTT TTT TTT TTT TTT TTT 
Sbay                            ... ... C.. CCT TGT ... ... ... ... ..T ..T ..A ..A ..A ... ... ... ..C ..C ... ... ... TCA TTC ... ..C ..G ..G ..T .TT GTT TAC ... ... ..A ..C ..C ..C ..C ..G CAA GT. ... ... ... ... ... CA. C.T GAT .CA ..A ... ... ... G.. ... ... ..T ... CAA .CA ..C ..C ... ... CAC G.C TG. T.C T.G ATT ... ... ... ... ... ... T.T ATA A.. ..A ..A ..C ... T.. ... ... ... ..A ..A ..C ... ... ... AAA A.A A.A ... ... ... GTC TCA A.G T.. T.G T.T GAA T.. T.. ..C ... ... A.. C.. ... ... ... ... ... ... ... ... ... ..T ... ... ..T ..T ..A ..A ..T ..C ..C ... ... ... ... ... ... TTA ATG .TC ..A ..T ..A .GT ..A ... ... ..A ... ... ... ... ... ... ... ... ... ACT ..T ... ... ..T AAA ..C A.G ..G ... ... ... ... ... ..T ..T ..T AC. C.A ..C ... ... ... ... ... ... .T. AAT ... ... ... ... ... ..T ... AA. G.C G.C .A. ..C ..G ..G ... ... ..T ... ... .CA ..C ..C ... ... A.G C.G C.G C.T ... ... ..G ..G ..G ..G ..A ... ... ..T ..T A.A C.A C.. C.. C.. ..A ... ... ... ... ... AAA ..C ... ... ... ... ... 
Smik                            ... ... ..G ..G ..G ... ..T ..T ..T ... ..T ..A ..A ... ..A ... ... ..C ..C ... ... ... ... ... ... ... ... ..G ..T ... ..T ..T ... ..A ... ..A ..C ..C ... ... ... ... .A. ... ... ... ..G ... ... ... ... ..A ..C ... ... G.. ... ... ..A ... ... ... ... ... ..C ..C ... ... ... ... ... ... ... ... ... ... ... ..G ... ... ..A ..A ... ... ... ... ... ... ..C ..A ... ..C ..A ..C ... ... ... ... ... ... ... ... ... ... ..G ... ..G T.A T.. T.. ... ... ... ... ... A.. ... ... ... ... ... ... ... ..G ... ... ... ... ... ..A ... ..A ... ... ..A ... ... ... ... ... ... ... ... ... ..A ... ..T ..C ... ... ... ..C ..G ... ... ... ... ... ... ... ..G ... ..A ..A ... ..C ... ..G ... ... ... ... ..T ..T ... ... ..T ... ... ... ..C ..C ... ... ... ... ..C ... ... ..T ..A ..T ..T ..T ... ..C ... ... ... ... ..C ... ..C ... ..T ... ... ... ..C ... ... ... ... ... ..G ..G ... ... C.G ... ... ..G ... ... ... ... ..T ..A C.A C.A C.A ... ... ... ... ... ... ... ... ... .A. ... ... ... ... 
Spar                            ... ... ... ... ..G ... ... ... ..T ... ... ..A ..A ... ... ..A ... ..C ... ..C ... ... ..C ... ... ... ... ..G ..T ... ... ... ... ..A ..G ... ..C .T. ... ... ... ... ... ... ... ... ... ... ... ... ... ..A ... ... ... G.. ... ..T ... ... ... ... ... ... ... ... ..C ... ... ... ... ... ... ... ... ... ... ..G ... ... ... ..A ... ..C ... ... ... ... ... ..A ... ..C ..A ... ... ... ... ... ... ... ... ... ... ... ... ... ..G ..A ... ... ... ... ... ... ... ... ... ... ... ... ... ... ... ... ... ... ... ... ..T ... ... ... ..C ... ... ... ... ... ... ... ... ... ... ... ... ... ..A ..C ..C ... ... ..G ..A ..G ... ... ... ... ... ... ... ... ... ... ... ... ... ... ... ..C ... ... ... ..T ... ... ... ..C ... ... ..C ... ..C ... ... ... ... ... ... ... ..T ... ... ..T ... ..C ... ... ... ... ... ... ..C ... ..T ... ... ... ..C ... ... ... ... C.. ... ..G ... ... ... ... ... ..G ... ... ... ... ... ... ..A C.A ... ... .C. ... ... ... ... ... ... ... ..C ..C ..C ... ... 
Ncas                            ... ..G C.. CC. TGT ..T ... ..T ..T ... ..T ..A ... ... ..A ..A ..A ... ... ... ... ... TC. TT. ... ..T ..T ..T ..T .TT GTC TAC T.T ..T ..A ..A CA. GTG ... ..A CAA GT. .A. ... ... ..G ... CA. C.T GAT .CT .AA .C. ..T T.. .CC ..T ..T ..T ... CAA .C. ... ... ... ... CAC G.. TGC T.C C.A ATC ... ... ... ... ..G ... T.T ATT A.A AG. ..A ... ... T.. ... ... ... ..A ..A ..A ..A A.A ... AAA A.A ..A A.A A.A ... GT. TC. A.G ... ... T.T GAA ..A T.A T.A T.A T.G A.. C.G ..G ... ... ... ... ... ... ..G ... ..C ..T ..T ..T ..T ..A ... ..C ... ..C ACA CCA ... ... ... ... TTA ATG .TT ..A T.T AAT .GT ..A ..A ..C ... ..A ... ... ..G ..G ... ... ... ... AC. ..T ..G ..G A.. AA. ..T A.G ..C ... ..C ..G ... ..T ... ..T ..T ATA C.A ..C ... ..C ..C ... ... ... .TC AAT ..C ... ... ..A ... ... ..A AA. CAA G.C .A. ... G.. A.C ..A ..T ..T ... ... .C. ... ... ..C ... A.G ... ... ..G C.T C.T C.T C.. ... ... ..G ... ... ... ..T A.T A.. ..A ..A C.. C.A A.. C.. C.T ..A ... AAG ... ... ... ... ... ... 
Cgla                            ... ... C.G GC. TGT ... ..T .G. ..T ... ... ..A TCT ... ..A ..A ..A ..C ... ... ... ... TC. TT. GGT ... ... ..C ... .TT GTT TAC T.T ..T .T. ... ..G C.G ... ..A CAA GT. ... ... ... ... ..G CA. C.T GAT TTG .AA T.C ... ..T G.. ... ..T ..T ... CAA .C. ..A ... ... ... ... G.C TG. T.. T.G ATT ... ..C ..G ..G ... ... T.T ATT A.A AG. ..A ..C ... T.. ... ... ... ..A ... ..A ..A ..A ..T .AA A.A ... A.A ..C ... GTA TC. A.G T.G T.G T.T GAA T.. A.A T.G A.. ..G A.. C.. ..T ... ... ... ... ..G ..T ..G ... ..C ... ... ..T ... ..A ..A ..T ..C ... ..C ..C ... ... ... ... CTG ATG .TT ..G ..T AAC .GT ... ... ..C ... ... ... ... ..A ... ..A ... ... ... ACT .CT AC. ..G ..T AAA ... A.G ... ..C ..G ..G ..T ..T ... ..T ... ATA C.A ..C ... ..C ... ..C ... ... .TC CA. G.C ..T ... ..T ..T G.A ..T AA. AGC G.C .A. ... ..A G.C ..A ..T G.G ... ... .C. ..C ... ... ... A.G C.T C.. C.T C.G ... ... ..G A.G C.C ..G ... ..T ... ... A.T ... C.. C.. A.A C.T A.. C.A ..A C.A C.A AAA ..C ... .AC ... ..C ..C 
Agos                            ..G ... C.. CCT TGT G.. ... ..T ... ... G.. ... ..A ..A ..A ... ... ... ..C ..C ... .G. TCC TT. T.G ..G .GC ..G ... .TT .TT TAC T.T ..C T.. ..A T.A CAG ..G ..A CAA GTC .AG ... C.G C.C ..G CAG C.T GAT GCT GC. ..C ..C T.. .CG ... ... ... ... CA. .C. C.G G.G ... C.. CAC G.. TG. T.C C.A ATC ..G ..G ..G ..G ..G ..G T.T AT. A.A AGT ... ..C .GC T.. ... TGC ..T ..A ... ..G ... ..C ..G .AG A.A A.G ..A ..G ... GTC TC. A.G T.. ..G T.T GA. T.. T.. A.G ..G ..C A.. C.G ..G ACC ..G ..G ..G ..G ..T ..G .C. ..T ... ... ... ... ... ..A ..T ..C ..C ACG CGC ..C ..C ... ... CTG ATG .TT ... A.. AAC .GC ..A ..C ..G ... ..C ..C ... ..C ..C ..A A.C ..A ... ACC ..C CAG A.A CC. AAA ..T A.G ..G ..C ... ..G ... ..T ... ... ... AT. C.A ..C ... ... ..C ..C ..C ..C .TC AAC AGC ..G AA. ..G G.. G.. ... AA. C.G G.. .A. ... ... G.G ..C ... ..T ... ... .CC ..C ..C ..C ... A.G C.G ... C.T C.G ..G .AC C.. ..G ... ..G ... ..T ..T ... G.T C.A C.. ... ..T C.C A.. A.C C.C C.. ... AAG ... ... .A. ... ..G ... 
Klac                            ..G ... ... ..G ..G G.. ..T .G. ..T ... ..T ..A ..A ... ..A ..A ... ... ..C ..C ... .G. ... ... .GT G.T .TT ..C ... ... ... ..G T.. ..A ... ..C CA. ..C ..G ... ..G ... .A. ... ... C.T ... .C. ... ... .CA ..A ... ..T C.C G.C ... ... ..T ... ... ... ..C ... ... ... ... ..C ... ... ... ..G ... ... ... ... ... ... ... ..T ..A A.A ..A ... ..C ..C ... ... ..T ..T ... ..A ..C ... A.. ..C A.A ... A.A A.A ... ... ... ... T.G ... T.. T.. T.A ..A A.G A.C ..C ... ... A.T ... ... ... ..G ... ... ..G ..T ... ..T ..T ..T ..T ... ... ..A ..C ... ACA CGC ... ... ..C ... ... ... ..T ..G .AA ..A ..C ..A ... ..A ... ... ... ... ... ... ... ... ... ... ..G ..T ..T ... ..G ..C ... ..A ..C ... ... ... ATT ..T ... ..T ... ..C ... ... ..C ... ..C ..C C.. ... ... C.. ... ... ... ..T ..T ..G ... ... AAG ..C ... ... ..A A.C ..C ..T ... ... ... ..C ... ... ... ... ..G ..G ... C.. ... ..G .AT ... A.G C.T ... ... ..T ... ..T ... C.A ... ... ..T C.T A.. A.C ... C.A ... ..C ..C .AC .AC ..C ... ... 
Calb                            ... ... ... ... ... G.T ..T C.T ... G.T G.T ..A GGT ... ..A G.T ..A G.. ... ... ... ... ... TC. .AT ..G G.G ..T GTT ..C ..T ..C CAA ..C .G. ..G C.. C.. .T. ... ..A ... ..G C.T ... .A. .AG CAC ... C.T TCA .TC ... ..T T.G .AC ..T ..T G.T ... ... ... TAC G.A ... ..C ... ... ... ... ..C ... ... AGC ... GCT ... .CT ... ..T ..A A.A ..A ... .GA ... ..T TTG ... ..A ..A ... ..A ... A.. A.A A.A A.A A.A A.A ... A.A A.A T.G T.G T.G T.G T.. A.T T.A T.A A.A T.G ... ... ... ACT ... ..G ... ... A.T ... ... ... ... ..T ..T ..T ..A ... ..A ACC ..A ACA AG. ..C ... ... ... ... ... T.. ..T .AA .AT T.. ... A.A ..A ..G ..G ..A ... ..G ... ..G .AA ... ... ... ACT ..G ..T AC. ..A ..A ..C ... CC. ... .CC C.A ... ..T ..T ..T ... ... ..C ... ... ..C G.A ..C ..C ..C C.T G.C ..G A.T ..T ..A G.A A.T ..A GAA ..C ..A ... ..A ..A AA. ..T GCA GAA ... ... ..C ... ... ... ... ..G ..G .AT ..T GA. .AT C.T AA. ..C ... GA. A.T ... ..T ..A AAA C.T ... ... A.A AAA A.T ... ... ... ... ... ..A ... ... ..A ..C 

    2    5    1    2    1    2    1    2    1    1    1    1    1    1    2
    2    2    5    3    1    1    3    1    4    2    1    1    2    2    1
    2    1    1    2    1    2    1    2    1    1    2    1    2    1    1
    1    3    1    1    1    2    2    2    2    1    1    2    2    1    2
    3    1    1    1    1    2    1    1    1    1    2    4    2    2    3
    2    2    1    1    3    1    2    2    1    1    1    1    1    2    1
    2    3    1    1    1    3    1    1    1    1    1    1    2    1    1
    1    1    1    1    1    1    2    3    3    1    1    1    2    1    1
    3    1    1    1    3    1    1    2    1    2    2    2    2    1    1
    1    1    1    1    2    1    2    2    1    1    4    1    2    1    1
    3    1    1    1    1    1    1    1    2    4    3    1    1    2    1
    2    1    1    2    3    4    2    1    3    2    2    1    1    2    1
    1    1    2    2    2    3    3    2    1    2    1    1    1    1    1
    2    1    1    2    1    2    4    1    2    1    1    3    1    2    1
    2    2    2    1    2    2    1    1    1    1    1    2    3    3    1
    2    1    1    1    1    1    1    2    1    1    2    2    2    1    1
    3    1    2    1    3

CODONML (in paml version 4.9j, February 2020)  temp.nuc
Model: One dN/dS ratio, 
Codon frequency model: Fequal
ns =   9  ls = 392

Codon usage in sequences
--------------------------------------------------------------------------------------------------------------------------------------
Phe TTT  12  17  10   6  17  12 | Ser TCT  14   2  14  13   7  12 | Tyr TAT  18  20  21  17  18  18 | Cys TGT   8   7   7   7   9   9
    TTC  10  10   9  16  10  14 |     TCC   4   4   5   5   4   1 |     TAC   9   6   9  10   8   9 |     TGC   3   5   4   4   3   4
Leu TTA  14   9   9  10  16   4 |     TCA   5   7   4   5   5   3 | *** TAA   0   0   0   0   0   0 | *** TGA   0   0   0   0   0   0
    TTG  15  18  19  15  10  13 |     TCG   1   7   1   3   0   0 |     TAG   0   0   0   0   0   0 | Trp TGG   4   4   4   4   4   4
--------------------------------------------------------------------------------------------------------------------------------------
Leu CTT   6   7   6   6   5   5 | Pro CCT   7   4   2   3   0   2 | His CAT   3   1   3   2   3   1 | Arg CGT  11   4  11  11   2   4
    CTC   0   1   0   0   0   2 |     CCC   0   3   6   3   0   0 |     CAC   3   2   3   4   1   3 |     CGC   0   0   0   0   0   1
    CTA   4   1   5   6   8   7 |     CCA   4   7   4   6  14  10 | Gln CAA  17  26  19  18  22  21 |     CGA   1   1   1   1   2   0
    CTG   3   6   3   3   2   7 |     CCG   1   0   0   0   0   2 |     CAG   5   0   3   4   3   6 |     CGG   0   0   0   0   0   0
--------------------------------------------------------------------------------------------------------------------------------------
Ile ATT  12   9   9  15  17  21 | Thr ACT  11   6  11   9  14   9 | Asn AAT  18  11  15  12  27  12 | Ser AGT   2   2   0   2   0   0
    ATC   5   6   7   4   5   2 |     ACC   1   8   4   2   5   3 |     AAC   8  14  11  14   2  13 |     AGC   2   0   4   2   0   3
    ATA   4   7   4   3   1   6 |     ACA  12   6   9  10  11   5 | Lys AAA  11  19  14  14  20  23 | Arg AGA  11  12   8  13   8   7
Met ATG   5   8   5   5  10  10 |     ACG   2   6   2   3   0   1 |     AAG   9   7   9   6  10   1 |     AGG   2   0   3   0   3   5
--------------------------------------------------------------------------------------------------------------------------------------
Val GTT  12  14  11   9  10   8 | Ala GCT   4   3   3   1   2   5 | Asp GAT  11  16  10  10  13  13 | Gly GGT  16  14  14  13  14  17
    GTC   4   8   3   7   8   4 |     GCC   2   2   3   5   2   7 |     GAC   5   5   5   6   6  10 |     GGC   0   0   1   0   0   0
    GTA   4   1   5   5   0   2 |     GCA   4   7   5   5   4   3 | Glu GAA  19  17  22  19  13  11 |     GGA   0   3   0   1   1   2
    GTG   3   2   5   3   7   9 |     GCG   5   0   4   4   0   1 |     GAG   6   0   3   6   4   4 |     GGG   0   0   1   2   2   1
--------------------------------------------------------------------------------------------------------------------------------------

--------------------------------------------------------------------------------------
Phe TTT  18   7   7 | Ser TCT   7   7   6 | Tyr TAT  10  16  13 | Cys TGT   5   9   8
    TTC   8  12  10 |     TCC   3   4   1 |     TAC  18  13  15 |     TGC   8   2   2
Leu TTA   6   6   9 |     TCA   1   5  15 | *** TAA   0   0   0 | *** TGA   0   0   0
    TTG  11  13  21 |     TCG   6   2   3 |     TAG   0   0   0 | Trp TGG   4   4   3
--------------------------------------------------------------------------------------
Leu CTT   4   4   2 | Pro CCT   7   6  14 | His CAT   0   7   7 | Arg CGT   2   6   3
    CTC   7   4   0 |     CCC   2   1   0 |     CAC   2   2   1 |     CGC   3   4   0
    CTA   4   8   0 |     CCA   2   7   6 | Gln CAA   5  16  17 |     CGA   1   0   1
    CTG  10   0   0 |     CCG   4   0   0 |     CAG  25   4   0 |     CGG   3   0   0
--------------------------------------------------------------------------------------
Ile ATT   5  15  16 | Thr ACT   1   3  10 | Asn AAT  10  15  14 | Ser AGT   5   7   4
    ATC  15   9   6 |     ACC   7  10   7 |     AAC  14   5   2 |     AGC   5   2   2
    ATA   2   0   4 |     ACA   5  11   4 | Lys AAA  15  16  22 | Arg AGA   2  13  13
Met ATG  10   8   5 |     ACG   6   4   3 |     AAG  10   9   4 |     AGG   4   0   2
--------------------------------------------------------------------------------------
Val GTT   9  11  11 | Ala GCT   3   4   5 | Asp GAT  10  12  24 | Gly GGT   8  16   9
    GTC   6   7   1 |     GCC   4   1   3 |     GAC  13   5   5 |     GGC   5   0   0
    GTA   0   1   7 |     GCA   3   9   5 | Glu GAA   2  18  28 |     GGA   3   0   1
    GTG   5   5   1 |     GCG   7   1   1 |     GAG  12   6   3 |     GGG   0   0   6
--------------------------------------------------------------------------------------

Codon position x base (3x4) table for each sequence.

#1: Scer           
position  1:    T:0.29847    C:0.16582    A:0.29337    G:0.24235
position  2:    T:0.28827    C:0.19643    A:0.36224    G:0.15306
position  3:    T:0.42092    C:0.14286    A:0.28061    G:0.15561
Average         T:0.33588    C:0.16837    A:0.31207    G:0.18367

#2: Sbay           
position  1:    T:0.29592    C:0.16071    A:0.30867    G:0.23469
position  2:    T:0.31633    C:0.18367    A:0.36735    G:0.13265
position  3:    T:0.34949    C:0.18878    A:0.31378    G:0.14796
Average         T:0.32058    C:0.17772    A:0.32993    G:0.17177

#3: Smik           
position  1:    T:0.29592    C:0.16837    A:0.29337    G:0.24235
position  2:    T:0.28061    C:0.19643    A:0.37500    G:0.14796
position  3:    T:0.37500    C:0.18878    A:0.27806    G:0.15816
Average         T:0.31718    C:0.18452    A:0.31548    G:0.18282

#4: Spar           
position  1:    T:0.29337    C:0.17092    A:0.29082    G:0.24490
position  2:    T:0.28827    C:0.19643    A:0.36224    G:0.15306
position  3:    T:0.34694    C:0.20918    A:0.29592    G:0.14796
Average         T:0.30952    C:0.19218    A:0.31633    G:0.18197

#5: Ncas           
position  1:    T:0.28316    C:0.15816    A:0.33929    G:0.21939
position  2:    T:0.32143    C:0.17347    A:0.38265    G:0.12245
position  3:    T:0.40306    C:0.13776    A:0.31888    G:0.14031
Average         T:0.33588    C:0.15646    A:0.34694    G:0.16071

#6: Cgla           
position  1:    T:0.26276    C:0.18112    A:0.30867    G:0.24745
position  2:    T:0.32143    C:0.16327    A:0.36990    G:0.14541
position  3:    T:0.37755    C:0.19388    A:0.26531    G:0.16327
Average         T:0.32058    C:0.17942    A:0.31463    G:0.18537

#7: Agos           
position  1:    T:0.26786    C:0.20663    A:0.29592    G:0.22959
position  2:    T:0.30612    C:0.17347    A:0.37245    G:0.14796
position  3:    T:0.26531    C:0.30612    A:0.13010    G:0.29847
Average         T:0.27976    C:0.22874    A:0.26616    G:0.22534

#8: Klac           
position  1:    T:0.25510    C:0.17602    A:0.32398    G:0.24490
position  2:    T:0.28061    C:0.19133    A:0.36735    G:0.16071
position  3:    T:0.36990    C:0.20663    A:0.28061    G:0.14286
Average         T:0.30187    C:0.19133    A:0.32398    G:0.18282

#9: Calb           
position  1:    T:0.28827    C:0.13010    A:0.30102    G:0.28061
position  2:    T:0.25510    C:0.21173    A:0.39541    G:0.13776
position  3:    T:0.39031    C:0.14031    A:0.33673    G:0.13265
Average         T:0.31122    C:0.16071    A:0.34439    G:0.18367

Sums of codon usage counts
------------------------------------------------------------------------------
Phe F TTT     106 | Ser S TCT      82 | Tyr Y TAT     151 | Cys C TGT      69
      TTC      99 |       TCC      31 |       TAC      97 |       TGC      35
Leu L TTA      83 |       TCA      50 | *** * TAA       0 | *** * TGA       0
      TTG     135 |       TCG      23 |       TAG       0 | Trp W TGG      35
------------------------------------------------------------------------------
Leu L CTT      45 | Pro P CCT      45 | His H CAT      27 | Arg R CGT      54
      CTC      14 |       CCC      15 |       CAC      21 |       CGC       8
      CTA      43 |       CCA      60 | Gln Q CAA     161 |       CGA       8
      CTG      34 |       CCG       7 |       CAG      50 |       CGG       3
------------------------------------------------------------------------------
Ile I ATT     119 | Thr T ACT      74 | Asn N AAT     134 | Ser S AGT      22
      ATC      59 |       ACC      47 |       AAC      83 |       AGC      20
      ATA      31 |       ACA      73 | Lys K AAA     154 | Arg R AGA      87
Met M ATG      66 |       ACG      27 |       AAG      65 |       AGG      19
------------------------------------------------------------------------------
Val V GTT      95 | Ala A GCT      30 | Asp D GAT     119 | Gly G GGT     121
      GTC      48 |       GCC      29 |       GAC      60 |       GGC       6
      GTA      25 |       GCA      45 | Glu E GAA     149 |       GGA      11
      GTG      40 |       GCG      23 |       GAG      44 |       GGG      12
------------------------------------------------------------------------------


Codon position x base (3x4) table, overall

position  1:    T:0.28231    C:0.16865    A:0.30612    G:0.24291
position  2:    T:0.29535    C:0.18736    A:0.37273    G:0.14456
position  3:    T:0.36650    C:0.19048    A:0.27778    G:0.16525
Average         T:0.31472    C:0.18216    A:0.31888    G:0.18424

Codon frequencies under model, for use in evolver (TTT TTC TTA TTG ... GGG):
  0.01639344  0.01639344  0.01639344  0.01639344
  0.01639344  0.01639344  0.01639344  0.01639344
  0.01639344  0.01639344  0.00000000  0.00000000
  0.01639344  0.01639344  0.00000000  0.01639344
  0.01639344  0.01639344  0.01639344  0.01639344
  0.01639344  0.01639344  0.01639344  0.01639344
  0.01639344  0.01639344  0.01639344  0.01639344
  0.01639344  0.01639344  0.01639344  0.01639344
  0.01639344  0.01639344  0.01639344  0.01639344
  0.01639344  0.01639344  0.01639344  0.01639344
  0.01639344  0.01639344  0.01639344  0.01639344
  0.01639344  0.01639344  0.01639344  0.01639344
  0.01639344  0.01639344  0.01639344  0.01639344
  0.01639344  0.01639344  0.01639344  0.01639344
  0.01639344  0.01639344  0.01639344  0.01639344
  0.01639344  0.01639344  0.01639344  0.01639344


TREE #  1:  (((((1, 4), (3, 2)), 5), 6), ((7, 8), 9));   MP score: 1349
This is a rooted tree.  Please check!
lnL(ntime: 16  np: 18):  -7999.951339      +0.000000
  10..11   11..12   12..13   13..14   14..1    14..4    13..15   15..3    15..2    12..5    11..6    10..16   16..17   17..7    17..8    16..9  
 0.112670 0.077955 3.037856 0.004189 0.163508 0.099059 0.000004 0.277108 2.100306 0.550233 0.746314 0.056737 0.000004 1.058211 3.090559 5.271605 1.688960 0.071891

Note: Branch length is defined as number of nucleotide substitutions per codon (not per neucleotide site).

tree length = 16.646317

(((((1: 0.163508, 4: 0.099059): 0.004189, (3: 0.277108, 2: 2.100306): 0.000004): 3.037856, 5: 0.550233): 0.077955, 6: 0.746314): 0.112670, ((7: 1.058211, 8: 3.090559): 0.000004, 9: 5.271605): 0.056737);

(((((Scer: 0.163508, Spar: 0.099059): 0.004189, (Smik: 0.277108, Sbay: 2.100306): 0.000004): 3.037856, Ncas: 0.550233): 0.077955, Cgla: 0.746314): 0.112670, ((Agos: 1.058211, Klac: 3.090559): 0.000004, Calb: 5.271605): 0.056737);

Detailed output identifying parameters

kappa (ts/tv) =  1.68896

omega (dN/dS) =  0.07189

dN & dS for each branch

 branch          t       N       S   dN/dS      dN      dS  N*dN  S*dS

  10..11     0.113   855.6   320.4  0.0719  0.0083  0.1156   7.1  37.1
  11..12     0.078   855.6   320.4  0.0719  0.0058  0.0800   4.9  25.6
  12..13     3.038   855.6   320.4  0.0719  0.2242  3.1182 191.8 999.0
  13..14     0.004   855.6   320.4  0.0719  0.0003  0.0043   0.3   1.4
  14..1      0.164   855.6   320.4  0.0719  0.0121  0.1678  10.3  53.8
  14..4      0.099   855.6   320.4  0.0719  0.0073  0.1017   6.3  32.6
  13..15     0.000   855.6   320.4  0.0719  0.0000  0.0000   0.0   0.0
  15..3      0.277   855.6   320.4  0.0719  0.0204  0.2844  17.5  91.1
  15..2      2.100   855.6   320.4  0.0719  0.1550  2.1558 132.6 690.7
  12..5      0.550   855.6   320.4  0.0719  0.0406  0.5648  34.7 181.0
  11..6      0.746   855.6   320.4  0.0719  0.0551  0.7660  47.1 245.4
  10..16     0.057   855.6   320.4  0.0719  0.0042  0.0582   3.6  18.7
  16..17     0.000   855.6   320.4  0.0719  0.0000  0.0000   0.0   0.0
  17..7      1.058   855.6   320.4  0.0719  0.0781  1.0862  66.8 348.0
  17..8      3.091   855.6   320.4  0.0719  0.2281  3.1723 195.1 1016.4
  16..9      5.272   855.6   320.4  0.0719  0.3890  5.4110 332.8 1733.6

tree length for dN:       1.2284
tree length for dS:      17.0865


Time used:  0:13
