      9   1179

Scer                            AAG AGA CCC TTC TAT TTC GAT CCA AAG GAT GAT GTT AAA TAC TCT GTT GAT ATT AGC GTC CCC AGT AAG ACT TTA AGA CGT GAA CAC GTT GCA GAC ACC TAT TAT TTA CGT GTT AAA CCC ATA AAG ACC AAA TAC GAA CCT ACT GCT ATA AGT GAT GAA ATG TTA GAT GTC TAT GGT GTT CGT TCC TTA GAA GAT GAT AAG TAT CGT GTT AAG ATT AAA AGT GTT GAC CCA GCC GAG GGA CAA CCT CTA TTA TAC CTA AAG ACA GAG ATA TAC AAC TGG TAT TTA GCT AGA CAC CAT AAG AAG ATC CAA CCC GAC GGA ATG GGT CGA GAT TAT CGT AGC TGT TGC GAT AGA GGT GCT TTG GAT ATG TCC GGT AAG CGT GGT AAA TTG TAT AGA AAA ATG CCT TAT ATG ATA GAT TTG TCT GTG GAA AAG AAC AGA GTC ACA GTG ATT GTT TGG AGA GTT GAA GGT TTC GAT AGA TTT AGA TTG TTA ATG CTT AAC ATT AGA AAG TCC ACT GTC GTC GGT ATC GAA CAC CAA AGA TCA AGT GTC GCT TTG AGC GCT ATT CAA GGA ATC TTA GTG AGA CCT TTT CAC AGT GGT TTC AAT TTC GAA AAG CAA AAG TAC TGC AGA TAC TTG TTA ACT ATT GAG ACT GAT ACC ACT AAC TAT TTC CAA CCA CAT AAG ACT AAC GAA AAG CAA CTG TGG TTG ATT GGT AGA ACT AGA AAA CGA GGT TCC ATG TCA CGT GAT ATT TTA CGT ATT GTC CAC TTC TTT ATG GAA CGT TAC TTA GTA AAA TTG TCT TGG CCA GTT GAA TAC AGA TTC ATG TTA AAA TAT AAA GAA GGT GAT ACT TTC AAA CTT AAG CCT CCA TAC ATG GTT GAC GTG AAC AAA GAA AGA CAA ATA CAC CGT TTC AAG TCT ACT AGG AAC TAT TAC GCT CCA AAG AAA CAC CCA GAC CAA TTC AAA TAC TAT GTT GAT GAT ATT GTC ATC AAG GGT TTA TTA TAT AGA AGT ATG TTC GTC AAG ATT GCT AAC GTC AGA GAA GGT GCA GAA GTA GAA TAT TCA AGA TTT TCT AGT GAA AGA AGA GAA AAG ATT AAG TTG AGA AAG GGT CAA ATA TAT CGT GGT GAA AAG TAT AGA GAA GAA GTG TTT TAC GAC CGT AAC TTA GTT GTC TTC TGC GAA TTC GTC TAT GAC CGT ATT AAA GTC 
Sbay                            AAG AGA CCT TTC TAT TTC GAT CCA AAG GAT GAT GTT AAG TAC TCC GTC GAC ATT AGT GTG CCT AGT AAG ACA CTG AGA CGT GAA CAC GTT GCA GAT ACC TAC TAT CTA CGT GTC AAA CCC ATA AAG ACT AAA TAC GAA CCT ACT GCT ATT AGT GAT GAA ATG CTA GAC GTC TAC GGT GTC CGT TCT CTG GAA GAC GAT AAG TAT TCT GTT AAA ATC AAG AGT GTT GAC CCA GCT GAA GGT CAA CCC CTG TTG TAC TTG AAG ACA GAG ATT TAC AAC TGG TAC TTG GCC AGA CAC CAC AAG AAG ATC CAA CCT GAC GGT ATG GGT AGG GAC TAC CGT AGT TGT TGT GAT AGA GGT GCC TTG GAT ATG TCC GGT AAG CGT GGT AAA TTG TAT AGA AAG ATG CCA TAT ATG ATA GAT TTG GCT ATT GAA AAA AAC AGA GTC ACT GTC ATC GTA TGG AGA GTT GAA GGT TTC GAT AGA TTT AGA TTG CTG ATG CTT AAC ATT AGA AAG TCC ACT GTC GTC GGT ATC GAA CAC CAA AGA TCT AGT GTT GCT TTA AGT GCT ATC CAA GGC ATC CTA GTG AGA CCA TTT CAC AGC GGT TTC AAT TTC GAA AAG CAG AAG TAC TGT AGA TAC TTA TTA ACC ATC GAA GAT GAC ACT ACC AAC TAT TTC CAA CCA CAC AAG ACC AAC GAA AAG CAA TTG TGG TTG ATT GGT AGA ACT AGA AAA AGG GGT TCC ATG TCC CGT GAC ATT TTG CGT ATC GTT CAA TTC TTT ATG GAG CGT TAC TTA GTA AAG TTG TCC TGG CCA GTT GAA TAC AGA TTC ATG CTA AAA TAT AAA GAA GGT GAC GAT TTC AAA CTT AAG CCT CCA TAC ATG GTT GAT GTG AAT AAA GAA AGA CAA ATA CAA CGT TTC AAA TCT ACT AGG AAC TAC TAC GCT CCA AAA AAG CAC CCA GAC CAA TTC AAA TAC TAT GTT GAT GAT ATT GTC ATC AAG GGT CTG TTA TAT AGA AGC ATG TTC GTC AAG ATT GCT AAT GTT AGG GAA GGT GCA GAA GTG GAA TAT TCC AGA TTT TCT AGT GAA AGA AGG GAG AAA ATT AAG TTG AGA AAG GGT CAA ATA TAC CGC GGT GAA AAG TAC AGA GAA GAA GTG TTT TAC GAA CGT AAC TTA GTT GTC TTC TGT GAA TTC GTT TAC GAC CGT ATC AAA GTC 
Smik                            AAA AGA CCT TTC TAC TTC GAT CCA AAG GAT GAT GTT AAA TAC TCT GTT GAT ATA AGT GTG CCT AGT AAG ACG TTA AGA CGT GAA CAC GTT GCA GAC ACC TAT TAT CTG CGT GTT AAA CCC ATA AAG ACT AAG TAC GAA CCT ACT GCT ATA AGT GAT GAA ATG CTA GAT GTT TAC GGT GTT CGT TCT TTA GAA GAC GAT AAG TAT TCT GTT AAA ATT AAA AGT GTT GAT CCA GCC GAA GGG CAA CCT CTG TTG TAC TTG AAG ACA GAA ATA TAC AAC TGG TAT CTA GCT AGA CAT CAT AAG AAG ATC CAA CCT GAC GGG ATG GGT AGA GAT TAT CGT AGT TGT TGT GAT AGA GGC GCT TTA GAT ATG TCC GGT AAG CGT GGT AAA TTG TAT AGA AAA ATG CCT TAT ATG ATA GAT TTG TCT ATG GAA AAG AAC AGA GTT ACA GTG ATA GTT TGG AGA GTT GAA GGT TTC GAT AGA TTT AGA TTG TTA ATG CTT AAC ATT AGA AAG TCC ACT GTC GTC GGT ATC GAA CAC CAG AGG TCC AGT GTT GCT TTG AGT GCT ATT CAA GGA ATC CTG GTG AGA CCT TTT CAC AGT GGT TTC AAT TTC GAA AAG CAG AAA TAC TGT AGA TAC TTG CTA ACA ATT GAA GGT GAT ACT ACA AAC TAT TTC CAA CCA CAT AAA ACA AAC GAA AAG CAA CTG TGG TTG ATT GGC AGA ACT AGA AAA AGA GGT TCC ATG TCC CGT GAT ATT TTG CGT ATT GTC CAC TTC TTT ATG GAA CGT TAC TTA GTA AAG TTG TCC TGG CCA GTT GAA TAC AGA TTC ATG CTG AAG TAT AAA GAA GGT GAT GGT TTC AAG CTA AAG CCC CCA TAC ATG GTT GAT GTG AAT AAA GAA AGA CAG ATA CAC CGT TTC AAA TCT ACT AGG AAC TAT TAC GCT CCA AAA AAA CAC CCA GAC CAA TTC AAG TAC TAT GTT GAT GAT ATT GTC ATC AAG GGT TTG TTA TAC AGA AGT ATG TTC GTC AAG ATT GCT AAT GTT AGG GAA GGT GCA GAA GTA GAA TAC TCC AGA TTT TCT AGT GAG AGA AGG GAG AAG ATT AAG TTA AGA AAG GGC CAA ATA TAT CGA GGT GAA AAG TAT AGA GAA GAA GTG TTT TAC GAA CGT AAC TTA GTT GTC TTC TGT GAA TTC GTT TAT GAT CGT ATT AAA GTT 
Spar                            AAG AGA CCC TTT TAT TTC GAT CCG AAG GAC GAT GTT AAA TAT TCT GTT GAT ATT AGT GTC CCC AGT AAG ACT TTA AGA CGT GAA CAC GTT GCA GAC ACT TAC TAT TTA CGT GTT AGA CCC ATA AAG ACT AAA TAC GAA CCT ACT GCT ATA AGC GAC GAA ATG CTA GAT GTT TAT GGT GTT CGT TCT TTA GAA GAT GAT AAG TAT CGT GTT AAG ATT AAA AGT GTT GAC CCA GCC GAA GGA CAA CCT CTA TTA TAC TTA AAG ACA GAA ATA TAC AAC TGG TAC TTA GCT AGA CAT CAT AAG AAG ATC CAA CCC GAC GGA ATG GGT AGA GAT TAC CGT AGT TGT TGT GAT AGA GGT GCT TTG GAT ATG TCC GGT AAG CGT GGT AAA TTG TAT AGA AAA ATG CCT TAT ATG ATA GAT TTG TCT ATG GAA AAG AAC AGA GTT ACT GTG ATT GTT TGG AGA GTT GAA GGT TTC GAT AGA TTT AGA TTG TTA ATG CTT AAC ATT AGA AAG TCC ACT GTC GTC GGT ATC GAA CAC CAA AGA TCA AGT GTC GCT TTG AGT GCT ATT CAA GGA ATC TTA GTG AGA CCT TTT CAC AGT GGT TTT AAT TTC GAA AAG CAG AAG TAC TGT AGA TAC TTA TTA ACT ATT GAA GAT GAT ACT ACT AAC TAT TTC CAA CCA CAT AAG ACT AAC GAA AAG CAA CTG TGG CTG ATT GGT AGA ACT AGA AAA AGA GGT TCC ATG TCC CGT GAT ATT TTA CGT ATT GTC AAC TTC TTT ATG GAA CGT TAT TTA GTA AAG CTG TCC TGG CCG GTT GAA TAT AGA TTC ATG TTA AAA TAT AAA GAA GGT GAT GAT TTT AAA CTT AAG CCC CCA TAC ATG GTT GAC GTG AAT AAA GAA AGA CAA ATA AAC CGT TTT AAG TCT ACT AGG AAC TAC TAC GCT CCA AAG AAA CAC CCA GAC CAA TTC AAA TAC TAT GTT GAT GAT ATT GTC ATC AAG GGT TTA TTA TAT AGA AGT ATG TTT GTC AAG ATT GCT AAT GTC AGA GAA GGT GCA GAA GTA GAA TAT TCC AGA TTT TCT AGT GAA AGA AGA GAG AAG ATT AAG TTG AGA AAG GGT CAA ATA TAT CGT GGT GAA AAG TAC AGA GAA GAA GTG TTT TAC GAA CGT AAC TTA GTT GTC TTC TGT GAA TTT GTT TAC GAC CGT ATT AAA GTT 
Ncas                            AAG AAA CCT TTT TAT TTC GAC CCA AAG GAT GAT GTT CAT TAC GCA ATT GAC GTT AGT GTT CCT AGT AAA ACC TTG CGT CGT GAG CAT GTT GCA GAC ACA TAT TAT ATA CGT GTT AAA CCA ATT AAG TCC AAG TAC GAA CCA ACA GCA ATT AGT GAT GAA ATG CTA GAC GTT TAC GGT GTT CGT TCT TTG GAA GAT GAT AAG TTT AAT GTT AAA ATT CAT AGT GTC GAT CCA CCA GAG GGA TCT CCA TTA CTA TAC CTT AAG ACG GAA ATT TAC AAT TGG TAC ATT GCT AGA CAT CAT AAG AAA GTC CAA CCT GAT GGA ATG GGT AGA GAT TAC CGT AGT TGT TGT GAT AGA GGG GCT CTT GAT ATG TCT GGT AAG CGT GGT AAG TTA TAT AGA AAA ATG CCA TAT ATG ATC GAT TTA GAT TTG GAA AAG AAC AGA GTT GTT GTA ATC GTT TGG AGA GTT GAG GGT TTC GAT AGA TTT AGA TTA TTG ATG TTG AAT ATT AGA AAA TCC ACT GTT GTC GGT ATC GAA CAT CAG AGA TCG AGT GTG ACA CTT AGT ACA ATT CAG GGC ATT ATA GTG CGT CCA TTT CAC AGT GGT TTT AAT TTC GAA AAA CAA AAG TAC TGT AGA TAC CTG TTG ACA GTT GAG AAT GAT TCC ACA AAT TAC TTC TCT CCT CAT AAG ACA AAT GAA AAG CAA CTT TGG TTG ATC GGG AGA ACT AGA AAA AGA GGT TCC ATG TCC CGT GAT ATT CTA CAC ATT GTC AAC TTC TTT ATG GAA CGT TAC TTC GTT AAG TTG ACT TGG CCA ATT GAA TAC AGA TTT ATG ATA AAG TAT AAA GAA GGT GAT AAT TTT AAG TTG AAG CCA CCA TAC ATG GTT GAT GTG CAT AAA GAA AGA CAG ATT AAC CAC TTT AAA TCA ACA AGA AAT TAT TAC GCC CCA AAG AAA CAC CCA GAT CAA TTC AAG TAT TAT GTC GAT GAT GTC GTT GTC AAG GGT TTA TTA TAC AGA AGT ATG TTT GTC AAA ATC GCA CAT GTG AGG GAA GGT GCA GAA GTG GAA TAT TCC AGA TTC TCG AGT GAA AGA AGG GAA AAG GTC AAA CTT AGA AAG GGG TCT ATT TAT AAA GGT CAA AAA TAT AAA GAA GAA GTG TTC TAC GAA CGT AAT TTC GTT GTC TTT TGT GAA TTT GTT TAC GAT CGT ATT AAA GTT 
Cgla                            AAG AGA TCA TTC TAC TTC GAT CCA AAG GAT GAT GCT GAG TAC GTA ATT GAT ATA AGT GTG TCA AGT AAG ACG TTG AGA AGA GAG CAT GCT GCT GAT ACA TAT TAT ATA AGA GTC TCA CCT ATA AAG GCT AAA TAT GAA CCA TCG GCC ATA AGT GAT GAA ATG CTA GAT GTT TAT GGT GTC CGT TCC TTG GAG GAT GAT AAG TAT TCT GCT AAG ATT GAG TCA GTC GAT CCA TGC GAA GGG CAA CCA TTA CTG TAC CTG AAG ACC GAA ATA TAC AAC TGG TAC GTG GCT AGA CAC CAT AAG AAG ATC CAA TCA GAA GGG ATG GGT AAA GAT TAC AGA AGC TGC TGT GAT AGA GGA GCC CTA GAT ATG TCT GGT AAG AGA GGT AAG TTG TAT AGA AAG ATG CCA TAT ATG ATA GAT TTA GAT AGT GAA AAG AAC AGA GTT ACA GTA GTT GTG TGG CGA GCT GAG GGT TTC GAT CGA TTT CGA TTG TTG ATG CTT AAC ATT AGA AAG TCT ACT GTT GTC GGG ATC GAG CAT TTA AGA TCT TCA GTT ACA TTG AGT ACA ATC CAA GGG ATT ATA GTG AGA CCA TTT CAC AGT GGT TTC AAT TTC GAA AAG CAA AAA TAC TGT AGA TAC TTG TTA ACT GTT GAA CCG GAT GCT ACT AAC TAT TTC CAA CCA CAT AAA ACT AAC GAA AAA CAA GTT TGG TTG ATT GGA AGA ACG AGA AAA AAA GGT TCT ATG TCT CGT GAT ATT CTG CGT ATT GTT AAC TTC TTC ATG GAA AGA TAC CTT GTA AAG TTG TCT TGG CCA GTT GAG TAC AGA TTT ATG ATA AAG TAT AAA GAA GGT GAT CCG TTC AAA TTG AAG CCA CCT TAT ATG GTT GAC GTG AAT AAG GAG AGA TTA ATA AAC CGT TTC AAG TCT TCG AGA AAC TAT TAC GCT CCT AAG AAG CAT CCA GAA CAA TTC AAG TAC TAT GTC GAT GAT GTA GTT ATC AAG GGT CTG TTG TAT AGA AGT ATG TTC GTT AAG ATT TCA AAT GTT AGA GAA GGT GCT GAA GTT GAA TAC TCT CGA TTC TCG TCA GAG AGA AGA GAA AAA GTA AAG CTA AGA AAG GGA CAA AAC TAT AGA GGT CGT AAG TAT AGA GAA GAA GTG TTT TAC GAG AGA AAC CTT GTT GTT TTT TGT GAA TTC GTT TAC GAT AGA ATC AAG GTG 
Agos                            CTA AGA CCC TTC TAC TTC GAC CCT AAG GAC GAT ATT CAG TAC GGC ATC GAT ATC GCG GTT CCC AGC AAG ACG CTG AGG CGC GAG CAT ATT GCC GAC ACG TAT TAT ATC CGG GTG AGA CCG ATC AAG GCC AAG TAC GAG CCA ACT GCG ATA AGC GAC GAG ATG TTG GAC GTC TAC GGT GTG CGT TCT CTG GAG GAC GAC AAG TAC AGC ATT AAA ATC CAG TGT ATC GAC CCT GAG GAG GGC CAG CCC CTA TTG TAC CTC AAG ACC GAA ATA TAC AAC TGG TAC CTC GCG CGG CAT CAT AAG AAG GCC CAG CCC GAT GGC CTA GGT CGG GAC TAC CGC AGC TGC TGC GAC AGA GGC GCA CTG GAT ATG TCG GGT AAG CGC GGC AAG TTG TAT CGC AAG CTC CAC TAT ATG ATA GAT CTG TCG GTG GAG AAG AAC CGC GTC GCT GTG ATT GTC TGG CGC ATT GAG GGT TTC GAC CGC TAT CGC TTG CTG CTC CTC AAC ATC CGC AAG TCG ACT GTG GTC GGA ATC GAG CAT CGT CGG ACA TGT GTC ACA TTG GCG ACA ATC CAG GGC ATT ATC GTG AGG CAC TAT CAC AGC GGC TTC AAC TTT GAG AAG CAG AAG TAT TGC CGC TAC ATT CTG ACC GTC GAG TTA GAC GCC ACC AAC TAC TTC CAG CCA CAT AAG ACC AAC GAG CGA CAG GTG TGG TTG ATC GGC AGA ACC CGC AAG CGG GGT TCG ATG TCT CGT GAC ATC TTG CGG ATC GTG AAC TTT TTT ATG GAA CGG TAC TTG GTA AAG TTG TCC TGG CCT TCG GAG TAC CGC TTT ATG ATC AAG TAT AAG GAA GGT GAC TTA TTC AAG CTG AAG GCA CCT TAC ATG GTT GAC GTG GGG AAG GAG CGG CGT ATC AAC CGG TTC AAA TCC ACT CGC AAC TAT TAC GCT CCT AAG AAG CAC CCA GAT CAG TTT AAG TAC TAT ATC GAT GAC CTC GTG GCC AAG GGC CTG TTG TAT AGA AGC ATG TTC GTC AAG ATC GCA GGG GTC AAG GAG GGT GCC GAG GTT GAG TAC TCT CGC TTC TCT TGT GAA AGA AAG GAC AAG CTC AAG CTG CGG AAG GGC CAG ATC CAC AAG GGC GGA AAG TAT AGA GAG GAG GTG TTT TAC GAG CGC AAC TTG GTT GTC TTT TGC GAG TTC GTT TAC GAC CGC ATC AAG GTT 
Klac                            AAA AGA CCC TTC TAT TTC GAT CCA AAG GAT GAC TCG AAG TAC AAC ATC GAC ATT GCC GTT CCC AGC AAG ACG TTG AGA AGG GAA CAT TCG GCT GAC ACA TAC TAC ATG CGT GTT TCT CCA ATC AAG ACT AAA TAC GAA CCT ACT GCC ATT AGT GAT GAA ATG CTA GAT GTC TAC GGT GTT AGA TCC TTG GAA GAT GAA AAG TAT AAT TCG AAA ATC AAG TGT ATT GAT CCT GAA GAA GGG CAA CCA TTA TTA TAC CTT AAG ACT GAA ATT TAT AAC TGG TAT GTA GCT AGA CAC CAT AAG AAG AGG CAA CCC GAC GGG TTG GGT AGA GAT TAT AGG GCT TGC TGT GAA AGA GGA GCG TTG GAC ATG TCT GGT AAG AGG GGT AAG CTA TAT AGA AAA CTC TTT TAC ATG ATA GAC CTA TCA GGT GAA AAA AAC AGA GTC ACC TAT ATC GTC TGG CGG TCG GAA GGT TTC GAT CGG TAT CGG CTA TTG CTC CTT AAC ATT AGA AAG TCC ACT GTT GTC GGG ATT GAA CAT CTT AGA TCT TGT GTT TCA TTG GCC TCA ATC CAA GGG ATC ATG GTG AGA TTT TAT CAC AGT GGT TTC AAT TTC GAA AAG CAA AAA TAC TGT AGA TAT TTG TTA ACA GTT GAA AAT GAT ACT ACA AAC TTC TTC CAA CCT CAT AAA ACA AAC GAA AGA CAA GTT TGG TTG ATT GGA AGA ACG AGA AAA AGA GGT TCC ATG TCC AGA GAT ATT TTA CGT ATC GTT AAC TTC TTC ATG GAA CGT TAT ATC GTG AAG TTG TCT TGG CCA GCT GAA TAC AGA TTC ATG ATG AAA TAC AAA GAA GGT GAT AAT TTC AAA TTG AAG ACT CCA TAC ATG GTT GAT GTG AAT AAG GAA AGA CTT ATC AAC CGT TTC AAA TCC ACT AAA AAT TAC TAT GCA CCA AAG AAG CAT CCA GAC CAA TTC AAA TAC TAC ATT GAC GAT ATA GTT AGG AAG GGT CTC TTG TAC AGA AGT ATG TTC GTC AAG ATT AGC AAT GTT AGA GAA GGT GCT GAA GTG GAG TAT TCC CGG TTC TCT TGT GAA AGA AGA GAC AAA ATA AAG TTG AGA AAG GGA CAA AAT CAT AAA GGT GCA AAG TAC AGA GAA GAA GTG TTT TAC GAA CGA AAC ATC GTT GTC TTC TGT GAA TTC GTT TAT GAT AGG ATC AAG GTT 
Calb                            AAG AGA CCA TTC TAT TTC GAT CCA AAG GAT GAT CTT CAA TAC TTT ATT ACA ATT ACT GTG CCA TCA AAA ACA TTG AGA AGA GAA CAT CTT GGG GAT ACA TAT TAT ATA CGT GTT AAA CCA ATT AAA ACT AAA TAC GAA CCA ACT GCC ATA GCT GAT GAA ATG TTA GAT GTC TAT GGT GTT AGA ACT TTG GAA GAT AGT AAG TAT AAC CTT AAA TTA CAA TCA ATT GAT CCA GCC GAA GGA CAA CCA TTA TTG TAT TTA AAG ACA GAA ATA TAT GGT TGG TAT GTT GCT CGT CAT CAT AGA AAA GCT CAA CCA GAT GGA TTA GGG CAT GAA TAT AGA GGC TGT TGC AGT AGA GCA GCT TTG GAT ATG TCC GGT AAG AGA GGT AAA TTG TAT AGA AAA ATG TAC TAT ATG ATT GAT TTA TCA AAC GAG AGG AAC AGA GTC TCG GTT ATC GTT TGG CGA CTT GAA GGT TTC GAT CGA TTC CGA TTG TTG ATG TTG AAC ATT CGT AAA TCT ACT ATT GTT GGT ATC GAA CAT CAA AGA TCG TCA GTA ACC TTA ACT ACC ATT CAA GGA ATT ATA GTT AGA TAC TTC CAC AAT GGT TTC ACA TTC GAA AAA CAA AAA TAC TGC CGT TAC TTG TTA ACC GTT GAA GAT GAA ACT ACC AAC TTT TTC CAA CCA CAC AAA ACC AAC GAA AAA CAA GTT TGG TTG ATT GCA AGA ACC AGA AAG CAT GGG TCT ATG TCA AGA GAA ATT TTG CGT TTA GTT AAC TTC TTC ATG GAA CGT TAC ATT GTA AAA TTG TCA TGG CCA GCA GAA TAC CGT TTT ATG ATA AGA TAT AAG GAA GGT GAA GAT TTC AAA TTA AGA AAC CCA TAC ATG GTG GAT GTT ACC AAA GAA CGT CAA ATT AAC CGT TTC AAA TCT ACT AGA AAT TAT TAT GCT CCA AAG AAA CAC CCA GAT CAA TTC AGA TAC TAT ATT GAT GAT TTG ATT GCT AAA GGT TTG TTG TAT AGA AAT ATG TTC GTT AAA ATT ACA ACC GTA AAG GAA GGT GGG GAG ACC GAA TAT TCA CGA TTT TCG TCA GAA AGA AAG GAA AAA TTG AAA TTG CGT AAA GCA CAA AAT CAT AAA GGT AGG AAA TAT AGA GAA GAA GTT TTT TAT GAA AGA AAC ATT GTG GTT TTT TGC GAA TTC ATA TAT GAT AGA ATT AAA GTT 



Printing out site pattern counts


         9        669  P

Scer                            AAA AAA AAA AAA AAA AAA AAA AAA AAA AAA AAC AAC AAC AAC AAC AAG AAG AAG AAG AAG AAG AAG AAG AAG AAG AAG AAT ACA ACA ACC ACC ACT ACT ACT ACT ACT ACT AGA AGA AGA AGA AGA AGA AGA AGA AGA AGC AGC AGG AGT AGT AGT AGT ATA ATA ATA ATA ATC ATC ATC ATG ATG ATG ATT ATT ATT ATT ATT ATT ATT ATT CAA CAA CAA CAA CAA CAC CAC CAC CAC CAC CAT CAT CCA CCA CCA CCA CCA CCC CCC CCT CCT CCT CCT CGA CGT CGT CGT CGT CGT CGT CGT CTA CTA CTG CTT CTT GAA GAA GAA GAA GAA GAA GAA GAA GAA GAA GAC GAC GAC GAC GAC GAG GAG GAT GAT GAT GAT GAT GAT GAT GAT GAT GCA GCC GCT GCT GCT GCT GCT GCT GGA GGA GGT GGT GGT GGT GGT GTA GTA GTC GTC GTC GTC GTC GTC GTC GTC GTC GTG GTG GTG GTT GTT GTT GTT GTT GTT GTT TAC TAC TAC TAC TAC TAC TAC TAC TAT TAT TAT TAT TAT TAT TAT TAT TAT TAT TCA TCA TCC TCC TCC TCT TCT TCT TCT TCT TGC TGG TGT TTA TTA TTA TTA TTA TTA TTA TTA TTA TTC TTC TTC TTC TTG TTG TTG TTG TTG TTG TTT TTT TTT TTT 
Sbay                            ... ... ... ... ... ... ..G ..G ..G ..G ... ... ... ... ..T ..A ..A ..A ..A ... ... ... ... ... ... ... ... ... ..T ... ..T ..A ..C ... ... ... GA. ... ... ... ... ... ... ... ... ..G ..T ..T ... ..C ... ... ... ... ... ... ..T ... ... ... ... ... ... ..C ..C ..C ..C ... ... ... ... ... ... ... ... ..G ..A ... ... ... ... ..C ..C ... ... ... ... ... ... ..T ..A ..C ... ... A.G ..C ... ... ... ... ... TC. ..G T.G T.. ... ... ... ... ... ... ... ... ... ... ..G ..G ..A ... ... ..T ..T ..A ... ..C ..C ..C ..C ... ... ... ... ... ... ..T ..C ..C ... ... ... ... ..C ..T ... ... ... ... ... ... ..G ... ... ... ... ... ..G ..T ..T ..T A.T ..C ... ..A ..C ..C ... ... ... ... ... ... ... ... ... ... ... ... ..C ..C ..C ..C ... ... ... ... ... ... ..C ..T ... ... ..T G.. ..C ..C ... ... ..T ... ... C.. C.. C.G C.G ... ... ... ..G ..G ... ... ... ... ..A ..A ... ... ... ... ... ... ... ... 
Smik                            ... ... ... ... ..G ..G ... ... ... ..G ... ... ... ... ..T ..A ..A ... ... ..A ..A ... ... ... ... ... ... ... ... ... ..T ..G ..A ... ... ... GG. ... ... ... ... ... ... ... ..G ..G ..T ..T ... ... ... ... ... ... ... ... ... ... ... ... ... ... ... ..A ... ... ... ..A ... ... ... ... ... ... ..G ..G ... ... ... ... ..T ... ... ... ... ... ... ... ... ..T ... ... ..C ... A.. ..A ... ... ... ... ... TC. ..G T.G ... ..A ... ... ... ... ... ... ... ... ..G ... ..G ..A ... ..T ... ..T ..A ..A ..C ... ... ... ... ... ... ... ... ... ... ... ... ... ... ... ... ... ..G ..C ... ... ... ... ... ... ... ... ... ..T ..T ..G ... ..T ..T A.. ... ... ... ... ... ... ... ... ... ... ... ... ... ... ... ... ... ..C ... ... ... ..C ..C ... ... ... ... ..C ..C ... ... ..T ... ..C ... ... ... ..T ... ... C.. C.G ... ..G C.. ... ... C.. ..G ... ... ... ... ... ... ..A ... ... ... ... ... ... ... 
Spar                            ... ... ... .G. ... ... ... ... ... ..G ... ... ... ... ..T ... ... ... ... ... ... ... ... ... ... ... ... ... ..T ..T ..T ... ... ... ... ... GA. ... ... ... ... ... ... ... ... ... ..T ..T ... ... ..C ... ... ... ... ... ... ... ... ... ... ... ... ... ... ... ... ... ... ... ... ... ... ... ... ..G A.. ... ... ... ..T ... ... ... ... ... ... ..G ... ... ... ... ..C ... A.. ... ... ... ... ... ... ... ... T.. ... ... ... ... ... ... ... ... ... ... ... ... ..G ..A ... ... ... ... ..A ..A ... ... ... ... ..C ... ... ... ... ... ... ... ... ... ... ... ... ... ... ... ... ... ... ... ... ... ... ... ... ..T ..T ... ... ... ..T A.. ... ... ... ... ... ... ... ... ... ... ... ... ... ... ... ..T ..T ... ..C ..C ... ... ... ... ... ... ... ..C ... ... ... ..T ... ..C ... ... ... ..T ... ... C.. ... ... ... ... ... ... ... ... ... ... ... ..T ..A ... ... C.. ... ... ... ... ... ... 
Ncas                            ... ... ..G ... ..G ..G ... ... C.T ..G ... ..T ..T ..T C.T ..A ... ... ... ... ... ..A ... ... ... ... ... ..G GTT ..A T.. ..C ..A ..A ... ... .A. .A. ... ... ... ... ... C.T ... ..G ..T ..T ..A ... ... ... ... ..C ..T ..T ..T ... ..T G.. ... ... ... ..C ... ... G.. G.. ..C ... G.C ... ..G TCT ..G ... A.. ... ... ..T ..T ... ... ... ... ... ..T ... ..A ..T ..A ..A ..A ..A A.. AAA .AC ... ... ... ... AA. T.. ..T ..T T.G T.G C.. ... ... ... ... ... ..G ... ... ... ..A ..T ..T ... ..T ... ..A ... ..C ..C ... ... ..C ... ... ... ... C.A ... ... A.A ..A ..A ..C ..C ... ..G ... ... ... ... ..T ..G ... ... ..T ..T ..T ..T ... ..G ..T T.. ..A ... ... A.. ... A.. ..C ... ... ... ... ... ... ... ..T ... ... ..C ..C ... ... ..C ... ..C ... ... .T. ..C ..G ... ..T ..T GA. A.. G.A ..A ..G ..T ... ... C.. A.. ..G ... ..G ... ..C A.T C.. ... ... ..T ..T C.. C.T C.T ... ..A ..A ..C ..C ... ... 
Cgla                            ... ..G ..G TC. ... ..G ..G ..G G.G ..G ... ... ... ... ..T ... ... ..A ... ..A ... ... ..A ... ... ... ... ..C ... ..A G.T ..G ... T.G ..G ... C.G ... ... ... ... ... C.. ... ... ... ... ..T ..A ... ... ... TCA ... .AC ... ... ... ..T ... ... ... ... G.. ..C ... G.. ..A ... ... G.A ... ... ... TT. ... A.. ... ..T ..T ... ... ... ... ... ..T ... ... ..T T.A ..A ..A ..A ..A AA. A.A ... A.A A.A A.A ... TC. T.. ..G G.T T.G ... CGT ... ... ... ... ..G ..G ..G ... ... ..G ..A ..T ..T ... ..A ..A ... ... ... ... ... ... ... ... ... ..T TG. ..C ... A.A ..C T.A ... ..G ..G ..A ..G ... ... ... ... ..T ... ..T ..T ..G ..T ..G ..T ..T ..T AGT ..A ... ..G A.. ..C ... ..C .C. ... ... ... ... ... ..T ... ... ... ... ..C ... ... ... ..C ... ... ... ... ..T ..T ..T ..T ... GA. ... GTA ... ..G ..T ... ..C C.. A.. ..G C.G ... ..G C.T G.G C.G ... ... ..T ... ... ... C.A ... ..A ... ..C ... ..C ... 
Agos                            ..G ..G ..G .G. ..G ..G ..G ..G C.G ..G ... ... ... ... GGG ..A ... ... ... ... CTA ... CGA ... ... ... ..C ..C G.T ..G G.. ..G ..C ... ..C ... TTA ... ... C.C C.C C.G C.C ..G C.G .AG ... GCG C.C ..C ..C ..C T.. ... ..C ..C ... ... ..T GC. ... C.A C.C ... ..C ..C G.C ..C ..C ..C C.C ..G ..G ..G .GT ..G A.. ... ... ..T ..T ... ... ... ..T ..T ... ..T ..G ... .AC ..C G.A ..A ..G AAG ..G ..C ..C ..G ... A.C ... ..C G.. ..G ..C .G. ... ..G ..G ..G ..G ..G ... ... ..C ..G ..T ... ... ... ... ..A ..C ..C ... ..C ..C ..C ..C ..C ... ..C .AG ..A ..G A.A ..G ..A ... ..C ..C ..C ..A ..C ... ... ... ..T ... ... ..G ..T ... ..T ..G ... ..T ... ... ... ..C A.C ..G TCG A.C A.. ... ... ... ... ..T ... ... ... ... ..C ..C ... C.C ... ..C ..C ... ... ..C ..T A.. ..G ..G ..T ..G ..C GGC ..C ... ... ... ..C ..G A.C C.G C.G C.G ..G ..G C.C ..G ... ..T ..T ... A.T ... C.. ... C.. ... ..C ... ... .A. 
Klac                            ... ..G ..G TCT ... ... ... ..G ..G ..G ... ... ... ..T ..T ..A ... ..A ..A ..A ..A ... .GA ... ... ... ... ..T ..C ..A ..T ..G ..A ... ..G ... .A. ... ... ... ... ... C.G ... ... ... GCT GC. .AA ... ... ..C T.. ... .AT ..C ..T ..T ... .GG ... T.. C.C ..C ..C ..C G.. ... ... ... ..A ... ... ... .TT ... A.. ... ..T ..T ... ... ... ... ..T ... ..T ... ..A ... TT. ..A A.. ... A.. AAA ... A.G ..A ... A.A AA. T.. ..T G.T T.G ... .C. ... ... ... ..G ... ... ... ... ..C ..A ... ..T ... ..T ..A ..A ... ... ..C ... ... ... ..A ... ..C ..T .AA ..G ... T.A ..C AGC ..A ..G ..G ..A ..G ... ... ... ..G ..G ... ... ..T ..T ... ..T ..T ..T ..T .GT TAT ... ..C A.C ... .C. A.. TCG ... ... ..T ..T ... ... ... ... ..T ..C ... ..C C.. ..C ... .TC ..C ... ... ..C ..T ... ..T ... ..A ... AAC ..C ... ..T ... ..C C.. A.G ..G C.C ... ..G A.C G.. ... ... ... ... ... ... ... ... ... C.A C.A ..C ... ..C .A. 
Calb                            ..G ... ... ... ... .G. ... ... C.. ... ... ... GGT ..T .C. ..A ... ..A .G. ..A ... ..A ..A ..A ... .GA .CA ... T.G ..A ..T ..A ..C ... ..C ... GA. ... ... ... C.T C.T C.. ... ... .AG G.. .CT ..A .A. GC. TCA TCA ..T .AT ..T ... ... ..T GCT ... T.A ... ..C ... T.A G.. ... ... ... T.G ... ... ... ... ... A.. ... ... ..T ..T ..C ... ... ... ... ... ... ..A ..A TAC ..A AAC ..A .AT AAA ... A.A A.A ... A.A AAC T.. T.. G.T T.A T.G AGG ... ... ..G ... ... ... ... ... ... ..A ..T ..T ..T ..T ..A ..A ... ... ACA ..A ... ... AG. ... ... .GG ... ... ... A.C ..C A.A ... ... ... .CA ... ... ..G ... ... ACC ..T ..T A.T ..T ... ..G ..T ..A A.A AAC ..T ..T ... A.. ... .CA A.. C.. ..G ..T ... ..T ... ... ... ... ... ... ... ... C.. ... ... .T. ... ... ... ... ..G ..T ... A.T ..A ..A .T. ... ..G ... ... ... ... A.. ..G ..G ... ..G A.T G.T ..G ... ... ..T ... ... ..A ... ... ..A ... ... ... ..C ..C 

    2    2    1    1    2    2    1    1    2    1    1    4    1    1    2
    2    1    1    1    2    1    7    1    3    4    2    1    1    1    1
    2    1    3    2    1    1    2    2    4    3    3    3    4    2    1
    2    1    2    1    2    1    1    3    1    1    2    2    1    1    2
    8    1    2    1    2    2    1    1    2    2    2    3    1    3    2
    1    2    1    1    2    1    1    1    1    1    2    1    2    1    3
    2    1    1    1    2    1    2    4    1    2    2    1    1    1    1
    1    1    1    1    8    2    1    4    2    1    1    1    1    2    2
    1    1    2    1    1    1    1    4    2    1    2    2    4    2    1
    1    1    2    1    1    1    1    2    3    1    4    2    5    1    1
    1    2    2    1    2    1    1    2    1    1    1    3    1    1    2
    1    2    4    2    2    1    2    1    2    1    2    1    1    3    3
    1    1    2    1    4    1    1    2    1    2    1    1    1    1    1
    1    1    3    4    1    1    3    3    1    1    1    2    1    2    3
    3    2    6    1    1    2    2    1    2    1    1    1    2

CODONML (in paml version 4.9j, February 2020)  temp.nuc
Model: One dN/dS ratio, 
Codon frequency model: Fequal
ns =   9  ls = 393

Codon usage in sequences
--------------------------------------------------------------------------------------------------------------------------------------
Phe TTT   5   5   5  11  12   5 | Ser TCT   5   5   6   5   5   9 | Tyr TAT  18  10  14  15  12  15 | Cys TGT   1   4   4   4   4   3
    TTC  14  14  14   8  10  14 |     TCC   4   7   7   6   6   1 |     TAC  12  20  16  15  17  15 |     TGC   3   0   0   0   0   2
Leu TTA  15   6   8  16   6   5 |     TCA   3   0   0   1   1   8 | *** TAA   0   0   0   0   0   0 | *** TGA   0   0   0   0   0   0
    TTG   9  12  11   6   9  11 |     TCG   0   0   0   0   2   3 |     TAG   0   0   0   0   0   0 | Trp TGG   4   4   4   4   4   4
--------------------------------------------------------------------------------------------------------------------------------------
Leu CTT   2   2   1   2   5   3 | Pro CCT   5   5   7   4   4   3 | His CAT   2   0   3   3   9   5 | Arg CGT  13  11  11  13  11   5
    CTC   0   0   0   0   0   0 |     CCC   4   2   2   5   0   0 |     CAC   7   7   6   4   4   2 |     CGC   0   1   0   0   0   0
    CTA   2   4   4   2   3   3 |     CCA   7   9   7   5  13  10 | Gln CAA  10  11   7   9   5   8 |     CGA   2   0   1   0   0   4
    CTG   1   5   5   3   1   4 |     CCG   0   0   0   2   0   2 |     CAG   0   1   3   1   3   0 |     CGG   0   0   0   0   0   0
--------------------------------------------------------------------------------------------------------------------------------------
Ile ATT  13  10  11  13  15   8 | Thr ACT  10   7   6  12   3   4 | Asn AAT   1   3   3   3  10   3 | Ser AGT   7   8  10   9  10   7
    ATC   4  10   4   4   5   5 |     ACC   3   4   1   0   1   1 |     AAC   9   7   7   9   3  10 |     AGC   3   2   0   1   0   1
    ATA   6   4   8   6   3   9 |     ACA   2   2   5   1   8   4 | Lys AAA  15  15  16  13  19  10 | Arg AGA  24  22  23  27  21  29
Met ATG  11  11  12  12  11  11 |     ACG   0   0   1   0   1   2 |     AAG  25  25  24  26  22  29 |     AGG   1   5   4   1   2   0
--------------------------------------------------------------------------------------------------------------------------------------
Val GTT  13  13  19  17  20  17 | Ala GCT   7   7   7   7   2  10 | Asp GAT  18  15  20  18  21  22 | Gly GGT  15  17  14  15  12  11
    GTC  13  12   6   9  10   5 |     GCC   1   2   1   1   1   2 |     GAC   7  11   4   8   4   1 |     GGC   0   1   3   0   1   0
    GTA   2   2   2   2   1   5 |     GCA   2   2   2   2   5   0 | Glu GAA  22  23  24  25  21  19 |     GGA   3   0   1   3   2   3
    GTG   5   5   5   4   6   7 |     GCG   0   0   0   0   0   0 |     GAG   3   3   2   1   4  10 |     GGG   0   0   2   0   3   4
--------------------------------------------------------------------------------------------------------------------------------------

--------------------------------------------------------------------------------------
Phe TTT   7   3   6 | Ser TCT   4   5   3 | Tyr TAT  12  14  20 | Cys TGT   3   6   1
    TTC  10  17  15 |     TCC   2   6   1 |     TAC  19  17  10 |     TGC   4   1   3
Leu TTA   2   4  10 |     TCA   0   3   8 | *** TAA   0   0   0 | *** TGA   0   0   0
    TTG  11  12  17 |     TCG   5   4   3 |     TAG   0   0   0 | Trp TGG   4   4   4
--------------------------------------------------------------------------------------
Leu CTT   0   4   4 | Pro CCT   5   3   0 | His CAT   5   6   7 | Arg CGT   4   4  10
    CTC   7   3   0 |     CCC   4   3   0 |     CAC   5   2   3 |     CGC  16   0   0
    CTA   3   4   0 |     CCA   3   7  13 | Gln CAA   0   8  12 |     CGA   1   1   4
    CTG   9   0   0 |     CCG   1   0   0 |     CAG  10   0   0 |     CGG  10   4   0
--------------------------------------------------------------------------------------
Ile ATT   7  10  18 | Thr ACT   3   7   8 | Asn AAT   0   8   4 | Ser AGT   0   3   2
    ATC  19  11   2 |     ACC   5   1   9 |     AAC  10   9  10 |     AGC   6   2   0
    ATA   3   3   6 |     ACA   3   4   6 | Lys AAA   2  16  26 | Arg AGA   7  25  24
Met ATG   8  11  10 |     ACG   2   2   0 |     AAG  36  24  10 |     AGG   2   6   2
--------------------------------------------------------------------------------------
Val GTT   6  14  15 | Ala GCT   2   5   6 | Asp GAT   7  14  19 | Gly GGT   7  12  11
    GTC   9   6   2 |     GCC   6   3   2 |     GAC  18   9   0 |     GGC  11   0   1
    GTA   1   1   3 |     GCA   3   2   4 | Glu GAA   4  26  27 |     GGA   2   3   3
    GTG  11   5   3 |     GCG   4   1   0 |     GAG  21   1   2 |     GGG   2   4   4
--------------------------------------------------------------------------------------

Codon position x base (3x4) table for each sequence.

#1: Scer           
position  1:    T:0.23664    C:0.13995    A:0.34097    G:0.28244
position  2:    T:0.29262    C:0.13486    A:0.37913    G:0.19338
position  3:    T:0.34351    C:0.21374    A:0.29262    G:0.15013
Average         T:0.29092    C:0.16285    A:0.33757    G:0.20865

#2: Sbay           
position  1:    T:0.22137    C:0.14758    A:0.34351    G:0.28753
position  2:    T:0.29262    C:0.13232    A:0.38422    G:0.19084
position  3:    T:0.31043    C:0.25445    A:0.25445    G:0.18066
Average         T:0.27481    C:0.17812    A:0.32740    G:0.21968

#3: Smik           
position  1:    T:0.22646    C:0.14504    A:0.34351    G:0.28499
position  2:    T:0.29262    C:0.13232    A:0.37913    G:0.19593
position  3:    T:0.35878    C:0.18066    A:0.27481    G:0.18575
Average         T:0.29262    C:0.15267    A:0.33249    G:0.22222

#4: Spar           
position  1:    T:0.23155    C:0.13486    A:0.34860    G:0.28499
position  2:    T:0.29262    C:0.12977    A:0.38168    G:0.19593
position  3:    T:0.38422    C:0.17812    A:0.28499    G:0.15267
Average         T:0.30280    C:0.14758    A:0.33842    G:0.21120

#5: Ncas           
position  1:    T:0.22392    C:0.14758    A:0.34097    G:0.28753
position  2:    T:0.29771    C:0.13232    A:0.39186    G:0.17812
position  3:    T:0.39440    C:0.15776    A:0.27481    G:0.17303
Average         T:0.30534    C:0.14589    A:0.33588    G:0.21289

#6: Cgla           
position  1:    T:0.24173    C:0.12468    A:0.33842    G:0.29517
position  2:    T:0.28499    C:0.15013    A:0.37913    G:0.18575
position  3:    T:0.33079    C:0.15013    A:0.29771    G:0.22137
Average         T:0.28584    C:0.14165    A:0.33842    G:0.23410

#7: Agos           
position  1:    T:0.21120    C:0.21120    A:0.28753    G:0.29008
position  2:    T:0.28753    C:0.13232    A:0.37913    G:0.20102
position  3:    T:0.18321    C:0.38422    A:0.08651    G:0.34606
Average         T:0.22731    C:0.24258    A:0.25106    G:0.27905

#8: Klac           
position  1:    T:0.24427    C:0.12468    A:0.36132    G:0.26972
position  2:    T:0.27481    C:0.14249    A:0.39186    G:0.19084
position  3:    T:0.30025    C:0.22901    A:0.27226    G:0.19847
Average         T:0.27311    C:0.16539    A:0.34182    G:0.21968

#9: Calb           
position  1:    T:0.25700    C:0.13486    A:0.34860    G:0.25954
position  2:    T:0.28244    C:0.16031    A:0.38168    G:0.17557
position  3:    T:0.34097    C:0.14758    A:0.37150    G:0.13995
Average         T:0.29347    C:0.14758    A:0.36726    G:0.19169

Sums of codon usage counts
------------------------------------------------------------------------------
Phe F TTT      59 | Ser S TCT      47 | Tyr Y TAT     130 | Cys C TGT      30
      TTC     116 |       TCC      40 |       TAC     141 |       TGC      13
Leu L TTA      72 |       TCA      24 | *** * TAA       0 | *** * TGA       0
      TTG      98 |       TCG      17 |       TAG       0 | Trp W TGG      36
------------------------------------------------------------------------------
Leu L CTT      23 | Pro P CCT      36 | His H CAT      40 | Arg R CGT      82
      CTC      10 |       CCC      20 |       CAC      40 |       CGC      17
      CTA      25 |       CCA      74 | Gln Q CAA      70 |       CGA      13
      CTG      28 |       CCG       5 |       CAG      18 |       CGG      14
------------------------------------------------------------------------------
Ile I ATT     105 | Thr T ACT      60 | Asn N AAT      35 | Ser S AGT      56
      ATC      64 |       ACC      25 |       AAC      74 |       AGC      15
      ATA      48 |       ACA      35 | Lys K AAA     132 | Arg R AGA     202
Met M ATG      97 |       ACG       8 |       AAG     221 |       AGG      23
------------------------------------------------------------------------------
Val V GTT     134 | Ala A GCT      53 | Asp D GAT     154 | Gly G GGT     114
      GTC      72 |       GCC      19 |       GAC      62 |       GGC      17
      GTA      19 |       GCA      22 | Glu E GAA     191 |       GGA      20
      GTG      51 |       GCG       5 |       GAG      47 |       GGG      19
------------------------------------------------------------------------------


Codon position x base (3x4) table, overall

position  1:    T:0.23268    C:0.14560    A:0.33927    G:0.28244
position  2:    T:0.28866    C:0.13854    A:0.38309    G:0.18971
position  3:    T:0.32740    C:0.21063    A:0.26774    G:0.19423
Average         T:0.28291    C:0.16492    A:0.33003    G:0.22213

Codon frequencies under model, for use in evolver (TTT TTC TTA TTG ... GGG):
  0.01639344  0.01639344  0.01639344  0.01639344
  0.01639344  0.01639344  0.01639344  0.01639344
  0.01639344  0.01639344  0.00000000  0.00000000
  0.01639344  0.01639344  0.00000000  0.01639344
  0.01639344  0.01639344  0.01639344  0.01639344
  0.01639344  0.01639344  0.01639344  0.01639344
  0.01639344  0.01639344  0.01639344  0.01639344
  0.01639344  0.01639344  0.01639344  0.01639344
  0.01639344  0.01639344  0.01639344  0.01639344
  0.01639344  0.01639344  0.01639344  0.01639344
  0.01639344  0.01639344  0.01639344  0.01639344
  0.01639344  0.01639344  0.01639344  0.01639344
  0.01639344  0.01639344  0.01639344  0.01639344
  0.01639344  0.01639344  0.01639344  0.01639344
  0.01639344  0.01639344  0.01639344  0.01639344
  0.01639344  0.01639344  0.01639344  0.01639344


TREE #  1:  (((((1, 4), (3, 2)), 5), 6), ((7, 8), 9));   MP score: 976
This is a rooted tree.  Please check!
lnL(ntime: 16  np: 18):  -5697.100212      +0.000000
  10..11   11..12   12..13   13..14   14..1    14..4    13..15   15..3    15..2    12..5    11..6    10..16   16..17   17..7    17..8    16..9  
 0.080049 0.178548 0.243508 0.088510 0.122069 0.079483 0.008344 0.124417 0.260825 0.584066 0.488800 0.087975 0.140746 1.335288 0.516064 0.973692 1.821583 0.060853

Note: Branch length is defined as number of nucleotide substitutions per codon (not per neucleotide site).

tree length =  5.312384

(((((1: 0.122069, 4: 0.079483): 0.088510, (3: 0.124417, 2: 0.260825): 0.008344): 0.243508, 5: 0.584066): 0.178548, 6: 0.488800): 0.080049, ((7: 1.335288, 8: 0.516064): 0.140746, 9: 0.973692): 0.087975);

(((((Scer: 0.122069, Spar: 0.079483): 0.088510, (Smik: 0.124417, Sbay: 0.260825): 0.008344): 0.243508, Ncas: 0.584066): 0.178548, Cgla: 0.488800): 0.080049, ((Agos: 1.335288, Klac: 0.516064): 0.140746, Calb: 0.973692): 0.087975);

Detailed output identifying parameters

kappa (ts/tv) =  1.82158

omega (dN/dS) =  0.06085

dN & dS for each branch

 branch          t       N       S   dN/dS      dN      dS  N*dN  S*dS

  10..11     0.080   854.6   324.4  0.0609  0.0051  0.0836   4.3  27.1
  11..12     0.179   854.6   324.4  0.0609  0.0113  0.1864   9.7  60.5
  12..13     0.244   854.6   324.4  0.0609  0.0155  0.2543  13.2  82.5
  13..14     0.089   854.6   324.4  0.0609  0.0056  0.0924   4.8  30.0
  14..1      0.122   854.6   324.4  0.0609  0.0078  0.1275   6.6  41.3
  14..4      0.079   854.6   324.4  0.0609  0.0051  0.0830   4.3  26.9
  13..15     0.008   854.6   324.4  0.0609  0.0005  0.0087   0.5   2.8
  15..3      0.124   854.6   324.4  0.0609  0.0079  0.1299   6.8  42.1
  15..2      0.261   854.6   324.4  0.0609  0.0166  0.2724  14.2  88.3
  12..5      0.584   854.6   324.4  0.0609  0.0371  0.6099  31.7 197.8
  11..6      0.489   854.6   324.4  0.0609  0.0311  0.5104  26.5 165.6
  10..16     0.088   854.6   324.4  0.0609  0.0056  0.0919   4.8  29.8
  16..17     0.141   854.6   324.4  0.0609  0.0089  0.1470   7.6  47.7
  17..7      1.335   854.6   324.4  0.0609  0.0848  1.3943  72.5 452.3
  17..8      0.516   854.6   324.4  0.0609  0.0328  0.5389  28.0 174.8
  16..9      0.974   854.6   324.4  0.0609  0.0619  1.0167  52.9 329.8

tree length for dN:       0.3376
tree length for dS:       5.5473


Time used:  0:07
