      9   1173

Scer                            ACT AGG TTA ATT GAA AAC TTC CCG CAC GCT ACT AAT TCA CAA GCT CTG AGA AAA GAG GGG GAG TTC ACT CCA GGT TTC GAT TTC CTA GAA ATG GAG AAC GCT AAG CGT TCA CAA GTG CAT AAC GCA GGT GAG TCC ATT GAT CAT AAA GCT GGG GAC GGA GAG TTC GAC GCT TAT ATG AAA ACG CAA AGA TCT TTT GAA GGT TTA ATT GAG GAC AGC CTG CTA ATC TGG AAA CGT GGT ATG TTA AGA GTG ACT GCT GGA GTC ACC ATT TGG ATT AAG CAG GTG AGA GAC TTC ACC GAG TTG TGG ACC GCT GCT TTT GTA AAC CGT GAA AAA TGG AGC GAA AAA ATT CCC GAG ATA CAA GCT ACC AAG AAG AGG AAA TCA CTT GTT AAT AGA TCA ACA ATG CAA GAG AGG CCA GAA GCC CGT TCT TAT AAC GAC GAA GAA ACA GAC GCT GGT AGA CCG TAC AAA GTT ACT GTC TTC GTC AAA GCC CAA AGG GGT ACC CCC ATT GGT ATT GCA GAC AGG GGA GAT GGC ATC TTA GGT AGA CGT GAC AAG CTG CAA AGA CCT TTA TCA CAT TAT TTG GAA TAC TAT TCC GAT AAC TAC ACT ATC ACC GCC GAT CGA GTA TTA CCT TTG AGA TCC TCA ACA CCG GCC AAC ATT TCT TCA GTT TTA TTA AAC AAG TTA GAT TCT CGT ATC AAG GAC AGT GGC AAC TTT CTT AGG GGT AGA GTC AAG CCT CAT GAC ATC CTT TTA TCA TAC GAA TTT CAA GGT GCC ACA TCA CTG TTC GAG CCT AAG CTA AGA CAC GGT GTG TTC GCC AGA AGA ACT ATT TAT TTG AGT ATT GAT ATA TCA GAA ACA ATC GAT AAG GGT ATC GAA GAA CCG TCC CCA TTG GGT TAC GTA AGA TCA CAT GAA ACC TTT GAG TTT GTC AAG AAA CCT ATG ACA ATT ACT CGT CAG TAT GGT AGG GAT ACA ATC AGT ATG AAG CTG ATT TAC ATT GGT ACG ATT CAT GTC CTA ATG TTG TAC ACA TTG CCA AAG GAC CCA TTT AGC AAA ATT TGC GAA ATT TTT GGA GTA GAT GGT CCA AAC AGA GGC CCT CTG AGT TCA GAA CAA ACT ACC ATT TTG ATT GCT GAG GAA TCT CAA GCT AAT GAC TCC AAC GGT CCG CTG TGG GTC GAA ATC CAC AAA GGT AAC GAC CAA GTC 
Sbay                            ACG AGA TTG ATC GAA AAT TTC CCA CAC GCG ACG AAC TCA CAA GCT TTG AGA AAG GAG GGA GAA TTT ACG CCT GGT TTT GAT TTC CTG GAA ATG GAA AAC GTG AAA CGT TCA CAA GTG CAT AAC GCA GGT GAA TCT ATC GAC CAC AAA GCC GGA GAT GGA GAG TTC GAT GCT TAC ATG AAA ACG CAA AGA TCT TTC GAG GGT TTG ATC GAG GAC AGT TTG CTA ATT TGG AAA CGT GGT ATG TTA AGA GTG ACG GCT GGA GTT ACC ATC TGG ATA AAG AAG GTG AGA GAT TTT ACC GAG TTG TGG ACT GCT GCT TTC GTA AAC CGT GAA AAA TGG AGT AAC AAA ATC CCA GAG ATA CAA GCG ACT AAG AAG AGG AAA TCG CTC GTC AAC AGA TCA ACA ATG CAG GAG AGA CCA GAA GCC CGT GAA TAT AAT GAT GAA GAA ACG GAC GCG GGT AGA CCA TAC AAA ATC ACC GTT TTT GTT AAA GCC CAA AGA GGT ACC CCA ATT GGT ATA GCG GAC AGG GGG GAT GGC ATT CTG GGA AGA CGT GAC AGA TTG CAA AGA CCC CTA TCG CAC TAT TTG GAA TAT TAT TCT GAT AAC TAT ACT ATT ACC GCC GAT CGA GTG CTG CCT TTG AGA TCT TCA ACC CCA GCT AAC ATT TCC TCA GTT CTA TTG AAC AAG TTA GAT TCT CGT ATT AAG GAC AGC GGT AAC TTT CTC AGA GGT AGA GTT AAA CCC CAC GAT ATC CTG CTG TCG TAT GAA TTT CAA GGT GCC ACG TCA TTG TTC GAG CCT AAG TTA AGA CAC GGT GTG TTT GCT AGA AGA ACG ATA TAT TTG AGC ATC GAT ATA TCA GAA ACG ATC GAT AAG GGT ATT GAA AAC CCT TCT CCA TTG GGT TAT GTG AGA TCA CAC GAA ACT TTT GAG TTT GTG AAA AAA CCT ATG ACA ATC ACC CGT AAG TAC GGT AGA GAT ACA ATC AGC ATG AAG CTG ATT TAT ATA GGT ACG ATT CAT GTT CTG ATG TTG TAT ACG TTG CCA AAA GAC CCA TTT AGC AAG ATC TGC GAA ATA TTC GGC GTA GAT GGT CCA AAT AGA GGA CCT TTG AGC TCA GAA CAA ACC ACC ATC TTG ATT GCT GAG GAC TCC CAG GCT AAC GAT TCC AAC GGT CCC TTA TGG GTC GAA ATT CAC AAG GGT AAT GAC CAA GTT 
Smik                            ACT AGA TTA ATT GAA AAT TTC CCT CAC GCT ACT AAT TCA CAG CCA TTG AGA AAA GAG GGG GAA TTT ACT CCA GGT TTT GAT TTC CTG GAA ATG GAA AAT GCA AAA CGT TCA CAA GTG CAT AAT GCA GGT GAA TGT ATT GAC CAC AAA GCC GGG GAT GGG GAG TTC GAT CCA TAC ATG ACA ACA CAA AGA TCT TTT AAT GGC TTA ATT GAG GAC AGC TTG CTA ATT TGG AAA CGT GGT ATG TTA AGA GTG ACT GCT GGG GTT ACC ATT TGG ATC AAG AGA GTT AGA GAT TTT ACC GAG TTA TGG ACT GCT GCG TTT ATA AAC CGT GAA ACA TGG AGT AAT AAA ATT CCA GAG ATA CAG GCT ACT AAG AAG AGG AAA TCC CTT GTT AAT AGG TCA ACA ATG CAG GAG AGA CCA GAA GCC CGT TCT TAT AAT GAT GAA GAA ACA GAC GCT GGT AGG CCG TAC AAA ATT ACT GTT TTT GTT AAA GCC CAA AGA GGC ACC CCA ATT GGT ATC GCA GAT AGA GGA GAT GGT ATC CTA GGA AGA CGT GAC AAG CTG CAA AGA CCT TTA TCC CAC TAT TTG GAA TAC TAT TCT GAT AAT TAC ACC ATC ACC GCC GAT CGA GTA CTA CCC CTG AGA TCT TCA ACA CCG GCT AAC AAT TCC TCA GTT TTG TTA AAC AAG TTA GAT TCT CGT ATT AAG GAC AGC GGC AAT TTT CTT AGA GGT AGA GTT AAG CCT CAC GAT ATC CTT CTA TCC TAC GAA TTC CGT GGT GCC ACA TCA CTG TTC GAG CCT AAG CTT AGA CAC GGT GTT TTT GCA AGA AGA ACT ATA TAT CTG AGC ATT GAT ACC TCA GAA ACA ATC GAT AAG GGT GTC GAA AAT CCA TGT CCA TTG GGC TAC GTA AGA TCT CAC GAA ACT TTC GAG TTC GTA AAA AAG CCT ATG ACA ATT ACT CGT AGA TAC GGT AGA GAT ACC ATC AGT ATG AAG CTG ATT TAT ATA GGT ACA ATA CAT GTC CTG ATG TTG TAT ACA TTA CCC AAA GAC CCA TTC AGC AAA AAA TGC GAA ATA TTT GGA GTA GAT GGT CCC AAT AGA GGG CCT TTG AGT TCA GAA CAA ACT ACC ATT TTG ATC GCA GAG GAT TCT CAG GCT AAC GAT TCT AAG GGT CCG CTG TGG GTC GAA ATT CAC AAG GGT AAT GAT CAA GTT 
Spar                            ACC CGG TTA ATT GAA AAT TTC CCG CAC GCG ACC AAC TCA CAA GCT CTG AGA AAA GAG GGG GAG TTC ACC CCA GGT TTT GAC TTC CTA GAA ATG GAG AAC ACA AAA CGT TCA CAA GTG CAT AAC GCA GGT GAA TCC ATT GAC CAC AAA GCT GGG GAT GGA GAG TTC GAT GCT TAT ATG AAA ACA CAA AGA TCT TTT GAA GGT TTA ATT GAG GAT AGT TTG CTA ATT TGG AAA CGT GGT ATG TTA AGA GTG ACC GCC GGA GTT ACC ATC TGG ATC AAG AAA GTG AGA GAT TTT ACC GAG TTG TGG ACC GCT GCC TTT GTA AAC CGT GAA AAA TGG AGC GGC AAA ATC CCG GAG ATA CAA GCG ACC AAG AAG AGG AAA TCC CTT GTC AAC AGA TCA ACA ATG CAG GAG AGA CCG GAA GCA CGT TCT TAT AAT GAT GAA GAA ACA GAC GCG GGT AGA CCG TAC AAA GTT ACT GTC TTT GTC AAA GCC CAA CGG GGT ACT CCG ATT GGT ATC GCG GAT AGA GGG GAT GGC ATT TTA GGT AGA CGT GAC AAG TTG CAA AGA CCT TTA TCC CAC TAT CTA GAA TAC TAC TCT GAC AAT TAC ACT ATT ACC GCA GAT CGA GTA TTA CCT TTG AGA TCT TCA ACC CCG GCC AAC ATT TCC TCA GTT TTA TTA AAC AAG CTA GAT TCT CGT ATT AAG GAT AGC GGC AAC TTT CTT CGG GGT AGA GTC AAG CCT CAC GAT ATC CTT TTA TCC TAC GAA TTT CAA GGT GCA ACA TCA TTG TTC GAG CCT AAG CTA AGA CAT GGT GTG TTT GCT AGA AGA ACC ATA TAT TTG AGC ATC GAT ATA TCA GAA ACA ATC GAT AAG GGT ATC GAA GGC CCG TCC CCG TTG GGT TAC GTA AGA TCA CAC GAA ACC TTT GAG TTT GTC AAA AAA CCT ATG ACA ATT ACT CGT AAA TAT GGT AGG GAT ACA ATT AGT ATG AAG CTG ATT TAT ATA GGT ACA ATT CAT GTC CTA ATG CTA TAT ACA TTG CCA AAA GAC CCG TTT AGC AAG ATT TGC GAA ATA TTT GGA GTA GAT GGT CCA AAT AGA GGG CCT CTG AGT TCA GAA CAA ACT ACT ATC CTA ATC GCT GAG GAA TCT CAA GCC AAT GAT TCT AAT GGT CCG CTG TGG GTC GAA ATT CAT AAG GGT AAT GAT CAA GTT 
Ncas                            ACT AGA TTG ATA GAG AAT TTC CCA CAA GCG ACT AAT TCC CAA CCA TTA AGA AAG GAA GGT GAT TTC ACT CCA GGC TTT GAT TTC CTA GAA ATG GAT AAT CTT AAG CGT TCT CAA GTG CAT AAT GTT GGT GAA TCC ATA GAC CAT AAG GCA GGT GAT GGA GAA TTC GAT CCA TAT ATG AAA ACC CAA AGA TCA TTC GAA GGT TTG ATA GAA GAC AGT TTG CTT ATT TGG AAA CGT GGT ATG TTA AGA GTG ACT GCC GGA GTT ACA ATC TGG ATT AAG GAG GTA AGA GAT TTT ACA GAA TTA TGG ACA GCC TCT TTC GTT GAA CGT GAA AAA TGG AGT AAC AAG ATC CAT GAA ATC CAA GCG ACA AAG AAG AGA AAA ACT TTG GTG AAT AGA GTA ACG ATG AGG GAG AAG CCA GAA GCC CGT TCT TAT AAT GAT GAG GAA ACT GAC GCG GGT AGA CCG TAT AAA CTA CCA GTT TTT GTC AAA GCT CAA AGA GGT ACT CAT ATT GGT ATT GCA GAT AGG GGT GAT GGG ATT CTT GGA CGT CGT GAT AAG CTC CAA AGA CCT CTA ACT CAT TAT TTG GAA TAC TAC TCC GAT AAC TAC ACA ATT ACA GCC GAT CGA GTT CTT CCA TTT AGA TCC GTA ACG CCG GCT AAT ATT GCT TCT GTT CTC TTG AAC AAG TTG GAT TCA CGT ATT AAG GAC TCC GGT AAT TTT TTG AGA GGT AGA GTT AAG CCT CAT GAT ATT TTG CTT ACT TAC GAA TTT GAT GGC GCC ACT TCT CTC TTC GAG CCA AAG CTA AGA CAT GGG GTA TTT GCT AGA AGA ACT ATT TAC TTT TCC ATC TCC ATT TCT GAA ACT ATT TCC AAG GGT ATT GAA AAC CCG TCC CCA TTA GGC TAC GTT AGA TCT CAT GAA ACA TTC GAA TTC GTG AAG AAA CCT ATG ACG ATC CCA CGT GAG TAT GGT AGA GAT ACT ATT TCC TTG AAG CTG ATT TAC ATT GGT ACA ATT CAT GTT CTA ATG TTG TAC ACT TTA CCT AAG GAT CCA TTT AGC AAA ATT TGT GAA ATT TTC GGC GTT GAT GGT CCT AAT AGA GGA CCA TTA TCC TCC GAG CAA CCA ACT ATC TTG ATT GCA GAA GAC TCT CAA GCC AAC GAT TCA ACA GGA CCA GTC TGG GTG GAA ATT CAT AAA GGG AAT GAT CAA GTT 
Cgla                            ACC AGA TTA ATC GAG AAT TTC CCA CAC GCG ACC AAC TCC CAG CAG CTG AGG AAG GAA GGT GAT TTC ACC CCC GGT TTT GAC TTC CTT GAG ATG GAT AAT GTA AAA AGG GCT CAA GTG CAC AAT GCC GGT GAG TCG ATC GAC CAC AAG GCT GGT GAT GGG GAA TTC GAT CAG TAC ATG AAG ACA CAG AGG TCT ACT GAG GGC TTG ATC GAA GAC AGC TTG TTA ATC TGG AAG AGG GGT ATG TTG AGG GTG ACC GCC GGG GTC ACC ATA TGG ATC AAG GTG GTT AGG GAT TTC ACC GAA TTG TGG ACT GCA GCG ACT GTG GAC CGT GAG AAG TGG AGC GAT AGT ATC AGA GAA ATT CAG GCG ACT AAG AAG AGA AAG ACG TTG GTA AAT AGA TCG ACA ATG AGG GAG AGG CCC GAA GCC AGG AGT TAT AAT GAC GAG GAG ACT GAC GCG GGT AGA CCT TAC AAG GTT ACT GTC TTC GTG AAG GCC CAA AGA GGC ACC AGA ATA GGT ATC GCC GAT AGA GGC GAC GGA ATT TTG GGG CGT CGT GAG AAG CTT CAA AGA CCT TTA ACG CAC TAT CTA GAG TAC TAT TCC GAC AAC TAC GTA ATT ACC GCC GAT AGA GTG TTG CCA CTA AGA TCC TCG ACA CCT GCC AAC ATA ACC GCT GTG CTA TTA AAC AAG CTA GAC TCT CGT ATC AAG GAC TCT GGT AAT TTC TTG AGA GGT AGA GTC AAG CCT CAC GAT ATA CTG TTG ACG TAC GAA TTC AAA GGT GCC ACT TCT CTT TTC GAG CCC AAG CTG AGA CAC GGT GTT TTT GCC CGT AGG ACC ATC TAC CTA TCT ATA GCT ATA TCT GAA ACT ATA GCT AAG GGA ATC GAG GAT CCA TCG CCC TTG GGA TAC GTG AGG TCA CAC GAA AAT TTC GAA TTT GTG AAA AGA CCA ATG ACA ATC ACT AGG GTG TAC GGT AGG GAC ACA ATC ACC TTG AAG TTA ATA TAT ATC GGT ACT ATC CAC GTC CTT ATG CTA TAT ACT TTG CCC AAA GAT CCC TTC AGC AAG ATC TGC GAG ATC ACT GGG ATA GAT GGA CCC AAT AGG GGT CCC CTG ACC TCC GAG CAG ACT ACC ATA CTA ATC GCA GAA GAA TCC CAA GCC AAT GAT TCC ACC GGG CCC TTG TGG GTC GAA ATC CAC AAG GGT AAT GAT CAG GTC 
Agos                            ACC AGG CTT ATC GAG AAC TTC CCG CAC GCG ACC AAC GCC CAG CCA TTG CGT AAA GAA GGA GAA TTT ACC CCT GGC TTC GAC TTT CTC GAG ATG GAA AAT GTC AAG CGC TCC GAG GTG CAC AAT GTA GGT GAG AAT ATC GAC CAC AAG GCC GGA GAC GGC GAA TTC GAC CCA TAC ATG AAG GGA CAG CGG GCC GCC GAG GGT CTG ATC GAG GAC AGC CTG CTG ATT TGG AAG CGC GGC ATG CTC CGG GTG ACC GCA GGC GTG ACT ATT TGG ATC AAG CAG GTT CGG GAC TTC ACT GAG CTC TGG ATA GCA TCG GCC GTC GAC CGC GAG AAG TGG AGC AAC GTG ATC CCT GAG ATC CAG GCG ATA AAG CGC CGC AAG ACC CTC ATG AAC AGA GCA ACT ATG CGC GAG CGC CCT GAC GCA CGC TCG TAT AAC GAC GAG GAG ACA GAC GCG GGC CGT CCC TAC AAG CTT ACG GTG TTC GTA AAG GCG CAG AGG GGT ACC CCT ATT GGC ATC GCC GAC CGC GGG GAC GGC ATT CTT GGC CGT CGC GAG AAG CTG CAG AGA CCT TTG ACC CAC TAT ATC GAG TAC TAT TCG GAC AAC TAC GCT ATT ACT GCA GAC CGT TGC CTT CCA CTG AGA TCG GCA ACC CCC GCC AAC ATT TCG TCC GTG CTG CTT AAC AAG CTG GAC GCC CGC ATT AAG GAC TCC GGC AAT TTC CTC AGG GGT CGC GTG AAG CCT CAC GAC ATT CTG CTT ACC TAC GAG TTC CAA GGC GCA ACA CCA CTG TTT GAG CCA CGG CTG CGC CAC GGC GTT TTT GCC CGG CGT ACC ATC TAC CTG TCC ATT TCG ATT CCA GAG ACA ATT TCG AAG GGA ATC GAG AAC CCA AAT CCT CTG GGG TAC TGC CGG TCT CAC GAC TCA TTC GAA TTT GTG AAG CGG CCC ATG ACT ATC ACG CGC CAG TAC GGT CGC GAG ACC ATT ACC CTG AAG CTG ATT TAC ATC GGT ACT ATC CAT GTC CTC ATG ATC TAC ACA CTC CCC AAG GAC CCT TTC AGC AAG ATC TGC GAG ATC GCC AAC GTT GAC GGA CCC AAC CGG GGC CCA TTG ACC GCC GAG CAG ACG ACC ATT ATC GTG GCG GAG GAA TCG CAG GCA AAC GAT TCG AAC GGC CCG CTC TGG GTC GAG ATT CAC AAG GGG AAC GAC CAG GTG 
Klac                            ACC AGA CTC ATT GAA AAC TTC CCG CAT GCA ACC AAT TCT CAA CCA CTA AGA AAG GAA GGC GAA TTC ACC CCA GGG TTC GAT TTC TTA GAG ATG GAA AAT GTC CAA CGT TCT CAA GTT CAC AAT GTG GGT GAA TCG ATT GAC CAT AAG GCT GGC GAT GAA GAA TTC GAT CCA TAC ATG AAG ACG CAA AAA TCT GCA GAA GGA TTA ATT GAG GAC AGC CTA CTT ATC TGG AAA CGT GGT ATG TTA AAA GTT ACC GCC GAA GTT ACC ATT TGG ATC AAG AAC GTG AAA GAT TTT ACC GAA CAG TGG GTC GCA AGT GCA GTT GAT CGT GAG AAG TGG AGT AAT AAA ATC ACT GAG ATT CAA GCA GTC AAG AAA AAG AAA AGC TTA GTT AAC AGA TCA ACA ATG AAC GAA CGT CCA GAT GCA CGT TTC TAT AAC GAT GAA GAG ACC GAC GCA GGA CGT CCT TAT AAA AAA ACA GTC TTT GTA AAA GCT CAA AGA GGA ACT ACT ATA GGA ATC GCA GAT CGT GGC GAC GGG ATT TTG GGT CGT CGT GAC AAG CTG CAA AGA CCA CTT AGC CAT TAT TTG GAG TAC TTT TCC GAT AAC TAC GTA ATT ACC GCA GAT CGT TGT TTG CCC TTG AGA TCC TCA ACC CCT GCC AAC ATT CAA TCT GTC TTG CTC AAC AAG TTG GAC TCT CGT ATC AAG GAC GCT GGT AAT TTT TTA AGA GGT AGA GTC AAG CCA CAT GAT ATC TTG TTG AGC TAC GAG TTC AAT GGG GCA ACC TCC CTG TTC GAA CCA AGG TTA AGA CAT GGT GTG TTT GCT AGG AGA ACC ATC TAT TTG GCT ATT TCC ATC TCC TCG ACC ATC TCC AAG GGA ATC GAG AAT CCG TCG CCA TTG GGC TAC TGT AAA TCA CAT GAT ACC TTC GAA TTT GTT CAA AGA CCG ATG ACA ATA ACA CGT AAC TAC GGT AGG GAA ACC ATC ACA GCA AAG CTA ATA TAC ATC GGT ACC ATT CAC GTC TTA ATA TTG TAC ACC CAG CCA CAA GAT CCA TTC AGT AAG ATC TGT GAG ATC GCA GGC ATT GAT GGA CCA AAC AAA GGA CCA CTA ACA TCT GAA CAA ACA ACT ATT TTG ATT GCA GAA GAA ACA CAA GCC AAT GAT TCA AAA GGT CCA CTT TGG GTG GAG ATC CAT AAA GGT AAC GAT CAA GTT 
Calb                            ACT CCA ATA ATA GAA AAC TTC CCA ACA GCT ACT ACA GGT CAA GAA TTG AGA AAA GAA GGC GAT TTT ACT CCA GGA TTC GAT TTT CTT GAC ATG GAT AAT GTT GCA CGT TCT CAG GTT GGT AAT CAA GGT GAA AAG ATA GAT CAC AAA GCC GGC GAT GAT GAA TTC GAT GAA TAC TTG AAA TCA GTA AGA TCC GCA GAG GGT ATG ATA GAA GAT GGG TTG ATC ATT TGG AAA CGT GGT TTG TTA AGA GTT ACT GCT GAT GTT ACA ATC TGG GTT AAG CAA GTT AGA GAT TTT ACA GAA TTA TGG GTT GGA CAA GCA GTT GAT AGA GAC AAA TGG AAT GGT GGA ATT AAT GAA ATG CAA GCT GTT AAA AAA CGT AAA TCC TAC CAA AAT AGA GAT AAC ATG CGT GAA AAG CCA GAA GCC CGT TCT TAT AAC GAT GAA GAA AGT GAT GCT GGC AGA CCC TAC GAC GAT ACA GTT TTT GTG GAC GCC CAA CCA GGT ACT AAT ATT GGC GTT GCT ACC AGA ATT GAT GGA ATT TTG GGA AGA AGA GAC AAA TCA TTG AGA CCA TTA TCC CAC TAT ATT GAA TAC TCT TCT GAT AAC TAC CCA ATT ACA GCC GAA CGA GTT TTG CCA TTG AGA TCT GAT GTA CCC GCA AAT ATA GCC TCT GTA TTA ATA AAC AAA TTG GAT TCC CGT ATT AAG GAT TCT GGA AAT AAT TAC CCA GGT AGA GTT AAG CCA CAC GAT ATT TTG TTG TCC TAC TAT TTT CCA GGA GCC AGT ATT TCA TTT GAA CCA CGA ATG CGA TAT GGT GTT TTT GCT AAA AGA ACT TTA TAT TTG TCT ATC GAT ATT ATT GAA AGT ATT GAT AAA GGA ATA GAA GGT CCG AAG CCA TTG GAC TAC GTT AGA TCA CAC GAA TCT TTT GAA TTC TTT GCA AGA CCT ATG AAC ATT ACA CGT CAA TAC GGG AGA AAA ACC ATT ACT CTT AAA TTA ATT TAT TTA GGT ACT ATT CAA CAT CTT ATT ATT TAT AGT TTA CCA GCA GAT CCA TTT AAT AAG ATC TGT GAC TTA GCA AGT ATA GAA GGA CCA AAC AGA GGG CCA TTG ACT GGT GAA CAA ACA ACT ATC ATT ATT GCA GAA GAT TCA CAA GCT AAC GAT TCA AGT GGT CCG GTG TGG GTT TAT ATT TAT AAG GGT AAC ACC GTA GTT 



Printing out site pattern counts


         9        723  P

Scer                            AAA AAA AAA AAA AAA AAA AAA AAA AAA AAC AAC AAC AAC AAC AAC AAC AAG AAG AAG AAG AAG AAG AAG AAT AAT AAT ACA ACA ACA ACA ACC ACC ACC ACC ACG ACG ACT ACT ACT AGA AGA AGA AGA AGA AGA AGA AGA AGA AGC AGC AGC AGG AGG AGG AGG AGG AGT AGT ATA ATA ATC ATC ATC ATC ATC ATG ATG ATG ATG ATT ATT ATT ATT ATT ATT ATT ATT ATT ATT ATT CAA CAA CAA CAA CAA CAA CAA CAA CAA CAC CAC CAG CAT CAT CAT CCA CCA CCA CCC CCG CCG CCG CCG CCT CCT CCT CCT CGA CGT CGT CGT CTA CTA CTA CTG CTG CTG CTG CTG CTT CTT GAA GAA GAA GAA GAA GAA GAA GAA GAA GAC GAC GAC GAC GAC GAC GAC GAC GAG GAG GAG GAG GAG GAG GAT GAT GAT GAT GAT GAT GCA GCA GCC GCC GCC GCC GCT GCT GCT GCT GCT GCT GCT GCT GGA GGA GGA GGC GGC GGC GGG GGT GGT GGT GGT GGT GGT GGT GGT GGT GGT GGT GGT GTA GTA GTA GTC GTC GTC GTC GTC GTC GTG GTG GTT GTT GTT TAC TAC TAC TAT TAT TAT TAT TCA TCA TCA TCA TCA TCA TCC TCC TCC TCT TCT TCT TCT TGC TGG TTA TTA TTA TTA TTA TTA TTA TTC TTC TTC TTC TTC TTC TTG TTG TTG TTG TTT TTT TTT TTT TTT 
Sbay                            ... ... ... ... ... ... ..G ..G ..G ... ... ... ... ... ... ..T ..A ..A ... ... ... ... .GA ..C ..C ..C ... ... ..C ..G ... ... ..T ..T ... ... ..C ..G ... ... ... ... ... ... ... ... ... ... ... ..T ..T ..A ..A ..A ... ... ..C ..C ... ... ... ... ..T ..T ..T ... ... ... ... ..A ..A ..C ..C ..C ..C ..C ... ... ... ... ... ... ... ... ... ... ... ..G ..G ... ... A.. ..C ... ... ... ... ..T ..A ..A ..A ..C ..T ..C ... ... ... ... ... ... ... ... ..G T.. ... T.A T.. T.. T.. ..C ..G A.C ... ... ... ... ... ... ..C ..G ... ... ... ... ... ..T ..T ..T ..A ..A ... ... ... ... ..C ... ... ... ... ... ... ..G ... ... ..T ..T ..C ..G ... ... ... ... ... .TG ... ..C ..G ..A ... ..T ..A ..A ... ... ... ... ... ... ... ... ... ... ... ... ... ..G ... ..G ..T ..T ..T ..T ... ... A.C ..C ... ... ..T ..T ..C ... ... ... ... ... ... ... ... ..G ... ..T ..T GAA ..C ..C ... ... ... C.. C.. C.G ... ... ..G ..G ... ... ..T ..T ..T ..T ... ... ... ... ..C ... ... ... ... 
Smik                            ... ... ... ... ..G .C. ... ... ..G ... ... ... ..G ..T ..T ..T ..A ... ... ... ... ... ... ..C ... ... ... ..C ... ... ... ... ..T ..T ..A ..A ... ... ..C ... ... ... ... ... ... ... ..G ..G ... ... ..T ..A ..A ..A ..A ... ..C ... .CC ... ... ... ... ..T G.. ... ... ... ... ..A ..C .AA ... ... ... ... .A. ..A ..C ... ... ... ... ... ... ..G .GT ..G ..G ... ... AGA ..C ... ... ... ..C ... ..A ... ..T ... ..A ... ..C ... ... ... ... ... ... ... ..G ..T ... ... ... T.. T.. ... ... A.T ... ... ... ... ... ... ..T A.T ... ... ... ... ..T ..T ..T ..T ..A ..A ... ... ... ... ..C ... ... ... ... ... ... ... ... ... ..A ..T ..C ... C.A ..A ..G ... ... ..A ..G ... ... ..G ..T ... ... ..A ..C ..C ... ... ... ... ... ... ... ... ... A.. ... ... ... ..A ... ..T ..T ..T ... ..T A.. ... ... ... ... ..T ..C ... ... ... ... ... ... ... ..T ..C ..T ..T .GT ... ..C ... ... ... ... ... ..G C.. ... ... ... ... ... ... ..T ..T ..T ..T C.. ..A ... ... ... ..C ..C ..C ... 
Spar                            ... ... ... ... ... ... ... ..G ..G ... ... ... ..T ... ..T ..T ..A ... ... ... ... ... ... ... ..C ..C ... ... ..C ... ... ..T ... ... ..A ..A ... ..C ... ... ... ... ... ... ... ... ... ... ... ..T ... ..A ... C.. ..A ... ..C ... ... ... ... ..T ..T ..T ... ... ... ... ... ..A ..C ... ..C ..C ... ... ... ... ..C ... ... ... ... ... ... ... ... ... ..G ... ..T A.A ..C ... ... ..G ... ... ..G ... ... ... ... ... ... ... ... ... ... ... ... ... ... ... ... ... T.. ... T.. ... ... .GC ... ... ... ... ... ... ... ... ... ... ... ..T ..T ..T ..T ..T ..A ... ... ... ... ... ..C ..C ... ... ... ... ... ..G ..A ... ..T ... ... ..G ... ... ..C ..C ... A.A ... ... ..G ..G ... ... ... ... ... ... ... ... ... ... ... ... ... ... ... ... ... ... ... ... ... ... ... ..T ... ... ... ..C ... ... ... ..T ... ..C ... ... ... ... ... ... ... ..C ..T ..T ... ... ..C ... ... ... ... ... ... ... C.. ... ... ... ... ... ... ..T ..T ..T ... ... C.A ... ... ... ... ... ... 
Ncas                            ... ... ..G ..G ... ... ..G ... ... ... ..T G.A .CA ..T ... ..T ... ... ... ... ... ... ... ..C ... ... ..G ..T ..G ..T ..A ..T ..A ..A ..A ..C C.A ... ..A ... ... ... ... ... ... C.T ... ... ... ..T ..T .A. ..A ..A ... ..A TCC TCC ..T ..C ..T ..T ..T ..T ..T ... ... ... T.. ... ... ... ..C ..C ..A ..C ... ... ... ... ... ... ... ... ... ... G.T ... AGG ..A ..T G.. ... ... ... ... ..T ... .AT ... ..A ..A ... ... ..A ..A ... ... ... ... ... ..T ... ... ... G.C ..C T.A T.. T.G T.G A.C ... ... ... ... ... ..G ..C ... ... ..T ..T ... ..T ..T ..T ..T ..A ..T ..A ..A ..A ... ..C ... ... ... ... TCC .TT ... ... ..T ..T ..T ..A ..G C.A ..A T.. ..C ..C CT. ... ..C ..T ..A ..G ..T ..T ..A ..C ... ..A ..C ..G ..G ... ... ... ... ... ..T ..T ..T ..G ..G ..T ... ..T ..T ... ..A C.A ..G ... ..T ... ... ... ..C ..C ... GT. ..C ..T ..T ..T A.T ..A ... ... ... G.. ... ..A ..T ... C.. C.C C.T ..G ... ..G ..G ... ... ... ..T ..T ..T ..T ..A ... ..A ..C ..C ..C ... ... 
Cgla                            ..G ..G ..G .GT .G. ..G ..G ..G ..G ... ... G.. .C. ..T ... ..T ..A ... ... ... ... ... ... ... ..C ... ... ... ... ..T ... ... .AT ..T ..T ..A ... ..C GTA ... ... ... ..G ..G C.T C.T ... ... ... ... ... ... ... ..A ..A ..A TC. .CC ... ..T ..A ... ..T ... ... ... ... ... T.. ..C ..C ..C ..A ..C ..C ..C ..A ..C ..C ..A ... ... ... ..G ..G ..G A.. ... AGG ... ... GT. ..C ..C ..C ..C ..C ..C AGA ..T ..A ..C ..A ... ..A ..C ..A A.. A.G ... ... T.. ..T ..G T.A T.. ..T ... T.. T.G ..G ..T ... ... ... ..G ..G ..G ... ..G ... ..G ..T ... ..T ... ..T ..T ... ..T ..A ..A ..A ... ..C ..C ..C ..C ... .C. ..C ..C ... ... ... ... ... ..G CAG ..A ..G ..C ..A .TA ..G ..G ..C ..T ..A ..T ..T ..G ..A ..C ..G ... ... ... ..A ... ... ... ... ..G A.. ..G ... ..G ... ..G ... ... ... ..T ... ..A ..G ... ... ..T ..C ... ..C ... ..G ..C G.T ..T ... A.G ... ... ..G AG. A.C ..C ... ... ... ... C.. ..G C.. ..G ... ..G ... ... ... ... ..T ..T C.A ... C.A ... AC. ..C ... ..C ..C 
Agos                            ..G ..G ..G GTG CGG ..G ... ..G ..G ... ... G.. ... ..T ... ... ... ... ... ... CGC CG. ... ..C ..C ..C ..T ..C ..C ... ..T ... T.A .TA ..T GGA ..G ..C G.. ... C.C C.C C.G C.T C.G C.T ... C.T ... ... ... C.C C.C ... C.C C.C TCC .CC ..T ..C ..T ..T ..T ..T ... ... ... ... C.. ..C ..C ..C ... ..C ..C ..C ... ..C G.G ... ..G ..G G.G ..G ..G ..G ... ..G .GC ... ... ... ..C ..C ... ..T ..C ..T ..T ..C ... ... ..A ... ..A ..A ..C ..T ..C ..C ..C ..G ..C ..G ... ..C ... T.. ... ..C ..G A.C ..C ..G ..G ..G ..G ..G ... ..G ... ..G ... ... ... ... ... ..T ... ..A ..A ... ... ... ..C ..C ..C ..G ..C TCG .T. ..C ..A ..G ... ... ..C ..G C.A ..G T.G ..A ..A .TC ..C AAC ..G ... ... ... ..A ..C ..G ... ..C ..C ..C ..G ..A ..C ..C ... ... ..C ..T TGC ... ..G ... ..A ..G ..G ... ..T C.. A.G ..G ... ... ... ..C ... ..C ... G.. G.C ..C C.. ..T A.C ..G ..G AAT ..G ..G ..G G.C ... ... ..G C.G C.T C.G C.C C.T C.G ... ..T ..T ... ... ..T C.. C.C A.C C.. GCC ..C ... ..C ..C 
Klac                            ... ... ..G ... .G. ..G ..G ..G ... ... ... G.T ..A ..T ... ... C.A ... ... ... ..A .G. ... ... ... ..C ... ..C ..C ..C ... ..T ... GT. ..C ... ..A ..C GTA ... ... ... .A. ... ..G C.T ... C.T ..T ... ..T C.T ... ..A C.T .A. GC. .CA ..C ..T ... ... ..T ... ... ..A ... ... GCA ..C ..C ..C ... ..C ... ..A ... ... ... ..A ... ... ... ... ... ... A.T ... A.C ..T ..T A.C ... ..C ..C ... ... ... A.T ..T ... ..A ... ..A ..C ..A ..G ..T ... ... ... ..T T.. T.. ..A ..T ... ..A ..A T.A T.G A.T ..T ..G TCG ..G ..G ... ... ... ... ... ..T ... ..T ..T ..T ..T ..A ..A ..A ..A ... ..A ..C ... ..C ..A ... TCC .TG ... ..A ..T ..T ... ... ..A C.A ..A AG. ..C ..A .TC .A. ..C ..C ..A ..G ..T ..C ... ..C ..A ... ..G ... ... ..A ..A ... ... ... ..T A.T TGT ..G ..T ... ..A ... ..T ..T ... AAA ... ..C ..T ... ... ..C .T. ... ... ... ..T ..T ..C ... AGC ..A ... ..G .TC CAA A.A ... ..T ... C.T ..G ..G ..G ... C.C ... ... ... ... ..T ... ..T ... CA. ... ... GCA ..C ... ..C ... 
Calb                            ... G.C ... GG. .G. ... ... ..G ..G ... ..T G.T .GT ..T ... ... GCA ... ..A ... ..A CGA ..A ..C .CA ... .AC ..C GT. .GT ..A ..T T.T GTT ..T T.A ..A ... C.A ... ... C.. ... ... .A. ... ... ... .AT G.G .AT .A. ..A CCA ..A C.T TC. .C. ..T ..G ..T ..T ..T ..T ..A ..T ... T.. C.T T.A G.. ..C ..C ... ..A ... ..A ... ... ... ... TTG ..G ... GT. ... .C. ... .GT ACA T.T ..A ..C GG. ..A ... ... ... AAT ..C ..A ... ... ..A ..A ..A ... ... ... A.A ... A.C ..T A.G T.A G.. TCA T.. T.. TAC T.G .GT ... T.T ... ... ..C ... ..T ..G ..T ... ..T ..T AC. ..T ..T ..T ..A ..T ..A ..A ..A ..A ... ... ... A.A ..A ... CA. ..T ... ... ..T ..A ..C ... .AA ..A CAA ... .GA .T. .AT A.T ATT ..G ..A ..A ..C ..A .AC ... ... ..A ... ... ..A ..C ... ..G ... ..T A.. ..T ..T T.T CAT ..G ..T ..T ..T ..T .A. CAA ..A ... ... ..T ..C .C. ... ... GAT GGT ..T ATT ... ..C ..A ..T AAG ... G.C ..A ..C ..T ... ... ... ..G ..G ... A.. A.G ... ..T ..T ..T ... ..T ... ..A A.T ... GCA ... ..C ... AA. 

    2    2    1    1    1    2    1    1    1    1    1    1    1    3    1
    4    3    1    4    2    1    1    1    1    1    1    2    1    1    4
    3    2    1    2    1    1    3    5    1    2    1    1    5    2    1
    1    1    1    1    1    1    1    1    3    1    1    2    2    1    1
    2    1    2    3    1    1    3    2    1    3    2    1    3    1    3
    1    1    1    1    2    1    1    1    1    2    2    1    1    1    1
    2    2    4    1    1    3    2    1    2    2    1    1    1    2    1
    2    1    1    4    2    1    1    2    1    1    1    2    2    1    2
    1    2    2    2    1    3    3    3    1    1    1    1    1    2    2
    1    4    1    1    2    3    2    2    2    1    2    2    1    2    2
    1    1    3    1    1    1    1    3    2    1    1    2    1    1    2
    1    1    1    1    1    2    1    1    2    1    2    1    1    2    2
    1    1    3    1    1    2    1    1    1    1    2    2    2    2    1
    1    1    1    4    2    2    1    1    2    2    2    2    2    1    3
    1    2    2    1    1    1    2    1    5    1    1    3    1    1    2
    1    2    2    1    2    1    1    2    2    3    1    3    1    1    2
    1

CODONML (in paml version 4.9j, February 2020)  temp.nuc
Model: One dN/dS ratio, 
Codon frequency model: Fequal
ns =   9  ls = 391

Codon usage in sequences
--------------------------------------------------------------------------------------------------------------------------------------
Phe TTT   8  10   9  12   9   3 | Ser TCT   5   6   8   7   8   6 | Tyr TAT   6  10   6   7   5   5 | Cys TGT   0   0   2   0   1   0
    TTC   9   7   8   5  10  11 |     TCC   5   3   4   6  12   6 |     TAC   7   3   7   6   8   8 |     TGC   1   1   1   1   0   1
Leu TTA  10   4   8   9   6   5 |     TCA  12   9   8   9   3   1 | *** TAA   0   0   0   0   0   0 | *** TGA   0   0   0   0   0   0
    TTG   8  16   8   8  12  13 |     TCG   0   3   0   0   0   4 |     TAG   0   0   0   0   0   0 | Trp TGG   5   5   5   5   5   5
--------------------------------------------------------------------------------------------------------------------------------------
Leu CTT   3   0   4   3   5   4 | Pro CCT   6   6   6   6   5   4 | His CAT   6   2   2   4  10   0 | Arg CGT   7   7   8   7   8   5
    CTC   0   2   0   0   3   0 |     CCC   2   3   3   0   0   9 |     CAC   3   7   7   5   0   9 |     CGC   0   0   0   0   0   0
    CTA   4   3   4   8   5   7 |     CCA   6  10   9   3  14   4 | Gln CAA  11   9   6  10  10   4 |     CGA   1   1   1   1   1   0
    CTG   7   7   8   4   1   4 |     CCG   5   0   3  10   3   0 |     CAG   2   2   4   1   0   7 |     CGG   0   0   0   3   0   0
--------------------------------------------------------------------------------------------------------------------------------------
Ile ATT  19  11  14  15  21   3 | Thr ACT   9   4  11   6  15  13 | Asn AAT   3   4  14   7  10  10 | Ser AGT   4   2   3   3   2   2
    ATC   9  13   8  10   6  18 |     ACC   8   9   8  12   1  14 |     AAC  12  13   4   8   5   4 |     AGC   3   5   4   4   1   3
    ATA   2   7   6   5   3  10 |     ACA   8   3  11  10   9   5 | Lys AAA  12  13  12  15   9   4 | Arg AGA  15  21  21  17  19  15
Met ATG   7   7   7   7   6   6 |     ACG   2  11   0   0   3   3 |     AAG  13  13  13  12  17  20 |     AGG   7   2   3   2   2  14
--------------------------------------------------------------------------------------------------------------------------------------
Val GTT   3   7   9   4  11   3 | Ala GCT  12   9   7   6   4   5 | Asp GAT  10  15  18  17  20  14 | Gly GGT  18  18  15  18  15  15
    GTC   8   2   3   7   2   6 |     GCC   6   5   5   5   6  10 |     GAC  13   9   6   6   5  11 |     GGC   3   2   4   4   4   3
    GTA   4   2   4   4   4   3 |     GCA   2   1   5   4   3   2 | Glu GAA  18  18  17  17  21  13 |     GGA   4   6   3   3   5   4
    GTG   4   8   2   4   5  10 |     GCG   0   4   1   4   3   4 |     GAG  12  10   9  11   7  14 |     GGG   2   1   5   4   3   5
--------------------------------------------------------------------------------------------------------------------------------------

--------------------------------------------------------------------------------------
Phe TTT   5   6  10 | Ser TCT   1   6   9 | Tyr TAT   3   4   9 | Cys TGT   0   3   1
    TTC   9  10   4 |     TCC   4   6   5 |     TAC  10   8   9 |     TGC   3   0   0
Leu TTA   0   7   9 |     TCA   1   4   6 | *** TAA   0   0   0 | *** TGA   0   0   0
    TTG   3  12  14 |     TCG   9   3   0 |     TAG   0   0   0 | Trp TGG   5   5   5
--------------------------------------------------------------------------------------
Leu CTT   6   3   3 | Pro CCT   8   2   1 | His CAT   1   7   1 | Arg CGT   5  12   7
    CTC   8   2   0 |     CCC   5   1   2 |     CAC   8   2   4 |     CGC  15   0   0
    CTA   0   4   0 |     CCA   8  13  17 | Gln CAA   1  13  11 |     CGA   0   0   3
    CTG  14   2   0 |     CCG   2   3   2 |     CAG  10   2   1 |     CGG   8   0   0
--------------------------------------------------------------------------------------
Ile ATT  15  13  22 | Thr ACT   6   4  10 | Asn AAT   5   8  10 | Ser AGT   0   3   6
    ATC  17  15   5 |     ACC  14  16   3 |     AAC  14  11   9 |     AGC   3   4   0
    ATA   2   4   8 |     ACA   4   8   8 | Lys AAA   1  14  14 | Arg AGA   3  11  18
Met ATG   7   5   6 |     ACG   3   1   0 |     AAG  20  14   8 |     AGG   3   3   0
--------------------------------------------------------------------------------------
Val GTT   3   7  17 | Ala GCT   1   5   7 | Asp GAT   1  16  26 | Gly GGT   6  10  14
    GTC   4   7   0 |     GCC  11   3   6 |     GAC  21   7   7 |     GGC  13   5   4
    GTA   2   2   4 |     GCA   8  13   8 | Glu GAA   6  18  23 |     GGA   5   7   9
    GTG  10   4   2 |     GCG   5   0   0 |     GAG  23  10   1 |     GGG   3   3   3
--------------------------------------------------------------------------------------

Codon position x base (3x4) table for each sequence.

#1: Scer           
position  1:    T:0.19437    C:0.16113    A:0.34015    G:0.30435
position  2:    T:0.26854    C:0.22506    A:0.32737    G:0.17903
position  3:    T:0.30435    C:0.22762    A:0.27877    G:0.18926
Average         T:0.25575    C:0.20460    A:0.31543    G:0.22421

#2: Sbay           
position  1:    T:0.19693    C:0.15090    A:0.35294    G:0.29923
position  2:    T:0.27110    C:0.21995    A:0.32737    G:0.18159
position  3:    T:0.28389    C:0.21483    A:0.27366    G:0.22762
Average         T:0.25064    C:0.19523    A:0.31799    G:0.23615

#3: Smik           
position  1:    T:0.18926    C:0.16624    A:0.35550    G:0.28900
position  2:    T:0.26087    C:0.22762    A:0.31969    G:0.19182
position  3:    T:0.34783    C:0.18414    A:0.29412    G:0.17391
Average         T:0.26598    C:0.19267    A:0.32310    G:0.21824

#4: Spar           
position  1:    T:0.19182    C:0.16624    A:0.34015    G:0.30179
position  2:    T:0.26854    C:0.22506    A:0.32225    G:0.18414
position  3:    T:0.31202    C:0.20205    A:0.29412    G:0.19182
Average         T:0.25746    C:0.19778    A:0.31884    G:0.22592

#5: Ncas           
position  1:    T:0.20205    C:0.16624    A:0.32992    G:0.30179
position  2:    T:0.27877    C:0.22762    A:0.32481    G:0.16880
position  3:    T:0.38107    C:0.16113    A:0.28645    G:0.17136
Average         T:0.28730    C:0.18500    A:0.31373    G:0.21398

#6: Cgla           
position  1:    T:0.17391    C:0.14578    A:0.36829    G:0.31202
position  2:    T:0.27110    C:0.23018    A:0.31458    G:0.18414
position  3:    T:0.23529    C:0.28900    A:0.19693    G:0.27877
Average         T:0.22677    C:0.22165    A:0.29327    G:0.25831

#7: Agos           
position  1:    T:0.13555    C:0.25320    A:0.29923    G:0.31202
position  2:    T:0.26854    C:0.23018    A:0.31714    G:0.18414
position  3:    T:0.16880    C:0.40665    A:0.10486    G:0.31969
Average         T:0.19096    C:0.29668    A:0.24041    G:0.27195

#8: Klac           
position  1:    T:0.18926    C:0.16880    A:0.34271    G:0.29923
position  2:    T:0.26343    C:0.22506    A:0.34271    G:0.16880
position  3:    T:0.27877    C:0.24808    A:0.30179    G:0.17136
Average         T:0.24382    C:0.21398    A:0.32907    G:0.21313

#9: Calb           
position  1:    T:0.20716    C:0.13299    A:0.32481    G:0.33504
position  2:    T:0.26598    C:0.21483    A:0.34015    G:0.17903
position  3:    T:0.39130    C:0.14834    A:0.35294    G:0.10742
Average         T:0.28815    C:0.16539    A:0.33930    G:0.20716

Sums of codon usage counts
------------------------------------------------------------------------------
Phe F TTT      72 | Ser S TCT      56 | Tyr Y TAT      55 | Cys C TGT       7
      TTC      73 |       TCC      51 |       TAC      66 |       TGC       8
Leu L TTA      58 |       TCA      53 | *** * TAA       0 | *** * TGA       0
      TTG      94 |       TCG      19 |       TAG       0 | Trp W TGG      45
------------------------------------------------------------------------------
Leu L CTT      31 | Pro P CCT      44 | His H CAT      33 | Arg R CGT      66
      CTC      15 |       CCC      25 |       CAC      45 |       CGC      15
      CTA      35 |       CCA      84 | Gln Q CAA      75 |       CGA       8
      CTG      47 |       CCG      28 |       CAG      29 |       CGG      11
------------------------------------------------------------------------------
Ile I ATT     133 | Thr T ACT      78 | Asn N AAT      71 | Ser S AGT      25
      ATC     101 |       ACC      85 |       AAC      80 |       AGC      27
      ATA      47 |       ACA      66 | Lys K AAA      94 | Arg R AGA     140
Met M ATG      58 |       ACG      23 |       AAG     130 |       AGG      36
------------------------------------------------------------------------------
Val V GTT      64 | Ala A GCT      56 | Asp D GAT     137 | Gly G GGT     129
      GTC      39 |       GCC      57 |       GAC      85 |       GGC      42
      GTA      29 |       GCA      46 | Glu E GAA     151 |       GGA      46
      GTG      49 |       GCG      21 |       GAG      97 |       GGG      29
------------------------------------------------------------------------------


Codon position x base (3x4) table, overall

position  1:    T:0.18670    C:0.16795    A:0.33930    G:0.30605
position  2:    T:0.26854    C:0.22506    A:0.32623    G:0.18016
position  3:    T:0.30037    C:0.23132    A:0.26485    G:0.20347
Average         T:0.25187    C:0.20811    A:0.31013    G:0.22989

Codon frequencies under model, for use in evolver (TTT TTC TTA TTG ... GGG):
  0.01639344  0.01639344  0.01639344  0.01639344
  0.01639344  0.01639344  0.01639344  0.01639344
  0.01639344  0.01639344  0.00000000  0.00000000
  0.01639344  0.01639344  0.00000000  0.01639344
  0.01639344  0.01639344  0.01639344  0.01639344
  0.01639344  0.01639344  0.01639344  0.01639344
  0.01639344  0.01639344  0.01639344  0.01639344
  0.01639344  0.01639344  0.01639344  0.01639344
  0.01639344  0.01639344  0.01639344  0.01639344
  0.01639344  0.01639344  0.01639344  0.01639344
  0.01639344  0.01639344  0.01639344  0.01639344
  0.01639344  0.01639344  0.01639344  0.01639344
  0.01639344  0.01639344  0.01639344  0.01639344
  0.01639344  0.01639344  0.01639344  0.01639344
  0.01639344  0.01639344  0.01639344  0.01639344
  0.01639344  0.01639344  0.01639344  0.01639344


TREE #  1:  (((((1, 4), (3, 2)), 5), 6), ((7, 8), 9));   MP score: 1247
This is a rooted tree.  Please check!
lnL(ntime: 16  np: 18):  -6419.149502      +0.000000
  10..11   11..12   12..13   13..14   14..1    14..4    13..15   15..3    15..2    12..5    11..6    10..16   16..17   17..7    17..8    16..9  
 0.060562 0.239072 0.535436 0.098414 0.251005 0.162076 0.014291 0.298474 0.314132 0.637676 0.846484 0.089311 0.271826 1.499791 1.033130 4.333517 1.968506 0.037815

Note: Branch length is defined as number of nucleotide substitutions per codon (not per neucleotide site).

tree length = 10.685197

(((((1: 0.251005, 4: 0.162076): 0.098414, (3: 0.298474, 2: 0.314132): 0.014291): 0.535436, 5: 0.637676): 0.239072, 6: 0.846484): 0.060562, ((7: 1.499791, 8: 1.033130): 0.271826, 9: 4.333517): 0.089311);

(((((Scer: 0.251005, Spar: 0.162076): 0.098414, (Smik: 0.298474, Sbay: 0.314132): 0.014291): 0.535436, Ncas: 0.637676): 0.239072, Cgla: 0.846484): 0.060562, ((Agos: 1.499791, Klac: 1.033130): 0.271826, Calb: 4.333517): 0.089311);

Detailed output identifying parameters

kappa (ts/tv) =  1.96851

omega (dN/dS) =  0.03781

dN & dS for each branch

 branch          t       N       S   dN/dS      dN      dS  N*dN  S*dS

  10..11     0.061   847.1   325.9  0.0378  0.0025  0.0662   2.1  21.6
  11..12     0.239   847.1   325.9  0.0378  0.0099  0.2611   8.4  85.1
  12..13     0.535   847.1   325.9  0.0378  0.0221  0.5849  18.7 190.6
  13..14     0.098   847.1   325.9  0.0378  0.0041  0.1075   3.4  35.0
  14..1      0.251   847.1   325.9  0.0378  0.0104  0.2742   8.8  89.4
  14..4      0.162   847.1   325.9  0.0378  0.0067  0.1770   5.7  57.7
  13..15     0.014   847.1   325.9  0.0378  0.0006  0.0156   0.5   5.1
  15..3      0.298   847.1   325.9  0.0378  0.0123  0.3260  10.4 106.3
  15..2      0.314   847.1   325.9  0.0378  0.0130  0.3431  11.0 111.8
  12..5      0.638   847.1   325.9  0.0378  0.0263  0.6966  22.3 227.0
  11..6      0.846   847.1   325.9  0.0378  0.0350  0.9246  29.6 301.4
  10..16     0.089   847.1   325.9  0.0378  0.0037  0.0976   3.1  31.8
  16..17     0.272   847.1   325.9  0.0378  0.0112  0.2969   9.5  96.8
  17..7      1.500   847.1   325.9  0.0378  0.0620  1.6383  52.5 533.9
  17..8      1.033   847.1   325.9  0.0378  0.0427  1.1285  36.1 367.8
  16..9      4.334   847.1   325.9  0.0378  0.1790  4.7337 151.6 1542.8

tree length for dN:       0.4414
tree length for dS:      11.6718


Time used:  0:11
