      9   1182

Scer                            GCA GAG ATC CTA ATA GGA TTA GCT TGT TTG CAA ATG AAA GAA GAA GCA GAT TTG GAT TTG TCC GGT GGT GAT GAA TTG AAC GTT AAT GAA AAA GCT GGT TTA ACA GCT GTT GGT AAC TTG AAA GGC TTA TCG CCC CAG ATC CCA CAA GAC AAG GGT TTT TAC TCC TGC GAA TGC ACC TCT ATG GAC TTG CTA GTT GCT CTG AGT AGA AGC AAG TTC GAT GCA GTT AAT GCT ATG TAC ACG ATT GCT GTC GTC GGT CAA GAT GCT GAG TTG GAT GCT CGT CCG GTT GAT TTG CCT GTT AGA CGA CCA TCT TCT GTT ACT ACC CAA CAA ACG ATA GAA GCT TTC TAT TTA GAT ATT GTT AAC GGT AGA ACC GCC TTT AGG AAG GGT CCA ATG AAA GTC GCA GTT CTT TTG CAT GCC AGT TTA ATT TAC TCT ATA AGA AGA TCT AAT AGA GCT TTG CAA TCG TTG GGT TTG AAT GTC AAA TCA ACC TTG GAA TTC TTC AAA AGT GCT GTT GTT ACG GGT TTA TTC GGT CTT ATT GAT ATA GAT TTG ATA TTA TTG CAT GTG AGT GTT AGA GAT TTG CTA TTG GGT AGG AAG AGA GAA ATT TTA ACC TAT AAC TCA ACT TCT TAT GCT CGT TTG TTG GGA GGT GGT AAG CCT GCT CAT GAC GGT ATC GGT TTG TCC AAG GCC GGT GGC GGT ATT GAT TTG ATG GTT GGT AGT AAT TTC CTT ATT GTT GAT CTA AAA GAG GAT GGA TAT GAA GTT CTG TTT TTG AAA GGT CCA GTC AAA TCT TTC CAA GTT GAT GTT GAT GAA TAC AAG CTA AAA GGA GGT GAC CCT GGT AGC AGA TCT AAG TTT TTG AGT CAG CAG GTG AAT GTT TTG AAA TTA AGT GTT CTG TCT TTG ATC GGT CCA GAA TTG AAA GTC GTG AAG GCC CAT GAT TAT ACA AAC GTT AGG GGA ATT GCT TTG CAG GTT AGA TTT AGA GTT GCT TTA CAA ATT AAC AGA TCG GGT ATC GGT CCA GCT ATC AAT CAG GAA AAG TAT ATC CCA AGA TCT GAT ATG GGT ATT GTT CTT TTC GCT AGC TTA AAG TCA ACA TTT GGT GAT GAT AAC TCT AAC CAT ACT CCT CGA GGT GTG GGT AAT CAA TTG TGT AAA AAA TTC TTA GGT CAT AGG GGC GAA TTG AAA ATT GAG CCA CCG GCA ATC AGA AAC 
Sbay                            GCA GAG ATC CTA ATC GGA TTA GCT TGC TTG CAA ATG AAA GAA GAA GCC GAT TTA AAT CTT TCC GGT GGA GAT GAA TTG AAC GTT AAT GAA AAA GCT GGT TTA ACA GCT GTC GGT AAC TTG AAA GGT TTA TCC CCC CAA ATT CCA CAA GAT AAA GGA TTT TAC TCC ATT GAA TGT ACC TCT ATG GAT TTA TTG GTC GCT CTG AGT AGA AAT AAG TTT GAT GCC GTT AAT GCT ATG TAC ACT ATT GCT GTC GTC GGT CAA GAT GCT GAA TTA GAC GCT CGT CCA GTC GAT TTG GCT ATC AGA AGA CCA TCT TCC ATC ACG ACC CAA CAA ACA GTT GAA GCT TTT CAT TTG GAT ATT GTT AAT GGT AGA ACC GCC TTT AGA AAG GGT CCA ATG AAG GTT GCC GTT CTC TTG CAT GCC AGC TTA ATT TAC TCT ATT AGA AGA TCT AAT AGA GCT TTG CAA TCC AAA GGT TTG AAT GTT AAA TCA ACC TTG GAA TAT TTC AAG AGT GCT GTT GTA ACT GGT TTG TTC GGT CTT ATC GAT ATC GAT TTG TCT TTG TTG CAT GTA AGC GTC AGA GAT TTG TTG TTG GGT AGA AAA AGA GAA ATT TTG ACT TAT AAC ACA ACT TCC TAC GCT CGT CTT GCA GGA GGT GGT AAA CCA GCT CGT GAT GGT ATT GGT AAA TCC AAG GCC GGT GGT GGT ATT GAT TTG ATG ATC GGT AGC AAT TTC CTC ATT GTC GAT TTG AAG GAA GAT GGA TAC GAA GTT CTG TTT CTA AAG GGA CCA GTC AAA TCT TTT CAA GTC GAT GTC AAT GAA TAC AAG TTG AAG GGA GGT GAT CCA GGT AAT AAA TCT AAG TTT CTA AGT CAA CAA GTA CAT GTC TTA AAG TTA AGC GTT TTG TCT TTG ATC GGT CCA GAA TTA AAA GTT GTG AAG GCC CGT GAT CAT ACC AAC GTT AGA GGA ATT GCT TTA CAA GTT AGA TTT AAA GTC GCC TTG CAA ATT AAC AGG TCA GGA ATT GGC CCA GCT ATT AAT CAA GAA AAG TAC ATT CCA AGA TCC GAT ATG GGT ATC GTT CTC TTC GCC AAT TTG AAG TCA ACC TTC GGT GAC GAT AAC TCT AAC CAT ACT GCT AGA GGT GTG GGT ACT CAG TTG TGC AAG AAG TTC TTA GGT CAC AGA GGT GAA TTG AAA ATG GAA CCA CCA GCC ATT AGA AAC 
Smik                            GCT GAG ATT CTA ATC GGG CTA GCC TGT TTG CAA ATG AAA GAA AAA GCA GAC TTA AGT CTA TCC GGC GGG GAT GAA TTG AAC GTT AAC GAA AAA GCC GGT TTA ACA GCC GTT GGT AAT TTG AAA GGC CTA TCT CCC CAA ATT CCA CAA GAC AAA GGG TTC TAT TCC ATC GAG TGT ACC TCT ATG GAT TTG TTA GTT GCT TTG AGT AGA AAC AAG TTC GAT GCA GTT AAC GCT ATG TAT ACT ATC GCT GTT GTC GGC CAA GAT GCC GAG TTG GAC GCT CGT CCG GTT GAT CTA CCT GTT AGA AGA CCA TCT TCT GTT ACG ACC CAA CAA ACA ATT GAA GCT TTC TAT TTA GAT ATT GTT AAT GGT AGA ACC GCC TTT AGA AAG GGT CCA ATG AAG GTT GCA GTT CTT TTA CAT GCA AGT CTA ATT TAT TCT ATT AGA AGA TCT AAC AGA GCT TTG CAA TCT TTG GGT CTA AAT GTT AAA TCA ACC TTG GAA TAC TTC AAG AGT TCT GTT ATC ACT GGT TTA TAT GGT CTT ATC GAT ATC GAT TTA TCT TTA TTA CAT GTG AGT GTT AGA GAT CTA TTA TTG AAG AGA AAA AGA AAA ATT CTG ACC TAT AAC TCT ACT TCT TAT GCT CGT CTA CTT GGA GGC GGC AAA CCA TCT CGG GAT GGT ATC GGT TTG TCC AAG GCA GGC GGC GGT ATC GAT TTA ATG GTT GGT AGC AAT TTC CTT ATT GTT GAT TTA AAA GAG GAT GGA TAT GAA GTT TTG TTT TTA AAG GGG CCT GTC AAA TCG TTC CAA GTT GAT GTC AGT GAG TAT AAA TTA AAG GGA GGC GAT CCA GGC AAC AGA TCT AAA TTT TTA AGT CAA CAA GTG CAT GTC TTA AAA TTA AGT GTT TTG TCT TTA ATC GGT CCA GAA TTG AAA GTT GTG AAG GCC CGG GAT TAT ACG AAC GTT AGG GGA ATT TCT TTA CAA GTT AGA TTT AAA GTT GCT CTG CAA ATT AAC AGA TCG GGG ATC GGT CCG GCT ATT AAC CAA AAA ATA TAT ATC CCA AGA TCT GAT ATG GGT ATT GTT CTT TTC GCT AAC TTG ATA TCA ACG TTC GGT GAC GAT AAC TCT AAC CAT ACT CCT AGA GGT GTG GGT AAT CAA TTG TGT AAG AAA TTT CTA GGT CAT AGA GGC GAA TTG AAA GTA GAA CCG CCG GCA ATT AGA AAC 
Spar                            GCA GAG ATC CTT ATA GGA TTA GCC TGT TTG CAA ATG AAA GAA GAA GCG GAT TTA AAT CTG TCC GGT GGT GAC GAA TTG AAC GTT AAT GAA AAA GCT GGT TTA ACA GCC GTT GGT AAC TTG AAA GGC TTA TCT CCT CAG ATT CCA CAA GAC AAG GGT TTT TAC TCC TGC GAA TGT ACC TCT ATG GAC TTG CTA GTT GCT CTG AGT AGA AAC AAA TTT GAT GCA GTT AAT GCC ATG TAC ACT ATC GCT GTC GTC GGT CAA GAT GCC GAG TTG GAT GCC CGT CCT GTT GAT TTG CCT GTT AGA AGA CCA TCT TCT GTT ACA ACC CAA CAA ACG ATT GAA GCT TTT TAT TTA GAT ATT GTT AAC GGT AGA ACC GCC TTT AGA AAG GGT CCA ATG AAA GTT GCA GTT CTT TTG CAT GCC AGT TTA ATT TAC TCT ATA AGA AGA TCT AAT AGA GCT TTG CAA TCT TTG GGT TTG AAT GTT AAA TCA ACC TTG GAA TTC TTC ACG AGT GCT GTT GTT ACT GGT TTA TTC GGT CTT ATC GAT ATA GAT TTG ATA TTA TTG CAT GTG AGT GTT AGA GAT TTG CTA TTG GAT AGA AAG AGA GAA ATC CTA ACC TAT AAC CCA ACT TCT TAT GCT CGT CTG TTG GGA GGT GGT AAG CCA GCT CAT GAC GGT ATC GGT TTG TCC AAG GCC GGT GGC GGT ATC GAT TTG ATG GTT GGT AGC AAT TTC CTT ATT GTT GAT CTA AAG GAG GAT GGA TAT GAA GTT CTG TTT CTA ACG GGT CCA GTC AAA TCT TTT CAA GTT GAT GTC AAT GAA TAC AAA CTA ACG GGA GGT GAC CCA GGT AAC AGA TCT AAA TTT CTA AGT CAG CAA GTG AAT GTT TTA AAG CTA AGT GTT TTG TCC TTG ATC GGT CCC GAA TTG AAA GTT GTG AAG GCC CAT GAT TAT ACA AAC GTT AGG GGA ATT GCT TTA CAG GTT AGA TTT AGA GTT GCT CTA CAA ATT AAC AGA TCG GGT ATC GGT CCA GCT ATC AAT CAA GAA AAG TAT ATC CCA AGA TCT GAT ATG GGT ATT GTT CTT TTC GCT AAC TTG AAG TCA ACA TTC GGT GAT GAT AAC TCC AAC CAT ACT CCT AGA GGT GTG GGT AAT CAA TTG TGT AAA AAA TTC TTA GGT CAT AGA GGC GAA TTG AAA ATA GAG CCA CCT GCA ATC AGA AAC 
Ncas                            GCA CAT ATT CTA ATC GGG CTT GTT TGT TTA GTT ATG AAA GAA GAA GCG GAT TTG AGT CTT GAG GAA GGC GAT GAA TTG AAT GTC AAT GAA AAA GCA GGT CTA GTT GCA GTT AAT AAT TTG AAG GGT CTT ACC TCT TTA ATT CCA CAA GAT CAA GGC TTG TAC GAG GCT GAA TGT ACC TCT GTT GAT CTT TTG GTC GCT TTC TAC CGT AAA AAA TTC GAT GCC GTG AAC GCT GCT TAC ATG ATT GCT ATT GTC GAA CAA GAC GCA GAA TTG CCG GCT CGT CCA TGT GAT TTG GTT ATG AGA AAG CCA TCT TCC ATG GTT ACA CAA GTT ACA CTA GGA GCA TTC AAT TTG GAT ATG GTG GGT GGT AGA ACA GGT TTC CGA AAA GGT CCA ATG AAG GTT GCC GTT CTA TTG CAT GCT TCT CTT ATT TAC TCT ATA AGA CGT CAA AAC AGA GCT TTG CAA ACC TGG GGT TTG AAC GTT AAA TCG ACA TTG GAA TAT TTC AGA TAC TCA GTC GTC ATG GGT TTG TCA GGT GAA ATT GAT ATC GAT TTG CTT TTG TTA CAT GTT AGC GTC AGA GAT TTG TTG TTA ATT AGA CAT AGA GAA ATC TTG ACT TAT AAC AAC GAA TCC GCG GCT CGT CTT GAG GGT GGT GGT CAT TTA TCA TTT GAT GGT ATT GGT TGG GAG AAA GCT GGT GGT GGT ATT GAT TTA ATG ATG GGT ACC AAC TAC CTA ATC TGT GAT TTG AAA GAA GAT GGT GCG GAA GTC TTC TTT TTG AGA GGC CCA GTC GAT AAG TTC GTT GTT GAC GTC AGT GAA TAC AAG TTG AGA GGT GGT GAT TTA GGT AAA AGA ACA AAG TTT TTG TAC CAA CAT GTT ACA ATC TTA AAA TTA TCT GTG CTC ACA TTA ATC GGT TAC AAG CTT AAG GTC GTC AAG TTG TTT GAT AAT TAC AAC GTG CGA GGT TTA TCA TTG CAA GTT AGA TTC AAA TGT GCC TTG CAA ATT AAT AGA CCT GGC ATT GGT CAA GCT ATT AAC CAT GAA AAG GCG ATT CCA AGA TCC GAC GTT GGT ATT GTT CTA TTC GCT AAA TTG AAG TCG TAC TTT GGT CAT GAT AAC ACA AAC CAT AAA GTT AAG GGT GTC GGT GCC CAA TTG TGT AAG CGT TTC CTT GGT CAT AGA GGT GGA TTG AAG ATT GAA CAA CCA GCC ATT CGT AAC 
Cgla                            TCA GAA ATC TTG ATA GGT TTA GCC TGT CTT CAA CTA AGA GAG GAA GCA GAT CTA GAG TTA AAC GGT GGT GAT GAA TTG AAT GTC AAC GAA AGA GCC GGT TTA ACA GCT GTT GGT AAC TTG AAA GGG TTA TCT CCC TGG ATT CCA CAA GAT AAA GGT TTT TAC AAC GCT GAA TGC AGC TCA ATG GAT CTT TTG GTC GCT TTG AGT AGA AAA AAA TTC GAT GCG GTG TAC GCT ATG TAC ACA ATA GCT GTC GTT GGT CAA GAT GCT GAA CTA GAC GCT CGT CCT GTA GAT TTG AAA GTA AGA AGA CCA TCA TCT GTA ACA ACA CAA CAA ACA CAT GAA GCT TTC TAT TTA GAC ATT GTT AAC GGT AGA ACA GCC TTT CGG AAG GGT CCA CTA AAG GTC GCG GTA TTA TTG CAC GCT TCT TTA ATC TAC TCA ATT AGA AGA TCC TAC AGA GCC TTG CAA TCT GAT GGT TTG AAT GTC AAG TCG ACA TTG GAA TAC TTC AAA AGT GCA GTC CTA ACA GGT TTA TCG GGT ATT ATC GAT ATA GAC TTG ATT TTA CTA CAC GTA AGT GTC AGA GAT TTG TTG CTT TAT AGA AAA AGA GAA ATT TTG ACT TAC AAC AAC ACT TCT GCA GCC CGT TTA GAG GGT GGT GGT AAA AGT GCA GCC GAT GGT ATT GGT GAT AAC AAG GCT GGT GGG GGT ATA GAC TTG CTA GTA GGT GAC AAT TTC TTA ATC GTA GAC TTG AAG GAA GAC GGT GCA GAA GTC TTG TTC CTA AAA GGT CCA GTT AAG TCT TTC CAA GTT GAT GTT GAG GAA TAC AAG TTG AAA GGT GGT GAT AGT GGT AAA AAA TCT AAG TTC CTA AGT CAA CAA GTA AAG GTT TTA AAG TTA TCT GTT ATG GCA TTG ATC GGT CCA GAA CTT AAA GTA GTT AAG TCC GCC GAT TAT GCA AAC GTT AAA GGT ATT GCA CTA CAA GTT AGA TTT TAT GTA GCT TTG CAA ATT AAT AGA TCT GGT ATT GGC CCA GCC ATA TAC CAA GAA AAA GCA ATT CCA AGA TCT GAT ATG GGT ATC GTT TTA TTC GCA AAA TTG AAA TCG GCA TTT GGT GAT CCC AAC GCA AAC CAT ACC AAA AGA GGT GTT GGT ACA CAA TTG TGT AAG AAA TTC TTA GGT CAC AGA GGG GAA TTG AAA GAC GAA CCA CCT GCG ATA AGA AAC 
Agos                            AGT CAT ATA CTC ATT GGC TTG GTG CAT CTC GCC ACC AAG GAG GAA ACT GAT TTG AAG CTT AAT GAG CAC GAC GAG CTA AAT GTT AAC GAG AAG GTT GGC CTA GTT GCA GTG AAT AAT CTA AAG GGG TTG ACA TCT AGG ATT CCA CAA GAT CAA CAC CTA TAC AAT TCT GAA TAT ACC TCT GTC GAT TTG CTA GTG GCT TTC TAT CGT CTT AAA TTT GAC GGT GTG AAC GCC GCT TAC ATG ATA GCG ATC GTG GAG CAA GAT GCA GAG CTC CCT GCC CGT CCG TGC GAC TTG GTT ATG AGA AAA CCA TCT TCG ATG GTG ACT CAG GCC ACA CTC TTC GCA TTT AAT TTG GAC ATG GTG GGA GGT AGA ACT GGC TTT AAG AAG GGG CCT ACC AAG GTG GGT GTT CTG CTA CAC GCC AAG TTG ATT TAC TCT ATC AGA CGT CAA AAC CGC GCC CTA CAG ACA TGG GGT TTG AAC GTG AAA GGT ACT TTA GAG CAT TTC CGT TAT TCC GTT TTT ATG GGC TTG GCT GGT GAA ATC GAC ATT GAC CTA TCT TTG TTG CAC GTG AGT GTG AGA GAC TTG CTA CTC ATT AGA AAG CGC GAA ATC CTG ACG TAC AAC TTA GAA TCG GCT GCC CGC CTT ATG GGG GGT GGT AAG TTA TCC ATT GAT GGC ATC GGT TGG AAT AAG GCC GGT GGG GGT ATA GAC CTA ACC ATG GGG AGA AAC TAC CTG ATC TGC GAC CTA AAA GAG GAC GGG GCT GAG GTT TTC TTT CTA CGT CAC CCA GTG GAT AAA TTT GCC GTG GAT GTG AAG GAA TAC AAG CTA CGT GGG GGT GAT TTA GGT CTT CGC ACC AAG TTT CTA TAT CAA CAT GTG AAT ATT CTG AAA CTG AAG GTG CTG ACT CTA ATC GGG TAT AAA TTG AAG GTG GTC AAG CTC ATT GAC AAT TAT AAC GTG CCA GGG CTA TCC TTG CAA GTG AGA TTT ATT TGC GCG CTG CAA GTC AAT AGA CCG CAC ATC GGC CAG GCC ATT AAC CAT GAA AAG GCT ATC CCA CGC TCG GAT TTG GGC ATC GTG CTG TTC GCA CTT TTG AAG GGT TAT TTC GGT CAT CAT AAC ACT AAC CAT TGC GTT AAA GGG GTC GGG GCC CAG TTG CAT AAG CGG TTC TTG GGG CAT AGA GGG TTC TTA AAG TTA GCG CAG CCG GGT ATT CGT AAC 
Klac                            TCC GAA ATT TTG ATT GGT CTT GCA TGT CTA CAA ATG AAG AAT GAA GCC GAT TTG AGC TTG GAT GGG GGC GAT GAA TTG AAT GTG AAT GAA AAG GCT GGT TTG ACG GCT GTT GGT AAT TTG AAG GGC CTT TCA CCT ACA ATT CCA CAA GAT AAG GGC TTT TAC GAT TCT GAG TGT ACC TCA ATG GAT TTG TTG GTC GCC TTA AGT AGA AGG AAA TTT GAT GGT GTC AAT GCA ATG TAT ACC ATC GCT GTT GTT GGG CAA GAT GCT GAG CTT GAC GCA CGT CCA GTG GAT TTG GAA GTT AGA AGA CCA TCA TCT GTT ACT ACA CAG CAA ACT ATA GAA GCA TTT TAT CTT GAC ATT GTT AAT GGT AGA ACA GCG TTT AAG AAG GGT CCA ATG AAG GTT GGT GTT TTA TTG CAC GCT TCA CTT ATC TAT TCA ATC AGA AGA TCC AAT AGA GCT TTG CAA TCA GAG GGT TTG AAT GTT AAG TCT ACA TTG GAA CAT TTC AAA AGT TCA GTT ATA ACC GGT CTT TCA GGT ATT ATC GAT ATT GAC TTG TCC CTT TTG CAC GTG AGT GTC AGA GAT TTG TTG CTA GAG AGA AAA AGA GAA ATC ATC ACC TAT AAC CAG ACA TCT TCA GCT CGT TTG GAG GGT GGT GGT AAA CCA TCA CAA GAT GGT ATT GGT GAG GAT AAA GCT GGT GGC GGT ATC GAT TTG ATG GTT GGT GAA AAT TTC TTA ATC GTG GAT TTG AAG GAG GAT GGT TCA GAA GTG TTA TTC TTG AAA GGC CCA GTT AAA TCA TTT CAA GTT GAT GTT AGC GAG TAT AAG TTG AAA GGT GGT GAT CCA GGT AGG AAA TCT AAG TTC TTG AGT CAG CAA GTG TTC GTG CTA AAG TTG TCA GTT TTG TCC TTG ATC GGT CCT GAG TTG AAG GTC GTT AAG TCC CAA GAT TAT AAG AAC GTT AGA GGT ATT TCA TTG CAG GTT AGA TTT CTT GTG GCC ATC CAA ATC AAT AGA TCA GGC ATT GGG CCA GCT ATT AAT CAA GAA AAA TCA ATT CCA AGA TCT GAT TTA GGT ATC GTT TTA TTC GCG AGG TTG AAA TCT AAG TTT GGT GAA AAC AAC TCC AAC CAC AGG GAA AGA GGT GTT GGT TCG CAA TTG TGT AAG AAA TTC CTT GGT CAC AGA GGC GAA TTG AAG TTC GAA CCA CCA GGT ATT AGA AAC 
Calb                            TCA GAA ATT TTA ATG GGT TTA GCT TGT CTC CAA CTC AGA GAA GAA GCA GAC TTG AAA TTA CAA GGA GGA GAT GAA TTG AAC GTC AAC GAA AGA TAT GGT TTG ACC GCA GTT GGT AAT TTG AAA GGG TTA TCA ACA AGG ATC CCA CAA GAC AAA GGA TTC TAC CAA GCA GAG TGT TCC TCA ATG GAT TTG TTG GTG TCA TTG AGT AGA TCA AAA TTC GAC AAG GTT CAC GCT ATG TAC ACA ATA GCC GTT GTC GGA CAA GAC GCA GAA TTG GAA GCT AGA CCT ATT GAC TTG GCC GTT AGA AGA CCA TCA TCT GTT ACT ACA CAG CAA ACA ATT GAA ACT TTC TAC TTG GAC ATT GTA AAT GGT AGA ACA GCA TTT AGA AAG GGT CCA CTC AGA GTT AAG GTG TTA TTA CAT GCT TCC TTA ATT TAC TCA ATC AGA AGA TCA CAC AGA GCC TTG CAA TCA GAA GGT TTG AAT GTT AAA AGT ACA TTG GAA CAT TTC AAG AGT TCT GTT GTT ACA GGT TTG TAC GGT CTT ATA GAC ATG GAC TTA TCA TTG TTA CAT GTC AGC GTG AGA GAC TTG TTG CTC GTT AGA AAC AGA GAA ATC TTG ACC TAT AAC AGC ACT TCT GGA GCC AGA TTA GCA GGA GGT GGT AAC CCC TCT AAA GAT GGT ATT GGT GAA CAA AAA GCT GGT GGG GGT ATA GAC TTA CTC GTT GGT ACA AAT TTC TTA ATC ATT GAC TTG AAA GAA GAC GGA GGA GAA GTC TTG TTT TTG AAG GGA CCA GTC AAA GAA TTC CAA GTT GAC TTG AAA GAG TAC AAG TTG AAG GGA GGT GAT CCC GGT TCA AAG ACT AAG TTT TTG AGT CAA CAG GTC TTC GTT TTA AAA TTG TCC GTA ATT ACC TTA ATA GGT CCT GAC TTG AAA GTC GTC AAA TCT AAA GAT TAC ACT AAC GTA AGA GGA ATT TCT TTG CAA ATA AGA TTT AGA ATT GCA TTG CAA ATA AAC CGG CTG GGA ATT GGT CCA GCC ATT CAC CAG GAA GGT GGA ATT CCA AGA TCT GAC TTG GGT ATT ATA TTA TTC GCA TCA TTA GGT AGT ACT TTT GGT GCA GAT AAC ACC AAC CAT TTA GCC AGA GGT GTC GGT TCG CAA TTG TGT AGA AAA TTC TTA GGT CAT AGA GGG GAA TTG AAA ATG GAA CCA CCT AAG ATT AGA AAC 



Printing out site pattern counts


         9        669  P

Scer                            AAA AAA AAA AAA AAA AAA AAA AAA AAC AAC AAC AAC AAG AAG AAG AAG AAG AAG AAG AAG AAT AAT AAT AAT AAT ACA ACA ACC ACC ACC ACG ACG ACT ACT ACT AGA AGA AGA AGA AGA AGA AGC AGG AGG AGG AGT AGT AGT AGT ATA ATA ATA ATA ATC ATC ATC ATC ATC ATG ATG ATG ATG ATT ATT ATT ATT ATT ATT ATT ATT ATT ATT CAA CAA CAA CAA CAA CAG CAG CAG CAT CAT CAT CAT CCA CCA CCA CCA CCA CCC CCG CCT CCT CGA CGT CGT CTA CTA CTG CTG CTT CTT GAA GAA GAA GAA GAA GAA GAC GAC GAG GAG GAG GAT GAT GAT GAT GAT GAT GAT GAT GAT GAT GAT GCA GCA GCA GCC GCC GCC GCT GCT GCT GCT GCT GCT GCT GCT GCT GCT GCT GGA GGA GGC GGT GGT GGT GGT GGT GGT GGT GGT GGT GTC GTC GTC GTC GTG GTG GTT GTT GTT GTT GTT GTT GTT GTT GTT GTT GTT GTT GTT TAC TAC TAT TAT TAT TCA TCA TCC TCG TCG TCT TCT TCT TCT TCT TCT TGC TGC TGT TTA TTA TTA TTA TTA TTA TTC TTC TTC TTC TTC TTC TTG TTG TTG TTG TTG TTG TTG TTG TTG TTG TTG TTG TTG TTG TTG TTG TTT TTT TTT TTT 
Sbay                            ... ... ... ... ..G ..G ..G ..G ... ... ... ..T ..A ..A ... ... ... ... ... ... ... ... ... .C. C.. ... ..C ... ... ..T ..A ..T ..G ... ... .A. .A. ... ... ... ..G .AT ..A ..A ..A ..C ..C ..C ... ..C ..T G.T TCT ... ... ..T ..T ..T ... ... ... ... ..C ..C ..G ... ... ... ... ... ... ... ... ... ... ... ..G ..A ..A ..A ..C ... ... .G. ... ... ... ... ... ... ..A ..A G.. A.. ... ... ... T.G ... T.. ..C ... ... ... ... ... ... ... ..T ..T ..A ..A ... A.. ..C ..C ... ... ... ... ... ... ... ... ... ..C ..C ... ... ... ..C ..C ... ... ... ... ... ... ... ... ... ... ... ..T ..A ..C ... ... ... ... ... ... ... ... ... ..T ..T ..A ... A.C ..A ..C ..C ..C ..C ..C ... ... ... ... ... ... ... ... C.. ..C ... A.. ... ... ..A ..C ..C ... ... ... ... ... ATT ..T ..C ... ... ... ..G ..G ..G .AT ... ... ... ... ..T AAA C.A C.T GCA ..A ..A ..A ..A ... ... ... ... ... ... ... ... ..C ... ... ... 
Smik                            ... ... ... ... ... ... ..G ..G ... ... ..T ..T ..A ..A ..A ... ... ... ... .TA ..C ..C ... ... C.. ... ..G ... ... ... ..A ..T ..G ... ... .A. ... ... ... ... ... .A. ..A ..A ... ..C ... ... ... ..C ..T ..T TCT ... ..T ... ..T ..T ... ... ... ... ..C ... G.A ..C ... ... ... ... ... ... ... ... ... ... ... ..A ..A ..A ... ... ... .GG ... ... ... ..G ..T ... ... ..A ... A.. ... ... ... T.. T.. T.. ... ... A.. ... ... ... ... ..G ... ..T ..A ... ... AG. ..C ..C ..C ... ... ... ... ... ... ... ..T ... ... ..A ... ... ... ... ..C ..C ..C ... ... ... ... ... T.. ... ..G ... ..G ... AAG ..C ..C ... ... ... ... ... ..T ..T ..T ... ... ... A.C ..C ..C ... ... ... ... ... ... ... ... ... ..T ..T ... ... ... ..T ... ... ... ..T ... ..G ... ... ... ... AT. ..T ... C.. ... ... C.G ... ..G .A. .AT ... ... ..T ... ... ..A C.A C.T ..A ..A ... ... C.A ..A ..A ..A ... ... ... ... ..C ..C ... ... 
Spar                            ... ... ... ... ... ..G ... .CG ... ... ... ... ... ... ..A ..A ... ... ... ... ... ... ... ... ... ... ... ... ... ... ... ..T ..A ... ... ... ... ... ... ... ... .A. ..A ..A ... ..C ... ... ... ... ... ..T ... ... ... ... ... ..T ... ... ... ... ..C ... ..A ..C ..C ... ... ... ... ... ... ... ... ... ... ..A ... ... ... ... ... ... ... ... ..C ... ... ..T ..T ..A ... A.. ... ... ..T ... ... T.. ... ... ... ... ... ... ... ... ... ... ... ... ... A.. ... ... ... ..C ... ... ... ... ... ... ... ... ..G ... ... ... ... ... ..C ..C ... ..C ... ... ... ... ... ... ... ... ... ... .A. ... ... ... ... ... ... ... ... ..T ..T ... ... ... ... ..C ... ... ... ... ... ... ... ... ... ... ... ... ... ... ... C.. ... ... ... ..T ... ... ..C ... ... ... ... ..T ... ... C.. ... C.. ... ..G ... ... ... ... ... ..T ... C.A C.. ... ..A ..A ... ... ... ... ... ... ... ... ... ... ..C ... ... ... 
Ncas                            ... ... ..G G.T CGT ... ..G .G. ... ..T ..T GGT C.A C.T ... ..A ..A ..A ... ... ..C ... ..C GCC .CA GTT TAC ..A ... ..T ..A .T. GT. .AA GAA .A. ... ... ... C.T ... .AA ..A C.A C.A .CC ..C TC. TAC ..C ... C.. C.T ... ..T ..T ..T ..T ... GCT G.T G.T ... ... ... ... ..C ..C ..G ... ... T.A ... ... ... GTT ... ..T ..A TTA ... ... ... TT. ... ... TAC .A. ... T.T ..A TTA GT. AAG ... ... ... T.G T.C ..C ..A GAA ... A.G ... ... .G. ... ..T ..T ..A ..A C.T AG. C.. CCG ... ... ..C ... ... ... ... ... ... ..C ..G ..T .GT TTG ..C ... ..A .T. ..A ... ..A ... ... ... T.A ..T ..G ..T ..C ... AT. .AA ... AA. ... ... ... ... A.T ... ..T ..T ..C A.G ..C ..C A.C ..C ... TG. ..C ..C ..G ..G ... ... ... ... A.. GCG ... AAC ..G GAG C.T A.C ..C AAG A.A A.A CAA ... GCT ..T ... C.T ... C.. ..G ..G ..G .AT .CA .A. ... ... ... .G. ... C.T GA. ..A ... C.T ... ... ..A ..A ... ..A ... ... ... ... ..G ..C ... 
Cgla                            ..G .G. ... ..G ... ..G ..G ... ... ..T ... ... ..A ..A ... ..A ... ... ... ..A T.C ..C ... .CA ..G ... G.. ..A .G. ..T ..A ..A ..A ..C ... TAT .A. ... ... ... ... .AA ..A C.. .AA GAC ... TC. ... ... ..T CAT ..T ... ... ..T ..A ..T C.A ... ... ... ..C ..C GAC ..A ... ..C ... ..C ... ... ... ... ... ... ... ..A ..A TG. ..C ..C ... GCC ... ... ... ... ... ... ..T AG. AAA A.. ... ... T.G T.G T.. A.. T.A A.. ... ... ... ..G ... ... ..T ..T ..A ..A ..A ..G ... ..C ... ... ... CCC ..C ..C ... ... T.. ..G ... ..T ... T.. ... ..A ... ..C ..C ... ... ..C ... ... ..A ..T ..T ..G ... ..C TA. ... ... ... ... ... ... ..T ... ..A ... ..A ..T ..A C.A ... ... ..C ... ..A ..C ..C ..G ... ..A ... ... ... ... GCA ..C AAC ..G AA. ..T ..T ... ... G.A ... ..C ..A GCT ... ... ... ... ... ..G ... ..G .A. .CG ... ... ... ... GAT C.A ..A GA. ..A C.A C.T C.A ... C.A ... ... C.T ... ... ... ... ... ... ..C 
Agos                            ... ..G ..G G.T CGG ... ..G CGT ... ..T ..T GGA C.A ... ... ..A ... ... ... ... ..C ..C ..C GCC ... GTT TAT ..T ... ..G ..A .T. GTG TGC GAA .TT C.C ... C.C C.T ... CTT ..A .A. CCA ..A ... .AG TA. ..T ..C C.C TCT ... ..A ... ..T ..T .CC GCT G.C T.. ..C ..C T.A ..A ..C ..C ..G ... G.C C.A ... ..G ..G GCC ..G ..T ..A AG. ... ..C ... AT. ... ..T TAT .AG ... T.T ... TTA GT. AA. ..C ... ..C ... T.C ... ..G GAA ... A.. ..G ..G TTC ... ..T ..T .C. ... C.T A.G C.. CC. ... ..C ... C.. ..C ..C ..C ..C AGT .GT A.T ... .G. CT. ..G ..A ..A .TG .T. ..C ..A ..C ..G ... T.C ..G ..C ..G CAC ..C AT. .AG ... AA. ..C ..G ... ..G A.. ..G ..G ... ..C A.G T.. ..G A.. ..G ..G TGC ... ... ..G ..G ... ..G ... ... A.. GC. ..C .T. GGT AAT C.. A.A ..G AAA A.. A.C CAA ... .CT .AT CA. ..G C.G C.. C.G ..G ..G CAT GCT .A. ... ... ..T .G. C.A C.T A.. C.. ... ... C.C ... ... C.A C.A C.C C.A ..A ... ..C C.A ... ... 
Klac                            ..G ..G ..G ... ... ..G ..G ... ... ..T ..T ..T ... ..A ... ..A ..A ... ... ..A ... ... ... TCG TTC ..G .AG ..A ... ... ..T ..C ... .GG ..A CTT .A. ... ... ... ... ..G ..A .A. ..A GAA ... TCA ... ..T ..C ... TCC ... ..T ..T ..T ..T ... ... ... T.A ..C ..C T.C ..C ..C ..C ... ..C ..C ... ... ... ..G ... ... ..A ... ACA ..C ..C ..C ..A ... ... ..T ... ... ..T ..A ..A GAA A.. ... ... T.G T.G T.A T.. T.A A.. ... ..G ... A.T ... ..G ..T ..T ..A ... ..A AGC ..A ..C ... ... ... A.C ..C ... ... ... T.C .GT ..C ..T ..G T.. ..C ..G ... ..A ... ..A ..A ... ... ..C T.A ..T ..T ... ..C ..G .AG ..G ... ... ... ... ... ..T ..T ... ..T ... ..T ... A.A ... ..G ..C ... ..G ..G ... ..C ... ... ... ... ..T ... .CA ... CAG ..T GAT ..A ..A ... ..A ..C ... ..C ..A .CT ..T ... C.T ..G ..G A.C C.T ..G CAT .CA ... ... ... ..T GA. ... ... GA. C.A ... ... C.T ... ... ... ... C.A ... ... ... ... ... ... ..C 
Calb                            ... .G. ... ... ... ... .G. ..G ... ... ..T ..T ..A ..C ... ..A ..A ... ..A GGT C.C ..C ... TCG TTC ..C ..T ..A T.. ... ..A ..A ... TTA ... ... .AG ... ... ... C.G TCA ..A ..A ..A .CA ..C TCC ... ..G ..C ..T TC. ..A ..T ..T ..T ... C.C ... ... T.. ..A ... ..G ..A ..C ..C ... ... ..A ... ... ... ..G ... ... ... ..A AG. ... ... ... A.A ... ... ..T ... ... A.A ..T ..C G.C A.. A.A A.A T.. T.G T.. A.T T.A ... ... ..C ... ... ... ..G ... ..T ..A ..A ..A A.A .CA ..A ..C ... ..C ... ..C ..C ..C ... T.. AAG ... ..T ..A T.T ..A ..A ..A ... TA. ... A.. ..C ..C T.A T.. ... ..T ..G ..A ... .T. ..A ... ... ... ... ... ... ..T ... ..T ..C ..C ... ... T.G ... ..G ... A.. ..C ... ... ..A ..G A.A ... ... ..C GGA ... AGC AGT CAA CT. ..A ... GAA A.C A.. ..A ..A GCA ..T ... ... ..G ..G ..G ..G ... CAT .A. ... ... ... ... GAA ... ..A GCA ..A ... ... ... ... ..A ..A ..A C.C ... ... ... ... ..C ... ... 

    1    2    3    1    1    2    2    3    5    2    1    1    1    2    2
    1    1    1    1    2    3    1    2    1    1    1    2    3    1    1
    1    2    1    1    1    1    1    5    3    3    1    3    2    1    1
    1    1    2    3    2    1    1    1    1    1    3    2    1    3    1
    1    1    1    1    1    2    1    1    1    1    1    1    3    1    1
    3    1    2    2    1    1    2    1    2    3    1    1    2    1    1
    2    2    2    2    1    1    1    4    2    1    3    1    3    1    4
    1    2    2    1    3    1    2    1    2    1    1    1    1    3    1
    2    3    4    1    1    3    1    2    1    1    1    1    2    1    1
    2    1    3    1    1    3    4    1    3    4    1    1    2    5    1
    4    6    6    2    1    1    2    2    2    3    1    1    1    2    2
    3    2    1    1    3    1    2    1    3    2    3    1    1    2    3
    1    2    3    1    2    1    1    3    1    1    2    4    1    1    2
    3    1    1    1    1    2    1    3    2    2    2    1    1    2    2
    1    3    1    2    2    2    3    2    1    1    1    2    2

CODONML (in paml version 4.9j, February 2020)  temp.nuc
Model: One dN/dS ratio, 
Codon frequency model: Fequal
ns =   9  ls = 394

Codon usage in sequences
--------------------------------------------------------------------------------------------------------------------------------------
Phe TTT   6   8   5   8   5   4 | Ser TCT  11   9  17  11   6  10 | Tyr TAT   6   2  11   6   2   4 | Cys TGT   2   1   3   3   6   2
    TTC   9   6   8   7  10   9 |     TCC   3   8   3   5   3   2 |     TAC   4   7   1   4  11   9 |     TGC   2   2   0   1   0   1
Leu TTA  12  12  19  11  11  15 |     TCA   3   3   2   2   4   4 | *** TAA   0   0   0   0   0   0 | *** TGA   0   0   0   0   0   0
    TTG  29  27  17  24  28  23 |     TCG   3   0   2   1   2   3 |     TAG   0   0   0   0   0   0 | Trp TGG   0   0   0   0   2   1
--------------------------------------------------------------------------------------------------------------------------------------
Leu CTT   4   3   5   5   9   4 | Pro CCT   4   0   3   5   1   2 | His CAT   6   6   5   6  10   2 | Arg CGT   2   4   2   2   6   2
    CTC   0   3   0   0   1   0 |     CCC   1   1   1   1   0   2 |     CAC   0   1   0   0   0   3 |     CGC   0   0   0   0   0   0
    CTA   5   3  10   9   6  10 |     CCA   8  12   7  10   7   8 | Gln CAA   9  13  14  11  12  13 |     CGA   2   0   0   0   2   0
    CTG   3   2   2   4   0   0 |     CCG   2   0   4   0   1   0 |     CAG   5   1   0   3   0   0 |     CGG   0   0   2   0   0   1
--------------------------------------------------------------------------------------------------------------------------------------
Ile ATT  11  16  13   8  16  11 | Thr ACT   3   6   4   4   1   2 | Asn AAT   8  12   5  10   7   4 | Ser AGT   7   3   8   6   2   6
    ATC   8   9  11  11   6   6 |     ACC   5   6   5   5   4   1 |     AAC   9   8  14  12  11  12 |     AGC   3   4   1   1   1   1
    ATA   5   0   2   5   1   6 |     ACA   3   3   2   4   8   9 | Lys AAA  15  14  19  13  13  20 | Arg AGA  14  17  18  19  15  18
Met ATG   6   7   6   6   9   4 |     ACG   3   1   3   4   0   0 |     AAG  11  16  10  10  14  12 |     AGG   4   1   1   1   0   0
--------------------------------------------------------------------------------------------------------------------------------------
Val GTT  23  14  24  25  19  13 | Ala GCT  17  17  11  12  12  11 | Asp GAT  20  20  18  18  18  17 | Gly GGT  30  28  18  29  31  33
    GTC   6  12   4   4  12   8 |     GCC   4  10   6   9   5   8 |     GAC   4   2   4   5   3   8 |     GGC   3   1  10   3   4   1
    GTA   0   3   1   0   0  10 |     GCA   5   2   6   4   5  12 | Glu GAA  13  16   9  13  17  16 |     GGA   5   9   4   5   2   0
    GTG   4   2   4   4   4   1 |     GCG   0   0   0   1   4   3 |     GAG   4   1   5   4   4   4 |     GGG   0   0   5   0   1   3
--------------------------------------------------------------------------------------------------------------------------------------

--------------------------------------------------------------------------------------
Phe TTT   8   7   5 | Ser TCT   6   7   7 | Tyr TAT   7   6   2 | Cys TGT   0   3   3
    TTC   8   8   9 |     TCC   3   6   3 |     TAC   6   1   7 |     TGC   4   0   0
Leu TTA   6   6  18 |     TCA   0  16  12 | *** TAA   0   0   0 | *** TGA   0   0   0
    TTG  18  31  31 |     TCG   3   1   1 |     TAG   0   0   0 | Trp TGG   2   0   0
--------------------------------------------------------------------------------------
Leu CTT   5   9   1 | Pro CCT   2   2   3 | His CAT  10   1   5 | Arg CGT   7   2   0
    CTC   6   0   5 |     CCC   0   0   2 |     CAC   6   4   3 |     CGC   5   0   0
    CTA  16   3   0 |     CCA   5  11   7 | Gln CAA   7  12  13 |     CGA   0   0   0
    CTG   8   0   1 |     CCG   3   0   0 |     CAG   5   4   3 |     CGG   1   0   1
--------------------------------------------------------------------------------------
Ile ATT  11  12  15 | Thr ACT   6   2   6 | Asn AAT  10  11   4 | Ser AGT   2   4   5
    ATC  10  12   4 |     ACC   5   4   4 |     AAC  11   6  10 |     AGC   0   2   2
    ATA   3   2   7 |     ACA   3   5   8 | Lys AAA   8  12  16 | Arg AGA   9  17  24
Met ATG   7   5   5 |     ACG   1   1   0 |     AAG  21  18  10 |     AGG   1   4   1
--------------------------------------------------------------------------------------
Val GTT   8  20  13 | Ala GCT   6   9   5 | Asp GAT   9  20   6 | Gly GGT  16  30  26
    GTC   4   4   9 |     GCC  11   3   6 |     GAC  11   3  15 |     GGC   7   7   0
    GTA   0   0   3 |     GCA   4   4   9 | Glu GAA   7  15  18 |     GGA   1   0  13
    GTG  20   8   3 |     GCG   3   2   0 |     GAG   9   9   2 |     GGG  13   3   3
--------------------------------------------------------------------------------------

Codon position x base (3x4) table for each sequence.

#1: Scer           
position  1:    T:0.22843    C:0.12944    A:0.29188    G:0.35025
position  2:    T:0.33249    C:0.19036    A:0.28934    G:0.18782
position  3:    T:0.40609    C:0.15482    A:0.25127    G:0.18782
Average         T:0.32234    C:0.15821    A:0.27750    G:0.24196

#2: Sbay           
position  1:    T:0.21574    C:0.12437    A:0.31218    G:0.34772
position  2:    T:0.32234    C:0.19797    A:0.30203    G:0.17766
position  3:    T:0.37817    C:0.20305    A:0.27157    G:0.14721
Average         T:0.30541    C:0.17513    A:0.29526    G:0.22420

#3: Smik           
position  1:    T:0.22335    C:0.13959    A:0.30964    G:0.32741
position  2:    T:0.33249    C:0.19289    A:0.29188    G:0.18274
position  3:    T:0.38579    C:0.17259    A:0.28680    G:0.15482
Average         T:0.31387    C:0.16836    A:0.29611    G:0.22166

#4: Spar           
position  1:    T:0.21066    C:0.14213    A:0.30203    G:0.34518
position  2:    T:0.33249    C:0.19797    A:0.29188    G:0.17766
position  3:    T:0.40102    C:0.17259    A:0.26904    G:0.15736
Average         T:0.31472    C:0.17090    A:0.28765    G:0.22673

#5: Ncas           
position  1:    T:0.22843    C:0.13959    A:0.27411    G:0.35787
position  2:    T:0.34772    C:0.15990    A:0.30964    G:0.18274
position  3:    T:0.38325    C:0.18020    A:0.26142    G:0.17513
Average         T:0.31980    C:0.15990    A:0.28173    G:0.23858

#6: Cgla           
position  1:    T:0.22081    C:0.11929    A:0.28426    G:0.37563
position  2:    T:0.31472    C:0.19543    A:0.31472    G:0.17513
position  3:    T:0.32234    C:0.18020    A:0.35787    G:0.13959
Average         T:0.28596    C:0.16497    A:0.31895    G:0.23012

#7: Agos           
position  1:    T:0.18020    C:0.21827    A:0.27411    G:0.32741
position  2:    T:0.35025    C:0.15482    A:0.32234    G:0.17259
position  3:    T:0.28680    C:0.24619    A:0.17513    G:0.29188
Average         T:0.27242    C:0.20643    A:0.25719    G:0.26396

#8: Klac           
position  1:    T:0.23350    C:0.12183    A:0.29695    G:0.34772
position  2:    T:0.32234    C:0.18528    A:0.30964    G:0.18274
position  3:    T:0.36802    C:0.15228    A:0.26142    G:0.21827
Average         T:0.30795    C:0.15313    A:0.28934    G:0.24958

#9: Calb           
position  1:    T:0.24873    C:0.11168    A:0.30711    G:0.33249
position  2:    T:0.32741    C:0.18528    A:0.28934    G:0.19797
position  3:    T:0.26904    C:0.20051    A:0.37563    G:0.15482
Average         T:0.28173    C:0.16582    A:0.32403    G:0.22843

Sums of codon usage counts
------------------------------------------------------------------------------
Phe F TTT      56 | Ser S TCT      84 | Tyr Y TAT      46 | Cys C TGT      23
      TTC      74 |       TCC      36 |       TAC      50 |       TGC      10
Leu L TTA     110 |       TCA      46 | *** * TAA       0 | *** * TGA       0
      TTG     228 |       TCG      16 |       TAG       0 | Trp W TGG       5
------------------------------------------------------------------------------
Leu L CTT      45 | Pro P CCT      22 | His H CAT      51 | Arg R CGT      27
      CTC      15 |       CCC       8 |       CAC      17 |       CGC       5
      CTA      62 |       CCA      75 | Gln Q CAA     104 |       CGA       4
      CTG      20 |       CCG      10 |       CAG      21 |       CGG       5
------------------------------------------------------------------------------
Ile I ATT     113 | Thr T ACT      34 | Asn N AAT      71 | Ser S AGT      43
      ATC      77 |       ACC      39 |       AAC      93 |       AGC      15
      ATA      31 |       ACA      45 | Lys K AAA     130 | Arg R AGA     151
Met M ATG      55 |       ACG      13 |       AAG     122 |       AGG      13
------------------------------------------------------------------------------
Val V GTT     159 | Ala A GCT     100 | Asp D GAT     146 | Gly G GGT     241
      GTC      63 |       GCC      62 |       GAC      55 |       GGC      36
      GTA      17 |       GCA      51 | Glu E GAA     124 |       GGA      39
      GTG      50 |       GCG      13 |       GAG      42 |       GGG      28
------------------------------------------------------------------------------


Codon position x base (3x4) table, overall

position  1:    T:0.22109    C:0.13847    A:0.29470    G:0.34574
position  2:    T:0.33136    C:0.18443    A:0.30231    G:0.18190
position  3:    T:0.35561    C:0.18472    A:0.27891    G:0.18077
Average         T:0.30269    C:0.16920    A:0.29197    G:0.23613

Codon frequencies under model, for use in evolver (TTT TTC TTA TTG ... GGG):
  0.01639344  0.01639344  0.01639344  0.01639344
  0.01639344  0.01639344  0.01639344  0.01639344
  0.01639344  0.01639344  0.00000000  0.00000000
  0.01639344  0.01639344  0.00000000  0.01639344
  0.01639344  0.01639344  0.01639344  0.01639344
  0.01639344  0.01639344  0.01639344  0.01639344
  0.01639344  0.01639344  0.01639344  0.01639344
  0.01639344  0.01639344  0.01639344  0.01639344
  0.01639344  0.01639344  0.01639344  0.01639344
  0.01639344  0.01639344  0.01639344  0.01639344
  0.01639344  0.01639344  0.01639344  0.01639344
  0.01639344  0.01639344  0.01639344  0.01639344
  0.01639344  0.01639344  0.01639344  0.01639344
  0.01639344  0.01639344  0.01639344  0.01639344
  0.01639344  0.01639344  0.01639344  0.01639344
  0.01639344  0.01639344  0.01639344  0.01639344


TREE #  1:  (((((1, 4), (3, 2)), 5), 6), ((7, 8), 9));   MP score: 1196
This is a rooted tree.  Please check!
lnL(ntime: 16  np: 18):  -7072.774224      +0.000000
  10..11   11..12   12..13   13..14   14..1    14..4    13..15   15..3    15..2    12..5    11..6    10..16   16..17   17..7    17..8    16..9  
 0.075094 0.079612 0.456985 0.140312 0.149655 0.068976 0.012933 0.271121 0.325243 1.250607 0.498156 0.031418 0.120234 2.334072 0.409428 0.827742 1.722347 0.107047

Note: Branch length is defined as number of nucleotide substitutions per codon (not per neucleotide site).

tree length =  7.051587

(((((1: 0.149655, 4: 0.068976): 0.140312, (3: 0.271121, 2: 0.325243): 0.012933): 0.456985, 5: 1.250607): 0.079612, 6: 0.498156): 0.075094, ((7: 2.334072, 8: 0.409428): 0.120234, 9: 0.827742): 0.031418);

(((((Scer: 0.149655, Spar: 0.068976): 0.140312, (Smik: 0.271121, Sbay: 0.325243): 0.012933): 0.456985, Ncas: 1.250607): 0.079612, Cgla: 0.498156): 0.075094, ((Agos: 2.334072, Klac: 0.409428): 0.120234, Calb: 0.827742): 0.031418);

Detailed output identifying parameters

kappa (ts/tv) =  1.72235

omega (dN/dS) =  0.10705

dN & dS for each branch

 branch          t       N       S   dN/dS      dN      dS  N*dN  S*dS

  10..11     0.075   859.2   322.8  0.1070  0.0076  0.0713   6.6  23.0
  11..12     0.080   859.2   322.8  0.1070  0.0081  0.0756   7.0  24.4
  12..13     0.457   859.2   322.8  0.1070  0.0465  0.4341  39.9 140.1
  13..14     0.140   859.2   322.8  0.1070  0.0143  0.1333  12.3  43.0
  14..1      0.150   859.2   322.8  0.1070  0.0152  0.1421  13.1  45.9
  14..4      0.069   859.2   322.8  0.1070  0.0070  0.0655   6.0  21.2
  13..15     0.013   859.2   322.8  0.1070  0.0013  0.0123   1.1   4.0
  15..3      0.271   859.2   322.8  0.1070  0.0276  0.2575  23.7  83.1
  15..2      0.325   859.2   322.8  0.1070  0.0331  0.3089  28.4  99.7
  12..5      1.251   859.2   322.8  0.1070  0.1272  1.1879 109.2 383.5
  11..6      0.498   859.2   322.8  0.1070  0.0507  0.4732  43.5 152.8
  10..16     0.031   859.2   322.8  0.1070  0.0032  0.0298   2.7   9.6
  16..17     0.120   859.2   322.8  0.1070  0.0122  0.1142  10.5  36.9
  17..7      2.334   859.2   322.8  0.1070  0.2373  2.2170 203.9 715.7
  17..8      0.409   859.2   322.8  0.1070  0.0416  0.3889  35.8 125.5
  16..9      0.828   859.2   322.8  0.1070  0.0842  0.7862  72.3 253.8

tree length for dN:       0.7170
tree length for dS:       6.6978


Time used:  0:12
