      9   1179

Scer                            CTT GAT GAT ATT TTT GCC GCA ACT AGA CCA ATT CTG ATG CAT TTG TCT AGA ATG ATC GAT GAC TTG GCC ATC GTA ACG GCC TTC GGG GGT ACA ACG GCG ATT GAG GCT ATC GAA GAG CGT GAA CTA GAT TCT TTG AGA AAG TGT GAA GAC TTC TAC AAT GAC GTC TTA TTT ATT GTC CTG GTT ACT GAC GTC CCA GCC AAT CTA ACA AAC GCC GAT GCC AAA CCC ATT TAT TTG GAT CAT AGT GCT AAA ATG AGA CAT TTA AGA AAG TGG ATC GTC GAA AAG GAT AGA ACT TTC AAG CTA GCG CTG GAT GTA AAC GCC TTC AGG GCA GTT GCT AGA CGT AGA GGG ATC AAC GAT TTA ATT GCT ATG CTC AAC GAT GTG AAC TTA ACA GAT CCA TTA GAA TTG ATG ACA TTG AAC ATT AGC TTG ATC ATT ATT AAG AGG TTG TAC AAG ATT CAT AAT AAT GAC CAA CGT GGC AAC TGG CCC AAC AAC GAA ATC TTT TAT GAA GAT CGT GAT GAC ATT AGG CAT TAT CTG CAG GCA TAC CTG CAG CGC TGT GAG ATT AAA TCT AAA GTT GTT TGT CTA GAC GAC TTT AAG GCT GCT GAA ATA GAA GAG AAT GCC CTT TTG AAG AGA CAA CTC GAA GAA ATT CTC ATT TTA ATT TTT AAA GAA ACC GAA GTC AAA ATC AAA GAT GGG AAG GAA ACA GAG ATA GCC AGT CCT GAT GAA GAT GAC GAA AAG GAT AAC GAT GAA GTA AAA CTG GGT AGC AAT GCG GAA GAA TCA TTT ACA CCA ACT GTT TTT ACA ATT TTT GGT AGC TTA CTT GAA TAC GGT TTA CTT ACC ACT CTT GAT TTA GGT ATC AAT GAC TTT AGA TTG CTG GAG GAA GTC CGT CAG GCC TCT AGA AGA CCT TCT AAG ACT GAA CTG GAC GAA GCA TTC TAT CTG AAG CGC CTT CTC CCT TTA GCC TCT CTC AAA GAC TTA GGT GAT AGG CGC AAC ACT AAG GTT TGG GAT GCA GAT CTT AGA GAC TAC AAT TTA GGT AAC AAT GAA GTG CAA TTT ATT ATG ATT CCT AAG CTT AGA ATC AGA GCA AAG GCC CGT AGA TTG AAG TTA ATG CAG GAA AAA GAG GGT GAG TTG GCA ATA AAT CCA GGT GCT ATC CTT TGT GCA GCC ACA CGA CTG CAC ACC TTA AAA GCC AAG CAT ATG AAG 
Sbay                            TTA GAC GAC ATT TTT GCC GCG ACT AGA CCT CTA CTG ATG CAT GTG TCT AGG ACG ATA GAT GAC TTG GCC ATC ATG ACG GCC TTT GCG GGT TCA ACG GCC ATC GAG GCT ATC GAA GAG CGG GAA CTT GAT TCG CTG AGA AAG TGT GAG GAT TTC TAC AAT GAC GTT CTA TTC ATT GTC CTG GTT ACT GAC GTC CCA GCG AAT CTG ACG AAT GCC GAT GCC AAG CCC ATC AAG TTG GAC CAT GCC GCA AAA ACG AGA CAT CTA AGA AAA TGG ATT GTT GAA AAG GAT AGA ACG TTC AAG CTA GCC CTA GAT ATG AAC GCC TTC CGG GCA GTC GCA AGA CGT AGG GCG GTC AAT GAC CTA ATC GCT ACG CTG AAT GAC GTG AAT TTG ACC GAT CCA TTG GAG TTG ATG ACC TTG AAT ATT AGC TTA ATT ATT CTA ATA CGG CTA TAC AAG ATC CAT AAC AAT GAC CAA CGT GGT AAC TGG CCC AAC AAT GAA ATA TTT TAT GAA GAT CGT GAC GAC ATC CGG CAT TAC CTA CAA GCG TAT CTG CAA CGT TGC GAG GTT AAG TCT AAG GTT GTT TGC CTG GAC GAC TTT AAG GCT GCT GAG ATA GAA GAA AAC GCC CTT CTG AAG AGA CAA CTG GAA GAA GTT ATC CTA CTA ATT ACA AAG GAG ACC GAA GTC AAA ATT AAA GAT GCG AAG GAG ACT GAG ATA GCC GCC CCT GAT GAA GAT GAC GAA AAA GAC AAC GAT GAG GTA AAA CTG GGT AGT AAT GCC GAA GAG TCA TTC ACT CCA ACT GTC TTC ACC ATC TTT GGT AGC CTA CTG GAA TAC GGT CTA CTC ACC ACC CTG GAT CTA GGT ATT AAT GAC TTC AGA CTA CTG GAG GAA GTC CGG CAG GCC TCG AGA AGA CCT GGT AAG ACC GAG TTG GAC GAA GCA TTC TAT CTG AAG CGC CTG CTC CCT TTA GCC GGT CTC AAG GAC CTA GGT GAC CGG CGC AAC ACT AAG GTC TGG GAC GCA GAC TTA AGA GAC TAC AAT CTT GGG AAT AAT GAA GTA CAA TTC ATC TTG ATC CCT AAG CTG AGG ATT AGA GCG AAG GCC CGT AGA CTA CAA CTA ATG CAG GAA AAA GAG GGT GAC TTG GCG ATA AAT CCA GGT GCT ATC CTC TGC GCG GCT ACC CGA TTG CAC ACC TTG AAA GCC AAG CAT TTG AAG 
Smik                            CTT GAT GAC ATT TTT GCC GCC ACC AGA CCA ATT CTG ATG CAT TTG TCT AGA ACT ATC GAT GAT TTG GCT ATC GTA ACG GCC TTC GGG GGT ACG ACG GCT ATC GAA GCT ATC GAA GAG CGT GAA CTT GAT TCT CTG AGA AAG TGT GAG GAC TTC TAC AAT GAC GTC TTA TTC ATT GTC TTG GTT ACT GAT GTC CCG GCC AAT TTA ACA AAC GCC GAT GCA AAG CCT ATT TAT TTG GAC CAT AGC GCT AAA ACT AGA CAT CTA AGG AAA TGG ATT GTC GAA AAG GAT AGA ACC TTT AAG TTA GCT TTA GAT GTA AAC GCA TTT ATG GCA GTT GCT AGG CGT AGA GGG ATC AAC GAC CTA ATT GCT ACT CTC AAT GAC GTG AAT TTA ACC GAT CCA TTG GAG TTG ATG ACA TTG AAT ATT AGC TTG ATT ATT ATT AAG ATG TTG TAC AAG ATC CAC AAC AAT GAC CAA CGT GGT AAC TGG CCC AAT AAT GAA ATC TTT TAC GAA GAT CGT GAT GAC ATT ATG CAC TAT TTA CAG GCG TAC CTG CAG CGC TGC GAA ATT AAA TCT AAG GTT GTT TGC CTA GAC GAC TTT AAG GCT GCA GAG ATA GAA GAG AAC GCC CTT CTG AAG AGA CAA CTC GAA GAA ATT CTC ATT CTA ATT TTT AAA GAA ACC GAA GTC AAA ATT AAG GAT GGG AAA GAA ACT GAG ATA GCA AGC CCT GAT GAG GAT GAC GAA AAA GAT AAC GAT GAA GTA AAA TTG GGT AGT AAT GCT GAA GAG TCA TTT ACC CCA ACT GTT TTT ACA ATT TTT GGT AGC TTA CTG GAA TAC GGT CTA CTT ACT ACA CTT GAT TTA GGT ATT AAT GAC TTT AGG TTG TTA GAA GAA GTC CGT CAG GCA TCC AGG AGA CCT TCT AAG ACA GAA TTA GAC GAA GCA TTC TAT CTG AAG CGC GTT CTC CCT TTA GCC TCT CTC AAG GAT CTA GGC GAT ATG CGC AAT ACT AAG GTT TGG GAC GCA GAC CTT AGA GAT TAC AAC CTA GGT AAC AAT GAA GTG CAA TTC ATT ATG ATT CCT AAG CTT AGA ATT AGA GCG AAG GCC CGT AGA TTG AAG TTA ATG CAG GAA AAA GAG GGT GAC TTG GCC ATA AAT CCA GGT GCT ATC CTT TGC GCG GCT ACC CGA CTA CAC ACC TTG AAA GCA AAG CAT ATG AAA 
Spar                            CTT GAC GAC ATT TTT GCC GCA ACT AGA CCA ATT CTA ATG CAT TTG TCC AGA ACG ATC GAT GAC CTG GCT ATC GTG ACG GCC TTC GGG GGT ACG ACG GCG ATC GAG GCC ATC GAA GAG CGT GAA CTA GAT TCT CTG AGA AAG TGT GAG GAC TTC TAC AAT GAC GTC TTA TTC ATT GTC CTG GTC ACC GAC GTC CCG GCT AAT TTA ACA AAC GCC GAT GCG AAA CCC ATT TAT TTG GAT CAC AGT GCT AAA ACG AGA CAT TTG AGA AAG TGG ATC GTC GAA AAG GAT AGA ACG TTC AAG CTG GCG CTA GAT GTG AAT GCC TTC AGG GCA GTT GCT AGA CGT AGA GGG ATC AAC GAT TTG ATT GCC ACG CTC AAT GAC GTG AAT TTA ACC GAT CCG TTA GAA TTG ATG ACA CTG AAT ATT AGC TTG ATC ATT ATT AAG AGG CTG TAC AAG ATT CAT AAT AAT GAC CAA CGT GGC AAT TGG CCC AAT AAT GAA ATC TTT TAC GAA GAT CGT GAT GAT ATC AGG CAT TAT CTA CAG GCG TAC CTA CAG CGC TGT GAG ATA AAA TCC AAG GTT GTT TGT CTG GAC GAC TTT AAG GCT GCC GAA ATA GAA GAA AAT GCC CTT CTG AAG AGA CAA CTC GAA GAA ATA CTA ATT TTG ATT TTC AAA GAA ACC GAA GTC AAA ATC AAA GAT GGG AAA GAA ACC GAA ATA GCG AGT CCT GAT GAA GAT GAC GAA AAG GAC AAT GAT GAA GTA AAA CTG GGT AGC AAT GCG GAA GAG TCA TTC ACA CCA ACC GTT TTT ACA ATC TTT GGT AGC TTA CTG GAG TAC GGT TTG CTT ACT ACT CTT GAT TTA GGT ATC AAT GAC TTC AGG CTG CTG GAG GAG GTC CGT CAG GCG TCT AGA AGA CCT TCC AAG ACT GAA CTG GAT GAG GCA TTC TAT CTG AAG CGC CTT CTC CCT TTA GCC TCC CTC AAA GAC TTG GGT GAC AGG CGC AAT ACC AAG GTT TGG GAT GCA GAT CTT AGA GAC TAC AAT CTA GGT AAC AAT GAA GTG CAA TTC ATT ATG ATT CCT AAG CTT AGA ATC AGA GCG AAG GCC CGT AGG CTG AAG TTA ATG CAG GAA AAA GAG GGT GAT TTG GCA ATA AAT CCG GGT GCT ATC CTT TGT GCG GCT ACC CGA CTA CAC ACC TTA AAA GCG AAG CAT ATG AAA 
Ncas                            TTA GAT GAT ATT ATT GCT GCA ACT AGG CCA ATT CTG ATG AAA CTA TCA TCC TCA ATT GAT GAC TTA GCC ATT GTT ACG CCA TTT TCG GGA ACT ACG GCT ATT GAA GCT ATT GAA GAA CGA GAG TTA GAC TCC CTA AGA AAG TGT GAA CAA TTT TAC AAT GAC GTG TTA TTC ATC GTC CTT GTG ACG GAC GTC CCG GTA AAT TTG ACA AAC GCT GAT TCG AAA CCC ATC TAT TTG ACA AGA AGT GCA AAA TCA AGA CAT CTA AGA AAG TGG ATA GTG GAA AAG GAT AGA AAA TAC AAG TTG GCT TTA GAC GTT AAT GCC TAC CGT TCG GTT GCA AGA CGT TCC TCG GTC AAC ACA CTA ATA GCT TCA CTA AAT GAT GTA AAT GTT AAC GAC CCT TTA GAG TTG ATG ACA TTA AAT ATT AGT TTA ATC ATT ATT AAA CGT CTG TAC AAA ATT CAT AAT AAT GAT CAA CGT GGT AAC TGG CCA AAT AAT GAA ATT TTT TAT GAA GAC CGT GAT GAT ATC CGT CAT CAT TTA CAA GCA TAC TTG CAA AGA TGT GAA ATA GCG TCA AAA GTT GTC TGT CTG GAT GAT TTT AAG GAT GCT GAG CTT GAA GAA AAT GCT CTT CTA AAG AGA CAA CTA GAA GAA ATA TTC ATT CTA ATC TTT GCG GAG GTA GAA GTC AAG ATT AAA GAT TCG AAA GAA ACT GAA CTT TCG AGT CCT GAT GAA GAC GAT GAA AAG GAT AAT GAT GAA GTG AAA TTA GGT AGT AAC GCT GAA GAA TCT TTT ACA CCA ACG GTT TTC ACA ATA ATT GGC AGT TTA CTA GAA TAT GGC CTA ATA ACT ACT CTG GAC TTA GGT ATT AAT GAC TTT AGA CTG TTT GAA GAA GTC CGA CAG TCG TCT AGA AGA CCT TCC AAA ACT GAA TTA GAT GAA TCG TTT TAT TTA AAA CGT TTG ATG CCT TTG GCT TCC ATG AAA GAC CTA GGA GAT CGT CGT AGT ACG AAG GTT TGG ACA GCT ACA TTA AGG GAT TAC AAT CTA GGT AAT AAT AAT GTG CAA TTC ATA ATG ATC CCT AAA TTA TCC ATC AGA GCA AAG GCA AGA AGA CTG AAG TTA ATG CAG GAA AAA GAA GGT GAA TTA GCA CTT AAC CCT GGC GCT ATT ATA TCA GCA GCA AAC CAA TTA CAT GTA TTA AAA TCG AAG AAA ATG AAA 
Cgla                            CTA GAC GAT ATA ATT GCC ATG ACC CGG CCG ATC CTT ATG GAG ATA TCT AAT GCG ATC ATA GAT CTG GCG ATT GAT ACA CCA TTT TCT GGT ACA ACA GCG ATC GAA GCT GTG GAG GAG AGA GAA CTT GAT TCA TTA AGA AAG TGT GAA TCC TTT TAC AAT GAT GTT ATA TTC ATC GTG CTG GTC ACA GAT GTG CCA GCT AAC TTG TCT AAC GCC GAT GCA AAG CCA ATA TAC TTA TCT AAA AGT GCT AGG GCG CGT CAT TTA AGG AAG TGG ATT GTT GAA AAT ATA CGT ACT TTG AAG CTG GCG TTG GAC GAT AAT GCA TTG CGT GCA ATC GCT AGG CGC AAT TCT GTA AAC TCT TTA ATA GCT GCG TTA AAT GAT GTG AAT GTG ACG GAT CCT ATT GAG TTA TTC ACT CTG AGC ATT AGT CTC ATC ATT ATC AAA CGT CTT TAC AAA ATC TAT AAC AAC GAT CAA AGG GGT AAT TGG CCA AAC AAT GAG ATC TTT TAC GAG GAT AGA GAT GAC ATT CGT TAT TAT TTG CAA GCC TAT CTG CAG AGA TGT GAA TTG AAA TCT ACG GTT GTT TGT CTA GAT GAA TTC AAT GCC GCA GAG CTT GAA GAA AAC GCC CTG TTA AAA CGT CAA TTA GAG GAG TTG ACC ATC TTA ATC TTT AAA GAG GTT GAA GTG AAA ATT CAG GAT TCT AAA GAA CCT GAA CTT GCA AGT CCT ATA GAG GAC GAA GAG AAG GAC AAT GAT GAA GTT AAG TTG GGT AGT AAC GCG GAG GAA TCT TTT TCT CCT ACA ATC TTT ACT ATT ATT GGA AGT ATA TTG GAA TAT GGA TTA ATA ACT ACC CTG GAT ATA GGT ATT AAC GAC TTC AGA CTT CTA GAA GAA GTG AGA CAA GCA TCC AGG CGT CCT TCA AAG ACC GAA ATG GAC GAA GCA TTC TAT CTT AAG CGT CTA TTG CCT TTG GGT TCA TTG AAG GAT TTA GGG GAC CGT CGT TCT ACA AAA ATC TGG TCT GCC TCT CTA AGG GAT TAC AAT CTG GGG AAT AAC GAA GTA CAG TTC ATA ATG ATT CCT AAG CTT AAT ATC AGA GCC AAA GCT AGG AGA CTT AAG ATA ATG CAA GAT AAG GAA GGT GAA TTG ATG CTT AAT CCT GGA GCT ATC ATA TCT GCC GGT ACG GCC TTA CAC GTT ATT AGG GCA AAG GAG ATG AAA 
Agos                            CTG GAG GAT ATA ATG GCC GAA ACG AAG CCT ATC CTC ATG CAC GTC TCT GAG GCA ATC ACC GAT TTG GCG ATT CTG ACG CCG TTC TCG GGA ACT ACG GCG ATC GAG GCT GTC GAG GAG CGC GAG CTC GAT TCT CTA CGT AAA TGC GAG GCA CTG TAC CGG GAC GTG GTA TTT ATT GTG CTG ATC ACT GAT GTG CCG ACG AAC TTG AGC GAG GCC GAT GCG AAG CCG ATC TAT CTG AGC AAA AGC GCC AAA GCA CGC CAC CTG AGA AAG TGG ATC GTG GAA TCT ACC CGC ACC TAC AAG CTT GCG TTG GAC CTG AAC GCA TAC CGC GCA GTT GCC AGA CGC GAG TCG GTG GAG AGC CTG CTC GCT GCA CTA AAC GAT GTG AAC GCG ACC GAC CCA CTG GAG CTG ACC ACG TTG AAC ATA GGA CTG ATC ATA ATC AAG CGC CTG TAC AAG ATT CAC AAC AAC GAT CAG CGC GGC AAC TGG CCA AAC AAC GAA ATC TTC TAC GAA GAT CGT GAT GAC ATC CGC CAC TAC TTG CAA GCG TAT CTC CAG AGG TGC GAG ATC GCG TCT CGT GTA GTG TGC CTC GAT GAT TTC TCT GAG GCC GAG ACG GAA GAG AAC GCC GTT CTA AAG CGC CAA CTA GAG GAG ATC GCG ATC CTG ATT TTC GCG GAG GCA GAA GTG AAC ATG AAC GAC TCG AAA GAG ACA GAA ACG GCG AGC CCT ACC GAG GAC GAT GAG AAG GAG AAC GAC GAC GTC AAG ATG GGT AGT AAC GCG GAG GAG TCA TTT CCA CCG ACT GTT TTC ACG CTG ATG GGC GGA GTA CTG GAG TAC GGC CTG GTG ACA TCG CTA GAC GTA GGT ATG CAG GAT TTT CGC CTG CTG GAG GAG GTG CGC CAG GCG TCG AGA CGC CCT TCT CGC TCG GAC CTG GAC GAG GCA TTC TAC CTG CGC AGG CTA CTT CCT CTG GCA TCT CTT AAG GAT CTG GGG GAG CGC AGG AAT ACT AAG GTT TGG AGC GCA AGC CTG CGC GAC TAC TAC CTG GGC AAC CAG AAG GTG CAA TTT CTC ATG ATC CCT AAG CTG GAG ATC CGT GCG AAG GCC CGG AGA CTG AAG GTA ATG CAG GAG AAG GAA GGT AAG CTG GAA ACG AAT CCA GGC GCC ATC GTG TCG GCG GAA ACC AGC TTA CAC GCA CTG AAA GCG AAG CAC ATG AAA 
Klac                            TTG GAT GAC ATC TTT GCT GAG TGT AGG CCA ATT CTT ATG CAT TTG TCT GAA ACA CTG AGC GAT TTG GCA ATT CTT ACT CAG TTT GGT GGC ACT ACT GCT ATT GAA GCT CTT GAA GAG AGA GAA CTC GAT ACT CTA AGA AAG TGT GAG GGA TTA TAC CTC GGT GTT ATC TTC ATT GTG CTG GTC ACT GAT GTG CCA CAG AAC TTG CTT GAA GCA GAC GGT AAA CCG ATC TAC TTG GGC CGT TCT GCG AAG ACA AGA CAT TTG AGA AAG TGG ATT GTT GAA AAA AGC AGA AGC TAC AAG CTT GCT TTA GAT CTT AAT GCT TAC CGT GCC GTT GCG AGA CGT GAA GGT GTT GAA GGC TTG ATA GCT ACA TTA CAT GAC GTT CAT GTT AGT GAT CCA CTT GAA TTG AAA ACG TTG AAT GTC AGT CTT ATC GTC ATT AAA CGT CTA TAC CAG ATC CAC AAC AAC GAT CAA CGT GGT AAC TGG CCT AAC CAT GAA CTG TTT TAC GAA GAT CGT GAT GAC GTA CGT CAC TAT TTA CAA TCT TAC TTA CAA AGA TGT GAA ATC GAA TCT AAA GTT GTT TGT CTG GAT GAT TTT AAA GAT GCA GAA GAG GAA GAA AAC GCT CTA CTA AAA AGA CAA TTA GAA GAA ATC TCA ATT TTG ATT TTC GAA GAG GTG GAA GTG AGG ATG AAA GAC GGT AAG GAA ACG GAG GAG GGT TCT CCA AGC GAA GAT GAT GAA AAG GAT AAT GAC GAG GTT AAG ATG GGT AGT TTA GCT GAA GAG AAC TTT CCA CCT ACT GTT TTT ACG GTT TTT GGT AGT ATC CTT GAA TAT GGT TTG ATC ACC ACC TTA GAT ATC GGT ATG AAT GAC TTT AGG CTA CTA GAA GAA GTG AGA CAG GGT TCC AGA AGA CCA TCC AAA ACC GAG TTA GAC GAA GCC TTT TAT TTA AAA CGT TTG ATG CCA ATG TCA TCC ATG AAA GAT TTG GGG GAT CGT CGT AAC ACT AAA GTT TGG GGC AAC GGC TTG AGA GAT TAC TAT CTT AGT AAT AAT GAA GTC AAA TTC ATA ATG ATC CCA AAG TTG GAA ATC AGA TCT AAG GCA AAG AGG CTA AAG ATC ATG CAG GAG AAG GAA GGT AGA TTG GAG GAG AAT CCA GGT GCT ATC ATC TCG TCT GCC AGT TTT TTA CAC GTG CTT AAG GGT AAG CAT ATG AAG 
Calb                            TTA GAA GAT ATT ATT GCA AAT TCA AAA AAT ATC TTA ATG TCT TTA TCA GAT AAC GTT GAT GAC TTA GCT ATG ATC ACA TCA TTT TCA GGA ACA ACA GGT ATT GAA GCC ATA GAA GAA AGA GAA TTG GAT TCT TTG AGA AAG ACA GAA ATT TTA TAC AAT GAT GTT TTA TTC GTT GTT ATA GTT ACA GAC GTT CCA GTG AAC TTA TCA AAA GCA AAT AGT AAA CCT AAT TAT TTG GCA AGA AGT ATT CAA AAC AGA CAT GAA AGG AAA TGG TTG GTT GAA AAA GAT AGA ACT TAT AAA ATA GGT TTA GAC ATC AAT GCC TAT AGA GCT GTT ATT AGG CGT GAT TCA GTT AAA GCA GAA CTA GCC AAC CTA AAC GAT GTA AAC GCA ACT GAT CCA TTA GCC TTG ACA ACC TTA TCC GTT AGT TTA ATC GTT ATC AAG AGA AAA TAC AAA ATT TTT AAT AAC GAA CAA CGT GGG AAT TGG CCG AAC AAC GAA GTT TTT TAT GAA GAT CGT AAC GAT ATA AGA TTT ATA TTA CAA TCA TGG TTA CAA AGA TGT GAA ATT ATA TCA AAA GTT GTT TGT CTA GAA GAA TTT AAA AAA GCG GCC TTA GAA GAG AAT GCA TTG TTG AGA AGA CAA CTA GAA GAA ATT TTG ATC GAA GTT TTC ATA GAA GAA GAT GTT GAT TTA AAA GAT TCA AAG AAT ACT ATT TTA AGT AGT CCA GAT GAA GAC GAA GAA AAA GAA AAT GAT GAA AGT AAG TTA GGT TCG CAA GGT GAA GAA AGC ATT TCG CCA ACA GTT TTT ACC GTT ATT GGT AGT TTA TTG GAA TAC GGT GAA ATT CAA ATG ATA GAT TTA GGT TTA TAC GAC TTC AAA AAA TTA GAA GAA GTT AGA CAA AGT TCT AGG AGA CCA TCG GTG ATG GAA TTA GAT GAA GCT TTC TAT TTA GTG AGA TTT TTA CCA CTA ATT TCG TTA AAA GAC GAA GGT GAA AGA AGA AAC ACA AGA GTT TGG GCA AGT GCA TTA AGG GAT TAC AAT TTA AAT AAC TAC ATA GTT AGA TTC CTA ATG ATC CCA AAG TTA GAT ATC AGA TCA GAA GCT TAT AGA AAA TTG TTA ATG CAA GAA AAG GAA GGT AAA TTG AAT TTA AAT CCA GGT GCT ATT ATT ACT TCA GCC ACT AAG TTA CAT GAA TTA CAA AGT AAG TCT ATG AAG 



Printing out site pattern counts


         9        750  P

Scer                            AAA AAA AAA AAA AAA AAA AAA AAC AAC AAC AAC AAC AAC AAC AAC AAG AAG AAG AAG AAG AAG AAG AAG AAG AAG AAG AAG AAG AAT AAT AAT AAT AAT AAT AAT ACA ACA ACA ACA ACA ACA ACC ACC ACG ACT ACT ACT ACT AGA AGA AGA AGA AGA AGA AGA AGA AGC AGC AGG AGT ATA ATC ATC ATC ATC ATC ATC ATC ATC ATG ATG ATG ATG ATT ATT ATT ATT ATT ATT ATT ATT ATT ATT ATT ATT CAA CAA CAA CAC CAG CAG CAG CAT CAT CAT CAT CCA CCA CCA CCA CCC CCC CCT CGA CGC CGC CGT CGT CGT CGT CGT CTA CTA CTA CTA CTC CTC CTC CTG CTG CTG CTG CTG CTG CTG CTG CTG CTT CTT CTT CTT CTT CTT CTT GAA GAA GAA GAA GAA GAA GAA GAA GAA GAA GAA GAA GAA GAA GAC GAC GAC GAC GAC GAC GAC GAC GAG GAG GAG GAG GAG GAG GAT GAT GAT GAT GAT GAT GAT GAT GAT GAT GCA GCA GCA GCA GCC GCC GCC GCC GCC GCC GCC GCC GCC GCC GCG GCT GCT GCT GCT GCT GGC GGG GGT GGT GGT GGT GGT GTA GTA GTC GTC GTG GTG GTT GTT GTT GTT TAC TAC TAC TAT TAT TAT TAT TCA TCT TCT TCT TCT TGG TGT TGT TGT TTA TTA TTA TTA TTA TTA TTC TTC TTC TTC TTG TTG TTG TTG TTG TTG TTG TTT TTT TTT TTT TTT TTT TTT TTT 
Sbay                            ... ... ... ... ..G ..G ..G ... ... ... ... ..T ..T ..T ..T ..A ... ... ... ... ... ... ... ... ... ... .TA C.A ..C ... ... ... ... ... ... ..C ..C ..G ..T ..T T.. ... ... ... ..C ..G ... ... ... ... ... ... ... ... ... ..G ... ..T C.. GCC ... ..A ... ... ... ..T ..T ..T G.. .C. ... ... T.. ..C ..C ..C ..C ..C ..C ..C ... ... ... C.A G.. ... ... ... ... ..A ..A ... ... ... ... ... ... ... ... ..T ... ... ... ... ... ..T ..G ... ... ... ... ... ..G ..G ..T A.. ... ..G ..A ... ... ... ... ... ... T.. T.. ..C ..G ..G ..G ..G ... T.A ... ... ... ... ... ... ... ... ... ..G ..G ..G ..G ..G ... ... ... ... ... ... ... ..T ..A ..C ... ... ... ... ..C ..C ..C ..C ... ... ... ... ... ... ... ... ..G ..G ... ... ... ... ... ... ... ... ..G ..T ..C ..A ... ... ... ... ..T .C. ..G ... ... ... ... A.G ... ... ..T ..A ... ..C ... ... ... ... ... ..T A.G ..C ... ... ... GG. ..G ..G ... ... ..C ..C ... C.. C.. C.T ... ..G ..G ... ... ... ..T C.A C.. G.. ..A ... ... ... ACA ..C ..C ..C ..C ... ... ... 
Smik                            ... ... ... ..G ... ..G ..G ... ... ..T ..T ... ... ..T ..T ..A ..A ... ... ... ... ... ... ... ... ... ... ... ..C ..C ... ... ... ... ... ... ..C ... ..C ..T ..G ... ..T ... ..A ..C ..C ... ... ... ... ... ... ..G ..G ... ... ..T .T. ..C ... ... ... ... ... ..T ..T ..T ... .CT ... ... ... ..C ..C ... ... ... ... ... ... ... ... ... ... ... ... ... ... ... ... ... ..C ... ... ... ... ... ..G ... ... ..T ... ... ... ... ... ... ... ... ... T.. ... T.. ..T ... ... ... T.A ... ... ... T.A T.. T.. ..A T.A ... ..G ... ... G.. ... ... ... ... ... ... ... ... ... ... ..G ... ... ... ..G ..G ... ... ... ... ... ..T ..T ... ... ..C ..A ... ... ... ..C ..C ... ... ... ... ... ... ... ... ... ... ..C ..G ..A ..A ... ... ... ... ... ..T ... ..T ..T ... ..A ... ... ... ..T ... ... ..C ... ... ... ... ... ... ... ... ... ... ... ... ... ... ... ... ... ... ..C ... ... ... ..C ... ... ... ..C ..C ... C.. ... C.. ... ... ..G ... ... ..T ... ... C.. ... ... ... ... ... ... ..C ... ... ... ... ... ... 
Spar                            ... ... ... ... ... ... ..G ..T ..T ..T ..T ... ... ..T ..T ... ..A ... ... ... ... ... ... ... ... ... ... ... ... ... ... ... ... ... ... ... ..C ... ... ..C ..G ... ..T ... ... ..G ... ..C ... ... ... ... ..G ... ..G ... ... ... ... ... ... ... ... ... ... ... ... ... ... .C. ... ... ... ..C ... ..C ..C ... ... ... ... ... ... ... ..A ... ... ... ... ... ... ... ... ..C ... ... ... ..G ..G ... ... ... ... ... ... ... ... ... ... ... ... ..G ..G T.. ... ..A ... ... ..A ..A ..A ... ... ... ... ..A ... ... ..G ... ... ... ... ... ... ... ... ... ... ... ... ..G ... ... ... ... ... ..G ... ... ... ... ..T ... ... ... ..A ..T ... ..A ... ... ..C ... ..C ... ... ... ... ... ... ... ... ... ... ..G ... ..G ... ... ... ... ... ..T ..T ..T ... ... ..C ..C ... ... ... ... ... ... ... ... ... ..G ... ... ... ... ... ... ..C ... ... ... ... ... ... ... ..C ... ... ..C ... ... ..C ... ... ... ... ..G ... C.. ... ... ... ... ... ... ... C.. C.. ... ... C.. ... ... ..C ..C ..C ..C ... ... ... ... 
Ncas                            ... ... ..G ... GCG ... ... ... ..T ..T .GT ... ..T ..T ..T ... ..A ..A ..A ..A ... ... ... ... ... ... ..A ... ... ... ..C ..C ... ... ... ... .AC ... ... ..T ..T GTA ..T ... ... .AA ... ..G ... ... ..G ..G ... ... ... TCC ..T ..T C.T ... C.T ..T ..T ..T ..T ..A ... ..T G.. TCA ... ... ... ... ... ..A ..C ..A ..C ..C ..C ... ... ... ..A ... ... ... ..T ..A ..A ... ... AGA A.A ... ... ..T ..G ... ..A ... ... .A. ..T A.A ..A A.A ... ... ... T.G ..G T.G T.. T.. A.G ..A T.A ... T.. T.A T.T ..T T.A T.A T.A A.A ..A ..G T.A T.G ... T.A A.T ... ... ... ... ... ..G ... ... ... ... ..G ..G ... ... ... ..T ..T ..T ... ..T C.A ..A ..A ..A ..A ..A ..A ... ACA ... ... ..C ..C ..C ... ... ... ..T T.G ... ... ... T.G C.A ..A ..T ..T ..T ... .TA ..A ..T ..A ... ... .A. ... ..T TC. ... ..A ..A ..C ... ..T ..G ... ..G ... ..A ... ..G ..C ... ... ..T ... ... C.. ... ... ..T ..C ... ..C ..A ... .CA ... ... C.. ... C.. ..G G.T ... ..T ..T .A. ..T C.. C.A C.A ..A ..A ..A ... ... ..C ... ... ..C A.. ... ... 
Cgla                            ..G .GG ... C.G ... ..G .CG ..T ..T ... TCT ... ..T ..T .G. ... ..A ..A ... ... ..A ..A ... ... ... ..T ..A ... ..C ... ..C ... ..C ..C ... ..T ..G T.T T.T C.T ... GTT ..T ..A ..C ... ..C ..A ... C.T ..G C.G ... ..G ... .AT ..T ..T C.T ... C.T ... ... ..T G.G ..T ... ..T G.A GC. ... T.C ... ..C ..C ... ... ..A ..A ... ..C ..A ... ..C T.G ... ... ..G ... ..A ... ..A T.. A.A G.G ... ..T ..T ... ..G ..A ..A ... GCC ..T A.A A.A A.G A.A A.G ..C ..G ... T.G ..T AC. T.G T.A T.. ..T ... ..T ..A ... T.. T.A A.. A.A T.G ..G ... ..A ..G ..A ... ... ... ..G ..G ..T ... ... ..G ... ... ..G ..G ... ... ..T ..A ..T ... ..T ..T TC. ..A ..A ..A ..A ..A ... ... TC. ..C ... ..C ... ... ATA ... ... ..C ... ATG ..C ..A ..A C.A ..T ... ... .GT ..G ..T .GT ... ... ..A ... ..C ... ..T TCT ..G ..G ... ..A ... .AT ..T ..G ..T ..A ... A.C ..C ... ... ... ..T ..T ..C ... ..C ... ..T ..A ..C ..A ... ... .C. ... ... ... A.. C.G ..G G.G A.T ... ..T ..G ..T C.T ..A A.A C.C C.. ... ..A ... ..C ..C ... ... A.. ..C ... 
Agos                            ..G ... ..C ..C GCG ..G CGT ... ... ... ..T G.G ... ... ... ... ..A ... ... CGC ... ... ..A ... ... TCT ... ... ..C T.C ..C ... ..C C.G CGG ..G ..C .GC C.. ... ..T G.A ..A ... T.G ..C ..G ... C.T C.C C.C .AG ... ... C.C GAG G.A ..T C.C ..C .CG ... ... ..T G.. ... ... ..G G.G GCA ... .CC ... ..C ... C.G ..C C.C ..C ..C ... ..A ..A ..C ..C ... ..G ... ... ..A ... ... ..C A.A ..C ..C ..G ... ..G ..T ..A ..G ... A.C A.G A.G ..C ..G ... ..C ..C ..T ..C T.G ..C GCG ..T ..A T.. ..C ..C ... ... ... A.. T.A ... G.G ..G ..A ..G ..A G.. ..G A.G ... ... ... ..G ..G ..G ..G ..G ..C ..G ..G ..G ..G ..T ... ..T ..T ... ..T ... .CA ... A.. ... ..A ..A ... ... AGC ..G ... ..C ..C ... ACC ..C ... ... ... .A. ..G ..A ..G C.G ... ... ... ..A ..G A.G .AA ... ..C ..C ... .AG ..C ... TC. ..C ..G ..A ..C ... C.G ..C ..G ..G ... ... ... A.C ..G ..A ... ... ..T ... ..C ..C ..C ... ... ..G ... ... ... .CG ..C ..C C.G G.. C.G C.G GCG C.G ... C.G .A. ... C.. C.A G.C C.. ... C.. C.. ..C ... ... ... ..C A.G ..C ..C 
Klac                            ..G ..G .GG ... G.. ... ... ... ..T ... ... G.A ..T C.T ..T ... ... C.. ... ..A ..A ... ... ... ... ..A ..A ... ..C T.. TTA ... ..C ... CTC ..G .GT CTT C.. ..G ..T GTG ... ..T ..C .GC TG. ... ... ... ... ..G ..G ... ..G GA. ..T ..T C.T TC. GAG C.G ... ..T C.T ..T ... ..G G.T .CA ... .AA ... ... ..C G.. G.A ..A ..C ..C ... ..C G.C ... ..C ... ... A.. ... ..A ..A ... ..C .G. ... ... ..T ... ... ... ..T ..G ..A TTT ..T A.A A.A AAG ... ... ... ..T ..G T.G ..C TCA A.G T.A T.A ..T T.A T.A ..A ... A.. T.A T.A A.C ... T.A T.G T.G ..A T.G ... ... ... ... ... ..G ... ... ... ..G ... ..G ... ..G ... .GT ..T ..T ... ..T ..T .GA ..A AGA ..A ... ..A ... ..C .GC ... ... ... ... ... AGC ..C ..C AAC ..C .AG T.T ..T .GT CAG ..A ..A ..T T.A ..A CAG ... ..T ..G ..A ... .A. ... ..T ..T A.. ..G ..C ... ... C.T ..T ..G ..T ..C ..T ... ..C ... ... ... ..T ... ..C ... ..C ... AAC ..C ..C A.. ... ... .CG ... ... ..G A.C C.T A.G G.T C.T ..T ..A .A. ..T C.A C.A ... C.T ... ... ... ..C ..C ... ... ... ... ... ... 
Calb                            ..G C.. G.T ... .T. ... ... ..T ..T ... ... ..A ... ... TC. ..A ... ..A ... GT. .GA G.A ... ..A ... ..A ... TT. ... ... C.A ... ..C T.C ... ..C ..T T.. T.G ..T ... GAA CAA ..A .TG ... T.A ..A ... ... ..G .A. ... ..G .A. GAT ..T TCG ..A ... T.. G.T ..T ..G ..A T.G ... T.A G.T .AC ... .CA ... ... ... G.. ..A C.A .A. ..C G.. ... G.. ..C ... ... ... AG. ..T ..A ..A ..A TT. AGA TC. ... ... ... ... AAT ..G ..T ..A AAG A.A A.A A.A TA. ... ... ... A.. ... T.. T.G T.G T.A ..A T.A T.A T.A T.A T.A A.A T.A T.A T.A A.. T.G A.A T.A T.. T.G T.A AT. ... ..T ... ... ... ... ... ... ... A.T ... .CC ... ... ..T ..A ..A ..T ... ..T ATT ... A.A ..A ATT ..A ..A ... .CA ..A A.C ..C ... ... ... ... A.. AGT ..T AAT T.. ... AGT T.A ..T ..A ..A ATT ..T .TG ... .GT AT. ..G ..C AAA ... ..G TCA AA. ... ..A ... ... A.C AGT ..T ..T ..T ..A ... ... ... ... ... ... .GG ... ATA ... ... AGC ..G ... ... ..A ... AC. ... ACA GA. ... ... C.. GC. ... ... ..A .AT ..T AAA ... ..A ..A ..A ... ... ..C ..C ..C A.. ... A.. ... ... 

    2    2    1    1    2    2    1    1    2    1    1    2    1    3    1
    2    2    1    1    2    2    1    1    1    1    2    1    1    2    1
    1    1    2    2    1    2    2    1    1    1    1    2    1    2    2
    1    1    3    2    4    1    1    1    3    1    3    2    1    4    2
    3    2    1    1    1    1    2    2    1    3    2    1    2    1    1
    1    1    2    1    1    2    1    2    3    2    1    1    1    1    1
    1    2    2    1    2    1    1    2    1    1    1    1    4    1    2
    1    2    1    1    1    1    1    1    1    1    1    2    2    2    1
    1    1    1    1    1    1    1    2    1    1    1    1    1    2    1
    2    1    2    5    1    1    3    1    2    1    1    2    2    1    1
    2    2    2    3    1    1    1    1    3    1    1    1    2    4    3
    1    2    2    2    3    2    1    1    2    2    3    1    4    1    1
    1    2    1    1    1    1    3    2    1    2    1    1    1    3    1
    1    1    3    3    2    1    4    2    1    1    3    1    1    1    3
    1    1    1    1    1    1    1    2    1    1    2    3    1    2    1
    5    4    1    1    1    2    1    1    2    1    3    2    1    1    2
    1    2    1    2    1    1    1    2    1    1

CODONML (in paml version 4.9j, February 2020)  temp.nuc
Model: One dN/dS ratio, 
Codon frequency model: Fequal
ns =   9  ls = 393

Codon usage in sequences
--------------------------------------------------------------------------------------------------------------------------------------
Phe TTT  10   5  10   5   9   6 | Ser TCT   6   2   5   2   2  14 | Tyr TAT   4   3   3   3   4   6 | Cys TGT   4   1   1   4   3   3
    TTC   5   9   5  10   4   6 |     TCC   0   0   1   4   6   2 |     TAC   5   5   6   6   6   5 |     TGC   0   3   3   0   0   0
Leu TTA  14   4  12   9  20  12 |     TCA   1   2   1   1   6   3 | *** TAA   0   0   0   0   0   0 | *** TGA   0   0   0   0   0   0
    TTG  12  12  14  10   7  13 |     TCG   0   2   0   0   9   0 |     TAG   0   0   0   0   0   0 | Trp TGG   3   3   3   3   3   3
--------------------------------------------------------------------------------------------------------------------------------------
Leu CTT   9   3   8   8   5  10 | Pro CCT   4   5   5   4   6   8 | His CAT   6   6   4   5   5   1 | Arg CGT   6   5   6   6   9  10
    CTC   5   4   5   4   0   1 |     CCC   2   2   1   2   1   0 |     CAC   1   1   3   2   0   1 |     CGC   3   2   3   3   0   1
    CTA   4  18   8   8  12   5 |     CCA   5   4   4   2   4   4 | Gln CAA   3   6   3   3   7   5 |     CGA   1   1   1   1   2   0
    CTG  10  16   6  15   6   8 |     CCG   0   0   1   3   1   1 |     CAG   4   2   4   4   2   3 |     CGG   0   6   0   0   0   1
--------------------------------------------------------------------------------------------------------------------------------------
Ile ATT  18  10  21  13  17  13 | Thr ACT   7   6   8   4   6   4 | Asn AAT  10  15  13  19  17  15 | Ser AGT   2   1   1   2   6   5
    ATC  11  12   8  14   7  15 |     ACC   3   9   7   8   0   4 |     AAC  12   7   9   3   7  10 |     AGC   3   2   4   3   0   1
    ATA   3   6   3   5   8  14 |     ACA   8   1   5   4   8   6 | Lys AAA  11   8  11  12  18  11 | Arg AGA  16  13  12  14  14   8
Met ATG   8   5   9   5   7   7 |     ACG   2   7   3   7   5   3 |     AAG  18  20  18  17  12  13 |     AGG   4   3   4   6   2   8
--------------------------------------------------------------------------------------------------------------------------------------
Val GTT   6   7   7   5   7   7 | Ala GCT   7   6  11   7  12   7 | Asp GAT  22  13  20  20  20  20 | Gly GGT   9  11   9   9   5   7
    GTC   6   8   6   7   6   1 |     GCC  14  17   9  10   2   9 |     GAC  13  23  16  16  11   8 |     GGC   1   0   1   1   3   0
    GTA   3   2   3   1   4   2 |     GCA   8   5   9   5   9   8 | Glu GAA  25  18  23  22  28  22 |     GGA   0   0   0   0   2   3
    GTG   2   2   2   4   5   7 |     GCG   3   9   3  10   2   7 |     GAG   8  14   9  10   4  14 |     GGG   3   1   3   3   0   2
--------------------------------------------------------------------------------------------------------------------------------------

--------------------------------------------------------------------------------------
Phe TTT   4  10   7 | Ser TCT   7   7   4 | Tyr TAT   2   4   6 | Cys TGT   0   4   2
    TTC   6   3   5 |     TCC   0   3   1 |     TAC  10   8   6 |     TGC   3   0   0
Leu TTA   1  11  32 |     TCA   1   2  11 | *** TAA   0   0   0 | *** TGA   0   0   0
    TTG   5  16  11 |     TCG   7   1   4 |     TAG   0   0   0 | Trp TGG   3   3   4
--------------------------------------------------------------------------------------
Leu CTT   3  11   0 | Pro CCT   5   2   1 | His CAT   0   6   2 | Arg CGT   4  10   3
    CTC   6   2   0 |     CCC   0   0   0 |     CAC   6   3   0 |     CGC  16   0   0
    CTA   6   7   6 |     CCA   4   9   8 | Gln CAA   3   4  10 |     CGA   0   0   0
    CTG  28   4   0 |     CCG   4   1   1 |     CAG   6   5   0 |     CGG   2   0   0
--------------------------------------------------------------------------------------
Ile ATT   4   8  16 | Thr ACT   4   7   5 | Asn AAT   2   7  15 | Ser AGT   1   6  10
    ATC  16  15   8 |     ACC   7   3   2 |     AAC  16   9  12 |     AGC   8   4   1
    ATA   3   2   9 |     ACA   2   3   8 | Lys AAA   6  13  19 | Arg AGA   4  14  20
Met ATG   9  10   7 |     ACG   9   3   0 |     AAG  18  15   9 |     AGG   3   4   4
--------------------------------------------------------------------------------------
Val GTT   4  12  21 | Ala GCT   2   9   5 | Asp GAT  14  19  20 | Gly GGT   3  15  10
    GTC   3   4   0 |     GCC   8   3   6 |     GAC  12   8   6 |     GGC   5   5   0
    GTA   5   1   1 |     GCA  11   4   8 | Glu GAA  10  31  40 |     GGA   3   1   1
    GTG  12   6   3 |     GCG  15   2   1 |     GAG  31  13   1 |     GGG   1   1   1
--------------------------------------------------------------------------------------

Codon position x base (3x4) table for each sequence.

#1: Scer           
position  1:    T:0.16285    C:0.16031    A:0.34606    G:0.33079
position  2:    T:0.32061    C:0.17812    A:0.36132    G:0.13995
position  3:    T:0.33079    C:0.21374    A:0.25954    G:0.19593
Average         T:0.27142    C:0.18405    A:0.32231    G:0.22222

#2: Sbay           
position  1:    T:0.12977    C:0.20611    A:0.31807    G:0.34606
position  2:    T:0.31298    C:0.19593    A:0.35878    G:0.13232
position  3:    T:0.25191    C:0.26463    A:0.22392    G:0.25954
Average         T:0.23155    C:0.22222    A:0.30025    G:0.24597

#3: Smik           
position  1:    T:0.16285    C:0.15776    A:0.34606    G:0.33333
position  2:    T:0.32316    C:0.18575    A:0.36132    G:0.12977
position  3:    T:0.33588    C:0.22137    A:0.24173    G:0.20102
Average         T:0.27396    C:0.18830    A:0.31637    G:0.22137

#4: Spar           
position  1:    T:0.14504    C:0.17812    A:0.34606    G:0.33079
position  2:    T:0.31298    C:0.18575    A:0.36132    G:0.13995
position  3:    T:0.29517    C:0.23664    A:0.22137    G:0.24682
Average         T:0.25106    C:0.20017    A:0.30958    G:0.23919

#5: Ncas           
position  1:    T:0.20102    C:0.15267    A:0.34097    G:0.30534
position  2:    T:0.31552    C:0.20102    A:0.35878    G:0.12468
position  3:    T:0.33842    C:0.13486    A:0.36132    G:0.16539
Average         T:0.28499    C:0.16285    A:0.35369    G:0.19847

#6: Cgla           
position  1:    T:0.18575    C:0.15013    A:0.34860    G:0.31552
position  2:    T:0.32316    C:0.20356    A:0.34097    G:0.13232
position  3:    T:0.34606    C:0.16285    A:0.26209    G:0.22901
Average         T:0.28499    C:0.17218    A:0.31722    G:0.22561

#7: Agos           
position  1:    T:0.12468    C:0.23664    A:0.28499    G:0.35369
position  2:    T:0.29262    C:0.21883    A:0.34606    G:0.14249
position  3:    T:0.15013    C:0.31043    A:0.15013    G:0.38931
Average         T:0.18914    C:0.25530    A:0.26039    G:0.29517

#8: Klac           
position  1:    T:0.18321    C:0.16285    A:0.31298    G:0.34097
position  2:    T:0.31043    C:0.15013    A:0.36896    G:0.17048
position  3:    T:0.34860    C:0.17812    A:0.25954    G:0.21374
Average         T:0.28075    C:0.16370    A:0.31383    G:0.24173

#9: Calb           
position  1:    T:0.23664    C:0.07888    A:0.36896    G:0.31552
position  2:    T:0.32061    C:0.16539    A:0.37150    G:0.14249
position  3:    T:0.32316    C:0.11959    A:0.44020    G:0.11705
Average         T:0.29347    C:0.12129    A:0.39355    G:0.19169

Sums of codon usage counts
------------------------------------------------------------------------------
Phe F TTT      66 | Ser S TCT      49 | Tyr Y TAT      35 | Cys C TGT      22
      TTC      53 |       TCC      17 |       TAC      57 |       TGC       9
Leu L TTA     115 |       TCA      28 | *** * TAA       0 | *** * TGA       0
      TTG     100 |       TCG      23 |       TAG       0 | Trp W TGG      28
------------------------------------------------------------------------------
Leu L CTT      57 | Pro P CCT      40 | His H CAT      35 | Arg R CGT      59
      CTC      27 |       CCC       8 |       CAC      17 |       CGC      28
      CTA      74 |       CCA      44 | Gln Q CAA      44 |       CGA       6
      CTG      93 |       CCG      12 |       CAG      30 |       CGG       9
------------------------------------------------------------------------------
Ile I ATT     120 | Thr T ACT      51 | Asn N AAT     113 | Ser S AGT      34
      ATC     106 |       ACC      43 |       AAC      85 |       AGC      26
      ATA      53 |       ACA      45 | Lys K AAA     109 | Arg R AGA     115
Met M ATG      67 |       ACG      39 |       AAG     140 |       AGG      38
------------------------------------------------------------------------------
Val V GTT      76 | Ala A GCT      66 | Asp D GAT     168 | Gly G GGT      78
      GTC      41 |       GCC      78 |       GAC     113 |       GGC      16
      GTA      22 |       GCA      67 | Glu E GAA     219 |       GGA      10
      GTG      43 |       GCG      52 |       GAG     104 |       GGG      15
------------------------------------------------------------------------------


Codon position x base (3x4) table, overall

position  1:    T:0.17020    C:0.16483    A:0.33475    G:0.33022
position  2:    T:0.31467    C:0.18716    A:0.35878    G:0.13938
position  3:    T:0.30223    C:0.20469    A:0.26887    G:0.22420
Average         T:0.26237    C:0.18556    A:0.32080    G:0.23127

Codon frequencies under model, for use in evolver (TTT TTC TTA TTG ... GGG):
  0.01639344  0.01639344  0.01639344  0.01639344
  0.01639344  0.01639344  0.01639344  0.01639344
  0.01639344  0.01639344  0.00000000  0.00000000
  0.01639344  0.01639344  0.00000000  0.01639344
  0.01639344  0.01639344  0.01639344  0.01639344
  0.01639344  0.01639344  0.01639344  0.01639344
  0.01639344  0.01639344  0.01639344  0.01639344
  0.01639344  0.01639344  0.01639344  0.01639344
  0.01639344  0.01639344  0.01639344  0.01639344
  0.01639344  0.01639344  0.01639344  0.01639344
  0.01639344  0.01639344  0.01639344  0.01639344
  0.01639344  0.01639344  0.01639344  0.01639344
  0.01639344  0.01639344  0.01639344  0.01639344
  0.01639344  0.01639344  0.01639344  0.01639344
  0.01639344  0.01639344  0.01639344  0.01639344
  0.01639344  0.01639344  0.01639344  0.01639344


TREE #  1:  (((((1, 4), (3, 2)), 5), 6), ((7, 8), 9));   MP score: 1340
This is a rooted tree.  Please check!
lnL(ntime: 16  np: 18):  -7065.878773      +0.000000
  10..11   11..12   12..13   13..14   14..1    14..4    13..15   15..3    15..2    12..5    11..6    10..16   16..17   17..7    17..8    16..9  
 0.083479 0.097872 0.807870 0.000004 0.136665 0.178855 0.109168 0.189817 0.520490 0.619449 1.427230 0.083482 0.445966 1.640584 1.273398 3.211084 1.684151 0.056325

Note: Branch length is defined as number of nucleotide substitutions per codon (not per neucleotide site).

tree length = 10.825412

(((((1: 0.136665, 4: 0.178855): 0.000004, (3: 0.189817, 2: 0.520490): 0.109168): 0.807870, 5: 0.619449): 0.097872, 6: 1.427230): 0.083479, ((7: 1.640584, 8: 1.273398): 0.445966, 9: 3.211084): 0.083482);

(((((Scer: 0.136665, Spar: 0.178855): 0.000004, (Smik: 0.189817, Sbay: 0.520490): 0.109168): 0.807870, Ncas: 0.619449): 0.097872, Cgla: 1.427230): 0.083479, ((Agos: 1.640584, Klac: 1.273398): 0.445966, Calb: 3.211084): 0.083482);

Detailed output identifying parameters

kappa (ts/tv) =  1.68415

omega (dN/dS) =  0.05633

dN & dS for each branch

 branch          t       N       S   dN/dS      dN      dS  N*dN  S*dS

  10..11     0.083   857.9   321.1  0.0563  0.0050  0.0888   4.3  28.5
  11..12     0.098   857.9   321.1  0.0563  0.0059  0.1041   5.0  33.4
  12..13     0.808   857.9   321.1  0.0563  0.0484  0.8595  41.5 276.0
  13..14     0.000   857.9   321.1  0.0563  0.0000  0.0000   0.0   0.0
  14..1      0.137   857.9   321.1  0.0563  0.0082  0.1454   7.0  46.7
  14..4      0.179   857.9   321.1  0.0563  0.0107  0.1903   9.2  61.1
  13..15     0.109   857.9   321.1  0.0563  0.0065  0.1161   5.6  37.3
  15..3      0.190   857.9   321.1  0.0563  0.0114  0.2019   9.8  64.8
  15..2      0.520   857.9   321.1  0.0563  0.0312  0.5537  26.8 177.8
  12..5      0.619   857.9   321.1  0.0563  0.0371  0.6590  31.8 211.6
  11..6      1.427   857.9   321.1  0.0563  0.0855  1.5184  73.4 487.5
  10..16     0.083   857.9   321.1  0.0563  0.0050  0.0888   4.3  28.5
  16..17     0.446   857.9   321.1  0.0563  0.0267  0.4744  22.9 152.3
  17..7      1.641   857.9   321.1  0.0563  0.0983  1.7453  84.3 560.4
  17..8      1.273   857.9   321.1  0.0563  0.0763  1.3547  65.5 435.0
  16..9      3.211   857.9   321.1  0.0563  0.1924  3.4161 165.1 1096.9

tree length for dN:       0.6487
tree length for dS:      11.5166


Time used:  0:11
