      9   1173

Scer                            GAA GAT CGA TTC AGA CCT GAA GCT TGG AAA CTG GCT AGG GAA ACC AAG CGT GTT CAG ATA GAC AGC AAT TTT ATT GAG GCA ACC TGT TTG CTA AAG CTT CTT GTT CAG GGT ATT AAC GAA TAT AAC CCT GAG GAT TGG AAT ACT GGG TAT CTA CTT TGG CAA ACT ACT TCA TCT ACA AAA CAA CAA CTA GGT GGT AAG AAC TTT GCT GGT AAA TTC ATA AGG AAC AGG TTA CAG CGT ATA TTA GAC AGT GCA GAT TTT GTG TTG AGT GGT TCC GCA TAC GCT AAT AGG GAA AAT GCT GAG TAT GCA TAT GGT CAC TGG AGG GTC AAT GCA AAT CAC GAA CAT AGA GAT TCA ATA GAA AAC CAA ACA GCA CTT TAT AAT GTG ATT AGA GAG TCT AAA AAG GCT AAG ATT CAT GGT GTA AGA AGA AAG TAT CAA GAC GCA TTA ACA CAG GAC CAA TGG AGA GGT CAG TGG AGA GAC AGG GGT AAC AGA AAA TTG CCA AGA CAT GAA GTT CAG GAT ATG AAA TTC ATC TTA CAT AGG GAT TCA GTA GTG TAT GGT AAT AAA GGT CCA CAA AGG CCA GAA GAT TGG TCA CCG CCA AAA CTT AGT GCT GAA TAT GGG GAT TTG GAA CCA TCT TAT ACC AAT AGT AGG ACT TTG AAC TGT ACC CCT GCT TCC CAT ATT CGT TCT ACG CAA AAT TGT GAC CAG GTA AGA ATA CAA GAG TAT GAA CAC GAT AAA CTG AGA GAT GAT GAA GAA GCT GAG GAA CAG CTT CTG TGG ACC TTA AAT GAA AAG GCT ATC ATT AAA AGT AAG GAA AAT AGG TTT GCA CAA GTA TAT GGT AAA AGT TTG CTT ATT AAT GGT AAA TAT TGG GTT CAA GCT ACC TCA TTG CGA AGT ATC CGG ACA ATT GCA TTA TGG AGA CAT TTG AAT TTG GAA GAT AAT ACA CCT AAC TTT AGG ATA GAA ATA AAC GTC GAT CCC ACA GGT GAG ATA ACT GTC TCT GAT CAC GAT AAT AAA AAT TCA CAT ATT GTC GAA CAC GCT TAT TTG TTT GTC TCA CAA AAC GCT AAC CCA AGG GTG AAA AAA CCT TTC GAA GTC ATT ACA TTA GTT AGG CCA GTT AGA CAT AGT AGA AAT AAA TGG TCC CAA AAA CAG TTG TAT TTA GTT ACA TAT TTC GCG CAA CTT TTA GGT AAA CAT GGG 
Sbay                            GAA GAA AGA CAC AGA CCT GAA GCT TGG AAG CTG GCC AGA GAA ACC AGG CGT CTC CAA ATA GAT AGC AAT TTT ATT GAA GCA ACG TGC CTG CTA AAG CTA CTT GTC CAA AGC ATT AAT GAA GAT AAT CCC GAA AAG TGG AAT ACT GGG TAC CTG CTT TGG CAA GCA ACC TCA TCT ACT AAA CAA CAA CTA GGT GGT AAG AAT TGG TCC GGT AAA CAC ATA AGA AAC AGA GTT CAG CGT ATA TTA GAT GGC GCG GAC TGG GTG CTG GGC GGT TCT GCA TAC GCG TCT AGA GAA TCT GCC GAA TAC GCG TAT GGT CAC TGG AGA GTT AAT GCC AAT CAT GAA CAC AGG GAT TCG ATA GAA AAC CAA ACA GCG CTA TAT AAT GTG ATT AGA GAG TCT AAA CCC TCC AAG ATT CAC GGT GTG AGA AGA AAA TAT CAA GAC GCT TTA ACG CAG GAC CAA TGG AGA GGG CAA TGG AGA GAT AGA GGT AAT AGA AAA CTA CCA AGA CAC GAA GTT CGC GAA ATG AAA CAC ATT CTG CAC AGA GAT TCA GTG GTG TAT GGT AAC AAA GGT CCA CAA AGA CCA GAA GAT TGG TCA CCA CCA AAG CTG AGT ACG GAA TAC GGG GAA CTG GAA CCA TCT TAC ACA AAT GGC AGA GCA CTG AAT TGC ACA CCT GCT TCC CAC GTT CGT TCT ACT CAA AAT TGC GAT CAA GTA AGA ATC CAA GAG TAC CAA CAT GAA AAA CTG AGA GAT GAC GAG GAA GCC GAA GAG CAG CTA CTT TGG ACG CTG AAC GAA AGG GCT ATC ATT AAA AGT AAG CAA AAT AGG TTC GCA CAA GTG TAT GGT AAG AGT TTA CTG ATT AAT GGT AAA TAC TGG GTC CAA GCG ACC TCA CAC AGA GGC ATC CAG TCC ATC GCA TTA TGG AGG CAC CTA AAT CTG GAA GAT AAT ACA CCT AAT TTT AGG ATA GAG ATA AAT GTT GAT CCT ACT GGT GAA ATA GTT GTA TCC AAG CAC GAT AAT AAG AAC TCA CAT ATG GTG GAA CAT GCC TAT CTG TTT GTG TCA CAA AAT TCC AAC CCA AGA GTG AAA AAG CCA TTC GAG GTG ATT ACA TTA GTT AGA CCT GTT AGA CAC AGT AGA AAT AAA TGG TCC CAA AAG CAG CTG TAT CTG GTC TCC GAT TTC GCG CAA CTA CTG GGT AAA CAC GGG 
Smik                            GAG GAA CGA TAC AGA CCT GAA GCT TGG AAG CTG GCT AGG GAA ACC AGG CGT TTG CAA ATA GAT AGT AAT TTT ATT GAA GCA ACT TGC TTG CTA AAG CTA CTT GTC CAA GGA ATT AAT GAG AGT AAC CCC GAG GAA TGG AAT ACT GGA TAC CTA CTT TGG CAA TCT ACT TCA TCT ACG AAA CAA CAA CTA GGT GGT AAG AAC TGG GCC GGT AAA TAC ATA AGA AAC AGA GTC CAG CGT ATA TTG GAT GGA GCA GAC TGG GTG TTG GGA GGT TCT GCA TAC GCT GAA AGA GAA GAA GCC GAG TAC GCA TAC GGT CAT TGG AGA GTT AAT GCT AAT CAC GAG CAC AGA GAT TCT ATA GAA AAC CAG ACA GCA CTA TAT AAT GTG ATT AGA GAG TCT AAA CCG ACT AAG ATT CAT GGT GTG AGA AGA AAG TAT CAA GAC GCG TTA ACC CAG GAT CAA TGG AGA GGG CAG TGG AGA GAT AGA GGT AAC AGA AAA TTG CCA AGG CAT GAA GTT CAG GAA ATG AAA TAC ATC TTA CAT AGG GAT TCA GTA GTG TAT GGT AAT AAG GGT CCA CAA AGA CCA GAA GAT TGG TCA CCA CCA AAA CTG AGT ACT GAA TAC GGA GAA TTA GAA CCA TCT TAC ACA AAT GGA AGA TCT TTG AAT TGC ACA CCT GCT TCC CAC ATA CGT TCT ACT CAG AAT TGC GAT CAG GTA AGA ATA CAG GAG TAT GAA CAC GAG AAG CTG AGA GAT GAC GAA GAA GCC GAA GAA CAG CTA CTG TGG ACT TTA AAT GAA AGG GCT ATT ATT AAA AGT AAG GAA AAT AGG TTT GCA CAG GTG TAT GGT AAG AGT TTA CTG ATT AAT GGT AAA TAC TGG GTC CAA GCT ACC TCT CAC CGA GGA ATC CGG TCC ATT GCA TTA TGG AGA CAT CTG AAT TTG GAA GAT AAT ACA CCT AAT TTT AGG ATA GAA ATA AAT GTT GAC CCC ACG GGT GAA ATA ATT GTA TCT GAA CAT GAT AAT AAG AAC TCA CAT ATG GTC GAA CAC GCC TAC TTG TTT GTC TCA CAG AAT GCC AAC CCA AGA GTG AAG AAG CCT TTC GAA GTC ATT ACA TTA GTC AGA CCA GTT AGA CAT AGT AGA AAT AAA TGG TCC CAA AAG CAG TTA TAT TTA GTC TCC AGT TTC GCG CAA CTT TTA GGT AAA CAT GGA 
Spar                            GAG AAA CGA TAC AGA CCT GAA GCT TGG AAG CTG GCT AGG GAA ACT AGG CGT CTT CAG ATA GAC AGT AAT TTT ATT GAA GCA ACT TGC TTG CTA AAA CTT CTT GTT CAG GGT ATT AAT GAG TAT GAC CCC GAC GAA TGG AAT ACT GGG TAT CTG ATT TGG CAA TCC ACA TCA TCT ACG AAA CAA CAA CTA GCT GGT AAG GAC TGG GCC GGT AAA TAC ATA AGA AAC AGA GTC CAG CGT ATA TTG GAC GGT GCA GAC TGG GTG TTG GGT GGT TCT GCA TAC GCT TCT AGA GAA TCT TCT GAC TAT GCA TAT GGT CAT TGG AGA GTC AAT TCC AAC CAT GAA CAC AGA GAT TCG ATA GAA AAC CAT ACA GCA CTT TAT AAC GTG ATC AGA GAG TCT AAA CCA ACT AAG ATT CAT GCT GTG AGA AGA AAA TAT CAA GAT GCT TTA ACG CAG GAT CAA TGG AGG GGC CAG TGG AGA GAT AGG GCT GAC AGA AAA TTG CCG AGA CAT GAA GTT CAG AAA ATG AAA TAC ATT TTA CAT AGG GAT TCA GTA GTG TAT GCT AAT AAG GGT CCA CAA AGA TCA GAA GAT TGG GCT CCG CCG AAG TTG AGT ACT GAA TAT GGG AAA TTG GAA CCA TCT TAC ACC AAC GGT AGG TCC TTG AAT TGC ACC CCT GCT TCC CAC ATT CGT TCT ACG CAT AAT TGC GAC CAG ATA AGA ATA CAA GAG TAT GAA CAT GAA AAA CTG AGA GAT GAC GAA GAA GCT GAG GAA CAG CTT CTG TGG ACT TTA AAC GAA AGG GCT ATC ATT AAA AGT AAA GAA ATC AGA TTC GCA CAT GTG TAT GGT AAG AGT TTA TTG ATT AAC GGT AAA TAC TGG GTT CAA GCT ACC TCA CAC CGA GGT ATC CGG TCC ATT GCA TTA TGG AGA CAT CTG AAC TTG GAA GAT ATC ACA CCT AAT TTC AGA ATA GAA ATA AAT GTC GAT CCT ACG GCT GAA ATA ACT GTG TCC GAA CAT GAT AAT AAG AAC TCA CAT ATT GTC GAA CAT GCT TAT TTG TTT GTC TCG CAA AAT GCC AAC TCA AGA GTG AAA AAA CCC TTC GAA GTC ATT ACA TTA GTT AGA CCC GTT AGG CAT AGT AGA AAT AAA TGG TCC CAA AAA CAG TTG TAT TTA GTT TCC TAT TTC GCG CAA CTT TTA GGT AAA CAT GGG 
Ncas                            GAG GAT AAA TAT AGA CCT AGA GCT TGG AAA TTA GCA AGA GAA AGA AGG CGT CCA CAG ATA GAT TAC AAT TTC TTA GAA GCC TCA AGT GTT ATC AAT TTA TTG GTG CAG AGC GAA AAC GAG GGA GAA CCC CCA GAA TGG AAT GTT GGA TAC TTT ATA TGG CAA TTA GGA TCA AAT ACC AAA CAA AAT ATC GGT GGG AAG GAA GAG GCA GGG AAA TAT ATT AAA AAT AGA TTA CAA CGT ATA CAA GAT GGG GCT GAA GAG GTC GTT GGG GGG TCA GCC TAC GCT ACT AGA GAA ACT TCC CCA TAC GCT TAT GGA AAC TGG AGG GTG AAT TCA CAC CAT GGA CAT AGA GAT TCA ATA GAA AAT CAA ATT GCT TTA TAT CAG GTC ATA GAA GAA AAT AAA CCA AGT AAA TTA CAT GCT GTC AGA AGA AAA TTT CAA GAT GCT CTC ACT CAG GAT CGT TGG AGA GCA CAA TGG GAA GAT AGA GGT GAA AGA AAG TTG CCT CGC CAT AGA GTC CCG GAT ATG AAA TAT ATT TTA CAT AGA GAT TCA GTG GTC CGT GCT AAT ACA GGG CCG CAA AGA TTG GAA GAT TGG TCC CCG CCT AAA CTT AGT ACT GAG TAT GGA GAT TTG GAA CCG ATG TTT ACG CAC GGG AGA TTA TAT AAT AGT ACG CCT GCC TCA CAT ATC CGT TAC AAA CAA AAT AGT GAT CAA ACT AGG GTT CAA GAA TAT CAG CAT GAG AAA TTA AGA GAC GAA TAT GAA GCC GAA GAC CAG TTA TTG TGG TCA TTA AAT AGA AGG GCA ATC GCA AAA AGT AAT CAG ATA AGA TTC GCC CAA GTC TAT GGT AAA AGT ATA CTT ATA CAG GGT AAG TAC TGG GTG CAA GCT ACT TCT TTC AAA GGG ATT AAG TCG ATT GCC TTA TGG AGA CAT CAA CAC TAT GAT GAC ATA ACA CCT AAC TTT AGA ATT GAC ATA CCT GTG GAT CCA ACC GGT GTT ATA GTG GTT ACT GAA AAC GAT AAT AAA AAT TCA CAA CTT GTG AGA CAT GCC TAT GTT TTC GTG TTG CAA AAC GCA AAT TTG AGG GTC AAA AAA CCA TTC GAA GTG GCA ACA ATG GTC AGG CCT GTT AGA CAT AGT AGA AAT AAA TGG TCC CAA AAG CAA TTG CGT TTG GTG TCG GGA TTT GCC CAA ATC TTA GGA AAG CAT GGA 
Cgla                            GAA GAA AAG TAT AGA CCA GCC GCA TGG AAG CTG GCT AGG GAA ACC AGG CGC CCA CAA ATC GAT AAC AAC TTT ATT GAA GCG AGC AGC CTG TTT CGA TTG CTT GTT CAA AGC GAG AAT GAA AGC GAG CCT GTA GAC TGG GAT GCT GGG TAT TTT TAT TGG CAA ATG GAT TCC CAG ACT AAG CAA AGG TTT GGT GGC AAG GAG TAC TCT GGG AAG TAT ATA AAA AAT AGA TTA GAT AGG ATC CAG GAT ACC GCA CAG TAC GTA CTG ACC GGC TCC GCG TAC AGT GAC AGA GAA GAC CAG GTA TAT GCA TAC GGT AGC TGG AGA GTA AAT GCT AAT CAT GAA CAC AGA GAT TCT ATC GAA AAT CAT ACA GCA TTG TAT AAC GTA ATC GAG GAA CAC AAG AGA ACA AAG ATT CAC GCT GTG AGA AGA AAG CAC CAA GAT GCT CTG TCT CAG GAT CAG TGG AGA CTC CAG TGG GAG GAC AGA GGT GAG AGA AAG TTG CCA CGT CAC GCC GTG CCA GAA CTG AAG TAT ATC ATT CAC AGG GAT TCC GTC GTA CGT GCT GAT AAG GGC CCA CAA AGA TTC GAA GAT TGG GCT CCT CCA GAC ATC ACC ACG GAA TAC GGG GAA TTG GAG CCA ATG CAT TTA AAT ACC AGA ATG TTG AAT AGC TTA CCA GCA TCT CAC ATA CGC TCC ACA CAT GAT AGC GAT CAG GCA CGC GTT CAA GAA TAT CAG CAT GAG AAG CTG AGA GAT CAG GAA GAG GCA GAA GAT CAG TTG TAC TGG AGC ATT AAT GCC AGG GCG ATA GTT AAG GGA CGA CAG AAC AGA TTT GCG CAT GTG TAT GGT AAG ACC CTA ATC ATT AAC GGT AAA TAT TGG GTC CAA AGT ACG ACT ATA AAG ACC ATT AAA TCA ATA GGT CTA TGG AGA CAC CAA AAT TTG GAA GAT AAC ACC CCA AAT TTC AGA ATT GAT ATA GGT GTA GAA CCT ACT GGT GAG ATA CTC GTC TCA GAC AGC GAT AAC AAA AAC TCC CAA CTT GTT GCC CAT GCA TAC CTG TTT GTT TCC CAA AAT TCT AAC TTC AGA GTA AAG AAG CCT TTT GAA GTT GTT ACC TTG GTT AGA CCA GTG AGG CAC ACC CGC CAT AAG TGG TCC CAA AAG GAT TTG CGT GTT GTC TCA AGC TTA GCT CAA ATA ATT GGT AAA CAC GGG 
Agos                            GAG TTT AAG CAC CGC CCT AGC GCC TGG CGC CAG GCG AAA GAA ACC AGG AGG GTG CAG ATA GAT CCT AAC GTG CTT GAG GCT GCA TCT CTG TTC GAC TTG ATG GTA CAG CGC CTC AAC GAG CGC GAC ACG CCA AAG TGG GAG AGT ACC TTC TTT CTC TGG CAG CAG GGA TCC GCG ACA AAT CAA CGG TTC GGC GCC AAG GAC ATT GCT GGA AAG CAC ATC CAC GCT CGA TTG ACA CGC ATA GAG GAT TCC GCT CTG ATT GTG CTG TCC GCC TCC GCT TAT TCG CCT CGA GAC CCT CAC CCA TTC GCT TAC GGT AAC TGG CGA GTG CAC GCG CAC CAT GAG CAC CGT GAC ACG ATA GAA GCT AAC ACC GCT TTG TAC AAC GTG ATA GAA GAA AGC AAG AAG TCT AAG CTT CAC GGT GTG CGC CGC AAG CAC CAG GAC GCA TTG TCC GAG GAC CCG TGG AGA ACG GTC TGG GAA GAG AGG GGC GAC CGC AAG CTT CCC AAG CAC AGC GCG CCC TTT GTG CGG CAC ATC TTA CAC AAA GAC TCC GTG GTG AGA GGT AAC AAG GCC CCA CAG CGA CTG GAC GAC TGG GCC CCC CCC AAG CTT AGC GCG GAG CTG ACC TTT TTG ACC CCA AGA TAC GTA CAC TCC AGG CAG ATG AAT TCT GTA CCT GCG TCT CAC ATC AGG TCG GAA AAC GAG TCT GAT GTC TCC AGA TTG CAA GAA TAC CAA CAT GAG AAG CTG CGC GAC CTG GAG ACC GCC GAG GAG GAG TTG TAC TGG GCA TTA AAC AGC AGG GCG GTG GTC CGG AGC GAC CAA AAC CGG TTT GCT AAC GTG TAC GGT CGC AGC TTA CTT ATT AAC GGC AAG TAT TGG ATC CAA TCG ACG TCC GTT AAG TCC ATC CGC TCC ATC GCC TTC TGG CGT CAC CAG CAC ATG GAG GAC AAC ACA CCT AAC TGG CGG GTA GAG GTG AAT GTG GAT CCC ACA GGC CCC GTG CTG TCG CAC AAG AAC GAC AAC GGG AAC TCC CAC CTT GTC AGC CAT GCC TAC CTG GTG GTC CTC CAA AAC GCT AAC CTG CGA GTG AAG TTG ACG TTT GAC GTC GTC ACA TTG GTC CGA CCT GTG CGG CAC AGC CGG TAC AAA TGG TCT CAA GAG ACA TTG AGA CTT ATC TCC CGC TTA GCG CAA TTG TTA GGT AAG CAC ACC 
Klac                            GAA GAA AGA GCT AGA CCT GCT GCT TGG AAA CTG GCA AGA GAA ACA AAA CGA CCA CAG ATC AGT ACA AAC ACA CTC GAA GCT GCT TCT CTT TTG AAA CTG TTA GTC CAG AGC TTG AAT GAA AAG GAA CCT AAA GAA TTC GAT GTG TCC TAT TTC GCT TGG CAA CTT CAA TCT ACA ACT AAG CAG AAG TTG GGC GCC AAG GAA CAC GCT GGA AAA GCT ATA GCC CAA CGA TTG TCT CGT ATC GAG AGT TCT GCT GAT CAC GTA CTT TCT GCC TCT GCT TAT TCG CAC CGA GAC CAC GCT AAA TAT GCT TAC GGT AAT TGG AGA GTT AAC GCA CAG CAC GAA CAC AGA GAT ACT ATC GAA CAA CAT ACT GCT CTG TAC TTA GTA ATT GAA GAG TCA AAA CCT GCC AAA CTC CAT GCA ATC AGG AGG AAG TAC CAA GAT GCT TTG TCT GTT GAC CAA TGG AGA CCG GTT TGG GAA GAA AGA GGC GAA AGG AAG CTA CCT AGA CAT GCT GTT GCA GAA GTT AAG GCT ATC ACC CAT AGA GAT TCT GTA GTA AGA GCA AAT AAG GCC CCA CAA CGA CTT GAC GAC TGG TCT CCA CCT AAG TTG TCA ACC GAA TAT TCC GAA TTG CAA CCA ACG TAC GTC CAG TCT AGA CTT TTA AAT TCT GTC CCT GCT TCA CAC ATC CGA TCT TCC CAT GAT TCT AGT GTT GCT AGG TTC CAG GAG TAC AAT CAC GAG AAG ATT AGA GAC GAT TCT CAA GCC GAA GGT GTT CTG TAT TGG GCT ACC AAT GCT AAA GCC ATC GTT AAG TCT AAA AAT AAC AGA TTC GCT CAT ATC TAC GGT AAA TCA CTA TTG ATT TTA GGT AAA TAC TGG ATT CAG TCG ACC GCC TCC AGA TCT ATC CGT ACA ATT GGG TTC TGG AGA CAT CAG CAG TTA GAT GAC AAC ACA CCT AAT TTT AGA ATC GGT GTT GGC GTT GAT CCC ACT GGC AAT GTT GTG ATC CAT GAA AAT GAT AAC AAG AAT TCT CAG CTT GTC GCT CAC GCC TAC CTT ACA GTC CTC CAG AAT GCT AAC CTT AGA GTA AAG ATG CCA TTT GAC GTC GTT ACA TTA GTT AGA CCA GTT AGG CAT TCA AGG CAC AAA TGG TCT CAG AAG TCT TTG AGA CTT ATT ACA AAG CTA TCA CAG CTA ACC GGT AAA CAT TCC 
Calb                            GAA TCA AAA GAA AGA CCC GAA GCT TGG AAA ATG CCT AGA GAA ACG TCA AAA TTA CAA ATT GAT GAA AAT TCT TTA CTA TCT CAA GAC GTA ATT GTG TTG ATG ATT CAA AGA ATA AAT GAA TCT GAG CCT TCA GAA TGG GAT GTA TCT TAC TTT AGT TGG GAC ACT GAC TAT ACA ACC AAA CAG CAA ATT GGT GGG CGT GAG TTG GCT TCA CGA GAA ATA AAA TCA CGT TTG AAG AGA ATT ATA GAT TCT GCA AAG TTG TTA GTA TCT GGG TCA TCT ATC GCA CCA CGT AAC CCA GCC TCA TAC GCA CAA GGT AAT TGG CGT ATT TCC GCT AAT CAT TTT CAC AGA CAA GCT ATT GAA TCA CAA ACT GCA TTG TAT TCT TTA ATT CAA GAA ATA CGA CCT AGT AAA TTA CAT GCT ATA CGT CGT AAA AAT CAA GAT GCC TTA TAT AGT ATT CAA TGG AGA CCA AGG TGG CAA GAG AAA GGT GAG CGT AAG TTG CCA AGG CAT GAA GTT TTA TCA GAG AAG GAA ATT TTG AAT AGA CAA TAT ATC TTA AAA GCT GAT AAA GGG AGA CAA CGT AGT AAC GAC TGG GCT CCA CCA AAA CCA GAA ATT GAA AAT TCT TCA TTA CCA AGA CAG TGG GGG AAT TCT AAA ACT TTA AAT GAC GGG CCC TCT TCA CAC ATA AAA TCT TCT CAA GAT GAC GAT AGG TTA AGG TTG CAA GAA TAT GAA CAT CAA AGA CTA AGA GAT AAG GAT CCA GCC ATA AAT AGT TTG TTT TGG CAA TTG AAT GAA TCA GCA ATT CTA AAG AGC GTG GAA ACT AGT TTC TCT CAA ATA TAT GGT AAA GAA ATT CCA ATC TCT GGT AAA TAT TGG GCC CAA GCA ACA GCC TGT AAA TCT ATT ATA AGT ATT GGT TTA TGG AGA CAT TTT AAT TTA GAA GAT ACT ACA CCC AAT TTA AGT GTG AAT ATT AAT ATT GAT CCA ACC GGT CTT ATT CAA GTT ACA GAA AAT CAA AAT AAA AAT TAT CAG ACT GTT GAA CAT GCC CAA GTA TCT GTT TCT CAA AAT GCT GAT AGT CGT TTA AGA GAG CCT TTC GAT GTT CTA ACA TTG GTA CGT CCA GTG AGA AAT GAA TCC AAA AAA TGG TCA CAG AAA AAG TTA AAA ATC GCC AGT TCT TTA GCT CAA TTA TTG GGT AAA AAT TCT 



Printing out site pattern counts


         9        732  P

Scer                            AAA AAA AAA AAA AAA AAA AAA AAA AAA AAA AAA AAA AAA AAC AAC AAC AAC AAC AAC AAG AAG AAG AAG AAG AAG AAT AAT AAT AAT AAT AAT AAT AAT AAT AAT AAT ACA ACA ACA ACA ACA ACC ACC ACC ACC ACG ACT ACT ACT ACT AGA AGA AGA AGA AGA AGA AGA AGA AGA AGC AGG AGG AGG AGG AGG AGG AGT AGT AGT ATA ATA ATA ATA ATA ATC ATC ATC ATG ATT ATT ATT ATT ATT ATT ATT ATT CAA CAA CAA CAA CAA CAA CAA CAA CAC CAC CAG CAG CAG CAG CAG CAT CAT CAT CAT CCA CCA CCA CCA CCC CCG CCT CCT CCT CGA CGG CGT CGT CTA CTA CTG CTG CTG CTT CTT CTT CTT CTT GAA GAA GAA GAA GAA GAA GAA GAA GAA GAA GAA GAA GAC GAC GAC GAC GAG GAG GAG GAG GAG GAT GAT GAT GAT GAT GAT GAT GAT GCA GCA GCA GCA GCA GCG GCT GCT GCT GCT GCT GCT GCT GCT GCT GCT GGG GGT GGT GGT GGT GGT GGT GGT GGT GGT GTA GTA GTA GTC GTC GTC GTG GTT GTT GTT GTT GTT GTT TAC TAT TAT TAT TAT TAT TAT TAT TAT TAT TAT TCA TCA TCA TCA TCA TCC TCC TCC TCT TCT TCT TCT TCT TGG TGG TGT TTA TTA TTA TTA TTA TTA TTA TTC TTC TTC TTG TTG TTG TTG TTG TTG TTG TTT TTT TTT TTT 
Sbay                            ... ... ... ... ... ... ... ... ..G ..G ..G ..G ..G ... ... ..T ..T ..T ..T ..A ... ... ... .G. CCC ..C ..C ..C ... ... ... ... ... ... ... TC. ... ... ..G ..T T.C ..A ... ... ..G ..T ..C ... G.A GT. ... ... ... ... ... ... ... ... ..G ... ..A ..A ..A ..A ..A ... ... ... G.C ... ... ... ... ..C ... ... ..T ... ..C ..G ... ... ... ... ... G.. ... ... ... ... ... ... ... ... ... ..T ..A ..A ... ... .GC ..C ..C ..C ... ... ... ... ..T ..T ..A ..A ..C ... A.. .A. ... ... ... ..G ... ... ..T ..A ..A ..G ... ... C.. ... ... ... ... ... ... ... ... ..G ..G ..G ... ... ..T ..T ..A ..A ..A ..A ... A.G ..A ..A ..C ... ... ... ... ... ... ..C ..G ..T ... A.G ..C ..C ..C ..G ... ... ... T.C T.C ... A.C ..G ... ... ... ... ... ... ... ... ..G ..G ..A ..G ..T ... C.C ..C ..C ... ... ... ... G.. ..C ..C ..C ..C ..C ... ... ... ... ... ... ... ... ..G ... ... ..T ..C ... ... ... ... ... ... ..C C.G C.G G.T ... ... ... ... CA. ... ... CAC C.A C.A C.. C.. C.. ..A .GG ..C ... ... 
Smik                            ... ... ... ... ... ... ..G ..G ... ..G ..G ..G ..G ... ... ... ..T ..T ..T ... ... ... ... .G. CC. ..C ... ... ... ... ... ... ... ... ... G.A ... ... ..C ..G T.C ..A ... ... ..T ..T ... ... T.. .T. ... ... ... ... ... ... ... ..G ... ..T ..A ..A ..A ..A ... ... ... ... G.A ... ... ... ... ... ... ..T ... ... ... ..G ... ... ... ... ... ..A ... ... ... ... ... ... ..G ..G ..T ... ..A ... ... ... ... ..C ... ... ... ... ... ... ... ... ..A ... ..C ... ... ... ... ... ... ... ... ... ... ..A ... ..G ... ... ... ... ... ... ... ... ... ..G ..G ... ... ... ... ..T ..T ..T ..A ..A ..A ... ... ..A ..A ..G ..C ..C ... ... ... ... ... ..T ... ..G ... A.. ..C ..C ... ... ... ... ... A.. ..C ..A ..A ..G ... ... ... ... ... ... ... ... ... ..G ..A ... ..T ... T.G ..C ..C ..C ... ... ... AG. ..C ..C ..C ..C ... ..C ... ... ... ... ... ... ..T ..T ... ... ..T ... ... ... ... ... ... ... ..C ... ... G.C ... ... ... ..G .A. ... ... CAC C.. ... ..A ... ... ..A .GG ... ... ... 
Spar                            ... ... ... ... ... ... ... ..G ..G ... ... ..G ..G ... ... G.. ..T ..T ..T ..A ..A ... ... .G. CCA ..C ..C ... ..C ..C ... ... ... ... .TC TC. ... ... ..G ..G T.C ... ... ..T ..T ... ..A ... T.C ... ... ... ... ... ... ..G ..G ... ... ..T ..A ..A ..A ... ... ..A ... ... G.. ... ... ... ... ... ... ... ..T ... ... ... ..C ... ... ... ... ... ... ... ... ... ... ... ... ..T ..T ..T ... ... ... ... ... ..C ... ... ... ... ..G T.. ..C ..T ... ..C ..C ... ... ... ... ... ... ..G ... ... ... ... ... T.G A.. ... ... ... ... ... ... ... ... ... ..G ... ... ... ..T ..T ... ..T ..A ..A ... ..C ... ..A A.A ..A ..C ... ... ... ... ... ... T.C ... ..T ... A.. ... T.. ... ... ... ... ... A.. ..C ... ... ..C .C. .C. ... ... ... ... ... A.. ... ..G ..G ... ... ... C.. ... ... ... ... ... ... ... ..C ..C ... ... ... ... ... ... ... G.T ... ..G ... ..G ... ... ..T ..C ... ... ... ... ... ... ..C ... ... G.C ... ... ... ..G .A. ... ... CAC C.. ... ... ... ... ..A .GG ..C ..C ... 
Ncas                            ... ... ... ... ..G ..G ... .C. ... ... ..G ... ... ..T ..T G.A ... ..T CCT ..A ..T ..A ... .G. CCA ... ... ... C.C C.G ... ... ... ... .TA .C. ... .TT ..T ..C T.G ..G ..T .GA T.A .AA GGA GT. TTA GTG ... ... ... ..G GA. ... ... C.C ... TA. .AA ..A ... ..A ..A ..A ... ... G.G ... ... ..T ..T G.T ..T ... ..T ... ... C.. ..A ..A GAA GCA T.A ..C A.T ... ... ... ... .GT ... ... A.. ..T ... ..A ..A ... .C. ... ... ... ..A ..G ..T TTG ..T ..A ... ..A ..C ... AA. AA. ... ... A.C T.T T.A T.A T.. T.A A.C ... A.A T.G C.G AG. ... ... ... ..G ..T .G. ..G ... ..C T.T ..T ..T ..T ..T ..A .TT ..A CCA ..A ..A ... ..G ..A ... ..C ... ... ..C ..C T.. ..T ..T ..C A.. ..C T.C ..A ... ..A ..C ... AG. ..A ..A A.C .CA .C. ... ..A ..G ..G ... ... ACT ..G ..C ..T ..G ..G ..C CCA ..G ..G ..C ..C ... ... GGA ..C .T. ..C ... ... ... CG. ... .T. ..C ... .TG ..T ... ..A ... ..A A.. AA. AA. ATG .AC ... ... A.. ... ..G ... A.G C.C ... CA. .AT ... ..T ..C CAA ... ... G.T .AT A.A GAG ..C ... ..C 
Cgla                            ..G ..G ..G ..G ... ..G ..G ..G G.C ..G ..G ... ..G ... ..T G.G ..T ..T GGT ... CGA ... ... .G. .GA ..C ... G.. ... ..C ..C ... C.. G.. ..C G.C ..C ... T.T ..T T.. TTA ..G ... .G. ..A GA. G.. .TG CTC ... ... C.C C.C GAG ... ..G C.T ... .A. .AA ..A ..A ..A ... ..A .CC G.A .CC ... ..C ... ..T G.T ..T ..A ... C.. ..A C.. ..C ... GAG G.. ... ..A AGG ... ... ... ... ..G ... ..T AG. ..T ..A ... G.T ... .CA ..C ..C ..C ..A ... ... TTC ... ..T ..T ... ... ..A AAG AAA A.G ..C T.T T.T ... ... TAC T.G A.A A.C TA. ... C.G .CC ... ... ..G ... ... ... ... ... ..T ... ..T ..T ..T ... ..A ... ..A .TA ..A ..C ..A ..G C.G ..A ... ... ... ..G .GT ..T ... ..T ..T A.G ..A CAG ... AG. ..G ..A ..A A.A T.. ... A.C CTC .C. ... ... ..C ..G ... ... .C. ..C ..G ... ..T ..A ..A CCA ..C ... ... ..G ..G ... AGC ... C.. ... ..C ... ..C CG. ... C.C G.T ..C ..C A.T ..T ..T ... ... ..A CAC CAG ATG ..C ... ... A.C A.T G.T ... ..G C.G C.. CAG .AT ..T ..A A.A CAA ... ... C.. ... C.A .AC ... ..C ... 
Agos                            ... ..G ..T CGG ..G ..G ..G ..G ..G TTG G.G GGG CGC ... GCT G.. ... ..T ..T ... G.C ... ... .G. ... ..C ..C ..C C.C ..C ..C C.C T.C G.G ..C CC. ... ..C T.C ... T.C GTA ..G ... G.A GAA GGA .G. CAG CTG C.C C.C C.G ... GA. ... C.G .AG C.T CCT CAC C.A C.A ... .AA C.. ..C ..C TCC G.G ... ..C G.. T.G ... G.G ... G.. ..C C.. ..A ... C.C G.C C.. ..C .GG ... ... ..G ..G .CG ... A.C A.. ..T ... GTC ACA G.. .CC ..C ..C ..C ..C ... ..C .TG ..T ... ..C A.G A.G ... AAG ..C ..C A.G T.C T.T .A. ... TAC T.G T.G ... ..C A.G C.. AGC ... ..C ACC ..G ..G ..G ..G ..C ..G ..G ... ... ..T ..G ... CCC ... CCA ..A A.G TT. ..G CTG ... ..C ..C ..C ..T ..C ..G ..T ... ... ..G ..C CAC ..G T.G ..G ..G ..C T.. ... ACC C.C ACG ... ..C ... .CC ..A ..C ... TCC ..G ..G TCG ... ..G ... ..G A.C ..A ..C .CG ..G ..T CGC ... ..C .TC CTG ..C ..C AGA ..C C.C G.C ..C CTC ..C A.G ..T ..T ... CAC AGC G.G AGA ..G ... ... .C. ... C.T ..G ..G ..G ..C GAG CA. ..T ..A G.T CA. C.T ... C.. A.. ..A A.. ... .GG G.G 
Klac                            ... ... ..G ..G ... ..G ..G ..G ..G .TG ..G ..G ... ... C.A G.A ..T ..T GG. ... ..A ..A ... ..A CCT ... ... ... C.G TTA ..C ..C C.C G.. ..C C.C ... ..T T.T ..T ... GT. ... ..A G.T T.C CAA GTG CT. GTG ... ..G ..G ..G GA. ... ..G ... ... .CA GCC C.A ..A ..A ..A ..A TCA TC. TC. G.T ..C ... ..C T.C ... ... ... G.T ... C.. ... ... T.G G.. C.C ..C A.G ..G ..G ... ... ... ..G ..T A.T ... ... GTT TCT GTT GCA ..C ... ... ..G ... ..T .TT ... ... ..A ..A ... ... A.. ..T ... ..A T.G T.C ... A.T TAT ..G ..A T.G GC. T.A A.T .CT ... ..C C.. ... ..T ... ... ..C .GT TCT ..T ... AGT ..A ..A A.T ..A A.A ... ..A ..A ..G ... ... ..C ..C ... ..T .GG ... ..T ..T T.A A.C ..C ... ..A T.G ..C ... ... ..C ... TCC A.C CCG .CA ..C ... .CC ..A ... ... .CT ... A.C A.. ... ..T ..A CCA A.. ..C ... ... ... ..T A.G ..C ..C ... ... ..C ..C AGA ..C ..C ..T ..T CTC G.C A.T ..A ..T ..T CA. ..A A.A A.G ... ... .TC .C. ACC C.T ..G ... ..G ..C GAG GCT ..T C.A .CC CA. C.A ... C.T ..A C.A CAC ..C ... ACA 
Calb                            ... CG. ... ..G ... ..G .G. ... ... G.G ... ... ... G.T TCA G.G ..T ..T ..T ..A GT. ..A CGT TCA CCT ... ... G.. ... TC. ... TCC ..A G.. .C. CCA ... ..T TAT ..C .GT GGG ..A ..G CAA T.T GAC GTA ... CAA ... C.T TCC ..G CA. ... ... ..G ... GAA .AA C.T C.T .AA ..A ..T GAA ..C TC. ..T ..T ... G.G T.G ..T ..T ..T GA. ... .C. ... ..C ..A C.A T.A ..A ... ... ..G ... G.C ... ... ... A.T ..T ..A AG. A.. AGT TTA ..C A.. ... ..G AG. ... AGT ... ..A ..A ... ... ..C AA. ATA A.A AAA A.T T.T A.. ..A T.T T.G T.A .CA AG. A.G ... ... ... A.C CC. ... ... TTT ... ..T A.T ..T ..T ATT ..T ..G CTA CTT ATA TCA ..A ..A TCA C.A A.G ... ... ..C C.A T.T .GT ..T ... ..C ..T AT. ..C ..C C.. ..A ..A T.. ... AG. ... TCT A.A CCA .C. ... ... ..G TCA ... ... T.. A.C A.. ..T ..T A.T T.A T.A .CC A.. ..A ... ..G AT. .C. ... .GG ..C A.. ... C.A A.A ... A.. G.T .AT ..T G.C G.T ..A ..A ..A A.A ATA A.A CAG ... ... ... GAC ..G A.C ..G ..G ... ... A.. GAA ... ..A .GT ..T ... ..A G.A ..A A.T ..G ..C ..A .C. 

    1    2    1    2    2    1    2    1    1    1    1    1    2    1    2
    3    3    1    1    1    2    1    1    2    1    1    1    1    3    2
    2    1    1    2    2    2    2    1    1    2    2    2    1    1    2
    1    1    1    2    1    2    3    1    1    2    1    1    1    2    1
    1    3    3    2    2    2    3    1    4    2    3    1    1    1    1
    1    1    1    1    1    1    1    1    2    2    1    1    2    2    2
    1    1    2    3    2    3    2    2    2    2    1    2    3    3    1
    2    2    2    1    1    1    1    1    3    2    1    1    2    2    1
    1    1    1    3    1    2    1    1    2    4    2    2    2    1    1
    1    2    1    2    1    1    1    3    1    1    1    1    2    2    2
    3    1    2    1    2    1    3    3    1    1    3    1    1    1    2
    1    1    2    1    1    1    1    2    3    1    1    2    3    2    3
    1    1    1    1    1    2    1    3    2    4    1    2    1    1    1
    1    1    2    1    1    2    1    1    2    2    2    1    1    3    1
    1    1    1    1    1    1    1    1    1    1   10    1    3    3    1
    1    1    1    1    1    3    1    1    1    1    1    2    3    2    1
    2    1    1    2

CODONML (in paml version 4.9j, February 2020)  temp.nuc
Model: One dN/dS ratio, 
Codon frequency model: Fequal
ns =   9  ls = 391

Codon usage in sequences
--------------------------------------------------------------------------------------------------------------------------------------
Phe TTT   6   3   4   2   5   7 | Ser TCT   5   7  10   8   1   5 | Tyr TAT  15   7   6  13  12  10 | Cys TGT   3   0   0   0   0   0
    TTC   5   3   2   4   5   3 |     TCC   3   8   4   8   3   7 |     TAC   1   7  11   6   6   7 |     TGC   0   3   3   3   0   0
Leu TTA   9   5  10   8  14   4 |     TCA   7   6   5   6   9   3 | *** TAA   0   0   0   0   0   0 | *** TGA   0   0   0   0   0   0
    TTG  11   0   8  11   9   9 |     TCG   0   1   0   2   2   0 |     TAG   0   0   0   0   0   0 | Trp TGG  11  13  13  13  11  11
--------------------------------------------------------------------------------------------------------------------------------------
Leu CTT   8   3   3   6   3   2 | Pro CCT   5   5   4   4   7   4 | His CAT   9   4   9  15  11   8 | Arg CGT   3   3   3   3   6   3
    CTC   0   1   0   0   1   2 |     CCC   1   2   2   3   1   0 |     CAC   5  14   6   3   3  10 |     CGC   0   1   0   0   1   4
    CTA   3   8   6   2   0   2 |     CCA   7   8   8   3   6  10 | Gln CAA  14  20  11  11  19  13 |     CGA   2   0   2   2   0   2
    CTG   3  16   6   5   0   7 |     CCG   1   0   1   3   4   0 |     CAG   9   5  12   9   8  12 |     CGG   1   0   1   1   0   0
--------------------------------------------------------------------------------------------------------------------------------------
Ile ATT  10   8  10  11   6   8 | Thr ACT   5   4   7   7   7   3 | Asn AAT  18  21  20  12  18  11 | Ser AGT   8   4   7   5   8   2
    ATC   3   4   2   5   5   7 |     ACC   6   3   3   3   2  10 |     AAC  11   6   7  10   5   9 |     AGC   1   2   0   0   1  10
    ATA   8   7   9   9  11   8 |     ACA   8   5   5   4   3   3 | Lys AAA  18  13  10  19  19   5 | Arg AGA  14  25  22  21  24  19
Met ATG   1   2   2   1   3   3 |     ACG   1   4   2   4   2   2 |     AAG   8  12  13   7   6  19 |     AGG  13   6   7   8   6   7
--------------------------------------------------------------------------------------------------------------------------------------
Val GTT   7   8   4   6   8   9 | Ala GCT  13   4   7  15   9   8 | Asp GAT  15  13  11  10  15  19 | Gly GGT  15  13  13  13   5   9
    GTC   6   3   8   6   8   4 |     GCC   0   5   5   2   8   4 |     GAC   6   4   4  10   4   6 |     GGC   0   4   0   1   0   3
    GTA   4   2   3   1   0   8 |     GCA   9   6   7   7   7   8 | Glu GAA  21  24  28  24  21  19 |     GGA   0   0   8   0   9   1
    GTG   4  10   6   7  10   4 |     GCG   1   6   2   1   0   4 |     GAG   7   6   8   5   6  10 |     GGG   3   4   1   3   8   4
--------------------------------------------------------------------------------------------------------------------------------------

--------------------------------------------------------------------------------------
Phe TTT   6   2   4 | Ser TCT   6  19  20 | Tyr TAT   2   5   8 | Cys TGT   0   0   1
    TTC   5   5   2 |     TCC  13   5   2 |     TAC   8   8   2 |     TGC   0   0   0
Leu TTA   5   6  18 |     TCA   0   6  13 | *** TAA   0   0   0 | *** TGA   0   0   0
    TTG  11   9  12 |     TCG   4   2   0 |     TAG   0   0   0 | Trp TGG  12  10  12
--------------------------------------------------------------------------------------
Leu CTT   7   9   1 | Pro CCT   7   7   4 | His CAT   3  10   6 | Arg CGT   2   2  10
    CTC   3   3   0 |     CCC   6   1   3 |     CAC  20  10   2 |     CGC  12   0   0
    CTA   0   4   4 |     CCA   4   6  12 | Gln CAA   8   9  24 |     CGA   6   5   2
    CTG  10   4   0 |     CCG   1   1   0 |     CAG   9  13   4 |     CGG   7   0   0
--------------------------------------------------------------------------------------
Ile ATT   3   6  18 | Thr ACT   0   4   6 | Asn AAT   3  12  21 | Ser AGT   1   3  10
    ATC   7  11   4 |     ACC   7   5   2 |     AAC  18   6   2 |     AGC   9   1   1
    ATA   4   1   9 |     ACA   6   9   5 | Lys AAA   3  14  22 | Arg AGA   5  19  14
Met ATG   3   1   2 |     ACG   5   1   1 |     AAG  18  15   7 |     AGG   6   6   4
--------------------------------------------------------------------------------------
Val GTT   1  14   5 | Ala GCT  10  23   9 | Asp GAT   4  10  13 | Gly GGT   5   6   8
    GTC   8   6   0 |     GCC   8   9   7 |     GAC  16   7   6 |     GGC   4   4   0
    GTA   4   5   5 |     GCA   3   5   6 | Glu GAA   7  19  23 |     GGA   2   1   0
    GTG  17   2   4 |     GCG   8   0   0 |     GAG  18   4   6 |     GGG   1   1   5
--------------------------------------------------------------------------------------

Codon position x base (3x4) table for each sequence.

#1: Scer           
position  1:    T:0.19437    C:0.18159    A:0.34015    G:0.28389
position  2:    T:0.22506    C:0.18414    A:0.40153    G:0.18926
position  3:    T:0.37084    C:0.12276    A:0.31714    G:0.18926
Average         T:0.26343    C:0.16283    A:0.35294    G:0.22080

#2: Sbay           
position  1:    T:0.16113    C:0.23018    A:0.32225    G:0.28645
position  2:    T:0.21228    C:0.18926    A:0.39898    G:0.19949
position  3:    T:0.27366    C:0.17903    A:0.32992    G:0.21739
Average         T:0.21569    C:0.19949    A:0.35038    G:0.23444

#3: Smik           
position  1:    T:0.19437    C:0.18926    A:0.32225    G:0.29412
position  2:    T:0.21228    C:0.18414    A:0.39898    G:0.20460
position  3:    T:0.30179    C:0.14578    A:0.34271    G:0.20972
Average         T:0.23615    C:0.17306    A:0.35465    G:0.23615

#4: Spar           
position  1:    T:0.21483    C:0.17903    A:0.32225    G:0.28389
position  2:    T:0.21483    C:0.20460    A:0.39386    G:0.18670
position  3:    T:0.33248    C:0.16368    A:0.29923    G:0.20460
Average         T:0.25405    C:0.18244    A:0.33845    G:0.22506

#5: Ncas           
position  1:    T:0.19693    C:0.17903    A:0.32225    G:0.30179
position  2:    T:0.22506    C:0.18159    A:0.39130    G:0.20205
position  3:    T:0.30946    C:0.13555    A:0.36317    G:0.19182
Average         T:0.24382    C:0.16539    A:0.35891    G:0.23188

#6: Cgla           
position  1:    T:0.16880    C:0.20205    A:0.32225    G:0.30691
position  2:    T:0.22251    C:0.18159    A:0.40409    G:0.19182
position  3:    T:0.27621    C:0.21995    A:0.26854    G:0.23529
Average         T:0.22251    C:0.20119    A:0.33163    G:0.24467

#7: Agos           
position  1:    T:0.18414    C:0.26854    A:0.25064    G:0.29668
position  2:    T:0.24041    C:0.22506    A:0.35038    G:0.18414
position  3:    T:0.15345    C:0.36829    A:0.14578    G:0.33248
Average         T:0.19267    C:0.28730    A:0.24893    G:0.27110

#8: Klac           
position  1:    T:0.19693    C:0.21483    A:0.29156    G:0.29668
position  2:    T:0.22506    C:0.26343    A:0.36317    G:0.14834
position  3:    T:0.33760    C:0.20716    A:0.27877    G:0.17647
Average         T:0.25320    C:0.22847    A:0.31117    G:0.20716

#9: Calb           
position  1:    T:0.24041    C:0.18414    A:0.32737    G:0.24808
position  2:    T:0.22506    C:0.23018    A:0.37340    G:0.17136
position  3:    T:0.36829    C:0.08440    A:0.40153    G:0.14578
Average         T:0.27792    C:0.16624    A:0.36743    G:0.18841

Sums of codon usage counts
------------------------------------------------------------------------------
Phe F TTT      39 | Ser S TCT      81 | Tyr Y TAT      78 | Cys C TGT       4
      TTC      34 |       TCC      53 |       TAC      56 |       TGC       9
Leu L TTA      79 |       TCA      55 | *** * TAA       0 | *** * TGA       0
      TTG      80 |       TCG      11 |       TAG       0 | Trp W TGG     106
------------------------------------------------------------------------------
Leu L CTT      42 | Pro P CCT      47 | His H CAT      75 | Arg R CGT      35
      CTC      10 |       CCC      19 |       CAC      73 |       CGC      18
      CTA      29 |       CCA      64 | Gln Q CAA     129 |       CGA      21
      CTG      51 |       CCG      11 |       CAG      81 |       CGG      10
------------------------------------------------------------------------------
Ile I ATT      80 | Thr T ACT      43 | Asn N AAT     136 | Ser S AGT      48
      ATC      48 |       ACC      41 |       AAC      74 |       AGC      25
      ATA      66 |       ACA      48 | Lys K AAA     123 | Arg R AGA     163
Met M ATG      18 |       ACG      22 |       AAG     105 |       AGG      63
------------------------------------------------------------------------------
Val V GTT      62 | Ala A GCT      98 | Asp D GAT     110 | Gly G GGT      87
      GTC      49 |       GCC      48 |       GAC      63 |       GGC      16
      GTA      32 |       GCA      58 | Glu E GAA     186 |       GGA      21
      GTG      64 |       GCG      22 |       GAG      70 |       GGG      30
------------------------------------------------------------------------------


Codon position x base (3x4) table, overall

position  1:    T:0.19466    C:0.20318    A:0.31344    G:0.28872
position  2:    T:0.22251    C:0.20489    A:0.38619    G:0.18642
position  3:    T:0.30264    C:0.18073    A:0.30520    G:0.21142
Average         T:0.23994    C:0.19627    A:0.33494    G:0.22885

Codon frequencies under model, for use in evolver (TTT TTC TTA TTG ... GGG):
  0.01639344  0.01639344  0.01639344  0.01639344
  0.01639344  0.01639344  0.01639344  0.01639344
  0.01639344  0.01639344  0.00000000  0.00000000
  0.01639344  0.01639344  0.00000000  0.01639344
  0.01639344  0.01639344  0.01639344  0.01639344
  0.01639344  0.01639344  0.01639344  0.01639344
  0.01639344  0.01639344  0.01639344  0.01639344
  0.01639344  0.01639344  0.01639344  0.01639344
  0.01639344  0.01639344  0.01639344  0.01639344
  0.01639344  0.01639344  0.01639344  0.01639344
  0.01639344  0.01639344  0.01639344  0.01639344
  0.01639344  0.01639344  0.01639344  0.01639344
  0.01639344  0.01639344  0.01639344  0.01639344
  0.01639344  0.01639344  0.01639344  0.01639344
  0.01639344  0.01639344  0.01639344  0.01639344
  0.01639344  0.01639344  0.01639344  0.01639344


TREE #  1:  (((((1, 4), (3, 2)), 5), 6), ((7, 8), 9));   MP score: 1458
This is a rooted tree.  Please check!
lnL(ntime: 16  np: 18):  -8131.563300      +0.000000
  10..11   11..12   12..13   13..14   14..1    14..4    13..15   15..3    15..2    12..5    11..6    10..16   16..17   17..7    17..8    16..9  
 0.311748 0.356215 0.955924 0.106086 0.347986 0.228664 0.000004 0.143169 0.385866 1.049789 1.066052 0.274493 0.501843 1.931911 1.393740 3.495103 1.435803 0.090286

Note: Branch length is defined as number of nucleotide substitutions per codon (not per neucleotide site).

tree length = 12.548594

(((((1: 0.347986, 4: 0.228664): 0.106086, (3: 0.143169, 2: 0.385866): 0.000004): 0.955924, 5: 1.049789): 0.356215, 6: 1.066052): 0.311748, ((7: 1.931911, 8: 1.393740): 0.501843, 9: 3.495103): 0.274493);

(((((Scer: 0.347986, Spar: 0.228664): 0.106086, (Smik: 0.143169, Sbay: 0.385866): 0.000004): 0.955924, Ncas: 1.049789): 0.356215, Cgla: 1.066052): 0.311748, ((Agos: 1.931911, Klac: 1.393740): 0.501843, Calb: 3.495103): 0.274493);

Detailed output identifying parameters

kappa (ts/tv) =  1.43580

omega (dN/dS) =  0.09029

dN & dS for each branch

 branch          t       N       S   dN/dS      dN      dS  N*dN  S*dS

  10..11     0.312   860.1   312.9  0.0903  0.0282  0.3121  24.2  97.7
  11..12     0.356   860.1   312.9  0.0903  0.0322  0.3566  27.7 111.6
  12..13     0.956   860.1   312.9  0.0903  0.0864  0.9569  74.3 299.5
  13..14     0.106   860.1   312.9  0.0903  0.0096  0.1062   8.2  33.2
  14..1      0.348   860.1   312.9  0.0903  0.0315  0.3484  27.1 109.0
  14..4      0.229   860.1   312.9  0.0903  0.0207  0.2289  17.8  71.6
  13..15     0.000   860.1   312.9  0.0903  0.0000  0.0000   0.0   0.0
  15..3      0.143   860.1   312.9  0.0903  0.0129  0.1433  11.1  44.8
  15..2      0.386   860.1   312.9  0.0903  0.0349  0.3863  30.0 120.9
  12..5      1.050   860.1   312.9  0.0903  0.0949  1.0509  81.6 328.9
  11..6      1.066   860.1   312.9  0.0903  0.0964  1.0672  82.9 334.0
  10..16     0.274   860.1   312.9  0.0903  0.0248  0.2748  21.3  86.0
  16..17     0.502   860.1   312.9  0.0903  0.0454  0.5024  39.0 157.2
  17..7      1.932   860.1   312.9  0.0903  0.1746  1.9340 150.2 605.2
  17..8      1.394   860.1   312.9  0.0903  0.1260  1.3952 108.3 436.6
  16..9      3.495   860.1   312.9  0.0903  0.3159  3.4988 271.7 1094.9

tree length for dN:       1.1342
tree length for dS:      12.5620


Time used:  0:16
